#
# A fatal error has been detected by the Java Runtime Environment:
#
#  EXCEPTION_ACCESS_VIOLATION (0xc0000005) at pc=0x0000022f50fc0000, pid=25276, tid=20476
#
# JRE version: OpenJDK Runtime Environment Temurin-17.0.1+12 (17.0.1+12) (build 17.0.1+12)
# Java VM: OpenJDK 64-Bit Server VM Temurin-17.0.1+12 (17.0.1+12, mixed mode, sharing, tiered, compressed oops, compressed class ptrs, g1 gc, windows-amd64)
# Problematic frame:
# C  0x0000022f50fc0000
#
# No core dump will be written. Minidumps are not enabled by default on client versions of Windows
#
# If you would like to submit a bug report, please visit:
#   https://github.com/adoptium/adoptium-support/issues
# The crash happened outside the Java Virtual Machine in native code.
# See problematic frame for where to report the bug.
#

---------------  S U M M A R Y ------------

Command Line: -XX:+ShowCodeDetailsInExceptionMessages com.crazyputting3d.Main

Host: AMD Ryzen 7 4800H with Radeon Graphics         , 16 cores, 15G,  Windows 10 , 64 bit Build 19041 (10.0.19041.1706)
Time: Fri Jun 17 19:31:30 2022 Central European Daylight Time elapsed time: 44.334169 seconds (0d 0h 0m 44s)

---------------  T H R E A D  ---------------

Current thread (0x0000022f2da51ba0):  JavaThread "main" [_thread_in_native, id=20476, stack(0x00000084e8b00000,0x00000084e8c00000)]

Stack: [0x00000084e8b00000,0x00000084e8c00000],  sp=0x00000084e8bfeb18,  free space=1018k
Native frames: (J=compiled Java code, j=interpreted, Vv=VM code, C=native code)
C  0x0000022f50fc0000

Java frames: (J=compiled Java code, j=interpreted, Vv=VM code)
J 1205  org.lwjgl.system.JNI.invokePV(JJ)V (0 bytes) @ 0x0000022f3d1249ec [0x0000022f3d1249a0+0x000000000000004c]
J 2008 c1 org.lwjgl.glfw.GLFW.glfwSwapBuffers(J)V (21 bytes) @ 0x0000022f35fefdac [0x0000022f35fefcc0+0x00000000000000ec]
j  com.badlogic.gdx.backends.lwjgl3.Lwjgl3Window.update()Z+196
j  com.badlogic.gdx.backends.lwjgl3.Lwjgl3Application.loop()V+111
j  com.badlogic.gdx.backends.lwjgl3.Lwjgl3Application.<init>(Lcom/badlogic/gdx/ApplicationListener;Lcom/badlogic/gdx/backends/lwjgl3/Lwjgl3ApplicationConfiguration;)V+243
j  com.crazyputting3d.Main.main([Ljava/lang/String;)V+41
v  ~StubRoutines::call_stub

siginfo: EXCEPTION_ACCESS_VIOLATION (0xc0000005), data execution prevention violation at address 0x0000022f50fc0000


Register to memory mapping:

RIP=0x0000022f50fc0000 is an unknown value
RAX=0x0000022f50fc0000 is an unknown value
RBX=0x0000000000010001 is an unknown value
RCX=0x0000000000010001 is an unknown value
RDX=0x00000084e8bfeb50 is pointing into the stack for thread: 0x0000022f2da51ba0
RSP=0x00000084e8bfeb18 is pointing into the stack for thread: 0x0000022f2da51ba0
RBP=0x00000084e8bfec20 is pointing into the stack for thread: 0x0000022f2da51ba0
RSI=0x0000000000000110 is an unknown value
RDI=0x00000000000026f8 is an unknown value
R8 =0x0000022f51f81a50 points into unknown readable memory: 0x0000022f5c9763e0 | e0 63 97 5c 2f 02 00 00
R9 =0x00007ffdb19f1b50 glfw.dll
R10=0x00007ffdb1a61b10 lwjgl.dll
R11=0x00000084e8bfef88 is pointing into the stack for thread: 0x0000022f2da51ba0
R12=0x0 is NULL
R13=0x00000084e8bff088 is pointing into the stack for thread: 0x0000022f2da51ba0
R14=0x00000084e8bfefe0 is pointing into the stack for thread: 0x0000022f2da51ba0
R15=0x0000022f2da51ba0 is a thread


Registers:
RAX=0x0000022f50fc0000, RBX=0x0000000000010001, RCX=0x0000000000010001, RDX=0x00000084e8bfeb50
RSP=0x00000084e8bfeb18, RBP=0x00000084e8bfec20, RSI=0x0000000000000110, RDI=0x00000000000026f8
R8 =0x0000022f51f81a50, R9 =0x00007ffdb19f1b50, R10=0x00007ffdb1a61b10, R11=0x00000084e8bfef88
R12=0x0000000000000000, R13=0x00000084e8bff088, R14=0x00000084e8bfefe0, R15=0x0000022f2da51ba0
RIP=0x0000022f50fc0000, EFLAGS=0x0000000000010206

Top of Stack: (sp=0x00000084e8bfeb18)
0x00000084e8bfeb18:   00007ffdb19f1f7c 00000084e8bfec08
0x00000084e8bfeb28:   0000022f35ebfe04 4120000000000000
0x00000084e8bfeb38:   438c000041700000 0000000000000014
0x00000084e8bfeb48:   0000022f5343d7fc 57464c4720656854
0x00000084e8bfeb58:   7972617262696c20 20746f6e20736920
0x00000084e8bfeb68:   696c616974696e69 000000070064657a
0x00000084e8bfeb78:   0000022f3d11cb85 00000084e8bfec08
0x00000084e8bfeb88:   00007ffdc55bafc9 000000070a0c59d8
0x00000084e8bfeb98:   0000022f355294fe 000000070b38e4e0
0x00000084e8bfeba8:   0000022f3d2a79e8 000000070b38fc70
0x00000084e8bfebb8:   000000070b38e340 000000070b38fc70
0x00000084e8bfebc8:   000000070b38fa48 000000070a0c59d8
0x00000084e8bfebd8:   0000022f5b89aac8 000000070b38e3a0
0x00000084e8bfebe8:   0000022f35e87dfc 000000070b38e4e0
0x00000084e8bfebf8:   0000000000000000 00000084e8bfec68
0x00000084e8bfec08:   00000084e8bfece0 0000022f35529962 

Instructions: (pc=0x0000022f50fc0000)
0x0000022f50fbff00:   ?? ?? ?? ?? ?? ?? ?? ?? ?? ?? ?? ?? ?? ?? ?? ??
0x0000022f50fbff10:   ?? ?? ?? ?? ?? ?? ?? ?? ?? ?? ?? ?? ?? ?? ?? ??
0x0000022f50fbff20:   ?? ?? ?? ?? ?? ?? ?? ?? ?? ?? ?? ?? ?? ?? ?? ??
0x0000022f50fbff30:   ?? ?? ?? ?? ?? ?? ?? ?? ?? ?? ?? ?? ?? ?? ?? ??
0x0000022f50fbff40:   ?? ?? ?? ?? ?? ?? ?? ?? ?? ?? ?? ?? ?? ?? ?? ??
0x0000022f50fbff50:   ?? ?? ?? ?? ?? ?? ?? ?? ?? ?? ?? ?? ?? ?? ?? ??
0x0000022f50fbff60:   ?? ?? ?? ?? ?? ?? ?? ?? ?? ?? ?? ?? ?? ?? ?? ??
0x0000022f50fbff70:   ?? ?? ?? ?? ?? ?? ?? ?? ?? ?? ?? ?? ?? ?? ?? ??
0x0000022f50fbff80:   ?? ?? ?? ?? ?? ?? ?? ?? ?? ?? ?? ?? ?? ?? ?? ??
0x0000022f50fbff90:   ?? ?? ?? ?? ?? ?? ?? ?? ?? ?? ?? ?? ?? ?? ?? ??
0x0000022f50fbffa0:   ?? ?? ?? ?? ?? ?? ?? ?? ?? ?? ?? ?? ?? ?? ?? ??
0x0000022f50fbffb0:   ?? ?? ?? ?? ?? ?? ?? ?? ?? ?? ?? ?? ?? ?? ?? ??
0x0000022f50fbffc0:   ?? ?? ?? ?? ?? ?? ?? ?? ?? ?? ?? ?? ?? ?? ?? ??
0x0000022f50fbffd0:   ?? ?? ?? ?? ?? ?? ?? ?? ?? ?? ?? ?? ?? ?? ?? ??
0x0000022f50fbffe0:   ?? ?? ?? ?? ?? ?? ?? ?? ?? ?? ?? ?? ?? ?? ?? ??
0x0000022f50fbfff0:   ?? ?? ?? ?? ?? ?? ?? ?? ?? ?? ?? ?? ?? ?? ?? ??
0x0000022f50fc0000:   ?? ?? ?? ?? ?? ?? ?? ?? ?? ?? ?? ?? ?? ?? ?? ??
0x0000022f50fc0010:   ?? ?? ?? ?? ?? ?? ?? ?? ?? ?? ?? ?? ?? ?? ?? ??
0x0000022f50fc0020:   ?? ?? ?? ?? ?? ?? ?? ?? ?? ?? ?? ?? ?? ?? ?? ??
0x0000022f50fc0030:   ?? ?? ?? ?? ?? ?? ?? ?? ?? ?? ?? ?? ?? ?? ?? ??
0x0000022f50fc0040:   ?? ?? ?? ?? ?? ?? ?? ?? ?? ?? ?? ?? ?? ?? ?? ??
0x0000022f50fc0050:   ?? ?? ?? ?? ?? ?? ?? ?? ?? ?? ?? ?? ?? ?? ?? ??
0x0000022f50fc0060:   ?? ?? ?? ?? ?? ?? ?? ?? ?? ?? ?? ?? ?? ?? ?? ??
0x0000022f50fc0070:   ?? ?? ?? ?? ?? ?? ?? ?? ?? ?? ?? ?? ?? ?? ?? ??
0x0000022f50fc0080:   ?? ?? ?? ?? ?? ?? ?? ?? ?? ?? ?? ?? ?? ?? ?? ??
0x0000022f50fc0090:   ?? ?? ?? ?? ?? ?? ?? ?? ?? ?? ?? ?? ?? ?? ?? ??
0x0000022f50fc00a0:   ?? ?? ?? ?? ?? ?? ?? ?? ?? ?? ?? ?? ?? ?? ?? ??
0x0000022f50fc00b0:   ?? ?? ?? ?? ?? ?? ?? ?? ?? ?? ?? ?? ?? ?? ?? ??
0x0000022f50fc00c0:   ?? ?? ?? ?? ?? ?? ?? ?? ?? ?? ?? ?? ?? ?? ?? ??
0x0000022f50fc00d0:   ?? ?? ?? ?? ?? ?? ?? ?? ?? ?? ?? ?? ?? ?? ?? ??
0x0000022f50fc00e0:   ?? ?? ?? ?? ?? ?? ?? ?? ?? ?? ?? ?? ?? ?? ?? ??
0x0000022f50fc00f0:   ?? ?? ?? ?? ?? ?? ?? ?? ?? ?? ?? ?? ?? ?? ?? ?? 


Stack slot to memory mapping:
stack at sp + 0 slots: 0x00007ffdb19f1f7c glfw.dll
stack at sp + 1 slots: 0x00000084e8bfec08 is pointing into the stack for thread: 0x0000022f2da51ba0
stack at sp + 2 slots: 0x0000022f35ebfe04 is at entry_point+132 in (nmethod*)0x0000022f35ebfb90
stack at sp + 3 slots: 0x4120000000000000 is an unknown value
stack at sp + 4 slots: 0x438c000041700000 is an unknown value
stack at sp + 5 slots: 0x0000000000000014 is an unknown value
stack at sp + 6 slots: 0x0000022f5343d7fc points into unknown readable memory: 00 80 0d 3f
stack at sp + 7 slots: 0x57464c4720656854 is an unknown value


---------------  P R O C E S S  ---------------

Threads class SMR info:
_java_thread_list=0x0000022f634f0800, length=36, elements={
0x0000022f2da51ba0, 0x0000022f50f46e40, 0x0000022f50f4a110, 0x0000022f50f63040,
0x0000022f50f639f0, 0x0000022f50f643a0, 0x0000022f50f654f0, 0x0000022f50f66de0,
0x0000022f50f67790, 0x0000022f50f78730, 0x0000022f51a4bd00, 0x0000022f51a603a0,
0x0000022f550b9230, 0x0000022f5cc82c00, 0x0000022f63071a90, 0x0000022f62606000,
0x0000022f61189270, 0x0000022f629d5080, 0x0000022f629d5550, 0x0000022f629d5a20,
0x0000022f629d2060, 0x0000022f629d2a00, 0x0000022f629d4210, 0x0000022f629d2ed0,
0x0000022f629d3870, 0x0000022f5cf324f0, 0x0000022f5cf30810, 0x0000022f5cf35040,
0x0000022f5cf34b70, 0x0000022f5cf36d20, 0x0000022f5cf31b50, 0x0000022f5cf311b0,
0x0000022f5cf346a0, 0x0000022f5cf329c0, 0x0000022f5cf33360, 0x0000022f5cf371f0
}

Java Threads: ( => current thread )
=>0x0000022f2da51ba0 JavaThread "main" [_thread_in_native, id=20476, stack(0x00000084e8b00000,0x00000084e8c00000)]
  0x0000022f50f46e40 JavaThread "Reference Handler" daemon [_thread_blocked, id=7552, stack(0x00000084e9200000,0x00000084e9300000)]
  0x0000022f50f4a110 JavaThread "Finalizer" daemon [_thread_blocked, id=4376, stack(0x00000084e9300000,0x00000084e9400000)]
  0x0000022f50f63040 JavaThread "Signal Dispatcher" daemon [_thread_blocked, id=21124, stack(0x00000084e9400000,0x00000084e9500000)]
  0x0000022f50f639f0 JavaThread "Attach Listener" daemon [_thread_blocked, id=18160, stack(0x00000084e9500000,0x00000084e9600000)]
  0x0000022f50f643a0 JavaThread "Service Thread" daemon [_thread_blocked, id=5908, stack(0x00000084e9600000,0x00000084e9700000)]
  0x0000022f50f654f0 JavaThread "Monitor Deflation Thread" daemon [_thread_blocked, id=17292, stack(0x00000084e9700000,0x00000084e9800000)]
  0x0000022f50f66de0 JavaThread "C2 CompilerThread0" daemon [_thread_blocked, id=6048, stack(0x00000084e9800000,0x00000084e9900000)]
  0x0000022f50f67790 JavaThread "C1 CompilerThread0" daemon [_thread_blocked, id=21560, stack(0x00000084e9900000,0x00000084e9a00000)]
  0x0000022f50f78730 JavaThread "Sweeper thread" daemon [_thread_blocked, id=2012, stack(0x00000084e9a00000,0x00000084e9b00000)]
  0x0000022f51a4bd00 JavaThread "Notification Thread" daemon [_thread_blocked, id=14324, stack(0x00000084e9d00000,0x00000084e9e00000)]
  0x0000022f51a603a0 JavaThread "Common-Cleaner" daemon [_thread_blocked, id=2088, stack(0x00000084e9f00000,0x00000084ea000000)]
  0x0000022f550b9230 JavaThread "LWJGL3 Timer" daemon [_thread_blocked, id=24204, stack(0x00000084ea900000,0x00000084eaa00000)]
  0x0000022f5cc82c00 JavaThread "LWJGL3 Timer" daemon [_thread_blocked, id=25744, stack(0x00000084eb800000,0x00000084eb900000)]
  0x0000022f63071a90 JavaThread "Java Sound Event Dispatcher" daemon [_thread_blocked, id=21280, stack(0x00000084eb900000,0x00000084eba00000)]
  0x0000022f62606000 JavaThread "Direct Clip" daemon [_thread_blocked, id=17048, stack(0x00000084ec400000,0x00000084ec500000)]
  0x0000022f61189270 JavaThread "Direct Clip" daemon [_thread_blocked, id=23300, stack(0x00000084eb700000,0x00000084eb800000)]
  0x0000022f629d5080 JavaThread "Direct Clip" daemon [_thread_blocked, id=15560, stack(0x00000084e9c00000,0x00000084e9d00000)]
  0x0000022f629d5550 JavaThread "Direct Clip" daemon [_thread_blocked, id=17796, stack(0x00000084eb300000,0x00000084eb400000)]
  0x0000022f629d5a20 JavaThread "Direct Clip" daemon [_thread_blocked, id=13340, stack(0x00000084ec600000,0x00000084ec700000)]
  0x0000022f629d2060 JavaThread "Direct Clip" daemon [_thread_blocked, id=25472, stack(0x00000084eb500000,0x00000084eb600000)]
  0x0000022f629d2a00 JavaThread "Direct Clip" daemon [_thread_blocked, id=11212, stack(0x00000084ec700000,0x00000084ec800000)]
  0x0000022f629d4210 JavaThread "Direct Clip" daemon [_thread_blocked, id=14620, stack(0x00000084ec800000,0x00000084ec900000)]
  0x0000022f629d2ed0 JavaThread "Direct Clip" daemon [_thread_blocked, id=2280, stack(0x00000084eca00000,0x00000084ecb00000)]
  0x0000022f629d3870 JavaThread "Direct Clip" daemon [_thread_blocked, id=21300, stack(0x00000084ec900000,0x00000084eca00000)]
  0x0000022f5cf324f0 JavaThread "Direct Clip" daemon [_thread_blocked, id=4560, stack(0x00000084ecb00000,0x00000084ecc00000)]
  0x0000022f5cf30810 JavaThread "Direct Clip" daemon [_thread_blocked, id=17312, stack(0x00000084ecd00000,0x00000084ece00000)]
  0x0000022f5cf35040 JavaThread "Direct Clip" daemon [_thread_blocked, id=22196, stack(0x00000084ecc00000,0x00000084ecd00000)]
  0x0000022f5cf34b70 JavaThread "Direct Clip" daemon [_thread_blocked, id=8572, stack(0x00000084ece00000,0x00000084ecf00000)]
  0x0000022f5cf36d20 JavaThread "Direct Clip" daemon [_thread_blocked, id=8168, stack(0x00000084ed000000,0x00000084ed100000)]
  0x0000022f5cf31b50 JavaThread "Direct Clip" daemon [_thread_blocked, id=17692, stack(0x00000084ecf00000,0x00000084ed000000)]
  0x0000022f5cf311b0 JavaThread "Direct Clip" daemon [_thread_blocked, id=25592, stack(0x00000084ed100000,0x00000084ed200000)]
  0x0000022f5cf346a0 JavaThread "Direct Clip" daemon [_thread_blocked, id=8144, stack(0x00000084ed200000,0x00000084ed300000)]
  0x0000022f5cf329c0 JavaThread "Direct Clip" daemon [_thread_blocked, id=6884, stack(0x00000084ed300000,0x00000084ed400000)]
  0x0000022f5cf33360 JavaThread "Direct Clip" daemon [_thread_blocked, id=27180, stack(0x00000084ed500000,0x00000084ed600000)]
  0x0000022f5cf371f0 JavaThread "Direct Clip" daemon [_thread_blocked, id=10652, stack(0x00000084ed400000,0x00000084ed500000)]

Other Threads:
  0x0000022f50f412e0 VMThread "VM Thread" [stack: 0x00000084e9100000,0x00000084e9200000] [id=24388]
  0x0000022f51a5a490 WatcherThread [stack: 0x00000084e9e00000,0x00000084e9f00000] [id=1332]
  0x0000022f2daa8060 GCTaskThread "GC Thread#0" [stack: 0x00000084e8c00000,0x00000084e8d00000] [id=3836]
  0x0000022f54c28ac0 GCTaskThread "GC Thread#1" [stack: 0x00000084ea800000,0x00000084ea900000] [id=24900]
  0x0000022f54c25a60 GCTaskThread "GC Thread#2" [stack: 0x00000084eaa00000,0x00000084eab00000] [id=16036]
  0x0000022f54c26d30 GCTaskThread "GC Thread#3" [stack: 0x00000084eab00000,0x00000084eac00000] [id=20840]
  0x0000022f54c28560 GCTaskThread "GC Thread#4" [stack: 0x00000084eac00000,0x00000084ead00000] [id=15336]
  0x0000022f54c26fe0 GCTaskThread "GC Thread#5" [stack: 0x00000084ead00000,0x00000084eae00000] [id=24472]
  0x0000022f54c25d10 GCTaskThread "GC Thread#6" [stack: 0x00000084eae00000,0x00000084eaf00000] [id=19664]
  0x0000022f5d2aab90 GCTaskThread "GC Thread#7" [stack: 0x00000084eba00000,0x00000084ebb00000] [id=1352]
  0x0000022f5d2a9610 GCTaskThread "GC Thread#8" [stack: 0x00000084e9b00000,0x00000084e9c00000] [id=16916]
  0x0000022f2dab95b0 ConcurrentGCThread "G1 Main Marker" [stack: 0x00000084e8d00000,0x00000084e8e00000] [id=2684]
  0x0000022f2daba760 ConcurrentGCThread "G1 Conc#0" [stack: 0x00000084e8e00000,0x00000084e8f00000] [id=8472]
  0x0000022f50de30d0 ConcurrentGCThread "G1 Refine#0" [stack: 0x00000084e8f00000,0x00000084e9000000] [id=5720]
  0x0000022f5cb13430 ConcurrentGCThread "G1 Refine#1" [stack: 0x00000084ebb00000,0x00000084ebc00000] [id=24020]
  0x0000022f5cabb680 ConcurrentGCThread "G1 Refine#2" [stack: 0x00000084ebc00000,0x00000084ebd00000] [id=9660]
  0x0000022f5d3decc0 ConcurrentGCThread "G1 Refine#3" [stack: 0x00000084ebd00000,0x00000084ebe00000] [id=1164]
  0x0000022f5d196250 ConcurrentGCThread "G1 Refine#4" [stack: 0x00000084ebe00000,0x00000084ebf00000] [id=23824]
  0x0000022f5cb4e440 ConcurrentGCThread "G1 Refine#5" [stack: 0x00000084ebf00000,0x00000084ec000000] [id=17176]
  0x0000022f5cbebae0 ConcurrentGCThread "G1 Refine#6" [stack: 0x00000084ec000000,0x00000084ec100000] [id=1116]
  0x0000022f611975d0 ConcurrentGCThread "G1 Refine#7" [stack: 0x00000084ec100000,0x00000084ec200000] [id=20400]
  0x0000022f50de39f0 ConcurrentGCThread "G1 Service" [stack: 0x00000084e9000000,0x00000084e9100000] [id=25648]

Threads with active compile tasks:

VM state: not at safepoint (normal execution)

VM Mutex/Monitor currently owned by a thread: None

Heap address: 0x000000070a000000, size: 3936 MB, Compressed Oops mode: Zero based, Oop shift amount: 3

CDS archive(s) mapped at: [0x0000000800000000-0x0000000800bc0000-0x0000000800bc0000), size 12320768, SharedBaseAddress: 0x0000000800000000, ArchiveRelocationMode: 0.
Compressed class space mapped at: 0x0000000800c00000-0x0000000840c00000, reserved size: 1073741824
Narrow klass base: 0x0000000800000000, Narrow klass shift: 0, Narrow klass range: 0x100000000

GC Precious Log:
 CPUs: 16 total, 16 available
 Memory: 15741M
 Large Page Support: Disabled
 NUMA Support: Disabled
 Compressed Oops: Enabled (Zero based)
 Heap Region Size: 2M
 Heap Min Capacity: 8M
 Heap Initial Capacity: 246M
 Heap Max Capacity: 3936M
 Pre-touch: Disabled
 Parallel Workers: 13
 Concurrent Workers: 3
 Concurrent Refinement Workers: 13
 Periodic GC: Disabled

Heap:
 garbage-first heap   total 251904K, used 124562K [0x000000070a000000, 0x0000000800000000)
  region size 2048K, 21 young (43008K), 6 survivors (12288K)
 Metaspace       used 10508K, committed 10688K, reserved 1064960K
  class space    used 743K, committed 832K, reserved 1048576K

Heap Regions: E=young(eden), S=young(survivor), O=old, HS=humongous(starts), HC=humongous(continues), CS=collection set, F=free, OA=open archive, CA=closed archive, TAMS=top-at-mark-start (previous, next)
|   0|0x000000070a000000, 0x000000070a200000, 0x000000070a200000|100%| O|  |TAMS 0x000000070a000000, 0x000000070a000000| Untracked 
|   1|0x000000070a200000, 0x000000070a400000, 0x000000070a400000|100%|HS|  |TAMS 0x000000070a200000, 0x000000070a200000| Complete 
|   2|0x000000070a400000, 0x000000070a600000, 0x000000070a600000|100%|HS|  |TAMS 0x000000070a400000, 0x000000070a400000| Complete 
|   3|0x000000070a600000, 0x000000070a800000, 0x000000070a800000|100%|HS|  |TAMS 0x000000070a600000, 0x000000070a600000| Complete 
|   4|0x000000070a800000, 0x000000070aa00000, 0x000000070aa00000|100%| O|  |TAMS 0x000000070a800000, 0x000000070a800000| Untracked 
|   5|0x000000070aa00000, 0x000000070ac00000, 0x000000070ac00000|100%| O|  |TAMS 0x000000070aa00000, 0x000000070aa00000| Untracked 
|   6|0x000000070ac00000, 0x000000070ae00000, 0x000000070ae00000|100%| O|  |TAMS 0x000000070ac00000, 0x000000070ac00000| Untracked 
|   7|0x000000070ae00000, 0x000000070b000000, 0x000000070b000000|100%| O|  |TAMS 0x000000070ae00000, 0x000000070ae00000| Untracked 
|   8|0x000000070b000000, 0x000000070b200000, 0x000000070b200000|100%| O|  |TAMS 0x000000070b000000, 0x000000070b000000| Untracked 
|   9|0x000000070b200000, 0x000000070b400000, 0x000000070b400000|100%| O|  |TAMS 0x000000070b200000, 0x000000070b200000| Untracked 
|  10|0x000000070b400000, 0x000000070b600000, 0x000000070b600000|100%| O|  |TAMS 0x000000070b400000, 0x000000070b400000| Untracked 
|  11|0x000000070b600000, 0x000000070b800000, 0x000000070b800000|100%| O|  |TAMS 0x000000070b600000, 0x000000070b600000| Untracked 
|  12|0x000000070b800000, 0x000000070ba00000, 0x000000070ba00000|100%|HS|  |TAMS 0x000000070b800000, 0x000000070b800000| Complete 
|  13|0x000000070ba00000, 0x000000070bc00000, 0x000000070bc00000|100%|HS|  |TAMS 0x000000070ba00000, 0x000000070ba00000| Complete 
|  14|0x000000070bc00000, 0x000000070be00000, 0x000000070be00000|100%|HS|  |TAMS 0x000000070bc00000, 0x000000070bc00000| Complete 
|  15|0x000000070be00000, 0x000000070c000000, 0x000000070c000000|100%|HS|  |TAMS 0x000000070be00000, 0x000000070be00000| Complete 
|  16|0x000000070c000000, 0x000000070c200000, 0x000000070c200000|100%|HS|  |TAMS 0x000000070c000000, 0x000000070c000000| Complete 
|  17|0x000000070c200000, 0x000000070c400000, 0x000000070c400000|100%|HS|  |TAMS 0x000000070c200000, 0x000000070c200000| Complete 
|  18|0x000000070c400000, 0x000000070c600000, 0x000000070c600000|100%|HS|  |TAMS 0x000000070c400000, 0x000000070c400000| Complete 
|  19|0x000000070c600000, 0x000000070c800000, 0x000000070c800000|100%|HS|  |TAMS 0x000000070c600000, 0x000000070c600000| Complete 
|  20|0x000000070c800000, 0x000000070ca00000, 0x000000070ca00000|100%|HS|  |TAMS 0x000000070c800000, 0x000000070c800000| Complete 
|  21|0x000000070ca00000, 0x000000070cc00000, 0x000000070cc00000|100%|HS|  |TAMS 0x000000070ca00000, 0x000000070ca00000| Complete 
|  22|0x000000070cc00000, 0x000000070ce00000, 0x000000070ce00000|100%|HS|  |TAMS 0x000000070cc00000, 0x000000070cc00000| Complete 
|  23|0x000000070ce00000, 0x000000070d000000, 0x000000070d000000|100%|HS|  |TAMS 0x000000070ce00000, 0x000000070ce00000| Complete 
|  24|0x000000070d000000, 0x000000070d200000, 0x000000070d200000|100%|HS|  |TAMS 0x000000070d000000, 0x000000070d000000| Complete 
|  25|0x000000070d200000, 0x000000070d400000, 0x000000070d400000|100%|HS|  |TAMS 0x000000070d200000, 0x000000070d200000| Complete 
|  26|0x000000070d400000, 0x000000070d600000, 0x000000070d600000|100%|HS|  |TAMS 0x000000070d400000, 0x000000070d400000| Complete 
|  27|0x000000070d600000, 0x000000070d800000, 0x000000070d800000|100%|HS|  |TAMS 0x000000070d600000, 0x000000070d600000| Complete 
|  28|0x000000070d800000, 0x000000070da00000, 0x000000070da00000|100%|HS|  |TAMS 0x000000070d800000, 0x000000070d800000| Complete 
|  29|0x000000070da00000, 0x000000070dc00000, 0x000000070dc00000|100%|HS|  |TAMS 0x000000070da00000, 0x000000070da00000| Complete 
|  30|0x000000070dc00000, 0x000000070de00000, 0x000000070de00000|100%|HS|  |TAMS 0x000000070dc00000, 0x000000070dc00000| Complete 
|  31|0x000000070de00000, 0x000000070e000000, 0x000000070e000000|100%|HS|  |TAMS 0x000000070de00000, 0x000000070de00000| Complete 
|  32|0x000000070e000000, 0x000000070e200000, 0x000000070e200000|100%|HS|  |TAMS 0x000000070e000000, 0x000000070e000000| Complete 
|  33|0x000000070e200000, 0x000000070e400000, 0x000000070e400000|100%|HS|  |TAMS 0x000000070e200000, 0x000000070e200000| Complete 
|  34|0x000000070e400000, 0x000000070e600000, 0x000000070e600000|100%|HS|  |TAMS 0x000000070e400000, 0x000000070e400000| Complete 
|  35|0x000000070e600000, 0x000000070e800000, 0x000000070e800000|100%|HS|  |TAMS 0x000000070e600000, 0x000000070e600000| Complete 
|  36|0x000000070e800000, 0x000000070ea00000, 0x000000070ea00000|100%|HS|  |TAMS 0x000000070e800000, 0x000000070e800000| Complete 
|  37|0x000000070ea00000, 0x000000070ec00000, 0x000000070ec00000|100%|HS|  |TAMS 0x000000070ea00000, 0x000000070ea00000| Complete 
|  38|0x000000070ec00000, 0x000000070ee00000, 0x000000070ee00000|100%|HS|  |TAMS 0x000000070ec00000, 0x000000070ec00000| Complete 
|  39|0x000000070ee00000, 0x000000070f000000, 0x000000070f000000|100%| O|  |TAMS 0x000000070ee00000, 0x000000070ee00000| Untracked 
|  40|0x000000070f000000, 0x000000070f200000, 0x000000070f200000|100%| O|  |TAMS 0x000000070f000000, 0x000000070f000000| Untracked 
|  41|0x000000070f200000, 0x000000070f262600, 0x000000070f400000| 19%| O|  |TAMS 0x000000070f200000, 0x000000070f200000| Untracked 
|  42|0x000000070f400000, 0x000000070f400000, 0x000000070f600000|  0%| F|  |TAMS 0x000000070f400000, 0x000000070f400000| Untracked 
|  43|0x000000070f600000, 0x000000070f600000, 0x000000070f800000|  0%| F|  |TAMS 0x000000070f600000, 0x000000070f600000| Untracked 
|  44|0x000000070f800000, 0x000000070f800000, 0x000000070fa00000|  0%| F|  |TAMS 0x000000070f800000, 0x000000070f800000| Untracked 
|  45|0x000000070fa00000, 0x000000070fa00000, 0x000000070fc00000|  0%| F|  |TAMS 0x000000070fa00000, 0x000000070fa00000| Untracked 
|  46|0x000000070fc00000, 0x000000070fc00000, 0x000000070fe00000|  0%| F|  |TAMS 0x000000070fc00000, 0x000000070fc00000| Untracked 
|  47|0x000000070fe00000, 0x000000070ff42480, 0x0000000710000000| 62%| S|CS|TAMS 0x000000070fe00000, 0x000000070fe00000| Complete 
|  48|0x0000000710000000, 0x0000000710200000, 0x0000000710200000|100%| S|CS|TAMS 0x0000000710000000, 0x0000000710000000| Complete 
|  49|0x0000000710200000, 0x0000000710400000, 0x0000000710400000|100%| S|CS|TAMS 0x0000000710200000, 0x0000000710200000| Complete 
|  50|0x0000000710400000, 0x0000000710400000, 0x0000000710600000|  0%| F|  |TAMS 0x0000000710400000, 0x0000000710400000| Untracked 
|  51|0x0000000710600000, 0x0000000710600000, 0x0000000710800000|  0%| F|  |TAMS 0x0000000710600000, 0x0000000710600000| Untracked 
|  52|0x0000000710800000, 0x0000000710800000, 0x0000000710a00000|  0%| F|  |TAMS 0x0000000710800000, 0x0000000710800000| Untracked 
|  53|0x0000000710a00000, 0x0000000710a00000, 0x0000000710c00000|  0%| F|  |TAMS 0x0000000710a00000, 0x0000000710a00000| Untracked 
|  54|0x0000000710c00000, 0x0000000710c00000, 0x0000000710e00000|  0%| F|  |TAMS 0x0000000710c00000, 0x0000000710c00000| Untracked 
|  55|0x0000000710e00000, 0x0000000710e00000, 0x0000000711000000|  0%| F|  |TAMS 0x0000000710e00000, 0x0000000710e00000| Untracked 
|  56|0x0000000711000000, 0x0000000711200000, 0x0000000711200000|100%| S|CS|TAMS 0x0000000711000000, 0x0000000711000000| Complete 
|  57|0x0000000711200000, 0x0000000711400000, 0x0000000711400000|100%| S|CS|TAMS 0x0000000711200000, 0x0000000711200000| Complete 
|  58|0x0000000711400000, 0x0000000711600000, 0x0000000711600000|100%| S|CS|TAMS 0x0000000711400000, 0x0000000711400000| Complete 
|  59|0x0000000711600000, 0x0000000711600000, 0x0000000711800000|  0%| F|  |TAMS 0x0000000711600000, 0x0000000711600000| Untracked 
|  60|0x0000000711800000, 0x0000000711800000, 0x0000000711a00000|  0%| F|  |TAMS 0x0000000711800000, 0x0000000711800000| Untracked 
|  61|0x0000000711a00000, 0x0000000711a00000, 0x0000000711c00000|  0%| F|  |TAMS 0x0000000711a00000, 0x0000000711a00000| Untracked 
|  62|0x0000000711c00000, 0x0000000711c00000, 0x0000000711e00000|  0%| F|  |TAMS 0x0000000711c00000, 0x0000000711c00000| Untracked 
|  63|0x0000000711e00000, 0x0000000711e00000, 0x0000000712000000|  0%| F|  |TAMS 0x0000000711e00000, 0x0000000711e00000| Untracked 
|  64|0x0000000712000000, 0x0000000712000000, 0x0000000712200000|  0%| F|  |TAMS 0x0000000712000000, 0x0000000712000000| Untracked 
|  65|0x0000000712200000, 0x0000000712200000, 0x0000000712400000|  0%| F|  |TAMS 0x0000000712200000, 0x0000000712200000| Untracked 
|  66|0x0000000712400000, 0x0000000712400000, 0x0000000712600000|  0%| F|  |TAMS 0x0000000712400000, 0x0000000712400000| Untracked 
|  67|0x0000000712600000, 0x0000000712600000, 0x0000000712800000|  0%| F|  |TAMS 0x0000000712600000, 0x0000000712600000| Untracked 
|  68|0x0000000712800000, 0x0000000712800000, 0x0000000712a00000|  0%| F|  |TAMS 0x0000000712800000, 0x0000000712800000| Untracked 
|  69|0x0000000712a00000, 0x0000000712a00000, 0x0000000712c00000|  0%| F|  |TAMS 0x0000000712a00000, 0x0000000712a00000| Untracked 
|  70|0x0000000712c00000, 0x0000000712c00000, 0x0000000712e00000|  0%| F|  |TAMS 0x0000000712c00000, 0x0000000712c00000| Untracked 
|  71|0x0000000712e00000, 0x0000000712e00000, 0x0000000713000000|  0%| F|  |TAMS 0x0000000712e00000, 0x0000000712e00000| Untracked 
|  72|0x0000000713000000, 0x0000000713000000, 0x0000000713200000|  0%| F|  |TAMS 0x0000000713000000, 0x0000000713000000| Untracked 
|  73|0x0000000713200000, 0x0000000713200000, 0x0000000713400000|  0%| F|  |TAMS 0x0000000713200000, 0x0000000713200000| Untracked 
|  74|0x0000000713400000, 0x0000000713400000, 0x0000000713600000|  0%| F|  |TAMS 0x0000000713400000, 0x0000000713400000| Untracked 
|  75|0x0000000713600000, 0x0000000713600000, 0x0000000713800000|  0%| F|  |TAMS 0x0000000713600000, 0x0000000713600000| Untracked 
|  76|0x0000000713800000, 0x0000000713800000, 0x0000000713a00000|  0%| F|  |TAMS 0x0000000713800000, 0x0000000713800000| Untracked 
|  77|0x0000000713a00000, 0x0000000713a00000, 0x0000000713c00000|  0%| F|  |TAMS 0x0000000713a00000, 0x0000000713a00000| Untracked 
|  78|0x0000000713c00000, 0x0000000713c00000, 0x0000000713e00000|  0%| F|  |TAMS 0x0000000713c00000, 0x0000000713c00000| Untracked 
|  79|0x0000000713e00000, 0x0000000713e00000, 0x0000000714000000|  0%| F|  |TAMS 0x0000000713e00000, 0x0000000713e00000| Untracked 
|  80|0x0000000714000000, 0x0000000714000000, 0x0000000714200000|  0%| F|  |TAMS 0x0000000714000000, 0x0000000714000000| Untracked 
|  81|0x0000000714200000, 0x0000000714200000, 0x0000000714400000|  0%| F|  |TAMS 0x0000000714200000, 0x0000000714200000| Untracked 
|  82|0x0000000714400000, 0x0000000714400000, 0x0000000714600000|  0%| F|  |TAMS 0x0000000714400000, 0x0000000714400000| Untracked 
|  83|0x0000000714600000, 0x0000000714600000, 0x0000000714800000|  0%| F|  |TAMS 0x0000000714600000, 0x0000000714600000| Untracked 
|  84|0x0000000714800000, 0x0000000714800000, 0x0000000714a00000|  0%| F|  |TAMS 0x0000000714800000, 0x0000000714800000| Untracked 
|  85|0x0000000714a00000, 0x0000000714a00000, 0x0000000714c00000|  0%| F|  |TAMS 0x0000000714a00000, 0x0000000714a00000| Untracked 
|  86|0x0000000714c00000, 0x0000000714c00000, 0x0000000714e00000|  0%| F|  |TAMS 0x0000000714c00000, 0x0000000714c00000| Untracked 
|  87|0x0000000714e00000, 0x0000000714e00000, 0x0000000715000000|  0%| F|  |TAMS 0x0000000714e00000, 0x0000000714e00000| Untracked 
|  88|0x0000000715000000, 0x0000000715000000, 0x0000000715200000|  0%| F|  |TAMS 0x0000000715000000, 0x0000000715000000| Untracked 
|  89|0x0000000715200000, 0x0000000715200000, 0x0000000715400000|  0%| F|  |TAMS 0x0000000715200000, 0x0000000715200000| Untracked 
|  90|0x0000000715400000, 0x0000000715400000, 0x0000000715600000|  0%| F|  |TAMS 0x0000000715400000, 0x0000000715400000| Untracked 
|  91|0x0000000715600000, 0x0000000715600000, 0x0000000715800000|  0%| F|  |TAMS 0x0000000715600000, 0x0000000715600000| Untracked 
|  92|0x0000000715800000, 0x0000000715800000, 0x0000000715a00000|  0%| F|  |TAMS 0x0000000715800000, 0x0000000715800000| Untracked 
|  93|0x0000000715a00000, 0x0000000715a00000, 0x0000000715c00000|  0%| F|  |TAMS 0x0000000715a00000, 0x0000000715a00000| Untracked 
|  94|0x0000000715c00000, 0x0000000715c00000, 0x0000000715e00000|  0%| F|  |TAMS 0x0000000715c00000, 0x0000000715c00000| Untracked 
|  95|0x0000000715e00000, 0x0000000715e00000, 0x0000000716000000|  0%| F|  |TAMS 0x0000000715e00000, 0x0000000715e00000| Untracked 
|  96|0x0000000716000000, 0x0000000716000000, 0x0000000716200000|  0%| F|  |TAMS 0x0000000716000000, 0x0000000716000000| Untracked 
|  97|0x0000000716200000, 0x0000000716200000, 0x0000000716400000|  0%| F|  |TAMS 0x0000000716200000, 0x0000000716200000| Untracked 
|  98|0x0000000716400000, 0x0000000716400000, 0x0000000716600000|  0%| F|  |TAMS 0x0000000716400000, 0x0000000716400000| Untracked 
|  99|0x0000000716600000, 0x0000000716600000, 0x0000000716800000|  0%| F|  |TAMS 0x0000000716600000, 0x0000000716600000| Untracked 
| 100|0x0000000716800000, 0x0000000716800000, 0x0000000716a00000|  0%| F|  |TAMS 0x0000000716800000, 0x0000000716800000| Untracked 
| 101|0x0000000716a00000, 0x0000000716a00000, 0x0000000716c00000|  0%| F|  |TAMS 0x0000000716a00000, 0x0000000716a00000| Untracked 
| 102|0x0000000716c00000, 0x0000000716c00000, 0x0000000716e00000|  0%| F|  |TAMS 0x0000000716c00000, 0x0000000716c00000| Untracked 
| 103|0x0000000716e00000, 0x0000000716e00000, 0x0000000717000000|  0%| F|  |TAMS 0x0000000716e00000, 0x0000000716e00000| Untracked 
| 104|0x0000000717000000, 0x0000000717000000, 0x0000000717200000|  0%| F|  |TAMS 0x0000000717000000, 0x0000000717000000| Untracked 
| 105|0x0000000717200000, 0x0000000717200000, 0x0000000717400000|  0%| F|  |TAMS 0x0000000717200000, 0x0000000717200000| Untracked 
| 106|0x0000000717400000, 0x0000000717400000, 0x0000000717600000|  0%| F|  |TAMS 0x0000000717400000, 0x0000000717400000| Untracked 
| 107|0x0000000717600000, 0x0000000717600000, 0x0000000717800000|  0%| F|  |TAMS 0x0000000717600000, 0x0000000717600000| Untracked 
| 108|0x0000000717800000, 0x00000007179045d0, 0x0000000717a00000| 50%| E|  |TAMS 0x0000000717800000, 0x0000000717800000| Complete 
| 109|0x0000000717a00000, 0x0000000717c00000, 0x0000000717c00000|100%| E|CS|TAMS 0x0000000717a00000, 0x0000000717a00000| Complete 
| 110|0x0000000717c00000, 0x0000000717e00000, 0x0000000717e00000|100%| E|CS|TAMS 0x0000000717c00000, 0x0000000717c00000| Complete 
| 111|0x0000000717e00000, 0x0000000718000000, 0x0000000718000000|100%| E|CS|TAMS 0x0000000717e00000, 0x0000000717e00000| Complete 
| 112|0x0000000718000000, 0x0000000718200000, 0x0000000718200000|100%| E|CS|TAMS 0x0000000718000000, 0x0000000718000000| Complete 
| 113|0x0000000718200000, 0x0000000718400000, 0x0000000718400000|100%| E|CS|TAMS 0x0000000718200000, 0x0000000718200000| Complete 
| 114|0x0000000718400000, 0x0000000718600000, 0x0000000718600000|100%| E|CS|TAMS 0x0000000718400000, 0x0000000718400000| Complete 
| 115|0x0000000718600000, 0x0000000718800000, 0x0000000718800000|100%| E|CS|TAMS 0x0000000718600000, 0x0000000718600000| Complete 
| 116|0x0000000718800000, 0x0000000718a00000, 0x0000000718a00000|100%| E|CS|TAMS 0x0000000718800000, 0x0000000718800000| Complete 
| 117|0x0000000718a00000, 0x0000000718c00000, 0x0000000718c00000|100%| E|CS|TAMS 0x0000000718a00000, 0x0000000718a00000| Complete 
| 118|0x0000000718c00000, 0x0000000718e00000, 0x0000000718e00000|100%| E|CS|TAMS 0x0000000718c00000, 0x0000000718c00000| Complete 
| 119|0x0000000718e00000, 0x0000000719000000, 0x0000000719000000|100%| E|CS|TAMS 0x0000000718e00000, 0x0000000718e00000| Complete 
| 120|0x0000000719000000, 0x0000000719200000, 0x0000000719200000|100%| E|CS|TAMS 0x0000000719000000, 0x0000000719000000| Complete 
| 121|0x0000000719200000, 0x0000000719400000, 0x0000000719400000|100%| E|CS|TAMS 0x0000000719200000, 0x0000000719200000| Complete 
| 122|0x0000000719400000, 0x0000000719600000, 0x0000000719600000|100%| E|CS|TAMS 0x0000000719400000, 0x0000000719400000| Complete 

Card table byte_map: [0x0000022f45550000,0x0000022f45d00000] _byte_map_base: 0x0000022f41d00000

Marking Bits (Prev, Next): (CMBitMap*) 0x0000022f2daa9680, (CMBitMap*) 0x0000022f2daa96c0
 Prev Bits: [0x0000022f464b0000, 0x0000022f4a230000)
 Next Bits: [0x0000022f4a230000, 0x0000022f4dfb0000)

Polling page: 0x0000022f2ba50000

Metaspace:

Usage:
  Non-class:      9.54 MB used.
      Class:    743.70 KB used.
       Both:     10.26 MB used.

Virtual space:
  Non-class space:       16.00 MB reserved,       9.62 MB ( 60%) committed,  2 nodes.
      Class space:        1.00 GB reserved,     832.00 KB ( <1%) committed,  1 nodes.
             Both:        1.02 GB reserved,      10.44 MB (  1%) committed. 

Chunk freelists:
   Non-Class:  584.00 KB
       Class:  3.16 MB
        Both:  3.73 MB

MaxMetaspaceSize: unlimited
CompressedClassSpaceSize: 1.00 GB
Initial GC threshold: 21.00 MB
Current GC threshold: 21.00 MB
CDS: on
MetaspaceReclaimPolicy: balanced
 - commit_granule_bytes: 65536.
 - commit_granule_words: 8192.
 - virtual_space_node_default_size: 1048576.
 - enlarge_chunks_in_place: 1.
 - new_chunks_are_fully_committed: 0.
 - uncommit_free_chunks: 1.
 - use_allocation_guard: 0.
 - handle_deallocations: 1.


Internal statistics:

num_allocs_failed_limit: 0.
num_arena_births: 60.
num_arena_deaths: 0.
num_vsnodes_births: 3.
num_vsnodes_deaths: 0.
num_space_committed: 165.
num_space_uncommitted: 0.
num_chunks_returned_to_freelist: 0.
num_chunks_taken_from_freelist: 349.
num_chunk_merges: 0.
num_chunk_splits: 287.
num_chunks_enlarged: 252.
num_purges: 0.
num_inconsistent_stats: 0.

CodeHeap 'non-profiled nmethods': size=119168Kb used=2068Kb max_used=2068Kb free=117099Kb
 bounds [0x0000022f3d0c0000, 0x0000022f3d330000, 0x0000022f44520000]
CodeHeap 'profiled nmethods': size=119104Kb used=4382Kb max_used=4382Kb free=114721Kb
 bounds [0x0000022f35c70000, 0x0000022f360c0000, 0x0000022f3d0c0000]
CodeHeap 'non-nmethods': size=7488Kb used=1664Kb max_used=3386Kb free=5823Kb
 bounds [0x0000022f35520000, 0x0000022f35880000, 0x0000022f35c70000]
 total_blobs=3565 nmethods=2455 adapters=1023
 compilation: enabled
              stopped_count=0, restarted_count=0
 full_count=0

Compilation events (20 events):
Event: 39.166 Thread 0x0000022f50f66de0 2449       4       jdk.internal.math.FloatingDecimal$BinaryToASCIIBuffer::dtoa (1509 bytes)
Event: 39.192 Thread 0x0000022f50f66de0 nmethod 2449 0x0000022f3d2ba310 code [0x0000022f3d2ba620, 0x0000022f3d2bc218]
Event: 39.399 Thread 0x0000022f50f66de0 2450       4       com.badlogic.gdx.graphics.glutils.ShaderProgram::fetchUniformLocation (120 bytes)
Event: 39.406 Thread 0x0000022f50f66de0 nmethod 2450 0x0000022f3d2bda90 code [0x0000022f3d2bdc60, 0x0000022f3d2be498]
Event: 39.991 Thread 0x0000022f50f67790 2451       3       org.lwjgl.glfw.GLFWKeyCallbackI::callback (27 bytes)
Event: 39.991 Thread 0x0000022f50f67790 nmethod 2451 0x0000022f360b3a10 code [0x0000022f360b3cc0, 0x0000022f360b4908]
Event: 39.991 Thread 0x0000022f50f67790 2452       3       com.badlogic.gdx.backends.lwjgl3.DefaultLwjgl3Input$1::invoke (16 bytes)
Event: 39.991 Thread 0x0000022f50f67790 nmethod 2452 0x0000022f360b4d90 code [0x0000022f360b4f40, 0x0000022f360b50a8]
Event: 39.991 Thread 0x0000022f50f67790 2453       3       com.badlogic.gdx.backends.lwjgl3.DefaultLwjgl3Input::keyCallback (196 bytes)
Event: 39.992 Thread 0x0000022f50f67790 nmethod 2453 0x0000022f360b5190 code [0x0000022f360b5520, 0x0000022f360b6a18]
Event: 40.700 Thread 0x0000022f50f66de0 2454       4       java.util.regex.Pattern$BitClass::is (22 bytes)
Event: 40.701 Thread 0x0000022f50f66de0 nmethod 2454 0x0000022f3d2bea10 code [0x0000022f3d2beb80, 0x0000022f3d2bec58]
Event: 40.812 Thread 0x0000022f50f67790 2455       3       javax.sound.sampled.DataLine$Info::isFormatSupported (34 bytes)
Event: 40.812 Thread 0x0000022f50f67790 nmethod 2455 0x0000022f360b7610 code [0x0000022f360b77c0, 0x0000022f360b7a68]
Event: 42.584 Thread 0x0000022f50f66de0 2456       4       com.badlogic.gdx.graphics.g2d.SpriteBatch::flush (193 bytes)
Event: 42.590 Thread 0x0000022f50f66de0 nmethod 2456 0x0000022f3d2bed90 code [0x0000022f3d2befe0, 0x0000022f3d2bfaf0]
Event: 43.701 Thread 0x0000022f50f66de0 2457       4       java.util.ArrayList::grow (60 bytes)
Event: 43.703 Thread 0x0000022f50f66de0 nmethod 2457 0x0000022f3d2c0890 code [0x0000022f3d2c0a20, 0x0000022f3d2c1088]
Event: 44.176 Thread 0x0000022f50f66de0 2458   !   4       java.net.URL::<init> (543 bytes)
Event: 44.221 Thread 0x0000022f50f66de0 nmethod 2458 0x0000022f3d2c1290 code [0x0000022f3d2c15a0, 0x0000022f3d2c37e8]

GC Heap History (12 events):
Event: 2.169 GC heap before
{Heap before GC invocations=0 (full 0):
 garbage-first heap   total 251904K, used 22528K [0x000000070a000000, 0x0000000800000000)
  region size 2048K, 11 young (22528K), 0 survivors (0K)
 Metaspace       used 7139K, committed 7296K, reserved 1064960K
  class space    used 433K, committed 512K, reserved 1048576K
}
Event: 2.172 GC heap after
{Heap after GC invocations=1 (full 0):
 garbage-first heap   total 251904K, used 2713K [0x000000070a000000, 0x0000000800000000)
  region size 2048K, 2 young (4096K), 2 survivors (4096K)
 Metaspace       used 7139K, committed 7296K, reserved 1064960K
  class space    used 433K, committed 512K, reserved 1048576K
}
Event: 4.754 GC heap before
{Heap before GC invocations=1 (full 0):
 garbage-first heap   total 251904K, used 43673K [0x000000070a000000, 0x0000000800000000)
  region size 2048K, 19 young (38912K), 2 survivors (4096K)
 Metaspace       used 9767K, committed 9920K, reserved 1064960K
  class space    used 679K, committed 704K, reserved 1048576K
}
Event: 4.763 GC heap after
{Heap after GC invocations=2 (full 0):
 garbage-first heap   total 251904K, used 22625K [0x000000070a000000, 0x0000000800000000)
  region size 2048K, 3 young (6144K), 3 survivors (6144K)
 Metaspace       used 9767K, committed 9920K, reserved 1064960K
  class space    used 679K, committed 704K, reserved 1048576K
}
Event: 5.263 GC heap before
{Heap before GC invocations=2 (full 0):
 garbage-first heap   total 251904K, used 28769K [0x000000070a000000, 0x0000000800000000)
  region size 2048K, 6 young (12288K), 3 survivors (6144K)
 Metaspace       used 9834K, committed 9920K, reserved 1064960K
  class space    used 679K, committed 704K, reserved 1048576K
}
Event: 5.268 GC heap after
{Heap after GC invocations=3 (full 0):
 garbage-first heap   total 251904K, used 23937K [0x000000070a000000, 0x0000000800000000)
  region size 2048K, 1 young (2048K), 1 survivors (2048K)
 Metaspace       used 9834K, committed 9920K, reserved 1064960K
  class space    used 679K, committed 704K, reserved 1048576K
}
Event: 18.174 GC heap before
{Heap before GC invocations=3 (full 0):
 garbage-first heap   total 251904K, used 195969K [0x000000070a000000, 0x0000000800000000)
  region size 2048K, 73 young (149504K), 1 survivors (2048K)
 Metaspace       used 10354K, committed 10432K, reserved 1064960K
  class space    used 729K, committed 768K, reserved 1048576K
}
Event: 18.177 GC heap after
{Heap after GC invocations=4 (full 0):
 garbage-first heap   total 251904K, used 53862K [0x000000070a000000, 0x0000000800000000)
  region size 2048K, 3 young (6144K), 3 survivors (6144K)
 Metaspace       used 10354K, committed 10432K, reserved 1064960K
  class space    used 729K, committed 768K, reserved 1048576K
}
Event: 30.262 GC heap before
{Heap before GC invocations=4 (full 0):
 garbage-first heap   total 251904K, used 197222K [0x000000070a000000, 0x0000000800000000)
  region size 2048K, 70 young (143360K), 3 survivors (6144K)
 Metaspace       used 10363K, committed 10496K, reserved 1064960K
  class space    used 729K, committed 768K, reserved 1048576K
}
Event: 30.266 GC heap after
{Heap after GC invocations=5 (full 0):
 garbage-first heap   total 251904K, used 64471K [0x000000070a000000, 0x0000000800000000)
  region size 2048K, 6 young (12288K), 6 survivors (12288K)
 Metaspace       used 10363K, committed 10496K, reserved 1064960K
  class space    used 729K, committed 768K, reserved 1048576K
}
Event: 41.475 GC heap before
{Heap before GC invocations=5 (full 0):
 garbage-first heap   total 251904K, used 218071K [0x000000070a000000, 0x0000000800000000)
  region size 2048K, 70 young (143360K), 6 survivors (12288K)
 Metaspace       used 10497K, committed 10688K, reserved 1064960K
  class space    used 742K, committed 832K, reserved 1048576K
}
Event: 41.480 GC heap after
{Heap after GC invocations=6 (full 0):
 garbage-first heap   total 251904K, used 95890K [0x000000070a000000, 0x0000000800000000)
  region size 2048K, 6 young (12288K), 6 survivors (12288K)
 Metaspace       used 10497K, committed 10688K, reserved 1064960K
  class space    used 742K, committed 832K, reserved 1048576K
}

Deoptimization events (20 events):
Event: 28.088 Thread 0x0000022f2da51ba0 DEOPT PACKING pc=0x0000022f3609b391 sp=0x00000084e8bfe9e0
Event: 28.088 Thread 0x0000022f2da51ba0 DEOPT UNPACKING pc=0x0000022f35572b43 sp=0x00000084e8bfded8 mode 0
Event: 30.880 Thread 0x0000022f2da51ba0 Uncommon trap: trap_request=0xffffff45 fr.pc=0x0000022f3d2b09ac relative=0x000000000000180c
Event: 30.880 Thread 0x0000022f2da51ba0 Uncommon trap: reason=unstable_if action=reinterpret pc=0x0000022f3d2b09ac method=jdk.internal.math.FloatingDecimal$BinaryToASCIIBuffer.dtoa(IJIZ)V @ 1275 c2
Event: 30.880 Thread 0x0000022f2da51ba0 DEOPT PACKING pc=0x0000022f3d2b09ac sp=0x00000084e8bfe760
Event: 30.880 Thread 0x0000022f2da51ba0 DEOPT UNPACKING pc=0x0000022f355723a3 sp=0x00000084e8bfe628 mode 2
Event: 33.415 Thread 0x0000022f2da51ba0 Uncommon trap: trap_request=0xffffff45 fr.pc=0x0000022f3d24619c relative=0x000000000000007c
Event: 33.415 Thread 0x0000022f2da51ba0 Uncommon trap: reason=unstable_if action=reinterpret pc=0x0000022f3d24619c method=com.crazyputting3d.Engine.physicsEngine.terminates(DDD)Z @ 14 c2
Event: 33.415 Thread 0x0000022f2da51ba0 DEOPT PACKING pc=0x0000022f3d24619c sp=0x00000084e8bfea00
Event: 33.415 Thread 0x0000022f2da51ba0 DEOPT UNPACKING pc=0x0000022f355723a3 sp=0x00000084e8bfe9a0 mode 2
Event: 33.416 Thread 0x0000022f2da51ba0 Uncommon trap: trap_request=0xffffff45 fr.pc=0x0000022f3d28dd04 relative=0x0000000000000644
Event: 33.416 Thread 0x0000022f2da51ba0 Uncommon trap: reason=unstable_if action=reinterpret pc=0x0000022f3d28dd04 method=com.crazyputting3d.Engine.physicsEngine.isInTerrain(DD)Z @ 33 c2
Event: 33.416 Thread 0x0000022f2da51ba0 DEOPT PACKING pc=0x0000022f3d28dd04 sp=0x00000084e8bfe980
Event: 33.416 Thread 0x0000022f2da51ba0 DEOPT UNPACKING pc=0x0000022f355723a3 sp=0x00000084e8bfe910 mode 2
Event: 37.883 Thread 0x0000022f2da51ba0 DEOPT PACKING pc=0x0000022f3603e5fd sp=0x00000084e8bfe730
Event: 37.883 Thread 0x0000022f2da51ba0 DEOPT UNPACKING pc=0x0000022f35572b43 sp=0x00000084e8bfdb68 mode 0
Event: 40.810 Thread 0x0000022f2da51ba0 Uncommon trap: trap_request=0xffffff45 fr.pc=0x0000022f3d28e98c relative=0x000000000000010c
Event: 40.810 Thread 0x0000022f2da51ba0 Uncommon trap: reason=unstable_if action=reinterpret pc=0x0000022f3d28e98c method=com.crazyputting3d.Engine.physicsEngine.isInTerrain(DD)Z @ 33 c2
Event: 40.810 Thread 0x0000022f2da51ba0 DEOPT PACKING pc=0x0000022f3d28e98c sp=0x00000084e8bfe8e0
Event: 40.810 Thread 0x0000022f2da51ba0 DEOPT UNPACKING pc=0x0000022f355723a3 sp=0x00000084e8bfe868 mode 2

Classes unloaded (0 events):
No events

Classes redefined (0 events):
No events

Internal exceptions (20 events):
Event: 0.182 Thread 0x0000022f2da51ba0 Exception <a 'java/lang/NoSuchMethodError'{0x0000000718e3e940}: 'void java.lang.invoke.DirectMethodHandle$Holder.invokeStatic(java.lang.Object, java.lang.Object)'> (0x0000000718e3e940) 
thrown [e:\jenkins\tmp\workspace\build\src\src\hotspot\share\interpreter\linkResolver.cpp, line 766]
Event: 0.183 Thread 0x0000022f2da51ba0 Exception <a 'java/lang/NoSuchMethodError'{0x0000000718e44188}: 'void java.lang.invoke.DirectMethodHandle$Holder.invokeSpecial(java.lang.Object, java.lang.Object, java.lang.Object)'> (0x0000000718e44188) 
thrown [e:\jenkins\tmp\workspace\build\src\src\hotspot\share\interpreter\linkResolver.cpp, line 766]
Event: 0.185 Thread 0x0000022f2da51ba0 Exception <a 'java/lang/NoSuchMethodError'{0x0000000718e57510}: 'java.lang.Object java.lang.invoke.DirectMethodHandle$Holder.invokeStatic(java.lang.Object, java.lang.Object, int)'> (0x0000000718e57510) 
thrown [e:\jenkins\tmp\workspace\build\src\src\hotspot\share\interpreter\linkResolver.cpp, line 766]
Event: 0.186 Thread 0x0000022f2da51ba0 Exception <a 'java/lang/NoSuchMethodError'{0x0000000718e63280}: 'void java.lang.invoke.DelegatingMethodHandle$Holder.delegate(java.lang.Object, java.lang.Object, int, java.lang.Object)'> (0x0000000718e63280) 
thrown [e:\jenkins\tmp\workspace\build\src\src\hotspot\share\interpreter\linkResolver.cpp, line 766]
Event: 0.186 Thread 0x0000022f2da51ba0 Exception <a 'java/lang/NoSuchMethodError'{0x0000000718e674c0}: 'int java.lang.invoke.DirectMethodHandle$Holder.invokeSpecial(java.lang.Object, java.lang.Object, java.lang.Object)'> (0x0000000718e674c0) 
thrown [e:\jenkins\tmp\workspace\build\src\src\hotspot\share\interpreter\linkResolver.cpp, line 766]
Event: 0.214 Thread 0x0000022f2da51ba0 Exception <a 'sun/nio/fs/WindowsException'{0x0000000718f0e2a8}> (0x0000000718f0e2a8) 
thrown [e:\jenkins\tmp\workspace\build\src\src\hotspot\share\prims\jni.cpp, line 516]
Event: 0.214 Thread 0x0000022f2da51ba0 Exception <a 'sun/nio/fs/WindowsException'{0x0000000718f0e800}> (0x0000000718f0e800) 
thrown [e:\jenkins\tmp\workspace\build\src\src\hotspot\share\prims\jni.cpp, line 516]
Event: 0.237 Thread 0x0000022f2da51ba0 Exception <a 'sun/nio/fs/WindowsException'{0x0000000718ffc578}> (0x0000000718ffc578) 
thrown [e:\jenkins\tmp\workspace\build\src\src\hotspot\share\prims\jni.cpp, line 516]
Event: 0.237 Thread 0x0000022f2da51ba0 Exception <a 'sun/nio/fs/WindowsException'{0x0000000718ffc918}> (0x0000000718ffc918) 
thrown [e:\jenkins\tmp\workspace\build\src\src\hotspot\share\prims\jni.cpp, line 516]
Event: 0.254 Thread 0x0000022f2da51ba0 Exception <a 'sun/nio/fs/WindowsException'{0x0000000718caae90}> (0x0000000718caae90) 
thrown [e:\jenkins\tmp\workspace\build\src\src\hotspot\share\prims\jni.cpp, line 516]
Event: 0.254 Thread 0x0000022f2da51ba0 Exception <a 'sun/nio/fs/WindowsException'{0x0000000718cab200}> (0x0000000718cab200) 
thrown [e:\jenkins\tmp\workspace\build\src\src\hotspot\share\prims\jni.cpp, line 516]
Event: 0.293 Thread 0x0000022f2da51ba0 Exception <a 'sun/nio/fs/WindowsException'{0x0000000718d30230}> (0x0000000718d30230) 
thrown [e:\jenkins\tmp\workspace\build\src\src\hotspot\share\prims\jni.cpp, line 516]
Event: 0.293 Thread 0x0000022f2da51ba0 Exception <a 'sun/nio/fs/WindowsException'{0x0000000718d305b8}> (0x0000000718d305b8) 
thrown [e:\jenkins\tmp\workspace\build\src\src\hotspot\share\prims\jni.cpp, line 516]
Event: 0.710 Thread 0x0000022f2da51ba0 Exception <a 'sun/nio/fs/WindowsException'{0x0000000718b121e0}> (0x0000000718b121e0) 
thrown [e:\jenkins\tmp\workspace\build\src\src\hotspot\share\prims\jni.cpp, line 516]
Event: 0.710 Thread 0x0000022f2da51ba0 Exception <a 'sun/nio/fs/WindowsException'{0x0000000718b12590}> (0x0000000718b12590) 
thrown [e:\jenkins\tmp\workspace\build\src\src\hotspot\share\prims\jni.cpp, line 516]
Event: 0.712 Thread 0x0000022f2da51ba0 Exception <a 'sun/nio/fs/WindowsException'{0x0000000718b1e728}> (0x0000000718b1e728) 
thrown [e:\jenkins\tmp\workspace\build\src\src\hotspot\share\prims\jni.cpp, line 516]
Event: 0.712 Thread 0x0000022f2da51ba0 Exception <a 'sun/nio/fs/WindowsException'{0x0000000718b1ea10}> (0x0000000718b1ea10) 
thrown [e:\jenkins\tmp\workspace\build\src\src\hotspot\share\prims\jni.cpp, line 516]
Event: 4.324 Thread 0x0000022f2da51ba0 Implicit null exception at 0x0000022f3d12cc30 to 0x0000022f3d12ce08
Event: 4.336 Thread 0x0000022f2da51ba0 Implicit null exception at 0x0000022f3d1341bf to 0x0000022f3d13429c
Event: 6.547 Thread 0x0000022f5c92d4b0 Implicit null exception at 0x0000022f3d12b4df to 0x0000022f3d12b59c

VM Operations (20 events):
Event: 24.795 Executing VM operation: ICBufferFull
Event: 24.795 Executing VM operation: ICBufferFull done
Event: 25.460 Executing VM operation: ICBufferFull
Event: 25.460 Executing VM operation: ICBufferFull done
Event: 26.127 Executing VM operation: ICBufferFull
Event: 26.127 Executing VM operation: ICBufferFull done
Event: 26.778 Executing VM operation: ICBufferFull
Event: 26.778 Executing VM operation: ICBufferFull done
Event: 28.778 Executing VM operation: Cleanup
Event: 28.778 Executing VM operation: Cleanup done
Event: 30.262 Executing VM operation: G1CollectForAllocation
Event: 30.266 Executing VM operation: G1CollectForAllocation done
Event: 34.267 Executing VM operation: Cleanup
Event: 34.267 Executing VM operation: Cleanup done
Event: 38.268 Executing VM operation: Cleanup
Event: 38.268 Executing VM operation: Cleanup done
Event: 41.475 Executing VM operation: G1CollectForAllocation
Event: 41.480 Executing VM operation: G1CollectForAllocation done
Event: 42.481 Executing VM operation: Cleanup
Event: 42.481 Executing VM operation: Cleanup done

Events (20 events):
Event: 33.407 loading class jdk/internal/reflect/ClassDefiner$1 done
Event: 33.407 loading class jdk/internal/reflect/BootstrapConstructorAccessorImpl
Event: 33.407 loading class jdk/internal/reflect/BootstrapConstructorAccessorImpl done
Event: 33.413 Thread 0x0000022f5cf31b50 Thread added: 0x0000022f5cf31b50
Event: 33.614 Thread 0x0000022f5cf38060 Thread exited: 0x0000022f5cf38060
Event: 34.038 Thread 0x0000022f5cf376c0 Thread added: 0x0000022f5cf376c0
Event: 34.041 Thread 0x0000022f5cf311b0 Thread added: 0x0000022f5cf311b0
Event: 34.242 Thread 0x0000022f5cf376c0 Thread exited: 0x0000022f5cf376c0
Event: 37.656 Thread 0x0000022f5cf32020 Thread added: 0x0000022f5cf32020
Event: 37.659 Thread 0x0000022f5cf346a0 Thread added: 0x0000022f5cf346a0
Event: 37.860 Thread 0x0000022f5cf32020 Thread exited: 0x0000022f5cf32020
Event: 37.923 Thread 0x0000022f5cf33830 Thread added: 0x0000022f5cf33830
Event: 37.926 Thread 0x0000022f5cf329c0 Thread added: 0x0000022f5cf329c0
Event: 37.957 Thread 0x0000022f5cf35eb0 Thread added: 0x0000022f5cf35eb0
Event: 37.959 Thread 0x0000022f5cf33360 Thread added: 0x0000022f5cf33360
Event: 38.160 Thread 0x0000022f5cf35eb0 Thread exited: 0x0000022f5cf35eb0
Event: 38.827 Thread 0x0000022f5cf33830 Thread exited: 0x0000022f5cf33830
Event: 40.808 Thread 0x0000022f5cf33830 Thread added: 0x0000022f5cf33830
Event: 40.812 Thread 0x0000022f5cf371f0 Thread added: 0x0000022f5cf371f0
Event: 41.015 Thread 0x0000022f5cf33830 Thread exited: 0x0000022f5cf33830


Dynamic libraries:
0x00007ff7d8a20000 - 0x00007ff7d8a2e000 	C:\Program Files\Eclipse Adoptium\jdk-17.0.1.12-hotspot\bin\java.exe
0x00007ffdc5cd0000 - 0x00007ffdc5ec5000 	C:\Windows\SYSTEM32\ntdll.dll
0x00007ffdc4060000 - 0x00007ffdc411d000 	C:\Windows\System32\KERNEL32.DLL
0x00007ffdc3720000 - 0x00007ffdc39ed000 	C:\Windows\System32\KERNELBASE.dll
0x00007ffdc33b0000 - 0x00007ffdc34b0000 	C:\Windows\System32\ucrtbase.dll
0x00007ffdbee20000 - 0x00007ffdbee39000 	C:\Program Files\Eclipse Adoptium\jdk-17.0.1.12-hotspot\bin\VCRUNTIME140.dll
0x00007ffdbd460000 - 0x00007ffdbd478000 	C:\Program Files\Eclipse Adoptium\jdk-17.0.1.12-hotspot\bin\jli.dll
0x00007ffdc5530000 - 0x00007ffdc56d0000 	C:\Windows\System32\USER32.dll
0x00007ffdad620000 - 0x00007ffdad8ba000 	C:\Windows\WinSxS\amd64_microsoft.windows.common-controls_6595b64144ccf1df_6.0.19041.1110_none_60b5254171f9507e\COMCTL32.dll
0x00007ffdc3c20000 - 0x00007ffdc3c42000 	C:\Windows\System32\win32u.dll
0x00007ffdc5bd0000 - 0x00007ffdc5bfa000 	C:\Windows\System32\GDI32.dll
0x00007ffdc5190000 - 0x00007ffdc522e000 	C:\Windows\System32\msvcrt.dll
0x00007ffdc3610000 - 0x00007ffdc371b000 	C:\Windows\System32\gdi32full.dll
0x00007ffdc39f0000 - 0x00007ffdc3a8d000 	C:\Windows\System32\msvcp_win.dll
0x00007ffdc4eb0000 - 0x00007ffdc4ee0000 	C:\Windows\System32\IMM32.DLL
0x00007ffdbede0000 - 0x00007ffdbedec000 	C:\Program Files\Eclipse Adoptium\jdk-17.0.1.12-hotspot\bin\vcruntime140_1.dll
0x00007ffdb6560000 - 0x00007ffdb65f1000 	C:\Program Files\Eclipse Adoptium\jdk-17.0.1.12-hotspot\bin\msvcp140.dll
0x00007ffd92160000 - 0x00007ffd92da6000 	C:\Program Files\Eclipse Adoptium\jdk-17.0.1.12-hotspot\bin\server\jvm.dll
0x00007ffdc3fb0000 - 0x00007ffdc405e000 	C:\Windows\System32\ADVAPI32.dll
0x00007ffdc3e80000 - 0x00007ffdc3f1c000 	C:\Windows\System32\sechost.dll
0x00007ffdc3d50000 - 0x00007ffdc3e75000 	C:\Windows\System32\RPCRT4.dll
0x00007ffdc4ee0000 - 0x00007ffdc4ee8000 	C:\Windows\System32\PSAPI.DLL
0x00007ffda5c00000 - 0x00007ffda5c09000 	C:\Windows\SYSTEM32\WSOCK32.dll
0x00007ffdb8890000 - 0x00007ffdb88b7000 	C:\Windows\SYSTEM32\WINMM.dll
0x00007ffdbc260000 - 0x00007ffdbc26a000 	C:\Windows\SYSTEM32\VERSION.dll
0x00007ffdc52e0000 - 0x00007ffdc534b000 	C:\Windows\System32\WS2_32.dll
0x00007ffdc1c40000 - 0x00007ffdc1c52000 	C:\Windows\SYSTEM32\kernel.appcore.dll
0x00007ffdbe7a0000 - 0x00007ffdbe7aa000 	C:\Program Files\Eclipse Adoptium\jdk-17.0.1.12-hotspot\bin\jimage.dll
0x00007ffdc1a30000 - 0x00007ffdc1c14000 	C:\Windows\SYSTEM32\DBGHELP.DLL
0x00007ffdb8de0000 - 0x00007ffdb8e0c000 	C:\Windows\SYSTEM32\dbgcore.DLL
0x00007ffdc3a90000 - 0x00007ffdc3b12000 	C:\Windows\System32\bcryptPrimitives.dll
0x00007ffdb6530000 - 0x00007ffdb6555000 	C:\Program Files\Eclipse Adoptium\jdk-17.0.1.12-hotspot\bin\java.dll
0x00007ffdb6450000 - 0x00007ffdb6526000 	C:\Program Files\Eclipse Adoptium\jdk-17.0.1.12-hotspot\bin\svml.dll
0x00007ffdc4120000 - 0x00007ffdc4864000 	C:\Windows\System32\SHELL32.dll
0x00007ffdc1150000 - 0x00007ffdc18e4000 	C:\Windows\SYSTEM32\windows.storage.dll
0x00007ffdc5870000 - 0x00007ffdc5bc4000 	C:\Windows\System32\combase.dll
0x00007ffdc2e10000 - 0x00007ffdc2e3c000 	C:\Windows\SYSTEM32\Wldp.dll
0x00007ffdc5230000 - 0x00007ffdc52dd000 	C:\Windows\System32\SHCORE.dll
0x00007ffdc3cf0000 - 0x00007ffdc3d45000 	C:\Windows\System32\shlwapi.dll
0x00007ffdc32f0000 - 0x00007ffdc330f000 	C:\Windows\SYSTEM32\profapi.dll
0x00007ffdb62c0000 - 0x00007ffdb62d9000 	C:\Program Files\Eclipse Adoptium\jdk-17.0.1.12-hotspot\bin\net.dll
0x00007ffdb4be0000 - 0x00007ffdb4cea000 	C:\Windows\SYSTEM32\WINHTTP.dll
0x00007ffdc2b70000 - 0x00007ffdc2bda000 	C:\Windows\system32\mswsock.dll
0x00007ffdb1af0000 - 0x00007ffdb1b05000 	C:\Program Files\Eclipse Adoptium\jdk-17.0.1.12-hotspot\bin\nio.dll
0x00007ffdb1ad0000 - 0x00007ffdb1ae8000 	C:\Program Files\Eclipse Adoptium\jdk-17.0.1.12-hotspot\bin\zip.dll
0x000000006e700000 - 0x000000006e72a000 	C:\Users\grado\AppData\Local\Temp\libgdxgrado\e1cd32f8\gdx64.dll
0x00007ffdb1a60000 - 0x00007ffdb1ac4000 	C:\Users\grado\AppData\Local\Temp\lwjglgrado\3.2.3-build-13\lwjgl.dll
0x00007ffd91f00000 - 0x00007ffd92153000 	C:\Users\grado\AppData\Local\Temp\lwjglgrado\3.2.3-build-13\jemalloc.dll
0x00007ffdb19f0000 - 0x00007ffdb1a52000 	C:\Users\grado\AppData\Local\Temp\lwjglgrado\3.2.3-build-13\glfw.dll
0x00007ffdc0870000 - 0x00007ffdc090e000 	C:\Windows\system32\uxtheme.dll
0x00007ffdb19a0000 - 0x00007ffdb19e5000 	C:\Windows\SYSTEM32\dinput8.dll
0x00007ffdb1980000 - 0x00007ffdb1991000 	C:\Windows\SYSTEM32\xinput1_4.dll
0x00007ffdc3b20000 - 0x00007ffdc3b6e000 	C:\Windows\System32\cfgmgr32.dll
0x00007ffdc3160000 - 0x00007ffdc318c000 	C:\Windows\SYSTEM32\DEVOBJ.dll
0x00007ffdc0a00000 - 0x00007ffdc0a2f000 	C:\Windows\SYSTEM32\dwmapi.dll
0x00007ffda8c80000 - 0x00007ffda8dd2000 	C:\Windows\SYSTEM32\inputhost.dll
0x00007ffdc4d70000 - 0x00007ffdc4e3d000 	C:\Windows\System32\OLEAUT32.dll
0x00007ffdbfad0000 - 0x00007ffdbfc24000 	C:\Windows\SYSTEM32\wintypes.dll
0x00007ffdc0500000 - 0x00007ffdc05f2000 	C:\Windows\SYSTEM32\CoreMessaging.dll
0x00007ffdbe990000 - 0x00007ffdbea86000 	C:\Windows\SYSTEM32\PROPSYS.dll
0x00007ffdc01a0000 - 0x00007ffdc04fe000 	C:\Windows\SYSTEM32\CoreUIComponents.dll
0x00007ffdc20b0000 - 0x00007ffdc20e3000 	C:\Windows\SYSTEM32\ntmarta.dll
0x00007ffdc5750000 - 0x00007ffdc5865000 	C:\Windows\System32\MSCTF.dll
0x00007ffdc18f0000 - 0x00007ffdc18fd000 	C:\Windows\SYSTEM32\HID.DLL
0x00007ffdc4870000 - 0x00007ffdc4ce1000 	C:\Windows\System32\SETUPAPI.DLL
0x00007ffdc3c50000 - 0x00007ffdc3c77000 	C:\Windows\System32\bcrypt.dll
0x00007ffdc3c80000 - 0x00007ffdc3ce8000 	C:\Windows\System32\WINTRUST.dll
0x00007ffdc34b0000 - 0x00007ffdc3606000 	C:\Windows\System32\CRYPT32.dll
0x00007ffdc2fa0000 - 0x00007ffdc2fb2000 	C:\Windows\SYSTEM32\MSASN1.dll
0x00007ffda1380000 - 0x00007ffda148b000 	C:\Users\grado\AppData\Local\Temp\lwjglgrado\3.2.3-build-13\OpenAL.dll
0x00007ffdc5400000 - 0x00007ffdc552a000 	C:\Windows\System32\ole32.dll
0x00007ffdc5350000 - 0x00007ffdc53f9000 	C:\Windows\System32\clbcatq.dll
0x00007ffdbb510000 - 0x00007ffdbb595000 	C:\Windows\System32\MMDevApi.dll
0x00007ffdbbda0000 - 0x00007ffdbbf22000 	C:\Windows\SYSTEM32\AUDIOSES.DLL
0x00007ffdc2930000 - 0x00007ffdc297b000 	C:\Windows\SYSTEM32\powrprof.dll
0x00007ffdc27f0000 - 0x00007ffdc2802000 	C:\Windows\SYSTEM32\UMPDC.dll
0x00007ffdc0a30000 - 0x00007ffdc0a44000 	C:\Windows\SYSTEM32\resourcepolicyclient.dll
0x00007ffd22910000 - 0x00007ffd22a36000 	C:\Windows\SYSTEM32\opengl32.dll
0x00007ffd228e0000 - 0x00007ffd2290c000 	C:\Windows\SYSTEM32\GLU32.dll
0x00007ffdbc2e0000 - 0x00007ffdbc3d7000 	C:\Windows\System32\AppXDeploymentClient.dll
0x00007ffdb1950000 - 0x00007ffdb197a000 	C:\Windows\System32\DriverStore\FileRepository\u0361612.inf_amd64_b679e02f70413f9f\B361368\atig6pxx.dll
0x00007ffd7dc80000 - 0x00007ffd80966000 	C:\Windows\System32\DriverStore\FileRepository\u0361612.inf_amd64_b679e02f70413f9f\B361368\atio6axx.dll
0x00007ffd86690000 - 0x00007ffd866b4000 	C:\Windows\SYSTEM32\dxva2.dll
0x00007ffdab4c0000 - 0x00007ffdab4fc000 	C:\Windows\System32\DriverStore\FileRepository\u0361612.inf_amd64_b679e02f70413f9f\B361368\atig6txx.dll
0x00007ffd90ad0000 - 0x00007ffd90c89000 	C:\Windows\SYSTEM32\atiadlxx.dll
0x00007ffdb9380000 - 0x00007ffdb93bb000 	C:\Windows\SYSTEM32\dxcore.dll
0x00007ffda3ef0000 - 0x00007ffda3f49000 	C:\Users\grado\AppData\Local\Temp\lwjglgrado\3.2.3-build-13\lwjgl_opengl.dll
0x00007ffda93b0000 - 0x00007ffda94a9000 	C:\Windows\SYSTEM32\textinputframework.dll
0x00007ffdb1930000 - 0x00007ffdb1941000 	C:\Program Files\Eclipse Adoptium\jdk-17.0.1.12-hotspot\bin\jsound.dll
0x00007ffda0f00000 - 0x00007ffda0f9c000 	C:\Windows\SYSTEM32\DSOUND.dll
0x00007ffdb3710000 - 0x00007ffdb3736000 	C:\Windows\SYSTEM32\winmmbase.dll
0x00007ffda9b00000 - 0x00007ffda9b46000 	C:\Windows\SYSTEM32\wdmaud.drv
0x00007ffdbde60000 - 0x00007ffdbde69000 	C:\Windows\SYSTEM32\ksuser.dll
0x00007ffdbd880000 - 0x00007ffdbd88a000 	C:\Windows\SYSTEM32\AVRT.dll
0x00007ffdbc5b0000 - 0x00007ffdbc5bd000 	C:\Windows\SYSTEM32\msacm32.drv
0x00007ffdbc630000 - 0x00007ffdbc64e000 	C:\Windows\SYSTEM32\MSACM32.dll
0x00007ffdb6730000 - 0x00007ffdb673b000 	C:\Windows\SYSTEM32\midimap.dll
0x00007ffda8de0000 - 0x00007ffda8f21000 	C:\Windows\System32\Windows.UI.dll
0x00007ffdbd350000 - 0x00007ffdbd3f1000 	C:\Windows\System32\WindowManagementAPI.dll
0x00007ffdbca10000 - 0x00007ffdbcc11000 	C:\Windows\SYSTEM32\twinapi.appcore.dll

dbghelp: loaded successfully - version: 4.0.5 - missing functions: none
symbol engine: initialized successfully - sym options: 0x614 - pdb path: .;C:\Program Files\Eclipse Adoptium\jdk-17.0.1.12-hotspot\bin;C:\Windows\SYSTEM32;C:\Windows\WinSxS\amd64_microsoft.windows.common-controls_6595b64144ccf1df_6.0.19041.1110_none_60b5254171f9507e;C:\Program Files\Eclipse Adoptium\jdk-17.0.1.12-hotspot\bin\server;C:\Users\grado\AppData\Local\Temp\libgdxgrado\e1cd32f8;C:\Users\grado\AppData\Local\Temp\lwjglgrado\3.2.3-build-13;C:\Windows\System32\DriverStore\FileRepository\u0361612.inf_amd64_b679e02f70413f9f\B361368

VM Arguments:
jvm_args: -XX:+ShowCodeDetailsInExceptionMessages 
java_command: com.crazyputting3d.Main
java_class_path (initial): C:\Users\grado\Documents\Group-04\3dcrazyputting\desktop\bin\main;\CrazyPutting3D-core\bin\default;C:\Users\grado\Documents\Group-04\3dcrazyputting\core\bin\main;C:\Users\grado\.gradle\caches\modules-2\files-2.1\com.badlogicgames.gdx\gdx-backend-lwjgl3\1.10.0\600c7d5b2c977daa82c4abad147087b31e0ada87\gdx-backend-lwjgl3-1.10.0.jar;C:\Users\grado\.gradle\caches\modules-2\files-2.1\com.badlogicgames.gdx\gdx-platform\1.10.0\9a8fa793d2fd6d360afc6c9e4c1f5583da263b88\gdx-platform-1.10.0-natives-desktop.jar;C:\Users\grado\.gradle\caches\modules-2\files-2.1\com.badlogicgames.gdx\gdx-bullet-platform\1.10.0\ce92e8dfc762523d769cbc50853163c03bf98cf1\gdx-bullet-platform-1.10.0-natives-desktop.jar;C:\Users\grado\.gradle\caches\modules-2\files-2.1\com.badlogicgames.gdx\gdx-freetype-platform\1.10.0\6e5d28752759e69384f12e4569d2c884ff71352f\gdx-freetype-platform-1.10.0-natives-desktop.jar;C:\Users\grado\.gradle\caches\modules-2\files-2.1\com.badlogicgames.gdx-controllers\gdx-controllers-desktop\2.2.1\cb3430c32468a090eca54d494d16bb3764ceff9b\gdx-controllers-desktop-2.2.1.jar;C:\Users\grado\.gradle\caches\modules-2\files-2.1\org.jetbrains\annotations\20.1.0\2fcd1f3225bca0c4a7bc931142076f8c1e80993f\annotations-20.1.0.jar;C:\Users\grado\.gradle\caches\modules-2\files-2.1\com.badlogicgames.gdx\gdx-bullet\1.10.0\839b58c7278f5c3b55291c3a559d91227400ecdb\gdx-bullet-1.10.0.jar;C:\Users\grado\.gradle\caches\modules-2\files-2.1\com.badlogicgames.gdx\gdx-freetype\1.10.0\de1d0d5c1e92e8d91364256fd6b7bb279d3e9859\gdx-freetype-1.10.0.jar;C:\Users\grado\.gradle\caches\modules-2\files-2.1\com.badlogicgames.gdx\gdx-ai\1.8.2\ab75d2ce80ab1b1ce6828a15dc0f417abac4c674\gdx-ai-1.8.2.jar;C:\Users\grado\.gradle\caches\modules-2\files-2.1\com.badlogicgames.ashley\ashley\1.7.4\21a3a8932919099c4e5006a7d8378dcbe76ef8a5\ashley-1.7.4.jar;C:\Users\grado\.gradle\caches\modules-2\files-2.1\com.badlogicgames.box2dlights\box2dlights\1.5\6902dbcd250c95a27973aa24a147a95b3828d348\box2dlights-1.5.j
Launcher Type: SUN_STANDARD

[Global flags]
     intx CICompilerCount                          = 12                                        {product} {ergonomic}
     uint ConcGCThreads                            = 3                                         {product} {ergonomic}
     uint G1ConcRefinementThreads                  = 13                                        {product} {ergonomic}
   size_t G1HeapRegionSize                         = 2097152                                   {product} {ergonomic}
    uintx GCDrainStackTargetSize                   = 64                                        {product} {ergonomic}
   size_t InitialHeapSize                          = 257949696                                 {product} {ergonomic}
   size_t MarkStackSize                            = 4194304                                   {product} {ergonomic}
   size_t MaxHeapSize                              = 4127195136                                {product} {ergonomic}
   size_t MaxNewSize                               = 2474639360                                {product} {ergonomic}
   size_t MinHeapDeltaBytes                        = 2097152                                   {product} {ergonomic}
   size_t MinHeapSize                              = 8388608                                   {product} {ergonomic}
    uintx NonNMethodCodeHeapSize                   = 7602480                                {pd product} {ergonomic}
    uintx NonProfiledCodeHeapSize                  = 122027880                              {pd product} {ergonomic}
    uintx ProfiledCodeHeapSize                     = 122027880                              {pd product} {ergonomic}
    uintx ReservedCodeCacheSize                    = 251658240                              {pd product} {ergonomic}
     bool SegmentedCodeCache                       = true                                      {product} {ergonomic}
     bool ShowCodeDetailsInExceptionMessages       = true                                   {manageable} {command line}
   size_t SoftMaxHeapSize                          = 4127195136                             {manageable} {ergonomic}
     bool UseCompressedClassPointers               = true                           {product lp64_product} {ergonomic}
     bool UseCompressedOops                        = true                           {product lp64_product} {ergonomic}
     bool UseG1GC                                  = true                                      {product} {ergonomic}
     bool UseLargePagesIndividualAllocation        = false                                  {pd product} {ergonomic}

Logging:
Log output configuration:
 #0: stdout all=warning uptime,level,tags
 #1: stderr all=off uptime,level,tags

Environment Variables:
PATH=C:\Program Files\Common Files\Oracle\Java\javapath;C:\Windows\system32;C:\Windows;C:\Windows\System32\Wbem;C:\Windows\System32\WindowsPowerShell\v1.0\;C:\Windows\System32\OpenSSH\;C:\Program Files (x86)\NVIDIA Corporation\PhysX\Common;C:\Program Files\NVIDIA Corporation\NVIDIA NvDLISR;C:\Program Files\MATLAB\R2022a\bin;C:\Program Files\Gradle\gradle-7.4.2\bin;C:\Program Files\Git\cmd;C:\Users\grado\AppData\Local\Microsoft\WindowsApps;C:\Users\grado\AppData\Local\Programs\Microsoft VS Code\bin;C:\Users\grado\AppData\Local\GitHubDesktop\bin
USERNAME=grado
LANG=en_US.UTF-8
OS=Windows_NT
PROCESSOR_IDENTIFIER=AMD64 Family 23 Model 96 Stepping 1, AuthenticAMD



---------------  S Y S T E M  ---------------

OS:
 Windows 10 , 64 bit Build 19041 (10.0.19041.1706)
OS uptime: 11 days 19:06 hours

CPU: total 16 (initial active 16) (16 cores per cpu, 2 threads per core) family 23 model 96 stepping 1 microcode 0x0, cx8, cmov, fxsr, ht, mmx, 3dnowpref, sse, sse2, sse3, ssse3, sse4a, sse4.1, sse4.2, popcnt, lzcnt, tsc, tscinvbit, avx, avx2, aes, clmul, bmi1, bmi2, adx, sha, fma, vzeroupper, clflush, clflushopt

Memory: 4k page, system-wide physical 15741M (7289M free)
TotalPageFile size 36181M (AvailPageFile size 18880M)
current process WorkingSet (physical memory assigned to process): 696M, peak: 804M
current process commit charge ("private bytes"): 878M, peak: 996M

vm_info: OpenJDK 64-Bit Server VM (17.0.1+12) for windows-amd64 JRE (17.0.1+12), built on Oct 20 2021 07:42:55 by "" with MS VC++ 16.7 (VS2019)

END.
