#
# A fatal error has been detected by the Java Runtime Environment:
#
#  EXCEPTION_ACCESS_VIOLATION (0xc0000005) at pc=0x000001dd99ac0000, pid=10276, tid=16488
#
# JRE version: OpenJDK Runtime Environment Temurin-17.0.1+12 (17.0.1+12) (build 17.0.1+12)
# Java VM: OpenJDK 64-Bit Server VM Temurin-17.0.1+12 (17.0.1+12, mixed mode, sharing, tiered, compressed oops, compressed class ptrs, g1 gc, windows-amd64)
# Problematic frame:
# C  0x000001dd99ac0000
#
# No core dump will be written. Minidumps are not enabled by default on client versions of Windows
#
# If you would like to submit a bug report, please visit:
#   https://github.com/adoptium/adoptium-support/issues
# The crash happened outside the Java Virtual Machine in native code.
# See problematic frame for where to report the bug.
#

---------------  S U M M A R Y ------------

Command Line: -XX:+ShowCodeDetailsInExceptionMessages com.crazyputting3d.Main

Host: AMD Ryzen 7 4800H with Radeon Graphics         , 16 cores, 15G,  Windows 10 , 64 bit Build 19041 (10.0.19041.1706)
Time: Wed Jun 15 13:16:34 2022 Central European Daylight Time elapsed time: 37.164436 seconds (0d 0h 0m 37s)

---------------  T H R E A D  ---------------

Current thread (0x000001dd99b446c0):  JavaThread "main" [_thread_in_native, id=16488, stack(0x0000008128000000,0x0000008128100000)]

Stack: [0x0000008128000000,0x0000008128100000],  sp=0x00000081280feff8,  free space=1019k
Native frames: (J=compiled Java code, j=interpreted, Vv=VM code, C=native code)
C  0x000001dd99ac0000

Java frames: (J=compiled Java code, j=interpreted, Vv=VM code)
J 1185  org.lwjgl.system.JNI.invokePV(JJ)V (0 bytes) @ 0x000001dda92123ec [0x000001dda92123a0+0x000000000000004c]
J 2108 c1 org.lwjgl.glfw.GLFW.glfwSwapBuffers(J)V (21 bytes) @ 0x000001dda20d90ac [0x000001dda20d8fc0+0x00000000000000ec]
j  com.badlogic.gdx.backends.lwjgl3.Lwjgl3Window.update()Z+196
j  com.badlogic.gdx.backends.lwjgl3.Lwjgl3Application.loop()V+111
j  com.badlogic.gdx.backends.lwjgl3.Lwjgl3Application.<init>(Lcom/badlogic/gdx/ApplicationListener;Lcom/badlogic/gdx/backends/lwjgl3/Lwjgl3ApplicationConfiguration;)V+243
j  com.crazyputting3d.Main.main([Ljava/lang/String;)V+45
v  ~StubRoutines::call_stub

siginfo: EXCEPTION_ACCESS_VIOLATION (0xc0000005), data execution prevention violation at address 0x000001dd99ac0000


Register to memory mapping:

RIP=0x000001dd99ac0000 is an unknown value
RAX=0x000001dd99ac0000 is an unknown value
RBX=0x0000000000010001 is an unknown value
RCX=0x0000000000010001 is an unknown value
RDX=0x00000081280ff030 is pointing into the stack for thread: 0x000001dd99b446c0
RSP=0x00000081280feff8 is pointing into the stack for thread: 0x000001dd99b446c0
RBP=0x00000081280ff100 is pointing into the stack for thread: 0x000001dd99b446c0
RSI=0x0000000000000110 is an unknown value
RDI=0x00000000000011e7 is an unknown value
R8 =0x000001ddbe425330 points into unknown readable memory: 0x000001ddc1110410 | 10 04 11 c1 dd 01 00 00
R9 =0x00007ffd892d1b50 glfw.dll
R10=0x00007ffd932c1b10 lwjgl.dll
R11=0x00000081280ff468 is pointing into the stack for thread: 0x000001dd99b446c0
R12=0x0 is NULL
R13=0x00000081280ff568 is pointing into the stack for thread: 0x000001dd99b446c0
R14=0x00000081280ff4c0 is pointing into the stack for thread: 0x000001dd99b446c0
R15=0x000001dd99b446c0 is a thread


Registers:
RAX=0x000001dd99ac0000, RBX=0x0000000000010001, RCX=0x0000000000010001, RDX=0x00000081280ff030
RSP=0x00000081280feff8, RBP=0x00000081280ff100, RSI=0x0000000000000110, RDI=0x00000000000011e7
R8 =0x000001ddbe425330, R9 =0x00007ffd892d1b50, R10=0x00007ffd932c1b10, R11=0x00000081280ff468
R12=0x0000000000000000, R13=0x00000081280ff568, R14=0x00000081280ff4c0, R15=0x000001dd99b446c0
RIP=0x000001dd99ac0000, EFLAGS=0x0000000000010206

Top of Stack: (sp=0x00000081280feff8)
0x00000081280feff8:   00007ffd892d1f7c 000000070d177558
0x00000081280ff008:   0000140600000002 0000000700000014
0x00000081280ff018:   438c000041700000 000000070d8071c0
0x00000081280ff028:   000001dda1f67b7c 57464c4720656854
0x00000081280ff038:   7972617262696c20 20746f6e20736920
0x00000081280ff048:   696c616974696e69 000000810064657a
0x00000081280ff058:   00007ffd3d605e62 000001dd99b446c0
0x00000081280ff068:   0000000000000000 00000000000001cc
0x00000081280ff078:   000001dda16194fe 0000000000000000
0x00000081280ff088:   000000006e7020f4 000001dd99b44968
0x00000081280ff098:   00007ffd3d605481 000000070d4c3480
0x00000081280ff0a8:   000001dda920cf85 0000000000000003
0x00000081280ff0b8:   000000070d8071e0 000000070d7a5390
0x00000081280ff0c8:   000000070d7a5b90 000000070d807240
0x00000081280ff0d8:   000000070d177558 0000000000000002
0x00000081280ff0e8:   00007ffd22939d0a 00000081280ff480 

Instructions: (pc=0x000001dd99ac0000)
0x000001dd99abff00:   ?? ?? ?? ?? ?? ?? ?? ?? ?? ?? ?? ?? ?? ?? ?? ??
0x000001dd99abff10:   ?? ?? ?? ?? ?? ?? ?? ?? ?? ?? ?? ?? ?? ?? ?? ??
0x000001dd99abff20:   ?? ?? ?? ?? ?? ?? ?? ?? ?? ?? ?? ?? ?? ?? ?? ??
0x000001dd99abff30:   ?? ?? ?? ?? ?? ?? ?? ?? ?? ?? ?? ?? ?? ?? ?? ??
0x000001dd99abff40:   ?? ?? ?? ?? ?? ?? ?? ?? ?? ?? ?? ?? ?? ?? ?? ??
0x000001dd99abff50:   ?? ?? ?? ?? ?? ?? ?? ?? ?? ?? ?? ?? ?? ?? ?? ??
0x000001dd99abff60:   ?? ?? ?? ?? ?? ?? ?? ?? ?? ?? ?? ?? ?? ?? ?? ??
0x000001dd99abff70:   ?? ?? ?? ?? ?? ?? ?? ?? ?? ?? ?? ?? ?? ?? ?? ??
0x000001dd99abff80:   ?? ?? ?? ?? ?? ?? ?? ?? ?? ?? ?? ?? ?? ?? ?? ??
0x000001dd99abff90:   ?? ?? ?? ?? ?? ?? ?? ?? ?? ?? ?? ?? ?? ?? ?? ??
0x000001dd99abffa0:   ?? ?? ?? ?? ?? ?? ?? ?? ?? ?? ?? ?? ?? ?? ?? ??
0x000001dd99abffb0:   ?? ?? ?? ?? ?? ?? ?? ?? ?? ?? ?? ?? ?? ?? ?? ??
0x000001dd99abffc0:   ?? ?? ?? ?? ?? ?? ?? ?? ?? ?? ?? ?? ?? ?? ?? ??
0x000001dd99abffd0:   ?? ?? ?? ?? ?? ?? ?? ?? ?? ?? ?? ?? ?? ?? ?? ??
0x000001dd99abffe0:   ?? ?? ?? ?? ?? ?? ?? ?? ?? ?? ?? ?? ?? ?? ?? ??
0x000001dd99abfff0:   ?? ?? ?? ?? ?? ?? ?? ?? ?? ?? ?? ?? ?? ?? ?? ??
0x000001dd99ac0000:   ?? ?? ?? ?? ?? ?? ?? ?? ?? ?? ?? ?? ?? ?? ?? ??
0x000001dd99ac0010:   ?? ?? ?? ?? ?? ?? ?? ?? ?? ?? ?? ?? ?? ?? ?? ??
0x000001dd99ac0020:   ?? ?? ?? ?? ?? ?? ?? ?? ?? ?? ?? ?? ?? ?? ?? ??
0x000001dd99ac0030:   ?? ?? ?? ?? ?? ?? ?? ?? ?? ?? ?? ?? ?? ?? ?? ??
0x000001dd99ac0040:   ?? ?? ?? ?? ?? ?? ?? ?? ?? ?? ?? ?? ?? ?? ?? ??
0x000001dd99ac0050:   ?? ?? ?? ?? ?? ?? ?? ?? ?? ?? ?? ?? ?? ?? ?? ??
0x000001dd99ac0060:   ?? ?? ?? ?? ?? ?? ?? ?? ?? ?? ?? ?? ?? ?? ?? ??
0x000001dd99ac0070:   ?? ?? ?? ?? ?? ?? ?? ?? ?? ?? ?? ?? ?? ?? ?? ??
0x000001dd99ac0080:   ?? ?? ?? ?? ?? ?? ?? ?? ?? ?? ?? ?? ?? ?? ?? ??
0x000001dd99ac0090:   ?? ?? ?? ?? ?? ?? ?? ?? ?? ?? ?? ?? ?? ?? ?? ??
0x000001dd99ac00a0:   ?? ?? ?? ?? ?? ?? ?? ?? ?? ?? ?? ?? ?? ?? ?? ??
0x000001dd99ac00b0:   ?? ?? ?? ?? ?? ?? ?? ?? ?? ?? ?? ?? ?? ?? ?? ??
0x000001dd99ac00c0:   ?? ?? ?? ?? ?? ?? ?? ?? ?? ?? ?? ?? ?? ?? ?? ??
0x000001dd99ac00d0:   ?? ?? ?? ?? ?? ?? ?? ?? ?? ?? ?? ?? ?? ?? ?? ??
0x000001dd99ac00e0:   ?? ?? ?? ?? ?? ?? ?? ?? ?? ?? ?? ?? ?? ?? ?? ??
0x000001dd99ac00f0:   ?? ?? ?? ?? ?? ?? ?? ?? ?? ?? ?? ?? ?? ?? ?? ?? 


Stack slot to memory mapping:
stack at sp + 0 slots: 0x00007ffd892d1f7c glfw.dll
stack at sp + 1 slots: 0x000000070d177558 is an oop: com.badlogic.gdx.backends.lwjgl3.Lwjgl3GL20 
{0x000000070d177558} - klass: 'com/badlogic/gdx/backends/lwjgl3/Lwjgl3GL20'
 - ---- fields (total size 3 words):
 - private 'buffer' 'Ljava/nio/ByteBuffer;' @12  a 'java/nio/DirectByteBuffer'{0x000000070d177570} (e1a2eeae)
 - private 'floatBuffer' 'Ljava/nio/FloatBuffer;' @16  a 'java/nio/DirectFloatBufferU'{0x000000070d178560} (e1a2f0ac)
 - private 'intBuffer' 'Ljava/nio/IntBuffer;' @20  a 'java/nio/DirectIntBufferU'{0x000000070d178598} (e1a2f0b3)
stack at sp + 2 slots: 0x0000140600000002 is an unknown value
stack at sp + 3 slots: 0x0000000700000014 is an unknown value
stack at sp + 4 slots: 0x438c000041700000 is an unknown value
stack at sp + 5 slots: 0x000000070d8071c0 is an oop: com.badlogic.gdx.graphics.Mesh 
{0x000000070d8071c0} - klass: 'com/badlogic/gdx/graphics/Mesh'
 - ---- fields (total size 4 words):
 - 'autoBind' 'Z' @12  true
 - final 'isVertexArray' 'Z' @13  true
 - 'isInstanced' 'Z' @14  false
 - final 'vertices' 'Lcom/badlogic/gdx/graphics/glutils/VertexData;' @16  a 'com/badlogic/gdx/graphics/glutils/VertexArray'{0x000000070d8071e0} (e1b00e3c)
 - final 'indices' 'Lcom/badlogic/gdx/graphics/glutils/IndexData;' @20  a 'com/badlogic/gdx/graphics/glutils/IndexArray'{0x000000070d807308} (e1b00e61)
 - 'instances' 'Lcom/badlogic/gdx/graphics/glutils/InstanceData;' @24  NULL (0)
 - private final 'tmpV' 'Lcom/badlogic/gdx/math/Vector3;' @28  a 'com/badlogic/gdx/math/Vector3'{0x000000070d807358} (e1b00e6b)
stack at sp + 6 slots: 0x000001dda1f67b7c is at entry_point+2172 in (nmethod*)0x000001dda1f66f90
stack at sp + 7 slots: 0x57464c4720656854 is an unknown value


---------------  P R O C E S S  ---------------

Threads class SMR info:
_java_thread_list=0x000001ddc99c6500, length=14, elements={
0x000001dd99b446c0, 0x000001ddbd12afa0, 0x000001ddbd12d3c0, 0x000001ddbd143e30,
0x000001ddbd1447e0, 0x000001ddbd145930, 0x000001ddbd146a80, 0x000001ddbd149650,
0x000001ddbd14a7e0, 0x000001ddbdc36860, 0x000001ddbdd6f890, 0x000001ddbdd77b80,
0x000001ddc0fe86f0, 0x000001ddd6998030
}

Java Threads: ( => current thread )
=>0x000001dd99b446c0 JavaThread "main" [_thread_in_native, id=16488, stack(0x0000008128000000,0x0000008128100000)]
  0x000001ddbd12afa0 JavaThread "Reference Handler" daemon [_thread_blocked, id=2560, stack(0x0000008128700000,0x0000008128800000)]
  0x000001ddbd12d3c0 JavaThread "Finalizer" daemon [_thread_blocked, id=8200, stack(0x0000008128800000,0x0000008128900000)]
  0x000001ddbd143e30 JavaThread "Signal Dispatcher" daemon [_thread_blocked, id=26560, stack(0x0000008128900000,0x0000008128a00000)]
  0x000001ddbd1447e0 JavaThread "Attach Listener" daemon [_thread_blocked, id=26136, stack(0x0000008128a00000,0x0000008128b00000)]
  0x000001ddbd145930 JavaThread "Service Thread" daemon [_thread_blocked, id=9372, stack(0x0000008128b00000,0x0000008128c00000)]
  0x000001ddbd146a80 JavaThread "Monitor Deflation Thread" daemon [_thread_blocked, id=10320, stack(0x0000008128c00000,0x0000008128d00000)]
  0x000001ddbd149650 JavaThread "C2 CompilerThread0" daemon [_thread_blocked, id=18584, stack(0x0000008128d00000,0x0000008128e00000)]
  0x000001ddbd14a7e0 JavaThread "C1 CompilerThread0" daemon [_thread_blocked, id=25560, stack(0x0000008128e00000,0x0000008128f00000)]
  0x000001ddbdc36860 JavaThread "Sweeper thread" daemon [_thread_blocked, id=12216, stack(0x0000008128f00000,0x0000008129000000)]
  0x000001ddbdd6f890 JavaThread "Notification Thread" daemon [_thread_blocked, id=10484, stack(0x0000008129200000,0x0000008129300000)]
  0x000001ddbdd77b80 JavaThread "Common-Cleaner" daemon [_thread_blocked, id=25516, stack(0x0000008129400000,0x0000008129500000)]
  0x000001ddc0fe86f0 JavaThread "LWJGL3 Timer" daemon [_thread_blocked, id=5580, stack(0x0000008129e00000,0x0000008129f00000)]
  0x000001ddd6998030 JavaThread "LWJGL3 Timer" daemon [_thread_blocked, id=26568, stack(0x000000812b400000,0x000000812b500000)]

Other Threads:
  0x000001ddbd123cf0 VMThread "VM Thread" [stack: 0x0000008128600000,0x0000008128700000] [id=24532]
  0x000001ddbdd73d70 WatcherThread [stack: 0x0000008129300000,0x0000008129400000] [id=5592]
  0x000001dd99b9bc50 GCTaskThread "GC Thread#0" [stack: 0x0000008128100000,0x0000008128200000] [id=13140]
  0x000001ddc0f01f40 GCTaskThread "GC Thread#1" [stack: 0x0000008129d00000,0x0000008129e00000] [id=21736]
  0x000001ddc0f05500 GCTaskThread "GC Thread#2" [stack: 0x0000008129f00000,0x000000812a000000] [id=22272]
  0x000001ddc0f044e0 GCTaskThread "GC Thread#3" [stack: 0x000000812a000000,0x000000812a100000] [id=2844]
  0x000001ddc0f04fa0 GCTaskThread "GC Thread#4" [stack: 0x000000812a100000,0x000000812a200000] [id=23768]
  0x000001ddc0f021f0 GCTaskThread "GC Thread#5" [stack: 0x000000812a200000,0x000000812a300000] [id=26400]
  0x000001ddc0f02f60 GCTaskThread "GC Thread#6" [stack: 0x000000812a300000,0x000000812a400000] [id=20120]
  0x000001ddc8c988e0 GCTaskThread "GC Thread#7" [stack: 0x000000812ad00000,0x000000812ae00000] [id=772]
  0x000001dd99bad1a0 ConcurrentGCThread "G1 Main Marker" [stack: 0x0000008128200000,0x0000008128300000] [id=23960]
  0x000001dd99bae350 ConcurrentGCThread "G1 Conc#0" [stack: 0x0000008128300000,0x0000008128400000] [id=8504]
  0x000001ddbcfc44e0 ConcurrentGCThread "G1 Refine#0" [stack: 0x0000008128400000,0x0000008128500000] [id=22120]
  0x000001ddc8e45d10 ConcurrentGCThread "G1 Refine#1" [stack: 0x000000812ae00000,0x000000812af00000] [id=20764]
  0x000001ddc949b6d0 ConcurrentGCThread "G1 Refine#2" [stack: 0x000000812af00000,0x000000812b000000] [id=7880]
  0x000001ddc8ddc6f0 ConcurrentGCThread "G1 Refine#3" [stack: 0x000000812b000000,0x000000812b100000] [id=10512]
  0x000001ddcd91a800 ConcurrentGCThread "G1 Refine#4" [stack: 0x000000812b500000,0x000000812b600000] [id=14192]
  0x000001ddd4760cd0 ConcurrentGCThread "G1 Refine#5" [stack: 0x000000812b600000,0x000000812b700000] [id=12276]
  0x000001ddcef7c980 ConcurrentGCThread "G1 Refine#6" [stack: 0x000000812b700000,0x000000812b800000] [id=13316]
  0x000001ddc9623db0 ConcurrentGCThread "G1 Refine#7" [stack: 0x000000812b800000,0x000000812b900000] [id=19440]
  0x000001ddcdb75020 ConcurrentGCThread "G1 Refine#8" [stack: 0x000000812b900000,0x000000812ba00000] [id=13368]
  0x000001ddcfbd7c80 ConcurrentGCThread "G1 Refine#9" [stack: 0x000000812ba00000,0x000000812bb00000] [id=14652]
  0x000001ddcd433110 ConcurrentGCThread "G1 Refine#10" [stack: 0x000000812bb00000,0x000000812bc00000] [id=24100]
  0x000001ddcf858cd0 ConcurrentGCThread "G1 Refine#11" [stack: 0x000000812bc00000,0x000000812bd00000] [id=22640]
  0x000001ddcf5ac620 ConcurrentGCThread "G1 Refine#12" [stack: 0x000000812bd00000,0x000000812be00000] [id=23404]
  0x000001dd99c1af60 ConcurrentGCThread "G1 Service" [stack: 0x0000008128500000,0x0000008128600000] [id=14344]

Threads with active compile tasks:

VM state: not at safepoint (normal execution)

VM Mutex/Monitor currently owned by a thread: None

Heap address: 0x000000070a000000, size: 3936 MB, Compressed Oops mode: Zero based, Oop shift amount: 3

CDS archive(s) mapped at: [0x0000000800000000-0x0000000800bc0000-0x0000000800bc0000), size 12320768, SharedBaseAddress: 0x0000000800000000, ArchiveRelocationMode: 0.
Compressed class space mapped at: 0x0000000800c00000-0x0000000840c00000, reserved size: 1073741824
Narrow klass base: 0x0000000800000000, Narrow klass shift: 0, Narrow klass range: 0x100000000

GC Precious Log:
 CPUs: 16 total, 16 available
 Memory: 15741M
 Large Page Support: Disabled
 NUMA Support: Disabled
 Compressed Oops: Enabled (Zero based)
 Heap Region Size: 2M
 Heap Min Capacity: 8M
 Heap Initial Capacity: 246M
 Heap Max Capacity: 3936M
 Pre-touch: Disabled
 Parallel Workers: 13
 Concurrent Workers: 3
 Concurrent Refinement Workers: 13
 Periodic GC: Disabled

Heap:
 garbage-first heap   total 251904K, used 113730K [0x000000070a000000, 0x0000000800000000)
  region size 2048K, 27 young (55296K), 1 survivors (2048K)
 Metaspace       used 9921K, committed 10048K, reserved 1064960K
  class space    used 677K, committed 704K, reserved 1048576K

Heap Regions: E=young(eden), S=young(survivor), O=old, HS=humongous(starts), HC=humongous(continues), CS=collection set, F=free, OA=open archive, CA=closed archive, TAMS=top-at-mark-start (previous, next)
|   0|0x000000070a000000, 0x000000070a200000, 0x000000070a200000|100%| O|  |TAMS 0x000000070a000000, 0x000000070a000000| Untracked 
|   1|0x000000070a200000, 0x000000070a400000, 0x000000070a400000|100%|HS|  |TAMS 0x000000070a200000, 0x000000070a200000| Complete 
|   2|0x000000070a400000, 0x000000070a600000, 0x000000070a600000|100%|HS|  |TAMS 0x000000070a400000, 0x000000070a400000| Complete 
|   3|0x000000070a600000, 0x000000070a800000, 0x000000070a800000|100%| O|  |TAMS 0x000000070a600000, 0x000000070a600000| Untracked 
|   4|0x000000070a800000, 0x000000070aa00000, 0x000000070aa00000|100%| O|  |TAMS 0x000000070a800000, 0x000000070a800000| Untracked 
|   5|0x000000070aa00000, 0x000000070ac00000, 0x000000070ac00000|100%| O|  |TAMS 0x000000070aa00000, 0x000000070aa00000| Untracked 
|   6|0x000000070ac00000, 0x000000070ae00000, 0x000000070ae00000|100%| O|  |TAMS 0x000000070ac00000, 0x000000070ac00000| Untracked 
|   7|0x000000070ae00000, 0x000000070b000000, 0x000000070b000000|100%| O|  |TAMS 0x000000070ae00000, 0x000000070ae00000| Untracked 
|   8|0x000000070b000000, 0x000000070b200000, 0x000000070b200000|100%| O|  |TAMS 0x000000070b000000, 0x000000070b000000| Untracked 
|   9|0x000000070b200000, 0x000000070b400000, 0x000000070b400000|100%| O|  |TAMS 0x000000070b200000, 0x000000070b200000| Untracked 
|  10|0x000000070b400000, 0x000000070b600000, 0x000000070b600000|100%| O|  |TAMS 0x000000070b400000, 0x000000070b400000| Untracked 
|  11|0x000000070b600000, 0x000000070b800000, 0x000000070b800000|100%| O|  |TAMS 0x000000070b600000, 0x000000070b600000| Untracked 
|  12|0x000000070b800000, 0x000000070ba00000, 0x000000070ba00000|100%| O|  |TAMS 0x000000070b800000, 0x000000070b800000| Untracked 
|  13|0x000000070ba00000, 0x000000070bc00000, 0x000000070bc00000|100%| O|  |TAMS 0x000000070ba00000, 0x000000070ba00000| Untracked 
|  14|0x000000070bc00000, 0x000000070be00000, 0x000000070be00000|100%| O|  |TAMS 0x000000070bc00000, 0x000000070bc00000| Untracked 
|  15|0x000000070be00000, 0x000000070c000000, 0x000000070c000000|100%| O|  |TAMS 0x000000070be00000, 0x000000070be00000| Untracked 
|  16|0x000000070c000000, 0x000000070c200000, 0x000000070c200000|100%| O|  |TAMS 0x000000070c000000, 0x000000070c000000| Untracked 
|  17|0x000000070c200000, 0x000000070c400000, 0x000000070c400000|100%| O|  |TAMS 0x000000070c200000, 0x000000070c200000| Untracked 
|  18|0x000000070c400000, 0x000000070c600000, 0x000000070c600000|100%| O|  |TAMS 0x000000070c400000, 0x000000070c400000| Untracked 
|  19|0x000000070c600000, 0x000000070c800000, 0x000000070c800000|100%| O|  |TAMS 0x000000070c600000, 0x000000070c600000| Untracked 
|  20|0x000000070c800000, 0x000000070ca00000, 0x000000070ca00000|100%| O|  |TAMS 0x000000070c800000, 0x000000070c800000| Untracked 
|  21|0x000000070ca00000, 0x000000070cc00000, 0x000000070cc00000|100%| O|  |TAMS 0x000000070ca00000, 0x000000070ca00000| Untracked 
|  22|0x000000070cc00000, 0x000000070ce00000, 0x000000070ce00000|100%| O|  |TAMS 0x000000070cc00000, 0x000000070cc00000| Untracked 
|  23|0x000000070ce00000, 0x000000070d000000, 0x000000070d000000|100%| O|  |TAMS 0x000000070ce00000, 0x000000070ce00000| Untracked 
|  24|0x000000070d000000, 0x000000070d200000, 0x000000070d200000|100%| O|  |TAMS 0x000000070d000000, 0x000000070d000000| Untracked 
|  25|0x000000070d200000, 0x000000070d400000, 0x000000070d400000|100%| O|  |TAMS 0x000000070d200000, 0x000000070d200000| Untracked 
|  26|0x000000070d400000, 0x000000070d600000, 0x000000070d600000|100%| O|  |TAMS 0x000000070d400000, 0x000000070d400000| Untracked 
|  27|0x000000070d600000, 0x000000070d800000, 0x000000070d800000|100%| O|  |TAMS 0x000000070d600000, 0x000000070d600000| Untracked 
|  28|0x000000070d800000, 0x000000070da00000, 0x000000070da00000|100%| O|  |TAMS 0x000000070d800000, 0x000000070d800000| Untracked 
|  29|0x000000070da00000, 0x000000070dc00000, 0x000000070dc00000|100%| O|  |TAMS 0x000000070da00000, 0x000000070da00000| Untracked 
|  30|0x000000070dc00000, 0x000000070dc00000, 0x000000070de00000|  0%| F|  |TAMS 0x000000070dc00000, 0x000000070dc00000| Untracked 
|  31|0x000000070de00000, 0x000000070de00000, 0x000000070e000000|  0%| F|  |TAMS 0x000000070de00000, 0x000000070de00000| Untracked 
|  32|0x000000070e000000, 0x000000070e000000, 0x000000070e200000|  0%| F|  |TAMS 0x000000070e000000, 0x000000070e000000| Untracked 
|  33|0x000000070e200000, 0x000000070e200000, 0x000000070e400000|  0%| F|  |TAMS 0x000000070e200000, 0x000000070e200000| Untracked 
|  34|0x000000070e400000, 0x000000070e400000, 0x000000070e600000|  0%| F|  |TAMS 0x000000070e400000, 0x000000070e400000| Untracked 
|  35|0x000000070e600000, 0x000000070e600000, 0x000000070e800000|  0%| F|  |TAMS 0x000000070e600000, 0x000000070e600000| Untracked 
|  36|0x000000070e800000, 0x000000070e800000, 0x000000070ea00000|  0%| F|  |TAMS 0x000000070e800000, 0x000000070e800000| Untracked 
|  37|0x000000070ea00000, 0x000000070ea00000, 0x000000070ec00000|  0%| F|  |TAMS 0x000000070ea00000, 0x000000070ea00000| Untracked 
|  38|0x000000070ec00000, 0x000000070ec00000, 0x000000070ee00000|  0%| F|  |TAMS 0x000000070ec00000, 0x000000070ec00000| Untracked 
|  39|0x000000070ee00000, 0x000000070ee00000, 0x000000070f000000|  0%| F|  |TAMS 0x000000070ee00000, 0x000000070ee00000| Untracked 
|  40|0x000000070f000000, 0x000000070f000000, 0x000000070f200000|  0%| F|  |TAMS 0x000000070f000000, 0x000000070f000000| Untracked 
|  41|0x000000070f200000, 0x000000070f200000, 0x000000070f400000|  0%| F|  |TAMS 0x000000070f200000, 0x000000070f200000| Untracked 
|  42|0x000000070f400000, 0x000000070f400000, 0x000000070f600000|  0%| F|  |TAMS 0x000000070f400000, 0x000000070f400000| Untracked 
|  43|0x000000070f600000, 0x000000070f600000, 0x000000070f800000|  0%| F|  |TAMS 0x000000070f600000, 0x000000070f600000| Untracked 
|  44|0x000000070f800000, 0x000000070f800000, 0x000000070fa00000|  0%| F|  |TAMS 0x000000070f800000, 0x000000070f800000| Untracked 
|  45|0x000000070fa00000, 0x000000070fa00000, 0x000000070fc00000|  0%| F|  |TAMS 0x000000070fa00000, 0x000000070fa00000| Untracked 
|  46|0x000000070fc00000, 0x000000070fc00000, 0x000000070fe00000|  0%| F|  |TAMS 0x000000070fc00000, 0x000000070fc00000| Untracked 
|  47|0x000000070fe00000, 0x000000070fe00000, 0x0000000710000000|  0%| F|  |TAMS 0x000000070fe00000, 0x000000070fe00000| Untracked 
|  48|0x0000000710000000, 0x0000000710000000, 0x0000000710200000|  0%| F|  |TAMS 0x0000000710000000, 0x0000000710000000| Untracked 
|  49|0x0000000710200000, 0x0000000710200000, 0x0000000710400000|  0%| F|  |TAMS 0x0000000710200000, 0x0000000710200000| Untracked 
|  50|0x0000000710400000, 0x0000000710400000, 0x0000000710600000|  0%| F|  |TAMS 0x0000000710400000, 0x0000000710400000| Untracked 
|  51|0x0000000710600000, 0x0000000710600000, 0x0000000710800000|  0%| F|  |TAMS 0x0000000710600000, 0x0000000710600000| Untracked 
|  52|0x0000000710800000, 0x0000000710800000, 0x0000000710a00000|  0%| F|  |TAMS 0x0000000710800000, 0x0000000710800000| Untracked 
|  53|0x0000000710a00000, 0x0000000710a00000, 0x0000000710c00000|  0%| F|  |TAMS 0x0000000710a00000, 0x0000000710a00000| Untracked 
|  54|0x0000000710c00000, 0x0000000710c00000, 0x0000000710e00000|  0%| F|  |TAMS 0x0000000710c00000, 0x0000000710c00000| Untracked 
|  55|0x0000000710e00000, 0x0000000710e00000, 0x0000000711000000|  0%| F|  |TAMS 0x0000000710e00000, 0x0000000710e00000| Untracked 
|  56|0x0000000711000000, 0x0000000711000000, 0x0000000711200000|  0%| F|  |TAMS 0x0000000711000000, 0x0000000711000000| Untracked 
|  57|0x0000000711200000, 0x0000000711200000, 0x0000000711400000|  0%| F|  |TAMS 0x0000000711200000, 0x0000000711200000| Untracked 
|  58|0x0000000711400000, 0x0000000711400000, 0x0000000711600000|  0%| F|  |TAMS 0x0000000711400000, 0x0000000711400000| Untracked 
|  59|0x0000000711600000, 0x0000000711600000, 0x0000000711800000|  0%| F|  |TAMS 0x0000000711600000, 0x0000000711600000| Untracked 
|  60|0x0000000711800000, 0x0000000711800000, 0x0000000711a00000|  0%| F|  |TAMS 0x0000000711800000, 0x0000000711800000| Untracked 
|  61|0x0000000711a00000, 0x0000000711a00000, 0x0000000711c00000|  0%| F|  |TAMS 0x0000000711a00000, 0x0000000711a00000| Untracked 
|  62|0x0000000711c00000, 0x0000000711c00000, 0x0000000711e00000|  0%| F|  |TAMS 0x0000000711c00000, 0x0000000711c00000| Untracked 
|  63|0x0000000711e00000, 0x0000000711e00000, 0x0000000712000000|  0%| F|  |TAMS 0x0000000711e00000, 0x0000000711e00000| Untracked 
|  64|0x0000000712000000, 0x0000000712000000, 0x0000000712200000|  0%| F|  |TAMS 0x0000000712000000, 0x0000000712000000| Untracked 
|  65|0x0000000712200000, 0x0000000712200000, 0x0000000712400000|  0%| F|  |TAMS 0x0000000712200000, 0x0000000712200000| Untracked 
|  66|0x0000000712400000, 0x0000000712400000, 0x0000000712600000|  0%| F|  |TAMS 0x0000000712400000, 0x0000000712400000| Untracked 
|  67|0x0000000712600000, 0x0000000712600000, 0x0000000712800000|  0%| F|  |TAMS 0x0000000712600000, 0x0000000712600000| Untracked 
|  68|0x0000000712800000, 0x0000000712800000, 0x0000000712a00000|  0%| F|  |TAMS 0x0000000712800000, 0x0000000712800000| Untracked 
|  69|0x0000000712a00000, 0x0000000712a00000, 0x0000000712c00000|  0%| F|  |TAMS 0x0000000712a00000, 0x0000000712a00000| Untracked 
|  70|0x0000000712c00000, 0x0000000712c00000, 0x0000000712e00000|  0%| F|  |TAMS 0x0000000712c00000, 0x0000000712c00000| Untracked 
|  71|0x0000000712e00000, 0x0000000712e00000, 0x0000000713000000|  0%| F|  |TAMS 0x0000000712e00000, 0x0000000712e00000| Untracked 
|  72|0x0000000713000000, 0x0000000713000000, 0x0000000713200000|  0%| F|  |TAMS 0x0000000713000000, 0x0000000713000000| Untracked 
|  73|0x0000000713200000, 0x0000000713200000, 0x0000000713400000|  0%| F|  |TAMS 0x0000000713200000, 0x0000000713200000| Untracked 
|  74|0x0000000713400000, 0x0000000713400000, 0x0000000713600000|  0%| F|  |TAMS 0x0000000713400000, 0x0000000713400000| Untracked 
|  75|0x0000000713600000, 0x0000000713600000, 0x0000000713800000|  0%| F|  |TAMS 0x0000000713600000, 0x0000000713600000| Untracked 
|  76|0x0000000713800000, 0x0000000713800000, 0x0000000713a00000|  0%| F|  |TAMS 0x0000000713800000, 0x0000000713800000| Untracked 
|  77|0x0000000713a00000, 0x0000000713a00000, 0x0000000713c00000|  0%| F|  |TAMS 0x0000000713a00000, 0x0000000713a00000| Untracked 
|  78|0x0000000713c00000, 0x0000000713c00000, 0x0000000713e00000|  0%| F|  |TAMS 0x0000000713c00000, 0x0000000713c00000| Untracked 
|  79|0x0000000713e00000, 0x0000000713e00000, 0x0000000714000000|  0%| F|  |TAMS 0x0000000713e00000, 0x0000000713e00000| Untracked 
|  80|0x0000000714000000, 0x0000000714000000, 0x0000000714200000|  0%| F|  |TAMS 0x0000000714000000, 0x0000000714000000| Untracked 
|  81|0x0000000714200000, 0x0000000714200000, 0x0000000714400000|  0%| F|  |TAMS 0x0000000714200000, 0x0000000714200000| Untracked 
|  82|0x0000000714400000, 0x0000000714400000, 0x0000000714600000|  0%| F|  |TAMS 0x0000000714400000, 0x0000000714400000| Untracked 
|  83|0x0000000714600000, 0x0000000714600000, 0x0000000714800000|  0%| F|  |TAMS 0x0000000714600000, 0x0000000714600000| Untracked 
|  84|0x0000000714800000, 0x0000000714800000, 0x0000000714a00000|  0%| F|  |TAMS 0x0000000714800000, 0x0000000714800000| Untracked 
|  85|0x0000000714a00000, 0x0000000714a00000, 0x0000000714c00000|  0%| F|  |TAMS 0x0000000714a00000, 0x0000000714a00000| Untracked 
|  86|0x0000000714c00000, 0x0000000714c00000, 0x0000000714e00000|  0%| F|  |TAMS 0x0000000714c00000, 0x0000000714c00000| Untracked 
|  87|0x0000000714e00000, 0x0000000714e00000, 0x0000000715000000|  0%| F|  |TAMS 0x0000000714e00000, 0x0000000714e00000| Untracked 
|  88|0x0000000715000000, 0x0000000715000000, 0x0000000715200000|  0%| F|  |TAMS 0x0000000715000000, 0x0000000715000000| Untracked 
|  89|0x0000000715200000, 0x0000000715200000, 0x0000000715400000|  0%| F|  |TAMS 0x0000000715200000, 0x0000000715200000| Untracked 
|  90|0x0000000715400000, 0x0000000715400000, 0x0000000715600000|  0%| F|  |TAMS 0x0000000715400000, 0x0000000715400000| Untracked 
|  91|0x0000000715600000, 0x0000000715600000, 0x0000000715800000|  0%| F|  |TAMS 0x0000000715600000, 0x0000000715600000| Untracked 
|  92|0x0000000715800000, 0x0000000715800000, 0x0000000715a00000|  0%| F|  |TAMS 0x0000000715800000, 0x0000000715800000| Untracked 
|  93|0x0000000715a00000, 0x0000000715a00000, 0x0000000715c00000|  0%| F|  |TAMS 0x0000000715a00000, 0x0000000715a00000| Untracked 
|  94|0x0000000715c00000, 0x0000000715c00000, 0x0000000715e00000|  0%| F|  |TAMS 0x0000000715c00000, 0x0000000715c00000| Untracked 
|  95|0x0000000715e00000, 0x0000000715e00000, 0x0000000716000000|  0%| F|  |TAMS 0x0000000715e00000, 0x0000000715e00000| Untracked 
|  96|0x0000000716000000, 0x0000000716200000, 0x0000000716200000|100%| E|  |TAMS 0x0000000716000000, 0x0000000716000000| Complete 
|  97|0x0000000716200000, 0x0000000716400000, 0x0000000716400000|100%| E|CS|TAMS 0x0000000716200000, 0x0000000716200000| Complete 
|  98|0x0000000716400000, 0x0000000716600000, 0x0000000716600000|100%| E|CS|TAMS 0x0000000716400000, 0x0000000716400000| Complete 
|  99|0x0000000716600000, 0x0000000716800000, 0x0000000716800000|100%| E|CS|TAMS 0x0000000716600000, 0x0000000716600000| Complete 
| 100|0x0000000716800000, 0x0000000716a00000, 0x0000000716a00000|100%| E|CS|TAMS 0x0000000716800000, 0x0000000716800000| Complete 
| 101|0x0000000716a00000, 0x0000000716c00000, 0x0000000716c00000|100%| E|CS|TAMS 0x0000000716a00000, 0x0000000716a00000| Complete 
| 102|0x0000000716c00000, 0x0000000716e00000, 0x0000000716e00000|100%| E|CS|TAMS 0x0000000716c00000, 0x0000000716c00000| Complete 
| 103|0x0000000716e00000, 0x0000000717000000, 0x0000000717000000|100%| E|CS|TAMS 0x0000000716e00000, 0x0000000716e00000| Complete 
| 104|0x0000000717000000, 0x0000000717200000, 0x0000000717200000|100%| E|CS|TAMS 0x0000000717000000, 0x0000000717000000| Complete 
| 105|0x0000000717200000, 0x0000000717310a90, 0x0000000717400000| 53%| S|CS|TAMS 0x0000000717200000, 0x0000000717200000| Complete 
| 106|0x0000000717400000, 0x0000000717600000, 0x0000000717600000|100%| E|CS|TAMS 0x0000000717400000, 0x0000000717400000| Complete 
| 107|0x0000000717600000, 0x0000000717800000, 0x0000000717800000|100%| E|CS|TAMS 0x0000000717600000, 0x0000000717600000| Complete 
| 108|0x0000000717800000, 0x0000000717a00000, 0x0000000717a00000|100%| E|CS|TAMS 0x0000000717800000, 0x0000000717800000| Complete 
| 109|0x0000000717a00000, 0x0000000717c00000, 0x0000000717c00000|100%| E|CS|TAMS 0x0000000717a00000, 0x0000000717a00000| Complete 
| 110|0x0000000717c00000, 0x0000000717e00000, 0x0000000717e00000|100%| E|CS|TAMS 0x0000000717c00000, 0x0000000717c00000| Complete 
| 111|0x0000000717e00000, 0x0000000718000000, 0x0000000718000000|100%| E|CS|TAMS 0x0000000717e00000, 0x0000000717e00000| Complete 
| 112|0x0000000718000000, 0x0000000718200000, 0x0000000718200000|100%| E|CS|TAMS 0x0000000718000000, 0x0000000718000000| Complete 
| 113|0x0000000718200000, 0x0000000718400000, 0x0000000718400000|100%| E|CS|TAMS 0x0000000718200000, 0x0000000718200000| Complete 
| 114|0x0000000718400000, 0x0000000718600000, 0x0000000718600000|100%| E|CS|TAMS 0x0000000718400000, 0x0000000718400000| Complete 
| 115|0x0000000718600000, 0x0000000718800000, 0x0000000718800000|100%| E|CS|TAMS 0x0000000718600000, 0x0000000718600000| Complete 
| 116|0x0000000718800000, 0x0000000718a00000, 0x0000000718a00000|100%| E|CS|TAMS 0x0000000718800000, 0x0000000718800000| Complete 
| 117|0x0000000718a00000, 0x0000000718c00000, 0x0000000718c00000|100%| E|CS|TAMS 0x0000000718a00000, 0x0000000718a00000| Complete 
| 118|0x0000000718c00000, 0x0000000718e00000, 0x0000000718e00000|100%| E|CS|TAMS 0x0000000718c00000, 0x0000000718c00000| Complete 
| 119|0x0000000718e00000, 0x0000000719000000, 0x0000000719000000|100%| E|CS|TAMS 0x0000000718e00000, 0x0000000718e00000| Complete 
| 120|0x0000000719000000, 0x0000000719200000, 0x0000000719200000|100%| E|CS|TAMS 0x0000000719000000, 0x0000000719000000| Complete 
| 121|0x0000000719200000, 0x0000000719400000, 0x0000000719400000|100%| E|CS|TAMS 0x0000000719200000, 0x0000000719200000| Complete 
| 122|0x0000000719400000, 0x0000000719600000, 0x0000000719600000|100%| E|CS|TAMS 0x0000000719400000, 0x0000000719400000| Complete 

Card table byte_map: [0x000001ddb1660000,0x000001ddb1e10000] _byte_map_base: 0x000001ddade10000

Marking Bits (Prev, Next): (CMBitMap*) 0x000001dd99b9d270, (CMBitMap*) 0x000001dd99b9d2b0
 Prev Bits: [0x000001ddb25c0000, 0x000001ddb6340000)
 Next Bits: [0x000001ddb6340000, 0x000001ddba0c0000)

Polling page: 0x000001dd97b60000

Metaspace:

Usage:
  Non-class:      9.03 MB used.
      Class:    677.55 KB used.
       Both:      9.69 MB used.

Virtual space:
  Non-class space:       16.00 MB reserved,       9.12 MB ( 57%) committed,  2 nodes.
      Class space:        1.00 GB reserved,     704.00 KB ( <1%) committed,  1 nodes.
             Both:        1.02 GB reserved,       9.81 MB ( <1%) committed. 

Chunk freelists:
   Non-Class:  688.00 KB
       Class:  3.19 MB
        Both:  3.86 MB

MaxMetaspaceSize: unlimited
CompressedClassSpaceSize: 1.00 GB
Initial GC threshold: 21.00 MB
Current GC threshold: 21.00 MB
CDS: on
MetaspaceReclaimPolicy: balanced
 - commit_granule_bytes: 65536.
 - commit_granule_words: 8192.
 - virtual_space_node_default_size: 1048576.
 - enlarge_chunks_in_place: 1.
 - new_chunks_are_fully_committed: 0.
 - uncommit_free_chunks: 1.
 - use_allocation_guard: 0.
 - handle_deallocations: 1.


Internal statistics:

num_allocs_failed_limit: 0.
num_arena_births: 44.
num_arena_deaths: 0.
num_vsnodes_births: 3.
num_vsnodes_deaths: 0.
num_space_committed: 155.
num_space_uncommitted: 0.
num_chunks_returned_to_freelist: 0.
num_chunks_taken_from_freelist: 321.
num_chunk_merges: 0.
num_chunk_splits: 271.
num_chunks_enlarged: 248.
num_purges: 0.
num_inconsistent_stats: 0.

CodeHeap 'non-profiled nmethods': size=119168Kb used=2150Kb max_used=2150Kb free=117017Kb
 bounds [0x000001dda91b0000, 0x000001dda9420000, 0x000001ddb0610000]
CodeHeap 'profiled nmethods': size=119104Kb used=4037Kb max_used=4037Kb free=115066Kb
 bounds [0x000001dda1d60000, 0x000001dda2160000, 0x000001dda91b0000]
CodeHeap 'non-nmethods': size=7488Kb used=1653Kb max_used=3396Kb free=5834Kb
 bounds [0x000001dda1610000, 0x000001dda19e0000, 0x000001dda1d60000]
 total_blobs=3367 nmethods=2270 adapters=1010
 compilation: enabled
              stopped_count=0, restarted_count=0
 full_count=0

Compilation events (20 events):
Event: 31.668 Thread 0x000001ddbd149650 2296       4       com.badlogic.gdx.utils.TimSort::ensureCapacity (97 bytes)
Event: 31.671 Thread 0x000001ddbd149650 nmethod 2296 0x000001dda93a7c90 code [0x000001dda93a7e20, 0x000001dda93a80f8]
Event: 31.998 Thread 0x000001ddbd149650 2297       4       com.badlogic.gdx.graphics.g2d.BitmapFontCache::draw (73 bytes)
Event: 32.006 Thread 0x000001ddbd149650 nmethod 2297 0x000001dda93a8210 code [0x000001dda93a8400, 0x000001dda93a8b28]
Event: 32.542 Thread 0x000001ddbd149650 2298       4       com.badlogic.gdx.utils.Pool::free (68 bytes)
Event: 32.596 Thread 0x000001ddbd149650 nmethod 2298 0x000001dda93a9190 code [0x000001dda93a9500, 0x000001dda93ab6e8]
Event: 33.492 Thread 0x000001ddbd149650 2299       4       com.badlogic.gdx.graphics.g2d.BitmapFont::draw (31 bytes)
Event: 33.569 Thread 0x000001ddbd149650 nmethod 2299 0x000001dda93acb90 code [0x000001dda93acee0, 0x000001dda93af108]
Event: 33.659 Thread 0x000001ddbd149650 2300       4       com.badlogic.gdx.graphics.g2d.GlyphLayout$GlyphRun::reset (20 bytes)
Event: 33.661 Thread 0x000001ddbd149650 nmethod 2300 0x000001dda93b0b90 code [0x000001dda93b0d20, 0x000001dda93b0f18]
Event: 33.859 Thread 0x000001ddbd149650 2301       4       com.badlogic.gdx.graphics.g2d.BitmapFontCache::requirePageGlyphs (115 bytes)
Event: 33.861 Thread 0x000001ddbd149650 nmethod 2301 0x000001dda93b1110 code [0x000001dda93b12a0, 0x000001dda93b1418]
Event: 34.022 Thread 0x000001ddbd149650 2302       4       java.util.regex.Matcher::search (154 bytes)
Event: 34.032 Thread 0x000001ddbd149650 nmethod 2302 0x000001dda93b1590 code [0x000001dda93b1720, 0x000001dda93b1b18]
Event: 34.143 Thread 0x000001ddbd149650 2303       4       com.badlogic.gdx.graphics.g3d.utils.ModelBuilder::createBox (29 bytes)
Event: 34.385 Thread 0x000001ddbd149650 nmethod 2303 0x000001dda93b1e10 code [0x000001dda93b2620, 0x000001dda93ba108]
Event: 34.385 Thread 0x000001ddbd149650 2304       4       com.badlogic.gdx.graphics.g3d.utils.shapebuilders.BoxShapeBuilder::build (11 bytes)
Event: 34.631 Thread 0x000001ddbd149650 nmethod 2304 0x000001dda93be210 code [0x000001dda93be9e0, 0x000001dda93c5b80]
Event: 34.631 Thread 0x000001ddbd149650 2305       4       com.crazyputting3d.Engine.physicsEngine::h (17 bytes)
Event: 34.631 Thread 0x000001ddbd149650 nmethod 2305 0x000001dda93c9710 code [0x000001dda93c9880, 0x000001dda93c98f8]

GC Heap History (10 events):
Event: 2.918 GC heap before
{Heap before GC invocations=0 (full 0):
 garbage-first heap   total 251904K, used 20480K [0x000000070a000000, 0x0000000800000000)
  region size 2048K, 11 young (22528K), 0 survivors (0K)
 Metaspace       used 7324K, committed 7424K, reserved 1064960K
  class space    used 455K, committed 512K, reserved 1048576K
}
Event: 2.930 GC heap after
{Heap after GC invocations=1 (full 0):
 garbage-first heap   total 251904K, used 2463K [0x000000070a000000, 0x0000000800000000)
  region size 2048K, 2 young (4096K), 2 survivors (4096K)
 Metaspace       used 7324K, committed 7424K, reserved 1064960K
  class space    used 455K, committed 512K, reserved 1048576K
}
Event: 5.506 GC heap before
{Heap before GC invocations=1 (full 0):
 garbage-first heap   total 251904K, used 43423K [0x000000070a000000, 0x0000000800000000)
  region size 2048K, 19 young (38912K), 2 survivors (4096K)
 Metaspace       used 9322K, committed 9472K, reserved 1064960K
  class space    used 640K, committed 704K, reserved 1048576K
}
Event: 5.526 GC heap after
{Heap after GC invocations=2 (full 0):
 garbage-first heap   total 251904K, used 23130K [0x000000070a000000, 0x0000000800000000)
  region size 2048K, 3 young (6144K), 3 survivors (6144K)
 Metaspace       used 9322K, committed 9472K, reserved 1064960K
  class space    used 640K, committed 704K, reserved 1048576K
}
Event: 6.449 GC heap before
{Heap before GC invocations=2 (full 0):
 garbage-first heap   total 251904K, used 76378K [0x000000070a000000, 0x0000000800000000)
  region size 2048K, 29 young (59392K), 3 survivors (6144K)
 Metaspace       used 9689K, committed 9792K, reserved 1064960K
  class space    used 675K, committed 704K, reserved 1048576K
}
Event: 6.477 GC heap after
{Heap after GC invocations=3 (full 0):
 garbage-first heap   total 251904K, used 58833K [0x000000070a000000, 0x0000000800000000)
  region size 2048K, 4 young (8192K), 4 survivors (8192K)
 Metaspace       used 9689K, committed 9792K, reserved 1064960K
  class space    used 675K, committed 704K, reserved 1048576K
}
Event: 7.922 GC heap before
{Heap before GC invocations=3 (full 0):
 garbage-first heap   total 251904K, used 62929K [0x000000070a000000, 0x0000000800000000)
  region size 2048K, 6 young (12288K), 4 survivors (8192K)
 Metaspace       used 9743K, committed 9792K, reserved 1064960K
  class space    used 675K, committed 704K, reserved 1048576K
}
Event: 7.935 GC heap after
{Heap after GC invocations=4 (full 0):
 garbage-first heap   total 251904K, used 62595K [0x000000070a000000, 0x0000000800000000)
  region size 2048K, 1 young (2048K), 1 survivors (2048K)
 Metaspace       used 9743K, committed 9792K, reserved 1064960K
  class space    used 675K, committed 704K, reserved 1048576K
}
Event: 18.946 GC heap before
{Heap before GC invocations=4 (full 0):
 garbage-first heap   total 251904K, used 95363K [0x000000070a000000, 0x0000000800000000)
  region size 2048K, 17 young (34816K), 1 survivors (2048K)
 Metaspace       used 9886K, committed 9984K, reserved 1064960K
  class space    used 675K, committed 704K, reserved 1048576K
}
Event: 18.948 GC heap after
{Heap after GC invocations=5 (full 0):
 garbage-first heap   total 251904K, used 62530K [0x000000070a000000, 0x0000000800000000)
  region size 2048K, 1 young (2048K), 1 survivors (2048K)
 Metaspace       used 9886K, committed 9984K, reserved 1064960K
  class space    used 675K, committed 704K, reserved 1048576K
}

Deoptimization events (20 events):
Event: 6.927 Thread 0x000001dd99b446c0 DEOPT PACKING pc=0x000001dda20a5688 sp=0x00000081280fee20
Event: 6.927 Thread 0x000001dd99b446c0 DEOPT UNPACKING pc=0x000001dda1662b43 sp=0x00000081280fe2f8 mode 0
Event: 6.928 Thread 0x000001dd99b446c0 DEOPT PACKING pc=0x000001dda20a5688 sp=0x00000081280fee20
Event: 6.928 Thread 0x000001dd99b446c0 DEOPT UNPACKING pc=0x000001dda1662b43 sp=0x00000081280fe2f8 mode 0
Event: 6.929 Thread 0x000001dd99b446c0 DEOPT PACKING pc=0x000001dda20a5688 sp=0x00000081280fee20
Event: 6.929 Thread 0x000001dd99b446c0 DEOPT UNPACKING pc=0x000001dda1662b43 sp=0x00000081280fe2f8 mode 0
Event: 6.929 Thread 0x000001dd99b446c0 DEOPT PACKING pc=0x000001dda20a5688 sp=0x00000081280fee20
Event: 6.929 Thread 0x000001dd99b446c0 DEOPT UNPACKING pc=0x000001dda1662b43 sp=0x00000081280fe2f8 mode 0
Event: 6.931 Thread 0x000001dd99b446c0 DEOPT PACKING pc=0x000001dda20a5688 sp=0x00000081280fee20
Event: 6.931 Thread 0x000001dd99b446c0 DEOPT UNPACKING pc=0x000001dda1662b43 sp=0x00000081280fe2f8 mode 0
Event: 6.990 Thread 0x000001dd99b446c0 DEOPT PACKING pc=0x000001dda209e7c7 sp=0x00000081280ff040
Event: 6.990 Thread 0x000001dd99b446c0 DEOPT UNPACKING pc=0x000001dda1662b43 sp=0x00000081280fe720 mode 0
Event: 7.621 Thread 0x000001dd99b446c0 Uncommon trap: trap_request=0xffffff45 fr.pc=0x000001dda9299f18 relative=0x0000000000000098
Event: 7.621 Thread 0x000001dd99b446c0 Uncommon trap: reason=unstable_if action=reinterpret pc=0x000001dda9299f18 method=com.badlogic.gdx.utils.IntArray.add(I)V @ 11 c2
Event: 7.621 Thread 0x000001dd99b446c0 DEOPT PACKING pc=0x000001dda9299f18 sp=0x00000081280fe260
Event: 7.621 Thread 0x000001dd99b446c0 DEOPT UNPACKING pc=0x000001dda16623a3 sp=0x00000081280fe200 mode 2
Event: 10.009 Thread 0x000001dd99b446c0 DEOPT PACKING pc=0x000001dda20ce305 sp=0x00000081280fecb0
Event: 10.009 Thread 0x000001dd99b446c0 DEOPT UNPACKING pc=0x000001dda1662b43 sp=0x00000081280fe1b0 mode 0
Event: 10.333 Thread 0x000001dd99b446c0 DEOPT PACKING pc=0x000001dda1f5c807 sp=0x00000081280fee80
Event: 10.333 Thread 0x000001dd99b446c0 DEOPT UNPACKING pc=0x000001dda1662b43 sp=0x00000081280fe3e8 mode 0

Classes unloaded (0 events):
No events

Classes redefined (0 events):
No events

Internal exceptions (20 events):
Event: 0.307 Thread 0x000001dd99b446c0 Exception <a 'java/lang/NoSuchMethodError'{0x0000000718e06798}: 'void java.lang.invoke.DirectMethodHandle$Holder.invokeStatic(java.lang.Object, java.lang.Object)'> (0x0000000718e06798) 
thrown [e:\jenkins\tmp\workspace\build\src\src\hotspot\share\interpreter\linkResolver.cpp, line 766]
Event: 0.308 Thread 0x000001dd99b446c0 Exception <a 'java/lang/NoSuchMethodError'{0x0000000718e0bfe0}: 'void java.lang.invoke.DirectMethodHandle$Holder.invokeSpecial(java.lang.Object, java.lang.Object, java.lang.Object)'> (0x0000000718e0bfe0) 
thrown [e:\jenkins\tmp\workspace\build\src\src\hotspot\share\interpreter\linkResolver.cpp, line 766]
Event: 0.312 Thread 0x000001dd99b446c0 Exception <a 'java/lang/NoSuchMethodError'{0x0000000718e1f368}: 'java.lang.Object java.lang.invoke.DirectMethodHandle$Holder.invokeStatic(java.lang.Object, java.lang.Object, int)'> (0x0000000718e1f368) 
thrown [e:\jenkins\tmp\workspace\build\src\src\hotspot\share\interpreter\linkResolver.cpp, line 766]
Event: 0.314 Thread 0x000001dd99b446c0 Exception <a 'java/lang/NoSuchMethodError'{0x0000000718e2b0d8}: 'void java.lang.invoke.DelegatingMethodHandle$Holder.delegate(java.lang.Object, java.lang.Object, int, java.lang.Object)'> (0x0000000718e2b0d8) 
thrown [e:\jenkins\tmp\workspace\build\src\src\hotspot\share\interpreter\linkResolver.cpp, line 766]
Event: 0.314 Thread 0x000001dd99b446c0 Exception <a 'java/lang/NoSuchMethodError'{0x0000000718e2f318}: 'int java.lang.invoke.DirectMethodHandle$Holder.invokeSpecial(java.lang.Object, java.lang.Object, java.lang.Object)'> (0x0000000718e2f318) 
thrown [e:\jenkins\tmp\workspace\build\src\src\hotspot\share\interpreter\linkResolver.cpp, line 766]
Event: 0.368 Thread 0x000001dd99b446c0 Exception <a 'sun/nio/fs/WindowsException'{0x0000000718ed5db0}> (0x0000000718ed5db0) 
thrown [e:\jenkins\tmp\workspace\build\src\src\hotspot\share\prims\jni.cpp, line 516]
Event: 0.368 Thread 0x000001dd99b446c0 Exception <a 'sun/nio/fs/WindowsException'{0x0000000718ed6308}> (0x0000000718ed6308) 
thrown [e:\jenkins\tmp\workspace\build\src\src\hotspot\share\prims\jni.cpp, line 516]
Event: 0.413 Thread 0x000001dd99b446c0 Exception <a 'sun/nio/fs/WindowsException'{0x0000000718fc5ea0}> (0x0000000718fc5ea0) 
thrown [e:\jenkins\tmp\workspace\build\src\src\hotspot\share\prims\jni.cpp, line 516]
Event: 0.413 Thread 0x000001dd99b446c0 Exception <a 'sun/nio/fs/WindowsException'{0x0000000718fc6240}> (0x0000000718fc6240) 
thrown [e:\jenkins\tmp\workspace\build\src\src\hotspot\share\prims\jni.cpp, line 516]
Event: 0.460 Thread 0x000001dd99b446c0 Exception <a 'sun/nio/fs/WindowsException'{0x0000000718c74d68}> (0x0000000718c74d68) 
thrown [e:\jenkins\tmp\workspace\build\src\src\hotspot\share\prims\jni.cpp, line 516]
Event: 0.460 Thread 0x000001dd99b446c0 Exception <a 'sun/nio/fs/WindowsException'{0x0000000718c750d8}> (0x0000000718c750d8) 
thrown [e:\jenkins\tmp\workspace\build\src\src\hotspot\share\prims\jni.cpp, line 516]
Event: 0.543 Thread 0x000001dd99b446c0 Exception <a 'sun/nio/fs/WindowsException'{0x0000000718cfbda8}> (0x0000000718cfbda8) 
thrown [e:\jenkins\tmp\workspace\build\src\src\hotspot\share\prims\jni.cpp, line 516]
Event: 0.543 Thread 0x000001dd99b446c0 Exception <a 'sun/nio/fs/WindowsException'{0x0000000718cfc130}> (0x0000000718cfc130) 
thrown [e:\jenkins\tmp\workspace\build\src\src\hotspot\share\prims\jni.cpp, line 516]
Event: 1.317 Thread 0x000001dd99b446c0 Exception <a 'sun/nio/fs/WindowsException'{0x0000000718ade0e8}> (0x0000000718ade0e8) 
thrown [e:\jenkins\tmp\workspace\build\src\src\hotspot\share\prims\jni.cpp, line 516]
Event: 1.317 Thread 0x000001dd99b446c0 Exception <a 'sun/nio/fs/WindowsException'{0x0000000718ade498}> (0x0000000718ade498) 
thrown [e:\jenkins\tmp\workspace\build\src\src\hotspot\share\prims\jni.cpp, line 516]
Event: 1.321 Thread 0x000001dd99b446c0 Exception <a 'sun/nio/fs/WindowsException'{0x0000000718aea820}> (0x0000000718aea820) 
thrown [e:\jenkins\tmp\workspace\build\src\src\hotspot\share\prims\jni.cpp, line 516]
Event: 1.321 Thread 0x000001dd99b446c0 Exception <a 'sun/nio/fs/WindowsException'{0x0000000718aeab08}> (0x0000000718aeab08) 
thrown [e:\jenkins\tmp\workspace\build\src\src\hotspot\share\prims\jni.cpp, line 516]
Event: 5.632 Thread 0x000001dd99b446c0 Implicit null exception at 0x000001dda92213bf to 0x000001dda922149c
Event: 6.132 Thread 0x000001dd99b446c0 Implicit null exception at 0x000001dda926bf62 to 0x000001dda926c190
Event: 6.133 Thread 0x000001dd99b446c0 Implicit null exception at 0x000001dda926b490 to 0x000001dda926b4c0

VM Operations (20 events):
Event: 27.952 Executing VM operation: Cleanup
Event: 27.952 Executing VM operation: Cleanup done
Event: 28.953 Executing VM operation: Cleanup
Event: 28.953 Executing VM operation: Cleanup done
Event: 29.954 Executing VM operation: Cleanup
Event: 29.954 Executing VM operation: Cleanup done
Event: 30.954 Executing VM operation: Cleanup
Event: 30.954 Executing VM operation: Cleanup done
Event: 31.954 Executing VM operation: Cleanup
Event: 31.954 Executing VM operation: Cleanup done
Event: 32.955 Executing VM operation: Cleanup
Event: 32.955 Executing VM operation: Cleanup done
Event: 33.955 Executing VM operation: Cleanup
Event: 33.955 Executing VM operation: Cleanup done
Event: 34.955 Executing VM operation: Cleanup
Event: 34.956 Executing VM operation: Cleanup done
Event: 35.956 Executing VM operation: Cleanup
Event: 35.956 Executing VM operation: Cleanup done
Event: 36.956 Executing VM operation: Cleanup
Event: 36.956 Executing VM operation: Cleanup done

Events (20 events):
Event: 7.609 Thread 0x000001ddbe3b3ee0 Thread exited: 0x000001ddbe3b3ee0
Event: 9.040 Thread 0x000001ddbe3b39d0 Thread exited: 0x000001ddbe3b39d0
Event: 9.761 Thread 0x000001ddbe3b2400 Thread exited: 0x000001ddbe3b2400
Event: 9.771 Thread 0x000001ddbdd44320 Thread exited: 0x000001ddbdd44320
Event: 10.548 Thread 0x000001ddd3888580 Thread added: 0x000001ddd3888580
Event: 10.754 Thread 0x000001ddd3888070 Thread added: 0x000001ddd3888070
Event: 10.754 Thread 0x000001ddd388b820 Thread added: 0x000001ddd388b820
Event: 11.209 Thread 0x000001ddd388b820 Thread exited: 0x000001ddd388b820
Event: 11.792 Thread 0x000001ddd3888070 Thread exited: 0x000001ddd3888070
Event: 13.148 Thread 0x000001ddd3888580 Thread exited: 0x000001ddd3888580
Event: 14.820 Thread 0x000001ddd3889ed0 Thread added: 0x000001ddd3889ed0
Event: 15.603 Thread 0x000001ddd3889ed0 Thread exited: 0x000001ddd3889ed0
Event: 18.461 Thread 0x000001ddd388b820 Thread added: 0x000001ddd388b820
Event: 18.461 Thread 0x000001ddd388ae00 Thread added: 0x000001ddd388ae00
Event: 18.461 Thread 0x000001ddd3888070 Thread added: 0x000001ddd3888070
Event: 19.453 Thread 0x000001ddd3888070 Thread exited: 0x000001ddd3888070
Event: 19.453 Thread 0x000001ddd388ae00 Thread exited: 0x000001ddd388ae00
Event: 19.753 Thread 0x000001ddd388b820 Thread exited: 0x000001ddd388b820
Event: 30.541 Thread 0x000001ddd38899c0 Thread added: 0x000001ddd38899c0
Event: 31.669 Thread 0x000001ddd38899c0 Thread exited: 0x000001ddd38899c0


Dynamic libraries:
0x00007ff7440e0000 - 0x00007ff7440ee000 	C:\Program Files\Eclipse Adoptium\jdk-17.0.1.12-hotspot\bin\java.exe
0x00007ffdc5cd0000 - 0x00007ffdc5ec5000 	C:\Windows\SYSTEM32\ntdll.dll
0x00007ffdc4060000 - 0x00007ffdc411d000 	C:\Windows\System32\KERNEL32.DLL
0x00007ffdc3720000 - 0x00007ffdc39ed000 	C:\Windows\System32\KERNELBASE.dll
0x00007ffdc33b0000 - 0x00007ffdc34b0000 	C:\Windows\System32\ucrtbase.dll
0x00007ffdaa510000 - 0x00007ffdaa528000 	C:\Program Files\Eclipse Adoptium\jdk-17.0.1.12-hotspot\bin\jli.dll
0x00007ffdaa4f0000 - 0x00007ffdaa509000 	C:\Program Files\Eclipse Adoptium\jdk-17.0.1.12-hotspot\bin\VCRUNTIME140.dll
0x00007ffdc5530000 - 0x00007ffdc56d0000 	C:\Windows\System32\USER32.dll
0x00007ffdc3c20000 - 0x00007ffdc3c42000 	C:\Windows\System32\win32u.dll
0x00007ffdc5bd0000 - 0x00007ffdc5bfa000 	C:\Windows\System32\GDI32.dll
0x00007ffdad620000 - 0x00007ffdad8ba000 	C:\Windows\WinSxS\amd64_microsoft.windows.common-controls_6595b64144ccf1df_6.0.19041.1110_none_60b5254171f9507e\COMCTL32.dll
0x00007ffdc3610000 - 0x00007ffdc371b000 	C:\Windows\System32\gdi32full.dll
0x00007ffdc5190000 - 0x00007ffdc522e000 	C:\Windows\System32\msvcrt.dll
0x00007ffdc39f0000 - 0x00007ffdc3a8d000 	C:\Windows\System32\msvcp_win.dll
0x00007ffdc4eb0000 - 0x00007ffdc4ee0000 	C:\Windows\System32\IMM32.DLL
0x00007ffdbd440000 - 0x00007ffdbd44c000 	C:\Program Files\Eclipse Adoptium\jdk-17.0.1.12-hotspot\bin\vcruntime140_1.dll
0x00007ffd93330000 - 0x00007ffd933c1000 	C:\Program Files\Eclipse Adoptium\jdk-17.0.1.12-hotspot\bin\msvcp140.dll
0x00007ffd3d230000 - 0x00007ffd3de76000 	C:\Program Files\Eclipse Adoptium\jdk-17.0.1.12-hotspot\bin\server\jvm.dll
0x00007ffdc3fb0000 - 0x00007ffdc405e000 	C:\Windows\System32\ADVAPI32.dll
0x00007ffdc3e80000 - 0x00007ffdc3f1c000 	C:\Windows\System32\sechost.dll
0x00007ffdc3d50000 - 0x00007ffdc3e75000 	C:\Windows\System32\RPCRT4.dll
0x00007ffdc4ee0000 - 0x00007ffdc4ee8000 	C:\Windows\System32\PSAPI.DLL
0x00007ffdb8890000 - 0x00007ffdb88b7000 	C:\Windows\SYSTEM32\WINMM.dll
0x00007ffda5c00000 - 0x00007ffda5c09000 	C:\Windows\SYSTEM32\WSOCK32.dll
0x00007ffdbc260000 - 0x00007ffdbc26a000 	C:\Windows\SYSTEM32\VERSION.dll
0x00007ffdc52e0000 - 0x00007ffdc534b000 	C:\Windows\System32\WS2_32.dll
0x00007ffdc1c40000 - 0x00007ffdc1c52000 	C:\Windows\SYSTEM32\kernel.appcore.dll
0x00007ffdb17a0000 - 0x00007ffdb17aa000 	C:\Program Files\Eclipse Adoptium\jdk-17.0.1.12-hotspot\bin\jimage.dll
0x00007ffdc1a30000 - 0x00007ffdc1c14000 	C:\Windows\SYSTEM32\DBGHELP.DLL
0x00007ffdb8de0000 - 0x00007ffdb8e0c000 	C:\Windows\SYSTEM32\dbgcore.DLL
0x00007ffdc3a90000 - 0x00007ffdc3b12000 	C:\Windows\System32\bcryptPrimitives.dll
0x00007ffda3bf0000 - 0x00007ffda3c15000 	C:\Program Files\Eclipse Adoptium\jdk-17.0.1.12-hotspot\bin\java.dll
0x00007ffd63bc0000 - 0x00007ffd63c96000 	C:\Program Files\Eclipse Adoptium\jdk-17.0.1.12-hotspot\bin\svml.dll
0x00007ffdc4120000 - 0x00007ffdc4864000 	C:\Windows\System32\SHELL32.dll
0x00007ffdc1150000 - 0x00007ffdc18e4000 	C:\Windows\SYSTEM32\windows.storage.dll
0x00007ffdc5870000 - 0x00007ffdc5bc4000 	C:\Windows\System32\combase.dll
0x00007ffdc2e10000 - 0x00007ffdc2e3c000 	C:\Windows\SYSTEM32\Wldp.dll
0x00007ffdc5230000 - 0x00007ffdc52dd000 	C:\Windows\System32\SHCORE.dll
0x00007ffdc3cf0000 - 0x00007ffdc3d45000 	C:\Windows\System32\shlwapi.dll
0x00007ffdc32f0000 - 0x00007ffdc330f000 	C:\Windows\SYSTEM32\profapi.dll
0x00007ffda1600000 - 0x00007ffda1619000 	C:\Program Files\Eclipse Adoptium\jdk-17.0.1.12-hotspot\bin\net.dll
0x00007ffdb4be0000 - 0x00007ffdb4cea000 	C:\Windows\SYSTEM32\WINHTTP.dll
0x00007ffdc2b70000 - 0x00007ffdc2bda000 	C:\Windows\system32\mswsock.dll
0x00007ffda1520000 - 0x00007ffda1535000 	C:\Program Files\Eclipse Adoptium\jdk-17.0.1.12-hotspot\bin\nio.dll
0x00007ffdaa3b0000 - 0x00007ffdaa3c8000 	C:\Program Files\Eclipse Adoptium\jdk-17.0.1.12-hotspot\bin\zip.dll
0x000000006e700000 - 0x000000006e72a000 	C:\Users\grado\AppData\Local\Temp\libgdxgrado\e1cd32f8\gdx64.dll
0x00007ffd932c0000 - 0x00007ffd93324000 	C:\Users\grado\AppData\Local\Temp\lwjglgrado\3.2.3-build-13\lwjgl.dll
0x00007ffd572e0000 - 0x00007ffd57533000 	C:\Users\grado\AppData\Local\Temp\lwjglgrado\3.2.3-build-13\jemalloc.dll
0x00007ffd892d0000 - 0x00007ffd89332000 	C:\Users\grado\AppData\Local\Temp\lwjglgrado\3.2.3-build-13\glfw.dll
0x00007ffdc0870000 - 0x00007ffdc090e000 	C:\Windows\system32\uxtheme.dll
0x00007ffd88880000 - 0x00007ffd888c5000 	C:\Windows\SYSTEM32\dinput8.dll
0x00007ffda1660000 - 0x00007ffda1671000 	C:\Windows\SYSTEM32\xinput1_4.dll
0x00007ffdc3b20000 - 0x00007ffdc3b6e000 	C:\Windows\System32\cfgmgr32.dll
0x00007ffdc3160000 - 0x00007ffdc318c000 	C:\Windows\SYSTEM32\DEVOBJ.dll
0x00007ffdc0a00000 - 0x00007ffdc0a2f000 	C:\Windows\SYSTEM32\dwmapi.dll
0x00007ffda8c80000 - 0x00007ffda8dd2000 	C:\Windows\SYSTEM32\inputhost.dll
0x00007ffdc4d70000 - 0x00007ffdc4e3d000 	C:\Windows\System32\OLEAUT32.dll
0x00007ffdc0500000 - 0x00007ffdc05f2000 	C:\Windows\SYSTEM32\CoreMessaging.dll
0x00007ffdbfad0000 - 0x00007ffdbfc24000 	C:\Windows\SYSTEM32\wintypes.dll
0x00007ffdbe990000 - 0x00007ffdbea86000 	C:\Windows\SYSTEM32\PROPSYS.dll
0x00007ffdc01a0000 - 0x00007ffdc04fe000 	C:\Windows\SYSTEM32\CoreUIComponents.dll
0x00007ffdc20b0000 - 0x00007ffdc20e3000 	C:\Windows\SYSTEM32\ntmarta.dll
0x00007ffdc5750000 - 0x00007ffdc5865000 	C:\Windows\System32\MSCTF.dll
0x00007ffdc18f0000 - 0x00007ffdc18fd000 	C:\Windows\SYSTEM32\HID.DLL
0x00007ffdc4870000 - 0x00007ffdc4ce1000 	C:\Windows\System32\SETUPAPI.DLL
0x00007ffdc3c50000 - 0x00007ffdc3c77000 	C:\Windows\System32\bcrypt.dll
0x00007ffdc3c80000 - 0x00007ffdc3ce8000 	C:\Windows\System32\WINTRUST.dll
0x00007ffdc34b0000 - 0x00007ffdc3606000 	C:\Windows\System32\CRYPT32.dll
0x00007ffdc2fa0000 - 0x00007ffdc2fb2000 	C:\Windows\SYSTEM32\MSASN1.dll
0x00007ffd43470000 - 0x00007ffd4357b000 	C:\Users\grado\AppData\Local\Temp\lwjglgrado\3.2.3-build-13\OpenAL.dll
0x00007ffdc5400000 - 0x00007ffdc552a000 	C:\Windows\System32\ole32.dll
0x00007ffdc5350000 - 0x00007ffdc53f9000 	C:\Windows\System32\clbcatq.dll
0x00007ffdbb510000 - 0x00007ffdbb595000 	C:\Windows\System32\MMDevApi.dll
0x00007ffdbbda0000 - 0x00007ffdbbf22000 	C:\Windows\SYSTEM32\AUDIOSES.DLL
0x00007ffdc2930000 - 0x00007ffdc297b000 	C:\Windows\SYSTEM32\powrprof.dll
0x00007ffdc27f0000 - 0x00007ffdc2802000 	C:\Windows\SYSTEM32\UMPDC.dll
0x00007ffdc0a30000 - 0x00007ffdc0a44000 	C:\Windows\SYSTEM32\resourcepolicyclient.dll
0x00007ffd22910000 - 0x00007ffd22a36000 	C:\Windows\SYSTEM32\opengl32.dll
0x00007ffd228e0000 - 0x00007ffd2290c000 	C:\Windows\SYSTEM32\GLU32.dll
0x00007ffdbc2e0000 - 0x00007ffdbc3d7000 	C:\Windows\System32\AppXDeploymentClient.dll
0x00007ffda0e80000 - 0x00007ffda0eaa000 	C:\Windows\System32\DriverStore\FileRepository\u0361612.inf_amd64_b679e02f70413f9f\B361368\atig6pxx.dll
0x00007ffcfa390000 - 0x00007ffcfd076000 	C:\Windows\System32\DriverStore\FileRepository\u0361612.inf_amd64_b679e02f70413f9f\B361368\atio6axx.dll
0x00007ffd86690000 - 0x00007ffd866b4000 	C:\Windows\SYSTEM32\dxva2.dll
0x00007ffd79060000 - 0x00007ffd7909c000 	C:\Windows\System32\DriverStore\FileRepository\u0361612.inf_amd64_b679e02f70413f9f\B361368\atig6txx.dll
0x00007ffd432b0000 - 0x00007ffd43469000 	C:\Windows\SYSTEM32\atiadlxx.dll
0x00007ffdb9380000 - 0x00007ffdb93bb000 	C:\Windows\SYSTEM32\dxcore.dll
0x00007ffd77010000 - 0x00007ffd77069000 	C:\Users\grado\AppData\Local\Temp\lwjglgrado\3.2.3-build-13\lwjgl_opengl.dll
0x00007ffda93b0000 - 0x00007ffda94a9000 	C:\Windows\SYSTEM32\textinputframework.dll

dbghelp: loaded successfully - version: 4.0.5 - missing functions: none
symbol engine: initialized successfully - sym options: 0x614 - pdb path: .;C:\Program Files\Eclipse Adoptium\jdk-17.0.1.12-hotspot\bin;C:\Windows\SYSTEM32;C:\Windows\WinSxS\amd64_microsoft.windows.common-controls_6595b64144ccf1df_6.0.19041.1110_none_60b5254171f9507e;C:\Program Files\Eclipse Adoptium\jdk-17.0.1.12-hotspot\bin\server;C:\Users\grado\AppData\Local\Temp\libgdxgrado\e1cd32f8;C:\Users\grado\AppData\Local\Temp\lwjglgrado\3.2.3-build-13;C:\Windows\System32\DriverStore\FileRepository\u0361612.inf_amd64_b679e02f70413f9f\B361368

VM Arguments:
jvm_args: -XX:+ShowCodeDetailsInExceptionMessages 
java_command: com.crazyputting3d.Main
java_class_path (initial): C:\Users\grado\Desktop\Group-04\3dcrazyputting\desktop\bin\main;\CrazyPutting3D-core\bin\default;C:\Users\grado\Desktop\Group-04\3dcrazyputting\core\bin\main;C:\Users\grado\.gradle\caches\modules-2\files-2.1\com.badlogicgames.gdx\gdx-backend-lwjgl3\1.10.0\600c7d5b2c977daa82c4abad147087b31e0ada87\gdx-backend-lwjgl3-1.10.0.jar;C:\Users\grado\.gradle\caches\modules-2\files-2.1\com.badlogicgames.gdx\gdx-platform\1.10.0\9a8fa793d2fd6d360afc6c9e4c1f5583da263b88\gdx-platform-1.10.0-natives-desktop.jar;C:\Users\grado\.gradle\caches\modules-2\files-2.1\com.badlogicgames.gdx\gdx-bullet-platform\1.10.0\ce92e8dfc762523d769cbc50853163c03bf98cf1\gdx-bullet-platform-1.10.0-natives-desktop.jar;C:\Users\grado\.gradle\caches\modules-2\files-2.1\com.badlogicgames.gdx\gdx-freetype-platform\1.10.0\6e5d28752759e69384f12e4569d2c884ff71352f\gdx-freetype-platform-1.10.0-natives-desktop.jar;C:\Users\grado\.gradle\caches\modules-2\files-2.1\com.badlogicgames.gdx-controllers\gdx-controllers-desktop\2.2.1\cb3430c32468a090eca54d494d16bb3764ceff9b\gdx-controllers-desktop-2.2.1.jar;C:\Users\grado\.gradle\caches\modules-2\files-2.1\org.jetbrains\annotations\20.1.0\2fcd1f3225bca0c4a7bc931142076f8c1e80993f\annotations-20.1.0.jar;C:\Users\grado\.gradle\caches\modules-2\files-2.1\com.badlogicgames.gdx\gdx-bullet\1.10.0\839b58c7278f5c3b55291c3a559d91227400ecdb\gdx-bullet-1.10.0.jar;C:\Users\grado\.gradle\caches\modules-2\files-2.1\com.badlogicgames.gdx\gdx-freetype\1.10.0\de1d0d5c1e92e8d91364256fd6b7bb279d3e9859\gdx-freetype-1.10.0.jar;C:\Users\grado\.gradle\caches\modules-2\files-2.1\com.badlogicgames.gdx\gdx-ai\1.8.2\ab75d2ce80ab1b1ce6828a15dc0f417abac4c674\gdx-ai-1.8.2.jar;C:\Users\grado\.gradle\caches\modules-2\files-2.1\com.badlogicgames.ashley\ashley\1.7.4\21a3a8932919099c4e5006a7d8378dcbe76ef8a5\ashley-1.7.4.jar;C:\Users\grado\.gradle\caches\modules-2\files-2.1\com.badlogicgames.box2dlights\box2dlights\1.5\6902dbcd250c95a27973aa24a147a95b3828d348\box2dlights-1.5.jar;C
Launcher Type: SUN_STANDARD

[Global flags]
     intx CICompilerCount                          = 12                                        {product} {ergonomic}
     uint ConcGCThreads                            = 3                                         {product} {ergonomic}
     uint G1ConcRefinementThreads                  = 13                                        {product} {ergonomic}
   size_t G1HeapRegionSize                         = 2097152                                   {product} {ergonomic}
    uintx GCDrainStackTargetSize                   = 64                                        {product} {ergonomic}
   size_t InitialHeapSize                          = 257949696                                 {product} {ergonomic}
   size_t MarkStackSize                            = 4194304                                   {product} {ergonomic}
   size_t MaxHeapSize                              = 4127195136                                {product} {ergonomic}
   size_t MaxNewSize                               = 2474639360                                {product} {ergonomic}
   size_t MinHeapDeltaBytes                        = 2097152                                   {product} {ergonomic}
   size_t MinHeapSize                              = 8388608                                   {product} {ergonomic}
    uintx NonNMethodCodeHeapSize                   = 7602480                                {pd product} {ergonomic}
    uintx NonProfiledCodeHeapSize                  = 122027880                              {pd product} {ergonomic}
    uintx ProfiledCodeHeapSize                     = 122027880                              {pd product} {ergonomic}
    uintx ReservedCodeCacheSize                    = 251658240                              {pd product} {ergonomic}
     bool SegmentedCodeCache                       = true                                      {product} {ergonomic}
     bool ShowCodeDetailsInExceptionMessages       = true                                   {manageable} {command line}
   size_t SoftMaxHeapSize                          = 4127195136                             {manageable} {ergonomic}
     bool UseCompressedClassPointers               = true                           {product lp64_product} {ergonomic}
     bool UseCompressedOops                        = true                           {product lp64_product} {ergonomic}
     bool UseG1GC                                  = true                                      {product} {ergonomic}
     bool UseLargePagesIndividualAllocation        = false                                  {pd product} {ergonomic}

Logging:
Log output configuration:
 #0: stdout all=warning uptime,level,tags
 #1: stderr all=off uptime,level,tags

Environment Variables:
PATH=C:\Program Files\Common Files\Oracle\Java\javapath;C:\Windows\system32;C:\Windows;C:\Windows\System32\Wbem;C:\Windows\System32\WindowsPowerShell\v1.0\;C:\Windows\System32\OpenSSH\;C:\Program Files (x86)\NVIDIA Corporation\PhysX\Common;C:\Program Files\NVIDIA Corporation\NVIDIA NvDLISR;C:\Program Files\MATLAB\R2022a\bin;C:\Program Files\Gradle\gradle-7.4.2\bin;C:\Program Files\Git\cmd;C:\Users\grado\AppData\Local\Microsoft\WindowsApps;C:\Users\grado\AppData\Local\Programs\Microsoft VS Code\bin;C:\Users\grado\AppData\Local\GitHubDesktop\bin
USERNAME=grado
LANG=en_US.UTF-8
OS=Windows_NT
PROCESSOR_IDENTIFIER=AMD64 Family 23 Model 96 Stepping 1, AuthenticAMD



---------------  S Y S T E M  ---------------

OS:
 Windows 10 , 64 bit Build 19041 (10.0.19041.1706)
OS uptime: 9 days 12:51 hours

CPU: total 16 (initial active 16) (16 cores per cpu, 2 threads per core) family 23 model 96 stepping 1 microcode 0x0, cx8, cmov, fxsr, ht, mmx, 3dnowpref, sse, sse2, sse3, ssse3, sse4a, sse4.1, sse4.2, popcnt, lzcnt, tsc, tscinvbit, avx, avx2, aes, clmul, bmi1, bmi2, adx, sha, fma, vzeroupper, clflush, clflushopt

Memory: 4k page, system-wide physical 15741M (5981M free)
TotalPageFile size 22653M (AvailPageFile size 6259M)
current process WorkingSet (physical memory assigned to process): 326M, peak: 440M
current process commit charge ("private bytes"): 616M, peak: 745M

vm_info: OpenJDK 64-Bit Server VM (17.0.1+12) for windows-amd64 JRE (17.0.1+12), built on Oct 20 2021 07:42:55 by "" with MS VC++ 16.7 (VS2019)

END.
