#
# A fatal error has been detected by the Java Runtime Environment:
#
#  EXCEPTION_ACCESS_VIOLATION (0xc0000005) at pc=0x000002c1c13f0000, pid=25184, tid=5632
#
# JRE version: OpenJDK Runtime Environment Temurin-17.0.1+12 (17.0.1+12) (build 17.0.1+12)
# Java VM: OpenJDK 64-Bit Server VM Temurin-17.0.1+12 (17.0.1+12, mixed mode, sharing, tiered, compressed oops, compressed class ptrs, g1 gc, windows-amd64)
# Problematic frame:
# C  0x000002c1c13f0000
#
# No core dump will be written. Minidumps are not enabled by default on client versions of Windows
#
# If you would like to submit a bug report, please visit:
#   https://github.com/adoptium/adoptium-support/issues
# The crash happened outside the Java Virtual Machine in native code.
# See problematic frame for where to report the bug.
#

---------------  S U M M A R Y ------------

Command Line: -XX:+ShowCodeDetailsInExceptionMessages com.crazyputting3d.Main

Host: AMD Ryzen 7 4800H with Radeon Graphics         , 16 cores, 15G,  Windows 10 , 64 bit Build 19041 (10.0.19041.1706)
Time: Fri Jun 17 17:40:45 2022 Central European Daylight Time elapsed time: 45.059276 seconds (0d 0h 0m 45s)

---------------  T H R E A D  ---------------

Current thread (0x000002c19de8fc20):  JavaThread "main" [_thread_in_native, id=5632, stack(0x000000e713c00000,0x000000e713d00000)]

Stack: [0x000000e713c00000,0x000000e713d00000],  sp=0x000000e713cfecd8,  free space=1019k
Native frames: (J=compiled Java code, j=interpreted, Vv=VM code, C=native code)
C  0x000002c1c13f0000

Java frames: (J=compiled Java code, j=interpreted, Vv=VM code)
J 1237  org.lwjgl.system.JNI.invokePV(JJ)V (0 bytes) @ 0x000002c1ad55b26c [0x000002c1ad55b220+0x000000000000004c]
J 2113 c1 org.lwjgl.glfw.GLFW.glfwSwapBuffers(J)V (21 bytes) @ 0x000002c1a644d72c [0x000002c1a644d640+0x00000000000000ec]
j  com.badlogic.gdx.backends.lwjgl3.Lwjgl3Window.update()Z+196
j  com.badlogic.gdx.backends.lwjgl3.Lwjgl3Application.loop()V+111
j  com.badlogic.gdx.backends.lwjgl3.Lwjgl3Application.<init>(Lcom/badlogic/gdx/ApplicationListener;Lcom/badlogic/gdx/backends/lwjgl3/Lwjgl3ApplicationConfiguration;)V+243
j  com.crazyputting3d.Main.main([Ljava/lang/String;)V+41
v  ~StubRoutines::call_stub

siginfo: EXCEPTION_ACCESS_VIOLATION (0xc0000005), data execution prevention violation at address 0x000002c1c13f0000


Register to memory mapping:

RIP=0x000002c1c13f0000 is an unknown value
RAX=0x000002c1c13f0000 is an unknown value
RBX=0x0000000000010001 is an unknown value
RCX=0x0000000000010001 is an unknown value
RDX=0x000000e713cfed10 is pointing into the stack for thread: 0x000002c19de8fc20
RSP=0x000000e713cfecd8 is pointing into the stack for thread: 0x000002c19de8fc20
RBP=0x000000e713cfede0 is pointing into the stack for thread: 0x000002c19de8fc20
RSI=0x0000000000000110 is an unknown value
RDI=0x0000000000001fef is an unknown value
R8 =0x000002c1c22f8480 points into unknown readable memory: 0x000002c1c266c020 | 20 c0 66 c2 c1 02 00 00
R9 =0x00007ffdb1951b50 glfw.dll
R10=0x00007ffdb19c1b10 lwjgl.dll
R11=0x000000e713cff148 is pointing into the stack for thread: 0x000002c19de8fc20
R12=0x0 is NULL
R13=0x000000e713cff248 is pointing into the stack for thread: 0x000002c19de8fc20
R14=0x000000e713cff1a0 is pointing into the stack for thread: 0x000002c19de8fc20
R15=0x000002c19de8fc20 is a thread


Registers:
RAX=0x000002c1c13f0000, RBX=0x0000000000010001, RCX=0x0000000000010001, RDX=0x000000e713cfed10
RSP=0x000000e713cfecd8, RBP=0x000000e713cfede0, RSI=0x0000000000000110, RDI=0x0000000000001fef
R8 =0x000002c1c22f8480, R9 =0x00007ffdb1951b50, R10=0x00007ffdb19c1b10, R11=0x000000e713cff148
R12=0x0000000000000000, R13=0x000000e713cff248, R14=0x000000e713cff1a0, R15=0x000002c19de8fc20
RIP=0x000002c1c13f0000, EFLAGS=0x0000000000010206

Top of Stack: (sp=0x000000e713cfecd8)
0x000000e713cfecd8:   00007ffdb1951f7c 000000e713cfed60
0x000000e713cfece8:   000002c1a5959612 4120000013cfed60
0x000000e713cfecf8:   438c000041700000 0000000000000014
0x000000e713cfed08:   000002c1c3e3d7fc 57464c4720656854
0x000000e713cfed18:   7972617262696c20 20746f6e20736920
0x000000e713cfed28:   696c616974696e69 000002c10064657a
0x000000e713cfed38:   000002c1ad550585 000000070b93d788
0x000000e713cfed48:   000002c1cd49a7d0 000000070b93bb08
0x000000e713cfed58:   000000e713cfed70 000000070b356a18
0x000000e713cfed68:   000002c1ad6ba168 000000070b36ba38
0x000000e713cfed78:   000000070b356808 0000000700000000
0x000000e713cfed88:   000000070b36b810 000000070b93bb08
0x000000e713cfed98:   000002c1cd49ac48 000000070b356868
0x000000e713cfeda8:   000002c1a62ce7fc 000000070b356a18
0x000000e713cfedb8:   0000000000000000 000000e713cfee28
0x000000e713cfedc8:   000000e713cfeea0 000002c1a5959962 

Instructions: (pc=0x000002c1c13f0000)
0x000002c1c13eff00:   ?? ?? ?? ?? ?? ?? ?? ?? ?? ?? ?? ?? ?? ?? ?? ??
0x000002c1c13eff10:   ?? ?? ?? ?? ?? ?? ?? ?? ?? ?? ?? ?? ?? ?? ?? ??
0x000002c1c13eff20:   ?? ?? ?? ?? ?? ?? ?? ?? ?? ?? ?? ?? ?? ?? ?? ??
0x000002c1c13eff30:   ?? ?? ?? ?? ?? ?? ?? ?? ?? ?? ?? ?? ?? ?? ?? ??
0x000002c1c13eff40:   ?? ?? ?? ?? ?? ?? ?? ?? ?? ?? ?? ?? ?? ?? ?? ??
0x000002c1c13eff50:   ?? ?? ?? ?? ?? ?? ?? ?? ?? ?? ?? ?? ?? ?? ?? ??
0x000002c1c13eff60:   ?? ?? ?? ?? ?? ?? ?? ?? ?? ?? ?? ?? ?? ?? ?? ??
0x000002c1c13eff70:   ?? ?? ?? ?? ?? ?? ?? ?? ?? ?? ?? ?? ?? ?? ?? ??
0x000002c1c13eff80:   ?? ?? ?? ?? ?? ?? ?? ?? ?? ?? ?? ?? ?? ?? ?? ??
0x000002c1c13eff90:   ?? ?? ?? ?? ?? ?? ?? ?? ?? ?? ?? ?? ?? ?? ?? ??
0x000002c1c13effa0:   ?? ?? ?? ?? ?? ?? ?? ?? ?? ?? ?? ?? ?? ?? ?? ??
0x000002c1c13effb0:   ?? ?? ?? ?? ?? ?? ?? ?? ?? ?? ?? ?? ?? ?? ?? ??
0x000002c1c13effc0:   ?? ?? ?? ?? ?? ?? ?? ?? ?? ?? ?? ?? ?? ?? ?? ??
0x000002c1c13effd0:   ?? ?? ?? ?? ?? ?? ?? ?? ?? ?? ?? ?? ?? ?? ?? ??
0x000002c1c13effe0:   ?? ?? ?? ?? ?? ?? ?? ?? ?? ?? ?? ?? ?? ?? ?? ??
0x000002c1c13efff0:   ?? ?? ?? ?? ?? ?? ?? ?? ?? ?? ?? ?? ?? ?? ?? ??
0x000002c1c13f0000:   ?? ?? ?? ?? ?? ?? ?? ?? ?? ?? ?? ?? ?? ?? ?? ??
0x000002c1c13f0010:   ?? ?? ?? ?? ?? ?? ?? ?? ?? ?? ?? ?? ?? ?? ?? ??
0x000002c1c13f0020:   ?? ?? ?? ?? ?? ?? ?? ?? ?? ?? ?? ?? ?? ?? ?? ??
0x000002c1c13f0030:   ?? ?? ?? ?? ?? ?? ?? ?? ?? ?? ?? ?? ?? ?? ?? ??
0x000002c1c13f0040:   ?? ?? ?? ?? ?? ?? ?? ?? ?? ?? ?? ?? ?? ?? ?? ??
0x000002c1c13f0050:   ?? ?? ?? ?? ?? ?? ?? ?? ?? ?? ?? ?? ?? ?? ?? ??
0x000002c1c13f0060:   ?? ?? ?? ?? ?? ?? ?? ?? ?? ?? ?? ?? ?? ?? ?? ??
0x000002c1c13f0070:   ?? ?? ?? ?? ?? ?? ?? ?? ?? ?? ?? ?? ?? ?? ?? ??
0x000002c1c13f0080:   ?? ?? ?? ?? ?? ?? ?? ?? ?? ?? ?? ?? ?? ?? ?? ??
0x000002c1c13f0090:   ?? ?? ?? ?? ?? ?? ?? ?? ?? ?? ?? ?? ?? ?? ?? ??
0x000002c1c13f00a0:   ?? ?? ?? ?? ?? ?? ?? ?? ?? ?? ?? ?? ?? ?? ?? ??
0x000002c1c13f00b0:   ?? ?? ?? ?? ?? ?? ?? ?? ?? ?? ?? ?? ?? ?? ?? ??
0x000002c1c13f00c0:   ?? ?? ?? ?? ?? ?? ?? ?? ?? ?? ?? ?? ?? ?? ?? ??
0x000002c1c13f00d0:   ?? ?? ?? ?? ?? ?? ?? ?? ?? ?? ?? ?? ?? ?? ?? ??
0x000002c1c13f00e0:   ?? ?? ?? ?? ?? ?? ?? ?? ?? ?? ?? ?? ?? ?? ?? ??
0x000002c1c13f00f0:   ?? ?? ?? ?? ?? ?? ?? ?? ?? ?? ?? ?? ?? ?? ?? ?? 


Stack slot to memory mapping:
stack at sp + 0 slots: 0x00007ffdb1951f7c glfw.dll
stack at sp + 1 slots: 0x000000e713cfed60 is pointing into the stack for thread: 0x000002c19de8fc20
stack at sp + 2 slots: 0x000002c1a5959612 is at code_begin+1394 in an Interpreter codelet
return entry points  [0x000002c1a59590a0, 0x000002c1a5959ba0]  2816 bytes
stack at sp + 3 slots: 0x4120000013cfed60 is an unknown value
stack at sp + 4 slots: 0x438c000041700000 is an unknown value
stack at sp + 5 slots: 0x0000000000000014 is an unknown value
stack at sp + 6 slots: 0x000002c1c3e3d7fc points into unknown readable memory: 00 80 0d 3f
stack at sp + 7 slots: 0x57464c4720656854 is an unknown value


---------------  P R O C E S S  ---------------

Threads class SMR info:
_java_thread_list=0x000002c1d3c396b0, length=16, elements={
0x000002c19de8fc20, 0x000002c1c13893c0, 0x000002c1c138af50, 0x000002c1c13a1270,
0x000002c1c13a1b30, 0x000002c1c13a23f0, 0x000002c1c13a61b0, 0x000002c1c13a6da0,
0x000002c1c13af760, 0x000002c1c13b4860, 0x000002c1c1e36130, 0x000002c1c1e34df0,
0x000002c1c1e352c0, 0x000002c1c1e35790, 0x000002c1c1e34920, 0x000002c1c1e34450
}

Java Threads: ( => current thread )
=>0x000002c19de8fc20 JavaThread "main" [_thread_in_native, id=5632, stack(0x000000e713c00000,0x000000e713d00000)]
  0x000002c1c13893c0 JavaThread "Reference Handler" daemon [_thread_blocked, id=23412, stack(0x000000e714300000,0x000000e714400000)]
  0x000002c1c138af50 JavaThread "Finalizer" daemon [_thread_blocked, id=12112, stack(0x000000e714400000,0x000000e714500000)]
  0x000002c1c13a1270 JavaThread "Signal Dispatcher" daemon [_thread_blocked, id=23156, stack(0x000000e714500000,0x000000e714600000)]
  0x000002c1c13a1b30 JavaThread "Attach Listener" daemon [_thread_blocked, id=22504, stack(0x000000e714600000,0x000000e714700000)]
  0x000002c1c13a23f0 JavaThread "Service Thread" daemon [_thread_blocked, id=27104, stack(0x000000e714700000,0x000000e714800000)]
  0x000002c1c13a61b0 JavaThread "Monitor Deflation Thread" daemon [_thread_blocked, id=18572, stack(0x000000e714800000,0x000000e714900000)]
  0x000002c1c13a6da0 JavaThread "C2 CompilerThread0" daemon [_thread_blocked, id=19604, stack(0x000000e714900000,0x000000e714a00000)]
  0x000002c1c13af760 JavaThread "C1 CompilerThread0" daemon [_thread_blocked, id=13608, stack(0x000000e714a00000,0x000000e714b00000)]
  0x000002c1c13b4860 JavaThread "Sweeper thread" daemon [_thread_blocked, id=20536, stack(0x000000e714b00000,0x000000e714c00000)]
  0x000002c1c1e36130 JavaThread "Notification Thread" daemon [_thread_blocked, id=8436, stack(0x000000e714e00000,0x000000e714f00000)]
  0x000002c1c1e34df0 JavaThread "Common-Cleaner" daemon [_thread_blocked, id=12816, stack(0x000000e715000000,0x000000e715100000)]
  0x000002c1c1e352c0 JavaThread "LWJGL3 Timer" daemon [_thread_blocked, id=2920, stack(0x000000e715a00000,0x000000e715b00000)]
  0x000002c1c1e35790 JavaThread "LWJGL3 Timer" daemon [_thread_blocked, id=6412, stack(0x000000e716a00000,0x000000e716b00000)]
  0x000002c1c1e34920 JavaThread "Java Sound Event Dispatcher" daemon [_thread_blocked, id=13596, stack(0x000000e716800000,0x000000e716900000)]
  0x000002c1c1e34450 JavaThread "Direct Clip" daemon [_thread_blocked, id=10248, stack(0x000000e717400000,0x000000e717500000)]

Other Threads:
  0x000002c1c13849b0 VMThread "VM Thread" [stack: 0x000000e714200000,0x000000e714300000] [id=14328]
  0x000002c19df07be0 WatcherThread [stack: 0x000000e714f00000,0x000000e715000000] [id=24000]
  0x000002c19dee6620 GCTaskThread "GC Thread#0" [stack: 0x000000e713d00000,0x000000e713e00000] [id=23192]
  0x000002c1c57c4f30 GCTaskThread "GC Thread#1" [stack: 0x000000e715900000,0x000000e715a00000] [id=22000]
  0x000002c1c57c51e0 GCTaskThread "GC Thread#2" [stack: 0x000000e715b00000,0x000000e715c00000] [id=4592]
  0x000002c1c57c74d0 GCTaskThread "GC Thread#3" [stack: 0x000000e715c00000,0x000000e715d00000] [id=24468]
  0x000002c1c57c6760 GCTaskThread "GC Thread#4" [stack: 0x000000e715d00000,0x000000e715e00000] [id=26152]
  0x000002c1c57c5f50 GCTaskThread "GC Thread#5" [stack: 0x000000e715e00000,0x000000e715f00000] [id=26888]
  0x000002c1c57c59f0 GCTaskThread "GC Thread#6" [stack: 0x000000e715f00000,0x000000e716000000] [id=8032]
  0x000002c1cd0e0af0 GCTaskThread "GC Thread#7" [stack: 0x000000e716d00000,0x000000e716e00000] [id=26752]
  0x000002c19def7a80 ConcurrentGCThread "G1 Main Marker" [stack: 0x000000e713e00000,0x000000e713f00000] [id=14828]
  0x000002c19def8b40 ConcurrentGCThread "G1 Conc#0" [stack: 0x000000e713f00000,0x000000e714000000] [id=24252]
  0x000002c1c123a100 ConcurrentGCThread "G1 Refine#0" [stack: 0x000000e714000000,0x000000e714100000] [id=6772]
  0x000002c1d3fde020 ConcurrentGCThread "G1 Refine#1" [stack: 0x000000e716e00000,0x000000e716f00000] [id=7280]
  0x000002c1d373f150 ConcurrentGCThread "G1 Refine#2" [stack: 0x000000e716f00000,0x000000e717000000] [id=18336]
  0x000002c1d40d79e0 ConcurrentGCThread "G1 Refine#3" [stack: 0x000000e716c00000,0x000000e716d00000] [id=18484]
  0x000002c1cd0d0820 ConcurrentGCThread "G1 Refine#4" [stack: 0x000000e717000000,0x000000e717100000] [id=19316]
  0x000002c1c123aa30 ConcurrentGCThread "G1 Service" [stack: 0x000000e714100000,0x000000e714200000] [id=25536]

Threads with active compile tasks:

VM state: not at safepoint (normal execution)

VM Mutex/Monitor currently owned by a thread: None

Heap address: 0x000000070a000000, size: 3936 MB, Compressed Oops mode: Zero based, Oop shift amount: 3

CDS archive(s) mapped at: [0x0000000800000000-0x0000000800bc0000-0x0000000800bc0000), size 12320768, SharedBaseAddress: 0x0000000800000000, ArchiveRelocationMode: 0.
Compressed class space mapped at: 0x0000000800c00000-0x0000000840c00000, reserved size: 1073741824
Narrow klass base: 0x0000000800000000, Narrow klass shift: 0, Narrow klass range: 0x100000000

GC Precious Log:
 CPUs: 16 total, 16 available
 Memory: 15741M
 Large Page Support: Disabled
 NUMA Support: Disabled
 Compressed Oops: Enabled (Zero based)
 Heap Region Size: 2M
 Heap Min Capacity: 8M
 Heap Initial Capacity: 246M
 Heap Max Capacity: 3936M
 Pre-touch: Disabled
 Parallel Workers: 13
 Concurrent Workers: 3
 Concurrent Refinement Workers: 13
 Periodic GC: Disabled

Heap:
 garbage-first heap   total 251904K, used 169745K [0x000000070a000000, 0x0000000800000000)
  region size 2048K, 70 young (143360K), 4 survivors (8192K)
 Metaspace       used 10381K, committed 10496K, reserved 1064960K
  class space    used 729K, committed 768K, reserved 1048576K

Heap Regions: E=young(eden), S=young(survivor), O=old, HS=humongous(starts), HC=humongous(continues), CS=collection set, F=free, OA=open archive, CA=closed archive, TAMS=top-at-mark-start (previous, next)
|   0|0x000000070a000000, 0x000000070a200000, 0x000000070a200000|100%|HS|  |TAMS 0x000000070a000000, 0x000000070a000000| Complete 
|   1|0x000000070a200000, 0x000000070a400000, 0x000000070a400000|100%|HS|  |TAMS 0x000000070a200000, 0x000000070a200000| Complete 
|   2|0x000000070a400000, 0x000000070a600000, 0x000000070a600000|100%|HS|  |TAMS 0x000000070a400000, 0x000000070a400000| Complete 
|   3|0x000000070a600000, 0x000000070a800000, 0x000000070a800000|100%|HS|  |TAMS 0x000000070a600000, 0x000000070a600000| Complete 
|   4|0x000000070a800000, 0x000000070aa00000, 0x000000070aa00000|100%| O|  |TAMS 0x000000070a800000, 0x000000070a800000| Untracked 
|   5|0x000000070aa00000, 0x000000070ac00000, 0x000000070ac00000|100%| O|  |TAMS 0x000000070aa00000, 0x000000070aa00000| Untracked 
|   6|0x000000070ac00000, 0x000000070ae00000, 0x000000070ae00000|100%| O|  |TAMS 0x000000070ac00000, 0x000000070ac00000| Untracked 
|   7|0x000000070ae00000, 0x000000070b000000, 0x000000070b000000|100%| O|  |TAMS 0x000000070ae00000, 0x000000070ae00000| Untracked 
|   8|0x000000070b000000, 0x000000070b200000, 0x000000070b200000|100%| O|  |TAMS 0x000000070b000000, 0x000000070b000000| Untracked 
|   9|0x000000070b200000, 0x000000070b400000, 0x000000070b400000|100%| O|  |TAMS 0x000000070b200000, 0x000000070b200000| Untracked 
|  10|0x000000070b400000, 0x000000070b600000, 0x000000070b600000|100%|HS|  |TAMS 0x000000070b400000, 0x000000070b400000| Complete 
|  11|0x000000070b600000, 0x000000070b800000, 0x000000070b800000|100%|HS|  |TAMS 0x000000070b600000, 0x000000070b600000| Complete 
|  12|0x000000070b800000, 0x000000070ba00000, 0x000000070ba00000|100%| O|  |TAMS 0x000000070b800000, 0x000000070b800000| Untracked 
|  13|0x000000070ba00000, 0x000000070bc00000, 0x000000070bc00000|100%| O|  |TAMS 0x000000070ba00000, 0x000000070ba00000| Untracked 
|  14|0x000000070bc00000, 0x000000070bcf9200, 0x000000070be00000| 48%| O|  |TAMS 0x000000070bc00000, 0x000000070bc00000| Untracked 
|  15|0x000000070be00000, 0x000000070be00000, 0x000000070c000000|  0%| F|  |TAMS 0x000000070be00000, 0x000000070be00000| Untracked 
|  16|0x000000070c000000, 0x000000070c000000, 0x000000070c200000|  0%| F|  |TAMS 0x000000070c000000, 0x000000070c000000| Untracked 
|  17|0x000000070c200000, 0x000000070c200000, 0x000000070c400000|  0%| F|  |TAMS 0x000000070c200000, 0x000000070c200000| Untracked 
|  18|0x000000070c400000, 0x000000070c400000, 0x000000070c600000|  0%| F|  |TAMS 0x000000070c400000, 0x000000070c400000| Untracked 
|  19|0x000000070c600000, 0x000000070c600000, 0x000000070c800000|  0%| F|  |TAMS 0x000000070c600000, 0x000000070c600000| Untracked 
|  20|0x000000070c800000, 0x000000070c800000, 0x000000070ca00000|  0%| F|  |TAMS 0x000000070c800000, 0x000000070c800000| Untracked 
|  21|0x000000070ca00000, 0x000000070ca00000, 0x000000070cc00000|  0%| F|  |TAMS 0x000000070ca00000, 0x000000070ca00000| Untracked 
|  22|0x000000070cc00000, 0x000000070cc00000, 0x000000070ce00000|  0%| F|  |TAMS 0x000000070cc00000, 0x000000070cc00000| Untracked 
|  23|0x000000070ce00000, 0x000000070ce00000, 0x000000070d000000|  0%| F|  |TAMS 0x000000070ce00000, 0x000000070ce00000| Untracked 
|  24|0x000000070d000000, 0x000000070d000000, 0x000000070d200000|  0%| F|  |TAMS 0x000000070d000000, 0x000000070d000000| Untracked 
|  25|0x000000070d200000, 0x000000070d200000, 0x000000070d400000|  0%| F|  |TAMS 0x000000070d200000, 0x000000070d200000| Untracked 
|  26|0x000000070d400000, 0x000000070d400000, 0x000000070d600000|  0%| F|  |TAMS 0x000000070d400000, 0x000000070d400000| Untracked 
|  27|0x000000070d600000, 0x000000070d600000, 0x000000070d800000|  0%| F|  |TAMS 0x000000070d600000, 0x000000070d600000| Untracked 
|  28|0x000000070d800000, 0x000000070d800000, 0x000000070da00000|  0%| F|  |TAMS 0x000000070d800000, 0x000000070d800000| Untracked 
|  29|0x000000070da00000, 0x000000070da00000, 0x000000070dc00000|  0%| F|  |TAMS 0x000000070da00000, 0x000000070da00000| Untracked 
|  30|0x000000070dc00000, 0x000000070dc00000, 0x000000070de00000|  0%| F|  |TAMS 0x000000070dc00000, 0x000000070dc00000| Untracked 
|  31|0x000000070de00000, 0x000000070de00000, 0x000000070e000000|  0%| F|  |TAMS 0x000000070de00000, 0x000000070de00000| Untracked 
|  32|0x000000070e000000, 0x000000070e000000, 0x000000070e200000|  0%| F|  |TAMS 0x000000070e000000, 0x000000070e000000| Untracked 
|  33|0x000000070e200000, 0x000000070e200000, 0x000000070e400000|  0%| F|  |TAMS 0x000000070e200000, 0x000000070e200000| Untracked 
|  34|0x000000070e400000, 0x000000070e400000, 0x000000070e600000|  0%| F|  |TAMS 0x000000070e400000, 0x000000070e400000| Untracked 
|  35|0x000000070e600000, 0x000000070e600000, 0x000000070e800000|  0%| F|  |TAMS 0x000000070e600000, 0x000000070e600000| Untracked 
|  36|0x000000070e800000, 0x000000070e800000, 0x000000070ea00000|  0%| F|  |TAMS 0x000000070e800000, 0x000000070e800000| Untracked 
|  37|0x000000070ea00000, 0x000000070ea00000, 0x000000070ec00000|  0%| F|  |TAMS 0x000000070ea00000, 0x000000070ea00000| Untracked 
|  38|0x000000070ec00000, 0x000000070ec00000, 0x000000070ee00000|  0%| F|  |TAMS 0x000000070ec00000, 0x000000070ec00000| Untracked 
|  39|0x000000070ee00000, 0x000000070ee00000, 0x000000070f000000|  0%| F|  |TAMS 0x000000070ee00000, 0x000000070ee00000| Untracked 
|  40|0x000000070f000000, 0x000000070f000000, 0x000000070f200000|  0%| F|  |TAMS 0x000000070f000000, 0x000000070f000000| Untracked 
|  41|0x000000070f200000, 0x000000070f200000, 0x000000070f400000|  0%| F|  |TAMS 0x000000070f200000, 0x000000070f200000| Untracked 
|  42|0x000000070f400000, 0x000000070f400000, 0x000000070f600000|  0%| F|  |TAMS 0x000000070f400000, 0x000000070f400000| Untracked 
|  43|0x000000070f600000, 0x000000070f600000, 0x000000070f800000|  0%| F|  |TAMS 0x000000070f600000, 0x000000070f600000| Untracked 
|  44|0x000000070f800000, 0x000000070f800000, 0x000000070fa00000|  0%| F|  |TAMS 0x000000070f800000, 0x000000070f800000| Untracked 
|  45|0x000000070fa00000, 0x000000070fa00000, 0x000000070fc00000|  0%| F|  |TAMS 0x000000070fa00000, 0x000000070fa00000| Untracked 
|  46|0x000000070fc00000, 0x000000070fccb580, 0x000000070fe00000| 39%| S|CS|TAMS 0x000000070fc00000, 0x000000070fc00000| Complete 
|  47|0x000000070fe00000, 0x0000000710000000, 0x0000000710000000|100%| S|CS|TAMS 0x000000070fe00000, 0x000000070fe00000| Complete 
|  48|0x0000000710000000, 0x0000000710200000, 0x0000000710200000|100%| S|CS|TAMS 0x0000000710000000, 0x0000000710000000| Complete 
|  49|0x0000000710200000, 0x0000000710200000, 0x0000000710400000|  0%| F|  |TAMS 0x0000000710200000, 0x0000000710200000| Untracked 
|  50|0x0000000710400000, 0x0000000710400000, 0x0000000710600000|  0%| F|  |TAMS 0x0000000710400000, 0x0000000710400000| Untracked 
|  51|0x0000000710600000, 0x0000000710800000, 0x0000000710800000|100%| S|CS|TAMS 0x0000000710600000, 0x0000000710600000| Complete 
|  52|0x0000000710800000, 0x0000000710800000, 0x0000000710a00000|  0%| F|  |TAMS 0x0000000710800000, 0x0000000710800000| Untracked 
|  53|0x0000000710a00000, 0x0000000710a00000, 0x0000000710c00000|  0%| F|  |TAMS 0x0000000710a00000, 0x0000000710a00000| Untracked 
|  54|0x0000000710c00000, 0x0000000710c00000, 0x0000000710e00000|  0%| F|  |TAMS 0x0000000710c00000, 0x0000000710c00000| Untracked 
|  55|0x0000000710e00000, 0x0000000710e00000, 0x0000000711000000|  0%| F|  |TAMS 0x0000000710e00000, 0x0000000710e00000| Untracked 
|  56|0x0000000711000000, 0x0000000711000000, 0x0000000711200000|  0%| F|  |TAMS 0x0000000711000000, 0x0000000711000000| Untracked 
|  57|0x0000000711200000, 0x0000000711300800, 0x0000000711400000| 50%| E|  |TAMS 0x0000000711200000, 0x0000000711200000| Complete 
|  58|0x0000000711400000, 0x0000000711600000, 0x0000000711600000|100%| E|CS|TAMS 0x0000000711400000, 0x0000000711400000| Complete 
|  59|0x0000000711600000, 0x0000000711800000, 0x0000000711800000|100%| E|CS|TAMS 0x0000000711600000, 0x0000000711600000| Complete 
|  60|0x0000000711800000, 0x0000000711a00000, 0x0000000711a00000|100%| E|CS|TAMS 0x0000000711800000, 0x0000000711800000| Complete 
|  61|0x0000000711a00000, 0x0000000711c00000, 0x0000000711c00000|100%| E|CS|TAMS 0x0000000711a00000, 0x0000000711a00000| Complete 
|  62|0x0000000711c00000, 0x0000000711e00000, 0x0000000711e00000|100%| E|CS|TAMS 0x0000000711c00000, 0x0000000711c00000| Complete 
|  63|0x0000000711e00000, 0x0000000712000000, 0x0000000712000000|100%| E|CS|TAMS 0x0000000711e00000, 0x0000000711e00000| Complete 
|  64|0x0000000712000000, 0x0000000712200000, 0x0000000712200000|100%| E|CS|TAMS 0x0000000712000000, 0x0000000712000000| Complete 
|  65|0x0000000712200000, 0x0000000712400000, 0x0000000712400000|100%| E|CS|TAMS 0x0000000712200000, 0x0000000712200000| Complete 
|  66|0x0000000712400000, 0x0000000712600000, 0x0000000712600000|100%| E|CS|TAMS 0x0000000712400000, 0x0000000712400000| Complete 
|  67|0x0000000712600000, 0x0000000712800000, 0x0000000712800000|100%| E|CS|TAMS 0x0000000712600000, 0x0000000712600000| Complete 
|  68|0x0000000712800000, 0x0000000712a00000, 0x0000000712a00000|100%| E|CS|TAMS 0x0000000712800000, 0x0000000712800000| Complete 
|  69|0x0000000712a00000, 0x0000000712c00000, 0x0000000712c00000|100%| E|CS|TAMS 0x0000000712a00000, 0x0000000712a00000| Complete 
|  70|0x0000000712c00000, 0x0000000712e00000, 0x0000000712e00000|100%| E|CS|TAMS 0x0000000712c00000, 0x0000000712c00000| Complete 
|  71|0x0000000712e00000, 0x0000000713000000, 0x0000000713000000|100%| E|CS|TAMS 0x0000000712e00000, 0x0000000712e00000| Complete 
|  72|0x0000000713000000, 0x0000000713200000, 0x0000000713200000|100%| E|CS|TAMS 0x0000000713000000, 0x0000000713000000| Complete 
|  73|0x0000000713200000, 0x0000000713400000, 0x0000000713400000|100%| E|CS|TAMS 0x0000000713200000, 0x0000000713200000| Complete 
|  74|0x0000000713400000, 0x0000000713600000, 0x0000000713600000|100%| E|CS|TAMS 0x0000000713400000, 0x0000000713400000| Complete 
|  75|0x0000000713600000, 0x0000000713800000, 0x0000000713800000|100%| E|CS|TAMS 0x0000000713600000, 0x0000000713600000| Complete 
|  76|0x0000000713800000, 0x0000000713a00000, 0x0000000713a00000|100%| E|CS|TAMS 0x0000000713800000, 0x0000000713800000| Complete 
|  77|0x0000000713a00000, 0x0000000713c00000, 0x0000000713c00000|100%| E|CS|TAMS 0x0000000713a00000, 0x0000000713a00000| Complete 
|  78|0x0000000713c00000, 0x0000000713e00000, 0x0000000713e00000|100%| E|CS|TAMS 0x0000000713c00000, 0x0000000713c00000| Complete 
|  79|0x0000000713e00000, 0x0000000714000000, 0x0000000714000000|100%| E|CS|TAMS 0x0000000713e00000, 0x0000000713e00000| Complete 
|  80|0x0000000714000000, 0x0000000714200000, 0x0000000714200000|100%| E|CS|TAMS 0x0000000714000000, 0x0000000714000000| Complete 
|  81|0x0000000714200000, 0x0000000714400000, 0x0000000714400000|100%| E|CS|TAMS 0x0000000714200000, 0x0000000714200000| Complete 
|  82|0x0000000714400000, 0x0000000714600000, 0x0000000714600000|100%| E|CS|TAMS 0x0000000714400000, 0x0000000714400000| Complete 
|  83|0x0000000714600000, 0x0000000714800000, 0x0000000714800000|100%| E|CS|TAMS 0x0000000714600000, 0x0000000714600000| Complete 
|  84|0x0000000714800000, 0x0000000714a00000, 0x0000000714a00000|100%| E|CS|TAMS 0x0000000714800000, 0x0000000714800000| Complete 
|  85|0x0000000714a00000, 0x0000000714c00000, 0x0000000714c00000|100%| E|CS|TAMS 0x0000000714a00000, 0x0000000714a00000| Complete 
|  86|0x0000000714c00000, 0x0000000714e00000, 0x0000000714e00000|100%| E|CS|TAMS 0x0000000714c00000, 0x0000000714c00000| Complete 
|  87|0x0000000714e00000, 0x0000000715000000, 0x0000000715000000|100%| E|CS|TAMS 0x0000000714e00000, 0x0000000714e00000| Complete 
|  88|0x0000000715000000, 0x0000000715200000, 0x0000000715200000|100%| E|CS|TAMS 0x0000000715000000, 0x0000000715000000| Complete 
|  89|0x0000000715200000, 0x0000000715400000, 0x0000000715400000|100%| E|CS|TAMS 0x0000000715200000, 0x0000000715200000| Complete 
|  90|0x0000000715400000, 0x0000000715600000, 0x0000000715600000|100%| E|CS|TAMS 0x0000000715400000, 0x0000000715400000| Complete 
|  91|0x0000000715600000, 0x0000000715800000, 0x0000000715800000|100%| E|CS|TAMS 0x0000000715600000, 0x0000000715600000| Complete 
|  92|0x0000000715800000, 0x0000000715a00000, 0x0000000715a00000|100%| E|CS|TAMS 0x0000000715800000, 0x0000000715800000| Complete 
|  93|0x0000000715a00000, 0x0000000715c00000, 0x0000000715c00000|100%| E|CS|TAMS 0x0000000715a00000, 0x0000000715a00000| Complete 
|  94|0x0000000715c00000, 0x0000000715e00000, 0x0000000715e00000|100%| E|CS|TAMS 0x0000000715c00000, 0x0000000715c00000| Complete 
|  95|0x0000000715e00000, 0x0000000716000000, 0x0000000716000000|100%| E|CS|TAMS 0x0000000715e00000, 0x0000000715e00000| Complete 
|  96|0x0000000716000000, 0x0000000716200000, 0x0000000716200000|100%| E|CS|TAMS 0x0000000716000000, 0x0000000716000000| Complete 
|  97|0x0000000716200000, 0x0000000716400000, 0x0000000716400000|100%| E|CS|TAMS 0x0000000716200000, 0x0000000716200000| Complete 
|  98|0x0000000716400000, 0x0000000716600000, 0x0000000716600000|100%| E|CS|TAMS 0x0000000716400000, 0x0000000716400000| Complete 
|  99|0x0000000716600000, 0x0000000716800000, 0x0000000716800000|100%| E|CS|TAMS 0x0000000716600000, 0x0000000716600000| Complete 
| 100|0x0000000716800000, 0x0000000716a00000, 0x0000000716a00000|100%| E|CS|TAMS 0x0000000716800000, 0x0000000716800000| Complete 
| 101|0x0000000716a00000, 0x0000000716c00000, 0x0000000716c00000|100%| E|CS|TAMS 0x0000000716a00000, 0x0000000716a00000| Complete 
| 102|0x0000000716c00000, 0x0000000716e00000, 0x0000000716e00000|100%| E|CS|TAMS 0x0000000716c00000, 0x0000000716c00000| Complete 
| 103|0x0000000716e00000, 0x0000000717000000, 0x0000000717000000|100%| E|CS|TAMS 0x0000000716e00000, 0x0000000716e00000| Complete 
| 104|0x0000000717000000, 0x0000000717200000, 0x0000000717200000|100%| E|CS|TAMS 0x0000000717000000, 0x0000000717000000| Complete 
| 105|0x0000000717200000, 0x0000000717400000, 0x0000000717400000|100%| E|CS|TAMS 0x0000000717200000, 0x0000000717200000| Complete 
| 106|0x0000000717400000, 0x0000000717600000, 0x0000000717600000|100%| E|CS|TAMS 0x0000000717400000, 0x0000000717400000| Complete 
| 107|0x0000000717600000, 0x0000000717800000, 0x0000000717800000|100%| E|CS|TAMS 0x0000000717600000, 0x0000000717600000| Complete 
| 108|0x0000000717800000, 0x0000000717a00000, 0x0000000717a00000|100%| E|CS|TAMS 0x0000000717800000, 0x0000000717800000| Complete 
| 109|0x0000000717a00000, 0x0000000717c00000, 0x0000000717c00000|100%| E|CS|TAMS 0x0000000717a00000, 0x0000000717a00000| Complete 
| 110|0x0000000717c00000, 0x0000000717e00000, 0x0000000717e00000|100%| E|CS|TAMS 0x0000000717c00000, 0x0000000717c00000| Complete 
| 111|0x0000000717e00000, 0x0000000718000000, 0x0000000718000000|100%| E|CS|TAMS 0x0000000717e00000, 0x0000000717e00000| Complete 
| 112|0x0000000718000000, 0x0000000718200000, 0x0000000718200000|100%| E|CS|TAMS 0x0000000718000000, 0x0000000718000000| Complete 
| 113|0x0000000718200000, 0x0000000718400000, 0x0000000718400000|100%| E|CS|TAMS 0x0000000718200000, 0x0000000718200000| Complete 
| 114|0x0000000718400000, 0x0000000718600000, 0x0000000718600000|100%| E|CS|TAMS 0x0000000718400000, 0x0000000718400000| Complete 
| 115|0x0000000718600000, 0x0000000718800000, 0x0000000718800000|100%| E|CS|TAMS 0x0000000718600000, 0x0000000718600000| Complete 
| 116|0x0000000718800000, 0x0000000718a00000, 0x0000000718a00000|100%| E|CS|TAMS 0x0000000718800000, 0x0000000718800000| Complete 
| 117|0x0000000718a00000, 0x0000000718c00000, 0x0000000718c00000|100%| E|CS|TAMS 0x0000000718a00000, 0x0000000718a00000| Complete 
| 118|0x0000000718c00000, 0x0000000718e00000, 0x0000000718e00000|100%| E|CS|TAMS 0x0000000718c00000, 0x0000000718c00000| Complete 
| 119|0x0000000718e00000, 0x0000000719000000, 0x0000000719000000|100%| E|CS|TAMS 0x0000000718e00000, 0x0000000718e00000| Complete 
| 120|0x0000000719000000, 0x0000000719200000, 0x0000000719200000|100%| E|CS|TAMS 0x0000000719000000, 0x0000000719000000| Complete 
| 121|0x0000000719200000, 0x0000000719400000, 0x0000000719400000|100%| E|CS|TAMS 0x0000000719200000, 0x0000000719200000| Complete 
| 122|0x0000000719400000, 0x0000000719600000, 0x0000000719600000|100%| E|CS|TAMS 0x0000000719400000, 0x0000000719400000| Complete 

Card table byte_map: [0x000002c1b5980000,0x000002c1b6130000] _byte_map_base: 0x000002c1b2130000

Marking Bits (Prev, Next): (CMBitMap*) 0x000002c19dee7b50, (CMBitMap*) 0x000002c19dee7b90
 Prev Bits: [0x000002c1b68e0000, 0x000002c1ba660000)
 Next Bits: [0x000002c1ba660000, 0x000002c1be3e0000)

Polling page: 0x000002c19bcf0000

Metaspace:

Usage:
  Non-class:      9.43 MB used.
      Class:    729.91 KB used.
       Both:     10.14 MB used.

Virtual space:
  Non-class space:       16.00 MB reserved,       9.50 MB ( 59%) committed,  2 nodes.
      Class space:        1.00 GB reserved,     768.00 KB ( <1%) committed,  1 nodes.
             Both:        1.02 GB reserved,      10.25 MB ( <1%) committed. 

Chunk freelists:
   Non-Class:  624.00 KB
       Class:  3.19 MB
        Both:  3.80 MB

MaxMetaspaceSize: unlimited
CompressedClassSpaceSize: 1.00 GB
Initial GC threshold: 21.00 MB
Current GC threshold: 21.00 MB
CDS: on
MetaspaceReclaimPolicy: balanced
 - commit_granule_bytes: 65536.
 - commit_granule_words: 8192.
 - virtual_space_node_default_size: 1048576.
 - enlarge_chunks_in_place: 1.
 - new_chunks_are_fully_committed: 0.
 - uncommit_free_chunks: 1.
 - use_allocation_guard: 0.
 - handle_deallocations: 1.


Internal statistics:

num_allocs_failed_limit: 0.
num_arena_births: 44.
num_arena_deaths: 0.
num_vsnodes_births: 3.
num_vsnodes_deaths: 0.
num_space_committed: 162.
num_space_uncommitted: 0.
num_chunks_returned_to_freelist: 0.
num_chunks_taken_from_freelist: 323.
num_chunk_merges: 0.
num_chunk_splits: 275.
num_chunks_enlarged: 250.
num_purges: 0.
num_inconsistent_stats: 0.

CodeHeap 'non-profiled nmethods': size=119168Kb used=1885Kb max_used=1885Kb free=117282Kb
 bounds [0x000002c1ad4f0000, 0x000002c1ad760000, 0x000002c1b4950000]
CodeHeap 'profiled nmethods': size=119104Kb used=4198Kb max_used=4198Kb free=114905Kb
 bounds [0x000002c1a60a0000, 0x000002c1a64c0000, 0x000002c1ad4f0000]
CodeHeap 'non-nmethods': size=7488Kb used=1661Kb max_used=3387Kb free=5827Kb
 bounds [0x000002c1a5950000, 0x000002c1a5cb0000, 0x000002c1a60a0000]
 total_blobs=3472 nmethods=2364 adapters=1021
 compilation: enabled
              stopped_count=0, restarted_count=0
 full_count=0

Compilation events (20 events):
Event: 29.256 Thread 0x000002c1c13a6da0 2357       4       java.util.Formatter$FormatSpecifier::localizedMagnitude (419 bytes)
Event: 29.276 Thread 0x000002c1c13a6da0 nmethod 2357 0x000002c1ad6ba610 code [0x000002c1ad6ba800, 0x000002c1ad6bbdb8]
Event: 30.453 Thread 0x000002c1c13a6da0 2358       4       com.badlogic.gdx.graphics.g3d.utils.shapebuilders.ConeShapeBuilder::build (320 bytes)
Event: 30.485 Thread 0x000002c1c13a6da0 nmethod 2358 0x000002c1ad6bce10 code [0x000002c1ad6bd140, 0x000002c1ad6bfdc8]
Event: 31.737 Thread 0x000002c1c13a6da0 2359       4       java.util.regex.Pattern$BmpCharPropertyGreedy::match (89 bytes)
Event: 31.749 Thread 0x000002c1c13a6da0 nmethod 2359 0x000002c1ad6c1210 code [0x000002c1ad6c1460, 0x000002c1ad6c21f0]
Event: 34.656 Thread 0x000002c1c13a6da0 2360       4       com.badlogic.gdx.graphics.glutils.ShaderProgram::fetchAttributeLocation (44 bytes)
Event: 34.663 Thread 0x000002c1c13a6da0 nmethod 2360 0x000002c1ad6c3010 code [0x000002c1ad6c31a0, 0x000002c1ad6c3998]
Event: 35.621 Thread 0x000002c1c13a6da0 2361       4       com.badlogic.gdx.graphics.g3d.utils.shapebuilders.CylinderShapeBuilder::build (15 bytes)
Event: 35.622 Thread 0x000002c1c13a6da0 nmethod 2361 0x000002c1ad6c3e10 code [0x000002c1ad6c3fa0, 0x000002c1ad6c4028]
Event: 38.006 Thread 0x000002c1c13a6da0 2362       4       java.lang.ThreadLocal::get (38 bytes)
Event: 38.007 Thread 0x000002c1c13a6da0 nmethod 2362 0x000002c1ad6c4110 code [0x000002c1ad6c42a0, 0x000002c1ad6c43f8]
Event: 39.650 Thread 0x000002c1c13a6da0 2363       4       com.badlogic.gdx.utils.TimSort::minRunLength (25 bytes)
Event: 39.651 Thread 0x000002c1c13a6da0 nmethod 2363 0x000002c1ad6c4590 code [0x000002c1ad6c4700, 0x000002c1ad6c4798]
Event: 40.209 Thread 0x000002c1c13a6da0 2364       4       java.util.regex.Pattern$BitClass::is (22 bytes)
Event: 40.210 Thread 0x000002c1c13a6da0 nmethod 2364 0x000002c1ad6c4890 code [0x000002c1ad6c4a00, 0x000002c1ad6c4ad8]
Event: 41.494 Thread 0x000002c1c13a6da0 2365       4       com.badlogic.gdx.graphics.glutils.ShaderProgram::fetchUniformLocation (120 bytes)
Event: 41.504 Thread 0x000002c1c13a6da0 nmethod 2365 0x000002c1ad6c4c10 code [0x000002c1ad6c4de0, 0x000002c1ad6c5658]
Event: 44.811 Thread 0x000002c1c13a6da0 2366       4       com.badlogic.gdx.graphics.g2d.SpriteBatch::flush (193 bytes)
Event: 44.819 Thread 0x000002c1c13a6da0 nmethod 2366 0x000002c1ad6c5c10 code [0x000002c1ad6c5e60, 0x000002c1ad6c6970]

GC Heap History (10 events):
Event: 2.070 GC heap before
{Heap before GC invocations=0 (full 0):
 garbage-first heap   total 251904K, used 22528K [0x000000070a000000, 0x0000000800000000)
  region size 2048K, 11 young (22528K), 0 survivors (0K)
 Metaspace       used 7187K, committed 7360K, reserved 1064960K
  class space    used 438K, committed 512K, reserved 1048576K
}
Event: 2.073 GC heap after
{Heap after GC invocations=1 (full 0):
 garbage-first heap   total 251904K, used 2630K [0x000000070a000000, 0x0000000800000000)
  region size 2048K, 2 young (4096K), 2 survivors (4096K)
 Metaspace       used 7187K, committed 7360K, reserved 1064960K
  class space    used 438K, committed 512K, reserved 1048576K
}
Event: 4.402 GC heap before
{Heap before GC invocations=1 (full 0):
 garbage-first heap   total 251904K, used 45638K [0x000000070a000000, 0x0000000800000000)
  region size 2048K, 19 young (38912K), 2 survivors (4096K)
 Metaspace       used 9766K, committed 9920K, reserved 1064960K
  class space    used 679K, committed 704K, reserved 1048576K
}
Event: 4.415 GC heap after
{Heap after GC invocations=2 (full 0):
 garbage-first heap   total 251904K, used 22679K [0x000000070a000000, 0x0000000800000000)
  region size 2048K, 3 young (6144K), 3 survivors (6144K)
 Metaspace       used 9766K, committed 9920K, reserved 1064960K
  class space    used 679K, committed 704K, reserved 1048576K
}
Event: 5.453 GC heap before
{Heap before GC invocations=2 (full 0):
 garbage-first heap   total 251904K, used 34967K [0x000000070a000000, 0x0000000800000000)
  region size 2048K, 6 young (12288K), 3 survivors (6144K)
 Metaspace       used 10212K, committed 10368K, reserved 1064960K
  class space    used 728K, committed 768K, reserved 1048576K
}
Event: 5.458 GC heap after
{Heap after GC invocations=3 (full 0):
 garbage-first heap   total 251904K, used 31074K [0x000000070a000000, 0x0000000800000000)
  region size 2048K, 1 young (2048K), 1 survivors (2048K)
 Metaspace       used 10212K, committed 10368K, reserved 1064960K
  class space    used 728K, committed 768K, reserved 1048576K
}
Event: 18.548 GC heap before
{Heap before GC invocations=3 (full 0):
 garbage-first heap   total 251904K, used 176482K [0x000000070a000000, 0x0000000800000000)
  region size 2048K, 72 young (147456K), 1 survivors (2048K)
 Metaspace       used 10368K, committed 10432K, reserved 1064960K
  class space    used 728K, committed 768K, reserved 1048576K
}
Event: 18.552 GC heap after
{Heap after GC invocations=4 (full 0):
 garbage-first heap   total 251904K, used 33459K [0x000000070a000000, 0x0000000800000000)
  region size 2048K, 2 young (4096K), 2 survivors (4096K)
 Metaspace       used 10368K, committed 10432K, reserved 1064960K
  class space    used 728K, committed 768K, reserved 1048576K
}
Event: 32.214 GC heap before
{Heap before GC invocations=4 (full 0):
 garbage-first heap   total 251904K, used 178867K [0x000000070a000000, 0x0000000800000000)
  region size 2048K, 73 young (149504K), 2 survivors (4096K)
 Metaspace       used 10368K, committed 10432K, reserved 1064960K
  class space    used 728K, committed 768K, reserved 1048576K
}
Event: 32.217 GC heap after
{Heap after GC invocations=5 (full 0):
 garbage-first heap   total 251904K, used 36625K [0x000000070a000000, 0x0000000800000000)
  region size 2048K, 4 young (8192K), 4 survivors (8192K)
 Metaspace       used 10368K, committed 10432K, reserved 1064960K
  class space    used 728K, committed 768K, reserved 1048576K
}

Deoptimization events (20 events):
Event: 4.026 Thread 0x000002c19de8fc20 DEOPT PACKING pc=0x000002c1ad59f620 sp=0x000000e713cfebe0
Event: 4.026 Thread 0x000002c19de8fc20 DEOPT UNPACKING pc=0x000002c1a59a23a3 sp=0x000000e713cfeb80 mode 2
Event: 4.171 Thread 0x000002c19de8fc20 DEOPT PACKING pc=0x000002c1a638a088 sp=0x000000e713cfeb90
Event: 4.171 Thread 0x000002c19de8fc20 DEOPT UNPACKING pc=0x000002c1a59a2b43 sp=0x000000e713cfe068 mode 0
Event: 4.171 Thread 0x000002c19de8fc20 DEOPT PACKING pc=0x000002c1a638a088 sp=0x000000e713cfeb90
Event: 4.171 Thread 0x000002c19de8fc20 DEOPT UNPACKING pc=0x000002c1a59a2b43 sp=0x000000e713cfe068 mode 0
Event: 4.202 Thread 0x000002c19de8fc20 DEOPT PACKING pc=0x000002c1a638a088 sp=0x000000e713cfeb90
Event: 4.202 Thread 0x000002c19de8fc20 DEOPT UNPACKING pc=0x000002c1a59a2b43 sp=0x000000e713cfe068 mode 0
Event: 4.544 Thread 0x000002c1c1e35c60 Uncommon trap: trap_request=0xffffff45 fr.pc=0x000002c1ad55f5b0 relative=0x0000000000000110
Event: 4.544 Thread 0x000002c1c1e35c60 Uncommon trap: reason=unstable_if action=reinterpret pc=0x000002c1ad55f5b0 method=java.lang.ThreadLocal.get()Ljava/lang/Object; @ 11 c2
Event: 4.544 Thread 0x000002c1c1e35c60 DEOPT PACKING pc=0x000002c1ad55f5b0 sp=0x000000e7171fe4d0
Event: 4.544 Thread 0x000002c1c1e35c60 DEOPT UNPACKING pc=0x000002c1a59a23a3 sp=0x000000e7171fe460 mode 2
Event: 5.503 Thread 0x000002c19de8fc20 DEOPT PACKING pc=0x000002c1a63fcba5 sp=0x000000e713cfed20
Event: 5.503 Thread 0x000002c19de8fc20 DEOPT UNPACKING pc=0x000002c1a59a2b43 sp=0x000000e713cfe400 mode 0
Event: 5.510 Thread 0x000002c19de8fc20 DEOPT PACKING pc=0x000002c1a63f35a4 sp=0x000000e713cfee40
Event: 5.510 Thread 0x000002c19de8fc20 DEOPT UNPACKING pc=0x000002c1a59a2b43 sp=0x000000e713cfe330 mode 0
Event: 5.560 Thread 0x000002c19de8fc20 DEOPT PACKING pc=0x000002c1a63f35a4 sp=0x000000e713cfec80
Event: 5.560 Thread 0x000002c19de8fc20 DEOPT UNPACKING pc=0x000002c1a59a2b43 sp=0x000000e713cfe168 mode 0
Event: 5.893 Thread 0x000002c19de8fc20 DEOPT PACKING pc=0x000002c1a642ba85 sp=0x000000e713cfe980
Event: 5.893 Thread 0x000002c19de8fc20 DEOPT UNPACKING pc=0x000002c1a59a2b43 sp=0x000000e713cfde80 mode 0

Classes unloaded (0 events):
No events

Classes redefined (0 events):
No events

Internal exceptions (20 events):
Event: 0.196 Thread 0x000002c19de8fc20 Exception <a 'java/lang/NoSuchMethodError'{0x000000071918ec40}: 'java.lang.Object java.lang.invoke.DirectMethodHandle$Holder.invokeStaticInit(java.lang.Object)'> (0x000000071918ec40) 
thrown [e:\jenkins\tmp\workspace\build\src\src\hotspot\share\interpreter\linkResolver.cpp, line 766]
Event: 0.204 Thread 0x000002c19de8fc20 Exception <a 'java/lang/NoSuchMethodError'{0x00000007191f0a60}: 'void java.lang.invoke.DirectMethodHandle$Holder.invokeStatic(java.lang.Object, java.lang.Object)'> (0x00000007191f0a60) 
thrown [e:\jenkins\tmp\workspace\build\src\src\hotspot\share\interpreter\linkResolver.cpp, line 766]
Event: 0.205 Thread 0x000002c19de8fc20 Exception <a 'java/lang/NoSuchMethodError'{0x00000007191f62a8}: 'void java.lang.invoke.DirectMethodHandle$Holder.invokeSpecial(java.lang.Object, java.lang.Object, java.lang.Object)'> (0x00000007191f62a8) 
thrown [e:\jenkins\tmp\workspace\build\src\src\hotspot\share\interpreter\linkResolver.cpp, line 766]
Event: 0.207 Thread 0x000002c19de8fc20 Exception <a 'java/lang/NoSuchMethodError'{0x0000000718e09ad8}: 'java.lang.Object java.lang.invoke.DirectMethodHandle$Holder.invokeStatic(java.lang.Object, java.lang.Object, int)'> (0x0000000718e09ad8) 
thrown [e:\jenkins\tmp\workspace\build\src\src\hotspot\share\interpreter\linkResolver.cpp, line 766]
Event: 0.208 Thread 0x000002c19de8fc20 Exception <a 'java/lang/NoSuchMethodError'{0x0000000718e15848}: 'void java.lang.invoke.DelegatingMethodHandle$Holder.delegate(java.lang.Object, java.lang.Object, int, java.lang.Object)'> (0x0000000718e15848) 
thrown [e:\jenkins\tmp\workspace\build\src\src\hotspot\share\interpreter\linkResolver.cpp, line 766]
Event: 0.208 Thread 0x000002c19de8fc20 Exception <a 'java/lang/NoSuchMethodError'{0x0000000718e19a88}: 'int java.lang.invoke.DirectMethodHandle$Holder.invokeSpecial(java.lang.Object, java.lang.Object, java.lang.Object)'> (0x0000000718e19a88) 
thrown [e:\jenkins\tmp\workspace\build\src\src\hotspot\share\interpreter\linkResolver.cpp, line 766]
Event: 0.234 Thread 0x000002c19de8fc20 Exception <a 'sun/nio/fs/WindowsException'{0x0000000718ec1a80}> (0x0000000718ec1a80) 
thrown [e:\jenkins\tmp\workspace\build\src\src\hotspot\share\prims\jni.cpp, line 516]
Event: 0.234 Thread 0x000002c19de8fc20 Exception <a 'sun/nio/fs/WindowsException'{0x0000000718ec1fd8}> (0x0000000718ec1fd8) 
thrown [e:\jenkins\tmp\workspace\build\src\src\hotspot\share\prims\jni.cpp, line 516]
Event: 0.256 Thread 0x000002c19de8fc20 Exception <a 'sun/nio/fs/WindowsException'{0x0000000718fafd78}> (0x0000000718fafd78) 
thrown [e:\jenkins\tmp\workspace\build\src\src\hotspot\share\prims\jni.cpp, line 516]
Event: 0.256 Thread 0x000002c19de8fc20 Exception <a 'sun/nio/fs/WindowsException'{0x0000000718fb0118}> (0x0000000718fb0118) 
thrown [e:\jenkins\tmp\workspace\build\src\src\hotspot\share\prims\jni.cpp, line 516]
Event: 0.275 Thread 0x000002c19de8fc20 Exception <a 'sun/nio/fs/WindowsException'{0x0000000718c5e660}> (0x0000000718c5e660) 
thrown [e:\jenkins\tmp\workspace\build\src\src\hotspot\share\prims\jni.cpp, line 516]
Event: 0.275 Thread 0x000002c19de8fc20 Exception <a 'sun/nio/fs/WindowsException'{0x0000000718c5e9d0}> (0x0000000718c5e9d0) 
thrown [e:\jenkins\tmp\workspace\build\src\src\hotspot\share\prims\jni.cpp, line 516]
Event: 0.320 Thread 0x000002c19de8fc20 Exception <a 'sun/nio/fs/WindowsException'{0x0000000718ce4d00}> (0x0000000718ce4d00) 
thrown [e:\jenkins\tmp\workspace\build\src\src\hotspot\share\prims\jni.cpp, line 516]
Event: 0.320 Thread 0x000002c19de8fc20 Exception <a 'sun/nio/fs/WindowsException'{0x0000000718ce5088}> (0x0000000718ce5088) 
thrown [e:\jenkins\tmp\workspace\build\src\src\hotspot\share\prims\jni.cpp, line 516]
Event: 0.572 Thread 0x000002c19de8fc20 Exception <a 'sun/nio/fs/WindowsException'{0x0000000718ac8730}> (0x0000000718ac8730) 
thrown [e:\jenkins\tmp\workspace\build\src\src\hotspot\share\prims\jni.cpp, line 516]
Event: 0.572 Thread 0x000002c19de8fc20 Exception <a 'sun/nio/fs/WindowsException'{0x0000000718ac8ae0}> (0x0000000718ac8ae0) 
thrown [e:\jenkins\tmp\workspace\build\src\src\hotspot\share\prims\jni.cpp, line 516]
Event: 0.575 Thread 0x000002c19de8fc20 Exception <a 'sun/nio/fs/WindowsException'{0x0000000718ad4c78}> (0x0000000718ad4c78) 
thrown [e:\jenkins\tmp\workspace\build\src\src\hotspot\share\prims\jni.cpp, line 516]
Event: 0.575 Thread 0x000002c19de8fc20 Exception <a 'sun/nio/fs/WindowsException'{0x0000000718ad4f60}> (0x0000000718ad4f60) 
thrown [e:\jenkins\tmp\workspace\build\src\src\hotspot\share\prims\jni.cpp, line 516]
Event: 3.903 Thread 0x000002c19de8fc20 Implicit null exception at 0x000002c1ad56a73f to 0x000002c1ad56a81c
Event: 4.544 Thread 0x000002c1c1e35c60 Implicit null exception at 0x000002c1ad55f4df to 0x000002c1ad55f59c

VM Operations (20 events):
Event: 22.586 Executing VM operation: ICBufferFull
Event: 22.586 Executing VM operation: ICBufferFull done
Event: 23.233 Executing VM operation: ICBufferFull
Event: 23.233 Executing VM operation: ICBufferFull done
Event: 23.887 Executing VM operation: ICBufferFull
Event: 23.887 Executing VM operation: ICBufferFull done
Event: 24.551 Executing VM operation: ICBufferFull
Event: 24.551 Executing VM operation: ICBufferFull done
Event: 25.252 Executing VM operation: ICBufferFull
Event: 25.252 Executing VM operation: ICBufferFull done
Event: 25.953 Executing VM operation: ICBufferFull
Event: 25.953 Executing VM operation: ICBufferFull done
Event: 26.669 Executing VM operation: ICBufferFull
Event: 26.669 Executing VM operation: ICBufferFull done
Event: 27.403 Executing VM operation: ICBufferFull
Event: 27.403 Executing VM operation: ICBufferFull done
Event: 29.404 Executing VM operation: Cleanup
Event: 29.404 Executing VM operation: Cleanup done
Event: 32.214 Executing VM operation: G1CollectForAllocation
Event: 32.217 Executing VM operation: G1CollectForAllocation done

Events (20 events):
Event: 4.558 loading class javax/sound/sampled/LineEvent done
Event: 4.558 loading class javax/sound/sampled/LineEvent$Type
Event: 4.558 loading class javax/sound/sampled/LineEvent$Type done
Event: 4.558 loading class com/sun/media/sound/EventDispatcher
Event: 4.559 loading class com/sun/media/sound/EventDispatcher done
Event: 4.559 Thread 0x000002c1c1e34920 Thread added: 0x000002c1c1e34920
Event: 4.575 Thread 0x000002c1c1e34450 Thread added: 0x000002c1c1e34450
Event: 4.656 Thread 0x000002c1c5bd89f0 Thread exited: 0x000002c1c5bd89f0
Event: 4.777 Thread 0x000002c1c1e35c60 Thread exited: 0x000002c1c1e35c60
Event: 5.068 Thread 0x000002c1ccc9cd60 Thread exited: 0x000002c1ccc9cd60
Event: 5.152 Thread 0x000002c1ccc08eb0 Thread exited: 0x000002c1ccc08eb0
Event: 5.827 Thread 0x000002c1d42f5b00 Thread added: 0x000002c1d42f5b00
Event: 6.172 Thread 0x000002c1d42f5b00 Thread exited: 0x000002c1d42f5b00
Event: 9.087 Thread 0x000002c1ccc83f60 Thread exited: 0x000002c1ccc83f60
Event: 10.245 Thread 0x000002c1c1e0a160 Thread exited: 0x000002c1c1e0a160
Event: 10.245 Thread 0x000002c1c1dff5b0 Thread exited: 0x000002c1c1dff5b0
Event: 14.785 Thread 0x000002c1d1986040 Thread added: 0x000002c1d1986040
Event: 14.785 Thread 0x000002c1cc59f710 Thread added: 0x000002c1cc59f710
Event: 16.732 Thread 0x000002c1d1986040 Thread exited: 0x000002c1d1986040
Event: 16.732 Thread 0x000002c1cc59f710 Thread exited: 0x000002c1cc59f710


Dynamic libraries:
0x00007ff7d8a20000 - 0x00007ff7d8a2e000 	C:\Program Files\Eclipse Adoptium\jdk-17.0.1.12-hotspot\bin\java.exe
0x00007ffdc5cd0000 - 0x00007ffdc5ec5000 	C:\Windows\SYSTEM32\ntdll.dll
0x00007ffdc4060000 - 0x00007ffdc411d000 	C:\Windows\System32\KERNEL32.DLL
0x00007ffdc3720000 - 0x00007ffdc39ed000 	C:\Windows\System32\KERNELBASE.dll
0x00007ffdc33b0000 - 0x00007ffdc34b0000 	C:\Windows\System32\ucrtbase.dll
0x00007ffdb6650000 - 0x00007ffdb6668000 	C:\Program Files\Eclipse Adoptium\jdk-17.0.1.12-hotspot\bin\jli.dll
0x00007ffdbd460000 - 0x00007ffdbd479000 	C:\Program Files\Eclipse Adoptium\jdk-17.0.1.12-hotspot\bin\VCRUNTIME140.dll
0x00007ffdc5530000 - 0x00007ffdc56d0000 	C:\Windows\System32\USER32.dll
0x00007ffdc3c20000 - 0x00007ffdc3c42000 	C:\Windows\System32\win32u.dll
0x00007ffdad620000 - 0x00007ffdad8ba000 	C:\Windows\WinSxS\amd64_microsoft.windows.common-controls_6595b64144ccf1df_6.0.19041.1110_none_60b5254171f9507e\COMCTL32.dll
0x00007ffdc5bd0000 - 0x00007ffdc5bfa000 	C:\Windows\System32\GDI32.dll
0x00007ffdc5190000 - 0x00007ffdc522e000 	C:\Windows\System32\msvcrt.dll
0x00007ffdc3610000 - 0x00007ffdc371b000 	C:\Windows\System32\gdi32full.dll
0x00007ffdc39f0000 - 0x00007ffdc3a8d000 	C:\Windows\System32\msvcp_win.dll
0x00007ffdc4eb0000 - 0x00007ffdc4ee0000 	C:\Windows\System32\IMM32.DLL
0x00007ffdbede0000 - 0x00007ffdbedec000 	C:\Program Files\Eclipse Adoptium\jdk-17.0.1.12-hotspot\bin\vcruntime140_1.dll
0x00007ffdb1890000 - 0x00007ffdb1921000 	C:\Program Files\Eclipse Adoptium\jdk-17.0.1.12-hotspot\bin\msvcp140.dll
0x00007ffd82e10000 - 0x00007ffd83a56000 	C:\Program Files\Eclipse Adoptium\jdk-17.0.1.12-hotspot\bin\server\jvm.dll
0x00007ffdc3fb0000 - 0x00007ffdc405e000 	C:\Windows\System32\ADVAPI32.dll
0x00007ffdc3e80000 - 0x00007ffdc3f1c000 	C:\Windows\System32\sechost.dll
0x00007ffdc3d50000 - 0x00007ffdc3e75000 	C:\Windows\System32\RPCRT4.dll
0x00007ffdc4ee0000 - 0x00007ffdc4ee8000 	C:\Windows\System32\PSAPI.DLL
0x00007ffdbc260000 - 0x00007ffdbc26a000 	C:\Windows\SYSTEM32\VERSION.dll
0x00007ffdb8890000 - 0x00007ffdb88b7000 	C:\Windows\SYSTEM32\WINMM.dll
0x00007ffda5c00000 - 0x00007ffda5c09000 	C:\Windows\SYSTEM32\WSOCK32.dll
0x00007ffdc52e0000 - 0x00007ffdc534b000 	C:\Windows\System32\WS2_32.dll
0x00007ffdc1c40000 - 0x00007ffdc1c52000 	C:\Windows\SYSTEM32\kernel.appcore.dll
0x00007ffdbee30000 - 0x00007ffdbee3a000 	C:\Program Files\Eclipse Adoptium\jdk-17.0.1.12-hotspot\bin\jimage.dll
0x00007ffdc1a30000 - 0x00007ffdc1c14000 	C:\Windows\SYSTEM32\DBGHELP.DLL
0x00007ffdb8de0000 - 0x00007ffdb8e0c000 	C:\Windows\SYSTEM32\dbgcore.DLL
0x00007ffdc3a90000 - 0x00007ffdc3b12000 	C:\Windows\System32\bcryptPrimitives.dll
0x00007ffdb62b0000 - 0x00007ffdb62d5000 	C:\Program Files\Eclipse Adoptium\jdk-17.0.1.12-hotspot\bin\java.dll
0x00007ffdb1a30000 - 0x00007ffdb1b06000 	C:\Program Files\Eclipse Adoptium\jdk-17.0.1.12-hotspot\bin\svml.dll
0x00007ffdc4120000 - 0x00007ffdc4864000 	C:\Windows\System32\SHELL32.dll
0x00007ffdc1150000 - 0x00007ffdc18e4000 	C:\Windows\SYSTEM32\windows.storage.dll
0x00007ffdc5870000 - 0x00007ffdc5bc4000 	C:\Windows\System32\combase.dll
0x00007ffdc2e10000 - 0x00007ffdc2e3c000 	C:\Windows\SYSTEM32\Wldp.dll
0x00007ffdc5230000 - 0x00007ffdc52dd000 	C:\Windows\System32\SHCORE.dll
0x00007ffdc3cf0000 - 0x00007ffdc3d45000 	C:\Windows\System32\shlwapi.dll
0x00007ffdc32f0000 - 0x00007ffdc330f000 	C:\Windows\SYSTEM32\profapi.dll
0x00007ffdaafa0000 - 0x00007ffdaafb9000 	C:\Program Files\Eclipse Adoptium\jdk-17.0.1.12-hotspot\bin\net.dll
0x00007ffdb4be0000 - 0x00007ffdb4cea000 	C:\Windows\SYSTEM32\WINHTTP.dll
0x00007ffdc2b70000 - 0x00007ffdc2bda000 	C:\Windows\system32\mswsock.dll
0x00007ffdaaf80000 - 0x00007ffdaaf95000 	C:\Program Files\Eclipse Adoptium\jdk-17.0.1.12-hotspot\bin\nio.dll
0x00007ffdaace0000 - 0x00007ffdaacf8000 	C:\Program Files\Eclipse Adoptium\jdk-17.0.1.12-hotspot\bin\zip.dll
0x000000006e700000 - 0x000000006e72a000 	C:\Users\grado\AppData\Local\Temp\libgdxgrado\e1cd32f8\gdx64.dll
0x00007ffdb19c0000 - 0x00007ffdb1a24000 	C:\Users\grado\AppData\Local\Temp\lwjglgrado\3.2.3-build-13\lwjgl.dll
0x00007ffd84490000 - 0x00007ffd846e3000 	C:\Users\grado\AppData\Local\Temp\lwjglgrado\3.2.3-build-13\jemalloc.dll
0x00007ffdb1950000 - 0x00007ffdb19b2000 	C:\Users\grado\AppData\Local\Temp\lwjglgrado\3.2.3-build-13\glfw.dll
0x00007ffdc0870000 - 0x00007ffdc090e000 	C:\Windows\system32\uxtheme.dll
0x00007ffdaa450000 - 0x00007ffdaa495000 	C:\Windows\SYSTEM32\dinput8.dll
0x00007ffdb1930000 - 0x00007ffdb1941000 	C:\Windows\SYSTEM32\xinput1_4.dll
0x00007ffdc3b20000 - 0x00007ffdc3b6e000 	C:\Windows\System32\cfgmgr32.dll
0x00007ffdc3160000 - 0x00007ffdc318c000 	C:\Windows\SYSTEM32\DEVOBJ.dll
0x00007ffdc0a00000 - 0x00007ffdc0a2f000 	C:\Windows\SYSTEM32\dwmapi.dll
0x00007ffda8c80000 - 0x00007ffda8dd2000 	C:\Windows\SYSTEM32\inputhost.dll
0x00007ffdc4d70000 - 0x00007ffdc4e3d000 	C:\Windows\System32\OLEAUT32.dll
0x00007ffdc0500000 - 0x00007ffdc05f2000 	C:\Windows\SYSTEM32\CoreMessaging.dll
0x00007ffdbe990000 - 0x00007ffdbea86000 	C:\Windows\SYSTEM32\PROPSYS.dll
0x00007ffdbfad0000 - 0x00007ffdbfc24000 	C:\Windows\SYSTEM32\wintypes.dll
0x00007ffdc01a0000 - 0x00007ffdc04fe000 	C:\Windows\SYSTEM32\CoreUIComponents.dll
0x00007ffdc20b0000 - 0x00007ffdc20e3000 	C:\Windows\SYSTEM32\ntmarta.dll
0x00007ffdc5750000 - 0x00007ffdc5865000 	C:\Windows\System32\MSCTF.dll
0x00007ffdc18f0000 - 0x00007ffdc18fd000 	C:\Windows\SYSTEM32\HID.DLL
0x00007ffdc4870000 - 0x00007ffdc4ce1000 	C:\Windows\System32\SETUPAPI.DLL
0x00007ffdc3c50000 - 0x00007ffdc3c77000 	C:\Windows\System32\bcrypt.dll
0x00007ffdc3c80000 - 0x00007ffdc3ce8000 	C:\Windows\System32\WINTRUST.dll
0x00007ffdc34b0000 - 0x00007ffdc3606000 	C:\Windows\System32\CRYPT32.dll
0x00007ffdc2fa0000 - 0x00007ffdc2fb2000 	C:\Windows\SYSTEM32\MSASN1.dll
0x00007ffd81e40000 - 0x00007ffd81f4b000 	C:\Users\grado\AppData\Local\Temp\lwjglgrado\3.2.3-build-13\OpenAL.dll
0x00007ffdc5400000 - 0x00007ffdc552a000 	C:\Windows\System32\ole32.dll
0x00007ffdc5350000 - 0x00007ffdc53f9000 	C:\Windows\System32\clbcatq.dll
0x00007ffdbb510000 - 0x00007ffdbb595000 	C:\Windows\System32\MMDevApi.dll
0x00007ffdbbda0000 - 0x00007ffdbbf22000 	C:\Windows\SYSTEM32\AUDIOSES.DLL
0x00007ffdc2930000 - 0x00007ffdc297b000 	C:\Windows\SYSTEM32\powrprof.dll
0x00007ffdc27f0000 - 0x00007ffdc2802000 	C:\Windows\SYSTEM32\UMPDC.dll
0x00007ffdc0a30000 - 0x00007ffdc0a44000 	C:\Windows\SYSTEM32\resourcepolicyclient.dll
0x00007ffd22910000 - 0x00007ffd22a36000 	C:\Windows\SYSTEM32\opengl32.dll
0x00007ffd228e0000 - 0x00007ffd2290c000 	C:\Windows\SYSTEM32\GLU32.dll
0x00007ffdbc2e0000 - 0x00007ffdbc3d7000 	C:\Windows\System32\AppXDeploymentClient.dll
0x00007ffdab4d0000 - 0x00007ffdab4fa000 	C:\Windows\System32\DriverStore\FileRepository\u0361612.inf_amd64_b679e02f70413f9f\B361368\atig6pxx.dll
0x00007ffd7dc80000 - 0x00007ffd80966000 	C:\Windows\System32\DriverStore\FileRepository\u0361612.inf_amd64_b679e02f70413f9f\B361368\atio6axx.dll
0x00007ffd86690000 - 0x00007ffd866b4000 	C:\Windows\SYSTEM32\dxva2.dll
0x00007ffda3f10000 - 0x00007ffda3f4c000 	C:\Windows\System32\DriverStore\FileRepository\u0361612.inf_amd64_b679e02f70413f9f\B361368\atig6txx.dll
0x00007ffd81c80000 - 0x00007ffd81e39000 	C:\Windows\SYSTEM32\atiadlxx.dll
0x00007ffdb9380000 - 0x00007ffdb93bb000 	C:\Windows\SYSTEM32\dxcore.dll
0x00007ffd9ef60000 - 0x00007ffd9efb9000 	C:\Users\grado\AppData\Local\Temp\lwjglgrado\3.2.3-build-13\lwjgl_opengl.dll
0x00007ffda93b0000 - 0x00007ffda94a9000 	C:\Windows\SYSTEM32\textinputframework.dll
0x00007ffdaacc0000 - 0x00007ffdaacd1000 	C:\Program Files\Eclipse Adoptium\jdk-17.0.1.12-hotspot\bin\jsound.dll
0x00007ffd853c0000 - 0x00007ffd8545c000 	C:\Windows\SYSTEM32\DSOUND.dll
0x00007ffdb3710000 - 0x00007ffdb3736000 	C:\Windows\SYSTEM32\winmmbase.dll
0x00007ffda9b00000 - 0x00007ffda9b46000 	C:\Windows\SYSTEM32\wdmaud.drv
0x00007ffdbd880000 - 0x00007ffdbd88a000 	C:\Windows\SYSTEM32\AVRT.dll
0x00007ffdbde60000 - 0x00007ffdbde69000 	C:\Windows\SYSTEM32\ksuser.dll
0x00007ffdbc5b0000 - 0x00007ffdbc5bd000 	C:\Windows\SYSTEM32\msacm32.drv
0x00007ffdbc630000 - 0x00007ffdbc64e000 	C:\Windows\SYSTEM32\MSACM32.dll
0x00007ffdb6730000 - 0x00007ffdb673b000 	C:\Windows\SYSTEM32\midimap.dll
0x00007ffda8de0000 - 0x00007ffda8f21000 	C:\Windows\System32\Windows.UI.dll
0x00007ffdbd350000 - 0x00007ffdbd3f1000 	C:\Windows\System32\WindowManagementAPI.dll
0x00007ffdbca10000 - 0x00007ffdbcc11000 	C:\Windows\SYSTEM32\twinapi.appcore.dll

dbghelp: loaded successfully - version: 4.0.5 - missing functions: none
symbol engine: initialized successfully - sym options: 0x614 - pdb path: .;C:\Program Files\Eclipse Adoptium\jdk-17.0.1.12-hotspot\bin;C:\Windows\SYSTEM32;C:\Windows\WinSxS\amd64_microsoft.windows.common-controls_6595b64144ccf1df_6.0.19041.1110_none_60b5254171f9507e;C:\Program Files\Eclipse Adoptium\jdk-17.0.1.12-hotspot\bin\server;C:\Users\grado\AppData\Local\Temp\libgdxgrado\e1cd32f8;C:\Users\grado\AppData\Local\Temp\lwjglgrado\3.2.3-build-13;C:\Windows\System32\DriverStore\FileRepository\u0361612.inf_amd64_b679e02f70413f9f\B361368

VM Arguments:
jvm_args: -XX:+ShowCodeDetailsInExceptionMessages 
java_command: com.crazyputting3d.Main
java_class_path (initial): C:\Users\grado\Documents\Group-04\3dcrazyputting\desktop\bin\main;\CrazyPutting3D-core\bin\default;C:\Users\grado\Documents\Group-04\3dcrazyputting\core\bin\main;C:\Users\grado\.gradle\caches\modules-2\files-2.1\com.badlogicgames.gdx\gdx-backend-lwjgl3\1.10.0\600c7d5b2c977daa82c4abad147087b31e0ada87\gdx-backend-lwjgl3-1.10.0.jar;C:\Users\grado\.gradle\caches\modules-2\files-2.1\com.badlogicgames.gdx\gdx-platform\1.10.0\9a8fa793d2fd6d360afc6c9e4c1f5583da263b88\gdx-platform-1.10.0-natives-desktop.jar;C:\Users\grado\.gradle\caches\modules-2\files-2.1\com.badlogicgames.gdx\gdx-bullet-platform\1.10.0\ce92e8dfc762523d769cbc50853163c03bf98cf1\gdx-bullet-platform-1.10.0-natives-desktop.jar;C:\Users\grado\.gradle\caches\modules-2\files-2.1\com.badlogicgames.gdx\gdx-freetype-platform\1.10.0\6e5d28752759e69384f12e4569d2c884ff71352f\gdx-freetype-platform-1.10.0-natives-desktop.jar;C:\Users\grado\.gradle\caches\modules-2\files-2.1\com.badlogicgames.gdx-controllers\gdx-controllers-desktop\2.2.1\cb3430c32468a090eca54d494d16bb3764ceff9b\gdx-controllers-desktop-2.2.1.jar;C:\Users\grado\.gradle\caches\modules-2\files-2.1\org.jetbrains\annotations\20.1.0\2fcd1f3225bca0c4a7bc931142076f8c1e80993f\annotations-20.1.0.jar;C:\Users\grado\.gradle\caches\modules-2\files-2.1\com.badlogicgames.gdx\gdx-bullet\1.10.0\839b58c7278f5c3b55291c3a559d91227400ecdb\gdx-bullet-1.10.0.jar;C:\Users\grado\.gradle\caches\modules-2\files-2.1\com.badlogicgames.gdx\gdx-freetype\1.10.0\de1d0d5c1e92e8d91364256fd6b7bb279d3e9859\gdx-freetype-1.10.0.jar;C:\Users\grado\.gradle\caches\modules-2\files-2.1\com.badlogicgames.gdx\gdx-ai\1.8.2\ab75d2ce80ab1b1ce6828a15dc0f417abac4c674\gdx-ai-1.8.2.jar;C:\Users\grado\.gradle\caches\modules-2\files-2.1\com.badlogicgames.ashley\ashley\1.7.4\21a3a8932919099c4e5006a7d8378dcbe76ef8a5\ashley-1.7.4.jar;C:\Users\grado\.gradle\caches\modules-2\files-2.1\com.badlogicgames.box2dlights\box2dlights\1.5\6902dbcd250c95a27973aa24a147a95b3828d348\box2dlights-1.5.j
Launcher Type: SUN_STANDARD

[Global flags]
     intx CICompilerCount                          = 12                                        {product} {ergonomic}
     uint ConcGCThreads                            = 3                                         {product} {ergonomic}
     uint G1ConcRefinementThreads                  = 13                                        {product} {ergonomic}
   size_t G1HeapRegionSize                         = 2097152                                   {product} {ergonomic}
    uintx GCDrainStackTargetSize                   = 64                                        {product} {ergonomic}
   size_t InitialHeapSize                          = 257949696                                 {product} {ergonomic}
   size_t MarkStackSize                            = 4194304                                   {product} {ergonomic}
   size_t MaxHeapSize                              = 4127195136                                {product} {ergonomic}
   size_t MaxNewSize                               = 2474639360                                {product} {ergonomic}
   size_t MinHeapDeltaBytes                        = 2097152                                   {product} {ergonomic}
   size_t MinHeapSize                              = 8388608                                   {product} {ergonomic}
    uintx NonNMethodCodeHeapSize                   = 7602480                                {pd product} {ergonomic}
    uintx NonProfiledCodeHeapSize                  = 122027880                              {pd product} {ergonomic}
    uintx ProfiledCodeHeapSize                     = 122027880                              {pd product} {ergonomic}
    uintx ReservedCodeCacheSize                    = 251658240                              {pd product} {ergonomic}
     bool SegmentedCodeCache                       = true                                      {product} {ergonomic}
     bool ShowCodeDetailsInExceptionMessages       = true                                   {manageable} {command line}
   size_t SoftMaxHeapSize                          = 4127195136                             {manageable} {ergonomic}
     bool UseCompressedClassPointers               = true                           {product lp64_product} {ergonomic}
     bool UseCompressedOops                        = true                           {product lp64_product} {ergonomic}
     bool UseG1GC                                  = true                                      {product} {ergonomic}
     bool UseLargePagesIndividualAllocation        = false                                  {pd product} {ergonomic}

Logging:
Log output configuration:
 #0: stdout all=warning uptime,level,tags
 #1: stderr all=off uptime,level,tags

Environment Variables:
PATH=C:\Program Files\Common Files\Oracle\Java\javapath;C:\Windows\system32;C:\Windows;C:\Windows\System32\Wbem;C:\Windows\System32\WindowsPowerShell\v1.0\;C:\Windows\System32\OpenSSH\;C:\Program Files (x86)\NVIDIA Corporation\PhysX\Common;C:\Program Files\NVIDIA Corporation\NVIDIA NvDLISR;C:\Program Files\MATLAB\R2022a\bin;C:\Program Files\Gradle\gradle-7.4.2\bin;C:\Program Files\Git\cmd;C:\Users\grado\AppData\Local\Microsoft\WindowsApps;C:\Users\grado\AppData\Local\Programs\Microsoft VS Code\bin;C:\Users\grado\AppData\Local\GitHubDesktop\bin
USERNAME=grado
LANG=en_US.UTF-8
OS=Windows_NT
PROCESSOR_IDENTIFIER=AMD64 Family 23 Model 96 Stepping 1, AuthenticAMD



---------------  S Y S T E M  ---------------

OS:
 Windows 10 , 64 bit Build 19041 (10.0.19041.1706)
OS uptime: 11 days 17:15 hours

CPU: total 16 (initial active 16) (16 cores per cpu, 2 threads per core) family 23 model 96 stepping 1 microcode 0x0, cx8, cmov, fxsr, ht, mmx, 3dnowpref, sse, sse2, sse3, ssse3, sse4a, sse4.1, sse4.2, popcnt, lzcnt, tsc, tscinvbit, avx, avx2, aes, clmul, bmi1, bmi2, adx, sha, fma, vzeroupper, clflush, clflushopt

Memory: 4k page, system-wide physical 15741M (4404M free)
TotalPageFile size 28638M (AvailPageFile size 4855M)
current process WorkingSet (physical memory assigned to process): 619M, peak: 740M
current process commit charge ("private bytes"): 866M, peak: 998M

vm_info: OpenJDK 64-Bit Server VM (17.0.1+12) for windows-amd64 JRE (17.0.1+12), built on Oct 20 2021 07:42:55 by "" with MS VC++ 16.7 (VS2019)

END.
