#
# A fatal error has been detected by the Java Runtime Environment:
#
#  EXCEPTION_ACCESS_VIOLATION (0xc0000005) at pc=0x000002eb8000f8f2, pid=2324, tid=2556
#
# JRE version: OpenJDK Runtime Environment Temurin-11.0.13+8 (11.0.13+8) (build 11.0.13+8)
# Java VM: OpenJDK 64-Bit Server VM Temurin-11.0.13+8 (11.0.13+8, mixed mode, tiered, compressed oops, g1 gc, windows-amd64)
# Problematic frame:
# j  org.lwjgl.system.MemoryUtil.memGlobalRefToObject(J)Ljava/lang/Object;+0
#
# No core dump will be written. Minidumps are not enabled by default on client versions of Windows
#
# If you would like to submit a bug report, please visit:
#   https://github.com/adoptium/adoptium-support/issues
#

---------------  S U M M A R Y ------------

Command Line: com.crazyputting3d.Menu

Host: AMD Ryzen 7 4700U with Radeon Graphics         , 8 cores, 15G,  Windows 10 , 64 bit Build 19041 (10.0.19041.1566)
Time: Mon Apr 11 16:06:39 2022 West-Europa (zomertijd) elapsed time: 23.492322 seconds (0d 0h 0m 23s)

---------------  T H R E A D  ---------------

Current thread (0x000002eb9858c000):  JavaThread "AWT-EventQueue-0" [_thread_in_Java, id=2556, stack(0x000000f314500000,0x000000f314600000)]

Stack: [0x000000f314500000,0x000000f314600000],  sp=0x000000f3145facc0,  free space=1003k
Native frames: (J=compiled Java code, j=interpreted, Vv=VM code, C=native code)
C  0x000002eb8000f8f2


siginfo: EXCEPTION_ACCESS_VIOLATION (0xc0000005), reading address 0x0000000100000014


Register to memory mapping:

RIP=0x000002eb8000f8f2 is at code_begin+1426 in an Interpreter codelet
method entry point (kind = native)  [0x000002eb8000f360, 0x000002eb8000fe00]  2720 bytes
RAX=0x0000000100000014 is an unknown value
RBX={method} {0x000002eb9efc43b8} 'memGlobalRefToObject' '(J)Ljava/lang/Object;' in 'org/lwjgl/system/MemoryUtil'
RCX=0x000002eb9858c348 points into unknown readable memory: 0x000002eb9da00000 | 00 00 a0 9d eb 02 00 00
RDX=0x000000f3145fad60 is pointing into the stack for thread: 0x000002eb9858c000
RSP=0x000000f3145facc0 is pointing into the stack for thread: 0x000002eb9858c000
RBP=0x000000f3145fad50 is pointing into the stack for thread: 0x000002eb9858c000
RSI=0x0000000000000140 is an unknown value
RDI=0x000002eb8000a010 is at code_begin+1040 in an Interpreter codelet
invoke return entry points  [0x000002eb80009c00, 0x000002eb8000a600]  2560 bytes
R8 =0x0000000100000014 is an unknown value
R9 =0x0000000709f911a8 is an oop: java.lang.Class 
{0x0000000709f911a8} - klass: 'java/lang/Class'
R10=0x0 is NULL
R11=0x000002eb8000c6fb is at code_begin+27 in an Interpreter codelet
result handlers for native calls  [0x000002eb8000c6e0, 0x000002eb8000c700]  32 bytes
R12=0x0 is NULL
R13=0x000002eb9efc43a8 is pointing into metadata
R14=0x000000f3145fad78 is pointing into the stack for thread: 0x000002eb9858c000
R15=0x000002eb9858c000 is a thread


Registers:
RAX=0x0000000100000014, RBX=0x000002eb9efc43b0, RCX=0x000002eb9858c348, RDX=0x000000f3145fad60
RSP=0x000000f3145facc0, RBP=0x000000f3145fad50, RSI=0x0000000000000140, RDI=0x000002eb8000a010
R8 =0x0000000100000014, R9 =0x0000000709f911a8, R10=0x0000000000000000, R11=0x000002eb8000c6fb
R12=0x0000000000000000, R13=0x000002eb9efc43a8, R14=0x000000f3145fad78, R15=0x000002eb9858c000
RIP=0x000002eb8000f8f2, EFLAGS=0x0000000000010246

Top of Stack: (sp=0x000000f3145facc0)
0x000000f3145facc0:   0000000000000000 000002eb8000f777
0x000000f3145facd0:   000002eb9d47d4c0 0000000000000000
0x000000f3145face0:   000000f3145fad08 000000f3145fad60
0x000000f3145facf0:   000002eb8000a010 0000000709fa5cd0
0x000000f3145fad00:   000002eb8000c6f7 000000f3145fad08
0x000000f3145fad10:   0000000000000000 000000f3145fad78
0x000000f3145fad20:   000002eb9efc9b68 0000000000000000
0x000000f3145fad30:   00000007099baa68 000002eb9efc43b0
0x000000f3145fad40:   0000000000000000 000000f3145fad70
0x000000f3145fad50:   000000f3145fadc8 000002eb8000a280
0x000000f3145fad60:   00000007099baa68 000002eb8000c6fb
0x000000f3145fad70:   0000000100000014 0000000000000000
0x000000f3145fad80:   000000f3145fad80 000002eb9ef7d2d4
0x000000f3145fad90:   000000f3145fade0 000002eb9efa5570
0x000000f3145fada0:   0000000000000000 0000000709f95de0
0x000000f3145fadb0:   000002eb9ef7d2f0 000000f3145fad70 

Instructions: (pc=0x000002eb8000f8f2)
0x000002eb8000f7f2:   08 00 00 00 49 ba 00 00 00 00 00 00 00 00 4d 89
0x000002eb8000f802:   97 28 03 00 00 49 ba 00 00 00 00 00 00 00 00 4d
0x000002eb8000f812:   89 97 38 03 00 00 49 ba 00 00 00 00 00 00 00 00
0x000002eb8000f822:   4d 89 97 30 03 00 00 c5 f8 77 4d 8b 9f e0 00 00
0x000002eb8000f832:   00 41 c7 83 00 01 00 00 00 00 00 00 49 bb fb c6
0x000002eb8000f842:   00 80 eb 02 00 00 4c 3b 5d 18 0f 85 be 00 00 00
0x000002eb8000f852:   48 8b 04 24 48 83 c4 10 48 85 c0 0f 84 92 00 00
0x000002eb8000f862:   00 48 a9 01 00 00 00 0f 84 83 00 00 00 48 8b 40
0x000002eb8000f872:   ff 41 80 7f 30 00 0f 84 6f 00 00 00 48 83 f8 00
0x000002eb8000f882:   0f 84 65 00 00 00 4d 8b 5f 38 49 83 fb 00 0f 84
0x000002eb8000f892:   14 00 00 00 49 83 eb 08 4d 89 5f 38 4d 03 5f 48
0x000002eb8000f8a2:   49 89 03 e9 43 00 00 00 50 49 8b d7 48 8b c8 48
0x000002eb8000f8b2:   83 ec 20 f7 c4 0f 00 00 00 0f 84 1a 00 00 00 48
0x000002eb8000f8c2:   83 ec 08 49 ba 10 bb 0c 21 fc 7f 00 00 41 ff d2
0x000002eb8000f8d2:   48 83 c4 08 e9 0d 00 00 00 49 ba 10 bb 0c 21 fc
0x000002eb8000f8e2:   7f 00 00 41 ff d2 48 83 c4 20 58 e9 03 00 00 00
0x000002eb8000f8f2:   48 8b 00 48 89 45 10 48 83 ec 10 48 89 04 24 49
0x000002eb8000f902:   ba 00 00 00 00 00 00 00 00 4c 89 54 24 08 41 81
0x000002eb8000f912:   bf 20 04 00 00 02 00 00 00 0f 85 c5 00 00 00 48
0x000002eb8000f922:   89 64 24 d8 48 81 ec 80 00 00 00 48 89 44 24 78
0x000002eb8000f932:   48 89 4c 24 70 48 89 54 24 68 48 89 5c 24 60 48
0x000002eb8000f942:   89 6c 24 50 48 89 74 24 48 48 89 7c 24 40 4c 89
0x000002eb8000f952:   44 24 38 4c 89 4c 24 30 4c 89 54 24 28 4c 89 5c
0x000002eb8000f962:   24 20 4c 89 64 24 18 4c 89 6c 24 10 4c 89 74 24
0x000002eb8000f972:   08 4c 89 3c 24 4c 8b e4 48 83 ec 20 48 83 e4 f0
0x000002eb8000f982:   49 ba 30 c9 47 21 fc 7f 00 00 41 ff d2 49 8b e4
0x000002eb8000f992:   4c 8b 3c 24 4c 8b 74 24 08 4c 8b 6c 24 10 4c 8b
0x000002eb8000f9a2:   64 24 18 4c 8b 5c 24 20 4c 8b 54 24 28 4c 8b 4c
0x000002eb8000f9b2:   24 30 4c 8b 44 24 38 48 8b 7c 24 40 48 8b 74 24
0x000002eb8000f9c2:   48 48 8b 6c 24 50 48 8b 5c 24 60 48 8b 54 24 68
0x000002eb8000f9d2:   48 8b 4c 24 70 48 8b 44 24 78 48 81 c4 80 00 00
0x000002eb8000f9e2:   00 4d 33 e4 48 8b 5d e8 4c 8b 6b 08 4d 8d 6d 38 


Stack slot to memory mapping:
stack at sp + 0 slots: 0x0 is NULL
stack at sp + 1 slots: 0x000002eb8000f777 is at code_begin+1047 in an Interpreter codelet
method entry point (kind = native)  [0x000002eb8000f360, 0x000002eb8000fe00]  2720 bytes
stack at sp + 2 slots: {method} {0x000002eb9d47d4c8} 'ndcbGetUserData' '(J)J' in 'org/lwjgl/system/dyncall/DynCallback'
stack at sp + 3 slots: 0x0 is NULL
stack at sp + 4 slots: 0x000000f3145fad08 is pointing into the stack for thread: 0x000002eb9858c000
stack at sp + 5 slots: 0x000000f3145fad60 is pointing into the stack for thread: 0x000002eb9858c000
stack at sp + 6 slots: 0x000002eb8000a010 is at code_begin+1040 in an Interpreter codelet
invoke return entry points  [0x000002eb80009c00, 0x000002eb8000a600]  2560 bytes
stack at sp + 7 slots: 0x0000000709fa5cd0 is an oop: java.lang.Class 
{0x0000000709fa5cd0} - klass: 'java/lang/Class'

method entry point (kind = native)  [0x000002eb8000f360, 0x000002eb8000fe00]  2720 bytes

---------------  P R O C E S S  ---------------

Threads class SMR info:
_java_thread_list=0x000002ebae3a16d0, length=17, elements={
0x000002eb9718f000, 0x000002eb97198800, 0x000002eb97a83800, 0x000002eb97a86000,
0x000002eb97a87000, 0x000002eb97a8a000, 0x000002eb97a8b800, 0x000002eb97a34800,
0x000002eb97bf0000, 0x000002eb9829a800, 0x000002eb98343000, 0x000002eb982bb800,
0x000002eb9858c000, 0x000002eb9858d000, 0x000002eb9858a800, 0x000002eb9858d800,
0x000002eb98588000
}

Java Threads: ( => current thread )
  0x000002eb9718f000 JavaThread "Reference Handler" daemon [_thread_blocked, id=9508, stack(0x000000f312a00000,0x000000f312b00000)]
  0x000002eb97198800 JavaThread "Finalizer" daemon [_thread_blocked, id=10784, stack(0x000000f312b00000,0x000000f312c00000)]
  0x000002eb97a83800 JavaThread "Signal Dispatcher" daemon [_thread_blocked, id=1124, stack(0x000000f312c00000,0x000000f312d00000)]
  0x000002eb97a86000 JavaThread "Attach Listener" daemon [_thread_blocked, id=1884, stack(0x000000f312d00000,0x000000f312e00000)]
  0x000002eb97a87000 JavaThread "Service Thread" daemon [_thread_blocked, id=5612, stack(0x000000f312e00000,0x000000f312f00000)]
  0x000002eb97a8a000 JavaThread "C2 CompilerThread0" daemon [_thread_blocked, id=3228, stack(0x000000f312f00000,0x000000f313000000)]
  0x000002eb97a8b800 JavaThread "C1 CompilerThread0" daemon [_thread_blocked, id=5668, stack(0x000000f313000000,0x000000f313100000)]
  0x000002eb97a34800 JavaThread "Sweeper thread" daemon [_thread_blocked, id=8232, stack(0x000000f313100000,0x000000f313200000)]
  0x000002eb97bf0000 JavaThread "Common-Cleaner" daemon [_thread_blocked, id=3468, stack(0x000000f313300000,0x000000f313400000)]
  0x000002eb9829a800 JavaThread "Java2D Disposer" daemon [_thread_blocked, id=9948, stack(0x000000f313500000,0x000000f313600000)]
  0x000002eb98343000 JavaThread "AWT-Shutdown" [_thread_blocked, id=7412, stack(0x000000f313600000,0x000000f313700000)]
  0x000002eb982bb800 JavaThread "AWT-Windows" daemon [_thread_in_native, id=3588, stack(0x000000f313700000,0x000000f313800000)]
=>0x000002eb9858c000 JavaThread "AWT-EventQueue-0" [_thread_in_Java, id=2556, stack(0x000000f314500000,0x000000f314600000)]
  0x000002eb9858d000 JavaThread "DestroyJavaVM" [_thread_blocked, id=5072, stack(0x000000f312300000,0x000000f312400000)]
  0x000002eb9858a800 JavaThread "D3D Screen Updater" daemon [_thread_blocked, id=9532, stack(0x000000f314600000,0x000000f314700000)]
  0x000002eb9858d800 JavaThread "LWJGL3 Timer" daemon [_thread_blocked, id=11860, stack(0x000000f315400000,0x000000f315500000)]
  0x000002eb98588000 JavaThread "TimerQueue" daemon [_thread_blocked, id=10200, stack(0x000000f314800000,0x000000f314900000)]

Other Threads:
  0x000002eb9716b000 VMThread "VM Thread" [stack: 0x000000f312900000,0x000000f312a00000] [id=7024] _threads_hazard_ptr=0x000002ebae3a16d0
  0x000002eb97bef000 WatcherThread [stack: 0x000000f313200000,0x000000f313300000] [id=3512]
  0x000002ebf19c8800 GCTaskThread "GC Thread#0" [stack: 0x000000f312400000,0x000000f312500000] [id=12176]
  0x000002eb9e4ba800 GCTaskThread "GC Thread#1" [stack: 0x000000f314c00000,0x000000f314d00000] [id=6216]
  0x000002eb9e4bb000 GCTaskThread "GC Thread#2" [stack: 0x000000f314d00000,0x000000f314e00000] [id=6736]
  0x000002eb9e4bc000 GCTaskThread "GC Thread#3" [stack: 0x000000f314e00000,0x000000f314f00000] [id=6532]
  0x000002eb9e4bd000 GCTaskThread "GC Thread#4" [stack: 0x000000f314f00000,0x000000f315000000] [id=12916]
  0x000002eb9e4be000 GCTaskThread "GC Thread#5" [stack: 0x000000f315000000,0x000000f315100000] [id=5116]
  0x000002ebf1a23000 ConcurrentGCThread "G1 Main Marker" [stack: 0x000000f312500000,0x000000f312600000] [id=10148]
  0x000002ebf1a25800 ConcurrentGCThread "G1 Conc#0" [stack: 0x000000f312600000,0x000000f312700000] [id=2200]
  0x000002eb9e4c4000 ConcurrentGCThread "G1 Conc#1" [stack: 0x000000f315100000,0x000000f315200000] [id=13768]
  0x000002eb9704c800 ConcurrentGCThread "G1 Refine#0" [stack: 0x000000f312700000,0x000000f312800000] [id=14220]
  0x000002eb9704d800 ConcurrentGCThread "G1 Young RemSet Sampling" [stack: 0x000000f312800000,0x000000f312900000] [id=3820]

Threads with active compile tasks:

VM state:synchronizing (normal execution)

VM Mutex/Monitor currently owned by a thread:  ([mutex/lock_event])
[0x000002ebf19acaa0] Safepoint_lock - owner thread: 0x000002eb9716b000
[0x000002ebf19adf70] Threads_lock - owner thread: 0x000002eb9716b000

Heap address: 0x0000000709800000, size: 3944 MB, Compressed Oops mode: Zero based, Oop shift amount: 3
Narrow klass base: 0x0000000800000000, Narrow klass shift: 0
Compressed class space size: 1073741824 Address: 0x0000000800000000

Heap:
 garbage-first heap   total 253952K, used 31853K [0x0000000709800000, 0x0000000800000000)
  region size 1024K, 24 young (24576K), 19 survivors (19456K)
 Metaspace       used 24154K, capacity 24629K, committed 24960K, reserved 1071104K
  class space    used 2155K, capacity 2370K, committed 2432K, reserved 1048576K
Heap Regions: E=young(eden), S=young(survivor), O=old, HS=humongous(starts), HC=humongous(continues), CS=collection set, F=free, A=archive, TAMS=top-at-mark-start (previous, next)
|   0|0x0000000709800000, 0x0000000709900000, 0x0000000709900000|100%|HS|  |TAMS 0x0000000709900000, 0x0000000709800000| Complete 
|   1|0x0000000709900000, 0x0000000709a00000, 0x0000000709a00000|100%| O|  |TAMS 0x0000000709931a00, 0x0000000709900000| Untracked 
|   2|0x0000000709a00000, 0x0000000709b00000, 0x0000000709b00000|100%|HS|  |TAMS 0x0000000709b00000, 0x0000000709a00000| Complete 
|   3|0x0000000709b00000, 0x0000000709c00000, 0x0000000709c00000|100%|HC|  |TAMS 0x0000000709c00000, 0x0000000709b00000| Complete 
|   4|0x0000000709c00000, 0x0000000709d00000, 0x0000000709d00000|100%|HS|  |TAMS 0x0000000709d00000, 0x0000000709c00000| Complete 
|   5|0x0000000709d00000, 0x0000000709e00000, 0x0000000709e00000|100%|HC|  |TAMS 0x0000000709e00000, 0x0000000709d00000| Complete 
|   6|0x0000000709e00000, 0x0000000709f00000, 0x0000000709f00000|100%| O|  |TAMS 0x0000000709e00000, 0x0000000709e00000| Untracked 
|   7|0x0000000709f00000, 0x000000070a000000, 0x000000070a000000|100%| O|  |TAMS 0x0000000709f00000, 0x0000000709f00000| Untracked 
|   8|0x000000070a000000, 0x000000070a023600, 0x000000070a100000| 13%| O|  |TAMS 0x000000070a000000, 0x000000070a000000| Untracked 
|   9|0x000000070a100000, 0x000000070a100000, 0x000000070a200000|  0%| F|  |TAMS 0x000000070a100000, 0x000000070a100000| Untracked 
|  10|0x000000070a200000, 0x000000070a200000, 0x000000070a300000|  0%| F|  |TAMS 0x000000070a200000, 0x000000070a200000| Untracked 
|  11|0x000000070a300000, 0x000000070a300000, 0x000000070a400000|  0%| F|  |TAMS 0x000000070a300000, 0x000000070a300000| Untracked 
|  12|0x000000070a400000, 0x000000070a400000, 0x000000070a500000|  0%| F|  |TAMS 0x000000070a400000, 0x000000070a400000| Untracked 
|  13|0x000000070a500000, 0x000000070a500000, 0x000000070a600000|  0%| F|  |TAMS 0x000000070a500000, 0x000000070a500000| Untracked 
|  14|0x000000070a600000, 0x000000070a600000, 0x000000070a700000|  0%| F|  |TAMS 0x000000070a600000, 0x000000070a600000| Untracked 
|  15|0x000000070a700000, 0x000000070a700000, 0x000000070a800000|  0%| F|  |TAMS 0x000000070a700000, 0x000000070a700000| Untracked 
|  16|0x000000070a800000, 0x000000070a800000, 0x000000070a900000|  0%| F|  |TAMS 0x000000070a800000, 0x000000070a800000| Untracked 
|  17|0x000000070a900000, 0x000000070a900000, 0x000000070aa00000|  0%| F|  |TAMS 0x000000070a900000, 0x000000070a900000| Untracked 
|  18|0x000000070aa00000, 0x000000070aa00000, 0x000000070ab00000|  0%| F|  |TAMS 0x000000070aa00000, 0x000000070aa00000| Untracked 
|  19|0x000000070ab00000, 0x000000070ab00000, 0x000000070ac00000|  0%| F|  |TAMS 0x000000070ab00000, 0x000000070ab00000| Untracked 
|  20|0x000000070ac00000, 0x000000070ac00000, 0x000000070ad00000|  0%| F|  |TAMS 0x000000070ac00000, 0x000000070ac00000| Untracked 
|  21|0x000000070ad00000, 0x000000070ad00000, 0x000000070ae00000|  0%| F|  |TAMS 0x000000070ad00000, 0x000000070ad00000| Untracked 
|  22|0x000000070ae00000, 0x000000070ae00000, 0x000000070af00000|  0%| F|  |TAMS 0x000000070ae00000, 0x000000070ae00000| Untracked 
|  23|0x000000070af00000, 0x000000070af00000, 0x000000070b000000|  0%| F|  |TAMS 0x000000070af00000, 0x000000070af00000| Untracked 
|  24|0x000000070b000000, 0x000000070b000000, 0x000000070b100000|  0%| F|  |TAMS 0x000000070b000000, 0x000000070b000000| Untracked 
|  25|0x000000070b100000, 0x000000070b100000, 0x000000070b200000|  0%| F|  |TAMS 0x000000070b100000, 0x000000070b100000| Untracked 
|  26|0x000000070b200000, 0x000000070b200000, 0x000000070b300000|  0%| F|  |TAMS 0x000000070b200000, 0x000000070b200000| Untracked 
|  27|0x000000070b300000, 0x000000070b300000, 0x000000070b400000|  0%| F|  |TAMS 0x000000070b300000, 0x000000070b300000| Untracked 
|  28|0x000000070b400000, 0x000000070b400000, 0x000000070b500000|  0%| F|  |TAMS 0x000000070b400000, 0x000000070b400000| Untracked 
|  29|0x000000070b500000, 0x000000070b500000, 0x000000070b600000|  0%| F|  |TAMS 0x000000070b500000, 0x000000070b500000| Untracked 
|  30|0x000000070b600000, 0x000000070b600000, 0x000000070b700000|  0%| F|  |TAMS 0x000000070b600000, 0x000000070b600000| Untracked 
|  31|0x000000070b700000, 0x000000070b700000, 0x000000070b800000|  0%| F|  |TAMS 0x000000070b700000, 0x000000070b700000| Untracked 
|  32|0x000000070b800000, 0x000000070b800000, 0x000000070b900000|  0%| F|  |TAMS 0x000000070b800000, 0x000000070b800000| Untracked 
|  33|0x000000070b900000, 0x000000070b900000, 0x000000070ba00000|  0%| F|  |TAMS 0x000000070b900000, 0x000000070b900000| Untracked 
|  34|0x000000070ba00000, 0x000000070ba00000, 0x000000070bb00000|  0%| F|  |TAMS 0x000000070ba00000, 0x000000070ba00000| Untracked 
|  35|0x000000070bb00000, 0x000000070bb00000, 0x000000070bc00000|  0%| F|  |TAMS 0x000000070bb00000, 0x000000070bb00000| Untracked 
|  36|0x000000070bc00000, 0x000000070bc00000, 0x000000070bd00000|  0%| F|  |TAMS 0x000000070bc00000, 0x000000070bc00000| Untracked 
|  37|0x000000070bd00000, 0x000000070bd00000, 0x000000070be00000|  0%| F|  |TAMS 0x000000070bd00000, 0x000000070bd00000| Untracked 
|  38|0x000000070be00000, 0x000000070be00000, 0x000000070bf00000|  0%| F|  |TAMS 0x000000070be00000, 0x000000070be00000| Untracked 
|  39|0x000000070bf00000, 0x000000070bf00000, 0x000000070c000000|  0%| F|  |TAMS 0x000000070bf00000, 0x000000070bf00000| Untracked 
|  40|0x000000070c000000, 0x000000070c000000, 0x000000070c100000|  0%| F|  |TAMS 0x000000070c000000, 0x000000070c000000| Untracked 
|  41|0x000000070c100000, 0x000000070c100000, 0x000000070c200000|  0%| F|  |TAMS 0x000000070c100000, 0x000000070c100000| Untracked 
|  42|0x000000070c200000, 0x000000070c200000, 0x000000070c300000|  0%| F|  |TAMS 0x000000070c200000, 0x000000070c200000| Untracked 
|  43|0x000000070c300000, 0x000000070c300000, 0x000000070c400000|  0%| F|  |TAMS 0x000000070c300000, 0x000000070c300000| Untracked 
|  44|0x000000070c400000, 0x000000070c400000, 0x000000070c500000|  0%| F|  |TAMS 0x000000070c400000, 0x000000070c400000| Untracked 
|  45|0x000000070c500000, 0x000000070c500000, 0x000000070c600000|  0%| F|  |TAMS 0x000000070c500000, 0x000000070c500000| Untracked 
|  46|0x000000070c600000, 0x000000070c600000, 0x000000070c700000|  0%| F|  |TAMS 0x000000070c600000, 0x000000070c600000| Untracked 
|  47|0x000000070c700000, 0x000000070c700000, 0x000000070c800000|  0%| F|  |TAMS 0x000000070c700000, 0x000000070c700000| Untracked 
|  48|0x000000070c800000, 0x000000070c800000, 0x000000070c900000|  0%| F|  |TAMS 0x000000070c800000, 0x000000070c800000| Untracked 
|  49|0x000000070c900000, 0x000000070c900000, 0x000000070ca00000|  0%| F|  |TAMS 0x000000070c900000, 0x000000070c900000| Untracked 
|  50|0x000000070ca00000, 0x000000070ca00000, 0x000000070cb00000|  0%| F|  |TAMS 0x000000070ca00000, 0x000000070ca00000| Untracked 
|  51|0x000000070cb00000, 0x000000070cb00000, 0x000000070cc00000|  0%| F|  |TAMS 0x000000070cb00000, 0x000000070cb00000| Untracked 
|  52|0x000000070cc00000, 0x000000070cc00000, 0x000000070cd00000|  0%| F|  |TAMS 0x000000070cc00000, 0x000000070cc00000| Untracked 
|  53|0x000000070cd00000, 0x000000070cd00000, 0x000000070ce00000|  0%| F|  |TAMS 0x000000070cd00000, 0x000000070cd00000| Untracked 
|  54|0x000000070ce00000, 0x000000070ce00000, 0x000000070cf00000|  0%| F|  |TAMS 0x000000070ce00000, 0x000000070ce00000| Untracked 
|  55|0x000000070cf00000, 0x000000070cf00000, 0x000000070d000000|  0%| F|  |TAMS 0x000000070cf00000, 0x000000070cf00000| Untracked 
|  56|0x000000070d000000, 0x000000070d000000, 0x000000070d100000|  0%| F|  |TAMS 0x000000070d000000, 0x000000070d000000| Untracked 
|  57|0x000000070d100000, 0x000000070d100000, 0x000000070d200000|  0%| F|  |TAMS 0x000000070d100000, 0x000000070d100000| Untracked 
|  58|0x000000070d200000, 0x000000070d200000, 0x000000070d300000|  0%| F|  |TAMS 0x000000070d200000, 0x000000070d200000| Untracked 
|  59|0x000000070d300000, 0x000000070d300000, 0x000000070d400000|  0%| F|  |TAMS 0x000000070d300000, 0x000000070d300000| Untracked 
|  60|0x000000070d400000, 0x000000070d400000, 0x000000070d500000|  0%| F|  |TAMS 0x000000070d400000, 0x000000070d400000| Untracked 
|  61|0x000000070d500000, 0x000000070d500000, 0x000000070d600000|  0%| F|  |TAMS 0x000000070d500000, 0x000000070d500000| Untracked 
|  62|0x000000070d600000, 0x000000070d600000, 0x000000070d700000|  0%| F|  |TAMS 0x000000070d600000, 0x000000070d600000| Untracked 
|  63|0x000000070d700000, 0x000000070d700000, 0x000000070d800000|  0%| F|  |TAMS 0x000000070d700000, 0x000000070d700000| Untracked 
|  64|0x000000070d800000, 0x000000070d800000, 0x000000070d900000|  0%| F|  |TAMS 0x000000070d800000, 0x000000070d800000| Untracked 
|  65|0x000000070d900000, 0x000000070d900000, 0x000000070da00000|  0%| F|  |TAMS 0x000000070d900000, 0x000000070d900000| Untracked 
|  66|0x000000070da00000, 0x000000070da00000, 0x000000070db00000|  0%| F|  |TAMS 0x000000070da00000, 0x000000070da00000| Untracked 
|  67|0x000000070db00000, 0x000000070db00000, 0x000000070dc00000|  0%| F|  |TAMS 0x000000070db00000, 0x000000070db00000| Untracked 
|  68|0x000000070dc00000, 0x000000070dc00000, 0x000000070dd00000|  0%| F|  |TAMS 0x000000070dc00000, 0x000000070dc00000| Untracked 
|  69|0x000000070dd00000, 0x000000070dd00000, 0x000000070de00000|  0%| F|  |TAMS 0x000000070dd00000, 0x000000070dd00000| Untracked 
|  70|0x000000070de00000, 0x000000070de00000, 0x000000070df00000|  0%| F|  |TAMS 0x000000070de00000, 0x000000070de00000| Untracked 
|  71|0x000000070df00000, 0x000000070df00000, 0x000000070e000000|  0%| F|  |TAMS 0x000000070df00000, 0x000000070df00000| Untracked 
|  72|0x000000070e000000, 0x000000070e000000, 0x000000070e100000|  0%| F|  |TAMS 0x000000070e000000, 0x000000070e000000| Untracked 
|  73|0x000000070e100000, 0x000000070e100000, 0x000000070e200000|  0%| F|  |TAMS 0x000000070e100000, 0x000000070e100000| Untracked 
|  74|0x000000070e200000, 0x000000070e200000, 0x000000070e300000|  0%| F|  |TAMS 0x000000070e200000, 0x000000070e200000| Untracked 
|  75|0x000000070e300000, 0x000000070e300000, 0x000000070e400000|  0%| F|  |TAMS 0x000000070e300000, 0x000000070e300000| Untracked 
|  76|0x000000070e400000, 0x000000070e400000, 0x000000070e500000|  0%| F|  |TAMS 0x000000070e400000, 0x000000070e400000| Untracked 
|  77|0x000000070e500000, 0x000000070e500000, 0x000000070e600000|  0%| F|  |TAMS 0x000000070e500000, 0x000000070e500000| Untracked 
|  78|0x000000070e600000, 0x000000070e600000, 0x000000070e700000|  0%| F|  |TAMS 0x000000070e600000, 0x000000070e600000| Untracked 
|  79|0x000000070e700000, 0x000000070e700000, 0x000000070e800000|  0%| F|  |TAMS 0x000000070e700000, 0x000000070e700000| Untracked 
|  80|0x000000070e800000, 0x000000070e800000, 0x000000070e900000|  0%| F|  |TAMS 0x000000070e800000, 0x000000070e800000| Untracked 
|  81|0x000000070e900000, 0x000000070e9f7f40, 0x000000070ea00000| 96%| S|CS|TAMS 0x000000070e900000, 0x000000070e900000| Complete 
|  82|0x000000070ea00000, 0x000000070eb00000, 0x000000070eb00000|100%| S|CS|TAMS 0x000000070ea00000, 0x000000070ea00000| Complete 
|  83|0x000000070eb00000, 0x000000070ec00000, 0x000000070ec00000|100%| S|CS|TAMS 0x000000070eb00000, 0x000000070eb00000| Complete 
|  84|0x000000070ec00000, 0x000000070ed00000, 0x000000070ed00000|100%| S|CS|TAMS 0x000000070ec00000, 0x000000070ec00000| Complete 
|  85|0x000000070ed00000, 0x000000070ee00000, 0x000000070ee00000|100%| S|CS|TAMS 0x000000070ed00000, 0x000000070ed00000| Complete 
|  86|0x000000070ee00000, 0x000000070ef00000, 0x000000070ef00000|100%| S|CS|TAMS 0x000000070ee00000, 0x000000070ee00000| Complete 
|  87|0x000000070ef00000, 0x000000070f000000, 0x000000070f000000|100%| S|CS|TAMS 0x000000070ef00000, 0x000000070ef00000| Complete 
|  88|0x000000070f000000, 0x000000070f100000, 0x000000070f100000|100%| S|CS|TAMS 0x000000070f000000, 0x000000070f000000| Complete 
|  89|0x000000070f100000, 0x000000070f200000, 0x000000070f200000|100%| S|CS|TAMS 0x000000070f100000, 0x000000070f100000| Complete 
|  90|0x000000070f200000, 0x000000070f300000, 0x000000070f300000|100%| S|CS|TAMS 0x000000070f200000, 0x000000070f200000| Complete 
|  91|0x000000070f300000, 0x000000070f400000, 0x000000070f400000|100%| S|CS|TAMS 0x000000070f300000, 0x000000070f300000| Complete 
|  92|0x000000070f400000, 0x000000070f500000, 0x000000070f500000|100%| S|CS|TAMS 0x000000070f400000, 0x000000070f400000| Complete 
|  93|0x000000070f500000, 0x000000070f600000, 0x000000070f600000|100%| S|CS|TAMS 0x000000070f500000, 0x000000070f500000| Complete 
|  94|0x000000070f600000, 0x000000070f700000, 0x000000070f700000|100%| S|CS|TAMS 0x000000070f600000, 0x000000070f600000| Complete 
|  95|0x000000070f700000, 0x000000070f800000, 0x000000070f800000|100%| S|CS|TAMS 0x000000070f700000, 0x000000070f700000| Complete 
|  96|0x000000070f800000, 0x000000070f900000, 0x000000070f900000|100%| S|CS|TAMS 0x000000070f800000, 0x000000070f800000| Complete 
|  97|0x000000070f900000, 0x000000070fa00000, 0x000000070fa00000|100%| S|CS|TAMS 0x000000070f900000, 0x000000070f900000| Complete 
|  98|0x000000070fa00000, 0x000000070fb00000, 0x000000070fb00000|100%| S|CS|TAMS 0x000000070fa00000, 0x000000070fa00000| Complete 
|  99|0x000000070fb00000, 0x000000070fc00000, 0x000000070fc00000|100%| S|CS|TAMS 0x000000070fb00000, 0x000000070fb00000| Complete 
| 100|0x000000070fc00000, 0x000000070fc00000, 0x000000070fd00000|  0%| F|  |TAMS 0x000000070fc00000, 0x000000070fc00000| Untracked 
| 101|0x000000070fd00000, 0x000000070fd00000, 0x000000070fe00000|  0%| F|  |TAMS 0x000000070fd00000, 0x000000070fd00000| Untracked 
| 102|0x000000070fe00000, 0x000000070fe00000, 0x000000070ff00000|  0%| F|  |TAMS 0x000000070fe00000, 0x000000070fe00000| Untracked 
| 103|0x000000070ff00000, 0x000000070ff00000, 0x0000000710000000|  0%| F|  |TAMS 0x000000070ff00000, 0x000000070ff00000| Untracked 
| 104|0x0000000710000000, 0x0000000710000000, 0x0000000710100000|  0%| F|  |TAMS 0x0000000710000000, 0x0000000710000000| Untracked 
| 105|0x0000000710100000, 0x0000000710100000, 0x0000000710200000|  0%| F|  |TAMS 0x0000000710100000, 0x0000000710100000| Untracked 
| 106|0x0000000710200000, 0x0000000710200000, 0x0000000710300000|  0%| F|  |TAMS 0x0000000710200000, 0x0000000710200000| Untracked 
| 107|0x0000000710300000, 0x0000000710300000, 0x0000000710400000|  0%| F|  |TAMS 0x0000000710300000, 0x0000000710300000| Untracked 
| 108|0x0000000710400000, 0x0000000710400000, 0x0000000710500000|  0%| F|  |TAMS 0x0000000710400000, 0x0000000710400000| Untracked 
| 109|0x0000000710500000, 0x0000000710500000, 0x0000000710600000|  0%| F|  |TAMS 0x0000000710500000, 0x0000000710500000| Untracked 
| 110|0x0000000710600000, 0x0000000710600000, 0x0000000710700000|  0%| F|  |TAMS 0x0000000710600000, 0x0000000710600000| Untracked 
| 111|0x0000000710700000, 0x0000000710700000, 0x0000000710800000|  0%| F|  |TAMS 0x0000000710700000, 0x0000000710700000| Untracked 
| 112|0x0000000710800000, 0x0000000710800000, 0x0000000710900000|  0%| F|  |TAMS 0x0000000710800000, 0x0000000710800000| Untracked 
| 113|0x0000000710900000, 0x0000000710900000, 0x0000000710a00000|  0%| F|  |TAMS 0x0000000710900000, 0x0000000710900000| Untracked 
| 114|0x0000000710a00000, 0x0000000710a00000, 0x0000000710b00000|  0%| F|  |TAMS 0x0000000710a00000, 0x0000000710a00000| Untracked 
| 115|0x0000000710b00000, 0x0000000710b00000, 0x0000000710c00000|  0%| F|  |TAMS 0x0000000710b00000, 0x0000000710b00000| Untracked 
| 116|0x0000000710c00000, 0x0000000710c00000, 0x0000000710d00000|  0%| F|  |TAMS 0x0000000710c00000, 0x0000000710c00000| Untracked 
| 117|0x0000000710d00000, 0x0000000710d00000, 0x0000000710e00000|  0%| F|  |TAMS 0x0000000710d00000, 0x0000000710d00000| Untracked 
| 118|0x0000000710e00000, 0x0000000710e00000, 0x0000000710f00000|  0%| F|  |TAMS 0x0000000710e00000, 0x0000000710e00000| Untracked 
| 119|0x0000000710f00000, 0x0000000710f00000, 0x0000000711000000|  0%| F|  |TAMS 0x0000000710f00000, 0x0000000710f00000| Untracked 
| 120|0x0000000711000000, 0x0000000711000000, 0x0000000711100000|  0%| F|  |TAMS 0x0000000711000000, 0x0000000711000000| Untracked 
| 121|0x0000000711100000, 0x0000000711100000, 0x0000000711200000|  0%| F|  |TAMS 0x0000000711100000, 0x0000000711100000| Untracked 
| 122|0x0000000711200000, 0x0000000711200000, 0x0000000711300000|  0%| F|  |TAMS 0x0000000711200000, 0x0000000711200000| Untracked 
| 123|0x0000000711300000, 0x0000000711300000, 0x0000000711400000|  0%| F|  |TAMS 0x0000000711300000, 0x0000000711300000| Untracked 
| 124|0x0000000711400000, 0x0000000711400000, 0x0000000711500000|  0%| F|  |TAMS 0x0000000711400000, 0x0000000711400000| Untracked 
| 125|0x0000000711500000, 0x0000000711500000, 0x0000000711600000|  0%| F|  |TAMS 0x0000000711500000, 0x0000000711500000| Untracked 
| 126|0x0000000711600000, 0x0000000711600000, 0x0000000711700000|  0%| F|  |TAMS 0x0000000711600000, 0x0000000711600000| Untracked 
| 127|0x0000000711700000, 0x0000000711700000, 0x0000000711800000|  0%| F|  |TAMS 0x0000000711700000, 0x0000000711700000| Untracked 
| 128|0x0000000711800000, 0x0000000711800000, 0x0000000711900000|  0%| F|  |TAMS 0x0000000711800000, 0x0000000711800000| Untracked 
| 129|0x0000000711900000, 0x0000000711900000, 0x0000000711a00000|  0%| F|  |TAMS 0x0000000711900000, 0x0000000711900000| Untracked 
| 130|0x0000000711a00000, 0x0000000711a00000, 0x0000000711b00000|  0%| F|  |TAMS 0x0000000711a00000, 0x0000000711a00000| Untracked 
| 131|0x0000000711b00000, 0x0000000711b00000, 0x0000000711c00000|  0%| F|  |TAMS 0x0000000711b00000, 0x0000000711b00000| Untracked 
| 132|0x0000000711c00000, 0x0000000711c00000, 0x0000000711d00000|  0%| F|  |TAMS 0x0000000711c00000, 0x0000000711c00000| Untracked 
| 133|0x0000000711d00000, 0x0000000711d00000, 0x0000000711e00000|  0%| F|  |TAMS 0x0000000711d00000, 0x0000000711d00000| Untracked 
| 134|0x0000000711e00000, 0x0000000711e00000, 0x0000000711f00000|  0%| F|  |TAMS 0x0000000711e00000, 0x0000000711e00000| Untracked 
| 135|0x0000000711f00000, 0x0000000711f00000, 0x0000000712000000|  0%| F|  |TAMS 0x0000000711f00000, 0x0000000711f00000| Untracked 
| 136|0x0000000712000000, 0x0000000712000000, 0x0000000712100000|  0%| F|  |TAMS 0x0000000712000000, 0x0000000712000000| Untracked 
| 137|0x0000000712100000, 0x0000000712100000, 0x0000000712200000|  0%| F|  |TAMS 0x0000000712100000, 0x0000000712100000| Untracked 
| 138|0x0000000712200000, 0x0000000712200000, 0x0000000712300000|  0%| F|  |TAMS 0x0000000712200000, 0x0000000712200000| Untracked 
| 139|0x0000000712300000, 0x0000000712300000, 0x0000000712400000|  0%| F|  |TAMS 0x0000000712300000, 0x0000000712300000| Untracked 
| 140|0x0000000712400000, 0x0000000712400000, 0x0000000712500000|  0%| F|  |TAMS 0x0000000712400000, 0x0000000712400000| Untracked 
| 141|0x0000000712500000, 0x0000000712500000, 0x0000000712600000|  0%| F|  |TAMS 0x0000000712500000, 0x0000000712500000| Untracked 
| 142|0x0000000712600000, 0x0000000712600000, 0x0000000712700000|  0%| F|  |TAMS 0x0000000712600000, 0x0000000712600000| Untracked 
| 143|0x0000000712700000, 0x0000000712700000, 0x0000000712800000|  0%| F|  |TAMS 0x0000000712700000, 0x0000000712700000| Untracked 
| 144|0x0000000712800000, 0x0000000712800000, 0x0000000712900000|  0%| F|  |TAMS 0x0000000712800000, 0x0000000712800000| Untracked 
| 145|0x0000000712900000, 0x0000000712900000, 0x0000000712a00000|  0%| F|  |TAMS 0x0000000712900000, 0x0000000712900000| Untracked 
| 146|0x0000000712a00000, 0x0000000712a00000, 0x0000000712b00000|  0%| F|  |TAMS 0x0000000712a00000, 0x0000000712a00000| Untracked 
| 147|0x0000000712b00000, 0x0000000712b00000, 0x0000000712c00000|  0%| F|  |TAMS 0x0000000712b00000, 0x0000000712b00000| Untracked 
| 148|0x0000000712c00000, 0x0000000712c00000, 0x0000000712d00000|  0%| F|  |TAMS 0x0000000712c00000, 0x0000000712c00000| Untracked 
| 149|0x0000000712d00000, 0x0000000712d00000, 0x0000000712e00000|  0%| F|  |TAMS 0x0000000712d00000, 0x0000000712d00000| Untracked 
| 150|0x0000000712e00000, 0x0000000712e00000, 0x0000000712f00000|  0%| F|  |TAMS 0x0000000712e00000, 0x0000000712e00000| Untracked 
| 151|0x0000000712f00000, 0x0000000712f00000, 0x0000000713000000|  0%| F|  |TAMS 0x0000000712f00000, 0x0000000712f00000| Untracked 
| 152|0x0000000713000000, 0x0000000713000000, 0x0000000713100000|  0%| F|  |TAMS 0x0000000713000000, 0x0000000713000000| Untracked 
| 153|0x0000000713100000, 0x0000000713100000, 0x0000000713200000|  0%| F|  |TAMS 0x0000000713100000, 0x0000000713100000| Untracked 
| 154|0x0000000713200000, 0x0000000713200000, 0x0000000713300000|  0%| F|  |TAMS 0x0000000713200000, 0x0000000713200000| Untracked 
| 155|0x0000000713300000, 0x0000000713300000, 0x0000000713400000|  0%| F|  |TAMS 0x0000000713300000, 0x0000000713300000| Untracked 
| 156|0x0000000713400000, 0x0000000713400000, 0x0000000713500000|  0%| F|  |TAMS 0x0000000713400000, 0x0000000713400000| Untracked 
| 157|0x0000000713500000, 0x0000000713500000, 0x0000000713600000|  0%| F|  |TAMS 0x0000000713500000, 0x0000000713500000| Untracked 
| 158|0x0000000713600000, 0x0000000713600000, 0x0000000713700000|  0%| F|  |TAMS 0x0000000713600000, 0x0000000713600000| Untracked 
| 159|0x0000000713700000, 0x0000000713700000, 0x0000000713800000|  0%| F|  |TAMS 0x0000000713700000, 0x0000000713700000| Untracked 
| 160|0x0000000713800000, 0x0000000713800000, 0x0000000713900000|  0%| F|  |TAMS 0x0000000713800000, 0x0000000713800000| Untracked 
| 161|0x0000000713900000, 0x0000000713900000, 0x0000000713a00000|  0%| F|  |TAMS 0x0000000713900000, 0x0000000713900000| Untracked 
| 162|0x0000000713a00000, 0x0000000713a00000, 0x0000000713b00000|  0%| F|  |TAMS 0x0000000713a00000, 0x0000000713a00000| Untracked 
| 163|0x0000000713b00000, 0x0000000713b00000, 0x0000000713c00000|  0%| F|  |TAMS 0x0000000713b00000, 0x0000000713b00000| Untracked 
| 164|0x0000000713c00000, 0x0000000713c00000, 0x0000000713d00000|  0%| F|  |TAMS 0x0000000713c00000, 0x0000000713c00000| Untracked 
| 165|0x0000000713d00000, 0x0000000713d00000, 0x0000000713e00000|  0%| F|  |TAMS 0x0000000713d00000, 0x0000000713d00000| Untracked 
| 166|0x0000000713e00000, 0x0000000713e00000, 0x0000000713f00000|  0%| F|  |TAMS 0x0000000713e00000, 0x0000000713e00000| Untracked 
| 167|0x0000000713f00000, 0x0000000713f00000, 0x0000000714000000|  0%| F|  |TAMS 0x0000000713f00000, 0x0000000713f00000| Untracked 
| 168|0x0000000714000000, 0x0000000714000000, 0x0000000714100000|  0%| F|  |TAMS 0x0000000714000000, 0x0000000714000000| Untracked 
| 169|0x0000000714100000, 0x0000000714100000, 0x0000000714200000|  0%| F|  |TAMS 0x0000000714100000, 0x0000000714100000| Untracked 
| 170|0x0000000714200000, 0x0000000714200000, 0x0000000714300000|  0%| F|  |TAMS 0x0000000714200000, 0x0000000714200000| Untracked 
| 171|0x0000000714300000, 0x0000000714300000, 0x0000000714400000|  0%| F|  |TAMS 0x0000000714300000, 0x0000000714300000| Untracked 
| 172|0x0000000714400000, 0x0000000714400000, 0x0000000714500000|  0%| F|  |TAMS 0x0000000714400000, 0x0000000714400000| Untracked 
| 173|0x0000000714500000, 0x0000000714500000, 0x0000000714600000|  0%| F|  |TAMS 0x0000000714500000, 0x0000000714500000| Untracked 
| 174|0x0000000714600000, 0x0000000714600000, 0x0000000714700000|  0%| F|  |TAMS 0x0000000714600000, 0x0000000714600000| Untracked 
| 175|0x0000000714700000, 0x0000000714700000, 0x0000000714800000|  0%| F|  |TAMS 0x0000000714700000, 0x0000000714700000| Untracked 
| 176|0x0000000714800000, 0x0000000714800000, 0x0000000714900000|  0%| F|  |TAMS 0x0000000714800000, 0x0000000714800000| Untracked 
| 177|0x0000000714900000, 0x0000000714900000, 0x0000000714a00000|  0%| F|  |TAMS 0x0000000714900000, 0x0000000714900000| Untracked 
| 178|0x0000000714a00000, 0x0000000714a00000, 0x0000000714b00000|  0%| F|  |TAMS 0x0000000714a00000, 0x0000000714a00000| Untracked 
| 179|0x0000000714b00000, 0x0000000714b00000, 0x0000000714c00000|  0%| F|  |TAMS 0x0000000714b00000, 0x0000000714b00000| Untracked 
| 180|0x0000000714c00000, 0x0000000714c00000, 0x0000000714d00000|  0%| F|  |TAMS 0x0000000714c00000, 0x0000000714c00000| Untracked 
| 181|0x0000000714d00000, 0x0000000714d00000, 0x0000000714e00000|  0%| F|  |TAMS 0x0000000714d00000, 0x0000000714d00000| Untracked 
| 182|0x0000000714e00000, 0x0000000714e00000, 0x0000000714f00000|  0%| F|  |TAMS 0x0000000714e00000, 0x0000000714e00000| Untracked 
| 183|0x0000000714f00000, 0x0000000714f00000, 0x0000000715000000|  0%| F|  |TAMS 0x0000000714f00000, 0x0000000714f00000| Untracked 
| 184|0x0000000715000000, 0x0000000715000000, 0x0000000715100000|  0%| F|  |TAMS 0x0000000715000000, 0x0000000715000000| Untracked 
| 185|0x0000000715100000, 0x0000000715100000, 0x0000000715200000|  0%| F|  |TAMS 0x0000000715100000, 0x0000000715100000| Untracked 
| 186|0x0000000715200000, 0x0000000715200000, 0x0000000715300000|  0%| F|  |TAMS 0x0000000715200000, 0x0000000715200000| Untracked 
| 187|0x0000000715300000, 0x0000000715300000, 0x0000000715400000|  0%| F|  |TAMS 0x0000000715300000, 0x0000000715300000| Untracked 
| 188|0x0000000715400000, 0x0000000715400000, 0x0000000715500000|  0%| F|  |TAMS 0x0000000715400000, 0x0000000715400000| Untracked 
| 189|0x0000000715500000, 0x0000000715500000, 0x0000000715600000|  0%| F|  |TAMS 0x0000000715500000, 0x0000000715500000| Untracked 
| 190|0x0000000715600000, 0x0000000715600000, 0x0000000715700000|  0%| F|  |TAMS 0x0000000715600000, 0x0000000715600000| Untracked 
| 191|0x0000000715700000, 0x0000000715700000, 0x0000000715800000|  0%| F|  |TAMS 0x0000000715700000, 0x0000000715700000| Untracked 
| 192|0x0000000715800000, 0x0000000715800000, 0x0000000715900000|  0%| F|  |TAMS 0x0000000715800000, 0x0000000715800000| Untracked 
| 193|0x0000000715900000, 0x0000000715900000, 0x0000000715a00000|  0%| F|  |TAMS 0x0000000715900000, 0x0000000715900000| Untracked 
| 194|0x0000000715a00000, 0x0000000715a00000, 0x0000000715b00000|  0%| F|  |TAMS 0x0000000715a00000, 0x0000000715a00000| Untracked 
| 195|0x0000000715b00000, 0x0000000715b00000, 0x0000000715c00000|  0%| F|  |TAMS 0x0000000715b00000, 0x0000000715b00000| Untracked 
| 196|0x0000000715c00000, 0x0000000715c00000, 0x0000000715d00000|  0%| F|  |TAMS 0x0000000715c00000, 0x0000000715c00000| Untracked 
| 197|0x0000000715d00000, 0x0000000715d00000, 0x0000000715e00000|  0%| F|  |TAMS 0x0000000715d00000, 0x0000000715d00000| Untracked 
| 198|0x0000000715e00000, 0x0000000715e00000, 0x0000000715f00000|  0%| F|  |TAMS 0x0000000715e00000, 0x0000000715e00000| Untracked 
| 199|0x0000000715f00000, 0x0000000715f00000, 0x0000000716000000|  0%| F|  |TAMS 0x0000000715f00000, 0x0000000715f00000| Untracked 
| 200|0x0000000716000000, 0x0000000716000000, 0x0000000716100000|  0%| F|  |TAMS 0x0000000716000000, 0x0000000716000000| Untracked 
| 201|0x0000000716100000, 0x0000000716100000, 0x0000000716200000|  0%| F|  |TAMS 0x0000000716100000, 0x0000000716100000| Untracked 
| 202|0x0000000716200000, 0x0000000716200000, 0x0000000716300000|  0%| F|  |TAMS 0x0000000716200000, 0x0000000716200000| Untracked 
| 203|0x0000000716300000, 0x0000000716300000, 0x0000000716400000|  0%| F|  |TAMS 0x0000000716300000, 0x0000000716300000| Untracked 
| 204|0x0000000716400000, 0x0000000716400000, 0x0000000716500000|  0%| F|  |TAMS 0x0000000716400000, 0x0000000716400000| Untracked 
| 205|0x0000000716500000, 0x0000000716500000, 0x0000000716600000|  0%| F|  |TAMS 0x0000000716500000, 0x0000000716500000| Untracked 
| 206|0x0000000716600000, 0x0000000716600000, 0x0000000716700000|  0%| F|  |TAMS 0x0000000716600000, 0x0000000716600000| Untracked 
| 207|0x0000000716700000, 0x0000000716700000, 0x0000000716800000|  0%| F|  |TAMS 0x0000000716700000, 0x0000000716700000| Untracked 
| 208|0x0000000716800000, 0x0000000716800000, 0x0000000716900000|  0%| F|  |TAMS 0x0000000716800000, 0x0000000716800000| Untracked 
| 209|0x0000000716900000, 0x0000000716900000, 0x0000000716a00000|  0%| F|  |TAMS 0x0000000716900000, 0x0000000716900000| Untracked 
| 210|0x0000000716a00000, 0x0000000716a00000, 0x0000000716b00000|  0%| F|  |TAMS 0x0000000716a00000, 0x0000000716a00000| Untracked 
| 211|0x0000000716b00000, 0x0000000716b00000, 0x0000000716c00000|  0%| F|  |TAMS 0x0000000716b00000, 0x0000000716b00000| Untracked 
| 212|0x0000000716c00000, 0x0000000716c00000, 0x0000000716d00000|  0%| F|  |TAMS 0x0000000716c00000, 0x0000000716c00000| Untracked 
| 213|0x0000000716d00000, 0x0000000716d00000, 0x0000000716e00000|  0%| F|  |TAMS 0x0000000716d00000, 0x0000000716d00000| Untracked 
| 214|0x0000000716e00000, 0x0000000716e00000, 0x0000000716f00000|  0%| F|  |TAMS 0x0000000716e00000, 0x0000000716e00000| Untracked 
| 215|0x0000000716f00000, 0x0000000716f00000, 0x0000000717000000|  0%| F|  |TAMS 0x0000000716f00000, 0x0000000716f00000| Untracked 
| 216|0x0000000717000000, 0x0000000717000000, 0x0000000717100000|  0%| F|  |TAMS 0x0000000717000000, 0x0000000717000000| Untracked 
| 217|0x0000000717100000, 0x0000000717100000, 0x0000000717200000|  0%| F|  |TAMS 0x0000000717100000, 0x0000000717100000| Untracked 
| 218|0x0000000717200000, 0x0000000717200000, 0x0000000717300000|  0%| F|  |TAMS 0x0000000717200000, 0x0000000717200000| Untracked 
| 219|0x0000000717300000, 0x0000000717300000, 0x0000000717400000|  0%| F|  |TAMS 0x0000000717300000, 0x0000000717300000| Untracked 
| 220|0x0000000717400000, 0x0000000717400000, 0x0000000717500000|  0%| F|  |TAMS 0x0000000717400000, 0x0000000717400000| Untracked 
| 221|0x0000000717500000, 0x0000000717500000, 0x0000000717600000|  0%| F|  |TAMS 0x0000000717500000, 0x0000000717500000| Untracked 
| 222|0x0000000717600000, 0x0000000717600000, 0x0000000717700000|  0%| F|  |TAMS 0x0000000717600000, 0x0000000717600000| Untracked 
| 223|0x0000000717700000, 0x0000000717700000, 0x0000000717800000|  0%| F|  |TAMS 0x0000000717700000, 0x0000000717700000| Untracked 
| 224|0x0000000717800000, 0x0000000717800000, 0x0000000717900000|  0%| F|  |TAMS 0x0000000717800000, 0x0000000717800000| Untracked 
| 225|0x0000000717900000, 0x0000000717900000, 0x0000000717a00000|  0%| F|  |TAMS 0x0000000717900000, 0x0000000717900000| Untracked 
| 226|0x0000000717a00000, 0x0000000717a00000, 0x0000000717b00000|  0%| F|  |TAMS 0x0000000717a00000, 0x0000000717a00000| Untracked 
| 227|0x0000000717b00000, 0x0000000717b00000, 0x0000000717c00000|  0%| F|  |TAMS 0x0000000717b00000, 0x0000000717b00000| Untracked 
| 228|0x0000000717c00000, 0x0000000717c00000, 0x0000000717d00000|  0%| F|  |TAMS 0x0000000717c00000, 0x0000000717c00000| Untracked 
| 229|0x0000000717d00000, 0x0000000717d00000, 0x0000000717e00000|  0%| F|  |TAMS 0x0000000717d00000, 0x0000000717d00000| Untracked 
| 230|0x0000000717e00000, 0x0000000717e00000, 0x0000000717f00000|  0%| F|  |TAMS 0x0000000717e00000, 0x0000000717e00000| Untracked 
| 231|0x0000000717f00000, 0x0000000717f00000, 0x0000000718000000|  0%| F|  |TAMS 0x0000000717f00000, 0x0000000717f00000| Untracked 
| 232|0x0000000718000000, 0x0000000718000000, 0x0000000718100000|  0%| F|  |TAMS 0x0000000718000000, 0x0000000718000000| Untracked 
| 233|0x0000000718100000, 0x0000000718100000, 0x0000000718200000|  0%| F|  |TAMS 0x0000000718100000, 0x0000000718100000| Untracked 
| 234|0x0000000718200000, 0x0000000718200000, 0x0000000718300000|  0%| F|  |TAMS 0x0000000718200000, 0x0000000718200000| Untracked 
| 235|0x0000000718300000, 0x0000000718300000, 0x0000000718400000|  0%| F|  |TAMS 0x0000000718300000, 0x0000000718300000| Untracked 
| 236|0x0000000718400000, 0x0000000718400000, 0x0000000718500000|  0%| F|  |TAMS 0x0000000718400000, 0x0000000718400000| Untracked 
| 237|0x0000000718500000, 0x0000000718500000, 0x0000000718600000|  0%| F|  |TAMS 0x0000000718500000, 0x0000000718500000| Untracked 
| 238|0x0000000718600000, 0x0000000718600000, 0x0000000718700000|  0%| F|  |TAMS 0x0000000718600000, 0x0000000718600000| Untracked 
| 239|0x0000000718700000, 0x0000000718700000, 0x0000000718800000|  0%| F|  |TAMS 0x0000000718700000, 0x0000000718700000| Untracked 
| 240|0x0000000718800000, 0x0000000718800000, 0x0000000718900000|  0%| F|  |TAMS 0x0000000718800000, 0x0000000718800000| Untracked 
| 241|0x0000000718900000, 0x0000000718900000, 0x0000000718a00000|  0%| F|  |TAMS 0x0000000718900000, 0x0000000718900000| Untracked 
| 242|0x0000000718a00000, 0x0000000718a00000, 0x0000000718b00000|  0%| F|  |TAMS 0x0000000718a00000, 0x0000000718a00000| Untracked 
| 243|0x0000000718b00000, 0x0000000718b00800, 0x0000000718c00000|  0%| E|  |TAMS 0x0000000718b00000, 0x0000000718b00000| Complete 
| 244|0x0000000718c00000, 0x0000000718d00000, 0x0000000718d00000|100%| E|CS|TAMS 0x0000000718c00000, 0x0000000718c00000| Complete 
| 245|0x0000000718d00000, 0x0000000718e00000, 0x0000000718e00000|100%| E|CS|TAMS 0x0000000718d00000, 0x0000000718d00000| Complete 
| 246|0x0000000718e00000, 0x0000000718f00000, 0x0000000718f00000|100%| E|CS|TAMS 0x0000000718e00000, 0x0000000718e00000| Complete 
| 247|0x0000000718f00000, 0x0000000719000000, 0x0000000719000000|100%| E|CS|TAMS 0x0000000718f00000, 0x0000000718f00000| Complete 

Card table byte_map: [0x000002ebfcb20000,0x000002ebfd2e0000] _byte_map_base: 0x000002ebf92d4000

Marking Bits (Prev, Next): (CMBitMap*) 0x000002ebf1a11b90, (CMBitMap*) 0x000002ebf1a11b58
 Prev Bits: [0x000002eb92da0000, 0x000002eb96b40000)
 Next Bits: [0x000002eb8f000000, 0x000002eb92da0000)

Polling page: 0x000002ebf1a90000

Metaspace:

Usage:
  Non-class:     21.74 MB capacity,    21.48 MB ( 99%) used,   205.22 KB ( <1%) free+waste,    55.25 KB ( <1%) overhead. 
      Class:      2.31 MB capacity,     2.11 MB ( 91%) used,   187.56 KB (  8%) free+waste,    26.75 KB (  1%) overhead. 
       Both:     24.05 MB capacity,    23.59 MB ( 98%) used,   392.78 KB (  2%) free+waste,    82.00 KB ( <1%) overhead. 

Virtual space:
  Non-class space:       22.00 MB reserved,      22.00 MB (100%) committed 
      Class space:        1.00 GB reserved,       2.38 MB ( <1%) committed 
             Both:        1.02 GB reserved,      24.38 MB (  2%) committed 

Chunk freelists:
   Non-Class:  77.00 KB
       Class:  30.00 KB
        Both:  107.00 KB

MaxMetaspaceSize: 17179869184.00 GB
CompressedClassSpaceSize: 1.00 GB
Initial GC threshold: 20.80 MB
Current GC threshold: 34.79 MB
CDS: off

CodeHeap 'non-profiled nmethods': size=120000Kb used=1381Kb max_used=1381Kb free=118618Kb
 bounds [0x000002eb87ad0000, 0x000002eb87d40000, 0x000002eb8f000000]
CodeHeap 'profiled nmethods': size=120000Kb used=5715Kb max_used=5715Kb free=114284Kb
 bounds [0x000002eb805a0000, 0x000002eb80b40000, 0x000002eb87ad0000]
CodeHeap 'non-nmethods': size=5760Kb used=1794Kb max_used=1809Kb free=3965Kb
 bounds [0x000002eb80000000, 0x000002eb80270000, 0x000002eb805a0000]
 total_blobs=4097 nmethods=2850 adapters=1159
 compilation: enabled
              stopped_count=0, restarted_count=0
 full_count=0

Compilation events (20 events):
Event: 23.187 Thread 0x000002eb97a8b800 2847       3       java.lang.Double::compare (54 bytes)
Event: 23.188 Thread 0x000002eb97a8b800 nmethod 2847 0x000002eb80b31990 code [0x000002eb80b31b80, 0x000002eb80b32158]
Event: 23.334 Thread 0x000002eb97a8b800 2848       1       java.awt.Container::isFocusCycleRoot (5 bytes)
Event: 23.335 Thread 0x000002eb97a8b800 nmethod 2848 0x000002eb87c28f10 code [0x000002eb87c290c0, 0x000002eb87c29178]
Event: 23.337 Thread 0x000002eb97a8b800 2849       3       java.awt.Rectangle::<init> (9 bytes)
Event: 23.338 Thread 0x000002eb97a8b800 nmethod 2849 0x000002eb80b32290 code [0x000002eb80b32460, 0x000002eb80b326f8]
Event: 23.342 Thread 0x000002eb97a8a000 2850       4       java.util.concurrent.locks.AbstractQueuedSynchronizer::acquire (27 bytes)
Event: 23.348 Thread 0x000002eb97a8a000 nmethod 2850 0x000002eb87c29210 code [0x000002eb87c293c0, 0x000002eb87c295d8]
Event: 23.410 Thread 0x000002eb97a8b800 2851       3       java.util.LinkedList::listIterator (15 bytes)
Event: 23.417 Thread 0x000002eb97a8b800 nmethod 2851 0x000002eb80b32810 code [0x000002eb80b32a00, 0x000002eb80b32e68]
Event: 23.418 Thread 0x000002eb97a8b800 2852       3       java.util.LinkedList$ListItr::<init> (47 bytes)
Event: 23.419 Thread 0x000002eb97a8b800 nmethod 2852 0x000002eb80b33010 code [0x000002eb80b331e0, 0x000002eb80b334c8]
Event: 23.422 Thread 0x000002eb97a8b800 2853       3       java.util.AbstractList::listIterator (6 bytes)
Event: 23.423 Thread 0x000002eb97a8b800 nmethod 2853 0x000002eb80b33610 code [0x000002eb80b337c0, 0x000002eb80b33988]
Event: 23.423 Thread 0x000002eb97a8b800 2854       3       java.lang.reflect.Field::getInt (29 bytes)
Event: 23.424 Thread 0x000002eb97a8b800 nmethod 2854 0x000002eb80b33a10 code [0x000002eb80b33c20, 0x000002eb80b341b8]
Event: 23.424 Thread 0x000002eb97a8b800 2855       3       jdk.internal.reflect.UnsafeQualifiedStaticIntegerFieldAccessorImpl::getInt (15 bytes)
Event: 23.424 Thread 0x000002eb97a8b800 nmethod 2855 0x000002eb80b34390 code [0x000002eb80b34540, 0x000002eb80b34658]
Event: 23.424 Thread 0x000002eb97a8b800 2856       3       org.lwjgl.glfw.GLFWErrorCallback$1$$Lambda$139/0x00000008001b6040::test (12 bytes)
Event: 23.424 Thread 0x000002eb97a8b800 nmethod 2856 0x000002eb80b34710 code [0x000002eb80b348e0, 0x000002eb80b34d18]

GC Heap History (10 events):
Event: 3.446 GC heap before
{Heap before GC invocations=0 (full 0):
 garbage-first heap   total 253952K, used 24576K [0x0000000709800000, 0x0000000800000000)
  region size 1024K, 24 young (24576K), 0 survivors (0K)
 Metaspace       used 16770K, capacity 17264K, committed 17536K, reserved 1064960K
  class space    used 1670K, capacity 1852K, committed 1920K, reserved 1048576K
}
Event: 3.487 GC heap after
{Heap after GC invocations=1 (full 0):
 garbage-first heap   total 253952K, used 4294K [0x0000000709800000, 0x0000000800000000)
  region size 1024K, 3 young (3072K), 3 survivors (3072K)
 Metaspace       used 16770K, capacity 17264K, committed 17536K, reserved 1064960K
  class space    used 1670K, capacity 1852K, committed 1920K, reserved 1048576K
}
Event: 4.110 GC heap before
{Heap before GC invocations=1 (full 0):
 garbage-first heap   total 253952K, used 22726K [0x0000000709800000, 0x0000000800000000)
  region size 1024K, 18 young (18432K), 3 survivors (3072K)
 Metaspace       used 20616K, capacity 21099K, committed 21248K, reserved 1069056K
  class space    used 1857K, capacity 2047K, committed 2048K, reserved 1048576K
}
Event: 4.116 GC heap after
{Heap after GC invocations=2 (full 0):
 garbage-first heap   total 253952K, used 9218K [0x0000000709800000, 0x0000000800000000)
  region size 1024K, 4 young (4096K), 4 survivors (4096K)
 Metaspace       used 20616K, capacity 21099K, committed 21248K, reserved 1069056K
  class space    used 1857K, capacity 2047K, committed 2048K, reserved 1048576K
}
Event: 4.376 GC heap before
{Heap before GC invocations=3 (full 0):
 garbage-first heap   total 253952K, used 57346K [0x0000000709800000, 0x0000000800000000)
  region size 1024K, 51 young (52224K), 4 survivors (4096K)
 Metaspace       used 21729K, capacity 22222K, committed 22400K, reserved 1069056K
  class space    used 1929K, capacity 2144K, committed 2176K, reserved 1048576K
}
Event: 4.384 GC heap after
{Heap after GC invocations=4 (full 0):
 garbage-first heap   total 253952K, used 12742K [0x0000000709800000, 0x0000000800000000)
  region size 1024K, 5 young (5120K), 5 survivors (5120K)
 Metaspace       used 21729K, capacity 22222K, committed 22400K, reserved 1069056K
  class space    used 1929K, capacity 2144K, committed 2176K, reserved 1048576K
}
Event: 4.491 GC heap before
{Heap before GC invocations=4 (full 0):
 garbage-first heap   total 253952K, used 83398K [0x0000000709800000, 0x0000000800000000)
  region size 1024K, 74 young (75776K), 5 survivors (5120K)
 Metaspace       used 21742K, capacity 22222K, committed 22400K, reserved 1069056K
  class space    used 1930K, capacity 2144K, committed 2176K, reserved 1048576K
}
Event: 4.498 GC heap after
{Heap after GC invocations=5 (full 0):
 garbage-first heap   total 253952K, used 17262K [0x0000000709800000, 0x0000000800000000)
  region size 1024K, 9 young (9216K), 9 survivors (9216K)
 Metaspace       used 21742K, capacity 22222K, committed 22400K, reserved 1069056K
  class space    used 1930K, capacity 2144K, committed 2176K, reserved 1048576K
}
Event: 7.381 GC heap before
{Heap before GC invocations=5 (full 0):
 garbage-first heap   total 253952K, used 159598K [0x0000000709800000, 0x0000000800000000)
  region size 1024K, 148 young (151552K), 9 survivors (9216K)
 Metaspace       used 23130K, capacity 23633K, committed 23808K, reserved 1071104K
  class space    used 2061K, capacity 2273K, committed 2304K, reserved 1048576K
}
Event: 7.413 GC heap after
{Heap after GC invocations=6 (full 0):
 garbage-first heap   total 253952K, used 27757K [0x0000000709800000, 0x0000000800000000)
  region size 1024K, 19 young (19456K), 19 survivors (19456K)
 Metaspace       used 23130K, capacity 23633K, committed 23808K, reserved 1071104K
  class space    used 2061K, capacity 2273K, committed 2304K, reserved 1048576K
}

Deoptimization events (20 events):
Event: 19.892 Thread 0x000002eb9858c000 Uncommon trap: trap_request=0xffffffde fr.pc=0x000002eb87b3d800 relative=0x00000000000003c0
Event: 19.892 Thread 0x000002eb9858c000 Uncommon trap: reason=class_check action=maybe_recompile pc=0x000002eb87b3d800 method=java.util.HashMap.getNode(ILjava/lang/Object;)Ljava/util/HashMap$Node; @ 126 c2
Event: 19.892 Thread 0x000002eb9858c000 DEOPT PACKING pc=0x000002eb87b3d800 sp=0x000000f3145fabd0
Event: 19.892 Thread 0x000002eb9858c000 DEOPT UNPACKING pc=0x000002eb8004a1af sp=0x000000f3145faae8 mode 2
Event: 20.020 Thread 0x000002eb9858c000 Uncommon trap: trap_request=0xffffffde fr.pc=0x000002eb87b3d800 relative=0x00000000000003c0
Event: 20.020 Thread 0x000002eb9858c000 Uncommon trap: reason=class_check action=maybe_recompile pc=0x000002eb87b3d800 method=java.util.HashMap.getNode(ILjava/lang/Object;)Ljava/util/HashMap$Node; @ 126 c2
Event: 20.020 Thread 0x000002eb9858c000 DEOPT PACKING pc=0x000002eb87b3d800 sp=0x000000f3145fae70
Event: 20.020 Thread 0x000002eb9858c000 DEOPT UNPACKING pc=0x000002eb8004a1af sp=0x000000f3145fad88 mode 2
Event: 20.588 Thread 0x000002eb9858c000 Uncommon trap: trap_request=0xffffffde fr.pc=0x000002eb87b3d800 relative=0x00000000000003c0
Event: 20.588 Thread 0x000002eb9858c000 Uncommon trap: reason=class_check action=maybe_recompile pc=0x000002eb87b3d800 method=java.util.HashMap.getNode(ILjava/lang/Object;)Ljava/util/HashMap$Node; @ 126 c2
Event: 20.588 Thread 0x000002eb9858c000 DEOPT PACKING pc=0x000002eb87b3d800 sp=0x000000f3145fae70
Event: 20.588 Thread 0x000002eb9858c000 DEOPT UNPACKING pc=0x000002eb8004a1af sp=0x000000f3145fad88 mode 2
Event: 20.588 Thread 0x000002eb9858c000 Uncommon trap: trap_request=0xffffffc6 fr.pc=0x000002eb87b3029c relative=0x000000000000053c
Event: 20.588 Thread 0x000002eb9858c000 Uncommon trap: reason=bimorphic_or_optimized_type_check action=maybe_recompile pc=0x000002eb87b3029c method=java.util.HashMap.getNode(ILjava/lang/Object;)Ljava/util/HashMap$Node; @ 59 c2
Event: 20.588 Thread 0x000002eb9858c000 DEOPT PACKING pc=0x000002eb87b3029c sp=0x000000f3145fadf0
Event: 20.588 Thread 0x000002eb9858c000 DEOPT UNPACKING pc=0x000002eb8004a1af sp=0x000000f3145fad80 mode 2
Event: 20.588 Thread 0x000002eb9858c000 Uncommon trap: trap_request=0xffffffde fr.pc=0x000002eb87b301dc relative=0x000000000000047c
Event: 20.588 Thread 0x000002eb9858c000 Uncommon trap: reason=class_check action=maybe_recompile pc=0x000002eb87b301dc method=java.util.HashMap.getNode(ILjava/lang/Object;)Ljava/util/HashMap$Node; @ 126 c2
Event: 20.588 Thread 0x000002eb9858c000 DEOPT PACKING pc=0x000002eb87b301dc sp=0x000000f3145fac70
Event: 20.588 Thread 0x000002eb9858c000 DEOPT UNPACKING pc=0x000002eb8004a1af sp=0x000000f3145fac00 mode 2

Classes redefined (0 events):
No events

Internal exceptions (20 events):
Event: 3.352 Thread 0x000002eb9858c000 Exception <a 'java/security/PrivilegedActionException'{0x00000007179c8588}> (0x00000007179c8588) thrown at [./src/hotspot/share/prims/jvm.cpp, line 1306]
Event: 3.432 Thread 0x000002eb9858c000 Exception <a 'java/lang/NoSuchMethodError'{0x00000007178392b0}: 'int java.lang.invoke.DirectMethodHandle$Holder.invokeSpecialIFC(java.lang.Object, java.lang.Object, int)'> (0x00000007178392b0) thrown at [./src/hotspot/share/interpreter/linkResolver.cpp, line 773]
Event: 3.433 Thread 0x000002eb9858c000 Exception <a 'java/security/PrivilegedActionException'{0x0000000717844d18}> (0x0000000717844d18) thrown at [./src/hotspot/share/prims/jvm.cpp, line 1306]
Event: 3.433 Thread 0x000002eb9858c000 Exception <a 'java/security/PrivilegedActionException'{0x0000000717845290}> (0x0000000717845290) thrown at [./src/hotspot/share/prims/jvm.cpp, line 1306]
Event: 3.446 Thread 0x000002eb9858c000 Exception <a 'java/security/PrivilegedActionException'{0x00000007178fc5f8}> (0x00000007178fc5f8) thrown at [./src/hotspot/share/prims/jvm.cpp, line 1306]
Event: 3.446 Thread 0x000002eb9858c000 Exception <a 'java/security/PrivilegedActionException'{0x00000007178fcb70}> (0x00000007178fcb70) thrown at [./src/hotspot/share/prims/jvm.cpp, line 1306]
Event: 3.493 Thread 0x000002eb9858c000 Exception <a 'java/security/PrivilegedActionException'{0x0000000718f19148}> (0x0000000718f19148) thrown at [./src/hotspot/share/prims/jvm.cpp, line 1306]
Event: 3.493 Thread 0x000002eb9858c000 Exception <a 'java/security/PrivilegedActionException'{0x0000000718f196c0}> (0x0000000718f196c0) thrown at [./src/hotspot/share/prims/jvm.cpp, line 1306]
Event: 3.515 Thread 0x000002eb9858c000 Exception <a 'java/security/PrivilegedActionException'{0x0000000718e49198}> (0x0000000718e49198) thrown at [./src/hotspot/share/prims/jvm.cpp, line 1306]
Event: 3.515 Thread 0x000002eb9858c000 Exception <a 'java/security/PrivilegedActionException'{0x0000000718e49710}> (0x0000000718e49710) thrown at [./src/hotspot/share/prims/jvm.cpp, line 1306]
Event: 3.744 Thread 0x000002eb9858c000 Exception <a 'sun/nio/fs/WindowsException'{0x0000000718ed7338}> (0x0000000718ed7338) thrown at [./src/hotspot/share/prims/jni.cpp, line 616]
Event: 3.744 Thread 0x000002eb9858c000 Exception <a 'sun/nio/fs/WindowsException'{0x0000000718ed76e8}> (0x0000000718ed76e8) thrown at [./src/hotspot/share/prims/jni.cpp, line 616]
Event: 3.748 Thread 0x000002eb9858c000 Exception <a 'sun/nio/fs/WindowsException'{0x0000000718d013e0}> (0x0000000718d013e0) thrown at [./src/hotspot/share/prims/jni.cpp, line 616]
Event: 3.748 Thread 0x000002eb9858c000 Exception <a 'sun/nio/fs/WindowsException'{0x0000000718d016c8}> (0x0000000718d016c8) thrown at [./src/hotspot/share/prims/jni.cpp, line 616]
Event: 3.984 Thread 0x000002eb9858c000 Exception <a 'java/security/PrivilegedActionException'{0x000000071838a100}> (0x000000071838a100) thrown at [./src/hotspot/share/prims/jvm.cpp, line 1306]
Event: 3.984 Thread 0x000002eb9858c000 Exception <a 'java/security/PrivilegedActionException'{0x000000071838a678}> (0x000000071838a678) thrown at [./src/hotspot/share/prims/jvm.cpp, line 1306]
Event: 3.988 Thread 0x000002eb9858c000 Exception <a 'java/security/PrivilegedActionException'{0x00000007183bd548}> (0x00000007183bd548) thrown at [./src/hotspot/share/prims/jvm.cpp, line 1306]
Event: 3.989 Thread 0x000002eb9858c000 Exception <a 'java/security/PrivilegedActionException'{0x00000007183bdac0}> (0x00000007183bdac0) thrown at [./src/hotspot/share/prims/jvm.cpp, line 1306]
Event: 4.189 Thread 0x000002eb9858c000 Exception <a 'java/security/PrivilegedActionException'{0x0000000718ddd658}> (0x0000000718ddd658) thrown at [./src/hotspot/share/prims/jvm.cpp, line 1306]
Event: 4.189 Thread 0x000002eb9858c000 Exception <a 'java/security/PrivilegedActionException'{0x0000000718dddbd0}> (0x0000000718dddbd0) thrown at [./src/hotspot/share/prims/jvm.cpp, line 1306]

Events (20 events):
Event: 10.197 loading class javax/swing/event/UndoableEditEvent done
Event: 10.197 loading class javax/swing/text/AbstractDocument$DefaultDocumentEventUndoableWrapper
Event: 10.197 loading class sun/swing/text/UndoableEditLockSupport
Event: 10.197 loading class sun/swing/text/UndoableEditLockSupport done
Event: 10.197 loading class javax/swing/text/AbstractDocument$DefaultDocumentEventUndoableWrapper done
Event: 10.197 loading class javax/swing/event/UndoableEditListener
Event: 10.197 loading class javax/swing/event/UndoableEditListener done
Event: 10.198 loading class javax/swing/RepaintManager$3
Event: 10.198 loading class javax/swing/RepaintManager$3 done
Event: 10.698 Loaded shared library C:\Program Files\Eclipse Adoptium\jdk-11.0.13.8-hotspot\bin\java.dll
Event: 21.600 loading class javax/swing/text/GapContent$RemoveUndo
Event: 21.600 loading class javax/swing/text/GapContent$RemoveUndo done
Event: 21.600 loading class javax/swing/text/GapContent$UndoPosRef
Event: 21.600 loading class javax/swing/text/GapContent$UndoPosRef done
Event: 21.602 loading class java/io/PrintWriter
Event: 21.602 loading class java/io/PrintWriter done
Event: 21.603 loading class jdk/internal/math/FDBigInteger
Event: 21.604 loading class jdk/internal/math/FDBigInteger done
Event: 21.606 loading class java/io/FileOutputStream$1
Event: 21.607 loading class java/io/FileOutputStream$1 done


Dynamic libraries:
0x00007ff6677f0000 - 0x00007ff6677fd000 	C:\Program Files\Eclipse Adoptium\jdk-11.0.13.8-hotspot\bin\java.exe
0x00007ffc540f0000 - 0x00007ffc542e5000 	C:\WINDOWS\SYSTEM32\ntdll.dll
0x00007ffc523d0000 - 0x00007ffc5248e000 	C:\WINDOWS\System32\KERNEL32.DLL
0x00007ffc51da0000 - 0x00007ffc52068000 	C:\WINDOWS\System32\KERNELBASE.dll
0x00007ffc51c00000 - 0x00007ffc51d00000 	C:\WINDOWS\System32\ucrtbase.dll
0x00007ffc25060000 - 0x00007ffc25075000 	C:\Program Files\Eclipse Adoptium\jdk-11.0.13.8-hotspot\bin\VCRUNTIME140.dll
0x00007ffc25080000 - 0x00007ffc25097000 	C:\Program Files\Eclipse Adoptium\jdk-11.0.13.8-hotspot\bin\jli.dll
0x00007ffc53f10000 - 0x00007ffc540b0000 	C:\WINDOWS\System32\USER32.dll
0x00007ffc453d0000 - 0x00007ffc4566a000 	C:\WINDOWS\WinSxS\amd64_microsoft.windows.common-controls_6595b64144ccf1df_6.0.19041.1110_none_60b5254171f9507e\COMCTL32.dll
0x00007ffc51d70000 - 0x00007ffc51d92000 	C:\WINDOWS\System32\win32u.dll
0x00007ffc52180000 - 0x00007ffc5221e000 	C:\WINDOWS\System32\msvcrt.dll
0x00007ffc52150000 - 0x00007ffc5217b000 	C:\WINDOWS\System32\GDI32.dll
0x00007ffc51a60000 - 0x00007ffc51b6b000 	C:\WINDOWS\System32\gdi32full.dll
0x00007ffc51860000 - 0x00007ffc518fd000 	C:\WINDOWS\System32\msvcp_win.dll
0x00007ffc53640000 - 0x00007ffc53670000 	C:\WINDOWS\System32\IMM32.DLL
0x00007ffc24f50000 - 0x00007ffc24feb000 	C:\Program Files\Eclipse Adoptium\jdk-11.0.13.8-hotspot\bin\msvcp140.dll
0x00007ffc20df0000 - 0x00007ffc2196e000 	C:\Program Files\Eclipse Adoptium\jdk-11.0.13.8-hotspot\bin\server\jvm.dll
0x00007ffc52510000 - 0x00007ffc525be000 	C:\WINDOWS\System32\ADVAPI32.dll
0x00007ffc52910000 - 0x00007ffc529ac000 	C:\WINDOWS\System32\sechost.dll
0x00007ffc525c0000 - 0x00007ffc526e5000 	C:\WINDOWS\System32\RPCRT4.dll
0x00007ffc531b0000 - 0x00007ffc531b8000 	C:\WINDOWS\System32\PSAPI.DLL
0x00007ffc3a1e0000 - 0x00007ffc3a1e9000 	C:\WINDOWS\SYSTEM32\WSOCK32.dll
0x00007ffc46d90000 - 0x00007ffc46db7000 	C:\WINDOWS\SYSTEM32\WINMM.dll
0x00007ffc46cc0000 - 0x00007ffc46cca000 	C:\WINDOWS\SYSTEM32\VERSION.dll
0x00007ffc531c0000 - 0x00007ffc5322b000 	C:\WINDOWS\System32\WS2_32.dll
0x00007ffc4f720000 - 0x00007ffc4f732000 	C:\WINDOWS\SYSTEM32\kernel.appcore.dll
0x00007ffc2eb60000 - 0x00007ffc2eb70000 	C:\Program Files\Eclipse Adoptium\jdk-11.0.13.8-hotspot\bin\verify.dll
0x00007ffc48f50000 - 0x00007ffc49134000 	C:\WINDOWS\SYSTEM32\DBGHELP.DLL
0x00007ffc42290000 - 0x00007ffc422bc000 	C:\WINDOWS\SYSTEM32\dbgcore.DLL
0x00007ffc51b70000 - 0x00007ffc51bf2000 	C:\WINDOWS\System32\bcryptPrimitives.dll
0x00007ffc25030000 - 0x00007ffc25058000 	C:\Program Files\Eclipse Adoptium\jdk-11.0.13.8-hotspot\bin\java.dll
0x00007ffc2a500000 - 0x00007ffc2a50a000 	C:\Program Files\Eclipse Adoptium\jdk-11.0.13.8-hotspot\bin\jimage.dll
0x00007ffc25010000 - 0x00007ffc25027000 	C:\Program Files\Eclipse Adoptium\jdk-11.0.13.8-hotspot\bin\zip.dll
0x00007ffc52a60000 - 0x00007ffc531a4000 	C:\WINDOWS\System32\SHELL32.dll
0x00007ffc4f920000 - 0x00007ffc500b4000 	C:\WINDOWS\SYSTEM32\windows.storage.dll
0x00007ffc532e0000 - 0x00007ffc53634000 	C:\WINDOWS\System32\combase.dll
0x00007ffc51200000 - 0x00007ffc5122c000 	C:\WINDOWS\SYSTEM32\Wldp.dll
0x00007ffc529b0000 - 0x00007ffc52a5d000 	C:\WINDOWS\System32\SHCORE.dll
0x00007ffc527b0000 - 0x00007ffc52805000 	C:\WINDOWS\System32\shlwapi.dll
0x00007ffc51750000 - 0x00007ffc5176f000 	C:\WINDOWS\SYSTEM32\profapi.dll
0x00007ffc20dd0000 - 0x00007ffc20de9000 	C:\Program Files\Eclipse Adoptium\jdk-11.0.13.8-hotspot\bin\net.dll
0x00007ffc45680000 - 0x00007ffc45789000 	C:\WINDOWS\SYSTEM32\WINHTTP.dll
0x00007ffc50f00000 - 0x00007ffc50f6a000 	C:\WINDOWS\system32\mswsock.dll
0x00007ffc20db0000 - 0x00007ffc20dc2000 	C:\Program Files\Eclipse Adoptium\jdk-11.0.13.8-hotspot\bin\nio.dll
0x00007ffc1f700000 - 0x00007ffc1f89a000 	C:\Program Files\Eclipse Adoptium\jdk-11.0.13.8-hotspot\bin\awt.dll
0x00007ffc53670000 - 0x00007ffc5373d000 	C:\WINDOWS\System32\OLEAUT32.dll
0x00007ffc4f070000 - 0x00007ffc4f100000 	C:\WINDOWS\SYSTEM32\apphelp.dll
0x00007ffc4f430000 - 0x00007ffc4f45f000 	C:\WINDOWS\system32\DWMAPI.DLL
0x00007ffc4f240000 - 0x00007ffc4f2de000 	C:\WINDOWS\system32\uxtheme.dll
0x00007ffc0ae60000 - 0x00007ffc0af86000 	C:\WINDOWS\system32\opengl32.dll
0x00007ffc0ae30000 - 0x00007ffc0ae5c000 	C:\WINDOWS\SYSTEM32\GLU32.dll
0x00007ffc53df0000 - 0x00007ffc53f06000 	C:\WINDOWS\System32\MSCTF.dll
0x00007ffc53c30000 - 0x00007ffc53d5a000 	C:\WINDOWS\System32\ole32.dll
0x00007ffc23330000 - 0x00007ffc234ff000 	C:\WINDOWS\system32\d3d9.dll
0x00007ffc46dc0000 - 0x00007ffc46f78000 	C:\WINDOWS\System32\DriverStore\FileRepository\u0376209.inf_amd64_b3bdffadea4def3f\B374968\aticfx64.dll
0x00007ffc2ebd0000 - 0x00007ffc2ec04000 	C:\WINDOWS\System32\DriverStore\FileRepository\u0376209.inf_amd64_b3bdffadea4def3f\B374968\atiu9p64.dll
0x00007ffc21970000 - 0x00007ffc226c4000 	C:\WINDOWS\System32\DriverStore\FileRepository\u0376209.inf_amd64_b3bdffadea4def3f\B374968\atiumd64.dll
0x000000005b1f0000 - 0x000000005c065000 	C:\WINDOWS\System32\DriverStore\FileRepository\u0376209.inf_amd64_b3bdffadea4def3f\B374968\atiumd6a.dll
0x00007ffc537c0000 - 0x00007ffc53c30000 	C:\WINDOWS\System32\SETUPAPI.dll
0x00007ffc51810000 - 0x00007ffc5185e000 	C:\WINDOWS\System32\cfgmgr32.dll
0x00007ffc52120000 - 0x00007ffc52147000 	C:\WINDOWS\System32\bcrypt.dll
0x00007ffc515d0000 - 0x00007ffc5161b000 	C:\WINDOWS\SYSTEM32\POWRPROF.dll
0x00007ffc515b0000 - 0x00007ffc515c2000 	C:\WINDOWS\SYSTEM32\UMPDC.dll
0x00007ffc46c50000 - 0x00007ffc46c80000 	C:\WINDOWS\SYSTEM32\amdihk64.dll
0x00007ffc470e0000 - 0x00007ffc4711b000 	C:\WINDOWS\SYSTEM32\dxcore.dll
0x00007ffc35aa0000 - 0x00007ffc35acd000 	C:\Program Files\Eclipse Adoptium\jdk-11.0.13.8-hotspot\bin\javajpeg.dll
0x00007ffc1f670000 - 0x00007ffc1f6f6000 	C:\Program Files\Eclipse Adoptium\jdk-11.0.13.8-hotspot\bin\freetype.dll
0x00007ffc1f5c0000 - 0x00007ffc1f666000 	C:\Program Files\Eclipse Adoptium\jdk-11.0.13.8-hotspot\bin\fontmanager.dll
0x00007ffc3f7f0000 - 0x00007ffc3f8e9000 	C:\WINDOWS\SYSTEM32\textinputframework.dll
0x00007ffc4ed40000 - 0x00007ffc4ee32000 	C:\WINDOWS\System32\CoreMessaging.dll
0x00007ffc4e9e0000 - 0x00007ffc4ed3e000 	C:\WINDOWS\System32\CoreUIComponents.dll
0x00007ffc4d680000 - 0x00007ffc4d7d4000 	C:\WINDOWS\SYSTEM32\wintypes.dll
0x00007ffc50510000 - 0x00007ffc50543000 	C:\WINDOWS\SYSTEM32\ntmarta.dll
0x000000006e700000 - 0x000000006e72a000 	C:\Users\caspe\AppData\Local\Temp\libgdxcaspe\e1cd32f8\gdx64.dll
0x00007ffc2cbd0000 - 0x00007ffc2cc34000 	C:\Users\caspe\AppData\Local\Temp\lwjglcaspe\3.2.3-build-13\lwjgl.dll
0x00007ffc1a220000 - 0x00007ffc1a473000 	C:\Users\caspe\AppData\Local\Temp\lwjglcaspe\3.2.3-build-13\jemalloc.dll
0x00007ffc1f550000 - 0x00007ffc1f5b2000 	C:\Users\caspe\AppData\Local\Temp\lwjglcaspe\3.2.3-build-13\glfw.dll
0x00007ffc35a50000 - 0x00007ffc35a95000 	C:\WINDOWS\SYSTEM32\dinput8.dll
0x00007ffc2d200000 - 0x00007ffc2d211000 	C:\WINDOWS\SYSTEM32\xinput1_4.dll
0x00007ffc51540000 - 0x00007ffc51573000 	C:\WINDOWS\SYSTEM32\DEVOBJ.dll
0x00007ffc3eae0000 - 0x00007ffc3ec32000 	C:\WINDOWS\SYSTEM32\inputhost.dll
0x00007ffc4d3c0000 - 0x00007ffc4d4b6000 	C:\WINDOWS\SYSTEM32\PROPSYS.dll
0x00007ffc500c0000 - 0x00007ffc500cd000 	C:\WINDOWS\SYSTEM32\HID.DLL
0x00007ffc51d00000 - 0x00007ffc51d68000 	C:\WINDOWS\System32\WINTRUST.dll
0x00007ffc51900000 - 0x00007ffc51a56000 	C:\WINDOWS\System32\CRYPT32.dll
0x00007ffc51380000 - 0x00007ffc51392000 	C:\WINDOWS\SYSTEM32\MSASN1.dll
0x00007ffc1f210000 - 0x00007ffc1f31b000 	C:\Users\caspe\AppData\Local\Temp\lwjglcaspe\3.2.3-build-13\OpenAL.dll
0x00007ffc53230000 - 0x00007ffc532d9000 	C:\WINDOWS\System32\clbcatq.dll
0x00007ffc4a6a0000 - 0x00007ffc4a725000 	C:\WINDOWS\System32\MMDevApi.dll
0x00007ffc4a4b0000 - 0x00007ffc4a632000 	C:\WINDOWS\SYSTEM32\AUDIOSES.DLL
0x00007ffc4f330000 - 0x00007ffc4f344000 	C:\WINDOWS\SYSTEM32\resourcepolicyclient.dll
0x00007ffc4afb0000 - 0x00007ffc4b0a9000 	C:\Windows\System32\AppXDeploymentClient.dll
0x00007ffc4bd00000 - 0x00007ffc4bd2c000 	C:\WINDOWS\System32\DriverStore\FileRepository\u0376209.inf_amd64_b3bdffadea4def3f\B374968\atig6pxx.dll
0x00007ffbf5950000 - 0x00007ffbf8793000 	C:\WINDOWS\System32\DriverStore\FileRepository\u0376209.inf_amd64_b3bdffadea4def3f\B374968\atio6axx.dll
0x00007ffc2e790000 - 0x00007ffc2e7b4000 	C:\WINDOWS\SYSTEM32\dxva2.dll
0x00007ffc2d060000 - 0x00007ffc2d09f000 	C:\WINDOWS\System32\DriverStore\FileRepository\u0376209.inf_amd64_b3bdffadea4def3f\B374968\atig6txx.dll
0x00007ffc0a5c0000 - 0x00007ffc0a78c000 	C:\WINDOWS\SYSTEM32\atiadlxx.dll
0x00007ffc2dba0000 - 0x00007ffc2dbe9000 	C:\WINDOWS\SYSTEM32\pdh.dll
0x00007ffc1f1b0000 - 0x00007ffc1f209000 	C:\Users\caspe\AppData\Local\Temp\lwjglcaspe\3.2.3-build-13\lwjgl_opengl.dll
0x00007ffc4ad60000 - 0x00007ffc4af14000 	C:\WINDOWS\SYSTEM32\WindowsCodecs.dll
0x00007ffc302f0000 - 0x00007ffc3032e000 	C:\WINDOWS\system32\dataexchange.dll
0x00007ffc4e470000 - 0x00007ffc4e655000 	C:\WINDOWS\system32\dcomp.dll
0x00007ffc4dda0000 - 0x00007ffc4e004000 	C:\WINDOWS\system32\d3d11.dll
0x00007ffc50120000 - 0x00007ffc50213000 	C:\WINDOWS\system32\dxgi.dll
0x00007ffc4b860000 - 0x00007ffc4ba61000 	C:\WINDOWS\system32\twinapi.appcore.dll

dbghelp: loaded successfully - version: 4.0.5 - missing functions: none
symbol engine: initialized successfully - sym options: 0x614 - pdb path: .;C:\Program Files\Eclipse Adoptium\jdk-11.0.13.8-hotspot\bin;C:\WINDOWS\SYSTEM32;C:\WINDOWS\WinSxS\amd64_microsoft.windows.common-controls_6595b64144ccf1df_6.0.19041.1110_none_60b5254171f9507e;C:\Program Files\Eclipse Adoptium\jdk-11.0.13.8-hotspot\bin\server;C:\WINDOWS\System32\DriverStore\FileRepository\u0376209.inf_amd64_b3bdffadea4def3f\B374968;C:\Users\caspe\AppData\Local\Temp\libgdxcaspe\e1cd32f8;C:\Users\caspe\AppData\Local\Temp\lwjglcaspe\3.2.3-build-13

VM Arguments:
java_command: com.crazyputting3d.Menu
java_class_path (initial): C:\Users\caspe\Documents\Projects\GitHub Projects\Group-04\3dcrazyputting\desktop\bin\main;\CrazyPutting3D-core\bin\default;C:\Users\caspe\Documents\Projects\GitHub Projects\Group-04\3dcrazyputting\core\bin\main;C:\Users\caspe\.gradle\caches\modules-2\files-2.1\com.badlogicgames.gdx\gdx-backend-lwjgl3\1.10.0\600c7d5b2c977daa82c4abad147087b31e0ada87\gdx-backend-lwjgl3-1.10.0.jar;C:\Users\caspe\.gradle\caches\modules-2\files-2.1\com.badlogicgames.gdx\gdx-platform\1.10.0\9a8fa793d2fd6d360afc6c9e4c1f5583da263b88\gdx-platform-1.10.0-natives-desktop.jar;C:\Users\caspe\.gradle\caches\modules-2\files-2.1\com.badlogicgames.gdx\gdx-bullet-platform\1.10.0\ce92e8dfc762523d769cbc50853163c03bf98cf1\gdx-bullet-platform-1.10.0-natives-desktop.jar;C:\Users\caspe\.gradle\caches\modules-2\files-2.1\com.badlogicgames.gdx\gdx-freetype-platform\1.10.0\6e5d28752759e69384f12e4569d2c884ff71352f\gdx-freetype-platform-1.10.0-natives-desktop.jar;C:\Users\caspe\.gradle\caches\modules-2\files-2.1\com.badlogicgames.gdx-controllers\gdx-controllers-desktop\2.2.1\cb3430c32468a090eca54d494d16bb3764ceff9b\gdx-controllers-desktop-2.2.1.jar;C:\Users\caspe\.gradle\caches\modules-2\files-2.1\org.jetbrains\annotations\20.1.0\2fcd1f3225bca0c4a7bc931142076f8c1e80993f\annotations-20.1.0.jar;C:\Users\caspe\.gradle\caches\modules-2\files-2.1\com.badlogicgames.gdx\gdx-bullet\1.10.0\839b58c7278f5c3b55291c3a559d91227400ecdb\gdx-bullet-1.10.0.jar;C:\Users\caspe\.gradle\caches\modules-2\files-2.1\com.badlogicgames.gdx\gdx-freetype\1.10.0\de1d0d5c1e92e8d91364256fd6b7bb279d3e9859\gdx-freetype-1.10.0.jar;C:\Users\caspe\.gradle\caches\modules-2\files-2.1\com.badlogicgames.gdx\gdx-ai\1.8.2\ab75d2ce80ab1b1ce6828a15dc0f417abac4c674\gdx-ai-1.8.2.jar;C:\Users\caspe\.gradle\caches\modules-2\files-2.1\com.badlogicgames.ashley\ashley\1.7.4\21a3a8932919099c4e5006a7d8378dcbe76ef8a5\ashley-1.7.4.jar;C:\Users\caspe\.gradle\caches\modules-2\files-2.1\com.badlogicgames.box2dlights\box2dlights\1.5\6902dbcd
Launcher Type: SUN_STANDARD

[Global flags]
     intx CICompilerCount                          = 4                                         {product} {ergonomic}
     uint ConcGCThreads                            = 2                                         {product} {ergonomic}
     uint G1ConcRefinementThreads                  = 8                                         {product} {ergonomic}
   size_t G1HeapRegionSize                         = 1048576                                   {product} {ergonomic}
    uintx GCDrainStackTargetSize                   = 64                                        {product} {ergonomic}
   size_t InitialHeapSize                          = 260046848                                 {product} {ergonomic}
   size_t MarkStackSize                            = 4194304                                   {product} {ergonomic}
   size_t MaxHeapSize                              = 4135583744                                {product} {ergonomic}
   size_t MaxNewSize                               = 2480930816                                {product} {ergonomic}
   size_t MinHeapDeltaBytes                        = 1048576                                   {product} {ergonomic}
    uintx NonNMethodCodeHeapSize                   = 5836300                                {pd product} {ergonomic}
    uintx NonProfiledCodeHeapSize                  = 122910970                              {pd product} {ergonomic}
    uintx ProfiledCodeHeapSize                     = 122910970                              {pd product} {ergonomic}
    uintx ReservedCodeCacheSize                    = 251658240                              {pd product} {ergonomic}
     bool SegmentedCodeCache                       = true                                      {product} {ergonomic}
     bool UseCompressedClassPointers               = true                                 {lp64_product} {ergonomic}
     bool UseCompressedOops                        = true                                 {lp64_product} {ergonomic}
     bool UseG1GC                                  = true                                      {product} {ergonomic}
     bool UseLargePagesIndividualAllocation        = false                                  {pd product} {ergonomic}

Logging:
Log output configuration:
 #0: stdout all=warning uptime,level,tags
 #1: stderr all=off uptime,level,tags

Environment Variables:
JAVA_HOME=C:\Program Files\Eclipse Adoptium\jdk-11.0.13.8-hotspot
PATH=C:\Program Files\Eclipse Adoptium\jdk-11.0.13.8-hotspot\bin;C:\Program Files\Common Files\Oracle\Java\javapath;C:\WINDOWS\system32;C:\WINDOWS;C:\WINDOWS\System32\Wbem;C:\WINDOWS\System32\WindowsPowerShell\v1.0\;C:\WINDOWS\System32\OpenSSH\;C:\Program Files\Git\cmd;C:\Program Files\MATLAB\R2021b\bin;C:\Users\caspe\AppData\Local\Programs\Python\Python310\Scripts\;C:\Users\caspe\AppData\Local\Programs\Python\Python310\;C:\Users\caspe\AppData\Local\Microsoft\WindowsApps;C:\Users\caspe\AppData\Local\Programs\Microsoft VS Code\bin;C:\Users\caspe\AppData\Local\GitHubDesktop\bin;C:\Gradle\gradle-7.4.2\bin;
USERNAME=caspe
LANG=nl_NL.UTF-8
OS=Windows_NT
PROCESSOR_IDENTIFIER=AMD64 Family 23 Model 96 Stepping 1, AuthenticAMD



---------------  S Y S T E M  ---------------

OS: Windows 10 , 64 bit Build 19041 (10.0.19041.1566)
OS uptime: 0 days 0:22 hours

CPU:total 8 (initial active 8) (8 cores per cpu, 1 threads per core) family 23 model 96 stepping 1 microcode 0x0, cmov, cx8, fxsr, mmx, sse, sse2, sse3, ssse3, sse4.1, sse4.2, popcnt, avx, avx2, aes, clmul, mmxext, 3dnowpref, lzcnt, sse4a, tsc, tscinvbit, tscinv, bmi1, bmi2, adx, sha, fma

Memory: 4k page, system-wide physical 15771M (10057M free)
TotalPageFile size 18203M (AvailPageFile size 10717M)
current process WorkingSet (physical memory assigned to process): 390M, peak: 449M
current process commit charge ("private bytes"): 545M, peak: 750M

vm_info: OpenJDK 64-Bit Server VM (11.0.13+8) for windows-amd64 JRE (11.0.13+8), built on Oct 19 2021 17:05:59 by "" with unknown MS VC++:1916

END.
