#
# A fatal error has been detected by the Java Runtime Environment:
#
#  EXCEPTION_ACCESS_VIOLATION (0xc0000005) at pc=0x000001fc70220000, pid=2304, tid=19192
#
# JRE version: OpenJDK Runtime Environment Temurin-17.0.1+12 (17.0.1+12) (build 17.0.1+12)
# Java VM: OpenJDK 64-Bit Server VM Temurin-17.0.1+12 (17.0.1+12, mixed mode, sharing, tiered, compressed oops, compressed class ptrs, g1 gc, windows-amd64)
# Problematic frame:
# C  0x000001fc70220000
#
# No core dump will be written. Minidumps are not enabled by default on client versions of Windows
#
# If you would like to submit a bug report, please visit:
#   https://github.com/adoptium/adoptium-support/issues
# The crash happened outside the Java Virtual Machine in native code.
# See problematic frame for where to report the bug.
#

---------------  S U M M A R Y ------------

Command Line: -XX:+ShowCodeDetailsInExceptionMessages com.crazyputting3d.Main

Host: AMD Ryzen 7 4800H with Radeon Graphics         , 16 cores, 15G,  Windows 10 , 64 bit Build 19041 (10.0.19041.1741)
Time: Mon Jun 20 16:53:38 2022 Central European Daylight Time elapsed time: 50.994325 seconds (0d 0h 0m 50s)

---------------  T H R E A D  ---------------

Current thread (0x000001fc491c0720):  JavaThread "main" [_thread_in_native, id=19192, stack(0x000000e03d300000,0x000000e03d400000)]

Stack: [0x000000e03d300000,0x000000e03d400000],  sp=0x000000e03d3fea88,  free space=1018k
Native frames: (J=compiled Java code, j=interpreted, Vv=VM code, C=native code)
C  0x000001fc70220000

Java frames: (J=compiled Java code, j=interpreted, Vv=VM code)
J 1201  org.lwjgl.system.JNI.invokePV(JJ)V (0 bytes) @ 0x000001fc5a0674ec [0x000001fc5a0674a0+0x000000000000004c]
J 1338 c1 org.lwjgl.glfw.GLFW.glfwSwapBuffers(J)V (21 bytes) @ 0x000001fc52e0deac [0x000001fc52e0ddc0+0x00000000000000ec]
j  com.badlogic.gdx.backends.lwjgl3.Lwjgl3Window.update()Z+196
j  com.badlogic.gdx.backends.lwjgl3.Lwjgl3Application.loop()V+111
j  com.badlogic.gdx.backends.lwjgl3.Lwjgl3Application.<init>(Lcom/badlogic/gdx/ApplicationListener;Lcom/badlogic/gdx/backends/lwjgl3/Lwjgl3ApplicationConfiguration;)V+243
j  com.crazyputting3d.Main.main([Ljava/lang/String;)V+41
v  ~StubRoutines::call_stub

siginfo: EXCEPTION_ACCESS_VIOLATION (0xc0000005), data execution prevention violation at address 0x000001fc70220000


Register to memory mapping:

RIP=0x000001fc70220000 is an unknown value
RAX=0x000001fc70220000 is an unknown value
RBX=0x0000000000010001 is an unknown value
RCX=0x0000000000010001 is an unknown value
RDX=0x000000e03d3feac0 is pointing into the stack for thread: 0x000001fc491c0720
RSP=0x000000e03d3fea88 is pointing into the stack for thread: 0x000001fc491c0720
RBP=0x000000e03d3feb90 is pointing into the stack for thread: 0x000001fc491c0720
RSI=0x0000000000000110 is an unknown value
RDI=0x0000000000001e38 is an unknown value
R8 =0x000001fc6f88e040 points into unknown readable memory: 0x000001fc7ee4ccb0 | b0 cc e4 7e fc 01 00 00
R9 =0x00007ff921701b50 glfw.dll
R10=0x00007ff921801b10 lwjgl.dll
R11=0x000000e03d3feef8 is pointing into the stack for thread: 0x000001fc491c0720
R12=0x0 is NULL
R13=0x000000e03d3ff000 is pointing into the stack for thread: 0x000001fc491c0720
R14=0x000000e03d3fef50 is pointing into the stack for thread: 0x000001fc491c0720
R15=0x000001fc491c0720 is a thread


Registers:
RAX=0x000001fc70220000, RBX=0x0000000000010001, RCX=0x0000000000010001, RDX=0x000000e03d3feac0
RSP=0x000000e03d3fea88, RBP=0x000000e03d3feb90, RSI=0x0000000000000110, RDI=0x0000000000001e38
R8 =0x000001fc6f88e040, R9 =0x00007ff921701b50, R10=0x00007ff921801b10, R11=0x000000e03d3feef8
R12=0x0000000000000000, R13=0x000000e03d3ff000, R14=0x000000e03d3fef50, R15=0x000001fc491c0720
RIP=0x000001fc70220000, EFLAGS=0x0000000000010206

Top of Stack: (sp=0x000000e03d3fea88)
0x000000e03d3fea88:   00007ff921701f7c 000000070a066410
0x000000e03d3fea98:   000001fc5a065f85 000000070b264a60
0x000000e03d3feaa8:   000000070a06a868 000000070a051140
0x000000e03d3feab8:   000001fc5a1c92e8 57464c4720656854
0x000000e03d3feac8:   7972617262696c20 20746f6e20736920
0x000000e03d3fead8:   696c616974696e69 000000070064657a
0x000000e03d3feae8:   438c000041700000 0000000000000001
0x000000e03d3feaf8:   000001fc52dc2e7c 000000070a051140
0x000000e03d3feb08:   00007ff893fd52f6 000000e03d3fef50
0x000000e03d3feb18:   000001fc52da2de4 000000e03d3febf8
0x000000e03d3feb28:   00007ff893fd5e62 000001fc491c0720
0x000000e03d3feb38:   0000000000000000 00000000000001cc
0x000000e03d3feb48:   0000000000000000 0000000000000000
0x000000e03d3feb58:   000000006e7020f4 000001fc491c09c8
0x000000e03d3feb68:   00007ff893fd5481 000000070a066160
0x000000e03d3feb78:   000001fc5a062685 0000000200000003 

Instructions: (pc=0x000001fc70220000)
0x000001fc7021ff00:   ?? ?? ?? ?? ?? ?? ?? ?? ?? ?? ?? ?? ?? ?? ?? ??
0x000001fc7021ff10:   ?? ?? ?? ?? ?? ?? ?? ?? ?? ?? ?? ?? ?? ?? ?? ??
0x000001fc7021ff20:   ?? ?? ?? ?? ?? ?? ?? ?? ?? ?? ?? ?? ?? ?? ?? ??
0x000001fc7021ff30:   ?? ?? ?? ?? ?? ?? ?? ?? ?? ?? ?? ?? ?? ?? ?? ??
0x000001fc7021ff40:   ?? ?? ?? ?? ?? ?? ?? ?? ?? ?? ?? ?? ?? ?? ?? ??
0x000001fc7021ff50:   ?? ?? ?? ?? ?? ?? ?? ?? ?? ?? ?? ?? ?? ?? ?? ??
0x000001fc7021ff60:   ?? ?? ?? ?? ?? ?? ?? ?? ?? ?? ?? ?? ?? ?? ?? ??
0x000001fc7021ff70:   ?? ?? ?? ?? ?? ?? ?? ?? ?? ?? ?? ?? ?? ?? ?? ??
0x000001fc7021ff80:   ?? ?? ?? ?? ?? ?? ?? ?? ?? ?? ?? ?? ?? ?? ?? ??
0x000001fc7021ff90:   ?? ?? ?? ?? ?? ?? ?? ?? ?? ?? ?? ?? ?? ?? ?? ??
0x000001fc7021ffa0:   ?? ?? ?? ?? ?? ?? ?? ?? ?? ?? ?? ?? ?? ?? ?? ??
0x000001fc7021ffb0:   ?? ?? ?? ?? ?? ?? ?? ?? ?? ?? ?? ?? ?? ?? ?? ??
0x000001fc7021ffc0:   ?? ?? ?? ?? ?? ?? ?? ?? ?? ?? ?? ?? ?? ?? ?? ??
0x000001fc7021ffd0:   ?? ?? ?? ?? ?? ?? ?? ?? ?? ?? ?? ?? ?? ?? ?? ??
0x000001fc7021ffe0:   ?? ?? ?? ?? ?? ?? ?? ?? ?? ?? ?? ?? ?? ?? ?? ??
0x000001fc7021fff0:   ?? ?? ?? ?? ?? ?? ?? ?? ?? ?? ?? ?? ?? ?? ?? ??
0x000001fc70220000:   ?? ?? ?? ?? ?? ?? ?? ?? ?? ?? ?? ?? ?? ?? ?? ??
0x000001fc70220010:   ?? ?? ?? ?? ?? ?? ?? ?? ?? ?? ?? ?? ?? ?? ?? ??
0x000001fc70220020:   ?? ?? ?? ?? ?? ?? ?? ?? ?? ?? ?? ?? ?? ?? ?? ??
0x000001fc70220030:   ?? ?? ?? ?? ?? ?? ?? ?? ?? ?? ?? ?? ?? ?? ?? ??
0x000001fc70220040:   ?? ?? ?? ?? ?? ?? ?? ?? ?? ?? ?? ?? ?? ?? ?? ??
0x000001fc70220050:   ?? ?? ?? ?? ?? ?? ?? ?? ?? ?? ?? ?? ?? ?? ?? ??
0x000001fc70220060:   ?? ?? ?? ?? ?? ?? ?? ?? ?? ?? ?? ?? ?? ?? ?? ??
0x000001fc70220070:   ?? ?? ?? ?? ?? ?? ?? ?? ?? ?? ?? ?? ?? ?? ?? ??
0x000001fc70220080:   ?? ?? ?? ?? ?? ?? ?? ?? ?? ?? ?? ?? ?? ?? ?? ??
0x000001fc70220090:   ?? ?? ?? ?? ?? ?? ?? ?? ?? ?? ?? ?? ?? ?? ?? ??
0x000001fc702200a0:   ?? ?? ?? ?? ?? ?? ?? ?? ?? ?? ?? ?? ?? ?? ?? ??
0x000001fc702200b0:   ?? ?? ?? ?? ?? ?? ?? ?? ?? ?? ?? ?? ?? ?? ?? ??
0x000001fc702200c0:   ?? ?? ?? ?? ?? ?? ?? ?? ?? ?? ?? ?? ?? ?? ?? ??
0x000001fc702200d0:   ?? ?? ?? ?? ?? ?? ?? ?? ?? ?? ?? ?? ?? ?? ?? ??
0x000001fc702200e0:   ?? ?? ?? ?? ?? ?? ?? ?? ?? ?? ?? ?? ?? ?? ?? ??
0x000001fc702200f0:   ?? ?? ?? ?? ?? ?? ?? ?? ?? ?? ?? ?? ?? ?? ?? ?? 


Stack slot to memory mapping:
stack at sp + 0 slots: 0x00007ff921701f7c glfw.dll
stack at sp + 1 slots: 0x000000070a066410 is an oop: [Lcom.badlogic.gdx.scenes.scene2d.Actor; 
{0x000000070a066410} - klass: 'com/badlogic/gdx/scenes/scene2d/Actor'[]
 - length: 4
stack at sp + 2 slots: 0x000001fc5a065f85 is at entry_point+229 in (nmethod*)0x000001fc5a065d10
stack at sp + 3 slots: 0x000000070b264a60 is an oop: java.lang.Class 
{0x000000070b264a60} - klass: 'java/lang/Class'
 - ---- fields (total size 54 words):
 - private volatile transient 'classRedefinedCount' 'I' @12  0
 - private volatile transient 'cachedConstructor' 'Ljava/lang/reflect/Constructor;' @40  NULL (0)
 - private transient 'name' 'Ljava/lang/String;' @44  "org.lwjgl.opengl.GL20C"{0x000000070b2656f8} (e164cadf)
 - private transient 'module' 'Ljava/lang/Module;' @48  a 'java/lang/Module'{0x000000070b1d3d38} (e163a7a7)
 - private final 'classLoader' 'Ljava/lang/ClassLoader;' @52  a 'jdk/internal/loader/ClassLoaders$AppClassLoader'{0x000000070b1c8f58} (e16391eb)
 - private transient 'classData' 'Ljava/lang/Object;' @56  NULL (0)
 - private transient 'packageName' 'Ljava/lang/String;' @60  "org.lwjgl.opengl"{0x000000070b265738} (e164cae7)
 - private final 'componentType' 'Ljava/lang/Class;' @64  NULL (0)
 - private volatile transient 'reflectionData' 'Ljava/lang/ref/SoftReference;' @68  NULL (0)
 - private volatile transient 'genericInfo' 'Lsun/reflect/generics/repository/ClassRepository;' @72  NULL (0)
 - private volatile transient 'enumConstants' '[Ljava/lang/Object;' @76  NULL (0)
 - private volatile transient 'enumConstantDirectory' 'Ljava/util/Map;' @80  NULL (0)
 - private volatile transient 'annotationData' 'Ljava/lang/Class$AnnotationData;' @84  NULL (0)
 - private volatile transient 'annotationType' 'Lsun/reflect/annotation/AnnotationType;' @88  NULL (0)
 - transient 'classValueMap' 'Ljava/lang/ClassValue$ClassValueMap;' @92  NULL (0)
 - signature: Lorg/lwjgl/opengl/GL20C;
 - fake entry for mirror: 'org/lwjgl/opengl/GL20C'
 - fake entry for array: NULL
 - fake entry for oop_size: 54
 - fake entry for static_oop_field_count: 0
 - public static final 'GL_SHADING_LANGUAGE_VERSION' 'I' @112  35724 (8b8c)
 - public static final 'GL_CURRENT_PROGRAM' 'I' @116  35725 (8b8d)
 - public static final 'GL_SHADER_TYPE' 'I' @120  35663 (8b4f)
 - public static final 'GL_DELETE_STATUS' 'I' @124  35712 (8b80)
 - public static final 'GL_COMPILE_STATUS' 'I' @128  35713 (8b81)
 - public static final 'GL_LINK_STATUS' 'I' @132  35714 (8b82)
 - public static final 'GL_VALIDATE_STATUS' 'I' @136  35715 (8b83)
 - public static final 'GL_INFO_LOG_LENGTH' 'I' @140  35716 (8b84)
 - public static final 'GL_ATTACHED_SHADERS' 'I' @144  35717 (8b85)
 - public static final 'GL_ACTIVE_UNIFORMS' 'I' @148  35718 (8b86)
 - public static final 'GL_ACTIVE_UNIFORM_MAX_LENGTH' 'I' @152  35719 (8b87)
 - public static final 'GL_ACTIVE_ATTRIBUTES' 'I' @156  35721 (8b89)
 - public static final 'GL_ACTIVE_ATTRIBUTE_MAX_LENGTH' 'I' @160  35722 (8b8a)
 - public static final 'GL_SHADER_SOURCE_LENGTH' 'I' @164  35720 (8b88)
 - public static final 'GL_FLOAT_VEC2' 'I' @168  35664 (8b50)
 - public static final 'GL_FLOAT_VEC3' 'I' @172  35665 (8b51)
 - public static final 'GL_FLOAT_VEC4' 'I' @176  35666 (8b52)
 - public static final 'GL_INT_VEC2' 'I' @180  35667 (8b53)
 - public static final 'GL_INT_VEC3' 'I' @184  35668 (8b54)
 - public static final 'GL_INT_VEC4' 'I' @188  35669 (8b55)
 - public static final 'GL_BOOL' 'I' @192  35670 (8b56)
 - public static final 'GL_BOOL_VEC2' 'I' @196  35671 (8b57)
 - public static final 'GL_BOOL_VEC3' 'I' @200  35672 (8b58)
 - public static final 'GL_BOOL_VEC4' 'I' @204  35673 (8b59)
 - public static final 'GL_FLOAT_MAT2' 'I' @208  35674 (8b5a)
 - public static final 'GL_FLOAT_MAT3' 'I' @212  35675 (8b5b)
 - public static final 'GL_FLOAT_MAT4' 'I' @216  35676 (8b5c)
 - public static final 'GL_SAMPLER_1D' 'I' @220  35677 (8b5d)
 - public static final 'GL_SAMPLER_2D' 'I' @224  35678 (8b5e)
 - public static final 'GL_SAMPLER_3D' 'I' @228  35679 (8b5f)
 - public static final 'GL_SAMPLER_CUBE' 'I' @232  35680 (8b60)
 - public static final 'GL_SAMPLER_1D_SHADOW' 'I' @236  35681 (8b61)
 - public static final 'GL_SAMPLER_2D_SHADOW' 'I' @240  35682 (8b62)
 - public static final 'GL_VERTEX_SHADER' 'I' @244  35633 (8b31)
 - public static final 'GL_MAX_VERTEX_UNIFORM_COMPONENTS' 'I' @248  35658 (8b4a)
 - public static final 'GL_MAX_VARYING_FLOATS' 'I' @252  35659 (8b4b)
 - public static final 'GL_MAX_VERTEX_ATTRIBS' 'I' @256  34921 (8869)
 - public static final 'GL_MAX_TEXTURE_IMAGE_UNITS' 'I' @260  34930 (8872)
 - public static final 'GL_MAX_VERTEX_TEXTURE_IMAGE_UNITS' 'I' @264  35660 (8b4c)
 - public static final 'GL_MAX_COMBINED_TEXTURE_IMAGE_UNITS' 'I' @268  35661 (8b4d)
 - public static final 'GL_VERTEX_PROGRAM_POINT_SIZE' 'I' @272  34370 (8642)
 - public static final 'GL_VERTEX_ATTRIB_ARRAY_ENABLED' 'I' @276  34338 (8622)
 - public static final 'GL_VERTEX_ATTRIB_ARRAY_SIZE' 'I' @280  34339 (8623)
 - public static final 'GL_VERTEX_ATTRIB_ARRAY_STRIDE' 'I' @284  34340 (8624)
 - public static final 'GL_VERTEX_ATTRIB_ARRAY_TYPE' 'I' @288  34341 (8625)
 - public static final 'GL_VERTEX_ATTRIB_ARRAY_NORMALIZED' 'I' @292  34922 (886a)
 - public static final 'GL_CURRENT_VERTEX_ATTRIB' 'I' @296  34342 (8626)
 - public static final 'GL_VERTEX_ATTRIB_ARRAY_POINTER' 'I' @300  34373 (8645)
 - public static final 'GL_FRAGMENT_SHADER' 'I' @304  35632 (8b30)
 - public static final 'GL_MAX_FRAGMENT_UNIFORM_COMPONENTS' 'I' @308  35657 (8b49)
 - public static final 'GL_FRAGMENT_SHADER_DERIVATIVE_HINT' 'I' @312  35723 (8b8b)
 - public static final 'GL_MAX_DRAW_BUFFERS' 'I' @316  34852 (8824)
 - public static final 'GL_DRAW_BUFFER0' 'I' @320  34853 (8825)
 - public static final 'GL_DRAW_BUFFER1' 'I' @324  34854 (8826)
 - public static final 'GL_DRAW_BUFFER2' 'I' @328  34855 (8827)
 - public static final 'GL_DRAW_BUFFER3' 'I' @332  34856 (8828)
 - public static final 'GL_DRAW_BUFFER4' 'I' @336  34857 (8829)
 - public static final 'GL_DRAW_BUFFER5' 'I' @340  34858 (882a)
 - public static final 'GL_DRAW_BUFFER6' 'I' @344  34859 (882b)
 - public static final 'GL_DRAW_BUFFER7' 'I' @348  34860 (882c)
 - public static final 'GL_DRAW_BUFFER8' 'I' @352  34861 (882d)
 - public static final 'GL_DRAW_BUFFER9' 'I' @356  34862 (882e)
 - public static final 'GL_DRAW_BUFFER10' 'I' @360  34863 (882f)
 - public static final 'GL_DRAW_BUFFER11' 'I' @364  34864 (8830)
 - public static final 'GL_DRAW_BUFFER12' 'I' @368  34865 (8831)
 - public static final 'GL_DRAW_BUFFER13' 'I' @372  34866 (8832)
 - public static final 'GL_DRAW_BUFFER14' 'I' @376  34867 (8833)
 - public static final 'GL_DRAW_BUFFER15' 'I' @380  34868 (8834)
 - public static final 'GL_POINT_SPRITE_COORD_ORIGIN' 'I' @384  36000 (8ca0)
 - public static final 'GL_LOWER_LEFT' 'I' @388  36001 (8ca1)
 - public static final 'GL_UPPER_LEFT' 'I' @392  36002 (8ca2)
 - public static final 'GL_BLEND_EQUATION_RGB' 'I' @396  32777 (8009)
 - public static final 'GL_BLEND_EQUATION_ALPHA' 'I' @400  34877 (883d)
 - public static final 'GL_STENCIL_BACK_FUNC' 'I' @404  34816 (8800)
 - public static final 'GL_STENCIL_BACK_FAIL' 'I' @408  34817 (8801)
 - public static final 'GL_STENCIL_BACK_PASS_DEPTH_FAIL' 'I' @412  34818 (8802)
 - public static final 'GL_STENCIL_BACK_PASS_DEPTH_PASS' 'I' @416  34819 (8803)
 - public static final 'GL_STENCIL_BACK_REF' 'I' @420  36003 (8ca3)
 - public static final 'GL_STENCIL_BACK_VALUE_MASK' 'I' @424  36004 (8ca4)
 - public static final 'GL_STENCIL_BACK_WRITEMASK' 'I' @428  36005 (8ca5)
stack at sp + 4 slots: 0x000000070a06a868 is an oop: com.badlogic.gdx.graphics.g2d.NinePatch 
{0x000000070a06a868} - klass: 'com/badlogic/gdx/graphics/g2d/NinePatch'
 - ---- fields (total size 13 words):
 - private 'bottomLeft' 'I' @12  -1 (ffffffff)
 - private 'bottomCenter' 'I' @16  -1 (ffffffff)
 - private 'bottomRight' 'I' @20  -1 (ffffffff)
 - private 'middleLeft' 'I' @24  -1 (ffffffff)
 - private 'middleCenter' 'I' @28  0
 - private 'middleRight' 'I' @32  -1 (ffffffff)
 - private 'topLeft' 'I' @36  -1 (ffffffff)
 - private 'topCenter' 'I' @40  -1 (ffffffff)
 - private 'topRight' 'I' @44  -1 (ffffffff)
 - private 'leftWidth' 'F' @48  0.000000
 - private 'rightWidth' 'F' @52  0.000000
 - private 'middleWidth' 'F' @56  156.000000 (431c0000)
 - private 'middleHeight' 'F' @60  59.000000 (426c0000)
 - private 'topHeight' 'F' @64  0.000000
 - private 'bottomHeight' 'F' @68  0.000000
 - private 'idx' 'I' @72  20 (14)
 - private 'padLeft' 'F' @76  10.000000 (41200000)
 - private 'padRight' 'F' @80  12.000000 (41400000)
 - private 'padTop' 'F' @84  9.000000 (41100000)
 - private 'padBottom' 'F' @88  15.000000 (41700000)
 - private 'texture' 'Lcom/badlogic/gdx/graphics/Texture;' @92  a 'com/badlogic/gdx/graphics/Texture'{0x000000070a069710} (e140d2e2)
 - private 'vertices' '[F' @96  [F{0x000000070a06a8d0} (e140d51a)
 - private final 'color' 'Lcom/badlogic/gdx/graphics/Color;' @100  a 'com/badlogic/gdx/graphics/Color'{0x000000070a06a930} (e140d526)
stack at sp + 5 slots: 0x000000070a051140 is an oop: java.nio.DirectFloatBufferU 
{0x000000070a051140} - klass: 'java/nio/DirectFloatBufferU'
 - ---- fields (total size 7 words):
 - private 'mark' 'I' @12  -1 (ffffffff)
 - 'address' 'J' @16  2183733958640 (70afd7f0 1fc)
 - private 'position' 'I' @24  3
 - private 'limit' 'I' @28  460 (1cc)
 - private 'capacity' 'I' @32  20000 (4e20)
 - final 'segment' 'Ljdk/internal/access/foreign/MemorySegmentProxy;' @36  NULL (0)
 - final 'offset' 'I' @40  0
 - 'isReadOnly' 'Z' @44  false
 - final 'hb' '[F' @48  NULL (0)
 - private final 'att' 'Ljava/lang/Object;' @52  a 'java/nio/DirectByteBuffer'{0x000000070a051178} (e140a22f)
stack at sp + 6 slots: 0x000001fc5a1c92e8 is at entry_point+296 in (nmethod*)0x000001fc5a1c9010
stack at sp + 7 slots: 0x57464c4720656854 is an unknown value


---------------  P R O C E S S  ---------------

Threads class SMR info:
_java_thread_list=0x000001fc72813600, length=19, elements={
0x000001fc491c0720, 0x000001fc6e697300, 0x000001fc6e699720, 0x000001fc6e6b0170,
0x000001fc6e6b0a30, 0x000001fc6e6b1b80, 0x000001fc6e6b81e0, 0x000001fc6e6b9710,
0x000001fc6e6ba950, 0x000001fc6e6bdaf0, 0x000001fc6f11cf60, 0x000001fc6f1250b0,
0x000001fc78ecfba0, 0x000001fc7f5fb4f0, 0x000001fc6f8825f0, 0x000001fc00d541e0,
0x000001fc727742e0, 0x000001fc0235c6e0, 0x000001fc0235c210
}

Java Threads: ( => current thread )
=>0x000001fc491c0720 JavaThread "main" [_thread_in_native, id=19192, stack(0x000000e03d300000,0x000000e03d400000)]
  0x000001fc6e697300 JavaThread "Reference Handler" daemon [_thread_blocked, id=10124, stack(0x000000e03da00000,0x000000e03db00000)]
  0x000001fc6e699720 JavaThread "Finalizer" daemon [_thread_blocked, id=3592, stack(0x000000e03db00000,0x000000e03dc00000)]
  0x000001fc6e6b0170 JavaThread "Signal Dispatcher" daemon [_thread_blocked, id=21392, stack(0x000000e03dc00000,0x000000e03dd00000)]
  0x000001fc6e6b0a30 JavaThread "Attach Listener" daemon [_thread_blocked, id=16132, stack(0x000000e03dd00000,0x000000e03de00000)]
  0x000001fc6e6b1b80 JavaThread "Service Thread" daemon [_thread_blocked, id=19676, stack(0x000000e03de00000,0x000000e03df00000)]
  0x000001fc6e6b81e0 JavaThread "Monitor Deflation Thread" daemon [_thread_blocked, id=2224, stack(0x000000e03df00000,0x000000e03e000000)]
  0x000001fc6e6b9710 JavaThread "C2 CompilerThread0" daemon [_thread_blocked, id=3416, stack(0x000000e03e000000,0x000000e03e100000)]
  0x000001fc6e6ba950 JavaThread "C1 CompilerThread0" daemon [_thread_blocked, id=14836, stack(0x000000e03e100000,0x000000e03e200000)]
  0x000001fc6e6bdaf0 JavaThread "Sweeper thread" daemon [_thread_blocked, id=18844, stack(0x000000e03e200000,0x000000e03e300000)]
  0x000001fc6f11cf60 JavaThread "Notification Thread" daemon [_thread_blocked, id=14904, stack(0x000000e03e400000,0x000000e03e500000)]
  0x000001fc6f1250b0 JavaThread "Common-Cleaner" daemon [_thread_blocked, id=22016, stack(0x000000e03e600000,0x000000e03e700000)]
  0x000001fc78ecfba0 JavaThread "LWJGL3 Timer" daemon [_thread_blocked, id=23176, stack(0x000000e03f000000,0x000000e03f100000)]
  0x000001fc7f5fb4f0 JavaThread "LWJGL3 Timer" daemon [_thread_blocked, id=3872, stack(0x000000e040200000,0x000000e040300000)]
  0x000001fc6f8825f0 JavaThread "Java Sound Event Dispatcher" daemon [_thread_blocked, id=11488, stack(0x000000e040a00000,0x000000e040b00000)]
  0x000001fc00d541e0 JavaThread "Direct Clip" daemon [_thread_blocked, id=22180, stack(0x000000e040d00000,0x000000e040e00000)]
  0x000001fc727742e0 JavaThread "Direct Clip" daemon [_thread_blocked, id=8108, stack(0x000000e03fb00000,0x000000e03fc00000)]
  0x000001fc0235c6e0 JavaThread "Direct Clip" daemon [_thread_blocked, id=21708, stack(0x000000e03f600000,0x000000e03f700000)]
  0x000001fc0235c210 JavaThread "Direct Clip" daemon [_thread_blocked, id=9064, stack(0x000000e040000000,0x000000e040100000)]

Other Threads:
  0x000001fc6e691050 VMThread "VM Thread" [stack: 0x000000e03d900000,0x000000e03da00000] [id=23348]
  0x000001fc6f11d430 WatcherThread [stack: 0x000000e03e500000,0x000000e03e600000] [id=19640]
  0x000001fc492191f0 GCTaskThread "GC Thread#0" [stack: 0x000000e03d400000,0x000000e03d500000] [id=16060]
  0x000001fc725b0030 GCTaskThread "GC Thread#1" [stack: 0x000000e03ef00000,0x000000e03f000000] [id=4852]
  0x000001fc725afd80 GCTaskThread "GC Thread#2" [stack: 0x000000e03f100000,0x000000e03f200000] [id=5944]
  0x000001fc725ad280 GCTaskThread "GC Thread#3" [stack: 0x000000e03f200000,0x000000e03f300000] [id=21364]
  0x000001fc725af820 GCTaskThread "GC Thread#4" [stack: 0x000000e03f300000,0x000000e03f400000] [id=4592]
  0x000001fc725b02e0 GCTaskThread "GC Thread#5" [stack: 0x000000e03f400000,0x000000e03f500000] [id=1848]
  0x000001fc725af2c0 GCTaskThread "GC Thread#6" [stack: 0x000000e03f500000,0x000000e03f600000] [id=6112]
  0x000001fc7993bb20 GCTaskThread "GC Thread#7" [stack: 0x000000e040400000,0x000000e040500000] [id=22100]
  0x000001fc4922a740 ConcurrentGCThread "G1 Main Marker" [stack: 0x000000e03d500000,0x000000e03d600000] [id=9996]
  0x000001fc4922b8f0 ConcurrentGCThread "G1 Conc#0" [stack: 0x000000e03d600000,0x000000e03d700000] [id=5236]
  0x000001fc6e5320c0 ConcurrentGCThread "G1 Refine#0" [stack: 0x000000e03d700000,0x000000e03d800000] [id=1648]
  0x000001fc013edbb0 ConcurrentGCThread "G1 Refine#1" [stack: 0x000000e040500000,0x000000e040600000] [id=12124]
  0x000001fc7f901c90 ConcurrentGCThread "G1 Refine#2" [stack: 0x000000e040600000,0x000000e040700000] [id=22496]
  0x000001fc00bb94e0 ConcurrentGCThread "G1 Refine#3" [stack: 0x000000e040700000,0x000000e040800000] [id=15160]
  0x000001fc728e32c0 ConcurrentGCThread "G1 Refine#4" [stack: 0x000000e040800000,0x000000e040900000] [id=20952]
  0x000001fc006fa6f0 ConcurrentGCThread "G1 Refine#5" [stack: 0x000000e040900000,0x000000e040a00000] [id=5632]
  0x000001fc6e5329e0 ConcurrentGCThread "G1 Service" [stack: 0x000000e03d800000,0x000000e03d900000] [id=20144]

Threads with active compile tasks:

VM state: not at safepoint (normal execution)

VM Mutex/Monitor currently owned by a thread: None

Heap address: 0x000000070a000000, size: 3936 MB, Compressed Oops mode: Zero based, Oop shift amount: 3

CDS archive(s) mapped at: [0x0000000800000000-0x0000000800bc0000-0x0000000800bc0000), size 12320768, SharedBaseAddress: 0x0000000800000000, ArchiveRelocationMode: 0.
Compressed class space mapped at: 0x0000000800c00000-0x0000000840c00000, reserved size: 1073741824
Narrow klass base: 0x0000000800000000, Narrow klass shift: 0, Narrow klass range: 0x100000000

GC Precious Log:
 CPUs: 16 total, 16 available
 Memory: 15741M
 Large Page Support: Disabled
 NUMA Support: Disabled
 Compressed Oops: Enabled (Zero based)
 Heap Region Size: 2M
 Heap Min Capacity: 8M
 Heap Initial Capacity: 246M
 Heap Max Capacity: 3936M
 Pre-touch: Disabled
 Parallel Workers: 13
 Concurrent Workers: 3
 Concurrent Refinement Workers: 13
 Periodic GC: Disabled

Heap:
 garbage-first heap   total 251904K, used 140702K [0x000000070a000000, 0x0000000800000000)
  region size 2048K, 53 young (108544K), 2 survivors (4096K)
 Metaspace       used 10460K, committed 10624K, reserved 1064960K
  class space    used 741K, committed 832K, reserved 1048576K

Heap Regions: E=young(eden), S=young(survivor), O=old, HS=humongous(starts), HC=humongous(continues), CS=collection set, F=free, OA=open archive, CA=closed archive, TAMS=top-at-mark-start (previous, next)
|   0|0x000000070a000000, 0x000000070a200000, 0x000000070a200000|100%| O|  |TAMS 0x000000070a000000, 0x000000070a000000| Untracked 
|   1|0x000000070a200000, 0x000000070a400000, 0x000000070a400000|100%|HS|  |TAMS 0x000000070a200000, 0x000000070a200000| Complete 
|   2|0x000000070a400000, 0x000000070a600000, 0x000000070a600000|100%|HS|  |TAMS 0x000000070a400000, 0x000000070a400000| Complete 
|   3|0x000000070a600000, 0x000000070a800000, 0x000000070a800000|100%|HS|  |TAMS 0x000000070a600000, 0x000000070a600000| Complete 
|   4|0x000000070a800000, 0x000000070aa00000, 0x000000070aa00000|100%| O|  |TAMS 0x000000070a800000, 0x000000070a800000| Untracked 
|   5|0x000000070aa00000, 0x000000070ac00000, 0x000000070ac00000|100%| O|  |TAMS 0x000000070aa00000, 0x000000070aa00000| Untracked 
|   6|0x000000070ac00000, 0x000000070ae00000, 0x000000070ae00000|100%| O|  |TAMS 0x000000070ac00000, 0x000000070ac00000| Untracked 
|   7|0x000000070ae00000, 0x000000070b000000, 0x000000070b000000|100%| O|  |TAMS 0x000000070ae00000, 0x000000070ae00000| Untracked 
|   8|0x000000070b000000, 0x000000070b200000, 0x000000070b200000|100%| O|  |TAMS 0x000000070b000000, 0x000000070b000000| Untracked 
|   9|0x000000070b200000, 0x000000070b400000, 0x000000070b400000|100%| O|  |TAMS 0x000000070b200000, 0x000000070b200000| Untracked 
|  10|0x000000070b400000, 0x000000070b600000, 0x000000070b600000|100%| O|  |TAMS 0x000000070b400000, 0x000000070b400000| Untracked 
|  11|0x000000070b600000, 0x000000070b800000, 0x000000070b800000|100%|HS|  |TAMS 0x000000070b600000, 0x000000070b600000| Complete 
|  12|0x000000070b800000, 0x000000070ba00000, 0x000000070ba00000|100%|HS|  |TAMS 0x000000070b800000, 0x000000070b800000| Complete 
|  13|0x000000070ba00000, 0x000000070bc00000, 0x000000070bc00000|100%|HS|  |TAMS 0x000000070ba00000, 0x000000070ba00000| Complete 
|  14|0x000000070bc00000, 0x000000070be00000, 0x000000070be00000|100%|HS|  |TAMS 0x000000070bc00000, 0x000000070bc00000| Complete 
|  15|0x000000070be00000, 0x000000070c000000, 0x000000070c000000|100%|HS|  |TAMS 0x000000070be00000, 0x000000070be00000| Complete 
|  16|0x000000070c000000, 0x000000070c200000, 0x000000070c200000|100%|HS|  |TAMS 0x000000070c000000, 0x000000070c000000| Complete 
|  17|0x000000070c200000, 0x000000070c200000, 0x000000070c400000|  0%| F|  |TAMS 0x000000070c200000, 0x000000070c200000| Untracked 
|  18|0x000000070c400000, 0x000000070c400000, 0x000000070c600000|  0%| F|  |TAMS 0x000000070c400000, 0x000000070c400000| Untracked 
|  19|0x000000070c600000, 0x000000070c600000, 0x000000070c800000|  0%| F|  |TAMS 0x000000070c600000, 0x000000070c600000| Untracked 
|  20|0x000000070c800000, 0x000000070c800000, 0x000000070ca00000|  0%| F|  |TAMS 0x000000070c800000, 0x000000070c800000| Untracked 
|  21|0x000000070ca00000, 0x000000070ca00000, 0x000000070cc00000|  0%| F|  |TAMS 0x000000070ca00000, 0x000000070ca00000| Untracked 
|  22|0x000000070cc00000, 0x000000070cc00000, 0x000000070ce00000|  0%| F|  |TAMS 0x000000070cc00000, 0x000000070cc00000| Untracked 
|  23|0x000000070ce00000, 0x000000070ce00000, 0x000000070d000000|  0%| F|  |TAMS 0x000000070ce00000, 0x000000070ce00000| Untracked 
|  24|0x000000070d000000, 0x000000070d000000, 0x000000070d200000|  0%| F|  |TAMS 0x000000070d000000, 0x000000070d000000| Untracked 
|  25|0x000000070d200000, 0x000000070d200000, 0x000000070d400000|  0%| F|  |TAMS 0x000000070d200000, 0x000000070d200000| Untracked 
|  26|0x000000070d400000, 0x000000070d400000, 0x000000070d600000|  0%| F|  |TAMS 0x000000070d400000, 0x000000070d400000| Untracked 
|  27|0x000000070d600000, 0x000000070d600000, 0x000000070d800000|  0%| F|  |TAMS 0x000000070d600000, 0x000000070d600000| Untracked 
|  28|0x000000070d800000, 0x000000070d800000, 0x000000070da00000|  0%| F|  |TAMS 0x000000070d800000, 0x000000070d800000| Untracked 
|  29|0x000000070da00000, 0x000000070da00000, 0x000000070dc00000|  0%| F|  |TAMS 0x000000070da00000, 0x000000070da00000| Untracked 
|  30|0x000000070dc00000, 0x000000070dc00000, 0x000000070de00000|  0%| F|  |TAMS 0x000000070dc00000, 0x000000070dc00000| Untracked 
|  31|0x000000070de00000, 0x000000070de00000, 0x000000070e000000|  0%| F|  |TAMS 0x000000070de00000, 0x000000070de00000| Untracked 
|  32|0x000000070e000000, 0x000000070e000000, 0x000000070e200000|  0%| F|  |TAMS 0x000000070e000000, 0x000000070e000000| Untracked 
|  33|0x000000070e200000, 0x000000070e200000, 0x000000070e400000|  0%| F|  |TAMS 0x000000070e200000, 0x000000070e200000| Untracked 
|  34|0x000000070e400000, 0x000000070e400000, 0x000000070e600000|  0%| F|  |TAMS 0x000000070e400000, 0x000000070e400000| Untracked 
|  35|0x000000070e600000, 0x000000070e600000, 0x000000070e800000|  0%| F|  |TAMS 0x000000070e600000, 0x000000070e600000| Untracked 
|  36|0x000000070e800000, 0x000000070e800000, 0x000000070ea00000|  0%| F|  |TAMS 0x000000070e800000, 0x000000070e800000| Untracked 
|  37|0x000000070ea00000, 0x000000070ea00000, 0x000000070ec00000|  0%| F|  |TAMS 0x000000070ea00000, 0x000000070ea00000| Untracked 
|  38|0x000000070ec00000, 0x000000070ec00000, 0x000000070ee00000|  0%| F|  |TAMS 0x000000070ec00000, 0x000000070ec00000| Untracked 
|  39|0x000000070ee00000, 0x000000070ee00000, 0x000000070f000000|  0%| F|  |TAMS 0x000000070ee00000, 0x000000070ee00000| Untracked 
|  40|0x000000070f000000, 0x000000070f000000, 0x000000070f200000|  0%| F|  |TAMS 0x000000070f000000, 0x000000070f000000| Untracked 
|  41|0x000000070f200000, 0x000000070f200000, 0x000000070f400000|  0%| F|  |TAMS 0x000000070f200000, 0x000000070f200000| Untracked 
|  42|0x000000070f400000, 0x000000070f400000, 0x000000070f600000|  0%| F|  |TAMS 0x000000070f400000, 0x000000070f400000| Untracked 
|  43|0x000000070f600000, 0x000000070f600000, 0x000000070f800000|  0%| F|  |TAMS 0x000000070f600000, 0x000000070f600000| Untracked 
|  44|0x000000070f800000, 0x000000070f800000, 0x000000070fa00000|  0%| F|  |TAMS 0x000000070f800000, 0x000000070f800000| Untracked 
|  45|0x000000070fa00000, 0x000000070fa00000, 0x000000070fc00000|  0%| F|  |TAMS 0x000000070fa00000, 0x000000070fa00000| Untracked 
|  46|0x000000070fc00000, 0x000000070fc00000, 0x000000070fe00000|  0%| F|  |TAMS 0x000000070fc00000, 0x000000070fc00000| Untracked 
|  47|0x000000070fe00000, 0x000000070fe00000, 0x0000000710000000|  0%| F|  |TAMS 0x000000070fe00000, 0x000000070fe00000| Untracked 
|  48|0x0000000710000000, 0x0000000710167840, 0x0000000710200000| 70%| S|CS|TAMS 0x0000000710000000, 0x0000000710000000| Complete 
|  49|0x0000000710200000, 0x0000000710400000, 0x0000000710400000|100%| S|CS|TAMS 0x0000000710200000, 0x0000000710200000| Complete 
|  50|0x0000000710400000, 0x0000000710400000, 0x0000000710600000|  0%| F|  |TAMS 0x0000000710400000, 0x0000000710400000| Untracked 
|  51|0x0000000710600000, 0x0000000710600000, 0x0000000710800000|  0%| F|  |TAMS 0x0000000710600000, 0x0000000710600000| Untracked 
|  52|0x0000000710800000, 0x0000000710800000, 0x0000000710a00000|  0%| F|  |TAMS 0x0000000710800000, 0x0000000710800000| Untracked 
|  53|0x0000000710a00000, 0x0000000710a00000, 0x0000000710c00000|  0%| F|  |TAMS 0x0000000710a00000, 0x0000000710a00000| Untracked 
|  54|0x0000000710c00000, 0x0000000710c00000, 0x0000000710e00000|  0%| F|  |TAMS 0x0000000710c00000, 0x0000000710c00000| Untracked 
|  55|0x0000000710e00000, 0x0000000710e00000, 0x0000000711000000|  0%| F|  |TAMS 0x0000000710e00000, 0x0000000710e00000| Untracked 
|  56|0x0000000711000000, 0x0000000711000000, 0x0000000711200000|  0%| F|  |TAMS 0x0000000711000000, 0x0000000711000000| Untracked 
|  57|0x0000000711200000, 0x0000000711200000, 0x0000000711400000|  0%| F|  |TAMS 0x0000000711200000, 0x0000000711200000| Untracked 
|  58|0x0000000711400000, 0x0000000711400000, 0x0000000711600000|  0%| F|  |TAMS 0x0000000711400000, 0x0000000711400000| Untracked 
|  59|0x0000000711600000, 0x0000000711600000, 0x0000000711800000|  0%| F|  |TAMS 0x0000000711600000, 0x0000000711600000| Untracked 
|  60|0x0000000711800000, 0x0000000711800000, 0x0000000711a00000|  0%| F|  |TAMS 0x0000000711800000, 0x0000000711800000| Untracked 
|  61|0x0000000711a00000, 0x0000000711a00000, 0x0000000711c00000|  0%| F|  |TAMS 0x0000000711a00000, 0x0000000711a00000| Untracked 
|  62|0x0000000711c00000, 0x0000000711c00000, 0x0000000711e00000|  0%| F|  |TAMS 0x0000000711c00000, 0x0000000711c00000| Untracked 
|  63|0x0000000711e00000, 0x0000000711e00000, 0x0000000712000000|  0%| F|  |TAMS 0x0000000711e00000, 0x0000000711e00000| Untracked 
|  64|0x0000000712000000, 0x0000000712000000, 0x0000000712200000|  0%| F|  |TAMS 0x0000000712000000, 0x0000000712000000| Untracked 
|  65|0x0000000712200000, 0x0000000712200000, 0x0000000712400000|  0%| F|  |TAMS 0x0000000712200000, 0x0000000712200000| Untracked 
|  66|0x0000000712400000, 0x0000000712400000, 0x0000000712600000|  0%| F|  |TAMS 0x0000000712400000, 0x0000000712400000| Untracked 
|  67|0x0000000712600000, 0x0000000712600000, 0x0000000712800000|  0%| F|  |TAMS 0x0000000712600000, 0x0000000712600000| Untracked 
|  68|0x0000000712800000, 0x0000000712800000, 0x0000000712a00000|  0%| F|  |TAMS 0x0000000712800000, 0x0000000712800000| Untracked 
|  69|0x0000000712a00000, 0x0000000712a00000, 0x0000000712c00000|  0%| F|  |TAMS 0x0000000712a00000, 0x0000000712a00000| Untracked 
|  70|0x0000000712c00000, 0x0000000712c00000, 0x0000000712e00000|  0%| F|  |TAMS 0x0000000712c00000, 0x0000000712c00000| Untracked 
|  71|0x0000000712e00000, 0x0000000712e00000, 0x0000000713000000|  0%| F|  |TAMS 0x0000000712e00000, 0x0000000712e00000| Untracked 
|  72|0x0000000713000000, 0x00000007131027f0, 0x0000000713200000| 50%| E|  |TAMS 0x0000000713000000, 0x0000000713000000| Complete 
|  73|0x0000000713200000, 0x0000000713400000, 0x0000000713400000|100%| E|CS|TAMS 0x0000000713200000, 0x0000000713200000| Complete 
|  74|0x0000000713400000, 0x0000000713600000, 0x0000000713600000|100%| E|CS|TAMS 0x0000000713400000, 0x0000000713400000| Complete 
|  75|0x0000000713600000, 0x0000000713800000, 0x0000000713800000|100%| E|CS|TAMS 0x0000000713600000, 0x0000000713600000| Complete 
|  76|0x0000000713800000, 0x0000000713a00000, 0x0000000713a00000|100%| E|CS|TAMS 0x0000000713800000, 0x0000000713800000| Complete 
|  77|0x0000000713a00000, 0x0000000713c00000, 0x0000000713c00000|100%| E|CS|TAMS 0x0000000713a00000, 0x0000000713a00000| Complete 
|  78|0x0000000713c00000, 0x0000000713e00000, 0x0000000713e00000|100%| E|CS|TAMS 0x0000000713c00000, 0x0000000713c00000| Complete 
|  79|0x0000000713e00000, 0x0000000714000000, 0x0000000714000000|100%| E|CS|TAMS 0x0000000713e00000, 0x0000000713e00000| Complete 
|  80|0x0000000714000000, 0x0000000714200000, 0x0000000714200000|100%| E|CS|TAMS 0x0000000714000000, 0x0000000714000000| Complete 
|  81|0x0000000714200000, 0x0000000714400000, 0x0000000714400000|100%| E|CS|TAMS 0x0000000714200000, 0x0000000714200000| Complete 
|  82|0x0000000714400000, 0x0000000714600000, 0x0000000714600000|100%| E|CS|TAMS 0x0000000714400000, 0x0000000714400000| Complete 
|  83|0x0000000714600000, 0x0000000714800000, 0x0000000714800000|100%| E|CS|TAMS 0x0000000714600000, 0x0000000714600000| Complete 
|  84|0x0000000714800000, 0x0000000714a00000, 0x0000000714a00000|100%| E|CS|TAMS 0x0000000714800000, 0x0000000714800000| Complete 
|  85|0x0000000714a00000, 0x0000000714c00000, 0x0000000714c00000|100%| E|CS|TAMS 0x0000000714a00000, 0x0000000714a00000| Complete 
|  86|0x0000000714c00000, 0x0000000714e00000, 0x0000000714e00000|100%| E|CS|TAMS 0x0000000714c00000, 0x0000000714c00000| Complete 
|  87|0x0000000714e00000, 0x0000000715000000, 0x0000000715000000|100%| E|CS|TAMS 0x0000000714e00000, 0x0000000714e00000| Complete 
|  88|0x0000000715000000, 0x0000000715200000, 0x0000000715200000|100%| E|CS|TAMS 0x0000000715000000, 0x0000000715000000| Complete 
|  89|0x0000000715200000, 0x0000000715400000, 0x0000000715400000|100%| E|CS|TAMS 0x0000000715200000, 0x0000000715200000| Complete 
|  90|0x0000000715400000, 0x0000000715600000, 0x0000000715600000|100%| E|CS|TAMS 0x0000000715400000, 0x0000000715400000| Complete 
|  91|0x0000000715600000, 0x0000000715800000, 0x0000000715800000|100%| E|CS|TAMS 0x0000000715600000, 0x0000000715600000| Complete 
|  92|0x0000000715800000, 0x0000000715a00000, 0x0000000715a00000|100%| E|CS|TAMS 0x0000000715800000, 0x0000000715800000| Complete 
|  93|0x0000000715a00000, 0x0000000715c00000, 0x0000000715c00000|100%| E|CS|TAMS 0x0000000715a00000, 0x0000000715a00000| Complete 
|  94|0x0000000715c00000, 0x0000000715e00000, 0x0000000715e00000|100%| E|CS|TAMS 0x0000000715c00000, 0x0000000715c00000| Complete 
|  95|0x0000000715e00000, 0x0000000716000000, 0x0000000716000000|100%| E|CS|TAMS 0x0000000715e00000, 0x0000000715e00000| Complete 
|  96|0x0000000716000000, 0x0000000716200000, 0x0000000716200000|100%| E|CS|TAMS 0x0000000716000000, 0x0000000716000000| Complete 
|  97|0x0000000716200000, 0x0000000716400000, 0x0000000716400000|100%| E|CS|TAMS 0x0000000716200000, 0x0000000716200000| Complete 
|  98|0x0000000716400000, 0x0000000716600000, 0x0000000716600000|100%| E|CS|TAMS 0x0000000716400000, 0x0000000716400000| Complete 
|  99|0x0000000716600000, 0x0000000716800000, 0x0000000716800000|100%| E|CS|TAMS 0x0000000716600000, 0x0000000716600000| Complete 
| 100|0x0000000716800000, 0x0000000716a00000, 0x0000000716a00000|100%| E|CS|TAMS 0x0000000716800000, 0x0000000716800000| Complete 
| 101|0x0000000716a00000, 0x0000000716c00000, 0x0000000716c00000|100%| E|CS|TAMS 0x0000000716a00000, 0x0000000716a00000| Complete 
| 102|0x0000000716c00000, 0x0000000716e00000, 0x0000000716e00000|100%| E|CS|TAMS 0x0000000716c00000, 0x0000000716c00000| Complete 
| 103|0x0000000716e00000, 0x0000000717000000, 0x0000000717000000|100%| E|CS|TAMS 0x0000000716e00000, 0x0000000716e00000| Complete 
| 104|0x0000000717000000, 0x0000000717200000, 0x0000000717200000|100%| E|CS|TAMS 0x0000000717000000, 0x0000000717000000| Complete 
| 105|0x0000000717200000, 0x0000000717400000, 0x0000000717400000|100%| E|CS|TAMS 0x0000000717200000, 0x0000000717200000| Complete 
| 106|0x0000000717400000, 0x0000000717600000, 0x0000000717600000|100%| E|CS|TAMS 0x0000000717400000, 0x0000000717400000| Complete 
| 107|0x0000000717600000, 0x0000000717800000, 0x0000000717800000|100%| E|CS|TAMS 0x0000000717600000, 0x0000000717600000| Complete 
| 108|0x0000000717800000, 0x0000000717a00000, 0x0000000717a00000|100%| E|CS|TAMS 0x0000000717800000, 0x0000000717800000| Complete 
| 109|0x0000000717a00000, 0x0000000717c00000, 0x0000000717c00000|100%| E|CS|TAMS 0x0000000717a00000, 0x0000000717a00000| Complete 
| 110|0x0000000717c00000, 0x0000000717e00000, 0x0000000717e00000|100%| E|CS|TAMS 0x0000000717c00000, 0x0000000717c00000| Complete 
| 111|0x0000000717e00000, 0x0000000718000000, 0x0000000718000000|100%| E|CS|TAMS 0x0000000717e00000, 0x0000000717e00000| Complete 
| 112|0x0000000718000000, 0x0000000718200000, 0x0000000718200000|100%| E|CS|TAMS 0x0000000718000000, 0x0000000718000000| Complete 
| 113|0x0000000718200000, 0x0000000718400000, 0x0000000718400000|100%| E|CS|TAMS 0x0000000718200000, 0x0000000718200000| Complete 
| 114|0x0000000718400000, 0x0000000718600000, 0x0000000718600000|100%| E|CS|TAMS 0x0000000718400000, 0x0000000718400000| Complete 
| 115|0x0000000718600000, 0x0000000718800000, 0x0000000718800000|100%| E|CS|TAMS 0x0000000718600000, 0x0000000718600000| Complete 
| 116|0x0000000718800000, 0x0000000718a00000, 0x0000000718a00000|100%| E|CS|TAMS 0x0000000718800000, 0x0000000718800000| Complete 
| 117|0x0000000718a00000, 0x0000000718c00000, 0x0000000718c00000|100%| E|CS|TAMS 0x0000000718a00000, 0x0000000718a00000| Complete 
| 118|0x0000000718c00000, 0x0000000718e00000, 0x0000000718e00000|100%| E|CS|TAMS 0x0000000718c00000, 0x0000000718c00000| Complete 
| 119|0x0000000718e00000, 0x0000000719000000, 0x0000000719000000|100%| E|CS|TAMS 0x0000000718e00000, 0x0000000718e00000| Complete 
| 120|0x0000000719000000, 0x0000000719200000, 0x0000000719200000|100%| E|CS|TAMS 0x0000000719000000, 0x0000000719000000| Complete 
| 121|0x0000000719200000, 0x0000000719400000, 0x0000000719400000|100%| E|CS|TAMS 0x0000000719200000, 0x0000000719200000| Complete 
| 122|0x0000000719400000, 0x0000000719600000, 0x0000000719600000|100%| E|CS|TAMS 0x0000000719400000, 0x0000000719400000| Complete 

Card table byte_map: [0x000001fc62be0000,0x000001fc63390000] _byte_map_base: 0x000001fc5f390000

Marking Bits (Prev, Next): (CMBitMap*) 0x000001fc4921a810, (CMBitMap*) 0x000001fc4921a850
 Prev Bits: [0x000001fc63b40000, 0x000001fc678c0000)
 Next Bits: [0x000001fc678c0000, 0x000001fc6b640000)

Polling page: 0x000001fc492a0000

Metaspace:

Usage:
  Non-class:      9.49 MB used.
      Class:    741.09 KB used.
       Both:     10.21 MB used.

Virtual space:
  Non-class space:       16.00 MB reserved,       9.56 MB ( 60%) committed,  2 nodes.
      Class space:        1.00 GB reserved,     832.00 KB ( <1%) committed,  1 nodes.
             Both:        1.02 GB reserved,      10.38 MB ( <1%) committed. 

Chunk freelists:
   Non-Class:  592.00 KB
       Class:  3.17 MB
        Both:  3.75 MB

MaxMetaspaceSize: unlimited
CompressedClassSpaceSize: 1.00 GB
Initial GC threshold: 21.00 MB
Current GC threshold: 21.00 MB
CDS: on
MetaspaceReclaimPolicy: balanced
 - commit_granule_bytes: 65536.
 - commit_granule_words: 8192.
 - virtual_space_node_default_size: 1048576.
 - enlarge_chunks_in_place: 1.
 - new_chunks_are_fully_committed: 0.
 - uncommit_free_chunks: 1.
 - use_allocation_guard: 0.
 - handle_deallocations: 1.


Internal statistics:

num_allocs_failed_limit: 0.
num_arena_births: 46.
num_arena_deaths: 0.
num_vsnodes_births: 3.
num_vsnodes_deaths: 0.
num_space_committed: 164.
num_space_uncommitted: 0.
num_chunks_returned_to_freelist: 0.
num_chunks_taken_from_freelist: 331.
num_chunk_merges: 0.
num_chunk_splits: 280.
num_chunks_enlarged: 250.
num_purges: 0.
num_inconsistent_stats: 0.

CodeHeap 'non-profiled nmethods': size=119168Kb used=2066Kb max_used=2066Kb free=117101Kb
 bounds [0x000001fc5a000000, 0x000001fc5a270000, 0x000001fc61460000]
CodeHeap 'profiled nmethods': size=119104Kb used=4266Kb max_used=4266Kb free=114837Kb
 bounds [0x000001fc52bb0000, 0x000001fc52fe0000, 0x000001fc5a000000]
CodeHeap 'non-nmethods': size=7488Kb used=1662Kb max_used=3385Kb free=5825Kb
 bounds [0x000001fc52460000, 0x000001fc52830000, 0x000001fc52bb0000]
 total_blobs=3491 nmethods=2381 adapters=1023
 compilation: enabled
              stopped_count=0, restarted_count=0
 full_count=0

Compilation events (20 events):
Event: 41.671 Thread 0x000001fc6e6ba950 2385       1       com.badlogic.gdx.InputAdapter::keyTyped (2 bytes)
Event: 41.671 Thread 0x000001fc6e6ba950 nmethod 2385 0x000001fc5a1f7810 code [0x000001fc5a1f79a0, 0x000001fc5a1f7a78]
Event: 42.144 Thread 0x000001fc6e6ba950 2386       3       com.badlogic.gdx.utils.TimSort::mergeHi (586 bytes)
Event: 42.147 Thread 0x000001fc6e6ba950 nmethod 2386 0x000001fc52fd7890 code [0x000001fc52fd7c00, 0x000001fc52fda178]
Event: 43.177 Thread 0x000001fc6e6b9710 2387       4       com.badlogic.gdx.utils.TimSort::mergeHi (586 bytes)
Event: 43.246 Thread 0x000001fc6e6b9710 nmethod 2387 0x000001fc5a1f7b10 code [0x000001fc5a1f7dc0, 0x000001fc5a1fa690]
Event: 43.257 Thread 0x000001fc6e6b9710 2388       4       java.util.regex.Pattern$GroupTail::match (111 bytes)
Event: 43.266 Thread 0x000001fc6e6b9710 nmethod 2388 0x000001fc5a1fba10 code [0x000001fc5a1fbc20, 0x000001fc5a1fc500]
Event: 43.663 Thread 0x000001fc6e6b9710 2389       4       java.util.regex.Pattern$$Lambda$19/0x800000025::is (9 bytes)
Event: 43.664 Thread 0x000001fc6e6b9710 nmethod 2389 0x000001fc5a1fcd90 code [0x000001fc5a1fcf00, 0x000001fc5a1fcf98]
Event: 48.131 Thread 0x000001fc6e6b9710 2390       4       com.badlogic.gdx.graphics.g3d.utils.shapebuilders.CylinderShapeBuilder::build (407 bytes)
Event: 48.212 Thread 0x000001fc6e6b9710 nmethod 2390 0x000001fc5a1fd090 code [0x000001fc5a1fd3e0, 0x000001fc5a200610]
Event: 48.479 Thread 0x000001fc6e6b9710 2391       4       com.badlogic.gdx.math.Quaternion::len2 (40 bytes)
Event: 48.480 Thread 0x000001fc6e6b9710 nmethod 2391 0x000001fc5a201e90 code [0x000001fc5a202000, 0x000001fc5a2020b8]
Event: 48.480 Thread 0x000001fc6e6b9710 2392       4       com.badlogic.gdx.math.Matrix4::rotate (656 bytes)
Event: 48.485 Thread 0x000001fc6e6b9710 nmethod 2392 0x000001fc5a202190 code [0x000001fc5a202340, 0x000001fc5a2026f8]
Event: 49.431 Thread 0x000001fc6e6b9710 2393       4       com.badlogic.gdx.graphics.g2d.BitmapFont$BitmapFontData::setScale (176 bytes)
Event: 49.433 Thread 0x000001fc6e6b9710 nmethod 2393 0x000001fc5a202890 code [0x000001fc5a202a40, 0x000001fc5a202bd8]
Event: 50.078 Thread 0x000001fc6e6b9710 2394       4       java.util.regex.Pattern$BmpCharPropertyGreedy::match (89 bytes)
Event: 50.104 Thread 0x000001fc6e6b9710 nmethod 2394 0x000001fc5a202c90 code [0x000001fc5a202ee0, 0x000001fc5a203bd0]

GC Heap History (8 events):
Event: 2.910 GC heap before
{Heap before GC invocations=0 (full 0):
 garbage-first heap   total 251904K, used 22528K [0x000000070a000000, 0x0000000800000000)
  region size 2048K, 11 young (22528K), 0 survivors (0K)
 Metaspace       used 7305K, committed 7424K, reserved 1064960K
  class space    used 455K, committed 512K, reserved 1048576K
}
Event: 2.917 GC heap after
{Heap after GC invocations=1 (full 0):
 garbage-first heap   total 251904K, used 2547K [0x000000070a000000, 0x0000000800000000)
  region size 2048K, 2 young (4096K), 2 survivors (4096K)
 Metaspace       used 7305K, committed 7424K, reserved 1064960K
  class space    used 455K, committed 512K, reserved 1048576K
}
Event: 8.746 GC heap before
{Heap before GC invocations=1 (full 0):
 garbage-first heap   total 251904K, used 43507K [0x000000070a000000, 0x0000000800000000)
  region size 2048K, 18 young (36864K), 2 survivors (4096K)
 Metaspace       used 9876K, committed 9984K, reserved 1064960K
  class space    used 689K, committed 768K, reserved 1048576K
}
Event: 8.762 GC heap after
{Heap after GC invocations=2 (full 0):
 garbage-first heap   total 251904K, used 22026K [0x000000070a000000, 0x0000000800000000)
  region size 2048K, 3 young (6144K), 3 survivors (6144K)
 Metaspace       used 9876K, committed 9984K, reserved 1064960K
  class space    used 689K, committed 768K, reserved 1048576K
}
Event: 9.523 GC heap before
{Heap before GC invocations=2 (full 0):
 garbage-first heap   total 251904K, used 28170K [0x000000070a000000, 0x0000000800000000)
  region size 2048K, 6 young (12288K), 3 survivors (6144K)
 Metaspace       used 9938K, committed 10112K, reserved 1064960K
  class space    used 689K, committed 768K, reserved 1048576K
}
Event: 9.529 GC heap after
{Heap after GC invocations=3 (full 0):
 garbage-first heap   total 251904K, used 23473K [0x000000070a000000, 0x0000000800000000)
  region size 2048K, 1 young (2048K), 1 survivors (2048K)
 Metaspace       used 9938K, committed 10112K, reserved 1064960K
  class space    used 689K, committed 768K, reserved 1048576K
}
Event: 33.521 GC heap before
{Heap before GC invocations=3 (full 0):
 garbage-first heap   total 251904K, used 177073K [0x000000070a000000, 0x0000000800000000)
  region size 2048K, 73 young (149504K), 1 survivors (2048K)
 Metaspace       used 10445K, committed 10624K, reserved 1064960K
  class space    used 739K, committed 832K, reserved 1048576K
}
Event: 33.528 GC heap after
{Heap after GC invocations=4 (full 0):
 garbage-first heap   total 251904K, used 32158K [0x000000070a000000, 0x0000000800000000)
  region size 2048K, 2 young (4096K), 2 survivors (4096K)
 Metaspace       used 10445K, committed 10624K, reserved 1064960K
  class space    used 739K, committed 832K, reserved 1048576K
}

Deoptimization events (20 events):
Event: 39.023 Thread 0x000001fc491c0720 Uncommon trap: trap_request=0xffffff45 fr.pc=0x000001fc5a183eb8 relative=0x00000000000001b8
Event: 39.023 Thread 0x000001fc491c0720 Uncommon trap: reason=unstable_if action=reinterpret pc=0x000001fc5a183eb8 method=com.crazyputting3d.Engine.physicsEngine.get_ball_coordinatesZ()[F @ 42 c2
Event: 39.023 Thread 0x000001fc491c0720 DEOPT PACKING pc=0x000001fc5a183eb8 sp=0x000000e03d3feb80
Event: 39.023 Thread 0x000001fc491c0720 DEOPT UNPACKING pc=0x000001fc524b23a3 sp=0x000000e03d3feb18 mode 2
Event: 42.143 Thread 0x000001fc491c0720 Uncommon trap: trap_request=0xffffff45 fr.pc=0x000001fc5a137b40 relative=0x0000000000005c40
Event: 42.143 Thread 0x000001fc491c0720 Uncommon trap: reason=unstable_if action=reinterpret pc=0x000001fc5a137b40 method=com.badlogic.gdx.utils.TimSort.mergeHi(IIII)V @ 90 c2
Event: 42.143 Thread 0x000001fc491c0720 DEOPT PACKING pc=0x000001fc5a137b40 sp=0x000000e03d3fe960
Event: 42.143 Thread 0x000001fc491c0720 DEOPT UNPACKING pc=0x000001fc524b23a3 sp=0x000000e03d3fe9a8 mode 2
Event: 42.345 Thread 0x000001fc491c0720 DEOPT PACKING pc=0x000001fc52fd9d91 sp=0x000000e03d3fe9a0
Event: 42.345 Thread 0x000001fc491c0720 DEOPT UNPACKING pc=0x000001fc524b2b43 sp=0x000000e03d3fde98 mode 0
Event: 42.544 Thread 0x000001fc491c0720 DEOPT PACKING pc=0x000001fc52fd9d91 sp=0x000000e03d3fe9a0
Event: 42.544 Thread 0x000001fc491c0720 DEOPT UNPACKING pc=0x000001fc524b2b43 sp=0x000000e03d3fde98 mode 0
Event: 42.777 Thread 0x000001fc491c0720 DEOPT PACKING pc=0x000001fc52fd9d91 sp=0x000000e03d3fe9a0
Event: 42.777 Thread 0x000001fc491c0720 DEOPT UNPACKING pc=0x000001fc524b2b43 sp=0x000000e03d3fde98 mode 0
Event: 42.977 Thread 0x000001fc491c0720 DEOPT PACKING pc=0x000001fc52fd9d91 sp=0x000000e03d3fe9a0
Event: 42.977 Thread 0x000001fc491c0720 DEOPT UNPACKING pc=0x000001fc524b2b43 sp=0x000000e03d3fde98 mode 0
Event: 43.176 Thread 0x000001fc491c0720 DEOPT PACKING pc=0x000001fc52fd9d91 sp=0x000000e03d3fe9a0
Event: 43.177 Thread 0x000001fc491c0720 DEOPT UNPACKING pc=0x000001fc524b2b43 sp=0x000000e03d3fde98 mode 0
Event: 50.979 Thread 0x000001fc491c0720 DEOPT PACKING pc=0x000001fc52e1618c sp=0x000000e03d3feff0
Event: 50.979 Thread 0x000001fc491c0720 DEOPT UNPACKING pc=0x000001fc524b2b43 sp=0x000000e03d3fe470 mode 0

Classes unloaded (0 events):
No events

Classes redefined (0 events):
No events

Internal exceptions (20 events):
Event: 0.335 Thread 0x000001fc491c0720 Exception <a 'java/lang/NoSuchMethodError'{0x00000007191bc950}: 'void java.lang.invoke.DirectMethodHandle$Holder.invokeSpecial(java.lang.Object, java.lang.Object, java.lang.Object)'> (0x00000007191bc950) 
thrown [e:\jenkins\tmp\workspace\build\src\src\hotspot\share\interpreter\linkResolver.cpp, line 766]
Event: 0.340 Thread 0x000001fc491c0720 Exception <a 'java/lang/NoSuchMethodError'{0x00000007191d0140}: 'java.lang.Object java.lang.invoke.DirectMethodHandle$Holder.invokeStatic(java.lang.Object, java.lang.Object, int)'> (0x00000007191d0140) 
thrown [e:\jenkins\tmp\workspace\build\src\src\hotspot\share\interpreter\linkResolver.cpp, line 766]
Event: 0.341 Thread 0x000001fc491c0720 Exception <a 'java/lang/NoSuchMethodError'{0x00000007191dbeb0}: 'void java.lang.invoke.DelegatingMethodHandle$Holder.delegate(java.lang.Object, java.lang.Object, int, java.lang.Object)'> (0x00000007191dbeb0) 
thrown [e:\jenkins\tmp\workspace\build\src\src\hotspot\share\interpreter\linkResolver.cpp, line 766]
Event: 0.342 Thread 0x000001fc491c0720 Exception <a 'java/lang/NoSuchMethodError'{0x00000007191e00f0}: 'int java.lang.invoke.DirectMethodHandle$Holder.invokeSpecial(java.lang.Object, java.lang.Object, java.lang.Object)'> (0x00000007191e00f0) 
thrown [e:\jenkins\tmp\workspace\build\src\src\hotspot\share\interpreter\linkResolver.cpp, line 766]
Event: 0.384 Thread 0x000001fc491c0720 Exception <a 'sun/nio/fs/WindowsException'{0x0000000718e870d0}> (0x0000000718e870d0) 
thrown [e:\jenkins\tmp\workspace\build\src\src\hotspot\share\prims\jni.cpp, line 516]
Event: 0.384 Thread 0x000001fc491c0720 Exception <a 'sun/nio/fs/WindowsException'{0x0000000718e87628}> (0x0000000718e87628) 
thrown [e:\jenkins\tmp\workspace\build\src\src\hotspot\share\prims\jni.cpp, line 516]
Event: 0.431 Thread 0x000001fc491c0720 Exception <a 'sun/nio/fs/WindowsException'{0x0000000718f76380}> (0x0000000718f76380) 
thrown [e:\jenkins\tmp\workspace\build\src\src\hotspot\share\prims\jni.cpp, line 516]
Event: 0.431 Thread 0x000001fc491c0720 Exception <a 'sun/nio/fs/WindowsException'{0x0000000718f76720}> (0x0000000718f76720) 
thrown [e:\jenkins\tmp\workspace\build\src\src\hotspot\share\prims\jni.cpp, line 516]
Event: 0.475 Thread 0x000001fc491c0720 Exception <a 'sun/nio/fs/WindowsException'{0x0000000718c248e0}> (0x0000000718c248e0) 
thrown [e:\jenkins\tmp\workspace\build\src\src\hotspot\share\prims\jni.cpp, line 516]
Event: 0.476 Thread 0x000001fc491c0720 Exception <a 'sun/nio/fs/WindowsException'{0x0000000718c24c50}> (0x0000000718c24c50) 
thrown [e:\jenkins\tmp\workspace\build\src\src\hotspot\share\prims\jni.cpp, line 516]
Event: 0.570 Thread 0x000001fc491c0720 Exception <a 'sun/nio/fs/WindowsException'{0x0000000718ca9c78}> (0x0000000718ca9c78) 
thrown [e:\jenkins\tmp\workspace\build\src\src\hotspot\share\prims\jni.cpp, line 516]
Event: 0.570 Thread 0x000001fc491c0720 Exception <a 'sun/nio/fs/WindowsException'{0x0000000718caa000}> (0x0000000718caa000) 
thrown [e:\jenkins\tmp\workspace\build\src\src\hotspot\share\prims\jni.cpp, line 516]
Event: 1.261 Thread 0x000001fc491c0720 Exception <a 'sun/nio/fs/WindowsException'{0x0000000718a8cd50}> (0x0000000718a8cd50) 
thrown [e:\jenkins\tmp\workspace\build\src\src\hotspot\share\prims\jni.cpp, line 516]
Event: 1.261 Thread 0x000001fc491c0720 Exception <a 'sun/nio/fs/WindowsException'{0x0000000718a8d100}> (0x0000000718a8d100) 
thrown [e:\jenkins\tmp\workspace\build\src\src\hotspot\share\prims\jni.cpp, line 516]
Event: 1.267 Thread 0x000001fc491c0720 Exception <a 'sun/nio/fs/WindowsException'{0x0000000718a99298}> (0x0000000718a99298) 
thrown [e:\jenkins\tmp\workspace\build\src\src\hotspot\share\prims\jni.cpp, line 516]
Event: 1.268 Thread 0x000001fc491c0720 Exception <a 'sun/nio/fs/WindowsException'{0x0000000718a99580}> (0x0000000718a99580) 
thrown [e:\jenkins\tmp\workspace\build\src\src\hotspot\share\prims\jni.cpp, line 516]
Event: 7.680 Thread 0x000001fc491c0720 Exception <a 'java/io/FileNotFoundException'{0x0000000718eb3590}> (0x0000000718eb3590) 
thrown [e:\jenkins\tmp\workspace\build\src\src\hotspot\share\prims\jni.cpp, line 516]
Event: 8.077 Thread 0x000001fc491c0720 Implicit null exception at 0x000001fc5a07e0bf to 0x000001fc5a07e19c
Event: 8.118 Thread 0x000001fc491c0720 Implicit null exception at 0x000001fc5a072430 to 0x000001fc5a072608
Event: 14.584 Thread 0x000001fc01ae99b0 Implicit null exception at 0x000001fc5a07565f to 0x000001fc5a07571c

VM Operations (20 events):
Event: 42.143 Executing VM operation: HandshakeAllThreads
Event: 42.143 Executing VM operation: HandshakeAllThreads done
Event: 42.144 Executing VM operation: Cleanup
Event: 42.144 Executing VM operation: Cleanup done
Event: 43.144 Executing VM operation: Cleanup
Event: 43.144 Executing VM operation: Cleanup done
Event: 44.145 Executing VM operation: Cleanup
Event: 44.145 Executing VM operation: Cleanup done
Event: 45.145 Executing VM operation: Cleanup
Event: 45.145 Executing VM operation: Cleanup done
Event: 46.146 Executing VM operation: Cleanup
Event: 46.146 Executing VM operation: Cleanup done
Event: 47.146 Executing VM operation: Cleanup
Event: 47.147 Executing VM operation: Cleanup done
Event: 48.147 Executing VM operation: Cleanup
Event: 48.147 Executing VM operation: Cleanup done
Event: 49.147 Executing VM operation: Cleanup
Event: 49.148 Executing VM operation: Cleanup done
Event: 50.148 Executing VM operation: Cleanup
Event: 50.148 Executing VM operation: Cleanup done

Events (20 events):
Event: 14.617 Thread 0x000001fc00d541e0 Thread added: 0x000001fc00d541e0
Event: 14.815 Thread 0x000001fc7f4cf9e0 Thread exited: 0x000001fc7f4cf9e0
Event: 14.815 Thread 0x000001fc79971630 Thread exited: 0x000001fc79971630
Event: 14.821 Thread 0x000001fc01ae99b0 Thread exited: 0x000001fc01ae99b0
Event: 14.929 Thread 0x000001fc72682570 Thread exited: 0x000001fc72682570
Event: 14.929 Thread 0x000001fc727742e0 Thread exited: 0x000001fc727742e0
Event: 15.179 Thread 0x000001fc01ae99b0 Thread added: 0x000001fc01ae99b0
Event: 15.181 Thread 0x000001fc004c5030 Thread exited: 0x000001fc004c5030
Event: 15.185 Thread 0x000001fc727742e0 Thread added: 0x000001fc727742e0
Event: 15.387 Thread 0x000001fc01ae99b0 Thread exited: 0x000001fc01ae99b0
Event: 16.235 Thread 0x000001fc79099ca0 Thread exited: 0x000001fc79099ca0
Event: 16.235 Thread 0x000001fc6f1081c0 Thread exited: 0x000001fc6f1081c0
Event: 39.004 Thread 0x000001fc0235a060 Thread added: 0x000001fc0235a060
Event: 39.008 Thread 0x000001fc0235c6e0 Thread added: 0x000001fc0235c6e0
Event: 39.087 Thread 0x000001fc01151590 Thread added: 0x000001fc01151590
Event: 39.136 Thread 0x000001fc0235bd40 Thread added: 0x000001fc0235bd40
Event: 39.140 Thread 0x000001fc0235c210 Thread added: 0x000001fc0235c210
Event: 39.210 Thread 0x000001fc0235a060 Thread exited: 0x000001fc0235a060
Event: 39.340 Thread 0x000001fc0235bd40 Thread exited: 0x000001fc0235bd40
Event: 40.212 Thread 0x000001fc01151590 Thread exited: 0x000001fc01151590


Dynamic libraries:
0x00007ff604ae0000 - 0x00007ff604aee000 	C:\Program Files\Eclipse Adoptium\jdk-17.0.1.12-hotspot\bin\java.exe
0x00007ff948230000 - 0x00007ff948427000 	C:\Windows\SYSTEM32\ntdll.dll
0x00007ff9469e0000 - 0x00007ff946a9d000 	C:\Windows\System32\KERNEL32.DLL
0x00007ff945ea0000 - 0x00007ff94616d000 	C:\Windows\System32\KERNELBASE.dll
0x00007ff945a80000 - 0x00007ff945b80000 	C:\Windows\System32\ucrtbase.dll
0x00007ff93c2e0000 - 0x00007ff93c2f8000 	C:\Program Files\Eclipse Adoptium\jdk-17.0.1.12-hotspot\bin\jli.dll
0x00007ff925910000 - 0x00007ff925929000 	C:\Program Files\Eclipse Adoptium\jdk-17.0.1.12-hotspot\bin\VCRUNTIME140.dll
0x00007ff946260000 - 0x00007ff946400000 	C:\Windows\System32\USER32.dll
0x00007ff945a50000 - 0x00007ff945a72000 	C:\Windows\System32\win32u.dll
0x00007ff92fe40000 - 0x00007ff9300da000 	C:\Windows\WinSxS\amd64_microsoft.windows.common-controls_6595b64144ccf1df_6.0.19041.1110_none_60b5254171f9507e\COMCTL32.dll
0x00007ff947fc0000 - 0x00007ff947fea000 	C:\Windows\System32\GDI32.dll
0x00007ff9474e0000 - 0x00007ff94757e000 	C:\Windows\System32\msvcrt.dll
0x00007ff945ce0000 - 0x00007ff945deb000 	C:\Windows\System32\gdi32full.dll
0x00007ff945920000 - 0x00007ff9459bd000 	C:\Windows\System32\msvcp_win.dll
0x00007ff948190000 - 0x00007ff9481c0000 	C:\Windows\System32\IMM32.DLL
0x00007ff93e0a0000 - 0x00007ff93e0ac000 	C:\Program Files\Eclipse Adoptium\jdk-17.0.1.12-hotspot\bin\vcruntime140_1.dll
0x00007ff9219b0000 - 0x00007ff921a41000 	C:\Program Files\Eclipse Adoptium\jdk-17.0.1.12-hotspot\bin\msvcp140.dll
0x00007ff893c00000 - 0x00007ff894846000 	C:\Program Files\Eclipse Adoptium\jdk-17.0.1.12-hotspot\bin\server\jvm.dll
0x00007ff947680000 - 0x00007ff94772e000 	C:\Windows\System32\ADVAPI32.dll
0x00007ff946c70000 - 0x00007ff946d0c000 	C:\Windows\System32\sechost.dll
0x00007ff947350000 - 0x00007ff947475000 	C:\Windows\System32\RPCRT4.dll
0x00007ff947ff0000 - 0x00007ff947ff8000 	C:\Windows\System32\PSAPI.DLL
0x00007ff914b90000 - 0x00007ff914b99000 	C:\Windows\SYSTEM32\WSOCK32.dll
0x00007ff93f3b0000 - 0x00007ff93f3ba000 	C:\Windows\SYSTEM32\VERSION.dll
0x00007ff947580000 - 0x00007ff9475eb000 	C:\Windows\System32\WS2_32.dll
0x00007ff936340000 - 0x00007ff936367000 	C:\Windows\SYSTEM32\WINMM.dll
0x00007ff9441b0000 - 0x00007ff9441c2000 	C:\Windows\SYSTEM32\kernel.appcore.dll
0x00007ff93c0e0000 - 0x00007ff93c0ea000 	C:\Program Files\Eclipse Adoptium\jdk-17.0.1.12-hotspot\bin\jimage.dll
0x00007ff943fa0000 - 0x00007ff944184000 	C:\Windows\SYSTEM32\DBGHELP.DLL
0x00007ff93ccf0000 - 0x00007ff93cd1c000 	C:\Windows\SYSTEM32\dbgcore.DLL
0x00007ff9459c0000 - 0x00007ff945a42000 	C:\Windows\System32\bcryptPrimitives.dll
0x00007ff9217c0000 - 0x00007ff9217e5000 	C:\Program Files\Eclipse Adoptium\jdk-17.0.1.12-hotspot\bin\java.dll
0x00007ff89be40000 - 0x00007ff89bf16000 	C:\Program Files\Eclipse Adoptium\jdk-17.0.1.12-hotspot\bin\svml.dll
0x00007ff947740000 - 0x00007ff947e84000 	C:\Windows\System32\SHELL32.dll
0x00007ff9436c0000 - 0x00007ff943e54000 	C:\Windows\SYSTEM32\windows.storage.dll
0x00007ff9464b0000 - 0x00007ff946804000 	C:\Windows\System32\combase.dll
0x00007ff945380000 - 0x00007ff9453ac000 	C:\Windows\SYSTEM32\Wldp.dll
0x00007ff946400000 - 0x00007ff9464ad000 	C:\Windows\System32\SHCORE.dll
0x00007ff946c10000 - 0x00007ff946c65000 	C:\Windows\System32\shlwapi.dll
0x00007ff945860000 - 0x00007ff94587f000 	C:\Windows\SYSTEM32\profapi.dll
0x00007ff921990000 - 0x00007ff9219a9000 	C:\Program Files\Eclipse Adoptium\jdk-17.0.1.12-hotspot\bin\net.dll
0x00007ff93afe0000 - 0x00007ff93b0ea000 	C:\Windows\SYSTEM32\WINHTTP.dll
0x00007ff9450e0000 - 0x00007ff94514a000 	C:\Windows\system32\mswsock.dll
0x00007ff921970000 - 0x00007ff921985000 	C:\Program Files\Eclipse Adoptium\jdk-17.0.1.12-hotspot\bin\nio.dll
0x00007ff921950000 - 0x00007ff921968000 	C:\Program Files\Eclipse Adoptium\jdk-17.0.1.12-hotspot\bin\zip.dll
0x000000006e700000 - 0x000000006e72a000 	C:\Users\grado\AppData\Local\Temp\libgdxgrado\e1cd32f8\gdx64.dll
0x00007ff921800000 - 0x00007ff921864000 	C:\Users\grado\AppData\Local\Temp\lwjglgrado\3.2.3-build-13\lwjgl.dll
0x00007ff89bbe0000 - 0x00007ff89be33000 	C:\Users\grado\AppData\Local\Temp\lwjglgrado\3.2.3-build-13\jemalloc.dll
0x00007ff921700000 - 0x00007ff921762000 	C:\Users\grado\AppData\Local\Temp\lwjglgrado\3.2.3-build-13\glfw.dll
0x00007ff942e30000 - 0x00007ff942ece000 	C:\Windows\system32\uxtheme.dll
0x00007ff920970000 - 0x00007ff9209b5000 	C:\Windows\SYSTEM32\dinput8.dll
0x00007ff921930000 - 0x00007ff921941000 	C:\Windows\SYSTEM32\xinput1_4.dll
0x00007ff946210000 - 0x00007ff94625e000 	C:\Windows\System32\cfgmgr32.dll
0x00007ff9456d0000 - 0x00007ff9456fc000 	C:\Windows\SYSTEM32\DEVOBJ.dll
0x00007ff943070000 - 0x00007ff94309f000 	C:\Windows\SYSTEM32\dwmapi.dll
0x00007ff92a0d0000 - 0x00007ff92a222000 	C:\Windows\SYSTEM32\inputhost.dll
0x00007ff948000000 - 0x00007ff9480cd000 	C:\Windows\System32\OLEAUT32.dll
0x00007ff940fa0000 - 0x00007ff941096000 	C:\Windows\SYSTEM32\PROPSYS.dll
0x00007ff942a70000 - 0x00007ff942b62000 	C:\Windows\SYSTEM32\CoreMessaging.dll
0x00007ff942040000 - 0x00007ff942194000 	C:\Windows\SYSTEM32\wintypes.dll
0x00007ff942710000 - 0x00007ff942a6e000 	C:\Windows\SYSTEM32\CoreUIComponents.dll
0x00007ff944620000 - 0x00007ff944653000 	C:\Windows\SYSTEM32\ntmarta.dll
0x00007ff946810000 - 0x00007ff946925000 	C:\Windows\System32\MSCTF.dll
0x00007ff943e60000 - 0x00007ff943e6d000 	C:\Windows\SYSTEM32\HID.DLL
0x00007ff946d10000 - 0x00007ff94717f000 	C:\Windows\System32\SETUPAPI.DLL
0x00007ff9461e0000 - 0x00007ff946207000 	C:\Windows\System32\bcrypt.dll
0x00007ff946170000 - 0x00007ff9461d7000 	C:\Windows\System32\WINTRUST.dll
0x00007ff945b80000 - 0x00007ff945cd6000 	C:\Windows\System32\CRYPT32.dll
0x00007ff945510000 - 0x00007ff945522000 	C:\Windows\SYSTEM32\MSASN1.dll
0x00007ff89bad0000 - 0x00007ff89bbdb000 	C:\Users\grado\AppData\Local\Temp\lwjglgrado\3.2.3-build-13\OpenAL.dll
0x00007ff947e90000 - 0x00007ff947fba000 	C:\Windows\System32\ole32.dll
0x00007ff946930000 - 0x00007ff9469d9000 	C:\Windows\System32\clbcatq.dll
0x00007ff93ee90000 - 0x00007ff93ef15000 	C:\Windows\System32\MMDevApi.dll
0x00007ff93f190000 - 0x00007ff93f312000 	C:\Windows\SYSTEM32\AUDIOSES.DLL
0x00007ff944ef0000 - 0x00007ff944f3b000 	C:\Windows\SYSTEM32\powrprof.dll
0x00007ff944d60000 - 0x00007ff944d72000 	C:\Windows\SYSTEM32\UMPDC.dll
0x00007ff942f70000 - 0x00007ff942f84000 	C:\Windows\SYSTEM32\resourcepolicyclient.dll
0x00007ff8b6470000 - 0x00007ff8b6596000 	C:\Windows\SYSTEM32\opengl32.dll
0x00007ff8b6440000 - 0x00007ff8b646c000 	C:\Windows\SYSTEM32\GLU32.dll
0x00007ff93ebe0000 - 0x00007ff93ecd7000 	C:\Windows\System32\AppXDeploymentClient.dll
0x00007ff9216d0000 - 0x00007ff9216fa000 	C:\Windows\System32\DriverStore\FileRepository\u0361612.inf_amd64_b679e02f70413f9f\B361368\atig6pxx.dll
0x00007ff886690000 - 0x00007ff889376000 	C:\Windows\System32\DriverStore\FileRepository\u0361612.inf_amd64_b679e02f70413f9f\B361368\atio6axx.dll
0x00007ff9410e0000 - 0x00007ff941104000 	C:\Windows\SYSTEM32\dxva2.dll
0x00007ff920f90000 - 0x00007ff920fcc000 	C:\Windows\System32\DriverStore\FileRepository\u0361612.inf_amd64_b679e02f70413f9f\B361368\atig6txx.dll
0x00007ff89b910000 - 0x00007ff89bac9000 	C:\Windows\SYSTEM32\atiadlxx.dll
0x00007ff92ecf0000 - 0x00007ff92ed2b000 	C:\Windows\SYSTEM32\dxcore.dll
0x00007ff89b8b0000 - 0x00007ff89b909000 	C:\Users\grado\AppData\Local\Temp\lwjglgrado\3.2.3-build-13\lwjgl_opengl.dll
0x00007ff92cfc0000 - 0x00007ff92d0b9000 	C:\Windows\SYSTEM32\textinputframework.dll
0x00007ff93c110000 - 0x00007ff93c121000 	C:\Program Files\Eclipse Adoptium\jdk-17.0.1.12-hotspot\bin\jsound.dll
0x00007ff89b810000 - 0x00007ff89b8ac000 	C:\Windows\SYSTEM32\DSOUND.dll
0x00007ff9392a0000 - 0x00007ff9392c6000 	C:\Windows\SYSTEM32\winmmbase.dll
0x00007ff92cd60000 - 0x00007ff92cda6000 	C:\Windows\SYSTEM32\wdmaud.drv
0x00007ff940590000 - 0x00007ff94059a000 	C:\Windows\SYSTEM32\AVRT.dll
0x00007ff941130000 - 0x00007ff941139000 	C:\Windows\SYSTEM32\ksuser.dll
0x00007ff93c6e0000 - 0x00007ff93c6ed000 	C:\Windows\SYSTEM32\msacm32.drv
0x00007ff939500000 - 0x00007ff93951e000 	C:\Windows\SYSTEM32\MSACM32.dll
0x00007ff93c250000 - 0x00007ff93c25b000 	C:\Windows\SYSTEM32\midimap.dll
0x00007ff92bd20000 - 0x00007ff92be61000 	C:\Windows\System32\Windows.UI.dll
0x00007ff931d30000 - 0x00007ff931dd1000 	C:\Windows\System32\WindowManagementAPI.dll
0x00007ff93ef20000 - 0x00007ff93f120000 	C:\Windows\System32\twinapi.appcore.dll

dbghelp: loaded successfully - version: 4.0.5 - missing functions: none
symbol engine: initialized successfully - sym options: 0x614 - pdb path: .;C:\Program Files\Eclipse Adoptium\jdk-17.0.1.12-hotspot\bin;C:\Windows\SYSTEM32;C:\Windows\WinSxS\amd64_microsoft.windows.common-controls_6595b64144ccf1df_6.0.19041.1110_none_60b5254171f9507e;C:\Program Files\Eclipse Adoptium\jdk-17.0.1.12-hotspot\bin\server;C:\Users\grado\AppData\Local\Temp\libgdxgrado\e1cd32f8;C:\Users\grado\AppData\Local\Temp\lwjglgrado\3.2.3-build-13;C:\Windows\System32\DriverStore\FileRepository\u0361612.inf_amd64_b679e02f70413f9f\B361368

VM Arguments:
jvm_args: -XX:+ShowCodeDetailsInExceptionMessages 
java_command: com.crazyputting3d.Main
java_class_path (initial): C:\Users\grado\Documents\Group-04\3dcrazyputting\desktop\bin\main;\CrazyPutting3D-core\bin\default;C:\Users\grado\Documents\Group-04\3dcrazyputting\core\bin\main;C:\Users\grado\.gradle\caches\modules-2\files-2.1\com.badlogicgames.gdx\gdx-backend-lwjgl3\1.10.0\600c7d5b2c977daa82c4abad147087b31e0ada87\gdx-backend-lwjgl3-1.10.0.jar;C:\Users\grado\.gradle\caches\modules-2\files-2.1\com.badlogicgames.gdx\gdx-platform\1.10.0\9a8fa793d2fd6d360afc6c9e4c1f5583da263b88\gdx-platform-1.10.0-natives-desktop.jar;C:\Users\grado\.gradle\caches\modules-2\files-2.1\com.badlogicgames.gdx\gdx-bullet-platform\1.10.0\ce92e8dfc762523d769cbc50853163c03bf98cf1\gdx-bullet-platform-1.10.0-natives-desktop.jar;C:\Users\grado\.gradle\caches\modules-2\files-2.1\com.badlogicgames.gdx\gdx-freetype-platform\1.10.0\6e5d28752759e69384f12e4569d2c884ff71352f\gdx-freetype-platform-1.10.0-natives-desktop.jar;C:\Users\grado\.gradle\caches\modules-2\files-2.1\com.badlogicgames.gdx-controllers\gdx-controllers-desktop\2.2.1\cb3430c32468a090eca54d494d16bb3764ceff9b\gdx-controllers-desktop-2.2.1.jar;C:\Users\grado\.gradle\caches\modules-2\files-2.1\org.jetbrains\annotations\20.1.0\2fcd1f3225bca0c4a7bc931142076f8c1e80993f\annotations-20.1.0.jar;C:\Users\grado\.gradle\caches\modules-2\files-2.1\com.badlogicgames.gdx\gdx-bullet\1.10.0\839b58c7278f5c3b55291c3a559d91227400ecdb\gdx-bullet-1.10.0.jar;C:\Users\grado\.gradle\caches\modules-2\files-2.1\com.badlogicgames.gdx\gdx-freetype\1.10.0\de1d0d5c1e92e8d91364256fd6b7bb279d3e9859\gdx-freetype-1.10.0.jar;C:\Users\grado\.gradle\caches\modules-2\files-2.1\com.badlogicgames.gdx\gdx-ai\1.8.2\ab75d2ce80ab1b1ce6828a15dc0f417abac4c674\gdx-ai-1.8.2.jar;C:\Users\grado\.gradle\caches\modules-2\files-2.1\com.badlogicgames.ashley\ashley\1.7.4\21a3a8932919099c4e5006a7d8378dcbe76ef8a5\ashley-1.7.4.jar;C:\Users\grado\.gradle\caches\modules-2\files-2.1\com.badlogicgames.box2dlights\box2dlights\1.5\6902dbcd250c95a27973aa24a147a95b3828d348\box2dlights-1.5.j
Launcher Type: SUN_STANDARD

[Global flags]
     intx CICompilerCount                          = 12                                        {product} {ergonomic}
     uint ConcGCThreads                            = 3                                         {product} {ergonomic}
     uint G1ConcRefinementThreads                  = 13                                        {product} {ergonomic}
   size_t G1HeapRegionSize                         = 2097152                                   {product} {ergonomic}
    uintx GCDrainStackTargetSize                   = 64                                        {product} {ergonomic}
   size_t InitialHeapSize                          = 257949696                                 {product} {ergonomic}
   size_t MarkStackSize                            = 4194304                                   {product} {ergonomic}
   size_t MaxHeapSize                              = 4127195136                                {product} {ergonomic}
   size_t MaxNewSize                               = 2474639360                                {product} {ergonomic}
   size_t MinHeapDeltaBytes                        = 2097152                                   {product} {ergonomic}
   size_t MinHeapSize                              = 8388608                                   {product} {ergonomic}
    uintx NonNMethodCodeHeapSize                   = 7602480                                {pd product} {ergonomic}
    uintx NonProfiledCodeHeapSize                  = 122027880                              {pd product} {ergonomic}
    uintx ProfiledCodeHeapSize                     = 122027880                              {pd product} {ergonomic}
    uintx ReservedCodeCacheSize                    = 251658240                              {pd product} {ergonomic}
     bool SegmentedCodeCache                       = true                                      {product} {ergonomic}
     bool ShowCodeDetailsInExceptionMessages       = true                                   {manageable} {command line}
   size_t SoftMaxHeapSize                          = 4127195136                             {manageable} {ergonomic}
     bool UseCompressedClassPointers               = true                           {product lp64_product} {ergonomic}
     bool UseCompressedOops                        = true                           {product lp64_product} {ergonomic}
     bool UseG1GC                                  = true                                      {product} {ergonomic}
     bool UseLargePagesIndividualAllocation        = false                                  {pd product} {ergonomic}

Logging:
Log output configuration:
 #0: stdout all=warning uptime,level,tags
 #1: stderr all=off uptime,level,tags

Environment Variables:
PATH=C:\Program Files\Common Files\Oracle\Java\javapath;C:\Windows\system32;C:\Windows;C:\Windows\System32\Wbem;C:\Windows\System32\WindowsPowerShell\v1.0\;C:\Windows\System32\OpenSSH\;C:\Program Files (x86)\NVIDIA Corporation\PhysX\Common;C:\Program Files\NVIDIA Corporation\NVIDIA NvDLISR;C:\Program Files\MATLAB\R2022a\bin;C:\Program Files\Gradle\gradle-7.4.2\bin;C:\Program Files\Git\cmd;C:\Users\grado\AppData\Local\Microsoft\WindowsApps;C:\Users\grado\AppData\Local\Programs\Microsoft VS Code\bin;C:\Users\grado\AppData\Local\GitHubDesktop\bin
USERNAME=grado
LANG=en_US.UTF-8
OS=Windows_NT
PROCESSOR_IDENTIFIER=AMD64 Family 23 Model 96 Stepping 1, AuthenticAMD



---------------  S Y S T E M  ---------------

OS:
 Windows 10 , 64 bit Build 19041 (10.0.19041.1741)
OS uptime: 1 days 16:34 hours

CPU: total 16 (initial active 16) (16 cores per cpu, 2 threads per core) family 23 model 96 stepping 1 microcode 0x0, cx8, cmov, fxsr, ht, mmx, 3dnowpref, sse, sse2, sse3, ssse3, sse4a, sse4.1, sse4.2, popcnt, lzcnt, tsc, tscinvbit, avx, avx2, aes, clmul, bmi1, bmi2, adx, sha, fma, vzeroupper, clflush, clflushopt

Memory: 4k page, system-wide physical 15741M (5844M free)
TotalPageFile size 22653M (AvailPageFile size 8444M)
current process WorkingSet (physical memory assigned to process): 425M, peak: 504M
current process commit charge ("private bytes"): 715M, peak: 805M

vm_info: OpenJDK 64-Bit Server VM (17.0.1+12) for windows-amd64 JRE (17.0.1+12), built on Oct 20 2021 07:42:55 by "" with MS VC++ 16.7 (VS2019)

END.
