#
# A fatal error has been detected by the Java Runtime Environment:
#
#  EXCEPTION_ACCESS_VIOLATION (0xc0000005) at pc=0x000001568c780000, pid=18652, tid=11596
#
# JRE version: OpenJDK Runtime Environment Temurin-17.0.1+12 (17.0.1+12) (build 17.0.1+12)
# Java VM: OpenJDK 64-Bit Server VM Temurin-17.0.1+12 (17.0.1+12, mixed mode, sharing, tiered, compressed oops, compressed class ptrs, g1 gc, windows-amd64)
# Problematic frame:
# C  0x000001568c780000
#
# No core dump will be written. Minidumps are not enabled by default on client versions of Windows
#
# If you would like to submit a bug report, please visit:
#   https://github.com/adoptium/adoptium-support/issues
# The crash happened outside the Java Virtual Machine in native code.
# See problematic frame for where to report the bug.
#

---------------  S U M M A R Y ------------

Command Line: -XX:+ShowCodeDetailsInExceptionMessages com.crazyputting3d.Main

Host: AMD Ryzen 7 4800H with Radeon Graphics         , 16 cores, 15G,  Windows 10 , 64 bit Build 19041 (10.0.19041.1706)
Time: Fri Jun 17 18:55:06 2022 Central European Daylight Time elapsed time: 15.561718 seconds (0d 0h 0m 15s)

---------------  T H R E A D  ---------------

Current thread (0x00000156e90734c0):  JavaThread "main" [_thread_in_native, id=11596, stack(0x0000000b85100000,0x0000000b85200000)]

Stack: [0x0000000b85100000,0x0000000b85200000],  sp=0x0000000b851fed68,  free space=1019k
Native frames: (J=compiled Java code, j=interpreted, Vv=VM code, C=native code)
C  0x000001568c780000

Java frames: (J=compiled Java code, j=interpreted, Vv=VM code)
J 1196  org.lwjgl.system.JNI.invokePV(JJ)V (0 bytes) @ 0x00000156f8748eec [0x00000156f8748ea0+0x000000000000004c]
J 2007 c1 org.lwjgl.glfw.GLFW.glfwSwapBuffers(J)V (21 bytes) @ 0x00000156f1604fac [0x00000156f1604ec0+0x00000000000000ec]
j  com.badlogic.gdx.backends.lwjgl3.Lwjgl3Window.update()Z+196
j  com.badlogic.gdx.backends.lwjgl3.Lwjgl3Application.loop()V+111
j  com.badlogic.gdx.backends.lwjgl3.Lwjgl3Application.<init>(Lcom/badlogic/gdx/ApplicationListener;Lcom/badlogic/gdx/backends/lwjgl3/Lwjgl3ApplicationConfiguration;)V+243
j  com.crazyputting3d.Main.main([Ljava/lang/String;)V+41
v  ~StubRoutines::call_stub

siginfo: EXCEPTION_ACCESS_VIOLATION (0xc0000005), data execution prevention violation at address 0x000001568c780000


Register to memory mapping:

RIP=0x000001568c780000 is an unknown value
RAX=0x000001568c780000 is an unknown value
RBX=0x0000000000010001 is an unknown value
RCX=0x0000000000010001 is an unknown value
RDX=0x0000000b851feda0 is pointing into the stack for thread: 0x00000156e90734c0
RSP=0x0000000b851fed68 is pointing into the stack for thread: 0x00000156e90734c0
RBP=0x0000000b851fee70 is pointing into the stack for thread: 0x00000156e90734c0
RSI=0x0000000000000110 is an unknown value
RDI=0x00000000000012b2 is an unknown value
R8 =0x000001568d9676d0 points into unknown readable memory: 0x000001569e6aee10 | 10 ee 6a 9e 56 01 00 00
R9 =0x00007ffda1421b50 glfw.dll
R10=0x00007ffdb18e1b10 lwjgl.dll
R11=0x0000000b851ff1d8 is pointing into the stack for thread: 0x00000156e90734c0
R12=0x0 is NULL
R13=0x0000000b851ff2d8 is pointing into the stack for thread: 0x00000156e90734c0
R14=0x0000000b851ff230 is pointing into the stack for thread: 0x00000156e90734c0
R15=0x00000156e90734c0 is a thread


Registers:
RAX=0x000001568c780000, RBX=0x0000000000010001, RCX=0x0000000000010001, RDX=0x0000000b851feda0
RSP=0x0000000b851fed68, RBP=0x0000000b851fee70, RSI=0x0000000000000110, RDI=0x00000000000012b2
R8 =0x000001568d9676d0, R9 =0x00007ffda1421b50, R10=0x00007ffdb18e1b10, R11=0x0000000b851ff1d8
R12=0x0000000000000000, R13=0x0000000b851ff2d8, R14=0x0000000b851ff230, R15=0x00000156e90734c0
RIP=0x000001568c780000, EFLAGS=0x0000000000010206

Top of Stack: (sp=0x0000000b851fed68)
0x0000000b851fed68:   00007ffda1421f7c 000000070b350060
0x0000000b851fed78:   0000140600000002 0000000700000014
0x0000000b851fed88:   438c000041700000 000000070b2c3b00
0x0000000b851fed98:   00000156f14a4f7c 57464c4720656854
0x0000000b851feda8:   7972617262696c20 20746f6e20736920
0x0000000b851fedb8:   696c616974696e69 0000000b0064657a
0x0000000b851fedc8:   00007ffd92305e62 00000156e90734c0
0x0000000b851fedd8:   0000000000000000 00000000000001cc
0x0000000b851fede8:   0000000b851fee00 0000000000000000
0x0000000b851fedf8:   000000006e7020f4 00000156e9073768
0x0000000b851fee08:   00007ffd92305481 000000070b2d8cd0
0x0000000b851fee18:   00000156f8743385 0000000200000003
0x0000000b851fee28:   000000070b2c3b20 000000070b2d7780
0x0000000b851fee38:   000000070b2d7f80 0000000700000000
0x0000000b851fee48:   000000070b350060 0000000000000002
0x0000000b851fee58:   00007ffd22939d0a 0000000b851ff1f0 

Instructions: (pc=0x000001568c780000)
0x000001568c77ff00:   ?? ?? ?? ?? ?? ?? ?? ?? ?? ?? ?? ?? ?? ?? ?? ??
0x000001568c77ff10:   ?? ?? ?? ?? ?? ?? ?? ?? ?? ?? ?? ?? ?? ?? ?? ??
0x000001568c77ff20:   ?? ?? ?? ?? ?? ?? ?? ?? ?? ?? ?? ?? ?? ?? ?? ??
0x000001568c77ff30:   ?? ?? ?? ?? ?? ?? ?? ?? ?? ?? ?? ?? ?? ?? ?? ??
0x000001568c77ff40:   ?? ?? ?? ?? ?? ?? ?? ?? ?? ?? ?? ?? ?? ?? ?? ??
0x000001568c77ff50:   ?? ?? ?? ?? ?? ?? ?? ?? ?? ?? ?? ?? ?? ?? ?? ??
0x000001568c77ff60:   ?? ?? ?? ?? ?? ?? ?? ?? ?? ?? ?? ?? ?? ?? ?? ??
0x000001568c77ff70:   ?? ?? ?? ?? ?? ?? ?? ?? ?? ?? ?? ?? ?? ?? ?? ??
0x000001568c77ff80:   ?? ?? ?? ?? ?? ?? ?? ?? ?? ?? ?? ?? ?? ?? ?? ??
0x000001568c77ff90:   ?? ?? ?? ?? ?? ?? ?? ?? ?? ?? ?? ?? ?? ?? ?? ??
0x000001568c77ffa0:   ?? ?? ?? ?? ?? ?? ?? ?? ?? ?? ?? ?? ?? ?? ?? ??
0x000001568c77ffb0:   ?? ?? ?? ?? ?? ?? ?? ?? ?? ?? ?? ?? ?? ?? ?? ??
0x000001568c77ffc0:   ?? ?? ?? ?? ?? ?? ?? ?? ?? ?? ?? ?? ?? ?? ?? ??
0x000001568c77ffd0:   ?? ?? ?? ?? ?? ?? ?? ?? ?? ?? ?? ?? ?? ?? ?? ??
0x000001568c77ffe0:   ?? ?? ?? ?? ?? ?? ?? ?? ?? ?? ?? ?? ?? ?? ?? ??
0x000001568c77fff0:   ?? ?? ?? ?? ?? ?? ?? ?? ?? ?? ?? ?? ?? ?? ?? ??
0x000001568c780000:   ?? ?? ?? ?? ?? ?? ?? ?? ?? ?? ?? ?? ?? ?? ?? ??
0x000001568c780010:   ?? ?? ?? ?? ?? ?? ?? ?? ?? ?? ?? ?? ?? ?? ?? ??
0x000001568c780020:   ?? ?? ?? ?? ?? ?? ?? ?? ?? ?? ?? ?? ?? ?? ?? ??
0x000001568c780030:   ?? ?? ?? ?? ?? ?? ?? ?? ?? ?? ?? ?? ?? ?? ?? ??
0x000001568c780040:   ?? ?? ?? ?? ?? ?? ?? ?? ?? ?? ?? ?? ?? ?? ?? ??
0x000001568c780050:   ?? ?? ?? ?? ?? ?? ?? ?? ?? ?? ?? ?? ?? ?? ?? ??
0x000001568c780060:   ?? ?? ?? ?? ?? ?? ?? ?? ?? ?? ?? ?? ?? ?? ?? ??
0x000001568c780070:   ?? ?? ?? ?? ?? ?? ?? ?? ?? ?? ?? ?? ?? ?? ?? ??
0x000001568c780080:   ?? ?? ?? ?? ?? ?? ?? ?? ?? ?? ?? ?? ?? ?? ?? ??
0x000001568c780090:   ?? ?? ?? ?? ?? ?? ?? ?? ?? ?? ?? ?? ?? ?? ?? ??
0x000001568c7800a0:   ?? ?? ?? ?? ?? ?? ?? ?? ?? ?? ?? ?? ?? ?? ?? ??
0x000001568c7800b0:   ?? ?? ?? ?? ?? ?? ?? ?? ?? ?? ?? ?? ?? ?? ?? ??
0x000001568c7800c0:   ?? ?? ?? ?? ?? ?? ?? ?? ?? ?? ?? ?? ?? ?? ?? ??
0x000001568c7800d0:   ?? ?? ?? ?? ?? ?? ?? ?? ?? ?? ?? ?? ?? ?? ?? ??
0x000001568c7800e0:   ?? ?? ?? ?? ?? ?? ?? ?? ?? ?? ?? ?? ?? ?? ?? ??
0x000001568c7800f0:   ?? ?? ?? ?? ?? ?? ?? ?? ?? ?? ?? ?? ?? ?? ?? ?? 


Stack slot to memory mapping:
stack at sp + 0 slots: 0x00007ffda1421f7c glfw.dll
stack at sp + 1 slots: 0x000000070b350060 is an oop: com.badlogic.gdx.backends.lwjgl3.Lwjgl3GL20 
{0x000000070b350060} - klass: 'com/badlogic/gdx/backends/lwjgl3/Lwjgl3GL20'
 - ---- fields (total size 3 words):
 - private 'buffer' 'Ljava/nio/ByteBuffer;' @12  a 'java/nio/DirectByteBuffer'{0x000000070b2c27b0} (e16584f6)
 - private 'floatBuffer' 'Ljava/nio/FloatBuffer;' @16  a 'java/nio/DirectFloatBufferU'{0x000000070b350078} (e166a00f)
 - private 'intBuffer' 'Ljava/nio/IntBuffer;' @20  a 'java/nio/DirectIntBufferU'{0x000000070b3500b0} (e166a016)
stack at sp + 2 slots: 0x0000140600000002 is an unknown value
stack at sp + 3 slots: 0x0000000700000014 is an unknown value
stack at sp + 4 slots: 0x438c000041700000 is an unknown value
stack at sp + 5 slots: 0x000000070b2c3b00 is an oop: com.badlogic.gdx.graphics.Mesh 
{0x000000070b2c3b00} - klass: 'com/badlogic/gdx/graphics/Mesh'
 - ---- fields (total size 4 words):
 - 'autoBind' 'Z' @12  true
 - final 'isVertexArray' 'Z' @13  true
 - 'isInstanced' 'Z' @14  false
 - final 'vertices' 'Lcom/badlogic/gdx/graphics/glutils/VertexData;' @16  a 'com/badlogic/gdx/graphics/glutils/VertexArray'{0x000000070b2c3b20} (e1658764)
 - final 'indices' 'Lcom/badlogic/gdx/graphics/glutils/IndexData;' @20  a 'com/badlogic/gdx/graphics/glutils/IndexArray'{0x000000070b2c3d28} (e16587a5)
 - 'instances' 'Lcom/badlogic/gdx/graphics/glutils/InstanceData;' @24  NULL (0)
 - private final 'tmpV' 'Lcom/badlogic/gdx/math/Vector3;' @28  a 'com/badlogic/gdx/math/Vector3'{0x000000070b2c3db8} (e16587b7)
stack at sp + 6 slots: 0x00000156f14a4f7c is at entry_point+2172 in (nmethod*)0x00000156f14a4390
stack at sp + 7 slots: 0x57464c4720656854 is an unknown value


---------------  P R O C E S S  ---------------

Threads class SMR info:
_java_thread_list=0x00000156904d1cb0, length=19, elements={
0x00000156e90734c0, 0x000001568c5fade0, 0x000001568c5fd820, 0x000001568c612780,
0x000001568c613040, 0x000001568c613900, 0x000001568c6141c0, 0x000001568c614e60,
0x000001568c628580, 0x000001568c628e80, 0x000001568d12bc20, 0x000001568d13cdd0,
0x0000015697500910, 0x0000015697bc4620, 0x000001569e2d86d0, 0x000001569e20a390,
0x000001569da81fb0, 0x0000015697738330, 0x0000015697738cd0
}

Java Threads: ( => current thread )
=>0x00000156e90734c0 JavaThread "main" [_thread_in_native, id=11596, stack(0x0000000b85100000,0x0000000b85200000)]
  0x000001568c5fade0 JavaThread "Reference Handler" daemon [_thread_blocked, id=19060, stack(0x0000000b85800000,0x0000000b85900000)]
  0x000001568c5fd820 JavaThread "Finalizer" daemon [_thread_blocked, id=984, stack(0x0000000b85900000,0x0000000b85a00000)]
  0x000001568c612780 JavaThread "Signal Dispatcher" daemon [_thread_blocked, id=8788, stack(0x0000000b85a00000,0x0000000b85b00000)]
  0x000001568c613040 JavaThread "Attach Listener" daemon [_thread_blocked, id=15120, stack(0x0000000b85b00000,0x0000000b85c00000)]
  0x000001568c613900 JavaThread "Service Thread" daemon [_thread_blocked, id=19008, stack(0x0000000b85c00000,0x0000000b85d00000)]
  0x000001568c6141c0 JavaThread "Monitor Deflation Thread" daemon [_thread_blocked, id=24416, stack(0x0000000b85d00000,0x0000000b85e00000)]
  0x000001568c614e60 JavaThread "C2 CompilerThread0" daemon [_thread_blocked, id=18832, stack(0x0000000b85e00000,0x0000000b85f00000)]
  0x000001568c628580 JavaThread "C1 CompilerThread0" daemon [_thread_blocked, id=27160, stack(0x0000000b85f00000,0x0000000b86000000)]
  0x000001568c628e80 JavaThread "Sweeper thread" daemon [_thread_blocked, id=6868, stack(0x0000000b86000000,0x0000000b86100000)]
  0x000001568d12bc20 JavaThread "Notification Thread" daemon [_thread_blocked, id=17544, stack(0x0000000b86300000,0x0000000b86400000)]
  0x000001568d13cdd0 JavaThread "Common-Cleaner" daemon [_thread_blocked, id=1580, stack(0x0000000b86500000,0x0000000b86600000)]
  0x0000015697500910 JavaThread "LWJGL3 Timer" daemon [_thread_blocked, id=9616, stack(0x0000000b87500000,0x0000000b87600000)]
  0x0000015697bc4620 JavaThread "LWJGL3 Timer" daemon [_thread_blocked, id=23028, stack(0x0000000b87e00000,0x0000000b87f00000)]
  0x000001569e2d86d0 JavaThread "Java Sound Event Dispatcher" daemon [_thread_blocked, id=17992, stack(0x0000000b88700000,0x0000000b88800000)]
  0x000001569e20a390 JavaThread "Direct Clip" daemon [_thread_blocked, id=11792, stack(0x0000000b88a00000,0x0000000b88b00000)]
  0x000001569da81fb0 JavaThread "Direct Clip" daemon [_thread_blocked, id=24148, stack(0x0000000b88b00000,0x0000000b88c00000)]
  0x0000015697738330 JavaThread "Direct Clip" daemon [_thread_blocked, id=4308, stack(0x0000000b86e00000,0x0000000b86f00000)]
  0x0000015697738cd0 JavaThread "Direct Clip" daemon [_thread_blocked, id=5176, stack(0x0000000b86200000,0x0000000b86300000)]

Other Threads:
  0x000001568c5f43c0 VMThread "VM Thread" [stack: 0x0000000b85700000,0x0000000b85800000] [id=21444]
  0x000001568d138940 WatcherThread [stack: 0x0000000b86400000,0x0000000b86500000] [id=3528]
  0x00000156e90c9b70 GCTaskThread "GC Thread#0" [stack: 0x0000000b85200000,0x0000000b85300000] [id=27532]
  0x0000015690494810 GCTaskThread "GC Thread#1" [stack: 0x0000000b86f00000,0x0000000b87000000] [id=23420]
  0x0000015690494000 GCTaskThread "GC Thread#2" [stack: 0x0000000b87000000,0x0000000b87100000] [id=21276]
  0x0000015690496db0 GCTaskThread "GC Thread#3" [stack: 0x0000000b87100000,0x0000000b87200000] [id=14520]
  0x0000015690497870 GCTaskThread "GC Thread#4" [stack: 0x0000000b87200000,0x0000000b87300000] [id=980]
  0x0000015690494560 GCTaskThread "GC Thread#5" [stack: 0x0000000b87300000,0x0000000b87400000] [id=12468]
  0x0000015690496850 GCTaskThread "GC Thread#6" [stack: 0x0000000b87400000,0x0000000b87500000] [id=17752]
  0x000001569bc8b380 GCTaskThread "GC Thread#7" [stack: 0x0000000b88100000,0x0000000b88200000] [id=16932]
  0x00000156e90dbfe0 ConcurrentGCThread "G1 Main Marker" [stack: 0x0000000b85300000,0x0000000b85400000] [id=26156]
  0x00000156e90defb0 ConcurrentGCThread "G1 Conc#0" [stack: 0x0000000b85400000,0x0000000b85500000] [id=10960]
  0x000001568c4920c0 ConcurrentGCThread "G1 Refine#0" [stack: 0x0000000b85500000,0x0000000b85600000] [id=26884]
  0x000001569ddc5a10 ConcurrentGCThread "G1 Refine#1" [stack: 0x0000000b88200000,0x0000000b88300000] [id=18616]
  0x000001569eb76a60 ConcurrentGCThread "G1 Refine#2" [stack: 0x0000000b88300000,0x0000000b88400000] [id=14856]
  0x0000015697b61c10 ConcurrentGCThread "G1 Refine#3" [stack: 0x0000000b87d00000,0x0000000b87e00000] [id=12804]
  0x0000015697b61370 ConcurrentGCThread "G1 Refine#4" [stack: 0x0000000b87f00000,0x0000000b88000000] [id=27268]
  0x0000015697b61650 ConcurrentGCThread "G1 Refine#5" [stack: 0x0000000b88000000,0x0000000b88100000] [id=13660]
  0x0000015697b60ad0 ConcurrentGCThread "G1 Refine#6" [stack: 0x0000000b88400000,0x0000000b88500000] [id=23140]
  0x0000015697b60510 ConcurrentGCThread "G1 Refine#7" [stack: 0x0000000b88500000,0x0000000b88600000] [id=1336]
  0x000001568c4928f0 ConcurrentGCThread "G1 Service" [stack: 0x0000000b85600000,0x0000000b85700000] [id=11852]

Threads with active compile tasks:

VM state: not at safepoint (normal execution)

VM Mutex/Monitor currently owned by a thread: None

Heap address: 0x000000070a000000, size: 3936 MB, Compressed Oops mode: Zero based, Oop shift amount: 3

CDS archive(s) mapped at: [0x0000000800000000-0x0000000800bc0000-0x0000000800bc0000), size 12320768, SharedBaseAddress: 0x0000000800000000, ArchiveRelocationMode: 0.
Compressed class space mapped at: 0x0000000800c00000-0x0000000840c00000, reserved size: 1073741824
Narrow klass base: 0x0000000800000000, Narrow klass shift: 0, Narrow klass range: 0x100000000

GC Precious Log:
 CPUs: 16 total, 16 available
 Memory: 15741M
 Large Page Support: Disabled
 NUMA Support: Disabled
 Compressed Oops: Enabled (Zero based)
 Heap Region Size: 2M
 Heap Min Capacity: 8M
 Heap Initial Capacity: 246M
 Heap Max Capacity: 3936M
 Pre-touch: Disabled
 Parallel Workers: 13
 Concurrent Workers: 3
 Concurrent Refinement Workers: 13
 Periodic GC: Disabled

Heap:
 garbage-first heap   total 251904K, used 136622K [0x000000070a000000, 0x0000000800000000)
  region size 2048K, 51 young (104448K), 1 survivors (2048K)
 Metaspace       used 10358K, committed 10432K, reserved 1064960K
  class space    used 728K, committed 768K, reserved 1048576K

Heap Regions: E=young(eden), S=young(survivor), O=old, HS=humongous(starts), HC=humongous(continues), CS=collection set, F=free, OA=open archive, CA=closed archive, TAMS=top-at-mark-start (previous, next)
|   0|0x000000070a000000, 0x000000070a200000, 0x000000070a200000|100%| O|  |TAMS 0x000000070a000000, 0x000000070a000000| Untracked 
|   1|0x000000070a200000, 0x000000070a400000, 0x000000070a400000|100%|HS|  |TAMS 0x000000070a200000, 0x000000070a200000| Complete 
|   2|0x000000070a400000, 0x000000070a600000, 0x000000070a600000|100%|HS|  |TAMS 0x000000070a400000, 0x000000070a400000| Complete 
|   3|0x000000070a600000, 0x000000070a800000, 0x000000070a800000|100%|HS|  |TAMS 0x000000070a600000, 0x000000070a600000| Complete 
|   4|0x000000070a800000, 0x000000070aa00000, 0x000000070aa00000|100%| O|  |TAMS 0x000000070a800000, 0x000000070a800000| Untracked 
|   5|0x000000070aa00000, 0x000000070ac00000, 0x000000070ac00000|100%| O|  |TAMS 0x000000070aa00000, 0x000000070aa00000| Untracked 
|   6|0x000000070ac00000, 0x000000070ae00000, 0x000000070ae00000|100%| O|  |TAMS 0x000000070ac00000, 0x000000070ac00000| Untracked 
|   7|0x000000070ae00000, 0x000000070b000000, 0x000000070b000000|100%| O|  |TAMS 0x000000070ae00000, 0x000000070ae00000| Untracked 
|   8|0x000000070b000000, 0x000000070b200000, 0x000000070b200000|100%| O|  |TAMS 0x000000070b000000, 0x000000070b000000| Untracked 
|   9|0x000000070b200000, 0x000000070b400000, 0x000000070b400000|100%| O|  |TAMS 0x000000070b200000, 0x000000070b200000| Untracked 
|  10|0x000000070b400000, 0x000000070b600000, 0x000000070b600000|100%| O|  |TAMS 0x000000070b400000, 0x000000070b400000| Untracked 
|  11|0x000000070b600000, 0x000000070b6e1000, 0x000000070b800000| 43%| O|  |TAMS 0x000000070b600000, 0x000000070b600000| Untracked 
|  12|0x000000070b800000, 0x000000070ba00000, 0x000000070ba00000|100%|HS|  |TAMS 0x000000070b800000, 0x000000070b800000| Complete 
|  13|0x000000070ba00000, 0x000000070bc00000, 0x000000070bc00000|100%|HS|  |TAMS 0x000000070ba00000, 0x000000070ba00000| Complete 
|  14|0x000000070bc00000, 0x000000070be00000, 0x000000070be00000|100%|HS|  |TAMS 0x000000070bc00000, 0x000000070bc00000| Complete 
|  15|0x000000070be00000, 0x000000070c000000, 0x000000070c000000|100%|HS|  |TAMS 0x000000070be00000, 0x000000070be00000| Complete 
|  16|0x000000070c000000, 0x000000070c200000, 0x000000070c200000|100%|HS|  |TAMS 0x000000070c000000, 0x000000070c000000| Complete 
|  17|0x000000070c200000, 0x000000070c400000, 0x000000070c400000|100%|HS|  |TAMS 0x000000070c200000, 0x000000070c200000| Complete 
|  18|0x000000070c400000, 0x000000070c400000, 0x000000070c600000|  0%| F|  |TAMS 0x000000070c400000, 0x000000070c400000| Untracked 
|  19|0x000000070c600000, 0x000000070c600000, 0x000000070c800000|  0%| F|  |TAMS 0x000000070c600000, 0x000000070c600000| Untracked 
|  20|0x000000070c800000, 0x000000070c800000, 0x000000070ca00000|  0%| F|  |TAMS 0x000000070c800000, 0x000000070c800000| Untracked 
|  21|0x000000070ca00000, 0x000000070ca00000, 0x000000070cc00000|  0%| F|  |TAMS 0x000000070ca00000, 0x000000070ca00000| Untracked 
|  22|0x000000070cc00000, 0x000000070cc00000, 0x000000070ce00000|  0%| F|  |TAMS 0x000000070cc00000, 0x000000070cc00000| Untracked 
|  23|0x000000070ce00000, 0x000000070ce00000, 0x000000070d000000|  0%| F|  |TAMS 0x000000070ce00000, 0x000000070ce00000| Untracked 
|  24|0x000000070d000000, 0x000000070d000000, 0x000000070d200000|  0%| F|  |TAMS 0x000000070d000000, 0x000000070d000000| Untracked 
|  25|0x000000070d200000, 0x000000070d200000, 0x000000070d400000|  0%| F|  |TAMS 0x000000070d200000, 0x000000070d200000| Untracked 
|  26|0x000000070d400000, 0x000000070d400000, 0x000000070d600000|  0%| F|  |TAMS 0x000000070d400000, 0x000000070d400000| Untracked 
|  27|0x000000070d600000, 0x000000070d600000, 0x000000070d800000|  0%| F|  |TAMS 0x000000070d600000, 0x000000070d600000| Untracked 
|  28|0x000000070d800000, 0x000000070d800000, 0x000000070da00000|  0%| F|  |TAMS 0x000000070d800000, 0x000000070d800000| Untracked 
|  29|0x000000070da00000, 0x000000070da00000, 0x000000070dc00000|  0%| F|  |TAMS 0x000000070da00000, 0x000000070da00000| Untracked 
|  30|0x000000070dc00000, 0x000000070dc00000, 0x000000070de00000|  0%| F|  |TAMS 0x000000070dc00000, 0x000000070dc00000| Untracked 
|  31|0x000000070de00000, 0x000000070de00000, 0x000000070e000000|  0%| F|  |TAMS 0x000000070de00000, 0x000000070de00000| Untracked 
|  32|0x000000070e000000, 0x000000070e000000, 0x000000070e200000|  0%| F|  |TAMS 0x000000070e000000, 0x000000070e000000| Untracked 
|  33|0x000000070e200000, 0x000000070e200000, 0x000000070e400000|  0%| F|  |TAMS 0x000000070e200000, 0x000000070e200000| Untracked 
|  34|0x000000070e400000, 0x000000070e400000, 0x000000070e600000|  0%| F|  |TAMS 0x000000070e400000, 0x000000070e400000| Untracked 
|  35|0x000000070e600000, 0x000000070e600000, 0x000000070e800000|  0%| F|  |TAMS 0x000000070e600000, 0x000000070e600000| Untracked 
|  36|0x000000070e800000, 0x000000070e800000, 0x000000070ea00000|  0%| F|  |TAMS 0x000000070e800000, 0x000000070e800000| Untracked 
|  37|0x000000070ea00000, 0x000000070ea00000, 0x000000070ec00000|  0%| F|  |TAMS 0x000000070ea00000, 0x000000070ea00000| Untracked 
|  38|0x000000070ec00000, 0x000000070ec00000, 0x000000070ee00000|  0%| F|  |TAMS 0x000000070ec00000, 0x000000070ec00000| Untracked 
|  39|0x000000070ee00000, 0x000000070ee00000, 0x000000070f000000|  0%| F|  |TAMS 0x000000070ee00000, 0x000000070ee00000| Untracked 
|  40|0x000000070f000000, 0x000000070f000000, 0x000000070f200000|  0%| F|  |TAMS 0x000000070f000000, 0x000000070f000000| Untracked 
|  41|0x000000070f200000, 0x000000070f200000, 0x000000070f400000|  0%| F|  |TAMS 0x000000070f200000, 0x000000070f200000| Untracked 
|  42|0x000000070f400000, 0x000000070f400000, 0x000000070f600000|  0%| F|  |TAMS 0x000000070f400000, 0x000000070f400000| Untracked 
|  43|0x000000070f600000, 0x000000070f600000, 0x000000070f800000|  0%| F|  |TAMS 0x000000070f600000, 0x000000070f600000| Untracked 
|  44|0x000000070f800000, 0x000000070f800000, 0x000000070fa00000|  0%| F|  |TAMS 0x000000070f800000, 0x000000070f800000| Untracked 
|  45|0x000000070fa00000, 0x000000070fa00000, 0x000000070fc00000|  0%| F|  |TAMS 0x000000070fa00000, 0x000000070fa00000| Untracked 
|  46|0x000000070fc00000, 0x000000070fc00000, 0x000000070fe00000|  0%| F|  |TAMS 0x000000070fc00000, 0x000000070fc00000| Untracked 
|  47|0x000000070fe00000, 0x000000070fe00000, 0x0000000710000000|  0%| F|  |TAMS 0x000000070fe00000, 0x000000070fe00000| Untracked 
|  48|0x0000000710000000, 0x0000000710000000, 0x0000000710200000|  0%| F|  |TAMS 0x0000000710000000, 0x0000000710000000| Untracked 
|  49|0x0000000710200000, 0x0000000710200000, 0x0000000710400000|  0%| F|  |TAMS 0x0000000710200000, 0x0000000710200000| Untracked 
|  50|0x0000000710400000, 0x0000000710400000, 0x0000000710600000|  0%| F|  |TAMS 0x0000000710400000, 0x0000000710400000| Untracked 
|  51|0x0000000710600000, 0x0000000710600000, 0x0000000710800000|  0%| F|  |TAMS 0x0000000710600000, 0x0000000710600000| Untracked 
|  52|0x0000000710800000, 0x0000000710800000, 0x0000000710a00000|  0%| F|  |TAMS 0x0000000710800000, 0x0000000710800000| Untracked 
|  53|0x0000000710a00000, 0x0000000710a00000, 0x0000000710c00000|  0%| F|  |TAMS 0x0000000710a00000, 0x0000000710a00000| Untracked 
|  54|0x0000000710c00000, 0x0000000710c00000, 0x0000000710e00000|  0%| F|  |TAMS 0x0000000710c00000, 0x0000000710c00000| Untracked 
|  55|0x0000000710e00000, 0x0000000710e00000, 0x0000000711000000|  0%| F|  |TAMS 0x0000000710e00000, 0x0000000710e00000| Untracked 
|  56|0x0000000711000000, 0x0000000711000000, 0x0000000711200000|  0%| F|  |TAMS 0x0000000711000000, 0x0000000711000000| Untracked 
|  57|0x0000000711200000, 0x0000000711200000, 0x0000000711400000|  0%| F|  |TAMS 0x0000000711200000, 0x0000000711200000| Untracked 
|  58|0x0000000711400000, 0x0000000711400000, 0x0000000711600000|  0%| F|  |TAMS 0x0000000711400000, 0x0000000711400000| Untracked 
|  59|0x0000000711600000, 0x0000000711600000, 0x0000000711800000|  0%| F|  |TAMS 0x0000000711600000, 0x0000000711600000| Untracked 
|  60|0x0000000711800000, 0x0000000711800000, 0x0000000711a00000|  0%| F|  |TAMS 0x0000000711800000, 0x0000000711800000| Untracked 
|  61|0x0000000711a00000, 0x0000000711a00000, 0x0000000711c00000|  0%| F|  |TAMS 0x0000000711a00000, 0x0000000711a00000| Untracked 
|  62|0x0000000711c00000, 0x0000000711c00000, 0x0000000711e00000|  0%| F|  |TAMS 0x0000000711c00000, 0x0000000711c00000| Untracked 
|  63|0x0000000711e00000, 0x0000000711e00000, 0x0000000712000000|  0%| F|  |TAMS 0x0000000711e00000, 0x0000000711e00000| Untracked 
|  64|0x0000000712000000, 0x0000000712000000, 0x0000000712200000|  0%| F|  |TAMS 0x0000000712000000, 0x0000000712000000| Untracked 
|  65|0x0000000712200000, 0x0000000712200000, 0x0000000712400000|  0%| F|  |TAMS 0x0000000712200000, 0x0000000712200000| Untracked 
|  66|0x0000000712400000, 0x0000000712400000, 0x0000000712600000|  0%| F|  |TAMS 0x0000000712400000, 0x0000000712400000| Untracked 
|  67|0x0000000712600000, 0x0000000712600000, 0x0000000712800000|  0%| F|  |TAMS 0x0000000712600000, 0x0000000712600000| Untracked 
|  68|0x0000000712800000, 0x0000000712800000, 0x0000000712a00000|  0%| F|  |TAMS 0x0000000712800000, 0x0000000712800000| Untracked 
|  69|0x0000000712a00000, 0x0000000712a00000, 0x0000000712c00000|  0%| F|  |TAMS 0x0000000712a00000, 0x0000000712a00000| Untracked 
|  70|0x0000000712c00000, 0x0000000712c00000, 0x0000000712e00000|  0%| F|  |TAMS 0x0000000712c00000, 0x0000000712c00000| Untracked 
|  71|0x0000000712e00000, 0x0000000712e00000, 0x0000000713000000|  0%| F|  |TAMS 0x0000000712e00000, 0x0000000712e00000| Untracked 
|  72|0x0000000713000000, 0x0000000713100800, 0x0000000713200000| 50%| E|  |TAMS 0x0000000713000000, 0x0000000713000000| Complete 
|  73|0x0000000713200000, 0x0000000713400000, 0x0000000713400000|100%| E|CS|TAMS 0x0000000713200000, 0x0000000713200000| Complete 
|  74|0x0000000713400000, 0x0000000713600000, 0x0000000713600000|100%| E|CS|TAMS 0x0000000713400000, 0x0000000713400000| Complete 
|  75|0x0000000713600000, 0x0000000713800000, 0x0000000713800000|100%| E|CS|TAMS 0x0000000713600000, 0x0000000713600000| Complete 
|  76|0x0000000713800000, 0x0000000713a00000, 0x0000000713a00000|100%| E|CS|TAMS 0x0000000713800000, 0x0000000713800000| Complete 
|  77|0x0000000713a00000, 0x0000000713c00000, 0x0000000713c00000|100%| E|CS|TAMS 0x0000000713a00000, 0x0000000713a00000| Complete 
|  78|0x0000000713c00000, 0x0000000713e00000, 0x0000000713e00000|100%| E|CS|TAMS 0x0000000713c00000, 0x0000000713c00000| Complete 
|  79|0x0000000713e00000, 0x0000000714000000, 0x0000000714000000|100%| E|CS|TAMS 0x0000000713e00000, 0x0000000713e00000| Complete 
|  80|0x0000000714000000, 0x0000000714200000, 0x0000000714200000|100%| E|CS|TAMS 0x0000000714000000, 0x0000000714000000| Complete 
|  81|0x0000000714200000, 0x0000000714400000, 0x0000000714400000|100%| E|CS|TAMS 0x0000000714200000, 0x0000000714200000| Complete 
|  82|0x0000000714400000, 0x0000000714600000, 0x0000000714600000|100%| E|CS|TAMS 0x0000000714400000, 0x0000000714400000| Complete 
|  83|0x0000000714600000, 0x0000000714800000, 0x0000000714800000|100%| E|CS|TAMS 0x0000000714600000, 0x0000000714600000| Complete 
|  84|0x0000000714800000, 0x0000000714a00000, 0x0000000714a00000|100%| E|CS|TAMS 0x0000000714800000, 0x0000000714800000| Complete 
|  85|0x0000000714a00000, 0x0000000714c00000, 0x0000000714c00000|100%| E|CS|TAMS 0x0000000714a00000, 0x0000000714a00000| Complete 
|  86|0x0000000714c00000, 0x0000000714e00000, 0x0000000714e00000|100%| E|CS|TAMS 0x0000000714c00000, 0x0000000714c00000| Complete 
|  87|0x0000000714e00000, 0x0000000715000000, 0x0000000715000000|100%| E|CS|TAMS 0x0000000714e00000, 0x0000000714e00000| Complete 
|  88|0x0000000715000000, 0x0000000715200000, 0x0000000715200000|100%| E|CS|TAMS 0x0000000715000000, 0x0000000715000000| Complete 
|  89|0x0000000715200000, 0x0000000715400000, 0x0000000715400000|100%| E|CS|TAMS 0x0000000715200000, 0x0000000715200000| Complete 
|  90|0x0000000715400000, 0x0000000715600000, 0x0000000715600000|100%| E|CS|TAMS 0x0000000715400000, 0x0000000715400000| Complete 
|  91|0x0000000715600000, 0x0000000715800000, 0x0000000715800000|100%| E|CS|TAMS 0x0000000715600000, 0x0000000715600000| Complete 
|  92|0x0000000715800000, 0x0000000715a00000, 0x0000000715a00000|100%| E|CS|TAMS 0x0000000715800000, 0x0000000715800000| Complete 
|  93|0x0000000715a00000, 0x0000000715c00000, 0x0000000715c00000|100%| E|CS|TAMS 0x0000000715a00000, 0x0000000715a00000| Complete 
|  94|0x0000000715c00000, 0x0000000715e00000, 0x0000000715e00000|100%| E|CS|TAMS 0x0000000715c00000, 0x0000000715c00000| Complete 
|  95|0x0000000715e00000, 0x0000000716000000, 0x0000000716000000|100%| E|CS|TAMS 0x0000000715e00000, 0x0000000715e00000| Complete 
|  96|0x0000000716000000, 0x0000000716200000, 0x0000000716200000|100%| E|CS|TAMS 0x0000000716000000, 0x0000000716000000| Complete 
|  97|0x0000000716200000, 0x0000000716400000, 0x0000000716400000|100%| E|CS|TAMS 0x0000000716200000, 0x0000000716200000| Complete 
|  98|0x0000000716400000, 0x0000000716600000, 0x0000000716600000|100%| E|CS|TAMS 0x0000000716400000, 0x0000000716400000| Complete 
|  99|0x0000000716600000, 0x0000000716800000, 0x0000000716800000|100%| E|CS|TAMS 0x0000000716600000, 0x0000000716600000| Complete 
| 100|0x0000000716800000, 0x0000000716a00000, 0x0000000716a00000|100%| E|CS|TAMS 0x0000000716800000, 0x0000000716800000| Complete 
| 101|0x0000000716a00000, 0x0000000716c00000, 0x0000000716c00000|100%| E|CS|TAMS 0x0000000716a00000, 0x0000000716a00000| Complete 
| 102|0x0000000716c00000, 0x0000000716e00000, 0x0000000716e00000|100%| E|CS|TAMS 0x0000000716c00000, 0x0000000716c00000| Complete 
| 103|0x0000000716e00000, 0x0000000717000000, 0x0000000717000000|100%| E|CS|TAMS 0x0000000716e00000, 0x0000000716e00000| Complete 
| 104|0x0000000717000000, 0x0000000717200000, 0x0000000717200000|100%| E|CS|TAMS 0x0000000717000000, 0x0000000717000000| Complete 
| 105|0x0000000717200000, 0x0000000717400000, 0x0000000717400000|100%| E|CS|TAMS 0x0000000717200000, 0x0000000717200000| Complete 
| 106|0x0000000717400000, 0x0000000717600000, 0x0000000717600000|100%| E|CS|TAMS 0x0000000717400000, 0x0000000717400000| Complete 
| 107|0x0000000717600000, 0x0000000717800000, 0x0000000717800000|100%| E|CS|TAMS 0x0000000717600000, 0x0000000717600000| Complete 
| 108|0x0000000717800000, 0x0000000717a00000, 0x0000000717a00000|100%| E|CS|TAMS 0x0000000717800000, 0x0000000717800000| Complete 
| 109|0x0000000717a00000, 0x0000000717c00000, 0x0000000717c00000|100%| E|CS|TAMS 0x0000000717a00000, 0x0000000717a00000| Complete 
| 110|0x0000000717c00000, 0x0000000717e00000, 0x0000000717e00000|100%| E|CS|TAMS 0x0000000717c00000, 0x0000000717c00000| Complete 
| 111|0x0000000717e00000, 0x0000000718000000, 0x0000000718000000|100%| E|CS|TAMS 0x0000000717e00000, 0x0000000717e00000| Complete 
| 112|0x0000000718000000, 0x0000000718200000, 0x0000000718200000|100%| E|CS|TAMS 0x0000000718000000, 0x0000000718000000| Complete 
| 113|0x0000000718200000, 0x0000000718400000, 0x0000000718400000|100%| E|CS|TAMS 0x0000000718200000, 0x0000000718200000| Complete 
| 114|0x0000000718400000, 0x0000000718600000, 0x0000000718600000|100%| E|CS|TAMS 0x0000000718400000, 0x0000000718400000| Complete 
| 115|0x0000000718600000, 0x0000000718800000, 0x0000000718800000|100%| E|CS|TAMS 0x0000000718600000, 0x0000000718600000| Complete 
| 116|0x0000000718800000, 0x0000000718a00000, 0x0000000718a00000|100%| E|CS|TAMS 0x0000000718800000, 0x0000000718800000| Complete 
| 117|0x0000000718a00000, 0x0000000718c00000, 0x0000000718c00000|100%| E|CS|TAMS 0x0000000718a00000, 0x0000000718a00000| Complete 
| 118|0x0000000718c00000, 0x0000000718e00000, 0x0000000718e00000|100%| E|CS|TAMS 0x0000000718c00000, 0x0000000718c00000| Complete 
| 119|0x0000000718e00000, 0x0000000718e8aa20, 0x0000000719000000| 27%| S|CS|TAMS 0x0000000718e00000, 0x0000000718e00000| Complete 
| 120|0x0000000719000000, 0x0000000719200000, 0x0000000719200000|100%| E|CS|TAMS 0x0000000719000000, 0x0000000719000000| Complete 
| 121|0x0000000719200000, 0x0000000719400000, 0x0000000719400000|100%| E|CS|TAMS 0x0000000719200000, 0x0000000719200000| Complete 
| 122|0x0000000719400000, 0x0000000719600000, 0x0000000719600000|100%| E|CS|TAMS 0x0000000719400000, 0x0000000719400000| Complete 

Card table byte_map: [0x0000015680bf0000,0x00000156813a0000] _byte_map_base: 0x000001567d3a0000

Marking Bits (Prev, Next): (CMBitMap*) 0x00000156e90cc0b0, (CMBitMap*) 0x00000156e90cc0f0
 Prev Bits: [0x0000015681b50000, 0x00000156858d0000)
 Next Bits: [0x00000156858d0000, 0x0000015689650000)

Polling page: 0x00000156e7050000

Metaspace:

Usage:
  Non-class:      9.40 MB used.
      Class:    728.69 KB used.
       Both:     10.12 MB used.

Virtual space:
  Non-class space:       16.00 MB reserved,       9.44 MB ( 59%) committed,  2 nodes.
      Class space:        1.00 GB reserved,     768.00 KB ( <1%) committed,  1 nodes.
             Both:        1.02 GB reserved,      10.19 MB ( <1%) committed. 

Chunk freelists:
   Non-Class:  640.00 KB
       Class:  3.19 MB
        Both:  3.81 MB

MaxMetaspaceSize: unlimited
CompressedClassSpaceSize: 1.00 GB
Initial GC threshold: 21.00 MB
Current GC threshold: 21.00 MB
CDS: on
MetaspaceReclaimPolicy: balanced
 - commit_granule_bytes: 65536.
 - commit_granule_words: 8192.
 - virtual_space_node_default_size: 1048576.
 - enlarge_chunks_in_place: 1.
 - new_chunks_are_fully_committed: 0.
 - uncommit_free_chunks: 1.
 - use_allocation_guard: 0.
 - handle_deallocations: 1.


Internal statistics:

num_allocs_failed_limit: 0.
num_arena_births: 44.
num_arena_deaths: 0.
num_vsnodes_births: 3.
num_vsnodes_deaths: 0.
num_space_committed: 161.
num_space_uncommitted: 0.
num_chunks_returned_to_freelist: 0.
num_chunks_taken_from_freelist: 322.
num_chunk_merges: 0.
num_chunk_splits: 274.
num_chunks_enlarged: 250.
num_purges: 0.
num_inconsistent_stats: 0.

CodeHeap 'non-profiled nmethods': size=119168Kb used=1787Kb max_used=1787Kb free=117380Kb
 bounds [0x00000156f86e0000, 0x00000156f8950000, 0x00000156ffb40000]
CodeHeap 'profiled nmethods': size=119104Kb used=4185Kb max_used=4185Kb free=114918Kb
 bounds [0x00000156f1290000, 0x00000156f16b0000, 0x00000156f86e0000]
CodeHeap 'non-nmethods': size=7488Kb used=1663Kb max_used=3396Kb free=5824Kb
 bounds [0x00000156f0b40000, 0x00000156f0ea0000, 0x00000156f1290000]
 total_blobs=3461 nmethods=2352 adapters=1022
 compilation: enabled
              stopped_count=0, restarted_count=0
 full_count=0

Compilation events (20 events):
Event: 14.344 Thread 0x000001568c614e60 2346       4       com.badlogic.gdx.graphics.g3d.utils.ModelBuilder::node (39 bytes)
Event: 14.347 Thread 0x000001568c614e60 nmethod 2346 0x00000156f888d490 code [0x00000156f888d640, 0x00000156f888db08]
Event: 14.352 Thread 0x000001568c614e60 2347       4       com.badlogic.gdx.math.Matrix4::det (444 bytes)
Event: 14.355 Thread 0x000001568c614e60 nmethod 2347 0x00000156f888dd10 code [0x00000156f888de80, 0x00000156f888e0f8]
Event: 14.361 Thread 0x000001568c614e60 2348       4       com.badlogic.gdx.graphics.g3d.utils.MeshBuilder::end (283 bytes)
Event: 14.383 Thread 0x000001568c614e60 nmethod 2348 0x00000156f888e190 code [0x00000156f888e420, 0x00000156f888f988]
Event: 14.383 Thread 0x000001568c614e60 2349       4       com.badlogic.gdx.graphics.g3d.utils.ModelBuilder::rebuildReferences (57 bytes)
Event: 14.434 Thread 0x000001568c614e60 nmethod 2349 0x00000156f8890e10 code [0x00000156f8891120, 0x00000156f8893670]
Event: 14.434 Thread 0x000001568c614e60 2350       4       com.badlogic.gdx.graphics.g3d.ModelInstance::copyNodes (45 bytes)
Event: 14.539 Thread 0x000001568c614e60 nmethod 2350 0x00000156f8894910 code [0x00000156f8894ce0, 0x00000156f8898ba0]
Event: 14.539 Thread 0x000001568c614e60 2351       4       com.badlogic.gdx.graphics.g3d.model.NodePart::set (179 bytes)
Event: 14.544 Thread 0x000001568c614e60 nmethod 2351 0x00000156f889ab10 code [0x00000156f889aca0, 0x00000156f889b578]
Event: 14.661 Thread 0x000001568c614e60 2352       4       com.badlogic.gdx.graphics.g3d.model.Node::calculateBoneTransforms (170 bytes)
Event: 14.672 Thread 0x000001568c614e60 nmethod 2352 0x00000156f889b810 code [0x00000156f889ba00, 0x00000156f889c738]
Event: 14.744 Thread 0x000001568c614e60 2353       4       com.badlogic.gdx.graphics.g3d.model.Node::calculateTransforms (50 bytes)
Event: 14.750 Thread 0x000001568c614e60 nmethod 2353 0x00000156f889cd10 code [0x00000156f889cf00, 0x00000156f889d8b8]
Event: 14.894 Thread 0x000001568c614e60 2354       4       java.lang.AbstractStringBuilder::charAt (36 bytes)
Event: 14.895 Thread 0x000001568c614e60 nmethod 2354 0x00000156f889de90 code [0x00000156f889e020, 0x00000156f889e158]
Event: 15.195 Thread 0x000001568c614e60 2355       4       java.util.regex.Pattern$Branch::match (66 bytes)
Event: 15.199 Thread 0x000001568c614e60 nmethod 2355 0x00000156f889e290 code [0x00000156f889e480, 0x00000156f889e9c0]

GC Heap History (6 events):
Event: 0.959 GC heap before
{Heap before GC invocations=0 (full 0):
 garbage-first heap   total 251904K, used 22528K [0x000000070a000000, 0x0000000800000000)
  region size 2048K, 11 young (22528K), 0 survivors (0K)
 Metaspace       used 7051K, committed 7232K, reserved 1064960K
  class space    used 427K, committed 512K, reserved 1048576K
}
Event: 0.961 GC heap after
{Heap after GC invocations=1 (full 0):
 garbage-first heap   total 251904K, used 2547K [0x000000070a000000, 0x0000000800000000)
  region size 2048K, 2 young (4096K), 2 survivors (4096K)
 Metaspace       used 7051K, committed 7232K, reserved 1064960K
  class space    used 427K, committed 512K, reserved 1048576K
}
Event: 5.075 GC heap before
{Heap before GC invocations=1 (full 0):
 garbage-first heap   total 251904K, used 47603K [0x000000070a000000, 0x0000000800000000)
  region size 2048K, 20 young (40960K), 2 survivors (4096K)
 Metaspace       used 9780K, committed 9856K, reserved 1064960K
  class space    used 677K, committed 704K, reserved 1048576K
}
Event: 5.083 GC heap after
{Heap after GC invocations=2 (full 0):
 garbage-first heap   total 251904K, used 22660K [0x000000070a000000, 0x0000000800000000)
  region size 2048K, 3 young (6144K), 3 survivors (6144K)
 Metaspace       used 9780K, committed 9856K, reserved 1064960K
  class space    used 677K, committed 704K, reserved 1048576K
}
Event: 5.541 GC heap before
{Heap before GC invocations=2 (full 0):
 garbage-first heap   total 251904K, used 28804K [0x000000070a000000, 0x0000000800000000)
  region size 2048K, 6 young (12288K), 3 survivors (6144K)
 Metaspace       used 9801K, committed 9920K, reserved 1064960K
  class space    used 677K, committed 704K, reserved 1048576K
}
Event: 5.546 GC heap after
{Heap after GC invocations=3 (full 0):
 garbage-first heap   total 251904K, used 23982K [0x000000070a000000, 0x0000000800000000)
  region size 2048K, 1 young (2048K), 1 survivors (2048K)
 Metaspace       used 9801K, committed 9920K, reserved 1064960K
  class space    used 677K, committed 704K, reserved 1048576K
}

Deoptimization events (20 events):
Event: 9.237 Thread 0x00000156e90734c0 Uncommon trap: trap_request=0xffffff45 fr.pc=0x00000156f8844620 relative=0x00000000000001a0
Event: 9.237 Thread 0x00000156e90734c0 Uncommon trap: reason=unstable_if action=reinterpret pc=0x00000156f8844620 method=com.crazyputting3d.Engine.physicsEngine.get_ball_coordinatesZ()[F @ 42 c2
Event: 9.237 Thread 0x00000156e90734c0 DEOPT PACKING pc=0x00000156f8844620 sp=0x0000000b851fee90
Event: 9.237 Thread 0x00000156e90734c0 DEOPT UNPACKING pc=0x00000156f0b923a3 sp=0x0000000b851fee30 mode 2
Event: 9.337 Thread 0x00000156e90734c0 Uncommon trap: trap_request=0xffffff45 fr.pc=0x00000156f87e2224 relative=0x00000000000020e4
Event: 9.337 Thread 0x00000156e90734c0 Uncommon trap: reason=unstable_if action=reinterpret pc=0x00000156f87e2224 method=com.badlogic.gdx.utils.TimSort.mergeHi(IIII)V @ 269 c2
Event: 9.337 Thread 0x00000156e90734c0 DEOPT PACKING pc=0x00000156f87e2224 sp=0x0000000b851feb50
Event: 9.337 Thread 0x00000156e90734c0 DEOPT UNPACKING pc=0x00000156f0b923a3 sp=0x0000000b851feb60 mode 2
Event: 9.402 Thread 0x00000156e90734c0 DEOPT PACKING pc=0x00000156f1677811 sp=0x0000000b851feb50
Event: 9.402 Thread 0x00000156e90734c0 DEOPT UNPACKING pc=0x00000156f0b92b43 sp=0x0000000b851fe048 mode 0
Event: 9.436 Thread 0x00000156e90734c0 DEOPT PACKING pc=0x00000156f1677811 sp=0x0000000b851feb50
Event: 9.436 Thread 0x00000156e90734c0 DEOPT UNPACKING pc=0x00000156f0b92b43 sp=0x0000000b851fe048 mode 0
Event: 9.470 Thread 0x00000156e90734c0 DEOPT PACKING pc=0x00000156f1677811 sp=0x0000000b851feb50
Event: 9.470 Thread 0x00000156e90734c0 DEOPT UNPACKING pc=0x00000156f0b92b43 sp=0x0000000b851fe048 mode 0
Event: 9.503 Thread 0x00000156e90734c0 DEOPT PACKING pc=0x00000156f1677811 sp=0x0000000b851feb50
Event: 9.503 Thread 0x00000156e90734c0 DEOPT UNPACKING pc=0x00000156f0b92b43 sp=0x0000000b851fe048 mode 0
Event: 9.536 Thread 0x00000156e90734c0 DEOPT PACKING pc=0x00000156f1677811 sp=0x0000000b851feb50
Event: 9.536 Thread 0x00000156e90734c0 DEOPT UNPACKING pc=0x00000156f0b92b43 sp=0x0000000b851fe048 mode 0
Event: 9.569 Thread 0x00000156e90734c0 DEOPT PACKING pc=0x00000156f1677811 sp=0x0000000b851feb50
Event: 9.569 Thread 0x00000156e90734c0 DEOPT UNPACKING pc=0x00000156f0b92b43 sp=0x0000000b851fe048 mode 0

Classes unloaded (0 events):
No events

Classes redefined (0 events):
No events

Internal exceptions (20 events):
Event: 0.168 Thread 0x00000156e90734c0 Exception <a 'java/lang/NoSuchMethodError'{0x0000000718e3f140}: 'void java.lang.invoke.DirectMethodHandle$Holder.invokeStatic(java.lang.Object, java.lang.Object)'> (0x0000000718e3f140) 
thrown [e:\jenkins\tmp\workspace\build\src\src\hotspot\share\interpreter\linkResolver.cpp, line 766]
Event: 0.169 Thread 0x00000156e90734c0 Exception <a 'java/lang/NoSuchMethodError'{0x0000000718e44988}: 'void java.lang.invoke.DirectMethodHandle$Holder.invokeSpecial(java.lang.Object, java.lang.Object, java.lang.Object)'> (0x0000000718e44988) 
thrown [e:\jenkins\tmp\workspace\build\src\src\hotspot\share\interpreter\linkResolver.cpp, line 766]
Event: 0.171 Thread 0x00000156e90734c0 Exception <a 'java/lang/NoSuchMethodError'{0x0000000718e57d10}: 'java.lang.Object java.lang.invoke.DirectMethodHandle$Holder.invokeStatic(java.lang.Object, java.lang.Object, int)'> (0x0000000718e57d10) 
thrown [e:\jenkins\tmp\workspace\build\src\src\hotspot\share\interpreter\linkResolver.cpp, line 766]
Event: 0.172 Thread 0x00000156e90734c0 Exception <a 'java/lang/NoSuchMethodError'{0x0000000718e63a80}: 'void java.lang.invoke.DelegatingMethodHandle$Holder.delegate(java.lang.Object, java.lang.Object, int, java.lang.Object)'> (0x0000000718e63a80) 
thrown [e:\jenkins\tmp\workspace\build\src\src\hotspot\share\interpreter\linkResolver.cpp, line 766]
Event: 0.172 Thread 0x00000156e90734c0 Exception <a 'java/lang/NoSuchMethodError'{0x0000000718e67cc0}: 'int java.lang.invoke.DirectMethodHandle$Holder.invokeSpecial(java.lang.Object, java.lang.Object, java.lang.Object)'> (0x0000000718e67cc0) 
thrown [e:\jenkins\tmp\workspace\build\src\src\hotspot\share\interpreter\linkResolver.cpp, line 766]
Event: 0.198 Thread 0x00000156e90734c0 Exception <a 'sun/nio/fs/WindowsException'{0x0000000718f0eb70}> (0x0000000718f0eb70) 
thrown [e:\jenkins\tmp\workspace\build\src\src\hotspot\share\prims\jni.cpp, line 516]
Event: 0.198 Thread 0x00000156e90734c0 Exception <a 'sun/nio/fs/WindowsException'{0x0000000718f0f0c8}> (0x0000000718f0f0c8) 
thrown [e:\jenkins\tmp\workspace\build\src\src\hotspot\share\prims\jni.cpp, line 516]
Event: 0.220 Thread 0x00000156e90734c0 Exception <a 'sun/nio/fs/WindowsException'{0x0000000718ffced0}> (0x0000000718ffced0) 
thrown [e:\jenkins\tmp\workspace\build\src\src\hotspot\share\prims\jni.cpp, line 516]
Event: 0.220 Thread 0x00000156e90734c0 Exception <a 'sun/nio/fs/WindowsException'{0x0000000718ffd270}> (0x0000000718ffd270) 
thrown [e:\jenkins\tmp\workspace\build\src\src\hotspot\share\prims\jni.cpp, line 516]
Event: 0.237 Thread 0x00000156e90734c0 Exception <a 'sun/nio/fs/WindowsException'{0x0000000718cab7d8}> (0x0000000718cab7d8) 
thrown [e:\jenkins\tmp\workspace\build\src\src\hotspot\share\prims\jni.cpp, line 516]
Event: 0.237 Thread 0x00000156e90734c0 Exception <a 'sun/nio/fs/WindowsException'{0x0000000718cabb48}> (0x0000000718cabb48) 
thrown [e:\jenkins\tmp\workspace\build\src\src\hotspot\share\prims\jni.cpp, line 516]
Event: 0.275 Thread 0x00000156e90734c0 Exception <a 'sun/nio/fs/WindowsException'{0x0000000718d310d8}> (0x0000000718d310d8) 
thrown [e:\jenkins\tmp\workspace\build\src\src\hotspot\share\prims\jni.cpp, line 516]
Event: 0.275 Thread 0x00000156e90734c0 Exception <a 'sun/nio/fs/WindowsException'{0x0000000718d31460}> (0x0000000718d31460) 
thrown [e:\jenkins\tmp\workspace\build\src\src\hotspot\share\prims\jni.cpp, line 516]
Event: 0.700 Thread 0x00000156e90734c0 Exception <a 'sun/nio/fs/WindowsException'{0x0000000718b13908}> (0x0000000718b13908) 
thrown [e:\jenkins\tmp\workspace\build\src\src\hotspot\share\prims\jni.cpp, line 516]
Event: 0.700 Thread 0x00000156e90734c0 Exception <a 'sun/nio/fs/WindowsException'{0x0000000718b13cb8}> (0x0000000718b13cb8) 
thrown [e:\jenkins\tmp\workspace\build\src\src\hotspot\share\prims\jni.cpp, line 516]
Event: 0.702 Thread 0x00000156e90734c0 Exception <a 'sun/nio/fs/WindowsException'{0x0000000718b1fe50}> (0x0000000718b1fe50) 
thrown [e:\jenkins\tmp\workspace\build\src\src\hotspot\share\prims\jni.cpp, line 516]
Event: 0.702 Thread 0x00000156e90734c0 Exception <a 'sun/nio/fs/WindowsException'{0x0000000718b20138}> (0x0000000718b20138) 
thrown [e:\jenkins\tmp\workspace\build\src\src\hotspot\share\prims\jni.cpp, line 516]
Event: 4.407 Thread 0x00000156e90734c0 Implicit null exception at 0x00000156f874fab0 to 0x00000156f874fc88
Event: 4.420 Thread 0x00000156e90734c0 Implicit null exception at 0x00000156f875983f to 0x00000156f875991c
Event: 6.505 Thread 0x000001569b9adba0 Implicit null exception at 0x00000156f8751c5f to 0x00000156f8751d1c

VM Operations (20 events):
Event: 8.375 Executing VM operation: ICBufferFull
Event: 8.375 Executing VM operation: ICBufferFull done
Event: 9.592 Executing VM operation: ICBufferFull
Event: 9.592 Executing VM operation: ICBufferFull done
Event: 10.259 Executing VM operation: ICBufferFull
Event: 10.259 Executing VM operation: ICBufferFull done
Event: 10.910 Executing VM operation: ICBufferFull
Event: 10.910 Executing VM operation: ICBufferFull done
Event: 11.577 Executing VM operation: ICBufferFull
Event: 11.577 Executing VM operation: ICBufferFull done
Event: 12.227 Executing VM operation: ICBufferFull
Event: 12.227 Executing VM operation: ICBufferFull done
Event: 12.859 Executing VM operation: ICBufferFull
Event: 12.859 Executing VM operation: ICBufferFull done
Event: 13.527 Executing VM operation: ICBufferFull
Event: 13.527 Executing VM operation: ICBufferFull done
Event: 14.180 Executing VM operation: ICBufferFull
Event: 14.180 Executing VM operation: ICBufferFull done
Event: 14.844 Executing VM operation: ICBufferFull
Event: 14.844 Executing VM operation: ICBufferFull done

Events (20 events):
Event: 6.515 Thread 0x000001569e2d86d0 Thread added: 0x000001569e2d86d0
Event: 6.527 Thread 0x000001569e20a390 Thread added: 0x000001569e20a390
Event: 6.530 Thread 0x000001569da81fb0 Thread added: 0x000001569da81fb0
Event: 6.728 Thread 0x000001569b9adba0 Thread exited: 0x000001569b9adba0
Event: 7.448 Thread 0x00000156906ad2e0 Thread exited: 0x00000156906ad2e0
Event: 8.608 Thread 0x0000015697a85c40 Thread exited: 0x0000015697a85c40
Event: 8.608 Thread 0x000001568d1246b0 Thread exited: 0x000001568d1246b0
Event: 8.634 Thread 0x0000015697736ff0 Thread added: 0x0000015697736ff0
Event: 8.637 Thread 0x0000015697738330 Thread added: 0x0000015697738330
Event: 8.639 Thread 0x000001568d122190 Thread exited: 0x000001568d122190
Event: 8.662 Thread 0x000001568d122190 Thread added: 0x000001568d122190
Event: 8.765 Thread 0x0000015697a85c40 Thread added: 0x0000015697a85c40
Event: 8.765 Thread 0x000001569c6e6680 Thread added: 0x000001569c6e6680
Event: 8.838 Thread 0x0000015697736ff0 Thread exited: 0x0000015697736ff0
Event: 9.221 Thread 0x000001569c6e6680 Thread exited: 0x000001569c6e6680
Event: 9.225 Thread 0x0000015697a85c40 Thread exited: 0x0000015697a85c40
Event: 9.277 Thread 0x000001568d122190 Thread exited: 0x000001568d122190
Event: 13.536 Thread 0x0000015697737e60 Thread added: 0x0000015697737e60
Event: 13.539 Thread 0x0000015697738cd0 Thread added: 0x0000015697738cd0
Event: 14.441 Thread 0x0000015697737e60 Thread exited: 0x0000015697737e60


Dynamic libraries:
0x00007ff7d8a20000 - 0x00007ff7d8a2e000 	C:\Program Files\Eclipse Adoptium\jdk-17.0.1.12-hotspot\bin\java.exe
0x00007ffdc5cd0000 - 0x00007ffdc5ec5000 	C:\Windows\SYSTEM32\ntdll.dll
0x00007ffdc4060000 - 0x00007ffdc411d000 	C:\Windows\System32\KERNEL32.DLL
0x00007ffdc3720000 - 0x00007ffdc39ed000 	C:\Windows\System32\KERNELBASE.dll
0x00007ffdc33b0000 - 0x00007ffdc34b0000 	C:\Windows\System32\ucrtbase.dll
0x00007ffdbee20000 - 0x00007ffdbee38000 	C:\Program Files\Eclipse Adoptium\jdk-17.0.1.12-hotspot\bin\jli.dll
0x00007ffdbd460000 - 0x00007ffdbd479000 	C:\Program Files\Eclipse Adoptium\jdk-17.0.1.12-hotspot\bin\VCRUNTIME140.dll
0x00007ffdc5530000 - 0x00007ffdc56d0000 	C:\Windows\System32\USER32.dll
0x00007ffdc3c20000 - 0x00007ffdc3c42000 	C:\Windows\System32\win32u.dll
0x00007ffdad620000 - 0x00007ffdad8ba000 	C:\Windows\WinSxS\amd64_microsoft.windows.common-controls_6595b64144ccf1df_6.0.19041.1110_none_60b5254171f9507e\COMCTL32.dll
0x00007ffdc5bd0000 - 0x00007ffdc5bfa000 	C:\Windows\System32\GDI32.dll
0x00007ffdc5190000 - 0x00007ffdc522e000 	C:\Windows\System32\msvcrt.dll
0x00007ffdc3610000 - 0x00007ffdc371b000 	C:\Windows\System32\gdi32full.dll
0x00007ffdc39f0000 - 0x00007ffdc3a8d000 	C:\Windows\System32\msvcp_win.dll
0x00007ffdc4eb0000 - 0x00007ffdc4ee0000 	C:\Windows\System32\IMM32.DLL
0x00007ffdbede0000 - 0x00007ffdbedec000 	C:\Program Files\Eclipse Adoptium\jdk-17.0.1.12-hotspot\bin\vcruntime140_1.dll
0x00007ffdb1a70000 - 0x00007ffdb1b01000 	C:\Program Files\Eclipse Adoptium\jdk-17.0.1.12-hotspot\bin\msvcp140.dll
0x00007ffd91f30000 - 0x00007ffd92b76000 	C:\Program Files\Eclipse Adoptium\jdk-17.0.1.12-hotspot\bin\server\jvm.dll
0x00007ffdc3fb0000 - 0x00007ffdc405e000 	C:\Windows\System32\ADVAPI32.dll
0x00007ffdc3e80000 - 0x00007ffdc3f1c000 	C:\Windows\System32\sechost.dll
0x00007ffdc3d50000 - 0x00007ffdc3e75000 	C:\Windows\System32\RPCRT4.dll
0x00007ffdc4ee0000 - 0x00007ffdc4ee8000 	C:\Windows\System32\PSAPI.DLL
0x00007ffdb8890000 - 0x00007ffdb88b7000 	C:\Windows\SYSTEM32\WINMM.dll
0x00007ffdbc260000 - 0x00007ffdbc26a000 	C:\Windows\SYSTEM32\VERSION.dll
0x00007ffda5c00000 - 0x00007ffda5c09000 	C:\Windows\SYSTEM32\WSOCK32.dll
0x00007ffdc52e0000 - 0x00007ffdc534b000 	C:\Windows\System32\WS2_32.dll
0x00007ffdc1c40000 - 0x00007ffdc1c52000 	C:\Windows\SYSTEM32\kernel.appcore.dll
0x00007ffdbe750000 - 0x00007ffdbe75a000 	C:\Program Files\Eclipse Adoptium\jdk-17.0.1.12-hotspot\bin\jimage.dll
0x00007ffdc1a30000 - 0x00007ffdc1c14000 	C:\Windows\SYSTEM32\DBGHELP.DLL
0x00007ffdb8de0000 - 0x00007ffdb8e0c000 	C:\Windows\SYSTEM32\dbgcore.DLL
0x00007ffdc3a90000 - 0x00007ffdc3b12000 	C:\Windows\System32\bcryptPrimitives.dll
0x00007ffdb62b0000 - 0x00007ffdb62d5000 	C:\Program Files\Eclipse Adoptium\jdk-17.0.1.12-hotspot\bin\java.dll
0x00007ffdb1990000 - 0x00007ffdb1a66000 	C:\Program Files\Eclipse Adoptium\jdk-17.0.1.12-hotspot\bin\svml.dll
0x00007ffdc4120000 - 0x00007ffdc4864000 	C:\Windows\System32\SHELL32.dll
0x00007ffdc1150000 - 0x00007ffdc18e4000 	C:\Windows\SYSTEM32\windows.storage.dll
0x00007ffdc5870000 - 0x00007ffdc5bc4000 	C:\Windows\System32\combase.dll
0x00007ffdc2e10000 - 0x00007ffdc2e3c000 	C:\Windows\SYSTEM32\Wldp.dll
0x00007ffdc5230000 - 0x00007ffdc52dd000 	C:\Windows\System32\SHCORE.dll
0x00007ffdc3cf0000 - 0x00007ffdc3d45000 	C:\Windows\System32\shlwapi.dll
0x00007ffdc32f0000 - 0x00007ffdc330f000 	C:\Windows\SYSTEM32\profapi.dll
0x00007ffdb6650000 - 0x00007ffdb6669000 	C:\Program Files\Eclipse Adoptium\jdk-17.0.1.12-hotspot\bin\net.dll
0x00007ffdb4be0000 - 0x00007ffdb4cea000 	C:\Windows\SYSTEM32\WINHTTP.dll
0x00007ffdc2b70000 - 0x00007ffdc2bda000 	C:\Windows\system32\mswsock.dll
0x00007ffdb1970000 - 0x00007ffdb1985000 	C:\Program Files\Eclipse Adoptium\jdk-17.0.1.12-hotspot\bin\nio.dll
0x00007ffdb1950000 - 0x00007ffdb1968000 	C:\Program Files\Eclipse Adoptium\jdk-17.0.1.12-hotspot\bin\zip.dll
0x000000006e700000 - 0x000000006e72a000 	C:\Users\grado\AppData\Local\Temp\libgdxgrado\e1cd32f8\gdx64.dll
0x00007ffdb18e0000 - 0x00007ffdb1944000 	C:\Users\grado\AppData\Local\Temp\lwjglgrado\3.2.3-build-13\lwjgl.dll
0x00007ffd91cd0000 - 0x00007ffd91f23000 	C:\Users\grado\AppData\Local\Temp\lwjglgrado\3.2.3-build-13\jemalloc.dll
0x00007ffda1420000 - 0x00007ffda1482000 	C:\Users\grado\AppData\Local\Temp\lwjglgrado\3.2.3-build-13\glfw.dll
0x00007ffdc0870000 - 0x00007ffdc090e000 	C:\Windows\system32\uxtheme.dll
0x00007ffdb1890000 - 0x00007ffdb18d5000 	C:\Windows\SYSTEM32\dinput8.dll
0x00007ffdab4e0000 - 0x00007ffdab4f1000 	C:\Windows\SYSTEM32\xinput1_4.dll
0x00007ffdc3b20000 - 0x00007ffdc3b6e000 	C:\Windows\System32\cfgmgr32.dll
0x00007ffdc3160000 - 0x00007ffdc318c000 	C:\Windows\SYSTEM32\DEVOBJ.dll
0x00007ffdc0a00000 - 0x00007ffdc0a2f000 	C:\Windows\SYSTEM32\dwmapi.dll
0x00007ffda8c80000 - 0x00007ffda8dd2000 	C:\Windows\SYSTEM32\inputhost.dll
0x00007ffdc4d70000 - 0x00007ffdc4e3d000 	C:\Windows\System32\OLEAUT32.dll
0x00007ffdc0500000 - 0x00007ffdc05f2000 	C:\Windows\SYSTEM32\CoreMessaging.dll
0x00007ffdbe990000 - 0x00007ffdbea86000 	C:\Windows\SYSTEM32\PROPSYS.dll
0x00007ffdbfad0000 - 0x00007ffdbfc24000 	C:\Windows\SYSTEM32\wintypes.dll
0x00007ffdc01a0000 - 0x00007ffdc04fe000 	C:\Windows\SYSTEM32\CoreUIComponents.dll
0x00007ffdc20b0000 - 0x00007ffdc20e3000 	C:\Windows\SYSTEM32\ntmarta.dll
0x00007ffdc5750000 - 0x00007ffdc5865000 	C:\Windows\System32\MSCTF.dll
0x00007ffdc18f0000 - 0x00007ffdc18fd000 	C:\Windows\SYSTEM32\HID.DLL
0x00007ffdc4870000 - 0x00007ffdc4ce1000 	C:\Windows\System32\SETUPAPI.DLL
0x00007ffdc3c50000 - 0x00007ffdc3c77000 	C:\Windows\System32\bcrypt.dll
0x00007ffdc3c80000 - 0x00007ffdc3ce8000 	C:\Windows\System32\WINTRUST.dll
0x00007ffdc34b0000 - 0x00007ffdc3606000 	C:\Windows\System32\CRYPT32.dll
0x00007ffdc2fa0000 - 0x00007ffdc2fb2000 	C:\Windows\SYSTEM32\MSASN1.dll
0x00007ffd91bc0000 - 0x00007ffd91ccb000 	C:\Users\grado\AppData\Local\Temp\lwjglgrado\3.2.3-build-13\OpenAL.dll
0x00007ffdc5400000 - 0x00007ffdc552a000 	C:\Windows\System32\ole32.dll
0x00007ffdc5350000 - 0x00007ffdc53f9000 	C:\Windows\System32\clbcatq.dll
0x00007ffdbb510000 - 0x00007ffdbb595000 	C:\Windows\System32\MMDevApi.dll
0x00007ffdbbda0000 - 0x00007ffdbbf22000 	C:\Windows\SYSTEM32\AUDIOSES.DLL
0x00007ffdc2930000 - 0x00007ffdc297b000 	C:\Windows\SYSTEM32\powrprof.dll
0x00007ffdc27f0000 - 0x00007ffdc2802000 	C:\Windows\SYSTEM32\UMPDC.dll
0x00007ffdc0a30000 - 0x00007ffdc0a44000 	C:\Windows\SYSTEM32\resourcepolicyclient.dll
0x00007ffd22910000 - 0x00007ffd22a36000 	C:\Windows\SYSTEM32\opengl32.dll
0x00007ffd228e0000 - 0x00007ffd2290c000 	C:\Windows\SYSTEM32\GLU32.dll
0x00007ffdbc2e0000 - 0x00007ffdbc3d7000 	C:\Windows\System32\AppXDeploymentClient.dll
0x00007ffdab130000 - 0x00007ffdab15a000 	C:\Windows\System32\DriverStore\FileRepository\u0361612.inf_amd64_b679e02f70413f9f\B361368\atig6pxx.dll
0x00007ffd7dc80000 - 0x00007ffd80966000 	C:\Windows\System32\DriverStore\FileRepository\u0361612.inf_amd64_b679e02f70413f9f\B361368\atio6axx.dll
0x00007ffd86690000 - 0x00007ffd866b4000 	C:\Windows\SYSTEM32\dxva2.dll
0x00007ffdaaf80000 - 0x00007ffdaafbc000 	C:\Windows\System32\DriverStore\FileRepository\u0361612.inf_amd64_b679e02f70413f9f\B361368\atig6txx.dll
0x00007ffd91a00000 - 0x00007ffd91bb9000 	C:\Windows\SYSTEM32\atiadlxx.dll
0x00007ffdb9380000 - 0x00007ffdb93bb000 	C:\Windows\SYSTEM32\dxcore.dll
0x00007ffda3ef0000 - 0x00007ffda3f49000 	C:\Users\grado\AppData\Local\Temp\lwjglgrado\3.2.3-build-13\lwjgl_opengl.dll
0x00007ffda93b0000 - 0x00007ffda94a9000 	C:\Windows\SYSTEM32\textinputframework.dll
0x00007ffdab4c0000 - 0x00007ffdab4d1000 	C:\Program Files\Eclipse Adoptium\jdk-17.0.1.12-hotspot\bin\jsound.dll
0x00007ffda1380000 - 0x00007ffda141c000 	C:\Windows\SYSTEM32\DSOUND.dll
0x00007ffdb3710000 - 0x00007ffdb3736000 	C:\Windows\SYSTEM32\winmmbase.dll
0x00007ffda9b00000 - 0x00007ffda9b46000 	C:\Windows\SYSTEM32\wdmaud.drv
0x00007ffdbde60000 - 0x00007ffdbde69000 	C:\Windows\SYSTEM32\ksuser.dll
0x00007ffdbd880000 - 0x00007ffdbd88a000 	C:\Windows\SYSTEM32\AVRT.dll
0x00007ffdbc5b0000 - 0x00007ffdbc5bd000 	C:\Windows\SYSTEM32\msacm32.drv
0x00007ffdbc630000 - 0x00007ffdbc64e000 	C:\Windows\SYSTEM32\MSACM32.dll
0x00007ffdb6730000 - 0x00007ffdb673b000 	C:\Windows\SYSTEM32\midimap.dll
0x00007ffda8de0000 - 0x00007ffda8f21000 	C:\Windows\System32\Windows.UI.dll
0x00007ffdbd350000 - 0x00007ffdbd3f1000 	C:\Windows\System32\WindowManagementAPI.dll
0x00007ffdbca10000 - 0x00007ffdbcc11000 	C:\Windows\System32\twinapi.appcore.dll

dbghelp: loaded successfully - version: 4.0.5 - missing functions: none
symbol engine: initialized successfully - sym options: 0x614 - pdb path: .;C:\Program Files\Eclipse Adoptium\jdk-17.0.1.12-hotspot\bin;C:\Windows\SYSTEM32;C:\Windows\WinSxS\amd64_microsoft.windows.common-controls_6595b64144ccf1df_6.0.19041.1110_none_60b5254171f9507e;C:\Program Files\Eclipse Adoptium\jdk-17.0.1.12-hotspot\bin\server;C:\Users\grado\AppData\Local\Temp\libgdxgrado\e1cd32f8;C:\Users\grado\AppData\Local\Temp\lwjglgrado\3.2.3-build-13;C:\Windows\System32\DriverStore\FileRepository\u0361612.inf_amd64_b679e02f70413f9f\B361368

VM Arguments:
jvm_args: -XX:+ShowCodeDetailsInExceptionMessages 
java_command: com.crazyputting3d.Main
java_class_path (initial): C:\Users\grado\Documents\Group-04\3dcrazyputting\desktop\bin\main;\CrazyPutting3D-core\bin\default;C:\Users\grado\Documents\Group-04\3dcrazyputting\core\bin\main;C:\Users\grado\.gradle\caches\modules-2\files-2.1\com.badlogicgames.gdx\gdx-backend-lwjgl3\1.10.0\600c7d5b2c977daa82c4abad147087b31e0ada87\gdx-backend-lwjgl3-1.10.0.jar;C:\Users\grado\.gradle\caches\modules-2\files-2.1\com.badlogicgames.gdx\gdx-platform\1.10.0\9a8fa793d2fd6d360afc6c9e4c1f5583da263b88\gdx-platform-1.10.0-natives-desktop.jar;C:\Users\grado\.gradle\caches\modules-2\files-2.1\com.badlogicgames.gdx\gdx-bullet-platform\1.10.0\ce92e8dfc762523d769cbc50853163c03bf98cf1\gdx-bullet-platform-1.10.0-natives-desktop.jar;C:\Users\grado\.gradle\caches\modules-2\files-2.1\com.badlogicgames.gdx\gdx-freetype-platform\1.10.0\6e5d28752759e69384f12e4569d2c884ff71352f\gdx-freetype-platform-1.10.0-natives-desktop.jar;C:\Users\grado\.gradle\caches\modules-2\files-2.1\com.badlogicgames.gdx-controllers\gdx-controllers-desktop\2.2.1\cb3430c32468a090eca54d494d16bb3764ceff9b\gdx-controllers-desktop-2.2.1.jar;C:\Users\grado\.gradle\caches\modules-2\files-2.1\org.jetbrains\annotations\20.1.0\2fcd1f3225bca0c4a7bc931142076f8c1e80993f\annotations-20.1.0.jar;C:\Users\grado\.gradle\caches\modules-2\files-2.1\com.badlogicgames.gdx\gdx-bullet\1.10.0\839b58c7278f5c3b55291c3a559d91227400ecdb\gdx-bullet-1.10.0.jar;C:\Users\grado\.gradle\caches\modules-2\files-2.1\com.badlogicgames.gdx\gdx-freetype\1.10.0\de1d0d5c1e92e8d91364256fd6b7bb279d3e9859\gdx-freetype-1.10.0.jar;C:\Users\grado\.gradle\caches\modules-2\files-2.1\com.badlogicgames.gdx\gdx-ai\1.8.2\ab75d2ce80ab1b1ce6828a15dc0f417abac4c674\gdx-ai-1.8.2.jar;C:\Users\grado\.gradle\caches\modules-2\files-2.1\com.badlogicgames.ashley\ashley\1.7.4\21a3a8932919099c4e5006a7d8378dcbe76ef8a5\ashley-1.7.4.jar;C:\Users\grado\.gradle\caches\modules-2\files-2.1\com.badlogicgames.box2dlights\box2dlights\1.5\6902dbcd250c95a27973aa24a147a95b3828d348\box2dlights-1.5.j
Launcher Type: SUN_STANDARD

[Global flags]
     intx CICompilerCount                          = 12                                        {product} {ergonomic}
     uint ConcGCThreads                            = 3                                         {product} {ergonomic}
     uint G1ConcRefinementThreads                  = 13                                        {product} {ergonomic}
   size_t G1HeapRegionSize                         = 2097152                                   {product} {ergonomic}
    uintx GCDrainStackTargetSize                   = 64                                        {product} {ergonomic}
   size_t InitialHeapSize                          = 257949696                                 {product} {ergonomic}
   size_t MarkStackSize                            = 4194304                                   {product} {ergonomic}
   size_t MaxHeapSize                              = 4127195136                                {product} {ergonomic}
   size_t MaxNewSize                               = 2474639360                                {product} {ergonomic}
   size_t MinHeapDeltaBytes                        = 2097152                                   {product} {ergonomic}
   size_t MinHeapSize                              = 8388608                                   {product} {ergonomic}
    uintx NonNMethodCodeHeapSize                   = 7602480                                {pd product} {ergonomic}
    uintx NonProfiledCodeHeapSize                  = 122027880                              {pd product} {ergonomic}
    uintx ProfiledCodeHeapSize                     = 122027880                              {pd product} {ergonomic}
    uintx ReservedCodeCacheSize                    = 251658240                              {pd product} {ergonomic}
     bool SegmentedCodeCache                       = true                                      {product} {ergonomic}
     bool ShowCodeDetailsInExceptionMessages       = true                                   {manageable} {command line}
   size_t SoftMaxHeapSize                          = 4127195136                             {manageable} {ergonomic}
     bool UseCompressedClassPointers               = true                           {product lp64_product} {ergonomic}
     bool UseCompressedOops                        = true                           {product lp64_product} {ergonomic}
     bool UseG1GC                                  = true                                      {product} {ergonomic}
     bool UseLargePagesIndividualAllocation        = false                                  {pd product} {ergonomic}

Logging:
Log output configuration:
 #0: stdout all=warning uptime,level,tags
 #1: stderr all=off uptime,level,tags

Environment Variables:
PATH=C:\Program Files\Common Files\Oracle\Java\javapath;C:\Windows\system32;C:\Windows;C:\Windows\System32\Wbem;C:\Windows\System32\WindowsPowerShell\v1.0\;C:\Windows\System32\OpenSSH\;C:\Program Files (x86)\NVIDIA Corporation\PhysX\Common;C:\Program Files\NVIDIA Corporation\NVIDIA NvDLISR;C:\Program Files\MATLAB\R2022a\bin;C:\Program Files\Gradle\gradle-7.4.2\bin;C:\Program Files\Git\cmd;C:\Users\grado\AppData\Local\Microsoft\WindowsApps;C:\Users\grado\AppData\Local\Programs\Microsoft VS Code\bin;C:\Users\grado\AppData\Local\GitHubDesktop\bin
USERNAME=grado
LANG=en_US.UTF-8
OS=Windows_NT
PROCESSOR_IDENTIFIER=AMD64 Family 23 Model 96 Stepping 1, AuthenticAMD



---------------  S Y S T E M  ---------------

OS:
 Windows 10 , 64 bit Build 19041 (10.0.19041.1706)
OS uptime: 11 days 18:30 hours

CPU: total 16 (initial active 16) (16 cores per cpu, 2 threads per core) family 23 model 96 stepping 1 microcode 0x0, cx8, cmov, fxsr, ht, mmx, 3dnowpref, sse, sse2, sse3, ssse3, sse4a, sse4.1, sse4.2, popcnt, lzcnt, tsc, tscinvbit, avx, avx2, aes, clmul, bmi1, bmi2, adx, sha, fma, vzeroupper, clflush, clflushopt

Memory: 4k page, system-wide physical 15741M (8630M free)
TotalPageFile size 36181M (AvailPageFile size 20153M)
current process WorkingSet (physical memory assigned to process): 382M, peak: 441M
current process commit charge ("private bytes"): 613M, peak: 682M

vm_info: OpenJDK 64-Bit Server VM (17.0.1+12) for windows-amd64 JRE (17.0.1+12), built on Oct 20 2021 07:42:55 by "" with MS VC++ 16.7 (VS2019)

END.
