#
# A fatal error has been detected by the Java Runtime Environment:
#
#  EXCEPTION_ACCESS_VIOLATION (0xc0000005) at pc=0x0000021127140000, pid=412, tid=14060
#
# JRE version: OpenJDK Runtime Environment Temurin-17.0.1+12 (17.0.1+12) (build 17.0.1+12)
# Java VM: OpenJDK 64-Bit Server VM Temurin-17.0.1+12 (17.0.1+12, mixed mode, sharing, tiered, compressed oops, compressed class ptrs, g1 gc, windows-amd64)
# Problematic frame:
# C  0x0000021127140000
#
# No core dump will be written. Minidumps are not enabled by default on client versions of Windows
#
# If you would like to submit a bug report, please visit:
#   https://github.com/adoptium/adoptium-support/issues
# The crash happened outside the Java Virtual Machine in native code.
# See problematic frame for where to report the bug.
#

---------------  S U M M A R Y ------------

Command Line: -XX:+ShowCodeDetailsInExceptionMessages com.crazyputting3d.Main

Host: AMD Ryzen 7 4800H with Radeon Graphics         , 16 cores, 15G,  Windows 10 , 64 bit Build 19041 (10.0.19041.1706)
Time: Fri Jun 17 19:38:28 2022 Central European Daylight Time elapsed time: 67.323668 seconds (0d 0h 1m 7s)

---------------  T H R E A D  ---------------

Current thread (0x00000211271b27f0):  JavaThread "main" [_thread_in_native, id=14060, stack(0x000000d2bad00000,0x000000d2bae00000)]

Stack: [0x000000d2bad00000,0x000000d2bae00000],  sp=0x000000d2badfe9b8,  free space=1018k
Native frames: (J=compiled Java code, j=interpreted, Vv=VM code, C=native code)
C  0x0000021127140000

Java frames: (J=compiled Java code, j=interpreted, Vv=VM code)
J 1201  org.lwjgl.system.JNI.invokePV(JJ)V (0 bytes) @ 0x00000211368837ec [0x00000211368837a0+0x000000000000004c]
J 2005 c1 org.lwjgl.glfw.GLFW.glfwSwapBuffers(J)V (21 bytes) @ 0x000002112f73df2c [0x000002112f73de40+0x00000000000000ec]
j  com.badlogic.gdx.backends.lwjgl3.Lwjgl3Window.update()Z+196
j  com.badlogic.gdx.backends.lwjgl3.Lwjgl3Application.loop()V+111
j  com.badlogic.gdx.backends.lwjgl3.Lwjgl3Application.<init>(Lcom/badlogic/gdx/ApplicationListener;Lcom/badlogic/gdx/backends/lwjgl3/Lwjgl3ApplicationConfiguration;)V+243
j  com.crazyputting3d.Main.main([Ljava/lang/String;)V+41
v  ~StubRoutines::call_stub

siginfo: EXCEPTION_ACCESS_VIOLATION (0xc0000005), data execution prevention violation at address 0x0000021127140000


Register to memory mapping:

RIP=0x0000021127140000 is an unknown value
RAX=0x0000021127140000 is an unknown value
RBX=0x0000000000010001 is an unknown value
RCX=0x0000000000010001 is an unknown value
RDX=0x000000d2badfe9f0 is pointing into the stack for thread: 0x00000211271b27f0
RSP=0x000000d2badfe9b8 is pointing into the stack for thread: 0x00000211271b27f0
RBP=0x000000d2badfeac0 is pointing into the stack for thread: 0x00000211271b27f0
RSI=0x0000000000000110 is an unknown value
RDI=0x00000000000034d9 is an unknown value
R8 =0x000002114ba46a10 points into unknown readable memory: 0x000002115e198c30 | 30 8c 19 5e 11 02 00 00
R9 =0x00007ffdb1a11b50 glfw.dll
R10=0x00007ffdb1a81b10 lwjgl.dll
R11=0x000000d2badfee28 is pointing into the stack for thread: 0x00000211271b27f0
R12=0x0 is NULL
R13=0x000000d2badfef28 is pointing into the stack for thread: 0x00000211271b27f0
R14=0x000000d2badfee80 is pointing into the stack for thread: 0x00000211271b27f0
R15=0x00000211271b27f0 is a thread


Registers:
RAX=0x0000021127140000, RBX=0x0000000000010001, RCX=0x0000000000010001, RDX=0x000000d2badfe9f0
RSP=0x000000d2badfe9b8, RBP=0x000000d2badfeac0, RSI=0x0000000000000110, RDI=0x00000000000034d9
R8 =0x000002114ba46a10, R9 =0x00007ffdb1a11b50, R10=0x00007ffdb1a81b10, R11=0x000000d2badfee28
R12=0x0000000000000000, R13=0x000000d2badfef28, R14=0x000000d2badfee80, R15=0x00000211271b27f0
RIP=0x0000021127140000, EFLAGS=0x0000000000010206

Top of Stack: (sp=0x000000d2badfe9b8)
0x000000d2badfe9b8:   00007ffdb1a11f7c 000000d2badfeaa8
0x000000d2badfe9c8:   000002112f60d704 4120000000000000
0x000000d2badfe9d8:   438c000041700000 0000000000000014
0x000000d2badfe9e8:   000002114cc3d7fc 57464c4720656854
0x000000d2badfe9f8:   7972617262696c20 20746f6e20736920
0x000000d2badfea08:   696c616974696e69 000000070064657a
0x000000d2badfea18:   000002113687ba85 000000d2badfeaa8
0x000000d2badfea28:   00007ffdc55bafc9 000000070b41aa28
0x000000d2badfea38:   000002112ec894fe 000000070b2c3fb0
0x000000d2badfea48:   0000021136a3c968 000000070b2d9af8
0x000000d2badfea58:   000000070b2c3e10 000000070b2d9af8
0x000000d2badfea68:   000000070b2d98d0 000000070b41aa28
0x000000d2badfea78:   000002115589aac8 000000070b2c3e70
0x000000d2badfea88:   000002112f5e3e4c 000000070b2c3fb0
0x000000d2badfea98:   0000000000000000 000000d2badfeb08
0x000000d2badfeaa8:   000000d2badfeb80 000002112ec89962 

Instructions: (pc=0x0000021127140000)
0x000002112713ff00:   ?? ?? ?? ?? ?? ?? ?? ?? ?? ?? ?? ?? ?? ?? ?? ??
0x000002112713ff10:   ?? ?? ?? ?? ?? ?? ?? ?? ?? ?? ?? ?? ?? ?? ?? ??
0x000002112713ff20:   ?? ?? ?? ?? ?? ?? ?? ?? ?? ?? ?? ?? ?? ?? ?? ??
0x000002112713ff30:   ?? ?? ?? ?? ?? ?? ?? ?? ?? ?? ?? ?? ?? ?? ?? ??
0x000002112713ff40:   ?? ?? ?? ?? ?? ?? ?? ?? ?? ?? ?? ?? ?? ?? ?? ??
0x000002112713ff50:   ?? ?? ?? ?? ?? ?? ?? ?? ?? ?? ?? ?? ?? ?? ?? ??
0x000002112713ff60:   ?? ?? ?? ?? ?? ?? ?? ?? ?? ?? ?? ?? ?? ?? ?? ??
0x000002112713ff70:   ?? ?? ?? ?? ?? ?? ?? ?? ?? ?? ?? ?? ?? ?? ?? ??
0x000002112713ff80:   ?? ?? ?? ?? ?? ?? ?? ?? ?? ?? ?? ?? ?? ?? ?? ??
0x000002112713ff90:   ?? ?? ?? ?? ?? ?? ?? ?? ?? ?? ?? ?? ?? ?? ?? ??
0x000002112713ffa0:   ?? ?? ?? ?? ?? ?? ?? ?? ?? ?? ?? ?? ?? ?? ?? ??
0x000002112713ffb0:   ?? ?? ?? ?? ?? ?? ?? ?? ?? ?? ?? ?? ?? ?? ?? ??
0x000002112713ffc0:   ?? ?? ?? ?? ?? ?? ?? ?? ?? ?? ?? ?? ?? ?? ?? ??
0x000002112713ffd0:   ?? ?? ?? ?? ?? ?? ?? ?? ?? ?? ?? ?? ?? ?? ?? ??
0x000002112713ffe0:   ?? ?? ?? ?? ?? ?? ?? ?? ?? ?? ?? ?? ?? ?? ?? ??
0x000002112713fff0:   ?? ?? ?? ?? ?? ?? ?? ?? ?? ?? ?? ?? ?? ?? ?? ??
0x0000021127140000:   ?? ?? ?? ?? ?? ?? ?? ?? ?? ?? ?? ?? ?? ?? ?? ??
0x0000021127140010:   ?? ?? ?? ?? ?? ?? ?? ?? ?? ?? ?? ?? ?? ?? ?? ??
0x0000021127140020:   ?? ?? ?? ?? ?? ?? ?? ?? ?? ?? ?? ?? ?? ?? ?? ??
0x0000021127140030:   ?? ?? ?? ?? ?? ?? ?? ?? ?? ?? ?? ?? ?? ?? ?? ??
0x0000021127140040:   ?? ?? ?? ?? ?? ?? ?? ?? ?? ?? ?? ?? ?? ?? ?? ??
0x0000021127140050:   ?? ?? ?? ?? ?? ?? ?? ?? ?? ?? ?? ?? ?? ?? ?? ??
0x0000021127140060:   ?? ?? ?? ?? ?? ?? ?? ?? ?? ?? ?? ?? ?? ?? ?? ??
0x0000021127140070:   ?? ?? ?? ?? ?? ?? ?? ?? ?? ?? ?? ?? ?? ?? ?? ??
0x0000021127140080:   ?? ?? ?? ?? ?? ?? ?? ?? ?? ?? ?? ?? ?? ?? ?? ??
0x0000021127140090:   ?? ?? ?? ?? ?? ?? ?? ?? ?? ?? ?? ?? ?? ?? ?? ??
0x00000211271400a0:   ?? ?? ?? ?? ?? ?? ?? ?? ?? ?? ?? ?? ?? ?? ?? ??
0x00000211271400b0:   ?? ?? ?? ?? ?? ?? ?? ?? ?? ?? ?? ?? ?? ?? ?? ??
0x00000211271400c0:   ?? ?? ?? ?? ?? ?? ?? ?? ?? ?? ?? ?? ?? ?? ?? ??
0x00000211271400d0:   ?? ?? ?? ?? ?? ?? ?? ?? ?? ?? ?? ?? ?? ?? ?? ??
0x00000211271400e0:   ?? ?? ?? ?? ?? ?? ?? ?? ?? ?? ?? ?? ?? ?? ?? ??
0x00000211271400f0:   ?? ?? ?? ?? ?? ?? ?? ?? ?? ?? ?? ?? ?? ?? ?? ?? 


Stack slot to memory mapping:
stack at sp + 0 slots: 0x00007ffdb1a11f7c glfw.dll
stack at sp + 1 slots: 0x000000d2badfeaa8 is pointing into the stack for thread: 0x00000211271b27f0
stack at sp + 2 slots: 0x000002112f60d704 is at entry_point+132 in (nmethod*)0x000002112f60d490
stack at sp + 3 slots: 0x4120000000000000 is an unknown value
stack at sp + 4 slots: 0x438c000041700000 is an unknown value
stack at sp + 5 slots: 0x0000000000000014 is an unknown value
stack at sp + 6 slots: 0x000002114cc3d7fc points into unknown readable memory: 00 80 0d 3f
stack at sp + 7 slots: 0x57464c4720656854 is an unknown value


---------------  P R O C E S S  ---------------

Threads class SMR info:
_java_thread_list=0x000002114e7b5680, length=40, elements={
0x00000211271b27f0, 0x000002114a77cfa0, 0x000002114a77ec20, 0x000002114a794b60,
0x000002114a795510, 0x000002114a795ec0, 0x000002114a799d70, 0x000002114a79aa50,
0x000002114a7a3450, 0x000002114b108070, 0x000002114b22a0b0, 0x000002114b236380,
0x000002114e8c89e0, 0x000002115a87bfc0, 0x000002115c1240a0, 0x000002115c124570,
0x000002115dd5f940, 0x000002114e9baff0, 0x000002115afa74f0, 0x000002115afa79c0,
0x000002115afa8360, 0x000002115afa8830, 0x000002115afa7e90, 0x00000211631cc3b0,
0x00000211631cb070, 0x00000211631cc880, 0x00000211631ccd50, 0x00000211631cb540,
0x00000211631cd6f0, 0x00000211631cd220, 0x00000211631cba10, 0x00000211631cea30,
0x00000211631cdbc0, 0x00000211631ce560, 0x00000211631cbee0, 0x000002115afa7020,
0x000002110217b9e0, 0x0000021102180bb0, 0x000002110217db90, 0x000002110217e060
}

Java Threads: ( => current thread )
=>0x00000211271b27f0 JavaThread "main" [_thread_in_native, id=14060, stack(0x000000d2bad00000,0x000000d2bae00000)]
  0x000002114a77cfa0 JavaThread "Reference Handler" daemon [_thread_blocked, id=16948, stack(0x000000d2bb400000,0x000000d2bb500000)]
  0x000002114a77ec20 JavaThread "Finalizer" daemon [_thread_blocked, id=22296, stack(0x000000d2bb500000,0x000000d2bb600000)]
  0x000002114a794b60 JavaThread "Signal Dispatcher" daemon [_thread_blocked, id=26332, stack(0x000000d2bb600000,0x000000d2bb700000)]
  0x000002114a795510 JavaThread "Attach Listener" daemon [_thread_blocked, id=18732, stack(0x000000d2bb700000,0x000000d2bb800000)]
  0x000002114a795ec0 JavaThread "Service Thread" daemon [_thread_blocked, id=26252, stack(0x000000d2bb800000,0x000000d2bb900000)]
  0x000002114a799d70 JavaThread "Monitor Deflation Thread" daemon [_thread_blocked, id=27552, stack(0x000000d2bb900000,0x000000d2bba00000)]
  0x000002114a79aa50 JavaThread "C2 CompilerThread0" daemon [_thread_blocked, id=26524, stack(0x000000d2bba00000,0x000000d2bbb00000)]
  0x000002114a7a3450 JavaThread "C1 CompilerThread0" daemon [_thread_blocked, id=26528, stack(0x000000d2bbb00000,0x000000d2bbc00000)]
  0x000002114b108070 JavaThread "Sweeper thread" daemon [_thread_blocked, id=27176, stack(0x000000d2bbc00000,0x000000d2bbd00000)]
  0x000002114b22a0b0 JavaThread "Notification Thread" daemon [_thread_blocked, id=23268, stack(0x000000d2bbe00000,0x000000d2bbf00000)]
  0x000002114b236380 JavaThread "Common-Cleaner" daemon [_thread_blocked, id=19564, stack(0x000000d2bc000000,0x000000d2bc100000)]
  0x000002114e8c89e0 JavaThread "LWJGL3 Timer" daemon [_thread_blocked, id=13600, stack(0x000000d2bc900000,0x000000d2bca00000)]
  0x000002115a87bfc0 JavaThread "LWJGL3 Timer" daemon [_thread_blocked, id=21420, stack(0x000000d2bd900000,0x000000d2bda00000)]
  0x000002115c1240a0 JavaThread "Java Sound Event Dispatcher" daemon [_thread_blocked, id=26200, stack(0x000000d2bdd00000,0x000000d2bde00000)]
  0x000002115c124570 JavaThread "Direct Clip" daemon [_thread_blocked, id=19412, stack(0x000000d2be600000,0x000000d2be700000)]
  0x000002115dd5f940 JavaThread "Direct Clip" daemon [_thread_blocked, id=4828, stack(0x000000d2be800000,0x000000d2be900000)]
  0x000002114e9baff0 JavaThread "Direct Clip" daemon [_thread_blocked, id=20432, stack(0x000000d2bd600000,0x000000d2bd700000)]
  0x000002115afa74f0 JavaThread "Direct Clip" daemon [_thread_blocked, id=22324, stack(0x000000d2bd700000,0x000000d2bd800000)]
  0x000002115afa79c0 JavaThread "Direct Clip" daemon [_thread_blocked, id=25404, stack(0x000000d2bd800000,0x000000d2bd900000)]
  0x000002115afa8360 JavaThread "Direct Clip" daemon [_thread_blocked, id=25772, stack(0x000000d2bda00000,0x000000d2bdb00000)]
  0x000002115afa8830 JavaThread "Direct Clip" daemon [_thread_blocked, id=13700, stack(0x000000d2bdc00000,0x000000d2bdd00000)]
  0x000002115afa7e90 JavaThread "Direct Clip" daemon [_thread_blocked, id=4408, stack(0x000000d2bdb00000,0x000000d2bdc00000)]
  0x00000211631cc3b0 JavaThread "Direct Clip" daemon [_thread_blocked, id=21124, stack(0x000000d2be900000,0x000000d2bea00000)]
  0x00000211631cb070 JavaThread "Direct Clip" daemon [_thread_blocked, id=19004, stack(0x000000d2bea00000,0x000000d2beb00000)]
  0x00000211631cc880 JavaThread "Direct Clip" daemon [_thread_blocked, id=11588, stack(0x000000d2beb00000,0x000000d2bec00000)]
  0x00000211631ccd50 JavaThread "Direct Clip" daemon [_thread_blocked, id=17488, stack(0x000000d2bec00000,0x000000d2bed00000)]
  0x00000211631cb540 JavaThread "Direct Clip" daemon [_thread_blocked, id=19580, stack(0x000000d2bed00000,0x000000d2bee00000)]
  0x00000211631cd6f0 JavaThread "Direct Clip" daemon [_thread_blocked, id=22160, stack(0x000000d2bef00000,0x000000d2bf000000)]
  0x00000211631cd220 JavaThread "Direct Clip" daemon [_thread_blocked, id=27164, stack(0x000000d2bee00000,0x000000d2bef00000)]
  0x00000211631cba10 JavaThread "Direct Clip" daemon [_thread_blocked, id=5628, stack(0x000000d2bf000000,0x000000d2bf100000)]
  0x00000211631cea30 JavaThread "Direct Clip" daemon [_thread_blocked, id=12816, stack(0x000000d2bf100000,0x000000d2bf200000)]
  0x00000211631cdbc0 JavaThread "Direct Clip" daemon [_thread_blocked, id=25428, stack(0x000000d2bf300000,0x000000d2bf400000)]
  0x00000211631ce560 JavaThread "Direct Clip" daemon [_thread_blocked, id=22276, stack(0x000000d2bf400000,0x000000d2bf500000)]
  0x00000211631cbee0 JavaThread "Direct Clip" daemon [_thread_blocked, id=20680, stack(0x000000d2bf500000,0x000000d2bf600000)]
  0x000002115afa7020 JavaThread "Direct Clip" daemon [_thread_blocked, id=8168, stack(0x000000d2bf600000,0x000000d2bf700000)]
  0x000002110217b9e0 JavaThread "Direct Clip" daemon [_thread_blocked, id=15912, stack(0x000000d2bf700000,0x000000d2bf800000)]
  0x0000021102180bb0 JavaThread "Direct Clip" daemon [_thread_blocked, id=3644, stack(0x000000d2bf800000,0x000000d2bf900000)]
  0x000002110217db90 JavaThread "Direct Clip" daemon [_thread_blocked, id=12092, stack(0x000000d2bbd00000,0x000000d2bbe00000)]
  0x000002110217e060 JavaThread "Direct Clip" daemon [_thread_blocked, id=22192, stack(0x000000d2bf900000,0x000000d2bfa00000)]

Other Threads:
  0x000002114a7784a0 VMThread "VM Thread" [stack: 0x000000d2bb300000,0x000000d2bb400000] [id=18232]
  0x000002112722f5d0 WatcherThread [stack: 0x000000d2bbf00000,0x000000d2bc000000] [id=3512]
  0x0000021127209140 GCTaskThread "GC Thread#0" [stack: 0x000000d2bae00000,0x000000d2baf00000] [id=25536]
  0x000002114e5beae0 GCTaskThread "GC Thread#1" [stack: 0x000000d2bca00000,0x000000d2bcb00000] [id=22976]
  0x000002114e5c1b40 GCTaskThread "GC Thread#2" [stack: 0x000000d2bcb00000,0x000000d2bcc00000] [id=17256]
  0x000002114e5be2d0 GCTaskThread "GC Thread#3" [stack: 0x000000d2bcc00000,0x000000d2bcd00000] [id=5552]
  0x000002114e5c0870 GCTaskThread "GC Thread#4" [stack: 0x000000d2bcd00000,0x000000d2bce00000] [id=23704]
  0x000002114e5c1080 GCTaskThread "GC Thread#5" [stack: 0x000000d2bce00000,0x000000d2bcf00000] [id=24012]
  0x000002114e5bfb00 GCTaskThread "GC Thread#6" [stack: 0x000000d2bcf00000,0x000000d2bd000000] [id=5908]
  0x0000021156981d10 GCTaskThread "GC Thread#7" [stack: 0x000000d2bde00000,0x000000d2bdf00000] [id=26044]
  0x000002115697f770 GCTaskThread "GC Thread#8" [stack: 0x000000d2bf200000,0x000000d2bf300000] [id=16144]
  0x000002112721b6a0 ConcurrentGCThread "G1 Main Marker" [stack: 0x000000d2baf00000,0x000000d2bb000000] [id=18588]
  0x000002112721d860 ConcurrentGCThread "G1 Conc#0" [stack: 0x000000d2bb000000,0x000000d2bb100000] [id=24952]
  0x000002115697fa20 ConcurrentGCThread "G1 Conc#1" [stack: 0x000000d2bab00000,0x000000d2bac00000] [id=23388]
  0x0000021156980cf0 ConcurrentGCThread "G1 Conc#2" [stack: 0x000000d2bac00000,0x000000d2bad00000] [id=18292]
  0x000002114a6130d0 ConcurrentGCThread "G1 Refine#0" [stack: 0x000000d2bb100000,0x000000d2bb200000] [id=24252]
  0x000002115cd5a6c0 ConcurrentGCThread "G1 Refine#1" [stack: 0x000000d2bdf00000,0x000000d2be000000] [id=18348]
  0x000002115d1d0cf0 ConcurrentGCThread "G1 Refine#2" [stack: 0x000000d2be000000,0x000000d2be100000] [id=23452]
  0x0000021156ca90a0 ConcurrentGCThread "G1 Refine#3" [stack: 0x000000d2be100000,0x000000d2be200000] [id=20920]
  0x00000211567e57e0 ConcurrentGCThread "G1 Refine#4" [stack: 0x000000d2be200000,0x000000d2be300000] [id=24336]
  0x000002115c7c2050 ConcurrentGCThread "G1 Refine#5" [stack: 0x000000d2be300000,0x000000d2be400000] [id=21776]
  0x000002114a6139f0 ConcurrentGCThread "G1 Service" [stack: 0x000000d2bb200000,0x000000d2bb300000] [id=9980]

Threads with active compile tasks:

VM state: not at safepoint (normal execution)

VM Mutex/Monitor currently owned by a thread: None

Heap address: 0x000000070a000000, size: 3936 MB, Compressed Oops mode: Zero based, Oop shift amount: 3

CDS archive(s) mapped at: [0x0000000800000000-0x0000000800bc0000-0x0000000800bc0000), size 12320768, SharedBaseAddress: 0x0000000800000000, ArchiveRelocationMode: 0.
Compressed class space mapped at: 0x0000000800c00000-0x0000000840c00000, reserved size: 1073741824
Narrow klass base: 0x0000000800000000, Narrow klass shift: 0, Narrow klass range: 0x100000000

GC Precious Log:
 CPUs: 16 total, 16 available
 Memory: 15741M
 Large Page Support: Disabled
 NUMA Support: Disabled
 Compressed Oops: Enabled (Zero based)
 Heap Region Size: 2M
 Heap Min Capacity: 8M
 Heap Initial Capacity: 246M
 Heap Max Capacity: 3936M
 Pre-touch: Disabled
 Parallel Workers: 13
 Concurrent Workers: 3
 Concurrent Refinement Workers: 13
 Periodic GC: Disabled

Heap:
 garbage-first heap   total 184320K, used 89618K [0x000000070a000000, 0x0000000800000000)
  region size 2048K, 24 young (49152K), 4 survivors (8192K)
 Metaspace       used 10484K, committed 10624K, reserved 1064960K
  class space    used 741K, committed 832K, reserved 1048576K

Heap Regions: E=young(eden), S=young(survivor), O=old, HS=humongous(starts), HC=humongous(continues), CS=collection set, F=free, OA=open archive, CA=closed archive, TAMS=top-at-mark-start (previous, next)
|   0|0x000000070a000000, 0x000000070a200000, 0x000000070a200000|100%| O|  |TAMS 0x000000070a200000, 0x000000070a000000| Untracked 
|   1|0x000000070a200000, 0x000000070a200000, 0x000000070a400000|  0%| F|  |TAMS 0x000000070a200000, 0x000000070a200000| Untracked 
|   2|0x000000070a400000, 0x000000070a400000, 0x000000070a600000|  0%| F|  |TAMS 0x000000070a400000, 0x000000070a400000| Untracked 
|   3|0x000000070a600000, 0x000000070a600000, 0x000000070a800000|  0%| F|  |TAMS 0x000000070a600000, 0x000000070a600000| Untracked 
|   4|0x000000070a800000, 0x000000070aa00000, 0x000000070aa00000|100%| O|  |TAMS 0x000000070aa00000, 0x000000070a800000| Untracked 
|   5|0x000000070aa00000, 0x000000070ac00000, 0x000000070ac00000|100%| O|  |TAMS 0x000000070ac00000, 0x000000070aa00000| Untracked 
|   6|0x000000070ac00000, 0x000000070ae00000, 0x000000070ae00000|100%| O|  |TAMS 0x000000070ae00000, 0x000000070ac00000| Untracked 
|   7|0x000000070ae00000, 0x000000070b000000, 0x000000070b000000|100%| O|  |TAMS 0x000000070b000000, 0x000000070ae00000| Untracked 
|   8|0x000000070b000000, 0x000000070b200000, 0x000000070b200000|100%| O|  |TAMS 0x000000070b200000, 0x000000070b000000| Untracked 
|   9|0x000000070b200000, 0x000000070b400000, 0x000000070b400000|100%| O|  |TAMS 0x000000070b400000, 0x000000070b200000| Untracked 
|  10|0x000000070b400000, 0x000000070b600000, 0x000000070b600000|100%| O|  |TAMS 0x000000070b600000, 0x000000070b400000| Untracked 
|  11|0x000000070b600000, 0x000000070b800000, 0x000000070b800000|100%| O|  |TAMS 0x000000070b800000, 0x000000070b600000| Untracked 
|  12|0x000000070b800000, 0x000000070b800000, 0x000000070ba00000|  0%| F|  |TAMS 0x000000070b800000, 0x000000070b800000| Untracked 
|  13|0x000000070ba00000, 0x000000070ba00000, 0x000000070bc00000|  0%| F|  |TAMS 0x000000070ba00000, 0x000000070ba00000| Untracked 
|  14|0x000000070bc00000, 0x000000070bc00000, 0x000000070be00000|  0%| F|  |TAMS 0x000000070bc00000, 0x000000070bc00000| Untracked 
|  15|0x000000070be00000, 0x000000070be00000, 0x000000070c000000|  0%| F|  |TAMS 0x000000070be00000, 0x000000070be00000| Untracked 
|  16|0x000000070c000000, 0x000000070c000000, 0x000000070c200000|  0%| F|  |TAMS 0x000000070c000000, 0x000000070c000000| Untracked 
|  17|0x000000070c200000, 0x000000070c200000, 0x000000070c400000|  0%| F|  |TAMS 0x000000070c200000, 0x000000070c200000| Untracked 
|  18|0x000000070c400000, 0x000000070c400000, 0x000000070c600000|  0%| F|  |TAMS 0x000000070c400000, 0x000000070c400000| Untracked 
|  19|0x000000070c600000, 0x000000070c600000, 0x000000070c800000|  0%| F|  |TAMS 0x000000070c600000, 0x000000070c600000| Untracked 
|  20|0x000000070c800000, 0x000000070c800000, 0x000000070ca00000|  0%| F|  |TAMS 0x000000070c800000, 0x000000070c800000| Untracked 
|  21|0x000000070ca00000, 0x000000070ca00000, 0x000000070cc00000|  0%| F|  |TAMS 0x000000070ca00000, 0x000000070ca00000| Untracked 
|  22|0x000000070cc00000, 0x000000070cc00000, 0x000000070ce00000|  0%| F|  |TAMS 0x000000070cc00000, 0x000000070cc00000| Untracked 
|  23|0x000000070ce00000, 0x000000070ce00000, 0x000000070d000000|  0%| F|  |TAMS 0x000000070ce00000, 0x000000070ce00000| Untracked 
|  24|0x000000070d000000, 0x000000070d000000, 0x000000070d200000|  0%| F|  |TAMS 0x000000070d000000, 0x000000070d000000| Untracked 
|  25|0x000000070d200000, 0x000000070d200000, 0x000000070d400000|  0%| F|  |TAMS 0x000000070d200000, 0x000000070d200000| Untracked 
|  26|0x000000070d400000, 0x000000070d400000, 0x000000070d600000|  0%| F|  |TAMS 0x000000070d400000, 0x000000070d400000| Untracked 
|  27|0x000000070d600000, 0x000000070d600000, 0x000000070d800000|  0%| F|  |TAMS 0x000000070d600000, 0x000000070d600000| Untracked 
|  28|0x000000070d800000, 0x000000070d800000, 0x000000070da00000|  0%| F|  |TAMS 0x000000070d800000, 0x000000070d800000| Untracked 
|  29|0x000000070da00000, 0x000000070da00000, 0x000000070dc00000|  0%| F|  |TAMS 0x000000070da00000, 0x000000070da00000| Untracked 
|  30|0x000000070dc00000, 0x000000070dc00000, 0x000000070de00000|  0%| F|  |TAMS 0x000000070dc00000, 0x000000070dc00000| Untracked 
|  31|0x000000070de00000, 0x000000070de00000, 0x000000070e000000|  0%| F|  |TAMS 0x000000070de00000, 0x000000070de00000| Untracked 
|  32|0x000000070e000000, 0x000000070e000000, 0x000000070e200000|  0%| F|  |TAMS 0x000000070e000000, 0x000000070e000000| Untracked 
|  33|0x000000070e200000, 0x000000070e200000, 0x000000070e400000|  0%| F|  |TAMS 0x000000070e200000, 0x000000070e200000| Untracked 
|  34|0x000000070e400000, 0x000000070e400000, 0x000000070e600000|  0%| F|  |TAMS 0x000000070e400000, 0x000000070e400000| Untracked 
|  35|0x000000070e600000, 0x000000070e600000, 0x000000070e800000|  0%| F|  |TAMS 0x000000070e600000, 0x000000070e600000| Untracked 
|  36|0x000000070e800000, 0x000000070e800000, 0x000000070ea00000|  0%| F|  |TAMS 0x000000070e800000, 0x000000070e800000| Untracked 
|  37|0x000000070ea00000, 0x000000070ea00000, 0x000000070ec00000|  0%| F|  |TAMS 0x000000070ea00000, 0x000000070ea00000| Untracked 
|  38|0x000000070ec00000, 0x000000070ec00000, 0x000000070ee00000|  0%| F|  |TAMS 0x000000070ec00000, 0x000000070ec00000| Untracked 
|  39|0x000000070ee00000, 0x000000070ee00000, 0x000000070f000000|  0%| F|  |TAMS 0x000000070ee00000, 0x000000070ee00000| Untracked 
|  40|0x000000070f000000, 0x000000070f000000, 0x000000070f200000|  0%| F|  |TAMS 0x000000070f000000, 0x000000070f000000| Untracked 
|  41|0x000000070f200000, 0x000000070f200000, 0x000000070f400000|  0%| F|  |TAMS 0x000000070f200000, 0x000000070f200000| Untracked 
|  42|0x000000070f400000, 0x000000070f400000, 0x000000070f600000|  0%| F|  |TAMS 0x000000070f400000, 0x000000070f400000| Untracked 
|  43|0x000000070f600000, 0x000000070f600000, 0x000000070f800000|  0%| F|  |TAMS 0x000000070f600000, 0x000000070f600000| Untracked 
|  44|0x000000070f800000, 0x000000070f800000, 0x000000070fa00000|  0%| F|  |TAMS 0x000000070f800000, 0x000000070f800000| Untracked 
|  45|0x000000070fa00000, 0x000000070fc00000, 0x000000070fc00000|100%| O|  |TAMS 0x000000070fc00000, 0x000000070fa00000| Untracked 
|  46|0x000000070fc00000, 0x000000070fe00000, 0x000000070fe00000|100%| O|  |TAMS 0x000000070fe00000, 0x000000070fc00000| Untracked 
|  47|0x000000070fe00000, 0x0000000710000000, 0x0000000710000000|100%| O|  |TAMS 0x0000000710000000, 0x000000070fe00000| Untracked 
|  48|0x0000000710000000, 0x0000000710200000, 0x0000000710200000|100%| O|  |TAMS 0x0000000710200000, 0x0000000710000000| Untracked 
|  49|0x0000000710200000, 0x0000000710200000, 0x0000000710400000|  0%| F|  |TAMS 0x0000000710200000, 0x0000000710200000| Untracked 
|  50|0x0000000710400000, 0x0000000710400000, 0x0000000710600000|  0%| F|  |TAMS 0x0000000710400000, 0x0000000710400000| Untracked 
|  51|0x0000000710600000, 0x0000000710600000, 0x0000000710800000|  0%| F|  |TAMS 0x0000000710600000, 0x0000000710600000| Untracked 
|  52|0x0000000710800000, 0x0000000710a00000, 0x0000000710a00000|100%|HS|  |TAMS 0x0000000710a00000, 0x0000000710800000| Complete 
|  53|0x0000000710a00000, 0x0000000710c00000, 0x0000000710c00000|100%|HS|  |TAMS 0x0000000710c00000, 0x0000000710a00000| Complete 
|  54|0x0000000710c00000, 0x0000000710e00000, 0x0000000710e00000|100%|HS|  |TAMS 0x0000000710e00000, 0x0000000710c00000| Complete 
|  55|0x0000000710e00000, 0x0000000711000000, 0x0000000711000000|100%| O|  |TAMS 0x0000000711000000, 0x0000000710e00000| Untracked 
|  56|0x0000000711000000, 0x0000000711200000, 0x0000000711200000|100%| O|  |TAMS 0x0000000711200000, 0x0000000711000000| Untracked 
|  57|0x0000000711200000, 0x0000000711291200, 0x0000000711400000| 28%| O|  |TAMS 0x0000000711291200, 0x0000000711200000| Untracked 
|  58|0x0000000711400000, 0x0000000711600000, 0x0000000711600000|100%|HS|  |TAMS 0x0000000711400000, 0x0000000711400000| Complete 
|  59|0x0000000711600000, 0x0000000711800000, 0x0000000711800000|100%|HS|  |TAMS 0x0000000711600000, 0x0000000711600000| Complete 
|  60|0x0000000711800000, 0x0000000711a00000, 0x0000000711a00000|100%|HS|  |TAMS 0x0000000711800000, 0x0000000711800000| Complete 
|  61|0x0000000711a00000, 0x0000000711a00000, 0x0000000711c00000|  0%| F|  |TAMS 0x0000000711a00000, 0x0000000711a00000| Untracked 
|  62|0x0000000711c00000, 0x0000000711c00000, 0x0000000711e00000|  0%| F|  |TAMS 0x0000000711c00000, 0x0000000711c00000| Untracked 
|  63|0x0000000711e00000, 0x0000000711e00000, 0x0000000712000000|  0%| F|  |TAMS 0x0000000711e00000, 0x0000000711e00000| Untracked 
|  64|0x0000000712000000, 0x0000000712000000, 0x0000000712200000|  0%| F|  |TAMS 0x0000000712000000, 0x0000000712000000| Untracked 
|  65|0x0000000712200000, 0x0000000712200000, 0x0000000712400000|  0%| F|  |TAMS 0x0000000712200000, 0x0000000712200000| Untracked 
|  66|0x0000000712400000, 0x0000000712600000, 0x0000000712600000|100%| E|  |TAMS 0x0000000712400000, 0x0000000712400000| Complete 
|  67|0x0000000712600000, 0x0000000712800000, 0x0000000712800000|100%| E|CS|TAMS 0x0000000712600000, 0x0000000712600000| Complete 
|  68|0x0000000712800000, 0x0000000712a00000, 0x0000000712a00000|100%| E|CS|TAMS 0x0000000712800000, 0x0000000712800000| Complete 
|  69|0x0000000712a00000, 0x0000000712c00000, 0x0000000712c00000|100%| E|CS|TAMS 0x0000000712a00000, 0x0000000712a00000| Complete 
|  70|0x0000000712c00000, 0x0000000712e00000, 0x0000000712e00000|100%| E|CS|TAMS 0x0000000712c00000, 0x0000000712c00000| Complete 
|  71|0x0000000712e00000, 0x0000000713000000, 0x0000000713000000|100%| E|CS|TAMS 0x0000000712e00000, 0x0000000712e00000| Complete 
|  72|0x0000000713000000, 0x0000000713200000, 0x0000000713200000|100%| E|CS|TAMS 0x0000000713000000, 0x0000000713000000| Complete 
|  73|0x0000000713200000, 0x0000000713400000, 0x0000000713400000|100%| E|CS|TAMS 0x0000000713200000, 0x0000000713200000| Complete 
|  74|0x0000000713400000, 0x0000000713600000, 0x0000000713600000|100%| E|CS|TAMS 0x0000000713400000, 0x0000000713400000| Complete 
|  75|0x0000000713600000, 0x0000000713800000, 0x0000000713800000|100%| E|CS|TAMS 0x0000000713600000, 0x0000000713600000| Complete 
|  76|0x0000000713800000, 0x0000000713a00000, 0x0000000713a00000|100%| E|CS|TAMS 0x0000000713800000, 0x0000000713800000| Complete 
|  77|0x0000000713a00000, 0x0000000713c00000, 0x0000000713c00000|100%| E|CS|TAMS 0x0000000713a00000, 0x0000000713a00000| Complete 
|  78|0x0000000713c00000, 0x0000000713e00000, 0x0000000713e00000|100%| E|CS|TAMS 0x0000000713c00000, 0x0000000713c00000| Complete 
|  79|0x0000000713e00000, 0x0000000714000000, 0x0000000714000000|100%| E|CS|TAMS 0x0000000713e00000, 0x0000000713e00000| Complete 
|  80|0x0000000714000000, 0x0000000714200000, 0x0000000714200000|100%| E|CS|TAMS 0x0000000714000000, 0x0000000714000000| Complete 
|  81|0x0000000714200000, 0x0000000714400000, 0x0000000714400000|100%| E|CS|TAMS 0x0000000714200000, 0x0000000714200000| Complete 
|  82|0x0000000714400000, 0x0000000714600000, 0x0000000714600000|100%| E|CS|TAMS 0x0000000714400000, 0x0000000714400000| Complete 
|  83|0x0000000714600000, 0x0000000714800000, 0x0000000714800000|100%| E|CS|TAMS 0x0000000714600000, 0x0000000714600000| Complete 
|  84|0x0000000714800000, 0x0000000714a00000, 0x0000000714a00000|100%| E|CS|TAMS 0x0000000714800000, 0x0000000714800000| Complete 
| 103|0x0000000716e00000, 0x0000000716ef3750, 0x0000000717000000| 47%| S|CS|TAMS 0x0000000716e00000, 0x0000000716e00000| Complete 
| 104|0x0000000717000000, 0x0000000717200000, 0x0000000717200000|100%| S|CS|TAMS 0x0000000717000000, 0x0000000717000000| Complete 
| 105|0x0000000717200000, 0x0000000717400000, 0x0000000717400000|100%| S|CS|TAMS 0x0000000717200000, 0x0000000717200000| Complete 
| 106|0x0000000717400000, 0x0000000717600000, 0x0000000717600000|100%| S|CS|TAMS 0x0000000717400000, 0x0000000717400000| Complete 
| 122|0x0000000719400000, 0x0000000719600000, 0x0000000719600000|100%| E|CS|TAMS 0x0000000719400000, 0x0000000719400000| Complete 

Card table byte_map: [0x000002113ecc0000,0x000002113f470000] _byte_map_base: 0x000002113b470000

Marking Bits (Prev, Next): (CMBitMap*) 0x000002112720b7b0, (CMBitMap*) 0x000002112720b770
 Prev Bits: [0x00000211439a0000, 0x0000021147720000)
 Next Bits: [0x000002113fc20000, 0x00000211439a0000)

Polling page: 0x0000021126990000

Metaspace:

Usage:
  Non-class:      9.51 MB used.
      Class:    741.12 KB used.
       Both:     10.24 MB used.

Virtual space:
  Non-class space:       16.00 MB reserved,       9.56 MB ( 60%) committed,  2 nodes.
      Class space:        1.00 GB reserved,     832.00 KB ( <1%) committed,  1 nodes.
             Both:        1.02 GB reserved,      10.38 MB ( <1%) committed. 

Chunk freelists:
   Non-Class:  592.00 KB
       Class:  3.18 MB
        Both:  3.76 MB

MaxMetaspaceSize: unlimited
CompressedClassSpaceSize: 1.00 GB
Initial GC threshold: 21.00 MB
Current GC threshold: 21.00 MB
CDS: on
MetaspaceReclaimPolicy: balanced
 - commit_granule_bytes: 65536.
 - commit_granule_words: 8192.
 - virtual_space_node_default_size: 1048576.
 - enlarge_chunks_in_place: 1.
 - new_chunks_are_fully_committed: 0.
 - uncommit_free_chunks: 1.
 - use_allocation_guard: 0.
 - handle_deallocations: 1.


Internal statistics:

num_allocs_failed_limit: 0.
num_arena_births: 60.
num_arena_deaths: 0.
num_vsnodes_births: 3.
num_vsnodes_deaths: 0.
num_space_committed: 164.
num_space_uncommitted: 0.
num_chunks_returned_to_freelist: 0.
num_chunks_taken_from_freelist: 349.
num_chunk_merges: 0.
num_chunk_splits: 287.
num_chunks_enlarged: 251.
num_purges: 0.
num_inconsistent_stats: 0.

CodeHeap 'non-profiled nmethods': size=119168Kb used=2495Kb max_used=2495Kb free=116672Kb
 bounds [0x0000021136820000, 0x0000021136a90000, 0x000002113dc80000]
CodeHeap 'profiled nmethods': size=119104Kb used=4402Kb max_used=4402Kb free=114701Kb
 bounds [0x000002112f3d0000, 0x000002112f820000, 0x0000021136820000]
CodeHeap 'non-nmethods': size=7488Kb used=1663Kb max_used=3397Kb free=5824Kb
 bounds [0x000002112ec80000, 0x000002112efe0000, 0x000002112f3d0000]
 total_blobs=3624 nmethods=2514 adapters=1023
 compilation: enabled
              stopped_count=0, restarted_count=0
 full_count=0

Compilation events (20 events):
Event: 63.413 Thread 0x000002114a79aa50 2509 %     4       com.crazyputting3d.Engine.physicsEngine::trajectory @ 0 (1034 bytes)
Event: 63.471 Thread 0x000002114a79aa50 nmethod 2509% 0x0000021136a8ba90 code [0x0000021136a8bea0, 0x0000021136a8e770]
Event: 63.471 Thread 0x000002114a79aa50 2510       4       com.crazyputting3d.Objects.Wall::isInWall (40 bytes)
Event: 63.471 Thread 0x000002114a79aa50 nmethod 2510 0x0000021136a8fb90 code [0x0000021136a8fd00, 0x0000021136a8fdb8]
Event: 64.124 Thread 0x000002114a7a3450 2511       3       com.crazyputting3d.UI.game3d::animateBall (34 bytes)
Event: 64.124 Thread 0x000002114a7a3450 nmethod 2511 0x000002112f818790 code [0x000002112f818940, 0x000002112f818b18]
Event: 64.226 Thread 0x000002114a7a3450 2512       3       java.lang.Class::privateGetDeclaredConstructors (79 bytes)
Event: 64.226 Thread 0x000002114a7a3450 nmethod 2512 0x000002112f818c90 code [0x000002112f818e80, 0x000002112f8193e8]
Event: 64.226 Thread 0x000002114a7a3450 2513       3       jdk.internal.reflect.ReflectionFactory::copyConstructor (11 bytes)
Event: 64.226 Thread 0x000002114a7a3450 nmethod 2513 0x000002112f819590 code [0x000002112f819740, 0x000002112f819948]
Event: 64.226 Thread 0x000002114a7a3450 2514       3       java.lang.reflect.ReflectAccess::copyConstructor (5 bytes)
Event: 64.226 Thread 0x000002114a7a3450 nmethod 2514 0x000002112f819a90 code [0x000002112f819c40, 0x000002112f819d88]
Event: 64.226 Thread 0x000002114a7a3450 2515       3       java.lang.reflect.Constructor::copy (72 bytes)
Event: 64.226 Thread 0x000002114a7a3450 nmethod 2515 0x000002112f819e90 code [0x000002112f81a060, 0x000002112f81a458]
Event: 64.226 Thread 0x000002114a7a3450 2516       3       java.lang.reflect.Constructor::<init> (50 bytes)
Event: 64.227 Thread 0x000002114a7a3450 nmethod 2516 0x000002112f81a590 code [0x000002112f81a760, 0x000002112f81ac18]
Event: 66.242 Thread 0x000002114a7a3450 2517       3       org.lwjgl.glfw.GLFWCursorPosCallbackI::callback (19 bytes)
Event: 66.242 Thread 0x000002114a7a3450 nmethod 2517 0x000002112f81ad90 code [0x000002112f81afe0, 0x000002112f81b7e8]
Event: 66.242 Thread 0x000002114a7a3450 2518       3       com.badlogic.gdx.backends.lwjgl3.DefaultLwjgl3Input$4::invoke (302 bytes)
Event: 66.243 Thread 0x000002114a7a3450 nmethod 2518 0x000002112f81bb10 code [0x000002112f81bd40, 0x000002112f81c558]

GC Heap History (18 events):
Event: 2.162 GC heap before
{Heap before GC invocations=0 (full 0):
 garbage-first heap   total 251904K, used 22528K [0x000000070a000000, 0x0000000800000000)
  region size 2048K, 11 young (22528K), 0 survivors (0K)
 Metaspace       used 7299K, committed 7424K, reserved 1064960K
  class space    used 453K, committed 512K, reserved 1048576K
}
Event: 2.164 GC heap after
{Heap after GC invocations=1 (full 0):
 garbage-first heap   total 251904K, used 2630K [0x000000070a000000, 0x0000000800000000)
  region size 2048K, 2 young (4096K), 2 survivors (4096K)
 Metaspace       used 7299K, committed 7424K, reserved 1064960K
  class space    used 453K, committed 512K, reserved 1048576K
}
Event: 4.729 GC heap before
{Heap before GC invocations=1 (full 0):
 garbage-first heap   total 251904K, used 43590K [0x000000070a000000, 0x0000000800000000)
  region size 2048K, 19 young (38912K), 2 survivors (4096K)
 Metaspace       used 9731K, committed 9792K, reserved 1064960K
  class space    used 677K, committed 704K, reserved 1048576K
}
Event: 4.738 GC heap after
{Heap after GC invocations=2 (full 0):
 garbage-first heap   total 251904K, used 22645K [0x000000070a000000, 0x0000000800000000)
  region size 2048K, 3 young (6144K), 3 survivors (6144K)
 Metaspace       used 9731K, committed 9792K, reserved 1064960K
  class space    used 677K, committed 704K, reserved 1048576K
}
Event: 5.170 GC heap before
{Heap before GC invocations=2 (full 0):
 garbage-first heap   total 251904K, used 28789K [0x000000070a000000, 0x0000000800000000)
  region size 2048K, 6 young (12288K), 3 survivors (6144K)
 Metaspace       used 9797K, committed 9856K, reserved 1064960K
  class space    used 677K, committed 704K, reserved 1048576K
}
Event: 5.174 GC heap after
{Heap after GC invocations=3 (full 0):
 garbage-first heap   total 251904K, used 24080K [0x000000070a000000, 0x0000000800000000)
  region size 2048K, 1 young (2048K), 1 survivors (2048K)
 Metaspace       used 9797K, committed 9856K, reserved 1064960K
  class space    used 677K, committed 704K, reserved 1048576K
}
Event: 18.108 GC heap before
{Heap before GC invocations=3 (full 0):
 garbage-first heap   total 251904K, used 183824K [0x000000070a000000, 0x0000000800000000)
  region size 2048K, 73 young (149504K), 1 survivors (2048K)
 Metaspace       used 10312K, committed 10432K, reserved 1064960K
  class space    used 727K, committed 768K, reserved 1048576K
}
Event: 18.111 GC heap after
{Heap after GC invocations=4 (full 0):
 garbage-first heap   total 251904K, used 39979K [0x000000070a000000, 0x0000000800000000)
  region size 2048K, 3 young (6144K), 3 survivors (6144K)
 Metaspace       used 10312K, committed 10432K, reserved 1064960K
  class space    used 727K, committed 768K, reserved 1048576K
}
Event: 30.696 GC heap before
{Heap before GC invocations=4 (full 0):
 garbage-first heap   total 251904K, used 207915K [0x000000070a000000, 0x0000000800000000)
  region size 2048K, 73 young (149504K), 3 survivors (6144K)
 Metaspace       used 10324K, committed 10432K, reserved 1064960K
  class space    used 727K, committed 768K, reserved 1048576K
}
Event: 30.699 GC heap after
{Heap after GC invocations=5 (full 0):
 garbage-first heap   total 251904K, used 69167K [0x000000070a000000, 0x0000000800000000)
  region size 2048K, 5 young (10240K), 5 survivors (10240K)
 Metaspace       used 10324K, committed 10432K, reserved 1064960K
  class space    used 727K, committed 768K, reserved 1048576K
}
Event: 42.100 GC heap before
{Heap before GC invocations=5 (full 0):
 garbage-first heap   total 251904K, used 222767K [0x000000070a000000, 0x0000000800000000)
  region size 2048K, 68 young (139264K), 5 survivors (10240K)
 Metaspace       used 10454K, committed 10624K, reserved 1064960K
  class space    used 740K, committed 832K, reserved 1048576K
}
Event: 42.104 GC heap after
{Heap after GC invocations=6 (full 0):
 garbage-first heap   total 251904K, used 99274K [0x000000070a000000, 0x0000000800000000)
  region size 2048K, 8 young (16384K), 8 survivors (16384K)
 Metaspace       used 10454K, committed 10624K, reserved 1064960K
  class space    used 740K, committed 832K, reserved 1048576K
}
Event: 51.388 GC heap before
{Heap before GC invocations=6 (full 0):
 garbage-first heap   total 251904K, used 207818K [0x000000070a000000, 0x0000000800000000)
  region size 2048K, 58 young (118784K), 8 survivors (16384K)
 Metaspace       used 10468K, committed 10624K, reserved 1064960K
  class space    used 740K, committed 832K, reserved 1048576K
}
Event: 51.393 GC heap after
{Heap after GC invocations=7 (full 0):
 garbage-first heap   total 251904K, used 107738K [0x000000070a000000, 0x0000000800000000)
  region size 2048K, 4 young (8192K), 4 survivors (8192K)
 Metaspace       used 10468K, committed 10624K, reserved 1064960K
  class space    used 740K, committed 832K, reserved 1048576K
}
Event: 60.416 GC heap before
{Heap before GC invocations=7 (full 0):
 garbage-first heap   total 251904K, used 220378K [0x000000070a000000, 0x0000000800000000)
  region size 2048K, 53 young (108544K), 4 survivors (8192K)
 Metaspace       used 10470K, committed 10624K, reserved 1064960K
  class space    used 740K, committed 832K, reserved 1048576K
}
Event: 60.419 GC heap after
{Heap after GC invocations=8 (full 0):
 garbage-first heap   total 251904K, used 123857K [0x000000070a000000, 0x0000000800000000)
  region size 2048K, 4 young (8192K), 4 survivors (8192K)
 Metaspace       used 10470K, committed 10624K, reserved 1064960K
  class space    used 740K, committed 832K, reserved 1048576K
}
Event: 63.391 GC heap before
{Heap before GC invocations=8 (full 0):
 garbage-first heap   total 251904K, used 154577K [0x000000070a000000, 0x0000000800000000)
  region size 2048K, 20 young (40960K), 4 survivors (8192K)
 Metaspace       used 10470K, committed 10624K, reserved 1064960K
  class space    used 740K, committed 832K, reserved 1048576K
}
Event: 63.394 GC heap after
{Heap after GC invocations=9 (full 0):
 garbage-first heap   total 251904K, used 124434K [0x000000070a000000, 0x0000000800000000)
  region size 2048K, 4 young (8192K), 4 survivors (8192K)
 Metaspace       used 10470K, committed 10624K, reserved 1064960K
  class space    used 740K, committed 832K, reserved 1048576K
}

Deoptimization events (20 events):
Event: 38.797 Thread 0x00000211271b27f0 DEOPT PACKING pc=0x0000021136a00e9c sp=0x000000d2badfe890
Event: 38.797 Thread 0x00000211271b27f0 DEOPT UNPACKING pc=0x000002112ecd23a3 sp=0x000000d2badfe830 mode 2
Event: 42.006 Thread 0x00000211271b27f0 Uncommon trap: trap_request=0xffffff45 fr.pc=0x0000021136a21c6c relative=0x00000000000016ac
Event: 42.006 Thread 0x00000211271b27f0 Uncommon trap: reason=unstable_if action=reinterpret pc=0x0000021136a21c6c method=jdk.internal.math.FloatingDecimal$BinaryToASCIIBuffer.dtoa(IJIZ)V @ 1480 c2
Event: 42.006 Thread 0x00000211271b27f0 DEOPT PACKING pc=0x0000021136a21c6c sp=0x000000d2badfe5f0
Event: 42.006 Thread 0x00000211271b27f0 DEOPT UNPACKING pc=0x000002112ecd23a3 sp=0x000000d2badfe4b8 mode 2
Event: 42.257 Thread 0x00000211271b27f0 DEOPT PACKING pc=0x000002112f78274b sp=0x000000d2badfe5c0
Event: 42.257 Thread 0x00000211271b27f0 DEOPT UNPACKING pc=0x000002112ecd2b43 sp=0x000000d2badfd9f8 mode 0
Event: 63.411 Thread 0x00000211271b27f0 Uncommon trap: trap_request=0xffffff45 fr.pc=0x0000021136a4b44c relative=0x00000000000007cc
Event: 63.411 Thread 0x00000211271b27f0 Uncommon trap: reason=unstable_if action=reinterpret pc=0x0000021136a4b44c method=com.crazyputting3d.Objects.Wall.isInWall(DD)Z @ 6 c2
Event: 63.411 Thread 0x00000211271b27f0 DEOPT PACKING pc=0x0000021136a4b44c sp=0x000000d2badfe730
Event: 63.411 Thread 0x00000211271b27f0 DEOPT UNPACKING pc=0x000002112ecd23a3 sp=0x000000d2badfe5e8 mode 2
Event: 63.411 Thread 0x00000211271b27f0 Uncommon trap: trap_request=0xffffff45 fr.pc=0x0000021136a35528 relative=0x00000000000000a8
Event: 63.411 Thread 0x00000211271b27f0 Uncommon trap: reason=unstable_if action=reinterpret pc=0x0000021136a35528 method=com.crazyputting3d.Objects.Wall.isInWall(DD)Z @ 6 c2
Event: 63.411 Thread 0x00000211271b27f0 DEOPT PACKING pc=0x0000021136a35528 sp=0x000000d2badfe630
Event: 63.411 Thread 0x00000211271b27f0 DEOPT UNPACKING pc=0x000002112ecd23a3 sp=0x000000d2badfe5e0 mode 2
Event: 63.411 Thread 0x00000211271b27f0 Uncommon trap: trap_request=0xffffff45 fr.pc=0x0000021136a359f0 relative=0x0000000000000250
Event: 63.411 Thread 0x00000211271b27f0 Uncommon trap: reason=unstable_if action=reinterpret pc=0x0000021136a359f0 method=com.crazyputting3d.Objects.Wall.isInWall(DD)Z @ 6 c2
Event: 63.411 Thread 0x00000211271b27f0 DEOPT PACKING pc=0x0000021136a359f0 sp=0x000000d2badfe6a0
Event: 63.411 Thread 0x00000211271b27f0 DEOPT UNPACKING pc=0x000002112ecd23a3 sp=0x000000d2badfe5e0 mode 2

Classes unloaded (0 events):
No events

Classes redefined (0 events):
No events

Internal exceptions (20 events):
Event: 0.210 Thread 0x00000211271b27f0 Exception <a 'java/lang/NoSuchMethodError'{0x00000007191cf458}: 'void java.lang.invoke.DirectMethodHandle$Holder.invokeStatic(java.lang.Object, java.lang.Object)'> (0x00000007191cf458) 
thrown [e:\jenkins\tmp\workspace\build\src\src\hotspot\share\interpreter\linkResolver.cpp, line 766]
Event: 0.210 Thread 0x00000211271b27f0 Exception <a 'java/lang/NoSuchMethodError'{0x00000007191d4ca0}: 'void java.lang.invoke.DirectMethodHandle$Holder.invokeSpecial(java.lang.Object, java.lang.Object, java.lang.Object)'> (0x00000007191d4ca0) 
thrown [e:\jenkins\tmp\workspace\build\src\src\hotspot\share\interpreter\linkResolver.cpp, line 766]
Event: 0.212 Thread 0x00000211271b27f0 Exception <a 'java/lang/NoSuchMethodError'{0x00000007191e8470}: 'java.lang.Object java.lang.invoke.DirectMethodHandle$Holder.invokeStatic(java.lang.Object, java.lang.Object, int)'> (0x00000007191e8470) 
thrown [e:\jenkins\tmp\workspace\build\src\src\hotspot\share\interpreter\linkResolver.cpp, line 766]
Event: 0.213 Thread 0x00000211271b27f0 Exception <a 'java/lang/NoSuchMethodError'{0x00000007191f41e0}: 'void java.lang.invoke.DelegatingMethodHandle$Holder.delegate(java.lang.Object, java.lang.Object, int, java.lang.Object)'> (0x00000007191f41e0) 
thrown [e:\jenkins\tmp\workspace\build\src\src\hotspot\share\interpreter\linkResolver.cpp, line 766]
Event: 0.214 Thread 0x00000211271b27f0 Exception <a 'java/lang/NoSuchMethodError'{0x00000007191f8420}: 'int java.lang.invoke.DirectMethodHandle$Holder.invokeSpecial(java.lang.Object, java.lang.Object, java.lang.Object)'> (0x00000007191f8420) 
thrown [e:\jenkins\tmp\workspace\build\src\src\hotspot\share\interpreter\linkResolver.cpp, line 766]
Event: 0.244 Thread 0x00000211271b27f0 Exception <a 'sun/nio/fs/WindowsException'{0x0000000718e9f408}> (0x0000000718e9f408) 
thrown [e:\jenkins\tmp\workspace\build\src\src\hotspot\share\prims\jni.cpp, line 516]
Event: 0.244 Thread 0x00000211271b27f0 Exception <a 'sun/nio/fs/WindowsException'{0x0000000718e9f960}> (0x0000000718e9f960) 
thrown [e:\jenkins\tmp\workspace\build\src\src\hotspot\share\prims\jni.cpp, line 516]
Event: 0.272 Thread 0x00000211271b27f0 Exception <a 'sun/nio/fs/WindowsException'{0x0000000718f8e470}> (0x0000000718f8e470) 
thrown [e:\jenkins\tmp\workspace\build\src\src\hotspot\share\prims\jni.cpp, line 516]
Event: 0.272 Thread 0x00000211271b27f0 Exception <a 'sun/nio/fs/WindowsException'{0x0000000718f8e810}> (0x0000000718f8e810) 
thrown [e:\jenkins\tmp\workspace\build\src\src\hotspot\share\prims\jni.cpp, line 516]
Event: 0.292 Thread 0x00000211271b27f0 Exception <a 'sun/nio/fs/WindowsException'{0x0000000718c3d4f8}> (0x0000000718c3d4f8) 
thrown [e:\jenkins\tmp\workspace\build\src\src\hotspot\share\prims\jni.cpp, line 516]
Event: 0.292 Thread 0x00000211271b27f0 Exception <a 'sun/nio/fs/WindowsException'{0x0000000718c3d868}> (0x0000000718c3d868) 
thrown [e:\jenkins\tmp\workspace\build\src\src\hotspot\share\prims\jni.cpp, line 516]
Event: 0.337 Thread 0x00000211271b27f0 Exception <a 'sun/nio/fs/WindowsException'{0x0000000718cc2898}> (0x0000000718cc2898) 
thrown [e:\jenkins\tmp\workspace\build\src\src\hotspot\share\prims\jni.cpp, line 516]
Event: 0.337 Thread 0x00000211271b27f0 Exception <a 'sun/nio/fs/WindowsException'{0x0000000718cc2c20}> (0x0000000718cc2c20) 
thrown [e:\jenkins\tmp\workspace\build\src\src\hotspot\share\prims\jni.cpp, line 516]
Event: 0.622 Thread 0x00000211271b27f0 Exception <a 'sun/nio/fs/WindowsException'{0x0000000718aa6438}> (0x0000000718aa6438) 
thrown [e:\jenkins\tmp\workspace\build\src\src\hotspot\share\prims\jni.cpp, line 516]
Event: 0.622 Thread 0x00000211271b27f0 Exception <a 'sun/nio/fs/WindowsException'{0x0000000718aa67e8}> (0x0000000718aa67e8) 
thrown [e:\jenkins\tmp\workspace\build\src\src\hotspot\share\prims\jni.cpp, line 516]
Event: 0.624 Thread 0x00000211271b27f0 Exception <a 'sun/nio/fs/WindowsException'{0x0000000718ab2980}> (0x0000000718ab2980) 
thrown [e:\jenkins\tmp\workspace\build\src\src\hotspot\share\prims\jni.cpp, line 516]
Event: 0.624 Thread 0x00000211271b27f0 Exception <a 'sun/nio/fs/WindowsException'{0x0000000718ab2c68}> (0x0000000718ab2c68) 
thrown [e:\jenkins\tmp\workspace\build\src\src\hotspot\share\prims\jni.cpp, line 516]
Event: 4.176 Thread 0x00000211271b27f0 Implicit null exception at 0x000002113688a0b0 to 0x000002113688a288
Event: 4.190 Thread 0x00000211271b27f0 Implicit null exception at 0x0000021136894a3f to 0x0000021136894b1c
Event: 11.310 Thread 0x000002115aefa820 Implicit null exception at 0x000002113688c95f to 0x000002113688ca1c

VM Operations (20 events):
Event: 42.100 Executing VM operation: G1CollectForAllocation
Event: 42.104 Executing VM operation: G1CollectForAllocation done
Event: 44.104 Executing VM operation: Cleanup
Event: 44.104 Executing VM operation: Cleanup done
Event: 48.106 Executing VM operation: Cleanup
Event: 48.106 Executing VM operation: Cleanup done
Event: 49.106 Executing VM operation: Cleanup
Event: 49.107 Executing VM operation: Cleanup done
Event: 51.388 Executing VM operation: G1CollectForAllocation
Event: 51.393 Executing VM operation: G1CollectForAllocation done
Event: 53.394 Executing VM operation: Cleanup
Event: 53.394 Executing VM operation: Cleanup done
Event: 60.416 Executing VM operation: G1CollectForAllocation
Event: 60.419 Executing VM operation: G1CollectForAllocation done
Event: 63.391 Executing VM operation: G1TryInitiateConcMark
Event: 63.394 Executing VM operation: G1TryInitiateConcMark done
Event: 63.408 Executing VM operation: G1Concurrent
Event: 63.410 Executing VM operation: G1Concurrent done
Event: 63.418 Executing VM operation: G1Concurrent
Event: 63.418 Executing VM operation: G1Concurrent done

Events (20 events):
Event: 44.403 Thread 0x00000211631ce560 Thread added: 0x00000211631ce560
Event: 44.603 Thread 0x00000211631ce090 Thread exited: 0x00000211631ce090
Event: 52.754 Thread 0x00000211631ce090 Thread added: 0x00000211631ce090
Event: 52.757 Thread 0x00000211631cbee0 Thread added: 0x00000211631cbee0
Event: 52.957 Thread 0x00000211631ce090 Thread exited: 0x00000211631ce090
Event: 53.387 Thread 0x00000211631ce090 Thread added: 0x00000211631ce090
Event: 53.389 Thread 0x000002115afa7020 Thread added: 0x000002115afa7020
Event: 53.590 Thread 0x00000211631ce090 Thread exited: 0x00000211631ce090
Event: 58.738 Thread 0x00000211631ce090 Thread added: 0x00000211631ce090
Event: 58.742 Thread 0x000002110217b9e0 Thread added: 0x000002110217b9e0
Event: 58.943 Thread 0x00000211631ce090 Thread exited: 0x00000211631ce090
Event: 59.206 Thread 0x00000211021806e0 Thread added: 0x00000211021806e0
Event: 59.209 Thread 0x0000021102180bb0 Thread added: 0x0000021102180bb0
Event: 59.409 Thread 0x00000211021806e0 Thread exited: 0x00000211021806e0
Event: 63.391 Thread 0x0000021102182d60 Thread added: 0x0000021102182d60
Event: 63.420 Thread 0x000002110217db90 Thread added: 0x000002110217db90
Event: 63.623 Thread 0x0000021102182d60 Thread exited: 0x0000021102182d60
Event: 64.225 Thread 0x000002110217ea00 Thread added: 0x000002110217ea00
Event: 64.228 Thread 0x000002110217e060 Thread added: 0x000002110217e060
Event: 64.428 Thread 0x000002110217ea00 Thread exited: 0x000002110217ea00


Dynamic libraries:
0x00007ff7d8a20000 - 0x00007ff7d8a2e000 	C:\Program Files\Eclipse Adoptium\jdk-17.0.1.12-hotspot\bin\java.exe
0x00007ffdc5cd0000 - 0x00007ffdc5ec5000 	C:\Windows\SYSTEM32\ntdll.dll
0x00007ffdc4060000 - 0x00007ffdc411d000 	C:\Windows\System32\KERNEL32.DLL
0x00007ffdc3720000 - 0x00007ffdc39ed000 	C:\Windows\System32\KERNELBASE.dll
0x00007ffdc33b0000 - 0x00007ffdc34b0000 	C:\Windows\System32\ucrtbase.dll
0x00007ffdbd460000 - 0x00007ffdbd479000 	C:\Program Files\Eclipse Adoptium\jdk-17.0.1.12-hotspot\bin\VCRUNTIME140.dll
0x00007ffdbee20000 - 0x00007ffdbee38000 	C:\Program Files\Eclipse Adoptium\jdk-17.0.1.12-hotspot\bin\jli.dll
0x00007ffdc5530000 - 0x00007ffdc56d0000 	C:\Windows\System32\USER32.dll
0x00007ffdc3c20000 - 0x00007ffdc3c42000 	C:\Windows\System32\win32u.dll
0x00007ffdad620000 - 0x00007ffdad8ba000 	C:\Windows\WinSxS\amd64_microsoft.windows.common-controls_6595b64144ccf1df_6.0.19041.1110_none_60b5254171f9507e\COMCTL32.dll
0x00007ffdc5bd0000 - 0x00007ffdc5bfa000 	C:\Windows\System32\GDI32.dll
0x00007ffdc5190000 - 0x00007ffdc522e000 	C:\Windows\System32\msvcrt.dll
0x00007ffdc3610000 - 0x00007ffdc371b000 	C:\Windows\System32\gdi32full.dll
0x00007ffdc39f0000 - 0x00007ffdc3a8d000 	C:\Windows\System32\msvcp_win.dll
0x00007ffdc4eb0000 - 0x00007ffdc4ee0000 	C:\Windows\System32\IMM32.DLL
0x00007ffdbede0000 - 0x00007ffdbedec000 	C:\Program Files\Eclipse Adoptium\jdk-17.0.1.12-hotspot\bin\vcruntime140_1.dll
0x00007ffdb6560000 - 0x00007ffdb65f1000 	C:\Program Files\Eclipse Adoptium\jdk-17.0.1.12-hotspot\bin\msvcp140.dll
0x00007ffd92160000 - 0x00007ffd92da6000 	C:\Program Files\Eclipse Adoptium\jdk-17.0.1.12-hotspot\bin\server\jvm.dll
0x00007ffdc3fb0000 - 0x00007ffdc405e000 	C:\Windows\System32\ADVAPI32.dll
0x00007ffdc3e80000 - 0x00007ffdc3f1c000 	C:\Windows\System32\sechost.dll
0x00007ffdc3d50000 - 0x00007ffdc3e75000 	C:\Windows\System32\RPCRT4.dll
0x00007ffdc4ee0000 - 0x00007ffdc4ee8000 	C:\Windows\System32\PSAPI.DLL
0x00007ffdb8890000 - 0x00007ffdb88b7000 	C:\Windows\SYSTEM32\WINMM.dll
0x00007ffda5c00000 - 0x00007ffda5c09000 	C:\Windows\SYSTEM32\WSOCK32.dll
0x00007ffdbc260000 - 0x00007ffdbc26a000 	C:\Windows\SYSTEM32\VERSION.dll
0x00007ffdc52e0000 - 0x00007ffdc534b000 	C:\Windows\System32\WS2_32.dll
0x00007ffdc1c40000 - 0x00007ffdc1c52000 	C:\Windows\SYSTEM32\kernel.appcore.dll
0x00007ffdbe7a0000 - 0x00007ffdbe7aa000 	C:\Program Files\Eclipse Adoptium\jdk-17.0.1.12-hotspot\bin\jimage.dll
0x00007ffdc1a30000 - 0x00007ffdc1c14000 	C:\Windows\SYSTEM32\DBGHELP.DLL
0x00007ffdb8de0000 - 0x00007ffdb8e0c000 	C:\Windows\SYSTEM32\dbgcore.DLL
0x00007ffdc3a90000 - 0x00007ffdc3b12000 	C:\Windows\System32\bcryptPrimitives.dll
0x00007ffdb6530000 - 0x00007ffdb6555000 	C:\Program Files\Eclipse Adoptium\jdk-17.0.1.12-hotspot\bin\java.dll
0x00007ffdb6450000 - 0x00007ffdb6526000 	C:\Program Files\Eclipse Adoptium\jdk-17.0.1.12-hotspot\bin\svml.dll
0x00007ffdc4120000 - 0x00007ffdc4864000 	C:\Windows\System32\SHELL32.dll
0x00007ffdc1150000 - 0x00007ffdc18e4000 	C:\Windows\SYSTEM32\windows.storage.dll
0x00007ffdc5870000 - 0x00007ffdc5bc4000 	C:\Windows\System32\combase.dll
0x00007ffdc2e10000 - 0x00007ffdc2e3c000 	C:\Windows\SYSTEM32\Wldp.dll
0x00007ffdc5230000 - 0x00007ffdc52dd000 	C:\Windows\System32\SHCORE.dll
0x00007ffdc3cf0000 - 0x00007ffdc3d45000 	C:\Windows\System32\shlwapi.dll
0x00007ffdc32f0000 - 0x00007ffdc330f000 	C:\Windows\SYSTEM32\profapi.dll
0x00007ffdb6650000 - 0x00007ffdb6669000 	C:\Program Files\Eclipse Adoptium\jdk-17.0.1.12-hotspot\bin\net.dll
0x00007ffdb4be0000 - 0x00007ffdb4cea000 	C:\Windows\SYSTEM32\WINHTTP.dll
0x00007ffdc2b70000 - 0x00007ffdc2bda000 	C:\Windows\system32\mswsock.dll
0x00007ffdb62c0000 - 0x00007ffdb62d5000 	C:\Program Files\Eclipse Adoptium\jdk-17.0.1.12-hotspot\bin\nio.dll
0x00007ffdb1af0000 - 0x00007ffdb1b08000 	C:\Program Files\Eclipse Adoptium\jdk-17.0.1.12-hotspot\bin\zip.dll
0x000000006e700000 - 0x000000006e72a000 	C:\Users\grado\AppData\Local\Temp\libgdxgrado\e1cd32f8\gdx64.dll
0x00007ffdb1a80000 - 0x00007ffdb1ae4000 	C:\Users\grado\AppData\Local\Temp\lwjglgrado\3.2.3-build-13\lwjgl.dll
0x00007ffd91f00000 - 0x00007ffd92153000 	C:\Users\grado\AppData\Local\Temp\lwjglgrado\3.2.3-build-13\jemalloc.dll
0x00007ffdb1a10000 - 0x00007ffdb1a72000 	C:\Users\grado\AppData\Local\Temp\lwjglgrado\3.2.3-build-13\glfw.dll
0x00007ffdc0870000 - 0x00007ffdc090e000 	C:\Windows\system32\uxtheme.dll
0x00007ffdb19c0000 - 0x00007ffdb1a05000 	C:\Windows\SYSTEM32\dinput8.dll
0x00007ffdb19a0000 - 0x00007ffdb19b1000 	C:\Windows\SYSTEM32\xinput1_4.dll
0x00007ffdc3b20000 - 0x00007ffdc3b6e000 	C:\Windows\System32\cfgmgr32.dll
0x00007ffdc3160000 - 0x00007ffdc318c000 	C:\Windows\SYSTEM32\DEVOBJ.dll
0x00007ffdc0a00000 - 0x00007ffdc0a2f000 	C:\Windows\SYSTEM32\dwmapi.dll
0x00007ffda8c80000 - 0x00007ffda8dd2000 	C:\Windows\SYSTEM32\inputhost.dll
0x00007ffdc4d70000 - 0x00007ffdc4e3d000 	C:\Windows\System32\OLEAUT32.dll
0x00007ffdc0500000 - 0x00007ffdc05f2000 	C:\Windows\SYSTEM32\CoreMessaging.dll
0x00007ffdbe990000 - 0x00007ffdbea86000 	C:\Windows\SYSTEM32\PROPSYS.dll
0x00007ffdbfad0000 - 0x00007ffdbfc24000 	C:\Windows\SYSTEM32\wintypes.dll
0x00007ffdc01a0000 - 0x00007ffdc04fe000 	C:\Windows\SYSTEM32\CoreUIComponents.dll
0x00007ffdc20b0000 - 0x00007ffdc20e3000 	C:\Windows\SYSTEM32\ntmarta.dll
0x00007ffdc5750000 - 0x00007ffdc5865000 	C:\Windows\System32\MSCTF.dll
0x00007ffdc18f0000 - 0x00007ffdc18fd000 	C:\Windows\SYSTEM32\HID.DLL
0x00007ffdc4870000 - 0x00007ffdc4ce1000 	C:\Windows\System32\SETUPAPI.DLL
0x00007ffdc3c50000 - 0x00007ffdc3c77000 	C:\Windows\System32\bcrypt.dll
0x00007ffdc3c80000 - 0x00007ffdc3ce8000 	C:\Windows\System32\WINTRUST.dll
0x00007ffdc34b0000 - 0x00007ffdc3606000 	C:\Windows\System32\CRYPT32.dll
0x00007ffdc2fa0000 - 0x00007ffdc2fb2000 	C:\Windows\SYSTEM32\MSASN1.dll
0x00007ffda1380000 - 0x00007ffda148b000 	C:\Users\grado\AppData\Local\Temp\lwjglgrado\3.2.3-build-13\OpenAL.dll
0x00007ffdc5400000 - 0x00007ffdc552a000 	C:\Windows\System32\ole32.dll
0x00007ffdc5350000 - 0x00007ffdc53f9000 	C:\Windows\System32\clbcatq.dll
0x00007ffdbb510000 - 0x00007ffdbb595000 	C:\Windows\System32\MMDevApi.dll
0x00007ffdbbda0000 - 0x00007ffdbbf22000 	C:\Windows\SYSTEM32\AUDIOSES.DLL
0x00007ffdc2930000 - 0x00007ffdc297b000 	C:\Windows\SYSTEM32\powrprof.dll
0x00007ffdc27f0000 - 0x00007ffdc2802000 	C:\Windows\SYSTEM32\UMPDC.dll
0x00007ffdc0a30000 - 0x00007ffdc0a44000 	C:\Windows\SYSTEM32\resourcepolicyclient.dll
0x00007ffd22910000 - 0x00007ffd22a36000 	C:\Windows\SYSTEM32\opengl32.dll
0x00007ffd228e0000 - 0x00007ffd2290c000 	C:\Windows\SYSTEM32\GLU32.dll
0x00007ffdbc2e0000 - 0x00007ffdbc3d7000 	C:\Windows\System32\AppXDeploymentClient.dll
0x00007ffdb1970000 - 0x00007ffdb199a000 	C:\Windows\System32\DriverStore\FileRepository\u0361612.inf_amd64_b679e02f70413f9f\B361368\atig6pxx.dll
0x00007ffd7dc80000 - 0x00007ffd80966000 	C:\Windows\System32\DriverStore\FileRepository\u0361612.inf_amd64_b679e02f70413f9f\B361368\atio6axx.dll
0x00007ffd86690000 - 0x00007ffd866b4000 	C:\Windows\SYSTEM32\dxva2.dll
0x00007ffdb1930000 - 0x00007ffdb196c000 	C:\Windows\System32\DriverStore\FileRepository\u0361612.inf_amd64_b679e02f70413f9f\B361368\atig6txx.dll
0x00007ffd90ad0000 - 0x00007ffd90c89000 	C:\Windows\SYSTEM32\atiadlxx.dll
0x00007ffdb9380000 - 0x00007ffdb93bb000 	C:\Windows\SYSTEM32\dxcore.dll
0x00007ffda3ef0000 - 0x00007ffda3f49000 	C:\Users\grado\AppData\Local\Temp\lwjglgrado\3.2.3-build-13\lwjgl_opengl.dll
0x00007ffda93b0000 - 0x00007ffda94a9000 	C:\Windows\SYSTEM32\textinputframework.dll
0x00007ffdab4e0000 - 0x00007ffdab4f1000 	C:\Program Files\Eclipse Adoptium\jdk-17.0.1.12-hotspot\bin\jsound.dll
0x00007ffd8fb10000 - 0x00007ffd8fbac000 	C:\Windows\SYSTEM32\DSOUND.dll
0x00007ffdb3710000 - 0x00007ffdb3736000 	C:\Windows\SYSTEM32\winmmbase.dll
0x00007ffda9b00000 - 0x00007ffda9b46000 	C:\Windows\SYSTEM32\wdmaud.drv
0x00007ffdbde60000 - 0x00007ffdbde69000 	C:\Windows\SYSTEM32\ksuser.dll
0x00007ffdbd880000 - 0x00007ffdbd88a000 	C:\Windows\SYSTEM32\AVRT.dll
0x00007ffdbc5b0000 - 0x00007ffdbc5bd000 	C:\Windows\SYSTEM32\msacm32.drv
0x00007ffdbc630000 - 0x00007ffdbc64e000 	C:\Windows\SYSTEM32\MSACM32.dll
0x00007ffdb6730000 - 0x00007ffdb673b000 	C:\Windows\SYSTEM32\midimap.dll
0x00007ffda8de0000 - 0x00007ffda8f21000 	C:\Windows\System32\Windows.UI.dll
0x00007ffdbd350000 - 0x00007ffdbd3f1000 	C:\Windows\System32\WindowManagementAPI.dll
0x00007ffdbca10000 - 0x00007ffdbcc11000 	C:\Windows\System32\twinapi.appcore.dll

dbghelp: loaded successfully - version: 4.0.5 - missing functions: none
symbol engine: initialized successfully - sym options: 0x614 - pdb path: .;C:\Program Files\Eclipse Adoptium\jdk-17.0.1.12-hotspot\bin;C:\Windows\SYSTEM32;C:\Windows\WinSxS\amd64_microsoft.windows.common-controls_6595b64144ccf1df_6.0.19041.1110_none_60b5254171f9507e;C:\Program Files\Eclipse Adoptium\jdk-17.0.1.12-hotspot\bin\server;C:\Users\grado\AppData\Local\Temp\libgdxgrado\e1cd32f8;C:\Users\grado\AppData\Local\Temp\lwjglgrado\3.2.3-build-13;C:\Windows\System32\DriverStore\FileRepository\u0361612.inf_amd64_b679e02f70413f9f\B361368

VM Arguments:
jvm_args: -XX:+ShowCodeDetailsInExceptionMessages 
java_command: com.crazyputting3d.Main
java_class_path (initial): C:\Users\grado\Documents\Group-04\3dcrazyputting\desktop\bin\main;\CrazyPutting3D-core\bin\default;C:\Users\grado\Documents\Group-04\3dcrazyputting\core\bin\main;C:\Users\grado\.gradle\caches\modules-2\files-2.1\com.badlogicgames.gdx\gdx-backend-lwjgl3\1.10.0\600c7d5b2c977daa82c4abad147087b31e0ada87\gdx-backend-lwjgl3-1.10.0.jar;C:\Users\grado\.gradle\caches\modules-2\files-2.1\com.badlogicgames.gdx\gdx-platform\1.10.0\9a8fa793d2fd6d360afc6c9e4c1f5583da263b88\gdx-platform-1.10.0-natives-desktop.jar;C:\Users\grado\.gradle\caches\modules-2\files-2.1\com.badlogicgames.gdx\gdx-bullet-platform\1.10.0\ce92e8dfc762523d769cbc50853163c03bf98cf1\gdx-bullet-platform-1.10.0-natives-desktop.jar;C:\Users\grado\.gradle\caches\modules-2\files-2.1\com.badlogicgames.gdx\gdx-freetype-platform\1.10.0\6e5d28752759e69384f12e4569d2c884ff71352f\gdx-freetype-platform-1.10.0-natives-desktop.jar;C:\Users\grado\.gradle\caches\modules-2\files-2.1\com.badlogicgames.gdx-controllers\gdx-controllers-desktop\2.2.1\cb3430c32468a090eca54d494d16bb3764ceff9b\gdx-controllers-desktop-2.2.1.jar;C:\Users\grado\.gradle\caches\modules-2\files-2.1\org.jetbrains\annotations\20.1.0\2fcd1f3225bca0c4a7bc931142076f8c1e80993f\annotations-20.1.0.jar;C:\Users\grado\.gradle\caches\modules-2\files-2.1\com.badlogicgames.gdx\gdx-bullet\1.10.0\839b58c7278f5c3b55291c3a559d91227400ecdb\gdx-bullet-1.10.0.jar;C:\Users\grado\.gradle\caches\modules-2\files-2.1\com.badlogicgames.gdx\gdx-freetype\1.10.0\de1d0d5c1e92e8d91364256fd6b7bb279d3e9859\gdx-freetype-1.10.0.jar;C:\Users\grado\.gradle\caches\modules-2\files-2.1\com.badlogicgames.gdx\gdx-ai\1.8.2\ab75d2ce80ab1b1ce6828a15dc0f417abac4c674\gdx-ai-1.8.2.jar;C:\Users\grado\.gradle\caches\modules-2\files-2.1\com.badlogicgames.ashley\ashley\1.7.4\21a3a8932919099c4e5006a7d8378dcbe76ef8a5\ashley-1.7.4.jar;C:\Users\grado\.gradle\caches\modules-2\files-2.1\com.badlogicgames.box2dlights\box2dlights\1.5\6902dbcd250c95a27973aa24a147a95b3828d348\box2dlights-1.5.j
Launcher Type: SUN_STANDARD

[Global flags]
     intx CICompilerCount                          = 12                                        {product} {ergonomic}
     uint ConcGCThreads                            = 3                                         {product} {ergonomic}
     uint G1ConcRefinementThreads                  = 13                                        {product} {ergonomic}
   size_t G1HeapRegionSize                         = 2097152                                   {product} {ergonomic}
    uintx GCDrainStackTargetSize                   = 64                                        {product} {ergonomic}
   size_t InitialHeapSize                          = 257949696                                 {product} {ergonomic}
   size_t MarkStackSize                            = 4194304                                   {product} {ergonomic}
   size_t MaxHeapSize                              = 4127195136                                {product} {ergonomic}
   size_t MaxNewSize                               = 2474639360                                {product} {ergonomic}
   size_t MinHeapDeltaBytes                        = 2097152                                   {product} {ergonomic}
   size_t MinHeapSize                              = 8388608                                   {product} {ergonomic}
    uintx NonNMethodCodeHeapSize                   = 7602480                                {pd product} {ergonomic}
    uintx NonProfiledCodeHeapSize                  = 122027880                              {pd product} {ergonomic}
    uintx ProfiledCodeHeapSize                     = 122027880                              {pd product} {ergonomic}
    uintx ReservedCodeCacheSize                    = 251658240                              {pd product} {ergonomic}
     bool SegmentedCodeCache                       = true                                      {product} {ergonomic}
     bool ShowCodeDetailsInExceptionMessages       = true                                   {manageable} {command line}
   size_t SoftMaxHeapSize                          = 4127195136                             {manageable} {ergonomic}
     bool UseCompressedClassPointers               = true                           {product lp64_product} {ergonomic}
     bool UseCompressedOops                        = true                           {product lp64_product} {ergonomic}
     bool UseG1GC                                  = true                                      {product} {ergonomic}
     bool UseLargePagesIndividualAllocation        = false                                  {pd product} {ergonomic}

Logging:
Log output configuration:
 #0: stdout all=warning uptime,level,tags
 #1: stderr all=off uptime,level,tags

Environment Variables:
PATH=C:\Program Files\Common Files\Oracle\Java\javapath;C:\Windows\system32;C:\Windows;C:\Windows\System32\Wbem;C:\Windows\System32\WindowsPowerShell\v1.0\;C:\Windows\System32\OpenSSH\;C:\Program Files (x86)\NVIDIA Corporation\PhysX\Common;C:\Program Files\NVIDIA Corporation\NVIDIA NvDLISR;C:\Program Files\MATLAB\R2022a\bin;C:\Program Files\Gradle\gradle-7.4.2\bin;C:\Program Files\Git\cmd;C:\Users\grado\AppData\Local\Microsoft\WindowsApps;C:\Users\grado\AppData\Local\Programs\Microsoft VS Code\bin;C:\Users\grado\AppData\Local\GitHubDesktop\bin
USERNAME=grado
LANG=en_US.UTF-8
OS=Windows_NT
PROCESSOR_IDENTIFIER=AMD64 Family 23 Model 96 Stepping 1, AuthenticAMD



---------------  S Y S T E M  ---------------

OS:
 Windows 10 , 64 bit Build 19041 (10.0.19041.1706)
OS uptime: 11 days 19:13 hours

CPU: total 16 (initial active 16) (16 cores per cpu, 2 threads per core) family 23 model 96 stepping 1 microcode 0x0, cx8, cmov, fxsr, ht, mmx, 3dnowpref, sse, sse2, sse3, ssse3, sse4a, sse4.1, sse4.2, popcnt, lzcnt, tsc, tscinvbit, avx, avx2, aes, clmul, bmi1, bmi2, adx, sha, fma, vzeroupper, clflush, clflushopt

Memory: 4k page, system-wide physical 15741M (4178M free)
TotalPageFile size 36181M (AvailPageFile size 15427M)
current process WorkingSet (physical memory assigned to process): 870M, peak: 1067M
current process commit charge ("private bytes"): 1000M, peak: 1214M

vm_info: OpenJDK 64-Bit Server VM (17.0.1+12) for windows-amd64 JRE (17.0.1+12), built on Oct 20 2021 07:42:55 by "" with MS VC++ 16.7 (VS2019)

END.
