#
# A fatal error has been detected by the Java Runtime Environment:
#
#  EXCEPTION_ACCESS_VIOLATION (0xc0000005) at pc=0x00000205a3770000, pid=17712, tid=15880
#
# JRE version: OpenJDK Runtime Environment Temurin-17.0.1+12 (17.0.1+12) (build 17.0.1+12)
# Java VM: OpenJDK 64-Bit Server VM Temurin-17.0.1+12 (17.0.1+12, mixed mode, sharing, tiered, compressed oops, compressed class ptrs, g1 gc, windows-amd64)
# Problematic frame:
# C  0x00000205a3770000
#
# No core dump will be written. Minidumps are not enabled by default on client versions of Windows
#
# If you would like to submit a bug report, please visit:
#   https://github.com/adoptium/adoptium-support/issues
# The crash happened outside the Java Virtual Machine in native code.
# See problematic frame for where to report the bug.
#

---------------  S U M M A R Y ------------

Command Line: -XX:+ShowCodeDetailsInExceptionMessages com.crazyputting3d.Main

Host: AMD Ryzen 7 4800H with Radeon Graphics         , 16 cores, 15G,  Windows 10 , 64 bit Build 19041 (10.0.19041.1706)
Time: Fri Jun 17 17:09:46 2022 Central European Daylight Time elapsed time: 16.295362 seconds (0d 0h 0m 16s)

---------------  T H R E A D  ---------------

Current thread (0x00000205ff8626a0):  JavaThread "main" [_thread_in_native, id=15880, stack(0x0000004986a00000,0x0000004986b00000)]

Stack: [0x0000004986a00000,0x0000004986b00000],  sp=0x0000004986afedf8,  free space=1019k
Native frames: (J=compiled Java code, j=interpreted, Vv=VM code, C=native code)
C  0x00000205a3770000

Java frames: (J=compiled Java code, j=interpreted, Vv=VM code)
J 1243  org.lwjgl.system.JNI.invokePV(JJ)V (0 bytes) @ 0x000002058f5f6bec [0x000002058f5f6ba0+0x000000000000004c]
J 2081 c1 org.lwjgl.glfw.GLFW.glfwSwapBuffers(J)V (21 bytes) @ 0x00000205884deaac [0x00000205884de9c0+0x00000000000000ec]
j  com.badlogic.gdx.backends.lwjgl3.Lwjgl3Window.update()Z+196
j  com.badlogic.gdx.backends.lwjgl3.Lwjgl3Application.loop()V+111
j  com.badlogic.gdx.backends.lwjgl3.Lwjgl3Application.<init>(Lcom/badlogic/gdx/ApplicationListener;Lcom/badlogic/gdx/backends/lwjgl3/Lwjgl3ApplicationConfiguration;)V+243
j  com.crazyputting3d.Main.main([Ljava/lang/String;)V+41
v  ~StubRoutines::call_stub

siginfo: EXCEPTION_ACCESS_VIOLATION (0xc0000005), data execution prevention violation at address 0x00000205a3770000


Register to memory mapping:

RIP=0x00000205a3770000 is an unknown value
RAX=0x00000205a3770000 is an unknown value
RBX=0x0000000000010001 is an unknown value
RCX=0x0000000000010001 is an unknown value
RDX=0x0000004986afee30 is pointing into the stack for thread: 0x00000205ff8626a0
RSP=0x0000004986afedf8 is pointing into the stack for thread: 0x00000205ff8626a0
RBP=0x0000004986afef00 is pointing into the stack for thread: 0x00000205ff8626a0
RSI=0x0000000000000110 is an unknown value
RDI=0x0000000000001644 is an unknown value
R8 =0x00000205a4a564f0 points into unknown readable memory: 0x00000205ae2740e0 | e0 40 27 ae 05 02 00 00
R9 =0x00007ffd9ef51b50 glfw.dll
R10=0x00007ffdb1891b10 lwjgl.dll
R11=0x0000004986aff268 is pointing into the stack for thread: 0x00000205ff8626a0
R12=0x0 is NULL
R13=0x0000004986aff368 is pointing into the stack for thread: 0x00000205ff8626a0
R14=0x0000004986aff2c0 is pointing into the stack for thread: 0x00000205ff8626a0
R15=0x00000205ff8626a0 is a thread


Registers:
RAX=0x00000205a3770000, RBX=0x0000000000010001, RCX=0x0000000000010001, RDX=0x0000004986afee30
RSP=0x0000004986afedf8, RBP=0x0000004986afef00, RSI=0x0000000000000110, RDI=0x0000000000001644
R8 =0x00000205a4a564f0, R9 =0x00007ffd9ef51b50, R10=0x00007ffdb1891b10, R11=0x0000004986aff268
R12=0x0000000000000000, R13=0x0000004986aff368, R14=0x0000004986aff2c0, R15=0x00000205ff8626a0
RIP=0x00000205a3770000, EFLAGS=0x0000000000010206

Top of Stack: (sp=0x0000004986afedf8)
0x0000004986afedf8:   00007ffd9ef51f7c 000000070b3852b8
0x0000004986afee08:   000002058837f87c 000000070b3853c8
0x0000004986afee18:   00007ffd831e52f6 0000000043480000
0x0000004986afee28:   000000070b385258 57464c4720656854
0x0000004986afee38:   7972617262696c20 20746f6e20736920
0x0000004986afee48:   696c616974696e69 000000000064657a
0x0000004986afee58:   000000070a067b18 0000000000000000
0x0000004986afee68:   000000006e7020f4 00000205ff862948
0x0000004986afee78:   00007ffd831e5481 0000000000000000
0x0000004986afee88:   00000205883135fc 0000000000000003
0x0000004986afee98:   000000070b3852d8 000000070b385608
0x0000004986afeea8:   000002058f5f0a05 000000070b385338
0x0000004986afeeb8:   000000070b23b440 0000000000000002
0x0000004986afeec8:   00007ffd22939d0a 0000004986aff158
0x0000004986afeed8:   00000205882ce4ec 000000070b385e08
0x0000004986afeee8:   000000070b385608 000000070b23b440 

Instructions: (pc=0x00000205a3770000)
0x00000205a376ff00:   ?? ?? ?? ?? ?? ?? ?? ?? ?? ?? ?? ?? ?? ?? ?? ??
0x00000205a376ff10:   ?? ?? ?? ?? ?? ?? ?? ?? ?? ?? ?? ?? ?? ?? ?? ??
0x00000205a376ff20:   ?? ?? ?? ?? ?? ?? ?? ?? ?? ?? ?? ?? ?? ?? ?? ??
0x00000205a376ff30:   ?? ?? ?? ?? ?? ?? ?? ?? ?? ?? ?? ?? ?? ?? ?? ??
0x00000205a376ff40:   ?? ?? ?? ?? ?? ?? ?? ?? ?? ?? ?? ?? ?? ?? ?? ??
0x00000205a376ff50:   ?? ?? ?? ?? ?? ?? ?? ?? ?? ?? ?? ?? ?? ?? ?? ??
0x00000205a376ff60:   ?? ?? ?? ?? ?? ?? ?? ?? ?? ?? ?? ?? ?? ?? ?? ??
0x00000205a376ff70:   ?? ?? ?? ?? ?? ?? ?? ?? ?? ?? ?? ?? ?? ?? ?? ??
0x00000205a376ff80:   ?? ?? ?? ?? ?? ?? ?? ?? ?? ?? ?? ?? ?? ?? ?? ??
0x00000205a376ff90:   ?? ?? ?? ?? ?? ?? ?? ?? ?? ?? ?? ?? ?? ?? ?? ??
0x00000205a376ffa0:   ?? ?? ?? ?? ?? ?? ?? ?? ?? ?? ?? ?? ?? ?? ?? ??
0x00000205a376ffb0:   ?? ?? ?? ?? ?? ?? ?? ?? ?? ?? ?? ?? ?? ?? ?? ??
0x00000205a376ffc0:   ?? ?? ?? ?? ?? ?? ?? ?? ?? ?? ?? ?? ?? ?? ?? ??
0x00000205a376ffd0:   ?? ?? ?? ?? ?? ?? ?? ?? ?? ?? ?? ?? ?? ?? ?? ??
0x00000205a376ffe0:   ?? ?? ?? ?? ?? ?? ?? ?? ?? ?? ?? ?? ?? ?? ?? ??
0x00000205a376fff0:   ?? ?? ?? ?? ?? ?? ?? ?? ?? ?? ?? ?? ?? ?? ?? ??
0x00000205a3770000:   ?? ?? ?? ?? ?? ?? ?? ?? ?? ?? ?? ?? ?? ?? ?? ??
0x00000205a3770010:   ?? ?? ?? ?? ?? ?? ?? ?? ?? ?? ?? ?? ?? ?? ?? ??
0x00000205a3770020:   ?? ?? ?? ?? ?? ?? ?? ?? ?? ?? ?? ?? ?? ?? ?? ??
0x00000205a3770030:   ?? ?? ?? ?? ?? ?? ?? ?? ?? ?? ?? ?? ?? ?? ?? ??
0x00000205a3770040:   ?? ?? ?? ?? ?? ?? ?? ?? ?? ?? ?? ?? ?? ?? ?? ??
0x00000205a3770050:   ?? ?? ?? ?? ?? ?? ?? ?? ?? ?? ?? ?? ?? ?? ?? ??
0x00000205a3770060:   ?? ?? ?? ?? ?? ?? ?? ?? ?? ?? ?? ?? ?? ?? ?? ??
0x00000205a3770070:   ?? ?? ?? ?? ?? ?? ?? ?? ?? ?? ?? ?? ?? ?? ?? ??
0x00000205a3770080:   ?? ?? ?? ?? ?? ?? ?? ?? ?? ?? ?? ?? ?? ?? ?? ??
0x00000205a3770090:   ?? ?? ?? ?? ?? ?? ?? ?? ?? ?? ?? ?? ?? ?? ?? ??
0x00000205a37700a0:   ?? ?? ?? ?? ?? ?? ?? ?? ?? ?? ?? ?? ?? ?? ?? ??
0x00000205a37700b0:   ?? ?? ?? ?? ?? ?? ?? ?? ?? ?? ?? ?? ?? ?? ?? ??
0x00000205a37700c0:   ?? ?? ?? ?? ?? ?? ?? ?? ?? ?? ?? ?? ?? ?? ?? ??
0x00000205a37700d0:   ?? ?? ?? ?? ?? ?? ?? ?? ?? ?? ?? ?? ?? ?? ?? ??
0x00000205a37700e0:   ?? ?? ?? ?? ?? ?? ?? ?? ?? ?? ?? ?? ?? ?? ?? ??
0x00000205a37700f0:   ?? ?? ?? ?? ?? ?? ?? ?? ?? ?? ?? ?? ?? ?? ?? ?? 


Stack slot to memory mapping:
stack at sp + 0 slots: 0x00007ffd9ef51f7c glfw.dll
stack at sp + 1 slots: 0x000000070b3852b8 is an oop: com.badlogic.gdx.graphics.Mesh 
{0x000000070b3852b8} - klass: 'com/badlogic/gdx/graphics/Mesh'
 - ---- fields (total size 4 words):
 - 'autoBind' 'Z' @12  true
 - final 'isVertexArray' 'Z' @13  true
 - 'isInstanced' 'Z' @14  false
 - final 'vertices' 'Lcom/badlogic/gdx/graphics/glutils/VertexData;' @16  a 'com/badlogic/gdx/graphics/glutils/VertexArray'{0x000000070b3852d8} (e1670a5b)
 - final 'indices' 'Lcom/badlogic/gdx/graphics/glutils/IndexData;' @20  a 'com/badlogic/gdx/graphics/glutils/IndexArray'{0x000000070b385440} (e1670a88)
 - 'instances' 'Lcom/badlogic/gdx/graphics/glutils/InstanceData;' @24  NULL (0)
 - private final 'tmpV' 'Lcom/badlogic/gdx/math/Vector3;' @28  a 'com/badlogic/gdx/math/Vector3'{0x000000070b3854d0} (e1670a9a)
stack at sp + 2 slots: 0x000002058837f87c is at entry_point+2172 in (nmethod*)0x000002058837ec90
stack at sp + 3 slots: 0x000000070b3853c8 is an oop: java.nio.DirectFloatBufferU 
{0x000000070b3853c8} - klass: 'java/nio/DirectFloatBufferU'
 - ---- fields (total size 7 words):
 - private 'mark' 'I' @12  -1 (ffffffff)
 - 'address' 'J' @16  2223268681712 (a523d7f0 205)
 - private 'position' 'I' @24  3
 - private 'limit' 'I' @28  460 (1cc)
 - private 'capacity' 'I' @32  20000 (4e20)
 - final 'segment' 'Ljdk/internal/access/foreign/MemorySegmentProxy;' @36  NULL (0)
 - final 'offset' 'I' @40  0
 - 'isReadOnly' 'Z' @44  false
 - final 'hb' '[F' @48  NULL (0)
 - private final 'att' 'Ljava/lang/Object;' @52  a 'java/nio/DirectByteBuffer'{0x000000070b385400} (e1670a80)
stack at sp + 4 slots: 0x00007ffd831e52f6 jvm.dll
stack at sp + 5 slots: 0x0000000043480000 is an unknown value
stack at sp + 6 slots: 0x000000070b385258 is an oop: com.badlogic.gdx.graphics.g2d.SpriteBatch 
{0x000000070b385258} - klass: 'com/badlogic/gdx/graphics/g2d/SpriteBatch'
 - ---- fields (total size 12 words):
 - 'idx' 'I' @12  0
 - 'invTexWidth' 'F' @16  0.000977 (3a800000)
 - 'invTexHeight' 'F' @20  0.000977 (3a800000)
 - private 'blendSrcFunc' 'I' @24  770 (302)
 - private 'blendDstFunc' 'I' @28  771 (303)
 - private 'blendSrcFuncAlpha' 'I' @32  770 (302)
 - private 'blendDstFuncAlpha' 'I' @36  771 (303)
 - 'colorPacked' 'F' @40  -170141173319264429905852091742258462720.000000 (feffffff)
 - public 'renderCalls' 'I' @44  3
 - public 'totalRenderCalls' 'I' @48  108 (6c)
 - public 'maxSpritesInBatch' 'I' @52  23 (17)
 - 'drawing' 'Z' @56  false
 - private 'blendingDisabled' 'Z' @57  false
 - private 'ownsShader' 'Z' @58  true
 - private 'mesh' 'Lcom/badlogic/gdx/graphics/Mesh;' @60  a 'com/badlogic/gdx/graphics/Mesh'{0x000000070b3852b8} (e1670a57)
 - final 'vertices' '[F' @64  [F{0x000000070a04ac98} (e1409593)
 - 'lastTexture' 'Lcom/badlogic/gdx/graphics/Texture;' @68  NULL (0)
 - private final 'transformMatrix' 'Lcom/badlogic/gdx/math/Matrix4;' @72  a 'com/badlogic/gdx/math/Matrix4'{0x000000070b3854e8} (e1670a9d)
 - private final 'projectionMatrix' 'Lcom/badlogic/gdx/math/Matrix4;' @76  a 'com/badlogic/gdx/math/Matrix4'{0x000000070b385548} (e1670aa9)
 - private final 'combinedMatrix' 'Lcom/badlogic/gdx/math/Matrix4;' @80  a 'com/badlogic/gdx/math/Matrix4'{0x000000070b3855a8} (e1670ab5)
 - private final 'shader' 'Lcom/badlogic/gdx/graphics/glutils/ShaderProgram;' @84  a 'com/badlogic/gdx/graphics/glutils/ShaderProgram'{0x000000070b385608} (e1670ac1)
 - private 'customShader' 'Lcom/badlogic/gdx/graphics/glutils/ShaderProgram;' @88  NULL (0)
 - private final 'color' 'Lcom/badlogic/gdx/graphics/Color;' @92  a 'com/badlogic/gdx/graphics/Color'{0x000000070b386910} (e1670d22)
stack at sp + 7 slots: 0x57464c4720656854 is an unknown value


---------------  P R O C E S S  ---------------

Threads class SMR info:
_java_thread_list=0x00000205b5026da0, length=30, elements={
0x00000205ff8626a0, 0x00000205a3608820, 0x00000205a360a4a0, 0x00000205a4001850,
0x00000205a4002200, 0x00000205a4002bb0, 0x00000205a4003560, 0x00000205a40077f0,
0x00000205a40102a0, 0x00000205a401d0c0, 0x00000205a413e930, 0x00000205a4146c20,
0x00000205a7696750, 0x00000205b2e24860, 0x00000205b5127a30, 0x00000205b31d9aa0,
0x00000205b33febc0, 0x00000205b51274e0, 0x00000205a7647060, 0x00000205a7647a00,
0x00000205a7648870, 0x00000205a76483a0, 0x00000205ae6b5310, 0x00000205ae6b3160,
0x00000205ae6b3630, 0x00000205ae6b4e40, 0x00000205ae6b91a0, 0x00000205ae6b3b00,
0x00000205ae6b6650, 0x00000205ae6b3fd0
}

Java Threads: ( => current thread )
=>0x00000205ff8626a0 JavaThread "main" [_thread_in_native, id=15880, stack(0x0000004986a00000,0x0000004986b00000)]
  0x00000205a3608820 JavaThread "Reference Handler" daemon [_thread_blocked, id=12680, stack(0x0000004987100000,0x0000004987200000)]
  0x00000205a360a4a0 JavaThread "Finalizer" daemon [_thread_blocked, id=10000, stack(0x0000004987200000,0x0000004987300000)]
  0x00000205a4001850 JavaThread "Signal Dispatcher" daemon [_thread_blocked, id=10316, stack(0x0000004987300000,0x0000004987400000)]
  0x00000205a4002200 JavaThread "Attach Listener" daemon [_thread_blocked, id=26280, stack(0x0000004987400000,0x0000004987500000)]
  0x00000205a4002bb0 JavaThread "Service Thread" daemon [_thread_blocked, id=21692, stack(0x0000004987500000,0x0000004987600000)]
  0x00000205a4003560 JavaThread "Monitor Deflation Thread" daemon [_thread_blocked, id=15100, stack(0x0000004987600000,0x0000004987700000)]
  0x00000205a40077f0 JavaThread "C2 CompilerThread0" daemon [_thread_blocked, id=22308, stack(0x0000004987700000,0x0000004987800000)]
  0x00000205a40102a0 JavaThread "C1 CompilerThread0" daemon [_thread_blocked, id=6724, stack(0x0000004987800000,0x0000004987900000)]
  0x00000205a401d0c0 JavaThread "Sweeper thread" daemon [_thread_blocked, id=25356, stack(0x0000004987900000,0x0000004987a00000)]
  0x00000205a413e930 JavaThread "Notification Thread" daemon [_thread_blocked, id=17152, stack(0x0000004987b00000,0x0000004987c00000)]
  0x00000205a4146c20 JavaThread "Common-Cleaner" daemon [_thread_blocked, id=23292, stack(0x0000004987d00000,0x0000004987e00000)]
  0x00000205a7696750 JavaThread "LWJGL3 Timer" daemon [_thread_blocked, id=17336, stack(0x0000004988800000,0x0000004988900000)]
  0x00000205b2e24860 JavaThread "LWJGL3 Timer" daemon [_thread_blocked, id=24448, stack(0x0000004989600000,0x0000004989700000)]
  0x00000205b5127a30 JavaThread "Java Sound Event Dispatcher" daemon [_thread_blocked, id=23176, stack(0x000000498a000000,0x000000498a100000)]
  0x00000205b31d9aa0 JavaThread "Direct Clip" daemon [_thread_blocked, id=2668, stack(0x000000498a300000,0x000000498a400000)]
  0x00000205b33febc0 JavaThread "Direct Clip" daemon [_thread_blocked, id=8164, stack(0x0000004989300000,0x0000004989400000)]
  0x00000205b51274e0 JavaThread "Direct Clip" daemon [_thread_blocked, id=8224, stack(0x000000498a500000,0x000000498a600000)]
  0x00000205a7647060 JavaThread "Direct Clip" daemon [_thread_blocked, id=27348, stack(0x000000498a600000,0x000000498a700000)]
  0x00000205a7647a00 JavaThread "Direct Clip" daemon [_thread_blocked, id=16908, stack(0x000000498a700000,0x000000498a800000)]
  0x00000205a7648870 JavaThread "Direct Clip" daemon [_thread_blocked, id=10332, stack(0x000000498a800000,0x000000498a900000)]
  0x00000205a76483a0 JavaThread "Direct Clip" daemon [_thread_blocked, id=25716, stack(0x0000004989400000,0x0000004989500000)]
  0x00000205ae6b5310 JavaThread "Direct Clip" daemon [_thread_blocked, id=27148, stack(0x0000004988600000,0x0000004988700000)]
  0x00000205ae6b3160 JavaThread "Direct Clip" daemon [_thread_blocked, id=2600, stack(0x0000004989200000,0x0000004989300000)]
  0x00000205ae6b3630 JavaThread "Direct Clip" daemon [_thread_blocked, id=20040, stack(0x000000498a900000,0x000000498aa00000)]
  0x00000205ae6b4e40 JavaThread "Direct Clip" daemon [_thread_blocked, id=15548, stack(0x000000498aa00000,0x000000498ab00000)]
  0x00000205ae6b91a0 JavaThread "Direct Clip" daemon [_thread_blocked, id=19092, stack(0x000000498ab00000,0x000000498ac00000)]
  0x00000205ae6b3b00 JavaThread "Direct Clip" daemon [_thread_blocked, id=6372, stack(0x000000498ac00000,0x000000498ad00000)]
  0x00000205ae6b6650 JavaThread "Direct Clip" daemon [_thread_blocked, id=27124, stack(0x000000498ad00000,0x000000498ae00000)]
  0x00000205ae6b3fd0 JavaThread "Direct Clip" daemon [_thread_blocked, id=9940, stack(0x000000498b000000,0x000000498b100000)]

Other Threads:
  0x00000205a3603d20 VMThread "VM Thread" [stack: 0x0000004987000000,0x0000004987100000] [id=16040]
  0x00000205a4142e10 WatcherThread [stack: 0x0000004987c00000,0x0000004987d00000] [id=12532]
  0x00000205ff8b91f0 GCTaskThread "GC Thread#0" [stack: 0x0000004986b00000,0x0000004986c00000] [id=22968]
  0x00000205a7531f60 GCTaskThread "GC Thread#1" [stack: 0x0000004988700000,0x0000004988800000] [id=26528]
  0x00000205a75347b0 GCTaskThread "GC Thread#2" [stack: 0x0000004988900000,0x0000004988a00000] [id=19660]
  0x00000205a7534500 GCTaskThread "GC Thread#3" [stack: 0x0000004988a00000,0x0000004988b00000] [id=5008]
  0x00000205a75334e0 GCTaskThread "GC Thread#4" [stack: 0x0000004988b00000,0x0000004988c00000] [id=17864]
  0x00000205a7532cd0 GCTaskThread "GC Thread#5" [stack: 0x0000004988c00000,0x0000004988d00000] [id=21600]
  0x00000205a75311f0 GCTaskThread "GC Thread#6" [stack: 0x0000004988d00000,0x0000004988e00000] [id=3836]
  0x00000205ae9940e0 GCTaskThread "GC Thread#7" [stack: 0x0000004989a00000,0x0000004989b00000] [id=27432]
  0x00000205ff8ca740 ConcurrentGCThread "G1 Main Marker" [stack: 0x0000004986c00000,0x0000004986d00000] [id=3900]
  0x00000205ff8cb8f0 ConcurrentGCThread "G1 Conc#0" [stack: 0x0000004986d00000,0x0000004986e00000] [id=17232]
  0x00000205ae995bc0 ConcurrentGCThread "G1 Conc#1" [stack: 0x000000498ae00000,0x000000498af00000] [id=23144]
  0x00000205ae993620 ConcurrentGCThread "G1 Conc#2" [stack: 0x000000498af00000,0x000000498b000000] [id=15304]
  0x00000205ff93e2b0 ConcurrentGCThread "G1 Refine#0" [stack: 0x0000004986e00000,0x0000004986f00000] [id=26628]
  0x00000205b58e0cf0 ConcurrentGCThread "G1 Refine#1" [stack: 0x0000004989b00000,0x0000004989c00000] [id=10476]
  0x00000205aec33c00 ConcurrentGCThread "G1 Refine#2" [stack: 0x0000004989c00000,0x0000004989d00000] [id=20204]
  0x00000205b4959010 ConcurrentGCThread "G1 Refine#3" [stack: 0x0000004989700000,0x0000004989800000] [id=17904]
  0x00000205b563f100 ConcurrentGCThread "G1 Refine#4" [stack: 0x0000004989800000,0x0000004989900000] [id=27248]
  0x00000205b496a310 ConcurrentGCThread "G1 Refine#5" [stack: 0x0000004989900000,0x0000004989a00000] [id=15708]
  0x00000205aea15000 ConcurrentGCThread "G1 Refine#6" [stack: 0x0000004989d00000,0x0000004989e00000] [id=22508]
  0x00000205b5036b70 ConcurrentGCThread "G1 Refine#7" [stack: 0x0000004989e00000,0x0000004989f00000] [id=7316]
  0x00000205ff93ebd0 ConcurrentGCThread "G1 Service" [stack: 0x0000004986f00000,0x0000004987000000] [id=22536]

Threads with active compile tasks:

VM state: not at safepoint (normal execution)

VM Mutex/Monitor currently owned by a thread: None

Heap address: 0x000000070a000000, size: 3936 MB, Compressed Oops mode: Zero based, Oop shift amount: 3

CDS archive(s) mapped at: [0x0000000800000000-0x0000000800bc0000-0x0000000800bc0000), size 12320768, SharedBaseAddress: 0x0000000800000000, ArchiveRelocationMode: 0.
Compressed class space mapped at: 0x0000000800c00000-0x0000000840c00000, reserved size: 1073741824
Narrow klass base: 0x0000000800000000, Narrow klass shift: 0, Narrow klass range: 0x100000000

GC Precious Log:
 CPUs: 16 total, 16 available
 Memory: 15741M
 Large Page Support: Disabled
 NUMA Support: Disabled
 Compressed Oops: Enabled (Zero based)
 Heap Region Size: 2M
 Heap Min Capacity: 8M
 Heap Initial Capacity: 246M
 Heap Max Capacity: 3936M
 Pre-touch: Disabled
 Parallel Workers: 13
 Concurrent Workers: 3
 Concurrent Refinement Workers: 13
 Periodic GC: Disabled

Heap:
 garbage-first heap   total 143360K, used 53870K [0x000000070a000000, 0x0000000800000000)
  region size 2048K, 11 young (22528K), 1 survivors (2048K)
 Metaspace       used 10362K, committed 10432K, reserved 1064960K
  class space    used 729K, committed 768K, reserved 1048576K

Heap Regions: E=young(eden), S=young(survivor), O=old, HS=humongous(starts), HC=humongous(continues), CS=collection set, F=free, OA=open archive, CA=closed archive, TAMS=top-at-mark-start (previous, next)
|   0|0x000000070a000000, 0x000000070a200000, 0x000000070a200000|100%| O|  |TAMS 0x000000070a200000, 0x000000070a000000| Untracked 
|   1|0x000000070a200000, 0x000000070a200000, 0x000000070a400000|  0%| F|  |TAMS 0x000000070a200000, 0x000000070a200000| Untracked 
|   2|0x000000070a400000, 0x000000070a400000, 0x000000070a600000|  0%| F|  |TAMS 0x000000070a400000, 0x000000070a400000| Untracked 
|   3|0x000000070a600000, 0x000000070a600000, 0x000000070a800000|  0%| F|  |TAMS 0x000000070a600000, 0x000000070a600000| Untracked 
|   4|0x000000070a800000, 0x000000070aa00000, 0x000000070aa00000|100%| O|  |TAMS 0x000000070aa00000, 0x000000070a800000| Untracked 
|   5|0x000000070aa00000, 0x000000070ac00000, 0x000000070ac00000|100%| O|  |TAMS 0x000000070ac00000, 0x000000070aa00000| Untracked 
|   6|0x000000070ac00000, 0x000000070ae00000, 0x000000070ae00000|100%| O|  |TAMS 0x000000070ae00000, 0x000000070ac00000| Untracked 
|   7|0x000000070ae00000, 0x000000070b000000, 0x000000070b000000|100%| O|  |TAMS 0x000000070b000000, 0x000000070ae00000| Untracked 
|   8|0x000000070b000000, 0x000000070b200000, 0x000000070b200000|100%| O|  |TAMS 0x000000070b200000, 0x000000070b000000| Untracked 
|   9|0x000000070b200000, 0x000000070b400000, 0x000000070b400000|100%| O|  |TAMS 0x000000070b400000, 0x000000070b200000| Untracked 
|  10|0x000000070b400000, 0x000000070b600000, 0x000000070b600000|100%| O|  |TAMS 0x000000070b600000, 0x000000070b400000| Untracked 
|  11|0x000000070b600000, 0x000000070b800000, 0x000000070b800000|100%| O|  |TAMS 0x000000070b695a00, 0x000000070b600000| Untracked 
|  12|0x000000070b800000, 0x000000070b800000, 0x000000070ba00000|  0%| F|  |TAMS 0x000000070b800000, 0x000000070b800000| Untracked 
|  13|0x000000070ba00000, 0x000000070ba00000, 0x000000070bc00000|  0%| F|  |TAMS 0x000000070ba00000, 0x000000070ba00000| Untracked 
|  14|0x000000070bc00000, 0x000000070bc00000, 0x000000070be00000|  0%| F|  |TAMS 0x000000070bc00000, 0x000000070bc00000| Untracked 
|  15|0x000000070be00000, 0x000000070be00000, 0x000000070c000000|  0%| F|  |TAMS 0x000000070be00000, 0x000000070be00000| Untracked 
|  16|0x000000070c000000, 0x000000070c000000, 0x000000070c200000|  0%| F|  |TAMS 0x000000070c000000, 0x000000070c000000| Untracked 
|  17|0x000000070c200000, 0x000000070c200000, 0x000000070c400000|  0%| F|  |TAMS 0x000000070c200000, 0x000000070c200000| Untracked 
|  18|0x000000070c400000, 0x000000070c400000, 0x000000070c600000|  0%| F|  |TAMS 0x000000070c400000, 0x000000070c400000| Untracked 
|  19|0x000000070c600000, 0x000000070c600000, 0x000000070c800000|  0%| F|  |TAMS 0x000000070c600000, 0x000000070c600000| Untracked 
|  20|0x000000070c800000, 0x000000070c800000, 0x000000070ca00000|  0%| F|  |TAMS 0x000000070c800000, 0x000000070c800000| Untracked 
|  21|0x000000070ca00000, 0x000000070ca00000, 0x000000070cc00000|  0%| F|  |TAMS 0x000000070ca00000, 0x000000070ca00000| Untracked 
|  22|0x000000070cc00000, 0x000000070cc00000, 0x000000070ce00000|  0%| F|  |TAMS 0x000000070cc00000, 0x000000070cc00000| Untracked 
|  23|0x000000070ce00000, 0x000000070ce00000, 0x000000070d000000|  0%| F|  |TAMS 0x000000070ce00000, 0x000000070ce00000| Untracked 
|  24|0x000000070d000000, 0x000000070d000000, 0x000000070d200000|  0%| F|  |TAMS 0x000000070d000000, 0x000000070d000000| Untracked 
|  25|0x000000070d200000, 0x000000070d200000, 0x000000070d400000|  0%| F|  |TAMS 0x000000070d200000, 0x000000070d200000| Untracked 
|  26|0x000000070d400000, 0x000000070d400000, 0x000000070d600000|  0%| F|  |TAMS 0x000000070d400000, 0x000000070d400000| Untracked 
|  27|0x000000070d600000, 0x000000070d600000, 0x000000070d800000|  0%| F|  |TAMS 0x000000070d600000, 0x000000070d600000| Untracked 
|  28|0x000000070d800000, 0x000000070d800000, 0x000000070da00000|  0%| F|  |TAMS 0x000000070d800000, 0x000000070d800000| Untracked 
|  29|0x000000070da00000, 0x000000070da00000, 0x000000070dc00000|  0%| F|  |TAMS 0x000000070da00000, 0x000000070da00000| Untracked 
|  30|0x000000070dc00000, 0x000000070dc00000, 0x000000070de00000|  0%| F|  |TAMS 0x000000070dc00000, 0x000000070dc00000| Untracked 
|  31|0x000000070de00000, 0x000000070de00000, 0x000000070e000000|  0%| F|  |TAMS 0x000000070de00000, 0x000000070de00000| Untracked 
|  32|0x000000070e000000, 0x000000070e000000, 0x000000070e200000|  0%| F|  |TAMS 0x000000070e000000, 0x000000070e000000| Untracked 
|  33|0x000000070e200000, 0x000000070e200000, 0x000000070e400000|  0%| F|  |TAMS 0x000000070e200000, 0x000000070e200000| Untracked 
|  34|0x000000070e400000, 0x000000070e400000, 0x000000070e600000|  0%| F|  |TAMS 0x000000070e400000, 0x000000070e400000| Untracked 
|  35|0x000000070e600000, 0x000000070e600000, 0x000000070e800000|  0%| F|  |TAMS 0x000000070e600000, 0x000000070e600000| Untracked 
|  36|0x000000070e800000, 0x000000070e800000, 0x000000070ea00000|  0%| F|  |TAMS 0x000000070e800000, 0x000000070e800000| Untracked 
|  37|0x000000070ea00000, 0x000000070ea00000, 0x000000070ec00000|  0%| F|  |TAMS 0x000000070ea00000, 0x000000070ea00000| Untracked 
|  38|0x000000070ec00000, 0x000000070ec00000, 0x000000070ee00000|  0%| F|  |TAMS 0x000000070ec00000, 0x000000070ec00000| Untracked 
|  39|0x000000070ee00000, 0x000000070ee00000, 0x000000070f000000|  0%| F|  |TAMS 0x000000070ee00000, 0x000000070ee00000| Untracked 
|  40|0x000000070f000000, 0x000000070f000000, 0x000000070f200000|  0%| F|  |TAMS 0x000000070f000000, 0x000000070f000000| Untracked 
|  41|0x000000070f200000, 0x000000070f200000, 0x000000070f400000|  0%| F|  |TAMS 0x000000070f200000, 0x000000070f200000| Untracked 
|  42|0x000000070f400000, 0x000000070f400000, 0x000000070f600000|  0%| F|  |TAMS 0x000000070f400000, 0x000000070f400000| Untracked 
|  43|0x000000070f600000, 0x000000070f600000, 0x000000070f800000|  0%| F|  |TAMS 0x000000070f600000, 0x000000070f600000| Untracked 
|  44|0x000000070f800000, 0x000000070f800000, 0x000000070fa00000|  0%| F|  |TAMS 0x000000070f800000, 0x000000070f800000| Untracked 
|  45|0x000000070fa00000, 0x000000070fa00000, 0x000000070fc00000|  0%| F|  |TAMS 0x000000070fa00000, 0x000000070fa00000| Untracked 
|  46|0x000000070fc00000, 0x000000070fc00000, 0x000000070fe00000|  0%| F|  |TAMS 0x000000070fc00000, 0x000000070fc00000| Untracked 
|  47|0x000000070fe00000, 0x000000070fe00000, 0x0000000710000000|  0%| F|  |TAMS 0x000000070fe00000, 0x000000070fe00000| Untracked 
|  48|0x0000000710000000, 0x0000000710000000, 0x0000000710200000|  0%| F|  |TAMS 0x0000000710000000, 0x0000000710000000| Untracked 
|  49|0x0000000710200000, 0x00000007103859a8, 0x0000000710400000| 76%| E|  |TAMS 0x0000000710200000, 0x0000000710200000| Complete 
|  50|0x0000000710400000, 0x0000000710600000, 0x0000000710600000|100%| E|CS|TAMS 0x0000000710400000, 0x0000000710400000| Complete 
|  51|0x0000000710600000, 0x0000000710800000, 0x0000000710800000|100%| E|CS|TAMS 0x0000000710600000, 0x0000000710600000| Complete 
|  52|0x0000000710800000, 0x0000000710a00000, 0x0000000710a00000|100%|HS|  |TAMS 0x0000000710a00000, 0x0000000710800000| Complete 
|  53|0x0000000710a00000, 0x0000000710c00000, 0x0000000710c00000|100%|HS|  |TAMS 0x0000000710c00000, 0x0000000710a00000| Complete 
|  54|0x0000000710c00000, 0x0000000710e00000, 0x0000000710e00000|100%|HS|  |TAMS 0x0000000710e00000, 0x0000000710c00000| Complete 
|  55|0x0000000710e00000, 0x0000000711000000, 0x0000000711000000|100%| O|  |TAMS 0x0000000710e00000, 0x0000000710e00000| Untracked 
|  56|0x0000000711000000, 0x0000000711200000, 0x0000000711200000|100%| O|  |TAMS 0x0000000711000000, 0x0000000711000000| Untracked 
|  57|0x0000000711200000, 0x0000000711400000, 0x0000000711400000|100%| O|  |TAMS 0x0000000711200000, 0x0000000711200000| Untracked 
|  58|0x0000000711400000, 0x0000000711600000, 0x0000000711600000|100%| O|  |TAMS 0x0000000711400000, 0x0000000711400000| Untracked 
|  59|0x0000000711600000, 0x0000000711800000, 0x0000000711800000|100%|HS|  |TAMS 0x0000000711600000, 0x0000000711600000| Complete 
|  60|0x0000000711800000, 0x0000000711a00000, 0x0000000711a00000|100%|HS|  |TAMS 0x0000000711800000, 0x0000000711800000| Complete 
|  61|0x0000000711a00000, 0x0000000711c00000, 0x0000000711c00000|100%| E|CS|TAMS 0x0000000711a00000, 0x0000000711a00000| Complete 
|  62|0x0000000711c00000, 0x0000000711e00000, 0x0000000711e00000|100%| E|CS|TAMS 0x0000000711c00000, 0x0000000711c00000| Complete 
|  63|0x0000000711e00000, 0x0000000712000000, 0x0000000712000000|100%| E|CS|TAMS 0x0000000711e00000, 0x0000000711e00000| Complete 
|  64|0x0000000712000000, 0x000000071204ea00, 0x0000000712200000| 15%| O|  |TAMS 0x0000000712000000, 0x0000000712000000| Untracked 
|  65|0x0000000712200000, 0x0000000712400000, 0x0000000712400000|100%| E|CS|TAMS 0x0000000712200000, 0x0000000712200000| Complete 
|  66|0x0000000712400000, 0x0000000712600000, 0x0000000712600000|100%| E|CS|TAMS 0x0000000712400000, 0x0000000712400000| Complete 
|  67|0x0000000712600000, 0x0000000712800000, 0x0000000712800000|100%| E|CS|TAMS 0x0000000712600000, 0x0000000712600000| Complete 
| 121|0x0000000719200000, 0x000000071924cf68, 0x0000000719400000| 15%| S|CS|TAMS 0x0000000719200000, 0x0000000719200000| Complete 
| 122|0x0000000719400000, 0x0000000719600000, 0x0000000719600000|100%| E|  |TAMS 0x0000000719400000, 0x0000000719400000| Complete 

Card table byte_map: [0x0000020597b30000,0x00000205982e0000] _byte_map_base: 0x00000205942e0000

Marking Bits (Prev, Next): (CMBitMap*) 0x00000205ff8ba850, (CMBitMap*) 0x00000205ff8ba810
 Prev Bits: [0x000002059c810000, 0x00000205a0590000)
 Next Bits: [0x0000020598a90000, 0x000002059c810000)

Polling page: 0x00000205fe010000

Metaspace:

Usage:
  Non-class:      9.41 MB used.
      Class:    729.91 KB used.
       Both:     10.12 MB used.

Virtual space:
  Non-class space:       16.00 MB reserved,       9.44 MB ( 59%) committed,  2 nodes.
      Class space:        1.00 GB reserved,     768.00 KB ( <1%) committed,  1 nodes.
             Both:        1.02 GB reserved,      10.19 MB ( <1%) committed. 

Chunk freelists:
   Non-Class:  640.00 KB
       Class:  3.19 MB
        Both:  3.81 MB

MaxMetaspaceSize: unlimited
CompressedClassSpaceSize: 1.00 GB
Initial GC threshold: 21.00 MB
Current GC threshold: 21.00 MB
CDS: on
MetaspaceReclaimPolicy: balanced
 - commit_granule_bytes: 65536.
 - commit_granule_words: 8192.
 - virtual_space_node_default_size: 1048576.
 - enlarge_chunks_in_place: 1.
 - new_chunks_are_fully_committed: 0.
 - uncommit_free_chunks: 1.
 - use_allocation_guard: 0.
 - handle_deallocations: 1.


Internal statistics:

num_allocs_failed_limit: 0.
num_arena_births: 44.
num_arena_deaths: 0.
num_vsnodes_births: 3.
num_vsnodes_deaths: 0.
num_space_committed: 161.
num_space_uncommitted: 0.
num_chunks_returned_to_freelist: 0.
num_chunks_taken_from_freelist: 322.
num_chunk_merges: 0.
num_chunk_splits: 274.
num_chunks_enlarged: 250.
num_purges: 0.
num_inconsistent_stats: 0.

CodeHeap 'non-profiled nmethods': size=119168Kb used=1893Kb max_used=1893Kb free=117274Kb
 bounds [0x000002058f590000, 0x000002058f800000, 0x00000205969f0000]
CodeHeap 'profiled nmethods': size=119104Kb used=4224Kb max_used=4224Kb free=114879Kb
 bounds [0x0000020588140000, 0x0000020588570000, 0x000002058f590000]
CodeHeap 'non-nmethods': size=7488Kb used=1661Kb max_used=3383Kb free=5826Kb
 bounds [0x00000205879f0000, 0x0000020587d50000, 0x0000020588140000]
 total_blobs=3483 nmethods=2375 adapters=1021
 compilation: enabled
              stopped_count=0, restarted_count=0
 full_count=0

Compilation events (20 events):
Event: 14.757 Thread 0x00000205ae56b820 2364       4       com.badlogic.gdx.graphics.g3d.model.NodePart::<init> (20 bytes)
Event: 14.759 Thread 0x00000205ae56b820 nmethod 2364 0x000002058f762890 code [0x000002058f762a00, 0x000002058f762c58]
Event: 14.808 Thread 0x00000205ae56b820 2365       4       java.util.regex.Pattern$BmpCharProperty::match (55 bytes)
Event: 14.810 Thread 0x00000205ae56b820 nmethod 2365 0x000002058f762d10 code [0x000002058f762ec0, 0x000002058f763128]
Event: 15.100 Thread 0x00000205a40077f0 2366       4       com.badlogic.gdx.graphics.g3d.ModelInstance::<init> (101 bytes)
Event: 15.134 Thread 0x00000205a40077f0 nmethod 2366 0x000002058f763410 code [0x000002058f7636c0, 0x000002058f7655b8]
Event: 15.134 Thread 0x00000205a40077f0 2368       4       com.badlogic.gdx.graphics.g3d.ModelInstance::calculateTransforms (65 bytes)
Event: 15.145 Thread 0x00000205a40077f0 nmethod 2368 0x000002058f766490 code [0x000002058f7666c0, 0x000002058f7673e8]
Event: 15.145 Thread 0x00000205a40077f0 2367       4       com.badlogic.gdx.graphics.g3d.ModelInstance::copyAnimations (38 bytes)
Event: 15.149 Thread 0x00000205a40077f0 nmethod 2367 0x000002058f767c90 code [0x000002058f767e40, 0x000002058f768498]
Event: 15.156 Thread 0x00000205a40102a0 2369  s    1       java.util.Vector::size (5 bytes)
Event: 15.156 Thread 0x00000205a40102a0 nmethod 2369 0x000002058f768810 code [0x000002058f7689a0, 0x000002058f768b18]
Event: 15.488 Thread 0x00000205a40102a0 2370       3       java.util.WeakHashMap::matchesKey (33 bytes)
Event: 15.488 Thread 0x00000205a40102a0 nmethod 2370 0x000002058855f190 code [0x000002058855f360, 0x000002058855f838]
Event: 15.574 Thread 0x00000205a40077f0 2371       4       java.util.regex.Matcher::end (67 bytes)
Event: 15.576 Thread 0x00000205a40077f0 nmethod 2371 0x000002058f768b90 code [0x000002058f768d20, 0x000002058f768e38]
Event: 15.951 Thread 0x00000205a40102a0 2372       3       com.sun.media.sound.DirectAudioDevice$DirectClip::getLongFramePosition (5 bytes)
Event: 15.951 Thread 0x00000205a40102a0 nmethod 2372 0x000002058855f990 code [0x000002058855fb20, 0x000002058855fc68]
Event: 15.951 Thread 0x00000205a40102a0 2373   !   3       com.sun.media.sound.DirectAudioDevice$DirectDL::getLongFramePosition (54 bytes)
Event: 15.951 Thread 0x00000205a40102a0 nmethod 2373 0x000002058855fd10 code [0x000002058855fec0, 0x00000205885601e8]

GC Heap History (10 events):
Event: 2.207 GC heap before
{Heap before GC invocations=0 (full 0):
 garbage-first heap   total 251904K, used 22528K [0x000000070a000000, 0x0000000800000000)
  region size 2048K, 11 young (22528K), 0 survivors (0K)
 Metaspace       used 7196K, committed 7360K, reserved 1064960K
  class space    used 438K, committed 512K, reserved 1048576K
}
Event: 2.210 GC heap after
{Heap after GC invocations=1 (full 0):
 garbage-first heap   total 251904K, used 2713K [0x000000070a000000, 0x0000000800000000)
  region size 2048K, 2 young (4096K), 2 survivors (4096K)
 Metaspace       used 7196K, committed 7360K, reserved 1064960K
  class space    used 438K, committed 512K, reserved 1048576K
}
Event: 4.422 GC heap before
{Heap before GC invocations=1 (full 0):
 garbage-first heap   total 251904K, used 43673K [0x000000070a000000, 0x0000000800000000)
  region size 2048K, 19 young (38912K), 2 survivors (4096K)
 Metaspace       used 9762K, committed 9856K, reserved 1064960K
  class space    used 679K, committed 704K, reserved 1048576K
}
Event: 4.430 GC heap after
{Heap after GC invocations=2 (full 0):
 garbage-first heap   total 251904K, used 22662K [0x000000070a000000, 0x0000000800000000)
  region size 2048K, 3 young (6144K), 3 survivors (6144K)
 Metaspace       used 9762K, committed 9856K, reserved 1064960K
  class space    used 679K, committed 704K, reserved 1048576K
}
Event: 4.931 GC heap before
{Heap before GC invocations=2 (full 0):
 garbage-first heap   total 251904K, used 28806K [0x000000070a000000, 0x0000000800000000)
  region size 2048K, 6 young (12288K), 3 survivors (6144K)
 Metaspace       used 9830K, committed 9920K, reserved 1064960K
  class space    used 679K, committed 704K, reserved 1048576K
}
Event: 4.935 GC heap after
{Heap after GC invocations=3 (full 0):
 garbage-first heap   total 251904K, used 23875K [0x000000070a000000, 0x0000000800000000)
  region size 2048K, 1 young (2048K), 1 survivors (2048K)
 Metaspace       used 9830K, committed 9920K, reserved 1064960K
  class space    used 679K, committed 704K, reserved 1048576K
}
Event: 14.340 GC heap before
{Heap before GC invocations=3 (full 0):
 garbage-first heap   total 251904K, used 226627K [0x000000070a000000, 0x0000000800000000)
  region size 2048K, 59 young (120832K), 1 survivors (2048K)
 Metaspace       used 10355K, committed 10432K, reserved 1064960K
  class space    used 728K, committed 768K, reserved 1048576K
}
Event: 14.343 GC heap after
{Heap after GC invocations=4 (full 0):
 garbage-first heap   total 251904K, used 118536K [0x000000070a000000, 0x0000000800000000)
  region size 2048K, 5 young (10240K), 5 survivors (10240K)
 Metaspace       used 10355K, committed 10432K, reserved 1064960K
  class space    used 728K, committed 768K, reserved 1048576K
}
Event: 14.434 GC heap before
{Heap before GC invocations=4 (full 0):
 garbage-first heap   total 251904K, used 120584K [0x000000070a000000, 0x0000000800000000)
  region size 2048K, 6 young (12288K), 5 survivors (10240K)
 Metaspace       used 10356K, committed 10432K, reserved 1064960K
  class space    used 728K, committed 768K, reserved 1048576K
}
Event: 14.435 GC heap after
{Heap after GC invocations=5 (full 0):
 garbage-first heap   total 251904K, used 121454K [0x000000070a000000, 0x0000000800000000)
  region size 2048K, 1 young (2048K), 1 survivors (2048K)
 Metaspace       used 10356K, committed 10432K, reserved 1064960K
  class space    used 728K, committed 768K, reserved 1048576K
}

Deoptimization events (20 events):
Event: 9.265 Thread 0x00000205ff8626a0 Uncommon trap: trap_request=0xffffff45 fr.pc=0x000002058f6ab95c relative=0x000000000000047c
Event: 9.265 Thread 0x00000205ff8626a0 Uncommon trap: reason=unstable_if action=reinterpret pc=0x000002058f6ab95c method=com.badlogic.gdx.utils.TimSort.mergeCollapse()V @ 93 c2
Event: 9.265 Thread 0x00000205ff8626a0 DEOPT PACKING pc=0x000002058f6ab95c sp=0x0000004986afee20
Event: 9.265 Thread 0x00000205ff8626a0 DEOPT UNPACKING pc=0x0000020587a423a3 sp=0x0000004986afedc8 mode 2
Event: 9.266 Thread 0x00000205ff8626a0 DEOPT PACKING pc=0x000002058853ce11 sp=0x0000004986afec70
Event: 9.266 Thread 0x00000205ff8626a0 DEOPT UNPACKING pc=0x0000020587a42b43 sp=0x0000004986afe168 mode 0
Event: 9.514 Thread 0x00000205ff8626a0 Uncommon trap: trap_request=0xffffff45 fr.pc=0x000002058f62ef18 relative=0x0000000000000098
Event: 9.514 Thread 0x00000205ff8626a0 Uncommon trap: reason=unstable_if action=reinterpret pc=0x000002058f62ef18 method=com.badlogic.gdx.utils.IntArray.add(I)V @ 11 c2
Event: 9.514 Thread 0x00000205ff8626a0 DEOPT PACKING pc=0x000002058f62ef18 sp=0x0000004986afe120
Event: 9.514 Thread 0x00000205ff8626a0 DEOPT UNPACKING pc=0x0000020587a423a3 sp=0x0000004986afe0c0 mode 2
Event: 10.649 Thread 0x00000205ff8626a0 Uncommon trap: trap_request=0xffffff45 fr.pc=0x000002058f6fe3dc relative=0x0000000000003e3c
Event: 10.649 Thread 0x00000205ff8626a0 Uncommon trap: reason=unstable_if action=reinterpret pc=0x000002058f6fe3dc method=com.badlogic.gdx.utils.TimSort.mergeHi(IIII)V @ 439 c2
Event: 10.649 Thread 0x00000205ff8626a0 DEOPT PACKING pc=0x000002058f6fe3dc sp=0x0000004986afec70
Event: 10.649 Thread 0x00000205ff8626a0 DEOPT UNPACKING pc=0x0000020587a423a3 sp=0x0000004986afecb0 mode 2
Event: 10.649 Thread 0x00000205ff8626a0 Uncommon trap: trap_request=0xffffff45 fr.pc=0x000002058f67f9d4 relative=0x0000000000001f14
Event: 10.649 Thread 0x00000205ff8626a0 Uncommon trap: reason=unstable_if action=reinterpret pc=0x000002058f67f9d4 method=com.badlogic.gdx.utils.TimSort.mergeHi(IIII)V @ 269 c2
Event: 10.649 Thread 0x00000205ff8626a0 DEOPT PACKING pc=0x000002058f67f9d4 sp=0x0000004986afecc0
Event: 10.649 Thread 0x00000205ff8626a0 DEOPT UNPACKING pc=0x0000020587a423a3 sp=0x0000004986afecb0 mode 2
Event: 10.884 Thread 0x00000205ff8626a0 DEOPT PACKING pc=0x0000020588556391 sp=0x0000004986afeca0
Event: 10.884 Thread 0x00000205ff8626a0 DEOPT UNPACKING pc=0x0000020587a42b43 sp=0x0000004986afe198 mode 0

Classes unloaded (0 events):
No events

Classes redefined (0 events):
No events

Internal exceptions (20 events):
Event: 0.172 Thread 0x00000205ff8626a0 Exception <a 'java/lang/NoSuchMethodError'{0x000000071916b478}: 'java.lang.Object java.lang.invoke.DirectMethodHandle$Holder.invokeStaticInit(java.lang.Object)'> (0x000000071916b478) 
thrown [e:\jenkins\tmp\workspace\build\src\src\hotspot\share\interpreter\linkResolver.cpp, line 766]
Event: 0.181 Thread 0x00000205ff8626a0 Exception <a 'java/lang/NoSuchMethodError'{0x00000007191cd000}: 'void java.lang.invoke.DirectMethodHandle$Holder.invokeStatic(java.lang.Object, java.lang.Object)'> (0x00000007191cd000) 
thrown [e:\jenkins\tmp\workspace\build\src\src\hotspot\share\interpreter\linkResolver.cpp, line 766]
Event: 0.181 Thread 0x00000205ff8626a0 Exception <a 'java/lang/NoSuchMethodError'{0x00000007191d2848}: 'void java.lang.invoke.DirectMethodHandle$Holder.invokeSpecial(java.lang.Object, java.lang.Object, java.lang.Object)'> (0x00000007191d2848) 
thrown [e:\jenkins\tmp\workspace\build\src\src\hotspot\share\interpreter\linkResolver.cpp, line 766]
Event: 0.184 Thread 0x00000205ff8626a0 Exception <a 'java/lang/NoSuchMethodError'{0x00000007191e5e58}: 'java.lang.Object java.lang.invoke.DirectMethodHandle$Holder.invokeStatic(java.lang.Object, java.lang.Object, int)'> (0x00000007191e5e58) 
thrown [e:\jenkins\tmp\workspace\build\src\src\hotspot\share\interpreter\linkResolver.cpp, line 766]
Event: 0.184 Thread 0x00000205ff8626a0 Exception <a 'java/lang/NoSuchMethodError'{0x00000007191f1bc8}: 'void java.lang.invoke.DelegatingMethodHandle$Holder.delegate(java.lang.Object, java.lang.Object, int, java.lang.Object)'> (0x00000007191f1bc8) 
thrown [e:\jenkins\tmp\workspace\build\src\src\hotspot\share\interpreter\linkResolver.cpp, line 766]
Event: 0.185 Thread 0x00000205ff8626a0 Exception <a 'java/lang/NoSuchMethodError'{0x00000007191f5e08}: 'int java.lang.invoke.DirectMethodHandle$Holder.invokeSpecial(java.lang.Object, java.lang.Object, java.lang.Object)'> (0x00000007191f5e08) 
thrown [e:\jenkins\tmp\workspace\build\src\src\hotspot\share\interpreter\linkResolver.cpp, line 766]
Event: 0.211 Thread 0x00000205ff8626a0 Exception <a 'sun/nio/fs/WindowsException'{0x0000000718e9d150}> (0x0000000718e9d150) 
thrown [e:\jenkins\tmp\workspace\build\src\src\hotspot\share\prims\jni.cpp, line 516]
Event: 0.211 Thread 0x00000205ff8626a0 Exception <a 'sun/nio/fs/WindowsException'{0x0000000718e9d6a8}> (0x0000000718e9d6a8) 
thrown [e:\jenkins\tmp\workspace\build\src\src\hotspot\share\prims\jni.cpp, line 516]
Event: 0.231 Thread 0x00000205ff8626a0 Exception <a 'sun/nio/fs/WindowsException'{0x0000000718f8b420}> (0x0000000718f8b420) 
thrown [e:\jenkins\tmp\workspace\build\src\src\hotspot\share\prims\jni.cpp, line 516]
Event: 0.231 Thread 0x00000205ff8626a0 Exception <a 'sun/nio/fs/WindowsException'{0x0000000718f8b7c0}> (0x0000000718f8b7c0) 
thrown [e:\jenkins\tmp\workspace\build\src\src\hotspot\share\prims\jni.cpp, line 516]
Event: 0.247 Thread 0x00000205ff8626a0 Exception <a 'sun/nio/fs/WindowsException'{0x0000000718c3ab38}> (0x0000000718c3ab38) 
thrown [e:\jenkins\tmp\workspace\build\src\src\hotspot\share\prims\jni.cpp, line 516]
Event: 0.247 Thread 0x00000205ff8626a0 Exception <a 'sun/nio/fs/WindowsException'{0x0000000718c3aea8}> (0x0000000718c3aea8) 
thrown [e:\jenkins\tmp\workspace\build\src\src\hotspot\share\prims\jni.cpp, line 516]
Event: 0.285 Thread 0x00000205ff8626a0 Exception <a 'sun/nio/fs/WindowsException'{0x0000000718cc0240}> (0x0000000718cc0240) 
thrown [e:\jenkins\tmp\workspace\build\src\src\hotspot\share\prims\jni.cpp, line 516]
Event: 0.285 Thread 0x00000205ff8626a0 Exception <a 'sun/nio/fs/WindowsException'{0x0000000718cc05c8}> (0x0000000718cc05c8) 
thrown [e:\jenkins\tmp\workspace\build\src\src\hotspot\share\prims\jni.cpp, line 516]
Event: 0.724 Thread 0x00000205ff8626a0 Exception <a 'sun/nio/fs/WindowsException'{0x0000000718aa29d8}> (0x0000000718aa29d8) 
thrown [e:\jenkins\tmp\workspace\build\src\src\hotspot\share\prims\jni.cpp, line 516]
Event: 0.724 Thread 0x00000205ff8626a0 Exception <a 'sun/nio/fs/WindowsException'{0x0000000718aa2d88}> (0x0000000718aa2d88) 
thrown [e:\jenkins\tmp\workspace\build\src\src\hotspot\share\prims\jni.cpp, line 516]
Event: 0.727 Thread 0x00000205ff8626a0 Exception <a 'sun/nio/fs/WindowsException'{0x0000000718aaf010}> (0x0000000718aaf010) 
thrown [e:\jenkins\tmp\workspace\build\src\src\hotspot\share\prims\jni.cpp, line 516]
Event: 0.727 Thread 0x00000205ff8626a0 Exception <a 'sun/nio/fs/WindowsException'{0x0000000718aaf2f8}> (0x0000000718aaf2f8) 
thrown [e:\jenkins\tmp\workspace\build\src\src\hotspot\share\prims\jni.cpp, line 516]
Event: 3.889 Thread 0x00000205ff8626a0 Implicit null exception at 0x000002058f603dbf to 0x000002058f603e9c
Event: 5.528 Thread 0x00000205ae5ec2d0 Implicit null exception at 0x000002058f5fb95f to 0x000002058f5fba1c

VM Operations (20 events):
Event: 12.507 Executing VM operation: ICBufferFull
Event: 12.507 Executing VM operation: ICBufferFull done
Event: 13.199 Executing VM operation: ICBufferFull
Event: 13.199 Executing VM operation: ICBufferFull done
Event: 13.892 Executing VM operation: ICBufferFull
Event: 13.892 Executing VM operation: ICBufferFull done
Event: 14.340 Executing VM operation: G1CollectForAllocation
Event: 14.343 Executing VM operation: G1CollectForAllocation done
Event: 14.433 Executing VM operation: G1TryInitiateConcMark
Event: 14.436 Executing VM operation: G1TryInitiateConcMark done
Event: 14.444 Executing VM operation: G1Concurrent
Event: 14.445 Executing VM operation: G1Concurrent done
Event: 14.451 Executing VM operation: G1Concurrent
Event: 14.453 Executing VM operation: G1Concurrent done
Event: 15.091 Executing VM operation: ICBufferFull
Event: 15.091 Executing VM operation: ICBufferFull done
Event: 15.576 Executing VM operation: HandshakeAllThreads
Event: 15.576 Executing VM operation: HandshakeAllThreads done
Event: 15.758 Executing VM operation: ICBufferFull
Event: 15.758 Executing VM operation: ICBufferFull done

Events (20 events):
Event: 12.898 Thread 0x00000205ae6b6b20 Thread added: 0x00000205ae6b6b20
Event: 12.901 Thread 0x00000205ae6b3630 Thread added: 0x00000205ae6b3630
Event: 13.102 Thread 0x00000205ae6b6b20 Thread exited: 0x00000205ae6b6b20
Event: 13.198 Thread 0x00000205ae6b44a0 Thread added: 0x00000205ae6b44a0
Event: 13.202 Thread 0x00000205ae6b4e40 Thread added: 0x00000205ae6b4e40
Event: 13.402 Thread 0x00000205ae6b44a0 Thread exited: 0x00000205ae6b44a0
Event: 13.483 Thread 0x00000205ae6b9b40 Thread added: 0x00000205ae6b9b40
Event: 13.486 Thread 0x00000205ae6b91a0 Thread added: 0x00000205ae6b91a0
Event: 13.687 Thread 0x00000205ae6b9b40 Thread exited: 0x00000205ae6b9b40
Event: 13.733 Thread 0x00000205ae6b2c90 Thread added: 0x00000205ae6b2c90
Event: 13.736 Thread 0x00000205ae6b3b00 Thread added: 0x00000205ae6b3b00
Event: 13.937 Thread 0x00000205ae6b2c90 Thread exited: 0x00000205ae6b2c90
Event: 14.048 Thread 0x00000205ae6b2c90 Thread added: 0x00000205ae6b2c90
Event: 14.051 Thread 0x00000205ae6b6650 Thread added: 0x00000205ae6b6650
Event: 14.251 Thread 0x00000205ae6b2c90 Thread exited: 0x00000205ae6b2c90
Event: 14.433 Thread 0x00000205ae6b57e0 Thread added: 0x00000205ae6b57e0
Event: 14.438 Thread 0x00000205ae6b3fd0 Thread added: 0x00000205ae6b3fd0
Event: 14.638 Thread 0x00000205ae6b57e0 Thread exited: 0x00000205ae6b57e0
Event: 14.707 Thread 0x00000205ae56b820 Thread added: 0x00000205ae56b820
Event: 15.100 Thread 0x00000205ae56b820 Thread exited: 0x00000205ae56b820


Dynamic libraries:
0x00007ff7d8a20000 - 0x00007ff7d8a2e000 	C:\Program Files\Eclipse Adoptium\jdk-17.0.1.12-hotspot\bin\java.exe
0x00007ffdc5cd0000 - 0x00007ffdc5ec5000 	C:\Windows\SYSTEM32\ntdll.dll
0x00007ffdc4060000 - 0x00007ffdc411d000 	C:\Windows\System32\KERNEL32.DLL
0x00007ffdc3720000 - 0x00007ffdc39ed000 	C:\Windows\System32\KERNELBASE.dll
0x00007ffdc33b0000 - 0x00007ffdc34b0000 	C:\Windows\System32\ucrtbase.dll
0x00007ffdbee20000 - 0x00007ffdbee39000 	C:\Program Files\Eclipse Adoptium\jdk-17.0.1.12-hotspot\bin\VCRUNTIME140.dll
0x00007ffdbd460000 - 0x00007ffdbd478000 	C:\Program Files\Eclipse Adoptium\jdk-17.0.1.12-hotspot\bin\jli.dll
0x00007ffdc5530000 - 0x00007ffdc56d0000 	C:\Windows\System32\USER32.dll
0x00007ffdad620000 - 0x00007ffdad8ba000 	C:\Windows\WinSxS\amd64_microsoft.windows.common-controls_6595b64144ccf1df_6.0.19041.1110_none_60b5254171f9507e\COMCTL32.dll
0x00007ffdc3c20000 - 0x00007ffdc3c42000 	C:\Windows\System32\win32u.dll
0x00007ffdc5190000 - 0x00007ffdc522e000 	C:\Windows\System32\msvcrt.dll
0x00007ffdc5bd0000 - 0x00007ffdc5bfa000 	C:\Windows\System32\GDI32.dll
0x00007ffdc3610000 - 0x00007ffdc371b000 	C:\Windows\System32\gdi32full.dll
0x00007ffdc39f0000 - 0x00007ffdc3a8d000 	C:\Windows\System32\msvcp_win.dll
0x00007ffdc4eb0000 - 0x00007ffdc4ee0000 	C:\Windows\System32\IMM32.DLL
0x00007ffdbede0000 - 0x00007ffdbedec000 	C:\Program Files\Eclipse Adoptium\jdk-17.0.1.12-hotspot\bin\vcruntime140_1.dll
0x00007ffdb1940000 - 0x00007ffdb19d1000 	C:\Program Files\Eclipse Adoptium\jdk-17.0.1.12-hotspot\bin\msvcp140.dll
0x00007ffd82e10000 - 0x00007ffd83a56000 	C:\Program Files\Eclipse Adoptium\jdk-17.0.1.12-hotspot\bin\server\jvm.dll
0x00007ffdc3fb0000 - 0x00007ffdc405e000 	C:\Windows\System32\ADVAPI32.dll
0x00007ffdc3e80000 - 0x00007ffdc3f1c000 	C:\Windows\System32\sechost.dll
0x00007ffdc3d50000 - 0x00007ffdc3e75000 	C:\Windows\System32\RPCRT4.dll
0x00007ffdc4ee0000 - 0x00007ffdc4ee8000 	C:\Windows\System32\PSAPI.DLL
0x00007ffdbc260000 - 0x00007ffdbc26a000 	C:\Windows\SYSTEM32\VERSION.dll
0x00007ffda5c00000 - 0x00007ffda5c09000 	C:\Windows\SYSTEM32\WSOCK32.dll
0x00007ffdb8890000 - 0x00007ffdb88b7000 	C:\Windows\SYSTEM32\WINMM.dll
0x00007ffdc52e0000 - 0x00007ffdc534b000 	C:\Windows\System32\WS2_32.dll
0x00007ffdc1c40000 - 0x00007ffdc1c52000 	C:\Windows\SYSTEM32\kernel.appcore.dll
0x00007ffdbe750000 - 0x00007ffdbe75a000 	C:\Program Files\Eclipse Adoptium\jdk-17.0.1.12-hotspot\bin\jimage.dll
0x00007ffdc1a30000 - 0x00007ffdc1c14000 	C:\Windows\SYSTEM32\DBGHELP.DLL
0x00007ffdb8de0000 - 0x00007ffdb8e0c000 	C:\Windows\SYSTEM32\dbgcore.DLL
0x00007ffdc3a90000 - 0x00007ffdc3b12000 	C:\Windows\System32\bcryptPrimitives.dll
0x00007ffdb62b0000 - 0x00007ffdb62d5000 	C:\Program Files\Eclipse Adoptium\jdk-17.0.1.12-hotspot\bin\java.dll
0x00007ffd848b0000 - 0x00007ffd84986000 	C:\Program Files\Eclipse Adoptium\jdk-17.0.1.12-hotspot\bin\svml.dll
0x00007ffdc4120000 - 0x00007ffdc4864000 	C:\Windows\System32\SHELL32.dll
0x00007ffdc1150000 - 0x00007ffdc18e4000 	C:\Windows\SYSTEM32\windows.storage.dll
0x00007ffdc5870000 - 0x00007ffdc5bc4000 	C:\Windows\System32\combase.dll
0x00007ffdc2e10000 - 0x00007ffdc2e3c000 	C:\Windows\SYSTEM32\Wldp.dll
0x00007ffdc5230000 - 0x00007ffdc52dd000 	C:\Windows\System32\SHCORE.dll
0x00007ffdc3cf0000 - 0x00007ffdc3d45000 	C:\Windows\System32\shlwapi.dll
0x00007ffdc32f0000 - 0x00007ffdc330f000 	C:\Windows\SYSTEM32\profapi.dll
0x00007ffdb6650000 - 0x00007ffdb6669000 	C:\Program Files\Eclipse Adoptium\jdk-17.0.1.12-hotspot\bin\net.dll
0x00007ffdb4be0000 - 0x00007ffdb4cea000 	C:\Windows\SYSTEM32\WINHTTP.dll
0x00007ffdc2b70000 - 0x00007ffdc2bda000 	C:\Windows\system32\mswsock.dll
0x00007ffdb1920000 - 0x00007ffdb1935000 	C:\Program Files\Eclipse Adoptium\jdk-17.0.1.12-hotspot\bin\nio.dll
0x00007ffdb1900000 - 0x00007ffdb1918000 	C:\Program Files\Eclipse Adoptium\jdk-17.0.1.12-hotspot\bin\zip.dll
0x000000006e700000 - 0x000000006e72a000 	C:\Users\grado\AppData\Local\Temp\libgdxgrado\e1cd32f8\gdx64.dll
0x00007ffdb1890000 - 0x00007ffdb18f4000 	C:\Users\grado\AppData\Local\Temp\lwjglgrado\3.2.3-build-13\lwjgl.dll
0x00007ffd84490000 - 0x00007ffd846e3000 	C:\Users\grado\AppData\Local\Temp\lwjglgrado\3.2.3-build-13\jemalloc.dll
0x00007ffd9ef50000 - 0x00007ffd9efb2000 	C:\Users\grado\AppData\Local\Temp\lwjglgrado\3.2.3-build-13\glfw.dll
0x00007ffdc0870000 - 0x00007ffdc090e000 	C:\Windows\system32\uxtheme.dll
0x00007ffdaacb0000 - 0x00007ffdaacf5000 	C:\Windows\SYSTEM32\dinput8.dll
0x00007ffdab4e0000 - 0x00007ffdab4f1000 	C:\Windows\SYSTEM32\xinput1_4.dll
0x00007ffdc3b20000 - 0x00007ffdc3b6e000 	C:\Windows\System32\cfgmgr32.dll
0x00007ffdc3160000 - 0x00007ffdc318c000 	C:\Windows\SYSTEM32\DEVOBJ.dll
0x00007ffdc0a00000 - 0x00007ffdc0a2f000 	C:\Windows\SYSTEM32\dwmapi.dll
0x00007ffda8c80000 - 0x00007ffda8dd2000 	C:\Windows\SYSTEM32\inputhost.dll
0x00007ffdc4d70000 - 0x00007ffdc4e3d000 	C:\Windows\System32\OLEAUT32.dll
0x00007ffdbfad0000 - 0x00007ffdbfc24000 	C:\Windows\SYSTEM32\wintypes.dll
0x00007ffdc0500000 - 0x00007ffdc05f2000 	C:\Windows\SYSTEM32\CoreMessaging.dll
0x00007ffdc01a0000 - 0x00007ffdc04fe000 	C:\Windows\SYSTEM32\CoreUIComponents.dll
0x00007ffdc20b0000 - 0x00007ffdc20e3000 	C:\Windows\SYSTEM32\ntmarta.dll
0x00007ffdbe990000 - 0x00007ffdbea86000 	C:\Windows\SYSTEM32\PROPSYS.dll
0x00007ffdc5750000 - 0x00007ffdc5865000 	C:\Windows\System32\MSCTF.dll
0x00007ffdc18f0000 - 0x00007ffdc18fd000 	C:\Windows\SYSTEM32\HID.DLL
0x00007ffdc4870000 - 0x00007ffdc4ce1000 	C:\Windows\System32\SETUPAPI.DLL
0x00007ffdc3c50000 - 0x00007ffdc3c77000 	C:\Windows\System32\bcrypt.dll
0x00007ffdc3c80000 - 0x00007ffdc3ce8000 	C:\Windows\System32\WINTRUST.dll
0x00007ffdc34b0000 - 0x00007ffdc3606000 	C:\Windows\System32\CRYPT32.dll
0x00007ffdc2fa0000 - 0x00007ffdc2fb2000 	C:\Windows\SYSTEM32\MSASN1.dll
0x00007ffd81e40000 - 0x00007ffd81f4b000 	C:\Users\grado\AppData\Local\Temp\lwjglgrado\3.2.3-build-13\OpenAL.dll
0x00007ffdc5400000 - 0x00007ffdc552a000 	C:\Windows\System32\ole32.dll
0x00007ffdc5350000 - 0x00007ffdc53f9000 	C:\Windows\System32\clbcatq.dll
0x00007ffdbb510000 - 0x00007ffdbb595000 	C:\Windows\System32\MMDevApi.dll
0x00007ffdbbda0000 - 0x00007ffdbbf22000 	C:\Windows\SYSTEM32\AUDIOSES.DLL
0x00007ffdc2930000 - 0x00007ffdc297b000 	C:\Windows\SYSTEM32\powrprof.dll
0x00007ffdc27f0000 - 0x00007ffdc2802000 	C:\Windows\SYSTEM32\UMPDC.dll
0x00007ffdc0a30000 - 0x00007ffdc0a44000 	C:\Windows\SYSTEM32\resourcepolicyclient.dll
0x00007ffd22910000 - 0x00007ffd22a36000 	C:\Windows\SYSTEM32\opengl32.dll
0x00007ffd228e0000 - 0x00007ffd2290c000 	C:\Windows\SYSTEM32\GLU32.dll
0x00007ffdbc2e0000 - 0x00007ffdbc3d7000 	C:\Windows\System32\AppXDeploymentClient.dll
0x00007ffda9250000 - 0x00007ffda927a000 	C:\Windows\System32\DriverStore\FileRepository\u0361612.inf_amd64_b679e02f70413f9f\B361368\atig6pxx.dll
0x00007ffd7dc80000 - 0x00007ffd80966000 	C:\Windows\System32\DriverStore\FileRepository\u0361612.inf_amd64_b679e02f70413f9f\B361368\atio6axx.dll
0x00007ffd86690000 - 0x00007ffd866b4000 	C:\Windows\SYSTEM32\dxva2.dll
0x00007ffdaaf80000 - 0x00007ffdaafbc000 	C:\Windows\System32\DriverStore\FileRepository\u0361612.inf_amd64_b679e02f70413f9f\B361368\atig6txx.dll
0x00007ffd81ab0000 - 0x00007ffd81c69000 	C:\Windows\SYSTEM32\atiadlxx.dll
0x00007ffdb9380000 - 0x00007ffdb93bb000 	C:\Windows\SYSTEM32\dxcore.dll
0x00007ffda3ef0000 - 0x00007ffda3f49000 	C:\Users\grado\AppData\Local\Temp\lwjglgrado\3.2.3-build-13\lwjgl_opengl.dll
0x00007ffda93b0000 - 0x00007ffda94a9000 	C:\Windows\SYSTEM32\textinputframework.dll
0x00007ffdab4c0000 - 0x00007ffdab4d1000 	C:\Program Files\Eclipse Adoptium\jdk-17.0.1.12-hotspot\bin\jsound.dll
0x00007ffd853c0000 - 0x00007ffd8545c000 	C:\Windows\SYSTEM32\DSOUND.dll
0x00007ffdb3710000 - 0x00007ffdb3736000 	C:\Windows\SYSTEM32\winmmbase.dll
0x00007ffda9b00000 - 0x00007ffda9b46000 	C:\Windows\SYSTEM32\wdmaud.drv
0x00007ffdbde60000 - 0x00007ffdbde69000 	C:\Windows\SYSTEM32\ksuser.dll
0x00007ffdbd880000 - 0x00007ffdbd88a000 	C:\Windows\SYSTEM32\AVRT.dll
0x00007ffdbc5b0000 - 0x00007ffdbc5bd000 	C:\Windows\SYSTEM32\msacm32.drv
0x00007ffdbc630000 - 0x00007ffdbc64e000 	C:\Windows\SYSTEM32\MSACM32.dll
0x00007ffdb6730000 - 0x00007ffdb673b000 	C:\Windows\SYSTEM32\midimap.dll
0x00007ffda8de0000 - 0x00007ffda8f21000 	C:\Windows\System32\Windows.UI.dll
0x00007ffdbd350000 - 0x00007ffdbd3f1000 	C:\Windows\System32\WindowManagementAPI.dll
0x00007ffdbca10000 - 0x00007ffdbcc11000 	C:\Windows\SYSTEM32\twinapi.appcore.dll

dbghelp: loaded successfully - version: 4.0.5 - missing functions: none
symbol engine: initialized successfully - sym options: 0x614 - pdb path: .;C:\Program Files\Eclipse Adoptium\jdk-17.0.1.12-hotspot\bin;C:\Windows\SYSTEM32;C:\Windows\WinSxS\amd64_microsoft.windows.common-controls_6595b64144ccf1df_6.0.19041.1110_none_60b5254171f9507e;C:\Program Files\Eclipse Adoptium\jdk-17.0.1.12-hotspot\bin\server;C:\Users\grado\AppData\Local\Temp\libgdxgrado\e1cd32f8;C:\Users\grado\AppData\Local\Temp\lwjglgrado\3.2.3-build-13;C:\Windows\System32\DriverStore\FileRepository\u0361612.inf_amd64_b679e02f70413f9f\B361368

VM Arguments:
jvm_args: -XX:+ShowCodeDetailsInExceptionMessages 
java_command: com.crazyputting3d.Main
java_class_path (initial): C:\Users\grado\Documents\Group-04\3dcrazyputting\desktop\bin\main;\CrazyPutting3D-core\bin\default;C:\Users\grado\Documents\Group-04\3dcrazyputting\core\bin\main;C:\Users\grado\.gradle\caches\modules-2\files-2.1\com.badlogicgames.gdx\gdx-backend-lwjgl3\1.10.0\600c7d5b2c977daa82c4abad147087b31e0ada87\gdx-backend-lwjgl3-1.10.0.jar;C:\Users\grado\.gradle\caches\modules-2\files-2.1\com.badlogicgames.gdx\gdx-platform\1.10.0\9a8fa793d2fd6d360afc6c9e4c1f5583da263b88\gdx-platform-1.10.0-natives-desktop.jar;C:\Users\grado\.gradle\caches\modules-2\files-2.1\com.badlogicgames.gdx\gdx-bullet-platform\1.10.0\ce92e8dfc762523d769cbc50853163c03bf98cf1\gdx-bullet-platform-1.10.0-natives-desktop.jar;C:\Users\grado\.gradle\caches\modules-2\files-2.1\com.badlogicgames.gdx\gdx-freetype-platform\1.10.0\6e5d28752759e69384f12e4569d2c884ff71352f\gdx-freetype-platform-1.10.0-natives-desktop.jar;C:\Users\grado\.gradle\caches\modules-2\files-2.1\com.badlogicgames.gdx-controllers\gdx-controllers-desktop\2.2.1\cb3430c32468a090eca54d494d16bb3764ceff9b\gdx-controllers-desktop-2.2.1.jar;C:\Users\grado\.gradle\caches\modules-2\files-2.1\org.jetbrains\annotations\20.1.0\2fcd1f3225bca0c4a7bc931142076f8c1e80993f\annotations-20.1.0.jar;C:\Users\grado\.gradle\caches\modules-2\files-2.1\com.badlogicgames.gdx\gdx-bullet\1.10.0\839b58c7278f5c3b55291c3a559d91227400ecdb\gdx-bullet-1.10.0.jar;C:\Users\grado\.gradle\caches\modules-2\files-2.1\com.badlogicgames.gdx\gdx-freetype\1.10.0\de1d0d5c1e92e8d91364256fd6b7bb279d3e9859\gdx-freetype-1.10.0.jar;C:\Users\grado\.gradle\caches\modules-2\files-2.1\com.badlogicgames.gdx\gdx-ai\1.8.2\ab75d2ce80ab1b1ce6828a15dc0f417abac4c674\gdx-ai-1.8.2.jar;C:\Users\grado\.gradle\caches\modules-2\files-2.1\com.badlogicgames.ashley\ashley\1.7.4\21a3a8932919099c4e5006a7d8378dcbe76ef8a5\ashley-1.7.4.jar;C:\Users\grado\.gradle\caches\modules-2\files-2.1\com.badlogicgames.box2dlights\box2dlights\1.5\6902dbcd250c95a27973aa24a147a95b3828d348\box2dlights-1.5.j
Launcher Type: SUN_STANDARD

[Global flags]
     intx CICompilerCount                          = 12                                        {product} {ergonomic}
     uint ConcGCThreads                            = 3                                         {product} {ergonomic}
     uint G1ConcRefinementThreads                  = 13                                        {product} {ergonomic}
   size_t G1HeapRegionSize                         = 2097152                                   {product} {ergonomic}
    uintx GCDrainStackTargetSize                   = 64                                        {product} {ergonomic}
   size_t InitialHeapSize                          = 257949696                                 {product} {ergonomic}
   size_t MarkStackSize                            = 4194304                                   {product} {ergonomic}
   size_t MaxHeapSize                              = 4127195136                                {product} {ergonomic}
   size_t MaxNewSize                               = 2474639360                                {product} {ergonomic}
   size_t MinHeapDeltaBytes                        = 2097152                                   {product} {ergonomic}
   size_t MinHeapSize                              = 8388608                                   {product} {ergonomic}
    uintx NonNMethodCodeHeapSize                   = 7602480                                {pd product} {ergonomic}
    uintx NonProfiledCodeHeapSize                  = 122027880                              {pd product} {ergonomic}
    uintx ProfiledCodeHeapSize                     = 122027880                              {pd product} {ergonomic}
    uintx ReservedCodeCacheSize                    = 251658240                              {pd product} {ergonomic}
     bool SegmentedCodeCache                       = true                                      {product} {ergonomic}
     bool ShowCodeDetailsInExceptionMessages       = true                                   {manageable} {command line}
   size_t SoftMaxHeapSize                          = 4127195136                             {manageable} {ergonomic}
     bool UseCompressedClassPointers               = true                           {product lp64_product} {ergonomic}
     bool UseCompressedOops                        = true                           {product lp64_product} {ergonomic}
     bool UseG1GC                                  = true                                      {product} {ergonomic}
     bool UseLargePagesIndividualAllocation        = false                                  {pd product} {ergonomic}

Logging:
Log output configuration:
 #0: stdout all=warning uptime,level,tags
 #1: stderr all=off uptime,level,tags

Environment Variables:
PATH=C:\Program Files\Common Files\Oracle\Java\javapath;C:\Windows\system32;C:\Windows;C:\Windows\System32\Wbem;C:\Windows\System32\WindowsPowerShell\v1.0\;C:\Windows\System32\OpenSSH\;C:\Program Files (x86)\NVIDIA Corporation\PhysX\Common;C:\Program Files\NVIDIA Corporation\NVIDIA NvDLISR;C:\Program Files\MATLAB\R2022a\bin;C:\Program Files\Gradle\gradle-7.4.2\bin;C:\Program Files\Git\cmd;C:\Users\grado\AppData\Local\Microsoft\WindowsApps;C:\Users\grado\AppData\Local\Programs\Microsoft VS Code\bin;C:\Users\grado\AppData\Local\GitHubDesktop\bin
USERNAME=grado
LANG=en_US.UTF-8
OS=Windows_NT
PROCESSOR_IDENTIFIER=AMD64 Family 23 Model 96 Stepping 1, AuthenticAMD



---------------  S Y S T E M  ---------------

OS:
 Windows 10 , 64 bit Build 19041 (10.0.19041.1706)
OS uptime: 11 days 16:44 hours

CPU: total 16 (initial active 16) (16 cores per cpu, 2 threads per core) family 23 model 96 stepping 1 microcode 0x0, cx8, cmov, fxsr, ht, mmx, 3dnowpref, sse, sse2, sse3, ssse3, sse4a, sse4.1, sse4.2, popcnt, lzcnt, tsc, tscinvbit, avx, avx2, aes, clmul, bmi1, bmi2, adx, sha, fma, vzeroupper, clflush, clflushopt

Memory: 4k page, system-wide physical 15741M (3697M free)
TotalPageFile size 23690M (AvailPageFile size 3939M)
current process WorkingSet (physical memory assigned to process): 404M, peak: 552M
current process commit charge ("private bytes"): 524M, peak: 695M

vm_info: OpenJDK 64-Bit Server VM (17.0.1+12) for windows-amd64 JRE (17.0.1+12), built on Oct 20 2021 07:42:55 by "" with MS VC++ 16.7 (VS2019)

END.
