#
# A fatal error has been detected by the Java Runtime Environment:
#
#  EXCEPTION_ACCESS_VIOLATION (0xc0000005) at pc=0x00000275c6270000, pid=17228, tid=17084
#
# JRE version: OpenJDK Runtime Environment Temurin-17.0.1+12 (17.0.1+12) (build 17.0.1+12)
# Java VM: OpenJDK 64-Bit Server VM Temurin-17.0.1+12 (17.0.1+12, mixed mode, sharing, tiered, compressed oops, compressed class ptrs, g1 gc, windows-amd64)
# Problematic frame:
# C  0x00000275c6270000
#
# No core dump will be written. Minidumps are not enabled by default on client versions of Windows
#
# If you would like to submit a bug report, please visit:
#   https://github.com/adoptium/adoptium-support/issues
# The crash happened outside the Java Virtual Machine in native code.
# See problematic frame for where to report the bug.
#

---------------  S U M M A R Y ------------

Command Line: -XX:+ShowCodeDetailsInExceptionMessages com.crazyputting3d.Main

Host: AMD Ryzen 7 4800H with Radeon Graphics         , 16 cores, 15G,  Windows 10 , 64 bit Build 19041 (10.0.19041.1706)
Time: Fri Jun 17 17:44:45 2022 Central European Daylight Time elapsed time: 21.522456 seconds (0d 0h 0m 21s)

---------------  T H R E A D  ---------------

Current thread (0x00000275c82842c0):  JavaThread "main" [_thread_in_native, id=17084, stack(0x000000ac20800000,0x000000ac20900000)]

Stack: [0x000000ac20800000,0x000000ac20900000],  sp=0x000000ac208feeb8,  free space=1019k
Native frames: (J=compiled Java code, j=interpreted, Vv=VM code, C=native code)
C  0x00000275c6270000

Java frames: (J=compiled Java code, j=interpreted, Vv=VM code)
J 1221  org.lwjgl.system.JNI.invokePV(JJ)V (0 bytes) @ 0x00000275d79547ec [0x00000275d79547a0+0x000000000000004c]
J 2010 c1 org.lwjgl.glfw.GLFW.glfwSwapBuffers(J)V (21 bytes) @ 0x00000275d0815bac [0x00000275d0815ac0+0x00000000000000ec]
j  com.badlogic.gdx.backends.lwjgl3.Lwjgl3Window.update()Z+196
j  com.badlogic.gdx.backends.lwjgl3.Lwjgl3Application.loop()V+111
j  com.badlogic.gdx.backends.lwjgl3.Lwjgl3Application.<init>(Lcom/badlogic/gdx/ApplicationListener;Lcom/badlogic/gdx/backends/lwjgl3/Lwjgl3ApplicationConfiguration;)V+243
j  com.crazyputting3d.Main.main([Ljava/lang/String;)V+41
v  ~StubRoutines::call_stub

siginfo: EXCEPTION_ACCESS_VIOLATION (0xc0000005), data execution prevention violation at address 0x00000275c6270000


Register to memory mapping:

RIP=0x00000275c6270000 is an unknown value
RAX=0x00000275c6270000 is an unknown value
RBX=0x0000000000010001 is an unknown value
RCX=0x0000000000010001 is an unknown value
RDX=0x000000ac208feef0 is pointing into the stack for thread: 0x00000275c82842c0
RSP=0x000000ac208feeb8 is pointing into the stack for thread: 0x00000275c82842c0
RBP=0x000000ac208fefc0 is pointing into the stack for thread: 0x00000275c82842c0
RSI=0x0000000000000110 is an unknown value
RDI=0x0000000000001907 is an unknown value
R8 =0x00000275ec909fb0 points into unknown readable memory: 0x00000275ef71d430 | 30 d4 71 ef 75 02 00 00
R9 =0x00007ffdb1951b50 glfw.dll
R10=0x00007ffdb19c1b10 lwjgl.dll
R11=0x000000ac208ff328 is pointing into the stack for thread: 0x00000275c82842c0
R12=0x0 is NULL
R13=0x000000ac208ff428 is pointing into the stack for thread: 0x00000275c82842c0
R14=0x000000ac208ff380 is pointing into the stack for thread: 0x00000275c82842c0
R15=0x00000275c82842c0 is a thread


Registers:
RAX=0x00000275c6270000, RBX=0x0000000000010001, RCX=0x0000000000010001, RDX=0x000000ac208feef0
RSP=0x000000ac208feeb8, RBP=0x000000ac208fefc0, RSI=0x0000000000000110, RDI=0x0000000000001907
R8 =0x00000275ec909fb0, R9 =0x00007ffdb1951b50, R10=0x00007ffdb19c1b10, R11=0x000000ac208ff328
R12=0x0000000000000000, R13=0x000000ac208ff428, R14=0x000000ac208ff380, R15=0x00000275c82842c0
RIP=0x00000275c6270000, EFLAGS=0x0000000000010206

Top of Stack: (sp=0x000000ac208feeb8)
0x000000ac208feeb8:   00007ffdb1951f7c 000000070a0dfa58
0x000000ac208feec8:   0000140600000002 0000000700000014
0x000000ac208feed8:   438c000041700000 000000070a0e2f18
0x000000ac208feee8:   00000275d06c157c 57464c4720656854
0x000000ac208feef8:   7972617262696c20 20746f6e20736920
0x000000ac208fef08:   696c616974696e69 000000ac0064657a
0x000000ac208fef18:   00007ffd831e5e62 00000000c82842c0
0x000000ac208fef28:   0000000000000000 00000000000001cc
0x000000ac208fef38:   00000275cfd594fe 0000000000000000
0x000000ac208fef48:   000000006e7020f4 00000275c8284568
0x000000ac208fef58:   00007ffd831e5481 000000070a0e2f18
0x000000ac208fef68:   00000275d06879fc 0000000000000003
0x000000ac208fef78:   000000070a0e2f38 000000070a0f6b28
0x000000ac208fef88:   00000275d794ea85 000000070a0e2f98
0x000000ac208fef98:   000000070a0dfa58 0000000000000002
0x000000ac208fefa8:   00007ffd22939d0a 000000ac208ff340 

Instructions: (pc=0x00000275c6270000)
0x00000275c626ff00:   ?? ?? ?? ?? ?? ?? ?? ?? ?? ?? ?? ?? ?? ?? ?? ??
0x00000275c626ff10:   ?? ?? ?? ?? ?? ?? ?? ?? ?? ?? ?? ?? ?? ?? ?? ??
0x00000275c626ff20:   ?? ?? ?? ?? ?? ?? ?? ?? ?? ?? ?? ?? ?? ?? ?? ??
0x00000275c626ff30:   ?? ?? ?? ?? ?? ?? ?? ?? ?? ?? ?? ?? ?? ?? ?? ??
0x00000275c626ff40:   ?? ?? ?? ?? ?? ?? ?? ?? ?? ?? ?? ?? ?? ?? ?? ??
0x00000275c626ff50:   ?? ?? ?? ?? ?? ?? ?? ?? ?? ?? ?? ?? ?? ?? ?? ??
0x00000275c626ff60:   ?? ?? ?? ?? ?? ?? ?? ?? ?? ?? ?? ?? ?? ?? ?? ??
0x00000275c626ff70:   ?? ?? ?? ?? ?? ?? ?? ?? ?? ?? ?? ?? ?? ?? ?? ??
0x00000275c626ff80:   ?? ?? ?? ?? ?? ?? ?? ?? ?? ?? ?? ?? ?? ?? ?? ??
0x00000275c626ff90:   ?? ?? ?? ?? ?? ?? ?? ?? ?? ?? ?? ?? ?? ?? ?? ??
0x00000275c626ffa0:   ?? ?? ?? ?? ?? ?? ?? ?? ?? ?? ?? ?? ?? ?? ?? ??
0x00000275c626ffb0:   ?? ?? ?? ?? ?? ?? ?? ?? ?? ?? ?? ?? ?? ?? ?? ??
0x00000275c626ffc0:   ?? ?? ?? ?? ?? ?? ?? ?? ?? ?? ?? ?? ?? ?? ?? ??
0x00000275c626ffd0:   ?? ?? ?? ?? ?? ?? ?? ?? ?? ?? ?? ?? ?? ?? ?? ??
0x00000275c626ffe0:   ?? ?? ?? ?? ?? ?? ?? ?? ?? ?? ?? ?? ?? ?? ?? ??
0x00000275c626fff0:   ?? ?? ?? ?? ?? ?? ?? ?? ?? ?? ?? ?? ?? ?? ?? ??
0x00000275c6270000:   ?? ?? ?? ?? ?? ?? ?? ?? ?? ?? ?? ?? ?? ?? ?? ??
0x00000275c6270010:   ?? ?? ?? ?? ?? ?? ?? ?? ?? ?? ?? ?? ?? ?? ?? ??
0x00000275c6270020:   ?? ?? ?? ?? ?? ?? ?? ?? ?? ?? ?? ?? ?? ?? ?? ??
0x00000275c6270030:   ?? ?? ?? ?? ?? ?? ?? ?? ?? ?? ?? ?? ?? ?? ?? ??
0x00000275c6270040:   ?? ?? ?? ?? ?? ?? ?? ?? ?? ?? ?? ?? ?? ?? ?? ??
0x00000275c6270050:   ?? ?? ?? ?? ?? ?? ?? ?? ?? ?? ?? ?? ?? ?? ?? ??
0x00000275c6270060:   ?? ?? ?? ?? ?? ?? ?? ?? ?? ?? ?? ?? ?? ?? ?? ??
0x00000275c6270070:   ?? ?? ?? ?? ?? ?? ?? ?? ?? ?? ?? ?? ?? ?? ?? ??
0x00000275c6270080:   ?? ?? ?? ?? ?? ?? ?? ?? ?? ?? ?? ?? ?? ?? ?? ??
0x00000275c6270090:   ?? ?? ?? ?? ?? ?? ?? ?? ?? ?? ?? ?? ?? ?? ?? ??
0x00000275c62700a0:   ?? ?? ?? ?? ?? ?? ?? ?? ?? ?? ?? ?? ?? ?? ?? ??
0x00000275c62700b0:   ?? ?? ?? ?? ?? ?? ?? ?? ?? ?? ?? ?? ?? ?? ?? ??
0x00000275c62700c0:   ?? ?? ?? ?? ?? ?? ?? ?? ?? ?? ?? ?? ?? ?? ?? ??
0x00000275c62700d0:   ?? ?? ?? ?? ?? ?? ?? ?? ?? ?? ?? ?? ?? ?? ?? ??
0x00000275c62700e0:   ?? ?? ?? ?? ?? ?? ?? ?? ?? ?? ?? ?? ?? ?? ?? ??
0x00000275c62700f0:   ?? ?? ?? ?? ?? ?? ?? ?? ?? ?? ?? ?? ?? ?? ?? ?? 


Stack slot to memory mapping:
stack at sp + 0 slots: 0x00007ffdb1951f7c glfw.dll
stack at sp + 1 slots: 0x000000070a0dfa58 is an oop: com.badlogic.gdx.backends.lwjgl3.Lwjgl3GL20 
{0x000000070a0dfa58} - klass: 'com/badlogic/gdx/backends/lwjgl3/Lwjgl3GL20'
 - ---- fields (total size 3 words):
 - private 'buffer' 'Ljava/nio/ByteBuffer;' @12  a 'java/nio/DirectByteBuffer'{0x0000000710e43668} (e21c86cd)
 - private 'floatBuffer' 'Ljava/nio/FloatBuffer;' @16  a 'java/nio/DirectFloatBufferU'{0x0000000710e436a8} (e21c86d5)
 - private 'intBuffer' 'Ljava/nio/IntBuffer;' @20  a 'java/nio/DirectIntBufferU'{0x0000000710e43630} (e21c86c6)
stack at sp + 2 slots: 0x0000140600000002 is an unknown value
stack at sp + 3 slots: 0x0000000700000014 is an unknown value
stack at sp + 4 slots: 0x438c000041700000 is an unknown value
stack at sp + 5 slots: 0x000000070a0e2f18 is an oop: com.badlogic.gdx.graphics.Mesh 
{0x000000070a0e2f18} - klass: 'com/badlogic/gdx/graphics/Mesh'
 - ---- fields (total size 4 words):
 - 'autoBind' 'Z' @12  true
 - final 'isVertexArray' 'Z' @13  true
 - 'isInstanced' 'Z' @14  false
 - final 'vertices' 'Lcom/badlogic/gdx/graphics/glutils/VertexData;' @16  a 'com/badlogic/gdx/graphics/glutils/VertexArray'{0x000000070a0e2f38} (e141c5e7)
 - final 'indices' 'Lcom/badlogic/gdx/graphics/glutils/IndexData;' @20  a 'com/badlogic/gdx/graphics/glutils/IndexArray'{0x000000070a0e30d0} (e141c61a)
 - 'instances' 'Lcom/badlogic/gdx/graphics/glutils/InstanceData;' @24  NULL (0)
 - private final 'tmpV' 'Lcom/badlogic/gdx/math/Vector3;' @28  a 'com/badlogic/gdx/math/Vector3'{0x000000070a0e3160} (e141c62c)
stack at sp + 6 slots: 0x00000275d06c157c is at entry_point+2172 in (nmethod*)0x00000275d06c0990
stack at sp + 7 slots: 0x57464c4720656854 is an unknown value


---------------  P R O C E S S  ---------------

Threads class SMR info:
_java_thread_list=0x00000275fd5f9490, length=22, elements={
0x00000275c82842c0, 0x00000275eb79bf90, 0x00000275eb7a0840, 0x00000275eb7b4c50,
0x00000275eb7b5e10, 0x00000275eb7b69d0, 0x00000275eb7bc4a0, 0x00000275eb7be070,
0x00000275eb7c8b50, 0x00000275ec110470, 0x00000275ec226210, 0x00000275ec22b770,
0x00000275ef770490, 0x00000275f74dd450, 0x00000275fd3369b0, 0x00000275fd5fb830,
0x00000275fd940030, 0x00000275fd322ee0, 0x00000275fd322540, 0x00000275fd324bc0,
0x00000275fd3233b0, 0x00000275fd323880
}

Java Threads: ( => current thread )
=>0x00000275c82842c0 JavaThread "main" [_thread_in_native, id=17084, stack(0x000000ac20800000,0x000000ac20900000)]
  0x00000275eb79bf90 JavaThread "Reference Handler" daemon [_thread_blocked, id=10348, stack(0x000000ac20f00000,0x000000ac21000000)]
  0x00000275eb7a0840 JavaThread "Finalizer" daemon [_thread_blocked, id=7800, stack(0x000000ac21000000,0x000000ac21100000)]
  0x00000275eb7b4c50 JavaThread "Signal Dispatcher" daemon [_thread_blocked, id=27320, stack(0x000000ac21100000,0x000000ac21200000)]
  0x00000275eb7b5e10 JavaThread "Attach Listener" daemon [_thread_blocked, id=14472, stack(0x000000ac21200000,0x000000ac21300000)]
  0x00000275eb7b69d0 JavaThread "Service Thread" daemon [_thread_blocked, id=19656, stack(0x000000ac21300000,0x000000ac21400000)]
  0x00000275eb7bc4a0 JavaThread "Monitor Deflation Thread" daemon [_thread_blocked, id=23772, stack(0x000000ac21400000,0x000000ac21500000)]
  0x00000275eb7be070 JavaThread "C2 CompilerThread0" daemon [_thread_blocked, id=2976, stack(0x000000ac21500000,0x000000ac21600000)]
  0x00000275eb7c8b50 JavaThread "C1 CompilerThread0" daemon [_thread_blocked, id=13456, stack(0x000000ac21600000,0x000000ac21700000)]
  0x00000275ec110470 JavaThread "Sweeper thread" daemon [_thread_blocked, id=19200, stack(0x000000ac21700000,0x000000ac21800000)]
  0x00000275ec226210 JavaThread "Notification Thread" daemon [_thread_blocked, id=18880, stack(0x000000ac21800000,0x000000ac21900000)]
  0x00000275ec22b770 JavaThread "Common-Cleaner" daemon [_thread_blocked, id=26480, stack(0x000000ac21a00000,0x000000ac21b00000)]
  0x00000275ef770490 JavaThread "LWJGL3 Timer" daemon [_thread_blocked, id=20336, stack(0x000000ac22400000,0x000000ac22500000)]
  0x00000275f74dd450 JavaThread "LWJGL3 Timer" daemon [_thread_blocked, id=17636, stack(0x000000ac23c00000,0x000000ac23d00000)]
  0x00000275fd3369b0 JavaThread "Java Sound Event Dispatcher" daemon [_thread_blocked, id=23144, stack(0x000000ac23d00000,0x000000ac23e00000)]
  0x00000275fd5fb830 JavaThread "Direct Clip" daemon [_thread_blocked, id=10916, stack(0x000000ac24000000,0x000000ac24100000)]
  0x00000275fd940030 JavaThread "Direct Clip" daemon [_thread_blocked, id=15672, stack(0x000000ac22b00000,0x000000ac22c00000)]
  0x00000275fd322ee0 JavaThread "Direct Clip" daemon [_thread_blocked, id=9480, stack(0x000000ac23300000,0x000000ac23400000)]
  0x00000275fd322540 JavaThread "Direct Clip" daemon [_thread_blocked, id=22288, stack(0x000000ac23000000,0x000000ac23100000)]
  0x00000275fd324bc0 JavaThread "Direct Clip" daemon [_thread_blocked, id=18476, stack(0x000000ac23400000,0x000000ac23500000)]
  0x00000275fd3233b0 JavaThread "Direct Clip" daemon [_thread_blocked, id=26300, stack(0x000000ac24200000,0x000000ac24300000)]
  0x00000275fd323880 JavaThread "Direct Clip" daemon [_thread_blocked, id=1980, stack(0x000000ac24300000,0x000000ac24400000)]

Other Threads:
  0x00000275eb795480 VMThread "VM Thread" [stack: 0x000000ac20e00000,0x000000ac20f00000] [id=19380]
  0x00000275ec227b00 WatcherThread [stack: 0x000000ac21900000,0x000000ac21a00000] [id=24756]
  0x00000275c82dc200 GCTaskThread "GC Thread#0" [stack: 0x000000ac20900000,0x000000ac20a00000] [id=21700]
  0x00000275ef588e10 GCTaskThread "GC Thread#1" [stack: 0x000000ac22500000,0x000000ac22600000] [id=24964]
  0x00000275ef58b910 GCTaskThread "GC Thread#2" [stack: 0x000000ac22600000,0x000000ac22700000] [id=7200]
  0x00000275ef58be70 GCTaskThread "GC Thread#3" [stack: 0x000000ac22700000,0x000000ac22800000] [id=2160]
  0x00000275ef588b60 GCTaskThread "GC Thread#4" [stack: 0x000000ac22800000,0x000000ac22900000] [id=3648]
  0x00000275ef58c3d0 GCTaskThread "GC Thread#5" [stack: 0x000000ac22900000,0x000000ac22a00000] [id=15872]
  0x00000275ef58c680 GCTaskThread "GC Thread#6" [stack: 0x000000ac22a00000,0x000000ac22b00000] [id=5292]
  0x00000275ef9abb70 GCTaskThread "GC Thread#7" [stack: 0x000000ac23500000,0x000000ac23600000] [id=10084]
  0x00000275c82ed750 ConcurrentGCThread "G1 Main Marker" [stack: 0x000000ac20a00000,0x000000ac20b00000] [id=17432]
  0x00000275c82ee160 ConcurrentGCThread "G1 Conc#0" [stack: 0x000000ac20b00000,0x000000ac20c00000] [id=9620]
  0x00000275eb6320c0 ConcurrentGCThread "G1 Refine#0" [stack: 0x000000ac20c00000,0x000000ac20d00000] [id=17528]
  0x00000275f726c9e0 ConcurrentGCThread "G1 Refine#1" [stack: 0x000000ac23600000,0x000000ac23700000] [id=19192]
  0x00000275f7158d30 ConcurrentGCThread "G1 Refine#2" [stack: 0x000000ac23700000,0x000000ac23800000] [id=26472]
  0x00000275f71314d0 ConcurrentGCThread "G1 Refine#3" [stack: 0x000000ac23800000,0x000000ac23900000] [id=24640]
  0x00000275f7133e40 ConcurrentGCThread "G1 Refine#4" [stack: 0x000000ac23900000,0x000000ac23a00000] [id=16096]
  0x00000275f74a2be0 ConcurrentGCThread "G1 Refine#5" [stack: 0x000000ac23a00000,0x000000ac23b00000] [id=21416]
  0x00000275f7317630 ConcurrentGCThread "G1 Refine#6" [stack: 0x000000ac23b00000,0x000000ac23c00000] [id=21444]
  0x00000275eb6329e0 ConcurrentGCThread "G1 Service" [stack: 0x000000ac20d00000,0x000000ac20e00000] [id=27372]

Threads with active compile tasks:

VM state: not at safepoint (normal execution)

VM Mutex/Monitor currently owned by a thread: None

Heap address: 0x000000070a000000, size: 3936 MB, Compressed Oops mode: Zero based, Oop shift amount: 3

CDS archive(s) mapped at: [0x0000000800000000-0x0000000800bc0000-0x0000000800bc0000), size 12320768, SharedBaseAddress: 0x0000000800000000, ArchiveRelocationMode: 0.
Compressed class space mapped at: 0x0000000800c00000-0x0000000840c00000, reserved size: 1073741824
Narrow klass base: 0x0000000800000000, Narrow klass shift: 0, Narrow klass range: 0x100000000

GC Precious Log:
 CPUs: 16 total, 16 available
 Memory: 15741M
 Large Page Support: Disabled
 NUMA Support: Disabled
 Compressed Oops: Enabled (Zero based)
 Heap Region Size: 2M
 Heap Min Capacity: 8M
 Heap Initial Capacity: 246M
 Heap Max Capacity: 3936M
 Pre-touch: Disabled
 Parallel Workers: 13
 Concurrent Workers: 3
 Concurrent Refinement Workers: 13
 Periodic GC: Disabled

Heap:
 garbage-first heap   total 251904K, used 117267K [0x000000070a000000, 0x0000000800000000)
  region size 2048K, 30 young (61440K), 3 survivors (6144K)
 Metaspace       used 10327K, committed 10496K, reserved 1064960K
  class space    used 729K, committed 832K, reserved 1048576K

Heap Regions: E=young(eden), S=young(survivor), O=old, HS=humongous(starts), HC=humongous(continues), CS=collection set, F=free, OA=open archive, CA=closed archive, TAMS=top-at-mark-start (previous, next)
|   0|0x000000070a000000, 0x000000070a200000, 0x000000070a200000|100%| O|  |TAMS 0x000000070a000000, 0x000000070a000000| Untracked 
|   1|0x000000070a200000, 0x000000070a400000, 0x000000070a400000|100%|HS|  |TAMS 0x000000070a200000, 0x000000070a200000| Complete 
|   2|0x000000070a400000, 0x000000070a600000, 0x000000070a600000|100%|HS|  |TAMS 0x000000070a400000, 0x000000070a400000| Complete 
|   3|0x000000070a600000, 0x000000070a800000, 0x000000070a800000|100%|HS|  |TAMS 0x000000070a600000, 0x000000070a600000| Complete 
|   4|0x000000070a800000, 0x000000070aa00000, 0x000000070aa00000|100%| O|  |TAMS 0x000000070a800000, 0x000000070a800000| Untracked 
|   5|0x000000070aa00000, 0x000000070ac00000, 0x000000070ac00000|100%| O|  |TAMS 0x000000070aa00000, 0x000000070aa00000| Untracked 
|   6|0x000000070ac00000, 0x000000070ae00000, 0x000000070ae00000|100%| O|  |TAMS 0x000000070ac00000, 0x000000070ac00000| Untracked 
|   7|0x000000070ae00000, 0x000000070b000000, 0x000000070b000000|100%| O|  |TAMS 0x000000070ae00000, 0x000000070ae00000| Untracked 
|   8|0x000000070b000000, 0x000000070b200000, 0x000000070b200000|100%| O|  |TAMS 0x000000070b000000, 0x000000070b000000| Untracked 
|   9|0x000000070b200000, 0x000000070b400000, 0x000000070b400000|100%| O|  |TAMS 0x000000070b200000, 0x000000070b200000| Untracked 
|  10|0x000000070b400000, 0x000000070b600000, 0x000000070b600000|100%| O|  |TAMS 0x000000070b400000, 0x000000070b400000| Untracked 
|  11|0x000000070b600000, 0x000000070b647c00, 0x000000070b800000| 14%| O|  |TAMS 0x000000070b600000, 0x000000070b600000| Untracked 
|  12|0x000000070b800000, 0x000000070ba00000, 0x000000070ba00000|100%|HS|  |TAMS 0x000000070b800000, 0x000000070b800000| Complete 
|  13|0x000000070ba00000, 0x000000070bc00000, 0x000000070bc00000|100%|HS|  |TAMS 0x000000070ba00000, 0x000000070ba00000| Complete 
|  14|0x000000070bc00000, 0x000000070be00000, 0x000000070be00000|100%|HS|  |TAMS 0x000000070bc00000, 0x000000070bc00000| Complete 
|  15|0x000000070be00000, 0x000000070c000000, 0x000000070c000000|100%|HS|  |TAMS 0x000000070be00000, 0x000000070be00000| Complete 
|  16|0x000000070c000000, 0x000000070c200000, 0x000000070c200000|100%|HS|  |TAMS 0x000000070c000000, 0x000000070c000000| Complete 
|  17|0x000000070c200000, 0x000000070c400000, 0x000000070c400000|100%|HS|  |TAMS 0x000000070c200000, 0x000000070c200000| Complete 
|  18|0x000000070c400000, 0x000000070c600000, 0x000000070c600000|100%|HS|  |TAMS 0x000000070c400000, 0x000000070c400000| Complete 
|  19|0x000000070c600000, 0x000000070c800000, 0x000000070c800000|100%|HS|  |TAMS 0x000000070c600000, 0x000000070c600000| Complete 
|  20|0x000000070c800000, 0x000000070ca00000, 0x000000070ca00000|100%|HS|  |TAMS 0x000000070c800000, 0x000000070c800000| Complete 
|  21|0x000000070ca00000, 0x000000070cc00000, 0x000000070cc00000|100%|HS|  |TAMS 0x000000070ca00000, 0x000000070ca00000| Complete 
|  22|0x000000070cc00000, 0x000000070ce00000, 0x000000070ce00000|100%|HS|  |TAMS 0x000000070cc00000, 0x000000070cc00000| Complete 
|  23|0x000000070ce00000, 0x000000070d000000, 0x000000070d000000|100%|HS|  |TAMS 0x000000070ce00000, 0x000000070ce00000| Complete 
|  24|0x000000070d000000, 0x000000070d200000, 0x000000070d200000|100%|HS|  |TAMS 0x000000070d000000, 0x000000070d000000| Complete 
|  25|0x000000070d200000, 0x000000070d400000, 0x000000070d400000|100%|HS|  |TAMS 0x000000070d200000, 0x000000070d200000| Complete 
|  26|0x000000070d400000, 0x000000070d600000, 0x000000070d600000|100%|HS|  |TAMS 0x000000070d400000, 0x000000070d400000| Complete 
|  27|0x000000070d600000, 0x000000070d800000, 0x000000070d800000|100%|HS|  |TAMS 0x000000070d600000, 0x000000070d600000| Complete 
|  28|0x000000070d800000, 0x000000070da00000, 0x000000070da00000|100%|HS|  |TAMS 0x000000070d800000, 0x000000070d800000| Complete 
|  29|0x000000070da00000, 0x000000070dc00000, 0x000000070dc00000|100%|HS|  |TAMS 0x000000070da00000, 0x000000070da00000| Complete 
|  30|0x000000070dc00000, 0x000000070dc00000, 0x000000070de00000|  0%| F|  |TAMS 0x000000070dc00000, 0x000000070dc00000| Untracked 
|  31|0x000000070de00000, 0x000000070de00000, 0x000000070e000000|  0%| F|  |TAMS 0x000000070de00000, 0x000000070de00000| Untracked 
|  32|0x000000070e000000, 0x000000070e000000, 0x000000070e200000|  0%| F|  |TAMS 0x000000070e000000, 0x000000070e000000| Untracked 
|  33|0x000000070e200000, 0x000000070e200000, 0x000000070e400000|  0%| F|  |TAMS 0x000000070e200000, 0x000000070e200000| Untracked 
|  34|0x000000070e400000, 0x000000070e400000, 0x000000070e600000|  0%| F|  |TAMS 0x000000070e400000, 0x000000070e400000| Untracked 
|  35|0x000000070e600000, 0x000000070e600000, 0x000000070e800000|  0%| F|  |TAMS 0x000000070e600000, 0x000000070e600000| Untracked 
|  36|0x000000070e800000, 0x000000070e800000, 0x000000070ea00000|  0%| F|  |TAMS 0x000000070e800000, 0x000000070e800000| Untracked 
|  37|0x000000070ea00000, 0x000000070ea00000, 0x000000070ec00000|  0%| F|  |TAMS 0x000000070ea00000, 0x000000070ea00000| Untracked 
|  38|0x000000070ec00000, 0x000000070ec00000, 0x000000070ee00000|  0%| F|  |TAMS 0x000000070ec00000, 0x000000070ec00000| Untracked 
|  39|0x000000070ee00000, 0x000000070ee00000, 0x000000070f000000|  0%| F|  |TAMS 0x000000070ee00000, 0x000000070ee00000| Untracked 
|  40|0x000000070f000000, 0x000000070f000000, 0x000000070f200000|  0%| F|  |TAMS 0x000000070f000000, 0x000000070f000000| Untracked 
|  41|0x000000070f200000, 0x000000070f200000, 0x000000070f400000|  0%| F|  |TAMS 0x000000070f200000, 0x000000070f200000| Untracked 
|  42|0x000000070f400000, 0x000000070f400000, 0x000000070f600000|  0%| F|  |TAMS 0x000000070f400000, 0x000000070f400000| Untracked 
|  43|0x000000070f600000, 0x000000070f600000, 0x000000070f800000|  0%| F|  |TAMS 0x000000070f600000, 0x000000070f600000| Untracked 
|  44|0x000000070f800000, 0x000000070f800000, 0x000000070fa00000|  0%| F|  |TAMS 0x000000070f800000, 0x000000070f800000| Untracked 
|  45|0x000000070fa00000, 0x000000070fa00000, 0x000000070fc00000|  0%| F|  |TAMS 0x000000070fa00000, 0x000000070fa00000| Untracked 
|  46|0x000000070fc00000, 0x000000070fc00000, 0x000000070fe00000|  0%| F|  |TAMS 0x000000070fc00000, 0x000000070fc00000| Untracked 
|  47|0x000000070fe00000, 0x000000070fe00000, 0x0000000710000000|  0%| F|  |TAMS 0x000000070fe00000, 0x000000070fe00000| Untracked 
|  48|0x0000000710000000, 0x0000000710000000, 0x0000000710200000|  0%| F|  |TAMS 0x0000000710000000, 0x0000000710000000| Untracked 
|  49|0x0000000710200000, 0x0000000710200000, 0x0000000710400000|  0%| F|  |TAMS 0x0000000710200000, 0x0000000710200000| Untracked 
|  50|0x0000000710400000, 0x0000000710400000, 0x0000000710600000|  0%| F|  |TAMS 0x0000000710400000, 0x0000000710400000| Untracked 
|  51|0x0000000710600000, 0x0000000710600000, 0x0000000710800000|  0%| F|  |TAMS 0x0000000710600000, 0x0000000710600000| Untracked 
|  52|0x0000000710800000, 0x0000000710800000, 0x0000000710a00000|  0%| F|  |TAMS 0x0000000710800000, 0x0000000710800000| Untracked 
|  53|0x0000000710a00000, 0x0000000710a3d3c0, 0x0000000710c00000| 11%| S|CS|TAMS 0x0000000710a00000, 0x0000000710a00000| Complete 
|  54|0x0000000710c00000, 0x0000000710e00000, 0x0000000710e00000|100%| S|CS|TAMS 0x0000000710c00000, 0x0000000710c00000| Complete 
|  55|0x0000000710e00000, 0x0000000711000000, 0x0000000711000000|100%| S|CS|TAMS 0x0000000710e00000, 0x0000000710e00000| Complete 
|  56|0x0000000711000000, 0x0000000711000000, 0x0000000711200000|  0%| F|  |TAMS 0x0000000711000000, 0x0000000711000000| Untracked 
|  57|0x0000000711200000, 0x0000000711200000, 0x0000000711400000|  0%| F|  |TAMS 0x0000000711200000, 0x0000000711200000| Untracked 
|  58|0x0000000711400000, 0x0000000711400000, 0x0000000711600000|  0%| F|  |TAMS 0x0000000711400000, 0x0000000711400000| Untracked 
|  59|0x0000000711600000, 0x0000000711600000, 0x0000000711800000|  0%| F|  |TAMS 0x0000000711600000, 0x0000000711600000| Untracked 
|  60|0x0000000711800000, 0x0000000711800000, 0x0000000711a00000|  0%| F|  |TAMS 0x0000000711800000, 0x0000000711800000| Untracked 
|  61|0x0000000711a00000, 0x0000000711a00000, 0x0000000711c00000|  0%| F|  |TAMS 0x0000000711a00000, 0x0000000711a00000| Untracked 
|  62|0x0000000711c00000, 0x0000000711c00000, 0x0000000711e00000|  0%| F|  |TAMS 0x0000000711c00000, 0x0000000711c00000| Untracked 
|  63|0x0000000711e00000, 0x0000000711e00000, 0x0000000712000000|  0%| F|  |TAMS 0x0000000711e00000, 0x0000000711e00000| Untracked 
|  64|0x0000000712000000, 0x0000000712000000, 0x0000000712200000|  0%| F|  |TAMS 0x0000000712000000, 0x0000000712000000| Untracked 
|  65|0x0000000712200000, 0x0000000712200000, 0x0000000712400000|  0%| F|  |TAMS 0x0000000712200000, 0x0000000712200000| Untracked 
|  66|0x0000000712400000, 0x0000000712400000, 0x0000000712600000|  0%| F|  |TAMS 0x0000000712400000, 0x0000000712400000| Untracked 
|  67|0x0000000712600000, 0x0000000712600000, 0x0000000712800000|  0%| F|  |TAMS 0x0000000712600000, 0x0000000712600000| Untracked 
|  68|0x0000000712800000, 0x0000000712800000, 0x0000000712a00000|  0%| F|  |TAMS 0x0000000712800000, 0x0000000712800000| Untracked 
|  69|0x0000000712a00000, 0x0000000712a00000, 0x0000000712c00000|  0%| F|  |TAMS 0x0000000712a00000, 0x0000000712a00000| Untracked 
|  70|0x0000000712c00000, 0x0000000712c00000, 0x0000000712e00000|  0%| F|  |TAMS 0x0000000712c00000, 0x0000000712c00000| Untracked 
|  71|0x0000000712e00000, 0x0000000712e00000, 0x0000000713000000|  0%| F|  |TAMS 0x0000000712e00000, 0x0000000712e00000| Untracked 
|  72|0x0000000713000000, 0x0000000713000000, 0x0000000713200000|  0%| F|  |TAMS 0x0000000713000000, 0x0000000713000000| Untracked 
|  73|0x0000000713200000, 0x0000000713200000, 0x0000000713400000|  0%| F|  |TAMS 0x0000000713200000, 0x0000000713200000| Untracked 
|  74|0x0000000713400000, 0x0000000713400000, 0x0000000713600000|  0%| F|  |TAMS 0x0000000713400000, 0x0000000713400000| Untracked 
|  75|0x0000000713600000, 0x0000000713600000, 0x0000000713800000|  0%| F|  |TAMS 0x0000000713600000, 0x0000000713600000| Untracked 
|  76|0x0000000713800000, 0x0000000713800000, 0x0000000713a00000|  0%| F|  |TAMS 0x0000000713800000, 0x0000000713800000| Untracked 
|  77|0x0000000713a00000, 0x0000000713a00000, 0x0000000713c00000|  0%| F|  |TAMS 0x0000000713a00000, 0x0000000713a00000| Untracked 
|  78|0x0000000713c00000, 0x0000000713c00000, 0x0000000713e00000|  0%| F|  |TAMS 0x0000000713c00000, 0x0000000713c00000| Untracked 
|  79|0x0000000713e00000, 0x0000000713e00000, 0x0000000714000000|  0%| F|  |TAMS 0x0000000713e00000, 0x0000000713e00000| Untracked 
|  80|0x0000000714000000, 0x0000000714000000, 0x0000000714200000|  0%| F|  |TAMS 0x0000000714000000, 0x0000000714000000| Untracked 
|  81|0x0000000714200000, 0x0000000714200000, 0x0000000714400000|  0%| F|  |TAMS 0x0000000714200000, 0x0000000714200000| Untracked 
|  82|0x0000000714400000, 0x0000000714400000, 0x0000000714600000|  0%| F|  |TAMS 0x0000000714400000, 0x0000000714400000| Untracked 
|  83|0x0000000714600000, 0x0000000714600000, 0x0000000714800000|  0%| F|  |TAMS 0x0000000714600000, 0x0000000714600000| Untracked 
|  84|0x0000000714800000, 0x0000000714800000, 0x0000000714a00000|  0%| F|  |TAMS 0x0000000714800000, 0x0000000714800000| Untracked 
|  85|0x0000000714a00000, 0x0000000714a00000, 0x0000000714c00000|  0%| F|  |TAMS 0x0000000714a00000, 0x0000000714a00000| Untracked 
|  86|0x0000000714c00000, 0x0000000714c00000, 0x0000000714e00000|  0%| F|  |TAMS 0x0000000714c00000, 0x0000000714c00000| Untracked 
|  87|0x0000000714e00000, 0x0000000714e00000, 0x0000000715000000|  0%| F|  |TAMS 0x0000000714e00000, 0x0000000714e00000| Untracked 
|  88|0x0000000715000000, 0x0000000715000000, 0x0000000715200000|  0%| F|  |TAMS 0x0000000715000000, 0x0000000715000000| Untracked 
|  89|0x0000000715200000, 0x0000000715200000, 0x0000000715400000|  0%| F|  |TAMS 0x0000000715200000, 0x0000000715200000| Untracked 
|  90|0x0000000715400000, 0x0000000715400000, 0x0000000715600000|  0%| F|  |TAMS 0x0000000715400000, 0x0000000715400000| Untracked 
|  91|0x0000000715600000, 0x0000000715600000, 0x0000000715800000|  0%| F|  |TAMS 0x0000000715600000, 0x0000000715600000| Untracked 
|  92|0x0000000715800000, 0x0000000715800000, 0x0000000715a00000|  0%| F|  |TAMS 0x0000000715800000, 0x0000000715800000| Untracked 
|  93|0x0000000715a00000, 0x0000000715a00000, 0x0000000715c00000|  0%| F|  |TAMS 0x0000000715a00000, 0x0000000715a00000| Untracked 
|  94|0x0000000715c00000, 0x0000000715c00000, 0x0000000715e00000|  0%| F|  |TAMS 0x0000000715c00000, 0x0000000715c00000| Untracked 
|  95|0x0000000715e00000, 0x0000000715e00000, 0x0000000716000000|  0%| F|  |TAMS 0x0000000715e00000, 0x0000000715e00000| Untracked 
|  96|0x0000000716000000, 0x0000000716100800, 0x0000000716200000| 50%| E|  |TAMS 0x0000000716000000, 0x0000000716000000| Complete 
|  97|0x0000000716200000, 0x0000000716400000, 0x0000000716400000|100%| E|CS|TAMS 0x0000000716200000, 0x0000000716200000| Complete 
|  98|0x0000000716400000, 0x0000000716600000, 0x0000000716600000|100%| E|CS|TAMS 0x0000000716400000, 0x0000000716400000| Complete 
|  99|0x0000000716600000, 0x0000000716800000, 0x0000000716800000|100%| E|CS|TAMS 0x0000000716600000, 0x0000000716600000| Complete 
| 100|0x0000000716800000, 0x0000000716a00000, 0x0000000716a00000|100%| E|CS|TAMS 0x0000000716800000, 0x0000000716800000| Complete 
| 101|0x0000000716a00000, 0x0000000716c00000, 0x0000000716c00000|100%| E|CS|TAMS 0x0000000716a00000, 0x0000000716a00000| Complete 
| 102|0x0000000716c00000, 0x0000000716e00000, 0x0000000716e00000|100%| E|CS|TAMS 0x0000000716c00000, 0x0000000716c00000| Complete 
| 103|0x0000000716e00000, 0x0000000717000000, 0x0000000717000000|100%| E|CS|TAMS 0x0000000716e00000, 0x0000000716e00000| Complete 
| 104|0x0000000717000000, 0x0000000717200000, 0x0000000717200000|100%| E|CS|TAMS 0x0000000717000000, 0x0000000717000000| Complete 
| 105|0x0000000717200000, 0x0000000717400000, 0x0000000717400000|100%| E|CS|TAMS 0x0000000717200000, 0x0000000717200000| Complete 
| 106|0x0000000717400000, 0x0000000717600000, 0x0000000717600000|100%| E|CS|TAMS 0x0000000717400000, 0x0000000717400000| Complete 
| 107|0x0000000717600000, 0x0000000717800000, 0x0000000717800000|100%| E|CS|TAMS 0x0000000717600000, 0x0000000717600000| Complete 
| 108|0x0000000717800000, 0x0000000717a00000, 0x0000000717a00000|100%| E|CS|TAMS 0x0000000717800000, 0x0000000717800000| Complete 
| 109|0x0000000717a00000, 0x0000000717c00000, 0x0000000717c00000|100%| E|CS|TAMS 0x0000000717a00000, 0x0000000717a00000| Complete 
| 110|0x0000000717c00000, 0x0000000717e00000, 0x0000000717e00000|100%| E|CS|TAMS 0x0000000717c00000, 0x0000000717c00000| Complete 
| 111|0x0000000717e00000, 0x0000000718000000, 0x0000000718000000|100%| E|CS|TAMS 0x0000000717e00000, 0x0000000717e00000| Complete 
| 112|0x0000000718000000, 0x0000000718200000, 0x0000000718200000|100%| E|CS|TAMS 0x0000000718000000, 0x0000000718000000| Complete 
| 113|0x0000000718200000, 0x0000000718400000, 0x0000000718400000|100%| E|CS|TAMS 0x0000000718200000, 0x0000000718200000| Complete 
| 114|0x0000000718400000, 0x0000000718600000, 0x0000000718600000|100%| E|CS|TAMS 0x0000000718400000, 0x0000000718400000| Complete 
| 115|0x0000000718600000, 0x0000000718800000, 0x0000000718800000|100%| E|CS|TAMS 0x0000000718600000, 0x0000000718600000| Complete 
| 116|0x0000000718800000, 0x0000000718a00000, 0x0000000718a00000|100%| E|CS|TAMS 0x0000000718800000, 0x0000000718800000| Complete 
| 117|0x0000000718a00000, 0x0000000718c00000, 0x0000000718c00000|100%| E|CS|TAMS 0x0000000718a00000, 0x0000000718a00000| Complete 
| 118|0x0000000718c00000, 0x0000000718e00000, 0x0000000718e00000|100%| E|CS|TAMS 0x0000000718c00000, 0x0000000718c00000| Complete 
| 119|0x0000000718e00000, 0x0000000719000000, 0x0000000719000000|100%| E|CS|TAMS 0x0000000718e00000, 0x0000000718e00000| Complete 
| 120|0x0000000719000000, 0x0000000719200000, 0x0000000719200000|100%| E|CS|TAMS 0x0000000719000000, 0x0000000719000000| Complete 
| 121|0x0000000719200000, 0x0000000719400000, 0x0000000719400000|100%| E|CS|TAMS 0x0000000719200000, 0x0000000719200000| Complete 
| 122|0x0000000719400000, 0x0000000719600000, 0x0000000719600000|100%| E|CS|TAMS 0x0000000719400000, 0x0000000719400000| Complete 

Card table byte_map: [0x00000275dfd80000,0x00000275e0530000] _byte_map_base: 0x00000275dc530000

Marking Bits (Prev, Next): (CMBitMap*) 0x00000275c82dd820, (CMBitMap*) 0x00000275c82dd860
 Prev Bits: [0x00000275e0ce0000, 0x00000275e4a60000)
 Next Bits: [0x00000275e4a60000, 0x00000275e87e0000)

Polling page: 0x00000275c61f0000

Metaspace:

Usage:
  Non-class:      9.37 MB used.
      Class:    729.76 KB used.
       Both:     10.09 MB used.

Virtual space:
  Non-class space:       16.00 MB reserved,       9.44 MB ( 59%) committed,  2 nodes.
      Class space:        1.00 GB reserved,     832.00 KB ( <1%) committed,  1 nodes.
             Both:        1.02 GB reserved,      10.25 MB ( <1%) committed. 

Chunk freelists:
   Non-Class:  640.00 KB
       Class:  3.17 MB
        Both:  3.80 MB

MaxMetaspaceSize: unlimited
CompressedClassSpaceSize: 1.00 GB
Initial GC threshold: 21.00 MB
Current GC threshold: 21.00 MB
CDS: on
MetaspaceReclaimPolicy: balanced
 - commit_granule_bytes: 65536.
 - commit_granule_words: 8192.
 - virtual_space_node_default_size: 1048576.
 - enlarge_chunks_in_place: 1.
 - new_chunks_are_fully_committed: 0.
 - uncommit_free_chunks: 1.
 - use_allocation_guard: 0.
 - handle_deallocations: 1.


Internal statistics:

num_allocs_failed_limit: 0.
num_arena_births: 44.
num_arena_deaths: 0.
num_vsnodes_births: 3.
num_vsnodes_deaths: 0.
num_space_committed: 162.
num_space_uncommitted: 0.
num_chunks_returned_to_freelist: 0.
num_chunks_taken_from_freelist: 323.
num_chunk_merges: 0.
num_chunk_splits: 275.
num_chunks_enlarged: 250.
num_purges: 0.
num_inconsistent_stats: 0.

CodeHeap 'non-profiled nmethods': size=119168Kb used=1976Kb max_used=1976Kb free=117191Kb
 bounds [0x00000275d78f0000, 0x00000275d7b60000, 0x00000275ded50000]
CodeHeap 'profiled nmethods': size=119104Kb used=4149Kb max_used=4149Kb free=114954Kb
 bounds [0x00000275d04a0000, 0x00000275d08b0000, 0x00000275d78f0000]
CodeHeap 'non-nmethods': size=7488Kb used=1662Kb max_used=3396Kb free=5825Kb
 bounds [0x00000275cfd50000, 0x00000275d00b0000, 0x00000275d04a0000]
 total_blobs=3453 nmethods=2345 adapters=1021
 compilation: enabled
              stopped_count=0, restarted_count=0
 full_count=0

Compilation events (20 events):
Event: 17.981 Thread 0x00000275eb7c8b50 2337       3       com.sun.media.sound.RIFFReader::read (53 bytes)
Event: 17.982 Thread 0x00000275eb7c8b50 nmethod 2337 0x00000275d08ad010 code [0x00000275d08ad1c0, 0x00000275d08ad4c8]
Event: 17.982 Thread 0x00000275eb7c8b50 2338       1       javax.sound.sampled.AudioFormat::getFrameRate (5 bytes)
Event: 17.982 Thread 0x00000275eb7c8b50 nmethod 2338 0x00000275d7ad7e10 code [0x00000275d7ad7fa0, 0x00000275d7ad8078]
Event: 18.841 Thread 0x00000275eb7be070 2340       4       java.util.regex.Pattern$BmpCharProperty::match (55 bytes)
Event: 18.843 Thread 0x00000275eb7be070 nmethod 2340 0x00000275d7ad8510 code [0x00000275d7ad86c0, 0x00000275d7ad8928]
Event: 18.905 Thread 0x00000275eb7be070 2341       4       java.util.Locale::equals (75 bytes)
Event: 18.905 Thread 0x00000275eb7be070 nmethod 2341 0x00000275d7ad8c10 code [0x00000275d7ad8d80, 0x00000275d7ad8e18]
Event: 18.989 Thread 0x00000275eb7be070 2342       4       java.util.regex.CharPredicates$$Lambda$20/0x800000029::is (5 bytes)
Event: 18.989 Thread 0x00000275eb7be070 nmethod 2342 0x00000275d7ad8f10 code [0x00000275d7ad9080, 0x00000275d7ad9138]
Event: 19.130 Thread 0x00000275eb7be070 2344       4       com.badlogic.gdx.graphics.g3d.utils.DefaultTextureBinder::begin (38 bytes)
Event: 19.132 Thread 0x00000275eb7be070 nmethod 2344 0x00000275d7ad9610 code [0x00000275d7ad9780, 0x00000275d7ad9a78]
Event: 19.178 Thread 0x00000275eb7be070 2345       4       com.badlogic.gdx.AbstractInput::isKeyPressed (38 bytes)
Event: 19.179 Thread 0x00000275eb7be070 nmethod 2345 0x00000275d7ad9b90 code [0x00000275d7ad9d00, 0x00000275d7ad9df8]
Event: 19.396 Thread 0x00000275eb7c8b50 2346       1       com.badlogic.gdx.InputAdapter::keyTyped (2 bytes)
Event: 19.396 Thread 0x00000275eb7c8b50 nmethod 2346 0x00000275d7ad9f10 code [0x00000275d7ada0a0, 0x00000275d7ada178]
Event: 19.778 Thread 0x00000275eb7c8b50 2347       1       com.sun.media.sound.AbstractDataLine::getFormat (5 bytes)
Event: 19.778 Thread 0x00000275eb7c8b50 nmethod 2347 0x00000275d7ada210 code [0x00000275d7ada3a0, 0x00000275d7ada478]
Event: 20.259 Thread 0x00000275eb7be070 2348       4       com.badlogic.gdx.graphics.g3d.utils.MeshBuilder::rect (31 bytes)
Event: 20.286 Thread 0x00000275eb7be070 nmethod 2348 0x00000275d7ada510 code [0x00000275d7ada7c0, 0x00000275d7adcb70]

GC Heap History (8 events):
Event: 2.028 GC heap before
{Heap before GC invocations=0 (full 0):
 garbage-first heap   total 251904K, used 22528K [0x000000070a000000, 0x0000000800000000)
  region size 2048K, 11 young (22528K), 0 survivors (0K)
 Metaspace       used 7237K, committed 7360K, reserved 1064960K
  class space    used 444K, committed 512K, reserved 1048576K
}
Event: 2.031 GC heap after
{Heap after GC invocations=1 (full 0):
 garbage-first heap   total 251904K, used 2557K [0x000000070a000000, 0x0000000800000000)
  region size 2048K, 2 young (4096K), 2 survivors (4096K)
 Metaspace       used 7237K, committed 7360K, reserved 1064960K
  class space    used 444K, committed 512K, reserved 1048576K
}
Event: 3.864 GC heap before
{Heap before GC invocations=1 (full 0):
 garbage-first heap   total 251904K, used 41469K [0x000000070a000000, 0x0000000800000000)
  region size 2048K, 17 young (34816K), 2 survivors (4096K)
 Metaspace       used 9570K, committed 9728K, reserved 1064960K
  class space    used 673K, committed 704K, reserved 1048576K
}
Event: 3.871 GC heap after
{Heap after GC invocations=2 (full 0):
 garbage-first heap   total 251904K, used 22228K [0x000000070a000000, 0x0000000800000000)
  region size 2048K, 3 young (6144K), 3 survivors (6144K)
 Metaspace       used 9570K, committed 9728K, reserved 1064960K
  class space    used 673K, committed 704K, reserved 1048576K
}
Event: 4.486 GC heap before
{Heap before GC invocations=2 (full 0):
 garbage-first heap   total 251904K, used 28372K [0x000000070a000000, 0x0000000800000000)
  region size 2048K, 6 young (12288K), 3 survivors (6144K)
 Metaspace       used 9774K, committed 9856K, reserved 1064960K
  class space    used 678K, committed 704K, reserved 1048576K
}
Event: 4.492 GC heap after
{Heap after GC invocations=3 (full 0):
 garbage-first heap   total 251904K, used 23754K [0x000000070a000000, 0x0000000800000000)
  region size 2048K, 1 young (2048K), 1 survivors (2048K)
 Metaspace       used 9774K, committed 9856K, reserved 1064960K
  class space    used 678K, committed 704K, reserved 1048576K
}
Event: 16.790 GC heap before
{Heap before GC invocations=3 (full 0):
 garbage-first heap   total 251904K, used 171210K [0x000000070a000000, 0x0000000800000000)
  region size 2048K, 67 young (137216K), 1 survivors (2048K)
 Metaspace       used 10309K, committed 10432K, reserved 1064960K
  class space    used 728K, committed 768K, reserved 1048576K
}
Event: 16.793 GC heap after
{Heap after GC invocations=4 (full 0):
 garbage-first heap   total 251904K, used 39443K [0x000000070a000000, 0x0000000800000000)
  region size 2048K, 3 young (6144K), 3 survivors (6144K)
 Metaspace       used 10309K, committed 10432K, reserved 1064960K
  class space    used 728K, committed 768K, reserved 1048576K
}

Deoptimization events (20 events):
Event: 14.480 Thread 0x00000275c82842c0 DEOPT PACKING pc=0x00000275d08a2f91 sp=0x000000ac208fed70
Event: 14.480 Thread 0x00000275c82842c0 DEOPT UNPACKING pc=0x00000275cfda2b43 sp=0x000000ac208fe268 mode 0
Event: 14.596 Thread 0x00000275c82842c0 DEOPT PACKING pc=0x00000275d08a2f91 sp=0x000000ac208fed70
Event: 14.596 Thread 0x00000275c82842c0 DEOPT UNPACKING pc=0x00000275cfda2b43 sp=0x000000ac208fe268 mode 0
Event: 16.316 Thread 0x00000275c82842c0 Uncommon trap: trap_request=0xffffff45 fr.pc=0x00000275d7a63b68 relative=0x00000000000000e8
Event: 16.316 Thread 0x00000275c82842c0 Uncommon trap: reason=unstable_if action=reinterpret pc=0x00000275d7a63b68 method=com.crazyputting3d.Engine.physicsEngine.isInTerrain(DD)Z @ 15 c2
Event: 16.316 Thread 0x00000275c82842c0 DEOPT PACKING pc=0x00000275d7a63b68 sp=0x000000ac208fed90
Event: 16.316 Thread 0x00000275c82842c0 DEOPT UNPACKING pc=0x00000275cfda23a3 sp=0x000000ac208fed40 mode 2
Event: 16.316 Thread 0x00000275c82842c0 Uncommon trap: trap_request=0xffffff45 fr.pc=0x00000275d7a65e20 relative=0x00000000000001a0
Event: 16.316 Thread 0x00000275c82842c0 Uncommon trap: reason=unstable_if action=reinterpret pc=0x00000275d7a65e20 method=com.crazyputting3d.Engine.physicsEngine.get_ball_coordinatesX()[F @ 42 c2
Event: 16.316 Thread 0x00000275c82842c0 DEOPT PACKING pc=0x00000275d7a65e20 sp=0x000000ac208fefa0
Event: 16.316 Thread 0x00000275c82842c0 DEOPT UNPACKING pc=0x00000275cfda23a3 sp=0x000000ac208fef38 mode 2
Event: 16.316 Thread 0x00000275c82842c0 Uncommon trap: trap_request=0xffffff45 fr.pc=0x00000275d7a66320 relative=0x00000000000001a0
Event: 16.316 Thread 0x00000275c82842c0 Uncommon trap: reason=unstable_if action=reinterpret pc=0x00000275d7a66320 method=com.crazyputting3d.Engine.physicsEngine.get_ball_coordinatesY()[F @ 42 c2
Event: 16.316 Thread 0x00000275c82842c0 DEOPT PACKING pc=0x00000275d7a66320 sp=0x000000ac208fefa0
Event: 16.316 Thread 0x00000275c82842c0 DEOPT UNPACKING pc=0x00000275cfda23a3 sp=0x000000ac208fef38 mode 2
Event: 16.317 Thread 0x00000275c82842c0 Uncommon trap: trap_request=0xffffff45 fr.pc=0x00000275d7a66820 relative=0x00000000000001a0
Event: 16.317 Thread 0x00000275c82842c0 Uncommon trap: reason=unstable_if action=reinterpret pc=0x00000275d7a66820 method=com.crazyputting3d.Engine.physicsEngine.get_ball_coordinatesZ()[F @ 42 c2
Event: 16.317 Thread 0x00000275c82842c0 DEOPT PACKING pc=0x00000275d7a66820 sp=0x000000ac208fefa0
Event: 16.317 Thread 0x00000275c82842c0 DEOPT UNPACKING pc=0x00000275cfda23a3 sp=0x000000ac208fef38 mode 2

Classes unloaded (0 events):
No events

Classes redefined (0 events):
No events

Internal exceptions (20 events):
Event: 0.172 Thread 0x00000275c82842c0 Exception <a 'java/lang/NoSuchMethodError'{0x00000007191a2558}: 'java.lang.Object java.lang.invoke.DirectMethodHandle$Holder.invokeStaticInit(java.lang.Object)'> (0x00000007191a2558) 
thrown [e:\jenkins\tmp\workspace\build\src\src\hotspot\share\interpreter\linkResolver.cpp, line 766]
Event: 0.183 Thread 0x00000275c82842c0 Exception <a 'java/lang/NoSuchMethodError'{0x0000000718e05388}: 'void java.lang.invoke.DirectMethodHandle$Holder.invokeStatic(java.lang.Object, java.lang.Object)'> (0x0000000718e05388) 
thrown [e:\jenkins\tmp\workspace\build\src\src\hotspot\share\interpreter\linkResolver.cpp, line 766]
Event: 0.183 Thread 0x00000275c82842c0 Exception <a 'java/lang/NoSuchMethodError'{0x0000000718e0abd0}: 'void java.lang.invoke.DirectMethodHandle$Holder.invokeSpecial(java.lang.Object, java.lang.Object, java.lang.Object)'> (0x0000000718e0abd0) 
thrown [e:\jenkins\tmp\workspace\build\src\src\hotspot\share\interpreter\linkResolver.cpp, line 766]
Event: 0.185 Thread 0x00000275c82842c0 Exception <a 'java/lang/NoSuchMethodError'{0x0000000718e1df58}: 'java.lang.Object java.lang.invoke.DirectMethodHandle$Holder.invokeStatic(java.lang.Object, java.lang.Object, int)'> (0x0000000718e1df58) 
thrown [e:\jenkins\tmp\workspace\build\src\src\hotspot\share\interpreter\linkResolver.cpp, line 766]
Event: 0.186 Thread 0x00000275c82842c0 Exception <a 'java/lang/NoSuchMethodError'{0x0000000718e29cc8}: 'void java.lang.invoke.DelegatingMethodHandle$Holder.delegate(java.lang.Object, java.lang.Object, int, java.lang.Object)'> (0x0000000718e29cc8) 
thrown [e:\jenkins\tmp\workspace\build\src\src\hotspot\share\interpreter\linkResolver.cpp, line 766]
Event: 0.186 Thread 0x00000275c82842c0 Exception <a 'java/lang/NoSuchMethodError'{0x0000000718e2df08}: 'int java.lang.invoke.DirectMethodHandle$Holder.invokeSpecial(java.lang.Object, java.lang.Object, java.lang.Object)'> (0x0000000718e2df08) 
thrown [e:\jenkins\tmp\workspace\build\src\src\hotspot\share\interpreter\linkResolver.cpp, line 766]
Event: 0.213 Thread 0x00000275c82842c0 Exception <a 'sun/nio/fs/WindowsException'{0x0000000718ed4d28}> (0x0000000718ed4d28) 
thrown [e:\jenkins\tmp\workspace\build\src\src\hotspot\share\prims\jni.cpp, line 516]
Event: 0.213 Thread 0x00000275c82842c0 Exception <a 'sun/nio/fs/WindowsException'{0x0000000718ed5280}> (0x0000000718ed5280) 
thrown [e:\jenkins\tmp\workspace\build\src\src\hotspot\share\prims\jni.cpp, line 516]
Event: 0.237 Thread 0x00000275c82842c0 Exception <a 'sun/nio/fs/WindowsException'{0x0000000718fc4710}> (0x0000000718fc4710) 
thrown [e:\jenkins\tmp\workspace\build\src\src\hotspot\share\prims\jni.cpp, line 516]
Event: 0.237 Thread 0x00000275c82842c0 Exception <a 'sun/nio/fs/WindowsException'{0x0000000718fc4ab0}> (0x0000000718fc4ab0) 
thrown [e:\jenkins\tmp\workspace\build\src\src\hotspot\share\prims\jni.cpp, line 516]
Event: 0.255 Thread 0x00000275c82842c0 Exception <a 'sun/nio/fs/WindowsException'{0x0000000718c732f8}> (0x0000000718c732f8) 
thrown [e:\jenkins\tmp\workspace\build\src\src\hotspot\share\prims\jni.cpp, line 516]
Event: 0.255 Thread 0x00000275c82842c0 Exception <a 'sun/nio/fs/WindowsException'{0x0000000718c73668}> (0x0000000718c73668) 
thrown [e:\jenkins\tmp\workspace\build\src\src\hotspot\share\prims\jni.cpp, line 516]
Event: 0.299 Thread 0x00000275c82842c0 Exception <a 'sun/nio/fs/WindowsException'{0x0000000718cf9448}> (0x0000000718cf9448) 
thrown [e:\jenkins\tmp\workspace\build\src\src\hotspot\share\prims\jni.cpp, line 516]
Event: 0.299 Thread 0x00000275c82842c0 Exception <a 'sun/nio/fs/WindowsException'{0x0000000718cf97d0}> (0x0000000718cf97d0) 
thrown [e:\jenkins\tmp\workspace\build\src\src\hotspot\share\prims\jni.cpp, line 516]
Event: 0.526 Thread 0x00000275c82842c0 Exception <a 'sun/nio/fs/WindowsException'{0x0000000718adca58}> (0x0000000718adca58) 
thrown [e:\jenkins\tmp\workspace\build\src\src\hotspot\share\prims\jni.cpp, line 516]
Event: 0.526 Thread 0x00000275c82842c0 Exception <a 'sun/nio/fs/WindowsException'{0x0000000718adce08}> (0x0000000718adce08) 
thrown [e:\jenkins\tmp\workspace\build\src\src\hotspot\share\prims\jni.cpp, line 516]
Event: 0.528 Thread 0x00000275c82842c0 Exception <a 'sun/nio/fs/WindowsException'{0x0000000718ae91e8}> (0x0000000718ae91e8) 
thrown [e:\jenkins\tmp\workspace\build\src\src\hotspot\share\prims\jni.cpp, line 516]
Event: 0.528 Thread 0x00000275c82842c0 Exception <a 'sun/nio/fs/WindowsException'{0x0000000718ae94d0}> (0x0000000718ae94d0) 
thrown [e:\jenkins\tmp\workspace\build\src\src\hotspot\share\prims\jni.cpp, line 516]
Event: 3.858 Thread 0x00000275c82842c0 Implicit null exception at 0x00000275d7961dbf to 0x00000275d7961e9c
Event: 8.545 Thread 0x00000275fd152850 Implicit null exception at 0x00000275d79584df to 0x00000275d795859c

VM Operations (20 events):
Event: 15.354 Executing VM operation: ICBufferFull
Event: 15.355 Executing VM operation: ICBufferFull done
Event: 16.023 Executing VM operation: ICBufferFull
Event: 16.023 Executing VM operation: ICBufferFull done
Event: 16.705 Executing VM operation: ICBufferFull
Event: 16.705 Executing VM operation: ICBufferFull done
Event: 16.790 Executing VM operation: G1CollectForAllocation
Event: 16.793 Executing VM operation: G1CollectForAllocation done
Event: 17.474 Executing VM operation: ICBufferFull
Event: 17.474 Executing VM operation: ICBufferFull done
Event: 18.156 Executing VM operation: ICBufferFull
Event: 18.156 Executing VM operation: ICBufferFull done
Event: 18.841 Executing VM operation: ICBufferFull
Event: 18.841 Executing VM operation: ICBufferFull done
Event: 19.489 Executing VM operation: ICBufferFull
Event: 19.489 Executing VM operation: ICBufferFull done
Event: 20.158 Executing VM operation: ICBufferFull
Event: 20.158 Executing VM operation: ICBufferFull done
Event: 20.823 Executing VM operation: ICBufferFull
Event: 20.823 Executing VM operation: ICBufferFull done

Events (20 events):
Event: 14.345 Thread 0x00000275ef9ad840 Thread added: 0x00000275ef9ad840
Event: 14.594 Thread 0x00000275ef9ad840 Thread exited: 0x00000275ef9ad840
Event: 16.312 Thread 0x00000275fb6d05e0 Thread added: 0x00000275fb6d05e0
Event: 16.316 Thread 0x00000275fd940030 Thread added: 0x00000275fd940030
Event: 16.365 Thread 0x00000275fd940500 Thread added: 0x00000275fd940500
Event: 16.369 Thread 0x00000275fd322ee0 Thread added: 0x00000275fd322ee0
Event: 16.518 Thread 0x00000275fb6d05e0 Thread exited: 0x00000275fb6d05e0
Event: 16.570 Thread 0x00000275fd940500 Thread exited: 0x00000275fd940500
Event: 16.829 Thread 0x00000275fd322070 Thread added: 0x00000275fd322070
Event: 16.832 Thread 0x00000275fd322540 Thread added: 0x00000275fd322540
Event: 17.033 Thread 0x00000275fd322070 Thread exited: 0x00000275fd322070
Event: 17.512 Thread 0x00000275fd3233b0 Thread added: 0x00000275fd3233b0
Event: 17.516 Thread 0x00000275fd324bc0 Thread added: 0x00000275fd324bc0
Event: 17.717 Thread 0x00000275fd3233b0 Thread exited: 0x00000275fd3233b0
Event: 17.746 Thread 0x00000275fd323880 Thread added: 0x00000275fd323880
Event: 17.750 Thread 0x00000275fd3233b0 Thread added: 0x00000275fd3233b0
Event: 17.951 Thread 0x00000275fd323880 Thread exited: 0x00000275fd323880
Event: 17.979 Thread 0x00000275fd322070 Thread added: 0x00000275fd322070
Event: 17.982 Thread 0x00000275fd323880 Thread added: 0x00000275fd323880
Event: 18.183 Thread 0x00000275fd322070 Thread exited: 0x00000275fd322070


Dynamic libraries:
0x00007ff7d8a20000 - 0x00007ff7d8a2e000 	C:\Program Files\Eclipse Adoptium\jdk-17.0.1.12-hotspot\bin\java.exe
0x00007ffdc5cd0000 - 0x00007ffdc5ec5000 	C:\Windows\SYSTEM32\ntdll.dll
0x00007ffdc4060000 - 0x00007ffdc411d000 	C:\Windows\System32\KERNEL32.DLL
0x00007ffdc3720000 - 0x00007ffdc39ed000 	C:\Windows\System32\KERNELBASE.dll
0x00007ffdc33b0000 - 0x00007ffdc34b0000 	C:\Windows\System32\ucrtbase.dll
0x00007ffdb6650000 - 0x00007ffdb6668000 	C:\Program Files\Eclipse Adoptium\jdk-17.0.1.12-hotspot\bin\jli.dll
0x00007ffdbd460000 - 0x00007ffdbd479000 	C:\Program Files\Eclipse Adoptium\jdk-17.0.1.12-hotspot\bin\VCRUNTIME140.dll
0x00007ffdc5530000 - 0x00007ffdc56d0000 	C:\Windows\System32\USER32.dll
0x00007ffdc3c20000 - 0x00007ffdc3c42000 	C:\Windows\System32\win32u.dll
0x00007ffdad620000 - 0x00007ffdad8ba000 	C:\Windows\WinSxS\amd64_microsoft.windows.common-controls_6595b64144ccf1df_6.0.19041.1110_none_60b5254171f9507e\COMCTL32.dll
0x00007ffdc5bd0000 - 0x00007ffdc5bfa000 	C:\Windows\System32\GDI32.dll
0x00007ffdc5190000 - 0x00007ffdc522e000 	C:\Windows\System32\msvcrt.dll
0x00007ffdc3610000 - 0x00007ffdc371b000 	C:\Windows\System32\gdi32full.dll
0x00007ffdc39f0000 - 0x00007ffdc3a8d000 	C:\Windows\System32\msvcp_win.dll
0x00007ffdc4eb0000 - 0x00007ffdc4ee0000 	C:\Windows\System32\IMM32.DLL
0x00007ffdbede0000 - 0x00007ffdbedec000 	C:\Program Files\Eclipse Adoptium\jdk-17.0.1.12-hotspot\bin\vcruntime140_1.dll
0x00007ffdb1890000 - 0x00007ffdb1921000 	C:\Program Files\Eclipse Adoptium\jdk-17.0.1.12-hotspot\bin\msvcp140.dll
0x00007ffd82e10000 - 0x00007ffd83a56000 	C:\Program Files\Eclipse Adoptium\jdk-17.0.1.12-hotspot\bin\server\jvm.dll
0x00007ffdc3fb0000 - 0x00007ffdc405e000 	C:\Windows\System32\ADVAPI32.dll
0x00007ffdc3e80000 - 0x00007ffdc3f1c000 	C:\Windows\System32\sechost.dll
0x00007ffdc3d50000 - 0x00007ffdc3e75000 	C:\Windows\System32\RPCRT4.dll
0x00007ffdc4ee0000 - 0x00007ffdc4ee8000 	C:\Windows\System32\PSAPI.DLL
0x00007ffdb8890000 - 0x00007ffdb88b7000 	C:\Windows\SYSTEM32\WINMM.dll
0x00007ffda5c00000 - 0x00007ffda5c09000 	C:\Windows\SYSTEM32\WSOCK32.dll
0x00007ffdbc260000 - 0x00007ffdbc26a000 	C:\Windows\SYSTEM32\VERSION.dll
0x00007ffdc52e0000 - 0x00007ffdc534b000 	C:\Windows\System32\WS2_32.dll
0x00007ffdc1c40000 - 0x00007ffdc1c52000 	C:\Windows\SYSTEM32\kernel.appcore.dll
0x00007ffdbee30000 - 0x00007ffdbee3a000 	C:\Program Files\Eclipse Adoptium\jdk-17.0.1.12-hotspot\bin\jimage.dll
0x00007ffdc1a30000 - 0x00007ffdc1c14000 	C:\Windows\SYSTEM32\DBGHELP.DLL
0x00007ffdb8de0000 - 0x00007ffdb8e0c000 	C:\Windows\SYSTEM32\dbgcore.DLL
0x00007ffdc3a90000 - 0x00007ffdc3b12000 	C:\Windows\System32\bcryptPrimitives.dll
0x00007ffdb62b0000 - 0x00007ffdb62d5000 	C:\Program Files\Eclipse Adoptium\jdk-17.0.1.12-hotspot\bin\java.dll
0x00007ffdb1a30000 - 0x00007ffdb1b06000 	C:\Program Files\Eclipse Adoptium\jdk-17.0.1.12-hotspot\bin\svml.dll
0x00007ffdc4120000 - 0x00007ffdc4864000 	C:\Windows\System32\SHELL32.dll
0x00007ffdc1150000 - 0x00007ffdc18e4000 	C:\Windows\SYSTEM32\windows.storage.dll
0x00007ffdc5870000 - 0x00007ffdc5bc4000 	C:\Windows\System32\combase.dll
0x00007ffdc2e10000 - 0x00007ffdc2e3c000 	C:\Windows\SYSTEM32\Wldp.dll
0x00007ffdc5230000 - 0x00007ffdc52dd000 	C:\Windows\System32\SHCORE.dll
0x00007ffdc3cf0000 - 0x00007ffdc3d45000 	C:\Windows\System32\shlwapi.dll
0x00007ffdc32f0000 - 0x00007ffdc330f000 	C:\Windows\SYSTEM32\profapi.dll
0x00007ffdaafa0000 - 0x00007ffdaafb9000 	C:\Program Files\Eclipse Adoptium\jdk-17.0.1.12-hotspot\bin\net.dll
0x00007ffdb4be0000 - 0x00007ffdb4cea000 	C:\Windows\SYSTEM32\WINHTTP.dll
0x00007ffdc2b70000 - 0x00007ffdc2bda000 	C:\Windows\system32\mswsock.dll
0x00007ffdaaf80000 - 0x00007ffdaaf95000 	C:\Program Files\Eclipse Adoptium\jdk-17.0.1.12-hotspot\bin\nio.dll
0x00007ffdaace0000 - 0x00007ffdaacf8000 	C:\Program Files\Eclipse Adoptium\jdk-17.0.1.12-hotspot\bin\zip.dll
0x000000006e700000 - 0x000000006e72a000 	C:\Users\grado\AppData\Local\Temp\libgdxgrado\e1cd32f8\gdx64.dll
0x00007ffdb19c0000 - 0x00007ffdb1a24000 	C:\Users\grado\AppData\Local\Temp\lwjglgrado\3.2.3-build-13\lwjgl.dll
0x00007ffd84490000 - 0x00007ffd846e3000 	C:\Users\grado\AppData\Local\Temp\lwjglgrado\3.2.3-build-13\jemalloc.dll
0x00007ffdb1950000 - 0x00007ffdb19b2000 	C:\Users\grado\AppData\Local\Temp\lwjglgrado\3.2.3-build-13\glfw.dll
0x00007ffdc0870000 - 0x00007ffdc090e000 	C:\Windows\system32\uxtheme.dll
0x00007ffdaa450000 - 0x00007ffdaa495000 	C:\Windows\SYSTEM32\dinput8.dll
0x00007ffdb1930000 - 0x00007ffdb1941000 	C:\Windows\SYSTEM32\xinput1_4.dll
0x00007ffdc3b20000 - 0x00007ffdc3b6e000 	C:\Windows\System32\cfgmgr32.dll
0x00007ffdc3160000 - 0x00007ffdc318c000 	C:\Windows\SYSTEM32\DEVOBJ.dll
0x00007ffdc0a00000 - 0x00007ffdc0a2f000 	C:\Windows\SYSTEM32\dwmapi.dll
0x00007ffda8c80000 - 0x00007ffda8dd2000 	C:\Windows\SYSTEM32\inputhost.dll
0x00007ffdc4d70000 - 0x00007ffdc4e3d000 	C:\Windows\System32\OLEAUT32.dll
0x00007ffdc0500000 - 0x00007ffdc05f2000 	C:\Windows\SYSTEM32\CoreMessaging.dll
0x00007ffdbe990000 - 0x00007ffdbea86000 	C:\Windows\SYSTEM32\PROPSYS.dll
0x00007ffdbfad0000 - 0x00007ffdbfc24000 	C:\Windows\SYSTEM32\wintypes.dll
0x00007ffdc01a0000 - 0x00007ffdc04fe000 	C:\Windows\SYSTEM32\CoreUIComponents.dll
0x00007ffdc20b0000 - 0x00007ffdc20e3000 	C:\Windows\SYSTEM32\ntmarta.dll
0x00007ffdc5750000 - 0x00007ffdc5865000 	C:\Windows\System32\MSCTF.dll
0x00007ffdc18f0000 - 0x00007ffdc18fd000 	C:\Windows\SYSTEM32\HID.DLL
0x00007ffdc4870000 - 0x00007ffdc4ce1000 	C:\Windows\System32\SETUPAPI.DLL
0x00007ffdc3c50000 - 0x00007ffdc3c77000 	C:\Windows\System32\bcrypt.dll
0x00007ffdc3c80000 - 0x00007ffdc3ce8000 	C:\Windows\System32\WINTRUST.dll
0x00007ffdc34b0000 - 0x00007ffdc3606000 	C:\Windows\System32\CRYPT32.dll
0x00007ffdc2fa0000 - 0x00007ffdc2fb2000 	C:\Windows\SYSTEM32\MSASN1.dll
0x00007ffd81e40000 - 0x00007ffd81f4b000 	C:\Users\grado\AppData\Local\Temp\lwjglgrado\3.2.3-build-13\OpenAL.dll
0x00007ffdc5400000 - 0x00007ffdc552a000 	C:\Windows\System32\ole32.dll
0x00007ffdc5350000 - 0x00007ffdc53f9000 	C:\Windows\System32\clbcatq.dll
0x00007ffdbb510000 - 0x00007ffdbb595000 	C:\Windows\System32\MMDevApi.dll
0x00007ffdbbda0000 - 0x00007ffdbbf22000 	C:\Windows\SYSTEM32\AUDIOSES.DLL
0x00007ffdc2930000 - 0x00007ffdc297b000 	C:\Windows\SYSTEM32\powrprof.dll
0x00007ffdc27f0000 - 0x00007ffdc2802000 	C:\Windows\SYSTEM32\UMPDC.dll
0x00007ffdc0a30000 - 0x00007ffdc0a44000 	C:\Windows\SYSTEM32\resourcepolicyclient.dll
0x00007ffd22910000 - 0x00007ffd22a36000 	C:\Windows\SYSTEM32\opengl32.dll
0x00007ffd228e0000 - 0x00007ffd2290c000 	C:\Windows\SYSTEM32\GLU32.dll
0x00007ffdbc2e0000 - 0x00007ffdbc3d7000 	C:\Windows\System32\AppXDeploymentClient.dll
0x00007ffdab4d0000 - 0x00007ffdab4fa000 	C:\Windows\System32\DriverStore\FileRepository\u0361612.inf_amd64_b679e02f70413f9f\B361368\atig6pxx.dll
0x00007ffd7dc80000 - 0x00007ffd80966000 	C:\Windows\System32\DriverStore\FileRepository\u0361612.inf_amd64_b679e02f70413f9f\B361368\atio6axx.dll
0x00007ffd86690000 - 0x00007ffd866b4000 	C:\Windows\SYSTEM32\dxva2.dll
0x00007ffda3f10000 - 0x00007ffda3f4c000 	C:\Windows\System32\DriverStore\FileRepository\u0361612.inf_amd64_b679e02f70413f9f\B361368\atig6txx.dll
0x00007ffd81c80000 - 0x00007ffd81e39000 	C:\Windows\SYSTEM32\atiadlxx.dll
0x00007ffdb9380000 - 0x00007ffdb93bb000 	C:\Windows\SYSTEM32\dxcore.dll
0x00007ffd9ef60000 - 0x00007ffd9efb9000 	C:\Users\grado\AppData\Local\Temp\lwjglgrado\3.2.3-build-13\lwjgl_opengl.dll
0x00007ffda93b0000 - 0x00007ffda94a9000 	C:\Windows\SYSTEM32\textinputframework.dll
0x00007ffdaacc0000 - 0x00007ffdaacd1000 	C:\Program Files\Eclipse Adoptium\jdk-17.0.1.12-hotspot\bin\jsound.dll
0x00007ffd853c0000 - 0x00007ffd8545c000 	C:\Windows\SYSTEM32\DSOUND.dll
0x00007ffdb3710000 - 0x00007ffdb3736000 	C:\Windows\SYSTEM32\winmmbase.dll
0x00007ffda9b00000 - 0x00007ffda9b46000 	C:\Windows\SYSTEM32\wdmaud.drv
0x00007ffdbde60000 - 0x00007ffdbde69000 	C:\Windows\SYSTEM32\ksuser.dll
0x00007ffdbd880000 - 0x00007ffdbd88a000 	C:\Windows\SYSTEM32\AVRT.dll
0x00007ffdbc5b0000 - 0x00007ffdbc5bd000 	C:\Windows\SYSTEM32\msacm32.drv
0x00007ffdbc630000 - 0x00007ffdbc64e000 	C:\Windows\SYSTEM32\MSACM32.dll
0x00007ffdb6730000 - 0x00007ffdb673b000 	C:\Windows\SYSTEM32\midimap.dll
0x00007ffda8de0000 - 0x00007ffda8f21000 	C:\Windows\System32\Windows.UI.dll
0x00007ffdbd350000 - 0x00007ffdbd3f1000 	C:\Windows\System32\WindowManagementAPI.dll
0x00007ffdbca10000 - 0x00007ffdbcc11000 	C:\Windows\SYSTEM32\twinapi.appcore.dll

dbghelp: loaded successfully - version: 4.0.5 - missing functions: none
symbol engine: initialized successfully - sym options: 0x614 - pdb path: .;C:\Program Files\Eclipse Adoptium\jdk-17.0.1.12-hotspot\bin;C:\Windows\SYSTEM32;C:\Windows\WinSxS\amd64_microsoft.windows.common-controls_6595b64144ccf1df_6.0.19041.1110_none_60b5254171f9507e;C:\Program Files\Eclipse Adoptium\jdk-17.0.1.12-hotspot\bin\server;C:\Users\grado\AppData\Local\Temp\libgdxgrado\e1cd32f8;C:\Users\grado\AppData\Local\Temp\lwjglgrado\3.2.3-build-13;C:\Windows\System32\DriverStore\FileRepository\u0361612.inf_amd64_b679e02f70413f9f\B361368

VM Arguments:
jvm_args: -XX:+ShowCodeDetailsInExceptionMessages 
java_command: com.crazyputting3d.Main
java_class_path (initial): C:\Users\grado\Documents\Group-04\3dcrazyputting\desktop\bin\main;\CrazyPutting3D-core\bin\default;C:\Users\grado\Documents\Group-04\3dcrazyputting\core\bin\main;C:\Users\grado\.gradle\caches\modules-2\files-2.1\com.badlogicgames.gdx\gdx-backend-lwjgl3\1.10.0\600c7d5b2c977daa82c4abad147087b31e0ada87\gdx-backend-lwjgl3-1.10.0.jar;C:\Users\grado\.gradle\caches\modules-2\files-2.1\com.badlogicgames.gdx\gdx-platform\1.10.0\9a8fa793d2fd6d360afc6c9e4c1f5583da263b88\gdx-platform-1.10.0-natives-desktop.jar;C:\Users\grado\.gradle\caches\modules-2\files-2.1\com.badlogicgames.gdx\gdx-bullet-platform\1.10.0\ce92e8dfc762523d769cbc50853163c03bf98cf1\gdx-bullet-platform-1.10.0-natives-desktop.jar;C:\Users\grado\.gradle\caches\modules-2\files-2.1\com.badlogicgames.gdx\gdx-freetype-platform\1.10.0\6e5d28752759e69384f12e4569d2c884ff71352f\gdx-freetype-platform-1.10.0-natives-desktop.jar;C:\Users\grado\.gradle\caches\modules-2\files-2.1\com.badlogicgames.gdx-controllers\gdx-controllers-desktop\2.2.1\cb3430c32468a090eca54d494d16bb3764ceff9b\gdx-controllers-desktop-2.2.1.jar;C:\Users\grado\.gradle\caches\modules-2\files-2.1\org.jetbrains\annotations\20.1.0\2fcd1f3225bca0c4a7bc931142076f8c1e80993f\annotations-20.1.0.jar;C:\Users\grado\.gradle\caches\modules-2\files-2.1\com.badlogicgames.gdx\gdx-bullet\1.10.0\839b58c7278f5c3b55291c3a559d91227400ecdb\gdx-bullet-1.10.0.jar;C:\Users\grado\.gradle\caches\modules-2\files-2.1\com.badlogicgames.gdx\gdx-freetype\1.10.0\de1d0d5c1e92e8d91364256fd6b7bb279d3e9859\gdx-freetype-1.10.0.jar;C:\Users\grado\.gradle\caches\modules-2\files-2.1\com.badlogicgames.gdx\gdx-ai\1.8.2\ab75d2ce80ab1b1ce6828a15dc0f417abac4c674\gdx-ai-1.8.2.jar;C:\Users\grado\.gradle\caches\modules-2\files-2.1\com.badlogicgames.ashley\ashley\1.7.4\21a3a8932919099c4e5006a7d8378dcbe76ef8a5\ashley-1.7.4.jar;C:\Users\grado\.gradle\caches\modules-2\files-2.1\com.badlogicgames.box2dlights\box2dlights\1.5\6902dbcd250c95a27973aa24a147a95b3828d348\box2dlights-1.5.j
Launcher Type: SUN_STANDARD

[Global flags]
     intx CICompilerCount                          = 12                                        {product} {ergonomic}
     uint ConcGCThreads                            = 3                                         {product} {ergonomic}
     uint G1ConcRefinementThreads                  = 13                                        {product} {ergonomic}
   size_t G1HeapRegionSize                         = 2097152                                   {product} {ergonomic}
    uintx GCDrainStackTargetSize                   = 64                                        {product} {ergonomic}
   size_t InitialHeapSize                          = 257949696                                 {product} {ergonomic}
   size_t MarkStackSize                            = 4194304                                   {product} {ergonomic}
   size_t MaxHeapSize                              = 4127195136                                {product} {ergonomic}
   size_t MaxNewSize                               = 2474639360                                {product} {ergonomic}
   size_t MinHeapDeltaBytes                        = 2097152                                   {product} {ergonomic}
   size_t MinHeapSize                              = 8388608                                   {product} {ergonomic}
    uintx NonNMethodCodeHeapSize                   = 7602480                                {pd product} {ergonomic}
    uintx NonProfiledCodeHeapSize                  = 122027880                              {pd product} {ergonomic}
    uintx ProfiledCodeHeapSize                     = 122027880                              {pd product} {ergonomic}
    uintx ReservedCodeCacheSize                    = 251658240                              {pd product} {ergonomic}
     bool SegmentedCodeCache                       = true                                      {product} {ergonomic}
     bool ShowCodeDetailsInExceptionMessages       = true                                   {manageable} {command line}
   size_t SoftMaxHeapSize                          = 4127195136                             {manageable} {ergonomic}
     bool UseCompressedClassPointers               = true                           {product lp64_product} {ergonomic}
     bool UseCompressedOops                        = true                           {product lp64_product} {ergonomic}
     bool UseG1GC                                  = true                                      {product} {ergonomic}
     bool UseLargePagesIndividualAllocation        = false                                  {pd product} {ergonomic}

Logging:
Log output configuration:
 #0: stdout all=warning uptime,level,tags
 #1: stderr all=off uptime,level,tags

Environment Variables:
PATH=C:\Program Files\Common Files\Oracle\Java\javapath;C:\Windows\system32;C:\Windows;C:\Windows\System32\Wbem;C:\Windows\System32\WindowsPowerShell\v1.0\;C:\Windows\System32\OpenSSH\;C:\Program Files (x86)\NVIDIA Corporation\PhysX\Common;C:\Program Files\NVIDIA Corporation\NVIDIA NvDLISR;C:\Program Files\MATLAB\R2022a\bin;C:\Program Files\Gradle\gradle-7.4.2\bin;C:\Program Files\Git\cmd;C:\Users\grado\AppData\Local\Microsoft\WindowsApps;C:\Users\grado\AppData\Local\Programs\Microsoft VS Code\bin;C:\Users\grado\AppData\Local\GitHubDesktop\bin
USERNAME=grado
LANG=en_US.UTF-8
OS=Windows_NT
PROCESSOR_IDENTIFIER=AMD64 Family 23 Model 96 Stepping 1, AuthenticAMD



---------------  S Y S T E M  ---------------

OS:
 Windows 10 , 64 bit Build 19041 (10.0.19041.1706)
OS uptime: 11 days 17:19 hours

CPU: total 16 (initial active 16) (16 cores per cpu, 2 threads per core) family 23 model 96 stepping 1 microcode 0x0, cx8, cmov, fxsr, ht, mmx, 3dnowpref, sse, sse2, sse3, ssse3, sse4a, sse4.1, sse4.2, popcnt, lzcnt, tsc, tscinvbit, avx, avx2, aes, clmul, bmi1, bmi2, adx, sha, fma, vzeroupper, clflush, clflushopt

Memory: 4k page, system-wide physical 15741M (2550M free)
TotalPageFile size 28638M (AvailPageFile size 2937M)
current process WorkingSet (physical memory assigned to process): 498M, peak: 568M
current process commit charge ("private bytes"): 674M, peak: 755M

vm_info: OpenJDK 64-Bit Server VM (17.0.1+12) for windows-amd64 JRE (17.0.1+12), built on Oct 20 2021 07:42:55 by "" with MS VC++ 16.7 (VS2019)

END.
