#
# A fatal error has been detected by the Java Runtime Environment:
#
#  EXCEPTION_ACCESS_VIOLATION (0xc0000005) at pc=0x0000021ff8b90000, pid=21368, tid=24452
#
# JRE version: OpenJDK Runtime Environment Temurin-17.0.1+12 (17.0.1+12) (build 17.0.1+12)
# Java VM: OpenJDK 64-Bit Server VM Temurin-17.0.1+12 (17.0.1+12, mixed mode, sharing, tiered, compressed oops, compressed class ptrs, g1 gc, windows-amd64)
# Problematic frame:
# C  0x0000021ff8b90000
#
# No core dump will be written. Minidumps are not enabled by default on client versions of Windows
#
# If you would like to submit a bug report, please visit:
#   https://github.com/adoptium/adoptium-support/issues
# The crash happened outside the Java Virtual Machine in native code.
# See problematic frame for where to report the bug.
#

---------------  S U M M A R Y ------------

Command Line: -XX:+ShowCodeDetailsInExceptionMessages com.crazyputting3d.Main

Host: AMD Ryzen 7 4800H with Radeon Graphics         , 16 cores, 15G,  Windows 10 , 64 bit Build 19041 (10.0.19041.1706)
Time: Fri Jun 17 19:32:54 2022 Central European Daylight Time elapsed time: 55.427231 seconds (0d 0h 0m 55s)

---------------  T H R E A D  ---------------

Current thread (0x0000021fd3503150):  JavaThread "main" [_thread_in_native, id=24452, stack(0x000000b971d00000,0x000000b971e00000)]

Stack: [0x000000b971d00000,0x000000b971e00000],  sp=0x000000b971dfeeb8,  free space=1019k
Native frames: (J=compiled Java code, j=interpreted, Vv=VM code, C=native code)
C  0x0000021ff8b90000

Java frames: (J=compiled Java code, j=interpreted, Vv=VM code)
J 1194  org.lwjgl.system.JNI.invokePV(JJ)V (0 bytes) @ 0x0000021fe43d3dec [0x0000021fe43d3da0+0x000000000000004c]
J 1965 c1 org.lwjgl.glfw.GLFW.glfwSwapBuffers(J)V (21 bytes) @ 0x0000021fdd28702c [0x0000021fdd286f40+0x00000000000000ec]
j  com.badlogic.gdx.backends.lwjgl3.Lwjgl3Window.update()Z+196
j  com.badlogic.gdx.backends.lwjgl3.Lwjgl3Application.loop()V+111
j  com.badlogic.gdx.backends.lwjgl3.Lwjgl3Application.<init>(Lcom/badlogic/gdx/ApplicationListener;Lcom/badlogic/gdx/backends/lwjgl3/Lwjgl3ApplicationConfiguration;)V+243
j  com.crazyputting3d.Main.main([Ljava/lang/String;)V+41
v  ~StubRoutines::call_stub

siginfo: EXCEPTION_ACCESS_VIOLATION (0xc0000005), data execution prevention violation at address 0x0000021ff8b90000


Register to memory mapping:

RIP=0x0000021ff8b90000 is an unknown value
RAX=0x0000021ff8b90000 is an unknown value
RBX=0x0000000000010001 is an unknown value
RCX=0x0000000000010001 is an unknown value
RDX=0x000000b971dfeef0 is pointing into the stack for thread: 0x0000021fd3503150
RSP=0x000000b971dfeeb8 is pointing into the stack for thread: 0x0000021fd3503150
RBP=0x000000b971dfefc0 is pointing into the stack for thread: 0x0000021fd3503150
RSI=0x0000000000000110 is an unknown value
RDI=0x0000000000002bbb is an unknown value
R8 =0x0000021ff9e1e010 points into unknown readable memory: 0x0000021ffcb1abe0 | e0 ab b1 fc 1f 02 00 00
R9 =0x00007ffdb1951b50 glfw.dll
R10=0x00007ffdb19c1b10 lwjgl.dll
R11=0x000000b971dff328 is pointing into the stack for thread: 0x0000021fd3503150
R12=0x0 is NULL
R13=0x000000b971dff428 is pointing into the stack for thread: 0x0000021fd3503150
R14=0x000000b971dff380 is pointing into the stack for thread: 0x0000021fd3503150
R15=0x0000021fd3503150 is a thread


Registers:
RAX=0x0000021ff8b90000, RBX=0x0000000000010001, RCX=0x0000000000010001, RDX=0x000000b971dfeef0
RSP=0x000000b971dfeeb8, RBP=0x000000b971dfefc0, RSI=0x0000000000000110, RDI=0x0000000000002bbb
R8 =0x0000021ff9e1e010, R9 =0x00007ffdb1951b50, R10=0x00007ffdb19c1b10, R11=0x000000b971dff328
R12=0x0000000000000000, R13=0x000000b971dff428, R14=0x000000b971dff380, R15=0x0000021fd3503150
RIP=0x0000021ff8b90000, EFLAGS=0x0000000000010206

Top of Stack: (sp=0x000000b971dfeeb8)
0x000000b971dfeeb8:   00007ffdb1951f7c 00000000000001d3
0x000000b971dfeec8:   000000070b231230 4120000000000000
0x000000b971dfeed8:   438c000041700000 0000000000000014
0x000000b971dfeee8:   0000021ffa65e03c 57464c4720656854
0x000000b971dfeef8:   7972617262696c20 20746f6e20736920
0x000000b971dfef08:   696c616974696e69 000000b90064657a
0x000000b971dfef18:   0000021fe43ce785 ffffffffffffffff
0x000000b971dfef28:   0000021fff531538 000000070a13ae68
0x000000b971dfef38:   0000021fdc7d94fe 000000070b231440
0x000000b971dfef48:   0000021fe4565be8 000000070b247ca0
0x000000b971dfef58:   000000070b231230 000000070b247ca0
0x000000b971dfef68:   000000070b247a78 000000070a13ae68
0x000000b971dfef78:   0000021fff49aac8 000000070b231290
0x000000b971dfef88:   0000021fdd131cfc 000000070b231440
0x000000b971dfef98:   0000000000000000 000000b971dff008
0x000000b971dfefa8:   000000b971dff080 0000021fdc7d9962 

Instructions: (pc=0x0000021ff8b90000)
0x0000021ff8b8ff00:   ?? ?? ?? ?? ?? ?? ?? ?? ?? ?? ?? ?? ?? ?? ?? ??
0x0000021ff8b8ff10:   ?? ?? ?? ?? ?? ?? ?? ?? ?? ?? ?? ?? ?? ?? ?? ??
0x0000021ff8b8ff20:   ?? ?? ?? ?? ?? ?? ?? ?? ?? ?? ?? ?? ?? ?? ?? ??
0x0000021ff8b8ff30:   ?? ?? ?? ?? ?? ?? ?? ?? ?? ?? ?? ?? ?? ?? ?? ??
0x0000021ff8b8ff40:   ?? ?? ?? ?? ?? ?? ?? ?? ?? ?? ?? ?? ?? ?? ?? ??
0x0000021ff8b8ff50:   ?? ?? ?? ?? ?? ?? ?? ?? ?? ?? ?? ?? ?? ?? ?? ??
0x0000021ff8b8ff60:   ?? ?? ?? ?? ?? ?? ?? ?? ?? ?? ?? ?? ?? ?? ?? ??
0x0000021ff8b8ff70:   ?? ?? ?? ?? ?? ?? ?? ?? ?? ?? ?? ?? ?? ?? ?? ??
0x0000021ff8b8ff80:   ?? ?? ?? ?? ?? ?? ?? ?? ?? ?? ?? ?? ?? ?? ?? ??
0x0000021ff8b8ff90:   ?? ?? ?? ?? ?? ?? ?? ?? ?? ?? ?? ?? ?? ?? ?? ??
0x0000021ff8b8ffa0:   ?? ?? ?? ?? ?? ?? ?? ?? ?? ?? ?? ?? ?? ?? ?? ??
0x0000021ff8b8ffb0:   ?? ?? ?? ?? ?? ?? ?? ?? ?? ?? ?? ?? ?? ?? ?? ??
0x0000021ff8b8ffc0:   ?? ?? ?? ?? ?? ?? ?? ?? ?? ?? ?? ?? ?? ?? ?? ??
0x0000021ff8b8ffd0:   ?? ?? ?? ?? ?? ?? ?? ?? ?? ?? ?? ?? ?? ?? ?? ??
0x0000021ff8b8ffe0:   ?? ?? ?? ?? ?? ?? ?? ?? ?? ?? ?? ?? ?? ?? ?? ??
0x0000021ff8b8fff0:   ?? ?? ?? ?? ?? ?? ?? ?? ?? ?? ?? ?? ?? ?? ?? ??
0x0000021ff8b90000:   ?? ?? ?? ?? ?? ?? ?? ?? ?? ?? ?? ?? ?? ?? ?? ??
0x0000021ff8b90010:   ?? ?? ?? ?? ?? ?? ?? ?? ?? ?? ?? ?? ?? ?? ?? ??
0x0000021ff8b90020:   ?? ?? ?? ?? ?? ?? ?? ?? ?? ?? ?? ?? ?? ?? ?? ??
0x0000021ff8b90030:   ?? ?? ?? ?? ?? ?? ?? ?? ?? ?? ?? ?? ?? ?? ?? ??
0x0000021ff8b90040:   ?? ?? ?? ?? ?? ?? ?? ?? ?? ?? ?? ?? ?? ?? ?? ??
0x0000021ff8b90050:   ?? ?? ?? ?? ?? ?? ?? ?? ?? ?? ?? ?? ?? ?? ?? ??
0x0000021ff8b90060:   ?? ?? ?? ?? ?? ?? ?? ?? ?? ?? ?? ?? ?? ?? ?? ??
0x0000021ff8b90070:   ?? ?? ?? ?? ?? ?? ?? ?? ?? ?? ?? ?? ?? ?? ?? ??
0x0000021ff8b90080:   ?? ?? ?? ?? ?? ?? ?? ?? ?? ?? ?? ?? ?? ?? ?? ??
0x0000021ff8b90090:   ?? ?? ?? ?? ?? ?? ?? ?? ?? ?? ?? ?? ?? ?? ?? ??
0x0000021ff8b900a0:   ?? ?? ?? ?? ?? ?? ?? ?? ?? ?? ?? ?? ?? ?? ?? ??
0x0000021ff8b900b0:   ?? ?? ?? ?? ?? ?? ?? ?? ?? ?? ?? ?? ?? ?? ?? ??
0x0000021ff8b900c0:   ?? ?? ?? ?? ?? ?? ?? ?? ?? ?? ?? ?? ?? ?? ?? ??
0x0000021ff8b900d0:   ?? ?? ?? ?? ?? ?? ?? ?? ?? ?? ?? ?? ?? ?? ?? ??
0x0000021ff8b900e0:   ?? ?? ?? ?? ?? ?? ?? ?? ?? ?? ?? ?? ?? ?? ?? ??
0x0000021ff8b900f0:   ?? ?? ?? ?? ?? ?? ?? ?? ?? ?? ?? ?? ?? ?? ?? ?? 


Stack slot to memory mapping:
stack at sp + 0 slots: 0x00007ffdb1951f7c glfw.dll
stack at sp + 1 slots: 0x00000000000001d3 is an unknown value
stack at sp + 2 slots: 0x000000070b231230 is an oop: com.badlogic.gdx.graphics.g2d.SpriteBatch 
{0x000000070b231230} - klass: 'com/badlogic/gdx/graphics/g2d/SpriteBatch'
 - ---- fields (total size 12 words):
 - 'idx' 'I' @12  0
 - 'invTexWidth' 'F' @16  0.000977 (3a800000)
 - 'invTexHeight' 'F' @20  0.000977 (3a800000)
 - private 'blendSrcFunc' 'I' @24  770 (302)
 - private 'blendDstFunc' 'I' @28  771 (303)
 - private 'blendSrcFuncAlpha' 'I' @32  770 (302)
 - private 'blendDstFuncAlpha' 'I' @36  771 (303)
 - 'colorPacked' 'F' @40  -170141173319264429905852091742258462720.000000 (feffffff)
 - public 'renderCalls' 'I' @44  3
 - public 'totalRenderCalls' 'I' @48  138 (8a)
 - public 'maxSpritesInBatch' 'I' @52  23 (17)
 - 'drawing' 'Z' @56  false
 - private 'blendingDisabled' 'Z' @57  false
 - private 'ownsShader' 'Z' @58  true
 - private 'mesh' 'Lcom/badlogic/gdx/graphics/Mesh;' @60  a 'com/badlogic/gdx/graphics/Mesh'{0x000000070b231290} (e1646252)
 - final 'vertices' '[F' @64  [F{0x000000070b231560} (e16462ac)
 - 'lastTexture' 'Lcom/badlogic/gdx/graphics/Texture;' @68  NULL (0)
 - private final 'transformMatrix' 'Lcom/badlogic/gdx/math/Matrix4;' @72  a 'com/badlogic/gdx/math/Matrix4'{0x000000070b244df0} (e16489be)
 - private final 'projectionMatrix' 'Lcom/badlogic/gdx/math/Matrix4;' @76  a 'com/badlogic/gdx/math/Matrix4'{0x000000070b244e50} (e16489ca)
 - private final 'combinedMatrix' 'Lcom/badlogic/gdx/math/Matrix4;' @80  a 'com/badlogic/gdx/math/Matrix4'{0x000000070b244eb0} (e16489d6)
 - private final 'shader' 'Lcom/badlogic/gdx/graphics/glutils/ShaderProgram;' @84  a 'com/badlogic/gdx/graphics/glutils/ShaderProgram'{0x000000070b244f10} (e16489e2)
 - private 'customShader' 'Lcom/badlogic/gdx/graphics/glutils/ShaderProgram;' @88  NULL (0)
 - private final 'color' 'Lcom/badlogic/gdx/graphics/Color;' @92  a 'com/badlogic/gdx/graphics/Color'{0x000000070b247a58} (e1648f4b)
stack at sp + 3 slots: 0x4120000000000000 is an unknown value
stack at sp + 4 slots: 0x438c000041700000 is an unknown value
stack at sp + 5 slots: 0x0000000000000014 is an unknown value
stack at sp + 6 slots: 0x0000021ffa65e03c points into unknown readable memory: 00 80 0d 3f
stack at sp + 7 slots: 0x57464c4720656854 is an unknown value


---------------  P R O C E S S  ---------------

Threads class SMR info:
_java_thread_list=0x0000021f8aa95880, length=20, elements={
0x0000021fd3503150, 0x0000021ff8a3adb0, 0x0000021ff8a3c940, 0x0000021ff8a52640,
0x0000021ff8a52f00, 0x0000021ff8a537c0, 0x0000021ff8a54890, 0x0000021ff8a595b0,
0x0000021ff8a61ec0, 0x0000021ff9408070, 0x0000021ff95770c0, 0x0000021ff9580e10,
0x0000021ffcb1af90, 0x0000021f84afa1d0, 0x0000021ff9bf1a10, 0x0000021f9388b660,
0x0000021f935378f0, 0x0000021f8b316980, 0x0000021f84c7bbc0, 0x0000021f84c7b220
}

Java Threads: ( => current thread )
=>0x0000021fd3503150 JavaThread "main" [_thread_in_native, id=24452, stack(0x000000b971d00000,0x000000b971e00000)]
  0x0000021ff8a3adb0 JavaThread "Reference Handler" daemon [_thread_blocked, id=16876, stack(0x000000b972400000,0x000000b972500000)]
  0x0000021ff8a3c940 JavaThread "Finalizer" daemon [_thread_blocked, id=12092, stack(0x000000b972500000,0x000000b972600000)]
  0x0000021ff8a52640 JavaThread "Signal Dispatcher" daemon [_thread_blocked, id=4804, stack(0x000000b972600000,0x000000b972700000)]
  0x0000021ff8a52f00 JavaThread "Attach Listener" daemon [_thread_blocked, id=9864, stack(0x000000b972700000,0x000000b972800000)]
  0x0000021ff8a537c0 JavaThread "Service Thread" daemon [_thread_blocked, id=24196, stack(0x000000b972800000,0x000000b972900000)]
  0x0000021ff8a54890 JavaThread "Monitor Deflation Thread" daemon [_thread_blocked, id=23160, stack(0x000000b972900000,0x000000b972a00000)]
  0x0000021ff8a595b0 JavaThread "C2 CompilerThread0" daemon [_thread_blocked, id=19732, stack(0x000000b972a00000,0x000000b972b00000)]
  0x0000021ff8a61ec0 JavaThread "C1 CompilerThread0" daemon [_thread_blocked, id=23900, stack(0x000000b972b00000,0x000000b972c00000)]
  0x0000021ff9408070 JavaThread "Sweeper thread" daemon [_thread_blocked, id=17760, stack(0x000000b972c00000,0x000000b972d00000)]
  0x0000021ff95770c0 JavaThread "Notification Thread" daemon [_thread_blocked, id=19564, stack(0x000000b972e00000,0x000000b972f00000)]
  0x0000021ff9580e10 JavaThread "Common-Cleaner" daemon [_thread_blocked, id=19464, stack(0x000000b973000000,0x000000b973100000)]
  0x0000021ffcb1af90 JavaThread "LWJGL3 Timer" daemon [_thread_blocked, id=17456, stack(0x000000b973a00000,0x000000b973b00000)]
  0x0000021f84afa1d0 JavaThread "LWJGL3 Timer" daemon [_thread_blocked, id=17520, stack(0x000000b974a00000,0x000000b974b00000)]
  0x0000021ff9bf1a10 JavaThread "Java Sound Event Dispatcher" daemon [_thread_blocked, id=17276, stack(0x000000b974900000,0x000000b974a00000)]
  0x0000021f9388b660 JavaThread "Direct Clip" daemon [_thread_blocked, id=10220, stack(0x000000b975300000,0x000000b975400000)]
  0x0000021f935378f0 JavaThread "Direct Clip" daemon [_thread_blocked, id=23452, stack(0x000000b974000000,0x000000b974100000)]
  0x0000021f8b316980 JavaThread "Direct Clip" daemon [_thread_blocked, id=10372, stack(0x000000b974700000,0x000000b974800000)]
  0x0000021f84c7bbc0 JavaThread "Direct Clip" daemon [_thread_blocked, id=24404, stack(0x000000b974800000,0x000000b974900000)]
  0x0000021f84c7b220 JavaThread "Direct Clip" daemon [_thread_blocked, id=18720, stack(0x000000b975500000,0x000000b975600000)]

Other Threads:
  0x0000021ff8a363a0 VMThread "VM Thread" [stack: 0x000000b972300000,0x000000b972400000] [id=18504]
  0x0000021ff957c3d0 WatcherThread [stack: 0x000000b972f00000,0x000000b973000000] [id=25984]
  0x0000021fd355a770 GCTaskThread "GC Thread#0" [stack: 0x000000b971e00000,0x000000b971f00000] [id=20568]
  0x0000021ffc977000 GCTaskThread "GC Thread#1" [stack: 0x000000b973100000,0x000000b973200000] [id=18852]
  0x0000021ffc976290 GCTaskThread "GC Thread#2" [stack: 0x000000b973b00000,0x000000b973c00000] [id=3064]
  0x0000021ffc9747b0 GCTaskThread "GC Thread#3" [stack: 0x000000b973c00000,0x000000b973d00000] [id=21772]
  0x0000021ffc9767f0 GCTaskThread "GC Thread#4" [stack: 0x000000b973d00000,0x000000b973e00000] [id=7476]
  0x0000021ffc973fa0 GCTaskThread "GC Thread#5" [stack: 0x000000b973e00000,0x000000b973f00000] [id=11584]
  0x0000021ffc974250 GCTaskThread "GC Thread#6" [stack: 0x000000b973f00000,0x000000b974000000] [id=8476]
  0x0000021f8442b1d0 GCTaskThread "GC Thread#7" [stack: 0x000000b974d00000,0x000000b974e00000] [id=18860]
  0x0000021fd356bbd0 ConcurrentGCThread "G1 Main Marker" [stack: 0x000000b971f00000,0x000000b972000000] [id=18052]
  0x0000021fd356cc90 ConcurrentGCThread "G1 Conc#0" [stack: 0x000000b972000000,0x000000b972100000] [id=10108]
  0x0000021ff88d34d0 ConcurrentGCThread "G1 Refine#0" [stack: 0x000000b972100000,0x000000b972200000] [id=23084]
  0x0000021f8aacd520 ConcurrentGCThread "G1 Refine#1" [stack: 0x000000b974e00000,0x000000b974f00000] [id=20960]
  0x0000021f849920a0 ConcurrentGCThread "G1 Refine#2" [stack: 0x000000b974f00000,0x000000b975000000] [id=11588]
  0x0000021ff98be850 ConcurrentGCThread "G1 Refine#3" [stack: 0x000000b975000000,0x000000b975100000] [id=27000]
  0x0000021f8414f2b0 ConcurrentGCThread "G1 Refine#4" [stack: 0x000000b975100000,0x000000b975200000] [id=11400]
  0x0000021ffcc6e9a0 ConcurrentGCThread "G1 Refine#5" [stack: 0x000000b975200000,0x000000b975300000] [id=15584]
  0x0000021fd35dab20 ConcurrentGCThread "G1 Service" [stack: 0x000000b972200000,0x000000b972300000] [id=8032]

Threads with active compile tasks:

VM state: not at safepoint (normal execution)

VM Mutex/Monitor currently owned by a thread: None

Heap address: 0x000000070a000000, size: 3936 MB, Compressed Oops mode: Zero based, Oop shift amount: 3

CDS archive(s) mapped at: [0x0000000800000000-0x0000000800bc0000-0x0000000800bc0000), size 12320768, SharedBaseAddress: 0x0000000800000000, ArchiveRelocationMode: 0.
Compressed class space mapped at: 0x0000000800c00000-0x0000000840c00000, reserved size: 1073741824
Narrow klass base: 0x0000000800000000, Narrow klass shift: 0, Narrow klass range: 0x100000000

GC Precious Log:
 CPUs: 16 total, 16 available
 Memory: 15741M
 Large Page Support: Disabled
 NUMA Support: Disabled
 Compressed Oops: Enabled (Zero based)
 Heap Region Size: 2M
 Heap Min Capacity: 8M
 Heap Initial Capacity: 246M
 Heap Max Capacity: 3936M
 Pre-touch: Disabled
 Parallel Workers: 13
 Concurrent Workers: 3
 Concurrent Refinement Workers: 13
 Periodic GC: Disabled

Heap:
 garbage-first heap   total 251904K, used 132824K [0x000000070a000000, 0x0000000800000000)
  region size 2048K, 46 young (94208K), 5 survivors (10240K)
 Metaspace       used 10340K, committed 10496K, reserved 1064960K
  class space    used 728K, committed 768K, reserved 1048576K

Heap Regions: E=young(eden), S=young(survivor), O=old, HS=humongous(starts), HC=humongous(continues), CS=collection set, F=free, OA=open archive, CA=closed archive, TAMS=top-at-mark-start (previous, next)
|   0|0x000000070a000000, 0x000000070a200000, 0x000000070a200000|100%| O|  |TAMS 0x000000070a000000, 0x000000070a000000| Untracked 
|   1|0x000000070a200000, 0x000000070a400000, 0x000000070a400000|100%|HS|  |TAMS 0x000000070a200000, 0x000000070a200000| Complete 
|   2|0x000000070a400000, 0x000000070a600000, 0x000000070a600000|100%|HS|  |TAMS 0x000000070a400000, 0x000000070a400000| Complete 
|   3|0x000000070a600000, 0x000000070a800000, 0x000000070a800000|100%|HS|  |TAMS 0x000000070a600000, 0x000000070a600000| Complete 
|   4|0x000000070a800000, 0x000000070aa00000, 0x000000070aa00000|100%| O|  |TAMS 0x000000070a800000, 0x000000070a800000| Untracked 
|   5|0x000000070aa00000, 0x000000070ac00000, 0x000000070ac00000|100%| O|  |TAMS 0x000000070aa00000, 0x000000070aa00000| Untracked 
|   6|0x000000070ac00000, 0x000000070ae00000, 0x000000070ae00000|100%| O|  |TAMS 0x000000070ac00000, 0x000000070ac00000| Untracked 
|   7|0x000000070ae00000, 0x000000070b000000, 0x000000070b000000|100%| O|  |TAMS 0x000000070ae00000, 0x000000070ae00000| Untracked 
|   8|0x000000070b000000, 0x000000070b200000, 0x000000070b200000|100%| O|  |TAMS 0x000000070b000000, 0x000000070b000000| Untracked 
|   9|0x000000070b200000, 0x000000070b400000, 0x000000070b400000|100%| O|  |TAMS 0x000000070b200000, 0x000000070b200000| Untracked 
|  10|0x000000070b400000, 0x000000070b600000, 0x000000070b600000|100%| O|  |TAMS 0x000000070b400000, 0x000000070b400000| Untracked 
|  11|0x000000070b600000, 0x000000070b6b2e00, 0x000000070b800000| 34%| O|  |TAMS 0x000000070b600000, 0x000000070b600000| Untracked 
|  12|0x000000070b800000, 0x000000070ba00000, 0x000000070ba00000|100%|HS|  |TAMS 0x000000070b800000, 0x000000070b800000| Complete 
|  13|0x000000070ba00000, 0x000000070bc00000, 0x000000070bc00000|100%|HS|  |TAMS 0x000000070ba00000, 0x000000070ba00000| Complete 
|  14|0x000000070bc00000, 0x000000070be00000, 0x000000070be00000|100%|HS|  |TAMS 0x000000070bc00000, 0x000000070bc00000| Complete 
|  15|0x000000070be00000, 0x000000070c000000, 0x000000070c000000|100%|HS|  |TAMS 0x000000070be00000, 0x000000070be00000| Complete 
|  16|0x000000070c000000, 0x000000070c200000, 0x000000070c200000|100%|HS|  |TAMS 0x000000070c000000, 0x000000070c000000| Complete 
|  17|0x000000070c200000, 0x000000070c400000, 0x000000070c400000|100%|HS|  |TAMS 0x000000070c200000, 0x000000070c200000| Complete 
|  18|0x000000070c400000, 0x000000070c600000, 0x000000070c600000|100%|HS|  |TAMS 0x000000070c400000, 0x000000070c400000| Complete 
|  19|0x000000070c600000, 0x000000070c800000, 0x000000070c800000|100%|HS|  |TAMS 0x000000070c600000, 0x000000070c600000| Complete 
|  20|0x000000070c800000, 0x000000070ca00000, 0x000000070ca00000|100%|HS|  |TAMS 0x000000070c800000, 0x000000070c800000| Complete 
|  21|0x000000070ca00000, 0x000000070ca00000, 0x000000070cc00000|  0%| F|  |TAMS 0x000000070ca00000, 0x000000070ca00000| Untracked 
|  22|0x000000070cc00000, 0x000000070cc00000, 0x000000070ce00000|  0%| F|  |TAMS 0x000000070cc00000, 0x000000070cc00000| Untracked 
|  23|0x000000070ce00000, 0x000000070ce00000, 0x000000070d000000|  0%| F|  |TAMS 0x000000070ce00000, 0x000000070ce00000| Untracked 
|  24|0x000000070d000000, 0x000000070d000000, 0x000000070d200000|  0%| F|  |TAMS 0x000000070d000000, 0x000000070d000000| Untracked 
|  25|0x000000070d200000, 0x000000070d200000, 0x000000070d400000|  0%| F|  |TAMS 0x000000070d200000, 0x000000070d200000| Untracked 
|  26|0x000000070d400000, 0x000000070d400000, 0x000000070d600000|  0%| F|  |TAMS 0x000000070d400000, 0x000000070d400000| Untracked 
|  27|0x000000070d600000, 0x000000070d600000, 0x000000070d800000|  0%| F|  |TAMS 0x000000070d600000, 0x000000070d600000| Untracked 
|  28|0x000000070d800000, 0x000000070d800000, 0x000000070da00000|  0%| F|  |TAMS 0x000000070d800000, 0x000000070d800000| Untracked 
|  29|0x000000070da00000, 0x000000070da00000, 0x000000070dc00000|  0%| F|  |TAMS 0x000000070da00000, 0x000000070da00000| Untracked 
|  30|0x000000070dc00000, 0x000000070dc00000, 0x000000070de00000|  0%| F|  |TAMS 0x000000070dc00000, 0x000000070dc00000| Untracked 
|  31|0x000000070de00000, 0x000000070de00000, 0x000000070e000000|  0%| F|  |TAMS 0x000000070de00000, 0x000000070de00000| Untracked 
|  32|0x000000070e000000, 0x000000070e000000, 0x000000070e200000|  0%| F|  |TAMS 0x000000070e000000, 0x000000070e000000| Untracked 
|  33|0x000000070e200000, 0x000000070e200000, 0x000000070e400000|  0%| F|  |TAMS 0x000000070e200000, 0x000000070e200000| Untracked 
|  34|0x000000070e400000, 0x000000070e400000, 0x000000070e600000|  0%| F|  |TAMS 0x000000070e400000, 0x000000070e400000| Untracked 
|  35|0x000000070e600000, 0x000000070e600000, 0x000000070e800000|  0%| F|  |TAMS 0x000000070e600000, 0x000000070e600000| Untracked 
|  36|0x000000070e800000, 0x000000070e800000, 0x000000070ea00000|  0%| F|  |TAMS 0x000000070e800000, 0x000000070e800000| Untracked 
|  37|0x000000070ea00000, 0x000000070ea00000, 0x000000070ec00000|  0%| F|  |TAMS 0x000000070ea00000, 0x000000070ea00000| Untracked 
|  38|0x000000070ec00000, 0x000000070ec00000, 0x000000070ee00000|  0%| F|  |TAMS 0x000000070ec00000, 0x000000070ec00000| Untracked 
|  39|0x000000070ee00000, 0x000000070ee00000, 0x000000070f000000|  0%| F|  |TAMS 0x000000070ee00000, 0x000000070ee00000| Untracked 
|  40|0x000000070f000000, 0x000000070f000000, 0x000000070f200000|  0%| F|  |TAMS 0x000000070f000000, 0x000000070f000000| Untracked 
|  41|0x000000070f200000, 0x000000070f200000, 0x000000070f400000|  0%| F|  |TAMS 0x000000070f200000, 0x000000070f200000| Untracked 
|  42|0x000000070f400000, 0x000000070f400000, 0x000000070f600000|  0%| F|  |TAMS 0x000000070f400000, 0x000000070f400000| Untracked 
|  43|0x000000070f600000, 0x000000070f600000, 0x000000070f800000|  0%| F|  |TAMS 0x000000070f600000, 0x000000070f600000| Untracked 
|  44|0x000000070f800000, 0x000000070f800000, 0x000000070fa00000|  0%| F|  |TAMS 0x000000070f800000, 0x000000070f800000| Untracked 
|  45|0x000000070fa00000, 0x000000070fb03500, 0x000000070fc00000| 50%| S|CS|TAMS 0x000000070fa00000, 0x000000070fa00000| Complete 
|  46|0x000000070fc00000, 0x000000070fe00000, 0x000000070fe00000|100%| S|CS|TAMS 0x000000070fc00000, 0x000000070fc00000| Complete 
|  47|0x000000070fe00000, 0x000000070fe00000, 0x0000000710000000|  0%| F|  |TAMS 0x000000070fe00000, 0x000000070fe00000| Untracked 
|  48|0x0000000710000000, 0x0000000710200000, 0x0000000710200000|100%| S|CS|TAMS 0x0000000710000000, 0x0000000710000000| Complete 
|  49|0x0000000710200000, 0x0000000710400000, 0x0000000710400000|100%| S|CS|TAMS 0x0000000710200000, 0x0000000710200000| Complete 
|  50|0x0000000710400000, 0x0000000710400000, 0x0000000710600000|  0%| F|  |TAMS 0x0000000710400000, 0x0000000710400000| Untracked 
|  51|0x0000000710600000, 0x0000000710600000, 0x0000000710800000|  0%| F|  |TAMS 0x0000000710600000, 0x0000000710600000| Untracked 
|  52|0x0000000710800000, 0x0000000710a00000, 0x0000000710a00000|100%| S|CS|TAMS 0x0000000710800000, 0x0000000710800000| Complete 
|  53|0x0000000710a00000, 0x0000000710a00000, 0x0000000710c00000|  0%| F|  |TAMS 0x0000000710a00000, 0x0000000710a00000| Untracked 
|  54|0x0000000710c00000, 0x0000000710c00000, 0x0000000710e00000|  0%| F|  |TAMS 0x0000000710c00000, 0x0000000710c00000| Untracked 
|  55|0x0000000710e00000, 0x0000000710e00000, 0x0000000711000000|  0%| F|  |TAMS 0x0000000710e00000, 0x0000000710e00000| Untracked 
|  56|0x0000000711000000, 0x0000000711000000, 0x0000000711200000|  0%| F|  |TAMS 0x0000000711000000, 0x0000000711000000| Untracked 
|  57|0x0000000711200000, 0x0000000711200000, 0x0000000711400000|  0%| F|  |TAMS 0x0000000711200000, 0x0000000711200000| Untracked 
|  58|0x0000000711400000, 0x0000000711400000, 0x0000000711600000|  0%| F|  |TAMS 0x0000000711400000, 0x0000000711400000| Untracked 
|  59|0x0000000711600000, 0x0000000711600000, 0x0000000711800000|  0%| F|  |TAMS 0x0000000711600000, 0x0000000711600000| Untracked 
|  60|0x0000000711800000, 0x0000000711800000, 0x0000000711a00000|  0%| F|  |TAMS 0x0000000711800000, 0x0000000711800000| Untracked 
|  61|0x0000000711a00000, 0x0000000711a00000, 0x0000000711c00000|  0%| F|  |TAMS 0x0000000711a00000, 0x0000000711a00000| Untracked 
|  62|0x0000000711c00000, 0x0000000711c00000, 0x0000000711e00000|  0%| F|  |TAMS 0x0000000711c00000, 0x0000000711c00000| Untracked 
|  63|0x0000000711e00000, 0x0000000711e00000, 0x0000000712000000|  0%| F|  |TAMS 0x0000000711e00000, 0x0000000711e00000| Untracked 
|  64|0x0000000712000000, 0x0000000712000000, 0x0000000712200000|  0%| F|  |TAMS 0x0000000712000000, 0x0000000712000000| Untracked 
|  65|0x0000000712200000, 0x0000000712200000, 0x0000000712400000|  0%| F|  |TAMS 0x0000000712200000, 0x0000000712200000| Untracked 
|  66|0x0000000712400000, 0x0000000712400000, 0x0000000712600000|  0%| F|  |TAMS 0x0000000712400000, 0x0000000712400000| Untracked 
|  67|0x0000000712600000, 0x0000000712600000, 0x0000000712800000|  0%| F|  |TAMS 0x0000000712600000, 0x0000000712600000| Untracked 
|  68|0x0000000712800000, 0x0000000712800000, 0x0000000712a00000|  0%| F|  |TAMS 0x0000000712800000, 0x0000000712800000| Untracked 
|  69|0x0000000712a00000, 0x0000000712a00000, 0x0000000712c00000|  0%| F|  |TAMS 0x0000000712a00000, 0x0000000712a00000| Untracked 
|  70|0x0000000712c00000, 0x0000000712c00000, 0x0000000712e00000|  0%| F|  |TAMS 0x0000000712c00000, 0x0000000712c00000| Untracked 
|  71|0x0000000712e00000, 0x0000000712e00000, 0x0000000713000000|  0%| F|  |TAMS 0x0000000712e00000, 0x0000000712e00000| Untracked 
|  72|0x0000000713000000, 0x0000000713000000, 0x0000000713200000|  0%| F|  |TAMS 0x0000000713000000, 0x0000000713000000| Untracked 
|  73|0x0000000713200000, 0x0000000713200000, 0x0000000713400000|  0%| F|  |TAMS 0x0000000713200000, 0x0000000713200000| Untracked 
|  74|0x0000000713400000, 0x0000000713400000, 0x0000000713600000|  0%| F|  |TAMS 0x0000000713400000, 0x0000000713400000| Untracked 
|  75|0x0000000713600000, 0x0000000713600000, 0x0000000713800000|  0%| F|  |TAMS 0x0000000713600000, 0x0000000713600000| Untracked 
|  76|0x0000000713800000, 0x0000000713800000, 0x0000000713a00000|  0%| F|  |TAMS 0x0000000713800000, 0x0000000713800000| Untracked 
|  77|0x0000000713a00000, 0x0000000713a00000, 0x0000000713c00000|  0%| F|  |TAMS 0x0000000713a00000, 0x0000000713a00000| Untracked 
|  78|0x0000000713c00000, 0x0000000713c00000, 0x0000000713e00000|  0%| F|  |TAMS 0x0000000713c00000, 0x0000000713c00000| Untracked 
|  79|0x0000000713e00000, 0x0000000713e00000, 0x0000000714000000|  0%| F|  |TAMS 0x0000000713e00000, 0x0000000713e00000| Untracked 
|  80|0x0000000714000000, 0x0000000714000000, 0x0000000714200000|  0%| F|  |TAMS 0x0000000714000000, 0x0000000714000000| Untracked 
|  81|0x0000000714200000, 0x0000000714200000, 0x0000000714400000|  0%| F|  |TAMS 0x0000000714200000, 0x0000000714200000| Untracked 
|  82|0x0000000714400000, 0x0000000714500800, 0x0000000714600000| 50%| E|  |TAMS 0x0000000714400000, 0x0000000714400000| Complete 
|  83|0x0000000714600000, 0x0000000714800000, 0x0000000714800000|100%| E|CS|TAMS 0x0000000714600000, 0x0000000714600000| Complete 
|  84|0x0000000714800000, 0x0000000714a00000, 0x0000000714a00000|100%| E|CS|TAMS 0x0000000714800000, 0x0000000714800000| Complete 
|  85|0x0000000714a00000, 0x0000000714c00000, 0x0000000714c00000|100%| E|CS|TAMS 0x0000000714a00000, 0x0000000714a00000| Complete 
|  86|0x0000000714c00000, 0x0000000714e00000, 0x0000000714e00000|100%| E|CS|TAMS 0x0000000714c00000, 0x0000000714c00000| Complete 
|  87|0x0000000714e00000, 0x0000000715000000, 0x0000000715000000|100%| E|CS|TAMS 0x0000000714e00000, 0x0000000714e00000| Complete 
|  88|0x0000000715000000, 0x0000000715200000, 0x0000000715200000|100%| E|CS|TAMS 0x0000000715000000, 0x0000000715000000| Complete 
|  89|0x0000000715200000, 0x0000000715400000, 0x0000000715400000|100%| E|CS|TAMS 0x0000000715200000, 0x0000000715200000| Complete 
|  90|0x0000000715400000, 0x0000000715600000, 0x0000000715600000|100%| E|CS|TAMS 0x0000000715400000, 0x0000000715400000| Complete 
|  91|0x0000000715600000, 0x0000000715800000, 0x0000000715800000|100%| E|CS|TAMS 0x0000000715600000, 0x0000000715600000| Complete 
|  92|0x0000000715800000, 0x0000000715a00000, 0x0000000715a00000|100%| E|CS|TAMS 0x0000000715800000, 0x0000000715800000| Complete 
|  93|0x0000000715a00000, 0x0000000715c00000, 0x0000000715c00000|100%| E|CS|TAMS 0x0000000715a00000, 0x0000000715a00000| Complete 
|  94|0x0000000715c00000, 0x0000000715e00000, 0x0000000715e00000|100%| E|CS|TAMS 0x0000000715c00000, 0x0000000715c00000| Complete 
|  95|0x0000000715e00000, 0x0000000716000000, 0x0000000716000000|100%| E|CS|TAMS 0x0000000715e00000, 0x0000000715e00000| Complete 
|  96|0x0000000716000000, 0x0000000716200000, 0x0000000716200000|100%| E|CS|TAMS 0x0000000716000000, 0x0000000716000000| Complete 
|  97|0x0000000716200000, 0x0000000716400000, 0x0000000716400000|100%| E|CS|TAMS 0x0000000716200000, 0x0000000716200000| Complete 
|  98|0x0000000716400000, 0x0000000716600000, 0x0000000716600000|100%| E|CS|TAMS 0x0000000716400000, 0x0000000716400000| Complete 
|  99|0x0000000716600000, 0x0000000716800000, 0x0000000716800000|100%| E|CS|TAMS 0x0000000716600000, 0x0000000716600000| Complete 
| 100|0x0000000716800000, 0x0000000716a00000, 0x0000000716a00000|100%| E|CS|TAMS 0x0000000716800000, 0x0000000716800000| Complete 
| 101|0x0000000716a00000, 0x0000000716c00000, 0x0000000716c00000|100%| E|CS|TAMS 0x0000000716a00000, 0x0000000716a00000| Complete 
| 102|0x0000000716c00000, 0x0000000716e00000, 0x0000000716e00000|100%| E|CS|TAMS 0x0000000716c00000, 0x0000000716c00000| Complete 
| 103|0x0000000716e00000, 0x0000000717000000, 0x0000000717000000|100%| E|CS|TAMS 0x0000000716e00000, 0x0000000716e00000| Complete 
| 104|0x0000000717000000, 0x0000000717200000, 0x0000000717200000|100%| E|CS|TAMS 0x0000000717000000, 0x0000000717000000| Complete 
| 105|0x0000000717200000, 0x0000000717400000, 0x0000000717400000|100%| E|CS|TAMS 0x0000000717200000, 0x0000000717200000| Complete 
| 106|0x0000000717400000, 0x0000000717600000, 0x0000000717600000|100%| E|CS|TAMS 0x0000000717400000, 0x0000000717400000| Complete 
| 107|0x0000000717600000, 0x0000000717800000, 0x0000000717800000|100%| E|CS|TAMS 0x0000000717600000, 0x0000000717600000| Complete 
| 108|0x0000000717800000, 0x0000000717a00000, 0x0000000717a00000|100%| E|CS|TAMS 0x0000000717800000, 0x0000000717800000| Complete 
| 109|0x0000000717a00000, 0x0000000717c00000, 0x0000000717c00000|100%| E|CS|TAMS 0x0000000717a00000, 0x0000000717a00000| Complete 
| 110|0x0000000717c00000, 0x0000000717e00000, 0x0000000717e00000|100%| E|CS|TAMS 0x0000000717c00000, 0x0000000717c00000| Complete 
| 111|0x0000000717e00000, 0x0000000718000000, 0x0000000718000000|100%| E|CS|TAMS 0x0000000717e00000, 0x0000000717e00000| Complete 
| 112|0x0000000718000000, 0x0000000718200000, 0x0000000718200000|100%| E|CS|TAMS 0x0000000718000000, 0x0000000718000000| Complete 
| 113|0x0000000718200000, 0x0000000718400000, 0x0000000718400000|100%| E|CS|TAMS 0x0000000718200000, 0x0000000718200000| Complete 
| 114|0x0000000718400000, 0x0000000718600000, 0x0000000718600000|100%| E|CS|TAMS 0x0000000718400000, 0x0000000718400000| Complete 
| 115|0x0000000718600000, 0x0000000718800000, 0x0000000718800000|100%| E|CS|TAMS 0x0000000718600000, 0x0000000718600000| Complete 
| 116|0x0000000718800000, 0x0000000718a00000, 0x0000000718a00000|100%| E|CS|TAMS 0x0000000718800000, 0x0000000718800000| Complete 
| 117|0x0000000718a00000, 0x0000000718c00000, 0x0000000718c00000|100%| E|CS|TAMS 0x0000000718a00000, 0x0000000718a00000| Complete 
| 118|0x0000000718c00000, 0x0000000718e00000, 0x0000000718e00000|100%| E|CS|TAMS 0x0000000718c00000, 0x0000000718c00000| Complete 
| 119|0x0000000718e00000, 0x0000000719000000, 0x0000000719000000|100%| E|CS|TAMS 0x0000000718e00000, 0x0000000718e00000| Complete 
| 120|0x0000000719000000, 0x0000000719200000, 0x0000000719200000|100%| E|CS|TAMS 0x0000000719000000, 0x0000000719000000| Complete 
| 121|0x0000000719200000, 0x0000000719400000, 0x0000000719400000|100%| E|CS|TAMS 0x0000000719200000, 0x0000000719200000| Complete 
| 122|0x0000000719400000, 0x0000000719600000, 0x0000000719600000|100%| E|CS|TAMS 0x0000000719400000, 0x0000000719400000| Complete 

Card table byte_map: [0x0000021fecf80000,0x0000021fed730000] _byte_map_base: 0x0000021fe9730000

Marking Bits (Prev, Next): (CMBitMap*) 0x0000021fd355bca0, (CMBitMap*) 0x0000021fd355bce0
 Prev Bits: [0x0000021fedee0000, 0x0000021ff1c60000)
 Next Bits: [0x0000021ff1c60000, 0x0000021ff59e0000)

Polling page: 0x0000021fd32f0000

Metaspace:

Usage:
  Non-class:      9.39 MB used.
      Class:    728.69 KB used.
       Both:     10.10 MB used.

Virtual space:
  Non-class space:       16.00 MB reserved,       9.50 MB ( 59%) committed,  2 nodes.
      Class space:        1.00 GB reserved,     768.00 KB ( <1%) committed,  1 nodes.
             Both:        1.02 GB reserved,      10.25 MB ( <1%) committed. 

Chunk freelists:
   Non-Class:  624.00 KB
       Class:  3.19 MB
        Both:  3.80 MB

MaxMetaspaceSize: unlimited
CompressedClassSpaceSize: 1.00 GB
Initial GC threshold: 21.00 MB
Current GC threshold: 21.00 MB
CDS: on
MetaspaceReclaimPolicy: balanced
 - commit_granule_bytes: 65536.
 - commit_granule_words: 8192.
 - virtual_space_node_default_size: 1048576.
 - enlarge_chunks_in_place: 1.
 - new_chunks_are_fully_committed: 0.
 - uncommit_free_chunks: 1.
 - use_allocation_guard: 0.
 - handle_deallocations: 1.


Internal statistics:

num_allocs_failed_limit: 0.
num_arena_births: 44.
num_arena_deaths: 0.
num_vsnodes_births: 3.
num_vsnodes_deaths: 0.
num_space_committed: 162.
num_space_uncommitted: 0.
num_chunks_returned_to_freelist: 0.
num_chunks_taken_from_freelist: 323.
num_chunk_merges: 0.
num_chunk_splits: 275.
num_chunks_enlarged: 250.
num_purges: 0.
num_inconsistent_stats: 0.

CodeHeap 'non-profiled nmethods': size=119168Kb used=2299Kb max_used=2299Kb free=116868Kb
 bounds [0x0000021fe4370000, 0x0000021fe45e0000, 0x0000021feb7d0000]
CodeHeap 'profiled nmethods': size=119104Kb used=4259Kb max_used=4259Kb free=114844Kb
 bounds [0x0000021fdcf20000, 0x0000021fdd350000, 0x0000021fe4370000]
CodeHeap 'non-nmethods': size=7488Kb used=1662Kb max_used=3382Kb free=5825Kb
 bounds [0x0000021fdc7d0000, 0x0000021fdcb30000, 0x0000021fdcf20000]
 total_blobs=3511 nmethods=2402 adapters=1022
 compilation: enabled
              stopped_count=0, restarted_count=0
 full_count=0

Compilation events (20 events):
Event: 50.512 Thread 0x0000021ff8a595b0 nmethod 2389% 0x0000021fe45a3710 code [0x0000021fe45a38e0, 0x0000021fe45a4628]
Event: 50.512 Thread 0x0000021ff8a595b0 2392 %     4       com.crazyputting3d.Engine.physicsEngine::get_ball_coordinatesZ @ 13 (87 bytes)
Event: 50.521 Thread 0x0000021ff8a595b0 nmethod 2392% 0x0000021fe45a4c10 code [0x0000021fe45a4de0, 0x0000021fe45a5b28]
Event: 50.987 Thread 0x0000021ff8a61ec0 2393       1       java.lang.reflect.Method::getName (5 bytes)
Event: 50.988 Thread 0x0000021ff8a61ec0 nmethod 2393 0x0000021fe45a6110 code [0x0000021fe45a62a0, 0x0000021fe45a6378]
Event: 50.988 Thread 0x0000021ff8a61ec0 2394       3       java.util.Arrays::copyOf (10 bytes)
Event: 50.988 Thread 0x0000021ff8a61ec0 nmethod 2394 0x0000021fdd344190 code [0x0000021fdd344340, 0x0000021fdd344488]
Event: 50.988 Thread 0x0000021ff8a61ec0 2395       3       javax.sound.sampled.AudioFormat::matches (139 bytes)
Event: 50.988 Thread 0x0000021ff8a595b0 2399   !   4       jdk.internal.loader.URLClassPath$JarLoader::getResource (354 bytes)
Event: 50.989 Thread 0x0000021ff8a61ec0 nmethod 2395 0x0000021fdd344590 code [0x0000021fdd344800, 0x0000021fdd3453a8]
Event: 50.989 Thread 0x0000021ff8a61ec0 2397       3       java.util.HashMap::<init> (11 bytes)
Event: 50.989 Thread 0x0000021ff8a61ec0 nmethod 2397 0x0000021fdd345510 code [0x0000021fdd3456c0, 0x0000021fdd345898]
Event: 50.989 Thread 0x0000021ff8a61ec0 2396       1       javax.sound.sampled.AudioFormat::getSampleRate (5 bytes)
Event: 50.989 Thread 0x0000021ff8a61ec0 nmethod 2396 0x0000021fe45a6410 code [0x0000021fe45a65a0, 0x0000021fe45a6678]
Event: 50.989 Thread 0x0000021ff8a61ec0 2398       3       java.lang.Class::getReflectionFactory (26 bytes)
Event: 50.989 Thread 0x0000021ff8a61ec0 nmethod 2398 0x0000021fdd345990 code [0x0000021fdd345bc0, 0x0000021fdd346478]
Event: 51.029 Thread 0x0000021ff8a595b0 nmethod 2399 0x0000021fe45a6710 code [0x0000021fe45a6ae0, 0x0000021fe45a90f0]
Event: 51.096 Thread 0x0000021ff8a595b0 2400       4       java.util.Formatter$FormatSpecifier::print (925 bytes)
Event: 51.136 Thread 0x0000021ff8a595b0 nmethod 2400 0x0000021fe45aae90 code [0x0000021fe45ab160, 0x0000021fe45ad060]
Event: 55.415 Thread 0x0000021ff8a61ec0 2403       3       com.badlogic.gdx.scenes.scene2d.ui.Image::draw (200 bytes)

GC Heap History (12 events):
Event: 2.260 GC heap before
{Heap before GC invocations=0 (full 0):
 garbage-first heap   total 251904K, used 22528K [0x000000070a000000, 0x0000000800000000)
  region size 2048K, 11 young (22528K), 0 survivors (0K)
 Metaspace       used 7335K, committed 7488K, reserved 1064960K
  class space    used 457K, committed 512K, reserved 1048576K
}
Event: 2.263 GC heap after
{Heap after GC invocations=1 (full 0):
 garbage-first heap   total 251904K, used 2713K [0x000000070a000000, 0x0000000800000000)
  region size 2048K, 2 young (4096K), 2 survivors (4096K)
 Metaspace       used 7335K, committed 7488K, reserved 1064960K
  class space    used 457K, committed 512K, reserved 1048576K
}
Event: 5.382 GC heap before
{Heap before GC invocations=1 (full 0):
 garbage-first heap   total 251904K, used 43673K [0x000000070a000000, 0x0000000800000000)
  region size 2048K, 19 young (38912K), 2 survivors (4096K)
 Metaspace       used 9740K, committed 9856K, reserved 1064960K
  class space    used 677K, committed 704K, reserved 1048576K
}
Event: 5.391 GC heap after
{Heap after GC invocations=2 (full 0):
 garbage-first heap   total 251904K, used 22714K [0x000000070a000000, 0x0000000800000000)
  region size 2048K, 3 young (6144K), 3 survivors (6144K)
 Metaspace       used 9740K, committed 9856K, reserved 1064960K
  class space    used 677K, committed 704K, reserved 1048576K
}
Event: 5.862 GC heap before
{Heap before GC invocations=2 (full 0):
 garbage-first heap   total 251904K, used 28858K [0x000000070a000000, 0x0000000800000000)
  region size 2048K, 6 young (12288K), 3 survivors (6144K)
 Metaspace       used 9812K, committed 9920K, reserved 1064960K
  class space    used 677K, committed 704K, reserved 1048576K
}
Event: 5.867 GC heap after
{Heap after GC invocations=3 (full 0):
 garbage-first heap   total 251904K, used 23795K [0x000000070a000000, 0x0000000800000000)
  region size 2048K, 1 young (2048K), 1 survivors (2048K)
 Metaspace       used 9812K, committed 9920K, reserved 1064960K
  class space    used 677K, committed 704K, reserved 1048576K
}
Event: 19.810 GC heap before
{Heap before GC invocations=3 (full 0):
 garbage-first heap   total 251904K, used 177395K [0x000000070a000000, 0x0000000800000000)
  region size 2048K, 73 young (149504K), 1 survivors (2048K)
 Metaspace       used 10316K, committed 10432K, reserved 1064960K
  class space    used 727K, committed 768K, reserved 1048576K
}
Event: 19.813 GC heap after
{Heap after GC invocations=4 (full 0):
 garbage-first heap   total 251904K, used 33031K [0x000000070a000000, 0x0000000800000000)
  region size 2048K, 2 young (4096K), 2 survivors (4096K)
 Metaspace       used 10316K, committed 10432K, reserved 1064960K
  class space    used 727K, committed 768K, reserved 1048576K
}
Event: 34.866 GC heap before
{Heap before GC invocations=4 (full 0):
 garbage-first heap   total 251904K, used 178439K [0x000000070a000000, 0x0000000800000000)
  region size 2048K, 73 young (149504K), 2 survivors (4096K)
 Metaspace       used 10317K, committed 10432K, reserved 1064960K
  class space    used 727K, committed 768K, reserved 1048576K
}
Event: 34.869 GC heap after
{Heap after GC invocations=5 (full 0):
 garbage-first heap   total 251904K, used 35145K [0x000000070a000000, 0x0000000800000000)
  region size 2048K, 3 young (6144K), 3 survivors (6144K)
 Metaspace       used 10317K, committed 10432K, reserved 1064960K
  class space    used 727K, committed 768K, reserved 1048576K
}
Event: 47.820 GC heap before
{Heap before GC invocations=5 (full 0):
 garbage-first heap   total 251904K, used 184649K [0x000000070a000000, 0x0000000800000000)
  region size 2048K, 73 young (149504K), 3 survivors (6144K)
 Metaspace       used 10320K, committed 10432K, reserved 1064960K
  class space    used 727K, committed 768K, reserved 1048576K
}
Event: 47.825 GC heap after
{Heap after GC invocations=6 (full 0):
 garbage-first heap   total 251904K, used 44760K [0x000000070a000000, 0x0000000800000000)
  region size 2048K, 5 young (10240K), 5 survivors (10240K)
 Metaspace       used 10320K, committed 10432K, reserved 1064960K
  class space    used 727K, committed 768K, reserved 1048576K
}

Deoptimization events (20 events):
Event: 45.371 Thread 0x0000021fd3503150 Uncommon trap: trap_request=0xffffff45 fr.pc=0x0000021fe45883ec relative=0x00000000000021ac
Event: 45.371 Thread 0x0000021fd3503150 Uncommon trap: reason=unstable_if action=reinterpret pc=0x0000021fe45883ec method=com.badlogic.gdx.utils.TimSort.mergeLo(IIII)V @ 272 c2
Event: 45.371 Thread 0x0000021fd3503150 DEOPT PACKING pc=0x0000021fe45883ec sp=0x000000b971dfed70
Event: 45.371 Thread 0x0000021fd3503150 DEOPT UNPACKING pc=0x0000021fdc8223a3 sp=0x000000b971dfed88 mode 2
Event: 45.388 Thread 0x0000021fd3503150 Uncommon trap: trap_request=0xffffff45 fr.pc=0x0000021fe4454a94 relative=0x00000000000025f4
Event: 45.388 Thread 0x0000021fd3503150 Uncommon trap: reason=unstable_if action=reinterpret pc=0x0000021fe4454a94 method=com.badlogic.gdx.utils.TimSort.mergeLo(IIII)V @ 392 c2
Event: 45.388 Thread 0x0000021fd3503150 DEOPT PACKING pc=0x0000021fe4454a94 sp=0x000000b971dfed90
Event: 45.388 Thread 0x0000021fd3503150 DEOPT UNPACKING pc=0x0000021fdc8223a3 sp=0x000000b971dfed88 mode 2
Event: 45.504 Thread 0x0000021fd3503150 DEOPT PACKING pc=0x0000021fdd33a788 sp=0x000000b971dfedf0
Event: 45.504 Thread 0x0000021fd3503150 DEOPT UNPACKING pc=0x0000021fdc822b43 sp=0x000000b971dfe2c8 mode 0
Event: 45.505 Thread 0x0000021fd3503150 DEOPT PACKING pc=0x0000021fdd33a788 sp=0x000000b971dfedf0
Event: 45.505 Thread 0x0000021fd3503150 DEOPT UNPACKING pc=0x0000021fdc822b43 sp=0x000000b971dfe2c8 mode 0
Event: 45.520 Thread 0x0000021fd3503150 DEOPT PACKING pc=0x0000021fdd33a788 sp=0x000000b971dfedf0
Event: 45.520 Thread 0x0000021fd3503150 DEOPT UNPACKING pc=0x0000021fdc822b43 sp=0x000000b971dfe2c8 mode 0
Event: 50.246 Thread 0x0000021fd3503150 DEOPT PACKING pc=0x0000021fdd2d504b sp=0x000000b971dfece0
Event: 50.246 Thread 0x0000021fd3503150 DEOPT UNPACKING pc=0x0000021fdc822b43 sp=0x000000b971dfe118 mode 0
Event: 50.478 Thread 0x0000021fd3503150 Uncommon trap: trap_request=0xffffff45 fr.pc=0x0000021fe4558ac4 relative=0x0000000000000144
Event: 50.478 Thread 0x0000021fd3503150 Uncommon trap: reason=unstable_if action=reinterpret pc=0x0000021fe4558ac4 method=com.crazyputting3d.Engine.physicsEngine.isInTerrain(DD)Z @ 33 c2
Event: 50.478 Thread 0x0000021fd3503150 DEOPT PACKING pc=0x0000021fe4558ac4 sp=0x000000b971dfeba0
Event: 50.478 Thread 0x0000021fd3503150 DEOPT UNPACKING pc=0x0000021fdc8223a3 sp=0x000000b971dfeb28 mode 2

Classes unloaded (0 events):
No events

Classes redefined (0 events):
No events

Internal exceptions (20 events):
Event: 0.171 Thread 0x0000021fd3503150 Exception <a 'java/lang/NoSuchMethodError'{0x00000007191cdc48}: 'void java.lang.invoke.DirectMethodHandle$Holder.invokeStatic(java.lang.Object, java.lang.Object)'> (0x00000007191cdc48) 
thrown [e:\jenkins\tmp\workspace\build\src\src\hotspot\share\interpreter\linkResolver.cpp, line 766]
Event: 0.172 Thread 0x0000021fd3503150 Exception <a 'java/lang/NoSuchMethodError'{0x00000007191d3490}: 'void java.lang.invoke.DirectMethodHandle$Holder.invokeSpecial(java.lang.Object, java.lang.Object, java.lang.Object)'> (0x00000007191d3490) 
thrown [e:\jenkins\tmp\workspace\build\src\src\hotspot\share\interpreter\linkResolver.cpp, line 766]
Event: 0.174 Thread 0x0000021fd3503150 Exception <a 'java/lang/NoSuchMethodError'{0x00000007191e6c40}: 'java.lang.Object java.lang.invoke.DirectMethodHandle$Holder.invokeStatic(java.lang.Object, java.lang.Object, int)'> (0x00000007191e6c40) 
thrown [e:\jenkins\tmp\workspace\build\src\src\hotspot\share\interpreter\linkResolver.cpp, line 766]
Event: 0.174 Thread 0x0000021fd3503150 Exception <a 'java/lang/NoSuchMethodError'{0x00000007191f29b0}: 'void java.lang.invoke.DelegatingMethodHandle$Holder.delegate(java.lang.Object, java.lang.Object, int, java.lang.Object)'> (0x00000007191f29b0) 
thrown [e:\jenkins\tmp\workspace\build\src\src\hotspot\share\interpreter\linkResolver.cpp, line 766]
Event: 0.175 Thread 0x0000021fd3503150 Exception <a 'java/lang/NoSuchMethodError'{0x00000007191f6bf0}: 'int java.lang.invoke.DirectMethodHandle$Holder.invokeSpecial(java.lang.Object, java.lang.Object, java.lang.Object)'> (0x00000007191f6bf0) 
thrown [e:\jenkins\tmp\workspace\build\src\src\hotspot\share\interpreter\linkResolver.cpp, line 766]
Event: 0.198 Thread 0x0000021fd3503150 Exception <a 'sun/nio/fs/WindowsException'{0x0000000718e9dbe8}> (0x0000000718e9dbe8) 
thrown [e:\jenkins\tmp\workspace\build\src\src\hotspot\share\prims\jni.cpp, line 516]
Event: 0.199 Thread 0x0000021fd3503150 Exception <a 'sun/nio/fs/WindowsException'{0x0000000718e9e140}> (0x0000000718e9e140) 
thrown [e:\jenkins\tmp\workspace\build\src\src\hotspot\share\prims\jni.cpp, line 516]
Event: 0.219 Thread 0x0000021fd3503150 Exception <a 'sun/nio/fs/WindowsException'{0x0000000718f8c330}> (0x0000000718f8c330) 
thrown [e:\jenkins\tmp\workspace\build\src\src\hotspot\share\prims\jni.cpp, line 516]
Event: 0.220 Thread 0x0000021fd3503150 Exception <a 'sun/nio/fs/WindowsException'{0x0000000718f8c6d0}> (0x0000000718f8c6d0) 
thrown [e:\jenkins\tmp\workspace\build\src\src\hotspot\share\prims\jni.cpp, line 516]
Event: 0.235 Thread 0x0000021fd3503150 Exception <a 'sun/nio/fs/WindowsException'{0x0000000718c3bf90}> (0x0000000718c3bf90) 
thrown [e:\jenkins\tmp\workspace\build\src\src\hotspot\share\prims\jni.cpp, line 516]
Event: 0.235 Thread 0x0000021fd3503150 Exception <a 'sun/nio/fs/WindowsException'{0x0000000718c3c300}> (0x0000000718c3c300) 
thrown [e:\jenkins\tmp\workspace\build\src\src\hotspot\share\prims\jni.cpp, line 516]
Event: 0.271 Thread 0x0000021fd3503150 Exception <a 'sun/nio/fs/WindowsException'{0x0000000718cc1330}> (0x0000000718cc1330) 
thrown [e:\jenkins\tmp\workspace\build\src\src\hotspot\share\prims\jni.cpp, line 516]
Event: 0.271 Thread 0x0000021fd3503150 Exception <a 'sun/nio/fs/WindowsException'{0x0000000718cc16b8}> (0x0000000718cc16b8) 
thrown [e:\jenkins\tmp\workspace\build\src\src\hotspot\share\prims\jni.cpp, line 516]
Event: 0.764 Thread 0x0000021fd3503150 Exception <a 'sun/nio/fs/WindowsException'{0x0000000718aa3190}> (0x0000000718aa3190) 
thrown [e:\jenkins\tmp\workspace\build\src\src\hotspot\share\prims\jni.cpp, line 516]
Event: 0.764 Thread 0x0000021fd3503150 Exception <a 'sun/nio/fs/WindowsException'{0x0000000718aa3540}> (0x0000000718aa3540) 
thrown [e:\jenkins\tmp\workspace\build\src\src\hotspot\share\prims\jni.cpp, line 516]
Event: 0.767 Thread 0x0000021fd3503150 Exception <a 'sun/nio/fs/WindowsException'{0x0000000718aaf6d8}> (0x0000000718aaf6d8) 
thrown [e:\jenkins\tmp\workspace\build\src\src\hotspot\share\prims\jni.cpp, line 516]
Event: 0.767 Thread 0x0000021fd3503150 Exception <a 'sun/nio/fs/WindowsException'{0x0000000718aaf9c0}> (0x0000000718aaf9c0) 
thrown [e:\jenkins\tmp\workspace\build\src\src\hotspot\share\prims\jni.cpp, line 516]
Event: 4.830 Thread 0x0000021fd3503150 Implicit null exception at 0x0000021fe43dabb0 to 0x0000021fe43dad88
Event: 4.845 Thread 0x0000021fd3503150 Implicit null exception at 0x0000021fe43e453f to 0x0000021fe43e461c
Event: 15.175 Thread 0x0000021f8be09710 Implicit null exception at 0x0000021fe43dc7df to 0x0000021fe43dc89c

VM Operations (20 events):
Event: 24.435 Executing VM operation: ICBufferFull
Event: 24.435 Executing VM operation: ICBufferFull done
Event: 25.103 Executing VM operation: ICBufferFull
Event: 25.103 Executing VM operation: ICBufferFull done
Event: 25.769 Executing VM operation: ICBufferFull
Event: 25.769 Executing VM operation: ICBufferFull done
Event: 26.437 Executing VM operation: ICBufferFull
Event: 26.437 Executing VM operation: ICBufferFull done
Event: 27.102 Executing VM operation: ICBufferFull
Event: 27.102 Executing VM operation: ICBufferFull done
Event: 29.103 Executing VM operation: Cleanup
Event: 29.103 Executing VM operation: Cleanup done
Event: 34.866 Executing VM operation: G1CollectForAllocation
Event: 34.870 Executing VM operation: G1CollectForAllocation done
Event: 43.872 Executing VM operation: Cleanup
Event: 43.872 Executing VM operation: Cleanup done
Event: 47.820 Executing VM operation: G1CollectForAllocation
Event: 47.825 Executing VM operation: G1CollectForAllocation done
Event: 48.825 Executing VM operation: Cleanup
Event: 48.825 Executing VM operation: Cleanup done

Events (20 events):
Event: 15.182 loading class com/sun/media/sound/EventDispatcher
Event: 15.182 loading class com/sun/media/sound/EventDispatcher done
Event: 15.182 Thread 0x0000021ff9bf1a10 Thread added: 0x0000021ff9bf1a10
Event: 15.190 Thread 0x0000021f9388b660 Thread added: 0x0000021f9388b660
Event: 15.382 Thread 0x0000021f8c767990 Thread exited: 0x0000021f8c767990
Event: 15.391 Thread 0x0000021f8be09710 Thread exited: 0x0000021f8be09710
Event: 15.416 Thread 0x0000021f8c767480 Thread exited: 0x0000021f8c767480
Event: 15.950 Thread 0x0000021f8a9f5600 Thread exited: 0x0000021f8a9f5600
Event: 38.666 Thread 0x0000021f93537420 Thread added: 0x0000021f93537420
Event: 38.669 Thread 0x0000021f935378f0 Thread added: 0x0000021f935378f0
Event: 38.872 Thread 0x0000021f93537420 Thread exited: 0x0000021f93537420
Event: 39.167 Thread 0x0000021f8b3164b0 Thread added: 0x0000021f8b3164b0
Event: 39.170 Thread 0x0000021f8b316980 Thread added: 0x0000021f8b316980
Event: 39.370 Thread 0x0000021f8b3164b0 Thread exited: 0x0000021f8b3164b0
Event: 50.471 Thread 0x0000021f84c79540 Thread added: 0x0000021f84c79540
Event: 50.493 Thread 0x0000021f84c7bbc0 Thread added: 0x0000021f84c7bbc0
Event: 50.695 Thread 0x0000021f84c79540 Thread exited: 0x0000021f84c79540
Event: 50.987 Thread 0x0000021f84c7b6f0 Thread added: 0x0000021f84c7b6f0
Event: 50.990 Thread 0x0000021f84c7b220 Thread added: 0x0000021f84c7b220
Event: 51.192 Thread 0x0000021f84c7b6f0 Thread exited: 0x0000021f84c7b6f0


Dynamic libraries:
0x00007ff7d8a20000 - 0x00007ff7d8a2e000 	C:\Program Files\Eclipse Adoptium\jdk-17.0.1.12-hotspot\bin\java.exe
0x00007ffdc5cd0000 - 0x00007ffdc5ec5000 	C:\Windows\SYSTEM32\ntdll.dll
0x00007ffdc4060000 - 0x00007ffdc411d000 	C:\Windows\System32\KERNEL32.DLL
0x00007ffdc3720000 - 0x00007ffdc39ed000 	C:\Windows\System32\KERNELBASE.dll
0x00007ffdc33b0000 - 0x00007ffdc34b0000 	C:\Windows\System32\ucrtbase.dll
0x00007ffdb6590000 - 0x00007ffdb65a9000 	C:\Program Files\Eclipse Adoptium\jdk-17.0.1.12-hotspot\bin\VCRUNTIME140.dll
0x00007ffdb6650000 - 0x00007ffdb6668000 	C:\Program Files\Eclipse Adoptium\jdk-17.0.1.12-hotspot\bin\jli.dll
0x00007ffdc5530000 - 0x00007ffdc56d0000 	C:\Windows\System32\USER32.dll
0x00007ffdc3c20000 - 0x00007ffdc3c42000 	C:\Windows\System32\win32u.dll
0x00007ffdad620000 - 0x00007ffdad8ba000 	C:\Windows\WinSxS\amd64_microsoft.windows.common-controls_6595b64144ccf1df_6.0.19041.1110_none_60b5254171f9507e\COMCTL32.dll
0x00007ffdc5bd0000 - 0x00007ffdc5bfa000 	C:\Windows\System32\GDI32.dll
0x00007ffdc3610000 - 0x00007ffdc371b000 	C:\Windows\System32\gdi32full.dll
0x00007ffdc5190000 - 0x00007ffdc522e000 	C:\Windows\System32\msvcrt.dll
0x00007ffdc39f0000 - 0x00007ffdc3a8d000 	C:\Windows\System32\msvcp_win.dll
0x00007ffdc4eb0000 - 0x00007ffdc4ee0000 	C:\Windows\System32\IMM32.DLL
0x00007ffdbe7a0000 - 0x00007ffdbe7ac000 	C:\Program Files\Eclipse Adoptium\jdk-17.0.1.12-hotspot\bin\vcruntime140_1.dll
0x00007ffdb64f0000 - 0x00007ffdb6581000 	C:\Program Files\Eclipse Adoptium\jdk-17.0.1.12-hotspot\bin\msvcp140.dll
0x00007ffd92160000 - 0x00007ffd92da6000 	C:\Program Files\Eclipse Adoptium\jdk-17.0.1.12-hotspot\bin\server\jvm.dll
0x00007ffdc3fb0000 - 0x00007ffdc405e000 	C:\Windows\System32\ADVAPI32.dll
0x00007ffdc3e80000 - 0x00007ffdc3f1c000 	C:\Windows\System32\sechost.dll
0x00007ffdc3d50000 - 0x00007ffdc3e75000 	C:\Windows\System32\RPCRT4.dll
0x00007ffdc4ee0000 - 0x00007ffdc4ee8000 	C:\Windows\System32\PSAPI.DLL
0x00007ffdb8890000 - 0x00007ffdb88b7000 	C:\Windows\SYSTEM32\WINMM.dll
0x00007ffda5c00000 - 0x00007ffda5c09000 	C:\Windows\SYSTEM32\WSOCK32.dll
0x00007ffdbc260000 - 0x00007ffdbc26a000 	C:\Windows\SYSTEM32\VERSION.dll
0x00007ffdc52e0000 - 0x00007ffdc534b000 	C:\Windows\System32\WS2_32.dll
0x00007ffdc1c40000 - 0x00007ffdc1c52000 	C:\Windows\SYSTEM32\kernel.appcore.dll
0x00007ffdbda80000 - 0x00007ffdbda8a000 	C:\Program Files\Eclipse Adoptium\jdk-17.0.1.12-hotspot\bin\jimage.dll
0x00007ffdc1a30000 - 0x00007ffdc1c14000 	C:\Windows\SYSTEM32\DBGHELP.DLL
0x00007ffdb8de0000 - 0x00007ffdb8e0c000 	C:\Windows\SYSTEM32\dbgcore.DLL
0x00007ffdc3a90000 - 0x00007ffdc3b12000 	C:\Windows\System32\bcryptPrimitives.dll
0x00007ffdb64c0000 - 0x00007ffdb64e5000 	C:\Program Files\Eclipse Adoptium\jdk-17.0.1.12-hotspot\bin\java.dll
0x00007ffdb1a30000 - 0x00007ffdb1b06000 	C:\Program Files\Eclipse Adoptium\jdk-17.0.1.12-hotspot\bin\svml.dll
0x00007ffdc4120000 - 0x00007ffdc4864000 	C:\Windows\System32\SHELL32.dll
0x00007ffdc1150000 - 0x00007ffdc18e4000 	C:\Windows\SYSTEM32\windows.storage.dll
0x00007ffdc5870000 - 0x00007ffdc5bc4000 	C:\Windows\System32\combase.dll
0x00007ffdc2e10000 - 0x00007ffdc2e3c000 	C:\Windows\SYSTEM32\Wldp.dll
0x00007ffdc5230000 - 0x00007ffdc52dd000 	C:\Windows\System32\SHCORE.dll
0x00007ffdc3cf0000 - 0x00007ffdc3d45000 	C:\Windows\System32\shlwapi.dll
0x00007ffdc32f0000 - 0x00007ffdc330f000 	C:\Windows\SYSTEM32\profapi.dll
0x00007ffdb64a0000 - 0x00007ffdb64b9000 	C:\Program Files\Eclipse Adoptium\jdk-17.0.1.12-hotspot\bin\net.dll
0x00007ffdb4be0000 - 0x00007ffdb4cea000 	C:\Windows\SYSTEM32\WINHTTP.dll
0x00007ffdc2b70000 - 0x00007ffdc2bda000 	C:\Windows\system32\mswsock.dll
0x00007ffdb6480000 - 0x00007ffdb6495000 	C:\Program Files\Eclipse Adoptium\jdk-17.0.1.12-hotspot\bin\nio.dll
0x00007ffdb6460000 - 0x00007ffdb6478000 	C:\Program Files\Eclipse Adoptium\jdk-17.0.1.12-hotspot\bin\zip.dll
0x000000006e700000 - 0x000000006e72a000 	C:\Users\grado\AppData\Local\Temp\libgdxgrado\e1cd32f8\gdx64.dll
0x00007ffdb19c0000 - 0x00007ffdb1a24000 	C:\Users\grado\AppData\Local\Temp\lwjglgrado\3.2.3-build-13\lwjgl.dll
0x00007ffd91f00000 - 0x00007ffd92153000 	C:\Users\grado\AppData\Local\Temp\lwjglgrado\3.2.3-build-13\jemalloc.dll
0x00007ffdb1950000 - 0x00007ffdb19b2000 	C:\Users\grado\AppData\Local\Temp\lwjglgrado\3.2.3-build-13\glfw.dll
0x00007ffdc0870000 - 0x00007ffdc090e000 	C:\Windows\system32\uxtheme.dll
0x00007ffda3f00000 - 0x00007ffda3f45000 	C:\Windows\SYSTEM32\dinput8.dll
0x00007ffdb6440000 - 0x00007ffdb6451000 	C:\Windows\SYSTEM32\xinput1_4.dll
0x00007ffdc3b20000 - 0x00007ffdc3b6e000 	C:\Windows\System32\cfgmgr32.dll
0x00007ffdc3160000 - 0x00007ffdc318c000 	C:\Windows\SYSTEM32\DEVOBJ.dll
0x00007ffdc0a00000 - 0x00007ffdc0a2f000 	C:\Windows\SYSTEM32\dwmapi.dll
0x00007ffda8c80000 - 0x00007ffda8dd2000 	C:\Windows\SYSTEM32\inputhost.dll
0x00007ffdc4d70000 - 0x00007ffdc4e3d000 	C:\Windows\System32\OLEAUT32.dll
0x00007ffdc0500000 - 0x00007ffdc05f2000 	C:\Windows\SYSTEM32\CoreMessaging.dll
0x00007ffdbe990000 - 0x00007ffdbea86000 	C:\Windows\SYSTEM32\PROPSYS.dll
0x00007ffdc01a0000 - 0x00007ffdc04fe000 	C:\Windows\SYSTEM32\CoreUIComponents.dll
0x00007ffdbfad0000 - 0x00007ffdbfc24000 	C:\Windows\SYSTEM32\wintypes.dll
0x00007ffdc20b0000 - 0x00007ffdc20e3000 	C:\Windows\SYSTEM32\ntmarta.dll
0x00007ffdc5750000 - 0x00007ffdc5865000 	C:\Windows\System32\MSCTF.dll
0x00007ffdc18f0000 - 0x00007ffdc18fd000 	C:\Windows\SYSTEM32\HID.DLL
0x00007ffdc4870000 - 0x00007ffdc4ce1000 	C:\Windows\System32\SETUPAPI.DLL
0x00007ffdc3c50000 - 0x00007ffdc3c77000 	C:\Windows\System32\bcrypt.dll
0x00007ffdc3c80000 - 0x00007ffdc3ce8000 	C:\Windows\System32\WINTRUST.dll
0x00007ffdc34b0000 - 0x00007ffdc3606000 	C:\Windows\System32\CRYPT32.dll
0x00007ffdc2fa0000 - 0x00007ffdc2fb2000 	C:\Windows\SYSTEM32\MSASN1.dll
0x00007ffda1380000 - 0x00007ffda148b000 	C:\Users\grado\AppData\Local\Temp\lwjglgrado\3.2.3-build-13\OpenAL.dll
0x00007ffdc5400000 - 0x00007ffdc552a000 	C:\Windows\System32\ole32.dll
0x00007ffdc5350000 - 0x00007ffdc53f9000 	C:\Windows\System32\clbcatq.dll
0x00007ffdbb510000 - 0x00007ffdbb595000 	C:\Windows\System32\MMDevApi.dll
0x00007ffdbbda0000 - 0x00007ffdbbf22000 	C:\Windows\SYSTEM32\AUDIOSES.DLL
0x00007ffdc2930000 - 0x00007ffdc297b000 	C:\Windows\SYSTEM32\powrprof.dll
0x00007ffdc27f0000 - 0x00007ffdc2802000 	C:\Windows\SYSTEM32\UMPDC.dll
0x00007ffdc0a30000 - 0x00007ffdc0a44000 	C:\Windows\SYSTEM32\resourcepolicyclient.dll
0x00007ffd22910000 - 0x00007ffd22a36000 	C:\Windows\SYSTEM32\opengl32.dll
0x00007ffd228e0000 - 0x00007ffd2290c000 	C:\Windows\SYSTEM32\GLU32.dll
0x00007ffdbc2e0000 - 0x00007ffdbc3d7000 	C:\Windows\System32\AppXDeploymentClient.dll
0x00007ffdb62b0000 - 0x00007ffdb62da000 	C:\Windows\System32\DriverStore\FileRepository\u0361612.inf_amd64_b679e02f70413f9f\B361368\atig6pxx.dll
0x00007ffd7dc80000 - 0x00007ffd80966000 	C:\Windows\System32\DriverStore\FileRepository\u0361612.inf_amd64_b679e02f70413f9f\B361368\atio6axx.dll
0x00007ffd86690000 - 0x00007ffd866b4000 	C:\Windows\SYSTEM32\dxva2.dll
0x00007ffdab4c0000 - 0x00007ffdab4fc000 	C:\Windows\System32\DriverStore\FileRepository\u0361612.inf_amd64_b679e02f70413f9f\B361368\atig6txx.dll
0x00007ffd90ad0000 - 0x00007ffd90c89000 	C:\Windows\SYSTEM32\atiadlxx.dll
0x00007ffdb9380000 - 0x00007ffdb93bb000 	C:\Windows\SYSTEM32\dxcore.dll
0x00007ffda0f40000 - 0x00007ffda0f99000 	C:\Users\grado\AppData\Local\Temp\lwjglgrado\3.2.3-build-13\lwjgl_opengl.dll
0x00007ffda93b0000 - 0x00007ffda94a9000 	C:\Windows\SYSTEM32\textinputframework.dll
0x00007ffdb1930000 - 0x00007ffdb1941000 	C:\Program Files\Eclipse Adoptium\jdk-17.0.1.12-hotspot\bin\jsound.dll
0x00007ffd90520000 - 0x00007ffd905bc000 	C:\Windows\SYSTEM32\DSOUND.dll
0x00007ffdb3710000 - 0x00007ffdb3736000 	C:\Windows\SYSTEM32\winmmbase.dll
0x00007ffda9b00000 - 0x00007ffda9b46000 	C:\Windows\SYSTEM32\wdmaud.drv
0x00007ffdbd880000 - 0x00007ffdbd88a000 	C:\Windows\SYSTEM32\AVRT.dll
0x00007ffdbde60000 - 0x00007ffdbde69000 	C:\Windows\SYSTEM32\ksuser.dll
0x00007ffdbc5b0000 - 0x00007ffdbc5bd000 	C:\Windows\SYSTEM32\msacm32.drv
0x00007ffdbc630000 - 0x00007ffdbc64e000 	C:\Windows\SYSTEM32\MSACM32.dll
0x00007ffdb6730000 - 0x00007ffdb673b000 	C:\Windows\SYSTEM32\midimap.dll
0x00007ffda8de0000 - 0x00007ffda8f21000 	C:\Windows\System32\Windows.UI.dll
0x00007ffdbd350000 - 0x00007ffdbd3f1000 	C:\Windows\System32\WindowManagementAPI.dll
0x00007ffdbca10000 - 0x00007ffdbcc11000 	C:\Windows\System32\twinapi.appcore.dll

dbghelp: loaded successfully - version: 4.0.5 - missing functions: none
symbol engine: initialized successfully - sym options: 0x614 - pdb path: .;C:\Program Files\Eclipse Adoptium\jdk-17.0.1.12-hotspot\bin;C:\Windows\SYSTEM32;C:\Windows\WinSxS\amd64_microsoft.windows.common-controls_6595b64144ccf1df_6.0.19041.1110_none_60b5254171f9507e;C:\Program Files\Eclipse Adoptium\jdk-17.0.1.12-hotspot\bin\server;C:\Users\grado\AppData\Local\Temp\libgdxgrado\e1cd32f8;C:\Users\grado\AppData\Local\Temp\lwjglgrado\3.2.3-build-13;C:\Windows\System32\DriverStore\FileRepository\u0361612.inf_amd64_b679e02f70413f9f\B361368

VM Arguments:
jvm_args: -XX:+ShowCodeDetailsInExceptionMessages 
java_command: com.crazyputting3d.Main
java_class_path (initial): C:\Users\grado\Documents\Group-04\3dcrazyputting\desktop\bin\main;\CrazyPutting3D-core\bin\default;C:\Users\grado\Documents\Group-04\3dcrazyputting\core\bin\main;C:\Users\grado\.gradle\caches\modules-2\files-2.1\com.badlogicgames.gdx\gdx-backend-lwjgl3\1.10.0\600c7d5b2c977daa82c4abad147087b31e0ada87\gdx-backend-lwjgl3-1.10.0.jar;C:\Users\grado\.gradle\caches\modules-2\files-2.1\com.badlogicgames.gdx\gdx-platform\1.10.0\9a8fa793d2fd6d360afc6c9e4c1f5583da263b88\gdx-platform-1.10.0-natives-desktop.jar;C:\Users\grado\.gradle\caches\modules-2\files-2.1\com.badlogicgames.gdx\gdx-bullet-platform\1.10.0\ce92e8dfc762523d769cbc50853163c03bf98cf1\gdx-bullet-platform-1.10.0-natives-desktop.jar;C:\Users\grado\.gradle\caches\modules-2\files-2.1\com.badlogicgames.gdx\gdx-freetype-platform\1.10.0\6e5d28752759e69384f12e4569d2c884ff71352f\gdx-freetype-platform-1.10.0-natives-desktop.jar;C:\Users\grado\.gradle\caches\modules-2\files-2.1\com.badlogicgames.gdx-controllers\gdx-controllers-desktop\2.2.1\cb3430c32468a090eca54d494d16bb3764ceff9b\gdx-controllers-desktop-2.2.1.jar;C:\Users\grado\.gradle\caches\modules-2\files-2.1\org.jetbrains\annotations\20.1.0\2fcd1f3225bca0c4a7bc931142076f8c1e80993f\annotations-20.1.0.jar;C:\Users\grado\.gradle\caches\modules-2\files-2.1\com.badlogicgames.gdx\gdx-bullet\1.10.0\839b58c7278f5c3b55291c3a559d91227400ecdb\gdx-bullet-1.10.0.jar;C:\Users\grado\.gradle\caches\modules-2\files-2.1\com.badlogicgames.gdx\gdx-freetype\1.10.0\de1d0d5c1e92e8d91364256fd6b7bb279d3e9859\gdx-freetype-1.10.0.jar;C:\Users\grado\.gradle\caches\modules-2\files-2.1\com.badlogicgames.gdx\gdx-ai\1.8.2\ab75d2ce80ab1b1ce6828a15dc0f417abac4c674\gdx-ai-1.8.2.jar;C:\Users\grado\.gradle\caches\modules-2\files-2.1\com.badlogicgames.ashley\ashley\1.7.4\21a3a8932919099c4e5006a7d8378dcbe76ef8a5\ashley-1.7.4.jar;C:\Users\grado\.gradle\caches\modules-2\files-2.1\com.badlogicgames.box2dlights\box2dlights\1.5\6902dbcd250c95a27973aa24a147a95b3828d348\box2dlights-1.5.j
Launcher Type: SUN_STANDARD

[Global flags]
     intx CICompilerCount                          = 12                                        {product} {ergonomic}
     uint ConcGCThreads                            = 3                                         {product} {ergonomic}
     uint G1ConcRefinementThreads                  = 13                                        {product} {ergonomic}
   size_t G1HeapRegionSize                         = 2097152                                   {product} {ergonomic}
    uintx GCDrainStackTargetSize                   = 64                                        {product} {ergonomic}
   size_t InitialHeapSize                          = 257949696                                 {product} {ergonomic}
   size_t MarkStackSize                            = 4194304                                   {product} {ergonomic}
   size_t MaxHeapSize                              = 4127195136                                {product} {ergonomic}
   size_t MaxNewSize                               = 2474639360                                {product} {ergonomic}
   size_t MinHeapDeltaBytes                        = 2097152                                   {product} {ergonomic}
   size_t MinHeapSize                              = 8388608                                   {product} {ergonomic}
    uintx NonNMethodCodeHeapSize                   = 7602480                                {pd product} {ergonomic}
    uintx NonProfiledCodeHeapSize                  = 122027880                              {pd product} {ergonomic}
    uintx ProfiledCodeHeapSize                     = 122027880                              {pd product} {ergonomic}
    uintx ReservedCodeCacheSize                    = 251658240                              {pd product} {ergonomic}
     bool SegmentedCodeCache                       = true                                      {product} {ergonomic}
     bool ShowCodeDetailsInExceptionMessages       = true                                   {manageable} {command line}
   size_t SoftMaxHeapSize                          = 4127195136                             {manageable} {ergonomic}
     bool UseCompressedClassPointers               = true                           {product lp64_product} {ergonomic}
     bool UseCompressedOops                        = true                           {product lp64_product} {ergonomic}
     bool UseG1GC                                  = true                                      {product} {ergonomic}
     bool UseLargePagesIndividualAllocation        = false                                  {pd product} {ergonomic}

Logging:
Log output configuration:
 #0: stdout all=warning uptime,level,tags
 #1: stderr all=off uptime,level,tags

Environment Variables:
PATH=C:\Program Files\Common Files\Oracle\Java\javapath;C:\Windows\system32;C:\Windows;C:\Windows\System32\Wbem;C:\Windows\System32\WindowsPowerShell\v1.0\;C:\Windows\System32\OpenSSH\;C:\Program Files (x86)\NVIDIA Corporation\PhysX\Common;C:\Program Files\NVIDIA Corporation\NVIDIA NvDLISR;C:\Program Files\MATLAB\R2022a\bin;C:\Program Files\Gradle\gradle-7.4.2\bin;C:\Program Files\Git\cmd;C:\Users\grado\AppData\Local\Microsoft\WindowsApps;C:\Users\grado\AppData\Local\Programs\Microsoft VS Code\bin;C:\Users\grado\AppData\Local\GitHubDesktop\bin
USERNAME=grado
LANG=en_US.UTF-8
OS=Windows_NT
PROCESSOR_IDENTIFIER=AMD64 Family 23 Model 96 Stepping 1, AuthenticAMD



---------------  S Y S T E M  ---------------

OS:
 Windows 10 , 64 bit Build 19041 (10.0.19041.1706)
OS uptime: 11 days 19:08 hours

CPU: total 16 (initial active 16) (16 cores per cpu, 2 threads per core) family 23 model 96 stepping 1 microcode 0x0, cx8, cmov, fxsr, ht, mmx, 3dnowpref, sse, sse2, sse3, ssse3, sse4a, sse4.1, sse4.2, popcnt, lzcnt, tsc, tscinvbit, avx, avx2, aes, clmul, bmi1, bmi2, adx, sha, fma, vzeroupper, clflush, clflushopt

Memory: 4k page, system-wide physical 15741M (7105M free)
TotalPageFile size 36181M (AvailPageFile size 18676M)
current process WorkingSet (physical memory assigned to process): 755M, peak: 878M
current process commit charge ("private bytes"): 959M, peak: 1094M

vm_info: OpenJDK 64-Bit Server VM (17.0.1+12) for windows-amd64 JRE (17.0.1+12), built on Oct 20 2021 07:42:55 by "" with MS VC++ 16.7 (VS2019)

END.
