#
# A fatal error has been detected by the Java Runtime Environment:
#
#  EXCEPTION_ACCESS_VIOLATION (0xc0000005) at pc=0x0000021b12240000, pid=16632, tid=1280
#
# JRE version: OpenJDK Runtime Environment Temurin-17.0.1+12 (17.0.1+12) (build 17.0.1+12)
# Java VM: OpenJDK 64-Bit Server VM Temurin-17.0.1+12 (17.0.1+12, mixed mode, sharing, tiered, compressed oops, compressed class ptrs, g1 gc, windows-amd64)
# Problematic frame:
# C  0x0000021b12240000
#
# No core dump will be written. Minidumps are not enabled by default on client versions of Windows
#
# If you would like to submit a bug report, please visit:
#   https://github.com/adoptium/adoptium-support/issues
# The crash happened outside the Java Virtual Machine in native code.
# See problematic frame for where to report the bug.
#

---------------  S U M M A R Y ------------

Command Line: -XX:+ShowCodeDetailsInExceptionMessages com.crazyputting3d.Main

Host: AMD Ryzen 7 4800H with Radeon Graphics         , 16 cores, 15G,  Windows 10 , 64 bit Build 19041 (10.0.19041.1706)
Time: Wed Jun 15 01:08:51 2022 Central European Daylight Time elapsed time: 15.061837 seconds (0d 0h 0m 15s)

---------------  T H R E A D  ---------------

Current thread (0x0000021b6d2d1780):  JavaThread "main" [_thread_in_native, id=1280, stack(0x000000a94d700000,0x000000a94d800000)]

Stack: [0x000000a94d700000,0x000000a94d800000],  sp=0x000000a94d7fee78,  free space=1019k
Native frames: (J=compiled Java code, j=interpreted, Vv=VM code, C=native code)
C  0x0000021b12240000

Java frames: (J=compiled Java code, j=interpreted, Vv=VM code)
J 1187  org.lwjgl.system.JNI.invokePV(JJ)V (0 bytes) @ 0x0000021b07c0216c [0x0000021b07c02120+0x000000000000004c]
J 1273 c1 org.lwjgl.glfw.GLFW.glfwSwapBuffers(J)V (21 bytes) @ 0x0000021b0098c0ac [0x0000021b0098bfc0+0x00000000000000ec]
j  com.badlogic.gdx.backends.lwjgl3.Lwjgl3Window.update()Z+196
j  com.badlogic.gdx.backends.lwjgl3.Lwjgl3Application.loop()V+111
j  com.badlogic.gdx.backends.lwjgl3.Lwjgl3Application.<init>(Lcom/badlogic/gdx/ApplicationListener;Lcom/badlogic/gdx/backends/lwjgl3/Lwjgl3ApplicationConfiguration;)V+243
j  com.crazyputting3d.Main.main([Ljava/lang/String;)V+45
v  ~StubRoutines::call_stub

siginfo: EXCEPTION_ACCESS_VIOLATION (0xc0000005), data execution prevention violation at address 0x0000021b12240000


Register to memory mapping:

RIP=0x0000021b12240000 is an unknown value
RAX=0x0000021b12240000 is an unknown value
RBX=0x0000000000010001 is an unknown value
RCX=0x0000000000010001 is an unknown value
RDX=0x000000a94d7feeb0 is pointing into the stack for thread: 0x0000021b6d2d1780
RSP=0x000000a94d7fee78 is pointing into the stack for thread: 0x0000021b6d2d1780
RBP=0x000000a94d7fef80 is pointing into the stack for thread: 0x0000021b6d2d1780
RSI=0x0000000000000110 is an unknown value
RDI=0x00000000000012c5 is an unknown value
R8 =0x0000021b11eeb4f0 points into unknown readable memory: 0x0000021b14d7d610 | 10 d6 d7 14 1b 02 00 00
R9 =0x00007ffd76971b50 glfw.dll
R10=0x00007ffd77001b10 lwjgl.dll
R11=0x000000a94d7ff2e8 is pointing into the stack for thread: 0x0000021b6d2d1780
R12=0x0 is NULL
R13=0x000000a94d7ff3f0 is pointing into the stack for thread: 0x0000021b6d2d1780
R14=0x000000a94d7ff340 is pointing into the stack for thread: 0x0000021b6d2d1780
R15=0x0000021b6d2d1780 is a thread


Registers:
RAX=0x0000021b12240000, RBX=0x0000000000010001, RCX=0x0000000000010001, RDX=0x000000a94d7feeb0
RSP=0x000000a94d7fee78, RBP=0x000000a94d7fef80, RSI=0x0000000000000110, RDI=0x00000000000012c5
R8 =0x0000021b11eeb4f0, R9 =0x00007ffd76971b50, R10=0x00007ffd77001b10, R11=0x000000a94d7ff2e8
R12=0x0000000000000000, R13=0x000000a94d7ff3f0, R14=0x000000a94d7ff340, R15=0x0000021b6d2d1780
RIP=0x0000021b12240000, EFLAGS=0x0000000000010206

Top of Stack: (sp=0x000000a94d7fee78)
0x000000a94d7fee78:   00007ffd76971f7c 0000000100000004
0x000000a94d7fee88:   0000021b00000014 000000070a0c8f40
0x000000a94d7fee98:   0000021b07c01605 000000070a0b3ba8
0x000000a94d7feea8:   0000021b00923a44 57464c4720656854
0x000000a94d7feeb8:   7972617262696c20 20746f6e20736920
0x000000a94d7feec8:   696c616974696e69 000000000064657a
0x000000a94d7feed8:   0000021b07bfa005 4120000000000014
0x000000a94d7feee8:   438c000041700000 0000000743480000
0x000000a94d7feef8:   00007ffd3e9692e1 000000a94d7ff348
0x000000a94d7fef08:   000000070a0c7f88 0000000200000000
0x000000a94d7fef18:   000000070af86f88 000000070afd8e40
0x000000a94d7fef28:   0000140600000002 000000a94d7ff348
0x000000a94d7fef38:   0000021b00a4eef4 000000070a0b3ba8
0x000000a94d7fef48:   0000021b0095bcfc 000000070a0b3cb8
0x000000a94d7fef58:   000000006e7020f4 0000021b6d2d1a28
0x000000a94d7fef68:   00007ffd3e965481 000000070a0c8c90 

Instructions: (pc=0x0000021b12240000)
0x0000021b1223ff00:   ?? ?? ?? ?? ?? ?? ?? ?? ?? ?? ?? ?? ?? ?? ?? ??
0x0000021b1223ff10:   ?? ?? ?? ?? ?? ?? ?? ?? ?? ?? ?? ?? ?? ?? ?? ??
0x0000021b1223ff20:   ?? ?? ?? ?? ?? ?? ?? ?? ?? ?? ?? ?? ?? ?? ?? ??
0x0000021b1223ff30:   ?? ?? ?? ?? ?? ?? ?? ?? ?? ?? ?? ?? ?? ?? ?? ??
0x0000021b1223ff40:   ?? ?? ?? ?? ?? ?? ?? ?? ?? ?? ?? ?? ?? ?? ?? ??
0x0000021b1223ff50:   ?? ?? ?? ?? ?? ?? ?? ?? ?? ?? ?? ?? ?? ?? ?? ??
0x0000021b1223ff60:   ?? ?? ?? ?? ?? ?? ?? ?? ?? ?? ?? ?? ?? ?? ?? ??
0x0000021b1223ff70:   ?? ?? ?? ?? ?? ?? ?? ?? ?? ?? ?? ?? ?? ?? ?? ??
0x0000021b1223ff80:   ?? ?? ?? ?? ?? ?? ?? ?? ?? ?? ?? ?? ?? ?? ?? ??
0x0000021b1223ff90:   ?? ?? ?? ?? ?? ?? ?? ?? ?? ?? ?? ?? ?? ?? ?? ??
0x0000021b1223ffa0:   ?? ?? ?? ?? ?? ?? ?? ?? ?? ?? ?? ?? ?? ?? ?? ??
0x0000021b1223ffb0:   ?? ?? ?? ?? ?? ?? ?? ?? ?? ?? ?? ?? ?? ?? ?? ??
0x0000021b1223ffc0:   ?? ?? ?? ?? ?? ?? ?? ?? ?? ?? ?? ?? ?? ?? ?? ??
0x0000021b1223ffd0:   ?? ?? ?? ?? ?? ?? ?? ?? ?? ?? ?? ?? ?? ?? ?? ??
0x0000021b1223ffe0:   ?? ?? ?? ?? ?? ?? ?? ?? ?? ?? ?? ?? ?? ?? ?? ??
0x0000021b1223fff0:   ?? ?? ?? ?? ?? ?? ?? ?? ?? ?? ?? ?? ?? ?? ?? ??
0x0000021b12240000:   ?? ?? ?? ?? ?? ?? ?? ?? ?? ?? ?? ?? ?? ?? ?? ??
0x0000021b12240010:   ?? ?? ?? ?? ?? ?? ?? ?? ?? ?? ?? ?? ?? ?? ?? ??
0x0000021b12240020:   ?? ?? ?? ?? ?? ?? ?? ?? ?? ?? ?? ?? ?? ?? ?? ??
0x0000021b12240030:   ?? ?? ?? ?? ?? ?? ?? ?? ?? ?? ?? ?? ?? ?? ?? ??
0x0000021b12240040:   ?? ?? ?? ?? ?? ?? ?? ?? ?? ?? ?? ?? ?? ?? ?? ??
0x0000021b12240050:   ?? ?? ?? ?? ?? ?? ?? ?? ?? ?? ?? ?? ?? ?? ?? ??
0x0000021b12240060:   ?? ?? ?? ?? ?? ?? ?? ?? ?? ?? ?? ?? ?? ?? ?? ??
0x0000021b12240070:   ?? ?? ?? ?? ?? ?? ?? ?? ?? ?? ?? ?? ?? ?? ?? ??
0x0000021b12240080:   ?? ?? ?? ?? ?? ?? ?? ?? ?? ?? ?? ?? ?? ?? ?? ??
0x0000021b12240090:   ?? ?? ?? ?? ?? ?? ?? ?? ?? ?? ?? ?? ?? ?? ?? ??
0x0000021b122400a0:   ?? ?? ?? ?? ?? ?? ?? ?? ?? ?? ?? ?? ?? ?? ?? ??
0x0000021b122400b0:   ?? ?? ?? ?? ?? ?? ?? ?? ?? ?? ?? ?? ?? ?? ?? ??
0x0000021b122400c0:   ?? ?? ?? ?? ?? ?? ?? ?? ?? ?? ?? ?? ?? ?? ?? ??
0x0000021b122400d0:   ?? ?? ?? ?? ?? ?? ?? ?? ?? ?? ?? ?? ?? ?? ?? ??
0x0000021b122400e0:   ?? ?? ?? ?? ?? ?? ?? ?? ?? ?? ?? ?? ?? ?? ?? ??
0x0000021b122400f0:   ?? ?? ?? ?? ?? ?? ?? ?? ?? ?? ?? ?? ?? ?? ?? ?? 


Stack slot to memory mapping:
stack at sp + 0 slots: 0x00007ffd76971f7c glfw.dll
stack at sp + 1 slots: 0x0000000100000004 is an unknown value
stack at sp + 2 slots: 0x0000021b00000014 is at code_begin+-108 in 
[CodeBlob (0x0000021b00000010)]
Framesize: 0
BufferBlob (0x0000021b00000010) used for flush_icache_stub
stack at sp + 3 slots: 0x000000070a0c8f40 is an oop: [Lcom.badlogic.gdx.scenes.scene2d.Actor; 
{0x000000070a0c8f40} - klass: 'com/badlogic/gdx/scenes/scene2d/Actor'[]
 - length: 4
stack at sp + 4 slots: 0x0000021b07c01605 is at entry_point+229 in (nmethod*)0x0000021b07c01390
stack at sp + 5 slots: 0x000000070a0b3ba8 is an oop: com.badlogic.gdx.graphics.Mesh 
{0x000000070a0b3ba8} - klass: 'com/badlogic/gdx/graphics/Mesh'
 - ---- fields (total size 4 words):
 - 'autoBind' 'Z' @12  true
 - final 'isVertexArray' 'Z' @13  true
 - 'isInstanced' 'Z' @14  false
 - final 'vertices' 'Lcom/badlogic/gdx/graphics/glutils/VertexData;' @16  a 'com/badlogic/gdx/graphics/glutils/VertexArray'{0x000000070a0b3bc8} (e1416779)
 - final 'indices' 'Lcom/badlogic/gdx/graphics/glutils/IndexData;' @20  a 'com/badlogic/gdx/graphics/glutils/IndexArray'{0x000000070a0b3d30} (e14167a6)
 - 'instances' 'Lcom/badlogic/gdx/graphics/glutils/InstanceData;' @24  NULL (0)
 - private final 'tmpV' 'Lcom/badlogic/gdx/math/Vector3;' @28  a 'com/badlogic/gdx/math/Vector3'{0x000000070a0b3dc0} (e14167b8)
stack at sp + 6 slots: 0x0000021b00923a44 is at entry_point+484 in (nmethod*)0x0000021b00923690
stack at sp + 7 slots: 0x57464c4720656854 is an unknown value


---------------  P R O C E S S  ---------------

Threads class SMR info:
_java_thread_list=0x0000021b21287290, length=17, elements={
0x0000021b6d2d1780, 0x0000021b7f80d5e0, 0x0000021b7f80f260, 0x0000021b7f825650,
0x0000021b7f825f10, 0x0000021b7f8268c0, 0x0000021b7f827270, 0x0000021b7f82b500,
0x0000021b7f833fb0, 0x0000021b7f948070, 0x0000021b7fa78030, 0x0000021b7fa84730,
0x0000021b14befb80, 0x0000021b11b474b0, 0x0000021b11aa5060, 0x0000021b11aa5d80,
0x0000021b1c8f2e30
}

Java Threads: ( => current thread )
=>0x0000021b6d2d1780 JavaThread "main" [_thread_in_native, id=1280, stack(0x000000a94d700000,0x000000a94d800000)]
  0x0000021b7f80d5e0 JavaThread "Reference Handler" daemon [_thread_blocked, id=10300, stack(0x000000a94de00000,0x000000a94df00000)]
  0x0000021b7f80f260 JavaThread "Finalizer" daemon [_thread_blocked, id=16552, stack(0x000000a94df00000,0x000000a94e000000)]
  0x0000021b7f825650 JavaThread "Signal Dispatcher" daemon [_thread_blocked, id=22916, stack(0x000000a94e000000,0x000000a94e100000)]
  0x0000021b7f825f10 JavaThread "Attach Listener" daemon [_thread_blocked, id=17100, stack(0x000000a94e100000,0x000000a94e200000)]
  0x0000021b7f8268c0 JavaThread "Service Thread" daemon [_thread_blocked, id=10008, stack(0x000000a94e200000,0x000000a94e300000)]
  0x0000021b7f827270 JavaThread "Monitor Deflation Thread" daemon [_thread_blocked, id=9912, stack(0x000000a94e300000,0x000000a94e400000)]
  0x0000021b7f82b500 JavaThread "C2 CompilerThread0" daemon [_thread_blocked, id=17812, stack(0x000000a94e400000,0x000000a94e500000)]
  0x0000021b7f833fb0 JavaThread "C1 CompilerThread0" daemon [_thread_blocked, id=20336, stack(0x000000a94e500000,0x000000a94e600000)]
  0x0000021b7f948070 JavaThread "Sweeper thread" daemon [_thread_blocked, id=23156, stack(0x000000a94e600000,0x000000a94e700000)]
  0x0000021b7fa78030 JavaThread "Notification Thread" daemon [_thread_blocked, id=9532, stack(0x000000a94e900000,0x000000a94ea00000)]
  0x0000021b7fa84730 JavaThread "Common-Cleaner" daemon [_thread_blocked, id=22904, stack(0x000000a94eb00000,0x000000a94ec00000)]
  0x0000021b14befb80 JavaThread "LWJGL3 Timer" daemon [_thread_blocked, id=10416, stack(0x000000a94f400000,0x000000a94f500000)]
  0x0000021b11b474b0 JavaThread "C1 CompilerThread1" daemon [_thread_blocked, id=18660, stack(0x000000a94e800000,0x000000a94e900000)]
  0x0000021b11aa5060 JavaThread "C1 CompilerThread2" daemon [_thread_blocked, id=3516, stack(0x000000a94ff00000,0x000000a950000000)]
  0x0000021b11aa5d80 JavaThread "C1 CompilerThread3" daemon [_thread_blocked, id=14052, stack(0x000000a950000000,0x000000a950100000)]
  0x0000021b1c8f2e30 JavaThread "LWJGL3 Timer" daemon [_thread_blocked, id=19192, stack(0x000000a950400000,0x000000a950500000)]

Other Threads:
  0x0000021b7f808ae0 VMThread "VM Thread" [stack: 0x000000a94dd00000,0x000000a94de00000] [id=7512]
  0x0000021b7fa80920 WatcherThread [stack: 0x000000a94ea00000,0x000000a94eb00000] [id=26604]
  0x0000021b6d328f00 GCTaskThread "GC Thread#0" [stack: 0x000000a94d800000,0x000000a94d900000] [id=4560]
  0x0000021b14a29360 GCTaskThread "GC Thread#1" [stack: 0x000000a94f500000,0x000000a94f600000] [id=15564]
  0x0000021b14a28090 GCTaskThread "GC Thread#2" [stack: 0x000000a94f600000,0x000000a94f700000] [id=23476]
  0x0000021b14a2b0f0 GCTaskThread "GC Thread#3" [stack: 0x000000a94f700000,0x000000a94f800000] [id=25492]
  0x0000021b14a29610 GCTaskThread "GC Thread#4" [stack: 0x000000a94f800000,0x000000a94f900000] [id=332]
  0x0000021b14a28340 GCTaskThread "GC Thread#5" [stack: 0x000000a94f900000,0x000000a94fa00000] [id=2432]
  0x0000021b14a2a380 GCTaskThread "GC Thread#6" [stack: 0x000000a94fa00000,0x000000a94fb00000] [id=9992]
  0x0000021b214475d0 GCTaskThread "GC Thread#7" [stack: 0x000000a950800000,0x000000a950900000] [id=19664]
  0x0000021b6d33a450 ConcurrentGCThread "G1 Main Marker" [stack: 0x000000a94d900000,0x000000a94da00000] [id=5136]
  0x0000021b6d33b600 ConcurrentGCThread "G1 Conc#0" [stack: 0x000000a94da00000,0x000000a94db00000] [id=23140]
  0x0000021b7f6a30d0 ConcurrentGCThread "G1 Refine#0" [stack: 0x000000a94db00000,0x000000a94dc00000] [id=22796]
  0x0000021b2246d560 ConcurrentGCThread "G1 Refine#1" [stack: 0x000000a950900000,0x000000a950a00000] [id=11680]
  0x0000021b1c8f2b40 ConcurrentGCThread "G1 Refine#2" [stack: 0x000000a950a00000,0x000000a950b00000] [id=24888]
  0x0000021b2280a6e0 ConcurrentGCThread "G1 Refine#3" [stack: 0x000000a950700000,0x000000a950800000] [id=18448]
  0x0000021b257b27b0 ConcurrentGCThread "G1 Refine#4" [stack: 0x000000a950b00000,0x000000a950c00000] [id=5892]
  0x0000021b2246dc60 ConcurrentGCThread "G1 Refine#5" [stack: 0x000000a950600000,0x000000a950700000] [id=25896]
  0x0000021b2281fa10 ConcurrentGCThread "G1 Refine#6" [stack: 0x000000a950c00000,0x000000a950d00000] [id=8660]
  0x0000021b7f6a39f0 ConcurrentGCThread "G1 Service" [stack: 0x000000a94dc00000,0x000000a94dd00000] [id=9408]

Threads with active compile tasks:

VM state: not at safepoint (normal execution)

VM Mutex/Monitor currently owned by a thread: None

Heap address: 0x000000070a000000, size: 3936 MB, Compressed Oops mode: Zero based, Oop shift amount: 3

CDS archive(s) mapped at: [0x0000000800000000-0x0000000800bc0000-0x0000000800bc0000), size 12320768, SharedBaseAddress: 0x0000000800000000, ArchiveRelocationMode: 0.
Compressed class space mapped at: 0x0000000800c00000-0x0000000840c00000, reserved size: 1073741824
Narrow klass base: 0x0000000800000000, Narrow klass shift: 0, Narrow klass range: 0x100000000

GC Precious Log:
 CPUs: 16 total, 16 available
 Memory: 15741M
 Large Page Support: Disabled
 NUMA Support: Disabled
 Compressed Oops: Enabled (Zero based)
 Heap Region Size: 2M
 Heap Min Capacity: 8M
 Heap Initial Capacity: 246M
 Heap Max Capacity: 3936M
 Pre-touch: Disabled
 Parallel Workers: 13
 Concurrent Workers: 3
 Concurrent Refinement Workers: 13
 Periodic GC: Disabled

Heap:
 garbage-first heap   total 251904K, used 97003K [0x000000070a000000, 0x0000000800000000)
  region size 2048K, 39 young (79872K), 1 survivors (2048K)
 Metaspace       used 10048K, committed 10176K, reserved 1064960K
  class space    used 676K, committed 704K, reserved 1048576K

Heap Regions: E=young(eden), S=young(survivor), O=old, HS=humongous(starts), HC=humongous(continues), CS=collection set, F=free, OA=open archive, CA=closed archive, TAMS=top-at-mark-start (previous, next)
|   0|0x000000070a000000, 0x000000070a200000, 0x000000070a200000|100%| O|  |TAMS 0x000000070a000000, 0x000000070a000000| Untracked 
|   1|0x000000070a200000, 0x000000070a400000, 0x000000070a400000|100%|HS|  |TAMS 0x000000070a200000, 0x000000070a200000| Complete 
|   2|0x000000070a400000, 0x000000070a600000, 0x000000070a600000|100%|HS|  |TAMS 0x000000070a400000, 0x000000070a400000| Complete 
|   3|0x000000070a600000, 0x000000070a800000, 0x000000070a800000|100%| O|  |TAMS 0x000000070a600000, 0x000000070a600000| Untracked 
|   4|0x000000070a800000, 0x000000070aa00000, 0x000000070aa00000|100%| O|  |TAMS 0x000000070a800000, 0x000000070a800000| Untracked 
|   5|0x000000070aa00000, 0x000000070ac00000, 0x000000070ac00000|100%| O|  |TAMS 0x000000070aa00000, 0x000000070aa00000| Untracked 
|   6|0x000000070ac00000, 0x000000070ae00000, 0x000000070ae00000|100%| O|  |TAMS 0x000000070ac00000, 0x000000070ac00000| Untracked 
|   7|0x000000070ae00000, 0x000000070b000000, 0x000000070b000000|100%| O|  |TAMS 0x000000070ae00000, 0x000000070ae00000| Untracked 
|   8|0x000000070b000000, 0x000000070b200000, 0x000000070b200000|100%| O|  |TAMS 0x000000070b000000, 0x000000070b000000| Untracked 
|   9|0x000000070b200000, 0x000000070b400000, 0x000000070b400000|100%| O|  |TAMS 0x000000070b200000, 0x000000070b200000| Untracked 
|  10|0x000000070b400000, 0x000000070b400000, 0x000000070b600000|  0%| F|  |TAMS 0x000000070b400000, 0x000000070b400000| Untracked 
|  11|0x000000070b600000, 0x000000070b600000, 0x000000070b800000|  0%| F|  |TAMS 0x000000070b600000, 0x000000070b600000| Untracked 
|  12|0x000000070b800000, 0x000000070b800000, 0x000000070ba00000|  0%| F|  |TAMS 0x000000070b800000, 0x000000070b800000| Untracked 
|  13|0x000000070ba00000, 0x000000070ba00000, 0x000000070bc00000|  0%| F|  |TAMS 0x000000070ba00000, 0x000000070ba00000| Untracked 
|  14|0x000000070bc00000, 0x000000070bc00000, 0x000000070be00000|  0%| F|  |TAMS 0x000000070bc00000, 0x000000070bc00000| Untracked 
|  15|0x000000070be00000, 0x000000070be00000, 0x000000070c000000|  0%| F|  |TAMS 0x000000070be00000, 0x000000070be00000| Untracked 
|  16|0x000000070c000000, 0x000000070c000000, 0x000000070c200000|  0%| F|  |TAMS 0x000000070c000000, 0x000000070c000000| Untracked 
|  17|0x000000070c200000, 0x000000070c200000, 0x000000070c400000|  0%| F|  |TAMS 0x000000070c200000, 0x000000070c200000| Untracked 
|  18|0x000000070c400000, 0x000000070c400000, 0x000000070c600000|  0%| F|  |TAMS 0x000000070c400000, 0x000000070c400000| Untracked 
|  19|0x000000070c600000, 0x000000070c600000, 0x000000070c800000|  0%| F|  |TAMS 0x000000070c600000, 0x000000070c600000| Untracked 
|  20|0x000000070c800000, 0x000000070c800000, 0x000000070ca00000|  0%| F|  |TAMS 0x000000070c800000, 0x000000070c800000| Untracked 
|  21|0x000000070ca00000, 0x000000070ca00000, 0x000000070cc00000|  0%| F|  |TAMS 0x000000070ca00000, 0x000000070ca00000| Untracked 
|  22|0x000000070cc00000, 0x000000070cc00000, 0x000000070ce00000|  0%| F|  |TAMS 0x000000070cc00000, 0x000000070cc00000| Untracked 
|  23|0x000000070ce00000, 0x000000070ce00000, 0x000000070d000000|  0%| F|  |TAMS 0x000000070ce00000, 0x000000070ce00000| Untracked 
|  24|0x000000070d000000, 0x000000070d000000, 0x000000070d200000|  0%| F|  |TAMS 0x000000070d000000, 0x000000070d000000| Untracked 
|  25|0x000000070d200000, 0x000000070d200000, 0x000000070d400000|  0%| F|  |TAMS 0x000000070d200000, 0x000000070d200000| Untracked 
|  26|0x000000070d400000, 0x000000070d400000, 0x000000070d600000|  0%| F|  |TAMS 0x000000070d400000, 0x000000070d400000| Untracked 
|  27|0x000000070d600000, 0x000000070d600000, 0x000000070d800000|  0%| F|  |TAMS 0x000000070d600000, 0x000000070d600000| Untracked 
|  28|0x000000070d800000, 0x000000070d800000, 0x000000070da00000|  0%| F|  |TAMS 0x000000070d800000, 0x000000070d800000| Untracked 
|  29|0x000000070da00000, 0x000000070da00000, 0x000000070dc00000|  0%| F|  |TAMS 0x000000070da00000, 0x000000070da00000| Untracked 
|  30|0x000000070dc00000, 0x000000070dc00000, 0x000000070de00000|  0%| F|  |TAMS 0x000000070dc00000, 0x000000070dc00000| Untracked 
|  31|0x000000070de00000, 0x000000070de00000, 0x000000070e000000|  0%| F|  |TAMS 0x000000070de00000, 0x000000070de00000| Untracked 
|  32|0x000000070e000000, 0x000000070e000000, 0x000000070e200000|  0%| F|  |TAMS 0x000000070e000000, 0x000000070e000000| Untracked 
|  33|0x000000070e200000, 0x000000070e200000, 0x000000070e400000|  0%| F|  |TAMS 0x000000070e200000, 0x000000070e200000| Untracked 
|  34|0x000000070e400000, 0x000000070e400000, 0x000000070e600000|  0%| F|  |TAMS 0x000000070e400000, 0x000000070e400000| Untracked 
|  35|0x000000070e600000, 0x000000070e600000, 0x000000070e800000|  0%| F|  |TAMS 0x000000070e600000, 0x000000070e600000| Untracked 
|  36|0x000000070e800000, 0x000000070e800000, 0x000000070ea00000|  0%| F|  |TAMS 0x000000070e800000, 0x000000070e800000| Untracked 
|  37|0x000000070ea00000, 0x000000070ea00000, 0x000000070ec00000|  0%| F|  |TAMS 0x000000070ea00000, 0x000000070ea00000| Untracked 
|  38|0x000000070ec00000, 0x000000070ec00000, 0x000000070ee00000|  0%| F|  |TAMS 0x000000070ec00000, 0x000000070ec00000| Untracked 
|  39|0x000000070ee00000, 0x000000070ee00000, 0x000000070f000000|  0%| F|  |TAMS 0x000000070ee00000, 0x000000070ee00000| Untracked 
|  40|0x000000070f000000, 0x000000070f000000, 0x000000070f200000|  0%| F|  |TAMS 0x000000070f000000, 0x000000070f000000| Untracked 
|  41|0x000000070f200000, 0x000000070f200000, 0x000000070f400000|  0%| F|  |TAMS 0x000000070f200000, 0x000000070f200000| Untracked 
|  42|0x000000070f400000, 0x000000070f400000, 0x000000070f600000|  0%| F|  |TAMS 0x000000070f400000, 0x000000070f400000| Untracked 
|  43|0x000000070f600000, 0x000000070f600000, 0x000000070f800000|  0%| F|  |TAMS 0x000000070f600000, 0x000000070f600000| Untracked 
|  44|0x000000070f800000, 0x000000070f800000, 0x000000070fa00000|  0%| F|  |TAMS 0x000000070f800000, 0x000000070f800000| Untracked 
|  45|0x000000070fa00000, 0x000000070fa00000, 0x000000070fc00000|  0%| F|  |TAMS 0x000000070fa00000, 0x000000070fa00000| Untracked 
|  46|0x000000070fc00000, 0x000000070fc00000, 0x000000070fe00000|  0%| F|  |TAMS 0x000000070fc00000, 0x000000070fc00000| Untracked 
|  47|0x000000070fe00000, 0x000000070fe00000, 0x0000000710000000|  0%| F|  |TAMS 0x000000070fe00000, 0x000000070fe00000| Untracked 
|  48|0x0000000710000000, 0x0000000710000000, 0x0000000710200000|  0%| F|  |TAMS 0x0000000710000000, 0x0000000710000000| Untracked 
|  49|0x0000000710200000, 0x0000000710200000, 0x0000000710400000|  0%| F|  |TAMS 0x0000000710200000, 0x0000000710200000| Untracked 
|  50|0x0000000710400000, 0x0000000710400000, 0x0000000710600000|  0%| F|  |TAMS 0x0000000710400000, 0x0000000710400000| Untracked 
|  51|0x0000000710600000, 0x0000000710600000, 0x0000000710800000|  0%| F|  |TAMS 0x0000000710600000, 0x0000000710600000| Untracked 
|  52|0x0000000710800000, 0x0000000710800000, 0x0000000710a00000|  0%| F|  |TAMS 0x0000000710800000, 0x0000000710800000| Untracked 
|  53|0x0000000710a00000, 0x0000000710a00000, 0x0000000710c00000|  0%| F|  |TAMS 0x0000000710a00000, 0x0000000710a00000| Untracked 
|  54|0x0000000710c00000, 0x0000000710c00000, 0x0000000710e00000|  0%| F|  |TAMS 0x0000000710c00000, 0x0000000710c00000| Untracked 
|  55|0x0000000710e00000, 0x0000000710e00000, 0x0000000711000000|  0%| F|  |TAMS 0x0000000710e00000, 0x0000000710e00000| Untracked 
|  56|0x0000000711000000, 0x0000000711000000, 0x0000000711200000|  0%| F|  |TAMS 0x0000000711000000, 0x0000000711000000| Untracked 
|  57|0x0000000711200000, 0x0000000711200000, 0x0000000711400000|  0%| F|  |TAMS 0x0000000711200000, 0x0000000711200000| Untracked 
|  58|0x0000000711400000, 0x0000000711400000, 0x0000000711600000|  0%| F|  |TAMS 0x0000000711400000, 0x0000000711400000| Untracked 
|  59|0x0000000711600000, 0x0000000711600000, 0x0000000711800000|  0%| F|  |TAMS 0x0000000711600000, 0x0000000711600000| Untracked 
|  60|0x0000000711800000, 0x0000000711800000, 0x0000000711a00000|  0%| F|  |TAMS 0x0000000711800000, 0x0000000711800000| Untracked 
|  61|0x0000000711a00000, 0x0000000711a00000, 0x0000000711c00000|  0%| F|  |TAMS 0x0000000711a00000, 0x0000000711a00000| Untracked 
|  62|0x0000000711c00000, 0x0000000711c00000, 0x0000000711e00000|  0%| F|  |TAMS 0x0000000711c00000, 0x0000000711c00000| Untracked 
|  63|0x0000000711e00000, 0x0000000711e00000, 0x0000000712000000|  0%| F|  |TAMS 0x0000000711e00000, 0x0000000711e00000| Untracked 
|  64|0x0000000712000000, 0x0000000712000000, 0x0000000712200000|  0%| F|  |TAMS 0x0000000712000000, 0x0000000712000000| Untracked 
|  65|0x0000000712200000, 0x0000000712200000, 0x0000000712400000|  0%| F|  |TAMS 0x0000000712200000, 0x0000000712200000| Untracked 
|  66|0x0000000712400000, 0x0000000712400000, 0x0000000712600000|  0%| F|  |TAMS 0x0000000712400000, 0x0000000712400000| Untracked 
|  67|0x0000000712600000, 0x0000000712600000, 0x0000000712800000|  0%| F|  |TAMS 0x0000000712600000, 0x0000000712600000| Untracked 
|  68|0x0000000712800000, 0x0000000712800000, 0x0000000712a00000|  0%| F|  |TAMS 0x0000000712800000, 0x0000000712800000| Untracked 
|  69|0x0000000712a00000, 0x0000000712a00000, 0x0000000712c00000|  0%| F|  |TAMS 0x0000000712a00000, 0x0000000712a00000| Untracked 
|  70|0x0000000712c00000, 0x0000000712c00000, 0x0000000712e00000|  0%| F|  |TAMS 0x0000000712c00000, 0x0000000712c00000| Untracked 
|  71|0x0000000712e00000, 0x0000000712e00000, 0x0000000713000000|  0%| F|  |TAMS 0x0000000712e00000, 0x0000000712e00000| Untracked 
|  72|0x0000000713000000, 0x0000000713000000, 0x0000000713200000|  0%| F|  |TAMS 0x0000000713000000, 0x0000000713000000| Untracked 
|  73|0x0000000713200000, 0x0000000713200000, 0x0000000713400000|  0%| F|  |TAMS 0x0000000713200000, 0x0000000713200000| Untracked 
|  74|0x0000000713400000, 0x0000000713400000, 0x0000000713600000|  0%| F|  |TAMS 0x0000000713400000, 0x0000000713400000| Untracked 
|  75|0x0000000713600000, 0x0000000713600000, 0x0000000713800000|  0%| F|  |TAMS 0x0000000713600000, 0x0000000713600000| Untracked 
|  76|0x0000000713800000, 0x0000000713800000, 0x0000000713a00000|  0%| F|  |TAMS 0x0000000713800000, 0x0000000713800000| Untracked 
|  77|0x0000000713a00000, 0x0000000713a00000, 0x0000000713c00000|  0%| F|  |TAMS 0x0000000713a00000, 0x0000000713a00000| Untracked 
|  78|0x0000000713c00000, 0x0000000713c00000, 0x0000000713e00000|  0%| F|  |TAMS 0x0000000713c00000, 0x0000000713c00000| Untracked 
|  79|0x0000000713e00000, 0x0000000713e00000, 0x0000000714000000|  0%| F|  |TAMS 0x0000000713e00000, 0x0000000713e00000| Untracked 
|  80|0x0000000714000000, 0x0000000714000000, 0x0000000714200000|  0%| F|  |TAMS 0x0000000714000000, 0x0000000714000000| Untracked 
|  81|0x0000000714200000, 0x0000000714200000, 0x0000000714400000|  0%| F|  |TAMS 0x0000000714200000, 0x0000000714200000| Untracked 
|  82|0x0000000714400000, 0x0000000714400000, 0x0000000714600000|  0%| F|  |TAMS 0x0000000714400000, 0x0000000714400000| Untracked 
|  83|0x0000000714600000, 0x0000000714600000, 0x0000000714800000|  0%| F|  |TAMS 0x0000000714600000, 0x0000000714600000| Untracked 
|  84|0x0000000714800000, 0x0000000714901620, 0x0000000714a00000| 50%| E|  |TAMS 0x0000000714800000, 0x0000000714800000| Complete 
|  85|0x0000000714a00000, 0x0000000714c00000, 0x0000000714c00000|100%| E|CS|TAMS 0x0000000714a00000, 0x0000000714a00000| Complete 
|  86|0x0000000714c00000, 0x0000000714e00000, 0x0000000714e00000|100%| E|CS|TAMS 0x0000000714c00000, 0x0000000714c00000| Complete 
|  87|0x0000000714e00000, 0x0000000715000000, 0x0000000715000000|100%| E|CS|TAMS 0x0000000714e00000, 0x0000000714e00000| Complete 
|  88|0x0000000715000000, 0x0000000715200000, 0x0000000715200000|100%| E|CS|TAMS 0x0000000715000000, 0x0000000715000000| Complete 
|  89|0x0000000715200000, 0x0000000715400000, 0x0000000715400000|100%| E|CS|TAMS 0x0000000715200000, 0x0000000715200000| Complete 
|  90|0x0000000715400000, 0x0000000715600000, 0x0000000715600000|100%| E|CS|TAMS 0x0000000715400000, 0x0000000715400000| Complete 
|  91|0x0000000715600000, 0x0000000715800000, 0x0000000715800000|100%| E|CS|TAMS 0x0000000715600000, 0x0000000715600000| Complete 
|  92|0x0000000715800000, 0x0000000715a00000, 0x0000000715a00000|100%| E|CS|TAMS 0x0000000715800000, 0x0000000715800000| Complete 
|  93|0x0000000715a00000, 0x0000000715c00000, 0x0000000715c00000|100%| E|CS|TAMS 0x0000000715a00000, 0x0000000715a00000| Complete 
|  94|0x0000000715c00000, 0x0000000715e00000, 0x0000000715e00000|100%| E|CS|TAMS 0x0000000715c00000, 0x0000000715c00000| Complete 
|  95|0x0000000715e00000, 0x0000000716000000, 0x0000000716000000|100%| E|CS|TAMS 0x0000000715e00000, 0x0000000715e00000| Complete 
|  96|0x0000000716000000, 0x0000000716200000, 0x0000000716200000|100%| E|CS|TAMS 0x0000000716000000, 0x0000000716000000| Complete 
|  97|0x0000000716200000, 0x0000000716400000, 0x0000000716400000|100%| E|CS|TAMS 0x0000000716200000, 0x0000000716200000| Complete 
|  98|0x0000000716400000, 0x0000000716600000, 0x0000000716600000|100%| E|CS|TAMS 0x0000000716400000, 0x0000000716400000| Complete 
|  99|0x0000000716600000, 0x0000000716800000, 0x0000000716800000|100%| E|CS|TAMS 0x0000000716600000, 0x0000000716600000| Complete 
| 100|0x0000000716800000, 0x0000000716a00000, 0x0000000716a00000|100%| E|CS|TAMS 0x0000000716800000, 0x0000000716800000| Complete 
| 101|0x0000000716a00000, 0x0000000716c00000, 0x0000000716c00000|100%| E|CS|TAMS 0x0000000716a00000, 0x0000000716a00000| Complete 
| 102|0x0000000716c00000, 0x0000000716e00000, 0x0000000716e00000|100%| E|CS|TAMS 0x0000000716c00000, 0x0000000716c00000| Complete 
| 103|0x0000000716e00000, 0x0000000717000000, 0x0000000717000000|100%| E|CS|TAMS 0x0000000716e00000, 0x0000000716e00000| Complete 
| 104|0x0000000717000000, 0x0000000717200000, 0x0000000717200000|100%| E|CS|TAMS 0x0000000717000000, 0x0000000717000000| Complete 
| 105|0x0000000717200000, 0x0000000717400000, 0x0000000717400000|100%| E|CS|TAMS 0x0000000717200000, 0x0000000717200000| Complete 
| 106|0x0000000717400000, 0x0000000717600000, 0x0000000717600000|100%| E|CS|TAMS 0x0000000717400000, 0x0000000717400000| Complete 
| 107|0x0000000717600000, 0x0000000717800000, 0x0000000717800000|100%| E|CS|TAMS 0x0000000717600000, 0x0000000717600000| Complete 
| 108|0x0000000717800000, 0x0000000717a00000, 0x0000000717a00000|100%| E|CS|TAMS 0x0000000717800000, 0x0000000717800000| Complete 
| 109|0x0000000717a00000, 0x0000000717c00000, 0x0000000717c00000|100%| E|CS|TAMS 0x0000000717a00000, 0x0000000717a00000| Complete 
| 110|0x0000000717c00000, 0x0000000717e00000, 0x0000000717e00000|100%| E|CS|TAMS 0x0000000717c00000, 0x0000000717c00000| Complete 
| 111|0x0000000717e00000, 0x0000000718000000, 0x0000000718000000|100%| E|CS|TAMS 0x0000000717e00000, 0x0000000717e00000| Complete 
| 112|0x0000000718000000, 0x0000000718200000, 0x0000000718200000|100%| E|CS|TAMS 0x0000000718000000, 0x0000000718000000| Complete 
| 113|0x0000000718200000, 0x0000000718400000, 0x0000000718400000|100%| E|CS|TAMS 0x0000000718200000, 0x0000000718200000| Complete 
| 114|0x0000000718400000, 0x0000000718600000, 0x0000000718600000|100%| E|CS|TAMS 0x0000000718400000, 0x0000000718400000| Complete 
| 115|0x0000000718600000, 0x0000000718800000, 0x0000000718800000|100%| E|CS|TAMS 0x0000000718600000, 0x0000000718600000| Complete 
| 116|0x0000000718800000, 0x0000000718a00000, 0x0000000718a00000|100%| E|CS|TAMS 0x0000000718800000, 0x0000000718800000| Complete 
| 117|0x0000000718a00000, 0x0000000718c00000, 0x0000000718c00000|100%| E|CS|TAMS 0x0000000718a00000, 0x0000000718a00000| Complete 
| 118|0x0000000718c00000, 0x0000000718e00000, 0x0000000718e00000|100%| E|CS|TAMS 0x0000000718c00000, 0x0000000718c00000| Complete 
| 119|0x0000000718e00000, 0x0000000718ebaf20, 0x0000000719000000| 36%| S|CS|TAMS 0x0000000718e00000, 0x0000000718e00000| Complete 
| 120|0x0000000719000000, 0x0000000719200000, 0x0000000719200000|100%| E|CS|TAMS 0x0000000719000000, 0x0000000719000000| Complete 
| 121|0x0000000719200000, 0x0000000719400000, 0x0000000719400000|100%| E|CS|TAMS 0x0000000719200000, 0x0000000719200000| Complete 
| 122|0x0000000719400000, 0x0000000719600000, 0x0000000719600000|100%| E|CS|TAMS 0x0000000719400000, 0x0000000719400000| Complete 

Card table byte_map: [0x0000021b75df0000,0x0000021b765a0000] _byte_map_base: 0x0000021b725a0000

Marking Bits (Prev, Next): (CMBitMap*) 0x0000021b6d32a520, (CMBitMap*) 0x0000021b6d32a560
 Prev Bits: [0x0000021b76d50000, 0x0000021b7aad0000)
 Next Bits: [0x0000021b7aad0000, 0x0000021b7e850000)

Polling page: 0x0000021b6b450000

Metaspace:

Usage:
  Non-class:      9.15 MB used.
      Class:    676.58 KB used.
       Both:      9.81 MB used.

Virtual space:
  Non-class space:       16.00 MB reserved,       9.25 MB ( 58%) committed,  2 nodes.
      Class space:        1.00 GB reserved,     704.00 KB ( <1%) committed,  1 nodes.
             Both:        1.02 GB reserved,       9.94 MB ( <1%) committed. 

Chunk freelists:
   Non-Class:  624.00 KB
       Class:  3.19 MB
        Both:  3.80 MB

MaxMetaspaceSize: unlimited
CompressedClassSpaceSize: 1.00 GB
Initial GC threshold: 21.00 MB
Current GC threshold: 21.00 MB
CDS: on
MetaspaceReclaimPolicy: balanced
 - commit_granule_bytes: 65536.
 - commit_granule_words: 8192.
 - virtual_space_node_default_size: 1048576.
 - enlarge_chunks_in_place: 1.
 - new_chunks_are_fully_committed: 0.
 - uncommit_free_chunks: 1.
 - use_allocation_guard: 0.
 - handle_deallocations: 1.


Internal statistics:

num_allocs_failed_limit: 0.
num_arena_births: 44.
num_arena_deaths: 0.
num_vsnodes_births: 3.
num_vsnodes_deaths: 0.
num_space_committed: 157.
num_space_uncommitted: 0.
num_chunks_returned_to_freelist: 0.
num_chunks_taken_from_freelist: 323.
num_chunk_merges: 0.
num_chunk_splits: 273.
num_chunks_enlarged: 250.
num_purges: 0.
num_inconsistent_stats: 0.

CodeHeap 'non-profiled nmethods': size=119168Kb used=1758Kb max_used=1758Kb free=117410Kb
 bounds [0x0000021b07ba0000, 0x0000021b07e10000, 0x0000021b0f000000]
CodeHeap 'profiled nmethods': size=119104Kb used=4357Kb max_used=4357Kb free=114746Kb
 bounds [0x0000021b00750000, 0x0000021b00ba0000, 0x0000021b07ba0000]
CodeHeap 'non-nmethods': size=7488Kb used=3342Kb max_used=3390Kb free=4145Kb
 bounds [0x0000021b00000000, 0x0000021b00360000, 0x0000021b00750000]
 total_blobs=3447 nmethods=2347 adapters=1010
 compilation: enabled
              stopped_count=0, restarted_count=0
 full_count=0

Compilation events (20 events):
Event: 14.399 Thread 0x0000021b11b474b0 2342       3       jdk.internal.math.FormattedFloatingDecimal::getBuffer (10 bytes)
Event: 14.399 Thread 0x0000021b11aa5060 2343       3       jdk.internal.math.FloatingDecimal$BinaryToASCIIBuffer::getDigits (22 bytes)
Event: 14.399 Thread 0x0000021b11b474b0 nmethod 2342 0x0000021b00b83810 code [0x0000021b00b839c0, 0x0000021b00b83c68]
Event: 14.399 Thread 0x0000021b11aa5060 nmethod 2343 0x0000021b00b83d10 code [0x0000021b00b83ec0, 0x0000021b00b840a8]
Event: 14.399 Thread 0x0000021b11b474b0 2344       3       jdk.internal.math.FormattedFloatingDecimal::applyPrecision (162 bytes)
Event: 14.399 Thread 0x0000021b11aa5060 2345       3       jdk.internal.math.FormattedFloatingDecimal::fillDecimal (352 bytes)
Event: 14.399 Thread 0x0000021b7f833fb0 nmethod 2341 0x0000021b00b84190 code [0x0000021b00b844a0, 0x0000021b00b85458]
Event: 14.399 Thread 0x0000021b7f833fb0 2346       3       jdk.internal.math.FormattedFloatingDecimal::create (21 bytes)
Event: 14.399 Thread 0x0000021b11b474b0 nmethod 2344 0x0000021b00b85890 code [0x0000021b00b85b20, 0x0000021b00b867a8]
Event: 14.399 Thread 0x0000021b11b474b0 2347       3       java.lang.StringBuilder::append (8 bytes)
Event: 14.399 Thread 0x0000021b7f833fb0 nmethod 2346 0x0000021b00b86c90 code [0x0000021b00b86e40, 0x0000021b00b870f8]
Event: 14.399 Thread 0x0000021b7f833fb0 2348       3       java.lang.AbstractStringBuilder::append (22 bytes)
Event: 14.399 Thread 0x0000021b11b474b0 nmethod 2347 0x0000021b00b87210 code [0x0000021b00b873a0, 0x0000021b00b874e8]
Event: 14.399 Thread 0x0000021b11b474b0 2340       3       jdk.internal.math.FloatingDecimal::getBinaryToASCIIConverter (183 bytes)
Event: 14.399 Thread 0x0000021b7f833fb0 nmethod 2348 0x0000021b00b87590 code [0x0000021b00b87740, 0x0000021b00b878f8]
Event: 14.400 Thread 0x0000021b11aa5060 nmethod 2345 0x0000021b00b87a10 code [0x0000021b00b87d60, 0x0000021b00b89aa8]
Event: 14.400 Thread 0x0000021b11b474b0 nmethod 2340 0x0000021b00b8a310 code [0x0000021b00b8a540, 0x0000021b00b8adb8]
Event: 14.401 Thread 0x0000021b11aa5d80 nmethod 2338 0x0000021b00b8b010 code [0x0000021b00b8b740, 0x0000021b00b8f578]
Event: 15.016 Thread 0x0000021b11aa5d80 2351       3       org.lwjgl.system.dyncall.DynCallback::dcbArgInt (16 bytes)
Event: 15.016 Thread 0x0000021b11aa5d80 nmethod 2351 0x0000021b00b91090 code [0x0000021b00b91240, 0x0000021b00b914d8]

GC Heap History (6 events):
Event: 2.207 GC heap before
{Heap before GC invocations=0 (full 0):
 garbage-first heap   total 251904K, used 20480K [0x000000070a000000, 0x0000000800000000)
  region size 2048K, 11 young (22528K), 0 survivors (0K)
 Metaspace       used 7179K, committed 7296K, reserved 1064960K
  class space    used 438K, committed 512K, reserved 1048576K
}
Event: 2.210 GC heap after
{Heap after GC invocations=1 (full 0):
 garbage-first heap   total 251904K, used 2713K [0x000000070a000000, 0x0000000800000000)
  region size 2048K, 2 young (4096K), 2 survivors (4096K)
 Metaspace       used 7179K, committed 7296K, reserved 1064960K
  class space    used 438K, committed 512K, reserved 1048576K
}
Event: 8.591 GC heap before
{Heap before GC invocations=1 (full 0):
 garbage-first heap   total 251904K, used 41625K [0x000000070a000000, 0x0000000800000000)
  region size 2048K, 19 young (38912K), 2 survivors (4096K)
 Metaspace       used 9755K, committed 9856K, reserved 1064960K
  class space    used 675K, committed 704K, reserved 1048576K
}
Event: 8.600 GC heap after
{Heap after GC invocations=2 (full 0):
 garbage-first heap   total 251904K, used 19761K [0x000000070a000000, 0x0000000800000000)
  region size 2048K, 3 young (6144K), 3 survivors (6144K)
 Metaspace       used 9755K, committed 9856K, reserved 1064960K
  class space    used 675K, committed 704K, reserved 1048576K
}
Event: 9.027 GC heap before
{Heap before GC invocations=2 (full 0):
 garbage-first heap   total 251904K, used 25905K [0x000000070a000000, 0x0000000800000000)
  region size 2048K, 6 young (12288K), 3 survivors (6144K)
 Metaspace       used 9774K, committed 9920K, reserved 1064960K
  class space    used 675K, committed 704K, reserved 1048576K
}
Event: 9.031 GC heap after
{Heap after GC invocations=3 (full 0):
 garbage-first heap   total 251904K, used 21227K [0x000000070a000000, 0x0000000800000000)
  region size 2048K, 1 young (2048K), 1 survivors (2048K)
 Metaspace       used 9774K, committed 9920K, reserved 1064960K
  class space    used 675K, committed 704K, reserved 1048576K
}

Deoptimization events (20 events):
Event: 11.115 Thread 0x0000021b6d2d1780 DEOPT PACKING pc=0x0000021b00b25888 sp=0x000000a94d7fed90
Event: 11.115 Thread 0x0000021b6d2d1780 DEOPT UNPACKING pc=0x0000021b00052b43 sp=0x000000a94d7fe268 mode 0
Event: 11.801 Thread 0x0000021b6d2d1780 Uncommon trap: trap_request=0xffffff45 fr.pc=0x0000021b07d2c438 relative=0x0000000000004898
Event: 11.801 Thread 0x0000021b6d2d1780 Uncommon trap: reason=unstable_if action=reinterpret pc=0x0000021b07d2c438 method=com.badlogic.gdx.utils.TimSort.mergeHi(IIII)V @ 413 c2
Event: 11.801 Thread 0x0000021b6d2d1780 DEOPT PACKING pc=0x0000021b07d2c438 sp=0x000000a94d7feca0
Event: 11.801 Thread 0x0000021b6d2d1780 DEOPT UNPACKING pc=0x0000021b000523a3 sp=0x000000a94d7fecd8 mode 2
Event: 11.866 Thread 0x0000021b6d2d1780 DEOPT PACKING pc=0x0000021b00b3ae91 sp=0x000000a94d7fecd0
Event: 11.866 Thread 0x0000021b6d2d1780 DEOPT UNPACKING pc=0x0000021b00052b43 sp=0x000000a94d7fe1c8 mode 0
Event: 11.966 Thread 0x0000021b6d2d1780 DEOPT PACKING pc=0x0000021b00b3ae91 sp=0x000000a94d7fecd0
Event: 11.966 Thread 0x0000021b6d2d1780 DEOPT UNPACKING pc=0x0000021b00052b43 sp=0x000000a94d7fe1c8 mode 0
Event: 12.033 Thread 0x0000021b6d2d1780 DEOPT PACKING pc=0x0000021b00b3ae91 sp=0x000000a94d7fecd0
Event: 12.033 Thread 0x0000021b6d2d1780 DEOPT UNPACKING pc=0x0000021b00052b43 sp=0x000000a94d7fe1c8 mode 0
Event: 12.133 Thread 0x0000021b6d2d1780 DEOPT PACKING pc=0x0000021b00b3ae91 sp=0x000000a94d7fecd0
Event: 12.133 Thread 0x0000021b6d2d1780 DEOPT UNPACKING pc=0x0000021b00052b43 sp=0x000000a94d7fe1c8 mode 0
Event: 12.232 Thread 0x0000021b6d2d1780 DEOPT PACKING pc=0x0000021b00b3ae91 sp=0x000000a94d7fecd0
Event: 12.232 Thread 0x0000021b6d2d1780 DEOPT UNPACKING pc=0x0000021b00052b43 sp=0x000000a94d7fe1c8 mode 0
Event: 12.283 Thread 0x0000021b6d2d1780 DEOPT PACKING pc=0x0000021b00b3ae91 sp=0x000000a94d7fecd0
Event: 12.283 Thread 0x0000021b6d2d1780 DEOPT UNPACKING pc=0x0000021b00052b43 sp=0x000000a94d7fe1c8 mode 0
Event: 15.054 Thread 0x0000021b6d2d1780 DEOPT PACKING pc=0x0000021b0099490c sp=0x000000a94d7ff3e0
Event: 15.054 Thread 0x0000021b6d2d1780 DEOPT UNPACKING pc=0x0000021b00052b43 sp=0x000000a94d7fe860 mode 0

Classes unloaded (0 events):
No events

Classes redefined (0 events):
No events

Internal exceptions (20 events):
Event: 0.155 Thread 0x0000021b6d2d1780 Exception <a 'java/lang/NoSuchMethodError'{0x00000007191f4e88}: 'java.lang.Object java.lang.invoke.DirectMethodHandle$Holder.invokeStaticInit(java.lang.Object)'> (0x00000007191f4e88) 
thrown [e:\jenkins\tmp\workspace\build\src\src\hotspot\share\interpreter\linkResolver.cpp, line 766]
Event: 0.163 Thread 0x0000021b6d2d1780 Exception <a 'java/lang/NoSuchMethodError'{0x0000000718e56df8}: 'void java.lang.invoke.DirectMethodHandle$Holder.invokeStatic(java.lang.Object, java.lang.Object)'> (0x0000000718e56df8) 
thrown [e:\jenkins\tmp\workspace\build\src\src\hotspot\share\interpreter\linkResolver.cpp, line 766]
Event: 0.164 Thread 0x0000021b6d2d1780 Exception <a 'java/lang/NoSuchMethodError'{0x0000000718e5c640}: 'void java.lang.invoke.DirectMethodHandle$Holder.invokeSpecial(java.lang.Object, java.lang.Object, java.lang.Object)'> (0x0000000718e5c640) 
thrown [e:\jenkins\tmp\workspace\build\src\src\hotspot\share\interpreter\linkResolver.cpp, line 766]
Event: 0.166 Thread 0x0000021b6d2d1780 Exception <a 'java/lang/NoSuchMethodError'{0x0000000718e6f9c8}: 'java.lang.Object java.lang.invoke.DirectMethodHandle$Holder.invokeStatic(java.lang.Object, java.lang.Object, int)'> (0x0000000718e6f9c8) 
thrown [e:\jenkins\tmp\workspace\build\src\src\hotspot\share\interpreter\linkResolver.cpp, line 766]
Event: 0.167 Thread 0x0000021b6d2d1780 Exception <a 'java/lang/NoSuchMethodError'{0x0000000718e7bab8}: 'void java.lang.invoke.DelegatingMethodHandle$Holder.delegate(java.lang.Object, java.lang.Object, int, java.lang.Object)'> (0x0000000718e7bab8) 
thrown [e:\jenkins\tmp\workspace\build\src\src\hotspot\share\interpreter\linkResolver.cpp, line 766]
Event: 0.167 Thread 0x0000021b6d2d1780 Exception <a 'java/lang/NoSuchMethodError'{0x0000000718e7fcf8}: 'int java.lang.invoke.DirectMethodHandle$Holder.invokeSpecial(java.lang.Object, java.lang.Object, java.lang.Object)'> (0x0000000718e7fcf8) 
thrown [e:\jenkins\tmp\workspace\build\src\src\hotspot\share\interpreter\linkResolver.cpp, line 766]
Event: 0.192 Thread 0x0000021b6d2d1780 Exception <a 'sun/nio/fs/WindowsException'{0x0000000718f26898}> (0x0000000718f26898) 
thrown [e:\jenkins\tmp\workspace\build\src\src\hotspot\share\prims\jni.cpp, line 516]
Event: 0.192 Thread 0x0000021b6d2d1780 Exception <a 'sun/nio/fs/WindowsException'{0x0000000718f26df0}> (0x0000000718f26df0) 
thrown [e:\jenkins\tmp\workspace\build\src\src\hotspot\share\prims\jni.cpp, line 516]
Event: 0.211 Thread 0x0000021b6d2d1780 Exception <a 'sun/nio/fs/WindowsException'{0x0000000718c14d38}> (0x0000000718c14d38) 
thrown [e:\jenkins\tmp\workspace\build\src\src\hotspot\share\prims\jni.cpp, line 516]
Event: 0.211 Thread 0x0000021b6d2d1780 Exception <a 'sun/nio/fs/WindowsException'{0x0000000718c150d8}> (0x0000000718c150d8) 
thrown [e:\jenkins\tmp\workspace\build\src\src\hotspot\share\prims\jni.cpp, line 516]
Event: 0.228 Thread 0x0000021b6d2d1780 Exception <a 'sun/nio/fs/WindowsException'{0x0000000718cc5308}> (0x0000000718cc5308) 
thrown [e:\jenkins\tmp\workspace\build\src\src\hotspot\share\prims\jni.cpp, line 516]
Event: 0.228 Thread 0x0000021b6d2d1780 Exception <a 'sun/nio/fs/WindowsException'{0x0000000718cc5678}> (0x0000000718cc5678) 
thrown [e:\jenkins\tmp\workspace\build\src\src\hotspot\share\prims\jni.cpp, line 516]
Event: 0.264 Thread 0x0000021b6d2d1780 Exception <a 'sun/nio/fs/WindowsException'{0x0000000718d49618}> (0x0000000718d49618) 
thrown [e:\jenkins\tmp\workspace\build\src\src\hotspot\share\prims\jni.cpp, line 516]
Event: 0.264 Thread 0x0000021b6d2d1780 Exception <a 'sun/nio/fs/WindowsException'{0x0000000718d499a0}> (0x0000000718d499a0) 
thrown [e:\jenkins\tmp\workspace\build\src\src\hotspot\share\prims\jni.cpp, line 516]
Event: 0.691 Thread 0x0000021b6d2d1780 Exception <a 'sun/nio/fs/WindowsException'{0x0000000718b2bec8}> (0x0000000718b2bec8) 
thrown [e:\jenkins\tmp\workspace\build\src\src\hotspot\share\prims\jni.cpp, line 516]
Event: 0.691 Thread 0x0000021b6d2d1780 Exception <a 'sun/nio/fs/WindowsException'{0x0000000718b2c278}> (0x0000000718b2c278) 
thrown [e:\jenkins\tmp\workspace\build\src\src\hotspot\share\prims\jni.cpp, line 516]
Event: 0.694 Thread 0x0000021b6d2d1780 Exception <a 'sun/nio/fs/WindowsException'{0x0000000718b383a8}> (0x0000000718b383a8) 
thrown [e:\jenkins\tmp\workspace\build\src\src\hotspot\share\prims\jni.cpp, line 516]
Event: 0.694 Thread 0x0000021b6d2d1780 Exception <a 'sun/nio/fs/WindowsException'{0x0000000718b38690}> (0x0000000718b38690) 
thrown [e:\jenkins\tmp\workspace\build\src\src\hotspot\share\prims\jni.cpp, line 516]
Event: 8.236 Thread 0x0000021b6d2d1780 Implicit null exception at 0x0000021b07c18a3f to 0x0000021b07c18b1c
Event: 8.252 Thread 0x0000021b6d2d1780 Implicit null exception at 0x0000021b07c0ebb0 to 0x0000021b07c0ed88

VM Operations (20 events):
Event: 8.163 Executing VM operation: HandshakeAllThreads
Event: 8.163 Executing VM operation: HandshakeAllThreads done
Event: 8.166 Executing VM operation: HandshakeAllThreads
Event: 8.166 Executing VM operation: HandshakeAllThreads done
Event: 8.184 Executing VM operation: HandshakeAllThreads
Event: 8.184 Executing VM operation: HandshakeAllThreads done
Event: 8.184 Executing VM operation: HandshakeAllThreads
Event: 8.185 Executing VM operation: HandshakeAllThreads done
Event: 8.591 Executing VM operation: G1CollectForAllocation
Event: 8.600 Executing VM operation: G1CollectForAllocation done
Event: 9.026 Executing VM operation: G1CollectForAllocation
Event: 9.031 Executing VM operation: G1CollectForAllocation done
Event: 11.030 Executing VM operation: Cleanup
Event: 11.031 Executing VM operation: Cleanup done
Event: 12.290 Executing VM operation: ICBufferFull
Event: 12.290 Executing VM operation: ICBufferFull done
Event: 13.406 Executing VM operation: ICBufferFull
Event: 13.406 Executing VM operation: ICBufferFull done
Event: 14.407 Executing VM operation: Cleanup
Event: 14.407 Executing VM operation: Cleanup done

Events (20 events):
Event: 8.324 loading class jdk/internal/math/FDBigInteger done
Event: 8.324 loading class jdk/internal/math/FormattedFloatingDecimal$Form
Event: 8.324 loading class jdk/internal/math/FormattedFloatingDecimal$Form done
Event: 8.324 loading class jdk/internal/math/FormattedFloatingDecimal
Event: 8.324 loading class jdk/internal/math/FormattedFloatingDecimal done
Event: 8.324 loading class jdk/internal/math/FormattedFloatingDecimal$1
Event: 8.324 loading class jdk/internal/math/FormattedFloatingDecimal$1 done
Event: 8.324 loading class jdk/internal/math/FormattedFloatingDecimal$2
Event: 8.324 loading class jdk/internal/math/FormattedFloatingDecimal$2 done
Event: 8.343 Thread 0x0000021b1c8f2e30 Thread added: 0x0000021b1c8f2e30
Event: 8.410 Thread 0x0000021b218ed1e0 Thread added: 0x0000021b218ed1e0
Event: 8.410 Thread 0x0000021b1cc53790 Thread added: 0x0000021b1cc53790
Event: 8.410 Thread 0x0000021b1ca5a820 Thread added: 0x0000021b1ca5a820
Event: 8.600 Thread 0x0000021b1ca5a820 Thread exited: 0x0000021b1ca5a820
Event: 8.600 Thread 0x0000021b1cc53790 Thread exited: 0x0000021b1cc53790
Event: 8.610 Thread 0x0000021b218ed1e0 Thread exited: 0x0000021b218ed1e0
Event: 8.715 Thread 0x0000021b21577420 Thread exited: 0x0000021b21577420
Event: 8.715 Thread 0x0000021b1c122bc0 Thread exited: 0x0000021b1c122bc0
Event: 8.725 Thread 0x0000021b11aac310 Thread exited: 0x0000021b11aac310
Event: 9.357 Thread 0x0000021b1bfaefe0 Thread exited: 0x0000021b1bfaefe0


Dynamic libraries:
0x00007ff78f960000 - 0x00007ff78f96e000 	C:\Program Files\Eclipse Adoptium\jdk-17.0.1.12-hotspot\bin\java.exe
0x00007ffdc5cd0000 - 0x00007ffdc5ec5000 	C:\Windows\SYSTEM32\ntdll.dll
0x00007ffdc4060000 - 0x00007ffdc411d000 	C:\Windows\System32\KERNEL32.DLL
0x00007ffdc3720000 - 0x00007ffdc39ed000 	C:\Windows\System32\KERNELBASE.dll
0x00007ffdc33b0000 - 0x00007ffdc34b0000 	C:\Windows\System32\ucrtbase.dll
0x00007ffd932c0000 - 0x00007ffd932d9000 	C:\Program Files\Eclipse Adoptium\jdk-17.0.1.12-hotspot\bin\VCRUNTIME140.dll
0x00007ffd8a540000 - 0x00007ffd8a558000 	C:\Program Files\Eclipse Adoptium\jdk-17.0.1.12-hotspot\bin\jli.dll
0x00007ffdc5530000 - 0x00007ffdc56d0000 	C:\Windows\System32\USER32.dll
0x00007ffdc3c20000 - 0x00007ffdc3c42000 	C:\Windows\System32\win32u.dll
0x00007ffdad620000 - 0x00007ffdad8ba000 	C:\Windows\WinSxS\amd64_microsoft.windows.common-controls_6595b64144ccf1df_6.0.19041.1110_none_60b5254171f9507e\COMCTL32.dll
0x00007ffdc5bd0000 - 0x00007ffdc5bfa000 	C:\Windows\System32\GDI32.dll
0x00007ffdc5190000 - 0x00007ffdc522e000 	C:\Windows\System32\msvcrt.dll
0x00007ffdc3610000 - 0x00007ffdc371b000 	C:\Windows\System32\gdi32full.dll
0x00007ffdc39f0000 - 0x00007ffdc3a8d000 	C:\Windows\System32\msvcp_win.dll
0x00007ffdc4eb0000 - 0x00007ffdc4ee0000 	C:\Windows\System32\IMM32.DLL
0x00007ffda1600000 - 0x00007ffda160c000 	C:\Program Files\Eclipse Adoptium\jdk-17.0.1.12-hotspot\bin\vcruntime140_1.dll
0x00007ffd569f0000 - 0x00007ffd56a81000 	C:\Program Files\Eclipse Adoptium\jdk-17.0.1.12-hotspot\bin\msvcp140.dll
0x00007ffd3e590000 - 0x00007ffd3f1d6000 	C:\Program Files\Eclipse Adoptium\jdk-17.0.1.12-hotspot\bin\server\jvm.dll
0x00007ffdc3fb0000 - 0x00007ffdc405e000 	C:\Windows\System32\ADVAPI32.dll
0x00007ffdc3e80000 - 0x00007ffdc3f1c000 	C:\Windows\System32\sechost.dll
0x00007ffdc3d50000 - 0x00007ffdc3e75000 	C:\Windows\System32\RPCRT4.dll
0x00007ffdc4ee0000 - 0x00007ffdc4ee8000 	C:\Windows\System32\PSAPI.DLL
0x00007ffda5c00000 - 0x00007ffda5c09000 	C:\Windows\SYSTEM32\WSOCK32.dll
0x00007ffdbc260000 - 0x00007ffdbc26a000 	C:\Windows\SYSTEM32\VERSION.dll
0x00007ffdb8890000 - 0x00007ffdb88b7000 	C:\Windows\SYSTEM32\WINMM.dll
0x00007ffdc52e0000 - 0x00007ffdc534b000 	C:\Windows\System32\WS2_32.dll
0x00007ffdc1c40000 - 0x00007ffdc1c52000 	C:\Windows\SYSTEM32\kernel.appcore.dll
0x00007ffda1510000 - 0x00007ffda151a000 	C:\Program Files\Eclipse Adoptium\jdk-17.0.1.12-hotspot\bin\jimage.dll
0x00007ffdc1a30000 - 0x00007ffdc1c14000 	C:\Windows\SYSTEM32\DBGHELP.DLL
0x00007ffdb8de0000 - 0x00007ffdb8e0c000 	C:\Windows\SYSTEM32\dbgcore.DLL
0x00007ffdc3a90000 - 0x00007ffdc3b12000 	C:\Windows\System32\bcryptPrimitives.dll
0x00007ffd892e0000 - 0x00007ffd89305000 	C:\Program Files\Eclipse Adoptium\jdk-17.0.1.12-hotspot\bin\java.dll
0x00007ffd57690000 - 0x00007ffd57766000 	C:\Program Files\Eclipse Adoptium\jdk-17.0.1.12-hotspot\bin\svml.dll
0x00007ffdc4120000 - 0x00007ffdc4864000 	C:\Windows\System32\SHELL32.dll
0x00007ffdc1150000 - 0x00007ffdc18e4000 	C:\Windows\SYSTEM32\windows.storage.dll
0x00007ffdc5870000 - 0x00007ffdc5bc4000 	C:\Windows\System32\combase.dll
0x00007ffdc2e10000 - 0x00007ffdc2e3c000 	C:\Windows\SYSTEM32\Wldp.dll
0x00007ffdc5230000 - 0x00007ffdc52dd000 	C:\Windows\System32\SHCORE.dll
0x00007ffdc3cf0000 - 0x00007ffdc3d45000 	C:\Windows\System32\shlwapi.dll
0x00007ffdc32f0000 - 0x00007ffdc330f000 	C:\Windows\SYSTEM32\profapi.dll
0x00007ffd8a520000 - 0x00007ffd8a539000 	C:\Program Files\Eclipse Adoptium\jdk-17.0.1.12-hotspot\bin\net.dll
0x00007ffdb4be0000 - 0x00007ffdb4cea000 	C:\Windows\SYSTEM32\WINHTTP.dll
0x00007ffdc2b70000 - 0x00007ffdc2bda000 	C:\Windows\system32\mswsock.dll
0x00007ffd8a500000 - 0x00007ffd8a515000 	C:\Program Files\Eclipse Adoptium\jdk-17.0.1.12-hotspot\bin\nio.dll
0x00007ffd89320000 - 0x00007ffd89338000 	C:\Program Files\Eclipse Adoptium\jdk-17.0.1.12-hotspot\bin\zip.dll
0x000000006e700000 - 0x000000006e72a000 	C:\Users\grado\AppData\Local\Temp\libgdxgrado\e1cd32f8\gdx64.dll
0x00007ffd77000000 - 0x00007ffd77064000 	C:\Users\grado\AppData\Local\Temp\lwjglgrado\3.2.3-build-13\lwjgl.dll
0x00007ffd56790000 - 0x00007ffd569e3000 	C:\Users\grado\AppData\Local\Temp\lwjglgrado\3.2.3-build-13\jemalloc.dll
0x00007ffd76970000 - 0x00007ffd769d2000 	C:\Users\grado\AppData\Local\Temp\lwjglgrado\3.2.3-build-13\glfw.dll
0x00007ffdc0870000 - 0x00007ffdc090e000 	C:\Windows\system32\uxtheme.dll
0x00007ffd628d0000 - 0x00007ffd62915000 	C:\Windows\SYSTEM32\dinput8.dll
0x00007ffd87c30000 - 0x00007ffd87c41000 	C:\Windows\SYSTEM32\xinput1_4.dll
0x00007ffdc3b20000 - 0x00007ffdc3b6e000 	C:\Windows\System32\cfgmgr32.dll
0x00007ffdc3160000 - 0x00007ffdc318c000 	C:\Windows\SYSTEM32\DEVOBJ.dll
0x00007ffdc0a00000 - 0x00007ffdc0a2f000 	C:\Windows\SYSTEM32\dwmapi.dll
0x00007ffda8c80000 - 0x00007ffda8dd2000 	C:\Windows\SYSTEM32\inputhost.dll
0x00007ffdc4d70000 - 0x00007ffdc4e3d000 	C:\Windows\System32\OLEAUT32.dll
0x00007ffdc0500000 - 0x00007ffdc05f2000 	C:\Windows\SYSTEM32\CoreMessaging.dll
0x00007ffdbe990000 - 0x00007ffdbea86000 	C:\Windows\SYSTEM32\PROPSYS.dll
0x00007ffdbfad0000 - 0x00007ffdbfc24000 	C:\Windows\SYSTEM32\wintypes.dll
0x00007ffdc01a0000 - 0x00007ffdc04fe000 	C:\Windows\SYSTEM32\CoreUIComponents.dll
0x00007ffdc20b0000 - 0x00007ffdc20e3000 	C:\Windows\SYSTEM32\ntmarta.dll
0x00007ffdc5750000 - 0x00007ffdc5865000 	C:\Windows\System32\MSCTF.dll
0x00007ffdc18f0000 - 0x00007ffdc18fd000 	C:\Windows\SYSTEM32\HID.DLL
0x00007ffdc4870000 - 0x00007ffdc4ce1000 	C:\Windows\System32\SETUPAPI.DLL
0x00007ffdc3c50000 - 0x00007ffdc3c77000 	C:\Windows\System32\bcrypt.dll
0x00007ffdc3c80000 - 0x00007ffdc3ce8000 	C:\Windows\System32\WINTRUST.dll
0x00007ffdc34b0000 - 0x00007ffdc3606000 	C:\Windows\System32\CRYPT32.dll
0x00007ffdc2fa0000 - 0x00007ffdc2fb2000 	C:\Windows\SYSTEM32\MSASN1.dll
0x00007ffd546b0000 - 0x00007ffd547bb000 	C:\Users\grado\AppData\Local\Temp\lwjglgrado\3.2.3-build-13\OpenAL.dll
0x00007ffdc5400000 - 0x00007ffdc552a000 	C:\Windows\System32\ole32.dll
0x00007ffdc5350000 - 0x00007ffdc53f9000 	C:\Windows\System32\clbcatq.dll
0x00007ffdbb510000 - 0x00007ffdbb595000 	C:\Windows\System32\MMDevApi.dll
0x00007ffdbbda0000 - 0x00007ffdbbf22000 	C:\Windows\SYSTEM32\AUDIOSES.DLL
0x00007ffdc2930000 - 0x00007ffdc297b000 	C:\Windows\SYSTEM32\powrprof.dll
0x00007ffdc27f0000 - 0x00007ffdc2802000 	C:\Windows\SYSTEM32\UMPDC.dll
0x00007ffdc0a30000 - 0x00007ffdc0a44000 	C:\Windows\SYSTEM32\resourcepolicyclient.dll
0x00007ffd22910000 - 0x00007ffd22a36000 	C:\Windows\SYSTEM32\opengl32.dll
0x00007ffd228e0000 - 0x00007ffd2290c000 	C:\Windows\SYSTEM32\GLU32.dll
0x00007ffdbc2e0000 - 0x00007ffdbc3d7000 	C:\Windows\System32\AppXDeploymentClient.dll
0x00007ffd79070000 - 0x00007ffd7909a000 	C:\Windows\System32\DriverStore\FileRepository\u0361612.inf_amd64_b679e02f70413f9f\B361368\atig6pxx.dll
0x00007ffcf4d10000 - 0x00007ffcf79f6000 	C:\Windows\System32\DriverStore\FileRepository\u0361612.inf_amd64_b679e02f70413f9f\B361368\atio6axx.dll
0x00007ffd86690000 - 0x00007ffd866b4000 	C:\Windows\SYSTEM32\dxva2.dll
0x00007ffd63e40000 - 0x00007ffd63e7c000 	C:\Windows\System32\DriverStore\FileRepository\u0361612.inf_amd64_b679e02f70413f9f\B361368\atig6txx.dll
0x00007ffd52bb0000 - 0x00007ffd52d69000 	C:\Windows\SYSTEM32\atiadlxx.dll
0x00007ffdb9380000 - 0x00007ffdb93bb000 	C:\Windows\SYSTEM32\dxcore.dll
0x00007ffd57630000 - 0x00007ffd57689000 	C:\Users\grado\AppData\Local\Temp\lwjglgrado\3.2.3-build-13\lwjgl_opengl.dll
0x00007ffda93b0000 - 0x00007ffda94a9000 	C:\Windows\SYSTEM32\textinputframework.dll

dbghelp: loaded successfully - version: 4.0.5 - missing functions: none
symbol engine: initialized successfully - sym options: 0x614 - pdb path: .;C:\Program Files\Eclipse Adoptium\jdk-17.0.1.12-hotspot\bin;C:\Windows\SYSTEM32;C:\Windows\WinSxS\amd64_microsoft.windows.common-controls_6595b64144ccf1df_6.0.19041.1110_none_60b5254171f9507e;C:\Program Files\Eclipse Adoptium\jdk-17.0.1.12-hotspot\bin\server;C:\Users\grado\AppData\Local\Temp\libgdxgrado\e1cd32f8;C:\Users\grado\AppData\Local\Temp\lwjglgrado\3.2.3-build-13;C:\Windows\System32\DriverStore\FileRepository\u0361612.inf_amd64_b679e02f70413f9f\B361368

VM Arguments:
jvm_args: -XX:+ShowCodeDetailsInExceptionMessages 
java_command: com.crazyputting3d.Main
java_class_path (initial): C:\Users\grado\Desktop\Group-04\3dcrazyputting\desktop\bin\main;\CrazyPutting3D-core\bin\default;C:\Users\grado\Desktop\Group-04\3dcrazyputting\core\bin\main;C:\Users\grado\.gradle\caches\modules-2\files-2.1\com.badlogicgames.gdx\gdx-backend-lwjgl3\1.10.0\600c7d5b2c977daa82c4abad147087b31e0ada87\gdx-backend-lwjgl3-1.10.0.jar;C:\Users\grado\.gradle\caches\modules-2\files-2.1\com.badlogicgames.gdx\gdx-platform\1.10.0\9a8fa793d2fd6d360afc6c9e4c1f5583da263b88\gdx-platform-1.10.0-natives-desktop.jar;C:\Users\grado\.gradle\caches\modules-2\files-2.1\com.badlogicgames.gdx\gdx-bullet-platform\1.10.0\ce92e8dfc762523d769cbc50853163c03bf98cf1\gdx-bullet-platform-1.10.0-natives-desktop.jar;C:\Users\grado\.gradle\caches\modules-2\files-2.1\com.badlogicgames.gdx\gdx-freetype-platform\1.10.0\6e5d28752759e69384f12e4569d2c884ff71352f\gdx-freetype-platform-1.10.0-natives-desktop.jar;C:\Users\grado\.gradle\caches\modules-2\files-2.1\com.badlogicgames.gdx-controllers\gdx-controllers-desktop\2.2.1\cb3430c32468a090eca54d494d16bb3764ceff9b\gdx-controllers-desktop-2.2.1.jar;C:\Users\grado\.gradle\caches\modules-2\files-2.1\org.jetbrains\annotations\20.1.0\2fcd1f3225bca0c4a7bc931142076f8c1e80993f\annotations-20.1.0.jar;C:\Users\grado\.gradle\caches\modules-2\files-2.1\com.badlogicgames.gdx\gdx-bullet\1.10.0\839b58c7278f5c3b55291c3a559d91227400ecdb\gdx-bullet-1.10.0.jar;C:\Users\grado\.gradle\caches\modules-2\files-2.1\com.badlogicgames.gdx\gdx-freetype\1.10.0\de1d0d5c1e92e8d91364256fd6b7bb279d3e9859\gdx-freetype-1.10.0.jar;C:\Users\grado\.gradle\caches\modules-2\files-2.1\com.badlogicgames.gdx\gdx-ai\1.8.2\ab75d2ce80ab1b1ce6828a15dc0f417abac4c674\gdx-ai-1.8.2.jar;C:\Users\grado\.gradle\caches\modules-2\files-2.1\com.badlogicgames.ashley\ashley\1.7.4\21a3a8932919099c4e5006a7d8378dcbe76ef8a5\ashley-1.7.4.jar;C:\Users\grado\.gradle\caches\modules-2\files-2.1\com.badlogicgames.box2dlights\box2dlights\1.5\6902dbcd250c95a27973aa24a147a95b3828d348\box2dlights-1.5.jar;C
Launcher Type: SUN_STANDARD

[Global flags]
     intx CICompilerCount                          = 12                                        {product} {ergonomic}
     uint ConcGCThreads                            = 3                                         {product} {ergonomic}
     uint G1ConcRefinementThreads                  = 13                                        {product} {ergonomic}
   size_t G1HeapRegionSize                         = 2097152                                   {product} {ergonomic}
    uintx GCDrainStackTargetSize                   = 64                                        {product} {ergonomic}
   size_t InitialHeapSize                          = 257949696                                 {product} {ergonomic}
   size_t MarkStackSize                            = 4194304                                   {product} {ergonomic}
   size_t MaxHeapSize                              = 4127195136                                {product} {ergonomic}
   size_t MaxNewSize                               = 2474639360                                {product} {ergonomic}
   size_t MinHeapDeltaBytes                        = 2097152                                   {product} {ergonomic}
   size_t MinHeapSize                              = 8388608                                   {product} {ergonomic}
    uintx NonNMethodCodeHeapSize                   = 7602480                                {pd product} {ergonomic}
    uintx NonProfiledCodeHeapSize                  = 122027880                              {pd product} {ergonomic}
    uintx ProfiledCodeHeapSize                     = 122027880                              {pd product} {ergonomic}
    uintx ReservedCodeCacheSize                    = 251658240                              {pd product} {ergonomic}
     bool SegmentedCodeCache                       = true                                      {product} {ergonomic}
     bool ShowCodeDetailsInExceptionMessages       = true                                   {manageable} {command line}
   size_t SoftMaxHeapSize                          = 4127195136                             {manageable} {ergonomic}
     bool UseCompressedClassPointers               = true                           {product lp64_product} {ergonomic}
     bool UseCompressedOops                        = true                           {product lp64_product} {ergonomic}
     bool UseG1GC                                  = true                                      {product} {ergonomic}
     bool UseLargePagesIndividualAllocation        = false                                  {pd product} {ergonomic}

Logging:
Log output configuration:
 #0: stdout all=warning uptime,level,tags
 #1: stderr all=off uptime,level,tags

Environment Variables:
PATH=C:\Program Files\Common Files\Oracle\Java\javapath;C:\Windows\system32;C:\Windows;C:\Windows\System32\Wbem;C:\Windows\System32\WindowsPowerShell\v1.0\;C:\Windows\System32\OpenSSH\;C:\Program Files (x86)\NVIDIA Corporation\PhysX\Common;C:\Program Files\NVIDIA Corporation\NVIDIA NvDLISR;C:\Program Files\MATLAB\R2022a\bin;C:\Program Files\Gradle\gradle-7.4.2\bin;C:\Program Files\Git\cmd;C:\Users\grado\AppData\Local\Microsoft\WindowsApps;C:\Users\grado\AppData\Local\Programs\Microsoft VS Code\bin;C:\Users\grado\AppData\Local\GitHubDesktop\bin
USERNAME=grado
LANG=en_US.UTF-8
OS=Windows_NT
PROCESSOR_IDENTIFIER=AMD64 Family 23 Model 96 Stepping 1, AuthenticAMD



---------------  S Y S T E M  ---------------

OS:
 Windows 10 , 64 bit Build 19041 (10.0.19041.1706)
OS uptime: 9 days 0:43 hours

CPU: total 16 (initial active 16) (16 cores per cpu, 2 threads per core) family 23 model 96 stepping 1 microcode 0x0, cx8, cmov, fxsr, ht, mmx, 3dnowpref, sse, sse2, sse3, ssse3, sse4a, sse4.1, sse4.2, popcnt, lzcnt, tsc, tscinvbit, avx, avx2, aes, clmul, bmi1, bmi2, adx, sha, fma, vzeroupper, clflush, clflushopt

Memory: 4k page, system-wide physical 15741M (5519M free)
TotalPageFile size 23698M (AvailPageFile size 4012M)
current process WorkingSet (physical memory assigned to process): 550M, peak: 597M
current process commit charge ("private bytes"): 845M, peak: 905M

vm_info: OpenJDK 64-Bit Server VM (17.0.1+12) for windows-amd64 JRE (17.0.1+12), built on Oct 20 2021 07:42:55 by "" with MS VC++ 16.7 (VS2019)

END.
