#
# A fatal error has been detected by the Java Runtime Environment:
#
#  EXCEPTION_ACCESS_VIOLATION (0xc0000005) at pc=0x00000186261a0000, pid=17132, tid=6412
#
# JRE version: OpenJDK Runtime Environment Temurin-17.0.1+12 (17.0.1+12) (build 17.0.1+12)
# Java VM: OpenJDK 64-Bit Server VM Temurin-17.0.1+12 (17.0.1+12, mixed mode, sharing, tiered, compressed oops, compressed class ptrs, g1 gc, windows-amd64)
# Problematic frame:
# C  0x00000186261a0000
#
# No core dump will be written. Minidumps are not enabled by default on client versions of Windows
#
# If you would like to submit a bug report, please visit:
#   https://github.com/adoptium/adoptium-support/issues
# The crash happened outside the Java Virtual Machine in native code.
# See problematic frame for where to report the bug.
#

---------------  S U M M A R Y ------------

Command Line: -XX:+ShowCodeDetailsInExceptionMessages com.crazyputting3d.Main

Host: AMD Ryzen 7 4800H with Radeon Graphics         , 16 cores, 15G,  Windows 10 , 64 bit Build 19041 (10.0.19041.1706)
Time: Fri Jun 17 18:20:27 2022 Central European Daylight Time elapsed time: 114.133866 seconds (0d 0h 1m 54s)

---------------  T H R E A D  ---------------

Current thread (0x0000018602b41240):  JavaThread "main" [_thread_in_native, id=6412, stack(0x0000004a02b00000,0x0000004a02c00000)]

Stack: [0x0000004a02b00000,0x0000004a02c00000],  sp=0x0000004a02bfef38,  free space=1019k
Native frames: (J=compiled Java code, j=interpreted, Vv=VM code, C=native code)
C  0x00000186261a0000

Java frames: (J=compiled Java code, j=interpreted, Vv=VM code)
J 1248  org.lwjgl.system.JNI.invokePV(JJ)V (0 bytes) @ 0x000001861221576c [0x0000018612215720+0x000000000000004c]
J 2628 c2 org.lwjgl.glfw.GLFW.glfwSwapBuffers(J)V (21 bytes) @ 0x0000018612422b40 [0x0000018612422b20+0x0000000000000020]
j  com.badlogic.gdx.backends.lwjgl3.Lwjgl3Window.update()Z+196
j  com.badlogic.gdx.backends.lwjgl3.Lwjgl3Application.loop()V+111
j  com.badlogic.gdx.backends.lwjgl3.Lwjgl3Application.<init>(Lcom/badlogic/gdx/ApplicationListener;Lcom/badlogic/gdx/backends/lwjgl3/Lwjgl3ApplicationConfiguration;)V+243
j  com.crazyputting3d.Main.main([Ljava/lang/String;)V+41
v  ~StubRoutines::call_stub

siginfo: EXCEPTION_ACCESS_VIOLATION (0xc0000005), data execution prevention violation at address 0x00000186261a0000


Register to memory mapping:

RIP=0x00000186261a0000 is an unknown value
RAX=0x00000186261a0000 is an unknown value
RBX=0x0000000000010001 is an unknown value
RCX=0x0000000000010001 is an unknown value
RDX=0x0000004a02bfef70 is pointing into the stack for thread: 0x0000018602b41240
RSP=0x0000004a02bfef38 is pointing into the stack for thread: 0x0000018602b41240
RBP=0x0000004a02bff040 is pointing into the stack for thread: 0x0000018602b41240
RSI=0x0000000000010f2e is an unknown value
RDI=0x000000000000072e is an unknown value
R8 =0x00000186275e57f0 points into unknown readable memory: 0x0000018656198c30 | 30 8c 19 56 86 01 00 00
R9 =0x00007ffdb1951b50 glfw.dll
R10=0x00007ffdb19c1b10 lwjgl.dll
R11=0x0000004a02bff3a8 is pointing into the stack for thread: 0x0000018602b41240
R12=0x0 is NULL
R13=0x0000004a02bff458 is pointing into the stack for thread: 0x0000018602b41240
R14=0x0000004a02bff400 is pointing into the stack for thread: 0x0000018602b41240
R15=0x0000018602b41240 is a thread


Registers:
RAX=0x00000186261a0000, RBX=0x0000000000010001, RCX=0x0000000000010001, RDX=0x0000004a02bfef70
RSP=0x0000004a02bfef38, RBP=0x0000004a02bff040, RSI=0x0000000000010f2e, RDI=0x000000000000072e
R8 =0x00000186275e57f0, R9 =0x00007ffdb1951b50, R10=0x00007ffdb19c1b10, R11=0x0000004a02bff3a8
R12=0x0000000000000000, R13=0x0000004a02bff458, R14=0x0000004a02bff400, R15=0x0000018602b41240
RIP=0x00000186261a0000, EFLAGS=0x0000000000010206

Top of Stack: (sp=0x0000004a02bfef38)
0x0000004a02bfef38:   00007ffdb1951f7c 000000010000017c
0x0000004a02bfef48:   000000070b992638 00000000000001fc
0x0000004a02bfef58:   0000000000000000 0000004a02bfefd8
0x0000004a02bfef68:   000001860a6194fe 57464c4720656854
0x0000004a02bfef78:   7972617262696c20 20746f6e20736920
0x0000004a02bfef88:   696c616974696e69 000000070064657a
0x0000004a02bfef98:   000000070b95bb00 00000000000000a0
0x0000004a02bfefa8:   0000018630c9ac48 00000186008b6404
0x0000004a02bfefb8:   00000000000001fc 0000000000000002
0x0000004a02bfefc8:   000001861220c6a3 0000004a02bff038
0x0000004a02bfefd8:   0000004a02bff0b0 000001860a619962
0x0000004a02bfefe8:   00000000000001fc 0000000000000014
0x0000004a02bfeff8:   00000186a00000a0 0000000000000014
0x0000004a02bff008:   00000186f108f900 0000004a02bff370
0x0000004a02bff018:   0000018602000002 000000004418c000
0x0000004a02bff028:   00000007fd0001fc 000000070b95bd28 

Instructions: (pc=0x00000186261a0000)
0x000001862619ff00:   ?? ?? ?? ?? ?? ?? ?? ?? ?? ?? ?? ?? ?? ?? ?? ??
0x000001862619ff10:   ?? ?? ?? ?? ?? ?? ?? ?? ?? ?? ?? ?? ?? ?? ?? ??
0x000001862619ff20:   ?? ?? ?? ?? ?? ?? ?? ?? ?? ?? ?? ?? ?? ?? ?? ??
0x000001862619ff30:   ?? ?? ?? ?? ?? ?? ?? ?? ?? ?? ?? ?? ?? ?? ?? ??
0x000001862619ff40:   ?? ?? ?? ?? ?? ?? ?? ?? ?? ?? ?? ?? ?? ?? ?? ??
0x000001862619ff50:   ?? ?? ?? ?? ?? ?? ?? ?? ?? ?? ?? ?? ?? ?? ?? ??
0x000001862619ff60:   ?? ?? ?? ?? ?? ?? ?? ?? ?? ?? ?? ?? ?? ?? ?? ??
0x000001862619ff70:   ?? ?? ?? ?? ?? ?? ?? ?? ?? ?? ?? ?? ?? ?? ?? ??
0x000001862619ff80:   ?? ?? ?? ?? ?? ?? ?? ?? ?? ?? ?? ?? ?? ?? ?? ??
0x000001862619ff90:   ?? ?? ?? ?? ?? ?? ?? ?? ?? ?? ?? ?? ?? ?? ?? ??
0x000001862619ffa0:   ?? ?? ?? ?? ?? ?? ?? ?? ?? ?? ?? ?? ?? ?? ?? ??
0x000001862619ffb0:   ?? ?? ?? ?? ?? ?? ?? ?? ?? ?? ?? ?? ?? ?? ?? ??
0x000001862619ffc0:   ?? ?? ?? ?? ?? ?? ?? ?? ?? ?? ?? ?? ?? ?? ?? ??
0x000001862619ffd0:   ?? ?? ?? ?? ?? ?? ?? ?? ?? ?? ?? ?? ?? ?? ?? ??
0x000001862619ffe0:   ?? ?? ?? ?? ?? ?? ?? ?? ?? ?? ?? ?? ?? ?? ?? ??
0x000001862619fff0:   ?? ?? ?? ?? ?? ?? ?? ?? ?? ?? ?? ?? ?? ?? ?? ??
0x00000186261a0000:   ?? ?? ?? ?? ?? ?? ?? ?? ?? ?? ?? ?? ?? ?? ?? ??
0x00000186261a0010:   ?? ?? ?? ?? ?? ?? ?? ?? ?? ?? ?? ?? ?? ?? ?? ??
0x00000186261a0020:   ?? ?? ?? ?? ?? ?? ?? ?? ?? ?? ?? ?? ?? ?? ?? ??
0x00000186261a0030:   ?? ?? ?? ?? ?? ?? ?? ?? ?? ?? ?? ?? ?? ?? ?? ??
0x00000186261a0040:   ?? ?? ?? ?? ?? ?? ?? ?? ?? ?? ?? ?? ?? ?? ?? ??
0x00000186261a0050:   ?? ?? ?? ?? ?? ?? ?? ?? ?? ?? ?? ?? ?? ?? ?? ??
0x00000186261a0060:   ?? ?? ?? ?? ?? ?? ?? ?? ?? ?? ?? ?? ?? ?? ?? ??
0x00000186261a0070:   ?? ?? ?? ?? ?? ?? ?? ?? ?? ?? ?? ?? ?? ?? ?? ??
0x00000186261a0080:   ?? ?? ?? ?? ?? ?? ?? ?? ?? ?? ?? ?? ?? ?? ?? ??
0x00000186261a0090:   ?? ?? ?? ?? ?? ?? ?? ?? ?? ?? ?? ?? ?? ?? ?? ??
0x00000186261a00a0:   ?? ?? ?? ?? ?? ?? ?? ?? ?? ?? ?? ?? ?? ?? ?? ??
0x00000186261a00b0:   ?? ?? ?? ?? ?? ?? ?? ?? ?? ?? ?? ?? ?? ?? ?? ??
0x00000186261a00c0:   ?? ?? ?? ?? ?? ?? ?? ?? ?? ?? ?? ?? ?? ?? ?? ??
0x00000186261a00d0:   ?? ?? ?? ?? ?? ?? ?? ?? ?? ?? ?? ?? ?? ?? ?? ??
0x00000186261a00e0:   ?? ?? ?? ?? ?? ?? ?? ?? ?? ?? ?? ?? ?? ?? ?? ??
0x00000186261a00f0:   ?? ?? ?? ?? ?? ?? ?? ?? ?? ?? ?? ?? ?? ?? ?? ?? 


Stack slot to memory mapping:
stack at sp + 0 slots: 0x00007ffdb1951f7c glfw.dll
stack at sp + 1 slots: 0x000000010000017c is an unknown value
stack at sp + 2 slots: 0x000000070b992638 is an oop: com.badlogic.gdx.graphics.Texture 
{0x000000070b992638} - klass: 'com/badlogic/gdx/graphics/Texture'
 - ---- fields (total size 6 words):
 - public final 'glTarget' 'I' @12  3553 (de1)
 - protected 'glHandle' 'I' @16  5
 - protected 'anisotropicFilterLevel' 'F' @20  1.000000 (3f800000)
 - protected 'minFilter' 'Lcom/badlogic/gdx/graphics/Texture$TextureFilter;' @24  a 'com/badlogic/gdx/graphics/Texture$TextureFilter'{0x000000070b992668} (e17324cd)
 - protected 'magFilter' 'Lcom/badlogic/gdx/graphics/Texture$TextureFilter;' @28  a 'com/badlogic/gdx/graphics/Texture$TextureFilter'{0x000000070b992668} (e17324cd)
 - protected 'uWrap' 'Lcom/badlogic/gdx/graphics/Texture$TextureWrap;' @32  a 'com/badlogic/gdx/graphics/Texture$TextureWrap'{0x000000070b95f350} (e172be6a)
 - protected 'vWrap' 'Lcom/badlogic/gdx/graphics/Texture$TextureWrap;' @36  a 'com/badlogic/gdx/graphics/Texture$TextureWrap'{0x000000070b95f350} (e172be6a)
 - 'data' 'Lcom/badlogic/gdx/graphics/TextureData;' @40  a 'com/badlogic/gdx/graphics/glutils/FileTextureData'{0x000000070b9926b0} (e17324d6)
stack at sp + 3 slots: 0x00000000000001fc is an unknown value
stack at sp + 4 slots: 0x0 is NULL
stack at sp + 5 slots: 0x0000004a02bfefd8 is pointing into the stack for thread: 0x0000018602b41240
stack at sp + 6 slots: 0x000001860a6194fe is at code_begin+1118 in an Interpreter codelet
return entry points  [0x000001860a6190a0, 0x000001860a619ba0]  2816 bytes
stack at sp + 7 slots: 0x57464c4720656854 is an unknown value


---------------  P R O C E S S  ---------------

Threads class SMR info:
_java_thread_list=0x000001863762c860, length=102, elements={
0x0000018602b41240, 0x00000186260387e0, 0x000001862603ac00, 0x0000018626050450,
0x0000018626050e00, 0x0000018626051f50, 0x00000186260565a0, 0x0000018626058a30,
0x000001862605a410, 0x000001862606dde0, 0x0000018626d52380, 0x0000018626d60f60,
0x000001862a104e30, 0x0000018631a3c350, 0x0000018637723730, 0x00000186362d6a90,
0x000001863768d9c0, 0x000001862736f4f0, 0x0000018631b50760, 0x0000018631b4d740,
0x0000018631b4f8f0, 0x0000018631b4e0e0, 0x0000018631b50290, 0x0000018631b4f420,
0x0000018631b4e5b0, 0x0000018631b4cda0, 0x0000018631b4ef50, 0x0000018631b4fdc0,
0x00000186355af890, 0x00000186355b28b0, 0x00000186355acd40, 0x00000186355b0230,
0x00000186355b0bd0, 0x00000186355b1f10, 0x00000186355b0700, 0x00000186355aea20,
0x00000186355b1a40, 0x00000186355aeef0, 0x00000186355af3c0, 0x00000186355b10a0,
0x00000186355b23e0, 0x00000186355b1570, 0x00000186355ab060, 0x00000186355ab530,
0x00000186355afd60, 0x00000186355abed0, 0x00000186355aba00, 0x00000186355ac870,
0x00000186355ad210, 0x00000186355ad6e0, 0x00000186355adbb0, 0x00000186355ac3a0,
0x00000186355ae550, 0x0000018631b4d270, 0x00000186355ae080, 0x0000018655f02be0,
0x0000018655efd540, 0x0000018655efe3b0, 0x0000018655f00a30, 0x0000018655efed50,
0x0000018655efcba0, 0x0000018655efe880, 0x0000018655efda10, 0x0000018655f01d70,
0x0000018655f02240, 0x0000018655f00f00, 0x0000018655eff6f0, 0x0000018655efb390,
0x0000018655efdee0, 0x0000018655eff220, 0x0000018655f00560, 0x0000018655f02710,
0x0000018655f00090, 0x0000018655efb860, 0x0000018655effbc0, 0x0000018655efd070,
0x0000018655efbd30, 0x0000018655efc200, 0x0000018655efc6d0, 0x0000018631b4ea80,
0x0000018671fb1f10, 0x0000018671fb23e0, 0x0000018671fac3a0, 0x0000018671fae550,
0x0000018671fabed0, 0x0000018671fab060, 0x0000018671fb28b0, 0x0000018671faf890,
0x0000018671fb0230, 0x0000018671fb0bd0, 0x0000018671fb0700, 0x0000018671fb10a0,
0x0000018671fad210, 0x0000018671fac870, 0x0000018671fb1570, 0x0000018671fab530,
0x0000018671fb1a40, 0x0000018671fad6e0, 0x0000018671fadbb0, 0x0000018671faba00,
0x0000018671fae080, 0x0000018671faea20
}

Java Threads: ( => current thread )
=>0x0000018602b41240 JavaThread "main" [_thread_in_native, id=6412, stack(0x0000004a02b00000,0x0000004a02c00000)]
  0x00000186260387e0 JavaThread "Reference Handler" daemon [_thread_blocked, id=7504, stack(0x0000004a03200000,0x0000004a03300000)]
  0x000001862603ac00 JavaThread "Finalizer" daemon [_thread_blocked, id=15672, stack(0x0000004a03300000,0x0000004a03400000)]
  0x0000018626050450 JavaThread "Signal Dispatcher" daemon [_thread_blocked, id=25432, stack(0x0000004a03400000,0x0000004a03500000)]
  0x0000018626050e00 JavaThread "Attach Listener" daemon [_thread_blocked, id=25244, stack(0x0000004a03500000,0x0000004a03600000)]
  0x0000018626051f50 JavaThread "Service Thread" daemon [_thread_blocked, id=8016, stack(0x0000004a03600000,0x0000004a03700000)]
  0x00000186260565a0 JavaThread "Monitor Deflation Thread" daemon [_thread_blocked, id=24000, stack(0x0000004a03700000,0x0000004a03800000)]
  0x0000018626058a30 JavaThread "C2 CompilerThread0" daemon [_thread_blocked, id=26296, stack(0x0000004a03800000,0x0000004a03900000)]
  0x000001862605a410 JavaThread "C1 CompilerThread0" daemon [_thread_blocked, id=1580, stack(0x0000004a03900000,0x0000004a03a00000)]
  0x000001862606dde0 JavaThread "Sweeper thread" daemon [_thread_blocked, id=11732, stack(0x0000004a03a00000,0x0000004a03b00000)]
  0x0000018626d52380 JavaThread "Notification Thread" daemon [_thread_blocked, id=10136, stack(0x0000004a03d00000,0x0000004a03e00000)]
  0x0000018626d60f60 JavaThread "Common-Cleaner" daemon [_thread_blocked, id=12784, stack(0x0000004a03f00000,0x0000004a04000000)]
  0x000001862a104e30 JavaThread "LWJGL3 Timer" daemon [_thread_blocked, id=24296, stack(0x0000004a04800000,0x0000004a04900000)]
  0x0000018631a3c350 JavaThread "LWJGL3 Timer" daemon [_thread_blocked, id=12436, stack(0x0000004a05800000,0x0000004a05900000)]
  0x0000018637723730 JavaThread "Java Sound Event Dispatcher" daemon [_thread_blocked, id=14140, stack(0x0000004a05d00000,0x0000004a05e00000)]
  0x00000186362d6a90 JavaThread "Direct Clip" daemon [_thread_blocked, id=9620, stack(0x0000004a06000000,0x0000004a06100000)]
  0x000001863768d9c0 JavaThread "Direct Clip" daemon [_thread_blocked, id=8208, stack(0x0000004a05600000,0x0000004a05700000)]
  0x000001862736f4f0 JavaThread "Direct Clip" daemon [_thread_blocked, id=18396, stack(0x0000004a03c00000,0x0000004a03d00000)]
  0x0000018631b50760 JavaThread "Direct Clip" daemon [_thread_blocked, id=25828, stack(0x0000004a05300000,0x0000004a05400000)]
  0x0000018631b4d740 JavaThread "Direct Clip" daemon [_thread_blocked, id=10328, stack(0x0000004a05400000,0x0000004a05500000)]
  0x0000018631b4f8f0 JavaThread "Direct Clip" daemon [_thread_blocked, id=8152, stack(0x0000004a05500000,0x0000004a05600000)]
  0x0000018631b4e0e0 JavaThread "Direct Clip" daemon [_thread_blocked, id=16496, stack(0x0000004a05700000,0x0000004a05800000)]
  0x0000018631b50290 JavaThread "Direct Clip" daemon [_thread_blocked, id=25904, stack(0x0000004a05900000,0x0000004a05a00000)]
  0x0000018631b4f420 JavaThread "Direct Clip" daemon [_thread_blocked, id=14264, stack(0x0000004a05a00000,0x0000004a05b00000)]
  0x0000018631b4e5b0 JavaThread "Direct Clip" daemon [_thread_blocked, id=22844, stack(0x0000004a06800000,0x0000004a06900000)]
  0x0000018631b4cda0 JavaThread "Direct Clip" daemon [_thread_blocked, id=2576, stack(0x0000004a06a00000,0x0000004a06b00000)]
  0x0000018631b4ef50 JavaThread "Direct Clip" daemon [_thread_blocked, id=25456, stack(0x0000004a06b00000,0x0000004a06c00000)]
  0x0000018631b4fdc0 JavaThread "Direct Clip" daemon [_thread_blocked, id=23420, stack(0x0000004a06c00000,0x0000004a06d00000)]
  0x00000186355af890 JavaThread "Direct Clip" daemon [_thread_blocked, id=23892, stack(0x0000004a06d00000,0x0000004a06e00000)]
  0x00000186355b28b0 JavaThread "Direct Clip" daemon [_thread_blocked, id=24736, stack(0x0000004a06e00000,0x0000004a06f00000)]
  0x00000186355acd40 JavaThread "Direct Clip" daemon [_thread_blocked, id=22840, stack(0x0000004a06900000,0x0000004a06a00000)]
  0x00000186355b0230 JavaThread "Direct Clip" daemon [_thread_blocked, id=20700, stack(0x0000004a06f00000,0x0000004a07000000)]
  0x00000186355b0bd0 JavaThread "Direct Clip" daemon [_thread_blocked, id=18848, stack(0x0000004a07000000,0x0000004a07100000)]
  0x00000186355b1f10 JavaThread "Direct Clip" daemon [_thread_blocked, id=25124, stack(0x0000004a07100000,0x0000004a07200000)]
  0x00000186355b0700 JavaThread "Direct Clip" daemon [_thread_blocked, id=27160, stack(0x0000004a07200000,0x0000004a07300000)]
  0x00000186355aea20 JavaThread "Direct Clip" daemon [_thread_blocked, id=6084, stack(0x0000004a07500000,0x0000004a07600000)]
  0x00000186355b1a40 JavaThread "Direct Clip" daemon [_thread_blocked, id=18544, stack(0x0000004a07400000,0x0000004a07500000)]
  0x00000186355aeef0 JavaThread "Direct Clip" daemon [_thread_blocked, id=21096, stack(0x0000004a07600000,0x0000004a07700000)]
  0x00000186355af3c0 JavaThread "Direct Clip" daemon [_thread_blocked, id=9824, stack(0x0000004a07700000,0x0000004a07800000)]
  0x00000186355b10a0 JavaThread "Direct Clip" daemon [_thread_blocked, id=14784, stack(0x0000004a07900000,0x0000004a07a00000)]
  0x00000186355b23e0 JavaThread "Direct Clip" daemon [_thread_blocked, id=25968, stack(0x0000004a07800000,0x0000004a07900000)]
  0x00000186355b1570 JavaThread "Direct Clip" daemon [_thread_blocked, id=17432, stack(0x0000004a07b00000,0x0000004a07c00000)]
  0x00000186355ab060 JavaThread "Direct Clip" daemon [_thread_blocked, id=4036, stack(0x0000004a07a00000,0x0000004a07b00000)]
  0x00000186355ab530 JavaThread "Direct Clip" daemon [_thread_blocked, id=24844, stack(0x0000004a07f00000,0x0000004a08000000)]
  0x00000186355afd60 JavaThread "Direct Clip" daemon [_thread_blocked, id=26900, stack(0x0000004a07c00000,0x0000004a07d00000)]
  0x00000186355abed0 JavaThread "Direct Clip" daemon [_thread_blocked, id=3332, stack(0x0000004a08000000,0x0000004a08100000)]
  0x00000186355aba00 JavaThread "Direct Clip" daemon [_thread_blocked, id=21280, stack(0x0000004a08100000,0x0000004a08200000)]
  0x00000186355ac870 JavaThread "Direct Clip" daemon [_thread_blocked, id=14888, stack(0x0000004a08200000,0x0000004a08300000)]
  0x00000186355ad210 JavaThread "Direct Clip" daemon [_thread_blocked, id=20672, stack(0x0000004a08300000,0x0000004a08400000)]
  0x00000186355ad6e0 JavaThread "Direct Clip" daemon [_thread_blocked, id=18240, stack(0x0000004a08400000,0x0000004a08500000)]
  0x00000186355adbb0 JavaThread "Direct Clip" daemon [_thread_blocked, id=4656, stack(0x0000004a08500000,0x0000004a08600000)]
  0x00000186355ac3a0 JavaThread "Direct Clip" daemon [_thread_blocked, id=12016, stack(0x0000004a08600000,0x0000004a08700000)]
  0x00000186355ae550 JavaThread "Direct Clip" daemon [_thread_blocked, id=25108, stack(0x0000004a08700000,0x0000004a08800000)]
  0x0000018631b4d270 JavaThread "Direct Clip" daemon [_thread_blocked, id=13548, stack(0x0000004a08800000,0x0000004a08900000)]
  0x00000186355ae080 JavaThread "Direct Clip" daemon [_thread_blocked, id=25808, stack(0x0000004a08900000,0x0000004a08a00000)]
  0x0000018655f02be0 JavaThread "Direct Clip" daemon [_thread_blocked, id=14040, stack(0x0000004a08b00000,0x0000004a08c00000)]
  0x0000018655efd540 JavaThread "Direct Clip" daemon [_thread_blocked, id=24088, stack(0x0000004a08a00000,0x0000004a08b00000)]
  0x0000018655efe3b0 JavaThread "Direct Clip" daemon [_thread_blocked, id=25804, stack(0x0000004a08d00000,0x0000004a08e00000)]
  0x0000018655f00a30 JavaThread "Direct Clip" daemon [_thread_blocked, id=24520, stack(0x0000004a08c00000,0x0000004a08d00000)]
  0x0000018655efed50 JavaThread "Direct Clip" daemon [_thread_blocked, id=23340, stack(0x0000004a08e00000,0x0000004a08f00000)]
  0x0000018655efcba0 JavaThread "Direct Clip" daemon [_thread_blocked, id=27304, stack(0x0000004a08f00000,0x0000004a09000000)]
  0x0000018655efe880 JavaThread "Direct Clip" daemon [_thread_blocked, id=21180, stack(0x0000004a02900000,0x0000004a02a00000)]
  0x0000018655efda10 JavaThread "Direct Clip" daemon [_thread_blocked, id=8388, stack(0x0000004a09000000,0x0000004a09100000)]
  0x0000018655f01d70 JavaThread "Direct Clip" daemon [_thread_blocked, id=3700, stack(0x0000004a09200000,0x0000004a09300000)]
  0x0000018655f02240 JavaThread "Direct Clip" daemon [_thread_blocked, id=2720, stack(0x0000004a09100000,0x0000004a09200000)]
  0x0000018655f00f00 JavaThread "Direct Clip" daemon [_thread_blocked, id=13936, stack(0x0000004a03b00000,0x0000004a03c00000)]
  0x0000018655eff6f0 JavaThread "Direct Clip" daemon [_thread_blocked, id=24176, stack(0x0000004a09300000,0x0000004a09400000)]
  0x0000018655efb390 JavaThread "Direct Clip" daemon [_thread_blocked, id=13992, stack(0x0000004a02a00000,0x0000004a02b00000)]
  0x0000018655efdee0 JavaThread "Direct Clip" daemon [_thread_blocked, id=23080, stack(0x0000004a09400000,0x0000004a09500000)]
  0x0000018655eff220 JavaThread "Direct Clip" daemon [_thread_blocked, id=21640, stack(0x0000004a09500000,0x0000004a09600000)]
  0x0000018655f00560 JavaThread "Direct Clip" daemon [_thread_blocked, id=5308, stack(0x0000004a09600000,0x0000004a09700000)]
  0x0000018655f02710 JavaThread "Direct Clip" daemon [_thread_blocked, id=23216, stack(0x0000004a09700000,0x0000004a09800000)]
  0x0000018655f00090 JavaThread "Direct Clip" daemon [_thread_blocked, id=22344, stack(0x0000004a09800000,0x0000004a09900000)]
  0x0000018655efb860 JavaThread "Direct Clip" daemon [_thread_blocked, id=23068, stack(0x0000004a09900000,0x0000004a09a00000)]
  0x0000018655effbc0 JavaThread "Direct Clip" daemon [_thread_blocked, id=7484, stack(0x0000004a09a00000,0x0000004a09b00000)]
  0x0000018655efd070 JavaThread "Direct Clip" daemon [_thread_blocked, id=2012, stack(0x0000004a09c00000,0x0000004a09d00000)]
  0x0000018655efbd30 JavaThread "Direct Clip" daemon [_thread_blocked, id=14652, stack(0x0000004a09d00000,0x0000004a09e00000)]
  0x0000018655efc200 JavaThread "Direct Clip" daemon [_thread_blocked, id=16260, stack(0x0000004a09e00000,0x0000004a09f00000)]
  0x0000018655efc6d0 JavaThread "Direct Clip" daemon [_thread_blocked, id=25800, stack(0x0000004a09b00000,0x0000004a09c00000)]
  0x0000018631b4ea80 JavaThread "Direct Clip" daemon [_thread_blocked, id=8840, stack(0x0000004a09f00000,0x0000004a0a000000)]
  0x0000018671fb1f10 JavaThread "Direct Clip" daemon [_thread_blocked, id=7956, stack(0x0000004a0a000000,0x0000004a0a100000)]
  0x0000018671fb23e0 JavaThread "Direct Clip" daemon [_thread_blocked, id=7684, stack(0x0000004a0a200000,0x0000004a0a300000)]
  0x0000018671fac3a0 JavaThread "Direct Clip" daemon [_thread_blocked, id=27372, stack(0x0000004a0a300000,0x0000004a0a400000)]
  0x0000018671fae550 JavaThread "Direct Clip" daemon [_thread_blocked, id=21720, stack(0x0000004a0a100000,0x0000004a0a200000)]
  0x0000018671fabed0 JavaThread "Direct Clip" daemon [_thread_blocked, id=10780, stack(0x0000004a0a400000,0x0000004a0a500000)]
  0x0000018671fab060 JavaThread "Direct Clip" daemon [_thread_blocked, id=4000, stack(0x0000004a0a500000,0x0000004a0a600000)]
  0x0000018671fb28b0 JavaThread "Direct Clip" daemon [_thread_blocked, id=17380, stack(0x0000004a0a600000,0x0000004a0a700000)]
  0x0000018671faf890 JavaThread "Direct Clip" daemon [_thread_blocked, id=20816, stack(0x0000004a0a700000,0x0000004a0a800000)]
  0x0000018671fb0230 JavaThread "Direct Clip" daemon [_thread_blocked, id=4692, stack(0x0000004a0a800000,0x0000004a0a900000)]
  0x0000018671fb0bd0 JavaThread "Direct Clip" daemon [_thread_blocked, id=22520, stack(0x0000004a0a900000,0x0000004a0aa00000)]
  0x0000018671fb0700 JavaThread "Direct Clip" daemon [_thread_blocked, id=14908, stack(0x0000004a0aa00000,0x0000004a0ab00000)]
  0x0000018671fb10a0 JavaThread "Direct Clip" daemon [_thread_blocked, id=1296, stack(0x0000004a0ab00000,0x0000004a0ac00000)]
  0x0000018671fad210 JavaThread "Direct Clip" daemon [_thread_blocked, id=5556, stack(0x0000004a0ac00000,0x0000004a0ad00000)]
  0x0000018671fac870 JavaThread "Direct Clip" daemon [_thread_blocked, id=14956, stack(0x0000004a0ad00000,0x0000004a0ae00000)]
  0x0000018671fb1570 JavaThread "Direct Clip" daemon [_thread_blocked, id=27504, stack(0x0000004a0ae00000,0x0000004a0af00000)]
  0x0000018671fab530 JavaThread "Direct Clip" daemon [_thread_blocked, id=23096, stack(0x0000004a0af00000,0x0000004a0b000000)]
  0x0000018671fb1a40 JavaThread "Direct Clip" daemon [_thread_blocked, id=3492, stack(0x0000004a0b100000,0x0000004a0b200000)]
  0x0000018671fad6e0 JavaThread "Direct Clip" daemon [_thread_blocked, id=22092, stack(0x0000004a0b200000,0x0000004a0b300000)]
  0x0000018671fadbb0 JavaThread "Direct Clip" daemon [_thread_blocked, id=6008, stack(0x0000004a0b000000,0x0000004a0b100000)]
  0x0000018671faba00 JavaThread "Direct Clip" daemon [_thread_blocked, id=20516, stack(0x0000004a0b300000,0x0000004a0b400000)]
  0x0000018671fae080 JavaThread "Direct Clip" daemon [_thread_blocked, id=27340, stack(0x0000004a0b400000,0x0000004a0b500000)]
  0x0000018671faea20 JavaThread "Direct Clip" daemon [_thread_blocked, id=15656, stack(0x0000004a0b500000,0x0000004a0b600000)]

Other Threads:
  0x0000018626032c80 VMThread "VM Thread" [stack: 0x0000004a03100000,0x0000004a03200000] [id=6880]
  0x0000018626d5bca0 WatcherThread [stack: 0x0000004a03e00000,0x0000004a03f00000] [id=8596]
  0x0000018602b97d90 GCTaskThread "GC Thread#0" [stack: 0x0000004a02c00000,0x0000004a02d00000] [id=8564]
  0x0000018629eab210 GCTaskThread "GC Thread#1" [stack: 0x0000004a04900000,0x0000004a04a00000] [id=20852]
  0x0000018629eab4c0 GCTaskThread "GC Thread#2" [stack: 0x0000004a04a00000,0x0000004a04b00000] [id=26080]
  0x0000018629eaacb0 GCTaskThread "GC Thread#3" [stack: 0x0000004a04b00000,0x0000004a04c00000] [id=14076]
  0x0000018629eab770 GCTaskThread "GC Thread#4" [stack: 0x0000004a04c00000,0x0000004a04d00000] [id=6560]
  0x0000018629eaaf60 GCTaskThread "GC Thread#5" [stack: 0x0000004a04d00000,0x0000004a04e00000] [id=5620]
  0x0000018629eaba20 GCTaskThread "GC Thread#6" [stack: 0x0000004a04e00000,0x0000004a04f00000] [id=7332]
  0x00000186355b6390 GCTaskThread "GC Thread#7" [stack: 0x0000004a06100000,0x0000004a06200000] [id=12528]
  0x00000186355b4e10 GCTaskThread "GC Thread#8" [stack: 0x0000004a07300000,0x0000004a07400000] [id=24092]
  0x0000018602ba92e0 ConcurrentGCThread "G1 Main Marker" [stack: 0x0000004a02d00000,0x0000004a02e00000] [id=22200]
  0x0000018602bab4a0 ConcurrentGCThread "G1 Conc#0" [stack: 0x0000004a02e00000,0x0000004a02f00000] [id=20836]
  0x00000186355b5620 ConcurrentGCThread "G1 Conc#1" [stack: 0x0000004a07d00000,0x0000004a07e00000] [id=26176]
  0x00000186355b4600 ConcurrentGCThread "G1 Conc#2" [stack: 0x0000004a07e00000,0x0000004a07f00000] [id=19740]
  0x0000018625ed30d0 ConcurrentGCThread "G1 Refine#0" [stack: 0x0000004a02f00000,0x0000004a03000000] [id=25420]
  0x0000018632440cb0 ConcurrentGCThread "G1 Refine#1" [stack: 0x0000004a06200000,0x0000004a06300000] [id=1340]
  0x000001863207f130 ConcurrentGCThread "G1 Refine#2" [stack: 0x0000004a06300000,0x0000004a06400000] [id=26232]
  0x0000018632136a80 ConcurrentGCThread "G1 Refine#3" [stack: 0x0000004a06400000,0x0000004a06500000] [id=23296]
  0x0000018631f1fd90 ConcurrentGCThread "G1 Refine#4" [stack: 0x0000004a06500000,0x0000004a06600000] [id=17360]
  0x00000186320463e0 ConcurrentGCThread "G1 Refine#5" [stack: 0x0000004a06600000,0x0000004a06700000] [id=7268]
  0x0000018625ed39f0 ConcurrentGCThread "G1 Service" [stack: 0x0000004a03000000,0x0000004a03100000] [id=14000]

Threads with active compile tasks:

VM state: not at safepoint (normal execution)

VM Mutex/Monitor currently owned by a thread: None

Heap address: 0x000000070a000000, size: 3936 MB, Compressed Oops mode: Zero based, Oop shift amount: 3

CDS archive(s) mapped at: [0x0000000800000000-0x0000000800bc0000-0x0000000800bc0000), size 12320768, SharedBaseAddress: 0x0000000800000000, ArchiveRelocationMode: 0.
Compressed class space mapped at: 0x0000000800c00000-0x0000000840c00000, reserved size: 1073741824
Narrow klass base: 0x0000000800000000, Narrow klass shift: 0, Narrow klass range: 0x100000000

GC Precious Log:
 CPUs: 16 total, 16 available
 Memory: 15741M
 Large Page Support: Disabled
 NUMA Support: Disabled
 Compressed Oops: Enabled (Zero based)
 Heap Region Size: 2M
 Heap Min Capacity: 8M
 Heap Initial Capacity: 246M
 Heap Max Capacity: 3936M
 Pre-touch: Disabled
 Parallel Workers: 13
 Concurrent Workers: 3
 Concurrent Refinement Workers: 13
 Periodic GC: Disabled

Heap:
 garbage-first heap   total 184320K, used 123293K [0x000000070a000000, 0x0000000800000000)
  region size 2048K, 17 young (34816K), 3 survivors (6144K)
 Metaspace       used 10599K, committed 10752K, reserved 1064960K
  class space    used 743K, committed 832K, reserved 1048576K

Heap Regions: E=young(eden), S=young(survivor), O=old, HS=humongous(starts), HC=humongous(continues), CS=collection set, F=free, OA=open archive, CA=closed archive, TAMS=top-at-mark-start (previous, next)
|   0|0x000000070a000000, 0x000000070a200000, 0x000000070a200000|100%| O|  |TAMS 0x000000070a200000, 0x000000070a000000| Untracked 
|   1|0x000000070a200000, 0x000000070a400000, 0x000000070a400000|100%| O|  |TAMS 0x000000070a400000, 0x000000070a200000| Untracked 
|   2|0x000000070a400000, 0x000000070a600000, 0x000000070a600000|100%| O|  |TAMS 0x000000070a600000, 0x000000070a400000| Untracked 
|   3|0x000000070a600000, 0x000000070a800000, 0x000000070a800000|100%|HS|  |TAMS 0x000000070a600000, 0x000000070a600000| Complete 
|   4|0x000000070a800000, 0x000000070aa00000, 0x000000070aa00000|100%| O|  |TAMS 0x000000070aa00000, 0x000000070a800000| Untracked 
|   5|0x000000070aa00000, 0x000000070ac00000, 0x000000070ac00000|100%| O|  |TAMS 0x000000070ac00000, 0x000000070aa00000| Untracked 
|   6|0x000000070ac00000, 0x000000070ae00000, 0x000000070ae00000|100%| O|  |TAMS 0x000000070ae00000, 0x000000070ac00000| Untracked 
|   7|0x000000070ae00000, 0x000000070b000000, 0x000000070b000000|100%| O|  |TAMS 0x000000070b000000, 0x000000070ae00000| Untracked 
|   8|0x000000070b000000, 0x000000070b200000, 0x000000070b200000|100%| O|  |TAMS 0x000000070b200000, 0x000000070b000000| Untracked 
|   9|0x000000070b200000, 0x000000070b400000, 0x000000070b400000|100%| O|  |TAMS 0x000000070b400000, 0x000000070b200000| Untracked 
|  10|0x000000070b400000, 0x000000070b600000, 0x000000070b600000|100%| O|  |TAMS 0x000000070b600000, 0x000000070b400000| Untracked 
|  11|0x000000070b600000, 0x000000070b800000, 0x000000070b800000|100%| O|  |TAMS 0x000000070b800000, 0x000000070b600000| Untracked 
|  12|0x000000070b800000, 0x000000070ba00000, 0x000000070ba00000|100%| O|  |TAMS 0x000000070ba00000, 0x000000070b800000| Untracked 
|  13|0x000000070ba00000, 0x000000070bc00000, 0x000000070bc00000|100%| O|  |TAMS 0x000000070bc00000, 0x000000070ba00000| Untracked 
|  14|0x000000070bc00000, 0x000000070be00000, 0x000000070be00000|100%|HS|  |TAMS 0x000000070bc00000, 0x000000070bc00000| Complete 
|  15|0x000000070be00000, 0x000000070c000000, 0x000000070c000000|100%| O|  |TAMS 0x000000070c000000, 0x000000070be00000| Untracked 
|  16|0x000000070c000000, 0x000000070c200000, 0x000000070c200000|100%|HS|  |TAMS 0x000000070c000000, 0x000000070c000000| Complete 
|  17|0x000000070c200000, 0x000000070c200000, 0x000000070c400000|  0%| F|  |TAMS 0x000000070c200000, 0x000000070c200000| Untracked 
|  18|0x000000070c400000, 0x000000070c600000, 0x000000070c600000|100%| O|  |TAMS 0x000000070c600000, 0x000000070c400000| Untracked 
|  19|0x000000070c600000, 0x000000070c800000, 0x000000070c800000|100%| O|  |TAMS 0x000000070c800000, 0x000000070c600000| Untracked 
|  20|0x000000070c800000, 0x000000070ca00000, 0x000000070ca00000|100%| O|  |TAMS 0x000000070ca00000, 0x000000070c800000| Untracked 
|  21|0x000000070ca00000, 0x000000070cc00000, 0x000000070cc00000|100%| O|  |TAMS 0x000000070cc00000, 0x000000070ca00000| Untracked 
|  22|0x000000070cc00000, 0x000000070cc00000, 0x000000070ce00000|  0%| F|  |TAMS 0x000000070cc00000, 0x000000070cc00000| Untracked 
|  23|0x000000070ce00000, 0x000000070d000000, 0x000000070d000000|100%| O|  |TAMS 0x000000070d000000, 0x000000070ce00000| Untracked 
|  24|0x000000070d000000, 0x000000070d000000, 0x000000070d200000|  0%| F|  |TAMS 0x000000070d000000, 0x000000070d000000| Untracked 
|  25|0x000000070d200000, 0x000000070d400000, 0x000000070d400000|100%|HS|  |TAMS 0x000000070d400000, 0x000000070d200000| Complete 
|  26|0x000000070d400000, 0x000000070d600000, 0x000000070d600000|100%| O|  |TAMS 0x000000070d600000, 0x000000070d400000| Untracked 
|  27|0x000000070d600000, 0x000000070d800000, 0x000000070d800000|100%|HS|  |TAMS 0x000000070d800000, 0x000000070d600000| Complete 
|  28|0x000000070d800000, 0x000000070da00000, 0x000000070da00000|100%| O|  |TAMS 0x000000070da00000, 0x000000070d800000| Untracked 
|  29|0x000000070da00000, 0x000000070dc00000, 0x000000070dc00000|100%| O|  |TAMS 0x000000070dc00000, 0x000000070da00000| Untracked 
|  30|0x000000070dc00000, 0x000000070de00000, 0x000000070de00000|100%| O|  |TAMS 0x000000070de00000, 0x000000070dc00000| Untracked 
|  31|0x000000070de00000, 0x000000070e000000, 0x000000070e000000|100%| O|  |TAMS 0x000000070e000000, 0x000000070de00000| Untracked 
|  32|0x000000070e000000, 0x000000070e200000, 0x000000070e200000|100%| O|  |TAMS 0x000000070e200000, 0x000000070e000000| Untracked 
|  33|0x000000070e200000, 0x000000070e400000, 0x000000070e400000|100%|HS|  |TAMS 0x000000070e400000, 0x000000070e200000| Complete 
|  34|0x000000070e400000, 0x000000070e400000, 0x000000070e600000|  0%| F|  |TAMS 0x000000070e400000, 0x000000070e400000| Untracked 
|  35|0x000000070e600000, 0x000000070e600000, 0x000000070e800000|  0%| F|  |TAMS 0x000000070e600000, 0x000000070e600000| Untracked 
|  36|0x000000070e800000, 0x000000070e800000, 0x000000070ea00000|  0%| F|  |TAMS 0x000000070e800000, 0x000000070e800000| Untracked 
|  37|0x000000070ea00000, 0x000000070ea00000, 0x000000070ec00000|  0%| F|  |TAMS 0x000000070ea00000, 0x000000070ea00000| Untracked 
|  38|0x000000070ec00000, 0x000000070ee00000, 0x000000070ee00000|100%| O|  |TAMS 0x000000070ee00000, 0x000000070ec00000| Untracked 
|  39|0x000000070ee00000, 0x000000070efaf800, 0x000000070f000000| 84%| O|  |TAMS 0x000000070efaf800, 0x000000070ee00000| Untracked 
|  40|0x000000070f000000, 0x000000070f200000, 0x000000070f200000|100%| O|  |TAMS 0x000000070f200000, 0x000000070f000000| Untracked 
|  41|0x000000070f200000, 0x000000070f400000, 0x000000070f400000|100%| O|  |TAMS 0x000000070f400000, 0x000000070f200000| Untracked 
|  42|0x000000070f400000, 0x000000070f600000, 0x000000070f600000|100%| O|  |TAMS 0x000000070f600000, 0x000000070f400000| Untracked 
|  43|0x000000070f600000, 0x000000070f800000, 0x000000070f800000|100%| O|  |TAMS 0x000000070f800000, 0x000000070f600000| Untracked 
|  44|0x000000070f800000, 0x000000070f800000, 0x000000070fa00000|  0%| F|  |TAMS 0x000000070f800000, 0x000000070f800000| Untracked 
|  45|0x000000070fa00000, 0x000000070fa00000, 0x000000070fc00000|  0%| F|  |TAMS 0x000000070fa00000, 0x000000070fa00000| Untracked 
|  46|0x000000070fc00000, 0x000000070fc00000, 0x000000070fe00000|  0%| F|  |TAMS 0x000000070fc00000, 0x000000070fc00000| Untracked 
|  47|0x000000070fe00000, 0x000000070fe00000, 0x0000000710000000|  0%| F|  |TAMS 0x000000070fe00000, 0x000000070fe00000| Untracked 
|  48|0x0000000710000000, 0x0000000710000000, 0x0000000710200000|  0%| F|  |TAMS 0x0000000710000000, 0x0000000710000000| Untracked 
|  49|0x0000000710200000, 0x0000000710200000, 0x0000000710400000|  0%| F|  |TAMS 0x0000000710200000, 0x0000000710200000| Untracked 
|  50|0x0000000710400000, 0x0000000710400000, 0x0000000710600000|  0%| F|  |TAMS 0x0000000710400000, 0x0000000710400000| Untracked 
|  51|0x0000000710600000, 0x0000000710600000, 0x0000000710800000|  0%| F|  |TAMS 0x0000000710600000, 0x0000000710600000| Untracked 
|  52|0x0000000710800000, 0x0000000710800000, 0x0000000710a00000|  0%| F|  |TAMS 0x0000000710800000, 0x0000000710800000| Untracked 
|  53|0x0000000710a00000, 0x0000000710a00000, 0x0000000710c00000|  0%| F|  |TAMS 0x0000000710a00000, 0x0000000710a00000| Untracked 
|  54|0x0000000710c00000, 0x0000000710c00000, 0x0000000710e00000|  0%| F|  |TAMS 0x0000000710c00000, 0x0000000710c00000| Untracked 
|  55|0x0000000710e00000, 0x0000000710e00000, 0x0000000711000000|  0%| F|  |TAMS 0x0000000710e00000, 0x0000000710e00000| Untracked 
|  56|0x0000000711000000, 0x0000000711000000, 0x0000000711200000|  0%| F|  |TAMS 0x0000000711000000, 0x0000000711000000| Untracked 
|  57|0x0000000711200000, 0x0000000711200000, 0x0000000711400000|  0%| F|  |TAMS 0x0000000711200000, 0x0000000711200000| Untracked 
|  58|0x0000000711400000, 0x0000000711400000, 0x0000000711600000|  0%| F|  |TAMS 0x0000000711400000, 0x0000000711400000| Untracked 
|  59|0x0000000711600000, 0x0000000711600000, 0x0000000711800000|  0%| F|  |TAMS 0x0000000711600000, 0x0000000711600000| Untracked 
|  60|0x0000000711800000, 0x0000000711800000, 0x0000000711a00000|  0%| F|  |TAMS 0x0000000711800000, 0x0000000711800000| Untracked 
|  61|0x0000000711a00000, 0x0000000711a00000, 0x0000000711c00000|  0%| F|  |TAMS 0x0000000711a00000, 0x0000000711a00000| Untracked 
|  62|0x0000000711c00000, 0x0000000711c00000, 0x0000000711e00000|  0%| F|  |TAMS 0x0000000711c00000, 0x0000000711c00000| Untracked 
|  63|0x0000000711e00000, 0x0000000712000000, 0x0000000712000000|100%| O|  |TAMS 0x0000000712000000, 0x0000000711e00000| Untracked 
|  64|0x0000000712000000, 0x0000000712200000, 0x0000000712200000|100%| O|  |TAMS 0x0000000712200000, 0x0000000712000000| Untracked 
|  65|0x0000000712200000, 0x0000000712400000, 0x0000000712400000|100%| O|  |TAMS 0x0000000712400000, 0x0000000712200000| Untracked 
|  66|0x0000000712400000, 0x0000000712600000, 0x0000000712600000|100%| O|  |TAMS 0x0000000712600000, 0x0000000712400000| Untracked 
|  67|0x0000000712600000, 0x0000000712800000, 0x0000000712800000|100%| O|  |TAMS 0x0000000712800000, 0x0000000712600000| Untracked 
|  68|0x0000000712800000, 0x0000000712a00000, 0x0000000712a00000|100%| O|  |TAMS 0x0000000712a00000, 0x0000000712800000| Untracked 
|  69|0x0000000712a00000, 0x0000000712c00000, 0x0000000712c00000|100%| O|  |TAMS 0x0000000712c00000, 0x0000000712a00000| Untracked 
|  70|0x0000000712c00000, 0x0000000712e00000, 0x0000000712e00000|100%| O|  |TAMS 0x0000000712e00000, 0x0000000712c00000| Untracked 
|  71|0x0000000712e00000, 0x0000000712e00000, 0x0000000713000000|  0%| F|  |TAMS 0x0000000712e00000, 0x0000000712e00000| Untracked 
|  72|0x0000000713000000, 0x0000000713000000, 0x0000000713200000|  0%| F|  |TAMS 0x0000000713000000, 0x0000000713000000| Untracked 
|  73|0x0000000713200000, 0x00000007133df0c0, 0x0000000713400000| 93%| E|  |TAMS 0x0000000713200000, 0x0000000713200000| Complete 
|  74|0x0000000713400000, 0x0000000713600000, 0x0000000713600000|100%| E|CS|TAMS 0x0000000713400000, 0x0000000713400000| Complete 
|  75|0x0000000713600000, 0x00000007136b7ed0, 0x0000000713800000| 35%| S|CS|TAMS 0x0000000713600000, 0x0000000713600000| Complete 
|  76|0x0000000713800000, 0x0000000713a00000, 0x0000000713a00000|100%| S|CS|TAMS 0x0000000713800000, 0x0000000713800000| Complete 
|  77|0x0000000713a00000, 0x0000000713c00000, 0x0000000713c00000|100%| E|CS|TAMS 0x0000000713a00000, 0x0000000713a00000| Complete 
|  78|0x0000000713c00000, 0x0000000713e00000, 0x0000000713e00000|100%| E|CS|TAMS 0x0000000713c00000, 0x0000000713c00000| Complete 
|  79|0x0000000713e00000, 0x0000000714000000, 0x0000000714000000|100%| S|CS|TAMS 0x0000000713e00000, 0x0000000713e00000| Complete 
|  80|0x0000000714000000, 0x0000000714200000, 0x0000000714200000|100%| E|CS|TAMS 0x0000000714000000, 0x0000000714000000| Complete 
|  81|0x0000000714200000, 0x0000000714400000, 0x0000000714400000|100%| E|CS|TAMS 0x0000000714200000, 0x0000000714200000| Complete 
|  82|0x0000000714400000, 0x0000000714600000, 0x0000000714600000|100%| E|CS|TAMS 0x0000000714400000, 0x0000000714400000| Complete 
|  83|0x0000000714600000, 0x0000000714800000, 0x0000000714800000|100%| E|CS|TAMS 0x0000000714600000, 0x0000000714600000| Complete 
|  84|0x0000000714800000, 0x0000000714a00000, 0x0000000714a00000|100%| E|CS|TAMS 0x0000000714800000, 0x0000000714800000| Complete 
|  85|0x0000000714a00000, 0x0000000714c00000, 0x0000000714c00000|100%| E|CS|TAMS 0x0000000714a00000, 0x0000000714a00000| Complete 
|  86|0x0000000714c00000, 0x0000000714e00000, 0x0000000714e00000|100%| E|CS|TAMS 0x0000000714c00000, 0x0000000714c00000| Complete 
|  87|0x0000000714e00000, 0x0000000715000000, 0x0000000715000000|100%| E|CS|TAMS 0x0000000714e00000, 0x0000000714e00000| Complete 
|  88|0x0000000715000000, 0x0000000715200000, 0x0000000715200000|100%| E|CS|TAMS 0x0000000715000000, 0x0000000715000000| Complete 
| 122|0x0000000719400000, 0x0000000719600000, 0x0000000719600000|100%| E|CS|TAMS 0x0000000719400000, 0x0000000719400000| Complete 

Card table byte_map: [0x000001861a640000,0x000001861adf0000] _byte_map_base: 0x0000018616df0000

Marking Bits (Prev, Next): (CMBitMap*) 0x0000018602b993b0, (CMBitMap*) 0x0000018602b993f0
 Prev Bits: [0x000001861b5a0000, 0x000001861f320000)
 Next Bits: [0x000001861f320000, 0x00000186230a0000)

Polling page: 0x0000018600880000

Metaspace:

Usage:
  Non-class:      9.63 MB used.
      Class:    743.70 KB used.
       Both:     10.35 MB used.

Virtual space:
  Non-class space:       16.00 MB reserved,       9.69 MB ( 61%) committed,  2 nodes.
      Class space:        1.00 GB reserved,     832.00 KB ( <1%) committed,  1 nodes.
             Both:        1.02 GB reserved,      10.50 MB (  1%) committed. 

Chunk freelists:
   Non-Class:  592.00 KB
       Class:  3.16 MB
        Both:  3.74 MB

MaxMetaspaceSize: unlimited
CompressedClassSpaceSize: 1.00 GB
Initial GC threshold: 21.00 MB
Current GC threshold: 21.00 MB
CDS: on
MetaspaceReclaimPolicy: balanced
 - commit_granule_bytes: 65536.
 - commit_granule_words: 8192.
 - virtual_space_node_default_size: 1048576.
 - enlarge_chunks_in_place: 1.
 - new_chunks_are_fully_committed: 0.
 - uncommit_free_chunks: 1.
 - use_allocation_guard: 0.
 - handle_deallocations: 1.


Internal statistics:

num_allocs_failed_limit: 0.
num_arena_births: 60.
num_arena_deaths: 0.
num_vsnodes_births: 3.
num_vsnodes_deaths: 0.
num_space_committed: 166.
num_space_uncommitted: 0.
num_chunks_returned_to_freelist: 0.
num_chunks_taken_from_freelist: 349.
num_chunk_merges: 0.
num_chunk_splits: 287.
num_chunks_enlarged: 252.
num_purges: 0.
num_inconsistent_stats: 0.

CodeHeap 'non-profiled nmethods': size=119168Kb used=2656Kb max_used=2656Kb free=116511Kb
 bounds [0x00000186121b0000, 0x0000018612450000, 0x0000018619610000]
CodeHeap 'profiled nmethods': size=119104Kb used=4864Kb max_used=4864Kb free=114239Kb
 bounds [0x000001860ad60000, 0x000001860b230000, 0x00000186121b0000]
CodeHeap 'non-nmethods': size=7488Kb used=1663Kb max_used=3394Kb free=5824Kb
 bounds [0x000001860a610000, 0x000001860a970000, 0x000001860ad60000]
 total_blobs=3802 nmethods=2692 adapters=1023
 compilation: enabled
              stopped_count=0, restarted_count=0
 full_count=0

Compilation events (20 events):
Event: 111.205 Thread 0x000001862605a410 2686   !   3       com.sun.media.sound.SunFileReader::getAudioInputStream (29 bytes)
Event: 111.205 Thread 0x000001862605a410 nmethod 2686 0x000001860b21c590 code [0x000001860b21c780, 0x000001860b21cc38]
Event: 111.207 Thread 0x000001862605a410 2687  s    3       java.io.BufferedInputStream::mark (14 bytes)
Event: 111.207 Thread 0x000001862605a410 nmethod 2687 0x000001860b21ce90 code [0x000001860b21d020, 0x000001860b21d1d8]
Event: 111.207 Thread 0x000001862605a410 2688       3       java.util.Collections$UnmodifiableCollection$1::hasNext (10 bytes)
Event: 111.207 Thread 0x000001862605a410 nmethod 2688 0x000001860b21d290 code [0x000001860b21d440, 0x000001860b21d628]
Event: 111.221 Thread 0x000001862605a410 2689       3       javax.sound.sampled.LineEvent::<init> (16 bytes)
Event: 111.221 Thread 0x000001862605a410 nmethod 2689 0x000001860b21d710 code [0x000001860b21d8e0, 0x000001860b21dc88]
Event: 111.221 Thread 0x000001862605a410 2690       3       java.util.EventObject::<init> (24 bytes)
Event: 111.222 Thread 0x000001862605a410 nmethod 2690 0x000001860b21de10 code [0x000001860b21dfc0, 0x000001860b21e288]
Event: 111.222 Thread 0x000001862605a410 2691       3       com.sun.media.sound.AbstractLine::sendEvents (13 bytes)
Event: 111.224 Thread 0x000001862605a410 nmethod 2691 0x000001860b21e390 code [0x000001860b21e540, 0x000001860b21e6d8]
Event: 111.224 Thread 0x000001862605a410 2692   !   3       com.sun.media.sound.AbstractLine::getEventDispatcher (64 bytes)
Event: 111.224 Thread 0x000001862605a410 nmethod 2692 0x000001860b21e790 code [0x000001860b21e980, 0x000001860b21ef58]
Event: 111.224 Thread 0x000001862605a410 2693       3       com.sun.media.sound.EventDispatcher::sendAudioEvents (35 bytes)
Event: 111.225 Thread 0x000001862605a410 nmethod 2693 0x000001860b21f190 code [0x000001860b21f3c0, 0x000001860b21fc48]
Event: 112.136 Thread 0x0000018626058a30 2694       4       com.badlogic.gdx.graphics.g3d.utils.shapebuilders.ArrowShapeBuilder::build (405 bytes)
Event: 112.340 Thread 0x0000018626058a30 nmethod 2694 0x0000018612439810 code [0x000001861243a120, 0x0000018612442e10]
Event: 112.340 Thread 0x0000018626058a30 2695       4       com.badlogic.gdx.graphics.g3d.utils.shapebuilders.ConeShapeBuilder::build (13 bytes)
Event: 112.341 Thread 0x0000018626058a30 nmethod 2695 0x0000018612447d90 code [0x0000018612447f40, 0x0000018612447fc8]

GC Heap History (20 events):
Event: 98.250 GC heap before
{Heap before GC invocations=28 (full 0):
 garbage-first heap   total 184320K, used 142958K [0x000000070a000000, 0x0000000800000000)
  region size 2048K, 25 young (51200K), 1 survivors (2048K)
 Metaspace       used 10571K, committed 10752K, reserved 1064960K
  class space    used 742K, committed 832K, reserved 1048576K
}
Event: 98.251 GC heap after
{Heap after GC invocations=29 (full 0):
 garbage-first heap   total 184320K, used 96815K [0x000000070a000000, 0x0000000800000000)
  region size 2048K, 2 young (4096K), 2 survivors (4096K)
 Metaspace       used 10571K, committed 10752K, reserved 1064960K
  class space    used 742K, committed 832K, reserved 1048576K
}
Event: 98.618 GC heap before
{Heap before GC invocations=29 (full 0):
 garbage-first heap   total 184320K, used 100911K [0x000000070a000000, 0x0000000800000000)
  region size 2048K, 4 young (8192K), 2 survivors (4096K)
 Metaspace       used 10571K, committed 10752K, reserved 1064960K
  class space    used 742K, committed 832K, reserved 1048576K
}
Event: 98.620 GC heap after
{Heap after GC invocations=30 (full 0):
 garbage-first heap   total 184320K, used 95393K [0x000000070a000000, 0x0000000800000000)
  region size 2048K, 1 young (2048K), 1 survivors (2048K)
 Metaspace       used 10571K, committed 10752K, reserved 1064960K
  class space    used 742K, committed 832K, reserved 1048576K
}
Event: 98.840 GC heap before
{Heap before GC invocations=30 (full 0):
 garbage-first heap   total 184320K, used 97441K [0x000000070a000000, 0x0000000800000000)
  region size 2048K, 3 young (6144K), 1 survivors (2048K)
 Metaspace       used 10571K, committed 10752K, reserved 1064960K
  class space    used 742K, committed 832K, reserved 1048576K
}
Event: 98.841 GC heap after
{Heap after GC invocations=31 (full 0):
 garbage-first heap   total 184320K, used 95420K [0x000000070a000000, 0x0000000800000000)
  region size 2048K, 1 young (2048K), 1 survivors (2048K)
 Metaspace       used 10571K, committed 10752K, reserved 1064960K
  class space    used 742K, committed 832K, reserved 1048576K
}
Event: 103.668 GC heap before
{Heap before GC invocations=32 (full 0):
 garbage-first heap   total 184320K, used 158908K [0x000000070a000000, 0x0000000800000000)
  region size 2048K, 29 young (59392K), 1 survivors (2048K)
 Metaspace       used 10572K, committed 10752K, reserved 1064960K
  class space    used 742K, committed 832K, reserved 1048576K
}
Event: 103.669 GC heap after
{Heap after GC invocations=33 (full 0):
 garbage-first heap   total 184320K, used 104541K [0x000000070a000000, 0x0000000800000000)
  region size 2048K, 2 young (4096K), 2 survivors (4096K)
 Metaspace       used 10572K, committed 10752K, reserved 1064960K
  class space    used 742K, committed 832K, reserved 1048576K
}
Event: 104.036 GC heap before
{Heap before GC invocations=33 (full 0):
 garbage-first heap   total 184320K, used 108637K [0x000000070a000000, 0x0000000800000000)
  region size 2048K, 4 young (8192K), 2 survivors (4096K)
 Metaspace       used 10572K, committed 10752K, reserved 1064960K
  class space    used 742K, committed 832K, reserved 1048576K
}
Event: 104.038 GC heap after
{Heap after GC invocations=34 (full 0):
 garbage-first heap   total 184320K, used 104321K [0x000000070a000000, 0x0000000800000000)
  region size 2048K, 1 young (2048K), 1 survivors (2048K)
 Metaspace       used 10572K, committed 10752K, reserved 1064960K
  class space    used 742K, committed 832K, reserved 1048576K
}
Event: 104.844 GC heap before
{Heap before GC invocations=34 (full 0):
 garbage-first heap   total 184320K, used 110465K [0x000000070a000000, 0x0000000800000000)
  region size 2048K, 6 young (12288K), 1 survivors (2048K)
 Metaspace       used 10581K, committed 10752K, reserved 1064960K
  class space    used 742K, committed 832K, reserved 1048576K
}
Event: 104.845 GC heap after
{Heap after GC invocations=35 (full 0):
 garbage-first heap   total 184320K, used 104429K [0x000000070a000000, 0x0000000800000000)
  region size 2048K, 1 young (2048K), 1 survivors (2048K)
 Metaspace       used 10581K, committed 10752K, reserved 1064960K
  class space    used 742K, committed 832K, reserved 1048576K
}
Event: 105.809 GC heap before
{Heap before GC invocations=36 (full 0):
 garbage-first heap   total 184320K, used 102381K [0x000000070a000000, 0x0000000800000000)
  region size 2048K, 7 young (14336K), 1 survivors (2048K)
 Metaspace       used 10583K, committed 10752K, reserved 1064960K
  class space    used 742K, committed 832K, reserved 1048576K
}
Event: 105.810 GC heap after
{Heap after GC invocations=37 (full 0):
 garbage-first heap   total 184320K, used 92853K [0x000000070a000000, 0x0000000800000000)
  region size 2048K, 1 young (2048K), 1 survivors (2048K)
 Metaspace       used 10583K, committed 10752K, reserved 1064960K
  class space    used 742K, committed 832K, reserved 1048576K
}
Event: 107.861 GC heap before
{Heap before GC invocations=38 (full 0):
 garbage-first heap   total 184320K, used 115381K [0x000000070a000000, 0x0000000800000000)
  region size 2048K, 13 young (26624K), 1 survivors (2048K)
 Metaspace       used 10583K, committed 10752K, reserved 1064960K
  class space    used 742K, committed 832K, reserved 1048576K
}
Event: 107.862 GC heap after
{Heap after GC invocations=39 (full 0):
 garbage-first heap   total 184320K, used 94491K [0x000000070a000000, 0x0000000800000000)
  region size 2048K, 2 young (4096K), 2 survivors (4096K)
 Metaspace       used 10583K, committed 10752K, reserved 1064960K
  class space    used 742K, committed 832K, reserved 1048576K
}
Event: 109.495 GC heap before
{Heap before GC invocations=40 (full 0):
 garbage-first heap   total 184320K, used 112923K [0x000000070a000000, 0x0000000800000000)
  region size 2048K, 13 young (26624K), 2 survivors (4096K)
 Metaspace       used 10586K, committed 10752K, reserved 1064960K
  class space    used 742K, committed 832K, reserved 1048576K
}
Event: 109.496 GC heap after
{Heap after GC invocations=41 (full 0):
 garbage-first heap   total 184320K, used 95883K [0x000000070a000000, 0x0000000800000000)
  region size 2048K, 2 young (4096K), 2 survivors (4096K)
 Metaspace       used 10586K, committed 10752K, reserved 1064960K
  class space    used 742K, committed 832K, reserved 1048576K
}
Event: 111.194 GC heap before
{Heap before GC invocations=42 (full 0):
 garbage-first heap   total 184320K, used 114315K [0x000000070a000000, 0x0000000800000000)
  region size 2048K, 12 young (24576K), 2 survivors (4096K)
 Metaspace       used 10587K, committed 10752K, reserved 1064960K
  class space    used 742K, committed 832K, reserved 1048576K
}
Event: 111.196 GC heap after
{Heap after GC invocations=43 (full 0):
 garbage-first heap   total 184320K, used 96669K [0x000000070a000000, 0x0000000800000000)
  region size 2048K, 3 young (6144K), 3 survivors (6144K)
 Metaspace       used 10587K, committed 10752K, reserved 1064960K
  class space    used 742K, committed 832K, reserved 1048576K
}

Deoptimization events (20 events):
Event: 95.807 Thread 0x0000018602b41240 DEOPT PACKING pc=0x000001861238ca08 sp=0x0000004a02bfec30
Event: 95.807 Thread 0x0000018602b41240 DEOPT UNPACKING pc=0x000001860a6623a3 sp=0x0000004a02bfeb60 mode 2
Event: 98.844 Thread 0x0000018602b41240 DEOPT PACKING pc=0x000001860b1fc51a sp=0x0000004a02bfed50
Event: 98.844 Thread 0x0000018602b41240 DEOPT UNPACKING pc=0x000001860a662b43 sp=0x0000004a02bfe2d8 mode 0
Event: 98.847 Thread 0x0000018602b41240 Uncommon trap: trap_request=0xffffff45 fr.pc=0x00000186123ea664 relative=0x0000000000001384
Event: 98.847 Thread 0x0000018602b41240 Uncommon trap: reason=unstable_if action=reinterpret pc=0x00000186123ea664 method=com.crazyputting3d.Engine.physicsEngine.isInTerrain(DD)Z @ 24 c2
Event: 98.847 Thread 0x0000018602b41240 DEOPT PACKING pc=0x00000186123ea664 sp=0x0000004a02bfede0
Event: 98.847 Thread 0x0000018602b41240 DEOPT UNPACKING pc=0x000001860a6623a3 sp=0x0000004a02bfecc8 mode 2
Event: 113.763 Thread 0x0000018602b41240 Uncommon trap: trap_request=0xffffff45 fr.pc=0x00000186124378b4 relative=0x0000000000000f34
Event: 113.763 Thread 0x0000018602b41240 Uncommon trap: reason=unstable_if action=reinterpret pc=0x00000186124378b4 method=com.badlogic.gdx.backends.lwjgl3.Lwjgl3Window.update()Z @ 60 c2
Event: 113.763 Thread 0x0000018602b41240 DEOPT PACKING pc=0x00000186124378b4 sp=0x0000004a02bff1d0
Event: 113.763 Thread 0x0000018602b41240 DEOPT UNPACKING pc=0x000001860a6623a3 sp=0x0000004a02bff198 mode 2
Event: 113.779 Thread 0x0000018602b41240 Uncommon trap: trap_request=0xffffff45 fr.pc=0x0000018612424d30 relative=0x0000000000000090
Event: 113.779 Thread 0x0000018602b41240 Uncommon trap: reason=unstable_if action=reinterpret pc=0x0000018612424d30 method=org.lwjgl.glfw.GLFW.glfwWindowShouldClose(J)Z @ 20 c2
Event: 113.779 Thread 0x0000018602b41240 DEOPT PACKING pc=0x0000018612424d30 sp=0x0000004a02bff220
Event: 113.779 Thread 0x0000018602b41240 DEOPT UNPACKING pc=0x000001860a6623a3 sp=0x0000004a02bff148 mode 2
Event: 114.120 Thread 0x0000018602b41240 Uncommon trap: trap_request=0xffffff45 fr.pc=0x000001861242fcd0 relative=0x0000000000000110
Event: 114.120 Thread 0x0000018602b41240 Uncommon trap: reason=unstable_if action=reinterpret pc=0x000001861242fcd0 method=com.badlogic.gdx.graphics.g2d.SpriteBatch.end()V @ 21 c2
Event: 114.120 Thread 0x0000018602b41240 DEOPT PACKING pc=0x000001861242fcd0 sp=0x0000004a02bff2c0
Event: 114.120 Thread 0x0000018602b41240 DEOPT UNPACKING pc=0x000001860a6623a3 sp=0x0000004a02bff278 mode 2

Classes unloaded (0 events):
No events

Classes redefined (0 events):
No events

Internal exceptions (20 events):
Event: 0.186 Thread 0x0000018602b41240 Exception <a 'java/lang/NoSuchMethodError'{0x00000007191dc600}: 'java.lang.Object java.lang.invoke.DirectMethodHandle$Holder.invokeStaticInit(java.lang.Object)'> (0x00000007191dc600) 
thrown [e:\jenkins\tmp\workspace\build\src\src\hotspot\share\interpreter\linkResolver.cpp, line 766]
Event: 0.195 Thread 0x0000018602b41240 Exception <a 'java/lang/NoSuchMethodError'{0x0000000718e3e940}: 'void java.lang.invoke.DirectMethodHandle$Holder.invokeStatic(java.lang.Object, java.lang.Object)'> (0x0000000718e3e940) 
thrown [e:\jenkins\tmp\workspace\build\src\src\hotspot\share\interpreter\linkResolver.cpp, line 766]
Event: 0.196 Thread 0x0000018602b41240 Exception <a 'java/lang/NoSuchMethodError'{0x0000000718e44188}: 'void java.lang.invoke.DirectMethodHandle$Holder.invokeSpecial(java.lang.Object, java.lang.Object, java.lang.Object)'> (0x0000000718e44188) 
thrown [e:\jenkins\tmp\workspace\build\src\src\hotspot\share\interpreter\linkResolver.cpp, line 766]
Event: 0.197 Thread 0x0000018602b41240 Exception <a 'java/lang/NoSuchMethodError'{0x0000000718e57510}: 'java.lang.Object java.lang.invoke.DirectMethodHandle$Holder.invokeStatic(java.lang.Object, java.lang.Object, int)'> (0x0000000718e57510) 
thrown [e:\jenkins\tmp\workspace\build\src\src\hotspot\share\interpreter\linkResolver.cpp, line 766]
Event: 0.198 Thread 0x0000018602b41240 Exception <a 'java/lang/NoSuchMethodError'{0x0000000718e63280}: 'void java.lang.invoke.DelegatingMethodHandle$Holder.delegate(java.lang.Object, java.lang.Object, int, java.lang.Object)'> (0x0000000718e63280) 
thrown [e:\jenkins\tmp\workspace\build\src\src\hotspot\share\interpreter\linkResolver.cpp, line 766]
Event: 0.199 Thread 0x0000018602b41240 Exception <a 'java/lang/NoSuchMethodError'{0x0000000718e674c0}: 'int java.lang.invoke.DirectMethodHandle$Holder.invokeSpecial(java.lang.Object, java.lang.Object, java.lang.Object)'> (0x0000000718e674c0) 
thrown [e:\jenkins\tmp\workspace\build\src\src\hotspot\share\interpreter\linkResolver.cpp, line 766]
Event: 0.224 Thread 0x0000018602b41240 Exception <a 'sun/nio/fs/WindowsException'{0x0000000718f0e2f0}> (0x0000000718f0e2f0) 
thrown [e:\jenkins\tmp\workspace\build\src\src\hotspot\share\prims\jni.cpp, line 516]
Event: 0.224 Thread 0x0000018602b41240 Exception <a 'sun/nio/fs/WindowsException'{0x0000000718f0e848}> (0x0000000718f0e848) 
thrown [e:\jenkins\tmp\workspace\build\src\src\hotspot\share\prims\jni.cpp, line 516]
Event: 0.249 Thread 0x0000018602b41240 Exception <a 'sun/nio/fs/WindowsException'{0x0000000718ffc5b8}> (0x0000000718ffc5b8) 
thrown [e:\jenkins\tmp\workspace\build\src\src\hotspot\share\prims\jni.cpp, line 516]
Event: 0.249 Thread 0x0000018602b41240 Exception <a 'sun/nio/fs/WindowsException'{0x0000000718ffc958}> (0x0000000718ffc958) 
thrown [e:\jenkins\tmp\workspace\build\src\src\hotspot\share\prims\jni.cpp, line 516]
Event: 0.269 Thread 0x0000018602b41240 Exception <a 'sun/nio/fs/WindowsException'{0x0000000718caaf08}> (0x0000000718caaf08) 
thrown [e:\jenkins\tmp\workspace\build\src\src\hotspot\share\prims\jni.cpp, line 516]
Event: 0.269 Thread 0x0000018602b41240 Exception <a 'sun/nio/fs/WindowsException'{0x0000000718cab278}> (0x0000000718cab278) 
thrown [e:\jenkins\tmp\workspace\build\src\src\hotspot\share\prims\jni.cpp, line 516]
Event: 0.309 Thread 0x0000018602b41240 Exception <a 'sun/nio/fs/WindowsException'{0x0000000718d302b8}> (0x0000000718d302b8) 
thrown [e:\jenkins\tmp\workspace\build\src\src\hotspot\share\prims\jni.cpp, line 516]
Event: 0.309 Thread 0x0000018602b41240 Exception <a 'sun/nio/fs/WindowsException'{0x0000000718d30640}> (0x0000000718d30640) 
thrown [e:\jenkins\tmp\workspace\build\src\src\hotspot\share\prims\jni.cpp, line 516]
Event: 0.537 Thread 0x0000018602b41240 Exception <a 'sun/nio/fs/WindowsException'{0x0000000718b121e0}> (0x0000000718b121e0) 
thrown [e:\jenkins\tmp\workspace\build\src\src\hotspot\share\prims\jni.cpp, line 516]
Event: 0.537 Thread 0x0000018602b41240 Exception <a 'sun/nio/fs/WindowsException'{0x0000000718b12590}> (0x0000000718b12590) 
thrown [e:\jenkins\tmp\workspace\build\src\src\hotspot\share\prims\jni.cpp, line 516]
Event: 0.540 Thread 0x0000018602b41240 Exception <a 'sun/nio/fs/WindowsException'{0x0000000718b1e728}> (0x0000000718b1e728) 
thrown [e:\jenkins\tmp\workspace\build\src\src\hotspot\share\prims\jni.cpp, line 516]
Event: 0.540 Thread 0x0000018602b41240 Exception <a 'sun/nio/fs/WindowsException'{0x0000000718b1ea10}> (0x0000000718b1ea10) 
thrown [e:\jenkins\tmp\workspace\build\src\src\hotspot\share\prims\jni.cpp, line 516]
Event: 3.859 Thread 0x0000018602b41240 Implicit null exception at 0x00000186122219bf to 0x0000018612221a9c
Event: 4.408 Thread 0x00000186361d1f20 Implicit null exception at 0x000001861221995f to 0x0000018612219a1c

VM Operations (20 events):
Event: 105.836 Executing VM operation: G1Concurrent
Event: 105.836 Executing VM operation: G1Concurrent done
Event: 107.861 Executing VM operation: G1TryInitiateConcMark
Event: 107.862 Executing VM operation: G1TryInitiateConcMark done
Event: 107.881 Executing VM operation: G1Concurrent
Event: 107.882 Executing VM operation: G1Concurrent done
Event: 107.891 Executing VM operation: G1Concurrent
Event: 107.891 Executing VM operation: G1Concurrent done
Event: 109.495 Executing VM operation: G1TryInitiateConcMark
Event: 109.497 Executing VM operation: G1TryInitiateConcMark done
Event: 109.515 Executing VM operation: G1Concurrent
Event: 109.517 Executing VM operation: G1Concurrent done
Event: 109.525 Executing VM operation: G1Concurrent
Event: 109.525 Executing VM operation: G1Concurrent done
Event: 111.194 Executing VM operation: G1TryInitiateConcMark
Event: 111.196 Executing VM operation: G1TryInitiateConcMark done
Event: 111.219 Executing VM operation: G1Concurrent
Event: 111.221 Executing VM operation: G1Concurrent done
Event: 111.230 Executing VM operation: G1Concurrent
Event: 111.230 Executing VM operation: G1Concurrent done

Events (20 events):
Event: 107.876 Thread 0x0000018671fab530 Thread added: 0x0000018671fab530
Event: 108.078 Thread 0x0000018671fb1a40 Thread exited: 0x0000018671fb1a40
Event: 108.094 Thread 0x0000018671faba00 Thread added: 0x0000018671faba00
Event: 108.094 Thread 0x0000018671facd40 Thread added: 0x0000018671facd40
Event: 108.097 Thread 0x0000018671fb1a40 Thread added: 0x0000018671fb1a40
Event: 108.098 Thread 0x0000018671fad6e0 Thread added: 0x0000018671fad6e0
Event: 108.299 Thread 0x0000018671facd40 Thread exited: 0x0000018671facd40
Event: 108.997 Thread 0x0000018671faba00 Thread exited: 0x0000018671faba00
Event: 109.495 Thread 0x0000018671facd40 Thread added: 0x0000018671facd40
Event: 109.515 Thread 0x0000018671fadbb0 Thread added: 0x0000018671fadbb0
Event: 109.715 Thread 0x0000018671facd40 Thread exited: 0x0000018671facd40
Event: 109.811 Thread 0x0000018671faea20 Thread added: 0x0000018671faea20
Event: 109.814 Thread 0x0000018671faba00 Thread added: 0x0000018671faba00
Event: 110.016 Thread 0x0000018671faea20 Thread exited: 0x0000018671faea20
Event: 111.194 Thread 0x0000018671facd40 Thread added: 0x0000018671facd40
Event: 111.211 Thread 0x0000018671fae080 Thread added: 0x0000018671fae080
Event: 111.411 Thread 0x0000018671facd40 Thread exited: 0x0000018671facd40
Event: 111.527 Thread 0x0000018671facd40 Thread added: 0x0000018671facd40
Event: 111.530 Thread 0x0000018671faea20 Thread added: 0x0000018671faea20
Event: 111.731 Thread 0x0000018671facd40 Thread exited: 0x0000018671facd40


Dynamic libraries:
0x00007ff7d8a20000 - 0x00007ff7d8a2e000 	C:\Program Files\Eclipse Adoptium\jdk-17.0.1.12-hotspot\bin\java.exe
0x00007ffdc5cd0000 - 0x00007ffdc5ec5000 	C:\Windows\SYSTEM32\ntdll.dll
0x00007ffdc4060000 - 0x00007ffdc411d000 	C:\Windows\System32\KERNEL32.DLL
0x00007ffdc3720000 - 0x00007ffdc39ed000 	C:\Windows\System32\KERNELBASE.dll
0x00007ffdc33b0000 - 0x00007ffdc34b0000 	C:\Windows\System32\ucrtbase.dll
0x00007ffdbd460000 - 0x00007ffdbd479000 	C:\Program Files\Eclipse Adoptium\jdk-17.0.1.12-hotspot\bin\VCRUNTIME140.dll
0x00007ffdb6650000 - 0x00007ffdb6668000 	C:\Program Files\Eclipse Adoptium\jdk-17.0.1.12-hotspot\bin\jli.dll
0x00007ffdc5530000 - 0x00007ffdc56d0000 	C:\Windows\System32\USER32.dll
0x00007ffdc3c20000 - 0x00007ffdc3c42000 	C:\Windows\System32\win32u.dll
0x00007ffdad620000 - 0x00007ffdad8ba000 	C:\Windows\WinSxS\amd64_microsoft.windows.common-controls_6595b64144ccf1df_6.0.19041.1110_none_60b5254171f9507e\COMCTL32.dll
0x00007ffdc5bd0000 - 0x00007ffdc5bfa000 	C:\Windows\System32\GDI32.dll
0x00007ffdc5190000 - 0x00007ffdc522e000 	C:\Windows\System32\msvcrt.dll
0x00007ffdc3610000 - 0x00007ffdc371b000 	C:\Windows\System32\gdi32full.dll
0x00007ffdc39f0000 - 0x00007ffdc3a8d000 	C:\Windows\System32\msvcp_win.dll
0x00007ffdc4eb0000 - 0x00007ffdc4ee0000 	C:\Windows\System32\IMM32.DLL
0x00007ffdbede0000 - 0x00007ffdbedec000 	C:\Program Files\Eclipse Adoptium\jdk-17.0.1.12-hotspot\bin\vcruntime140_1.dll
0x00007ffdb1890000 - 0x00007ffdb1921000 	C:\Program Files\Eclipse Adoptium\jdk-17.0.1.12-hotspot\bin\msvcp140.dll
0x00007ffd82e10000 - 0x00007ffd83a56000 	C:\Program Files\Eclipse Adoptium\jdk-17.0.1.12-hotspot\bin\server\jvm.dll
0x00007ffdc3fb0000 - 0x00007ffdc405e000 	C:\Windows\System32\ADVAPI32.dll
0x00007ffdc3e80000 - 0x00007ffdc3f1c000 	C:\Windows\System32\sechost.dll
0x00007ffdc3d50000 - 0x00007ffdc3e75000 	C:\Windows\System32\RPCRT4.dll
0x00007ffdc4ee0000 - 0x00007ffdc4ee8000 	C:\Windows\System32\PSAPI.DLL
0x00007ffdb8890000 - 0x00007ffdb88b7000 	C:\Windows\SYSTEM32\WINMM.dll
0x00007ffdbc260000 - 0x00007ffdbc26a000 	C:\Windows\SYSTEM32\VERSION.dll
0x00007ffda5c00000 - 0x00007ffda5c09000 	C:\Windows\SYSTEM32\WSOCK32.dll
0x00007ffdc52e0000 - 0x00007ffdc534b000 	C:\Windows\System32\WS2_32.dll
0x00007ffdc1c40000 - 0x00007ffdc1c52000 	C:\Windows\SYSTEM32\kernel.appcore.dll
0x00007ffdbee30000 - 0x00007ffdbee3a000 	C:\Program Files\Eclipse Adoptium\jdk-17.0.1.12-hotspot\bin\jimage.dll
0x00007ffdc1a30000 - 0x00007ffdc1c14000 	C:\Windows\SYSTEM32\DBGHELP.DLL
0x00007ffdb8de0000 - 0x00007ffdb8e0c000 	C:\Windows\SYSTEM32\dbgcore.DLL
0x00007ffdc3a90000 - 0x00007ffdc3b12000 	C:\Windows\System32\bcryptPrimitives.dll
0x00007ffdb62b0000 - 0x00007ffdb62d5000 	C:\Program Files\Eclipse Adoptium\jdk-17.0.1.12-hotspot\bin\java.dll
0x00007ffdb1a30000 - 0x00007ffdb1b06000 	C:\Program Files\Eclipse Adoptium\jdk-17.0.1.12-hotspot\bin\svml.dll
0x00007ffdc4120000 - 0x00007ffdc4864000 	C:\Windows\System32\SHELL32.dll
0x00007ffdc1150000 - 0x00007ffdc18e4000 	C:\Windows\SYSTEM32\windows.storage.dll
0x00007ffdc5870000 - 0x00007ffdc5bc4000 	C:\Windows\System32\combase.dll
0x00007ffdc2e10000 - 0x00007ffdc2e3c000 	C:\Windows\SYSTEM32\Wldp.dll
0x00007ffdc5230000 - 0x00007ffdc52dd000 	C:\Windows\System32\SHCORE.dll
0x00007ffdc3cf0000 - 0x00007ffdc3d45000 	C:\Windows\System32\shlwapi.dll
0x00007ffdc32f0000 - 0x00007ffdc330f000 	C:\Windows\SYSTEM32\profapi.dll
0x00007ffdaafa0000 - 0x00007ffdaafb9000 	C:\Program Files\Eclipse Adoptium\jdk-17.0.1.12-hotspot\bin\net.dll
0x00007ffdb4be0000 - 0x00007ffdb4cea000 	C:\Windows\SYSTEM32\WINHTTP.dll
0x00007ffdc2b70000 - 0x00007ffdc2bda000 	C:\Windows\system32\mswsock.dll
0x00007ffdaaf80000 - 0x00007ffdaaf95000 	C:\Program Files\Eclipse Adoptium\jdk-17.0.1.12-hotspot\bin\nio.dll
0x00007ffdaace0000 - 0x00007ffdaacf8000 	C:\Program Files\Eclipse Adoptium\jdk-17.0.1.12-hotspot\bin\zip.dll
0x000000006e700000 - 0x000000006e72a000 	C:\Users\grado\AppData\Local\Temp\libgdxgrado\e1cd32f8\gdx64.dll
0x00007ffdb19c0000 - 0x00007ffdb1a24000 	C:\Users\grado\AppData\Local\Temp\lwjglgrado\3.2.3-build-13\lwjgl.dll
0x00007ffd84490000 - 0x00007ffd846e3000 	C:\Users\grado\AppData\Local\Temp\lwjglgrado\3.2.3-build-13\jemalloc.dll
0x00007ffdb1950000 - 0x00007ffdb19b2000 	C:\Users\grado\AppData\Local\Temp\lwjglgrado\3.2.3-build-13\glfw.dll
0x00007ffdc0870000 - 0x00007ffdc090e000 	C:\Windows\system32\uxtheme.dll
0x00007ffdaa450000 - 0x00007ffdaa495000 	C:\Windows\SYSTEM32\dinput8.dll
0x00007ffdb1930000 - 0x00007ffdb1941000 	C:\Windows\SYSTEM32\xinput1_4.dll
0x00007ffdc3b20000 - 0x00007ffdc3b6e000 	C:\Windows\System32\cfgmgr32.dll
0x00007ffdc3160000 - 0x00007ffdc318c000 	C:\Windows\SYSTEM32\DEVOBJ.dll
0x00007ffdc0a00000 - 0x00007ffdc0a2f000 	C:\Windows\SYSTEM32\dwmapi.dll
0x00007ffda8c80000 - 0x00007ffda8dd2000 	C:\Windows\SYSTEM32\inputhost.dll
0x00007ffdc4d70000 - 0x00007ffdc4e3d000 	C:\Windows\System32\OLEAUT32.dll
0x00007ffdc0500000 - 0x00007ffdc05f2000 	C:\Windows\SYSTEM32\CoreMessaging.dll
0x00007ffdbfad0000 - 0x00007ffdbfc24000 	C:\Windows\SYSTEM32\wintypes.dll
0x00007ffdbe990000 - 0x00007ffdbea86000 	C:\Windows\SYSTEM32\PROPSYS.dll
0x00007ffdc01a0000 - 0x00007ffdc04fe000 	C:\Windows\SYSTEM32\CoreUIComponents.dll
0x00007ffdc20b0000 - 0x00007ffdc20e3000 	C:\Windows\SYSTEM32\ntmarta.dll
0x00007ffdc5750000 - 0x00007ffdc5865000 	C:\Windows\System32\MSCTF.dll
0x00007ffdc18f0000 - 0x00007ffdc18fd000 	C:\Windows\SYSTEM32\HID.DLL
0x00007ffdc4870000 - 0x00007ffdc4ce1000 	C:\Windows\System32\SETUPAPI.DLL
0x00007ffdc3c50000 - 0x00007ffdc3c77000 	C:\Windows\System32\bcrypt.dll
0x00007ffdc3c80000 - 0x00007ffdc3ce8000 	C:\Windows\System32\WINTRUST.dll
0x00007ffdc34b0000 - 0x00007ffdc3606000 	C:\Windows\System32\CRYPT32.dll
0x00007ffdc2fa0000 - 0x00007ffdc2fb2000 	C:\Windows\SYSTEM32\MSASN1.dll
0x00007ffd81e40000 - 0x00007ffd81f4b000 	C:\Users\grado\AppData\Local\Temp\lwjglgrado\3.2.3-build-13\OpenAL.dll
0x00007ffdc5400000 - 0x00007ffdc552a000 	C:\Windows\System32\ole32.dll
0x00007ffdc5350000 - 0x00007ffdc53f9000 	C:\Windows\System32\clbcatq.dll
0x00007ffdbb510000 - 0x00007ffdbb595000 	C:\Windows\System32\MMDevApi.dll
0x00007ffdbbda0000 - 0x00007ffdbbf22000 	C:\Windows\SYSTEM32\AUDIOSES.DLL
0x00007ffdc2930000 - 0x00007ffdc297b000 	C:\Windows\SYSTEM32\powrprof.dll
0x00007ffdc27f0000 - 0x00007ffdc2802000 	C:\Windows\SYSTEM32\UMPDC.dll
0x00007ffdc0a30000 - 0x00007ffdc0a44000 	C:\Windows\SYSTEM32\resourcepolicyclient.dll
0x00007ffd22910000 - 0x00007ffd22a36000 	C:\Windows\SYSTEM32\opengl32.dll
0x00007ffd228e0000 - 0x00007ffd2290c000 	C:\Windows\SYSTEM32\GLU32.dll
0x00007ffdbc2e0000 - 0x00007ffdbc3d7000 	C:\Windows\System32\AppXDeploymentClient.dll
0x00007ffdab4d0000 - 0x00007ffdab4fa000 	C:\Windows\System32\DriverStore\FileRepository\u0361612.inf_amd64_b679e02f70413f9f\B361368\atig6pxx.dll
0x00007ffd7dc80000 - 0x00007ffd80966000 	C:\Windows\System32\DriverStore\FileRepository\u0361612.inf_amd64_b679e02f70413f9f\B361368\atio6axx.dll
0x00007ffd86690000 - 0x00007ffd866b4000 	C:\Windows\SYSTEM32\dxva2.dll
0x00007ffda3f10000 - 0x00007ffda3f4c000 	C:\Windows\System32\DriverStore\FileRepository\u0361612.inf_amd64_b679e02f70413f9f\B361368\atig6txx.dll
0x00007ffd81c80000 - 0x00007ffd81e39000 	C:\Windows\SYSTEM32\atiadlxx.dll
0x00007ffdb9380000 - 0x00007ffdb93bb000 	C:\Windows\SYSTEM32\dxcore.dll
0x00007ffd9ef60000 - 0x00007ffd9efb9000 	C:\Users\grado\AppData\Local\Temp\lwjglgrado\3.2.3-build-13\lwjgl_opengl.dll
0x00007ffda93b0000 - 0x00007ffda94a9000 	C:\Windows\SYSTEM32\textinputframework.dll
0x00007ffdaacc0000 - 0x00007ffdaacd1000 	C:\Program Files\Eclipse Adoptium\jdk-17.0.1.12-hotspot\bin\jsound.dll
0x00007ffd853c0000 - 0x00007ffd8545c000 	C:\Windows\SYSTEM32\DSOUND.dll
0x00007ffdb3710000 - 0x00007ffdb3736000 	C:\Windows\SYSTEM32\winmmbase.dll
0x00007ffda9b00000 - 0x00007ffda9b46000 	C:\Windows\SYSTEM32\wdmaud.drv
0x00007ffdbde60000 - 0x00007ffdbde69000 	C:\Windows\SYSTEM32\ksuser.dll
0x00007ffdbd880000 - 0x00007ffdbd88a000 	C:\Windows\SYSTEM32\AVRT.dll
0x00007ffdbc5b0000 - 0x00007ffdbc5bd000 	C:\Windows\SYSTEM32\msacm32.drv
0x00007ffdbc630000 - 0x00007ffdbc64e000 	C:\Windows\SYSTEM32\MSACM32.dll
0x00007ffdb6730000 - 0x00007ffdb673b000 	C:\Windows\SYSTEM32\midimap.dll
0x00007ffda8de0000 - 0x00007ffda8f21000 	C:\Windows\System32\Windows.UI.dll
0x00007ffdbd350000 - 0x00007ffdbd3f1000 	C:\Windows\System32\WindowManagementAPI.dll
0x00007ffdbca10000 - 0x00007ffdbcc11000 	C:\Windows\SYSTEM32\twinapi.appcore.dll

dbghelp: loaded successfully - version: 4.0.5 - missing functions: none
symbol engine: initialized successfully - sym options: 0x614 - pdb path: .;C:\Program Files\Eclipse Adoptium\jdk-17.0.1.12-hotspot\bin;C:\Windows\SYSTEM32;C:\Windows\WinSxS\amd64_microsoft.windows.common-controls_6595b64144ccf1df_6.0.19041.1110_none_60b5254171f9507e;C:\Program Files\Eclipse Adoptium\jdk-17.0.1.12-hotspot\bin\server;C:\Users\grado\AppData\Local\Temp\libgdxgrado\e1cd32f8;C:\Users\grado\AppData\Local\Temp\lwjglgrado\3.2.3-build-13;C:\Windows\System32\DriverStore\FileRepository\u0361612.inf_amd64_b679e02f70413f9f\B361368

VM Arguments:
jvm_args: -XX:+ShowCodeDetailsInExceptionMessages 
java_command: com.crazyputting3d.Main
java_class_path (initial): C:\Users\grado\Documents\Group-04\3dcrazyputting\desktop\bin\main;\CrazyPutting3D-core\bin\default;C:\Users\grado\Documents\Group-04\3dcrazyputting\core\bin\main;C:\Users\grado\.gradle\caches\modules-2\files-2.1\com.badlogicgames.gdx\gdx-backend-lwjgl3\1.10.0\600c7d5b2c977daa82c4abad147087b31e0ada87\gdx-backend-lwjgl3-1.10.0.jar;C:\Users\grado\.gradle\caches\modules-2\files-2.1\com.badlogicgames.gdx\gdx-platform\1.10.0\9a8fa793d2fd6d360afc6c9e4c1f5583da263b88\gdx-platform-1.10.0-natives-desktop.jar;C:\Users\grado\.gradle\caches\modules-2\files-2.1\com.badlogicgames.gdx\gdx-bullet-platform\1.10.0\ce92e8dfc762523d769cbc50853163c03bf98cf1\gdx-bullet-platform-1.10.0-natives-desktop.jar;C:\Users\grado\.gradle\caches\modules-2\files-2.1\com.badlogicgames.gdx\gdx-freetype-platform\1.10.0\6e5d28752759e69384f12e4569d2c884ff71352f\gdx-freetype-platform-1.10.0-natives-desktop.jar;C:\Users\grado\.gradle\caches\modules-2\files-2.1\com.badlogicgames.gdx-controllers\gdx-controllers-desktop\2.2.1\cb3430c32468a090eca54d494d16bb3764ceff9b\gdx-controllers-desktop-2.2.1.jar;C:\Users\grado\.gradle\caches\modules-2\files-2.1\org.jetbrains\annotations\20.1.0\2fcd1f3225bca0c4a7bc931142076f8c1e80993f\annotations-20.1.0.jar;C:\Users\grado\.gradle\caches\modules-2\files-2.1\com.badlogicgames.gdx\gdx-bullet\1.10.0\839b58c7278f5c3b55291c3a559d91227400ecdb\gdx-bullet-1.10.0.jar;C:\Users\grado\.gradle\caches\modules-2\files-2.1\com.badlogicgames.gdx\gdx-freetype\1.10.0\de1d0d5c1e92e8d91364256fd6b7bb279d3e9859\gdx-freetype-1.10.0.jar;C:\Users\grado\.gradle\caches\modules-2\files-2.1\com.badlogicgames.gdx\gdx-ai\1.8.2\ab75d2ce80ab1b1ce6828a15dc0f417abac4c674\gdx-ai-1.8.2.jar;C:\Users\grado\.gradle\caches\modules-2\files-2.1\com.badlogicgames.ashley\ashley\1.7.4\21a3a8932919099c4e5006a7d8378dcbe76ef8a5\ashley-1.7.4.jar;C:\Users\grado\.gradle\caches\modules-2\files-2.1\com.badlogicgames.box2dlights\box2dlights\1.5\6902dbcd250c95a27973aa24a147a95b3828d348\box2dlights-1.5.j
Launcher Type: SUN_STANDARD

[Global flags]
     intx CICompilerCount                          = 12                                        {product} {ergonomic}
     uint ConcGCThreads                            = 3                                         {product} {ergonomic}
     uint G1ConcRefinementThreads                  = 13                                        {product} {ergonomic}
   size_t G1HeapRegionSize                         = 2097152                                   {product} {ergonomic}
    uintx GCDrainStackTargetSize                   = 64                                        {product} {ergonomic}
   size_t InitialHeapSize                          = 257949696                                 {product} {ergonomic}
   size_t MarkStackSize                            = 4194304                                   {product} {ergonomic}
   size_t MaxHeapSize                              = 4127195136                                {product} {ergonomic}
   size_t MaxNewSize                               = 2474639360                                {product} {ergonomic}
   size_t MinHeapDeltaBytes                        = 2097152                                   {product} {ergonomic}
   size_t MinHeapSize                              = 8388608                                   {product} {ergonomic}
    uintx NonNMethodCodeHeapSize                   = 7602480                                {pd product} {ergonomic}
    uintx NonProfiledCodeHeapSize                  = 122027880                              {pd product} {ergonomic}
    uintx ProfiledCodeHeapSize                     = 122027880                              {pd product} {ergonomic}
    uintx ReservedCodeCacheSize                    = 251658240                              {pd product} {ergonomic}
     bool SegmentedCodeCache                       = true                                      {product} {ergonomic}
     bool ShowCodeDetailsInExceptionMessages       = true                                   {manageable} {command line}
   size_t SoftMaxHeapSize                          = 4127195136                             {manageable} {ergonomic}
     bool UseCompressedClassPointers               = true                           {product lp64_product} {ergonomic}
     bool UseCompressedOops                        = true                           {product lp64_product} {ergonomic}
     bool UseG1GC                                  = true                                      {product} {ergonomic}
     bool UseLargePagesIndividualAllocation        = false                                  {pd product} {ergonomic}

Logging:
Log output configuration:
 #0: stdout all=warning uptime,level,tags
 #1: stderr all=off uptime,level,tags

Environment Variables:
PATH=C:\Program Files\Common Files\Oracle\Java\javapath;C:\Windows\system32;C:\Windows;C:\Windows\System32\Wbem;C:\Windows\System32\WindowsPowerShell\v1.0\;C:\Windows\System32\OpenSSH\;C:\Program Files (x86)\NVIDIA Corporation\PhysX\Common;C:\Program Files\NVIDIA Corporation\NVIDIA NvDLISR;C:\Program Files\MATLAB\R2022a\bin;C:\Program Files\Gradle\gradle-7.4.2\bin;C:\Program Files\Git\cmd;C:\Users\grado\AppData\Local\Microsoft\WindowsApps;C:\Users\grado\AppData\Local\Programs\Microsoft VS Code\bin;C:\Users\grado\AppData\Local\GitHubDesktop\bin
USERNAME=grado
LANG=en_US.UTF-8
OS=Windows_NT
PROCESSOR_IDENTIFIER=AMD64 Family 23 Model 96 Stepping 1, AuthenticAMD



---------------  S Y S T E M  ---------------

OS:
 Windows 10 , 64 bit Build 19041 (10.0.19041.1706)
OS uptime: 11 days 17:55 hours

CPU: total 16 (initial active 16) (16 cores per cpu, 2 threads per core) family 23 model 96 stepping 1 microcode 0x0, cx8, cmov, fxsr, ht, mmx, 3dnowpref, sse, sse2, sse3, ssse3, sse4a, sse4.1, sse4.2, popcnt, lzcnt, tsc, tscinvbit, avx, avx2, aes, clmul, bmi1, bmi2, adx, sha, fma, vzeroupper, clflush, clflushopt

Memory: 4k page, system-wide physical 15741M (689M free)
TotalPageFile size 52508M (AvailPageFile size 6477M)
current process WorkingSet (physical memory assigned to process): 973M, peak: 1380M
current process commit charge ("private bytes"): 1142M, peak: 1707M

vm_info: OpenJDK 64-Bit Server VM (17.0.1+12) for windows-amd64 JRE (17.0.1+12), built on Oct 20 2021 07:42:55 by "" with MS VC++ 16.7 (VS2019)

END.
