#
# A fatal error has been detected by the Java Runtime Environment:
#
#  EXCEPTION_ACCESS_VIOLATION (0xc0000005) at pc=0x000001be0bdf0000, pid=12868, tid=11916
#
# JRE version: OpenJDK Runtime Environment Temurin-17.0.1+12 (17.0.1+12) (build 17.0.1+12)
# Java VM: OpenJDK 64-Bit Server VM Temurin-17.0.1+12 (17.0.1+12, mixed mode, sharing, tiered, compressed oops, compressed class ptrs, g1 gc, windows-amd64)
# Problematic frame:
# C  0x000001be0bdf0000
#
# No core dump will be written. Minidumps are not enabled by default on client versions of Windows
#
# If you would like to submit a bug report, please visit:
#   https://github.com/adoptium/adoptium-support/issues
# The crash happened outside the Java Virtual Machine in native code.
# See problematic frame for where to report the bug.
#

---------------  S U M M A R Y ------------

Command Line: -XX:+ShowCodeDetailsInExceptionMessages com.crazyputting3d.Main

Host: AMD Ryzen 7 4800H with Radeon Graphics         , 16 cores, 15G,  Windows 10 , 64 bit Build 19041 (10.0.19041.1741)
Time: Mon Jun 20 16:44:27 2022 Central European Daylight Time elapsed time: 36.750822 seconds (0d 0h 0m 36s)

---------------  T H R E A D  ---------------

Current thread (0x000001be6666e890):  JavaThread "main" [_thread_in_native, id=11916, stack(0x0000003634300000,0x0000003634400000)]

Stack: [0x0000003634300000,0x0000003634400000],  sp=0x00000036343fec28,  free space=1019k
Native frames: (J=compiled Java code, j=interpreted, Vv=VM code, C=native code)
C  0x000001be0bdf0000

Java frames: (J=compiled Java code, j=interpreted, Vv=VM code)
J 1207  org.lwjgl.system.JNI.invokePV(JJ)V (0 bytes) @ 0x000001be77de1cec [0x000001be77de1ca0+0x000000000000004c]
J 1301 c1 org.lwjgl.glfw.GLFW.glfwSwapBuffers(J)V (21 bytes) @ 0x000001be70b7372c [0x000001be70b73640+0x00000000000000ec]
j  com.badlogic.gdx.backends.lwjgl3.Lwjgl3Window.update()Z+196
j  com.badlogic.gdx.backends.lwjgl3.Lwjgl3Application.loop()V+111
j  com.badlogic.gdx.backends.lwjgl3.Lwjgl3Application.<init>(Lcom/badlogic/gdx/ApplicationListener;Lcom/badlogic/gdx/backends/lwjgl3/Lwjgl3ApplicationConfiguration;)V+243
j  com.crazyputting3d.Main.main([Ljava/lang/String;)V+41
v  ~StubRoutines::call_stub

siginfo: EXCEPTION_ACCESS_VIOLATION (0xc0000005), data execution prevention violation at address 0x000001be0bdf0000


Register to memory mapping:

RIP=0x000001be0bdf0000 is an unknown value
RAX=0x000001be0bdf0000 is an unknown value
RBX=0x0000000000010001 is an unknown value
RCX=0x0000000000010001 is an unknown value
RDX=0x00000036343fec60 is pointing into the stack for thread: 0x000001be6666e890
RSP=0x00000036343fec28 is pointing into the stack for thread: 0x000001be6666e890
RBP=0x00000036343fed30 is pointing into the stack for thread: 0x000001be6666e890
RSI=0x0000000000000110 is an unknown value
RDI=0x0000000000001bd6 is an unknown value
R8 =0x000001be0d227080 points into unknown readable memory: 0x000001be176ea810 | 10 a8 6e 17 be 01 00 00
R9 =0x00007ff899d61b50 glfw.dll
R10=0x00007ff89b3d1b10 lwjgl.dll
R11=0x00000036343ff098 is pointing into the stack for thread: 0x000001be6666e890
R12=0x0 is NULL
R13=0x00000036343ff1a0 is pointing into the stack for thread: 0x000001be6666e890
R14=0x00000036343ff0f0 is pointing into the stack for thread: 0x000001be6666e890
R15=0x000001be6666e890 is a thread


Registers:
RAX=0x000001be0bdf0000, RBX=0x0000000000010001, RCX=0x0000000000010001, RDX=0x00000036343fec60
RSP=0x00000036343fec28, RBP=0x00000036343fed30, RSI=0x0000000000000110, RDI=0x0000000000001bd6
R8 =0x000001be0d227080, R9 =0x00007ff899d61b50, R10=0x00007ff89b3d1b10, R11=0x00000036343ff098
R12=0x0000000000000000, R13=0x00000036343ff1a0, R14=0x00000036343ff0f0, R15=0x000001be6666e890
RIP=0x000001be0bdf0000, EFLAGS=0x0000000000010206

Top of Stack: (sp=0x00000036343fec28)
0x00000036343fec28:   00007ff899d61f7c 000001be70213e60
0x00000036343fec38:   000001be6666e890 0000000000000154
0x00000036343fec48:   0000000000000154 0000000000000000
0x00000036343fec58:   000000070a01d840 57464c4720656854
0x00000036343fec68:   7972617262696c20 20746f6e20736920
0x00000036343fec78:   696c616974696e69 000000000064657a
0x00000036343fec88:   000001be77dda6a3 00000036343fed70
0x00000036343fec98:   000001be70b3f894 000000070a035b50
0x00000036343feca8:   000000070a01ce10 0000000000000014
0x00000036343fecb8:   000001be0bebd80c 0000000000000014
0x00000036343fecc8:   000001be0bebd80c 0000000000004e20
0x00000036343fecd8:   0000000800000000 0000000000000005
0x00000036343fece8:   000001be77dda285 000000070a035b50
0x00000036343fecf8:   000000070a1b7038 000000070b254090
0x00000036343fed08:   00007ff893fd92e1 000000070a01cfe8
0x00000036343fed18:   000001be77df9f68 000000070a0312f8 

Instructions: (pc=0x000001be0bdf0000)
0x000001be0bdeff00:   ?? ?? ?? ?? ?? ?? ?? ?? ?? ?? ?? ?? ?? ?? ?? ??
0x000001be0bdeff10:   ?? ?? ?? ?? ?? ?? ?? ?? ?? ?? ?? ?? ?? ?? ?? ??
0x000001be0bdeff20:   ?? ?? ?? ?? ?? ?? ?? ?? ?? ?? ?? ?? ?? ?? ?? ??
0x000001be0bdeff30:   ?? ?? ?? ?? ?? ?? ?? ?? ?? ?? ?? ?? ?? ?? ?? ??
0x000001be0bdeff40:   ?? ?? ?? ?? ?? ?? ?? ?? ?? ?? ?? ?? ?? ?? ?? ??
0x000001be0bdeff50:   ?? ?? ?? ?? ?? ?? ?? ?? ?? ?? ?? ?? ?? ?? ?? ??
0x000001be0bdeff60:   ?? ?? ?? ?? ?? ?? ?? ?? ?? ?? ?? ?? ?? ?? ?? ??
0x000001be0bdeff70:   ?? ?? ?? ?? ?? ?? ?? ?? ?? ?? ?? ?? ?? ?? ?? ??
0x000001be0bdeff80:   ?? ?? ?? ?? ?? ?? ?? ?? ?? ?? ?? ?? ?? ?? ?? ??
0x000001be0bdeff90:   ?? ?? ?? ?? ?? ?? ?? ?? ?? ?? ?? ?? ?? ?? ?? ??
0x000001be0bdeffa0:   ?? ?? ?? ?? ?? ?? ?? ?? ?? ?? ?? ?? ?? ?? ?? ??
0x000001be0bdeffb0:   ?? ?? ?? ?? ?? ?? ?? ?? ?? ?? ?? ?? ?? ?? ?? ??
0x000001be0bdeffc0:   ?? ?? ?? ?? ?? ?? ?? ?? ?? ?? ?? ?? ?? ?? ?? ??
0x000001be0bdeffd0:   ?? ?? ?? ?? ?? ?? ?? ?? ?? ?? ?? ?? ?? ?? ?? ??
0x000001be0bdeffe0:   ?? ?? ?? ?? ?? ?? ?? ?? ?? ?? ?? ?? ?? ?? ?? ??
0x000001be0bdefff0:   ?? ?? ?? ?? ?? ?? ?? ?? ?? ?? ?? ?? ?? ?? ?? ??
0x000001be0bdf0000:   ?? ?? ?? ?? ?? ?? ?? ?? ?? ?? ?? ?? ?? ?? ?? ??
0x000001be0bdf0010:   ?? ?? ?? ?? ?? ?? ?? ?? ?? ?? ?? ?? ?? ?? ?? ??
0x000001be0bdf0020:   ?? ?? ?? ?? ?? ?? ?? ?? ?? ?? ?? ?? ?? ?? ?? ??
0x000001be0bdf0030:   ?? ?? ?? ?? ?? ?? ?? ?? ?? ?? ?? ?? ?? ?? ?? ??
0x000001be0bdf0040:   ?? ?? ?? ?? ?? ?? ?? ?? ?? ?? ?? ?? ?? ?? ?? ??
0x000001be0bdf0050:   ?? ?? ?? ?? ?? ?? ?? ?? ?? ?? ?? ?? ?? ?? ?? ??
0x000001be0bdf0060:   ?? ?? ?? ?? ?? ?? ?? ?? ?? ?? ?? ?? ?? ?? ?? ??
0x000001be0bdf0070:   ?? ?? ?? ?? ?? ?? ?? ?? ?? ?? ?? ?? ?? ?? ?? ??
0x000001be0bdf0080:   ?? ?? ?? ?? ?? ?? ?? ?? ?? ?? ?? ?? ?? ?? ?? ??
0x000001be0bdf0090:   ?? ?? ?? ?? ?? ?? ?? ?? ?? ?? ?? ?? ?? ?? ?? ??
0x000001be0bdf00a0:   ?? ?? ?? ?? ?? ?? ?? ?? ?? ?? ?? ?? ?? ?? ?? ??
0x000001be0bdf00b0:   ?? ?? ?? ?? ?? ?? ?? ?? ?? ?? ?? ?? ?? ?? ?? ??
0x000001be0bdf00c0:   ?? ?? ?? ?? ?? ?? ?? ?? ?? ?? ?? ?? ?? ?? ?? ??
0x000001be0bdf00d0:   ?? ?? ?? ?? ?? ?? ?? ?? ?? ?? ?? ?? ?? ?? ?? ??
0x000001be0bdf00e0:   ?? ?? ?? ?? ?? ?? ?? ?? ?? ?? ?? ?? ?? ?? ?? ??
0x000001be0bdf00f0:   ?? ?? ?? ?? ?? ?? ?? ?? ?? ?? ?? ?? ?? ?? ?? ?? 


Stack slot to memory mapping:
stack at sp + 0 slots: 0x00007ff899d61f7c glfw.dll
stack at sp + 1 slots: 0x000001be70213e60 is at begin+0 in a stub
StubRoutines::jint_arraycopy [0x000001be70213e60, 0x000001be70214043] (483 bytes)
stack at sp + 2 slots: 0x000001be6666e890 is a thread
stack at sp + 3 slots: 0x0000000000000154 is an unknown value
stack at sp + 4 slots: 0x0000000000000154 is an unknown value
stack at sp + 5 slots: 0x0 is NULL
stack at sp + 6 slots: 0x000000070a01d840 is pointing into object: [F 
{0x000000070a01d108} - klass: {type array float}
 - length: 20000
stack at sp + 7 slots: 0x57464c4720656854 is an unknown value


---------------  P R O C E S S  ---------------

Threads class SMR info:
_java_thread_list=0x000001be1dc025d0, length=19, elements={
0x000001be6666e890, 0x000001be0bc82040, 0x000001be0bc83cc0, 0x000001be0bc99a00,
0x000001be0bc9a3b0, 0x000001be0bc9b570, 0x000001be0bc9d9a0, 0x000001be0bc9e290,
0x000001be0c80e720, 0x000001be0c8217f0, 0x000001be0c943390, 0x000001be0c94e4c0,
0x000001be0fbcaa40, 0x000001be181a3810, 0x000001be1d993370, 0x000001be1d72e880,
0x000001be1771cc10, 0x000001be0fcc9870, 0x000001be0fccb550
}

Java Threads: ( => current thread )
=>0x000001be6666e890 JavaThread "main" [_thread_in_native, id=11916, stack(0x0000003634300000,0x0000003634400000)]
  0x000001be0bc82040 JavaThread "Reference Handler" daemon [_thread_blocked, id=18960, stack(0x0000003634a00000,0x0000003634b00000)]
  0x000001be0bc83cc0 JavaThread "Finalizer" daemon [_thread_blocked, id=9144, stack(0x0000003634b00000,0x0000003634c00000)]
  0x000001be0bc99a00 JavaThread "Signal Dispatcher" daemon [_thread_blocked, id=4252, stack(0x0000003634c00000,0x0000003634d00000)]
  0x000001be0bc9a3b0 JavaThread "Attach Listener" daemon [_thread_blocked, id=13976, stack(0x0000003634d00000,0x0000003634e00000)]
  0x000001be0bc9b570 JavaThread "Service Thread" daemon [_thread_blocked, id=23444, stack(0x0000003634e00000,0x0000003634f00000)]
  0x000001be0bc9d9a0 JavaThread "Monitor Deflation Thread" daemon [_thread_blocked, id=3412, stack(0x0000003634f00000,0x0000003635000000)]
  0x000001be0bc9e290 JavaThread "C2 CompilerThread0" daemon [_thread_blocked, id=20032, stack(0x0000003635000000,0x0000003635100000)]
  0x000001be0c80e720 JavaThread "C1 CompilerThread0" daemon [_thread_blocked, id=20996, stack(0x0000003635100000,0x0000003635200000)]
  0x000001be0c8217f0 JavaThread "Sweeper thread" daemon [_thread_blocked, id=7020, stack(0x0000003635200000,0x0000003635300000)]
  0x000001be0c943390 JavaThread "Notification Thread" daemon [_thread_blocked, id=4984, stack(0x0000003635400000,0x0000003635500000)]
  0x000001be0c94e4c0 JavaThread "Common-Cleaner" daemon [_thread_blocked, id=17652, stack(0x0000003635600000,0x0000003635700000)]
  0x000001be0fbcaa40 JavaThread "LWJGL3 Timer" daemon [_thread_blocked, id=13072, stack(0x0000003635f00000,0x0000003636000000)]
  0x000001be181a3810 JavaThread "LWJGL3 Timer" daemon [_thread_blocked, id=21760, stack(0x0000003637000000,0x0000003637100000)]
  0x000001be1d993370 JavaThread "Java Sound Event Dispatcher" daemon [_thread_blocked, id=17592, stack(0x0000003637300000,0x0000003637400000)]
  0x000001be1d72e880 JavaThread "Direct Clip" daemon [_thread_blocked, id=22876, stack(0x0000003637600000,0x0000003637700000)]
  0x000001be1771cc10 JavaThread "Direct Clip" daemon [_thread_blocked, id=20456, stack(0x0000003636a00000,0x0000003636b00000)]
  0x000001be0fcc9870 JavaThread "Direct Clip" daemon [_thread_blocked, id=2896, stack(0x0000003637800000,0x0000003637900000)]
  0x000001be0fccb550 JavaThread "Direct Clip" daemon [_thread_blocked, id=23192, stack(0x0000003637900000,0x0000003637a00000)]

Other Threads:
  0x000001be0bc7d540 VMThread "VM Thread" [stack: 0x0000003634900000,0x0000003634a00000] [id=17864]
  0x000001be0c947c80 WatcherThread [stack: 0x0000003635500000,0x0000003635600000] [id=6528]
  0x000001be6876ac20 GCTaskThread "GC Thread#0" [stack: 0x0000003634400000,0x0000003634500000] [id=17844]
  0x000001be0fb09b40 GCTaskThread "GC Thread#1" [stack: 0x0000003636000000,0x0000003636100000] [id=6336]
  0x000001be0fb07040 GCTaskThread "GC Thread#2" [stack: 0x0000003636100000,0x0000003636200000] [id=8520]
  0x000001be0fb08b20 GCTaskThread "GC Thread#3" [stack: 0x0000003636200000,0x0000003636300000] [id=15880]
  0x000001be0fb09080 GCTaskThread "GC Thread#4" [stack: 0x0000003636300000,0x0000003636400000] [id=10784]
  0x000001be0fb072f0 GCTaskThread "GC Thread#5" [stack: 0x0000003636400000,0x0000003636500000] [id=4380]
  0x000001be0fb075a0 GCTaskThread "GC Thread#6" [stack: 0x0000003636500000,0x0000003636600000] [id=8460]
  0x000001be1c3c8080 GCTaskThread "GC Thread#7" [stack: 0x0000003636d00000,0x0000003636e00000] [id=20816]
  0x000001be6877c080 ConcurrentGCThread "G1 Main Marker" [stack: 0x0000003634500000,0x0000003634600000] [id=17464]
  0x000001be6877d130 ConcurrentGCThread "G1 Conc#0" [stack: 0x0000003634600000,0x0000003634700000] [id=21272]
  0x000001be687eeac0 ConcurrentGCThread "G1 Refine#0" [stack: 0x0000003634700000,0x0000003634800000] [id=19548]
  0x000001be1cc0fc50 ConcurrentGCThread "G1 Refine#1" [stack: 0x0000003636e00000,0x0000003636f00000] [id=10964]
  0x000001be1e16ec70 ConcurrentGCThread "G1 Refine#2" [stack: 0x0000003636f00000,0x0000003637000000] [id=23404]
  0x000001be1813de30 ConcurrentGCThread "G1 Refine#3" [stack: 0x0000003637100000,0x0000003637200000] [id=13864]
  0x000001be0c811420 ConcurrentGCThread "G1 Refine#4" [stack: 0x0000003637200000,0x0000003637300000] [id=2460]
  0x000001be0bb18650 ConcurrentGCThread "G1 Service" [stack: 0x0000003634800000,0x0000003634900000] [id=17204]

Threads with active compile tasks:

VM state: not at safepoint (normal execution)

VM Mutex/Monitor currently owned by a thread: None

Heap address: 0x000000070a000000, size: 3936 MB, Compressed Oops mode: Zero based, Oop shift amount: 3

CDS archive(s) mapped at: [0x0000000800000000-0x0000000800bc0000-0x0000000800bc0000), size 12320768, SharedBaseAddress: 0x0000000800000000, ArchiveRelocationMode: 0.
Compressed class space mapped at: 0x0000000800c00000-0x0000000840c00000, reserved size: 1073741824
Narrow klass base: 0x0000000800000000, Narrow klass shift: 0, Narrow klass range: 0x100000000

GC Precious Log:
 CPUs: 16 total, 16 available
 Memory: 15741M
 Large Page Support: Disabled
 NUMA Support: Disabled
 Compressed Oops: Enabled (Zero based)
 Heap Region Size: 2M
 Heap Min Capacity: 8M
 Heap Initial Capacity: 246M
 Heap Max Capacity: 3936M
 Pre-touch: Disabled
 Parallel Workers: 13
 Concurrent Workers: 3
 Concurrent Refinement Workers: 13
 Periodic GC: Disabled

Heap:
 garbage-first heap   total 251904K, used 180980K [0x000000070a000000, 0x0000000800000000)
  region size 2048K, 67 young (137216K), 1 survivors (2048K)
 Metaspace       used 10561K, committed 10688K, reserved 1064960K
  class space    used 759K, committed 832K, reserved 1048576K

Heap Regions: E=young(eden), S=young(survivor), O=old, HS=humongous(starts), HC=humongous(continues), CS=collection set, F=free, OA=open archive, CA=closed archive, TAMS=top-at-mark-start (previous, next)
|   0|0x000000070a000000, 0x000000070a200000, 0x000000070a200000|100%| O|  |TAMS 0x000000070a000000, 0x000000070a000000| Untracked 
|   1|0x000000070a200000, 0x000000070a400000, 0x000000070a400000|100%|HS|  |TAMS 0x000000070a200000, 0x000000070a200000| Complete 
|   2|0x000000070a400000, 0x000000070a600000, 0x000000070a600000|100%|HS|  |TAMS 0x000000070a400000, 0x000000070a400000| Complete 
|   3|0x000000070a600000, 0x000000070a800000, 0x000000070a800000|100%|HS|  |TAMS 0x000000070a600000, 0x000000070a600000| Complete 
|   4|0x000000070a800000, 0x000000070aa00000, 0x000000070aa00000|100%| O|  |TAMS 0x000000070a800000, 0x000000070a800000| Untracked 
|   5|0x000000070aa00000, 0x000000070ac00000, 0x000000070ac00000|100%| O|  |TAMS 0x000000070aa00000, 0x000000070aa00000| Untracked 
|   6|0x000000070ac00000, 0x000000070ae00000, 0x000000070ae00000|100%| O|  |TAMS 0x000000070ac00000, 0x000000070ac00000| Untracked 
|   7|0x000000070ae00000, 0x000000070b000000, 0x000000070b000000|100%| O|  |TAMS 0x000000070ae00000, 0x000000070ae00000| Untracked 
|   8|0x000000070b000000, 0x000000070b200000, 0x000000070b200000|100%| O|  |TAMS 0x000000070b000000, 0x000000070b000000| Untracked 
|   9|0x000000070b200000, 0x000000070b400000, 0x000000070b400000|100%| O|  |TAMS 0x000000070b200000, 0x000000070b200000| Untracked 
|  10|0x000000070b400000, 0x000000070b600000, 0x000000070b600000|100%| O|  |TAMS 0x000000070b400000, 0x000000070b400000| Untracked 
|  11|0x000000070b600000, 0x000000070b800000, 0x000000070b800000|100%|HS|  |TAMS 0x000000070b600000, 0x000000070b600000| Complete 
|  12|0x000000070b800000, 0x000000070ba00000, 0x000000070ba00000|100%|HS|  |TAMS 0x000000070b800000, 0x000000070b800000| Complete 
|  13|0x000000070ba00000, 0x000000070bc00000, 0x000000070bc00000|100%|HS|  |TAMS 0x000000070ba00000, 0x000000070ba00000| Complete 
|  14|0x000000070bc00000, 0x000000070be00000, 0x000000070be00000|100%|HS|  |TAMS 0x000000070bc00000, 0x000000070bc00000| Complete 
|  15|0x000000070be00000, 0x000000070c000000, 0x000000070c000000|100%|HS|  |TAMS 0x000000070be00000, 0x000000070be00000| Complete 
|  16|0x000000070c000000, 0x000000070c200000, 0x000000070c200000|100%|HS|  |TAMS 0x000000070c000000, 0x000000070c000000| Complete 
|  17|0x000000070c200000, 0x000000070c400000, 0x000000070c400000|100%|HS|  |TAMS 0x000000070c200000, 0x000000070c200000| Complete 
|  18|0x000000070c400000, 0x000000070c600000, 0x000000070c600000|100%|HS|  |TAMS 0x000000070c400000, 0x000000070c400000| Complete 
|  19|0x000000070c600000, 0x000000070c800000, 0x000000070c800000|100%|HS|  |TAMS 0x000000070c600000, 0x000000070c600000| Complete 
|  20|0x000000070c800000, 0x000000070ca00000, 0x000000070ca00000|100%|HS|  |TAMS 0x000000070c800000, 0x000000070c800000| Complete 
|  21|0x000000070ca00000, 0x000000070cc00000, 0x000000070cc00000|100%|HS|  |TAMS 0x000000070ca00000, 0x000000070ca00000| Complete 
|  22|0x000000070cc00000, 0x000000070ce00000, 0x000000070ce00000|100%|HS|  |TAMS 0x000000070cc00000, 0x000000070cc00000| Complete 
|  23|0x000000070ce00000, 0x000000070ce00000, 0x000000070d000000|  0%| F|  |TAMS 0x000000070ce00000, 0x000000070ce00000| Untracked 
|  24|0x000000070d000000, 0x000000070d000000, 0x000000070d200000|  0%| F|  |TAMS 0x000000070d000000, 0x000000070d000000| Untracked 
|  25|0x000000070d200000, 0x000000070d200000, 0x000000070d400000|  0%| F|  |TAMS 0x000000070d200000, 0x000000070d200000| Untracked 
|  26|0x000000070d400000, 0x000000070d400000, 0x000000070d600000|  0%| F|  |TAMS 0x000000070d400000, 0x000000070d400000| Untracked 
|  27|0x000000070d600000, 0x000000070d600000, 0x000000070d800000|  0%| F|  |TAMS 0x000000070d600000, 0x000000070d600000| Untracked 
|  28|0x000000070d800000, 0x000000070d800000, 0x000000070da00000|  0%| F|  |TAMS 0x000000070d800000, 0x000000070d800000| Untracked 
|  29|0x000000070da00000, 0x000000070da00000, 0x000000070dc00000|  0%| F|  |TAMS 0x000000070da00000, 0x000000070da00000| Untracked 
|  30|0x000000070dc00000, 0x000000070dc00000, 0x000000070de00000|  0%| F|  |TAMS 0x000000070dc00000, 0x000000070dc00000| Untracked 
|  31|0x000000070de00000, 0x000000070de00000, 0x000000070e000000|  0%| F|  |TAMS 0x000000070de00000, 0x000000070de00000| Untracked 
|  32|0x000000070e000000, 0x000000070e000000, 0x000000070e200000|  0%| F|  |TAMS 0x000000070e000000, 0x000000070e000000| Untracked 
|  33|0x000000070e200000, 0x000000070e200000, 0x000000070e400000|  0%| F|  |TAMS 0x000000070e200000, 0x000000070e200000| Untracked 
|  34|0x000000070e400000, 0x000000070e400000, 0x000000070e600000|  0%| F|  |TAMS 0x000000070e400000, 0x000000070e400000| Untracked 
|  35|0x000000070e600000, 0x000000070e600000, 0x000000070e800000|  0%| F|  |TAMS 0x000000070e600000, 0x000000070e600000| Untracked 
|  36|0x000000070e800000, 0x000000070e800000, 0x000000070ea00000|  0%| F|  |TAMS 0x000000070e800000, 0x000000070e800000| Untracked 
|  37|0x000000070ea00000, 0x000000070ea00000, 0x000000070ec00000|  0%| F|  |TAMS 0x000000070ea00000, 0x000000070ea00000| Untracked 
|  38|0x000000070ec00000, 0x000000070ec00000, 0x000000070ee00000|  0%| F|  |TAMS 0x000000070ec00000, 0x000000070ec00000| Untracked 
|  39|0x000000070ee00000, 0x000000070ee00000, 0x000000070f000000|  0%| F|  |TAMS 0x000000070ee00000, 0x000000070ee00000| Untracked 
|  40|0x000000070f000000, 0x000000070f000000, 0x000000070f200000|  0%| F|  |TAMS 0x000000070f000000, 0x000000070f000000| Untracked 
|  41|0x000000070f200000, 0x000000070f200000, 0x000000070f400000|  0%| F|  |TAMS 0x000000070f200000, 0x000000070f200000| Untracked 
|  42|0x000000070f400000, 0x000000070f400000, 0x000000070f600000|  0%| F|  |TAMS 0x000000070f400000, 0x000000070f400000| Untracked 
|  43|0x000000070f600000, 0x000000070f600000, 0x000000070f800000|  0%| F|  |TAMS 0x000000070f600000, 0x000000070f600000| Untracked 
|  44|0x000000070f800000, 0x000000070f800000, 0x000000070fa00000|  0%| F|  |TAMS 0x000000070f800000, 0x000000070f800000| Untracked 
|  45|0x000000070fa00000, 0x000000070fa00000, 0x000000070fc00000|  0%| F|  |TAMS 0x000000070fa00000, 0x000000070fa00000| Untracked 
|  46|0x000000070fc00000, 0x000000070fc00000, 0x000000070fe00000|  0%| F|  |TAMS 0x000000070fc00000, 0x000000070fc00000| Untracked 
|  47|0x000000070fe00000, 0x000000070fe00000, 0x0000000710000000|  0%| F|  |TAMS 0x000000070fe00000, 0x000000070fe00000| Untracked 
|  48|0x0000000710000000, 0x0000000710000000, 0x0000000710200000|  0%| F|  |TAMS 0x0000000710000000, 0x0000000710000000| Untracked 
|  49|0x0000000710200000, 0x0000000710200000, 0x0000000710400000|  0%| F|  |TAMS 0x0000000710200000, 0x0000000710200000| Untracked 
|  50|0x0000000710400000, 0x0000000710400000, 0x0000000710600000|  0%| F|  |TAMS 0x0000000710400000, 0x0000000710400000| Untracked 
|  51|0x0000000710600000, 0x0000000710600000, 0x0000000710800000|  0%| F|  |TAMS 0x0000000710600000, 0x0000000710600000| Untracked 
|  52|0x0000000710800000, 0x0000000710800000, 0x0000000710a00000|  0%| F|  |TAMS 0x0000000710800000, 0x0000000710800000| Untracked 
|  53|0x0000000710a00000, 0x0000000710a00000, 0x0000000710c00000|  0%| F|  |TAMS 0x0000000710a00000, 0x0000000710a00000| Untracked 
|  54|0x0000000710c00000, 0x0000000710c00000, 0x0000000710e00000|  0%| F|  |TAMS 0x0000000710c00000, 0x0000000710c00000| Untracked 
|  55|0x0000000710e00000, 0x0000000710e00000, 0x0000000711000000|  0%| F|  |TAMS 0x0000000710e00000, 0x0000000710e00000| Untracked 
|  56|0x0000000711000000, 0x0000000711200000, 0x0000000711200000|100%| E|  |TAMS 0x0000000711000000, 0x0000000711000000| Complete 
|  57|0x0000000711200000, 0x0000000711400000, 0x0000000711400000|100%| E|CS|TAMS 0x0000000711200000, 0x0000000711200000| Complete 
|  58|0x0000000711400000, 0x0000000711600000, 0x0000000711600000|100%| E|CS|TAMS 0x0000000711400000, 0x0000000711400000| Complete 
|  59|0x0000000711600000, 0x0000000711800000, 0x0000000711800000|100%| E|CS|TAMS 0x0000000711600000, 0x0000000711600000| Complete 
|  60|0x0000000711800000, 0x0000000711a00000, 0x0000000711a00000|100%| E|CS|TAMS 0x0000000711800000, 0x0000000711800000| Complete 
|  61|0x0000000711a00000, 0x0000000711c00000, 0x0000000711c00000|100%| E|CS|TAMS 0x0000000711a00000, 0x0000000711a00000| Complete 
|  62|0x0000000711c00000, 0x0000000711e00000, 0x0000000711e00000|100%| E|CS|TAMS 0x0000000711c00000, 0x0000000711c00000| Complete 
|  63|0x0000000711e00000, 0x0000000712000000, 0x0000000712000000|100%| E|CS|TAMS 0x0000000711e00000, 0x0000000711e00000| Complete 
|  64|0x0000000712000000, 0x0000000712200000, 0x0000000712200000|100%| E|CS|TAMS 0x0000000712000000, 0x0000000712000000| Complete 
|  65|0x0000000712200000, 0x0000000712400000, 0x0000000712400000|100%| E|CS|TAMS 0x0000000712200000, 0x0000000712200000| Complete 
|  66|0x0000000712400000, 0x0000000712600000, 0x0000000712600000|100%| E|CS|TAMS 0x0000000712400000, 0x0000000712400000| Complete 
|  67|0x0000000712600000, 0x0000000712800000, 0x0000000712800000|100%| E|CS|TAMS 0x0000000712600000, 0x0000000712600000| Complete 
|  68|0x0000000712800000, 0x0000000712a00000, 0x0000000712a00000|100%| E|CS|TAMS 0x0000000712800000, 0x0000000712800000| Complete 
|  69|0x0000000712a00000, 0x0000000712c00000, 0x0000000712c00000|100%| E|CS|TAMS 0x0000000712a00000, 0x0000000712a00000| Complete 
|  70|0x0000000712c00000, 0x0000000712e00000, 0x0000000712e00000|100%| E|CS|TAMS 0x0000000712c00000, 0x0000000712c00000| Complete 
|  71|0x0000000712e00000, 0x0000000713000000, 0x0000000713000000|100%| E|CS|TAMS 0x0000000712e00000, 0x0000000712e00000| Complete 
|  72|0x0000000713000000, 0x0000000713200000, 0x0000000713200000|100%| E|CS|TAMS 0x0000000713000000, 0x0000000713000000| Complete 
|  73|0x0000000713200000, 0x0000000713400000, 0x0000000713400000|100%| E|CS|TAMS 0x0000000713200000, 0x0000000713200000| Complete 
|  74|0x0000000713400000, 0x0000000713600000, 0x0000000713600000|100%| E|CS|TAMS 0x0000000713400000, 0x0000000713400000| Complete 
|  75|0x0000000713600000, 0x0000000713800000, 0x0000000713800000|100%| E|CS|TAMS 0x0000000713600000, 0x0000000713600000| Complete 
|  76|0x0000000713800000, 0x0000000713a00000, 0x0000000713a00000|100%| E|CS|TAMS 0x0000000713800000, 0x0000000713800000| Complete 
|  77|0x0000000713a00000, 0x0000000713c00000, 0x0000000713c00000|100%| E|CS|TAMS 0x0000000713a00000, 0x0000000713a00000| Complete 
|  78|0x0000000713c00000, 0x0000000713e00000, 0x0000000713e00000|100%| E|CS|TAMS 0x0000000713c00000, 0x0000000713c00000| Complete 
|  79|0x0000000713e00000, 0x0000000714000000, 0x0000000714000000|100%| E|CS|TAMS 0x0000000713e00000, 0x0000000713e00000| Complete 
|  80|0x0000000714000000, 0x0000000714200000, 0x0000000714200000|100%| E|CS|TAMS 0x0000000714000000, 0x0000000714000000| Complete 
|  81|0x0000000714200000, 0x0000000714400000, 0x0000000714400000|100%| E|CS|TAMS 0x0000000714200000, 0x0000000714200000| Complete 
|  82|0x0000000714400000, 0x0000000714600000, 0x0000000714600000|100%| E|CS|TAMS 0x0000000714400000, 0x0000000714400000| Complete 
|  83|0x0000000714600000, 0x0000000714800000, 0x0000000714800000|100%| E|CS|TAMS 0x0000000714600000, 0x0000000714600000| Complete 
|  84|0x0000000714800000, 0x0000000714a00000, 0x0000000714a00000|100%| E|CS|TAMS 0x0000000714800000, 0x0000000714800000| Complete 
|  85|0x0000000714a00000, 0x0000000714c00000, 0x0000000714c00000|100%| E|CS|TAMS 0x0000000714a00000, 0x0000000714a00000| Complete 
|  86|0x0000000714c00000, 0x0000000714e00000, 0x0000000714e00000|100%| E|CS|TAMS 0x0000000714c00000, 0x0000000714c00000| Complete 
|  87|0x0000000714e00000, 0x0000000715000000, 0x0000000715000000|100%| E|CS|TAMS 0x0000000714e00000, 0x0000000714e00000| Complete 
|  88|0x0000000715000000, 0x0000000715200000, 0x0000000715200000|100%| E|CS|TAMS 0x0000000715000000, 0x0000000715000000| Complete 
|  89|0x0000000715200000, 0x0000000715400000, 0x0000000715400000|100%| E|CS|TAMS 0x0000000715200000, 0x0000000715200000| Complete 
|  90|0x0000000715400000, 0x0000000715600000, 0x0000000715600000|100%| E|CS|TAMS 0x0000000715400000, 0x0000000715400000| Complete 
|  91|0x0000000715600000, 0x0000000715800000, 0x0000000715800000|100%| E|CS|TAMS 0x0000000715600000, 0x0000000715600000| Complete 
|  92|0x0000000715800000, 0x0000000715a00000, 0x0000000715a00000|100%| E|CS|TAMS 0x0000000715800000, 0x0000000715800000| Complete 
|  93|0x0000000715a00000, 0x0000000715c00000, 0x0000000715c00000|100%| E|CS|TAMS 0x0000000715a00000, 0x0000000715a00000| Complete 
|  94|0x0000000715c00000, 0x0000000715e00000, 0x0000000715e00000|100%| E|CS|TAMS 0x0000000715c00000, 0x0000000715c00000| Complete 
|  95|0x0000000715e00000, 0x0000000716000000, 0x0000000716000000|100%| E|CS|TAMS 0x0000000715e00000, 0x0000000715e00000| Complete 
|  96|0x0000000716000000, 0x0000000716200000, 0x0000000716200000|100%| E|CS|TAMS 0x0000000716000000, 0x0000000716000000| Complete 
|  97|0x0000000716200000, 0x0000000716400000, 0x0000000716400000|100%| E|CS|TAMS 0x0000000716200000, 0x0000000716200000| Complete 
|  98|0x0000000716400000, 0x0000000716600000, 0x0000000716600000|100%| E|CS|TAMS 0x0000000716400000, 0x0000000716400000| Complete 
|  99|0x0000000716600000, 0x0000000716800000, 0x0000000716800000|100%| E|CS|TAMS 0x0000000716600000, 0x0000000716600000| Complete 
| 100|0x0000000716800000, 0x0000000716a00000, 0x0000000716a00000|100%| E|CS|TAMS 0x0000000716800000, 0x0000000716800000| Complete 
| 101|0x0000000716a00000, 0x0000000716c00000, 0x0000000716c00000|100%| E|CS|TAMS 0x0000000716a00000, 0x0000000716a00000| Complete 
| 102|0x0000000716c00000, 0x0000000716e00000, 0x0000000716e00000|100%| E|CS|TAMS 0x0000000716c00000, 0x0000000716c00000| Complete 
| 103|0x0000000716e00000, 0x0000000717000000, 0x0000000717000000|100%| E|CS|TAMS 0x0000000716e00000, 0x0000000716e00000| Complete 
| 104|0x0000000717000000, 0x0000000717200000, 0x0000000717200000|100%| E|CS|TAMS 0x0000000717000000, 0x0000000717000000| Complete 
| 105|0x0000000717200000, 0x0000000717400000, 0x0000000717400000|100%| E|CS|TAMS 0x0000000717200000, 0x0000000717200000| Complete 
| 106|0x0000000717400000, 0x0000000717600000, 0x0000000717600000|100%| E|CS|TAMS 0x0000000717400000, 0x0000000717400000| Complete 
| 107|0x0000000717600000, 0x0000000717800000, 0x0000000717800000|100%| E|CS|TAMS 0x0000000717600000, 0x0000000717600000| Complete 
| 108|0x0000000717800000, 0x0000000717a00000, 0x0000000717a00000|100%| E|CS|TAMS 0x0000000717800000, 0x0000000717800000| Complete 
| 109|0x0000000717a00000, 0x0000000717c00000, 0x0000000717c00000|100%| E|CS|TAMS 0x0000000717a00000, 0x0000000717a00000| Complete 
| 110|0x0000000717c00000, 0x0000000717e00000, 0x0000000717e00000|100%| E|CS|TAMS 0x0000000717c00000, 0x0000000717c00000| Complete 
| 111|0x0000000717e00000, 0x0000000718000000, 0x0000000718000000|100%| E|CS|TAMS 0x0000000717e00000, 0x0000000717e00000| Complete 
| 112|0x0000000718000000, 0x0000000718200000, 0x0000000718200000|100%| E|CS|TAMS 0x0000000718000000, 0x0000000718000000| Complete 
| 113|0x0000000718200000, 0x0000000718400000, 0x0000000718400000|100%| E|CS|TAMS 0x0000000718200000, 0x0000000718200000| Complete 
| 114|0x0000000718400000, 0x0000000718600000, 0x0000000718600000|100%| E|CS|TAMS 0x0000000718400000, 0x0000000718400000| Complete 
| 115|0x0000000718600000, 0x0000000718800000, 0x0000000718800000|100%| E|CS|TAMS 0x0000000718600000, 0x0000000718600000| Complete 
| 116|0x0000000718800000, 0x0000000718a00000, 0x0000000718a00000|100%| E|CS|TAMS 0x0000000718800000, 0x0000000718800000| Complete 
| 117|0x0000000718a00000, 0x0000000718c00000, 0x0000000718c00000|100%| E|CS|TAMS 0x0000000718a00000, 0x0000000718a00000| Complete 
| 118|0x0000000718c00000, 0x0000000718e00000, 0x0000000718e00000|100%| E|CS|TAMS 0x0000000718c00000, 0x0000000718c00000| Complete 
| 119|0x0000000718e00000, 0x0000000718ebd260, 0x0000000719000000| 36%| S|CS|TAMS 0x0000000718e00000, 0x0000000718e00000| Complete 
| 120|0x0000000719000000, 0x0000000719200000, 0x0000000719200000|100%| E|CS|TAMS 0x0000000719000000, 0x0000000719000000| Complete 
| 121|0x0000000719200000, 0x0000000719400000, 0x0000000719400000|100%| E|CS|TAMS 0x0000000719200000, 0x0000000719200000| Complete 
| 122|0x0000000719400000, 0x0000000719600000, 0x0000000719600000|100%| E|CS|TAMS 0x0000000719400000, 0x0000000719400000| Complete 

Card table byte_map: [0x000001be007b0000,0x000001be00f60000] _byte_map_base: 0x000001bdfcf60000

Marking Bits (Prev, Next): (CMBitMap*) 0x000001be6876c150, (CMBitMap*) 0x000001be6876c190
 Prev Bits: [0x000001be01710000, 0x000001be05490000)
 Next Bits: [0x000001be05490000, 0x000001be09210000)

Polling page: 0x000001be66690000

Metaspace:

Usage:
  Non-class:      9.57 MB used.
      Class:    759.05 KB used.
       Both:     10.31 MB used.

Virtual space:
  Non-class space:       16.00 MB reserved,       9.62 MB ( 60%) committed,  2 nodes.
      Class space:        1.00 GB reserved,     832.00 KB ( <1%) committed,  1 nodes.
             Both:        1.02 GB reserved,      10.44 MB (  1%) committed. 

Chunk freelists:
   Non-Class:  528.00 KB
       Class:  3.16 MB
        Both:  3.67 MB

MaxMetaspaceSize: unlimited
CompressedClassSpaceSize: 1.00 GB
Initial GC threshold: 21.00 MB
Current GC threshold: 21.00 MB
CDS: on
MetaspaceReclaimPolicy: balanced
 - commit_granule_bytes: 65536.
 - commit_granule_words: 8192.
 - virtual_space_node_default_size: 1048576.
 - enlarge_chunks_in_place: 1.
 - new_chunks_are_fully_committed: 0.
 - uncommit_free_chunks: 1.
 - use_allocation_guard: 0.
 - handle_deallocations: 1.


Internal statistics:

num_allocs_failed_limit: 0.
num_arena_births: 46.
num_arena_deaths: 0.
num_vsnodes_births: 3.
num_vsnodes_deaths: 0.
num_space_committed: 165.
num_space_uncommitted: 0.
num_chunks_returned_to_freelist: 0.
num_chunks_taken_from_freelist: 333.
num_chunk_merges: 0.
num_chunk_splits: 281.
num_chunks_enlarged: 253.
num_purges: 0.
num_inconsistent_stats: 0.

CodeHeap 'non-profiled nmethods': size=119168Kb used=2360Kb max_used=2360Kb free=116807Kb
 bounds [0x000001be77d80000, 0x000001be77ff0000, 0x000001be7f1e0000]
CodeHeap 'profiled nmethods': size=119104Kb used=4391Kb max_used=4391Kb free=114712Kb
 bounds [0x000001be70930000, 0x000001be70d80000, 0x000001be77d80000]
CodeHeap 'non-nmethods': size=7488Kb used=1670Kb max_used=3427Kb free=5817Kb
 bounds [0x000001be701e0000, 0x000001be705b0000, 0x000001be70930000]
 total_blobs=3559 nmethods=2446 adapters=1025
 compilation: enabled
              stopped_count=0, restarted_count=0
 full_count=0

Compilation events (20 events):
Event: 32.332 Thread 0x000001be0bc9e290 2442       4       com.badlogic.gdx.math.Vector3::crs (62 bytes)
Event: 32.333 Thread 0x000001be0bc9e290 nmethod 2442 0x000001be77fbf110 code [0x000001be77fbf280, 0x000001be77fbf358]
Event: 32.400 Thread 0x000001be0bc9e290 2443       4       java.util.regex.Pattern$Branch::match (66 bytes)
Event: 32.411 Thread 0x000001be0bc9e290 nmethod 2443 0x000001be77fbf410 code [0x000001be77fbf600, 0x000001be77fbfb40]
Event: 32.553 Thread 0x000001be0bc9e290 2445       4       com.badlogic.gdx.graphics.g3d.utils.ModelBuilder::end (79 bytes)
Event: 32.586 Thread 0x000001be0bc9e290 nmethod 2445 0x000001be77fc0090 code [0x000001be77fc0280, 0x000001be77fc0df8]
Event: 32.586 Thread 0x000001be0bc9e290 2446       4       com.badlogic.gdx.graphics.g3d.utils.ModelBuilder::part (23 bytes)
Event: 32.587 Thread 0x000001be1d4565f0 2447       4       com.badlogic.gdx.graphics.g3d.utils.ModelBuilder::getBuilder (76 bytes)
Event: 32.604 Thread 0x000001be1d4565f0 nmethod 2447 0x000001be77fc1490 code [0x000001be77fc16a0, 0x000001be77fc2048]
Event: 32.604 Thread 0x000001be1d4565f0 2444       4       com.badlogic.gdx.graphics.g3d.utils.ModelBuilder::part (13 bytes)
Event: 32.673 Thread 0x000001be0bc9e290 nmethod 2446 0x000001be77fc2510 code [0x000001be77fc2800, 0x000001be77fc49c0]
Event: 32.674 Thread 0x000001be0bc9e290 2448       4       com.badlogic.gdx.graphics.g3d.utils.MeshBuilder::part (14 bytes)
Event: 32.688 Thread 0x000001be0bc9e290 nmethod 2448 0x000001be77fc5990 code [0x000001be77fc5b80, 0x000001be77fc6768]
Event: 32.688 Thread 0x000001be0bc9e290 2449       4       com.badlogic.gdx.graphics.g3d.utils.ModelBuilder::part (32 bytes)
Event: 32.703 Thread 0x000001be0bc9e290 nmethod 2449 0x000001be77fc6d90 code [0x000001be77fc6fa0, 0x000001be77fc7c28]
Event: 32.707 Thread 0x000001be1d4565f0 nmethod 2444 0x000001be77fc8090 code [0x000001be77fc83a0, 0x000001be77fca570]
Event: 34.421 Thread 0x000001be0bc9e290 2452       4       com.badlogic.gdx.graphics.g3d.shaders.DefaultShader::begin (190 bytes)
Event: 34.463 Thread 0x000001be0bc9e290 nmethod 2452 0x000001be77fcbd90 code [0x000001be77fcbfc0, 0x000001be77fccee0]
Event: 34.895 Thread 0x000001be0bc9e290 2453       4       java.util.regex.Matcher::end (67 bytes)
Event: 34.896 Thread 0x000001be0bc9e290 nmethod 2453 0x000001be77fcde90 code [0x000001be77fce020, 0x000001be77fce138]

GC Heap History (6 events):
Event: 3.233 GC heap before
{Heap before GC invocations=0 (full 0):
 garbage-first heap   total 251904K, used 22528K [0x000000070a000000, 0x0000000800000000)
  region size 2048K, 11 young (22528K), 0 survivors (0K)
 Metaspace       used 7335K, committed 7488K, reserved 1064960K
  class space    used 458K, committed 512K, reserved 1048576K
}
Event: 3.240 GC heap after
{Heap after GC invocations=1 (full 0):
 garbage-first heap   total 251904K, used 2640K [0x000000070a000000, 0x0000000800000000)
  region size 2048K, 2 young (4096K), 2 survivors (4096K)
 Metaspace       used 7335K, committed 7488K, reserved 1064960K
  class space    used 458K, committed 512K, reserved 1048576K
}
Event: 15.381 GC heap before
{Heap before GC invocations=1 (full 0):
 garbage-first heap   total 251904K, used 43600K [0x000000070a000000, 0x0000000800000000)
  region size 2048K, 19 young (38912K), 2 survivors (4096K)
 Metaspace       used 10030K, committed 10176K, reserved 1064960K
  class space    used 707K, committed 768K, reserved 1048576K
}
Event: 15.397 GC heap after
{Heap after GC invocations=2 (full 0):
 garbage-first heap   total 251904K, used 22065K [0x000000070a000000, 0x0000000800000000)
  region size 2048K, 3 young (6144K), 3 survivors (6144K)
 Metaspace       used 10030K, committed 10176K, reserved 1064960K
  class space    used 707K, committed 768K, reserved 1048576K
}
Event: 16.171 GC heap before
{Heap before GC invocations=2 (full 0):
 garbage-first heap   total 251904K, used 28209K [0x000000070a000000, 0x0000000800000000)
  region size 2048K, 6 young (12288K), 3 survivors (6144K)
 Metaspace       used 10049K, committed 10176K, reserved 1064960K
  class space    used 707K, committed 768K, reserved 1048576K
}
Event: 16.178 GC heap after
{Heap after GC invocations=3 (full 0):
 garbage-first heap   total 251904K, used 23284K [0x000000070a000000, 0x0000000800000000)
  region size 2048K, 1 young (2048K), 1 survivors (2048K)
 Metaspace       used 10049K, committed 10176K, reserved 1064960K
  class space    used 707K, committed 768K, reserved 1048576K
}

Deoptimization events (20 events):
Event: 16.511 Thread 0x000001be6666e890 DEOPT PACKING pc=0x000001be70cf0908 sp=0x00000036343fead0
Event: 16.511 Thread 0x000001be6666e890 DEOPT UNPACKING pc=0x000001be70232b43 sp=0x00000036343fdfa8 mode 0
Event: 21.051 Thread 0x000001be17cb3810 Uncommon trap: trap_request=0xffffff45 fr.pc=0x000001be77e18630 relative=0x0000000000000110
Event: 21.051 Thread 0x000001be17cb3810 Uncommon trap: reason=unstable_if action=reinterpret pc=0x000001be77e18630 method=java.lang.ThreadLocal.get()Ljava/lang/Object; @ 11 c2
Event: 21.051 Thread 0x000001be17cb3810 DEOPT PACKING pc=0x000001be77e18630 sp=0x0000003636afe6d0
Event: 21.051 Thread 0x000001be17cb3810 DEOPT UNPACKING pc=0x000001be702323a3 sp=0x0000003636afe660 mode 2
Event: 27.431 Thread 0x000001be6666e890 Uncommon trap: trap_request=0xffffff45 fr.pc=0x000001be77f4a590 relative=0x0000000000000090
Event: 27.431 Thread 0x000001be6666e890 Uncommon trap: reason=unstable_if action=reinterpret pc=0x000001be77f4a590 method=com.crazyputting3d.Objects.Tree.isInTree(DD)Z @ 37 c2
Event: 27.431 Thread 0x000001be6666e890 DEOPT PACKING pc=0x000001be77f4a590 sp=0x00000036343feac0
Event: 27.431 Thread 0x000001be6666e890 DEOPT UNPACKING pc=0x000001be702323a3 sp=0x00000036343fea28 mode 2
Event: 27.452 Thread 0x000001be6666e890 Uncommon trap: trap_request=0xffffff45 fr.pc=0x000001be77f4a9b8 relative=0x00000000000001b8
Event: 27.452 Thread 0x000001be6666e890 Uncommon trap: reason=unstable_if action=reinterpret pc=0x000001be77f4a9b8 method=com.crazyputting3d.Engine.physicsEngine.get_ball_coordinatesX()[F @ 42 c2
Event: 27.452 Thread 0x000001be6666e890 DEOPT PACKING pc=0x000001be77f4a9b8 sp=0x00000036343fed10
Event: 27.452 Thread 0x000001be6666e890 DEOPT UNPACKING pc=0x000001be702323a3 sp=0x00000036343feca8 mode 2
Event: 27.452 Thread 0x000001be6666e890 Uncommon trap: trap_request=0xffffff45 fr.pc=0x000001be77f4aeb8 relative=0x00000000000001b8
Event: 27.452 Thread 0x000001be6666e890 Uncommon trap: reason=unstable_if action=reinterpret pc=0x000001be77f4aeb8 method=com.crazyputting3d.Engine.physicsEngine.get_ball_coordinatesY()[F @ 42 c2
Event: 27.452 Thread 0x000001be6666e890 DEOPT PACKING pc=0x000001be77f4aeb8 sp=0x00000036343fed10
Event: 27.452 Thread 0x000001be6666e890 DEOPT UNPACKING pc=0x000001be702323a3 sp=0x00000036343feca8 mode 2
Event: 36.731 Thread 0x000001be6666e890 DEOPT PACKING pc=0x000001be70b79c0c sp=0x00000036343ff190
Event: 36.731 Thread 0x000001be6666e890 DEOPT UNPACKING pc=0x000001be70232b43 sp=0x00000036343fe610 mode 0

Classes unloaded (0 events):
No events

Classes redefined (0 events):
No events

Internal exceptions (20 events):
Event: 0.355 Thread 0x000001be6666e890 Exception <a 'java/lang/NoSuchMethodError'{0x00000007191e6868}: 'java.lang.Object java.lang.invoke.DirectMethodHandle$Holder.invokeStatic(java.lang.Object, java.lang.Object, int)'> (0x00000007191e6868) 
thrown [e:\jenkins\tmp\workspace\build\src\src\hotspot\share\interpreter\linkResolver.cpp, line 766]
Event: 0.357 Thread 0x000001be6666e890 Exception <a 'java/lang/NoSuchMethodError'{0x00000007191f25d8}: 'void java.lang.invoke.DelegatingMethodHandle$Holder.delegate(java.lang.Object, java.lang.Object, int, java.lang.Object)'> (0x00000007191f25d8) 
thrown [e:\jenkins\tmp\workspace\build\src\src\hotspot\share\interpreter\linkResolver.cpp, line 766]
Event: 0.357 Thread 0x000001be6666e890 Exception <a 'java/lang/NoSuchMethodError'{0x00000007191f6818}: 'int java.lang.invoke.DirectMethodHandle$Holder.invokeSpecial(java.lang.Object, java.lang.Object, java.lang.Object)'> (0x00000007191f6818) 
thrown [e:\jenkins\tmp\workspace\build\src\src\hotspot\share\interpreter\linkResolver.cpp, line 766]
Event: 0.397 Thread 0x000001be6666e890 Exception <a 'sun/nio/fs/WindowsException'{0x0000000718e9d970}> (0x0000000718e9d970) 
thrown [e:\jenkins\tmp\workspace\build\src\src\hotspot\share\prims\jni.cpp, line 516]
Event: 0.398 Thread 0x000001be6666e890 Exception <a 'sun/nio/fs/WindowsException'{0x0000000718e9dec8}> (0x0000000718e9dec8) 
thrown [e:\jenkins\tmp\workspace\build\src\src\hotspot\share\prims\jni.cpp, line 516]
Event: 0.430 Thread 0x000001be6666e890 Exception <a 'sun/nio/fs/WindowsException'{0x0000000718f8bc40}> (0x0000000718f8bc40) 
thrown [e:\jenkins\tmp\workspace\build\src\src\hotspot\share\prims\jni.cpp, line 516]
Event: 0.431 Thread 0x000001be6666e890 Exception <a 'sun/nio/fs/WindowsException'{0x0000000718f8bfe0}> (0x0000000718f8bfe0) 
thrown [e:\jenkins\tmp\workspace\build\src\src\hotspot\share\prims\jni.cpp, line 516]
Event: 0.459 Thread 0x000001be6666e890 Exception <a 'sun/nio/fs/WindowsException'{0x0000000718c3a3e0}> (0x0000000718c3a3e0) 
thrown [e:\jenkins\tmp\workspace\build\src\src\hotspot\share\prims\jni.cpp, line 516]
Event: 0.459 Thread 0x000001be6666e890 Exception <a 'sun/nio/fs/WindowsException'{0x0000000718c3a750}> (0x0000000718c3a750) 
thrown [e:\jenkins\tmp\workspace\build\src\src\hotspot\share\prims\jni.cpp, line 516]
Event: 0.531 Thread 0x000001be6666e890 Exception <a 'sun/nio/fs/WindowsException'{0x0000000718cc01a0}> (0x0000000718cc01a0) 
thrown [e:\jenkins\tmp\workspace\build\src\src\hotspot\share\prims\jni.cpp, line 516]
Event: 0.531 Thread 0x000001be6666e890 Exception <a 'sun/nio/fs/WindowsException'{0x0000000718cc0528}> (0x0000000718cc0528) 
thrown [e:\jenkins\tmp\workspace\build\src\src\hotspot\share\prims\jni.cpp, line 516]
Event: 1.440 Thread 0x000001be6666e890 Exception <a 'sun/nio/fs/WindowsException'{0x0000000718aa30c0}> (0x0000000718aa30c0) 
thrown [e:\jenkins\tmp\workspace\build\src\src\hotspot\share\prims\jni.cpp, line 516]
Event: 1.440 Thread 0x000001be6666e890 Exception <a 'sun/nio/fs/WindowsException'{0x0000000718aa3470}> (0x0000000718aa3470) 
thrown [e:\jenkins\tmp\workspace\build\src\src\hotspot\share\prims\jni.cpp, line 516]
Event: 1.447 Thread 0x000001be6666e890 Exception <a 'sun/nio/fs/WindowsException'{0x0000000718aaf608}> (0x0000000718aaf608) 
thrown [e:\jenkins\tmp\workspace\build\src\src\hotspot\share\prims\jni.cpp, line 516]
Event: 1.447 Thread 0x000001be6666e890 Exception <a 'sun/nio/fs/WindowsException'{0x0000000718aaf8f0}> (0x0000000718aaf8f0) 
thrown [e:\jenkins\tmp\workspace\build\src\src\hotspot\share\prims\jni.cpp, line 516]
Event: 12.119 Thread 0x000001be6666e890 Implicit null exception at 0x000001be77e0ba36 to 0x000001be77e0bb80
Event: 13.846 Thread 0x000001be6666e890 Exception <a 'java/io/FileNotFoundException'{0x0000000718ec1ea8}> (0x0000000718ec1ea8) 
thrown [e:\jenkins\tmp\workspace\build\src\src\hotspot\share\prims\jni.cpp, line 516]
Event: 14.245 Thread 0x000001be6666e890 Implicit null exception at 0x000001be77e20dbf to 0x000001be77e20e9c
Event: 14.277 Thread 0x000001be6666e890 Implicit null exception at 0x000001be77e0b430 to 0x000001be77e0b608
Event: 21.051 Thread 0x000001be17cb3810 Implicit null exception at 0x000001be77e1855f to 0x000001be77e1861c

VM Operations (20 events):
Event: 26.351 Executing VM operation: ICBufferFull
Event: 26.351 Executing VM operation: ICBufferFull done
Event: 27.351 Executing VM operation: Cleanup
Event: 27.351 Executing VM operation: Cleanup done
Event: 28.352 Executing VM operation: Cleanup
Event: 28.352 Executing VM operation: Cleanup done
Event: 29.352 Executing VM operation: Cleanup
Event: 29.353 Executing VM operation: Cleanup done
Event: 30.353 Executing VM operation: Cleanup
Event: 30.353 Executing VM operation: Cleanup done
Event: 31.354 Executing VM operation: Cleanup
Event: 31.354 Executing VM operation: Cleanup done
Event: 32.354 Executing VM operation: Cleanup
Event: 32.354 Executing VM operation: Cleanup done
Event: 33.658 Executing VM operation: ICBufferFull
Event: 33.659 Executing VM operation: ICBufferFull done
Event: 34.895 Executing VM operation: ICBufferFull
Event: 34.895 Executing VM operation: ICBufferFull done
Event: 36.103 Executing VM operation: ICBufferFull
Event: 36.103 Executing VM operation: ICBufferFull done

Events (20 events):
Event: 27.802 Thread 0x000001be1da95330 Thread added: 0x000001be1da95330
Event: 27.809 Thread 0x000001be0cf17ee0 Thread added: 0x000001be0cf17ee0
Event: 27.862 Thread 0x000001be1d893820 Thread exited: 0x000001be1d893820
Event: 30.010 Thread 0x000001be1da95330 Thread exited: 0x000001be1da95330
Event: 30.010 Thread 0x000001be0cf17ee0 Thread exited: 0x000001be0cf17ee0
Event: 30.651 Thread 0x000001be1e713a30 Thread exited: 0x000001be1e713a30
Event: 30.848 Thread 0x000001be0fcc9d40 Thread added: 0x000001be0fcc9d40
Event: 30.851 Thread 0x000001be1e713520 Thread exited: 0x000001be1e713520
Event: 30.851 Thread 0x000001be1e713010 Thread exited: 0x000001be1e713010
Event: 30.855 Thread 0x000001be0fcc9870 Thread added: 0x000001be0fcc9870
Event: 31.057 Thread 0x000001be0fcc9d40 Thread exited: 0x000001be0fcc9d40
Event: 31.081 Thread 0x000001be0fcc8a00 Thread added: 0x000001be0fcc8a00
Event: 31.088 Thread 0x000001be0fccba20 Thread added: 0x000001be0fccba20
Event: 32.586 Thread 0x000001be1d4565f0 Thread added: 0x000001be1d4565f0
Event: 33.289 Thread 0x000001be0fcc8a00 Thread exited: 0x000001be0fcc8a00
Event: 33.289 Thread 0x000001be0fccba20 Thread exited: 0x000001be0fccba20
Event: 34.132 Thread 0x000001be0fcc8060 Thread added: 0x000001be0fcc8060
Event: 34.141 Thread 0x000001be0fccb550 Thread added: 0x000001be0fccb550
Event: 34.342 Thread 0x000001be0fcc8060 Thread exited: 0x000001be0fcc8060
Event: 34.421 Thread 0x000001be1d4565f0 Thread exited: 0x000001be1d4565f0


Dynamic libraries:
0x00007ff604ae0000 - 0x00007ff604aee000 	C:\Program Files\Eclipse Adoptium\jdk-17.0.1.12-hotspot\bin\java.exe
0x00007ff948230000 - 0x00007ff948427000 	C:\Windows\SYSTEM32\ntdll.dll
0x00007ff9469e0000 - 0x00007ff946a9d000 	C:\Windows\System32\KERNEL32.DLL
0x00007ff945ea0000 - 0x00007ff94616d000 	C:\Windows\System32\KERNELBASE.dll
0x00007ff945a80000 - 0x00007ff945b80000 	C:\Windows\System32\ucrtbase.dll
0x00007ff921a30000 - 0x00007ff921a49000 	C:\Program Files\Eclipse Adoptium\jdk-17.0.1.12-hotspot\bin\VCRUNTIME140.dll
0x00007ff921a10000 - 0x00007ff921a28000 	C:\Program Files\Eclipse Adoptium\jdk-17.0.1.12-hotspot\bin\jli.dll
0x00007ff946260000 - 0x00007ff946400000 	C:\Windows\System32\USER32.dll
0x00007ff92fe40000 - 0x00007ff9300da000 	C:\Windows\WinSxS\amd64_microsoft.windows.common-controls_6595b64144ccf1df_6.0.19041.1110_none_60b5254171f9507e\COMCTL32.dll
0x00007ff945a50000 - 0x00007ff945a72000 	C:\Windows\System32\win32u.dll
0x00007ff9474e0000 - 0x00007ff94757e000 	C:\Windows\System32\msvcrt.dll
0x00007ff947fc0000 - 0x00007ff947fea000 	C:\Windows\System32\GDI32.dll
0x00007ff945ce0000 - 0x00007ff945deb000 	C:\Windows\System32\gdi32full.dll
0x00007ff945920000 - 0x00007ff9459bd000 	C:\Windows\System32\msvcp_win.dll
0x00007ff948190000 - 0x00007ff9481c0000 	C:\Windows\System32\IMM32.DLL
0x00007ff9258a0000 - 0x00007ff9258ac000 	C:\Program Files\Eclipse Adoptium\jdk-17.0.1.12-hotspot\bin\vcruntime140_1.dll
0x00007ff9216d0000 - 0x00007ff921761000 	C:\Program Files\Eclipse Adoptium\jdk-17.0.1.12-hotspot\bin\msvcp140.dll
0x00007ff893c00000 - 0x00007ff894846000 	C:\Program Files\Eclipse Adoptium\jdk-17.0.1.12-hotspot\bin\server\jvm.dll
0x00007ff947680000 - 0x00007ff94772e000 	C:\Windows\System32\ADVAPI32.dll
0x00007ff946c70000 - 0x00007ff946d0c000 	C:\Windows\System32\sechost.dll
0x00007ff947350000 - 0x00007ff947475000 	C:\Windows\System32\RPCRT4.dll
0x00007ff947ff0000 - 0x00007ff947ff8000 	C:\Windows\System32\PSAPI.DLL
0x00007ff936340000 - 0x00007ff936367000 	C:\Windows\SYSTEM32\WINMM.dll
0x00007ff914b90000 - 0x00007ff914b99000 	C:\Windows\SYSTEM32\WSOCK32.dll
0x00007ff93f3b0000 - 0x00007ff93f3ba000 	C:\Windows\SYSTEM32\VERSION.dll
0x00007ff947580000 - 0x00007ff9475eb000 	C:\Windows\System32\WS2_32.dll
0x00007ff9441b0000 - 0x00007ff9441c2000 	C:\Windows\SYSTEM32\kernel.appcore.dll
0x00007ff921910000 - 0x00007ff92191a000 	C:\Program Files\Eclipse Adoptium\jdk-17.0.1.12-hotspot\bin\jimage.dll
0x00007ff943fa0000 - 0x00007ff944184000 	C:\Windows\SYSTEM32\DBGHELP.DLL
0x00007ff93ccf0000 - 0x00007ff93cd1c000 	C:\Windows\SYSTEM32\dbgcore.DLL
0x00007ff9459c0000 - 0x00007ff945a42000 	C:\Windows\System32\bcryptPrimitives.dll
0x00007ff9219e0000 - 0x00007ff921a05000 	C:\Program Files\Eclipse Adoptium\jdk-17.0.1.12-hotspot\bin\java.dll
0x00007ff89b7b0000 - 0x00007ff89b886000 	C:\Program Files\Eclipse Adoptium\jdk-17.0.1.12-hotspot\bin\svml.dll
0x00007ff947740000 - 0x00007ff947e84000 	C:\Windows\System32\SHELL32.dll
0x00007ff9436c0000 - 0x00007ff943e54000 	C:\Windows\SYSTEM32\windows.storage.dll
0x00007ff9464b0000 - 0x00007ff946804000 	C:\Windows\System32\combase.dll
0x00007ff945380000 - 0x00007ff9453ac000 	C:\Windows\SYSTEM32\Wldp.dll
0x00007ff946400000 - 0x00007ff9464ad000 	C:\Windows\System32\SHCORE.dll
0x00007ff946c10000 - 0x00007ff946c65000 	C:\Windows\System32\shlwapi.dll
0x00007ff945860000 - 0x00007ff94587f000 	C:\Windows\SYSTEM32\profapi.dll
0x00007ff9219c0000 - 0x00007ff9219d9000 	C:\Program Files\Eclipse Adoptium\jdk-17.0.1.12-hotspot\bin\net.dll
0x00007ff93afe0000 - 0x00007ff93b0ea000 	C:\Windows\SYSTEM32\WINHTTP.dll
0x00007ff9450e0000 - 0x00007ff94514a000 	C:\Windows\system32\mswsock.dll
0x00007ff9219a0000 - 0x00007ff9219b5000 	C:\Program Files\Eclipse Adoptium\jdk-17.0.1.12-hotspot\bin\nio.dll
0x00007ff921980000 - 0x00007ff921998000 	C:\Program Files\Eclipse Adoptium\jdk-17.0.1.12-hotspot\bin\zip.dll
0x000000006e700000 - 0x000000006e72a000 	C:\Users\grado\AppData\Local\Temp\libgdxgrado\e1cd32f8\gdx64.dll
0x00007ff89b3d0000 - 0x00007ff89b434000 	C:\Users\grado\AppData\Local\Temp\lwjglgrado\3.2.3-build-13\lwjgl.dll
0x00007ff899660000 - 0x00007ff8998b3000 	C:\Users\grado\AppData\Local\Temp\lwjglgrado\3.2.3-build-13\jemalloc.dll
0x00007ff899d60000 - 0x00007ff899dc2000 	C:\Users\grado\AppData\Local\Temp\lwjglgrado\3.2.3-build-13\glfw.dll
0x00007ff942e30000 - 0x00007ff942ece000 	C:\Windows\system32\uxtheme.dll
0x00007ff921930000 - 0x00007ff921975000 	C:\Windows\SYSTEM32\dinput8.dll
0x00007ff9217f0000 - 0x00007ff921801000 	C:\Windows\SYSTEM32\xinput1_4.dll
0x00007ff946210000 - 0x00007ff94625e000 	C:\Windows\System32\cfgmgr32.dll
0x00007ff9456d0000 - 0x00007ff9456fc000 	C:\Windows\SYSTEM32\DEVOBJ.dll
0x00007ff943070000 - 0x00007ff94309f000 	C:\Windows\SYSTEM32\dwmapi.dll
0x00007ff92a0d0000 - 0x00007ff92a222000 	C:\Windows\SYSTEM32\inputhost.dll
0x00007ff948000000 - 0x00007ff9480cd000 	C:\Windows\System32\OLEAUT32.dll
0x00007ff942a70000 - 0x00007ff942b62000 	C:\Windows\SYSTEM32\CoreMessaging.dll
0x00007ff942040000 - 0x00007ff942194000 	C:\Windows\SYSTEM32\wintypes.dll
0x00007ff942710000 - 0x00007ff942a6e000 	C:\Windows\SYSTEM32\CoreUIComponents.dll
0x00007ff940fa0000 - 0x00007ff941096000 	C:\Windows\SYSTEM32\PROPSYS.dll
0x00007ff944620000 - 0x00007ff944653000 	C:\Windows\SYSTEM32\ntmarta.dll
0x00007ff946810000 - 0x00007ff946925000 	C:\Windows\System32\MSCTF.dll
0x00007ff943e60000 - 0x00007ff943e6d000 	C:\Windows\SYSTEM32\HID.DLL
0x00007ff946d10000 - 0x00007ff94717f000 	C:\Windows\System32\SETUPAPI.DLL
0x00007ff9461e0000 - 0x00007ff946207000 	C:\Windows\System32\bcrypt.dll
0x00007ff946170000 - 0x00007ff9461d7000 	C:\Windows\System32\WINTRUST.dll
0x00007ff945b80000 - 0x00007ff945cd6000 	C:\Windows\System32\CRYPT32.dll
0x00007ff945510000 - 0x00007ff945522000 	C:\Windows\SYSTEM32\MSASN1.dll
0x00007ff899550000 - 0x00007ff89965b000 	C:\Users\grado\AppData\Local\Temp\lwjglgrado\3.2.3-build-13\OpenAL.dll
0x00007ff947e90000 - 0x00007ff947fba000 	C:\Windows\System32\ole32.dll
0x00007ff946930000 - 0x00007ff9469d9000 	C:\Windows\System32\clbcatq.dll
0x00007ff93ee90000 - 0x00007ff93ef15000 	C:\Windows\System32\MMDevApi.dll
0x00007ff93f190000 - 0x00007ff93f312000 	C:\Windows\SYSTEM32\AUDIOSES.DLL
0x00007ff944ef0000 - 0x00007ff944f3b000 	C:\Windows\SYSTEM32\powrprof.dll
0x00007ff944d60000 - 0x00007ff944d72000 	C:\Windows\SYSTEM32\UMPDC.dll
0x00007ff942f70000 - 0x00007ff942f84000 	C:\Windows\SYSTEM32\resourcepolicyclient.dll
0x00007ff8b6470000 - 0x00007ff8b6596000 	C:\Windows\SYSTEM32\opengl32.dll
0x00007ff8b6440000 - 0x00007ff8b646c000 	C:\Windows\SYSTEM32\GLU32.dll
0x00007ff93ebe0000 - 0x00007ff93ecd7000 	C:\Windows\System32\AppXDeploymentClient.dll
0x00007ff920fa0000 - 0x00007ff920fca000 	C:\Windows\System32\DriverStore\FileRepository\u0361612.inf_amd64_b679e02f70413f9f\B361368\atig6pxx.dll
0x00007ff886690000 - 0x00007ff889376000 	C:\Windows\System32\DriverStore\FileRepository\u0361612.inf_amd64_b679e02f70413f9f\B361368\atio6axx.dll
0x00007ff9410e0000 - 0x00007ff941104000 	C:\Windows\SYSTEM32\dxva2.dll
0x00007ff9217b0000 - 0x00007ff9217ec000 	C:\Windows\System32\DriverStore\FileRepository\u0361612.inf_amd64_b679e02f70413f9f\B361368\atig6txx.dll
0x00007ff892d10000 - 0x00007ff892ec9000 	C:\Windows\SYSTEM32\atiadlxx.dll
0x00007ff92ecf0000 - 0x00007ff92ed2b000 	C:\Windows\SYSTEM32\dxcore.dll
0x00007ff898fd0000 - 0x00007ff899029000 	C:\Users\grado\AppData\Local\Temp\lwjglgrado\3.2.3-build-13\lwjgl_opengl.dll
0x00007ff92cfc0000 - 0x00007ff92d0b9000 	C:\Windows\SYSTEM32\textinputframework.dll
0x00007ff93c2e0000 - 0x00007ff93c2f1000 	C:\Program Files\Eclipse Adoptium\jdk-17.0.1.12-hotspot\bin\jsound.dll
0x00007ff898f30000 - 0x00007ff898fcc000 	C:\Windows\SYSTEM32\DSOUND.dll
0x00007ff9392a0000 - 0x00007ff9392c6000 	C:\Windows\SYSTEM32\winmmbase.dll
0x00007ff92cd60000 - 0x00007ff92cda6000 	C:\Windows\SYSTEM32\wdmaud.drv
0x00007ff940590000 - 0x00007ff94059a000 	C:\Windows\SYSTEM32\AVRT.dll
0x00007ff941130000 - 0x00007ff941139000 	C:\Windows\SYSTEM32\ksuser.dll
0x00007ff93c6e0000 - 0x00007ff93c6ed000 	C:\Windows\SYSTEM32\msacm32.drv
0x00007ff939500000 - 0x00007ff93951e000 	C:\Windows\SYSTEM32\MSACM32.dll
0x00007ff93c250000 - 0x00007ff93c25b000 	C:\Windows\SYSTEM32\midimap.dll
0x00007ff92bd20000 - 0x00007ff92be61000 	C:\Windows\System32\Windows.UI.dll
0x00007ff931d30000 - 0x00007ff931dd1000 	C:\Windows\System32\WindowManagementAPI.dll
0x00007ff93ef20000 - 0x00007ff93f120000 	C:\Windows\System32\twinapi.appcore.dll

dbghelp: loaded successfully - version: 4.0.5 - missing functions: none
symbol engine: initialized successfully - sym options: 0x614 - pdb path: .;C:\Program Files\Eclipse Adoptium\jdk-17.0.1.12-hotspot\bin;C:\Windows\SYSTEM32;C:\Windows\WinSxS\amd64_microsoft.windows.common-controls_6595b64144ccf1df_6.0.19041.1110_none_60b5254171f9507e;C:\Program Files\Eclipse Adoptium\jdk-17.0.1.12-hotspot\bin\server;C:\Users\grado\AppData\Local\Temp\libgdxgrado\e1cd32f8;C:\Users\grado\AppData\Local\Temp\lwjglgrado\3.2.3-build-13;C:\Windows\System32\DriverStore\FileRepository\u0361612.inf_amd64_b679e02f70413f9f\B361368

VM Arguments:
jvm_args: -XX:+ShowCodeDetailsInExceptionMessages 
java_command: com.crazyputting3d.Main
java_class_path (initial): C:\Users\grado\Documents\Group-04\3dcrazyputting\desktop\bin\main;\CrazyPutting3D-core\bin\default;C:\Users\grado\Documents\Group-04\3dcrazyputting\core\bin\main;C:\Users\grado\.gradle\caches\modules-2\files-2.1\com.badlogicgames.gdx\gdx-backend-lwjgl3\1.10.0\600c7d5b2c977daa82c4abad147087b31e0ada87\gdx-backend-lwjgl3-1.10.0.jar;C:\Users\grado\.gradle\caches\modules-2\files-2.1\com.badlogicgames.gdx\gdx-platform\1.10.0\9a8fa793d2fd6d360afc6c9e4c1f5583da263b88\gdx-platform-1.10.0-natives-desktop.jar;C:\Users\grado\.gradle\caches\modules-2\files-2.1\com.badlogicgames.gdx\gdx-bullet-platform\1.10.0\ce92e8dfc762523d769cbc50853163c03bf98cf1\gdx-bullet-platform-1.10.0-natives-desktop.jar;C:\Users\grado\.gradle\caches\modules-2\files-2.1\com.badlogicgames.gdx\gdx-freetype-platform\1.10.0\6e5d28752759e69384f12e4569d2c884ff71352f\gdx-freetype-platform-1.10.0-natives-desktop.jar;C:\Users\grado\.gradle\caches\modules-2\files-2.1\com.badlogicgames.gdx-controllers\gdx-controllers-desktop\2.2.1\cb3430c32468a090eca54d494d16bb3764ceff9b\gdx-controllers-desktop-2.2.1.jar;C:\Users\grado\.gradle\caches\modules-2\files-2.1\org.jetbrains\annotations\20.1.0\2fcd1f3225bca0c4a7bc931142076f8c1e80993f\annotations-20.1.0.jar;C:\Users\grado\.gradle\caches\modules-2\files-2.1\com.badlogicgames.gdx\gdx-bullet\1.10.0\839b58c7278f5c3b55291c3a559d91227400ecdb\gdx-bullet-1.10.0.jar;C:\Users\grado\.gradle\caches\modules-2\files-2.1\com.badlogicgames.gdx\gdx-freetype\1.10.0\de1d0d5c1e92e8d91364256fd6b7bb279d3e9859\gdx-freetype-1.10.0.jar;C:\Users\grado\.gradle\caches\modules-2\files-2.1\com.badlogicgames.gdx\gdx-ai\1.8.2\ab75d2ce80ab1b1ce6828a15dc0f417abac4c674\gdx-ai-1.8.2.jar;C:\Users\grado\.gradle\caches\modules-2\files-2.1\com.badlogicgames.ashley\ashley\1.7.4\21a3a8932919099c4e5006a7d8378dcbe76ef8a5\ashley-1.7.4.jar;C:\Users\grado\.gradle\caches\modules-2\files-2.1\com.badlogicgames.box2dlights\box2dlights\1.5\6902dbcd250c95a27973aa24a147a95b3828d348\box2dlights-1.5.j
Launcher Type: SUN_STANDARD

[Global flags]
     intx CICompilerCount                          = 12                                        {product} {ergonomic}
     uint ConcGCThreads                            = 3                                         {product} {ergonomic}
     uint G1ConcRefinementThreads                  = 13                                        {product} {ergonomic}
   size_t G1HeapRegionSize                         = 2097152                                   {product} {ergonomic}
    uintx GCDrainStackTargetSize                   = 64                                        {product} {ergonomic}
   size_t InitialHeapSize                          = 257949696                                 {product} {ergonomic}
   size_t MarkStackSize                            = 4194304                                   {product} {ergonomic}
   size_t MaxHeapSize                              = 4127195136                                {product} {ergonomic}
   size_t MaxNewSize                               = 2474639360                                {product} {ergonomic}
   size_t MinHeapDeltaBytes                        = 2097152                                   {product} {ergonomic}
   size_t MinHeapSize                              = 8388608                                   {product} {ergonomic}
    uintx NonNMethodCodeHeapSize                   = 7602480                                {pd product} {ergonomic}
    uintx NonProfiledCodeHeapSize                  = 122027880                              {pd product} {ergonomic}
    uintx ProfiledCodeHeapSize                     = 122027880                              {pd product} {ergonomic}
    uintx ReservedCodeCacheSize                    = 251658240                              {pd product} {ergonomic}
     bool SegmentedCodeCache                       = true                                      {product} {ergonomic}
     bool ShowCodeDetailsInExceptionMessages       = true                                   {manageable} {command line}
   size_t SoftMaxHeapSize                          = 4127195136                             {manageable} {ergonomic}
     bool UseCompressedClassPointers               = true                           {product lp64_product} {ergonomic}
     bool UseCompressedOops                        = true                           {product lp64_product} {ergonomic}
     bool UseG1GC                                  = true                                      {product} {ergonomic}
     bool UseLargePagesIndividualAllocation        = false                                  {pd product} {ergonomic}

Logging:
Log output configuration:
 #0: stdout all=warning uptime,level,tags
 #1: stderr all=off uptime,level,tags

Environment Variables:
PATH=C:\Program Files\Common Files\Oracle\Java\javapath;C:\Windows\system32;C:\Windows;C:\Windows\System32\Wbem;C:\Windows\System32\WindowsPowerShell\v1.0\;C:\Windows\System32\OpenSSH\;C:\Program Files (x86)\NVIDIA Corporation\PhysX\Common;C:\Program Files\NVIDIA Corporation\NVIDIA NvDLISR;C:\Program Files\MATLAB\R2022a\bin;C:\Program Files\Gradle\gradle-7.4.2\bin;C:\Program Files\Git\cmd;C:\Users\grado\AppData\Local\Microsoft\WindowsApps;C:\Users\grado\AppData\Local\Programs\Microsoft VS Code\bin;C:\Users\grado\AppData\Local\GitHubDesktop\bin
USERNAME=grado
LANG=en_US.UTF-8
OS=Windows_NT
PROCESSOR_IDENTIFIER=AMD64 Family 23 Model 96 Stepping 1, AuthenticAMD



---------------  S Y S T E M  ---------------

OS:
 Windows 10 , 64 bit Build 19041 (10.0.19041.1741)
OS uptime: 1 days 16:25 hours

CPU: total 16 (initial active 16) (16 cores per cpu, 2 threads per core) family 23 model 96 stepping 1 microcode 0x0, cx8, cmov, fxsr, ht, mmx, 3dnowpref, sse, sse2, sse3, ssse3, sse4a, sse4.1, sse4.2, popcnt, lzcnt, tsc, tscinvbit, avx, avx2, aes, clmul, bmi1, bmi2, adx, sha, fma, vzeroupper, clflush, clflushopt

Memory: 4k page, system-wide physical 15741M (5568M free)
TotalPageFile size 22653M (AvailPageFile size 8244M)
current process WorkingSet (physical memory assigned to process): 369M, peak: 427M
current process commit charge ("private bytes"): 634M, peak: 708M

vm_info: OpenJDK 64-Bit Server VM (17.0.1+12) for windows-amd64 JRE (17.0.1+12), built on Oct 20 2021 07:42:55 by "" with MS VC++ 16.7 (VS2019)

END.
