#
# A fatal error has been detected by the Java Runtime Environment:
#
#  EXCEPTION_ACCESS_VIOLATION (0xc0000005) at pc=0x00000158dbfc0000, pid=1644, tid=8272
#
# JRE version: OpenJDK Runtime Environment Temurin-17.0.1+12 (17.0.1+12) (build 17.0.1+12)
# Java VM: OpenJDK 64-Bit Server VM Temurin-17.0.1+12 (17.0.1+12, mixed mode, sharing, tiered, compressed oops, compressed class ptrs, g1 gc, windows-amd64)
# Problematic frame:
# C  0x00000158dbfc0000
#
# No core dump will be written. Minidumps are not enabled by default on client versions of Windows
#
# If you would like to submit a bug report, please visit:
#   https://github.com/adoptium/adoptium-support/issues
# The crash happened outside the Java Virtual Machine in native code.
# See problematic frame for where to report the bug.
#

---------------  S U M M A R Y ------------

Command Line: -XX:+ShowCodeDetailsInExceptionMessages com.crazyputting3d.Main

Host: AMD Ryzen 7 4800H with Radeon Graphics         , 16 cores, 15G,  Windows 10 , 64 bit Build 19041 (10.0.19041.1706)
Time: Fri Jun 17 18:23:19 2022 Central European Daylight Time elapsed time: 75.102190 seconds (0d 0h 1m 15s)

---------------  T H R E A D  ---------------

Current thread (0x00000158b8a73420):  JavaThread "main" [_thread_in_native, id=8272, stack(0x000000040b700000,0x000000040b800000)]

Stack: [0x000000040b700000,0x000000040b800000],  sp=0x000000040b7fedf8,  free space=1019k
Native frames: (J=compiled Java code, j=interpreted, Vv=VM code, C=native code)
C  0x00000158dbfc0000

Java frames: (J=compiled Java code, j=interpreted, Vv=VM code)
J 1198  org.lwjgl.system.JNI.invokePV(JJ)V (0 bytes) @ 0x00000158c8148a6c [0x00000158c8148a20+0x000000000000004c]
J 2073 c1 org.lwjgl.glfw.GLFW.glfwSwapBuffers(J)V (21 bytes) @ 0x00000158c1013c2c [0x00000158c1013b40+0x00000000000000ec]
j  com.badlogic.gdx.backends.lwjgl3.Lwjgl3Window.update()Z+196
j  com.badlogic.gdx.backends.lwjgl3.Lwjgl3Application.loop()V+111
j  com.badlogic.gdx.backends.lwjgl3.Lwjgl3Application.<init>(Lcom/badlogic/gdx/ApplicationListener;Lcom/badlogic/gdx/backends/lwjgl3/Lwjgl3ApplicationConfiguration;)V+243
j  com.crazyputting3d.Main.main([Ljava/lang/String;)V+41
v  ~StubRoutines::call_stub

siginfo: EXCEPTION_ACCESS_VIOLATION (0xc0000005), data execution prevention violation at address 0x00000158dbfc0000


Register to memory mapping:

RIP=0x00000158dbfc0000 is an unknown value
RAX=0x00000158dbfc0000 is an unknown value
RBX=0x0000000000010001 is an unknown value
RCX=0x0000000000010001 is an unknown value
RDX=0x000000040b7fee30 is pointing into the stack for thread: 0x00000158b8a73420
RSP=0x000000040b7fedf8 is pointing into the stack for thread: 0x00000158b8a73420
RBP=0x000000040b7fef00 is pointing into the stack for thread: 0x00000158b8a73420
RSI=0x0000000000000110 is an unknown value
RDI=0x0000000000003809 is an unknown value
R8 =0x00000158dd2a4110 points into unknown readable memory: 0x000001589b682c30 | 30 2c 68 9b 58 01 00 00
R9 =0x00007ffdb1951b50 glfw.dll
R10=0x00007ffdb19c1b10 lwjgl.dll
R11=0x000000040b7ff268 is pointing into the stack for thread: 0x00000158b8a73420
R12=0x0 is NULL
R13=0x000000040b7ff368 is pointing into the stack for thread: 0x00000158b8a73420
R14=0x000000040b7ff2c0 is pointing into the stack for thread: 0x00000158b8a73420
R15=0x00000158b8a73420 is a thread


Registers:
RAX=0x00000158dbfc0000, RBX=0x0000000000010001, RCX=0x0000000000010001, RDX=0x000000040b7fee30
RSP=0x000000040b7fedf8, RBP=0x000000040b7fef00, RSI=0x0000000000000110, RDI=0x0000000000003809
R8 =0x00000158dd2a4110, R9 =0x00007ffdb1951b50, R10=0x00007ffdb19c1b10, R11=0x000000040b7ff268
R12=0x0000000000000000, R13=0x000000040b7ff368, R14=0x000000040b7ff2c0, R15=0x00000158b8a73420
RIP=0x00000158dbfc0000, EFLAGS=0x0000000000010206

Top of Stack: (sp=0x000000040b7fedf8)
0x000000040b7fedf8:   00007ffdb1951f7c 000000040b7feee8
0x000000040b7fee08:   00000158c0ebfeef 412000000b9e85a8
0x000000040b7fee18:   438c000041700000 0000000043480000
0x000000040b7fee28:   000000070b9e85a8 57464c4720656854
0x000000040b7fee38:   7972617262696c20 20746f6e20736920
0x000000040b7fee48:   696c616974696e69 000000070064657a
0x000000040b7fee58:   000000070a1e2990 000000040b7feee8
0x000000040b7fee68:   00007ffdc55bafc9 000000040b7feee8
0x000000040b7fee78:   00000158c05494fe 00007ffd2294f6f0
0x000000040b7fee88:   00000158c05494fe 000000070b9fd7a0
0x000000040b7fee98:   000000070b9e85a8 000000070b9fd7a0
0x000000040b7feea8:   000000070b9fd578 000000040b7fef70
0x000000040b7feeb8:   00000158e809aac8 000000040b7ff280
0x000000040b7feec8:   00000158c0e8febc 0000000000000002
0x000000040b7feed8:   00000158c8143923 000000040b7fef48
0x000000040b7feee8:   000000040b7fefc0 00000158c0549962 

Instructions: (pc=0x00000158dbfc0000)
0x00000158dbfbff00:   ?? ?? ?? ?? ?? ?? ?? ?? ?? ?? ?? ?? ?? ?? ?? ??
0x00000158dbfbff10:   ?? ?? ?? ?? ?? ?? ?? ?? ?? ?? ?? ?? ?? ?? ?? ??
0x00000158dbfbff20:   ?? ?? ?? ?? ?? ?? ?? ?? ?? ?? ?? ?? ?? ?? ?? ??
0x00000158dbfbff30:   ?? ?? ?? ?? ?? ?? ?? ?? ?? ?? ?? ?? ?? ?? ?? ??
0x00000158dbfbff40:   ?? ?? ?? ?? ?? ?? ?? ?? ?? ?? ?? ?? ?? ?? ?? ??
0x00000158dbfbff50:   ?? ?? ?? ?? ?? ?? ?? ?? ?? ?? ?? ?? ?? ?? ?? ??
0x00000158dbfbff60:   ?? ?? ?? ?? ?? ?? ?? ?? ?? ?? ?? ?? ?? ?? ?? ??
0x00000158dbfbff70:   ?? ?? ?? ?? ?? ?? ?? ?? ?? ?? ?? ?? ?? ?? ?? ??
0x00000158dbfbff80:   ?? ?? ?? ?? ?? ?? ?? ?? ?? ?? ?? ?? ?? ?? ?? ??
0x00000158dbfbff90:   ?? ?? ?? ?? ?? ?? ?? ?? ?? ?? ?? ?? ?? ?? ?? ??
0x00000158dbfbffa0:   ?? ?? ?? ?? ?? ?? ?? ?? ?? ?? ?? ?? ?? ?? ?? ??
0x00000158dbfbffb0:   ?? ?? ?? ?? ?? ?? ?? ?? ?? ?? ?? ?? ?? ?? ?? ??
0x00000158dbfbffc0:   ?? ?? ?? ?? ?? ?? ?? ?? ?? ?? ?? ?? ?? ?? ?? ??
0x00000158dbfbffd0:   ?? ?? ?? ?? ?? ?? ?? ?? ?? ?? ?? ?? ?? ?? ?? ??
0x00000158dbfbffe0:   ?? ?? ?? ?? ?? ?? ?? ?? ?? ?? ?? ?? ?? ?? ?? ??
0x00000158dbfbfff0:   ?? ?? ?? ?? ?? ?? ?? ?? ?? ?? ?? ?? ?? ?? ?? ??
0x00000158dbfc0000:   ?? ?? ?? ?? ?? ?? ?? ?? ?? ?? ?? ?? ?? ?? ?? ??
0x00000158dbfc0010:   ?? ?? ?? ?? ?? ?? ?? ?? ?? ?? ?? ?? ?? ?? ?? ??
0x00000158dbfc0020:   ?? ?? ?? ?? ?? ?? ?? ?? ?? ?? ?? ?? ?? ?? ?? ??
0x00000158dbfc0030:   ?? ?? ?? ?? ?? ?? ?? ?? ?? ?? ?? ?? ?? ?? ?? ??
0x00000158dbfc0040:   ?? ?? ?? ?? ?? ?? ?? ?? ?? ?? ?? ?? ?? ?? ?? ??
0x00000158dbfc0050:   ?? ?? ?? ?? ?? ?? ?? ?? ?? ?? ?? ?? ?? ?? ?? ??
0x00000158dbfc0060:   ?? ?? ?? ?? ?? ?? ?? ?? ?? ?? ?? ?? ?? ?? ?? ??
0x00000158dbfc0070:   ?? ?? ?? ?? ?? ?? ?? ?? ?? ?? ?? ?? ?? ?? ?? ??
0x00000158dbfc0080:   ?? ?? ?? ?? ?? ?? ?? ?? ?? ?? ?? ?? ?? ?? ?? ??
0x00000158dbfc0090:   ?? ?? ?? ?? ?? ?? ?? ?? ?? ?? ?? ?? ?? ?? ?? ??
0x00000158dbfc00a0:   ?? ?? ?? ?? ?? ?? ?? ?? ?? ?? ?? ?? ?? ?? ?? ??
0x00000158dbfc00b0:   ?? ?? ?? ?? ?? ?? ?? ?? ?? ?? ?? ?? ?? ?? ?? ??
0x00000158dbfc00c0:   ?? ?? ?? ?? ?? ?? ?? ?? ?? ?? ?? ?? ?? ?? ?? ??
0x00000158dbfc00d0:   ?? ?? ?? ?? ?? ?? ?? ?? ?? ?? ?? ?? ?? ?? ?? ??
0x00000158dbfc00e0:   ?? ?? ?? ?? ?? ?? ?? ?? ?? ?? ?? ?? ?? ?? ?? ??
0x00000158dbfc00f0:   ?? ?? ?? ?? ?? ?? ?? ?? ?? ?? ?? ?? ?? ?? ?? ?? 


Stack slot to memory mapping:
stack at sp + 0 slots: 0x00007ffdb1951f7c glfw.dll
stack at sp + 1 slots: 0x000000040b7feee8 is pointing into the stack for thread: 0x00000158b8a73420
stack at sp + 2 slots: 0x00000158c0ebfeef is at entry_point+623 in (nmethod*)0x00000158c0ebfa90
stack at sp + 3 slots: 0x412000000b9e85a8 is an unknown value
stack at sp + 4 slots: 0x438c000041700000 is an unknown value
stack at sp + 5 slots: 0x0000000043480000 is an unknown value
stack at sp + 6 slots: 0x000000070b9e85a8 is an oop: com.badlogic.gdx.graphics.g2d.SpriteBatch 
{0x000000070b9e85a8} - klass: 'com/badlogic/gdx/graphics/g2d/SpriteBatch'
 - ---- fields (total size 12 words):
 - 'idx' 'I' @12  0
 - 'invTexWidth' 'F' @16  0.000977 (3a800000)
 - 'invTexHeight' 'F' @20  0.000977 (3a800000)
 - private 'blendSrcFunc' 'I' @24  770 (302)
 - private 'blendDstFunc' 'I' @28  771 (303)
 - private 'blendSrcFuncAlpha' 'I' @32  770 (302)
 - private 'blendDstFuncAlpha' 'I' @36  771 (303)
 - 'colorPacked' 'F' @40  -170141173319264429905852091742258462720.000000 (feffffff)
 - public 'renderCalls' 'I' @44  3
 - public 'totalRenderCalls' 'I' @48  180 (b4)
 - public 'maxSpritesInBatch' 'I' @52  23 (17)
 - 'drawing' 'Z' @56  false
 - private 'blendingDisabled' 'Z' @57  false
 - private 'ownsShader' 'Z' @58  true
 - private 'mesh' 'Lcom/badlogic/gdx/graphics/Mesh;' @60  a 'com/badlogic/gdx/graphics/Mesh'{0x000000070b9e8608} (e173d0c1)
 - final 'vertices' '[F' @64  [F{0x000000070b9e88a0} (e173d114)
 - 'lastTexture' 'Lcom/badlogic/gdx/graphics/Texture;' @68  NULL (0)
 - private final 'transformMatrix' 'Lcom/badlogic/gdx/math/Matrix4;' @72  a 'com/badlogic/gdx/math/Matrix4'{0x000000070b9fc130} (e173f826)
 - private final 'projectionMatrix' 'Lcom/badlogic/gdx/math/Matrix4;' @76  a 'com/badlogic/gdx/math/Matrix4'{0x000000070b9fc190} (e173f832)
 - private final 'combinedMatrix' 'Lcom/badlogic/gdx/math/Matrix4;' @80  a 'com/badlogic/gdx/math/Matrix4'{0x000000070b9fc1f0} (e173f83e)
 - private final 'shader' 'Lcom/badlogic/gdx/graphics/glutils/ShaderProgram;' @84  a 'com/badlogic/gdx/graphics/glutils/ShaderProgram'{0x000000070b9fc250} (e173f84a)
 - private 'customShader' 'Lcom/badlogic/gdx/graphics/glutils/ShaderProgram;' @88  NULL (0)
 - private final 'color' 'Lcom/badlogic/gdx/graphics/Color;' @92  a 'com/badlogic/gdx/graphics/Color'{0x000000070b9fd558} (e173faab)
stack at sp + 7 slots: 0x57464c4720656854 is an unknown value


---------------  P R O C E S S  ---------------

Threads class SMR info:
_java_thread_list=0x00000158ec8261d0, length=66, elements={
0x00000158b8a73420, 0x00000158dbf8b370, 0x00000158dbf8d6a0, 0x00000158dbfa4230,
0x00000158dbfa4af0, 0x00000158dbfa57c0, 0x00000158dbfa6820, 0x00000158dbfa8400,
0x00000158dc908ce0, 0x00000158dbfae4c0, 0x00000158dca4cd80, 0x00000158dca5a4b0,
0x00000158dd2a0c60, 0x00000158ec425f90, 0x00000158eb90e020, 0x00000158e7a6df40,
0x00000158ec751590, 0x00000158eb91bb30, 0x00000158eb91a7f0, 0x00000158eb91acc0,
0x00000158eb91b660, 0x00000158eb91c000, 0x00000158eb91c9a0, 0x00000158eb91c4d0,
0x00000158eb919980, 0x00000158eb91a320, 0x00000158eb9194b0, 0x00000158ec6eb030,
0x00000158ec6e4180, 0x00000158ec6e37e0, 0x00000158ec6e6800, 0x00000158ec6e9820,
0x00000158ec6e3cb0, 0x00000158ec6eab60, 0x00000158ec6e4ff0, 0x00000158ec6e84e0,
0x00000158ec6e5990, 0x00000158ec6e4b20, 0x00000158ec6e4650, 0x00000158ec6e5e60,
0x00000158ec6ea1c0, 0x00000158ec6e7b40, 0x00000158ec6e89b0, 0x00000158ec6ea690,
0x00000158ec6e6330, 0x00000158ec6e6cd0, 0x00000158ec6e8010, 0x00000158ec6e8e80,
0x00000158ec6e54c0, 0x00000158ec6e7670, 0x00000158ec6e9cf0, 0x00000158ec6e9350,
0x00000158eb91b190, 0x00000158ec843a00, 0x00000158ec848700, 0x00000158ec843060,
0x00000158ec847890, 0x00000158ec848230, 0x00000158ec843530, 0x00000158ec849f10,
0x00000158ec846550, 0x00000158ec844870, 0x00000158ec849570, 0x00000158ec846a20,
0x00000158ec843ed0, 0x00000158ec84a3e0
}

Java Threads: ( => current thread )
=>0x00000158b8a73420 JavaThread "main" [_thread_in_native, id=8272, stack(0x000000040b700000,0x000000040b800000)]
  0x00000158dbf8b370 JavaThread "Reference Handler" daemon [_thread_blocked, id=8284, stack(0x000000040be00000,0x000000040bf00000)]
  0x00000158dbf8d6a0 JavaThread "Finalizer" daemon [_thread_blocked, id=23960, stack(0x000000040bf00000,0x000000040c000000)]
  0x00000158dbfa4230 JavaThread "Signal Dispatcher" daemon [_thread_blocked, id=20620, stack(0x000000040c000000,0x000000040c100000)]
  0x00000158dbfa4af0 JavaThread "Attach Listener" daemon [_thread_blocked, id=25440, stack(0x000000040c100000,0x000000040c200000)]
  0x00000158dbfa57c0 JavaThread "Service Thread" daemon [_thread_blocked, id=23516, stack(0x000000040c200000,0x000000040c300000)]
  0x00000158dbfa6820 JavaThread "Monitor Deflation Thread" daemon [_thread_blocked, id=18040, stack(0x000000040c300000,0x000000040c400000)]
  0x00000158dbfa8400 JavaThread "C2 CompilerThread0" daemon [_thread_blocked, id=24280, stack(0x000000040c400000,0x000000040c500000)]
  0x00000158dc908ce0 JavaThread "C1 CompilerThread0" daemon [_thread_blocked, id=10588, stack(0x000000040c500000,0x000000040c600000)]
  0x00000158dbfae4c0 JavaThread "Sweeper thread" daemon [_thread_blocked, id=26772, stack(0x000000040c600000,0x000000040c700000)]
  0x00000158dca4cd80 JavaThread "Notification Thread" daemon [_thread_blocked, id=24488, stack(0x000000040c800000,0x000000040c900000)]
  0x00000158dca5a4b0 JavaThread "Common-Cleaner" daemon [_thread_blocked, id=11116, stack(0x000000040ca00000,0x000000040cb00000)]
  0x00000158dd2a0c60 JavaThread "LWJGL3 Timer" daemon [_thread_blocked, id=10784, stack(0x000000040d400000,0x000000040d500000)]
  0x00000158ec425f90 JavaThread "LWJGL3 Timer" daemon [_thread_blocked, id=18196, stack(0x000000040e200000,0x000000040e300000)]
  0x00000158eb90e020 JavaThread "Java Sound Event Dispatcher" daemon [_thread_blocked, id=27612, stack(0x000000040e700000,0x000000040e800000)]
  0x00000158e7a6df40 JavaThread "Direct Clip" daemon [_thread_blocked, id=25876, stack(0x000000040ea00000,0x000000040eb00000)]
  0x00000158ec751590 JavaThread "Direct Clip" daemon [_thread_blocked, id=25232, stack(0x000000040ec00000,0x000000040ed00000)]
  0x00000158eb91bb30 JavaThread "Direct Clip" daemon [_thread_blocked, id=19624, stack(0x000000040da00000,0x000000040db00000)]
  0x00000158eb91a7f0 JavaThread "Direct Clip" daemon [_thread_blocked, id=6884, stack(0x000000040e100000,0x000000040e200000)]
  0x00000158eb91acc0 JavaThread "Direct Clip" daemon [_thread_blocked, id=16540, stack(0x000000040df00000,0x000000040e000000)]
  0x00000158eb91b660 JavaThread "Direct Clip" daemon [_thread_blocked, id=17520, stack(0x000000040e000000,0x000000040e100000)]
  0x00000158eb91c000 JavaThread "Direct Clip" daemon [_thread_blocked, id=21528, stack(0x000000040e600000,0x000000040e700000)]
  0x00000158eb91c9a0 JavaThread "Direct Clip" daemon [_thread_blocked, id=12692, stack(0x000000040e300000,0x000000040e400000)]
  0x00000158eb91c4d0 JavaThread "Direct Clip" daemon [_thread_blocked, id=17228, stack(0x000000040f200000,0x000000040f300000)]
  0x00000158eb919980 JavaThread "Direct Clip" daemon [_thread_blocked, id=3644, stack(0x000000040f300000,0x000000040f400000)]
  0x00000158eb91a320 JavaThread "Direct Clip" daemon [_thread_blocked, id=2536, stack(0x000000040f400000,0x000000040f500000)]
  0x00000158eb9194b0 JavaThread "Direct Clip" daemon [_thread_blocked, id=5584, stack(0x000000040f500000,0x000000040f600000)]
  0x00000158ec6eb030 JavaThread "Direct Clip" daemon [_thread_blocked, id=6628, stack(0x000000040f700000,0x000000040f800000)]
  0x00000158ec6e4180 JavaThread "Direct Clip" daemon [_thread_blocked, id=25332, stack(0x000000040f600000,0x000000040f700000)]
  0x00000158ec6e37e0 JavaThread "Direct Clip" daemon [_thread_blocked, id=7124, stack(0x000000040f800000,0x000000040f900000)]
  0x00000158ec6e6800 JavaThread "Direct Clip" daemon [_thread_blocked, id=25056, stack(0x000000040f900000,0x000000040fa00000)]
  0x00000158ec6e9820 JavaThread "Direct Clip" daemon [_thread_blocked, id=2564, stack(0x000000040fb00000,0x000000040fc00000)]
  0x00000158ec6e3cb0 JavaThread "Direct Clip" daemon [_thread_blocked, id=27512, stack(0x000000040fc00000,0x000000040fd00000)]
  0x00000158ec6eab60 JavaThread "Direct Clip" daemon [_thread_blocked, id=24284, stack(0x000000040fd00000,0x000000040fe00000)]
  0x00000158ec6e4ff0 JavaThread "Direct Clip" daemon [_thread_blocked, id=24324, stack(0x000000040fe00000,0x000000040ff00000)]
  0x00000158ec6e84e0 JavaThread "Direct Clip" daemon [_thread_blocked, id=27352, stack(0x000000040ff00000,0x0000000410000000)]
  0x00000158ec6e5990 JavaThread "Direct Clip" daemon [_thread_blocked, id=22120, stack(0x0000000410000000,0x0000000410100000)]
  0x00000158ec6e4b20 JavaThread "Direct Clip" daemon [_thread_blocked, id=18264, stack(0x0000000410100000,0x0000000410200000)]
  0x00000158ec6e4650 JavaThread "Direct Clip" daemon [_thread_blocked, id=3840, stack(0x0000000410400000,0x0000000410500000)]
  0x00000158ec6e5e60 JavaThread "Direct Clip" daemon [_thread_blocked, id=5880, stack(0x0000000410500000,0x0000000410600000)]
  0x00000158ec6ea1c0 JavaThread "Direct Clip" daemon [_thread_blocked, id=10272, stack(0x0000000410600000,0x0000000410700000)]
  0x00000158ec6e7b40 JavaThread "Direct Clip" daemon [_thread_blocked, id=4736, stack(0x0000000410700000,0x0000000410800000)]
  0x00000158ec6e89b0 JavaThread "Direct Clip" daemon [_thread_blocked, id=2600, stack(0x0000000410800000,0x0000000410900000)]
  0x00000158ec6ea690 JavaThread "Direct Clip" daemon [_thread_blocked, id=23180, stack(0x0000000410900000,0x0000000410a00000)]
  0x00000158ec6e6330 JavaThread "Direct Clip" daemon [_thread_blocked, id=21400, stack(0x0000000410a00000,0x0000000410b00000)]
  0x00000158ec6e6cd0 JavaThread "Direct Clip" daemon [_thread_blocked, id=17036, stack(0x0000000410b00000,0x0000000410c00000)]
  0x00000158ec6e8010 JavaThread "Direct Clip" daemon [_thread_blocked, id=3260, stack(0x0000000410c00000,0x0000000410d00000)]
  0x00000158ec6e8e80 JavaThread "Direct Clip" daemon [_thread_blocked, id=18048, stack(0x0000000410d00000,0x0000000410e00000)]
  0x00000158ec6e54c0 JavaThread "Direct Clip" daemon [_thread_blocked, id=1704, stack(0x0000000410e00000,0x0000000410f00000)]
  0x00000158ec6e7670 JavaThread "Direct Clip" daemon [_thread_blocked, id=26764, stack(0x0000000410f00000,0x0000000411000000)]
  0x00000158ec6e9cf0 JavaThread "Direct Clip" daemon [_thread_blocked, id=19764, stack(0x0000000411000000,0x0000000411100000)]
  0x00000158ec6e9350 JavaThread "Direct Clip" daemon [_thread_blocked, id=7840, stack(0x0000000411100000,0x0000000411200000)]
  0x00000158eb91b190 JavaThread "Direct Clip" daemon [_thread_blocked, id=13016, stack(0x0000000411200000,0x0000000411300000)]
  0x00000158ec843a00 JavaThread "Direct Clip" daemon [_thread_blocked, id=14492, stack(0x0000000411300000,0x0000000411400000)]
  0x00000158ec848700 JavaThread "Direct Clip" daemon [_thread_blocked, id=21604, stack(0x000000040b500000,0x000000040b600000)]
  0x00000158ec843060 JavaThread "Direct Clip" daemon [_thread_blocked, id=3868, stack(0x000000040b600000,0x000000040b700000)]
  0x00000158ec847890 JavaThread "Direct Clip" daemon [_thread_blocked, id=21748, stack(0x000000040c700000,0x000000040c800000)]
  0x00000158ec848230 JavaThread "Direct Clip" daemon [_thread_blocked, id=17676, stack(0x0000000411400000,0x0000000411500000)]
  0x00000158ec843530 JavaThread "Direct Clip" daemon [_thread_blocked, id=18832, stack(0x0000000411500000,0x0000000411600000)]
  0x00000158ec849f10 JavaThread "Direct Clip" daemon [_thread_blocked, id=22268, stack(0x0000000411600000,0x0000000411700000)]
  0x00000158ec846550 JavaThread "Direct Clip" daemon [_thread_blocked, id=21192, stack(0x0000000411700000,0x0000000411800000)]
  0x00000158ec844870 JavaThread "Direct Clip" daemon [_thread_blocked, id=15652, stack(0x0000000411900000,0x0000000411a00000)]
  0x00000158ec849570 JavaThread "Direct Clip" daemon [_thread_blocked, id=1352, stack(0x0000000411a00000,0x0000000411b00000)]
  0x00000158ec846a20 JavaThread "Direct Clip" daemon [_thread_blocked, id=3760, stack(0x0000000411b00000,0x0000000411c00000)]
  0x00000158ec843ed0 JavaThread "Direct Clip" daemon [_thread_blocked, id=22420, stack(0x0000000411800000,0x0000000411900000)]
  0x00000158ec84a3e0 JavaThread "Direct Clip" daemon [_thread_blocked, id=10276, stack(0x0000000411c00000,0x0000000411d00000)]

Other Threads:
  0x00000158dbf821a0 VMThread "VM Thread" [stack: 0x000000040bd00000,0x000000040be00000] [id=25360]
  0x00000158dca4d250 WatcherThread [stack: 0x000000040c900000,0x000000040ca00000] [id=25980]
  0x00000158b8acbb60 GCTaskThread "GC Thread#0" [stack: 0x000000040b800000,0x000000040b900000] [id=26108]
  0x00000158e041fa50 GCTaskThread "GC Thread#1" [stack: 0x000000040d300000,0x000000040d400000] [id=13208]
  0x00000158e041da10 GCTaskThread "GC Thread#2" [stack: 0x000000040d500000,0x000000040d600000] [id=21692]
  0x00000158e041ea30 GCTaskThread "GC Thread#3" [stack: 0x000000040d600000,0x000000040d700000] [id=26024]
  0x00000158e04207c0 GCTaskThread "GC Thread#4" [stack: 0x000000040d700000,0x000000040d800000] [id=16076]
  0x00000158e041f7a0 GCTaskThread "GC Thread#5" [stack: 0x000000040d800000,0x000000040d900000] [id=23092]
  0x00000158e041ffb0 GCTaskThread "GC Thread#6" [stack: 0x000000040d900000,0x000000040da00000] [id=14208]
  0x00000158e789e590 GCTaskThread "GC Thread#7" [stack: 0x000000040ed00000,0x000000040ee00000] [id=18016]
  0x00000158e78a0070 GCTaskThread "GC Thread#8" [stack: 0x000000040fa00000,0x000000040fb00000] [id=25016]
  0x00000158b8ade3d0 ConcurrentGCThread "G1 Main Marker" [stack: 0x000000040b900000,0x000000040ba00000] [id=308]
  0x00000158b8adf490 ConcurrentGCThread "G1 Conc#0" [stack: 0x000000040ba00000,0x000000040bb00000] [id=6100]
  0x00000158e78a0320 ConcurrentGCThread "G1 Conc#1" [stack: 0x0000000410200000,0x0000000410300000] [id=7300]
  0x00000158e78a05d0 ConcurrentGCThread "G1 Conc#2" [stack: 0x0000000410300000,0x0000000410400000] [id=26180]
  0x00000158dbe244e0 ConcurrentGCThread "G1 Refine#0" [stack: 0x000000040bb00000,0x000000040bc00000] [id=11280]
  0x00000158ebd6ad50 ConcurrentGCThread "G1 Refine#1" [stack: 0x000000040ee00000,0x000000040ef00000] [id=22196]
  0x00000158e7e2ecf0 ConcurrentGCThread "G1 Refine#2" [stack: 0x000000040ef00000,0x000000040f000000] [id=22324]
  0x00000158ebc53ca0 ConcurrentGCThread "G1 Refine#3" [stack: 0x000000040f000000,0x000000040f100000] [id=15796]
  0x00000158eda0e900 ConcurrentGCThread "G1 Refine#4" [stack: 0x000000040f100000,0x000000040f200000] [id=5512]
  0x00000158b8b4d610 ConcurrentGCThread "G1 Service" [stack: 0x000000040bc00000,0x000000040bd00000] [id=10200]

Threads with active compile tasks:

VM state: not at safepoint (normal execution)

VM Mutex/Monitor currently owned by a thread: None

Heap address: 0x000000070a000000, size: 3936 MB, Compressed Oops mode: Zero based, Oop shift amount: 3

CDS archive(s) mapped at: [0x0000000800000000-0x0000000800bc0000-0x0000000800bc0000), size 12320768, SharedBaseAddress: 0x0000000800000000, ArchiveRelocationMode: 0.
Compressed class space mapped at: 0x0000000800c00000-0x0000000840c00000, reserved size: 1073741824
Narrow klass base: 0x0000000800000000, Narrow klass shift: 0, Narrow klass range: 0x100000000

GC Precious Log:
 CPUs: 16 total, 16 available
 Memory: 15741M
 Large Page Support: Disabled
 NUMA Support: Disabled
 Compressed Oops: Enabled (Zero based)
 Heap Region Size: 2M
 Heap Min Capacity: 8M
 Heap Initial Capacity: 246M
 Heap Max Capacity: 3936M
 Pre-touch: Disabled
 Parallel Workers: 13
 Concurrent Workers: 3
 Concurrent Refinement Workers: 13
 Periodic GC: Disabled

Heap:
 garbage-first heap   total 157696K, used 90172K [0x000000070a000000, 0x0000000800000000)
  region size 2048K, 15 young (30720K), 2 survivors (4096K)
 Metaspace       used 10528K, committed 10688K, reserved 1064960K
  class space    used 742K, committed 832K, reserved 1048576K

Heap Regions: E=young(eden), S=young(survivor), O=old, HS=humongous(starts), HC=humongous(continues), CS=collection set, F=free, OA=open archive, CA=closed archive, TAMS=top-at-mark-start (previous, next)
|   0|0x000000070a000000, 0x000000070a200000, 0x000000070a200000|100%| O|  |TAMS 0x000000070a200000, 0x000000070a000000| Untracked 
|   1|0x000000070a200000, 0x000000070a200000, 0x000000070a400000|  0%| F|  |TAMS 0x000000070a200000, 0x000000070a200000| Untracked 
|   2|0x000000070a400000, 0x000000070a400000, 0x000000070a600000|  0%| F|  |TAMS 0x000000070a400000, 0x000000070a400000| Untracked 
|   3|0x000000070a600000, 0x000000070a600000, 0x000000070a800000|  0%| F|  |TAMS 0x000000070a600000, 0x000000070a600000| Untracked 
|   4|0x000000070a800000, 0x000000070aa00000, 0x000000070aa00000|100%|HS|  |TAMS 0x000000070aa00000, 0x000000070a800000| Complete 
|   5|0x000000070aa00000, 0x000000070ac00000, 0x000000070ac00000|100%|HS|  |TAMS 0x000000070ac00000, 0x000000070aa00000| Complete 
|   6|0x000000070ac00000, 0x000000070ac00000, 0x000000070ae00000|  0%| F|  |TAMS 0x000000070ac00000, 0x000000070ac00000| Untracked 
|   7|0x000000070ae00000, 0x000000070b000000, 0x000000070b000000|100%| O|  |TAMS 0x000000070b000000, 0x000000070ae00000| Untracked 
|   8|0x000000070b000000, 0x000000070b200000, 0x000000070b200000|100%| O|  |TAMS 0x000000070b200000, 0x000000070b000000| Untracked 
|   9|0x000000070b200000, 0x000000070b400000, 0x000000070b400000|100%| O|  |TAMS 0x000000070b400000, 0x000000070b200000| Untracked 
|  10|0x000000070b400000, 0x000000070b600000, 0x000000070b600000|100%| O|  |TAMS 0x000000070b600000, 0x000000070b400000| Untracked 
|  11|0x000000070b600000, 0x000000070b800000, 0x000000070b800000|100%| O|  |TAMS 0x000000070b800000, 0x000000070b600000| Untracked 
|  12|0x000000070b800000, 0x000000070ba00000, 0x000000070ba00000|100%| O|  |TAMS 0x000000070ba00000, 0x000000070b800000| Untracked 
|  13|0x000000070ba00000, 0x000000070bc00000, 0x000000070bc00000|100%| O|  |TAMS 0x000000070bc00000, 0x000000070ba00000| Untracked 
|  14|0x000000070bc00000, 0x000000070be00000, 0x000000070be00000|100%| O|  |TAMS 0x000000070be00000, 0x000000070bc00000| Untracked 
|  15|0x000000070be00000, 0x000000070be00000, 0x000000070c000000|  0%| F|  |TAMS 0x000000070be00000, 0x000000070be00000| Untracked 
|  16|0x000000070c000000, 0x000000070c200000, 0x000000070c200000|100%|HS|  |TAMS 0x000000070c200000, 0x000000070c000000| Complete 
|  17|0x000000070c200000, 0x000000070c200000, 0x000000070c400000|  0%| F|  |TAMS 0x000000070c200000, 0x000000070c200000| Untracked 
|  18|0x000000070c400000, 0x000000070c600000, 0x000000070c600000|100%| O|  |TAMS 0x000000070c600000, 0x000000070c400000| Untracked 
|  19|0x000000070c600000, 0x000000070c600000, 0x000000070c800000|  0%| F|  |TAMS 0x000000070c600000, 0x000000070c600000| Untracked 
|  20|0x000000070c800000, 0x000000070ca00000, 0x000000070ca00000|100%| O|  |TAMS 0x000000070ca00000, 0x000000070c800000| Untracked 
|  21|0x000000070ca00000, 0x000000070cc00000, 0x000000070cc00000|100%| O|  |TAMS 0x000000070cc00000, 0x000000070ca00000| Untracked 
|  22|0x000000070cc00000, 0x000000070ce00000, 0x000000070ce00000|100%| O|  |TAMS 0x000000070ce00000, 0x000000070cc00000| Untracked 
|  23|0x000000070ce00000, 0x000000070cf0ba00, 0x000000070d000000| 52%| O|  |TAMS 0x000000070cf0ba00, 0x000000070ce00000| Untracked 
|  24|0x000000070d000000, 0x000000070d200000, 0x000000070d200000|100%| O|  |TAMS 0x000000070d200000, 0x000000070d000000| Untracked 
|  25|0x000000070d200000, 0x000000070d400000, 0x000000070d400000|100%| O|  |TAMS 0x000000070d400000, 0x000000070d200000| Untracked 
|  26|0x000000070d400000, 0x000000070d600000, 0x000000070d600000|100%| O|  |TAMS 0x000000070d600000, 0x000000070d400000| Untracked 
|  27|0x000000070d600000, 0x000000070d800000, 0x000000070d800000|100%| O|  |TAMS 0x000000070d800000, 0x000000070d600000| Untracked 
|  28|0x000000070d800000, 0x000000070da00000, 0x000000070da00000|100%| O|  |TAMS 0x000000070da00000, 0x000000070d800000| Untracked 
|  29|0x000000070da00000, 0x000000070dc00000, 0x000000070dc00000|100%|HS|  |TAMS 0x000000070da00000, 0x000000070da00000| Complete 
|  30|0x000000070dc00000, 0x000000070de00000, 0x000000070de00000|100%|HS|  |TAMS 0x000000070dc00000, 0x000000070dc00000| Complete 
|  31|0x000000070de00000, 0x000000070e000000, 0x000000070e000000|100%|HS|  |TAMS 0x000000070de00000, 0x000000070de00000| Complete 
|  32|0x000000070e000000, 0x000000070e000000, 0x000000070e200000|  0%| F|  |TAMS 0x000000070e000000, 0x000000070e000000| Untracked 
|  33|0x000000070e200000, 0x000000070e200000, 0x000000070e400000|  0%| F|  |TAMS 0x000000070e200000, 0x000000070e200000| Untracked 
|  34|0x000000070e400000, 0x000000070e400000, 0x000000070e600000|  0%| F|  |TAMS 0x000000070e400000, 0x000000070e400000| Untracked 
|  35|0x000000070e600000, 0x000000070e600000, 0x000000070e800000|  0%| F|  |TAMS 0x000000070e600000, 0x000000070e600000| Untracked 
|  36|0x000000070e800000, 0x000000070e800000, 0x000000070ea00000|  0%| F|  |TAMS 0x000000070e800000, 0x000000070e800000| Untracked 
|  37|0x000000070ea00000, 0x000000070ea00000, 0x000000070ec00000|  0%| F|  |TAMS 0x000000070ea00000, 0x000000070ea00000| Untracked 
|  38|0x000000070ec00000, 0x000000070ec00000, 0x000000070ee00000|  0%| F|  |TAMS 0x000000070ec00000, 0x000000070ec00000| Untracked 
|  39|0x000000070ee00000, 0x000000070ee00000, 0x000000070f000000|  0%| F|  |TAMS 0x000000070ee00000, 0x000000070ee00000| Untracked 
|  40|0x000000070f000000, 0x000000070f000000, 0x000000070f200000|  0%| F|  |TAMS 0x000000070f000000, 0x000000070f000000| Untracked 
|  41|0x000000070f200000, 0x000000070f200000, 0x000000070f400000|  0%| F|  |TAMS 0x000000070f200000, 0x000000070f200000| Untracked 
|  42|0x000000070f400000, 0x000000070f400000, 0x000000070f600000|  0%| F|  |TAMS 0x000000070f400000, 0x000000070f400000| Untracked 
|  43|0x000000070f600000, 0x000000070f600000, 0x000000070f800000|  0%| F|  |TAMS 0x000000070f600000, 0x000000070f600000| Untracked 
|  44|0x000000070f800000, 0x000000070fa00000, 0x000000070fa00000|100%| O|  |TAMS 0x000000070fa00000, 0x000000070f800000| Untracked 
|  45|0x000000070fa00000, 0x000000070fc00000, 0x000000070fc00000|100%| O|  |TAMS 0x000000070fc00000, 0x000000070fa00000| Untracked 
|  46|0x000000070fc00000, 0x000000070fd10c00, 0x000000070fe00000| 53%| O|  |TAMS 0x000000070fd10c00, 0x000000070fc00000| Untracked 
|  47|0x000000070fe00000, 0x000000070fe00000, 0x0000000710000000|  0%| F|  |TAMS 0x000000070fe00000, 0x000000070fe00000| Untracked 
|  48|0x0000000710000000, 0x0000000710000000, 0x0000000710200000|  0%| F|  |TAMS 0x0000000710000000, 0x0000000710000000| Untracked 
|  49|0x0000000710200000, 0x0000000710200000, 0x0000000710400000|  0%| F|  |TAMS 0x0000000710200000, 0x0000000710200000| Untracked 
|  50|0x0000000710400000, 0x0000000710400000, 0x0000000710600000|  0%| F|  |TAMS 0x0000000710400000, 0x0000000710400000| Untracked 
|  51|0x0000000710600000, 0x0000000710600000, 0x0000000710800000|  0%| F|  |TAMS 0x0000000710600000, 0x0000000710600000| Untracked 
|  52|0x0000000710800000, 0x0000000710800000, 0x0000000710a00000|  0%| F|  |TAMS 0x0000000710800000, 0x0000000710800000| Untracked 
|  53|0x0000000710a00000, 0x0000000710a00000, 0x0000000710c00000|  0%| F|  |TAMS 0x0000000710a00000, 0x0000000710a00000| Untracked 
|  54|0x0000000710c00000, 0x0000000710c00000, 0x0000000710e00000|  0%| F|  |TAMS 0x0000000710c00000, 0x0000000710c00000| Untracked 
|  55|0x0000000710e00000, 0x0000000710e00000, 0x0000000711000000|  0%| F|  |TAMS 0x0000000710e00000, 0x0000000710e00000| Untracked 
|  56|0x0000000711000000, 0x0000000711000000, 0x0000000711200000|  0%| F|  |TAMS 0x0000000711000000, 0x0000000711000000| Untracked 
|  57|0x0000000711200000, 0x0000000711200000, 0x0000000711400000|  0%| F|  |TAMS 0x0000000711200000, 0x0000000711200000| Untracked 
|  58|0x0000000711400000, 0x0000000711400000, 0x0000000711600000|  0%| F|  |TAMS 0x0000000711400000, 0x0000000711400000| Untracked 
|  59|0x0000000711600000, 0x0000000711800000, 0x0000000711800000|100%| O|  |TAMS 0x0000000711800000, 0x0000000711600000| Untracked 
|  60|0x0000000711800000, 0x0000000711a00000, 0x0000000711a00000|100%| O|  |TAMS 0x0000000711a00000, 0x0000000711800000| Untracked 
|  61|0x0000000711a00000, 0x0000000711c00000, 0x0000000711c00000|100%| O|  |TAMS 0x0000000711c00000, 0x0000000711a00000| Untracked 
|  62|0x0000000711c00000, 0x0000000711d05a28, 0x0000000711e00000| 51%| E|  |TAMS 0x0000000711c00000, 0x0000000711c00000| Complete 
|  63|0x0000000711e00000, 0x0000000712000000, 0x0000000712000000|100%| E|CS|TAMS 0x0000000711e00000, 0x0000000711e00000| Complete 
|  64|0x0000000712000000, 0x0000000712200000, 0x0000000712200000|100%| E|CS|TAMS 0x0000000712000000, 0x0000000712000000| Complete 
|  65|0x0000000712200000, 0x0000000712400000, 0x0000000712400000|100%| E|CS|TAMS 0x0000000712200000, 0x0000000712200000| Complete 
|  66|0x0000000712400000, 0x0000000712600000, 0x0000000712600000|100%| E|CS|TAMS 0x0000000712400000, 0x0000000712400000| Complete 
|  67|0x0000000712600000, 0x00000007127f2c88, 0x0000000712800000| 97%| S|CS|TAMS 0x0000000712600000, 0x0000000712600000| Complete 
|  68|0x0000000712800000, 0x0000000712a00000, 0x0000000712a00000|100%| S|CS|TAMS 0x0000000712800000, 0x0000000712800000| Complete 
|  69|0x0000000712a00000, 0x0000000712c00000, 0x0000000712c00000|100%| E|CS|TAMS 0x0000000712a00000, 0x0000000712a00000| Complete 
|  70|0x0000000712c00000, 0x0000000712e00000, 0x0000000712e00000|100%| E|CS|TAMS 0x0000000712c00000, 0x0000000712c00000| Complete 
|  71|0x0000000712e00000, 0x0000000713000000, 0x0000000713000000|100%| E|CS|TAMS 0x0000000712e00000, 0x0000000712e00000| Complete 
|  72|0x0000000713000000, 0x0000000713200000, 0x0000000713200000|100%| E|CS|TAMS 0x0000000713000000, 0x0000000713000000| Complete 
| 119|0x0000000718e00000, 0x0000000719000000, 0x0000000719000000|100%| E|CS|TAMS 0x0000000718e00000, 0x0000000718e00000| Complete 
| 120|0x0000000719000000, 0x0000000719200000, 0x0000000719200000|100%| E|CS|TAMS 0x0000000719000000, 0x0000000719000000| Complete 
| 121|0x0000000719200000, 0x0000000719400000, 0x0000000719400000|100%| E|CS|TAMS 0x0000000719200000, 0x0000000719200000| Complete 
| 123|0x0000000719600000, 0x0000000719800000, 0x0000000719800000|100%| E|CS|TAMS 0x0000000719600000, 0x0000000719600000| Complete 

Card table byte_map: [0x00000158d0570000,0x00000158d0d20000] _byte_map_base: 0x00000158ccd20000

Marking Bits (Prev, Next): (CMBitMap*) 0x00000158b8ace4a0, (CMBitMap*) 0x00000158b8ace4e0
 Prev Bits: [0x00000158d14d0000, 0x00000158d5250000)
 Next Bits: [0x00000158d5250000, 0x00000158d8fd0000)

Polling page: 0x00000158b6a40000

Metaspace:

Usage:
  Non-class:      9.56 MB used.
      Class:    742.73 KB used.
       Both:     10.28 MB used.

Virtual space:
  Non-class space:       16.00 MB reserved,       9.62 MB ( 60%) committed,  2 nodes.
      Class space:        1.00 GB reserved,     832.00 KB ( <1%) committed,  1 nodes.
             Both:        1.02 GB reserved,      10.44 MB (  1%) committed. 

Chunk freelists:
   Non-Class:  608.00 KB
       Class:  3.16 MB
        Both:  3.76 MB

MaxMetaspaceSize: unlimited
CompressedClassSpaceSize: 1.00 GB
Initial GC threshold: 21.00 MB
Current GC threshold: 21.00 MB
CDS: on
MetaspaceReclaimPolicy: balanced
 - commit_granule_bytes: 65536.
 - commit_granule_words: 8192.
 - virtual_space_node_default_size: 1048576.
 - enlarge_chunks_in_place: 1.
 - new_chunks_are_fully_committed: 0.
 - uncommit_free_chunks: 1.
 - use_allocation_guard: 0.
 - handle_deallocations: 1.


Internal statistics:

num_allocs_failed_limit: 0.
num_arena_births: 60.
num_arena_deaths: 0.
num_vsnodes_births: 3.
num_vsnodes_deaths: 0.
num_space_committed: 165.
num_space_uncommitted: 0.
num_chunks_returned_to_freelist: 0.
num_chunks_taken_from_freelist: 348.
num_chunk_merges: 0.
num_chunk_splits: 286.
num_chunks_enlarged: 252.
num_purges: 0.
num_inconsistent_stats: 0.

CodeHeap 'non-profiled nmethods': size=119168Kb used=2483Kb max_used=2483Kb free=116684Kb
 bounds [0x00000158c80e0000, 0x00000158c8350000, 0x00000158cf540000]
CodeHeap 'profiled nmethods': size=119104Kb used=4729Kb max_used=4729Kb free=114374Kb
 bounds [0x00000158c0c90000, 0x00000158c1130000, 0x00000158c80e0000]
CodeHeap 'non-nmethods': size=7488Kb used=1663Kb max_used=3403Kb free=5824Kb
 bounds [0x00000158c0540000, 0x00000158c08a0000, 0x00000158c0c90000]
 total_blobs=3730 nmethods=2620 adapters=1023
 compilation: enabled
              stopped_count=0, restarted_count=0
 full_count=0

Compilation events (20 events):
Event: 65.330 Thread 0x00000158e0807050 nmethod 2620 0x00000158c1128490 code [0x00000158c11286a0, 0x00000158c1128d58]
Event: 65.331 Thread 0x00000158dc908ce0 nmethod 2619 0x00000158c1129010 code [0x00000158c1129300, 0x00000158c112a598]
Event: 67.627 Thread 0x00000158dc908ce0 2621       3       org.lwjgl.glfw.GLFWKeyCallbackI::callback (27 bytes)
Event: 67.628 Thread 0x00000158dc908ce0 nmethod 2621 0x00000158c112ab10 code [0x00000158c112adc0, 0x00000158c112ba08]
Event: 67.628 Thread 0x00000158dc908ce0 2622       3       com.badlogic.gdx.backends.lwjgl3.DefaultLwjgl3Input$1::invoke (16 bytes)
Event: 67.628 Thread 0x00000158dc908ce0 nmethod 2622 0x00000158c112be90 code [0x00000158c112c040, 0x00000158c112c1a8]
Event: 67.628 Thread 0x00000158dc908ce0 2623       3       com.badlogic.gdx.backends.lwjgl3.DefaultLwjgl3Input::keyCallback (196 bytes)
Event: 67.629 Thread 0x00000158dc908ce0 nmethod 2623 0x00000158c112c290 code [0x00000158c112c620, 0x00000158c112db18]
Event: 70.405 Thread 0x00000158dbfa8400 2624       4       com.badlogic.gdx.graphics.glutils.VertexArray::bind (347 bytes)
Event: 70.421 Thread 0x00000158dbfa8400 nmethod 2624 0x00000158c8349990 code [0x00000158c8349bc0, 0x00000158c834ad28]
Event: 71.021 Thread 0x00000158dbfa8400 2625       4       java.lang.AbstractStringBuilder::checkRange (63 bytes)
Event: 71.021 Thread 0x00000158dbfa8400 nmethod 2625 0x00000158c834bb90 code [0x00000158c834bd00, 0x00000158c834bdb8]
Event: 72.896 Thread 0x00000158dc908ce0 2626       1       java.lang.Thread::isDaemon (5 bytes)
Event: 72.897 Thread 0x00000158dc908ce0 nmethod 2626 0x00000158c834be90 code [0x00000158c834c020, 0x00000158c834c0f8]
Event: 72.897 Thread 0x00000158dc908ce0 2627       1       java.lang.Thread::getPriority (5 bytes)
Event: 72.897 Thread 0x00000158dc908ce0 nmethod 2627 0x00000158c834c190 code [0x00000158c834c320, 0x00000158c834c3f8]
Event: 74.729 Thread 0x00000158dbfa8400 2628       4       com.badlogic.gdx.backends.lwjgl3.DefaultLwjgl3Input::prepareNext (83 bytes)
Event: 74.737 Thread 0x00000158dbfa8400 nmethod 2628 0x00000158c834c490 code [0x00000158c834c620, 0x00000158c834c978]
Event: 74.881 Thread 0x00000158dbfa8400 2629       4       org.lwjgl.system.Checks::check (16 bytes)
Event: 74.881 Thread 0x00000158dbfa8400 nmethod 2629 0x00000158c834ca90 code [0x00000158c834cc00, 0x00000158c834cc98]

GC Heap History (20 events):
Event: 46.271 GC heap before
{Heap before GC invocations=9 (full 0):
 garbage-first heap   total 157696K, used 80963K [0x000000070a000000, 0x0000000800000000)
  region size 2048K, 6 young (12288K), 5 survivors (10240K)
 Metaspace       used 10471K, committed 10688K, reserved 1064960K
  class space    used 741K, committed 832K, reserved 1048576K
}
Event: 46.273 GC heap after
{Heap after GC invocations=10 (full 0):
 garbage-first heap   total 157696K, used 80934K [0x000000070a000000, 0x0000000800000000)
  region size 2048K, 3 young (6144K), 3 survivors (6144K)
 Metaspace       used 10471K, committed 10688K, reserved 1064960K
  class space    used 741K, committed 832K, reserved 1048576K
}
Event: 50.488 GC heap before
{Heap before GC invocations=11 (full 0):
 garbage-first heap   total 157696K, used 115750K [0x000000070a000000, 0x0000000800000000)
  region size 2048K, 26 young (53248K), 3 survivors (6144K)
 Metaspace       used 10485K, committed 10688K, reserved 1064960K
  class space    used 741K, committed 832K, reserved 1048576K
}
Event: 50.491 GC heap after
{Heap after GC invocations=12 (full 0):
 garbage-first heap   total 157696K, used 72079K [0x000000070a000000, 0x0000000800000000)
  region size 2048K, 4 young (8192K), 4 survivors (8192K)
 Metaspace       used 10485K, committed 10688K, reserved 1064960K
  class space    used 741K, committed 832K, reserved 1048576K
}
Event: 52.772 GC heap before
{Heap before GC invocations=12 (full 0):
 garbage-first heap   total 157696K, used 100751K [0x000000070a000000, 0x0000000800000000)
  region size 2048K, 17 young (34816K), 4 survivors (8192K)
 Metaspace       used 10485K, committed 10688K, reserved 1064960K
  class space    used 741K, committed 832K, reserved 1048576K
}
Event: 52.774 GC heap after
{Heap after GC invocations=13 (full 0):
 garbage-first heap   total 157696K, used 75758K [0x000000070a000000, 0x0000000800000000)
  region size 2048K, 2 young (4096K), 2 survivors (4096K)
 Metaspace       used 10485K, committed 10688K, reserved 1064960K
  class space    used 741K, committed 832K, reserved 1048576K
}
Event: 57.518 GC heap before
{Heap before GC invocations=14 (full 0):
 garbage-first heap   total 157696K, used 116718K [0x000000070a000000, 0x0000000800000000)
  region size 2048K, 28 young (57344K), 2 survivors (4096K)
 Metaspace       used 10487K, committed 10688K, reserved 1064960K
  class space    used 741K, committed 832K, reserved 1048576K
}
Event: 57.521 GC heap after
{Heap after GC invocations=15 (full 0):
 garbage-first heap   total 157696K, used 66224K [0x000000070a000000, 0x0000000800000000)
  region size 2048K, 3 young (6144K), 3 survivors (6144K)
 Metaspace       used 10487K, committed 10688K, reserved 1064960K
  class space    used 741K, committed 832K, reserved 1048576K
}
Event: 58.723 GC heap before
{Heap before GC invocations=15 (full 0):
 garbage-first heap   total 157696K, used 86704K [0x000000070a000000, 0x0000000800000000)
  region size 2048K, 10 young (20480K), 3 survivors (6144K)
 Metaspace       used 10487K, committed 10688K, reserved 1064960K
  class space    used 741K, committed 832K, reserved 1048576K
}
Event: 58.725 GC heap after
{Heap after GC invocations=16 (full 0):
 garbage-first heap   total 157696K, used 75289K [0x000000070a000000, 0x0000000800000000)
  region size 2048K, 2 young (4096K), 2 survivors (4096K)
 Metaspace       used 10487K, committed 10688K, reserved 1064960K
  class space    used 741K, committed 832K, reserved 1048576K
}
Event: 62.360 GC heap before
{Heap before GC invocations=17 (full 0):
 garbage-first heap   total 157696K, used 112153K [0x000000070a000000, 0x0000000800000000)
  region size 2048K, 23 young (47104K), 2 survivors (4096K)
 Metaspace       used 10505K, committed 10688K, reserved 1064960K
  class space    used 741K, committed 832K, reserved 1048576K
}
Event: 62.362 GC heap after
{Heap after GC invocations=18 (full 0):
 garbage-first heap   total 157696K, used 74125K [0x000000070a000000, 0x0000000800000000)
  region size 2048K, 4 young (8192K), 4 survivors (8192K)
 Metaspace       used 10505K, committed 10688K, reserved 1064960K
  class space    used 741K, committed 832K, reserved 1048576K
}
Event: 62.362 GC heap before
{Heap before GC invocations=18 (full 0):
 garbage-first heap   total 157696K, used 76173K [0x000000070a000000, 0x0000000800000000)
  region size 2048K, 5 young (10240K), 4 survivors (8192K)
 Metaspace       used 10505K, committed 10688K, reserved 1064960K
  class space    used 741K, committed 832K, reserved 1048576K
}
Event: 62.365 GC heap after
{Heap after GC invocations=19 (full 0):
 garbage-first heap   total 157696K, used 75665K [0x000000070a000000, 0x0000000800000000)
  region size 2048K, 2 young (4096K), 2 survivors (4096K)
 Metaspace       used 10505K, committed 10688K, reserved 1064960K
  class space    used 741K, committed 832K, reserved 1048576K
}
Event: 66.579 GC heap before
{Heap before GC invocations=20 (full 0):
 garbage-first heap   total 157696K, used 116625K [0x000000070a000000, 0x0000000800000000)
  region size 2048K, 26 young (53248K), 2 survivors (4096K)
 Metaspace       used 10515K, committed 10688K, reserved 1064960K
  class space    used 741K, committed 832K, reserved 1048576K
}
Event: 66.581 GC heap after
{Heap after GC invocations=21 (full 0):
 garbage-first heap   total 157696K, used 72649K [0x000000070a000000, 0x0000000800000000)
  region size 2048K, 4 young (8192K), 4 survivors (8192K)
 Metaspace       used 10515K, committed 10688K, reserved 1064960K
  class space    used 741K, committed 832K, reserved 1048576K
}
Event: 71.221 GC heap before
{Heap before GC invocations=21 (full 0):
 garbage-first heap   total 157696K, used 121801K [0x000000070a000000, 0x0000000800000000)
  region size 2048K, 29 young (59392K), 4 survivors (8192K)
 Metaspace       used 10522K, committed 10688K, reserved 1064960K
  class space    used 741K, committed 832K, reserved 1048576K
}
Event: 71.223 GC heap after
{Heap after GC invocations=22 (full 0):
 garbage-first heap   total 157696K, used 73914K [0x000000070a000000, 0x0000000800000000)
  region size 2048K, 3 young (6144K), 3 survivors (6144K)
 Metaspace       used 10522K, committed 10688K, reserved 1064960K
  class space    used 741K, committed 832K, reserved 1048576K
}
Event: 72.597 GC heap before
{Heap before GC invocations=22 (full 0):
 garbage-first heap   total 157696K, used 86202K [0x000000070a000000, 0x0000000800000000)
  region size 2048K, 11 young (22528K), 3 survivors (6144K)
 Metaspace       used 10522K, committed 10688K, reserved 1064960K
  class space    used 741K, committed 832K, reserved 1048576K
}
Event: 72.599 GC heap after
{Heap after GC invocations=23 (full 0):
 garbage-first heap   total 157696K, used 73788K [0x000000070a000000, 0x0000000800000000)
  region size 2048K, 2 young (4096K), 2 survivors (4096K)
 Metaspace       used 10522K, committed 10688K, reserved 1064960K
  class space    used 741K, committed 832K, reserved 1048576K
}

Deoptimization events (20 events):
Event: 39.068 Thread 0x00000158b8a73420 DEOPT PACKING pc=0x00000158c10f3008 sp=0x000000040b7fed50
Event: 39.068 Thread 0x00000158b8a73420 DEOPT UNPACKING pc=0x00000158c0592b43 sp=0x000000040b7fe228 mode 0
Event: 39.385 Thread 0x00000158b8a73420 Uncommon trap: trap_request=0xffffff45 fr.pc=0x00000158c8307250 relative=0x0000000000000e90
Event: 39.385 Thread 0x00000158b8a73420 Uncommon trap: reason=unstable_if action=reinterpret pc=0x00000158c8307250 method=com.badlogic.gdx.utils.TimSort.mergeHi(IIII)V @ 413 c2
Event: 39.385 Thread 0x00000158b8a73420 DEOPT PACKING pc=0x00000158c8307250 sp=0x000000040b7fece0
Event: 39.385 Thread 0x00000158b8a73420 DEOPT UNPACKING pc=0x00000158c05923a3 sp=0x000000040b7fece8 mode 2
Event: 39.437 Thread 0x00000158b8a73420 DEOPT PACKING pc=0x00000158c10f6091 sp=0x000000040b7fece0
Event: 39.437 Thread 0x00000158b8a73420 DEOPT UNPACKING pc=0x00000158c0592b43 sp=0x000000040b7fe1d8 mode 0
Event: 39.536 Thread 0x00000158b8a73420 DEOPT PACKING pc=0x00000158c10f6091 sp=0x000000040b7fece0
Event: 39.536 Thread 0x00000158b8a73420 DEOPT UNPACKING pc=0x00000158c0592b43 sp=0x000000040b7fe1d8 mode 0
Event: 39.641 Thread 0x00000158b8a73420 DEOPT PACKING pc=0x00000158c10f6091 sp=0x000000040b7fece0
Event: 39.641 Thread 0x00000158b8a73420 DEOPT UNPACKING pc=0x00000158c0592b43 sp=0x000000040b7fe1d8 mode 0
Event: 39.769 Thread 0x00000158b8a73420 DEOPT PACKING pc=0x00000158c10f6091 sp=0x000000040b7fed30
Event: 39.769 Thread 0x00000158b8a73420 DEOPT UNPACKING pc=0x00000158c0592b43 sp=0x000000040b7fe228 mode 0
Event: 39.869 Thread 0x00000158b8a73420 DEOPT PACKING pc=0x00000158c10f6091 sp=0x000000040b7fece0
Event: 39.869 Thread 0x00000158b8a73420 DEOPT UNPACKING pc=0x00000158c0592b43 sp=0x000000040b7fe1d8 mode 0
Event: 39.970 Thread 0x00000158b8a73420 DEOPT PACKING pc=0x00000158c10f6091 sp=0x000000040b7fece0
Event: 39.970 Thread 0x00000158b8a73420 DEOPT UNPACKING pc=0x00000158c0592b43 sp=0x000000040b7fe1d8 mode 0
Event: 43.320 Thread 0x00000158b8a73420 DEOPT PACKING pc=0x00000158c10d6622 sp=0x000000040b7fec60
Event: 43.320 Thread 0x00000158b8a73420 DEOPT UNPACKING pc=0x00000158c0592b43 sp=0x000000040b7fe1d0 mode 0

Classes unloaded (0 events):
No events

Classes redefined (0 events):
No events

Internal exceptions (20 events):
Event: 0.194 Thread 0x00000158b8a73420 Exception <a 'java/lang/NoSuchMethodError'{0x000000071916f630}: 'java.lang.Object java.lang.invoke.DirectMethodHandle$Holder.invokeStaticInit(java.lang.Object)'> (0x000000071916f630) 
thrown [e:\jenkins\tmp\workspace\build\src\src\hotspot\share\interpreter\linkResolver.cpp, line 766]
Event: 0.205 Thread 0x00000158b8a73420 Exception <a 'java/lang/NoSuchMethodError'{0x00000007191d11b8}: 'void java.lang.invoke.DirectMethodHandle$Holder.invokeStatic(java.lang.Object, java.lang.Object)'> (0x00000007191d11b8) 
thrown [e:\jenkins\tmp\workspace\build\src\src\hotspot\share\interpreter\linkResolver.cpp, line 766]
Event: 0.206 Thread 0x00000158b8a73420 Exception <a 'java/lang/NoSuchMethodError'{0x00000007191d6a00}: 'void java.lang.invoke.DirectMethodHandle$Holder.invokeSpecial(java.lang.Object, java.lang.Object, java.lang.Object)'> (0x00000007191d6a00) 
thrown [e:\jenkins\tmp\workspace\build\src\src\hotspot\share\interpreter\linkResolver.cpp, line 766]
Event: 0.209 Thread 0x00000158b8a73420 Exception <a 'java/lang/NoSuchMethodError'{0x00000007191ea028}: 'java.lang.Object java.lang.invoke.DirectMethodHandle$Holder.invokeStatic(java.lang.Object, java.lang.Object, int)'> (0x00000007191ea028) 
thrown [e:\jenkins\tmp\workspace\build\src\src\hotspot\share\interpreter\linkResolver.cpp, line 766]
Event: 0.211 Thread 0x00000158b8a73420 Exception <a 'java/lang/NoSuchMethodError'{0x00000007191f5d98}: 'void java.lang.invoke.DelegatingMethodHandle$Holder.delegate(java.lang.Object, java.lang.Object, int, java.lang.Object)'> (0x00000007191f5d98) 
thrown [e:\jenkins\tmp\workspace\build\src\src\hotspot\share\interpreter\linkResolver.cpp, line 766]
Event: 0.211 Thread 0x00000158b8a73420 Exception <a 'java/lang/NoSuchMethodError'{0x00000007191f9fd8}: 'int java.lang.invoke.DirectMethodHandle$Holder.invokeSpecial(java.lang.Object, java.lang.Object, java.lang.Object)'> (0x00000007191f9fd8) 
thrown [e:\jenkins\tmp\workspace\build\src\src\hotspot\share\interpreter\linkResolver.cpp, line 766]
Event: 0.242 Thread 0x00000158b8a73420 Exception <a 'sun/nio/fs/WindowsException'{0x0000000718ea0f90}> (0x0000000718ea0f90) 
thrown [e:\jenkins\tmp\workspace\build\src\src\hotspot\share\prims\jni.cpp, line 516]
Event: 0.242 Thread 0x00000158b8a73420 Exception <a 'sun/nio/fs/WindowsException'{0x0000000718ea14e8}> (0x0000000718ea14e8) 
thrown [e:\jenkins\tmp\workspace\build\src\src\hotspot\share\prims\jni.cpp, line 516]
Event: 0.264 Thread 0x00000158b8a73420 Exception <a 'sun/nio/fs/WindowsException'{0x0000000718f90778}> (0x0000000718f90778) 
thrown [e:\jenkins\tmp\workspace\build\src\src\hotspot\share\prims\jni.cpp, line 516]
Event: 0.264 Thread 0x00000158b8a73420 Exception <a 'sun/nio/fs/WindowsException'{0x0000000718f90b18}> (0x0000000718f90b18) 
thrown [e:\jenkins\tmp\workspace\build\src\src\hotspot\share\prims\jni.cpp, line 516]
Event: 0.281 Thread 0x00000158b8a73420 Exception <a 'sun/nio/fs/WindowsException'{0x0000000718c405a0}> (0x0000000718c405a0) 
thrown [e:\jenkins\tmp\workspace\build\src\src\hotspot\share\prims\jni.cpp, line 516]
Event: 0.281 Thread 0x00000158b8a73420 Exception <a 'sun/nio/fs/WindowsException'{0x0000000718c40910}> (0x0000000718c40910) 
thrown [e:\jenkins\tmp\workspace\build\src\src\hotspot\share\prims\jni.cpp, line 516]
Event: 0.321 Thread 0x00000158b8a73420 Exception <a 'sun/nio/fs/WindowsException'{0x0000000718cc6060}> (0x0000000718cc6060) 
thrown [e:\jenkins\tmp\workspace\build\src\src\hotspot\share\prims\jni.cpp, line 516]
Event: 0.321 Thread 0x00000158b8a73420 Exception <a 'sun/nio/fs/WindowsException'{0x0000000718cc63e8}> (0x0000000718cc63e8) 
thrown [e:\jenkins\tmp\workspace\build\src\src\hotspot\share\prims\jni.cpp, line 516]
Event: 0.587 Thread 0x00000158b8a73420 Exception <a 'sun/nio/fs/WindowsException'{0x0000000718aa9878}> (0x0000000718aa9878) 
thrown [e:\jenkins\tmp\workspace\build\src\src\hotspot\share\prims\jni.cpp, line 516]
Event: 0.587 Thread 0x00000158b8a73420 Exception <a 'sun/nio/fs/WindowsException'{0x0000000718aa9c28}> (0x0000000718aa9c28) 
thrown [e:\jenkins\tmp\workspace\build\src\src\hotspot\share\prims\jni.cpp, line 516]
Event: 0.590 Thread 0x00000158b8a73420 Exception <a 'sun/nio/fs/WindowsException'{0x0000000718ab5dc0}> (0x0000000718ab5dc0) 
thrown [e:\jenkins\tmp\workspace\build\src\src\hotspot\share\prims\jni.cpp, line 516]
Event: 0.590 Thread 0x00000158b8a73420 Exception <a 'sun/nio/fs/WindowsException'{0x0000000718ab60a8}> (0x0000000718ab60a8) 
thrown [e:\jenkins\tmp\workspace\build\src\src\hotspot\share\prims\jni.cpp, line 516]
Event: 4.273 Thread 0x00000158b8a73420 Implicit null exception at 0x00000158c81595bf to 0x00000158c815969c
Event: 4.793 Thread 0x00000158e7e2e820 Implicit null exception at 0x00000158c814fc5f to 0x00000158c814fd1c

VM Operations (20 events):
Event: 62.376 Executing VM operation: G1Concurrent
Event: 62.377 Executing VM operation: G1Concurrent done
Event: 62.382 Executing VM operation: G1Concurrent
Event: 62.382 Executing VM operation: G1Concurrent done
Event: 66.383 Executing VM operation: Cleanup
Event: 66.383 Executing VM operation: Cleanup done
Event: 66.579 Executing VM operation: G1CollectForAllocation
Event: 66.581 Executing VM operation: G1CollectForAllocation done
Event: 70.583 Executing VM operation: Cleanup
Event: 70.583 Executing VM operation: Cleanup done
Event: 71.221 Executing VM operation: G1CollectForAllocation
Event: 71.223 Executing VM operation: G1CollectForAllocation done
Event: 72.597 Executing VM operation: G1TryInitiateConcMark
Event: 72.599 Executing VM operation: G1TryInitiateConcMark done
Event: 72.613 Executing VM operation: G1Concurrent
Event: 72.615 Executing VM operation: G1Concurrent done
Event: 72.622 Executing VM operation: G1Concurrent
Event: 72.622 Executing VM operation: G1Concurrent done
Event: 74.623 Executing VM operation: Cleanup
Event: 74.623 Executing VM operation: Cleanup done

Events (20 events):
Event: 64.192 Thread 0x00000158ec848bd0 Thread added: 0x00000158ec848bd0
Event: 64.196 Thread 0x00000158ec846550 Thread added: 0x00000158ec846550
Event: 64.393 Thread 0x00000158ec84a3e0 Thread added: 0x00000158ec84a3e0
Event: 64.396 Thread 0x00000158ec844870 Thread added: 0x00000158ec844870
Event: 64.396 Thread 0x00000158ec848bd0 Thread exited: 0x00000158ec848bd0
Event: 64.597 Thread 0x00000158ec84a3e0 Thread exited: 0x00000158ec84a3e0
Event: 65.326 Thread 0x00000158ec849a40 Thread added: 0x00000158ec849a40
Event: 65.328 Thread 0x00000158e0807050 Thread added: 0x00000158e0807050
Event: 65.331 Thread 0x00000158ec849570 Thread added: 0x00000158ec849570
Event: 65.533 Thread 0x00000158ec849a40 Thread exited: 0x00000158ec849a40
Event: 65.577 Thread 0x00000158ec843ed0 Thread added: 0x00000158ec843ed0
Event: 65.579 Thread 0x00000158ec846a20 Thread added: 0x00000158ec846a20
Event: 65.781 Thread 0x00000158ec843ed0 Thread exited: 0x00000158ec843ed0
Event: 67.627 Thread 0x00000158e0807050 Thread exited: 0x00000158e0807050
Event: 72.597 Thread 0x00000158ec846ef0 Thread added: 0x00000158ec846ef0
Event: 72.613 Thread 0x00000158ec843ed0 Thread added: 0x00000158ec843ed0
Event: 72.816 Thread 0x00000158ec846ef0 Thread exited: 0x00000158ec846ef0
Event: 72.897 Thread 0x00000158ec849a40 Thread added: 0x00000158ec849a40
Event: 72.900 Thread 0x00000158ec84a3e0 Thread added: 0x00000158ec84a3e0
Event: 73.800 Thread 0x00000158ec849a40 Thread exited: 0x00000158ec849a40


Dynamic libraries:
0x00007ff7d8a20000 - 0x00007ff7d8a2e000 	C:\Program Files\Eclipse Adoptium\jdk-17.0.1.12-hotspot\bin\java.exe
0x00007ffdc5cd0000 - 0x00007ffdc5ec5000 	C:\Windows\SYSTEM32\ntdll.dll
0x00007ffdc4060000 - 0x00007ffdc411d000 	C:\Windows\System32\KERNEL32.DLL
0x00007ffdc3720000 - 0x00007ffdc39ed000 	C:\Windows\System32\KERNELBASE.dll
0x00007ffdc33b0000 - 0x00007ffdc34b0000 	C:\Windows\System32\ucrtbase.dll
0x00007ffdb6650000 - 0x00007ffdb6668000 	C:\Program Files\Eclipse Adoptium\jdk-17.0.1.12-hotspot\bin\jli.dll
0x00007ffdbd460000 - 0x00007ffdbd479000 	C:\Program Files\Eclipse Adoptium\jdk-17.0.1.12-hotspot\bin\VCRUNTIME140.dll
0x00007ffdc5530000 - 0x00007ffdc56d0000 	C:\Windows\System32\USER32.dll
0x00007ffdc3c20000 - 0x00007ffdc3c42000 	C:\Windows\System32\win32u.dll
0x00007ffdad620000 - 0x00007ffdad8ba000 	C:\Windows\WinSxS\amd64_microsoft.windows.common-controls_6595b64144ccf1df_6.0.19041.1110_none_60b5254171f9507e\COMCTL32.dll
0x00007ffdc5bd0000 - 0x00007ffdc5bfa000 	C:\Windows\System32\GDI32.dll
0x00007ffdc5190000 - 0x00007ffdc522e000 	C:\Windows\System32\msvcrt.dll
0x00007ffdc3610000 - 0x00007ffdc371b000 	C:\Windows\System32\gdi32full.dll
0x00007ffdc39f0000 - 0x00007ffdc3a8d000 	C:\Windows\System32\msvcp_win.dll
0x00007ffdc4eb0000 - 0x00007ffdc4ee0000 	C:\Windows\System32\IMM32.DLL
0x00007ffdbede0000 - 0x00007ffdbedec000 	C:\Program Files\Eclipse Adoptium\jdk-17.0.1.12-hotspot\bin\vcruntime140_1.dll
0x00007ffdb1890000 - 0x00007ffdb1921000 	C:\Program Files\Eclipse Adoptium\jdk-17.0.1.12-hotspot\bin\msvcp140.dll
0x00007ffd82e10000 - 0x00007ffd83a56000 	C:\Program Files\Eclipse Adoptium\jdk-17.0.1.12-hotspot\bin\server\jvm.dll
0x00007ffdc3fb0000 - 0x00007ffdc405e000 	C:\Windows\System32\ADVAPI32.dll
0x00007ffdc3e80000 - 0x00007ffdc3f1c000 	C:\Windows\System32\sechost.dll
0x00007ffdc3d50000 - 0x00007ffdc3e75000 	C:\Windows\System32\RPCRT4.dll
0x00007ffdc4ee0000 - 0x00007ffdc4ee8000 	C:\Windows\System32\PSAPI.DLL
0x00007ffda5c00000 - 0x00007ffda5c09000 	C:\Windows\SYSTEM32\WSOCK32.dll
0x00007ffdb8890000 - 0x00007ffdb88b7000 	C:\Windows\SYSTEM32\WINMM.dll
0x00007ffdc52e0000 - 0x00007ffdc534b000 	C:\Windows\System32\WS2_32.dll
0x00007ffdbc260000 - 0x00007ffdbc26a000 	C:\Windows\SYSTEM32\VERSION.dll
0x00007ffdc1c40000 - 0x00007ffdc1c52000 	C:\Windows\SYSTEM32\kernel.appcore.dll
0x00007ffdbee30000 - 0x00007ffdbee3a000 	C:\Program Files\Eclipse Adoptium\jdk-17.0.1.12-hotspot\bin\jimage.dll
0x00007ffdc1a30000 - 0x00007ffdc1c14000 	C:\Windows\SYSTEM32\DBGHELP.DLL
0x00007ffdb8de0000 - 0x00007ffdb8e0c000 	C:\Windows\SYSTEM32\dbgcore.DLL
0x00007ffdc3a90000 - 0x00007ffdc3b12000 	C:\Windows\System32\bcryptPrimitives.dll
0x00007ffdb62b0000 - 0x00007ffdb62d5000 	C:\Program Files\Eclipse Adoptium\jdk-17.0.1.12-hotspot\bin\java.dll
0x00007ffdb1a30000 - 0x00007ffdb1b06000 	C:\Program Files\Eclipse Adoptium\jdk-17.0.1.12-hotspot\bin\svml.dll
0x00007ffdc4120000 - 0x00007ffdc4864000 	C:\Windows\System32\SHELL32.dll
0x00007ffdc1150000 - 0x00007ffdc18e4000 	C:\Windows\SYSTEM32\windows.storage.dll
0x00007ffdc5870000 - 0x00007ffdc5bc4000 	C:\Windows\System32\combase.dll
0x00007ffdc2e10000 - 0x00007ffdc2e3c000 	C:\Windows\SYSTEM32\Wldp.dll
0x00007ffdc5230000 - 0x00007ffdc52dd000 	C:\Windows\System32\SHCORE.dll
0x00007ffdc3cf0000 - 0x00007ffdc3d45000 	C:\Windows\System32\shlwapi.dll
0x00007ffdc32f0000 - 0x00007ffdc330f000 	C:\Windows\SYSTEM32\profapi.dll
0x00007ffdaafa0000 - 0x00007ffdaafb9000 	C:\Program Files\Eclipse Adoptium\jdk-17.0.1.12-hotspot\bin\net.dll
0x00007ffdb4be0000 - 0x00007ffdb4cea000 	C:\Windows\SYSTEM32\WINHTTP.dll
0x00007ffdc2b70000 - 0x00007ffdc2bda000 	C:\Windows\system32\mswsock.dll
0x00007ffdaaf80000 - 0x00007ffdaaf95000 	C:\Program Files\Eclipse Adoptium\jdk-17.0.1.12-hotspot\bin\nio.dll
0x00007ffdaace0000 - 0x00007ffdaacf8000 	C:\Program Files\Eclipse Adoptium\jdk-17.0.1.12-hotspot\bin\zip.dll
0x000000006e700000 - 0x000000006e72a000 	C:\Users\grado\AppData\Local\Temp\libgdxgrado\e1cd32f8\gdx64.dll
0x00007ffdb19c0000 - 0x00007ffdb1a24000 	C:\Users\grado\AppData\Local\Temp\lwjglgrado\3.2.3-build-13\lwjgl.dll
0x00007ffd84490000 - 0x00007ffd846e3000 	C:\Users\grado\AppData\Local\Temp\lwjglgrado\3.2.3-build-13\jemalloc.dll
0x00007ffdb1950000 - 0x00007ffdb19b2000 	C:\Users\grado\AppData\Local\Temp\lwjglgrado\3.2.3-build-13\glfw.dll
0x00007ffdc0870000 - 0x00007ffdc090e000 	C:\Windows\system32\uxtheme.dll
0x00007ffdaa450000 - 0x00007ffdaa495000 	C:\Windows\SYSTEM32\dinput8.dll
0x00007ffdb1930000 - 0x00007ffdb1941000 	C:\Windows\SYSTEM32\xinput1_4.dll
0x00007ffdc3b20000 - 0x00007ffdc3b6e000 	C:\Windows\System32\cfgmgr32.dll
0x00007ffdc3160000 - 0x00007ffdc318c000 	C:\Windows\SYSTEM32\DEVOBJ.dll
0x00007ffdc0a00000 - 0x00007ffdc0a2f000 	C:\Windows\SYSTEM32\dwmapi.dll
0x00007ffda8c80000 - 0x00007ffda8dd2000 	C:\Windows\SYSTEM32\inputhost.dll
0x00007ffdc4d70000 - 0x00007ffdc4e3d000 	C:\Windows\System32\OLEAUT32.dll
0x00007ffdc0500000 - 0x00007ffdc05f2000 	C:\Windows\SYSTEM32\CoreMessaging.dll
0x00007ffdbe990000 - 0x00007ffdbea86000 	C:\Windows\SYSTEM32\PROPSYS.dll
0x00007ffdbfad0000 - 0x00007ffdbfc24000 	C:\Windows\SYSTEM32\wintypes.dll
0x00007ffdc01a0000 - 0x00007ffdc04fe000 	C:\Windows\SYSTEM32\CoreUIComponents.dll
0x00007ffdc20b0000 - 0x00007ffdc20e3000 	C:\Windows\SYSTEM32\ntmarta.dll
0x00007ffdc5750000 - 0x00007ffdc5865000 	C:\Windows\System32\MSCTF.dll
0x00007ffdc18f0000 - 0x00007ffdc18fd000 	C:\Windows\SYSTEM32\HID.DLL
0x00007ffdc4870000 - 0x00007ffdc4ce1000 	C:\Windows\System32\SETUPAPI.DLL
0x00007ffdc3c50000 - 0x00007ffdc3c77000 	C:\Windows\System32\bcrypt.dll
0x00007ffdc3c80000 - 0x00007ffdc3ce8000 	C:\Windows\System32\WINTRUST.dll
0x00007ffdc34b0000 - 0x00007ffdc3606000 	C:\Windows\System32\CRYPT32.dll
0x00007ffdc2fa0000 - 0x00007ffdc2fb2000 	C:\Windows\SYSTEM32\MSASN1.dll
0x00007ffd81e40000 - 0x00007ffd81f4b000 	C:\Users\grado\AppData\Local\Temp\lwjglgrado\3.2.3-build-13\OpenAL.dll
0x00007ffdc5400000 - 0x00007ffdc552a000 	C:\Windows\System32\ole32.dll
0x00007ffdc5350000 - 0x00007ffdc53f9000 	C:\Windows\System32\clbcatq.dll
0x00007ffdbb510000 - 0x00007ffdbb595000 	C:\Windows\System32\MMDevApi.dll
0x00007ffdbbda0000 - 0x00007ffdbbf22000 	C:\Windows\SYSTEM32\AUDIOSES.DLL
0x00007ffdc2930000 - 0x00007ffdc297b000 	C:\Windows\SYSTEM32\powrprof.dll
0x00007ffdc27f0000 - 0x00007ffdc2802000 	C:\Windows\SYSTEM32\UMPDC.dll
0x00007ffdc0a30000 - 0x00007ffdc0a44000 	C:\Windows\SYSTEM32\resourcepolicyclient.dll
0x00007ffd22910000 - 0x00007ffd22a36000 	C:\Windows\SYSTEM32\opengl32.dll
0x00007ffd228e0000 - 0x00007ffd2290c000 	C:\Windows\SYSTEM32\GLU32.dll
0x00007ffdbc2e0000 - 0x00007ffdbc3d7000 	C:\Windows\System32\AppXDeploymentClient.dll
0x00007ffdab4d0000 - 0x00007ffdab4fa000 	C:\Windows\System32\DriverStore\FileRepository\u0361612.inf_amd64_b679e02f70413f9f\B361368\atig6pxx.dll
0x00007ffd7dc80000 - 0x00007ffd80966000 	C:\Windows\System32\DriverStore\FileRepository\u0361612.inf_amd64_b679e02f70413f9f\B361368\atio6axx.dll
0x00007ffd86690000 - 0x00007ffd866b4000 	C:\Windows\SYSTEM32\dxva2.dll
0x00007ffda3f10000 - 0x00007ffda3f4c000 	C:\Windows\System32\DriverStore\FileRepository\u0361612.inf_amd64_b679e02f70413f9f\B361368\atig6txx.dll
0x00007ffd81c80000 - 0x00007ffd81e39000 	C:\Windows\SYSTEM32\atiadlxx.dll
0x00007ffdb9380000 - 0x00007ffdb93bb000 	C:\Windows\SYSTEM32\dxcore.dll
0x00007ffd9ef60000 - 0x00007ffd9efb9000 	C:\Users\grado\AppData\Local\Temp\lwjglgrado\3.2.3-build-13\lwjgl_opengl.dll
0x00007ffda93b0000 - 0x00007ffda94a9000 	C:\Windows\SYSTEM32\textinputframework.dll
0x00007ffdaacc0000 - 0x00007ffdaacd1000 	C:\Program Files\Eclipse Adoptium\jdk-17.0.1.12-hotspot\bin\jsound.dll
0x00007ffd853c0000 - 0x00007ffd8545c000 	C:\Windows\SYSTEM32\DSOUND.dll
0x00007ffdb3710000 - 0x00007ffdb3736000 	C:\Windows\SYSTEM32\winmmbase.dll
0x00007ffda9b00000 - 0x00007ffda9b46000 	C:\Windows\SYSTEM32\wdmaud.drv
0x00007ffdbd880000 - 0x00007ffdbd88a000 	C:\Windows\SYSTEM32\AVRT.dll
0x00007ffdbde60000 - 0x00007ffdbde69000 	C:\Windows\SYSTEM32\ksuser.dll
0x00007ffdbc5b0000 - 0x00007ffdbc5bd000 	C:\Windows\SYSTEM32\msacm32.drv
0x00007ffdbc630000 - 0x00007ffdbc64e000 	C:\Windows\SYSTEM32\MSACM32.dll
0x00007ffdb6730000 - 0x00007ffdb673b000 	C:\Windows\SYSTEM32\midimap.dll
0x00007ffda8de0000 - 0x00007ffda8f21000 	C:\Windows\System32\Windows.UI.dll
0x00007ffdbd350000 - 0x00007ffdbd3f1000 	C:\Windows\System32\WindowManagementAPI.dll
0x00007ffdbca10000 - 0x00007ffdbcc11000 	C:\Windows\SYSTEM32\twinapi.appcore.dll

dbghelp: loaded successfully - version: 4.0.5 - missing functions: none
symbol engine: initialized successfully - sym options: 0x614 - pdb path: .;C:\Program Files\Eclipse Adoptium\jdk-17.0.1.12-hotspot\bin;C:\Windows\SYSTEM32;C:\Windows\WinSxS\amd64_microsoft.windows.common-controls_6595b64144ccf1df_6.0.19041.1110_none_60b5254171f9507e;C:\Program Files\Eclipse Adoptium\jdk-17.0.1.12-hotspot\bin\server;C:\Users\grado\AppData\Local\Temp\libgdxgrado\e1cd32f8;C:\Users\grado\AppData\Local\Temp\lwjglgrado\3.2.3-build-13;C:\Windows\System32\DriverStore\FileRepository\u0361612.inf_amd64_b679e02f70413f9f\B361368

VM Arguments:
jvm_args: -XX:+ShowCodeDetailsInExceptionMessages 
java_command: com.crazyputting3d.Main
java_class_path (initial): C:\Users\grado\Documents\Group-04\3dcrazyputting\desktop\bin\main;\CrazyPutting3D-core\bin\default;C:\Users\grado\Documents\Group-04\3dcrazyputting\core\bin\main;C:\Users\grado\.gradle\caches\modules-2\files-2.1\com.badlogicgames.gdx\gdx-backend-lwjgl3\1.10.0\600c7d5b2c977daa82c4abad147087b31e0ada87\gdx-backend-lwjgl3-1.10.0.jar;C:\Users\grado\.gradle\caches\modules-2\files-2.1\com.badlogicgames.gdx\gdx-platform\1.10.0\9a8fa793d2fd6d360afc6c9e4c1f5583da263b88\gdx-platform-1.10.0-natives-desktop.jar;C:\Users\grado\.gradle\caches\modules-2\files-2.1\com.badlogicgames.gdx\gdx-bullet-platform\1.10.0\ce92e8dfc762523d769cbc50853163c03bf98cf1\gdx-bullet-platform-1.10.0-natives-desktop.jar;C:\Users\grado\.gradle\caches\modules-2\files-2.1\com.badlogicgames.gdx\gdx-freetype-platform\1.10.0\6e5d28752759e69384f12e4569d2c884ff71352f\gdx-freetype-platform-1.10.0-natives-desktop.jar;C:\Users\grado\.gradle\caches\modules-2\files-2.1\com.badlogicgames.gdx-controllers\gdx-controllers-desktop\2.2.1\cb3430c32468a090eca54d494d16bb3764ceff9b\gdx-controllers-desktop-2.2.1.jar;C:\Users\grado\.gradle\caches\modules-2\files-2.1\org.jetbrains\annotations\20.1.0\2fcd1f3225bca0c4a7bc931142076f8c1e80993f\annotations-20.1.0.jar;C:\Users\grado\.gradle\caches\modules-2\files-2.1\com.badlogicgames.gdx\gdx-bullet\1.10.0\839b58c7278f5c3b55291c3a559d91227400ecdb\gdx-bullet-1.10.0.jar;C:\Users\grado\.gradle\caches\modules-2\files-2.1\com.badlogicgames.gdx\gdx-freetype\1.10.0\de1d0d5c1e92e8d91364256fd6b7bb279d3e9859\gdx-freetype-1.10.0.jar;C:\Users\grado\.gradle\caches\modules-2\files-2.1\com.badlogicgames.gdx\gdx-ai\1.8.2\ab75d2ce80ab1b1ce6828a15dc0f417abac4c674\gdx-ai-1.8.2.jar;C:\Users\grado\.gradle\caches\modules-2\files-2.1\com.badlogicgames.ashley\ashley\1.7.4\21a3a8932919099c4e5006a7d8378dcbe76ef8a5\ashley-1.7.4.jar;C:\Users\grado\.gradle\caches\modules-2\files-2.1\com.badlogicgames.box2dlights\box2dlights\1.5\6902dbcd250c95a27973aa24a147a95b3828d348\box2dlights-1.5.j
Launcher Type: SUN_STANDARD

[Global flags]
     intx CICompilerCount                          = 12                                        {product} {ergonomic}
     uint ConcGCThreads                            = 3                                         {product} {ergonomic}
     uint G1ConcRefinementThreads                  = 13                                        {product} {ergonomic}
   size_t G1HeapRegionSize                         = 2097152                                   {product} {ergonomic}
    uintx GCDrainStackTargetSize                   = 64                                        {product} {ergonomic}
   size_t InitialHeapSize                          = 257949696                                 {product} {ergonomic}
   size_t MarkStackSize                            = 4194304                                   {product} {ergonomic}
   size_t MaxHeapSize                              = 4127195136                                {product} {ergonomic}
   size_t MaxNewSize                               = 2474639360                                {product} {ergonomic}
   size_t MinHeapDeltaBytes                        = 2097152                                   {product} {ergonomic}
   size_t MinHeapSize                              = 8388608                                   {product} {ergonomic}
    uintx NonNMethodCodeHeapSize                   = 7602480                                {pd product} {ergonomic}
    uintx NonProfiledCodeHeapSize                  = 122027880                              {pd product} {ergonomic}
    uintx ProfiledCodeHeapSize                     = 122027880                              {pd product} {ergonomic}
    uintx ReservedCodeCacheSize                    = 251658240                              {pd product} {ergonomic}
     bool SegmentedCodeCache                       = true                                      {product} {ergonomic}
     bool ShowCodeDetailsInExceptionMessages       = true                                   {manageable} {command line}
   size_t SoftMaxHeapSize                          = 4127195136                             {manageable} {ergonomic}
     bool UseCompressedClassPointers               = true                           {product lp64_product} {ergonomic}
     bool UseCompressedOops                        = true                           {product lp64_product} {ergonomic}
     bool UseG1GC                                  = true                                      {product} {ergonomic}
     bool UseLargePagesIndividualAllocation        = false                                  {pd product} {ergonomic}

Logging:
Log output configuration:
 #0: stdout all=warning uptime,level,tags
 #1: stderr all=off uptime,level,tags

Environment Variables:
PATH=C:\Program Files\Common Files\Oracle\Java\javapath;C:\Windows\system32;C:\Windows;C:\Windows\System32\Wbem;C:\Windows\System32\WindowsPowerShell\v1.0\;C:\Windows\System32\OpenSSH\;C:\Program Files (x86)\NVIDIA Corporation\PhysX\Common;C:\Program Files\NVIDIA Corporation\NVIDIA NvDLISR;C:\Program Files\MATLAB\R2022a\bin;C:\Program Files\Gradle\gradle-7.4.2\bin;C:\Program Files\Git\cmd;C:\Users\grado\AppData\Local\Microsoft\WindowsApps;C:\Users\grado\AppData\Local\Programs\Microsoft VS Code\bin;C:\Users\grado\AppData\Local\GitHubDesktop\bin
USERNAME=grado
LANG=en_US.UTF-8
OS=Windows_NT
PROCESSOR_IDENTIFIER=AMD64 Family 23 Model 96 Stepping 1, AuthenticAMD



---------------  S Y S T E M  ---------------

OS:
 Windows 10 , 64 bit Build 19041 (10.0.19041.1706)
OS uptime: 11 days 17:58 hours

CPU: total 16 (initial active 16) (16 cores per cpu, 2 threads per core) family 23 model 96 stepping 1 microcode 0x0, cx8, cmov, fxsr, ht, mmx, 3dnowpref, sse, sse2, sse3, ssse3, sse4a, sse4.1, sse4.2, popcnt, lzcnt, tsc, tscinvbit, avx, avx2, aes, clmul, bmi1, bmi2, adx, sha, fma, vzeroupper, clflush, clflushopt

Memory: 4k page, system-wide physical 15741M (1582M free)
TotalPageFile size 53544M (AvailPageFile size 6250M)
current process WorkingSet (physical memory assigned to process): 743M, peak: 905M
current process commit charge ("private bytes"): 1047M, peak: 1219M

vm_info: OpenJDK 64-Bit Server VM (17.0.1+12) for windows-amd64 JRE (17.0.1+12), built on Oct 20 2021 07:42:55 by "" with MS VC++ 16.7 (VS2019)

END.
