#
# A fatal error has been detected by the Java Runtime Environment:
#
#  EXCEPTION_ACCESS_VIOLATION (0xc0000005) at pc=0x00000232447d0000, pid=25976, tid=20700
#
# JRE version: OpenJDK Runtime Environment Temurin-17.0.1+12 (17.0.1+12) (build 17.0.1+12)
# Java VM: OpenJDK 64-Bit Server VM Temurin-17.0.1+12 (17.0.1+12, mixed mode, sharing, tiered, compressed oops, compressed class ptrs, g1 gc, windows-amd64)
# Problematic frame:
# C  0x00000232447d0000
#
# No core dump will be written. Minidumps are not enabled by default on client versions of Windows
#
# If you would like to submit a bug report, please visit:
#   https://github.com/adoptium/adoptium-support/issues
# The crash happened outside the Java Virtual Machine in native code.
# See problematic frame for where to report the bug.
#

---------------  S U M M A R Y ------------

Command Line: -XX:+ShowCodeDetailsInExceptionMessages com.crazyputting3d.Main

Host: AMD Ryzen 7 4800H with Radeon Graphics         , 16 cores, 15G,  Windows 10 , 64 bit Build 19041 (10.0.19041.1706)
Time: Wed Jun 15 12:12:11 2022 Central European Daylight Time elapsed time: 31.566611 seconds (0d 0h 0m 31s)

---------------  T H R E A D  ---------------

Current thread (0x0000023244871110):  JavaThread "main" [_thread_in_native, id=20700, stack(0x0000003ca3300000,0x0000003ca3400000)]

Stack: [0x0000003ca3300000,0x0000003ca3400000],  sp=0x0000003ca33fea88,  free space=1018k
Native frames: (J=compiled Java code, j=interpreted, Vv=VM code, C=native code)
C  0x00000232447d0000

Java frames: (J=compiled Java code, j=interpreted, Vv=VM code)
J 1210  org.lwjgl.system.JNI.invokePV(JJ)V (0 bytes) @ 0x0000023253f4796c [0x0000023253f47920+0x000000000000004c]
J 2111 c1 org.lwjgl.glfw.GLFW.glfwSwapBuffers(J)V (21 bytes) @ 0x000002324ce5aeac [0x000002324ce5adc0+0x00000000000000ec]
j  com.badlogic.gdx.backends.lwjgl3.Lwjgl3Window.update()Z+196
j  com.badlogic.gdx.backends.lwjgl3.Lwjgl3Application.loop()V+111
j  com.badlogic.gdx.backends.lwjgl3.Lwjgl3Application.<init>(Lcom/badlogic/gdx/ApplicationListener;Lcom/badlogic/gdx/backends/lwjgl3/Lwjgl3ApplicationConfiguration;)V+243
j  com.crazyputting3d.Main.main([Ljava/lang/String;)V+45
v  ~StubRoutines::call_stub

siginfo: EXCEPTION_ACCESS_VIOLATION (0xc0000005), data execution prevention violation at address 0x00000232447d0000


Register to memory mapping:

RIP=0x00000232447d0000 is an unknown value
RAX=0x00000232447d0000 is an unknown value
RBX=0x0000000000010001 is an unknown value
RCX=0x0000000000010001 is an unknown value
RDX=0x0000003ca33feac0 is pointing into the stack for thread: 0x0000023244871110
RSP=0x0000003ca33fea88 is pointing into the stack for thread: 0x0000023244871110
RBP=0x0000003ca33feb90 is pointing into the stack for thread: 0x0000023244871110
RSI=0x0000000000000110 is an unknown value
RDI=0x00000000000013a2 is an unknown value
R8 =0x0000023268bf9d60 points into unknown readable memory: 0x000002327a001f50 | 50 1f 00 7a 32 02 00 00
R9 =0x00007ffd8a4f1b50 glfw.dll
R10=0x00007ffd93301b10 lwjgl.dll
R11=0x0000003ca33feef8 is pointing into the stack for thread: 0x0000023244871110
R12=0x0 is NULL
R13=0x0000003ca33feff8 is pointing into the stack for thread: 0x0000023244871110
R14=0x0000003ca33fef50 is pointing into the stack for thread: 0x0000023244871110
R15=0x0000023244871110 is a thread


Registers:
RAX=0x00000232447d0000, RBX=0x0000000000010001, RCX=0x0000000000010001, RDX=0x0000003ca33feac0
RSP=0x0000003ca33fea88, RBP=0x0000003ca33feb90, RSI=0x0000000000000110, RDI=0x00000000000013a2
R8 =0x0000023268bf9d60, R9 =0x00007ffd8a4f1b50, R10=0x00007ffd93301b10, R11=0x0000003ca33feef8
R12=0x0000000000000000, R13=0x0000003ca33feff8, R14=0x0000003ca33fef50, R15=0x0000023244871110
RIP=0x00000232447d0000, EFLAGS=0x0000000000010206

Top of Stack: (sp=0x0000003ca33fea88)
0x0000003ca33fea88:   00007ffd8a4f1f7c 0000000200000000
0x0000003ca33fea98:   000002324cc89a4c 000000070a09a058
0x0000003ca33feaa8:   0000140600000002 0000000700000014
0x0000003ca33feab8:   438c000041700000 57464c4720656854
0x0000003ca33feac8:   7972617262696c20 20746f6e20736920
0x0000003ca33fead8:   696c616974696e69 0000003c0064657a
0x0000003ca33feae8:   000002324cc7ede4 0000003ca33febc8
0x0000003ca33feaf8:   00007ffd3d345e62 0000023244871110
0x0000003ca33feb08:   0000000000000000 00000000000001cc
0x0000003ca33feb18:   000002324c3494fe 0000000000000000
0x0000003ca33feb28:   000000006e7020f4 00000232448713b8
0x0000003ca33feb38:   00007ffd3d345481 0000000000000000
0x0000003ca33feb48:   000002324cc75b6c 0000000200000003
0x0000003ca33feb58:   000000070a0d9188 000000070a0ecd48
0x0000003ca33feb68:   0000023253f3f905 0000000700000000
0x0000003ca33feb78:   000000070a09a058 0000000000000002 

Instructions: (pc=0x00000232447d0000)
0x00000232447cff00:   ?? ?? ?? ?? ?? ?? ?? ?? ?? ?? ?? ?? ?? ?? ?? ??
0x00000232447cff10:   ?? ?? ?? ?? ?? ?? ?? ?? ?? ?? ?? ?? ?? ?? ?? ??
0x00000232447cff20:   ?? ?? ?? ?? ?? ?? ?? ?? ?? ?? ?? ?? ?? ?? ?? ??
0x00000232447cff30:   ?? ?? ?? ?? ?? ?? ?? ?? ?? ?? ?? ?? ?? ?? ?? ??
0x00000232447cff40:   ?? ?? ?? ?? ?? ?? ?? ?? ?? ?? ?? ?? ?? ?? ?? ??
0x00000232447cff50:   ?? ?? ?? ?? ?? ?? ?? ?? ?? ?? ?? ?? ?? ?? ?? ??
0x00000232447cff60:   ?? ?? ?? ?? ?? ?? ?? ?? ?? ?? ?? ?? ?? ?? ?? ??
0x00000232447cff70:   ?? ?? ?? ?? ?? ?? ?? ?? ?? ?? ?? ?? ?? ?? ?? ??
0x00000232447cff80:   ?? ?? ?? ?? ?? ?? ?? ?? ?? ?? ?? ?? ?? ?? ?? ??
0x00000232447cff90:   ?? ?? ?? ?? ?? ?? ?? ?? ?? ?? ?? ?? ?? ?? ?? ??
0x00000232447cffa0:   ?? ?? ?? ?? ?? ?? ?? ?? ?? ?? ?? ?? ?? ?? ?? ??
0x00000232447cffb0:   ?? ?? ?? ?? ?? ?? ?? ?? ?? ?? ?? ?? ?? ?? ?? ??
0x00000232447cffc0:   ?? ?? ?? ?? ?? ?? ?? ?? ?? ?? ?? ?? ?? ?? ?? ??
0x00000232447cffd0:   ?? ?? ?? ?? ?? ?? ?? ?? ?? ?? ?? ?? ?? ?? ?? ??
0x00000232447cffe0:   ?? ?? ?? ?? ?? ?? ?? ?? ?? ?? ?? ?? ?? ?? ?? ??
0x00000232447cfff0:   ?? ?? ?? ?? ?? ?? ?? ?? ?? ?? ?? ?? ?? ?? ?? ??
0x00000232447d0000:   ?? ?? ?? ?? ?? ?? ?? ?? ?? ?? ?? ?? ?? ?? ?? ??
0x00000232447d0010:   ?? ?? ?? ?? ?? ?? ?? ?? ?? ?? ?? ?? ?? ?? ?? ??
0x00000232447d0020:   ?? ?? ?? ?? ?? ?? ?? ?? ?? ?? ?? ?? ?? ?? ?? ??
0x00000232447d0030:   ?? ?? ?? ?? ?? ?? ?? ?? ?? ?? ?? ?? ?? ?? ?? ??
0x00000232447d0040:   ?? ?? ?? ?? ?? ?? ?? ?? ?? ?? ?? ?? ?? ?? ?? ??
0x00000232447d0050:   ?? ?? ?? ?? ?? ?? ?? ?? ?? ?? ?? ?? ?? ?? ?? ??
0x00000232447d0060:   ?? ?? ?? ?? ?? ?? ?? ?? ?? ?? ?? ?? ?? ?? ?? ??
0x00000232447d0070:   ?? ?? ?? ?? ?? ?? ?? ?? ?? ?? ?? ?? ?? ?? ?? ??
0x00000232447d0080:   ?? ?? ?? ?? ?? ?? ?? ?? ?? ?? ?? ?? ?? ?? ?? ??
0x00000232447d0090:   ?? ?? ?? ?? ?? ?? ?? ?? ?? ?? ?? ?? ?? ?? ?? ??
0x00000232447d00a0:   ?? ?? ?? ?? ?? ?? ?? ?? ?? ?? ?? ?? ?? ?? ?? ??
0x00000232447d00b0:   ?? ?? ?? ?? ?? ?? ?? ?? ?? ?? ?? ?? ?? ?? ?? ??
0x00000232447d00c0:   ?? ?? ?? ?? ?? ?? ?? ?? ?? ?? ?? ?? ?? ?? ?? ??
0x00000232447d00d0:   ?? ?? ?? ?? ?? ?? ?? ?? ?? ?? ?? ?? ?? ?? ?? ??
0x00000232447d00e0:   ?? ?? ?? ?? ?? ?? ?? ?? ?? ?? ?? ?? ?? ?? ?? ??
0x00000232447d00f0:   ?? ?? ?? ?? ?? ?? ?? ?? ?? ?? ?? ?? ?? ?? ?? ?? 


Stack slot to memory mapping:
stack at sp + 0 slots: 0x00007ffd8a4f1f7c glfw.dll
stack at sp + 1 slots: 0x0000000200000000 is an unknown value
stack at sp + 2 slots: 0x000002324cc89a4c is at entry_point+140 in (nmethod*)0x000002324cc89810
stack at sp + 3 slots: 0x000000070a09a058 is an oop: com.badlogic.gdx.backends.lwjgl3.Lwjgl3GL20 
{0x000000070a09a058} - klass: 'com/badlogic/gdx/backends/lwjgl3/Lwjgl3GL20'
 - ---- fields (total size 3 words):
 - private 'buffer' 'Ljava/nio/ByteBuffer;' @12  a 'java/nio/DirectByteBuffer'{0x000000070a09a070} (e141340e)
 - private 'floatBuffer' 'Ljava/nio/FloatBuffer;' @16  a 'java/nio/DirectFloatBufferU'{0x000000070a09ba20} (e1413744)
 - private 'intBuffer' 'Ljava/nio/IntBuffer;' @20  a 'java/nio/DirectIntBufferU'{0x000000070a09ba58} (e141374b)
stack at sp + 4 slots: 0x0000140600000002 is an unknown value
stack at sp + 5 slots: 0x0000000700000014 is an unknown value
stack at sp + 6 slots: 0x438c000041700000 is an unknown value
stack at sp + 7 slots: 0x57464c4720656854 is an unknown value


---------------  P R O C E S S  ---------------

Threads class SMR info:
_java_thread_list=0x0000023277397300, length=14, elements={
0x0000023244871110, 0x0000023267d7b120, 0x0000023267d7bd90, 0x0000023267d969c0,
0x0000023267d97370, 0x0000023267d97d20, 0x0000023267d986d0, 0x0000023267d9d970,
0x0000023267d9e410, 0x0000023267da95e0, 0x000002326894a700, 0x0000023268956bf0,
0x00000232692d0fd0, 0x0000023268f41140
}

Java Threads: ( => current thread )
=>0x0000023244871110 JavaThread "main" [_thread_in_native, id=20700, stack(0x0000003ca3300000,0x0000003ca3400000)]
  0x0000023267d7b120 JavaThread "Reference Handler" daemon [_thread_blocked, id=12784, stack(0x0000003ca3a00000,0x0000003ca3b00000)]
  0x0000023267d7bd90 JavaThread "Finalizer" daemon [_thread_blocked, id=11808, stack(0x0000003ca3b00000,0x0000003ca3c00000)]
  0x0000023267d969c0 JavaThread "Signal Dispatcher" daemon [_thread_blocked, id=6728, stack(0x0000003ca3c00000,0x0000003ca3d00000)]
  0x0000023267d97370 JavaThread "Attach Listener" daemon [_thread_blocked, id=24660, stack(0x0000003ca3d00000,0x0000003ca3e00000)]
  0x0000023267d97d20 JavaThread "Service Thread" daemon [_thread_blocked, id=26172, stack(0x0000003ca3e00000,0x0000003ca3f00000)]
  0x0000023267d986d0 JavaThread "Monitor Deflation Thread" daemon [_thread_blocked, id=15968, stack(0x0000003ca3f00000,0x0000003ca4000000)]
  0x0000023267d9d970 JavaThread "C2 CompilerThread0" daemon [_thread_blocked, id=21572, stack(0x0000003ca4000000,0x0000003ca4100000)]
  0x0000023267d9e410 JavaThread "C1 CompilerThread0" daemon [_thread_blocked, id=20816, stack(0x0000003ca4100000,0x0000003ca4200000)]
  0x0000023267da95e0 JavaThread "Sweeper thread" daemon [_thread_blocked, id=13756, stack(0x0000003ca4200000,0x0000003ca4300000)]
  0x000002326894a700 JavaThread "Notification Thread" daemon [_thread_blocked, id=22236, stack(0x0000003ca4400000,0x0000003ca4500000)]
  0x0000023268956bf0 JavaThread "Common-Cleaner" daemon [_thread_blocked, id=20184, stack(0x0000003ca4600000,0x0000003ca4700000)]
  0x00000232692d0fd0 JavaThread "LWJGL3 Timer" daemon [_thread_blocked, id=17460, stack(0x0000003ca5100000,0x0000003ca5200000)]
  0x0000023268f41140 JavaThread "LWJGL3 Timer" daemon [_thread_blocked, id=17312, stack(0x0000003ca6300000,0x0000003ca6400000)]

Other Threads:
  0x0000023267d73e00 VMThread "VM Thread" [stack: 0x0000003ca3900000,0x0000003ca3a00000] [id=20800]
  0x000002326894fce0 WatcherThread [stack: 0x0000003ca4500000,0x0000003ca4600000] [id=5728]
  0x00000232448c8480 GCTaskThread "GC Thread#0" [stack: 0x0000003ca3400000,0x0000003ca3500000] [id=11180]
  0x000002326bc1cc60 GCTaskThread "GC Thread#1" [stack: 0x0000003ca4f00000,0x0000003ca5000000] [id=26112]
  0x000002326bc1ac20 GCTaskThread "GC Thread#2" [stack: 0x0000003ca5000000,0x0000003ca5100000] [id=4484]
  0x000002326bc1d720 GCTaskThread "GC Thread#3" [stack: 0x0000003ca5200000,0x0000003ca5300000] [id=19808]
  0x000002326bc1d1c0 GCTaskThread "GC Thread#4" [stack: 0x0000003ca5300000,0x0000003ca5400000] [id=21056]
  0x000002326bc1a160 GCTaskThread "GC Thread#5" [stack: 0x0000003ca5400000,0x0000003ca5500000] [id=7416]
  0x000002326bc1b990 GCTaskThread "GC Thread#6" [stack: 0x0000003ca5500000,0x0000003ca5600000] [id=25916]
  0x0000023273560420 GCTaskThread "GC Thread#7" [stack: 0x0000003ca6200000,0x0000003ca6300000] [id=24876]
  0x00000232448d99d0 ConcurrentGCThread "G1 Main Marker" [stack: 0x0000003ca3500000,0x0000003ca3600000] [id=20432]
  0x00000232448da3e0 ConcurrentGCThread "G1 Conc#0" [stack: 0x0000003ca3600000,0x0000003ca3700000] [id=24288]
  0x0000023267c120c0 ConcurrentGCThread "G1 Refine#0" [stack: 0x0000003ca3700000,0x0000003ca3800000] [id=12604]
  0x000002327a3b07a0 ConcurrentGCThread "G1 Refine#1" [stack: 0x0000003ca6400000,0x0000003ca6500000] [id=20412]
  0x00000232734e3830 ConcurrentGCThread "G1 Refine#2" [stack: 0x0000003ca6500000,0x0000003ca6600000] [id=7348]
  0x00000232776c09b0 ConcurrentGCThread "G1 Refine#3" [stack: 0x0000003ca6100000,0x0000003ca6200000] [id=1652]
  0x00000232775c2810 ConcurrentGCThread "G1 Refine#4" [stack: 0x0000003ca6600000,0x0000003ca6700000] [id=2372]
  0x0000023277100a40 ConcurrentGCThread "G1 Refine#5" [stack: 0x0000003ca6700000,0x0000003ca6800000] [id=18764]
  0x0000023277737e30 ConcurrentGCThread "G1 Refine#6" [stack: 0x0000003ca6800000,0x0000003ca6900000] [id=25852]
  0x0000023277738c90 ConcurrentGCThread "G1 Refine#7" [stack: 0x0000003ca6900000,0x0000003ca6a00000] [id=9580]
  0x0000023267c129e0 ConcurrentGCThread "G1 Service" [stack: 0x0000003ca3800000,0x0000003ca3900000] [id=23248]

Threads with active compile tasks:

VM state: not at safepoint (normal execution)

VM Mutex/Monitor currently owned by a thread: None

Heap address: 0x000000070a000000, size: 3936 MB, Compressed Oops mode: Zero based, Oop shift amount: 3

CDS archive(s) mapped at: [0x0000000800000000-0x0000000800bc0000-0x0000000800bc0000), size 12320768, SharedBaseAddress: 0x0000000800000000, ArchiveRelocationMode: 0.
Compressed class space mapped at: 0x0000000800c00000-0x0000000840c00000, reserved size: 1073741824
Narrow klass base: 0x0000000800000000, Narrow klass shift: 0, Narrow klass range: 0x100000000

GC Precious Log:
 CPUs: 16 total, 16 available
 Memory: 15741M
 Large Page Support: Disabled
 NUMA Support: Disabled
 Compressed Oops: Enabled (Zero based)
 Heap Region Size: 2M
 Heap Min Capacity: 8M
 Heap Initial Capacity: 246M
 Heap Max Capacity: 3936M
 Pre-touch: Disabled
 Parallel Workers: 13
 Concurrent Workers: 3
 Concurrent Refinement Workers: 13
 Periodic GC: Disabled

Heap:
 garbage-first heap   total 251904K, used 99952K [0x000000070a000000, 0x0000000800000000)
  region size 2048K, 41 young (83968K), 2 survivors (4096K)
 Metaspace       used 10072K, committed 10176K, reserved 1064960K
  class space    used 678K, committed 704K, reserved 1048576K

Heap Regions: E=young(eden), S=young(survivor), O=old, HS=humongous(starts), HC=humongous(continues), CS=collection set, F=free, OA=open archive, CA=closed archive, TAMS=top-at-mark-start (previous, next)
|   0|0x000000070a000000, 0x000000070a200000, 0x000000070a200000|100%| O|  |TAMS 0x000000070a000000, 0x000000070a000000| Untracked 
|   1|0x000000070a200000, 0x000000070a400000, 0x000000070a400000|100%|HS|  |TAMS 0x000000070a200000, 0x000000070a200000| Complete 
|   2|0x000000070a400000, 0x000000070a600000, 0x000000070a600000|100%|HS|  |TAMS 0x000000070a400000, 0x000000070a400000| Complete 
|   3|0x000000070a600000, 0x000000070a800000, 0x000000070a800000|100%| O|  |TAMS 0x000000070a600000, 0x000000070a600000| Untracked 
|   4|0x000000070a800000, 0x000000070aa00000, 0x000000070aa00000|100%| O|  |TAMS 0x000000070a800000, 0x000000070a800000| Untracked 
|   5|0x000000070aa00000, 0x000000070ac00000, 0x000000070ac00000|100%| O|  |TAMS 0x000000070aa00000, 0x000000070aa00000| Untracked 
|   6|0x000000070ac00000, 0x000000070ae00000, 0x000000070ae00000|100%| O|  |TAMS 0x000000070ac00000, 0x000000070ac00000| Untracked 
|   7|0x000000070ae00000, 0x000000070b000000, 0x000000070b000000|100%| O|  |TAMS 0x000000070ae00000, 0x000000070ae00000| Untracked 
|   8|0x000000070b000000, 0x000000070b200000, 0x000000070b200000|100%| O|  |TAMS 0x000000070b000000, 0x000000070b000000| Untracked 
|   9|0x000000070b200000, 0x000000070b383600, 0x000000070b400000| 75%| O|  |TAMS 0x000000070b200000, 0x000000070b200000| Untracked 
|  10|0x000000070b400000, 0x000000070b400000, 0x000000070b600000|  0%| F|  |TAMS 0x000000070b400000, 0x000000070b400000| Untracked 
|  11|0x000000070b600000, 0x000000070b600000, 0x000000070b800000|  0%| F|  |TAMS 0x000000070b600000, 0x000000070b600000| Untracked 
|  12|0x000000070b800000, 0x000000070b800000, 0x000000070ba00000|  0%| F|  |TAMS 0x000000070b800000, 0x000000070b800000| Untracked 
|  13|0x000000070ba00000, 0x000000070ba00000, 0x000000070bc00000|  0%| F|  |TAMS 0x000000070ba00000, 0x000000070ba00000| Untracked 
|  14|0x000000070bc00000, 0x000000070bc00000, 0x000000070be00000|  0%| F|  |TAMS 0x000000070bc00000, 0x000000070bc00000| Untracked 
|  15|0x000000070be00000, 0x000000070be00000, 0x000000070c000000|  0%| F|  |TAMS 0x000000070be00000, 0x000000070be00000| Untracked 
|  16|0x000000070c000000, 0x000000070c000000, 0x000000070c200000|  0%| F|  |TAMS 0x000000070c000000, 0x000000070c000000| Untracked 
|  17|0x000000070c200000, 0x000000070c200000, 0x000000070c400000|  0%| F|  |TAMS 0x000000070c200000, 0x000000070c200000| Untracked 
|  18|0x000000070c400000, 0x000000070c400000, 0x000000070c600000|  0%| F|  |TAMS 0x000000070c400000, 0x000000070c400000| Untracked 
|  19|0x000000070c600000, 0x000000070c600000, 0x000000070c800000|  0%| F|  |TAMS 0x000000070c600000, 0x000000070c600000| Untracked 
|  20|0x000000070c800000, 0x000000070c800000, 0x000000070ca00000|  0%| F|  |TAMS 0x000000070c800000, 0x000000070c800000| Untracked 
|  21|0x000000070ca00000, 0x000000070ca00000, 0x000000070cc00000|  0%| F|  |TAMS 0x000000070ca00000, 0x000000070ca00000| Untracked 
|  22|0x000000070cc00000, 0x000000070cc00000, 0x000000070ce00000|  0%| F|  |TAMS 0x000000070cc00000, 0x000000070cc00000| Untracked 
|  23|0x000000070ce00000, 0x000000070ce00000, 0x000000070d000000|  0%| F|  |TAMS 0x000000070ce00000, 0x000000070ce00000| Untracked 
|  24|0x000000070d000000, 0x000000070d000000, 0x000000070d200000|  0%| F|  |TAMS 0x000000070d000000, 0x000000070d000000| Untracked 
|  25|0x000000070d200000, 0x000000070d200000, 0x000000070d400000|  0%| F|  |TAMS 0x000000070d200000, 0x000000070d200000| Untracked 
|  26|0x000000070d400000, 0x000000070d400000, 0x000000070d600000|  0%| F|  |TAMS 0x000000070d400000, 0x000000070d400000| Untracked 
|  27|0x000000070d600000, 0x000000070d600000, 0x000000070d800000|  0%| F|  |TAMS 0x000000070d600000, 0x000000070d600000| Untracked 
|  28|0x000000070d800000, 0x000000070d800000, 0x000000070da00000|  0%| F|  |TAMS 0x000000070d800000, 0x000000070d800000| Untracked 
|  29|0x000000070da00000, 0x000000070da00000, 0x000000070dc00000|  0%| F|  |TAMS 0x000000070da00000, 0x000000070da00000| Untracked 
|  30|0x000000070dc00000, 0x000000070dc00000, 0x000000070de00000|  0%| F|  |TAMS 0x000000070dc00000, 0x000000070dc00000| Untracked 
|  31|0x000000070de00000, 0x000000070de00000, 0x000000070e000000|  0%| F|  |TAMS 0x000000070de00000, 0x000000070de00000| Untracked 
|  32|0x000000070e000000, 0x000000070e000000, 0x000000070e200000|  0%| F|  |TAMS 0x000000070e000000, 0x000000070e000000| Untracked 
|  33|0x000000070e200000, 0x000000070e200000, 0x000000070e400000|  0%| F|  |TAMS 0x000000070e200000, 0x000000070e200000| Untracked 
|  34|0x000000070e400000, 0x000000070e400000, 0x000000070e600000|  0%| F|  |TAMS 0x000000070e400000, 0x000000070e400000| Untracked 
|  35|0x000000070e600000, 0x000000070e600000, 0x000000070e800000|  0%| F|  |TAMS 0x000000070e600000, 0x000000070e600000| Untracked 
|  36|0x000000070e800000, 0x000000070e800000, 0x000000070ea00000|  0%| F|  |TAMS 0x000000070e800000, 0x000000070e800000| Untracked 
|  37|0x000000070ea00000, 0x000000070ea00000, 0x000000070ec00000|  0%| F|  |TAMS 0x000000070ea00000, 0x000000070ea00000| Untracked 
|  38|0x000000070ec00000, 0x000000070ec00000, 0x000000070ee00000|  0%| F|  |TAMS 0x000000070ec00000, 0x000000070ec00000| Untracked 
|  39|0x000000070ee00000, 0x000000070ee00000, 0x000000070f000000|  0%| F|  |TAMS 0x000000070ee00000, 0x000000070ee00000| Untracked 
|  40|0x000000070f000000, 0x000000070f000000, 0x000000070f200000|  0%| F|  |TAMS 0x000000070f000000, 0x000000070f000000| Untracked 
|  41|0x000000070f200000, 0x000000070f200000, 0x000000070f400000|  0%| F|  |TAMS 0x000000070f200000, 0x000000070f200000| Untracked 
|  42|0x000000070f400000, 0x000000070f400000, 0x000000070f600000|  0%| F|  |TAMS 0x000000070f400000, 0x000000070f400000| Untracked 
|  43|0x000000070f600000, 0x000000070f600000, 0x000000070f800000|  0%| F|  |TAMS 0x000000070f600000, 0x000000070f600000| Untracked 
|  44|0x000000070f800000, 0x000000070f800000, 0x000000070fa00000|  0%| F|  |TAMS 0x000000070f800000, 0x000000070f800000| Untracked 
|  45|0x000000070fa00000, 0x000000070fa00000, 0x000000070fc00000|  0%| F|  |TAMS 0x000000070fa00000, 0x000000070fa00000| Untracked 
|  46|0x000000070fc00000, 0x000000070fc00000, 0x000000070fe00000|  0%| F|  |TAMS 0x000000070fc00000, 0x000000070fc00000| Untracked 
|  47|0x000000070fe00000, 0x000000070fe00000, 0x0000000710000000|  0%| F|  |TAMS 0x000000070fe00000, 0x000000070fe00000| Untracked 
|  48|0x0000000710000000, 0x0000000710018bd0, 0x0000000710200000|  4%| S|CS|TAMS 0x0000000710000000, 0x0000000710000000| Complete 
|  49|0x0000000710200000, 0x0000000710400000, 0x0000000710400000|100%| S|CS|TAMS 0x0000000710200000, 0x0000000710200000| Complete 
|  50|0x0000000710400000, 0x0000000710400000, 0x0000000710600000|  0%| F|  |TAMS 0x0000000710400000, 0x0000000710400000| Untracked 
|  51|0x0000000710600000, 0x0000000710600000, 0x0000000710800000|  0%| F|  |TAMS 0x0000000710600000, 0x0000000710600000| Untracked 
|  52|0x0000000710800000, 0x0000000710800000, 0x0000000710a00000|  0%| F|  |TAMS 0x0000000710800000, 0x0000000710800000| Untracked 
|  53|0x0000000710a00000, 0x0000000710a00000, 0x0000000710c00000|  0%| F|  |TAMS 0x0000000710a00000, 0x0000000710a00000| Untracked 
|  54|0x0000000710c00000, 0x0000000710c00000, 0x0000000710e00000|  0%| F|  |TAMS 0x0000000710c00000, 0x0000000710c00000| Untracked 
|  55|0x0000000710e00000, 0x0000000710e00000, 0x0000000711000000|  0%| F|  |TAMS 0x0000000710e00000, 0x0000000710e00000| Untracked 
|  56|0x0000000711000000, 0x0000000711000000, 0x0000000711200000|  0%| F|  |TAMS 0x0000000711000000, 0x0000000711000000| Untracked 
|  57|0x0000000711200000, 0x0000000711200000, 0x0000000711400000|  0%| F|  |TAMS 0x0000000711200000, 0x0000000711200000| Untracked 
|  58|0x0000000711400000, 0x0000000711400000, 0x0000000711600000|  0%| F|  |TAMS 0x0000000711400000, 0x0000000711400000| Untracked 
|  59|0x0000000711600000, 0x0000000711600000, 0x0000000711800000|  0%| F|  |TAMS 0x0000000711600000, 0x0000000711600000| Untracked 
|  60|0x0000000711800000, 0x0000000711800000, 0x0000000711a00000|  0%| F|  |TAMS 0x0000000711800000, 0x0000000711800000| Untracked 
|  61|0x0000000711a00000, 0x0000000711a00000, 0x0000000711c00000|  0%| F|  |TAMS 0x0000000711a00000, 0x0000000711a00000| Untracked 
|  62|0x0000000711c00000, 0x0000000711c00000, 0x0000000711e00000|  0%| F|  |TAMS 0x0000000711c00000, 0x0000000711c00000| Untracked 
|  63|0x0000000711e00000, 0x0000000711e00000, 0x0000000712000000|  0%| F|  |TAMS 0x0000000711e00000, 0x0000000711e00000| Untracked 
|  64|0x0000000712000000, 0x0000000712000000, 0x0000000712200000|  0%| F|  |TAMS 0x0000000712000000, 0x0000000712000000| Untracked 
|  65|0x0000000712200000, 0x0000000712200000, 0x0000000712400000|  0%| F|  |TAMS 0x0000000712200000, 0x0000000712200000| Untracked 
|  66|0x0000000712400000, 0x0000000712400000, 0x0000000712600000|  0%| F|  |TAMS 0x0000000712400000, 0x0000000712400000| Untracked 
|  67|0x0000000712600000, 0x0000000712600000, 0x0000000712800000|  0%| F|  |TAMS 0x0000000712600000, 0x0000000712600000| Untracked 
|  68|0x0000000712800000, 0x0000000712800000, 0x0000000712a00000|  0%| F|  |TAMS 0x0000000712800000, 0x0000000712800000| Untracked 
|  69|0x0000000712a00000, 0x0000000712a00000, 0x0000000712c00000|  0%| F|  |TAMS 0x0000000712a00000, 0x0000000712a00000| Untracked 
|  70|0x0000000712c00000, 0x0000000712c00000, 0x0000000712e00000|  0%| F|  |TAMS 0x0000000712c00000, 0x0000000712c00000| Untracked 
|  71|0x0000000712e00000, 0x0000000712e00000, 0x0000000713000000|  0%| F|  |TAMS 0x0000000712e00000, 0x0000000712e00000| Untracked 
|  72|0x0000000713000000, 0x0000000713000000, 0x0000000713200000|  0%| F|  |TAMS 0x0000000713000000, 0x0000000713000000| Untracked 
|  73|0x0000000713200000, 0x0000000713200000, 0x0000000713400000|  0%| F|  |TAMS 0x0000000713200000, 0x0000000713200000| Untracked 
|  74|0x0000000713400000, 0x0000000713400000, 0x0000000713600000|  0%| F|  |TAMS 0x0000000713400000, 0x0000000713400000| Untracked 
|  75|0x0000000713600000, 0x0000000713600000, 0x0000000713800000|  0%| F|  |TAMS 0x0000000713600000, 0x0000000713600000| Untracked 
|  76|0x0000000713800000, 0x0000000713800000, 0x0000000713a00000|  0%| F|  |TAMS 0x0000000713800000, 0x0000000713800000| Untracked 
|  77|0x0000000713a00000, 0x0000000713a00000, 0x0000000713c00000|  0%| F|  |TAMS 0x0000000713a00000, 0x0000000713a00000| Untracked 
|  78|0x0000000713c00000, 0x0000000713c00000, 0x0000000713e00000|  0%| F|  |TAMS 0x0000000713c00000, 0x0000000713c00000| Untracked 
|  79|0x0000000713e00000, 0x0000000713e00000, 0x0000000714000000|  0%| F|  |TAMS 0x0000000713e00000, 0x0000000713e00000| Untracked 
|  80|0x0000000714000000, 0x0000000714000000, 0x0000000714200000|  0%| F|  |TAMS 0x0000000714000000, 0x0000000714000000| Untracked 
|  81|0x0000000714200000, 0x0000000714200000, 0x0000000714400000|  0%| F|  |TAMS 0x0000000714200000, 0x0000000714200000| Untracked 
|  82|0x0000000714400000, 0x0000000714400000, 0x0000000714600000|  0%| F|  |TAMS 0x0000000714400000, 0x0000000714400000| Untracked 
|  83|0x0000000714600000, 0x0000000714600000, 0x0000000714800000|  0%| F|  |TAMS 0x0000000714600000, 0x0000000714600000| Untracked 
|  84|0x0000000714800000, 0x0000000714900800, 0x0000000714a00000| 50%| E|  |TAMS 0x0000000714800000, 0x0000000714800000| Complete 
|  85|0x0000000714a00000, 0x0000000714c00000, 0x0000000714c00000|100%| E|CS|TAMS 0x0000000714a00000, 0x0000000714a00000| Complete 
|  86|0x0000000714c00000, 0x0000000714e00000, 0x0000000714e00000|100%| E|CS|TAMS 0x0000000714c00000, 0x0000000714c00000| Complete 
|  87|0x0000000714e00000, 0x0000000715000000, 0x0000000715000000|100%| E|CS|TAMS 0x0000000714e00000, 0x0000000714e00000| Complete 
|  88|0x0000000715000000, 0x0000000715200000, 0x0000000715200000|100%| E|CS|TAMS 0x0000000715000000, 0x0000000715000000| Complete 
|  89|0x0000000715200000, 0x0000000715400000, 0x0000000715400000|100%| E|CS|TAMS 0x0000000715200000, 0x0000000715200000| Complete 
|  90|0x0000000715400000, 0x0000000715600000, 0x0000000715600000|100%| E|CS|TAMS 0x0000000715400000, 0x0000000715400000| Complete 
|  91|0x0000000715600000, 0x0000000715800000, 0x0000000715800000|100%| E|CS|TAMS 0x0000000715600000, 0x0000000715600000| Complete 
|  92|0x0000000715800000, 0x0000000715a00000, 0x0000000715a00000|100%| E|CS|TAMS 0x0000000715800000, 0x0000000715800000| Complete 
|  93|0x0000000715a00000, 0x0000000715c00000, 0x0000000715c00000|100%| E|CS|TAMS 0x0000000715a00000, 0x0000000715a00000| Complete 
|  94|0x0000000715c00000, 0x0000000715e00000, 0x0000000715e00000|100%| E|CS|TAMS 0x0000000715c00000, 0x0000000715c00000| Complete 
|  95|0x0000000715e00000, 0x0000000716000000, 0x0000000716000000|100%| E|CS|TAMS 0x0000000715e00000, 0x0000000715e00000| Complete 
|  96|0x0000000716000000, 0x0000000716200000, 0x0000000716200000|100%| E|CS|TAMS 0x0000000716000000, 0x0000000716000000| Complete 
|  97|0x0000000716200000, 0x0000000716400000, 0x0000000716400000|100%| E|CS|TAMS 0x0000000716200000, 0x0000000716200000| Complete 
|  98|0x0000000716400000, 0x0000000716600000, 0x0000000716600000|100%| E|CS|TAMS 0x0000000716400000, 0x0000000716400000| Complete 
|  99|0x0000000716600000, 0x0000000716800000, 0x0000000716800000|100%| E|CS|TAMS 0x0000000716600000, 0x0000000716600000| Complete 
| 100|0x0000000716800000, 0x0000000716a00000, 0x0000000716a00000|100%| E|CS|TAMS 0x0000000716800000, 0x0000000716800000| Complete 
| 101|0x0000000716a00000, 0x0000000716c00000, 0x0000000716c00000|100%| E|CS|TAMS 0x0000000716a00000, 0x0000000716a00000| Complete 
| 102|0x0000000716c00000, 0x0000000716e00000, 0x0000000716e00000|100%| E|CS|TAMS 0x0000000716c00000, 0x0000000716c00000| Complete 
| 103|0x0000000716e00000, 0x0000000717000000, 0x0000000717000000|100%| E|CS|TAMS 0x0000000716e00000, 0x0000000716e00000| Complete 
| 104|0x0000000717000000, 0x0000000717200000, 0x0000000717200000|100%| E|CS|TAMS 0x0000000717000000, 0x0000000717000000| Complete 
| 105|0x0000000717200000, 0x0000000717400000, 0x0000000717400000|100%| E|CS|TAMS 0x0000000717200000, 0x0000000717200000| Complete 
| 106|0x0000000717400000, 0x0000000717600000, 0x0000000717600000|100%| E|CS|TAMS 0x0000000717400000, 0x0000000717400000| Complete 
| 107|0x0000000717600000, 0x0000000717800000, 0x0000000717800000|100%| E|CS|TAMS 0x0000000717600000, 0x0000000717600000| Complete 
| 108|0x0000000717800000, 0x0000000717a00000, 0x0000000717a00000|100%| E|CS|TAMS 0x0000000717800000, 0x0000000717800000| Complete 
| 109|0x0000000717a00000, 0x0000000717c00000, 0x0000000717c00000|100%| E|CS|TAMS 0x0000000717a00000, 0x0000000717a00000| Complete 
| 110|0x0000000717c00000, 0x0000000717e00000, 0x0000000717e00000|100%| E|CS|TAMS 0x0000000717c00000, 0x0000000717c00000| Complete 
| 111|0x0000000717e00000, 0x0000000718000000, 0x0000000718000000|100%| E|CS|TAMS 0x0000000717e00000, 0x0000000717e00000| Complete 
| 112|0x0000000718000000, 0x0000000718200000, 0x0000000718200000|100%| E|CS|TAMS 0x0000000718000000, 0x0000000718000000| Complete 
| 113|0x0000000718200000, 0x0000000718400000, 0x0000000718400000|100%| E|CS|TAMS 0x0000000718200000, 0x0000000718200000| Complete 
| 114|0x0000000718400000, 0x0000000718600000, 0x0000000718600000|100%| E|CS|TAMS 0x0000000718400000, 0x0000000718400000| Complete 
| 115|0x0000000718600000, 0x0000000718800000, 0x0000000718800000|100%| E|CS|TAMS 0x0000000718600000, 0x0000000718600000| Complete 
| 116|0x0000000718800000, 0x0000000718a00000, 0x0000000718a00000|100%| E|CS|TAMS 0x0000000718800000, 0x0000000718800000| Complete 
| 117|0x0000000718a00000, 0x0000000718c00000, 0x0000000718c00000|100%| E|CS|TAMS 0x0000000718a00000, 0x0000000718a00000| Complete 
| 118|0x0000000718c00000, 0x0000000718e00000, 0x0000000718e00000|100%| E|CS|TAMS 0x0000000718c00000, 0x0000000718c00000| Complete 
| 119|0x0000000718e00000, 0x0000000719000000, 0x0000000719000000|100%| E|CS|TAMS 0x0000000718e00000, 0x0000000718e00000| Complete 
| 120|0x0000000719000000, 0x0000000719200000, 0x0000000719200000|100%| E|CS|TAMS 0x0000000719000000, 0x0000000719000000| Complete 
| 121|0x0000000719200000, 0x0000000719400000, 0x0000000719400000|100%| E|CS|TAMS 0x0000000719200000, 0x0000000719200000| Complete 
| 122|0x0000000719400000, 0x0000000719600000, 0x0000000719600000|100%| E|CS|TAMS 0x0000000719400000, 0x0000000719400000| Complete 

Card table byte_map: [0x000002325c380000,0x000002325cb30000] _byte_map_base: 0x0000023258b30000

Marking Bits (Prev, Next): (CMBitMap*) 0x00000232448c9aa0, (CMBitMap*) 0x00000232448c9ae0
 Prev Bits: [0x000002325d2e0000, 0x0000023261060000)
 Next Bits: [0x0000023261060000, 0x0000023264de0000)

Polling page: 0x00000232427b0000

Metaspace:

Usage:
  Non-class:      9.17 MB used.
      Class:    678.52 KB used.
       Both:      9.84 MB used.

Virtual space:
  Non-class space:       16.00 MB reserved,       9.25 MB ( 58%) committed,  2 nodes.
      Class space:        1.00 GB reserved,     704.00 KB ( <1%) committed,  1 nodes.
             Both:        1.02 GB reserved,       9.94 MB ( <1%) committed. 

Chunk freelists:
   Non-Class:  608.00 KB
       Class:  3.19 MB
        Both:  3.78 MB

MaxMetaspaceSize: unlimited
CompressedClassSpaceSize: 1.00 GB
Initial GC threshold: 21.00 MB
Current GC threshold: 21.00 MB
CDS: on
MetaspaceReclaimPolicy: balanced
 - commit_granule_bytes: 65536.
 - commit_granule_words: 8192.
 - virtual_space_node_default_size: 1048576.
 - enlarge_chunks_in_place: 1.
 - new_chunks_are_fully_committed: 0.
 - uncommit_free_chunks: 1.
 - use_allocation_guard: 0.
 - handle_deallocations: 1.


Internal statistics:

num_allocs_failed_limit: 0.
num_arena_births: 44.
num_arena_deaths: 0.
num_vsnodes_births: 3.
num_vsnodes_deaths: 0.
num_space_committed: 157.
num_space_uncommitted: 0.
num_chunks_returned_to_freelist: 0.
num_chunks_taken_from_freelist: 323.
num_chunk_merges: 0.
num_chunk_splits: 273.
num_chunks_enlarged: 251.
num_purges: 0.
num_inconsistent_stats: 0.

CodeHeap 'non-profiled nmethods': size=119168Kb used=1971Kb max_used=1971Kb free=117196Kb
 bounds [0x0000023253ee0000, 0x0000023254150000, 0x000002325b340000]
CodeHeap 'profiled nmethods': size=119104Kb used=4533Kb max_used=4533Kb free=114570Kb
 bounds [0x000002324ca90000, 0x000002324cf00000, 0x0000023253ee0000]
CodeHeap 'non-nmethods': size=7488Kb used=1652Kb max_used=3398Kb free=5835Kb
 bounds [0x000002324c340000, 0x000002324c6a0000, 0x000002324ca90000]
 total_blobs=3514 nmethods=2417 adapters=1010
 compilation: enabled
              stopped_count=0, restarted_count=0
 full_count=0

Compilation events (20 events):
Event: 25.652 Thread 0x0000023267d9d970 nmethod 2409 0x00000232540bff10 code [0x00000232540c01c0, 0x00000232540c1a10]
Event: 25.659 Thread 0x000002327c8fe480 nmethod 2408 0x00000232540c2690 code [0x00000232540c29a0, 0x00000232540c4c50]
Event: 25.988 Thread 0x000002327c8fe480 2410       4       com.badlogic.gdx.utils.Array$ArrayIterator::<init> (20 bytes)
Event: 25.988 Thread 0x0000023267d9d970 2411       4       java.lang.StringBuilder::charAt (6 bytes)
Event: 25.990 Thread 0x000002327c8fe480 nmethod 2410 0x00000232540c5f90 code [0x00000232540c6100, 0x00000232540c6258]
Event: 25.990 Thread 0x0000023267d9d970 nmethod 2411 0x00000232540c6310 code [0x00000232540c64a0, 0x00000232540c65d8]
Event: 26.070 Thread 0x0000023267d9d970 2412       4       com.badlogic.gdx.utils.StreamUtils::copyStream (22 bytes)
Event: 26.085 Thread 0x0000023267d9d970 nmethod 2412 0x00000232540c6710 code [0x00000232540c6920, 0x00000232540c7a30]
Event: 26.801 Thread 0x000002327c8fe480 2413       4       java.io.File::<init> (47 bytes)
Event: 26.807 Thread 0x000002327c8fe480 nmethod 2413 0x00000232540c8310 code [0x00000232540c84e0, 0x00000232540c8ab0]
Event: 28.021 Thread 0x000002327c8fe480 2414       4       com.badlogic.gdx.graphics.g2d.GlyphLayout$GlyphRun::reset (20 bytes)
Event: 28.027 Thread 0x000002327c8fe480 nmethod 2414 0x00000232540c9090 code [0x00000232540c9220, 0x00000232540c9418]
Event: 28.206 Thread 0x0000023267d9d970 2415       4       com.badlogic.gdx.graphics.g2d.BitmapFontCache::addText (56 bytes)
Event: 28.225 Thread 0x0000023267d9d970 nmethod 2415 0x00000232540c9610 code [0x00000232540c9840, 0x00000232540ca540]
Event: 28.515 Thread 0x0000023267d9d970 2416       4       java.util.regex.Matcher::start (65 bytes)
Event: 28.516 Thread 0x0000023267d9d970 nmethod 2416 0x00000232540cad10 code [0x00000232540caea0, 0x00000232540cafb8]
Event: 29.456 Thread 0x0000023267d9d970 2417       4       com.badlogic.gdx.math.Matrix4::det (444 bytes)
Event: 29.463 Thread 0x0000023267d9d970 nmethod 2417 0x00000232540cb110 code [0x00000232540cb280, 0x00000232540cb4f8]
Event: 30.125 Thread 0x0000023267d9d970 2418       4       com.badlogic.gdx.graphics.g3d.utils.MeshBuilder::begin (335 bytes)
Event: 30.174 Thread 0x0000023267d9d970 nmethod 2418 0x00000232540cb590 code [0x00000232540cb780, 0x00000232540cc498]

GC Heap History (8 events):
Event: 2.936 GC heap before
{Heap before GC invocations=0 (full 0):
 garbage-first heap   total 251904K, used 22528K [0x000000070a000000, 0x0000000800000000)
  region size 2048K, 11 young (22528K), 0 survivors (0K)
 Metaspace       used 7228K, committed 7360K, reserved 1064960K
  class space    used 442K, committed 512K, reserved 1048576K
}
Event: 2.942 GC heap after
{Heap after GC invocations=1 (full 0):
 garbage-first heap   total 251904K, used 2713K [0x000000070a000000, 0x0000000800000000)
  region size 2048K, 2 young (4096K), 2 survivors (4096K)
 Metaspace       used 7228K, committed 7360K, reserved 1064960K
  class space    used 442K, committed 512K, reserved 1048576K
}
Event: 5.742 GC heap before
{Heap before GC invocations=1 (full 0):
 garbage-first heap   total 251904K, used 41625K [0x000000070a000000, 0x0000000800000000)
  region size 2048K, 19 young (38912K), 2 survivors (4096K)
 Metaspace       used 9734K, committed 9856K, reserved 1064960K
  class space    used 676K, committed 704K, reserved 1048576K
}
Event: 5.779 GC heap after
{Heap after GC invocations=2 (full 0):
 garbage-first heap   total 251904K, used 19795K [0x000000070a000000, 0x0000000800000000)
  region size 2048K, 3 young (6144K), 3 survivors (6144K)
 Metaspace       used 9734K, committed 9856K, reserved 1064960K
  class space    used 676K, committed 704K, reserved 1048576K
}
Event: 6.318 GC heap before
{Heap before GC invocations=2 (full 0):
 garbage-first heap   total 251904K, used 25939K [0x000000070a000000, 0x0000000800000000)
  region size 2048K, 6 young (12288K), 3 survivors (6144K)
 Metaspace       used 9757K, committed 9856K, reserved 1064960K
  class space    used 676K, committed 704K, reserved 1048576K
}
Event: 6.333 GC heap after
{Heap after GC invocations=3 (full 0):
 garbage-first heap   total 251904K, used 20912K [0x000000070a000000, 0x0000000800000000)
  region size 2048K, 1 young (2048K), 1 survivors (2048K)
 Metaspace       used 9757K, committed 9856K, reserved 1064960K
  class space    used 676K, committed 704K, reserved 1048576K
}
Event: 22.038 GC heap before
{Heap before GC invocations=3 (full 0):
 garbage-first heap   total 251904K, used 166320K [0x000000070a000000, 0x0000000800000000)
  region size 2048K, 73 young (149504K), 1 survivors (2048K)
 Metaspace       used 10061K, committed 10176K, reserved 1064960K
  class space    used 677K, committed 704K, reserved 1048576K
}
Event: 22.041 GC heap after
{Heap after GC invocations=4 (full 0):
 garbage-first heap   total 251904K, used 22128K [0x000000070a000000, 0x0000000800000000)
  region size 2048K, 2 young (4096K), 2 survivors (4096K)
 Metaspace       used 10061K, committed 10176K, reserved 1064960K
  class space    used 677K, committed 704K, reserved 1048576K
}

Deoptimization events (20 events):
Event: 12.313 Thread 0x0000023244871110 DEOPT PACKING pc=0x000002324cea4f11 sp=0x0000003ca33fe890
Event: 12.313 Thread 0x0000023244871110 DEOPT UNPACKING pc=0x000002324c392b43 sp=0x0000003ca33fdd88 mode 0
Event: 12.349 Thread 0x0000023244871110 DEOPT PACKING pc=0x000002324cea1e88 sp=0x0000003ca33fe930
Event: 12.349 Thread 0x0000023244871110 DEOPT UNPACKING pc=0x000002324c392b43 sp=0x0000003ca33fde08 mode 0
Event: 12.398 Thread 0x0000023244871110 DEOPT PACKING pc=0x000002324cea1e88 sp=0x0000003ca33fe930
Event: 12.399 Thread 0x0000023244871110 DEOPT UNPACKING pc=0x000002324c392b43 sp=0x0000003ca33fde08 mode 0
Event: 12.401 Thread 0x0000023244871110 DEOPT PACKING pc=0x000002324cea1e88 sp=0x0000003ca33fe930
Event: 12.401 Thread 0x0000023244871110 DEOPT UNPACKING pc=0x000002324c392b43 sp=0x0000003ca33fde08 mode 0
Event: 12.452 Thread 0x0000023244871110 DEOPT PACKING pc=0x000002324cea1e88 sp=0x0000003ca33fe930
Event: 12.452 Thread 0x0000023244871110 DEOPT UNPACKING pc=0x000002324c392b43 sp=0x0000003ca33fde08 mode 0
Event: 12.454 Thread 0x0000023244871110 DEOPT PACKING pc=0x000002324cea4f11 sp=0x0000003ca33fe890
Event: 12.454 Thread 0x0000023244871110 DEOPT UNPACKING pc=0x000002324c392b43 sp=0x0000003ca33fdd88 mode 0
Event: 12.584 Thread 0x0000023244871110 DEOPT PACKING pc=0x000002324cea4f11 sp=0x0000003ca33fe890
Event: 12.584 Thread 0x0000023244871110 DEOPT UNPACKING pc=0x000002324c392b43 sp=0x0000003ca33fdd88 mode 0
Event: 12.685 Thread 0x0000023244871110 DEOPT PACKING pc=0x000002324cea4f11 sp=0x0000003ca33fe890
Event: 12.685 Thread 0x0000023244871110 DEOPT UNPACKING pc=0x000002324c392b43 sp=0x0000003ca33fdd88 mode 0
Event: 12.829 Thread 0x0000023244871110 DEOPT PACKING pc=0x000002324cea4f11 sp=0x0000003ca33fe890
Event: 12.829 Thread 0x0000023244871110 DEOPT UNPACKING pc=0x000002324c392b43 sp=0x0000003ca33fdd88 mode 0
Event: 12.922 Thread 0x0000023244871110 DEOPT PACKING pc=0x000002324cea4f11 sp=0x0000003ca33fe890
Event: 12.922 Thread 0x0000023244871110 DEOPT UNPACKING pc=0x000002324c392b43 sp=0x0000003ca33fdd88 mode 0

Classes unloaded (0 events):
No events

Classes redefined (0 events):
No events

Internal exceptions (19 events):
Event: 0.322 Thread 0x0000023244871110 Exception <a 'java/lang/NoSuchMethodError'{0x0000000719186c28}: 'java.lang.Object java.lang.invoke.DirectMethodHandle$Holder.invokeStaticInit(java.lang.Object)'> (0x0000000719186c28) 
thrown [e:\jenkins\tmp\workspace\build\src\src\hotspot\share\interpreter\linkResolver.cpp, line 766]
Event: 0.339 Thread 0x0000023244871110 Exception <a 'java/lang/NoSuchMethodError'{0x00000007191e8928}: 'void java.lang.invoke.DirectMethodHandle$Holder.invokeStatic(java.lang.Object, java.lang.Object)'> (0x00000007191e8928) 
thrown [e:\jenkins\tmp\workspace\build\src\src\hotspot\share\interpreter\linkResolver.cpp, line 766]
Event: 0.341 Thread 0x0000023244871110 Exception <a 'java/lang/NoSuchMethodError'{0x00000007191ee170}: 'void java.lang.invoke.DirectMethodHandle$Holder.invokeSpecial(java.lang.Object, java.lang.Object, java.lang.Object)'> (0x00000007191ee170) 
thrown [e:\jenkins\tmp\workspace\build\src\src\hotspot\share\interpreter\linkResolver.cpp, line 766]
Event: 0.346 Thread 0x0000023244871110 Exception <a 'java/lang/NoSuchMethodError'{0x0000000718e01990}: 'java.lang.Object java.lang.invoke.DirectMethodHandle$Holder.invokeStatic(java.lang.Object, java.lang.Object, int)'> (0x0000000718e01990) 
thrown [e:\jenkins\tmp\workspace\build\src\src\hotspot\share\interpreter\linkResolver.cpp, line 766]
Event: 0.348 Thread 0x0000023244871110 Exception <a 'java/lang/NoSuchMethodError'{0x0000000718e0d700}: 'void java.lang.invoke.DelegatingMethodHandle$Holder.delegate(java.lang.Object, java.lang.Object, int, java.lang.Object)'> (0x0000000718e0d700) 
thrown [e:\jenkins\tmp\workspace\build\src\src\hotspot\share\interpreter\linkResolver.cpp, line 766]
Event: 0.349 Thread 0x0000023244871110 Exception <a 'java/lang/NoSuchMethodError'{0x0000000718e11940}: 'int java.lang.invoke.DirectMethodHandle$Holder.invokeSpecial(java.lang.Object, java.lang.Object, java.lang.Object)'> (0x0000000718e11940) 
thrown [e:\jenkins\tmp\workspace\build\src\src\hotspot\share\interpreter\linkResolver.cpp, line 766]
Event: 0.400 Thread 0x0000023244871110 Exception <a 'sun/nio/fs/WindowsException'{0x0000000718eb8470}> (0x0000000718eb8470) 
thrown [e:\jenkins\tmp\workspace\build\src\src\hotspot\share\prims\jni.cpp, line 516]
Event: 0.401 Thread 0x0000023244871110 Exception <a 'sun/nio/fs/WindowsException'{0x0000000718eb89c8}> (0x0000000718eb89c8) 
thrown [e:\jenkins\tmp\workspace\build\src\src\hotspot\share\prims\jni.cpp, line 516]
Event: 0.441 Thread 0x0000023244871110 Exception <a 'sun/nio/fs/WindowsException'{0x0000000718fa6400}> (0x0000000718fa6400) 
thrown [e:\jenkins\tmp\workspace\build\src\src\hotspot\share\prims\jni.cpp, line 516]
Event: 0.441 Thread 0x0000023244871110 Exception <a 'sun/nio/fs/WindowsException'{0x0000000718fa67a0}> (0x0000000718fa67a0) 
thrown [e:\jenkins\tmp\workspace\build\src\src\hotspot\share\prims\jni.cpp, line 516]
Event: 0.473 Thread 0x0000023244871110 Exception <a 'sun/nio/fs/WindowsException'{0x0000000718c55880}> (0x0000000718c55880) 
thrown [e:\jenkins\tmp\workspace\build\src\src\hotspot\share\prims\jni.cpp, line 516]
Event: 0.473 Thread 0x0000023244871110 Exception <a 'sun/nio/fs/WindowsException'{0x0000000718c55bf0}> (0x0000000718c55bf0) 
thrown [e:\jenkins\tmp\workspace\build\src\src\hotspot\share\prims\jni.cpp, line 516]
Event: 0.564 Thread 0x0000023244871110 Exception <a 'sun/nio/fs/WindowsException'{0x0000000718cd9ba8}> (0x0000000718cd9ba8) 
thrown [e:\jenkins\tmp\workspace\build\src\src\hotspot\share\prims\jni.cpp, line 516]
Event: 0.564 Thread 0x0000023244871110 Exception <a 'sun/nio/fs/WindowsException'{0x0000000718cd9f30}> (0x0000000718cd9f30) 
thrown [e:\jenkins\tmp\workspace\build\src\src\hotspot\share\prims\jni.cpp, line 516]
Event: 1.273 Thread 0x0000023244871110 Exception <a 'sun/nio/fs/WindowsException'{0x0000000718abc8d0}> (0x0000000718abc8d0) 
thrown [e:\jenkins\tmp\workspace\build\src\src\hotspot\share\prims\jni.cpp, line 516]
Event: 1.273 Thread 0x0000023244871110 Exception <a 'sun/nio/fs/WindowsException'{0x0000000718abcc80}> (0x0000000718abcc80) 
thrown [e:\jenkins\tmp\workspace\build\src\src\hotspot\share\prims\jni.cpp, line 516]
Event: 1.279 Thread 0x0000023244871110 Exception <a 'sun/nio/fs/WindowsException'{0x0000000718ac8db0}> (0x0000000718ac8db0) 
thrown [e:\jenkins\tmp\workspace\build\src\src\hotspot\share\prims\jni.cpp, line 516]
Event: 1.279 Thread 0x0000023244871110 Exception <a 'sun/nio/fs/WindowsException'{0x0000000718ac9098}> (0x0000000718ac9098) 
thrown [e:\jenkins\tmp\workspace\build\src\src\hotspot\share\prims\jni.cpp, line 516]
Event: 5.088 Thread 0x0000023244871110 Implicit null exception at 0x0000023253f55f3f to 0x0000023253f5601c

VM Operations (20 events):
Event: 22.038 Executing VM operation: G1CollectForAllocation
Event: 22.041 Executing VM operation: G1CollectForAllocation done
Event: 23.042 Executing VM operation: Cleanup
Event: 23.042 Executing VM operation: Cleanup done
Event: 24.043 Executing VM operation: Cleanup
Event: 24.043 Executing VM operation: Cleanup done
Event: 25.044 Executing VM operation: Cleanup
Event: 25.044 Executing VM operation: Cleanup done
Event: 26.044 Executing VM operation: Cleanup
Event: 26.044 Executing VM operation: Cleanup done
Event: 27.879 Executing VM operation: ICBufferFull
Event: 27.879 Executing VM operation: ICBufferFull done
Event: 28.879 Executing VM operation: Cleanup
Event: 28.879 Executing VM operation: Cleanup done
Event: 29.880 Executing VM operation: Cleanup
Event: 29.880 Executing VM operation: Cleanup done
Event: 30.174 Executing VM operation: HandshakeAllThreads
Event: 30.174 Executing VM operation: HandshakeAllThreads done
Event: 31.174 Executing VM operation: Cleanup
Event: 31.174 Executing VM operation: Cleanup done

Events (20 events):
Event: 5.658 Thread 0x0000023273562350 Thread exited: 0x0000023273562350
Event: 5.779 Thread 0x0000023273561e40 Thread exited: 0x0000023273561e40
Event: 5.895 Thread 0x0000023277100530 Thread exited: 0x0000023277100530
Event: 5.936 Thread 0x0000023277100020 Thread exited: 0x0000023277100020
Event: 5.937 Thread 0x0000023268e2f800 Thread exited: 0x0000023268e2f800
Event: 6.029 Thread 0x0000023272ccd490 Thread exited: 0x0000023272ccd490
Event: 6.366 Thread 0x0000023272c025c0 Thread exited: 0x0000023272c025c0
Event: 8.837 Thread 0x0000023272ccc770 Thread exited: 0x0000023272ccc770
Event: 8.837 Thread 0x0000023272afae20 Thread exited: 0x0000023272afae20
Event: 11.780 Thread 0x0000023268934f10 Thread exited: 0x0000023268934f10
Event: 13.707 Thread 0x0000023279910390 Thread added: 0x0000023279910390
Event: 13.707 Thread 0x00000232799108a0 Thread added: 0x00000232799108a0
Event: 13.707 Thread 0x00000232730b9f80 Thread added: 0x00000232730b9f80
Event: 14.633 Thread 0x00000232730b9f80 Thread exited: 0x00000232730b9f80
Event: 14.633 Thread 0x00000232799108a0 Thread exited: 0x00000232799108a0
Event: 15.470 Thread 0x0000023279910390 Thread exited: 0x0000023279910390
Event: 25.254 Thread 0x000002327d287010 Thread added: 0x000002327d287010
Event: 25.254 Thread 0x000002327c8fe480 Thread added: 0x000002327c8fe480
Event: 28.206 Thread 0x000002327c8fe480 Thread exited: 0x000002327c8fe480
Event: 28.515 Thread 0x000002327d287010 Thread exited: 0x000002327d287010


Dynamic libraries:
0x00007ff7440e0000 - 0x00007ff7440ee000 	C:\Program Files\Eclipse Adoptium\jdk-17.0.1.12-hotspot\bin\java.exe
0x00007ffdc5cd0000 - 0x00007ffdc5ec5000 	C:\Windows\SYSTEM32\ntdll.dll
0x00007ffdc4060000 - 0x00007ffdc411d000 	C:\Windows\System32\KERNEL32.DLL
0x00007ffdc3720000 - 0x00007ffdc39ed000 	C:\Windows\System32\KERNELBASE.dll
0x00007ffdc33b0000 - 0x00007ffdc34b0000 	C:\Windows\System32\ucrtbase.dll
0x00007ffda3aa0000 - 0x00007ffda3ab8000 	C:\Program Files\Eclipse Adoptium\jdk-17.0.1.12-hotspot\bin\jli.dll
0x00007ffda3a80000 - 0x00007ffda3a99000 	C:\Program Files\Eclipse Adoptium\jdk-17.0.1.12-hotspot\bin\VCRUNTIME140.dll
0x00007ffdad620000 - 0x00007ffdad8ba000 	C:\Windows\WinSxS\amd64_microsoft.windows.common-controls_6595b64144ccf1df_6.0.19041.1110_none_60b5254171f9507e\COMCTL32.dll
0x00007ffdc5530000 - 0x00007ffdc56d0000 	C:\Windows\System32\USER32.dll
0x00007ffdc5190000 - 0x00007ffdc522e000 	C:\Windows\System32\msvcrt.dll
0x00007ffdc3c20000 - 0x00007ffdc3c42000 	C:\Windows\System32\win32u.dll
0x00007ffdc5bd0000 - 0x00007ffdc5bfa000 	C:\Windows\System32\GDI32.dll
0x00007ffdc3610000 - 0x00007ffdc371b000 	C:\Windows\System32\gdi32full.dll
0x00007ffdc39f0000 - 0x00007ffdc3a8d000 	C:\Windows\System32\msvcp_win.dll
0x00007ffdc4eb0000 - 0x00007ffdc4ee0000 	C:\Windows\System32\IMM32.DLL
0x00007ffdbd460000 - 0x00007ffdbd46c000 	C:\Program Files\Eclipse Adoptium\jdk-17.0.1.12-hotspot\bin\vcruntime140_1.dll
0x00007ffd57000000 - 0x00007ffd57091000 	C:\Program Files\Eclipse Adoptium\jdk-17.0.1.12-hotspot\bin\msvcp140.dll
0x00007ffd3cf70000 - 0x00007ffd3dbb6000 	C:\Program Files\Eclipse Adoptium\jdk-17.0.1.12-hotspot\bin\server\jvm.dll
0x00007ffdc3fb0000 - 0x00007ffdc405e000 	C:\Windows\System32\ADVAPI32.dll
0x00007ffdc3e80000 - 0x00007ffdc3f1c000 	C:\Windows\System32\sechost.dll
0x00007ffdc3d50000 - 0x00007ffdc3e75000 	C:\Windows\System32\RPCRT4.dll
0x00007ffdc4ee0000 - 0x00007ffdc4ee8000 	C:\Windows\System32\PSAPI.DLL
0x00007ffdb8890000 - 0x00007ffdb88b7000 	C:\Windows\SYSTEM32\WINMM.dll
0x00007ffda5c00000 - 0x00007ffda5c09000 	C:\Windows\SYSTEM32\WSOCK32.dll
0x00007ffdc52e0000 - 0x00007ffdc534b000 	C:\Windows\System32\WS2_32.dll
0x00007ffdbc260000 - 0x00007ffdbc26a000 	C:\Windows\SYSTEM32\VERSION.dll
0x00007ffdc1c40000 - 0x00007ffdc1c52000 	C:\Windows\SYSTEM32\kernel.appcore.dll
0x00007ffdbd450000 - 0x00007ffdbd45a000 	C:\Program Files\Eclipse Adoptium\jdk-17.0.1.12-hotspot\bin\jimage.dll
0x00007ffdc1a30000 - 0x00007ffdc1c14000 	C:\Windows\SYSTEM32\DBGHELP.DLL
0x00007ffdb8de0000 - 0x00007ffdb8e0c000 	C:\Windows\SYSTEM32\dbgcore.DLL
0x00007ffdc3a90000 - 0x00007ffdc3b12000 	C:\Windows\System32\bcryptPrimitives.dll
0x00007ffda3b00000 - 0x00007ffda3b25000 	C:\Program Files\Eclipse Adoptium\jdk-17.0.1.12-hotspot\bin\java.dll
0x00007ffd56e10000 - 0x00007ffd56ee6000 	C:\Program Files\Eclipse Adoptium\jdk-17.0.1.12-hotspot\bin\svml.dll
0x00007ffdc4120000 - 0x00007ffdc4864000 	C:\Windows\System32\SHELL32.dll
0x00007ffdc1150000 - 0x00007ffdc18e4000 	C:\Windows\SYSTEM32\windows.storage.dll
0x00007ffdc5870000 - 0x00007ffdc5bc4000 	C:\Windows\System32\combase.dll
0x00007ffdc2e10000 - 0x00007ffdc2e3c000 	C:\Windows\SYSTEM32\Wldp.dll
0x00007ffdc5230000 - 0x00007ffdc52dd000 	C:\Windows\System32\SHCORE.dll
0x00007ffdc3cf0000 - 0x00007ffdc3d45000 	C:\Windows\System32\shlwapi.dll
0x00007ffdc32f0000 - 0x00007ffdc330f000 	C:\Windows\SYSTEM32\profapi.dll
0x00007ffda1600000 - 0x00007ffda1619000 	C:\Program Files\Eclipse Adoptium\jdk-17.0.1.12-hotspot\bin\net.dll
0x00007ffdb4be0000 - 0x00007ffdb4cea000 	C:\Windows\SYSTEM32\WINHTTP.dll
0x00007ffdc2b70000 - 0x00007ffdc2bda000 	C:\Windows\system32\mswsock.dll
0x00007ffda1350000 - 0x00007ffda1365000 	C:\Program Files\Eclipse Adoptium\jdk-17.0.1.12-hotspot\bin\nio.dll
0x00007ffda0e90000 - 0x00007ffda0ea8000 	C:\Program Files\Eclipse Adoptium\jdk-17.0.1.12-hotspot\bin\zip.dll
0x000000006e700000 - 0x000000006e72a000 	C:\Users\grado\AppData\Local\Temp\libgdxgrado\e1cd32f8\gdx64.dll
0x00007ffd93300000 - 0x00007ffd93364000 	C:\Users\grado\AppData\Local\Temp\lwjglgrado\3.2.3-build-13\lwjgl.dll
0x00007ffd43320000 - 0x00007ffd43573000 	C:\Users\grado\AppData\Local\Temp\lwjglgrado\3.2.3-build-13\jemalloc.dll
0x00007ffd8a4f0000 - 0x00007ffd8a552000 	C:\Users\grado\AppData\Local\Temp\lwjglgrado\3.2.3-build-13\glfw.dll
0x00007ffdc0870000 - 0x00007ffdc090e000 	C:\Windows\system32\uxtheme.dll
0x00007ffda0e40000 - 0x00007ffda0e85000 	C:\Windows\SYSTEM32\dinput8.dll
0x00007ffda95f0000 - 0x00007ffda9601000 	C:\Windows\SYSTEM32\xinput1_4.dll
0x00007ffdc3b20000 - 0x00007ffdc3b6e000 	C:\Windows\System32\cfgmgr32.dll
0x00007ffdc3160000 - 0x00007ffdc318c000 	C:\Windows\SYSTEM32\DEVOBJ.dll
0x00007ffdc0a00000 - 0x00007ffdc0a2f000 	C:\Windows\SYSTEM32\dwmapi.dll
0x00007ffda8c80000 - 0x00007ffda8dd2000 	C:\Windows\SYSTEM32\inputhost.dll
0x00007ffdc4d70000 - 0x00007ffdc4e3d000 	C:\Windows\System32\OLEAUT32.dll
0x00007ffdc0500000 - 0x00007ffdc05f2000 	C:\Windows\SYSTEM32\CoreMessaging.dll
0x00007ffdbfad0000 - 0x00007ffdbfc24000 	C:\Windows\SYSTEM32\wintypes.dll
0x00007ffdbe990000 - 0x00007ffdbea86000 	C:\Windows\SYSTEM32\PROPSYS.dll
0x00007ffdc01a0000 - 0x00007ffdc04fe000 	C:\Windows\SYSTEM32\CoreUIComponents.dll
0x00007ffdc20b0000 - 0x00007ffdc20e3000 	C:\Windows\SYSTEM32\ntmarta.dll
0x00007ffdc5750000 - 0x00007ffdc5865000 	C:\Windows\System32\MSCTF.dll
0x00007ffdc18f0000 - 0x00007ffdc18fd000 	C:\Windows\SYSTEM32\HID.DLL
0x00007ffdc4870000 - 0x00007ffdc4ce1000 	C:\Windows\System32\SETUPAPI.DLL
0x00007ffdc3c50000 - 0x00007ffdc3c77000 	C:\Windows\System32\bcrypt.dll
0x00007ffdc3c80000 - 0x00007ffdc3ce8000 	C:\Windows\System32\WINTRUST.dll
0x00007ffdc34b0000 - 0x00007ffdc3606000 	C:\Windows\System32\CRYPT32.dll
0x00007ffdc2fa0000 - 0x00007ffdc2fb2000 	C:\Windows\SYSTEM32\MSASN1.dll
0x00007ffd566f0000 - 0x00007ffd567fb000 	C:\Users\grado\AppData\Local\Temp\lwjglgrado\3.2.3-build-13\OpenAL.dll
0x00007ffdc5400000 - 0x00007ffdc552a000 	C:\Windows\System32\ole32.dll
0x00007ffdc5350000 - 0x00007ffdc53f9000 	C:\Windows\System32\clbcatq.dll
0x00007ffdbb510000 - 0x00007ffdbb595000 	C:\Windows\System32\MMDevApi.dll
0x00007ffdbbda0000 - 0x00007ffdbbf22000 	C:\Windows\SYSTEM32\AUDIOSES.DLL
0x00007ffdc2930000 - 0x00007ffdc297b000 	C:\Windows\SYSTEM32\powrprof.dll
0x00007ffdc27f0000 - 0x00007ffdc2802000 	C:\Windows\SYSTEM32\UMPDC.dll
0x00007ffdc0a30000 - 0x00007ffdc0a44000 	C:\Windows\SYSTEM32\resourcepolicyclient.dll
0x00007ffd22910000 - 0x00007ffd22a36000 	C:\Windows\SYSTEM32\opengl32.dll
0x00007ffd228e0000 - 0x00007ffd2290c000 	C:\Windows\SYSTEM32\GLU32.dll
0x00007ffdbc2e0000 - 0x00007ffdbc3d7000 	C:\Windows\System32\AppXDeploymentClient.dll
0x00007ffda1650000 - 0x00007ffda167a000 	C:\Windows\System32\DriverStore\FileRepository\u0361612.inf_amd64_b679e02f70413f9f\B361368\atig6pxx.dll
0x00007ffcfa390000 - 0x00007ffcfd076000 	C:\Windows\System32\DriverStore\FileRepository\u0361612.inf_amd64_b679e02f70413f9f\B361368\atio6axx.dll
0x00007ffd86690000 - 0x00007ffd866b4000 	C:\Windows\SYSTEM32\dxva2.dll
0x00007ffd88890000 - 0x00007ffd888cc000 	C:\Windows\System32\DriverStore\FileRepository\u0361612.inf_amd64_b679e02f70413f9f\B361368\atig6txx.dll
0x00007ffd3cdb0000 - 0x00007ffd3cf69000 	C:\Windows\SYSTEM32\atiadlxx.dll
0x00007ffdb9380000 - 0x00007ffdb93bb000 	C:\Windows\SYSTEM32\dxcore.dll
0x00007ffd77010000 - 0x00007ffd77069000 	C:\Users\grado\AppData\Local\Temp\lwjglgrado\3.2.3-build-13\lwjgl_opengl.dll
0x00007ffda93b0000 - 0x00007ffda94a9000 	C:\Windows\SYSTEM32\textinputframework.dll

dbghelp: loaded successfully - version: 4.0.5 - missing functions: none
symbol engine: initialized successfully - sym options: 0x614 - pdb path: .;C:\Program Files\Eclipse Adoptium\jdk-17.0.1.12-hotspot\bin;C:\Windows\SYSTEM32;C:\Windows\WinSxS\amd64_microsoft.windows.common-controls_6595b64144ccf1df_6.0.19041.1110_none_60b5254171f9507e;C:\Program Files\Eclipse Adoptium\jdk-17.0.1.12-hotspot\bin\server;C:\Users\grado\AppData\Local\Temp\libgdxgrado\e1cd32f8;C:\Users\grado\AppData\Local\Temp\lwjglgrado\3.2.3-build-13;C:\Windows\System32\DriverStore\FileRepository\u0361612.inf_amd64_b679e02f70413f9f\B361368

VM Arguments:
jvm_args: -XX:+ShowCodeDetailsInExceptionMessages 
java_command: com.crazyputting3d.Main
java_class_path (initial): C:\Users\grado\Desktop\Group-04\3dcrazyputting\desktop\bin\main;\CrazyPutting3D-core\bin\default;C:\Users\grado\Desktop\Group-04\3dcrazyputting\core\bin\main;C:\Users\grado\.gradle\caches\modules-2\files-2.1\com.badlogicgames.gdx\gdx-backend-lwjgl3\1.10.0\600c7d5b2c977daa82c4abad147087b31e0ada87\gdx-backend-lwjgl3-1.10.0.jar;C:\Users\grado\.gradle\caches\modules-2\files-2.1\com.badlogicgames.gdx\gdx-platform\1.10.0\9a8fa793d2fd6d360afc6c9e4c1f5583da263b88\gdx-platform-1.10.0-natives-desktop.jar;C:\Users\grado\.gradle\caches\modules-2\files-2.1\com.badlogicgames.gdx\gdx-bullet-platform\1.10.0\ce92e8dfc762523d769cbc50853163c03bf98cf1\gdx-bullet-platform-1.10.0-natives-desktop.jar;C:\Users\grado\.gradle\caches\modules-2\files-2.1\com.badlogicgames.gdx\gdx-freetype-platform\1.10.0\6e5d28752759e69384f12e4569d2c884ff71352f\gdx-freetype-platform-1.10.0-natives-desktop.jar;C:\Users\grado\.gradle\caches\modules-2\files-2.1\com.badlogicgames.gdx-controllers\gdx-controllers-desktop\2.2.1\cb3430c32468a090eca54d494d16bb3764ceff9b\gdx-controllers-desktop-2.2.1.jar;C:\Users\grado\.gradle\caches\modules-2\files-2.1\org.jetbrains\annotations\20.1.0\2fcd1f3225bca0c4a7bc931142076f8c1e80993f\annotations-20.1.0.jar;C:\Users\grado\.gradle\caches\modules-2\files-2.1\com.badlogicgames.gdx\gdx-bullet\1.10.0\839b58c7278f5c3b55291c3a559d91227400ecdb\gdx-bullet-1.10.0.jar;C:\Users\grado\.gradle\caches\modules-2\files-2.1\com.badlogicgames.gdx\gdx-freetype\1.10.0\de1d0d5c1e92e8d91364256fd6b7bb279d3e9859\gdx-freetype-1.10.0.jar;C:\Users\grado\.gradle\caches\modules-2\files-2.1\com.badlogicgames.gdx\gdx-ai\1.8.2\ab75d2ce80ab1b1ce6828a15dc0f417abac4c674\gdx-ai-1.8.2.jar;C:\Users\grado\.gradle\caches\modules-2\files-2.1\com.badlogicgames.ashley\ashley\1.7.4\21a3a8932919099c4e5006a7d8378dcbe76ef8a5\ashley-1.7.4.jar;C:\Users\grado\.gradle\caches\modules-2\files-2.1\com.badlogicgames.box2dlights\box2dlights\1.5\6902dbcd250c95a27973aa24a147a95b3828d348\box2dlights-1.5.jar;C
Launcher Type: SUN_STANDARD

[Global flags]
     intx CICompilerCount                          = 12                                        {product} {ergonomic}
     uint ConcGCThreads                            = 3                                         {product} {ergonomic}
     uint G1ConcRefinementThreads                  = 13                                        {product} {ergonomic}
   size_t G1HeapRegionSize                         = 2097152                                   {product} {ergonomic}
    uintx GCDrainStackTargetSize                   = 64                                        {product} {ergonomic}
   size_t InitialHeapSize                          = 257949696                                 {product} {ergonomic}
   size_t MarkStackSize                            = 4194304                                   {product} {ergonomic}
   size_t MaxHeapSize                              = 4127195136                                {product} {ergonomic}
   size_t MaxNewSize                               = 2474639360                                {product} {ergonomic}
   size_t MinHeapDeltaBytes                        = 2097152                                   {product} {ergonomic}
   size_t MinHeapSize                              = 8388608                                   {product} {ergonomic}
    uintx NonNMethodCodeHeapSize                   = 7602480                                {pd product} {ergonomic}
    uintx NonProfiledCodeHeapSize                  = 122027880                              {pd product} {ergonomic}
    uintx ProfiledCodeHeapSize                     = 122027880                              {pd product} {ergonomic}
    uintx ReservedCodeCacheSize                    = 251658240                              {pd product} {ergonomic}
     bool SegmentedCodeCache                       = true                                      {product} {ergonomic}
     bool ShowCodeDetailsInExceptionMessages       = true                                   {manageable} {command line}
   size_t SoftMaxHeapSize                          = 4127195136                             {manageable} {ergonomic}
     bool UseCompressedClassPointers               = true                           {product lp64_product} {ergonomic}
     bool UseCompressedOops                        = true                           {product lp64_product} {ergonomic}
     bool UseG1GC                                  = true                                      {product} {ergonomic}
     bool UseLargePagesIndividualAllocation        = false                                  {pd product} {ergonomic}

Logging:
Log output configuration:
 #0: stdout all=warning uptime,level,tags
 #1: stderr all=off uptime,level,tags

Environment Variables:
PATH=C:\Program Files\Common Files\Oracle\Java\javapath;C:\Windows\system32;C:\Windows;C:\Windows\System32\Wbem;C:\Windows\System32\WindowsPowerShell\v1.0\;C:\Windows\System32\OpenSSH\;C:\Program Files (x86)\NVIDIA Corporation\PhysX\Common;C:\Program Files\NVIDIA Corporation\NVIDIA NvDLISR;C:\Program Files\MATLAB\R2022a\bin;C:\Program Files\Gradle\gradle-7.4.2\bin;C:\Program Files\Git\cmd;C:\Users\grado\AppData\Local\Microsoft\WindowsApps;C:\Users\grado\AppData\Local\Programs\Microsoft VS Code\bin;C:\Users\grado\AppData\Local\GitHubDesktop\bin
USERNAME=grado
LANG=en_US.UTF-8
OS=Windows_NT
PROCESSOR_IDENTIFIER=AMD64 Family 23 Model 96 Stepping 1, AuthenticAMD



---------------  S Y S T E M  ---------------

OS:
 Windows 10 , 64 bit Build 19041 (10.0.19041.1706)
OS uptime: 9 days 11:47 hours

CPU: total 16 (initial active 16) (16 cores per cpu, 2 threads per core) family 23 model 96 stepping 1 microcode 0x0, cx8, cmov, fxsr, ht, mmx, 3dnowpref, sse, sse2, sse3, ssse3, sse4a, sse4.1, sse4.2, popcnt, lzcnt, tsc, tscinvbit, avx, avx2, aes, clmul, bmi1, bmi2, adx, sha, fma, vzeroupper, clflush, clflushopt

Memory: 4k page, system-wide physical 15741M (6438M free)
TotalPageFile size 22653M (AvailPageFile size 6701M)
current process WorkingSet (physical memory assigned to process): 532M, peak: 1239M
current process commit charge ("private bytes"): 733M, peak: 1466M

vm_info: OpenJDK 64-Bit Server VM (17.0.1+12) for windows-amd64 JRE (17.0.1+12), built on Oct 20 2021 07:42:55 by "" with MS VC++ 16.7 (VS2019)

END.
