#
# A fatal error has been detected by the Java Runtime Environment:
#
#  EXCEPTION_ACCESS_VIOLATION (0xc0000005) at pc=0x00000180b1e10000, pid=6216, tid=21172
#
# JRE version: OpenJDK Runtime Environment Temurin-17.0.1+12 (17.0.1+12) (build 17.0.1+12)
# Java VM: OpenJDK 64-Bit Server VM Temurin-17.0.1+12 (17.0.1+12, mixed mode, sharing, tiered, compressed oops, compressed class ptrs, g1 gc, windows-amd64)
# Problematic frame:
# C  0x00000180b1e10000
#
# No core dump will be written. Minidumps are not enabled by default on client versions of Windows
#
# If you would like to submit a bug report, please visit:
#   https://github.com/adoptium/adoptium-support/issues
# The crash happened outside the Java Virtual Machine in native code.
# See problematic frame for where to report the bug.
#

---------------  S U M M A R Y ------------

Command Line: -XX:+ShowCodeDetailsInExceptionMessages com.crazyputting3d.Main

Host: AMD Ryzen 7 4800H with Radeon Graphics         , 16 cores, 15G,  Windows 10 , 64 bit Build 19041 (10.0.19041.1706)
Time: Fri Jun 17 19:03:44 2022 Central European Daylight Time elapsed time: 44.785153 seconds (0d 0h 0m 44s)

---------------  T H R E A D  ---------------

Current thread (0x00000180b1ec36a0):  JavaThread "main" [_thread_in_native, id=21172, stack(0x0000002e5a400000,0x0000002e5a500000)]

Stack: [0x0000002e5a400000,0x0000002e5a500000],  sp=0x0000002e5a4fee48,  free space=1019k
Native frames: (J=compiled Java code, j=interpreted, Vv=VM code, C=native code)
C  0x00000180b1e10000

Java frames: (J=compiled Java code, j=interpreted, Vv=VM code)
J 1204  org.lwjgl.system.JNI.invokePV(JJ)V (0 bytes) @ 0x00000180c15974ec [0x00000180c15974a0+0x000000000000004c]
J 2102 c1 org.lwjgl.glfw.GLFW.glfwSwapBuffers(J)V (21 bytes) @ 0x00000180ba4879ac [0x00000180ba4878c0+0x00000000000000ec]
j  com.badlogic.gdx.backends.lwjgl3.Lwjgl3Window.update()Z+196
j  com.badlogic.gdx.backends.lwjgl3.Lwjgl3Application.loop()V+111
j  com.badlogic.gdx.backends.lwjgl3.Lwjgl3Application.<init>(Lcom/badlogic/gdx/ApplicationListener;Lcom/badlogic/gdx/backends/lwjgl3/Lwjgl3ApplicationConfiguration;)V+243
j  com.crazyputting3d.Main.main([Ljava/lang/String;)V+41
v  ~StubRoutines::call_stub

siginfo: EXCEPTION_ACCESS_VIOLATION (0xc0000005), data execution prevention violation at address 0x00000180b1e10000


Register to memory mapping:

RIP=0x00000180b1e10000 is an unknown value
RAX=0x00000180b1e10000 is an unknown value
RBX=0x0000000000010001 is an unknown value
RCX=0x0000000000010001 is an unknown value
RDX=0x0000002e5a4fee80 is pointing into the stack for thread: 0x00000180b1ec36a0
RSP=0x0000002e5a4fee48 is pointing into the stack for thread: 0x00000180b1ec36a0
RBP=0x0000002e5a4fef50 is pointing into the stack for thread: 0x00000180b1ec36a0
RSI=0x0000000000000110 is an unknown value
RDI=0x0000000000002168 is an unknown value
R8 =0x00000180d69894b0 points into unknown readable memory: 0x00000180e8d94c30 | 30 4c d9 e8 80 01 00 00
R9 =0x00007ffdb1901b50 glfw.dll
R10=0x00007ffdb19c1b10 lwjgl.dll
R11=0x0000002e5a4ff2b8 is pointing into the stack for thread: 0x00000180b1ec36a0
R12=0x0 is NULL
R13=0x0000002e5a4ff3b8 is pointing into the stack for thread: 0x00000180b1ec36a0
R14=0x0000002e5a4ff310 is pointing into the stack for thread: 0x00000180b1ec36a0
R15=0x00000180b1ec36a0 is a thread


Registers:
RAX=0x00000180b1e10000, RBX=0x0000000000010001, RCX=0x0000000000010001, RDX=0x0000002e5a4fee80
RSP=0x0000002e5a4fee48, RBP=0x0000002e5a4fef50, RSI=0x0000000000000110, RDI=0x0000000000002168
R8 =0x00000180d69894b0, R9 =0x00007ffdb1901b50, R10=0x00007ffdb19c1b10, R11=0x0000002e5a4ff2b8
R12=0x0000000000000000, R13=0x0000002e5a4ff3b8, R14=0x0000002e5a4ff310, R15=0x00000180b1ec36a0
RIP=0x00000180b1e10000, EFLAGS=0x0000000000010206

Top of Stack: (sp=0x0000002e5a4fee48)
0x0000002e5a4fee48:   00007ffdb1901f7c 0000002e00000000
0x0000002e5a4fee58:   00000180ba321504 000000070b226800
0x0000002e5a4fee68:   438c000041700000 000000070b2b1c18
0x0000002e5a4fee78:   00000180ba2f687c 57464c4720656854
0x0000002e5a4fee88:   7972617262696c20 20746f6e20736920
0x0000002e5a4fee98:   696c616974696e69 0000002e0064657a
0x0000002e5a4feea8:   00007ffd92535e62 00000180b1ec36a0
0x0000002e5a4feeb8:   0000000000000000 00000000000001cc
0x0000002e5a4feec8:   00000180b99994fe 0000000000000000
0x0000002e5a4feed8:   000000006e7020f4 00000180b1ec3948
0x0000002e5a4feee8:   00007ffd92535481 000000070b2c6d78
0x0000002e5a4feef8:   0000000000000000 0000000200000003
0x0000002e5a4fef08:   000000070b2b1c38 000000070b2c5828
0x0000002e5a4fef18:   00000180c1591f85 000000070b2b1c98
0x0000002e5a4fef28:   000000070b2af700 0000000000000000
0x0000002e5a4fef38:   00007ffd22939d0a 00000180e1638bf0 

Instructions: (pc=0x00000180b1e10000)
0x00000180b1e0ff00:   ?? ?? ?? ?? ?? ?? ?? ?? ?? ?? ?? ?? ?? ?? ?? ??
0x00000180b1e0ff10:   ?? ?? ?? ?? ?? ?? ?? ?? ?? ?? ?? ?? ?? ?? ?? ??
0x00000180b1e0ff20:   ?? ?? ?? ?? ?? ?? ?? ?? ?? ?? ?? ?? ?? ?? ?? ??
0x00000180b1e0ff30:   ?? ?? ?? ?? ?? ?? ?? ?? ?? ?? ?? ?? ?? ?? ?? ??
0x00000180b1e0ff40:   ?? ?? ?? ?? ?? ?? ?? ?? ?? ?? ?? ?? ?? ?? ?? ??
0x00000180b1e0ff50:   ?? ?? ?? ?? ?? ?? ?? ?? ?? ?? ?? ?? ?? ?? ?? ??
0x00000180b1e0ff60:   ?? ?? ?? ?? ?? ?? ?? ?? ?? ?? ?? ?? ?? ?? ?? ??
0x00000180b1e0ff70:   ?? ?? ?? ?? ?? ?? ?? ?? ?? ?? ?? ?? ?? ?? ?? ??
0x00000180b1e0ff80:   ?? ?? ?? ?? ?? ?? ?? ?? ?? ?? ?? ?? ?? ?? ?? ??
0x00000180b1e0ff90:   ?? ?? ?? ?? ?? ?? ?? ?? ?? ?? ?? ?? ?? ?? ?? ??
0x00000180b1e0ffa0:   ?? ?? ?? ?? ?? ?? ?? ?? ?? ?? ?? ?? ?? ?? ?? ??
0x00000180b1e0ffb0:   ?? ?? ?? ?? ?? ?? ?? ?? ?? ?? ?? ?? ?? ?? ?? ??
0x00000180b1e0ffc0:   ?? ?? ?? ?? ?? ?? ?? ?? ?? ?? ?? ?? ?? ?? ?? ??
0x00000180b1e0ffd0:   ?? ?? ?? ?? ?? ?? ?? ?? ?? ?? ?? ?? ?? ?? ?? ??
0x00000180b1e0ffe0:   ?? ?? ?? ?? ?? ?? ?? ?? ?? ?? ?? ?? ?? ?? ?? ??
0x00000180b1e0fff0:   ?? ?? ?? ?? ?? ?? ?? ?? ?? ?? ?? ?? ?? ?? ?? ??
0x00000180b1e10000:   ?? ?? ?? ?? ?? ?? ?? ?? ?? ?? ?? ?? ?? ?? ?? ??
0x00000180b1e10010:   ?? ?? ?? ?? ?? ?? ?? ?? ?? ?? ?? ?? ?? ?? ?? ??
0x00000180b1e10020:   ?? ?? ?? ?? ?? ?? ?? ?? ?? ?? ?? ?? ?? ?? ?? ??
0x00000180b1e10030:   ?? ?? ?? ?? ?? ?? ?? ?? ?? ?? ?? ?? ?? ?? ?? ??
0x00000180b1e10040:   ?? ?? ?? ?? ?? ?? ?? ?? ?? ?? ?? ?? ?? ?? ?? ??
0x00000180b1e10050:   ?? ?? ?? ?? ?? ?? ?? ?? ?? ?? ?? ?? ?? ?? ?? ??
0x00000180b1e10060:   ?? ?? ?? ?? ?? ?? ?? ?? ?? ?? ?? ?? ?? ?? ?? ??
0x00000180b1e10070:   ?? ?? ?? ?? ?? ?? ?? ?? ?? ?? ?? ?? ?? ?? ?? ??
0x00000180b1e10080:   ?? ?? ?? ?? ?? ?? ?? ?? ?? ?? ?? ?? ?? ?? ?? ??
0x00000180b1e10090:   ?? ?? ?? ?? ?? ?? ?? ?? ?? ?? ?? ?? ?? ?? ?? ??
0x00000180b1e100a0:   ?? ?? ?? ?? ?? ?? ?? ?? ?? ?? ?? ?? ?? ?? ?? ??
0x00000180b1e100b0:   ?? ?? ?? ?? ?? ?? ?? ?? ?? ?? ?? ?? ?? ?? ?? ??
0x00000180b1e100c0:   ?? ?? ?? ?? ?? ?? ?? ?? ?? ?? ?? ?? ?? ?? ?? ??
0x00000180b1e100d0:   ?? ?? ?? ?? ?? ?? ?? ?? ?? ?? ?? ?? ?? ?? ?? ??
0x00000180b1e100e0:   ?? ?? ?? ?? ?? ?? ?? ?? ?? ?? ?? ?? ?? ?? ?? ??
0x00000180b1e100f0:   ?? ?? ?? ?? ?? ?? ?? ?? ?? ?? ?? ?? ?? ?? ?? ?? 


Stack slot to memory mapping:
stack at sp + 0 slots: 0x00007ffdb1901f7c glfw.dll
stack at sp + 1 slots: 0x0000002e00000000 is an unknown value
stack at sp + 2 slots: 0x00000180ba321504 is at entry_point+132 in (nmethod*)0x00000180ba321290
stack at sp + 3 slots: 0x000000070b226800 is an oop: java.lang.Class 
{0x000000070b226800} - klass: 'java/lang/Class'
 - ---- fields (total size 54 words):
 - private volatile transient 'classRedefinedCount' 'I' @12  0
 - private volatile transient 'cachedConstructor' 'Ljava/lang/reflect/Constructor;' @40  NULL (0)
 - private transient 'name' 'Ljava/lang/String;' @44  "org.lwjgl.opengl.GL20C"{0x000000070bc0eba8} (e1781d75)
 - private transient 'module' 'Ljava/lang/Module;' @48  a 'java/lang/Module'{0x000000070b2addc8} (e1655bb9)
 - private final 'classLoader' 'Ljava/lang/ClassLoader;' @52  a 'jdk/internal/loader/ClassLoaders$AppClassLoader'{0x000000070b2269b0} (e1644d36)
 - private transient 'classData' 'Ljava/lang/Object;' @56  NULL (0)
 - private transient 'packageName' 'Ljava/lang/String;' @60  "org.lwjgl.opengl"{0x000000070b96db98} (e172db73)
 - private final 'componentType' 'Ljava/lang/Class;' @64  NULL (0)
 - private volatile transient 'reflectionData' 'Ljava/lang/ref/SoftReference;' @68  NULL (0)
 - private volatile transient 'genericInfo' 'Lsun/reflect/generics/repository/ClassRepository;' @72  NULL (0)
 - private volatile transient 'enumConstants' '[Ljava/lang/Object;' @76  NULL (0)
 - private volatile transient 'enumConstantDirectory' 'Ljava/util/Map;' @80  NULL (0)
 - private volatile transient 'annotationData' 'Ljava/lang/Class$AnnotationData;' @84  NULL (0)
 - private volatile transient 'annotationType' 'Lsun/reflect/annotation/AnnotationType;' @88  NULL (0)
 - transient 'classValueMap' 'Ljava/lang/ClassValue$ClassValueMap;' @92  NULL (0)
 - signature: Lorg/lwjgl/opengl/GL20C;
 - fake entry for mirror: 'org/lwjgl/opengl/GL20C'
 - fake entry for array: NULL
 - fake entry for oop_size: 54
 - fake entry for static_oop_field_count: 0
 - public static final 'GL_SHADING_LANGUAGE_VERSION' 'I' @112  35724 (8b8c)
 - public static final 'GL_CURRENT_PROGRAM' 'I' @116  35725 (8b8d)
 - public static final 'GL_SHADER_TYPE' 'I' @120  35663 (8b4f)
 - public static final 'GL_DELETE_STATUS' 'I' @124  35712 (8b80)
 - public static final 'GL_COMPILE_STATUS' 'I' @128  35713 (8b81)
 - public static final 'GL_LINK_STATUS' 'I' @132  35714 (8b82)
 - public static final 'GL_VALIDATE_STATUS' 'I' @136  35715 (8b83)
 - public static final 'GL_INFO_LOG_LENGTH' 'I' @140  35716 (8b84)
 - public static final 'GL_ATTACHED_SHADERS' 'I' @144  35717 (8b85)
 - public static final 'GL_ACTIVE_UNIFORMS' 'I' @148  35718 (8b86)
 - public static final 'GL_ACTIVE_UNIFORM_MAX_LENGTH' 'I' @152  35719 (8b87)
 - public static final 'GL_ACTIVE_ATTRIBUTES' 'I' @156  35721 (8b89)
 - public static final 'GL_ACTIVE_ATTRIBUTE_MAX_LENGTH' 'I' @160  35722 (8b8a)
 - public static final 'GL_SHADER_SOURCE_LENGTH' 'I' @164  35720 (8b88)
 - public static final 'GL_FLOAT_VEC2' 'I' @168  35664 (8b50)
 - public static final 'GL_FLOAT_VEC3' 'I' @172  35665 (8b51)
 - public static final 'GL_FLOAT_VEC4' 'I' @176  35666 (8b52)
 - public static final 'GL_INT_VEC2' 'I' @180  35667 (8b53)
 - public static final 'GL_INT_VEC3' 'I' @184  35668 (8b54)
 - public static final 'GL_INT_VEC4' 'I' @188  35669 (8b55)
 - public static final 'GL_BOOL' 'I' @192  35670 (8b56)
 - public static final 'GL_BOOL_VEC2' 'I' @196  35671 (8b57)
 - public static final 'GL_BOOL_VEC3' 'I' @200  35672 (8b58)
 - public static final 'GL_BOOL_VEC4' 'I' @204  35673 (8b59)
 - public static final 'GL_FLOAT_MAT2' 'I' @208  35674 (8b5a)
 - public static final 'GL_FLOAT_MAT3' 'I' @212  35675 (8b5b)
 - public static final 'GL_FLOAT_MAT4' 'I' @216  35676 (8b5c)
 - public static final 'GL_SAMPLER_1D' 'I' @220  35677 (8b5d)
 - public static final 'GL_SAMPLER_2D' 'I' @224  35678 (8b5e)
 - public static final 'GL_SAMPLER_3D' 'I' @228  35679 (8b5f)
 - public static final 'GL_SAMPLER_CUBE' 'I' @232  35680 (8b60)
 - public static final 'GL_SAMPLER_1D_SHADOW' 'I' @236  35681 (8b61)
 - public static final 'GL_SAMPLER_2D_SHADOW' 'I' @240  35682 (8b62)
 - public static final 'GL_VERTEX_SHADER' 'I' @244  35633 (8b31)
 - public static final 'GL_MAX_VERTEX_UNIFORM_COMPONENTS' 'I' @248  35658 (8b4a)
 - public static final 'GL_MAX_VARYING_FLOATS' 'I' @252  35659 (8b4b)
 - public static final 'GL_MAX_VERTEX_ATTRIBS' 'I' @256  34921 (8869)
 - public static final 'GL_MAX_TEXTURE_IMAGE_UNITS' 'I' @260  34930 (8872)
 - public static final 'GL_MAX_VERTEX_TEXTURE_IMAGE_UNITS' 'I' @264  35660 (8b4c)
 - public static final 'GL_MAX_COMBINED_TEXTURE_IMAGE_UNITS' 'I' @268  35661 (8b4d)
 - public static final 'GL_VERTEX_PROGRAM_POINT_SIZE' 'I' @272  34370 (8642)
 - public static final 'GL_VERTEX_ATTRIB_ARRAY_ENABLED' 'I' @276  34338 (8622)
 - public static final 'GL_VERTEX_ATTRIB_ARRAY_SIZE' 'I' @280  34339 (8623)
 - public static final 'GL_VERTEX_ATTRIB_ARRAY_STRIDE' 'I' @284  34340 (8624)
 - public static final 'GL_VERTEX_ATTRIB_ARRAY_TYPE' 'I' @288  34341 (8625)
 - public static final 'GL_VERTEX_ATTRIB_ARRAY_NORMALIZED' 'I' @292  34922 (886a)
 - public static final 'GL_CURRENT_VERTEX_ATTRIB' 'I' @296  34342 (8626)
 - public static final 'GL_VERTEX_ATTRIB_ARRAY_POINTER' 'I' @300  34373 (8645)
 - public static final 'GL_FRAGMENT_SHADER' 'I' @304  35632 (8b30)
 - public static final 'GL_MAX_FRAGMENT_UNIFORM_COMPONENTS' 'I' @308  35657 (8b49)
 - public static final 'GL_FRAGMENT_SHADER_DERIVATIVE_HINT' 'I' @312  35723 (8b8b)
 - public static final 'GL_MAX_DRAW_BUFFERS' 'I' @316  34852 (8824)
 - public static final 'GL_DRAW_BUFFER0' 'I' @320  34853 (8825)
 - public static final 'GL_DRAW_BUFFER1' 'I' @324  34854 (8826)
 - public static final 'GL_DRAW_BUFFER2' 'I' @328  34855 (8827)
 - public static final 'GL_DRAW_BUFFER3' 'I' @332  34856 (8828)
 - public static final 'GL_DRAW_BUFFER4' 'I' @336  34857 (8829)
 - public static final 'GL_DRAW_BUFFER5' 'I' @340  34858 (882a)
 - public static final 'GL_DRAW_BUFFER6' 'I' @344  34859 (882b)
 - public static final 'GL_DRAW_BUFFER7' 'I' @348  34860 (882c)
 - public static final 'GL_DRAW_BUFFER8' 'I' @352  34861 (882d)
 - public static final 'GL_DRAW_BUFFER9' 'I' @356  34862 (882e)
 - public static final 'GL_DRAW_BUFFER10' 'I' @360  34863 (882f)
 - public static final 'GL_DRAW_BUFFER11' 'I' @364  34864 (8830)
 - public static final 'GL_DRAW_BUFFER12' 'I' @368  34865 (8831)
 - public static final 'GL_DRAW_BUFFER13' 'I' @372  34866 (8832)
 - public static final 'GL_DRAW_BUFFER14' 'I' @376  34867 (8833)
 - public static final 'GL_DRAW_BUFFER15' 'I' @380  34868 (8834)
 - public static final 'GL_POINT_SPRITE_COORD_ORIGIN' 'I' @384  36000 (8ca0)
 - public static final 'GL_LOWER_LEFT' 'I' @388  36001 (8ca1)
 - public static final 'GL_UPPER_LEFT' 'I' @392  36002 (8ca2)
 - public static final 'GL_BLEND_EQUATION_RGB' 'I' @396  32777 (8009)
 - public static final 'GL_BLEND_EQUATION_ALPHA' 'I' @400  34877 (883d)
 - public static final 'GL_STENCIL_BACK_FUNC' 'I' @404  34816 (8800)
 - public static final 'GL_STENCIL_BACK_FAIL' 'I' @408  34817 (8801)
 - public static final 'GL_STENCIL_BACK_PASS_DEPTH_FAIL' 'I' @412  34818 (8802)
 - public static final 'GL_STENCIL_BACK_PASS_DEPTH_PASS' 'I' @416  34819 (8803)
 - public static final 'GL_STENCIL_BACK_REF' 'I' @420  36003 (8ca3)
 - public static final 'GL_STENCIL_BACK_VALUE_MASK' 'I' @424  36004 (8ca4)
 - public static final 'GL_STENCIL_BACK_WRITEMASK' 'I' @428  36005 (8ca5)
stack at sp + 4 slots: 0x438c000041700000 is an unknown value
stack at sp + 5 slots: 0x000000070b2b1c18 is an oop: com.badlogic.gdx.graphics.Mesh 
{0x000000070b2b1c18} - klass: 'com/badlogic/gdx/graphics/Mesh'
 - ---- fields (total size 4 words):
 - 'autoBind' 'Z' @12  true
 - final 'isVertexArray' 'Z' @13  true
 - 'isInstanced' 'Z' @14  false
 - final 'vertices' 'Lcom/badlogic/gdx/graphics/glutils/VertexData;' @16  a 'com/badlogic/gdx/graphics/glutils/VertexArray'{0x000000070b2b1c38} (e1656387)
 - final 'indices' 'Lcom/badlogic/gdx/graphics/glutils/IndexData;' @20  a 'com/badlogic/gdx/graphics/glutils/IndexArray'{0x000000070b2b1dd0} (e16563ba)
 - 'instances' 'Lcom/badlogic/gdx/graphics/glutils/InstanceData;' @24  NULL (0)
 - private final 'tmpV' 'Lcom/badlogic/gdx/math/Vector3;' @28  a 'com/badlogic/gdx/math/Vector3'{0x000000070b2b1e60} (e16563cc)
stack at sp + 6 slots: 0x00000180ba2f687c is at entry_point+2172 in (nmethod*)0x00000180ba2f5c90
stack at sp + 7 slots: 0x57464c4720656854 is an unknown value


---------------  P R O C E S S  ---------------

Threads class SMR info:
_java_thread_list=0x00000180e5af4d10, length=46, elements={
0x00000180b1ec36a0, 0x00000180d53faf20, 0x00000180d53fe100, 0x00000180d54137f0,
0x00000180d54140b0, 0x00000180d5415110, 0x00000180d5416170, 0x00000180d541aab0,
0x00000180d6020140, 0x00000180d60219c0, 0x00000180d6171a50, 0x00000180d617ad80,
0x00000180d9390500, 0x00000180e10073c0, 0x00000180e86dedd0, 0x00000180e7a0f840,
0x00000180e72c8760, 0x00000180e70d1570, 0x00000180e70d0230, 0x00000180e70d0bd0,
0x00000180e70ceef0, 0x00000180e70ce550, 0x00000180e70cea20, 0x00000180e70ce080,
0x00000180e70cf890, 0x00000180e70d10a0, 0x00000180e060ba20, 0x00000180e0608060,
0x00000180e0608530, 0x00000180e0608a00, 0x00000180e060a210, 0x00000180e0609d40,
0x00000180e060abb0, 0x00000180e0609870, 0x00000180e06093a0, 0x00000180e060b080,
0x00000180e70cf3c0, 0x00000180e0608ed0, 0x00000180e060a6e0, 0x00000180e70d0700,
0x00000180e060b550, 0x00000180d93e1710, 0x00000180d93e2a50, 0x00000180d93e55a0,
0x00000180d93e6db0, 0x00000180d93e5f40
}

Java Threads: ( => current thread )
=>0x00000180b1ec36a0 JavaThread "main" [_thread_in_native, id=21172, stack(0x0000002e5a400000,0x0000002e5a500000)]
  0x00000180d53faf20 JavaThread "Reference Handler" daemon [_thread_blocked, id=10728, stack(0x0000002e5ab00000,0x0000002e5ac00000)]
  0x00000180d53fe100 JavaThread "Finalizer" daemon [_thread_blocked, id=25704, stack(0x0000002e5ac00000,0x0000002e5ad00000)]
  0x00000180d54137f0 JavaThread "Signal Dispatcher" daemon [_thread_blocked, id=26480, stack(0x0000002e5ad00000,0x0000002e5ae00000)]
  0x00000180d54140b0 JavaThread "Attach Listener" daemon [_thread_blocked, id=21636, stack(0x0000002e5ae00000,0x0000002e5af00000)]
  0x00000180d5415110 JavaThread "Service Thread" daemon [_thread_blocked, id=14160, stack(0x0000002e5af00000,0x0000002e5b000000)]
  0x00000180d5416170 JavaThread "Monitor Deflation Thread" daemon [_thread_blocked, id=26848, stack(0x0000002e5b000000,0x0000002e5b100000)]
  0x00000180d541aab0 JavaThread "C2 CompilerThread0" daemon [_thread_blocked, id=7688, stack(0x0000002e5b100000,0x0000002e5b200000)]
  0x00000180d6020140 JavaThread "C1 CompilerThread0" daemon [_thread_blocked, id=22188, stack(0x0000002e5b200000,0x0000002e5b300000)]
  0x00000180d60219c0 JavaThread "Sweeper thread" daemon [_thread_blocked, id=21796, stack(0x0000002e5b300000,0x0000002e5b400000)]
  0x00000180d6171a50 JavaThread "Notification Thread" daemon [_thread_blocked, id=3692, stack(0x0000002e5b600000,0x0000002e5b700000)]
  0x00000180d617ad80 JavaThread "Common-Cleaner" daemon [_thread_blocked, id=22768, stack(0x0000002e5b800000,0x0000002e5b900000)]
  0x00000180d9390500 JavaThread "LWJGL3 Timer" daemon [_thread_blocked, id=7416, stack(0x0000002e5c800000,0x0000002e5c900000)]
  0x00000180e10073c0 JavaThread "LWJGL3 Timer" daemon [_thread_blocked, id=7264, stack(0x0000002e5cf00000,0x0000002e5d000000)]
  0x00000180e86dedd0 JavaThread "Java Sound Event Dispatcher" daemon [_thread_blocked, id=21284, stack(0x0000002e5d800000,0x0000002e5d900000)]
  0x00000180e7a0f840 JavaThread "Direct Clip" daemon [_thread_blocked, id=19876, stack(0x0000002e5db00000,0x0000002e5dc00000)]
  0x00000180e72c8760 JavaThread "Direct Clip" daemon [_thread_blocked, id=24104, stack(0x0000002e5de00000,0x0000002e5df00000)]
  0x00000180e70d1570 JavaThread "Direct Clip" daemon [_thread_blocked, id=16784, stack(0x0000002e5ce00000,0x0000002e5cf00000)]
  0x00000180e70d0230 JavaThread "Direct Clip" daemon [_thread_blocked, id=14324, stack(0x0000002e5b500000,0x0000002e5b600000)]
  0x00000180e70d0bd0 JavaThread "Direct Clip" daemon [_thread_blocked, id=2536, stack(0x0000002e5cd00000,0x0000002e5ce00000)]
  0x00000180e70ceef0 JavaThread "Direct Clip" daemon [_thread_blocked, id=25468, stack(0x0000002e5c100000,0x0000002e5c200000)]
  0x00000180e70ce550 JavaThread "Direct Clip" daemon [_thread_blocked, id=25492, stack(0x0000002e5df00000,0x0000002e5e000000)]
  0x00000180e70cea20 JavaThread "Direct Clip" daemon [_thread_blocked, id=17592, stack(0x0000002e5dd00000,0x0000002e5de00000)]
  0x00000180e70ce080 JavaThread "Direct Clip" daemon [_thread_blocked, id=116, stack(0x0000002e5e200000,0x0000002e5e300000)]
  0x00000180e70cf890 JavaThread "Direct Clip" daemon [_thread_blocked, id=19388, stack(0x0000002e5e300000,0x0000002e5e400000)]
  0x00000180e70d10a0 JavaThread "Direct Clip" daemon [_thread_blocked, id=2760, stack(0x0000002e5e000000,0x0000002e5e100000)]
  0x00000180e060ba20 JavaThread "Direct Clip" daemon [_thread_blocked, id=11400, stack(0x0000002e5e500000,0x0000002e5e600000)]
  0x00000180e0608060 JavaThread "Direct Clip" daemon [_thread_blocked, id=8516, stack(0x0000002e5e600000,0x0000002e5e700000)]
  0x00000180e0608530 JavaThread "Direct Clip" daemon [_thread_blocked, id=16684, stack(0x0000002e5e100000,0x0000002e5e200000)]
  0x00000180e0608a00 JavaThread "Direct Clip" daemon [_thread_blocked, id=25508, stack(0x0000002e5e700000,0x0000002e5e800000)]
  0x00000180e060a210 JavaThread "Direct Clip" daemon [_thread_blocked, id=22560, stack(0x0000002e5e400000,0x0000002e5e500000)]
  0x00000180e0609d40 JavaThread "Direct Clip" daemon [_thread_blocked, id=26164, stack(0x0000002e5e900000,0x0000002e5ea00000)]
  0x00000180e060abb0 JavaThread "Direct Clip" daemon [_thread_blocked, id=5680, stack(0x0000002e5e800000,0x0000002e5e900000)]
  0x00000180e0609870 JavaThread "Direct Clip" daemon [_thread_blocked, id=25676, stack(0x0000002e5eb00000,0x0000002e5ec00000)]
  0x00000180e06093a0 JavaThread "Direct Clip" daemon [_thread_blocked, id=27556, stack(0x0000002e5ec00000,0x0000002e5ed00000)]
  0x00000180e060b080 JavaThread "Direct Clip" daemon [_thread_blocked, id=27180, stack(0x0000002e5ee00000,0x0000002e5ef00000)]
  0x00000180e70cf3c0 JavaThread "Direct Clip" daemon [_thread_blocked, id=22612, stack(0x0000002e5f000000,0x0000002e5f100000)]
  0x00000180e0608ed0 JavaThread "Direct Clip" daemon [_thread_blocked, id=23892, stack(0x0000002e5ed00000,0x0000002e5ee00000)]
  0x00000180e060a6e0 JavaThread "Direct Clip" daemon [_thread_blocked, id=22224, stack(0x0000002e5ef00000,0x0000002e5f000000)]
  0x00000180e70d0700 JavaThread "Direct Clip" daemon [_thread_blocked, id=16036, stack(0x0000002e5f200000,0x0000002e5f300000)]
  0x00000180e060b550 JavaThread "Direct Clip" daemon [_thread_blocked, id=26600, stack(0x0000002e5f100000,0x0000002e5f200000)]
  0x00000180d93e1710 JavaThread "Direct Clip" daemon [_thread_blocked, id=8072, stack(0x0000002e5f300000,0x0000002e5f400000)]
  0x00000180d93e2a50 JavaThread "Direct Clip" daemon [_thread_blocked, id=20940, stack(0x0000002e5f500000,0x0000002e5f600000)]
  0x00000180d93e55a0 JavaThread "Direct Clip" daemon [_thread_blocked, id=3712, stack(0x0000002e5f400000,0x0000002e5f500000)]
  0x00000180d93e6db0 JavaThread "Direct Clip" daemon [_thread_blocked, id=21120, stack(0x0000002e5f700000,0x0000002e5f800000)]
  0x00000180d93e5f40 JavaThread "Direct Clip" daemon [_thread_blocked, id=21396, stack(0x0000002e5f800000,0x0000002e5f900000)]

Other Threads:
  0x00000180d53f3d60 VMThread "VM Thread" [stack: 0x0000002e5aa00000,0x0000002e5ab00000] [id=10944]
  0x00000180d6175f30 WatcherThread [stack: 0x0000002e5b700000,0x0000002e5b800000] [id=6256]
  0x00000180b1f1c5e0 GCTaskThread "GC Thread#0" [stack: 0x0000002e5a500000,0x0000002e5a600000] [id=22120]
  0x00000180d91a8330 GCTaskThread "GC Thread#1" [stack: 0x0000002e5c200000,0x0000002e5c300000] [id=1328]
  0x00000180d91a6850 GCTaskThread "GC Thread#2" [stack: 0x0000002e5c300000,0x0000002e5c400000] [id=13380]
  0x00000180d91a8890 GCTaskThread "GC Thread#3" [stack: 0x0000002e5c400000,0x0000002e5c500000] [id=19328]
  0x00000180d91a8b40 GCTaskThread "GC Thread#4" [stack: 0x0000002e5c500000,0x0000002e5c600000] [id=26224]
  0x00000180d91a6b00 GCTaskThread "GC Thread#5" [stack: 0x0000002e5c600000,0x0000002e5c700000] [id=25648]
  0x00000180d91a5580 GCTaskThread "GC Thread#6" [stack: 0x0000002e5c700000,0x0000002e5c800000] [id=9196]
  0x00000180e116c110 GCTaskThread "GC Thread#7" [stack: 0x0000002e5d400000,0x0000002e5d500000] [id=19880]
  0x00000180e116bbb0 GCTaskThread "GC Thread#8" [stack: 0x0000002e5ea00000,0x0000002e5eb00000] [id=27540]
  0x00000180b1f2ea50 ConcurrentGCThread "G1 Main Marker" [stack: 0x0000002e5a600000,0x0000002e5a700000] [id=24300]
  0x00000180b1f2f370 ConcurrentGCThread "G1 Conc#0" [stack: 0x0000002e5a700000,0x0000002e5a800000] [id=23688]
  0x00000180b1f9e680 ConcurrentGCThread "G1 Refine#0" [stack: 0x0000002e5a800000,0x0000002e5a900000] [id=20696]
  0x00000180e733fa60 ConcurrentGCThread "G1 Refine#1" [stack: 0x0000002e5d500000,0x0000002e5d600000] [id=10328]
  0x00000180e82e8650 ConcurrentGCThread "G1 Refine#2" [stack: 0x0000002e5d200000,0x0000002e5d300000] [id=1928]
  0x00000180e84ebcf0 ConcurrentGCThread "G1 Refine#3" [stack: 0x0000002e5d300000,0x0000002e5d400000] [id=4564]
  0x00000180e118da50 ConcurrentGCThread "G1 Refine#4" [stack: 0x0000002e5d600000,0x0000002e5d700000] [id=22740]
  0x00000180e75c87c0 ConcurrentGCThread "G1 Refine#5" [stack: 0x0000002e5d100000,0x0000002e5d200000] [id=2588]
  0x00000180d52920c0 ConcurrentGCThread "G1 Service" [stack: 0x0000002e5a900000,0x0000002e5aa00000] [id=15528]

Threads with active compile tasks:

VM state: not at safepoint (normal execution)

VM Mutex/Monitor currently owned by a thread: None

Heap address: 0x000000070a000000, size: 3936 MB, Compressed Oops mode: Zero based, Oop shift amount: 3

CDS archive(s) mapped at: [0x0000000800000000-0x0000000800bc0000-0x0000000800bc0000), size 12320768, SharedBaseAddress: 0x0000000800000000, ArchiveRelocationMode: 0.
Compressed class space mapped at: 0x0000000800c00000-0x0000000840c00000, reserved size: 1073741824
Narrow klass base: 0x0000000800000000, Narrow klass shift: 0, Narrow klass range: 0x100000000

GC Precious Log:
 CPUs: 16 total, 16 available
 Memory: 15741M
 Large Page Support: Disabled
 NUMA Support: Disabled
 Compressed Oops: Enabled (Zero based)
 Heap Region Size: 2M
 Heap Min Capacity: 8M
 Heap Initial Capacity: 246M
 Heap Max Capacity: 3936M
 Pre-touch: Disabled
 Parallel Workers: 13
 Concurrent Workers: 3
 Concurrent Refinement Workers: 13
 Periodic GC: Disabled

Heap:
 garbage-first heap   total 251904K, used 164867K [0x000000070a000000, 0x0000000800000000)
  region size 2048K, 26 young (53248K), 3 survivors (6144K)
 Metaspace       used 10548K, committed 10688K, reserved 1064960K
  class space    used 743K, committed 832K, reserved 1048576K

Heap Regions: E=young(eden), S=young(survivor), O=old, HS=humongous(starts), HC=humongous(continues), CS=collection set, F=free, OA=open archive, CA=closed archive, TAMS=top-at-mark-start (previous, next)
|   0|0x000000070a000000, 0x000000070a200000, 0x000000070a200000|100%|HS|  |TAMS 0x000000070a000000, 0x000000070a000000| Complete 
|   1|0x000000070a200000, 0x000000070a400000, 0x000000070a400000|100%|HS|  |TAMS 0x000000070a200000, 0x000000070a200000| Complete 
|   2|0x000000070a400000, 0x000000070a600000, 0x000000070a600000|100%|HS|  |TAMS 0x000000070a400000, 0x000000070a400000| Complete 
|   3|0x000000070a600000, 0x000000070a800000, 0x000000070a800000|100%|HS|  |TAMS 0x000000070a600000, 0x000000070a600000| Complete 
|   4|0x000000070a800000, 0x000000070aa00000, 0x000000070aa00000|100%| O|  |TAMS 0x000000070a800000, 0x000000070a800000| Untracked 
|   5|0x000000070aa00000, 0x000000070ac00000, 0x000000070ac00000|100%| O|  |TAMS 0x000000070aa00000, 0x000000070aa00000| Untracked 
|   6|0x000000070ac00000, 0x000000070ae00000, 0x000000070ae00000|100%| O|  |TAMS 0x000000070ac00000, 0x000000070ac00000| Untracked 
|   7|0x000000070ae00000, 0x000000070b000000, 0x000000070b000000|100%| O|  |TAMS 0x000000070ae00000, 0x000000070ae00000| Untracked 
|   8|0x000000070b000000, 0x000000070b200000, 0x000000070b200000|100%| O|  |TAMS 0x000000070b000000, 0x000000070b000000| Untracked 
|   9|0x000000070b200000, 0x000000070b400000, 0x000000070b400000|100%| O|  |TAMS 0x000000070b200000, 0x000000070b200000| Untracked 
|  10|0x000000070b400000, 0x000000070b600000, 0x000000070b600000|100%|HS|  |TAMS 0x000000070b400000, 0x000000070b400000| Complete 
|  11|0x000000070b600000, 0x000000070b800000, 0x000000070b800000|100%|HS|  |TAMS 0x000000070b600000, 0x000000070b600000| Complete 
|  12|0x000000070b800000, 0x000000070ba00000, 0x000000070ba00000|100%| O|  |TAMS 0x000000070b800000, 0x000000070b800000| Untracked 
|  13|0x000000070ba00000, 0x000000070bc00000, 0x000000070bc00000|100%| O|  |TAMS 0x000000070ba00000, 0x000000070ba00000| Untracked 
|  14|0x000000070bc00000, 0x000000070be00000, 0x000000070be00000|100%| O|  |TAMS 0x000000070bc00000, 0x000000070bc00000| Untracked 
|  15|0x000000070be00000, 0x000000070c000000, 0x000000070c000000|100%|HS|  |TAMS 0x000000070be00000, 0x000000070be00000| Complete 
|  16|0x000000070c000000, 0x000000070c200000, 0x000000070c200000|100%|HS|  |TAMS 0x000000070c000000, 0x000000070c000000| Complete 
|  17|0x000000070c200000, 0x000000070c400000, 0x000000070c400000|100%|HS|  |TAMS 0x000000070c200000, 0x000000070c200000| Complete 
|  18|0x000000070c400000, 0x000000070c600000, 0x000000070c600000|100%|HS|  |TAMS 0x000000070c400000, 0x000000070c400000| Complete 
|  19|0x000000070c600000, 0x000000070c800000, 0x000000070c800000|100%|HS|  |TAMS 0x000000070c600000, 0x000000070c600000| Complete 
|  20|0x000000070c800000, 0x000000070ca00000, 0x000000070ca00000|100%|HS|  |TAMS 0x000000070c800000, 0x000000070c800000| Complete 
|  21|0x000000070ca00000, 0x000000070cc00000, 0x000000070cc00000|100%|HS|  |TAMS 0x000000070ca00000, 0x000000070ca00000| Complete 
|  22|0x000000070cc00000, 0x000000070ce00000, 0x000000070ce00000|100%|HS|  |TAMS 0x000000070cc00000, 0x000000070cc00000| Complete 
|  23|0x000000070ce00000, 0x000000070d000000, 0x000000070d000000|100%|HS|  |TAMS 0x000000070ce00000, 0x000000070ce00000| Complete 
|  24|0x000000070d000000, 0x000000070d200000, 0x000000070d200000|100%|HS|  |TAMS 0x000000070d000000, 0x000000070d000000| Complete 
|  25|0x000000070d200000, 0x000000070d400000, 0x000000070d400000|100%|HS|  |TAMS 0x000000070d200000, 0x000000070d200000| Complete 
|  26|0x000000070d400000, 0x000000070d600000, 0x000000070d600000|100%|HS|  |TAMS 0x000000070d400000, 0x000000070d400000| Complete 
|  27|0x000000070d600000, 0x000000070d800000, 0x000000070d800000|100%|HS|  |TAMS 0x000000070d600000, 0x000000070d600000| Complete 
|  28|0x000000070d800000, 0x000000070da00000, 0x000000070da00000|100%|HS|  |TAMS 0x000000070d800000, 0x000000070d800000| Complete 
|  29|0x000000070da00000, 0x000000070dc00000, 0x000000070dc00000|100%|HS|  |TAMS 0x000000070da00000, 0x000000070da00000| Complete 
|  30|0x000000070dc00000, 0x000000070de00000, 0x000000070de00000|100%|HS|  |TAMS 0x000000070dc00000, 0x000000070dc00000| Complete 
|  31|0x000000070de00000, 0x000000070e000000, 0x000000070e000000|100%|HS|  |TAMS 0x000000070de00000, 0x000000070de00000| Complete 
|  32|0x000000070e000000, 0x000000070e200000, 0x000000070e200000|100%|HS|  |TAMS 0x000000070e000000, 0x000000070e000000| Complete 
|  33|0x000000070e200000, 0x000000070e400000, 0x000000070e400000|100%|HS|  |TAMS 0x000000070e200000, 0x000000070e200000| Complete 
|  34|0x000000070e400000, 0x000000070e600000, 0x000000070e600000|100%|HS|  |TAMS 0x000000070e400000, 0x000000070e400000| Complete 
|  35|0x000000070e600000, 0x000000070e800000, 0x000000070e800000|100%|HS|  |TAMS 0x000000070e600000, 0x000000070e600000| Complete 
|  36|0x000000070e800000, 0x000000070ea00000, 0x000000070ea00000|100%|HS|  |TAMS 0x000000070e800000, 0x000000070e800000| Complete 
|  37|0x000000070ea00000, 0x000000070ec00000, 0x000000070ec00000|100%|HS|  |TAMS 0x000000070ea00000, 0x000000070ea00000| Complete 
|  38|0x000000070ec00000, 0x000000070ee00000, 0x000000070ee00000|100%|HS|  |TAMS 0x000000070ec00000, 0x000000070ec00000| Complete 
|  39|0x000000070ee00000, 0x000000070f000000, 0x000000070f000000|100%|HS|  |TAMS 0x000000070ee00000, 0x000000070ee00000| Complete 
|  40|0x000000070f000000, 0x000000070f200000, 0x000000070f200000|100%|HS|  |TAMS 0x000000070f000000, 0x000000070f000000| Complete 
|  41|0x000000070f200000, 0x000000070f400000, 0x000000070f400000|100%|HS|  |TAMS 0x000000070f200000, 0x000000070f200000| Complete 
|  42|0x000000070f400000, 0x000000070f600000, 0x000000070f600000|100%|HS|  |TAMS 0x000000070f400000, 0x000000070f400000| Complete 
|  43|0x000000070f600000, 0x000000070f600000, 0x000000070f800000|  0%| F|  |TAMS 0x000000070f600000, 0x000000070f600000| Untracked 
|  44|0x000000070f800000, 0x000000070f800000, 0x000000070fa00000|  0%| F|  |TAMS 0x000000070f800000, 0x000000070f800000| Untracked 
|  45|0x000000070fa00000, 0x000000070fa00000, 0x000000070fc00000|  0%| F|  |TAMS 0x000000070fa00000, 0x000000070fa00000| Untracked 
|  46|0x000000070fc00000, 0x000000070fc00000, 0x000000070fe00000|  0%| F|  |TAMS 0x000000070fc00000, 0x000000070fc00000| Untracked 
|  47|0x000000070fe00000, 0x000000070fe00000, 0x0000000710000000|  0%| F|  |TAMS 0x000000070fe00000, 0x000000070fe00000| Untracked 
|  48|0x0000000710000000, 0x0000000710200000, 0x0000000710200000|100%|HS|  |TAMS 0x0000000710000000, 0x0000000710000000| Complete 
|  49|0x0000000710200000, 0x0000000710400000, 0x0000000710400000|100%|HS|  |TAMS 0x0000000710200000, 0x0000000710200000| Complete 
|  50|0x0000000710400000, 0x0000000710600000, 0x0000000710600000|100%|HS|  |TAMS 0x0000000710400000, 0x0000000710400000| Complete 
|  51|0x0000000710600000, 0x0000000710600000, 0x0000000710800000|  0%| F|  |TAMS 0x0000000710600000, 0x0000000710600000| Untracked 
|  52|0x0000000710800000, 0x0000000710800000, 0x0000000710a00000|  0%| F|  |TAMS 0x0000000710800000, 0x0000000710800000| Untracked 
|  53|0x0000000710a00000, 0x0000000710a00000, 0x0000000710c00000|  0%| F|  |TAMS 0x0000000710a00000, 0x0000000710a00000| Untracked 
|  54|0x0000000710c00000, 0x0000000710e00000, 0x0000000710e00000|100%|HS|  |TAMS 0x0000000710c00000, 0x0000000710c00000| Complete 
|  55|0x0000000710e00000, 0x0000000711000000, 0x0000000711000000|100%|HS|  |TAMS 0x0000000710e00000, 0x0000000710e00000| Complete 
|  56|0x0000000711000000, 0x0000000711200000, 0x0000000711200000|100%| O|  |TAMS 0x0000000711000000, 0x0000000711000000| Untracked 
|  57|0x0000000711200000, 0x0000000711400000, 0x0000000711400000|100%| O|  |TAMS 0x0000000711200000, 0x0000000711200000| Untracked 
|  58|0x0000000711400000, 0x0000000711600000, 0x0000000711600000|100%| O|  |TAMS 0x0000000711400000, 0x0000000711400000| Untracked 
|  59|0x0000000711600000, 0x0000000711800000, 0x0000000711800000|100%| O|  |TAMS 0x0000000711600000, 0x0000000711600000| Untracked 
|  60|0x0000000711800000, 0x0000000711a00000, 0x0000000711a00000|100%| O|  |TAMS 0x0000000711800000, 0x0000000711800000| Untracked 
|  61|0x0000000711a00000, 0x0000000711c00000, 0x0000000711c00000|100%| O|  |TAMS 0x0000000711a00000, 0x0000000711a00000| Untracked 
|  62|0x0000000711c00000, 0x0000000711e00000, 0x0000000711e00000|100%| O|  |TAMS 0x0000000711c00000, 0x0000000711c00000| Untracked 
|  63|0x0000000711e00000, 0x0000000711f78600, 0x0000000712000000| 73%| O|  |TAMS 0x0000000711e00000, 0x0000000711e00000| Untracked 
|  64|0x0000000712000000, 0x0000000712000000, 0x0000000712200000|  0%| F|  |TAMS 0x0000000712000000, 0x0000000712000000| Untracked 
|  65|0x0000000712200000, 0x0000000712200000, 0x0000000712400000|  0%| F|  |TAMS 0x0000000712200000, 0x0000000712200000| Untracked 
|  66|0x0000000712400000, 0x0000000712400000, 0x0000000712600000|  0%| F|  |TAMS 0x0000000712400000, 0x0000000712400000| Untracked 
|  67|0x0000000712600000, 0x0000000712600000, 0x0000000712800000|  0%| F|  |TAMS 0x0000000712600000, 0x0000000712600000| Untracked 
|  68|0x0000000712800000, 0x0000000712800000, 0x0000000712a00000|  0%| F|  |TAMS 0x0000000712800000, 0x0000000712800000| Untracked 
|  69|0x0000000712a00000, 0x0000000712a00000, 0x0000000712c00000|  0%| F|  |TAMS 0x0000000712a00000, 0x0000000712a00000| Untracked 
|  70|0x0000000712c00000, 0x0000000712c00000, 0x0000000712e00000|  0%| F|  |TAMS 0x0000000712c00000, 0x0000000712c00000| Untracked 
|  71|0x0000000712e00000, 0x0000000712e00000, 0x0000000713000000|  0%| F|  |TAMS 0x0000000712e00000, 0x0000000712e00000| Untracked 
|  72|0x0000000713000000, 0x0000000713188710, 0x0000000713200000| 76%| S|CS|TAMS 0x0000000713000000, 0x0000000713000000| Complete 
|  73|0x0000000713200000, 0x0000000713400000, 0x0000000713400000|100%| S|CS|TAMS 0x0000000713200000, 0x0000000713200000| Complete 
|  74|0x0000000713400000, 0x0000000713600000, 0x0000000713600000|100%| S|CS|TAMS 0x0000000713400000, 0x0000000713400000| Complete 
|  75|0x0000000713600000, 0x0000000713600000, 0x0000000713800000|  0%| F|  |TAMS 0x0000000713600000, 0x0000000713600000| Untracked 
|  76|0x0000000713800000, 0x0000000713800000, 0x0000000713a00000|  0%| F|  |TAMS 0x0000000713800000, 0x0000000713800000| Untracked 
|  77|0x0000000713a00000, 0x0000000713a00000, 0x0000000713c00000|  0%| F|  |TAMS 0x0000000713a00000, 0x0000000713a00000| Untracked 
|  78|0x0000000713c00000, 0x0000000713c00000, 0x0000000713e00000|  0%| F|  |TAMS 0x0000000713c00000, 0x0000000713c00000| Untracked 
|  79|0x0000000713e00000, 0x0000000713e00000, 0x0000000714000000|  0%| F|  |TAMS 0x0000000713e00000, 0x0000000713e00000| Untracked 
|  80|0x0000000714000000, 0x0000000714000000, 0x0000000714200000|  0%| F|  |TAMS 0x0000000714000000, 0x0000000714000000| Untracked 
|  81|0x0000000714200000, 0x0000000714200000, 0x0000000714400000|  0%| F|  |TAMS 0x0000000714200000, 0x0000000714200000| Untracked 
|  82|0x0000000714400000, 0x0000000714400000, 0x0000000714600000|  0%| F|  |TAMS 0x0000000714400000, 0x0000000714400000| Untracked 
|  83|0x0000000714600000, 0x0000000714600000, 0x0000000714800000|  0%| F|  |TAMS 0x0000000714600000, 0x0000000714600000| Untracked 
|  84|0x0000000714800000, 0x0000000714800000, 0x0000000714a00000|  0%| F|  |TAMS 0x0000000714800000, 0x0000000714800000| Untracked 
|  85|0x0000000714a00000, 0x0000000714a00000, 0x0000000714c00000|  0%| F|  |TAMS 0x0000000714a00000, 0x0000000714a00000| Untracked 
|  86|0x0000000714c00000, 0x0000000714c00000, 0x0000000714e00000|  0%| F|  |TAMS 0x0000000714c00000, 0x0000000714c00000| Untracked 
|  87|0x0000000714e00000, 0x0000000714e00000, 0x0000000715000000|  0%| F|  |TAMS 0x0000000714e00000, 0x0000000714e00000| Untracked 
|  88|0x0000000715000000, 0x0000000715000000, 0x0000000715200000|  0%| F|  |TAMS 0x0000000715000000, 0x0000000715000000| Untracked 
|  89|0x0000000715200000, 0x0000000715200000, 0x0000000715400000|  0%| F|  |TAMS 0x0000000715200000, 0x0000000715200000| Untracked 
|  90|0x0000000715400000, 0x0000000715400000, 0x0000000715600000|  0%| F|  |TAMS 0x0000000715400000, 0x0000000715400000| Untracked 
|  91|0x0000000715600000, 0x0000000715600000, 0x0000000715800000|  0%| F|  |TAMS 0x0000000715600000, 0x0000000715600000| Untracked 
|  92|0x0000000715800000, 0x0000000715800000, 0x0000000715a00000|  0%| F|  |TAMS 0x0000000715800000, 0x0000000715800000| Untracked 
|  93|0x0000000715a00000, 0x0000000715a00000, 0x0000000715c00000|  0%| F|  |TAMS 0x0000000715a00000, 0x0000000715a00000| Untracked 
|  94|0x0000000715c00000, 0x0000000715c00000, 0x0000000715e00000|  0%| F|  |TAMS 0x0000000715c00000, 0x0000000715c00000| Untracked 
|  95|0x0000000715e00000, 0x0000000715e00000, 0x0000000716000000|  0%| F|  |TAMS 0x0000000715e00000, 0x0000000715e00000| Untracked 
|  96|0x0000000716000000, 0x0000000716000000, 0x0000000716200000|  0%| F|  |TAMS 0x0000000716000000, 0x0000000716000000| Untracked 
|  97|0x0000000716200000, 0x0000000716200000, 0x0000000716400000|  0%| F|  |TAMS 0x0000000716200000, 0x0000000716200000| Untracked 
|  98|0x0000000716400000, 0x0000000716400000, 0x0000000716600000|  0%| F|  |TAMS 0x0000000716400000, 0x0000000716400000| Untracked 
|  99|0x0000000716600000, 0x0000000716600000, 0x0000000716800000|  0%| F|  |TAMS 0x0000000716600000, 0x0000000716600000| Untracked 
| 100|0x0000000716800000, 0x00000007169027f0, 0x0000000716a00000| 50%| E|  |TAMS 0x0000000716800000, 0x0000000716800000| Complete 
| 101|0x0000000716a00000, 0x0000000716c00000, 0x0000000716c00000|100%| E|CS|TAMS 0x0000000716a00000, 0x0000000716a00000| Complete 
| 102|0x0000000716c00000, 0x0000000716e00000, 0x0000000716e00000|100%| E|CS|TAMS 0x0000000716c00000, 0x0000000716c00000| Complete 
| 103|0x0000000716e00000, 0x0000000717000000, 0x0000000717000000|100%| E|CS|TAMS 0x0000000716e00000, 0x0000000716e00000| Complete 
| 104|0x0000000717000000, 0x0000000717200000, 0x0000000717200000|100%| E|CS|TAMS 0x0000000717000000, 0x0000000717000000| Complete 
| 105|0x0000000717200000, 0x0000000717400000, 0x0000000717400000|100%| E|CS|TAMS 0x0000000717200000, 0x0000000717200000| Complete 
| 106|0x0000000717400000, 0x0000000717600000, 0x0000000717600000|100%| E|CS|TAMS 0x0000000717400000, 0x0000000717400000| Complete 
| 107|0x0000000717600000, 0x0000000717800000, 0x0000000717800000|100%| E|CS|TAMS 0x0000000717600000, 0x0000000717600000| Complete 
| 108|0x0000000717800000, 0x0000000717a00000, 0x0000000717a00000|100%| E|CS|TAMS 0x0000000717800000, 0x0000000717800000| Complete 
| 109|0x0000000717a00000, 0x0000000717c00000, 0x0000000717c00000|100%| E|CS|TAMS 0x0000000717a00000, 0x0000000717a00000| Complete 
| 110|0x0000000717c00000, 0x0000000717e00000, 0x0000000717e00000|100%| E|CS|TAMS 0x0000000717c00000, 0x0000000717c00000| Complete 
| 111|0x0000000717e00000, 0x0000000718000000, 0x0000000718000000|100%| E|CS|TAMS 0x0000000717e00000, 0x0000000717e00000| Complete 
| 112|0x0000000718000000, 0x0000000718200000, 0x0000000718200000|100%| E|CS|TAMS 0x0000000718000000, 0x0000000718000000| Complete 
| 113|0x0000000718200000, 0x0000000718400000, 0x0000000718400000|100%| E|CS|TAMS 0x0000000718200000, 0x0000000718200000| Complete 
| 114|0x0000000718400000, 0x0000000718600000, 0x0000000718600000|100%| E|CS|TAMS 0x0000000718400000, 0x0000000718400000| Complete 
| 115|0x0000000718600000, 0x0000000718800000, 0x0000000718800000|100%| E|CS|TAMS 0x0000000718600000, 0x0000000718600000| Complete 
| 116|0x0000000718800000, 0x0000000718a00000, 0x0000000718a00000|100%| E|CS|TAMS 0x0000000718800000, 0x0000000718800000| Complete 
| 117|0x0000000718a00000, 0x0000000718c00000, 0x0000000718c00000|100%| E|CS|TAMS 0x0000000718a00000, 0x0000000718a00000| Complete 
| 118|0x0000000718c00000, 0x0000000718e00000, 0x0000000718e00000|100%| E|CS|TAMS 0x0000000718c00000, 0x0000000718c00000| Complete 
| 119|0x0000000718e00000, 0x0000000719000000, 0x0000000719000000|100%| E|CS|TAMS 0x0000000718e00000, 0x0000000718e00000| Complete 
| 120|0x0000000719000000, 0x0000000719200000, 0x0000000719200000|100%| E|CS|TAMS 0x0000000719000000, 0x0000000719000000| Complete 
| 121|0x0000000719200000, 0x0000000719400000, 0x0000000719400000|100%| E|CS|TAMS 0x0000000719200000, 0x0000000719200000| Complete 
| 122|0x0000000719400000, 0x0000000719600000, 0x0000000719600000|100%| E|CS|TAMS 0x0000000719400000, 0x0000000719400000| Complete 

Card table byte_map: [0x00000180c99e0000,0x00000180ca190000] _byte_map_base: 0x00000180c6190000

Marking Bits (Prev, Next): (CMBitMap*) 0x00000180b1f1eb20, (CMBitMap*) 0x00000180b1f1eb60
 Prev Bits: [0x00000180ca940000, 0x00000180ce6c0000)
 Next Bits: [0x00000180ce6c0000, 0x00000180d2440000)

Polling page: 0x00000180afc10000

Metaspace:

Usage:
  Non-class:      9.58 MB used.
      Class:    743.16 KB used.
       Both:     10.30 MB used.

Virtual space:
  Non-class space:       16.00 MB reserved,       9.62 MB ( 60%) committed,  2 nodes.
      Class space:        1.00 GB reserved,     832.00 KB ( <1%) committed,  1 nodes.
             Both:        1.02 GB reserved,      10.44 MB (  1%) committed. 

Chunk freelists:
   Non-Class:  592.00 KB
       Class:  3.16 MB
        Both:  3.74 MB

MaxMetaspaceSize: unlimited
CompressedClassSpaceSize: 1.00 GB
Initial GC threshold: 21.00 MB
Current GC threshold: 21.00 MB
CDS: on
MetaspaceReclaimPolicy: balanced
 - commit_granule_bytes: 65536.
 - commit_granule_words: 8192.
 - virtual_space_node_default_size: 1048576.
 - enlarge_chunks_in_place: 1.
 - new_chunks_are_fully_committed: 0.
 - uncommit_free_chunks: 1.
 - use_allocation_guard: 0.
 - handle_deallocations: 1.


Internal statistics:

num_allocs_failed_limit: 0.
num_arena_births: 60.
num_arena_deaths: 0.
num_vsnodes_births: 3.
num_vsnodes_deaths: 0.
num_space_committed: 165.
num_space_uncommitted: 0.
num_chunks_returned_to_freelist: 0.
num_chunks_taken_from_freelist: 349.
num_chunk_merges: 0.
num_chunk_splits: 287.
num_chunks_enlarged: 252.
num_purges: 0.
num_inconsistent_stats: 0.

CodeHeap 'non-profiled nmethods': size=119168Kb used=2289Kb max_used=2289Kb free=116878Kb
 bounds [0x00000180c1530000, 0x00000180c17a0000, 0x00000180c8990000]
CodeHeap 'profiled nmethods': size=119104Kb used=4501Kb max_used=4501Kb free=114602Kb
 bounds [0x00000180ba0e0000, 0x00000180ba550000, 0x00000180c1530000]
CodeHeap 'non-nmethods': size=7488Kb used=1661Kb max_used=3391Kb free=5826Kb
 bounds [0x00000180b9990000, 0x00000180b9cf0000, 0x00000180ba0e0000]
 total_blobs=3658 nmethods=2548 adapters=1023
 compilation: enabled
              stopped_count=0, restarted_count=0
 full_count=0

Compilation events (20 events):
Event: 38.108 Thread 0x00000180d6020140 2540       3       java.lang.System$2::createOrGetClassLoaderValueMap (5 bytes)
Event: 38.108 Thread 0x00000180d6020140 nmethod 2540 0x00000180ba543010 code [0x00000180ba5431c0, 0x00000180ba543388]
Event: 38.108 Thread 0x00000180d6020140 2541       3       java.lang.ClassLoader::createOrGetClassLoaderValueMap (37 bytes)
Event: 38.108 Thread 0x00000180d6020140 nmethod 2541 0x00000180ba543490 code [0x00000180ba543660, 0x00000180ba5439e8]
Event: 38.108 Thread 0x00000180d6020140 2542       3       jdk.internal.loader.AbstractClassLoaderValue::extractValue (17 bytes)
Event: 38.108 Thread 0x00000180d6020140 nmethod 2542 0x00000180ba543b10 code [0x00000180ba543cc0, 0x00000180ba5440e8]
Event: 40.471 Thread 0x00000180d6020140 2544  s    3       com.badlogic.gdx.InputEventQueue::next (162 bytes)
Event: 40.472 Thread 0x00000180d6020140 nmethod 2544 0x00000180ba544210 code [0x00000180ba544400, 0x00000180ba544a28]
Event: 40.747 Thread 0x00000180d6020140 2545       3       jdk.internal.math.FormattedFloatingDecimal::applyPrecision (162 bytes)
Event: 40.748 Thread 0x00000180d6020140 nmethod 2545 0x00000180ba544c10 code [0x00000180ba544e40, 0x00000180ba5454c8]
Event: 41.173 Thread 0x00000180d541aab0 2546       4       com.badlogic.gdx.utils.TimSort::minRunLength (25 bytes)
Event: 41.174 Thread 0x00000180d541aab0 nmethod 2546 0x00000180c176a810 code [0x00000180c176a980, 0x00000180c176aa18]
Event: 41.330 Thread 0x00000180d541aab0 2547       4       java.util.Arrays::fill (28 bytes)
Event: 41.332 Thread 0x00000180d541aab0 nmethod 2547 0x00000180c176ab10 code [0x00000180c176aca0, 0x00000180c176ae78]
Event: 41.881 Thread 0x00000180d541aab0 2548       4       com.badlogic.gdx.graphics.g3d.utils.shapebuilders.CylinderShapeBuilder::build (15 bytes)
Event: 41.881 Thread 0x00000180d541aab0 nmethod 2548 0x00000180c176b010 code [0x00000180c176b1a0, 0x00000180c176b228]
Event: 42.480 Thread 0x00000180d541aab0 2549       4       com.badlogic.gdx.graphics.glutils.ShaderProgram::fetchUniformLocation (120 bytes)
Event: 42.488 Thread 0x00000180d541aab0 nmethod 2549 0x00000180c176b310 code [0x00000180c176b4e0, 0x00000180c176bd58]
Event: 43.048 Thread 0x00000180d541aab0 2550       4       java.util.regex.Pattern$BitClass::is (22 bytes)
Event: 43.048 Thread 0x00000180d541aab0 nmethod 2550 0x00000180c176c310 code [0x00000180c176c480, 0x00000180c176c558]

GC Heap History (12 events):
Event: 1.096 GC heap before
{Heap before GC invocations=0 (full 0):
 garbage-first heap   total 251904K, used 22528K [0x000000070a000000, 0x0000000800000000)
  region size 2048K, 11 young (22528K), 0 survivors (0K)
 Metaspace       used 7059K, committed 7232K, reserved 1064960K
  class space    used 428K, committed 512K, reserved 1048576K
}
Event: 1.098 GC heap after
{Heap after GC invocations=1 (full 0):
 garbage-first heap   total 251904K, used 2547K [0x000000070a000000, 0x0000000800000000)
  region size 2048K, 2 young (4096K), 2 survivors (4096K)
 Metaspace       used 7059K, committed 7232K, reserved 1064960K
  class space    used 428K, committed 512K, reserved 1048576K
}
Event: 4.868 GC heap before
{Heap before GC invocations=1 (full 0):
 garbage-first heap   total 251904K, used 47603K [0x000000070a000000, 0x0000000800000000)
  region size 2048K, 20 young (40960K), 2 survivors (4096K)
 Metaspace       used 9806K, committed 9920K, reserved 1064960K
  class space    used 678K, committed 704K, reserved 1048576K
}
Event: 4.877 GC heap after
{Heap after GC invocations=2 (full 0):
 garbage-first heap   total 251904K, used 22682K [0x000000070a000000, 0x0000000800000000)
  region size 2048K, 3 young (6144K), 3 survivors (6144K)
 Metaspace       used 9806K, committed 9920K, reserved 1064960K
  class space    used 678K, committed 704K, reserved 1048576K
}
Event: 5.459 GC heap before
{Heap before GC invocations=2 (full 0):
 garbage-first heap   total 251904K, used 32922K [0x000000070a000000, 0x0000000800000000)
  region size 2048K, 6 young (12288K), 3 survivors (6144K)
 Metaspace       used 10221K, committed 10368K, reserved 1064960K
  class space    used 728K, committed 768K, reserved 1048576K
}
Event: 5.464 GC heap after
{Heap after GC invocations=3 (full 0):
 garbage-first heap   total 251904K, used 31089K [0x000000070a000000, 0x0000000800000000)
  region size 2048K, 1 young (2048K), 1 survivors (2048K)
 Metaspace       used 10221K, committed 10368K, reserved 1064960K
  class space    used 728K, committed 768K, reserved 1048576K
}
Event: 19.056 GC heap before
{Heap before GC invocations=3 (full 0):
 garbage-first heap   total 251904K, used 188785K [0x000000070a000000, 0x0000000800000000)
  region size 2048K, 72 young (147456K), 1 survivors (2048K)
 Metaspace       used 10374K, committed 10496K, reserved 1064960K
  class space    used 729K, committed 768K, reserved 1048576K
}
Event: 19.059 GC heap after
{Heap after GC invocations=4 (full 0):
 garbage-first heap   total 251904K, used 47888K [0x000000070a000000, 0x0000000800000000)
  region size 2048K, 3 young (6144K), 3 survivors (6144K)
 Metaspace       used 10374K, committed 10496K, reserved 1064960K
  class space    used 729K, committed 768K, reserved 1048576K
}
Event: 30.419 GC heap before
{Heap before GC invocations=4 (full 0):
 garbage-first heap   total 251904K, used 224016K [0x000000070a000000, 0x0000000800000000)
  region size 2048K, 72 young (147456K), 3 survivors (6144K)
 Metaspace       used 10509K, committed 10688K, reserved 1064960K
  class space    used 741K, committed 832K, reserved 1048576K
}
Event: 30.423 GC heap after
{Heap after GC invocations=5 (full 0):
 garbage-first heap   total 251904K, used 96375K [0x000000070a000000, 0x0000000800000000)
  region size 2048K, 8 young (16384K), 8 survivors (16384K)
 Metaspace       used 10509K, committed 10688K, reserved 1064960K
  class space    used 741K, committed 832K, reserved 1048576K
}
Event: 40.316 GC heap before
{Heap before GC invocations=5 (full 0):
 garbage-first heap   total 251904K, used 211063K [0x000000070a000000, 0x0000000800000000)
  region size 2048K, 56 young (114688K), 8 survivors (16384K)
 Metaspace       used 10535K, committed 10688K, reserved 1064960K
  class space    used 741K, committed 832K, reserved 1048576K
}
Event: 40.321 GC heap after
{Heap after GC invocations=6 (full 0):
 garbage-first heap   total 251904K, used 119811K [0x000000070a000000, 0x0000000800000000)
  region size 2048K, 3 young (6144K), 3 survivors (6144K)
 Metaspace       used 10535K, committed 10688K, reserved 1064960K
  class space    used 741K, committed 832K, reserved 1048576K
}

Deoptimization events (20 events):
Event: 22.934 Thread 0x00000180b1ec36a0 DEOPT PACKING pc=0x00000180ba512d11 sp=0x0000002e5a4fecf0
Event: 22.934 Thread 0x00000180b1ec36a0 DEOPT UNPACKING pc=0x00000180b99e2b43 sp=0x0000002e5a4fe1e8 mode 0
Event: 22.967 Thread 0x00000180b1ec36a0 DEOPT PACKING pc=0x00000180ba512d11 sp=0x0000002e5a4fecf0
Event: 22.967 Thread 0x00000180b1ec36a0 DEOPT UNPACKING pc=0x00000180b99e2b43 sp=0x0000002e5a4fe1e8 mode 0
Event: 23.000 Thread 0x00000180b1ec36a0 DEOPT PACKING pc=0x00000180ba512d11 sp=0x0000002e5a4fecf0
Event: 23.000 Thread 0x00000180b1ec36a0 DEOPT UNPACKING pc=0x00000180b99e2b43 sp=0x0000002e5a4fe1e8 mode 0
Event: 26.969 Thread 0x00000180b1ec36a0 Uncommon trap: trap_request=0xffffff45 fr.pc=0x00000180c16a9c1c relative=0x000000000000011c
Event: 26.969 Thread 0x00000180b1ec36a0 Uncommon trap: reason=unstable_if action=reinterpret pc=0x00000180c16a9c1c method=com.crazyputting3d.Engine.physicsEngine.isInTerrain(DD)Z @ 24 c2
Event: 26.969 Thread 0x00000180b1ec36a0 DEOPT PACKING pc=0x00000180c16a9c1c sp=0x0000002e5a4feba0
Event: 26.969 Thread 0x00000180b1ec36a0 DEOPT UNPACKING pc=0x00000180b99e23a3 sp=0x0000002e5a4feb28 mode 2
Event: 30.727 Thread 0x00000180b1ec36a0 Uncommon trap: trap_request=0xffffff45 fr.pc=0x00000180c16aa124 relative=0x0000000000000204
Event: 30.727 Thread 0x00000180b1ec36a0 Uncommon trap: reason=unstable_if action=reinterpret pc=0x00000180c16aa124 method=com.crazyputting3d.Objects.Wall.isInWall(DD)Z @ 15 c2
Event: 30.727 Thread 0x00000180b1ec36a0 DEOPT PACKING pc=0x00000180c16aa124 sp=0x0000002e5a4feb80
Event: 30.727 Thread 0x00000180b1ec36a0 DEOPT UNPACKING pc=0x00000180b99e23a3 sp=0x0000002e5a4fea98 mode 2
Event: 30.727 Thread 0x00000180b1ec36a0 Uncommon trap: trap_request=0xffffff45 fr.pc=0x00000180c16a7444 relative=0x00000000000000c4
Event: 30.727 Thread 0x00000180b1ec36a0 Uncommon trap: reason=unstable_if action=reinterpret pc=0x00000180c16a7444 method=com.crazyputting3d.Objects.Wall.isInWall(DD)Z @ 15 c2
Event: 30.727 Thread 0x00000180b1ec36a0 DEOPT PACKING pc=0x00000180c16a7444 sp=0x0000002e5a4feae0
Event: 30.727 Thread 0x00000180b1ec36a0 DEOPT UNPACKING pc=0x00000180b99e23a3 sp=0x0000002e5a4fea90 mode 2
Event: 40.747 Thread 0x00000180b1ec36a0 DEOPT PACKING pc=0x00000180ba4bdb4b sp=0x0000002e5a4fea40
Event: 40.747 Thread 0x00000180b1ec36a0 DEOPT UNPACKING pc=0x00000180b99e2b43 sp=0x0000002e5a4fde78 mode 0

Classes unloaded (0 events):
No events

Classes redefined (0 events):
No events

Internal exceptions (20 events):
Event: 0.186 Thread 0x00000180b1ec36a0 Exception <a 'java/lang/NoSuchMethodError'{0x00000007191dc600}: 'java.lang.Object java.lang.invoke.DirectMethodHandle$Holder.invokeStaticInit(java.lang.Object)'> (0x00000007191dc600) 
thrown [e:\jenkins\tmp\workspace\build\src\src\hotspot\share\interpreter\linkResolver.cpp, line 766]
Event: 0.195 Thread 0x00000180b1ec36a0 Exception <a 'java/lang/NoSuchMethodError'{0x0000000718e3e940}: 'void java.lang.invoke.DirectMethodHandle$Holder.invokeStatic(java.lang.Object, java.lang.Object)'> (0x0000000718e3e940) 
thrown [e:\jenkins\tmp\workspace\build\src\src\hotspot\share\interpreter\linkResolver.cpp, line 766]
Event: 0.196 Thread 0x00000180b1ec36a0 Exception <a 'java/lang/NoSuchMethodError'{0x0000000718e44188}: 'void java.lang.invoke.DirectMethodHandle$Holder.invokeSpecial(java.lang.Object, java.lang.Object, java.lang.Object)'> (0x0000000718e44188) 
thrown [e:\jenkins\tmp\workspace\build\src\src\hotspot\share\interpreter\linkResolver.cpp, line 766]
Event: 0.198 Thread 0x00000180b1ec36a0 Exception <a 'java/lang/NoSuchMethodError'{0x0000000718e57510}: 'java.lang.Object java.lang.invoke.DirectMethodHandle$Holder.invokeStatic(java.lang.Object, java.lang.Object, int)'> (0x0000000718e57510) 
thrown [e:\jenkins\tmp\workspace\build\src\src\hotspot\share\interpreter\linkResolver.cpp, line 766]
Event: 0.199 Thread 0x00000180b1ec36a0 Exception <a 'java/lang/NoSuchMethodError'{0x0000000718e63280}: 'void java.lang.invoke.DelegatingMethodHandle$Holder.delegate(java.lang.Object, java.lang.Object, int, java.lang.Object)'> (0x0000000718e63280) 
thrown [e:\jenkins\tmp\workspace\build\src\src\hotspot\share\interpreter\linkResolver.cpp, line 766]
Event: 0.200 Thread 0x00000180b1ec36a0 Exception <a 'java/lang/NoSuchMethodError'{0x0000000718e674c0}: 'int java.lang.invoke.DirectMethodHandle$Holder.invokeSpecial(java.lang.Object, java.lang.Object, java.lang.Object)'> (0x0000000718e674c0) 
thrown [e:\jenkins\tmp\workspace\build\src\src\hotspot\share\interpreter\linkResolver.cpp, line 766]
Event: 0.230 Thread 0x00000180b1ec36a0 Exception <a 'sun/nio/fs/WindowsException'{0x0000000718f0e2a8}> (0x0000000718f0e2a8) 
thrown [e:\jenkins\tmp\workspace\build\src\src\hotspot\share\prims\jni.cpp, line 516]
Event: 0.230 Thread 0x00000180b1ec36a0 Exception <a 'sun/nio/fs/WindowsException'{0x0000000718f0e800}> (0x0000000718f0e800) 
thrown [e:\jenkins\tmp\workspace\build\src\src\hotspot\share\prims\jni.cpp, line 516]
Event: 0.252 Thread 0x00000180b1ec36a0 Exception <a 'sun/nio/fs/WindowsException'{0x0000000718ffc578}> (0x0000000718ffc578) 
thrown [e:\jenkins\tmp\workspace\build\src\src\hotspot\share\prims\jni.cpp, line 516]
Event: 0.253 Thread 0x00000180b1ec36a0 Exception <a 'sun/nio/fs/WindowsException'{0x0000000718ffc918}> (0x0000000718ffc918) 
thrown [e:\jenkins\tmp\workspace\build\src\src\hotspot\share\prims\jni.cpp, line 516]
Event: 0.270 Thread 0x00000180b1ec36a0 Exception <a 'sun/nio/fs/WindowsException'{0x0000000718caae90}> (0x0000000718caae90) 
thrown [e:\jenkins\tmp\workspace\build\src\src\hotspot\share\prims\jni.cpp, line 516]
Event: 0.270 Thread 0x00000180b1ec36a0 Exception <a 'sun/nio/fs/WindowsException'{0x0000000718cab200}> (0x0000000718cab200) 
thrown [e:\jenkins\tmp\workspace\build\src\src\hotspot\share\prims\jni.cpp, line 516]
Event: 0.312 Thread 0x00000180b1ec36a0 Exception <a 'sun/nio/fs/WindowsException'{0x0000000718d30230}> (0x0000000718d30230) 
thrown [e:\jenkins\tmp\workspace\build\src\src\hotspot\share\prims\jni.cpp, line 516]
Event: 0.312 Thread 0x00000180b1ec36a0 Exception <a 'sun/nio/fs/WindowsException'{0x0000000718d305b8}> (0x0000000718d305b8) 
thrown [e:\jenkins\tmp\workspace\build\src\src\hotspot\share\prims\jni.cpp, line 516]
Event: 0.842 Thread 0x00000180b1ec36a0 Exception <a 'sun/nio/fs/WindowsException'{0x0000000718b12ea8}> (0x0000000718b12ea8) 
thrown [e:\jenkins\tmp\workspace\build\src\src\hotspot\share\prims\jni.cpp, line 516]
Event: 0.842 Thread 0x00000180b1ec36a0 Exception <a 'sun/nio/fs/WindowsException'{0x0000000718b13258}> (0x0000000718b13258) 
thrown [e:\jenkins\tmp\workspace\build\src\src\hotspot\share\prims\jni.cpp, line 516]
Event: 0.845 Thread 0x00000180b1ec36a0 Exception <a 'sun/nio/fs/WindowsException'{0x0000000718b1f3f0}> (0x0000000718b1f3f0) 
thrown [e:\jenkins\tmp\workspace\build\src\src\hotspot\share\prims\jni.cpp, line 516]
Event: 0.845 Thread 0x00000180b1ec36a0 Exception <a 'sun/nio/fs/WindowsException'{0x0000000718b1f6d8}> (0x0000000718b1f6d8) 
thrown [e:\jenkins\tmp\workspace\build\src\src\hotspot\share\prims\jni.cpp, line 516]
Event: 4.286 Thread 0x00000180b1ec36a0 Implicit null exception at 0x00000180c15a883f to 0x00000180c15a891c
Event: 5.282 Thread 0x00000180e0debd00 Implicit null exception at 0x00000180c159eb5f to 0x00000180c159ec1c

VM Operations (20 events):
Event: 25.009 Executing VM operation: ICBufferFull
Event: 25.009 Executing VM operation: ICBufferFull done
Event: 25.677 Executing VM operation: ICBufferFull
Event: 25.677 Executing VM operation: ICBufferFull done
Event: 26.374 Executing VM operation: ICBufferFull
Event: 26.374 Executing VM operation: ICBufferFull done
Event: 27.057 Executing VM operation: ICBufferFull
Event: 27.057 Executing VM operation: ICBufferFull done
Event: 27.708 Executing VM operation: ICBufferFull
Event: 27.708 Executing VM operation: ICBufferFull done
Event: 29.708 Executing VM operation: Cleanup
Event: 29.708 Executing VM operation: Cleanup done
Event: 30.418 Executing VM operation: G1CollectForAllocation
Event: 30.423 Executing VM operation: G1CollectForAllocation done
Event: 33.424 Executing VM operation: Cleanup
Event: 33.424 Executing VM operation: Cleanup done
Event: 38.427 Executing VM operation: Cleanup
Event: 38.427 Executing VM operation: Cleanup done
Event: 40.316 Executing VM operation: G1CollectForAllocation
Event: 40.321 Executing VM operation: G1CollectForAllocation done

Events (20 events):
Event: 31.455 Thread 0x00000180e70cfd60 Thread exited: 0x00000180e70cfd60
Event: 32.123 Thread 0x00000180e060b550 Thread exited: 0x00000180e060b550
Event: 33.018 Thread 0x00000180e70cfd60 Thread added: 0x00000180e70cfd60
Event: 33.034 Thread 0x00000180e060b550 Thread added: 0x00000180e060b550
Event: 33.236 Thread 0x00000180e70cfd60 Thread exited: 0x00000180e70cfd60
Event: 33.836 Thread 0x00000180e70cfd60 Thread added: 0x00000180e70cfd60
Event: 33.839 Thread 0x00000180d93e1710 Thread added: 0x00000180d93e1710
Event: 33.870 Thread 0x00000180d93e33f0 Thread added: 0x00000180d93e33f0
Event: 33.872 Thread 0x00000180d93e2a50 Thread added: 0x00000180d93e2a50
Event: 34.074 Thread 0x00000180d93e33f0 Thread exited: 0x00000180d93e33f0
Event: 34.739 Thread 0x00000180e70cfd60 Thread exited: 0x00000180e70cfd60
Event: 37.220 Thread 0x00000180d93e5f40 Thread added: 0x00000180d93e5f40
Event: 37.225 Thread 0x00000180d93e55a0 Thread added: 0x00000180d93e55a0
Event: 37.426 Thread 0x00000180d93e5f40 Thread exited: 0x00000180d93e5f40
Event: 38.105 Thread 0x00000180d93e68e0 Thread added: 0x00000180d93e68e0
Event: 38.105 Thread 0x00000180d93e2f20 Thread added: 0x00000180d93e2f20
Event: 38.108 Thread 0x00000180d93e6db0 Thread added: 0x00000180d93e6db0
Event: 38.109 Thread 0x00000180d93e5f40 Thread added: 0x00000180d93e5f40
Event: 38.310 Thread 0x00000180d93e2f20 Thread exited: 0x00000180d93e2f20
Event: 39.009 Thread 0x00000180d93e68e0 Thread exited: 0x00000180d93e68e0


Dynamic libraries:
0x00007ff7d8a20000 - 0x00007ff7d8a2e000 	C:\Program Files\Eclipse Adoptium\jdk-17.0.1.12-hotspot\bin\java.exe
0x00007ffdc5cd0000 - 0x00007ffdc5ec5000 	C:\Windows\SYSTEM32\ntdll.dll
0x00007ffdc4060000 - 0x00007ffdc411d000 	C:\Windows\System32\KERNEL32.DLL
0x00007ffdc3720000 - 0x00007ffdc39ed000 	C:\Windows\System32\KERNELBASE.dll
0x00007ffdc33b0000 - 0x00007ffdc34b0000 	C:\Windows\System32\ucrtbase.dll
0x00007ffdbee20000 - 0x00007ffdbee38000 	C:\Program Files\Eclipse Adoptium\jdk-17.0.1.12-hotspot\bin\jli.dll
0x00007ffdbd460000 - 0x00007ffdbd479000 	C:\Program Files\Eclipse Adoptium\jdk-17.0.1.12-hotspot\bin\VCRUNTIME140.dll
0x00007ffdc5530000 - 0x00007ffdc56d0000 	C:\Windows\System32\USER32.dll
0x00007ffdc3c20000 - 0x00007ffdc3c42000 	C:\Windows\System32\win32u.dll
0x00007ffdad620000 - 0x00007ffdad8ba000 	C:\Windows\WinSxS\amd64_microsoft.windows.common-controls_6595b64144ccf1df_6.0.19041.1110_none_60b5254171f9507e\COMCTL32.dll
0x00007ffdc5190000 - 0x00007ffdc522e000 	C:\Windows\System32\msvcrt.dll
0x00007ffdc5bd0000 - 0x00007ffdc5bfa000 	C:\Windows\System32\GDI32.dll
0x00007ffdc3610000 - 0x00007ffdc371b000 	C:\Windows\System32\gdi32full.dll
0x00007ffdc39f0000 - 0x00007ffdc3a8d000 	C:\Windows\System32\msvcp_win.dll
0x00007ffdc4eb0000 - 0x00007ffdc4ee0000 	C:\Windows\System32\IMM32.DLL
0x00007ffdbede0000 - 0x00007ffdbedec000 	C:\Program Files\Eclipse Adoptium\jdk-17.0.1.12-hotspot\bin\vcruntime140_1.dll
0x00007ffdb64f0000 - 0x00007ffdb6581000 	C:\Program Files\Eclipse Adoptium\jdk-17.0.1.12-hotspot\bin\msvcp140.dll
0x00007ffd92160000 - 0x00007ffd92da6000 	C:\Program Files\Eclipse Adoptium\jdk-17.0.1.12-hotspot\bin\server\jvm.dll
0x00007ffdc3fb0000 - 0x00007ffdc405e000 	C:\Windows\System32\ADVAPI32.dll
0x00007ffdc3e80000 - 0x00007ffdc3f1c000 	C:\Windows\System32\sechost.dll
0x00007ffdc3d50000 - 0x00007ffdc3e75000 	C:\Windows\System32\RPCRT4.dll
0x00007ffdc4ee0000 - 0x00007ffdc4ee8000 	C:\Windows\System32\PSAPI.DLL
0x00007ffdbc260000 - 0x00007ffdbc26a000 	C:\Windows\SYSTEM32\VERSION.dll
0x00007ffdb8890000 - 0x00007ffdb88b7000 	C:\Windows\SYSTEM32\WINMM.dll
0x00007ffda5c00000 - 0x00007ffda5c09000 	C:\Windows\SYSTEM32\WSOCK32.dll
0x00007ffdc52e0000 - 0x00007ffdc534b000 	C:\Windows\System32\WS2_32.dll
0x00007ffdc1c40000 - 0x00007ffdc1c52000 	C:\Windows\SYSTEM32\kernel.appcore.dll
0x00007ffdbe7a0000 - 0x00007ffdbe7aa000 	C:\Program Files\Eclipse Adoptium\jdk-17.0.1.12-hotspot\bin\jimage.dll
0x00007ffdc1a30000 - 0x00007ffdc1c14000 	C:\Windows\SYSTEM32\DBGHELP.DLL
0x00007ffdb8de0000 - 0x00007ffdb8e0c000 	C:\Windows\SYSTEM32\dbgcore.DLL
0x00007ffdc3a90000 - 0x00007ffdc3b12000 	C:\Windows\System32\bcryptPrimitives.dll
0x00007ffdb64c0000 - 0x00007ffdb64e5000 	C:\Program Files\Eclipse Adoptium\jdk-17.0.1.12-hotspot\bin\java.dll
0x00007ffdb1a30000 - 0x00007ffdb1b06000 	C:\Program Files\Eclipse Adoptium\jdk-17.0.1.12-hotspot\bin\svml.dll
0x00007ffdc4120000 - 0x00007ffdc4864000 	C:\Windows\System32\SHELL32.dll
0x00007ffdc1150000 - 0x00007ffdc18e4000 	C:\Windows\SYSTEM32\windows.storage.dll
0x00007ffdc5870000 - 0x00007ffdc5bc4000 	C:\Windows\System32\combase.dll
0x00007ffdc2e10000 - 0x00007ffdc2e3c000 	C:\Windows\SYSTEM32\Wldp.dll
0x00007ffdc5230000 - 0x00007ffdc52dd000 	C:\Windows\System32\SHCORE.dll
0x00007ffdc3cf0000 - 0x00007ffdc3d45000 	C:\Windows\System32\shlwapi.dll
0x00007ffdc32f0000 - 0x00007ffdc330f000 	C:\Windows\SYSTEM32\profapi.dll
0x00007ffdb6440000 - 0x00007ffdb6459000 	C:\Program Files\Eclipse Adoptium\jdk-17.0.1.12-hotspot\bin\net.dll
0x00007ffdb4be0000 - 0x00007ffdb4cea000 	C:\Windows\SYSTEM32\WINHTTP.dll
0x00007ffdc2b70000 - 0x00007ffdc2bda000 	C:\Windows\system32\mswsock.dll
0x00007ffdb62c0000 - 0x00007ffdb62d5000 	C:\Program Files\Eclipse Adoptium\jdk-17.0.1.12-hotspot\bin\nio.dll
0x00007ffdb1970000 - 0x00007ffdb1988000 	C:\Program Files\Eclipse Adoptium\jdk-17.0.1.12-hotspot\bin\zip.dll
0x000000006e700000 - 0x000000006e72a000 	C:\Users\grado\AppData\Local\Temp\libgdxgrado\e1cd32f8\gdx64.dll
0x00007ffdb19c0000 - 0x00007ffdb1a24000 	C:\Users\grado\AppData\Local\Temp\lwjglgrado\3.2.3-build-13\lwjgl.dll
0x00007ffd91f00000 - 0x00007ffd92153000 	C:\Users\grado\AppData\Local\Temp\lwjglgrado\3.2.3-build-13\jemalloc.dll
0x00007ffdb1900000 - 0x00007ffdb1962000 	C:\Users\grado\AppData\Local\Temp\lwjglgrado\3.2.3-build-13\glfw.dll
0x00007ffdc0870000 - 0x00007ffdc090e000 	C:\Windows\system32\uxtheme.dll
0x00007ffdb6470000 - 0x00007ffdb64b5000 	C:\Windows\SYSTEM32\dinput8.dll
0x00007ffdb6650000 - 0x00007ffdb6661000 	C:\Windows\SYSTEM32\xinput1_4.dll
0x00007ffdc3b20000 - 0x00007ffdc3b6e000 	C:\Windows\System32\cfgmgr32.dll
0x00007ffdc3160000 - 0x00007ffdc318c000 	C:\Windows\SYSTEM32\DEVOBJ.dll
0x00007ffdc0a00000 - 0x00007ffdc0a2f000 	C:\Windows\SYSTEM32\dwmapi.dll
0x00007ffda8c80000 - 0x00007ffda8dd2000 	C:\Windows\SYSTEM32\inputhost.dll
0x00007ffdc4d70000 - 0x00007ffdc4e3d000 	C:\Windows\System32\OLEAUT32.dll
0x00007ffdc0500000 - 0x00007ffdc05f2000 	C:\Windows\SYSTEM32\CoreMessaging.dll
0x00007ffdbfad0000 - 0x00007ffdbfc24000 	C:\Windows\SYSTEM32\wintypes.dll
0x00007ffdbe990000 - 0x00007ffdbea86000 	C:\Windows\SYSTEM32\PROPSYS.dll
0x00007ffdc01a0000 - 0x00007ffdc04fe000 	C:\Windows\SYSTEM32\CoreUIComponents.dll
0x00007ffdc20b0000 - 0x00007ffdc20e3000 	C:\Windows\SYSTEM32\ntmarta.dll
0x00007ffdc5750000 - 0x00007ffdc5865000 	C:\Windows\System32\MSCTF.dll
0x00007ffdc18f0000 - 0x00007ffdc18fd000 	C:\Windows\SYSTEM32\HID.DLL
0x00007ffdc4870000 - 0x00007ffdc4ce1000 	C:\Windows\System32\SETUPAPI.DLL
0x00007ffdc3c50000 - 0x00007ffdc3c77000 	C:\Windows\System32\bcrypt.dll
0x00007ffdc3c80000 - 0x00007ffdc3ce8000 	C:\Windows\System32\WINTRUST.dll
0x00007ffdc34b0000 - 0x00007ffdc3606000 	C:\Windows\System32\CRYPT32.dll
0x00007ffdc2fa0000 - 0x00007ffdc2fb2000 	C:\Windows\SYSTEM32\MSASN1.dll
0x00007ffda1380000 - 0x00007ffda148b000 	C:\Users\grado\AppData\Local\Temp\lwjglgrado\3.2.3-build-13\OpenAL.dll
0x00007ffdc5400000 - 0x00007ffdc552a000 	C:\Windows\System32\ole32.dll
0x00007ffdc5350000 - 0x00007ffdc53f9000 	C:\Windows\System32\clbcatq.dll
0x00007ffdbb510000 - 0x00007ffdbb595000 	C:\Windows\System32\MMDevApi.dll
0x00007ffdbbda0000 - 0x00007ffdbbf22000 	C:\Windows\SYSTEM32\AUDIOSES.DLL
0x00007ffdc2930000 - 0x00007ffdc297b000 	C:\Windows\SYSTEM32\powrprof.dll
0x00007ffdc27f0000 - 0x00007ffdc2802000 	C:\Windows\SYSTEM32\UMPDC.dll
0x00007ffdc0a30000 - 0x00007ffdc0a44000 	C:\Windows\SYSTEM32\resourcepolicyclient.dll
0x00007ffd22910000 - 0x00007ffd22a36000 	C:\Windows\SYSTEM32\opengl32.dll
0x00007ffd228e0000 - 0x00007ffd2290c000 	C:\Windows\SYSTEM32\GLU32.dll
0x00007ffdbc2e0000 - 0x00007ffdbc3d7000 	C:\Windows\System32\AppXDeploymentClient.dll
0x00007ffdb1990000 - 0x00007ffdb19ba000 	C:\Windows\System32\DriverStore\FileRepository\u0361612.inf_amd64_b679e02f70413f9f\B361368\atig6pxx.dll
0x00007ffd7dc80000 - 0x00007ffd80966000 	C:\Windows\System32\DriverStore\FileRepository\u0361612.inf_amd64_b679e02f70413f9f\B361368\atio6axx.dll
0x00007ffd86690000 - 0x00007ffd866b4000 	C:\Windows\SYSTEM32\dxva2.dll
0x00007ffdab4c0000 - 0x00007ffdab4fc000 	C:\Windows\System32\DriverStore\FileRepository\u0361612.inf_amd64_b679e02f70413f9f\B361368\atig6txx.dll
0x00007ffd90ad0000 - 0x00007ffd90c89000 	C:\Windows\SYSTEM32\atiadlxx.dll
0x00007ffdb9380000 - 0x00007ffdb93bb000 	C:\Windows\SYSTEM32\dxcore.dll
0x00007ffda3ef0000 - 0x00007ffda3f49000 	C:\Users\grado\AppData\Local\Temp\lwjglgrado\3.2.3-build-13\lwjgl_opengl.dll
0x00007ffda93b0000 - 0x00007ffda94a9000 	C:\Windows\SYSTEM32\textinputframework.dll
0x00007ffdab140000 - 0x00007ffdab151000 	C:\Program Files\Eclipse Adoptium\jdk-17.0.1.12-hotspot\bin\jsound.dll
0x00007ffda0f00000 - 0x00007ffda0f9c000 	C:\Windows\SYSTEM32\DSOUND.dll
0x00007ffdb3710000 - 0x00007ffdb3736000 	C:\Windows\SYSTEM32\winmmbase.dll
0x00007ffda9b00000 - 0x00007ffda9b46000 	C:\Windows\SYSTEM32\wdmaud.drv
0x00007ffdbd880000 - 0x00007ffdbd88a000 	C:\Windows\SYSTEM32\AVRT.dll
0x00007ffdbde60000 - 0x00007ffdbde69000 	C:\Windows\SYSTEM32\ksuser.dll
0x00007ffdbc5b0000 - 0x00007ffdbc5bd000 	C:\Windows\SYSTEM32\msacm32.drv
0x00007ffdbc630000 - 0x00007ffdbc64e000 	C:\Windows\SYSTEM32\MSACM32.dll
0x00007ffdb6730000 - 0x00007ffdb673b000 	C:\Windows\SYSTEM32\midimap.dll
0x00007ffda8de0000 - 0x00007ffda8f21000 	C:\Windows\System32\Windows.UI.dll
0x00007ffdbd350000 - 0x00007ffdbd3f1000 	C:\Windows\System32\WindowManagementAPI.dll
0x00007ffdbca10000 - 0x00007ffdbcc11000 	C:\Windows\System32\twinapi.appcore.dll

dbghelp: loaded successfully - version: 4.0.5 - missing functions: none
symbol engine: initialized successfully - sym options: 0x614 - pdb path: .;C:\Program Files\Eclipse Adoptium\jdk-17.0.1.12-hotspot\bin;C:\Windows\SYSTEM32;C:\Windows\WinSxS\amd64_microsoft.windows.common-controls_6595b64144ccf1df_6.0.19041.1110_none_60b5254171f9507e;C:\Program Files\Eclipse Adoptium\jdk-17.0.1.12-hotspot\bin\server;C:\Users\grado\AppData\Local\Temp\libgdxgrado\e1cd32f8;C:\Users\grado\AppData\Local\Temp\lwjglgrado\3.2.3-build-13;C:\Windows\System32\DriverStore\FileRepository\u0361612.inf_amd64_b679e02f70413f9f\B361368

VM Arguments:
jvm_args: -XX:+ShowCodeDetailsInExceptionMessages 
java_command: com.crazyputting3d.Main
java_class_path (initial): C:\Users\grado\Documents\Group-04\3dcrazyputting\desktop\bin\main;\CrazyPutting3D-core\bin\default;C:\Users\grado\Documents\Group-04\3dcrazyputting\core\bin\main;C:\Users\grado\.gradle\caches\modules-2\files-2.1\com.badlogicgames.gdx\gdx-backend-lwjgl3\1.10.0\600c7d5b2c977daa82c4abad147087b31e0ada87\gdx-backend-lwjgl3-1.10.0.jar;C:\Users\grado\.gradle\caches\modules-2\files-2.1\com.badlogicgames.gdx\gdx-platform\1.10.0\9a8fa793d2fd6d360afc6c9e4c1f5583da263b88\gdx-platform-1.10.0-natives-desktop.jar;C:\Users\grado\.gradle\caches\modules-2\files-2.1\com.badlogicgames.gdx\gdx-bullet-platform\1.10.0\ce92e8dfc762523d769cbc50853163c03bf98cf1\gdx-bullet-platform-1.10.0-natives-desktop.jar;C:\Users\grado\.gradle\caches\modules-2\files-2.1\com.badlogicgames.gdx\gdx-freetype-platform\1.10.0\6e5d28752759e69384f12e4569d2c884ff71352f\gdx-freetype-platform-1.10.0-natives-desktop.jar;C:\Users\grado\.gradle\caches\modules-2\files-2.1\com.badlogicgames.gdx-controllers\gdx-controllers-desktop\2.2.1\cb3430c32468a090eca54d494d16bb3764ceff9b\gdx-controllers-desktop-2.2.1.jar;C:\Users\grado\.gradle\caches\modules-2\files-2.1\org.jetbrains\annotations\20.1.0\2fcd1f3225bca0c4a7bc931142076f8c1e80993f\annotations-20.1.0.jar;C:\Users\grado\.gradle\caches\modules-2\files-2.1\com.badlogicgames.gdx\gdx-bullet\1.10.0\839b58c7278f5c3b55291c3a559d91227400ecdb\gdx-bullet-1.10.0.jar;C:\Users\grado\.gradle\caches\modules-2\files-2.1\com.badlogicgames.gdx\gdx-freetype\1.10.0\de1d0d5c1e92e8d91364256fd6b7bb279d3e9859\gdx-freetype-1.10.0.jar;C:\Users\grado\.gradle\caches\modules-2\files-2.1\com.badlogicgames.gdx\gdx-ai\1.8.2\ab75d2ce80ab1b1ce6828a15dc0f417abac4c674\gdx-ai-1.8.2.jar;C:\Users\grado\.gradle\caches\modules-2\files-2.1\com.badlogicgames.ashley\ashley\1.7.4\21a3a8932919099c4e5006a7d8378dcbe76ef8a5\ashley-1.7.4.jar;C:\Users\grado\.gradle\caches\modules-2\files-2.1\com.badlogicgames.box2dlights\box2dlights\1.5\6902dbcd250c95a27973aa24a147a95b3828d348\box2dlights-1.5.j
Launcher Type: SUN_STANDARD

[Global flags]
     intx CICompilerCount                          = 12                                        {product} {ergonomic}
     uint ConcGCThreads                            = 3                                         {product} {ergonomic}
     uint G1ConcRefinementThreads                  = 13                                        {product} {ergonomic}
   size_t G1HeapRegionSize                         = 2097152                                   {product} {ergonomic}
    uintx GCDrainStackTargetSize                   = 64                                        {product} {ergonomic}
   size_t InitialHeapSize                          = 257949696                                 {product} {ergonomic}
   size_t MarkStackSize                            = 4194304                                   {product} {ergonomic}
   size_t MaxHeapSize                              = 4127195136                                {product} {ergonomic}
   size_t MaxNewSize                               = 2474639360                                {product} {ergonomic}
   size_t MinHeapDeltaBytes                        = 2097152                                   {product} {ergonomic}
   size_t MinHeapSize                              = 8388608                                   {product} {ergonomic}
    uintx NonNMethodCodeHeapSize                   = 7602480                                {pd product} {ergonomic}
    uintx NonProfiledCodeHeapSize                  = 122027880                              {pd product} {ergonomic}
    uintx ProfiledCodeHeapSize                     = 122027880                              {pd product} {ergonomic}
    uintx ReservedCodeCacheSize                    = 251658240                              {pd product} {ergonomic}
     bool SegmentedCodeCache                       = true                                      {product} {ergonomic}
     bool ShowCodeDetailsInExceptionMessages       = true                                   {manageable} {command line}
   size_t SoftMaxHeapSize                          = 4127195136                             {manageable} {ergonomic}
     bool UseCompressedClassPointers               = true                           {product lp64_product} {ergonomic}
     bool UseCompressedOops                        = true                           {product lp64_product} {ergonomic}
     bool UseG1GC                                  = true                                      {product} {ergonomic}
     bool UseLargePagesIndividualAllocation        = false                                  {pd product} {ergonomic}

Logging:
Log output configuration:
 #0: stdout all=warning uptime,level,tags
 #1: stderr all=off uptime,level,tags

Environment Variables:
PATH=C:\Program Files\Common Files\Oracle\Java\javapath;C:\Windows\system32;C:\Windows;C:\Windows\System32\Wbem;C:\Windows\System32\WindowsPowerShell\v1.0\;C:\Windows\System32\OpenSSH\;C:\Program Files (x86)\NVIDIA Corporation\PhysX\Common;C:\Program Files\NVIDIA Corporation\NVIDIA NvDLISR;C:\Program Files\MATLAB\R2022a\bin;C:\Program Files\Gradle\gradle-7.4.2\bin;C:\Program Files\Git\cmd;C:\Users\grado\AppData\Local\Microsoft\WindowsApps;C:\Users\grado\AppData\Local\Programs\Microsoft VS Code\bin;C:\Users\grado\AppData\Local\GitHubDesktop\bin
USERNAME=grado
LANG=en_US.UTF-8
OS=Windows_NT
PROCESSOR_IDENTIFIER=AMD64 Family 23 Model 96 Stepping 1, AuthenticAMD



---------------  S Y S T E M  ---------------

OS:
 Windows 10 , 64 bit Build 19041 (10.0.19041.1706)
OS uptime: 11 days 18:38 hours

CPU: total 16 (initial active 16) (16 cores per cpu, 2 threads per core) family 23 model 96 stepping 1 microcode 0x0, cx8, cmov, fxsr, ht, mmx, 3dnowpref, sse, sse2, sse3, ssse3, sse4a, sse4.1, sse4.2, popcnt, lzcnt, tsc, tscinvbit, avx, avx2, aes, clmul, bmi1, bmi2, adx, sha, fma, vzeroupper, clflush, clflushopt

Memory: 4k page, system-wide physical 15741M (8362M free)
TotalPageFile size 36181M (AvailPageFile size 19928M)
current process WorkingSet (physical memory assigned to process): 571M, peak: 680M
current process commit charge ("private bytes"): 868M, peak: 986M

vm_info: OpenJDK 64-Bit Server VM (17.0.1+12) for windows-amd64 JRE (17.0.1+12), built on Oct 20 2021 07:42:55 by "" with MS VC++ 16.7 (VS2019)

END.
