#
# A fatal error has been detected by the Java Runtime Environment:
#
#  EXCEPTION_ACCESS_VIOLATION (0xc0000005) at pc=0x00000283d2b30000, pid=11544, tid=2712
#
# JRE version: OpenJDK Runtime Environment Temurin-17.0.1+12 (17.0.1+12) (build 17.0.1+12)
# Java VM: OpenJDK 64-Bit Server VM Temurin-17.0.1+12 (17.0.1+12, mixed mode, sharing, tiered, compressed oops, compressed class ptrs, g1 gc, windows-amd64)
# Problematic frame:
# C  0x00000283d2b30000
#
# No core dump will be written. Minidumps are not enabled by default on client versions of Windows
#
# If you would like to submit a bug report, please visit:
#   https://github.com/adoptium/adoptium-support/issues
# The crash happened outside the Java Virtual Machine in native code.
# See problematic frame for where to report the bug.
#

---------------  S U M M A R Y ------------

Command Line: -XX:+ShowCodeDetailsInExceptionMessages com.crazyputting3d.Main

Host: AMD Ryzen 7 4800H with Radeon Graphics         , 16 cores, 15G,  Windows 10 , 64 bit Build 19041 (10.0.19041.1706)
Time: Fri Jun 17 03:20:43 2022 Central European Daylight Time elapsed time: 30.790480 seconds (0d 0h 0m 30s)

---------------  T H R E A D  ---------------

Current thread (0x00000283af5c2090):  JavaThread "main" [_thread_in_native, id=2712, stack(0x0000008710e00000,0x0000008710f00000)]

Stack: [0x0000008710e00000,0x0000008710f00000],  sp=0x0000008710efec48,  free space=1019k
Native frames: (J=compiled Java code, j=interpreted, Vv=VM code, C=native code)
C  0x00000283d2b30000

Java frames: (J=compiled Java code, j=interpreted, Vv=VM code)
J 1187  org.lwjgl.system.JNI.invokePV(JJ)V (0 bytes) @ 0x00000283bec9aeec [0x00000283bec9aea0+0x000000000000004c]
J 2094 c1 org.lwjgl.glfw.GLFW.glfwSwapBuffers(J)V (21 bytes) @ 0x00000283b7b5ed2c [0x00000283b7b5ec40+0x00000000000000ec]
j  com.badlogic.gdx.backends.lwjgl3.Lwjgl3Window.update()Z+196
j  com.badlogic.gdx.backends.lwjgl3.Lwjgl3Application.loop()V+111
j  com.badlogic.gdx.backends.lwjgl3.Lwjgl3Application.<init>(Lcom/badlogic/gdx/ApplicationListener;Lcom/badlogic/gdx/backends/lwjgl3/Lwjgl3ApplicationConfiguration;)V+243
j  com.crazyputting3d.Main.main([Ljava/lang/String;)V+45
v  ~StubRoutines::call_stub

siginfo: EXCEPTION_ACCESS_VIOLATION (0xc0000005), data execution prevention violation at address 0x00000283d2b30000


Register to memory mapping:

RIP=0x00000283d2b30000 is an unknown value
RAX=0x00000283d2b30000 is an unknown value
RBX=0x0000000000010001 is an unknown value
RCX=0x0000000000010001 is an unknown value
RDX=0x0000008710efec80 is pointing into the stack for thread: 0x00000283af5c2090
RSP=0x0000008710efec48 is pointing into the stack for thread: 0x00000283af5c2090
RBP=0x0000008710efed50 is pointing into the stack for thread: 0x00000283af5c2090
RSI=0x0000000000000110 is an unknown value
RDI=0x00000000000015f1 is an unknown value
R8 =0x00000283d3f1ade0 points into unknown readable memory: 0x00000283e6b70c20 | 20 0c b7 e6 83 02 00 00
R9 =0x00007ffd77001b50 glfw.dll
R10=0x00007ffd8a4f1b10 lwjgl.dll
R11=0x0000008710eff0b8 is pointing into the stack for thread: 0x00000283af5c2090
R12=0x0 is NULL
R13=0x0000008710eff1b8 is pointing into the stack for thread: 0x00000283af5c2090
R14=0x0000008710eff110 is pointing into the stack for thread: 0x00000283af5c2090
R15=0x00000283af5c2090 is a thread


Registers:
RAX=0x00000283d2b30000, RBX=0x0000000000010001, RCX=0x0000000000010001, RDX=0x0000008710efec80
RSP=0x0000008710efec48, RBP=0x0000008710efed50, RSI=0x0000000000000110, RDI=0x00000000000015f1
R8 =0x00000283d3f1ade0, R9 =0x00007ffd77001b50, R10=0x00007ffd8a4f1b10, R11=0x0000008710eff0b8
R12=0x0000000000000000, R13=0x0000008710eff1b8, R14=0x0000008710eff110, R15=0x00000283af5c2090
RIP=0x00000283d2b30000, EFLAGS=0x0000000000010206

Top of Stack: (sp=0x0000008710efec48)
0x0000008710efec48:   00007ffd77001f7c 000000070d5a76a8
0x0000008710efec58:   0000140600000002 0000000700000014
0x0000008710efec68:   438c000041700000 000000070d500ce0
0x0000008710efec78:   00000283b79ef07c 57464c4720656854
0x0000008710efec88:   7972617262696c20 20746f6e20736920
0x0000008710efec98:   696c616974696e69 000000870064657a
0x0000008710efeca8:   00007ffd3d605e62 00000283af5c2090
0x0000008710efecb8:   0000000000000000 00000000000001cc
0x0000008710efecc8:   0000008710efece0 0000000000000000
0x0000008710efecd8:   000000006e7020f4 00000283af5c2338
0x0000008710efece8:   00007ffd3d605481 000000070d516b38
0x0000008710efecf8:   00000283bec95d85 0000000200000003
0x0000008710efed08:   000000070d500d00 000000070d5148c0
0x0000008710efed18:   000000070d5150c0 0000000700000000
0x0000008710efed28:   000000070d5a76a8 0000000000000002
0x0000008710efed38:   00007ffd22939d0a 0000008710eff0d0 

Instructions: (pc=0x00000283d2b30000)
0x00000283d2b2ff00:   ?? ?? ?? ?? ?? ?? ?? ?? ?? ?? ?? ?? ?? ?? ?? ??
0x00000283d2b2ff10:   ?? ?? ?? ?? ?? ?? ?? ?? ?? ?? ?? ?? ?? ?? ?? ??
0x00000283d2b2ff20:   ?? ?? ?? ?? ?? ?? ?? ?? ?? ?? ?? ?? ?? ?? ?? ??
0x00000283d2b2ff30:   ?? ?? ?? ?? ?? ?? ?? ?? ?? ?? ?? ?? ?? ?? ?? ??
0x00000283d2b2ff40:   ?? ?? ?? ?? ?? ?? ?? ?? ?? ?? ?? ?? ?? ?? ?? ??
0x00000283d2b2ff50:   ?? ?? ?? ?? ?? ?? ?? ?? ?? ?? ?? ?? ?? ?? ?? ??
0x00000283d2b2ff60:   ?? ?? ?? ?? ?? ?? ?? ?? ?? ?? ?? ?? ?? ?? ?? ??
0x00000283d2b2ff70:   ?? ?? ?? ?? ?? ?? ?? ?? ?? ?? ?? ?? ?? ?? ?? ??
0x00000283d2b2ff80:   ?? ?? ?? ?? ?? ?? ?? ?? ?? ?? ?? ?? ?? ?? ?? ??
0x00000283d2b2ff90:   ?? ?? ?? ?? ?? ?? ?? ?? ?? ?? ?? ?? ?? ?? ?? ??
0x00000283d2b2ffa0:   ?? ?? ?? ?? ?? ?? ?? ?? ?? ?? ?? ?? ?? ?? ?? ??
0x00000283d2b2ffb0:   ?? ?? ?? ?? ?? ?? ?? ?? ?? ?? ?? ?? ?? ?? ?? ??
0x00000283d2b2ffc0:   ?? ?? ?? ?? ?? ?? ?? ?? ?? ?? ?? ?? ?? ?? ?? ??
0x00000283d2b2ffd0:   ?? ?? ?? ?? ?? ?? ?? ?? ?? ?? ?? ?? ?? ?? ?? ??
0x00000283d2b2ffe0:   ?? ?? ?? ?? ?? ?? ?? ?? ?? ?? ?? ?? ?? ?? ?? ??
0x00000283d2b2fff0:   ?? ?? ?? ?? ?? ?? ?? ?? ?? ?? ?? ?? ?? ?? ?? ??
0x00000283d2b30000:   ?? ?? ?? ?? ?? ?? ?? ?? ?? ?? ?? ?? ?? ?? ?? ??
0x00000283d2b30010:   ?? ?? ?? ?? ?? ?? ?? ?? ?? ?? ?? ?? ?? ?? ?? ??
0x00000283d2b30020:   ?? ?? ?? ?? ?? ?? ?? ?? ?? ?? ?? ?? ?? ?? ?? ??
0x00000283d2b30030:   ?? ?? ?? ?? ?? ?? ?? ?? ?? ?? ?? ?? ?? ?? ?? ??
0x00000283d2b30040:   ?? ?? ?? ?? ?? ?? ?? ?? ?? ?? ?? ?? ?? ?? ?? ??
0x00000283d2b30050:   ?? ?? ?? ?? ?? ?? ?? ?? ?? ?? ?? ?? ?? ?? ?? ??
0x00000283d2b30060:   ?? ?? ?? ?? ?? ?? ?? ?? ?? ?? ?? ?? ?? ?? ?? ??
0x00000283d2b30070:   ?? ?? ?? ?? ?? ?? ?? ?? ?? ?? ?? ?? ?? ?? ?? ??
0x00000283d2b30080:   ?? ?? ?? ?? ?? ?? ?? ?? ?? ?? ?? ?? ?? ?? ?? ??
0x00000283d2b30090:   ?? ?? ?? ?? ?? ?? ?? ?? ?? ?? ?? ?? ?? ?? ?? ??
0x00000283d2b300a0:   ?? ?? ?? ?? ?? ?? ?? ?? ?? ?? ?? ?? ?? ?? ?? ??
0x00000283d2b300b0:   ?? ?? ?? ?? ?? ?? ?? ?? ?? ?? ?? ?? ?? ?? ?? ??
0x00000283d2b300c0:   ?? ?? ?? ?? ?? ?? ?? ?? ?? ?? ?? ?? ?? ?? ?? ??
0x00000283d2b300d0:   ?? ?? ?? ?? ?? ?? ?? ?? ?? ?? ?? ?? ?? ?? ?? ??
0x00000283d2b300e0:   ?? ?? ?? ?? ?? ?? ?? ?? ?? ?? ?? ?? ?? ?? ?? ??
0x00000283d2b300f0:   ?? ?? ?? ?? ?? ?? ?? ?? ?? ?? ?? ?? ?? ?? ?? ?? 


Stack slot to memory mapping:
stack at sp + 0 slots: 0x00007ffd77001f7c glfw.dll
stack at sp + 1 slots: 0x000000070d5a76a8 is an oop: com.badlogic.gdx.backends.lwjgl3.Lwjgl3GL20 
{0x000000070d5a76a8} - klass: 'com/badlogic/gdx/backends/lwjgl3/Lwjgl3GL20'
 - ---- fields (total size 3 words):
 - private 'buffer' 'Ljava/nio/ByteBuffer;' @12  a 'java/nio/DirectByteBuffer'{0x000000070d5162f8} (e1aa2c5f)
 - private 'floatBuffer' 'Ljava/nio/FloatBuffer;' @16  a 'java/nio/DirectFloatBufferU'{0x000000070d5a76c0} (e1ab4ed8)
 - private 'intBuffer' 'Ljava/nio/IntBuffer;' @20  a 'java/nio/DirectIntBufferU'{0x000000070d5a76f8} (e1ab4edf)
stack at sp + 2 slots: 0x0000140600000002 is an unknown value
stack at sp + 3 slots: 0x0000000700000014 is an unknown value
stack at sp + 4 slots: 0x438c000041700000 is an unknown value
stack at sp + 5 slots: 0x000000070d500ce0 is an oop: com.badlogic.gdx.graphics.Mesh 
{0x000000070d500ce0} - klass: 'com/badlogic/gdx/graphics/Mesh'
 - ---- fields (total size 4 words):
 - 'autoBind' 'Z' @12  true
 - final 'isVertexArray' 'Z' @13  true
 - 'isInstanced' 'Z' @14  false
 - final 'vertices' 'Lcom/badlogic/gdx/graphics/glutils/VertexData;' @16  a 'com/badlogic/gdx/graphics/glutils/VertexArray'{0x000000070d500d00} (e1aa01a0)
 - final 'indices' 'Lcom/badlogic/gdx/graphics/glutils/IndexData;' @20  a 'com/badlogic/gdx/graphics/glutils/IndexArray'{0x000000070d500e68} (e1aa01cd)
 - 'instances' 'Lcom/badlogic/gdx/graphics/glutils/InstanceData;' @24  NULL (0)
 - private final 'tmpV' 'Lcom/badlogic/gdx/math/Vector3;' @28  a 'com/badlogic/gdx/math/Vector3'{0x000000070d500ef8} (e1aa01df)
stack at sp + 6 slots: 0x00000283b79ef07c is at entry_point+2172 in (nmethod*)0x00000283b79ee490
stack at sp + 7 slots: 0x57464c4720656854 is an unknown value


---------------  P R O C E S S  ---------------

Threads class SMR info:
_java_thread_list=0x00000283e2593ea0, length=17, elements={
0x00000283af5c2090, 0x00000283d2ad8880, 0x00000283d2adb4b0, 0x00000283d2af1260,
0x00000283d2af1b20, 0x00000283d2af2b80, 0x00000283d2af3be0, 0x00000283d2af8730,
0x00000283d2afaff0, 0x00000283d2b090c0, 0x00000283d367d310, 0x00000283d3686c50,
0x00000283ddccb700, 0x00000283e5f8e7f0, 0x00000283e57b9040, 0x00000283de8d8c10,
0x00000283e63c0030
}

Java Threads: ( => current thread )
=>0x00000283af5c2090 JavaThread "main" [_thread_in_native, id=2712, stack(0x0000008710e00000,0x0000008710f00000)]
  0x00000283d2ad8880 JavaThread "Reference Handler" daemon [_thread_blocked, id=24876, stack(0x0000008711500000,0x0000008711600000)]
  0x00000283d2adb4b0 JavaThread "Finalizer" daemon [_thread_blocked, id=9204, stack(0x0000008711600000,0x0000008711700000)]
  0x00000283d2af1260 JavaThread "Signal Dispatcher" daemon [_thread_blocked, id=6744, stack(0x0000008711700000,0x0000008711800000)]
  0x00000283d2af1b20 JavaThread "Attach Listener" daemon [_thread_blocked, id=24736, stack(0x0000008711800000,0x0000008711900000)]
  0x00000283d2af2b80 JavaThread "Service Thread" daemon [_thread_blocked, id=26136, stack(0x0000008711900000,0x0000008711a00000)]
  0x00000283d2af3be0 JavaThread "Monitor Deflation Thread" daemon [_thread_blocked, id=16256, stack(0x0000008711a00000,0x0000008711b00000)]
  0x00000283d2af8730 JavaThread "C2 CompilerThread0" daemon [_thread_blocked, id=19992, stack(0x0000008711b00000,0x0000008711c00000)]
  0x00000283d2afaff0 JavaThread "C1 CompilerThread0" daemon [_thread_blocked, id=1664, stack(0x0000008711c00000,0x0000008711d00000)]
  0x00000283d2b090c0 JavaThread "Sweeper thread" daemon [_thread_blocked, id=16916, stack(0x0000008711d00000,0x0000008711e00000)]
  0x00000283d367d310 JavaThread "Notification Thread" daemon [_thread_blocked, id=23964, stack(0x0000008711f00000,0x0000008712000000)]
  0x00000283d3686c50 JavaThread "Common-Cleaner" daemon [_thread_blocked, id=21484, stack(0x0000008712100000,0x0000008712200000)]
  0x00000283ddccb700 JavaThread "LWJGL3 Timer" daemon [_thread_blocked, id=20712, stack(0x0000008712b00000,0x0000008712c00000)]
  0x00000283e5f8e7f0 JavaThread "LWJGL3 Timer" daemon [_thread_blocked, id=22284, stack(0x0000008714400000,0x0000008714500000)]
  0x00000283e57b9040 JavaThread "Java Sound Event Dispatcher" daemon [_thread_blocked, id=21004, stack(0x0000008714000000,0x0000008714100000)]
  0x00000283de8d8c10 JavaThread "Direct Clip" daemon [_thread_blocked, id=18000, stack(0x0000008714600000,0x0000008714700000)]
  0x00000283e63c0030 JavaThread "Direct Clip" daemon [_thread_blocked, id=24168, stack(0x0000008713100000,0x0000008713200000)]

Other Threads:
  0x00000283d2ad0d10 VMThread "VM Thread" [stack: 0x0000008711400000,0x0000008711500000] [id=19020]
  0x00000283d367e200 WatcherThread [stack: 0x0000008712000000,0x0000008712100000] [id=7776]
  0x00000283af619ab0 GCTaskThread "GC Thread#0" [stack: 0x0000008710f00000,0x0000008711000000] [id=10000]
  0x00000283d6d4f930 GCTaskThread "GC Thread#1" [stack: 0x0000008712a00000,0x0000008712b00000] [id=24092]
  0x00000283d6d4e910 GCTaskThread "GC Thread#2" [stack: 0x0000008712c00000,0x0000008712d00000] [id=18588]
  0x00000283d6d4fbe0 GCTaskThread "GC Thread#3" [stack: 0x0000008712d00000,0x0000008712e00000] [id=22052]
  0x00000283d6d4fe90 GCTaskThread "GC Thread#4" [stack: 0x0000008712e00000,0x0000008712f00000] [id=20500]
  0x00000283d6d4d8f0 GCTaskThread "GC Thread#5" [stack: 0x0000008712f00000,0x0000008713000000] [id=10496]
  0x00000283d6d4e3b0 GCTaskThread "GC Thread#6" [stack: 0x0000008713000000,0x0000008713100000] [id=4408]
  0x00000283ddd529a0 GCTaskThread "GC Thread#7" [stack: 0x0000008713a00000,0x0000008713b00000] [id=18660]
  0x00000283af629ff0 ConcurrentGCThread "G1 Main Marker" [stack: 0x0000008711000000,0x0000008711100000] [id=21420]
  0x00000283af62c1b0 ConcurrentGCThread "G1 Conc#0" [stack: 0x0000008711100000,0x0000008711200000] [id=23260]
  0x00000283d29730d0 ConcurrentGCThread "G1 Refine#0" [stack: 0x0000008711200000,0x0000008711300000] [id=24836]
  0x00000283e247b290 ConcurrentGCThread "G1 Refine#1" [stack: 0x0000008713b00000,0x0000008713c00000] [id=21492]
  0x00000283de97a370 ConcurrentGCThread "G1 Refine#2" [stack: 0x0000008713c00000,0x0000008713d00000] [id=700]
  0x00000283dda8fb70 ConcurrentGCThread "G1 Refine#3" [stack: 0x0000008713d00000,0x0000008713e00000] [id=21040]
  0x00000283dea01140 ConcurrentGCThread "G1 Refine#4" [stack: 0x0000008713e00000,0x0000008713f00000] [id=7784]
  0x00000283e2445960 ConcurrentGCThread "G1 Refine#5" [stack: 0x0000008713f00000,0x0000008714000000] [id=19192]
  0x00000283e7ffdba0 ConcurrentGCThread "G1 Refine#6" [stack: 0x0000008714100000,0x0000008714200000] [id=22940]
  0x00000283e678bbe0 ConcurrentGCThread "G1 Refine#7" [stack: 0x0000008714200000,0x0000008714300000] [id=7752]
  0x00000283d29739f0 ConcurrentGCThread "G1 Service" [stack: 0x0000008711300000,0x0000008711400000] [id=17832]

Threads with active compile tasks:

VM state: not at safepoint (normal execution)

VM Mutex/Monitor currently owned by a thread: None

Heap address: 0x000000070a000000, size: 3936 MB, Compressed Oops mode: Zero based, Oop shift amount: 3

CDS archive(s) mapped at: [0x0000000800000000-0x0000000800bc0000-0x0000000800bc0000), size 12320768, SharedBaseAddress: 0x0000000800000000, ArchiveRelocationMode: 0.
Compressed class space mapped at: 0x0000000800c00000-0x0000000840c00000, reserved size: 1073741824
Narrow klass base: 0x0000000800000000, Narrow klass shift: 0, Narrow klass range: 0x100000000

GC Precious Log:
 CPUs: 16 total, 16 available
 Memory: 15741M
 Large Page Support: Disabled
 NUMA Support: Disabled
 Compressed Oops: Enabled (Zero based)
 Heap Region Size: 2M
 Heap Min Capacity: 8M
 Heap Initial Capacity: 246M
 Heap Max Capacity: 3936M
 Pre-touch: Disabled
 Parallel Workers: 13
 Concurrent Workers: 3
 Concurrent Refinement Workers: 13
 Periodic GC: Disabled

Heap:
 garbage-first heap   total 251904K, used 141913K [0x000000070a000000, 0x0000000800000000)
  region size 2048K, 34 young (69632K), 1 survivors (2048K)
 Metaspace       used 10313K, committed 10432K, reserved 1064960K
  class space    used 729K, committed 768K, reserved 1048576K

Heap Regions: E=young(eden), S=young(survivor), O=old, HS=humongous(starts), HC=humongous(continues), CS=collection set, F=free, OA=open archive, CA=closed archive, TAMS=top-at-mark-start (previous, next)
|   0|0x000000070a000000, 0x000000070a200000, 0x000000070a200000|100%| O|  |TAMS 0x000000070a000000, 0x000000070a000000| Untracked 
|   1|0x000000070a200000, 0x000000070a400000, 0x000000070a400000|100%|HS|  |TAMS 0x000000070a200000, 0x000000070a200000| Complete 
|   2|0x000000070a400000, 0x000000070a600000, 0x000000070a600000|100%|HS|  |TAMS 0x000000070a400000, 0x000000070a400000| Complete 
|   3|0x000000070a600000, 0x000000070a800000, 0x000000070a800000|100%|HS|  |TAMS 0x000000070a600000, 0x000000070a600000| Complete 
|   4|0x000000070a800000, 0x000000070aa00000, 0x000000070aa00000|100%| O|  |TAMS 0x000000070a800000, 0x000000070a800000| Untracked 
|   5|0x000000070aa00000, 0x000000070ac00000, 0x000000070ac00000|100%| O|  |TAMS 0x000000070aa00000, 0x000000070aa00000| Untracked 
|   6|0x000000070ac00000, 0x000000070ae00000, 0x000000070ae00000|100%| O|  |TAMS 0x000000070ac00000, 0x000000070ac00000| Untracked 
|   7|0x000000070ae00000, 0x000000070b000000, 0x000000070b000000|100%| O|  |TAMS 0x000000070ae00000, 0x000000070ae00000| Untracked 
|   8|0x000000070b000000, 0x000000070b200000, 0x000000070b200000|100%| O|  |TAMS 0x000000070b000000, 0x000000070b000000| Untracked 
|   9|0x000000070b200000, 0x000000070b400000, 0x000000070b400000|100%| O|  |TAMS 0x000000070b200000, 0x000000070b200000| Untracked 
|  10|0x000000070b400000, 0x000000070b600000, 0x000000070b600000|100%| O|  |TAMS 0x000000070b400000, 0x000000070b400000| Untracked 
|  11|0x000000070b600000, 0x000000070b800000, 0x000000070b800000|100%| O|  |TAMS 0x000000070b600000, 0x000000070b600000| Untracked 
|  12|0x000000070b800000, 0x000000070ba00000, 0x000000070ba00000|100%| O|  |TAMS 0x000000070b800000, 0x000000070b800000| Untracked 
|  13|0x000000070ba00000, 0x000000070bc00000, 0x000000070bc00000|100%| O|  |TAMS 0x000000070ba00000, 0x000000070ba00000| Untracked 
|  14|0x000000070bc00000, 0x000000070be00000, 0x000000070be00000|100%| O|  |TAMS 0x000000070bc00000, 0x000000070bc00000| Untracked 
|  15|0x000000070be00000, 0x000000070c000000, 0x000000070c000000|100%| O|  |TAMS 0x000000070be00000, 0x000000070be00000| Untracked 
|  16|0x000000070c000000, 0x000000070c200000, 0x000000070c200000|100%| O|  |TAMS 0x000000070c000000, 0x000000070c000000| Untracked 
|  17|0x000000070c200000, 0x000000070c400000, 0x000000070c400000|100%| O|  |TAMS 0x000000070c200000, 0x000000070c200000| Untracked 
|  18|0x000000070c400000, 0x000000070c600000, 0x000000070c600000|100%| O|  |TAMS 0x000000070c400000, 0x000000070c400000| Untracked 
|  19|0x000000070c600000, 0x000000070c800000, 0x000000070c800000|100%| O|  |TAMS 0x000000070c600000, 0x000000070c600000| Untracked 
|  20|0x000000070c800000, 0x000000070ca00000, 0x000000070ca00000|100%| O|  |TAMS 0x000000070c800000, 0x000000070c800000| Untracked 
|  21|0x000000070ca00000, 0x000000070cc00000, 0x000000070cc00000|100%| O|  |TAMS 0x000000070ca00000, 0x000000070ca00000| Untracked 
|  22|0x000000070cc00000, 0x000000070ce00000, 0x000000070ce00000|100%| O|  |TAMS 0x000000070cc00000, 0x000000070cc00000| Untracked 
|  23|0x000000070ce00000, 0x000000070d000000, 0x000000070d000000|100%| O|  |TAMS 0x000000070ce00000, 0x000000070ce00000| Untracked 
|  24|0x000000070d000000, 0x000000070d200000, 0x000000070d200000|100%| O|  |TAMS 0x000000070d000000, 0x000000070d000000| Untracked 
|  25|0x000000070d200000, 0x000000070d400000, 0x000000070d400000|100%| O|  |TAMS 0x000000070d200000, 0x000000070d200000| Untracked 
|  26|0x000000070d400000, 0x000000070d600000, 0x000000070d600000|100%| O|  |TAMS 0x000000070d400000, 0x000000070d400000| Untracked 
|  27|0x000000070d600000, 0x000000070d800000, 0x000000070d800000|100%| O|  |TAMS 0x000000070d600000, 0x000000070d600000| Untracked 
|  28|0x000000070d800000, 0x000000070da00000, 0x000000070da00000|100%| O|  |TAMS 0x000000070d800000, 0x000000070d800000| Untracked 
|  29|0x000000070da00000, 0x000000070dc00000, 0x000000070dc00000|100%| O|  |TAMS 0x000000070da00000, 0x000000070da00000| Untracked 
|  30|0x000000070dc00000, 0x000000070dd00000, 0x000000070de00000| 50%| O|  |TAMS 0x000000070dc00000, 0x000000070dc00000| Untracked 
|  31|0x000000070de00000, 0x000000070e000000, 0x000000070e000000|100%|HS|  |TAMS 0x000000070de00000, 0x000000070de00000| Complete 
|  32|0x000000070e000000, 0x000000070e200000, 0x000000070e200000|100%|HS|  |TAMS 0x000000070e000000, 0x000000070e000000| Complete 
|  33|0x000000070e200000, 0x000000070e400000, 0x000000070e400000|100%|HS|  |TAMS 0x000000070e200000, 0x000000070e200000| Complete 
|  34|0x000000070e400000, 0x000000070e600000, 0x000000070e600000|100%|HS|  |TAMS 0x000000070e400000, 0x000000070e400000| Complete 
|  35|0x000000070e600000, 0x000000070e800000, 0x000000070e800000|100%|HS|  |TAMS 0x000000070e600000, 0x000000070e600000| Complete 
|  36|0x000000070e800000, 0x000000070ea00000, 0x000000070ea00000|100%|HS|  |TAMS 0x000000070e800000, 0x000000070e800000| Complete 
|  37|0x000000070ea00000, 0x000000070ea00000, 0x000000070ec00000|  0%| F|  |TAMS 0x000000070ea00000, 0x000000070ea00000| Untracked 
|  38|0x000000070ec00000, 0x000000070ec00000, 0x000000070ee00000|  0%| F|  |TAMS 0x000000070ec00000, 0x000000070ec00000| Untracked 
|  39|0x000000070ee00000, 0x000000070ee00000, 0x000000070f000000|  0%| F|  |TAMS 0x000000070ee00000, 0x000000070ee00000| Untracked 
|  40|0x000000070f000000, 0x000000070f000000, 0x000000070f200000|  0%| F|  |TAMS 0x000000070f000000, 0x000000070f000000| Untracked 
|  41|0x000000070f200000, 0x000000070f200000, 0x000000070f400000|  0%| F|  |TAMS 0x000000070f200000, 0x000000070f200000| Untracked 
|  42|0x000000070f400000, 0x000000070f400000, 0x000000070f600000|  0%| F|  |TAMS 0x000000070f400000, 0x000000070f400000| Untracked 
|  43|0x000000070f600000, 0x000000070f600000, 0x000000070f800000|  0%| F|  |TAMS 0x000000070f600000, 0x000000070f600000| Untracked 
|  44|0x000000070f800000, 0x000000070f800000, 0x000000070fa00000|  0%| F|  |TAMS 0x000000070f800000, 0x000000070f800000| Untracked 
|  45|0x000000070fa00000, 0x000000070fa00000, 0x000000070fc00000|  0%| F|  |TAMS 0x000000070fa00000, 0x000000070fa00000| Untracked 
|  46|0x000000070fc00000, 0x000000070fc00000, 0x000000070fe00000|  0%| F|  |TAMS 0x000000070fc00000, 0x000000070fc00000| Untracked 
|  47|0x000000070fe00000, 0x000000070fe00000, 0x0000000710000000|  0%| F|  |TAMS 0x000000070fe00000, 0x000000070fe00000| Untracked 
|  48|0x0000000710000000, 0x0000000710000000, 0x0000000710200000|  0%| F|  |TAMS 0x0000000710000000, 0x0000000710000000| Untracked 
|  49|0x0000000710200000, 0x0000000710200000, 0x0000000710400000|  0%| F|  |TAMS 0x0000000710200000, 0x0000000710200000| Untracked 
|  50|0x0000000710400000, 0x0000000710400000, 0x0000000710600000|  0%| F|  |TAMS 0x0000000710400000, 0x0000000710400000| Untracked 
|  51|0x0000000710600000, 0x0000000710600000, 0x0000000710800000|  0%| F|  |TAMS 0x0000000710600000, 0x0000000710600000| Untracked 
|  52|0x0000000710800000, 0x0000000710800000, 0x0000000710a00000|  0%| F|  |TAMS 0x0000000710800000, 0x0000000710800000| Untracked 
|  53|0x0000000710a00000, 0x0000000710a00000, 0x0000000710c00000|  0%| F|  |TAMS 0x0000000710a00000, 0x0000000710a00000| Untracked 
|  54|0x0000000710c00000, 0x0000000710c00000, 0x0000000710e00000|  0%| F|  |TAMS 0x0000000710c00000, 0x0000000710c00000| Untracked 
|  55|0x0000000710e00000, 0x0000000710e00000, 0x0000000711000000|  0%| F|  |TAMS 0x0000000710e00000, 0x0000000710e00000| Untracked 
|  56|0x0000000711000000, 0x0000000711000000, 0x0000000711200000|  0%| F|  |TAMS 0x0000000711000000, 0x0000000711000000| Untracked 
|  57|0x0000000711200000, 0x0000000711200000, 0x0000000711400000|  0%| F|  |TAMS 0x0000000711200000, 0x0000000711200000| Untracked 
|  58|0x0000000711400000, 0x0000000711400000, 0x0000000711600000|  0%| F|  |TAMS 0x0000000711400000, 0x0000000711400000| Untracked 
|  59|0x0000000711600000, 0x0000000711600000, 0x0000000711800000|  0%| F|  |TAMS 0x0000000711600000, 0x0000000711600000| Untracked 
|  60|0x0000000711800000, 0x0000000711800000, 0x0000000711a00000|  0%| F|  |TAMS 0x0000000711800000, 0x0000000711800000| Untracked 
|  61|0x0000000711a00000, 0x0000000711a00000, 0x0000000711c00000|  0%| F|  |TAMS 0x0000000711a00000, 0x0000000711a00000| Untracked 
|  62|0x0000000711c00000, 0x0000000711c00000, 0x0000000711e00000|  0%| F|  |TAMS 0x0000000711c00000, 0x0000000711c00000| Untracked 
|  63|0x0000000711e00000, 0x0000000711e00000, 0x0000000712000000|  0%| F|  |TAMS 0x0000000711e00000, 0x0000000711e00000| Untracked 
|  64|0x0000000712000000, 0x0000000712000000, 0x0000000712200000|  0%| F|  |TAMS 0x0000000712000000, 0x0000000712000000| Untracked 
|  65|0x0000000712200000, 0x0000000712200000, 0x0000000712400000|  0%| F|  |TAMS 0x0000000712200000, 0x0000000712200000| Untracked 
|  66|0x0000000712400000, 0x0000000712400000, 0x0000000712600000|  0%| F|  |TAMS 0x0000000712400000, 0x0000000712400000| Untracked 
|  67|0x0000000712600000, 0x0000000712600000, 0x0000000712800000|  0%| F|  |TAMS 0x0000000712600000, 0x0000000712600000| Untracked 
|  68|0x0000000712800000, 0x0000000712800000, 0x0000000712a00000|  0%| F|  |TAMS 0x0000000712800000, 0x0000000712800000| Untracked 
|  69|0x0000000712a00000, 0x0000000712a00000, 0x0000000712c00000|  0%| F|  |TAMS 0x0000000712a00000, 0x0000000712a00000| Untracked 
|  70|0x0000000712c00000, 0x0000000712c00000, 0x0000000712e00000|  0%| F|  |TAMS 0x0000000712c00000, 0x0000000712c00000| Untracked 
|  71|0x0000000712e00000, 0x0000000712e00000, 0x0000000713000000|  0%| F|  |TAMS 0x0000000712e00000, 0x0000000712e00000| Untracked 
|  72|0x0000000713000000, 0x0000000713000000, 0x0000000713200000|  0%| F|  |TAMS 0x0000000713000000, 0x0000000713000000| Untracked 
|  73|0x0000000713200000, 0x0000000713200000, 0x0000000713400000|  0%| F|  |TAMS 0x0000000713200000, 0x0000000713200000| Untracked 
|  74|0x0000000713400000, 0x0000000713400000, 0x0000000713600000|  0%| F|  |TAMS 0x0000000713400000, 0x0000000713400000| Untracked 
|  75|0x0000000713600000, 0x0000000713600000, 0x0000000713800000|  0%| F|  |TAMS 0x0000000713600000, 0x0000000713600000| Untracked 
|  76|0x0000000713800000, 0x0000000713800000, 0x0000000713a00000|  0%| F|  |TAMS 0x0000000713800000, 0x0000000713800000| Untracked 
|  77|0x0000000713a00000, 0x0000000713a00000, 0x0000000713c00000|  0%| F|  |TAMS 0x0000000713a00000, 0x0000000713a00000| Untracked 
|  78|0x0000000713c00000, 0x0000000713c00000, 0x0000000713e00000|  0%| F|  |TAMS 0x0000000713c00000, 0x0000000713c00000| Untracked 
|  79|0x0000000713e00000, 0x0000000713e00000, 0x0000000714000000|  0%| F|  |TAMS 0x0000000713e00000, 0x0000000713e00000| Untracked 
|  80|0x0000000714000000, 0x0000000714000000, 0x0000000714200000|  0%| F|  |TAMS 0x0000000714000000, 0x0000000714000000| Untracked 
|  81|0x0000000714200000, 0x0000000714200000, 0x0000000714400000|  0%| F|  |TAMS 0x0000000714200000, 0x0000000714200000| Untracked 
|  82|0x0000000714400000, 0x0000000714400000, 0x0000000714600000|  0%| F|  |TAMS 0x0000000714400000, 0x0000000714400000| Untracked 
|  83|0x0000000714600000, 0x0000000714600000, 0x0000000714800000|  0%| F|  |TAMS 0x0000000714600000, 0x0000000714600000| Untracked 
|  84|0x0000000714800000, 0x0000000714800000, 0x0000000714a00000|  0%| F|  |TAMS 0x0000000714800000, 0x0000000714800000| Untracked 
|  85|0x0000000714a00000, 0x0000000714a00000, 0x0000000714c00000|  0%| F|  |TAMS 0x0000000714a00000, 0x0000000714a00000| Untracked 
|  86|0x0000000714c00000, 0x0000000714c00000, 0x0000000714e00000|  0%| F|  |TAMS 0x0000000714c00000, 0x0000000714c00000| Untracked 
|  87|0x0000000714e00000, 0x0000000714e00000, 0x0000000715000000|  0%| F|  |TAMS 0x0000000714e00000, 0x0000000714e00000| Untracked 
|  88|0x0000000715000000, 0x0000000715000000, 0x0000000715200000|  0%| F|  |TAMS 0x0000000715000000, 0x0000000715000000| Untracked 
|  89|0x0000000715200000, 0x0000000715300800, 0x0000000715400000| 50%| E|  |TAMS 0x0000000715200000, 0x0000000715200000| Complete 
|  90|0x0000000715400000, 0x0000000715600000, 0x0000000715600000|100%| E|CS|TAMS 0x0000000715400000, 0x0000000715400000| Complete 
|  91|0x0000000715600000, 0x0000000715800000, 0x0000000715800000|100%| E|CS|TAMS 0x0000000715600000, 0x0000000715600000| Complete 
|  92|0x0000000715800000, 0x0000000715a00000, 0x0000000715a00000|100%| E|CS|TAMS 0x0000000715800000, 0x0000000715800000| Complete 
|  93|0x0000000715a00000, 0x0000000715c00000, 0x0000000715c00000|100%| E|CS|TAMS 0x0000000715a00000, 0x0000000715a00000| Complete 
|  94|0x0000000715c00000, 0x0000000715e00000, 0x0000000715e00000|100%| E|CS|TAMS 0x0000000715c00000, 0x0000000715c00000| Complete 
|  95|0x0000000715e00000, 0x0000000716000000, 0x0000000716000000|100%| E|CS|TAMS 0x0000000715e00000, 0x0000000715e00000| Complete 
|  96|0x0000000716000000, 0x0000000716200000, 0x0000000716200000|100%| E|CS|TAMS 0x0000000716000000, 0x0000000716000000| Complete 
|  97|0x0000000716200000, 0x0000000716400000, 0x0000000716400000|100%| E|CS|TAMS 0x0000000716200000, 0x0000000716200000| Complete 
|  98|0x0000000716400000, 0x0000000716600000, 0x0000000716600000|100%| E|CS|TAMS 0x0000000716400000, 0x0000000716400000| Complete 
|  99|0x0000000716600000, 0x0000000716800000, 0x0000000716800000|100%| E|CS|TAMS 0x0000000716600000, 0x0000000716600000| Complete 
| 100|0x0000000716800000, 0x0000000716a00000, 0x0000000716a00000|100%| E|CS|TAMS 0x0000000716800000, 0x0000000716800000| Complete 
| 101|0x0000000716a00000, 0x0000000716c00000, 0x0000000716c00000|100%| E|CS|TAMS 0x0000000716a00000, 0x0000000716a00000| Complete 
| 102|0x0000000716c00000, 0x0000000716e00000, 0x0000000716e00000|100%| E|CS|TAMS 0x0000000716c00000, 0x0000000716c00000| Complete 
| 103|0x0000000716e00000, 0x0000000716f965f8, 0x0000000717000000| 79%| S|CS|TAMS 0x0000000716e00000, 0x0000000716e00000| Complete 
| 104|0x0000000717000000, 0x0000000717200000, 0x0000000717200000|100%| E|CS|TAMS 0x0000000717000000, 0x0000000717000000| Complete 
| 105|0x0000000717200000, 0x0000000717400000, 0x0000000717400000|100%| E|CS|TAMS 0x0000000717200000, 0x0000000717200000| Complete 
| 106|0x0000000717400000, 0x0000000717600000, 0x0000000717600000|100%| E|CS|TAMS 0x0000000717400000, 0x0000000717400000| Complete 
| 107|0x0000000717600000, 0x0000000717800000, 0x0000000717800000|100%| E|CS|TAMS 0x0000000717600000, 0x0000000717600000| Complete 
| 108|0x0000000717800000, 0x0000000717a00000, 0x0000000717a00000|100%| E|CS|TAMS 0x0000000717800000, 0x0000000717800000| Complete 
| 109|0x0000000717a00000, 0x0000000717c00000, 0x0000000717c00000|100%| E|CS|TAMS 0x0000000717a00000, 0x0000000717a00000| Complete 
| 110|0x0000000717c00000, 0x0000000717e00000, 0x0000000717e00000|100%| E|CS|TAMS 0x0000000717c00000, 0x0000000717c00000| Complete 
| 111|0x0000000717e00000, 0x0000000718000000, 0x0000000718000000|100%| E|CS|TAMS 0x0000000717e00000, 0x0000000717e00000| Complete 
| 112|0x0000000718000000, 0x0000000718200000, 0x0000000718200000|100%| E|CS|TAMS 0x0000000718000000, 0x0000000718000000| Complete 
| 113|0x0000000718200000, 0x0000000718400000, 0x0000000718400000|100%| E|CS|TAMS 0x0000000718200000, 0x0000000718200000| Complete 
| 114|0x0000000718400000, 0x0000000718600000, 0x0000000718600000|100%| E|CS|TAMS 0x0000000718400000, 0x0000000718400000| Complete 
| 115|0x0000000718600000, 0x0000000718800000, 0x0000000718800000|100%| E|CS|TAMS 0x0000000718600000, 0x0000000718600000| Complete 
| 116|0x0000000718800000, 0x0000000718a00000, 0x0000000718a00000|100%| E|CS|TAMS 0x0000000718800000, 0x0000000718800000| Complete 
| 117|0x0000000718a00000, 0x0000000718c00000, 0x0000000718c00000|100%| E|CS|TAMS 0x0000000718a00000, 0x0000000718a00000| Complete 
| 118|0x0000000718c00000, 0x0000000718e00000, 0x0000000718e00000|100%| E|CS|TAMS 0x0000000718c00000, 0x0000000718c00000| Complete 
| 119|0x0000000718e00000, 0x0000000719000000, 0x0000000719000000|100%| E|CS|TAMS 0x0000000718e00000, 0x0000000718e00000| Complete 
| 120|0x0000000719000000, 0x0000000719200000, 0x0000000719200000|100%| E|CS|TAMS 0x0000000719000000, 0x0000000719000000| Complete 
| 121|0x0000000719200000, 0x0000000719400000, 0x0000000719400000|100%| E|CS|TAMS 0x0000000719200000, 0x0000000719200000| Complete 
| 122|0x0000000719400000, 0x0000000719600000, 0x0000000719600000|100%| E|CS|TAMS 0x0000000719400000, 0x0000000719400000| Complete 

Card table byte_map: [0x00000283c70d0000,0x00000283c7880000] _byte_map_base: 0x00000283c3880000

Marking Bits (Prev, Next): (CMBitMap*) 0x00000283af61a0c0, (CMBitMap*) 0x00000283af61a100
 Prev Bits: [0x00000283c8030000, 0x00000283cbdb0000)
 Next Bits: [0x00000283cbdb0000, 0x00000283cfb30000)

Polling page: 0x00000283ad5a0000

Metaspace:

Usage:
  Non-class:      9.36 MB used.
      Class:    729.20 KB used.
       Both:     10.07 MB used.

Virtual space:
  Non-class space:       16.00 MB reserved,       9.44 MB ( 59%) committed,  2 nodes.
      Class space:        1.00 GB reserved,     768.00 KB ( <1%) committed,  1 nodes.
             Both:        1.02 GB reserved,      10.19 MB ( <1%) committed. 

Chunk freelists:
   Non-Class:  640.00 KB
       Class:  3.19 MB
        Both:  3.81 MB

MaxMetaspaceSize: unlimited
CompressedClassSpaceSize: 1.00 GB
Initial GC threshold: 21.00 MB
Current GC threshold: 21.00 MB
CDS: on
MetaspaceReclaimPolicy: balanced
 - commit_granule_bytes: 65536.
 - commit_granule_words: 8192.
 - virtual_space_node_default_size: 1048576.
 - enlarge_chunks_in_place: 1.
 - new_chunks_are_fully_committed: 0.
 - uncommit_free_chunks: 1.
 - use_allocation_guard: 0.
 - handle_deallocations: 1.


Internal statistics:

num_allocs_failed_limit: 0.
num_arena_births: 44.
num_arena_deaths: 0.
num_vsnodes_births: 3.
num_vsnodes_deaths: 0.
num_space_committed: 161.
num_space_uncommitted: 0.
num_chunks_returned_to_freelist: 0.
num_chunks_taken_from_freelist: 322.
num_chunk_merges: 0.
num_chunk_splits: 272.
num_chunks_enlarged: 250.
num_purges: 0.
num_inconsistent_stats: 0.

CodeHeap 'non-profiled nmethods': size=119168Kb used=2480Kb max_used=2480Kb free=116687Kb
 bounds [0x00000283bec30000, 0x00000283beea0000, 0x00000283c6090000]
CodeHeap 'profiled nmethods': size=119104Kb used=4256Kb max_used=4256Kb free=114848Kb
 bounds [0x00000283b77e0000, 0x00000283b7c10000, 0x00000283bec30000]
CodeHeap 'non-nmethods': size=7488Kb used=1661Kb max_used=3397Kb free=5826Kb
 bounds [0x00000283b7090000, 0x00000283b7470000, 0x00000283b77e0000]
 total_blobs=3468 nmethods=2360 adapters=1021
 compilation: enabled
              stopped_count=0, restarted_count=0
 full_count=0

Compilation events (20 events):
Event: 29.361 Thread 0x00000283d2afaff0 2382       3       com.badlogic.gdx.graphics.g3d.utils.MeshBuilder::arrow (20 bytes)
Event: 29.361 Thread 0x00000283d2afaff0 nmethod 2382 0x00000283b7bfbf10 code [0x00000283b7bfc0a0, 0x00000283b7bfc1c8]
Event: 29.361 Thread 0x00000283d2afaff0 2383       3       com.badlogic.gdx.graphics.g3d.utils.shapebuilders.ArrowShapeBuilder::build (405 bytes)
Event: 29.365 Thread 0x00000283d2afaff0 nmethod 2383 0x00000283b7bfc290 code [0x00000283b7bfcc80, 0x00000283b7c03228]
Event: 29.365 Thread 0x00000283d2afaff0 2384       3       com.badlogic.gdx.math.Vector3::dst (50 bytes)
Event: 29.365 Thread 0x00000283d2afaff0 nmethod 2384 0x00000283b7c05b90 code [0x00000283b7c05d20, 0x00000283b7c05e98]
Event: 29.365 Thread 0x00000283d2afaff0 2385       3       com.badlogic.gdx.graphics.g3d.utils.MeshBuilder::getVertexTransform (9 bytes)
Event: 29.366 Thread 0x00000283d2afaff0 nmethod 2385 0x00000283b7c05f90 code [0x00000283b7c06140, 0x00000283b7c06308]
Event: 29.366 Thread 0x00000283d2afaff0 2386       3       com.badlogic.gdx.graphics.g3d.utils.shapebuilders.CylinderShapeBuilder::build (13 bytes)
Event: 29.366 Thread 0x00000283d2afaff0 nmethod 2386 0x00000283b7c06410 code [0x00000283b7c065e0, 0x00000283b7c06708]
Event: 29.366 Thread 0x00000283d2afaff0 2387       3       com.badlogic.gdx.graphics.g3d.utils.shapebuilders.ConeShapeBuilder::build (13 bytes)
Event: 29.366 Thread 0x00000283d2afaff0 nmethod 2387 0x00000283b7c06810 code [0x00000283b7c069e0, 0x00000283b7c06b08]
Event: 29.553 Thread 0x00000283d2afaff0 2388       3       com.badlogic.gdx.graphics.g3d.utils.ModelBuilder::createBox (13 bytes)
Event: 29.553 Thread 0x00000283d2afaff0 nmethod 2388 0x00000283b7c06c10 code [0x00000283b7c06da0, 0x00000283b7c06ee8]
Event: 29.553 Thread 0x00000283d2af8730 2389       4       java.util.regex.Pattern$Branch::match (66 bytes)
Event: 29.556 Thread 0x00000283d2af8730 nmethod 2389 0x00000283bee9b510 code [0x00000283bee9b700, 0x00000283bee9bc40]
Event: 29.598 Thread 0x00000283d2afaff0 2390       3       com.badlogic.gdx.graphics.g3d.utils.ModelBuilder::createArrow (41 bytes)
Event: 29.598 Thread 0x00000283d2afaff0 nmethod 2390 0x00000283b7c06f90 code [0x00000283b7c07160, 0x00000283b7c07438]
Event: 29.598 Thread 0x00000283d2afaff0 2391       3       com.badlogic.gdx.graphics.g3d.ModelBatch::render (71 bytes)
Event: 29.598 Thread 0x00000283d2afaff0 nmethod 2391 0x00000283b7c07610 code [0x00000283b7c07800, 0x00000283b7c07da8]

GC Heap History (10 events):
Event: 2.075 GC heap before
{Heap before GC invocations=0 (full 0):
 garbage-first heap   total 251904K, used 22528K [0x000000070a000000, 0x0000000800000000)
  region size 2048K, 11 young (22528K), 0 survivors (0K)
 Metaspace       used 7239K, committed 7360K, reserved 1064960K
  class space    used 442K, committed 512K, reserved 1048576K
}
Event: 2.078 GC heap after
{Heap after GC invocations=1 (full 0):
 garbage-first heap   total 251904K, used 2630K [0x000000070a000000, 0x0000000800000000)
  region size 2048K, 2 young (4096K), 2 survivors (4096K)
 Metaspace       used 7239K, committed 7360K, reserved 1064960K
  class space    used 442K, committed 512K, reserved 1048576K
}
Event: 4.230 GC heap before
{Heap before GC invocations=1 (full 0):
 garbage-first heap   total 251904K, used 43590K [0x000000070a000000, 0x0000000800000000)
  region size 2048K, 19 young (38912K), 2 survivors (4096K)
 Metaspace       used 9348K, committed 9536K, reserved 1064960K
  class space    used 643K, committed 704K, reserved 1048576K
}
Event: 4.238 GC heap after
{Heap after GC invocations=2 (full 0):
 garbage-first heap   total 251904K, used 25204K [0x000000070a000000, 0x0000000800000000)
  region size 2048K, 3 young (6144K), 3 survivors (6144K)
 Metaspace       used 9348K, committed 9536K, reserved 1064960K
  class space    used 643K, committed 704K, reserved 1048576K
}
Event: 5.099 GC heap before
{Heap before GC invocations=2 (full 0):
 garbage-first heap   total 251904K, used 80500K [0x000000070a000000, 0x0000000800000000)
  region size 2048K, 30 young (61440K), 3 survivors (6144K)
 Metaspace       used 9757K, committed 9856K, reserved 1064960K
  class space    used 678K, committed 704K, reserved 1048576K
}
Event: 5.120 GC heap after
{Heap after GC invocations=3 (full 0):
 garbage-first heap   total 251904K, used 60138K [0x000000070a000000, 0x0000000800000000)
  region size 2048K, 4 young (8192K), 4 survivors (8192K)
 Metaspace       used 9757K, committed 9856K, reserved 1064960K
  class space    used 678K, committed 704K, reserved 1048576K
}
Event: 6.131 GC heap before
{Heap before GC invocations=3 (full 0):
 garbage-first heap   total 251904K, used 64234K [0x000000070a000000, 0x0000000800000000)
  region size 2048K, 6 young (12288K), 4 survivors (8192K)
 Metaspace       used 9779K, committed 9856K, reserved 1064960K
  class space    used 678K, committed 704K, reserved 1048576K
}
Event: 6.138 GC heap after
{Heap after GC invocations=4 (full 0):
 garbage-first heap   total 251904K, used 63618K [0x000000070a000000, 0x0000000800000000)
  region size 2048K, 1 young (2048K), 1 survivors (2048K)
 Metaspace       used 9779K, committed 9856K, reserved 1064960K
  class space    used 678K, committed 704K, reserved 1048576K
}
Event: 14.432 GC heap before
{Heap before GC invocations=4 (full 0):
 garbage-first heap   total 251904K, used 104578K [0x000000070a000000, 0x0000000800000000)
  region size 2048K, 19 young (38912K), 1 survivors (2048K)
 Metaspace       used 10272K, committed 10432K, reserved 1064960K
  class space    used 728K, committed 768K, reserved 1048576K
}
Event: 14.433 GC heap after
{Heap after GC invocations=5 (full 0):
 garbage-first heap   total 251904K, used 70233K [0x000000070a000000, 0x0000000800000000)
  region size 2048K, 1 young (2048K), 1 survivors (2048K)
 Metaspace       used 10272K, committed 10432K, reserved 1064960K
  class space    used 728K, committed 768K, reserved 1048576K
}

Deoptimization events (20 events):
Event: 22.069 Thread 0x00000283af5c2090 Uncommon trap: trap_request=0xffffff45 fr.pc=0x00000283bee2b1a0 relative=0x00000000000001a0
Event: 22.069 Thread 0x00000283af5c2090 Uncommon trap: reason=unstable_if action=reinterpret pc=0x00000283bee2b1a0 method=com.crazyputting3d.Engine.physicsEngine.get_ball_coordinatesY()[F @ 42 c2
Event: 22.069 Thread 0x00000283af5c2090 DEOPT PACKING pc=0x00000283bee2b1a0 sp=0x0000008710efed40
Event: 22.070 Thread 0x00000283af5c2090 DEOPT UNPACKING pc=0x00000283b70e23a3 sp=0x0000008710efecd8 mode 2
Event: 22.070 Thread 0x00000283af5c2090 Uncommon trap: trap_request=0xffffff45 fr.pc=0x00000283bee2b6a0 relative=0x00000000000001a0
Event: 22.070 Thread 0x00000283af5c2090 Uncommon trap: reason=unstable_if action=reinterpret pc=0x00000283bee2b6a0 method=com.crazyputting3d.Engine.physicsEngine.get_ball_coordinatesZ()[F @ 42 c2
Event: 22.070 Thread 0x00000283af5c2090 DEOPT PACKING pc=0x00000283bee2b6a0 sp=0x0000008710efed40
Event: 22.070 Thread 0x00000283af5c2090 DEOPT UNPACKING pc=0x00000283b70e23a3 sp=0x0000008710efecd8 mode 2
Event: 24.068 Thread 0x00000283af5c2090 Uncommon trap: trap_request=0xffffff45 fr.pc=0x00000283bedd3d54 relative=0x0000000000000474
Event: 24.068 Thread 0x00000283af5c2090 Uncommon trap: reason=unstable_if action=reinterpret pc=0x00000283bedd3d54 method=com.badlogic.gdx.utils.TimSort.mergeCollapse()V @ 93 c2
Event: 24.068 Thread 0x00000283af5c2090 DEOPT PACKING pc=0x00000283bedd3d54 sp=0x0000008710efec40
Event: 24.068 Thread 0x00000283af5c2090 DEOPT UNPACKING pc=0x00000283b70e23a3 sp=0x0000008710efebe8 mode 2
Event: 24.069 Thread 0x00000283af5c2090 Uncommon trap: trap_request=0xffffff45 fr.pc=0x00000283bedd4818 relative=0x00000000000002b8
Event: 24.069 Thread 0x00000283af5c2090 Uncommon trap: reason=unstable_if action=reinterpret pc=0x00000283bedd4818 method=com.badlogic.gdx.utils.TimSort.mergeAt(I)V @ 51 c2
Event: 24.069 Thread 0x00000283af5c2090 DEOPT PACKING pc=0x00000283bedd4818 sp=0x0000008710efebc0
Event: 24.069 Thread 0x00000283af5c2090 DEOPT UNPACKING pc=0x00000283b70e23a3 sp=0x0000008710efeb50 mode 2
Event: 24.805 Thread 0x00000283af5c2090 Uncommon trap: trap_request=0xffffff45 fr.pc=0x00000283bedc5db4 relative=0x0000000000002934
Event: 24.805 Thread 0x00000283af5c2090 Uncommon trap: reason=unstable_if action=reinterpret pc=0x00000283bedc5db4 method=com.badlogic.gdx.utils.TimSort.gallopLeft(Ljava/lang/Object;[Ljava/lang/Object;IIILjava/util/Comparator;)I @ 169 c2
Event: 24.805 Thread 0x00000283af5c2090 DEOPT PACKING pc=0x00000283bedc5db4 sp=0x0000008710efea50
Event: 24.805 Thread 0x00000283af5c2090 DEOPT UNPACKING pc=0x00000283b70e23a3 sp=0x0000008710efe9e8 mode 2

Classes unloaded (0 events):
No events

Classes redefined (0 events):
No events

Internal exceptions (20 events):
Event: 0.156 Thread 0x00000283af5c2090 Exception <a 'java/lang/NoSuchMethodError'{0x00000007191852f8}: 'java.lang.Object java.lang.invoke.DirectMethodHandle$Holder.invokeStaticInit(java.lang.Object)'> (0x00000007191852f8) 
thrown [e:\jenkins\tmp\workspace\build\src\src\hotspot\share\interpreter\linkResolver.cpp, line 766]
Event: 0.165 Thread 0x00000283af5c2090 Exception <a 'java/lang/NoSuchMethodError'{0x00000007191e70c0}: 'void java.lang.invoke.DirectMethodHandle$Holder.invokeStatic(java.lang.Object, java.lang.Object)'> (0x00000007191e70c0) 
thrown [e:\jenkins\tmp\workspace\build\src\src\hotspot\share\interpreter\linkResolver.cpp, line 766]
Event: 0.166 Thread 0x00000283af5c2090 Exception <a 'java/lang/NoSuchMethodError'{0x00000007191ec908}: 'void java.lang.invoke.DirectMethodHandle$Holder.invokeSpecial(java.lang.Object, java.lang.Object, java.lang.Object)'> (0x00000007191ec908) 
thrown [e:\jenkins\tmp\workspace\build\src\src\hotspot\share\interpreter\linkResolver.cpp, line 766]
Event: 0.168 Thread 0x00000283af5c2090 Exception <a 'java/lang/NoSuchMethodError'{0x00000007191ffc90}: 'java.lang.Object java.lang.invoke.DirectMethodHandle$Holder.invokeStatic(java.lang.Object, java.lang.Object, int)'> (0x00000007191ffc90) 
thrown [e:\jenkins\tmp\workspace\build\src\src\hotspot\share\interpreter\linkResolver.cpp, line 766]
Event: 0.169 Thread 0x00000283af5c2090 Exception <a 'java/lang/NoSuchMethodError'{0x0000000718e0be80}: 'void java.lang.invoke.DelegatingMethodHandle$Holder.delegate(java.lang.Object, java.lang.Object, int, java.lang.Object)'> (0x0000000718e0be80) 
thrown [e:\jenkins\tmp\workspace\build\src\src\hotspot\share\interpreter\linkResolver.cpp, line 766]
Event: 0.169 Thread 0x00000283af5c2090 Exception <a 'java/lang/NoSuchMethodError'{0x0000000718e100c0}: 'int java.lang.invoke.DirectMethodHandle$Holder.invokeSpecial(java.lang.Object, java.lang.Object, java.lang.Object)'> (0x0000000718e100c0) 
thrown [e:\jenkins\tmp\workspace\build\src\src\hotspot\share\interpreter\linkResolver.cpp, line 766]
Event: 0.197 Thread 0x00000283af5c2090 Exception <a 'sun/nio/fs/WindowsException'{0x0000000718eb6e40}> (0x0000000718eb6e40) 
thrown [e:\jenkins\tmp\workspace\build\src\src\hotspot\share\prims\jni.cpp, line 516]
Event: 0.197 Thread 0x00000283af5c2090 Exception <a 'sun/nio/fs/WindowsException'{0x0000000718eb7398}> (0x0000000718eb7398) 
thrown [e:\jenkins\tmp\workspace\build\src\src\hotspot\share\prims\jni.cpp, line 516]
Event: 0.219 Thread 0x00000283af5c2090 Exception <a 'sun/nio/fs/WindowsException'{0x0000000718fa5218}> (0x0000000718fa5218) 
thrown [e:\jenkins\tmp\workspace\build\src\src\hotspot\share\prims\jni.cpp, line 516]
Event: 0.219 Thread 0x00000283af5c2090 Exception <a 'sun/nio/fs/WindowsException'{0x0000000718fa55b8}> (0x0000000718fa55b8) 
thrown [e:\jenkins\tmp\workspace\build\src\src\hotspot\share\prims\jni.cpp, line 516]
Event: 0.239 Thread 0x00000283af5c2090 Exception <a 'sun/nio/fs/WindowsException'{0x0000000718c54cd0}> (0x0000000718c54cd0) 
thrown [e:\jenkins\tmp\workspace\build\src\src\hotspot\share\prims\jni.cpp, line 516]
Event: 0.239 Thread 0x00000283af5c2090 Exception <a 'sun/nio/fs/WindowsException'{0x0000000718c55040}> (0x0000000718c55040) 
thrown [e:\jenkins\tmp\workspace\build\src\src\hotspot\share\prims\jni.cpp, line 516]
Event: 0.277 Thread 0x00000283af5c2090 Exception <a 'sun/nio/fs/WindowsException'{0x0000000718cd9430}> (0x0000000718cd9430) 
thrown [e:\jenkins\tmp\workspace\build\src\src\hotspot\share\prims\jni.cpp, line 516]
Event: 0.277 Thread 0x00000283af5c2090 Exception <a 'sun/nio/fs/WindowsException'{0x0000000718cd97b8}> (0x0000000718cd97b8) 
thrown [e:\jenkins\tmp\workspace\build\src\src\hotspot\share\prims\jni.cpp, line 516]
Event: 0.520 Thread 0x00000283af5c2090 Exception <a 'sun/nio/fs/WindowsException'{0x0000000718abcb20}> (0x0000000718abcb20) 
thrown [e:\jenkins\tmp\workspace\build\src\src\hotspot\share\prims\jni.cpp, line 516]
Event: 0.520 Thread 0x00000283af5c2090 Exception <a 'sun/nio/fs/WindowsException'{0x0000000718abced0}> (0x0000000718abced0) 
thrown [e:\jenkins\tmp\workspace\build\src\src\hotspot\share\prims\jni.cpp, line 516]
Event: 0.523 Thread 0x00000283af5c2090 Exception <a 'sun/nio/fs/WindowsException'{0x0000000718ac9068}> (0x0000000718ac9068) 
thrown [e:\jenkins\tmp\workspace\build\src\src\hotspot\share\prims\jni.cpp, line 516]
Event: 0.523 Thread 0x00000283af5c2090 Exception <a 'sun/nio/fs/WindowsException'{0x0000000718ac9350}> (0x0000000718ac9350) 
thrown [e:\jenkins\tmp\workspace\build\src\src\hotspot\share\prims\jni.cpp, line 516]
Event: 4.290 Thread 0x00000283af5c2090 Implicit null exception at 0x00000283becac3bf to 0x00000283becac49c
Event: 10.490 Thread 0x00000283d7174280 Implicit null exception at 0x00000283beca1d5f to 0x00000283beca1e1c

VM Operations (20 events):
Event: 18.436 Executing VM operation: Cleanup
Event: 18.436 Executing VM operation: Cleanup done
Event: 19.436 Executing VM operation: Cleanup
Event: 19.436 Executing VM operation: Cleanup done
Event: 20.437 Executing VM operation: Cleanup
Event: 20.437 Executing VM operation: Cleanup done
Event: 22.030 Executing VM operation: ICBufferFull
Event: 22.030 Executing VM operation: ICBufferFull done
Event: 23.031 Executing VM operation: Cleanup
Event: 23.031 Executing VM operation: Cleanup done
Event: 24.749 Executing VM operation: ICBufferFull
Event: 24.749 Executing VM operation: ICBufferFull done
Event: 26.412 Executing VM operation: ICBufferFull
Event: 26.412 Executing VM operation: ICBufferFull done
Event: 27.412 Executing VM operation: Cleanup
Event: 27.412 Executing VM operation: Cleanup done
Event: 29.047 Executing VM operation: ICBufferFull
Event: 29.047 Executing VM operation: ICBufferFull done
Event: 30.637 Executing VM operation: ICBufferFull
Event: 30.637 Executing VM operation: ICBufferFull done

Events (20 events):
Event: 10.495 loading class javax/sound/sampled/LineEvent done
Event: 10.495 loading class javax/sound/sampled/LineEvent$Type
Event: 10.495 loading class javax/sound/sampled/LineEvent$Type done
Event: 10.495 loading class com/sun/media/sound/EventDispatcher
Event: 10.496 loading class com/sun/media/sound/EventDispatcher done
Event: 10.496 Thread 0x00000283e57b9040 Thread added: 0x00000283e57b9040
Event: 10.503 Thread 0x00000283de8d8c10 Thread added: 0x00000283de8d8c10
Event: 10.692 Thread 0x00000283ddad3300 Thread exited: 0x00000283ddad3300
Event: 10.704 Thread 0x00000283d7174280 Thread exited: 0x00000283d7174280
Event: 10.840 Thread 0x00000283ddad0a80 Thread exited: 0x00000283ddad0a80
Event: 11.107 Thread 0x00000283d2abe6f0 Thread exited: 0x00000283d2abe6f0
Event: 12.710 Thread 0x00000283ddad0f90 Thread added: 0x00000283ddad0f90
Event: 12.710 Thread 0x00000283ddad2df0 Thread added: 0x00000283ddad2df0
Event: 12.710 Thread 0x00000283ddad19b0 Thread added: 0x00000283ddad19b0
Event: 13.494 Thread 0x00000283ddad19b0 Thread exited: 0x00000283ddad19b0
Event: 13.619 Thread 0x00000283ddad2df0 Thread exited: 0x00000283ddad2df0
Event: 14.959 Thread 0x00000283ddad0f90 Thread exited: 0x00000283ddad0f90
Event: 22.047 Thread 0x00000283e9c44860 Thread added: 0x00000283e9c44860
Event: 22.051 Thread 0x00000283e63c0030 Thread added: 0x00000283e63c0030
Event: 22.252 Thread 0x00000283e9c44860 Thread exited: 0x00000283e9c44860


Dynamic libraries:
0x00007ff7495a0000 - 0x00007ff7495ae000 	C:\Program Files\Eclipse Adoptium\jdk-17.0.1.12-hotspot\bin\java.exe
0x00007ffdc5cd0000 - 0x00007ffdc5ec5000 	C:\Windows\SYSTEM32\ntdll.dll
0x00007ffdc4060000 - 0x00007ffdc411d000 	C:\Windows\System32\KERNEL32.DLL
0x00007ffdc3720000 - 0x00007ffdc39ed000 	C:\Windows\System32\KERNELBASE.dll
0x00007ffdc33b0000 - 0x00007ffdc34b0000 	C:\Windows\System32\ucrtbase.dll
0x00007ffdbee20000 - 0x00007ffdbee39000 	C:\Program Files\Eclipse Adoptium\jdk-17.0.1.12-hotspot\bin\VCRUNTIME140.dll
0x00007ffdb62b0000 - 0x00007ffdb62c8000 	C:\Program Files\Eclipse Adoptium\jdk-17.0.1.12-hotspot\bin\jli.dll
0x00007ffdc5530000 - 0x00007ffdc56d0000 	C:\Windows\System32\USER32.dll
0x00007ffdc3c20000 - 0x00007ffdc3c42000 	C:\Windows\System32\win32u.dll
0x00007ffdad620000 - 0x00007ffdad8ba000 	C:\Windows\WinSxS\amd64_microsoft.windows.common-controls_6595b64144ccf1df_6.0.19041.1110_none_60b5254171f9507e\COMCTL32.dll
0x00007ffdc5bd0000 - 0x00007ffdc5bfa000 	C:\Windows\System32\GDI32.dll
0x00007ffdc5190000 - 0x00007ffdc522e000 	C:\Windows\System32\msvcrt.dll
0x00007ffdc3610000 - 0x00007ffdc371b000 	C:\Windows\System32\gdi32full.dll
0x00007ffdc39f0000 - 0x00007ffdc3a8d000 	C:\Windows\System32\msvcp_win.dll
0x00007ffdc4eb0000 - 0x00007ffdc4ee0000 	C:\Windows\System32\IMM32.DLL
0x00007ffdbede0000 - 0x00007ffdbedec000 	C:\Program Files\Eclipse Adoptium\jdk-17.0.1.12-hotspot\bin\vcruntime140_1.dll
0x00007ffd77a60000 - 0x00007ffd77af1000 	C:\Program Files\Eclipse Adoptium\jdk-17.0.1.12-hotspot\bin\msvcp140.dll
0x00007ffd3d230000 - 0x00007ffd3de76000 	C:\Program Files\Eclipse Adoptium\jdk-17.0.1.12-hotspot\bin\server\jvm.dll
0x00007ffdc3fb0000 - 0x00007ffdc405e000 	C:\Windows\System32\ADVAPI32.dll
0x00007ffdc3e80000 - 0x00007ffdc3f1c000 	C:\Windows\System32\sechost.dll
0x00007ffdc3d50000 - 0x00007ffdc3e75000 	C:\Windows\System32\RPCRT4.dll
0x00007ffdc4ee0000 - 0x00007ffdc4ee8000 	C:\Windows\System32\PSAPI.DLL
0x00007ffda5c00000 - 0x00007ffda5c09000 	C:\Windows\SYSTEM32\WSOCK32.dll
0x00007ffdb8890000 - 0x00007ffdb88b7000 	C:\Windows\SYSTEM32\WINMM.dll
0x00007ffdbc260000 - 0x00007ffdbc26a000 	C:\Windows\SYSTEM32\VERSION.dll
0x00007ffdc52e0000 - 0x00007ffdc534b000 	C:\Windows\System32\WS2_32.dll
0x00007ffdc1c40000 - 0x00007ffdc1c52000 	C:\Windows\SYSTEM32\kernel.appcore.dll
0x00007ffdbda80000 - 0x00007ffdbda8a000 	C:\Program Files\Eclipse Adoptium\jdk-17.0.1.12-hotspot\bin\jimage.dll
0x00007ffdc1a30000 - 0x00007ffdc1c14000 	C:\Windows\SYSTEM32\DBGHELP.DLL
0x00007ffdb8de0000 - 0x00007ffdb8e0c000 	C:\Windows\SYSTEM32\dbgcore.DLL
0x00007ffdc3a90000 - 0x00007ffdc3b12000 	C:\Windows\System32\bcryptPrimitives.dll
0x00007ffda9250000 - 0x00007ffda9275000 	C:\Program Files\Eclipse Adoptium\jdk-17.0.1.12-hotspot\bin\java.dll
0x00007ffd628b0000 - 0x00007ffd62986000 	C:\Program Files\Eclipse Adoptium\jdk-17.0.1.12-hotspot\bin\svml.dll
0x00007ffdc4120000 - 0x00007ffdc4864000 	C:\Windows\System32\SHELL32.dll
0x00007ffdc1150000 - 0x00007ffdc18e4000 	C:\Windows\SYSTEM32\windows.storage.dll
0x00007ffdc5870000 - 0x00007ffdc5bc4000 	C:\Windows\System32\combase.dll
0x00007ffdc2e10000 - 0x00007ffdc2e3c000 	C:\Windows\SYSTEM32\Wldp.dll
0x00007ffdc5230000 - 0x00007ffdc52dd000 	C:\Windows\System32\SHCORE.dll
0x00007ffdc3cf0000 - 0x00007ffdc3d45000 	C:\Windows\System32\shlwapi.dll
0x00007ffdc32f0000 - 0x00007ffdc330f000 	C:\Windows\SYSTEM32\profapi.dll
0x00007ffdaa3b0000 - 0x00007ffdaa3c9000 	C:\Program Files\Eclipse Adoptium\jdk-17.0.1.12-hotspot\bin\net.dll
0x00007ffdb4be0000 - 0x00007ffdb4cea000 	C:\Windows\SYSTEM32\WINHTTP.dll
0x00007ffdc2b70000 - 0x00007ffdc2bda000 	C:\Windows\system32\mswsock.dll
0x00007ffdaab60000 - 0x00007ffdaab75000 	C:\Program Files\Eclipse Adoptium\jdk-17.0.1.12-hotspot\bin\nio.dll
0x00007ffda9ae0000 - 0x00007ffda9af8000 	C:\Program Files\Eclipse Adoptium\jdk-17.0.1.12-hotspot\bin\zip.dll
0x000000006e700000 - 0x000000006e72a000 	C:\Users\grado\AppData\Local\Temp\libgdxgrado\e1cd32f8\gdx64.dll
0x00007ffd8a4f0000 - 0x00007ffd8a554000 	C:\Users\grado\AppData\Local\Temp\lwjglgrado\3.2.3-build-13\lwjgl.dll
0x00007ffd56af0000 - 0x00007ffd56d43000 	C:\Users\grado\AppData\Local\Temp\lwjglgrado\3.2.3-build-13\jemalloc.dll
0x00007ffd77000000 - 0x00007ffd77062000 	C:\Users\grado\AppData\Local\Temp\lwjglgrado\3.2.3-build-13\glfw.dll
0x00007ffdc0870000 - 0x00007ffdc090e000 	C:\Windows\system32\uxtheme.dll
0x00007ffd932b0000 - 0x00007ffd932f5000 	C:\Windows\SYSTEM32\dinput8.dll
0x00007ffda95f0000 - 0x00007ffda9601000 	C:\Windows\SYSTEM32\xinput1_4.dll
0x00007ffdc3b20000 - 0x00007ffdc3b6e000 	C:\Windows\System32\cfgmgr32.dll
0x00007ffdc3160000 - 0x00007ffdc318c000 	C:\Windows\SYSTEM32\DEVOBJ.dll
0x00007ffdc0a00000 - 0x00007ffdc0a2f000 	C:\Windows\SYSTEM32\dwmapi.dll
0x00007ffda8c80000 - 0x00007ffda8dd2000 	C:\Windows\SYSTEM32\inputhost.dll
0x00007ffdc4d70000 - 0x00007ffdc4e3d000 	C:\Windows\System32\OLEAUT32.dll
0x00007ffdbfad0000 - 0x00007ffdbfc24000 	C:\Windows\SYSTEM32\wintypes.dll
0x00007ffdc0500000 - 0x00007ffdc05f2000 	C:\Windows\SYSTEM32\CoreMessaging.dll
0x00007ffdbe990000 - 0x00007ffdbea86000 	C:\Windows\SYSTEM32\PROPSYS.dll
0x00007ffdc01a0000 - 0x00007ffdc04fe000 	C:\Windows\SYSTEM32\CoreUIComponents.dll
0x00007ffdc20b0000 - 0x00007ffdc20e3000 	C:\Windows\SYSTEM32\ntmarta.dll
0x00007ffdc5750000 - 0x00007ffdc5865000 	C:\Windows\System32\MSCTF.dll
0x00007ffdc18f0000 - 0x00007ffdc18fd000 	C:\Windows\SYSTEM32\HID.DLL
0x00007ffdc4870000 - 0x00007ffdc4ce1000 	C:\Windows\System32\SETUPAPI.DLL
0x00007ffdc3c50000 - 0x00007ffdc3c77000 	C:\Windows\System32\bcrypt.dll
0x00007ffdc3c80000 - 0x00007ffdc3ce8000 	C:\Windows\System32\WINTRUST.dll
0x00007ffdc34b0000 - 0x00007ffdc3606000 	C:\Windows\System32\CRYPT32.dll
0x00007ffdc2fa0000 - 0x00007ffdc2fb2000 	C:\Windows\SYSTEM32\MSASN1.dll
0x00007ffd5ea50000 - 0x00007ffd5eb5b000 	C:\Users\grado\AppData\Local\Temp\lwjglgrado\3.2.3-build-13\OpenAL.dll
0x00007ffdc5400000 - 0x00007ffdc552a000 	C:\Windows\System32\ole32.dll
0x00007ffdc5350000 - 0x00007ffdc53f9000 	C:\Windows\System32\clbcatq.dll
0x00007ffdbb510000 - 0x00007ffdbb595000 	C:\Windows\System32\MMDevApi.dll
0x00007ffdbbda0000 - 0x00007ffdbbf22000 	C:\Windows\SYSTEM32\AUDIOSES.DLL
0x00007ffdc2930000 - 0x00007ffdc297b000 	C:\Windows\SYSTEM32\powrprof.dll
0x00007ffdc27f0000 - 0x00007ffdc2802000 	C:\Windows\SYSTEM32\UMPDC.dll
0x00007ffdc0a30000 - 0x00007ffdc0a44000 	C:\Windows\SYSTEM32\resourcepolicyclient.dll
0x00007ffd22910000 - 0x00007ffd22a36000 	C:\Windows\SYSTEM32\opengl32.dll
0x00007ffd228e0000 - 0x00007ffd2290c000 	C:\Windows\SYSTEM32\GLU32.dll
0x00007ffdbc2e0000 - 0x00007ffdbc3d7000 	C:\Windows\System32\AppXDeploymentClient.dll
0x00007ffda8ff0000 - 0x00007ffda901a000 	C:\Windows\System32\DriverStore\FileRepository\u0361612.inf_amd64_b679e02f70413f9f\B361368\atig6pxx.dll
0x00007ffcfa390000 - 0x00007ffcfd076000 	C:\Windows\System32\DriverStore\FileRepository\u0361612.inf_amd64_b679e02f70413f9f\B361368\atio6axx.dll
0x00007ffd86690000 - 0x00007ffd866b4000 	C:\Windows\SYSTEM32\dxva2.dll
0x00007ffda3c60000 - 0x00007ffda3c9c000 	C:\Windows\System32\DriverStore\FileRepository\u0361612.inf_amd64_b679e02f70413f9f\B361368\atig6txx.dll
0x00007ffd5de20000 - 0x00007ffd5dfd9000 	C:\Windows\SYSTEM32\atiadlxx.dll
0x00007ffdb9380000 - 0x00007ffdb93bb000 	C:\Windows\SYSTEM32\dxcore.dll
0x00007ffd63c10000 - 0x00007ffd63c69000 	C:\Users\grado\AppData\Local\Temp\lwjglgrado\3.2.3-build-13\lwjgl_opengl.dll
0x00007ffda93b0000 - 0x00007ffda94a9000 	C:\Windows\SYSTEM32\textinputframework.dll
0x00007ffdab4e0000 - 0x00007ffdab4f1000 	C:\Program Files\Eclipse Adoptium\jdk-17.0.1.12-hotspot\bin\jsound.dll
0x00007ffd63c80000 - 0x00007ffd63d1c000 	C:\Windows\SYSTEM32\DSOUND.dll
0x00007ffdb3710000 - 0x00007ffdb3736000 	C:\Windows\SYSTEM32\winmmbase.dll
0x00007ffda9b00000 - 0x00007ffda9b46000 	C:\Windows\SYSTEM32\wdmaud.drv
0x00007ffdbd880000 - 0x00007ffdbd88a000 	C:\Windows\SYSTEM32\AVRT.dll
0x00007ffdbde60000 - 0x00007ffdbde69000 	C:\Windows\SYSTEM32\ksuser.dll
0x00007ffdbc5b0000 - 0x00007ffdbc5bd000 	C:\Windows\SYSTEM32\msacm32.drv
0x00007ffdbc630000 - 0x00007ffdbc64e000 	C:\Windows\SYSTEM32\MSACM32.dll
0x00007ffdb6730000 - 0x00007ffdb673b000 	C:\Windows\SYSTEM32\midimap.dll
0x00007ffda8de0000 - 0x00007ffda8f21000 	C:\Windows\System32\Windows.UI.dll
0x00007ffdbd350000 - 0x00007ffdbd3f1000 	C:\Windows\System32\WindowManagementAPI.dll
0x00007ffdbca10000 - 0x00007ffdbcc11000 	C:\Windows\SYSTEM32\twinapi.appcore.dll

dbghelp: loaded successfully - version: 4.0.5 - missing functions: none
symbol engine: initialized successfully - sym options: 0x614 - pdb path: .;C:\Program Files\Eclipse Adoptium\jdk-17.0.1.12-hotspot\bin;C:\Windows\SYSTEM32;C:\Windows\WinSxS\amd64_microsoft.windows.common-controls_6595b64144ccf1df_6.0.19041.1110_none_60b5254171f9507e;C:\Program Files\Eclipse Adoptium\jdk-17.0.1.12-hotspot\bin\server;C:\Users\grado\AppData\Local\Temp\libgdxgrado\e1cd32f8;C:\Users\grado\AppData\Local\Temp\lwjglgrado\3.2.3-build-13;C:\Windows\System32\DriverStore\FileRepository\u0361612.inf_amd64_b679e02f70413f9f\B361368

VM Arguments:
jvm_args: -XX:+ShowCodeDetailsInExceptionMessages 
java_command: com.crazyputting3d.Main
java_class_path (initial): C:\Users\grado\Documents\Group-04\3dcrazyputting\desktop\bin\main;\CrazyPutting3D-core\bin\default;C:\Users\grado\Documents\Group-04\3dcrazyputting\core\bin\main;C:\Users\grado\.gradle\caches\modules-2\files-2.1\com.badlogicgames.gdx\gdx-backend-lwjgl3\1.10.0\600c7d5b2c977daa82c4abad147087b31e0ada87\gdx-backend-lwjgl3-1.10.0.jar;C:\Users\grado\.gradle\caches\modules-2\files-2.1\com.badlogicgames.gdx\gdx-platform\1.10.0\9a8fa793d2fd6d360afc6c9e4c1f5583da263b88\gdx-platform-1.10.0-natives-desktop.jar;C:\Users\grado\.gradle\caches\modules-2\files-2.1\com.badlogicgames.gdx\gdx-bullet-platform\1.10.0\ce92e8dfc762523d769cbc50853163c03bf98cf1\gdx-bullet-platform-1.10.0-natives-desktop.jar;C:\Users\grado\.gradle\caches\modules-2\files-2.1\com.badlogicgames.gdx\gdx-freetype-platform\1.10.0\6e5d28752759e69384f12e4569d2c884ff71352f\gdx-freetype-platform-1.10.0-natives-desktop.jar;C:\Users\grado\.gradle\caches\modules-2\files-2.1\com.badlogicgames.gdx-controllers\gdx-controllers-desktop\2.2.1\cb3430c32468a090eca54d494d16bb3764ceff9b\gdx-controllers-desktop-2.2.1.jar;C:\Users\grado\.gradle\caches\modules-2\files-2.1\org.jetbrains\annotations\20.1.0\2fcd1f3225bca0c4a7bc931142076f8c1e80993f\annotations-20.1.0.jar;C:\Users\grado\.gradle\caches\modules-2\files-2.1\com.badlogicgames.gdx\gdx-bullet\1.10.0\839b58c7278f5c3b55291c3a559d91227400ecdb\gdx-bullet-1.10.0.jar;C:\Users\grado\.gradle\caches\modules-2\files-2.1\com.badlogicgames.gdx\gdx-freetype\1.10.0\de1d0d5c1e92e8d91364256fd6b7bb279d3e9859\gdx-freetype-1.10.0.jar;C:\Users\grado\.gradle\caches\modules-2\files-2.1\com.badlogicgames.gdx\gdx-ai\1.8.2\ab75d2ce80ab1b1ce6828a15dc0f417abac4c674\gdx-ai-1.8.2.jar;C:\Users\grado\.gradle\caches\modules-2\files-2.1\com.badlogicgames.ashley\ashley\1.7.4\21a3a8932919099c4e5006a7d8378dcbe76ef8a5\ashley-1.7.4.jar;C:\Users\grado\.gradle\caches\modules-2\files-2.1\com.badlogicgames.box2dlights\box2dlights\1.5\6902dbcd250c95a27973aa24a147a95b3828d348\box2dlights-1.5.j
Launcher Type: SUN_STANDARD

[Global flags]
     intx CICompilerCount                          = 12                                        {product} {ergonomic}
     uint ConcGCThreads                            = 3                                         {product} {ergonomic}
     uint G1ConcRefinementThreads                  = 13                                        {product} {ergonomic}
   size_t G1HeapRegionSize                         = 2097152                                   {product} {ergonomic}
    uintx GCDrainStackTargetSize                   = 64                                        {product} {ergonomic}
   size_t InitialHeapSize                          = 257949696                                 {product} {ergonomic}
   size_t MarkStackSize                            = 4194304                                   {product} {ergonomic}
   size_t MaxHeapSize                              = 4127195136                                {product} {ergonomic}
   size_t MaxNewSize                               = 2474639360                                {product} {ergonomic}
   size_t MinHeapDeltaBytes                        = 2097152                                   {product} {ergonomic}
   size_t MinHeapSize                              = 8388608                                   {product} {ergonomic}
    uintx NonNMethodCodeHeapSize                   = 7602480                                {pd product} {ergonomic}
    uintx NonProfiledCodeHeapSize                  = 122027880                              {pd product} {ergonomic}
    uintx ProfiledCodeHeapSize                     = 122027880                              {pd product} {ergonomic}
    uintx ReservedCodeCacheSize                    = 251658240                              {pd product} {ergonomic}
     bool SegmentedCodeCache                       = true                                      {product} {ergonomic}
     bool ShowCodeDetailsInExceptionMessages       = true                                   {manageable} {command line}
   size_t SoftMaxHeapSize                          = 4127195136                             {manageable} {ergonomic}
     bool UseCompressedClassPointers               = true                           {product lp64_product} {ergonomic}
     bool UseCompressedOops                        = true                           {product lp64_product} {ergonomic}
     bool UseG1GC                                  = true                                      {product} {ergonomic}
     bool UseLargePagesIndividualAllocation        = false                                  {pd product} {ergonomic}

Logging:
Log output configuration:
 #0: stdout all=warning uptime,level,tags
 #1: stderr all=off uptime,level,tags

Environment Variables:
PATH=C:\Program Files\Common Files\Oracle\Java\javapath;C:\Windows\system32;C:\Windows;C:\Windows\System32\Wbem;C:\Windows\System32\WindowsPowerShell\v1.0\;C:\Windows\System32\OpenSSH\;C:\Program Files (x86)\NVIDIA Corporation\PhysX\Common;C:\Program Files\NVIDIA Corporation\NVIDIA NvDLISR;C:\Program Files\MATLAB\R2022a\bin;C:\Program Files\Gradle\gradle-7.4.2\bin;C:\Program Files\Git\cmd;C:\Users\grado\AppData\Local\Microsoft\WindowsApps;C:\Users\grado\AppData\Local\Programs\Microsoft VS Code\bin;C:\Users\grado\AppData\Local\GitHubDesktop\bin
USERNAME=grado
LANG=en_US.UTF-8
OS=Windows_NT
PROCESSOR_IDENTIFIER=AMD64 Family 23 Model 96 Stepping 1, AuthenticAMD



---------------  S Y S T E M  ---------------

OS:
 Windows 10 , 64 bit Build 19041 (10.0.19041.1706)
OS uptime: 11 days 2:55 hours

CPU: total 16 (initial active 16) (16 cores per cpu, 2 threads per core) family 23 model 96 stepping 1 microcode 0x0, cx8, cmov, fxsr, ht, mmx, 3dnowpref, sse, sse2, sse3, ssse3, sse4a, sse4.1, sse4.2, popcnt, lzcnt, tsc, tscinvbit, avx, avx2, aes, clmul, bmi1, bmi2, adx, sha, fma, vzeroupper, clflush, clflushopt

Memory: 4k page, system-wide physical 15741M (4505M free)
TotalPageFile size 22653M (AvailPageFile size 4832M)
current process WorkingSet (physical memory assigned to process): 391M, peak: 485M
current process commit charge ("private bytes"): 640M, peak: 749M

vm_info: OpenJDK 64-Bit Server VM (17.0.1+12) for windows-amd64 JRE (17.0.1+12), built on Oct 20 2021 07:42:55 by "" with MS VC++ 16.7 (VS2019)

END.
