#
# A fatal error has been detected by the Java Runtime Environment:
#
#  EXCEPTION_ACCESS_VIOLATION (0xc0000005) at pc=0x00000271b3ac0000, pid=22880, tid=16496
#
# JRE version: OpenJDK Runtime Environment Temurin-17.0.1+12 (17.0.1+12) (build 17.0.1+12)
# Java VM: OpenJDK 64-Bit Server VM Temurin-17.0.1+12 (17.0.1+12, mixed mode, sharing, tiered, compressed oops, compressed class ptrs, g1 gc, windows-amd64)
# Problematic frame:
# C  0x00000271b3ac0000
#
# No core dump will be written. Minidumps are not enabled by default on client versions of Windows
#
# If you would like to submit a bug report, please visit:
#   https://github.com/adoptium/adoptium-support/issues
# The crash happened outside the Java Virtual Machine in native code.
# See problematic frame for where to report the bug.
#

---------------  S U M M A R Y ------------

Command Line: -XX:+ShowCodeDetailsInExceptionMessages com.crazyputting3d.Main

Host: AMD Ryzen 7 4800H with Radeon Graphics         , 16 cores, 15G,  Windows 10 , 64 bit Build 19041 (10.0.19041.1706)
Time: Fri Jun 17 17:15:01 2022 Central European Daylight Time elapsed time: 9.498772 seconds (0d 0h 0m 9s)

---------------  T H R E A D  ---------------

Current thread (0x00000271b3b244b0):  JavaThread "main" [_thread_in_native, id=16496, stack(0x000000952b100000,0x000000952b200000)]

Stack: [0x000000952b100000,0x000000952b200000],  sp=0x000000952b1fefb8,  free space=1019k
Native frames: (J=compiled Java code, j=interpreted, Vv=VM code, C=native code)
C  0x00000271b3ac0000

Java frames: (J=compiled Java code, j=interpreted, Vv=VM code)
J 1199  org.lwjgl.system.JNI.invokePV(JJ)V (0 bytes) @ 0x00000271c31f32ec [0x00000271c31f32a0+0x000000000000004c]
J 2012 c1 org.lwjgl.glfw.GLFW.glfwSwapBuffers(J)V (21 bytes) @ 0x00000271bc0bd62c [0x00000271bc0bd540+0x00000000000000ec]
j  com.badlogic.gdx.backends.lwjgl3.Lwjgl3Window.update()Z+196
j  com.badlogic.gdx.backends.lwjgl3.Lwjgl3Application.loop()V+111
j  com.badlogic.gdx.backends.lwjgl3.Lwjgl3Application.<init>(Lcom/badlogic/gdx/ApplicationListener;Lcom/badlogic/gdx/backends/lwjgl3/Lwjgl3ApplicationConfiguration;)V+243
j  com.crazyputting3d.Main.main([Ljava/lang/String;)V+41
v  ~StubRoutines::call_stub

siginfo: EXCEPTION_ACCESS_VIOLATION (0xc0000005), data execution prevention violation at address 0x00000271b3ac0000


Register to memory mapping:

RIP=0x00000271b3ac0000 is an unknown value
RAX=0x00000271b3ac0000 is an unknown value
RBX=0x0000000000010001 is an unknown value
RCX=0x0000000000010001 is an unknown value
RDX=0x000000952b1feff0 is pointing into the stack for thread: 0x00000271b3b244b0
RSP=0x000000952b1fefb8 is pointing into the stack for thread: 0x00000271b3b244b0
RBP=0x000000952b1ff0c0 is pointing into the stack for thread: 0x00000271b3b244b0
RSI=0x0000000000000110 is an unknown value
RDI=0x0000000000001073 is an unknown value
R8 =0x00000271d85ba720 points into unknown readable memory: 0x00000271e75adfb0 | b0 df 5a e7 71 02 00 00
R9 =0x00007ffd853f1b50 glfw.dll
R10=0x00007ffd8a4f1b10 lwjgl.dll
R11=0x000000952b1ff428 is pointing into the stack for thread: 0x00000271b3b244b0
R12=0x0 is NULL
R13=0x000000952b1ff528 is pointing into the stack for thread: 0x00000271b3b244b0
R14=0x000000952b1ff480 is pointing into the stack for thread: 0x00000271b3b244b0
R15=0x00000271b3b244b0 is a thread


Registers:
RAX=0x00000271b3ac0000, RBX=0x0000000000010001, RCX=0x0000000000010001, RDX=0x000000952b1feff0
RSP=0x000000952b1fefb8, RBP=0x000000952b1ff0c0, RSI=0x0000000000000110, RDI=0x0000000000001073
R8 =0x00000271d85ba720, R9 =0x00007ffd853f1b50, R10=0x00007ffd8a4f1b10, R11=0x000000952b1ff428
R12=0x0000000000000000, R13=0x000000952b1ff528, R14=0x000000952b1ff480, R15=0x00000271b3b244b0
RIP=0x00000271b3ac0000, EFLAGS=0x0000000000010206

Top of Stack: (sp=0x000000952b1fefb8)
0x000000952b1fefb8:   00007ffd853f1f7c 000000070a1347f8
0x000000952b1fefc8:   00000271bbf51ffc 000000070a134908
0x000000952b1fefd8:   00007ffd800f52f6 0000000743480000
0x000000952b1fefe8:   000000070a134798 57464c4720656854
0x000000952b1feff8:   7972617262696c20 20746f6e20736920
0x000000952b1ff008:   696c616974696e69 000000000064657a
0x000000952b1ff018:   00000271e22401b0 0000000000000000
0x000000952b1ff028:   000000006e7020f4 00000271b3b24758
0x000000952b1ff038:   00007ffd800f5481 000000070a1347f8
0x000000952b1ff048:   00000271bbf299ec 0000000000000003
0x000000952b1ff058:   000000070a134818 000000070a1483d8
0x000000952b1ff068:   00000271c31ee585 000000070a134878
0x000000952b1ff078:   000000070b1f10e8 0000000000000002
0x000000952b1ff088:   00007ffd22939d0a 000000952b1ff318
0x000000952b1ff098:   00000271bbecdc6c 000000070a148bd8
0x000000952b1ff0a8:   000000070a1483d8 000000070b1f10e8 

Instructions: (pc=0x00000271b3ac0000)
0x00000271b3abff00:   ?? ?? ?? ?? ?? ?? ?? ?? ?? ?? ?? ?? ?? ?? ?? ??
0x00000271b3abff10:   ?? ?? ?? ?? ?? ?? ?? ?? ?? ?? ?? ?? ?? ?? ?? ??
0x00000271b3abff20:   ?? ?? ?? ?? ?? ?? ?? ?? ?? ?? ?? ?? ?? ?? ?? ??
0x00000271b3abff30:   ?? ?? ?? ?? ?? ?? ?? ?? ?? ?? ?? ?? ?? ?? ?? ??
0x00000271b3abff40:   ?? ?? ?? ?? ?? ?? ?? ?? ?? ?? ?? ?? ?? ?? ?? ??
0x00000271b3abff50:   ?? ?? ?? ?? ?? ?? ?? ?? ?? ?? ?? ?? ?? ?? ?? ??
0x00000271b3abff60:   ?? ?? ?? ?? ?? ?? ?? ?? ?? ?? ?? ?? ?? ?? ?? ??
0x00000271b3abff70:   ?? ?? ?? ?? ?? ?? ?? ?? ?? ?? ?? ?? ?? ?? ?? ??
0x00000271b3abff80:   ?? ?? ?? ?? ?? ?? ?? ?? ?? ?? ?? ?? ?? ?? ?? ??
0x00000271b3abff90:   ?? ?? ?? ?? ?? ?? ?? ?? ?? ?? ?? ?? ?? ?? ?? ??
0x00000271b3abffa0:   ?? ?? ?? ?? ?? ?? ?? ?? ?? ?? ?? ?? ?? ?? ?? ??
0x00000271b3abffb0:   ?? ?? ?? ?? ?? ?? ?? ?? ?? ?? ?? ?? ?? ?? ?? ??
0x00000271b3abffc0:   ?? ?? ?? ?? ?? ?? ?? ?? ?? ?? ?? ?? ?? ?? ?? ??
0x00000271b3abffd0:   ?? ?? ?? ?? ?? ?? ?? ?? ?? ?? ?? ?? ?? ?? ?? ??
0x00000271b3abffe0:   ?? ?? ?? ?? ?? ?? ?? ?? ?? ?? ?? ?? ?? ?? ?? ??
0x00000271b3abfff0:   ?? ?? ?? ?? ?? ?? ?? ?? ?? ?? ?? ?? ?? ?? ?? ??
0x00000271b3ac0000:   ?? ?? ?? ?? ?? ?? ?? ?? ?? ?? ?? ?? ?? ?? ?? ??
0x00000271b3ac0010:   ?? ?? ?? ?? ?? ?? ?? ?? ?? ?? ?? ?? ?? ?? ?? ??
0x00000271b3ac0020:   ?? ?? ?? ?? ?? ?? ?? ?? ?? ?? ?? ?? ?? ?? ?? ??
0x00000271b3ac0030:   ?? ?? ?? ?? ?? ?? ?? ?? ?? ?? ?? ?? ?? ?? ?? ??
0x00000271b3ac0040:   ?? ?? ?? ?? ?? ?? ?? ?? ?? ?? ?? ?? ?? ?? ?? ??
0x00000271b3ac0050:   ?? ?? ?? ?? ?? ?? ?? ?? ?? ?? ?? ?? ?? ?? ?? ??
0x00000271b3ac0060:   ?? ?? ?? ?? ?? ?? ?? ?? ?? ?? ?? ?? ?? ?? ?? ??
0x00000271b3ac0070:   ?? ?? ?? ?? ?? ?? ?? ?? ?? ?? ?? ?? ?? ?? ?? ??
0x00000271b3ac0080:   ?? ?? ?? ?? ?? ?? ?? ?? ?? ?? ?? ?? ?? ?? ?? ??
0x00000271b3ac0090:   ?? ?? ?? ?? ?? ?? ?? ?? ?? ?? ?? ?? ?? ?? ?? ??
0x00000271b3ac00a0:   ?? ?? ?? ?? ?? ?? ?? ?? ?? ?? ?? ?? ?? ?? ?? ??
0x00000271b3ac00b0:   ?? ?? ?? ?? ?? ?? ?? ?? ?? ?? ?? ?? ?? ?? ?? ??
0x00000271b3ac00c0:   ?? ?? ?? ?? ?? ?? ?? ?? ?? ?? ?? ?? ?? ?? ?? ??
0x00000271b3ac00d0:   ?? ?? ?? ?? ?? ?? ?? ?? ?? ?? ?? ?? ?? ?? ?? ??
0x00000271b3ac00e0:   ?? ?? ?? ?? ?? ?? ?? ?? ?? ?? ?? ?? ?? ?? ?? ??
0x00000271b3ac00f0:   ?? ?? ?? ?? ?? ?? ?? ?? ?? ?? ?? ?? ?? ?? ?? ?? 


Stack slot to memory mapping:
stack at sp + 0 slots: 0x00007ffd853f1f7c glfw.dll
stack at sp + 1 slots: 0x000000070a1347f8 is an oop: com.badlogic.gdx.graphics.Mesh 
{0x000000070a1347f8} - klass: 'com/badlogic/gdx/graphics/Mesh'
 - ---- fields (total size 4 words):
 - 'autoBind' 'Z' @12  true
 - final 'isVertexArray' 'Z' @13  true
 - 'isInstanced' 'Z' @14  false
 - final 'vertices' 'Lcom/badlogic/gdx/graphics/glutils/VertexData;' @16  a 'com/badlogic/gdx/graphics/glutils/VertexArray'{0x000000070a134818} (e1426903)
 - final 'indices' 'Lcom/badlogic/gdx/graphics/glutils/IndexData;' @20  a 'com/badlogic/gdx/graphics/glutils/IndexArray'{0x000000070a134980} (e1426930)
 - 'instances' 'Lcom/badlogic/gdx/graphics/glutils/InstanceData;' @24  NULL (0)
 - private final 'tmpV' 'Lcom/badlogic/gdx/math/Vector3;' @28  a 'com/badlogic/gdx/math/Vector3'{0x000000070a134a10} (e1426942)
stack at sp + 2 slots: 0x00000271bbf51ffc is at entry_point+2172 in (nmethod*)0x00000271bbf51410
stack at sp + 3 slots: 0x000000070a134908 is an oop: java.nio.DirectFloatBufferU 
{0x000000070a134908} - klass: 'java/nio/DirectFloatBufferU'
 - ---- fields (total size 7 words):
 - private 'mark' 'I' @12  -1 (ffffffff)
 - 'address' 'J' @16  2687964993520 (d732d7f0 271)
 - private 'position' 'I' @24  3
 - private 'limit' 'I' @28  460 (1cc)
 - private 'capacity' 'I' @32  20000 (4e20)
 - final 'segment' 'Ljdk/internal/access/foreign/MemorySegmentProxy;' @36  NULL (0)
 - final 'offset' 'I' @40  0
 - 'isReadOnly' 'Z' @44  false
 - final 'hb' '[F' @48  NULL (0)
 - private final 'att' 'Ljava/lang/Object;' @52  a 'java/nio/DirectByteBuffer'{0x000000070a134940} (e1426928)
stack at sp + 4 slots: 0x00007ffd800f52f6 jvm.dll
stack at sp + 5 slots: 0x0000000743480000 is an unallocated location in the heap
stack at sp + 6 slots: 0x000000070a134798 is an oop: com.badlogic.gdx.graphics.g2d.SpriteBatch 
{0x000000070a134798} - klass: 'com/badlogic/gdx/graphics/g2d/SpriteBatch'
 - ---- fields (total size 12 words):
 - 'idx' 'I' @12  0
 - 'invTexWidth' 'F' @16  0.000977 (3a800000)
 - 'invTexHeight' 'F' @20  0.000977 (3a800000)
 - private 'blendSrcFunc' 'I' @24  770 (302)
 - private 'blendDstFunc' 'I' @28  771 (303)
 - private 'blendSrcFuncAlpha' 'I' @32  770 (302)
 - private 'blendDstFuncAlpha' 'I' @36  771 (303)
 - 'colorPacked' 'F' @40  -170141173319264429905852091742258462720.000000 (feffffff)
 - public 'renderCalls' 'I' @44  3
 - public 'totalRenderCalls' 'I' @48  99 (63)
 - public 'maxSpritesInBatch' 'I' @52  23 (17)
 - 'drawing' 'Z' @56  false
 - private 'blendingDisabled' 'Z' @57  false
 - private 'ownsShader' 'Z' @58  true
 - private 'mesh' 'Lcom/badlogic/gdx/graphics/Mesh;' @60  a 'com/badlogic/gdx/graphics/Mesh'{0x000000070a1347f8} (e14268ff)
 - final 'vertices' '[F' @64  [F{0x000000070a134a28} (e1426945)
 - 'lastTexture' 'Lcom/badlogic/gdx/graphics/Texture;' @68  NULL (0)
 - private final 'transformMatrix' 'Lcom/badlogic/gdx/math/Matrix4;' @72  a 'com/badlogic/gdx/math/Matrix4'{0x000000070a1482b8} (e1429057)
 - private final 'projectionMatrix' 'Lcom/badlogic/gdx/math/Matrix4;' @76  a 'com/badlogic/gdx/math/Matrix4'{0x000000070a148318} (e1429063)
 - private final 'combinedMatrix' 'Lcom/badlogic/gdx/math/Matrix4;' @80  a 'com/badlogic/gdx/math/Matrix4'{0x000000070a148378} (e142906f)
 - private final 'shader' 'Lcom/badlogic/gdx/graphics/glutils/ShaderProgram;' @84  a 'com/badlogic/gdx/graphics/glutils/ShaderProgram'{0x000000070a1483d8} (e142907b)
 - private 'customShader' 'Lcom/badlogic/gdx/graphics/glutils/ShaderProgram;' @88  NULL (0)
 - private final 'color' 'Lcom/badlogic/gdx/graphics/Color;' @92  a 'com/badlogic/gdx/graphics/Color'{0x000000070a1496e0} (e14292dc)
stack at sp + 7 slots: 0x57464c4720656854 is an unknown value


---------------  P R O C E S S  ---------------

Threads class SMR info:
_java_thread_list=0x00000271db152570, length=24, elements={
0x00000271b3b244b0, 0x00000271d70e84e0, 0x00000271d70ea160, 0x00000271d7103f70,
0x00000271d7104d30, 0x00000271d7105af0, 0x00000271d71064a0, 0x00000271d7107180,
0x00000271d710e190, 0x00000271d710e790, 0x00000271d7d0ed60, 0x00000271d7d26820,
0x00000271d7d37ee0, 0x00000271db075c00, 0x00000271db076a70, 0x00000271db0765a0,
0x00000271db073580, 0x00000271db0730b0, 0x00000271db075730, 0x00000271db0748c0,
0x00000271db0743f0, 0x00000271db075260, 0x00000271e8a926a0, 0x00000271e8a956c0
}

Java Threads: ( => current thread )
=>0x00000271b3b244b0 JavaThread "main" [_thread_in_native, id=16496, stack(0x000000952b100000,0x000000952b200000)]
  0x00000271d70e84e0 JavaThread "Reference Handler" daemon [_thread_blocked, id=2248, stack(0x000000952b800000,0x000000952b900000)]
  0x00000271d70ea160 JavaThread "Finalizer" daemon [_thread_blocked, id=6724, stack(0x000000952b900000,0x000000952ba00000)]
  0x00000271d7103f70 JavaThread "Signal Dispatcher" daemon [_thread_blocked, id=25756, stack(0x000000952ba00000,0x000000952bb00000)]
  0x00000271d7104d30 JavaThread "Attach Listener" daemon [_thread_blocked, id=10000, stack(0x000000952bb00000,0x000000952bc00000)]
  0x00000271d7105af0 JavaThread "Service Thread" daemon [_thread_blocked, id=22536, stack(0x000000952bc00000,0x000000952bd00000)]
  0x00000271d71064a0 JavaThread "Monitor Deflation Thread" daemon [_thread_blocked, id=26628, stack(0x000000952bd00000,0x000000952be00000)]
  0x00000271d7107180 JavaThread "C2 CompilerThread0" daemon [_thread_blocked, id=17232, stack(0x000000952be00000,0x000000952bf00000)]
  0x00000271d710e190 JavaThread "C1 CompilerThread0" daemon [_thread_blocked, id=14240, stack(0x000000952bf00000,0x000000952c000000)]
  0x00000271d710e790 JavaThread "Sweeper thread" daemon [_thread_blocked, id=7496, stack(0x000000952c000000,0x000000952c100000)]
  0x00000271d7d0ed60 JavaThread "C1 CompilerThread1" daemon [_thread_blocked, id=27312, stack(0x000000952c100000,0x000000952c200000)]
  0x00000271d7d26820 JavaThread "Notification Thread" daemon [_thread_blocked, id=21396, stack(0x000000952c200000,0x000000952c300000)]
  0x00000271d7d37ee0 JavaThread "Common-Cleaner" daemon [_thread_blocked, id=26712, stack(0x000000952c400000,0x000000952c500000)]
  0x00000271db075c00 JavaThread "LWJGL3 Timer" daemon [_thread_blocked, id=20852, stack(0x000000952ce00000,0x000000952cf00000)]
  0x00000271db076a70 JavaThread "LWJGL3 Timer" daemon [_thread_blocked, id=10332, stack(0x000000952e400000,0x000000952e500000)]
  0x00000271db0765a0 JavaThread "Java Sound Event Dispatcher" daemon [_thread_blocked, id=8820, stack(0x000000952e600000,0x000000952e700000)]
  0x00000271db073580 JavaThread "Direct Clip" daemon [_thread_blocked, id=7144, stack(0x000000952e900000,0x000000952ea00000)]
  0x00000271db0730b0 JavaThread "Direct Clip" daemon [_thread_blocked, id=27488, stack(0x000000952ea00000,0x000000952eb00000)]
  0x00000271db075730 JavaThread "Direct Clip" daemon [_thread_blocked, id=25904, stack(0x000000952d400000,0x000000952d500000)]
  0x00000271db0748c0 JavaThread "Direct Clip" daemon [_thread_blocked, id=10832, stack(0x000000952ec00000,0x000000952ed00000)]
  0x00000271db0743f0 JavaThread "Direct Clip" daemon [_thread_blocked, id=9540, stack(0x000000952e500000,0x000000952e600000)]
  0x00000271db075260 JavaThread "Direct Clip" daemon [_thread_blocked, id=15044, stack(0x000000952ef00000,0x000000952f000000)]
  0x00000271e8a926a0 JavaThread "Direct Clip" daemon [_thread_blocked, id=14472, stack(0x000000952f100000,0x000000952f200000)]
  0x00000271e8a956c0 JavaThread "Direct Clip" daemon [_thread_blocked, id=25184, stack(0x000000952f300000,0x000000952f400000)]

Other Threads:
  0x00000271d70e0970 VMThread "VM Thread" [stack: 0x000000952b700000,0x000000952b800000] [id=12188]
  0x00000271d7d29e60 WatcherThread [stack: 0x000000952c300000,0x000000952c400000] [id=23348]
  0x00000271b3b7cff0 GCTaskThread "GC Thread#0" [stack: 0x000000952b200000,0x000000952b300000] [id=24168]
  0x00000271dad4a9d0 GCTaskThread "GC Thread#1" [stack: 0x000000952cd00000,0x000000952ce00000] [id=10348]
  0x00000271dad4b740 GCTaskThread "GC Thread#2" [stack: 0x000000952cf00000,0x000000952d000000] [id=22148]
  0x00000271dad4b9f0 GCTaskThread "GC Thread#3" [stack: 0x000000952d000000,0x000000952d100000] [id=22896]
  0x00000271dad48c40 GCTaskThread "GC Thread#4" [stack: 0x000000952d100000,0x000000952d200000] [id=21252]
  0x00000271dad4b1e0 GCTaskThread "GC Thread#5" [stack: 0x000000952d200000,0x000000952d300000] [id=17984]
  0x00000271dad4b490 GCTaskThread "GC Thread#6" [stack: 0x000000952d300000,0x000000952d400000] [id=24024]
  0x00000271db2cea30 GCTaskThread "GC Thread#7" [stack: 0x000000952dd00000,0x000000952de00000] [id=20372]
  0x00000271b3b8e540 ConcurrentGCThread "G1 Main Marker" [stack: 0x000000952b300000,0x000000952b400000] [id=26884]
  0x00000271b3b8f6f0 ConcurrentGCThread "G1 Conc#0" [stack: 0x000000952b400000,0x000000952b500000] [id=7620]
  0x00000271b3bfdde0 ConcurrentGCThread "G1 Refine#0" [stack: 0x000000952b500000,0x000000952b600000] [id=18688]
  0x00000271e30c59a0 ConcurrentGCThread "G1 Refine#1" [stack: 0x000000952de00000,0x000000952df00000] [id=26008]
  0x00000271e30c5c80 ConcurrentGCThread "G1 Refine#2" [stack: 0x000000952df00000,0x000000952e000000] [id=8620]
  0x00000271e33c77b0 ConcurrentGCThread "G1 Refine#3" [stack: 0x000000952e000000,0x000000952e100000] [id=26164]
  0x00000271e33c7a90 ConcurrentGCThread "G1 Refine#4" [stack: 0x000000952e100000,0x000000952e200000] [id=10632]
  0x00000271e3326220 ConcurrentGCThread "G1 Refine#5" [stack: 0x000000952e200000,0x000000952e300000] [id=20012]
  0x00000271e3326d10 ConcurrentGCThread "G1 Refine#6" [stack: 0x000000952e300000,0x000000952e400000] [id=23060]
  0x00000271b3bfe700 ConcurrentGCThread "G1 Service" [stack: 0x000000952b600000,0x000000952b700000] [id=9512]

Threads with active compile tasks:

VM state: not at safepoint (normal execution)

VM Mutex/Monitor currently owned by a thread: None

Heap address: 0x000000070a000000, size: 3936 MB, Compressed Oops mode: Zero based, Oop shift amount: 3

CDS archive(s) mapped at: [0x0000000800000000-0x0000000800bc0000-0x0000000800bc0000), size 12320768, SharedBaseAddress: 0x0000000800000000, ArchiveRelocationMode: 0.
Compressed class space mapped at: 0x0000000800c00000-0x0000000840c00000, reserved size: 1073741824
Narrow klass base: 0x0000000800000000, Narrow klass shift: 0, Narrow klass range: 0x100000000

GC Precious Log:
 CPUs: 16 total, 16 available
 Memory: 15741M
 Large Page Support: Disabled
 NUMA Support: Disabled
 Compressed Oops: Enabled (Zero based)
 Heap Region Size: 2M
 Heap Min Capacity: 8M
 Heap Initial Capacity: 246M
 Heap Max Capacity: 3936M
 Pre-touch: Disabled
 Parallel Workers: 13
 Concurrent Workers: 3
 Concurrent Refinement Workers: 13
 Periodic GC: Disabled

Heap:
 garbage-first heap   total 251904K, used 112108K [0x000000070a000000, 0x0000000800000000)
  region size 2048K, 34 young (69632K), 1 survivors (2048K)
 Metaspace       used 10313K, committed 10496K, reserved 1064960K
  class space    used 729K, committed 832K, reserved 1048576K

Heap Regions: E=young(eden), S=young(survivor), O=old, HS=humongous(starts), HC=humongous(continues), CS=collection set, F=free, OA=open archive, CA=closed archive, TAMS=top-at-mark-start (previous, next)
|   0|0x000000070a000000, 0x000000070a200000, 0x000000070a200000|100%| O|  |TAMS 0x000000070a000000, 0x000000070a000000| Untracked 
|   1|0x000000070a200000, 0x000000070a400000, 0x000000070a400000|100%|HS|  |TAMS 0x000000070a200000, 0x000000070a200000| Complete 
|   2|0x000000070a400000, 0x000000070a600000, 0x000000070a600000|100%|HS|  |TAMS 0x000000070a400000, 0x000000070a400000| Complete 
|   3|0x000000070a600000, 0x000000070a800000, 0x000000070a800000|100%|HS|  |TAMS 0x000000070a600000, 0x000000070a600000| Complete 
|   4|0x000000070a800000, 0x000000070aa00000, 0x000000070aa00000|100%| O|  |TAMS 0x000000070a800000, 0x000000070a800000| Untracked 
|   5|0x000000070aa00000, 0x000000070ac00000, 0x000000070ac00000|100%| O|  |TAMS 0x000000070aa00000, 0x000000070aa00000| Untracked 
|   6|0x000000070ac00000, 0x000000070ae00000, 0x000000070ae00000|100%| O|  |TAMS 0x000000070ac00000, 0x000000070ac00000| Untracked 
|   7|0x000000070ae00000, 0x000000070b000000, 0x000000070b000000|100%| O|  |TAMS 0x000000070ae00000, 0x000000070ae00000| Untracked 
|   8|0x000000070b000000, 0x000000070b200000, 0x000000070b200000|100%| O|  |TAMS 0x000000070b000000, 0x000000070b000000| Untracked 
|   9|0x000000070b200000, 0x000000070b400000, 0x000000070b400000|100%| O|  |TAMS 0x000000070b200000, 0x000000070b200000| Untracked 
|  10|0x000000070b400000, 0x000000070b600000, 0x000000070b600000|100%| O|  |TAMS 0x000000070b400000, 0x000000070b400000| Untracked 
|  11|0x000000070b600000, 0x000000070b68f000, 0x000000070b800000| 27%| O|  |TAMS 0x000000070b600000, 0x000000070b600000| Untracked 
|  12|0x000000070b800000, 0x000000070ba00000, 0x000000070ba00000|100%|HS|  |TAMS 0x000000070b800000, 0x000000070b800000| Complete 
|  13|0x000000070ba00000, 0x000000070bc00000, 0x000000070bc00000|100%|HS|  |TAMS 0x000000070ba00000, 0x000000070ba00000| Complete 
|  14|0x000000070bc00000, 0x000000070be00000, 0x000000070be00000|100%|HS|  |TAMS 0x000000070bc00000, 0x000000070bc00000| Complete 
|  15|0x000000070be00000, 0x000000070c000000, 0x000000070c000000|100%|HS|  |TAMS 0x000000070be00000, 0x000000070be00000| Complete 
|  16|0x000000070c000000, 0x000000070c200000, 0x000000070c200000|100%|HS|  |TAMS 0x000000070c000000, 0x000000070c000000| Complete 
|  17|0x000000070c200000, 0x000000070c400000, 0x000000070c400000|100%|HS|  |TAMS 0x000000070c200000, 0x000000070c200000| Complete 
|  18|0x000000070c400000, 0x000000070c600000, 0x000000070c600000|100%|HS|  |TAMS 0x000000070c400000, 0x000000070c400000| Complete 
|  19|0x000000070c600000, 0x000000070c800000, 0x000000070c800000|100%|HS|  |TAMS 0x000000070c600000, 0x000000070c600000| Complete 
|  20|0x000000070c800000, 0x000000070ca00000, 0x000000070ca00000|100%|HS|  |TAMS 0x000000070c800000, 0x000000070c800000| Complete 
|  21|0x000000070ca00000, 0x000000070cc00000, 0x000000070cc00000|100%|HS|  |TAMS 0x000000070ca00000, 0x000000070ca00000| Complete 
|  22|0x000000070cc00000, 0x000000070ce00000, 0x000000070ce00000|100%|HS|  |TAMS 0x000000070cc00000, 0x000000070cc00000| Complete 
|  23|0x000000070ce00000, 0x000000070d000000, 0x000000070d000000|100%|HS|  |TAMS 0x000000070ce00000, 0x000000070ce00000| Complete 
|  24|0x000000070d000000, 0x000000070d000000, 0x000000070d200000|  0%| F|  |TAMS 0x000000070d000000, 0x000000070d000000| Untracked 
|  25|0x000000070d200000, 0x000000070d200000, 0x000000070d400000|  0%| F|  |TAMS 0x000000070d200000, 0x000000070d200000| Untracked 
|  26|0x000000070d400000, 0x000000070d400000, 0x000000070d600000|  0%| F|  |TAMS 0x000000070d400000, 0x000000070d400000| Untracked 
|  27|0x000000070d600000, 0x000000070d600000, 0x000000070d800000|  0%| F|  |TAMS 0x000000070d600000, 0x000000070d600000| Untracked 
|  28|0x000000070d800000, 0x000000070d800000, 0x000000070da00000|  0%| F|  |TAMS 0x000000070d800000, 0x000000070d800000| Untracked 
|  29|0x000000070da00000, 0x000000070da00000, 0x000000070dc00000|  0%| F|  |TAMS 0x000000070da00000, 0x000000070da00000| Untracked 
|  30|0x000000070dc00000, 0x000000070dc00000, 0x000000070de00000|  0%| F|  |TAMS 0x000000070dc00000, 0x000000070dc00000| Untracked 
|  31|0x000000070de00000, 0x000000070de00000, 0x000000070e000000|  0%| F|  |TAMS 0x000000070de00000, 0x000000070de00000| Untracked 
|  32|0x000000070e000000, 0x000000070e000000, 0x000000070e200000|  0%| F|  |TAMS 0x000000070e000000, 0x000000070e000000| Untracked 
|  33|0x000000070e200000, 0x000000070e200000, 0x000000070e400000|  0%| F|  |TAMS 0x000000070e200000, 0x000000070e200000| Untracked 
|  34|0x000000070e400000, 0x000000070e400000, 0x000000070e600000|  0%| F|  |TAMS 0x000000070e400000, 0x000000070e400000| Untracked 
|  35|0x000000070e600000, 0x000000070e600000, 0x000000070e800000|  0%| F|  |TAMS 0x000000070e600000, 0x000000070e600000| Untracked 
|  36|0x000000070e800000, 0x000000070e800000, 0x000000070ea00000|  0%| F|  |TAMS 0x000000070e800000, 0x000000070e800000| Untracked 
|  37|0x000000070ea00000, 0x000000070ea00000, 0x000000070ec00000|  0%| F|  |TAMS 0x000000070ea00000, 0x000000070ea00000| Untracked 
|  38|0x000000070ec00000, 0x000000070ec00000, 0x000000070ee00000|  0%| F|  |TAMS 0x000000070ec00000, 0x000000070ec00000| Untracked 
|  39|0x000000070ee00000, 0x000000070ee00000, 0x000000070f000000|  0%| F|  |TAMS 0x000000070ee00000, 0x000000070ee00000| Untracked 
|  40|0x000000070f000000, 0x000000070f000000, 0x000000070f200000|  0%| F|  |TAMS 0x000000070f000000, 0x000000070f000000| Untracked 
|  41|0x000000070f200000, 0x000000070f200000, 0x000000070f400000|  0%| F|  |TAMS 0x000000070f200000, 0x000000070f200000| Untracked 
|  42|0x000000070f400000, 0x000000070f400000, 0x000000070f600000|  0%| F|  |TAMS 0x000000070f400000, 0x000000070f400000| Untracked 
|  43|0x000000070f600000, 0x000000070f600000, 0x000000070f800000|  0%| F|  |TAMS 0x000000070f600000, 0x000000070f600000| Untracked 
|  44|0x000000070f800000, 0x000000070f800000, 0x000000070fa00000|  0%| F|  |TAMS 0x000000070f800000, 0x000000070f800000| Untracked 
|  45|0x000000070fa00000, 0x000000070fa00000, 0x000000070fc00000|  0%| F|  |TAMS 0x000000070fa00000, 0x000000070fa00000| Untracked 
|  46|0x000000070fc00000, 0x000000070fc00000, 0x000000070fe00000|  0%| F|  |TAMS 0x000000070fc00000, 0x000000070fc00000| Untracked 
|  47|0x000000070fe00000, 0x000000070fe00000, 0x0000000710000000|  0%| F|  |TAMS 0x000000070fe00000, 0x000000070fe00000| Untracked 
|  48|0x0000000710000000, 0x0000000710000000, 0x0000000710200000|  0%| F|  |TAMS 0x0000000710000000, 0x0000000710000000| Untracked 
|  49|0x0000000710200000, 0x0000000710200000, 0x0000000710400000|  0%| F|  |TAMS 0x0000000710200000, 0x0000000710200000| Untracked 
|  50|0x0000000710400000, 0x0000000710400000, 0x0000000710600000|  0%| F|  |TAMS 0x0000000710400000, 0x0000000710400000| Untracked 
|  51|0x0000000710600000, 0x0000000710600000, 0x0000000710800000|  0%| F|  |TAMS 0x0000000710600000, 0x0000000710600000| Untracked 
|  52|0x0000000710800000, 0x0000000710800000, 0x0000000710a00000|  0%| F|  |TAMS 0x0000000710800000, 0x0000000710800000| Untracked 
|  53|0x0000000710a00000, 0x0000000710a00000, 0x0000000710c00000|  0%| F|  |TAMS 0x0000000710a00000, 0x0000000710a00000| Untracked 
|  54|0x0000000710c00000, 0x0000000710c00000, 0x0000000710e00000|  0%| F|  |TAMS 0x0000000710c00000, 0x0000000710c00000| Untracked 
|  55|0x0000000710e00000, 0x0000000710e00000, 0x0000000711000000|  0%| F|  |TAMS 0x0000000710e00000, 0x0000000710e00000| Untracked 
|  56|0x0000000711000000, 0x0000000711000000, 0x0000000711200000|  0%| F|  |TAMS 0x0000000711000000, 0x0000000711000000| Untracked 
|  57|0x0000000711200000, 0x0000000711200000, 0x0000000711400000|  0%| F|  |TAMS 0x0000000711200000, 0x0000000711200000| Untracked 
|  58|0x0000000711400000, 0x0000000711400000, 0x0000000711600000|  0%| F|  |TAMS 0x0000000711400000, 0x0000000711400000| Untracked 
|  59|0x0000000711600000, 0x0000000711600000, 0x0000000711800000|  0%| F|  |TAMS 0x0000000711600000, 0x0000000711600000| Untracked 
|  60|0x0000000711800000, 0x0000000711800000, 0x0000000711a00000|  0%| F|  |TAMS 0x0000000711800000, 0x0000000711800000| Untracked 
|  61|0x0000000711a00000, 0x0000000711a00000, 0x0000000711c00000|  0%| F|  |TAMS 0x0000000711a00000, 0x0000000711a00000| Untracked 
|  62|0x0000000711c00000, 0x0000000711c00000, 0x0000000711e00000|  0%| F|  |TAMS 0x0000000711c00000, 0x0000000711c00000| Untracked 
|  63|0x0000000711e00000, 0x0000000711e00000, 0x0000000712000000|  0%| F|  |TAMS 0x0000000711e00000, 0x0000000711e00000| Untracked 
|  64|0x0000000712000000, 0x0000000712000000, 0x0000000712200000|  0%| F|  |TAMS 0x0000000712000000, 0x0000000712000000| Untracked 
|  65|0x0000000712200000, 0x0000000712200000, 0x0000000712400000|  0%| F|  |TAMS 0x0000000712200000, 0x0000000712200000| Untracked 
|  66|0x0000000712400000, 0x0000000712400000, 0x0000000712600000|  0%| F|  |TAMS 0x0000000712400000, 0x0000000712400000| Untracked 
|  67|0x0000000712600000, 0x0000000712600000, 0x0000000712800000|  0%| F|  |TAMS 0x0000000712600000, 0x0000000712600000| Untracked 
|  68|0x0000000712800000, 0x0000000712800000, 0x0000000712a00000|  0%| F|  |TAMS 0x0000000712800000, 0x0000000712800000| Untracked 
|  69|0x0000000712a00000, 0x0000000712a00000, 0x0000000712c00000|  0%| F|  |TAMS 0x0000000712a00000, 0x0000000712a00000| Untracked 
|  70|0x0000000712c00000, 0x0000000712c00000, 0x0000000712e00000|  0%| F|  |TAMS 0x0000000712c00000, 0x0000000712c00000| Untracked 
|  71|0x0000000712e00000, 0x0000000712e00000, 0x0000000713000000|  0%| F|  |TAMS 0x0000000712e00000, 0x0000000712e00000| Untracked 
|  72|0x0000000713000000, 0x0000000713000000, 0x0000000713200000|  0%| F|  |TAMS 0x0000000713000000, 0x0000000713000000| Untracked 
|  73|0x0000000713200000, 0x0000000713200000, 0x0000000713400000|  0%| F|  |TAMS 0x0000000713200000, 0x0000000713200000| Untracked 
|  74|0x0000000713400000, 0x0000000713400000, 0x0000000713600000|  0%| F|  |TAMS 0x0000000713400000, 0x0000000713400000| Untracked 
|  75|0x0000000713600000, 0x0000000713600000, 0x0000000713800000|  0%| F|  |TAMS 0x0000000713600000, 0x0000000713600000| Untracked 
|  76|0x0000000713800000, 0x0000000713800000, 0x0000000713a00000|  0%| F|  |TAMS 0x0000000713800000, 0x0000000713800000| Untracked 
|  77|0x0000000713a00000, 0x0000000713a00000, 0x0000000713c00000|  0%| F|  |TAMS 0x0000000713a00000, 0x0000000713a00000| Untracked 
|  78|0x0000000713c00000, 0x0000000713c00000, 0x0000000713e00000|  0%| F|  |TAMS 0x0000000713c00000, 0x0000000713c00000| Untracked 
|  79|0x0000000713e00000, 0x0000000713e00000, 0x0000000714000000|  0%| F|  |TAMS 0x0000000713e00000, 0x0000000713e00000| Untracked 
|  80|0x0000000714000000, 0x0000000714000000, 0x0000000714200000|  0%| F|  |TAMS 0x0000000714000000, 0x0000000714000000| Untracked 
|  81|0x0000000714200000, 0x0000000714200000, 0x0000000714400000|  0%| F|  |TAMS 0x0000000714200000, 0x0000000714200000| Untracked 
|  82|0x0000000714400000, 0x0000000714400000, 0x0000000714600000|  0%| F|  |TAMS 0x0000000714400000, 0x0000000714400000| Untracked 
|  83|0x0000000714600000, 0x0000000714600000, 0x0000000714800000|  0%| F|  |TAMS 0x0000000714600000, 0x0000000714600000| Untracked 
|  84|0x0000000714800000, 0x0000000714800000, 0x0000000714a00000|  0%| F|  |TAMS 0x0000000714800000, 0x0000000714800000| Untracked 
|  85|0x0000000714a00000, 0x0000000714a00000, 0x0000000714c00000|  0%| F|  |TAMS 0x0000000714a00000, 0x0000000714a00000| Untracked 
|  86|0x0000000714c00000, 0x0000000714c00000, 0x0000000714e00000|  0%| F|  |TAMS 0x0000000714c00000, 0x0000000714c00000| Untracked 
|  87|0x0000000714e00000, 0x0000000714e00000, 0x0000000715000000|  0%| F|  |TAMS 0x0000000714e00000, 0x0000000714e00000| Untracked 
|  88|0x0000000715000000, 0x0000000715000000, 0x0000000715200000|  0%| F|  |TAMS 0x0000000715000000, 0x0000000715000000| Untracked 
|  89|0x0000000715200000, 0x0000000715305a28, 0x0000000715400000| 51%| E|  |TAMS 0x0000000715200000, 0x0000000715200000| Complete 
|  90|0x0000000715400000, 0x0000000715600000, 0x0000000715600000|100%| E|CS|TAMS 0x0000000715400000, 0x0000000715400000| Complete 
|  91|0x0000000715600000, 0x0000000715800000, 0x0000000715800000|100%| E|CS|TAMS 0x0000000715600000, 0x0000000715600000| Complete 
|  92|0x0000000715800000, 0x0000000715a00000, 0x0000000715a00000|100%| E|CS|TAMS 0x0000000715800000, 0x0000000715800000| Complete 
|  93|0x0000000715a00000, 0x0000000715c00000, 0x0000000715c00000|100%| E|CS|TAMS 0x0000000715a00000, 0x0000000715a00000| Complete 
|  94|0x0000000715c00000, 0x0000000715e00000, 0x0000000715e00000|100%| E|CS|TAMS 0x0000000715c00000, 0x0000000715c00000| Complete 
|  95|0x0000000715e00000, 0x0000000716000000, 0x0000000716000000|100%| E|CS|TAMS 0x0000000715e00000, 0x0000000715e00000| Complete 
|  96|0x0000000716000000, 0x0000000716200000, 0x0000000716200000|100%| E|CS|TAMS 0x0000000716000000, 0x0000000716000000| Complete 
|  97|0x0000000716200000, 0x0000000716400000, 0x0000000716400000|100%| E|CS|TAMS 0x0000000716200000, 0x0000000716200000| Complete 
|  98|0x0000000716400000, 0x0000000716600000, 0x0000000716600000|100%| E|CS|TAMS 0x0000000716400000, 0x0000000716400000| Complete 
|  99|0x0000000716600000, 0x0000000716800000, 0x0000000716800000|100%| E|CS|TAMS 0x0000000716600000, 0x0000000716600000| Complete 
| 100|0x0000000716800000, 0x0000000716a00000, 0x0000000716a00000|100%| E|  |TAMS 0x0000000716800000, 0x0000000716800000| Complete 
| 101|0x0000000716a00000, 0x0000000716c00000, 0x0000000716c00000|100%| E|CS|TAMS 0x0000000716a00000, 0x0000000716a00000| Complete 
| 102|0x0000000716c00000, 0x0000000716e00000, 0x0000000716e00000|100%| E|CS|TAMS 0x0000000716c00000, 0x0000000716c00000| Complete 
| 103|0x0000000716e00000, 0x0000000717000000, 0x0000000717000000|100%| E|CS|TAMS 0x0000000716e00000, 0x0000000716e00000| Complete 
| 104|0x0000000717000000, 0x0000000717200000, 0x0000000717200000|100%| E|CS|TAMS 0x0000000717000000, 0x0000000717000000| Complete 
| 105|0x0000000717200000, 0x0000000717400000, 0x0000000717400000|100%| E|CS|TAMS 0x0000000717200000, 0x0000000717200000| Complete 
| 106|0x0000000717400000, 0x0000000717600000, 0x0000000717600000|100%| E|CS|TAMS 0x0000000717400000, 0x0000000717400000| Complete 
| 107|0x0000000717600000, 0x0000000717800000, 0x0000000717800000|100%| E|CS|TAMS 0x0000000717600000, 0x0000000717600000| Complete 
| 108|0x0000000717800000, 0x0000000717a00000, 0x0000000717a00000|100%| E|CS|TAMS 0x0000000717800000, 0x0000000717800000| Complete 
| 109|0x0000000717a00000, 0x0000000717c00000, 0x0000000717c00000|100%| E|CS|TAMS 0x0000000717a00000, 0x0000000717a00000| Complete 
| 110|0x0000000717c00000, 0x0000000717e00000, 0x0000000717e00000|100%| E|CS|TAMS 0x0000000717c00000, 0x0000000717c00000| Complete 
| 111|0x0000000717e00000, 0x0000000718000000, 0x0000000718000000|100%| E|CS|TAMS 0x0000000717e00000, 0x0000000717e00000| Complete 
| 112|0x0000000718000000, 0x0000000718200000, 0x0000000718200000|100%| E|CS|TAMS 0x0000000718000000, 0x0000000718000000| Complete 
| 113|0x0000000718200000, 0x0000000718400000, 0x0000000718400000|100%| E|CS|TAMS 0x0000000718200000, 0x0000000718200000| Complete 
| 114|0x0000000718400000, 0x0000000718600000, 0x0000000718600000|100%| E|CS|TAMS 0x0000000718400000, 0x0000000718400000| Complete 
| 115|0x0000000718600000, 0x0000000718800000, 0x0000000718800000|100%| E|CS|TAMS 0x0000000718600000, 0x0000000718600000| Complete 
| 116|0x0000000718800000, 0x0000000718a00000, 0x0000000718a00000|100%| E|CS|TAMS 0x0000000718800000, 0x0000000718800000| Complete 
| 117|0x0000000718a00000, 0x0000000718c00000, 0x0000000718c00000|100%| E|CS|TAMS 0x0000000718a00000, 0x0000000718a00000| Complete 
| 118|0x0000000718c00000, 0x0000000718e00000, 0x0000000718e00000|100%| E|CS|TAMS 0x0000000718c00000, 0x0000000718c00000| Complete 
| 119|0x0000000718e00000, 0x0000000718eec248, 0x0000000719000000| 46%| S|CS|TAMS 0x0000000718e00000, 0x0000000718e00000| Complete 
| 120|0x0000000719000000, 0x0000000719200000, 0x0000000719200000|100%| E|CS|TAMS 0x0000000719000000, 0x0000000719000000| Complete 
| 121|0x0000000719200000, 0x0000000719400000, 0x0000000719400000|100%| E|CS|TAMS 0x0000000719200000, 0x0000000719200000| Complete 
| 122|0x0000000719400000, 0x0000000719600000, 0x0000000719600000|100%| E|CS|TAMS 0x0000000719400000, 0x0000000719400000| Complete 

Card table byte_map: [0x00000271cb630000,0x00000271cbde0000] _byte_map_base: 0x00000271c7de0000

Marking Bits (Prev, Next): (CMBitMap*) 0x00000271b3b7e610, (CMBitMap*) 0x00000271b3b7e650
 Prev Bits: [0x00000271cc590000, 0x00000271d0310000)
 Next Bits: [0x00000271d0310000, 0x00000271d4090000)

Polling page: 0x00000271b3300000

Metaspace:

Usage:
  Non-class:      9.36 MB used.
      Class:    729.76 KB used.
       Both:     10.07 MB used.

Virtual space:
  Non-class space:       16.00 MB reserved,       9.44 MB ( 59%) committed,  2 nodes.
      Class space:        1.00 GB reserved,     832.00 KB ( <1%) committed,  1 nodes.
             Both:        1.02 GB reserved,      10.25 MB ( <1%) committed. 

Chunk freelists:
   Non-Class:  656.00 KB
       Class:  3.17 MB
        Both:  3.81 MB

MaxMetaspaceSize: unlimited
CompressedClassSpaceSize: 1.00 GB
Initial GC threshold: 21.00 MB
Current GC threshold: 21.00 MB
CDS: on
MetaspaceReclaimPolicy: balanced
 - commit_granule_bytes: 65536.
 - commit_granule_words: 8192.
 - virtual_space_node_default_size: 1048576.
 - enlarge_chunks_in_place: 1.
 - new_chunks_are_fully_committed: 0.
 - uncommit_free_chunks: 1.
 - use_allocation_guard: 0.
 - handle_deallocations: 1.


Internal statistics:

num_allocs_failed_limit: 0.
num_arena_births: 44.
num_arena_deaths: 0.
num_vsnodes_births: 3.
num_vsnodes_deaths: 0.
num_space_committed: 162.
num_space_uncommitted: 0.
num_chunks_returned_to_freelist: 0.
num_chunks_taken_from_freelist: 323.
num_chunk_merges: 0.
num_chunk_splits: 275.
num_chunks_enlarged: 249.
num_purges: 0.
num_inconsistent_stats: 0.

CodeHeap 'non-profiled nmethods': size=119168Kb used=1472Kb max_used=1472Kb free=117695Kb
 bounds [0x00000271c3190000, 0x00000271c3400000, 0x00000271ca5f0000]
CodeHeap 'profiled nmethods': size=119104Kb used=4053Kb max_used=4053Kb free=115050Kb
 bounds [0x00000271bbd40000, 0x00000271bc140000, 0x00000271c3190000]
CodeHeap 'non-nmethods': size=7488Kb used=2225Kb max_used=3380Kb free=5262Kb
 bounds [0x00000271bb5f0000, 0x00000271bb950000, 0x00000271bbd40000]
 total_blobs=3324 nmethods=2215 adapters=1021
 compilation: enabled
              stopped_count=0, restarted_count=0
 full_count=0

Compilation events (20 events):
Event: 8.557 Thread 0x00000271d710e190 nmethod 2203 0x00000271bc124110 code [0x00000271bc1245e0, 0x00000271bc1262f8]
Event: 8.557 Thread 0x00000271e72bb550 nmethod 2204 0x00000271bc126e90 code [0x00000271bc1272c0, 0x00000271bc1290d8]
Event: 8.563 Thread 0x00000271d7d0ed60 2205       3       com.crazyputting3d.UI.game3d::update (1149 bytes)
Event: 8.563 Thread 0x00000271d710e190 2206       3       com.crazyputting3d.Engine.physicsEngine::isInTree (42 bytes)
Event: 8.563 Thread 0x00000271e72bb550 2207       3       com.badlogic.gdx.graphics.g3d.utils.FirstPersonCameraController::update (368 bytes)
Event: 8.563 Thread 0x00000271d710e190 nmethod 2206 0x00000271bc129b90 code [0x00000271bc129d40, 0x00000271bc12a0a8]
Event: 8.563 Thread 0x00000271d710e190 2208       3       com.badlogic.gdx.graphics.g3d.ModelBatch::begin (37 bytes)
Event: 8.563 Thread 0x00000271d710e190 nmethod 2208 0x00000271bc12a210 code [0x00000271bc12a3e0, 0x00000271bc12a6d8]
Event: 8.564 Thread 0x00000271e72bb550 nmethod 2207 0x00000271bc12a810 code [0x00000271bc12aca0, 0x00000271bc12c708]
Event: 8.564 Thread 0x00000271d7d0ed60 nmethod 2205 0x00000271bc12d410 code [0x00000271bc12da20, 0x00000271bc130b28]
Event: 8.567 Thread 0x00000271d7107180 2209       4       com.badlogic.gdx.graphics.g3d.environment.PointLight::set (34 bytes)
Event: 8.569 Thread 0x00000271d7107180 nmethod 2209 0x00000271c32fe790 code [0x00000271c32fe940, 0x00000271c32fec58]
Event: 8.621 Thread 0x00000271d7107180 2210       4       com.badlogic.gdx.utils.BufferUtils::copy (45 bytes)
Event: 8.623 Thread 0x00000271d7107180 nmethod 2210 0x00000271c32fee10 code [0x00000271c32fefa0, 0x00000271c32ff168]
Event: 8.770 Thread 0x00000271d7107180 2211       4       java.lang.Integer::numberOfLeadingZeros (79 bytes)
Event: 8.771 Thread 0x00000271d7107180 nmethod 2211 0x00000271c32ff410 code [0x00000271c32ff580, 0x00000271c32ff638]
Event: 9.238 Thread 0x00000271d7d0ed60 2213       3       jdk.internal.math.FloatingDecimal$BinaryToASCIIBuffer::dtoa (1509 bytes)
Event: 9.238 Thread 0x00000271d7107180 2214       4       java.lang.StringBuilder::charAt (6 bytes)
Event: 9.239 Thread 0x00000271d7107180 nmethod 2214 0x00000271c32ffb10 code [0x00000271c32ffca0, 0x00000271c32ffdd8]
Event: 9.240 Thread 0x00000271d7d0ed60 nmethod 2213 0x00000271bc131810 code [0x00000271bc131ca0, 0x00000271bc134538]

GC Heap History (6 events):
Event: 1.999 GC heap before
{Heap before GC invocations=0 (full 0):
 garbage-first heap   total 251904K, used 22528K [0x000000070a000000, 0x0000000800000000)
  region size 2048K, 11 young (22528K), 0 survivors (0K)
 Metaspace       used 7286K, committed 7424K, reserved 1064960K
  class space    used 451K, committed 512K, reserved 1048576K
}
Event: 2.001 GC heap after
{Heap after GC invocations=1 (full 0):
 garbage-first heap   total 251904K, used 2630K [0x000000070a000000, 0x0000000800000000)
  region size 2048K, 2 young (4096K), 2 survivors (4096K)
 Metaspace       used 7286K, committed 7424K, reserved 1064960K
  class space    used 451K, committed 512K, reserved 1048576K
}
Event: 3.735 GC heap before
{Heap before GC invocations=1 (full 0):
 garbage-first heap   total 251904K, used 41542K [0x000000070a000000, 0x0000000800000000)
  region size 2048K, 17 young (34816K), 2 survivors (4096K)
 Metaspace       used 9562K, committed 9728K, reserved 1064960K
  class space    used 672K, committed 704K, reserved 1048576K
}
Event: 3.743 GC heap after
{Heap after GC invocations=2 (full 0):
 garbage-first heap   total 251904K, used 22181K [0x000000070a000000, 0x0000000800000000)
  region size 2048K, 3 young (6144K), 3 survivors (6144K)
 Metaspace       used 9562K, committed 9728K, reserved 1064960K
  class space    used 672K, committed 704K, reserved 1048576K
}
Event: 4.297 GC heap before
{Heap before GC invocations=2 (full 0):
 garbage-first heap   total 251904K, used 28325K [0x000000070a000000, 0x0000000800000000)
  region size 2048K, 6 young (12288K), 3 survivors (6144K)
 Metaspace       used 9774K, committed 9856K, reserved 1064960K
  class space    used 678K, committed 704K, reserved 1048576K
}
Event: 4.301 GC heap after
{Heap after GC invocations=3 (full 0):
 garbage-first heap   total 251904K, used 24044K [0x000000070a000000, 0x0000000800000000)
  region size 2048K, 1 young (2048K), 1 survivors (2048K)
 Metaspace       used 9774K, committed 9856K, reserved 1064960K
  class space    used 678K, committed 704K, reserved 1048576K
}

Deoptimization events (20 events):
Event: 5.714 Thread 0x00000271b3b244b0 DEOPT PACKING pc=0x00000271bc0b9b11 sp=0x000000952b1fedb0
Event: 5.714 Thread 0x00000271b3b244b0 DEOPT UNPACKING pc=0x00000271bb642b43 sp=0x000000952b1fe2a8 mode 0
Event: 6.274 Thread 0x00000271b3b244b0 DEOPT PACKING pc=0x00000271bc0de9a9 sp=0x000000952b1ff050
Event: 6.274 Thread 0x00000271b3b244b0 DEOPT UNPACKING pc=0x00000271bb642b43 sp=0x000000952b1fe570 mode 0
Event: 6.274 Thread 0x00000271b3b244b0 Uncommon trap: trap_request=0xffffff45 fr.pc=0x00000271c32ed520 relative=0x00000000000001a0
Event: 6.274 Thread 0x00000271b3b244b0 Uncommon trap: reason=unstable_if action=reinterpret pc=0x00000271c32ed520 method=com.crazyputting3d.Engine.physicsEngine.get_ball_coordinatesY()[F @ 42 c2
Event: 6.274 Thread 0x00000271b3b244b0 DEOPT PACKING pc=0x00000271c32ed520 sp=0x000000952b1ff0e0
Event: 6.274 Thread 0x00000271b3b244b0 DEOPT UNPACKING pc=0x00000271bb6423a3 sp=0x000000952b1ff080 mode 2
Event: 6.302 Thread 0x00000271db075260 Uncommon trap: trap_request=0xffffff45 fr.pc=0x00000271c31f84b0 relative=0x0000000000000110
Event: 6.302 Thread 0x00000271db075260 Uncommon trap: reason=unstable_if action=reinterpret pc=0x00000271c31f84b0 method=java.lang.ThreadLocal.get()Ljava/lang/Object; @ 11 c2
Event: 6.302 Thread 0x00000271db075260 DEOPT PACKING pc=0x00000271c31f84b0 sp=0x000000952e5fe4f0
Event: 6.302 Thread 0x00000271db075260 DEOPT UNPACKING pc=0x00000271bb6423a3 sp=0x000000952e5fe480 mode 2
Event: 7.064 Thread 0x00000271b3b244b0 Uncommon trap: trap_request=0xffffff45 fr.pc=0x00000271c32ed020 relative=0x00000000000001a0
Event: 7.064 Thread 0x00000271b3b244b0 Uncommon trap: reason=unstable_if action=reinterpret pc=0x00000271c32ed020 method=com.crazyputting3d.Engine.physicsEngine.get_ball_coordinatesX()[F @ 42 c2
Event: 7.064 Thread 0x00000271b3b244b0 DEOPT PACKING pc=0x00000271c32ed020 sp=0x000000952b1ff0e0
Event: 7.064 Thread 0x00000271b3b244b0 DEOPT UNPACKING pc=0x00000271bb6423a3 sp=0x000000952b1ff080 mode 2
Event: 7.064 Thread 0x00000271b3b244b0 Uncommon trap: trap_request=0xffffff45 fr.pc=0x00000271c32ed9fc relative=0x000000000000017c
Event: 7.064 Thread 0x00000271b3b244b0 Uncommon trap: reason=unstable_if action=reinterpret pc=0x00000271c32ed9fc method=com.crazyputting3d.Engine.physicsEngine.get_ball_coordinatesY()[F @ 19 c2
Event: 7.064 Thread 0x00000271b3b244b0 DEOPT PACKING pc=0x00000271c32ed9fc sp=0x000000952b1ff100
Event: 7.064 Thread 0x00000271b3b244b0 DEOPT UNPACKING pc=0x00000271bb6423a3 sp=0x000000952b1ff078 mode 2

Classes unloaded (0 events):
No events

Classes redefined (0 events):
No events

Internal exceptions (20 events):
Event: 0.154 Thread 0x00000271b3b244b0 Exception <a 'java/lang/NoSuchMethodError'{0x00000007191a23e0}: 'java.lang.Object java.lang.invoke.DirectMethodHandle$Holder.invokeStaticInit(java.lang.Object)'> (0x00000007191a23e0) 
thrown [e:\jenkins\tmp\workspace\build\src\src\hotspot\share\interpreter\linkResolver.cpp, line 766]
Event: 0.163 Thread 0x00000271b3b244b0 Exception <a 'java/lang/NoSuchMethodError'{0x0000000718e05388}: 'void java.lang.invoke.DirectMethodHandle$Holder.invokeStatic(java.lang.Object, java.lang.Object)'> (0x0000000718e05388) 
thrown [e:\jenkins\tmp\workspace\build\src\src\hotspot\share\interpreter\linkResolver.cpp, line 766]
Event: 0.164 Thread 0x00000271b3b244b0 Exception <a 'java/lang/NoSuchMethodError'{0x0000000718e0abd0}: 'void java.lang.invoke.DirectMethodHandle$Holder.invokeSpecial(java.lang.Object, java.lang.Object, java.lang.Object)'> (0x0000000718e0abd0) 
thrown [e:\jenkins\tmp\workspace\build\src\src\hotspot\share\interpreter\linkResolver.cpp, line 766]
Event: 0.165 Thread 0x00000271b3b244b0 Exception <a 'java/lang/NoSuchMethodError'{0x0000000718e1df58}: 'java.lang.Object java.lang.invoke.DirectMethodHandle$Holder.invokeStatic(java.lang.Object, java.lang.Object, int)'> (0x0000000718e1df58) 
thrown [e:\jenkins\tmp\workspace\build\src\src\hotspot\share\interpreter\linkResolver.cpp, line 766]
Event: 0.166 Thread 0x00000271b3b244b0 Exception <a 'java/lang/NoSuchMethodError'{0x0000000718e29cc8}: 'void java.lang.invoke.DelegatingMethodHandle$Holder.delegate(java.lang.Object, java.lang.Object, int, java.lang.Object)'> (0x0000000718e29cc8) 
thrown [e:\jenkins\tmp\workspace\build\src\src\hotspot\share\interpreter\linkResolver.cpp, line 766]
Event: 0.167 Thread 0x00000271b3b244b0 Exception <a 'java/lang/NoSuchMethodError'{0x0000000718e2df08}: 'int java.lang.invoke.DirectMethodHandle$Holder.invokeSpecial(java.lang.Object, java.lang.Object, java.lang.Object)'> (0x0000000718e2df08) 
thrown [e:\jenkins\tmp\workspace\build\src\src\hotspot\share\interpreter\linkResolver.cpp, line 766]
Event: 0.193 Thread 0x00000271b3b244b0 Exception <a 'sun/nio/fs/WindowsException'{0x0000000718ed4d28}> (0x0000000718ed4d28) 
thrown [e:\jenkins\tmp\workspace\build\src\src\hotspot\share\prims\jni.cpp, line 516]
Event: 0.193 Thread 0x00000271b3b244b0 Exception <a 'sun/nio/fs/WindowsException'{0x0000000718ed5280}> (0x0000000718ed5280) 
thrown [e:\jenkins\tmp\workspace\build\src\src\hotspot\share\prims\jni.cpp, line 516]
Event: 0.216 Thread 0x00000271b3b244b0 Exception <a 'sun/nio/fs/WindowsException'{0x0000000718fc4810}> (0x0000000718fc4810) 
thrown [e:\jenkins\tmp\workspace\build\src\src\hotspot\share\prims\jni.cpp, line 516]
Event: 0.216 Thread 0x00000271b3b244b0 Exception <a 'sun/nio/fs/WindowsException'{0x0000000718fc4bb0}> (0x0000000718fc4bb0) 
thrown [e:\jenkins\tmp\workspace\build\src\src\hotspot\share\prims\jni.cpp, line 516]
Event: 0.233 Thread 0x00000271b3b244b0 Exception <a 'sun/nio/fs/WindowsException'{0x0000000718c732f8}> (0x0000000718c732f8) 
thrown [e:\jenkins\tmp\workspace\build\src\src\hotspot\share\prims\jni.cpp, line 516]
Event: 0.233 Thread 0x00000271b3b244b0 Exception <a 'sun/nio/fs/WindowsException'{0x0000000718c73668}> (0x0000000718c73668) 
thrown [e:\jenkins\tmp\workspace\build\src\src\hotspot\share\prims\jni.cpp, line 516]
Event: 0.272 Thread 0x00000271b3b244b0 Exception <a 'sun/nio/fs/WindowsException'{0x0000000718cf9448}> (0x0000000718cf9448) 
thrown [e:\jenkins\tmp\workspace\build\src\src\hotspot\share\prims\jni.cpp, line 516]
Event: 0.272 Thread 0x00000271b3b244b0 Exception <a 'sun/nio/fs/WindowsException'{0x0000000718cf97d0}> (0x0000000718cf97d0) 
thrown [e:\jenkins\tmp\workspace\build\src\src\hotspot\share\prims\jni.cpp, line 516]
Event: 0.516 Thread 0x00000271b3b244b0 Exception <a 'sun/nio/fs/WindowsException'{0x0000000718adca58}> (0x0000000718adca58) 
thrown [e:\jenkins\tmp\workspace\build\src\src\hotspot\share\prims\jni.cpp, line 516]
Event: 0.516 Thread 0x00000271b3b244b0 Exception <a 'sun/nio/fs/WindowsException'{0x0000000718adce08}> (0x0000000718adce08) 
thrown [e:\jenkins\tmp\workspace\build\src\src\hotspot\share\prims\jni.cpp, line 516]
Event: 0.518 Thread 0x00000271b3b244b0 Exception <a 'sun/nio/fs/WindowsException'{0x0000000718ae91e8}> (0x0000000718ae91e8) 
thrown [e:\jenkins\tmp\workspace\build\src\src\hotspot\share\prims\jni.cpp, line 516]
Event: 0.518 Thread 0x00000271b3b244b0 Exception <a 'sun/nio/fs/WindowsException'{0x0000000718ae94d0}> (0x0000000718ae94d0) 
thrown [e:\jenkins\tmp\workspace\build\src\src\hotspot\share\prims\jni.cpp, line 516]
Event: 3.735 Thread 0x00000271b3b244b0 Implicit null exception at 0x00000271c31ff6bf to 0x00000271c31ff79c
Event: 6.302 Thread 0x00000271db075260 Implicit null exception at 0x00000271c31f83df to 0x00000271c31f849c

VM Operations (20 events):
Event: 3.656 Executing VM operation: HandshakeAllThreads
Event: 3.656 Executing VM operation: HandshakeAllThreads done
Event: 3.657 Executing VM operation: HandshakeAllThreads
Event: 3.657 Executing VM operation: HandshakeAllThreads done
Event: 3.735 Executing VM operation: G1CollectForAllocation
Event: 3.743 Executing VM operation: G1CollectForAllocation done
Event: 4.297 Executing VM operation: G1CollectForAllocation
Event: 4.301 Executing VM operation: G1CollectForAllocation done
Event: 5.571 Executing VM operation: ICBufferFull
Event: 5.571 Executing VM operation: ICBufferFull done
Event: 6.204 Executing VM operation: ICBufferFull
Event: 6.204 Executing VM operation: ICBufferFull done
Event: 6.871 Executing VM operation: ICBufferFull
Event: 6.871 Executing VM operation: ICBufferFull done
Event: 7.538 Executing VM operation: ICBufferFull
Event: 7.538 Executing VM operation: ICBufferFull done
Event: 8.204 Executing VM operation: ICBufferFull
Event: 8.204 Executing VM operation: ICBufferFull done
Event: 8.856 Executing VM operation: ICBufferFull
Event: 8.856 Executing VM operation: ICBufferFull done

Events (20 events):
Event: 7.065 Thread 0x00000271db075730 Thread added: 0x00000271db075730
Event: 7.067 Thread 0x00000271db073f20 Thread added: 0x00000271db073f20
Event: 7.070 Thread 0x00000271db0748c0 Thread added: 0x00000271db0748c0
Event: 7.106 Thread 0x00000271e72bb550 Thread added: 0x00000271e72bb550
Event: 7.223 Thread 0x00000271db075260 Thread exited: 0x00000271db075260
Event: 7.267 Thread 0x00000271db073a50 Thread exited: 0x00000271db073a50
Event: 7.279 Thread 0x00000271db073a50 Thread added: 0x00000271db073a50
Event: 7.282 Thread 0x00000271db0743f0 Thread added: 0x00000271db0743f0
Event: 7.283 Thread 0x00000271db074d90 Thread added: 0x00000271db074d90
Event: 7.285 Thread 0x00000271db075260 Thread added: 0x00000271db075260
Event: 7.429 Thread 0x00000271e8a973a0 Thread added: 0x00000271e8a973a0
Event: 7.432 Thread 0x00000271e8a926a0 Thread added: 0x00000271e8a926a0
Event: 7.432 Thread 0x00000271e8a939e0 Thread added: 0x00000271e8a939e0
Event: 7.435 Thread 0x00000271e8a956c0 Thread added: 0x00000271e8a956c0
Event: 7.482 Thread 0x00000271db073a50 Thread exited: 0x00000271db073a50
Event: 7.632 Thread 0x00000271e8a973a0 Thread exited: 0x00000271e8a973a0
Event: 7.970 Thread 0x00000271db073f20 Thread exited: 0x00000271db073f20
Event: 8.186 Thread 0x00000271db074d90 Thread exited: 0x00000271db074d90
Event: 8.335 Thread 0x00000271e8a939e0 Thread exited: 0x00000271e8a939e0
Event: 9.238 Thread 0x00000271e72bb550 Thread exited: 0x00000271e72bb550


Dynamic libraries:
0x00007ff7d8a20000 - 0x00007ff7d8a2e000 	C:\Program Files\Eclipse Adoptium\jdk-17.0.1.12-hotspot\bin\java.exe
0x00007ffdc5cd0000 - 0x00007ffdc5ec5000 	C:\Windows\SYSTEM32\ntdll.dll
0x00007ffdc4060000 - 0x00007ffdc411d000 	C:\Windows\System32\KERNEL32.DLL
0x00007ffdc3720000 - 0x00007ffdc39ed000 	C:\Windows\System32\KERNELBASE.dll
0x00007ffdc33b0000 - 0x00007ffdc34b0000 	C:\Windows\System32\ucrtbase.dll
0x00007ffdbd460000 - 0x00007ffdbd479000 	C:\Program Files\Eclipse Adoptium\jdk-17.0.1.12-hotspot\bin\VCRUNTIME140.dll
0x00007ffdb6650000 - 0x00007ffdb6668000 	C:\Program Files\Eclipse Adoptium\jdk-17.0.1.12-hotspot\bin\jli.dll
0x00007ffdc5530000 - 0x00007ffdc56d0000 	C:\Windows\System32\USER32.dll
0x00007ffdc3c20000 - 0x00007ffdc3c42000 	C:\Windows\System32\win32u.dll
0x00007ffdad620000 - 0x00007ffdad8ba000 	C:\Windows\WinSxS\amd64_microsoft.windows.common-controls_6595b64144ccf1df_6.0.19041.1110_none_60b5254171f9507e\COMCTL32.dll
0x00007ffdc5bd0000 - 0x00007ffdc5bfa000 	C:\Windows\System32\GDI32.dll
0x00007ffdc5190000 - 0x00007ffdc522e000 	C:\Windows\System32\msvcrt.dll
0x00007ffdc3610000 - 0x00007ffdc371b000 	C:\Windows\System32\gdi32full.dll
0x00007ffdc39f0000 - 0x00007ffdc3a8d000 	C:\Windows\System32\msvcp_win.dll
0x00007ffdc4eb0000 - 0x00007ffdc4ee0000 	C:\Windows\System32\IMM32.DLL
0x00007ffdbee20000 - 0x00007ffdbee2c000 	C:\Program Files\Eclipse Adoptium\jdk-17.0.1.12-hotspot\bin\vcruntime140_1.dll
0x00007ffd9ef20000 - 0x00007ffd9efb1000 	C:\Program Files\Eclipse Adoptium\jdk-17.0.1.12-hotspot\bin\msvcp140.dll
0x00007ffd7fd20000 - 0x00007ffd80966000 	C:\Program Files\Eclipse Adoptium\jdk-17.0.1.12-hotspot\bin\server\jvm.dll
0x00007ffdc3fb0000 - 0x00007ffdc405e000 	C:\Windows\System32\ADVAPI32.dll
0x00007ffdc3e80000 - 0x00007ffdc3f1c000 	C:\Windows\System32\sechost.dll
0x00007ffdc3d50000 - 0x00007ffdc3e75000 	C:\Windows\System32\RPCRT4.dll
0x00007ffdc4ee0000 - 0x00007ffdc4ee8000 	C:\Windows\System32\PSAPI.DLL
0x00007ffdb8890000 - 0x00007ffdb88b7000 	C:\Windows\SYSTEM32\WINMM.dll
0x00007ffda5c00000 - 0x00007ffda5c09000 	C:\Windows\SYSTEM32\WSOCK32.dll
0x00007ffdc52e0000 - 0x00007ffdc534b000 	C:\Windows\System32\WS2_32.dll
0x00007ffdbc260000 - 0x00007ffdbc26a000 	C:\Windows\SYSTEM32\VERSION.dll
0x00007ffdc1c40000 - 0x00007ffdc1c52000 	C:\Windows\SYSTEM32\kernel.appcore.dll
0x00007ffdbede0000 - 0x00007ffdbedea000 	C:\Program Files\Eclipse Adoptium\jdk-17.0.1.12-hotspot\bin\jimage.dll
0x00007ffdc1a30000 - 0x00007ffdc1c14000 	C:\Windows\SYSTEM32\DBGHELP.DLL
0x00007ffdb8de0000 - 0x00007ffdb8e0c000 	C:\Windows\SYSTEM32\dbgcore.DLL
0x00007ffdc3a90000 - 0x00007ffdc3b12000 	C:\Windows\System32\bcryptPrimitives.dll
0x00007ffdb62b0000 - 0x00007ffdb62d5000 	C:\Program Files\Eclipse Adoptium\jdk-17.0.1.12-hotspot\bin\java.dll
0x00007ffd848b0000 - 0x00007ffd84986000 	C:\Program Files\Eclipse Adoptium\jdk-17.0.1.12-hotspot\bin\svml.dll
0x00007ffdc4120000 - 0x00007ffdc4864000 	C:\Windows\System32\SHELL32.dll
0x00007ffdc1150000 - 0x00007ffdc18e4000 	C:\Windows\SYSTEM32\windows.storage.dll
0x00007ffdc5870000 - 0x00007ffdc5bc4000 	C:\Windows\System32\combase.dll
0x00007ffdc2e10000 - 0x00007ffdc2e3c000 	C:\Windows\SYSTEM32\Wldp.dll
0x00007ffdc5230000 - 0x00007ffdc52dd000 	C:\Windows\System32\SHCORE.dll
0x00007ffdc3cf0000 - 0x00007ffdc3d45000 	C:\Windows\System32\shlwapi.dll
0x00007ffdc32f0000 - 0x00007ffdc330f000 	C:\Windows\SYSTEM32\profapi.dll
0x00007ffdb18e0000 - 0x00007ffdb18f9000 	C:\Program Files\Eclipse Adoptium\jdk-17.0.1.12-hotspot\bin\net.dll
0x00007ffdb4be0000 - 0x00007ffdb4cea000 	C:\Windows\SYSTEM32\WINHTTP.dll
0x00007ffdc2b70000 - 0x00007ffdc2bda000 	C:\Windows\system32\mswsock.dll
0x00007ffdb18c0000 - 0x00007ffdb18d5000 	C:\Program Files\Eclipse Adoptium\jdk-17.0.1.12-hotspot\bin\nio.dll
0x00007ffdb18a0000 - 0x00007ffdb18b8000 	C:\Program Files\Eclipse Adoptium\jdk-17.0.1.12-hotspot\bin\zip.dll
0x000000006e700000 - 0x000000006e72a000 	C:\Users\grado\AppData\Local\Temp\libgdxgrado\e1cd32f8\gdx64.dll
0x00007ffd8a4f0000 - 0x00007ffd8a554000 	C:\Users\grado\AppData\Local\Temp\lwjglgrado\3.2.3-build-13\lwjgl.dll
0x00007ffd84490000 - 0x00007ffd846e3000 	C:\Users\grado\AppData\Local\Temp\lwjglgrado\3.2.3-build-13\jemalloc.dll
0x00007ffd853f0000 - 0x00007ffd85452000 	C:\Users\grado\AppData\Local\Temp\lwjglgrado\3.2.3-build-13\glfw.dll
0x00007ffdc0870000 - 0x00007ffdc090e000 	C:\Windows\system32\uxtheme.dll
0x00007ffdaacb0000 - 0x00007ffdaacf5000 	C:\Windows\SYSTEM32\dinput8.dll
0x00007ffdab4e0000 - 0x00007ffdab4f1000 	C:\Windows\SYSTEM32\xinput1_4.dll
0x00007ffdc3b20000 - 0x00007ffdc3b6e000 	C:\Windows\System32\cfgmgr32.dll
0x00007ffdc3160000 - 0x00007ffdc318c000 	C:\Windows\SYSTEM32\DEVOBJ.dll
0x00007ffdc0a00000 - 0x00007ffdc0a2f000 	C:\Windows\SYSTEM32\dwmapi.dll
0x00007ffda8c80000 - 0x00007ffda8dd2000 	C:\Windows\SYSTEM32\inputhost.dll
0x00007ffdc4d70000 - 0x00007ffdc4e3d000 	C:\Windows\System32\OLEAUT32.dll
0x00007ffdbe990000 - 0x00007ffdbea86000 	C:\Windows\SYSTEM32\PROPSYS.dll
0x00007ffdc0500000 - 0x00007ffdc05f2000 	C:\Windows\SYSTEM32\CoreMessaging.dll
0x00007ffdbfad0000 - 0x00007ffdbfc24000 	C:\Windows\SYSTEM32\wintypes.dll
0x00007ffdc01a0000 - 0x00007ffdc04fe000 	C:\Windows\SYSTEM32\CoreUIComponents.dll
0x00007ffdc20b0000 - 0x00007ffdc20e3000 	C:\Windows\SYSTEM32\ntmarta.dll
0x00007ffdc5750000 - 0x00007ffdc5865000 	C:\Windows\System32\MSCTF.dll
0x00007ffdc18f0000 - 0x00007ffdc18fd000 	C:\Windows\SYSTEM32\HID.DLL
0x00007ffdc4870000 - 0x00007ffdc4ce1000 	C:\Windows\System32\SETUPAPI.DLL
0x00007ffdc3c50000 - 0x00007ffdc3c77000 	C:\Windows\System32\bcrypt.dll
0x00007ffdc3c80000 - 0x00007ffdc3ce8000 	C:\Windows\System32\WINTRUST.dll
0x00007ffdc34b0000 - 0x00007ffdc3606000 	C:\Windows\System32\CRYPT32.dll
0x00007ffdc2fa0000 - 0x00007ffdc2fb2000 	C:\Windows\SYSTEM32\MSASN1.dll
0x00007ffd83600000 - 0x00007ffd8370b000 	C:\Users\grado\AppData\Local\Temp\lwjglgrado\3.2.3-build-13\OpenAL.dll
0x00007ffdc5400000 - 0x00007ffdc552a000 	C:\Windows\System32\ole32.dll
0x00007ffdc5350000 - 0x00007ffdc53f9000 	C:\Windows\System32\clbcatq.dll
0x00007ffdbb510000 - 0x00007ffdbb595000 	C:\Windows\System32\MMDevApi.dll
0x00007ffdbbda0000 - 0x00007ffdbbf22000 	C:\Windows\SYSTEM32\AUDIOSES.DLL
0x00007ffdc2930000 - 0x00007ffdc297b000 	C:\Windows\SYSTEM32\powrprof.dll
0x00007ffdc27f0000 - 0x00007ffdc2802000 	C:\Windows\SYSTEM32\UMPDC.dll
0x00007ffdc0a30000 - 0x00007ffdc0a44000 	C:\Windows\SYSTEM32\resourcepolicyclient.dll
0x00007ffd22910000 - 0x00007ffd22a36000 	C:\Windows\SYSTEM32\opengl32.dll
0x00007ffd228e0000 - 0x00007ffd2290c000 	C:\Windows\SYSTEM32\GLU32.dll
0x00007ffdbc2e0000 - 0x00007ffdbc3d7000 	C:\Windows\System32\AppXDeploymentClient.dll
0x00007ffdaaf90000 - 0x00007ffdaafba000 	C:\Windows\System32\DriverStore\FileRepository\u0361612.inf_amd64_b679e02f70413f9f\B361368\atig6pxx.dll
0x00007ffd7a800000 - 0x00007ffd7d4e6000 	C:\Windows\System32\DriverStore\FileRepository\u0361612.inf_amd64_b679e02f70413f9f\B361368\atio6axx.dll
0x00007ffd86690000 - 0x00007ffd866b4000 	C:\Windows\SYSTEM32\dxva2.dll
0x00007ffdaa460000 - 0x00007ffdaa49c000 	C:\Windows\System32\DriverStore\FileRepository\u0361612.inf_amd64_b679e02f70413f9f\B361368\atig6txx.dll
0x00007ffd83440000 - 0x00007ffd835f9000 	C:\Windows\SYSTEM32\atiadlxx.dll
0x00007ffdb9380000 - 0x00007ffdb93bb000 	C:\Windows\SYSTEM32\dxcore.dll
0x00007ffda3ef0000 - 0x00007ffda3f49000 	C:\Users\grado\AppData\Local\Temp\lwjglgrado\3.2.3-build-13\lwjgl_opengl.dll
0x00007ffda93b0000 - 0x00007ffda94a9000 	C:\Windows\SYSTEM32\textinputframework.dll
0x00007ffdab4c0000 - 0x00007ffdab4d1000 	C:\Program Files\Eclipse Adoptium\jdk-17.0.1.12-hotspot\bin\jsound.dll
0x00007ffd843f0000 - 0x00007ffd8448c000 	C:\Windows\SYSTEM32\DSOUND.dll
0x00007ffdb3710000 - 0x00007ffdb3736000 	C:\Windows\SYSTEM32\winmmbase.dll
0x00007ffda9b00000 - 0x00007ffda9b46000 	C:\Windows\SYSTEM32\wdmaud.drv
0x00007ffdbde60000 - 0x00007ffdbde69000 	C:\Windows\SYSTEM32\ksuser.dll
0x00007ffdbd880000 - 0x00007ffdbd88a000 	C:\Windows\SYSTEM32\AVRT.dll
0x00007ffdbc5b0000 - 0x00007ffdbc5bd000 	C:\Windows\SYSTEM32\msacm32.drv
0x00007ffdbc630000 - 0x00007ffdbc64e000 	C:\Windows\SYSTEM32\MSACM32.dll
0x00007ffdb6730000 - 0x00007ffdb673b000 	C:\Windows\SYSTEM32\midimap.dll
0x00007ffda8de0000 - 0x00007ffda8f21000 	C:\Windows\System32\Windows.UI.dll
0x00007ffdbd350000 - 0x00007ffdbd3f1000 	C:\Windows\System32\WindowManagementAPI.dll
0x00007ffdbca10000 - 0x00007ffdbcc11000 	C:\Windows\System32\twinapi.appcore.dll

dbghelp: loaded successfully - version: 4.0.5 - missing functions: none
symbol engine: initialized successfully - sym options: 0x614 - pdb path: .;C:\Program Files\Eclipse Adoptium\jdk-17.0.1.12-hotspot\bin;C:\Windows\SYSTEM32;C:\Windows\WinSxS\amd64_microsoft.windows.common-controls_6595b64144ccf1df_6.0.19041.1110_none_60b5254171f9507e;C:\Program Files\Eclipse Adoptium\jdk-17.0.1.12-hotspot\bin\server;C:\Users\grado\AppData\Local\Temp\libgdxgrado\e1cd32f8;C:\Users\grado\AppData\Local\Temp\lwjglgrado\3.2.3-build-13;C:\Windows\System32\DriverStore\FileRepository\u0361612.inf_amd64_b679e02f70413f9f\B361368

VM Arguments:
jvm_args: -XX:+ShowCodeDetailsInExceptionMessages 
java_command: com.crazyputting3d.Main
java_class_path (initial): C:\Users\grado\Documents\Group-04\3dcrazyputting\desktop\bin\main;\CrazyPutting3D-core\bin\default;C:\Users\grado\Documents\Group-04\3dcrazyputting\core\bin\main;C:\Users\grado\.gradle\caches\modules-2\files-2.1\com.badlogicgames.gdx\gdx-backend-lwjgl3\1.10.0\600c7d5b2c977daa82c4abad147087b31e0ada87\gdx-backend-lwjgl3-1.10.0.jar;C:\Users\grado\.gradle\caches\modules-2\files-2.1\com.badlogicgames.gdx\gdx-platform\1.10.0\9a8fa793d2fd6d360afc6c9e4c1f5583da263b88\gdx-platform-1.10.0-natives-desktop.jar;C:\Users\grado\.gradle\caches\modules-2\files-2.1\com.badlogicgames.gdx\gdx-bullet-platform\1.10.0\ce92e8dfc762523d769cbc50853163c03bf98cf1\gdx-bullet-platform-1.10.0-natives-desktop.jar;C:\Users\grado\.gradle\caches\modules-2\files-2.1\com.badlogicgames.gdx\gdx-freetype-platform\1.10.0\6e5d28752759e69384f12e4569d2c884ff71352f\gdx-freetype-platform-1.10.0-natives-desktop.jar;C:\Users\grado\.gradle\caches\modules-2\files-2.1\com.badlogicgames.gdx-controllers\gdx-controllers-desktop\2.2.1\cb3430c32468a090eca54d494d16bb3764ceff9b\gdx-controllers-desktop-2.2.1.jar;C:\Users\grado\.gradle\caches\modules-2\files-2.1\org.jetbrains\annotations\20.1.0\2fcd1f3225bca0c4a7bc931142076f8c1e80993f\annotations-20.1.0.jar;C:\Users\grado\.gradle\caches\modules-2\files-2.1\com.badlogicgames.gdx\gdx-bullet\1.10.0\839b58c7278f5c3b55291c3a559d91227400ecdb\gdx-bullet-1.10.0.jar;C:\Users\grado\.gradle\caches\modules-2\files-2.1\com.badlogicgames.gdx\gdx-freetype\1.10.0\de1d0d5c1e92e8d91364256fd6b7bb279d3e9859\gdx-freetype-1.10.0.jar;C:\Users\grado\.gradle\caches\modules-2\files-2.1\com.badlogicgames.gdx\gdx-ai\1.8.2\ab75d2ce80ab1b1ce6828a15dc0f417abac4c674\gdx-ai-1.8.2.jar;C:\Users\grado\.gradle\caches\modules-2\files-2.1\com.badlogicgames.ashley\ashley\1.7.4\21a3a8932919099c4e5006a7d8378dcbe76ef8a5\ashley-1.7.4.jar;C:\Users\grado\.gradle\caches\modules-2\files-2.1\com.badlogicgames.box2dlights\box2dlights\1.5\6902dbcd250c95a27973aa24a147a95b3828d348\box2dlights-1.5.j
Launcher Type: SUN_STANDARD

[Global flags]
     intx CICompilerCount                          = 12                                        {product} {ergonomic}
     uint ConcGCThreads                            = 3                                         {product} {ergonomic}
     uint G1ConcRefinementThreads                  = 13                                        {product} {ergonomic}
   size_t G1HeapRegionSize                         = 2097152                                   {product} {ergonomic}
    uintx GCDrainStackTargetSize                   = 64                                        {product} {ergonomic}
   size_t InitialHeapSize                          = 257949696                                 {product} {ergonomic}
   size_t MarkStackSize                            = 4194304                                   {product} {ergonomic}
   size_t MaxHeapSize                              = 4127195136                                {product} {ergonomic}
   size_t MaxNewSize                               = 2474639360                                {product} {ergonomic}
   size_t MinHeapDeltaBytes                        = 2097152                                   {product} {ergonomic}
   size_t MinHeapSize                              = 8388608                                   {product} {ergonomic}
    uintx NonNMethodCodeHeapSize                   = 7602480                                {pd product} {ergonomic}
    uintx NonProfiledCodeHeapSize                  = 122027880                              {pd product} {ergonomic}
    uintx ProfiledCodeHeapSize                     = 122027880                              {pd product} {ergonomic}
    uintx ReservedCodeCacheSize                    = 251658240                              {pd product} {ergonomic}
     bool SegmentedCodeCache                       = true                                      {product} {ergonomic}
     bool ShowCodeDetailsInExceptionMessages       = true                                   {manageable} {command line}
   size_t SoftMaxHeapSize                          = 4127195136                             {manageable} {ergonomic}
     bool UseCompressedClassPointers               = true                           {product lp64_product} {ergonomic}
     bool UseCompressedOops                        = true                           {product lp64_product} {ergonomic}
     bool UseG1GC                                  = true                                      {product} {ergonomic}
     bool UseLargePagesIndividualAllocation        = false                                  {pd product} {ergonomic}

Logging:
Log output configuration:
 #0: stdout all=warning uptime,level,tags
 #1: stderr all=off uptime,level,tags

Environment Variables:
PATH=C:\Program Files\Common Files\Oracle\Java\javapath;C:\Windows\system32;C:\Windows;C:\Windows\System32\Wbem;C:\Windows\System32\WindowsPowerShell\v1.0\;C:\Windows\System32\OpenSSH\;C:\Program Files (x86)\NVIDIA Corporation\PhysX\Common;C:\Program Files\NVIDIA Corporation\NVIDIA NvDLISR;C:\Program Files\MATLAB\R2022a\bin;C:\Program Files\Gradle\gradle-7.4.2\bin;C:\Program Files\Git\cmd;C:\Users\grado\AppData\Local\Microsoft\WindowsApps;C:\Users\grado\AppData\Local\Programs\Microsoft VS Code\bin;C:\Users\grado\AppData\Local\GitHubDesktop\bin
USERNAME=grado
LANG=en_US.UTF-8
OS=Windows_NT
PROCESSOR_IDENTIFIER=AMD64 Family 23 Model 96 Stepping 1, AuthenticAMD



---------------  S Y S T E M  ---------------

OS:
 Windows 10 , 64 bit Build 19041 (10.0.19041.1706)
OS uptime: 11 days 16:50 hours

CPU: total 16 (initial active 16) (16 cores per cpu, 2 threads per core) family 23 model 96 stepping 1 microcode 0x0, cx8, cmov, fxsr, ht, mmx, 3dnowpref, sse, sse2, sse3, ssse3, sse4a, sse4.1, sse4.2, popcnt, lzcnt, tsc, tscinvbit, avx, avx2, aes, clmul, bmi1, bmi2, adx, sha, fma, vzeroupper, clflush, clflushopt

Memory: 4k page, system-wide physical 15741M (4116M free)
TotalPageFile size 24022M (AvailPageFile size 4445M)
current process WorkingSet (physical memory assigned to process): 335M, peak: 378M
current process commit charge ("private bytes"): 597M, peak: 650M

vm_info: OpenJDK 64-Bit Server VM (17.0.1+12) for windows-amd64 JRE (17.0.1+12), built on Oct 20 2021 07:42:55 by "" with MS VC++ 16.7 (VS2019)

END.
