#
# A fatal error has been detected by the Java Runtime Environment:
#
#  EXCEPTION_ACCESS_VIOLATION (0xc0000005) at pc=0x000001ec8aeb0000, pid=12240, tid=17728
#
# JRE version: OpenJDK Runtime Environment Temurin-17.0.1+12 (17.0.1+12) (build 17.0.1+12)
# Java VM: OpenJDK 64-Bit Server VM Temurin-17.0.1+12 (17.0.1+12, mixed mode, sharing, tiered, compressed oops, compressed class ptrs, g1 gc, windows-amd64)
# Problematic frame:
# C  0x000001ec8aeb0000
#
# No core dump will be written. Minidumps are not enabled by default on client versions of Windows
#
# If you would like to submit a bug report, please visit:
#   https://github.com/adoptium/adoptium-support/issues
# The crash happened outside the Java Virtual Machine in native code.
# See problematic frame for where to report the bug.
#

---------------  S U M M A R Y ------------

Command Line: -XX:+ShowCodeDetailsInExceptionMessages com.crazyputting3d.Main

Host: AMD Ryzen 7 4800H with Radeon Graphics         , 16 cores, 15G,  Windows 10 , 64 bit Build 19041 (10.0.19041.1706)
Time: Fri Jun 17 18:21:53 2022 Central European Daylight Time elapsed time: 23.303292 seconds (0d 0h 0m 23s)

---------------  T H R E A D  ---------------

Current thread (0x000001ec8cef2640):  JavaThread "main" [_thread_in_native, id=17728, stack(0x000000e394500000,0x000000e394600000)]

Stack: [0x000000e394500000,0x000000e394600000],  sp=0x000000e3945fefa8,  free space=1019k
Native frames: (J=compiled Java code, j=interpreted, Vv=VM code, C=native code)
C  0x000001ec8aeb0000

Java frames: (J=compiled Java code, j=interpreted, Vv=VM code)
J 1252  org.lwjgl.system.JNI.invokePV(JJ)V (0 bytes) @ 0x000001ec9c5b80ec [0x000001ec9c5b80a0+0x000000000000004c]
J 2091 c1 org.lwjgl.glfw.GLFW.glfwSwapBuffers(J)V (21 bytes) @ 0x000001ec9549d52c [0x000001ec9549d440+0x00000000000000ec]
j  com.badlogic.gdx.backends.lwjgl3.Lwjgl3Window.update()Z+196
j  com.badlogic.gdx.backends.lwjgl3.Lwjgl3Application.loop()V+111
j  com.badlogic.gdx.backends.lwjgl3.Lwjgl3Application.<init>(Lcom/badlogic/gdx/ApplicationListener;Lcom/badlogic/gdx/backends/lwjgl3/Lwjgl3ApplicationConfiguration;)V+243
j  com.crazyputting3d.Main.main([Ljava/lang/String;)V+41
v  ~StubRoutines::call_stub

siginfo: EXCEPTION_ACCESS_VIOLATION (0xc0000005), data execution prevention violation at address 0x000001ec8aeb0000


Register to memory mapping:

RIP=0x000001ec8aeb0000 is an unknown value
RAX=0x000001ec8aeb0000 is an unknown value
RBX=0x0000000000010001 is an unknown value
RCX=0x0000000000010001 is an unknown value
RDX=0x000000e3945fefe0 is pointing into the stack for thread: 0x000001ec8cef2640
RSP=0x000000e3945fefa8 is pointing into the stack for thread: 0x000001ec8cef2640
RBP=0x000000e3945ff0b0 is pointing into the stack for thread: 0x000001ec8cef2640
RSI=0x0000000000000110 is an unknown value
RDI=0x000000000000193b is an unknown value
R8 =0x000001ecb19d6630 points into unknown readable memory: 0x000001ecbc402f60 | 60 2f 40 bc ec 01 00 00
R9 =0x00007ffdb1951b50 glfw.dll
R10=0x00007ffdb19c1b10 lwjgl.dll
R11=0x000000e3945ff418 is pointing into the stack for thread: 0x000001ec8cef2640
R12=0x0 is NULL
R13=0x000000e3945ff518 is pointing into the stack for thread: 0x000001ec8cef2640
R14=0x000000e3945ff470 is pointing into the stack for thread: 0x000001ec8cef2640
R15=0x000001ec8cef2640 is a thread


Registers:
RAX=0x000001ec8aeb0000, RBX=0x0000000000010001, RCX=0x0000000000010001, RDX=0x000000e3945fefe0
RSP=0x000000e3945fefa8, RBP=0x000000e3945ff0b0, RSI=0x0000000000000110, RDI=0x000000000000193b
R8 =0x000001ecb19d6630, R9 =0x00007ffdb1951b50, R10=0x00007ffdb19c1b10, R11=0x000000e3945ff418
R12=0x0000000000000000, R13=0x000000e3945ff518, R14=0x000000e3945ff470, R15=0x000001ec8cef2640
RIP=0x000001ec8aeb0000, EFLAGS=0x0000000000010206

Top of Stack: (sp=0x000000e3945fefa8)
0x000000e3945fefa8:   00007ffdb1951f7c 000000070af10030
0x000000e3945fefb8:   0000140600000002 0000000700000014
0x000000e3945fefc8:   438c000041700000 000000070b83c098
0x000000e3945fefd8:   000001ec9533f57c 57464c4720656854
0x000000e3945fefe8:   7972617262696c20 20746f6e20736920
0x000000e3945feff8:   696c616974696e69 000000e30064657a
0x000000e3945ff008:   00007ffd831e5e62 000000008cef2640
0x000000e3945ff018:   0000000000000000 00000000000001cc
0x000000e3945ff028:   000001ec949b94fe 0000000000000000
0x000000e3945ff038:   000000006e7020f4 000001ec8cef28e8
0x000000e3945ff048:   00007ffd831e5481 0000000000000000
0x000000e3945ff058:   000001ec952ee3fc 0000000000000003
0x000000e3945ff068:   000000070b83c0b8 000000070b84fd18
0x000000e3945ff078:   000001ec9c5afc85 000000070b83c118
0x000000e3945ff088:   000000070af10030 0000000000000002
0x000000e3945ff098:   00007ffd22939d0a 000000e3945ff430 

Instructions: (pc=0x000001ec8aeb0000)
0x000001ec8aeaff00:   ?? ?? ?? ?? ?? ?? ?? ?? ?? ?? ?? ?? ?? ?? ?? ??
0x000001ec8aeaff10:   ?? ?? ?? ?? ?? ?? ?? ?? ?? ?? ?? ?? ?? ?? ?? ??
0x000001ec8aeaff20:   ?? ?? ?? ?? ?? ?? ?? ?? ?? ?? ?? ?? ?? ?? ?? ??
0x000001ec8aeaff30:   ?? ?? ?? ?? ?? ?? ?? ?? ?? ?? ?? ?? ?? ?? ?? ??
0x000001ec8aeaff40:   ?? ?? ?? ?? ?? ?? ?? ?? ?? ?? ?? ?? ?? ?? ?? ??
0x000001ec8aeaff50:   ?? ?? ?? ?? ?? ?? ?? ?? ?? ?? ?? ?? ?? ?? ?? ??
0x000001ec8aeaff60:   ?? ?? ?? ?? ?? ?? ?? ?? ?? ?? ?? ?? ?? ?? ?? ??
0x000001ec8aeaff70:   ?? ?? ?? ?? ?? ?? ?? ?? ?? ?? ?? ?? ?? ?? ?? ??
0x000001ec8aeaff80:   ?? ?? ?? ?? ?? ?? ?? ?? ?? ?? ?? ?? ?? ?? ?? ??
0x000001ec8aeaff90:   ?? ?? ?? ?? ?? ?? ?? ?? ?? ?? ?? ?? ?? ?? ?? ??
0x000001ec8aeaffa0:   ?? ?? ?? ?? ?? ?? ?? ?? ?? ?? ?? ?? ?? ?? ?? ??
0x000001ec8aeaffb0:   ?? ?? ?? ?? ?? ?? ?? ?? ?? ?? ?? ?? ?? ?? ?? ??
0x000001ec8aeaffc0:   ?? ?? ?? ?? ?? ?? ?? ?? ?? ?? ?? ?? ?? ?? ?? ??
0x000001ec8aeaffd0:   ?? ?? ?? ?? ?? ?? ?? ?? ?? ?? ?? ?? ?? ?? ?? ??
0x000001ec8aeaffe0:   ?? ?? ?? ?? ?? ?? ?? ?? ?? ?? ?? ?? ?? ?? ?? ??
0x000001ec8aeafff0:   ?? ?? ?? ?? ?? ?? ?? ?? ?? ?? ?? ?? ?? ?? ?? ??
0x000001ec8aeb0000:   ?? ?? ?? ?? ?? ?? ?? ?? ?? ?? ?? ?? ?? ?? ?? ??
0x000001ec8aeb0010:   ?? ?? ?? ?? ?? ?? ?? ?? ?? ?? ?? ?? ?? ?? ?? ??
0x000001ec8aeb0020:   ?? ?? ?? ?? ?? ?? ?? ?? ?? ?? ?? ?? ?? ?? ?? ??
0x000001ec8aeb0030:   ?? ?? ?? ?? ?? ?? ?? ?? ?? ?? ?? ?? ?? ?? ?? ??
0x000001ec8aeb0040:   ?? ?? ?? ?? ?? ?? ?? ?? ?? ?? ?? ?? ?? ?? ?? ??
0x000001ec8aeb0050:   ?? ?? ?? ?? ?? ?? ?? ?? ?? ?? ?? ?? ?? ?? ?? ??
0x000001ec8aeb0060:   ?? ?? ?? ?? ?? ?? ?? ?? ?? ?? ?? ?? ?? ?? ?? ??
0x000001ec8aeb0070:   ?? ?? ?? ?? ?? ?? ?? ?? ?? ?? ?? ?? ?? ?? ?? ??
0x000001ec8aeb0080:   ?? ?? ?? ?? ?? ?? ?? ?? ?? ?? ?? ?? ?? ?? ?? ??
0x000001ec8aeb0090:   ?? ?? ?? ?? ?? ?? ?? ?? ?? ?? ?? ?? ?? ?? ?? ??
0x000001ec8aeb00a0:   ?? ?? ?? ?? ?? ?? ?? ?? ?? ?? ?? ?? ?? ?? ?? ??
0x000001ec8aeb00b0:   ?? ?? ?? ?? ?? ?? ?? ?? ?? ?? ?? ?? ?? ?? ?? ??
0x000001ec8aeb00c0:   ?? ?? ?? ?? ?? ?? ?? ?? ?? ?? ?? ?? ?? ?? ?? ??
0x000001ec8aeb00d0:   ?? ?? ?? ?? ?? ?? ?? ?? ?? ?? ?? ?? ?? ?? ?? ??
0x000001ec8aeb00e0:   ?? ?? ?? ?? ?? ?? ?? ?? ?? ?? ?? ?? ?? ?? ?? ??
0x000001ec8aeb00f0:   ?? ?? ?? ?? ?? ?? ?? ?? ?? ?? ?? ?? ?? ?? ?? ?? 


Stack slot to memory mapping:
stack at sp + 0 slots: 0x00007ffdb1951f7c glfw.dll
stack at sp + 1 slots: 0x000000070af10030 is an oop: com.badlogic.gdx.backends.lwjgl3.Lwjgl3GL20 
{0x000000070af10030} - klass: 'com/badlogic/gdx/backends/lwjgl3/Lwjgl3GL20'
 - ---- fields (total size 3 words):
 - private 'buffer' 'Ljava/nio/ByteBuffer;' @12  a 'java/nio/DirectByteBuffer'{0x000000070af10048} (e15e2009)
 - private 'floatBuffer' 'Ljava/nio/FloatBuffer;' @16  a 'java/nio/DirectFloatBufferU'{0x000000070af10088} (e15e2011)
 - private 'intBuffer' 'Ljava/nio/IntBuffer;' @20  a 'java/nio/DirectIntBufferU'{0x000000070af100c0} (e15e2018)
stack at sp + 2 slots: 0x0000140600000002 is an unknown value
stack at sp + 3 slots: 0x0000000700000014 is an unknown value
stack at sp + 4 slots: 0x438c000041700000 is an unknown value
stack at sp + 5 slots: 0x000000070b83c098 is an oop: com.badlogic.gdx.graphics.Mesh 
{0x000000070b83c098} - klass: 'com/badlogic/gdx/graphics/Mesh'
 - ---- fields (total size 4 words):
 - 'autoBind' 'Z' @12  true
 - final 'isVertexArray' 'Z' @13  true
 - 'isInstanced' 'Z' @14  false
 - final 'vertices' 'Lcom/badlogic/gdx/graphics/glutils/VertexData;' @16  a 'com/badlogic/gdx/graphics/glutils/VertexArray'{0x000000070b83c0b8} (e1707817)
 - final 'indices' 'Lcom/badlogic/gdx/graphics/glutils/IndexData;' @20  a 'com/badlogic/gdx/graphics/glutils/IndexArray'{0x000000070b83c2c0} (e1707858)
 - 'instances' 'Lcom/badlogic/gdx/graphics/glutils/InstanceData;' @24  NULL (0)
 - private final 'tmpV' 'Lcom/badlogic/gdx/math/Vector3;' @28  a 'com/badlogic/gdx/math/Vector3'{0x000000070b83c350} (e170786a)
stack at sp + 6 slots: 0x000001ec9533f57c is at entry_point+2172 in (nmethod*)0x000001ec9533e990
stack at sp + 7 slots: 0x57464c4720656854 is an unknown value


---------------  P R O C E S S  ---------------

Threads class SMR info:
_java_thread_list=0x000001ecc252ef80, length=38, elements={
0x000001ec8cef2640, 0x000001ecb03ea250, 0x000001ecb03ec3f0, 0x000001ecb0402150,
0x000001ecb0402a10, 0x000001ecb04034e0, 0x000001ecb0403da0, 0x000001ecb0404990,
0x000001ecb0407b00, 0x000001ecb0408400, 0x000001ecb114ce50, 0x000001ecb1156970,
0x000001ecb42d1030, 0x000001ecbfbdbf70, 0x000001ecbc203b20, 0x000001ecc18edc90,
0x000001ecbc2468c0, 0x000001ecb4406bc0, 0x000001ecb4404540, 0x000001ecb4406220,
0x000001ecb4405d50, 0x000001ecb4404a10, 0x000001ecb4404070, 0x000001ecbbfd46c0,
0x000001ecbbfd6870, 0x000001ecbbfd8550, 0x000001ecbbfd93c0, 0x000001ecbbfdb0a0,
0x000001ecbbfd8a20, 0x000001ecbbfd76e0, 0x000001ecbbfd7210, 0x000001ecbbfd5a00,
0x000001ecbbfd9d60, 0x000001ecbbfda700, 0x000001ecbbfdabd0, 0x000001ecbbfd5060,
0x000001ecbbfd7bb0, 0x000001ecbbfd8ef0
}

Java Threads: ( => current thread )
=>0x000001ec8cef2640 JavaThread "main" [_thread_in_native, id=17728, stack(0x000000e394500000,0x000000e394600000)]
  0x000001ecb03ea250 JavaThread "Reference Handler" daemon [_thread_blocked, id=22756, stack(0x000000e394c00000,0x000000e394d00000)]
  0x000001ecb03ec3f0 JavaThread "Finalizer" daemon [_thread_blocked, id=19832, stack(0x000000e394d00000,0x000000e394e00000)]
  0x000001ecb0402150 JavaThread "Signal Dispatcher" daemon [_thread_blocked, id=19332, stack(0x000000e394e00000,0x000000e394f00000)]
  0x000001ecb0402a10 JavaThread "Attach Listener" daemon [_thread_blocked, id=4444, stack(0x000000e394f00000,0x000000e395000000)]
  0x000001ecb04034e0 JavaThread "Service Thread" daemon [_thread_blocked, id=12276, stack(0x000000e395000000,0x000000e395100000)]
  0x000001ecb0403da0 JavaThread "Monitor Deflation Thread" daemon [_thread_blocked, id=9720, stack(0x000000e395100000,0x000000e395200000)]
  0x000001ecb0404990 JavaThread "C2 CompilerThread0" daemon [_thread_blocked, id=16236, stack(0x000000e395200000,0x000000e395300000)]
  0x000001ecb0407b00 JavaThread "C1 CompilerThread0" daemon [_thread_blocked, id=26564, stack(0x000000e395300000,0x000000e395400000)]
  0x000001ecb0408400 JavaThread "Sweeper thread" daemon [_thread_blocked, id=19556, stack(0x000000e395400000,0x000000e395500000)]
  0x000001ecb114ce50 JavaThread "Notification Thread" daemon [_thread_blocked, id=19340, stack(0x000000e395700000,0x000000e395800000)]
  0x000001ecb1156970 JavaThread "Common-Cleaner" daemon [_thread_blocked, id=3692, stack(0x000000e395900000,0x000000e395a00000)]
  0x000001ecb42d1030 JavaThread "LWJGL3 Timer" daemon [_thread_blocked, id=26032, stack(0x000000e396300000,0x000000e396400000)]
  0x000001ecbfbdbf70 JavaThread "LWJGL3 Timer" daemon [_thread_blocked, id=24164, stack(0x000000e397100000,0x000000e397200000)]
  0x000001ecbc203b20 JavaThread "Java Sound Event Dispatcher" daemon [_thread_blocked, id=14692, stack(0x000000e397b00000,0x000000e397c00000)]
  0x000001ecc18edc90 JavaThread "Direct Clip" daemon [_thread_blocked, id=26400, stack(0x000000e397f00000,0x000000e398000000)]
  0x000001ecbc2468c0 JavaThread "Direct Clip" daemon [_thread_blocked, id=26236, stack(0x000000e398000000,0x000000e398100000)]
  0x000001ecb4406bc0 JavaThread "Direct Clip" daemon [_thread_blocked, id=23072, stack(0x000000e396e00000,0x000000e396f00000)]
  0x000001ecb4404540 JavaThread "Direct Clip" daemon [_thread_blocked, id=24596, stack(0x000000e397000000,0x000000e397100000)]
  0x000001ecb4406220 JavaThread "Direct Clip" daemon [_thread_blocked, id=23696, stack(0x000000e395600000,0x000000e395700000)]
  0x000001ecb4405d50 JavaThread "Direct Clip" daemon [_thread_blocked, id=14048, stack(0x000000e396d00000,0x000000e396e00000)]
  0x000001ecb4404a10 JavaThread "Direct Clip" daemon [_thread_blocked, id=24620, stack(0x000000e397200000,0x000000e397300000)]
  0x000001ecb4404070 JavaThread "Direct Clip" daemon [_thread_blocked, id=14344, stack(0x000000e397500000,0x000000e397600000)]
  0x000001ecbbfd46c0 JavaThread "Direct Clip" daemon [_thread_blocked, id=19948, stack(0x000000e398300000,0x000000e398400000)]
  0x000001ecbbfd6870 JavaThread "Direct Clip" daemon [_thread_blocked, id=14080, stack(0x000000e398400000,0x000000e398500000)]
  0x000001ecbbfd8550 JavaThread "Direct Clip" daemon [_thread_blocked, id=20336, stack(0x000000e398600000,0x000000e398700000)]
  0x000001ecbbfd93c0 JavaThread "Direct Clip" daemon [_thread_blocked, id=21892, stack(0x000000e396f00000,0x000000e397000000)]
  0x000001ecbbfdb0a0 JavaThread "Direct Clip" daemon [_thread_blocked, id=10316, stack(0x000000e398a00000,0x000000e398b00000)]
  0x000001ecbbfd8a20 JavaThread "Direct Clip" daemon [_thread_blocked, id=12020, stack(0x000000e398c00000,0x000000e398d00000)]
  0x000001ecbbfd76e0 JavaThread "Direct Clip" daemon [_thread_blocked, id=14232, stack(0x000000e398e00000,0x000000e398f00000)]
  0x000001ecbbfd7210 JavaThread "Direct Clip" daemon [_thread_blocked, id=6244, stack(0x000000e398200000,0x000000e398300000)]
  0x000001ecbbfd5a00 JavaThread "Direct Clip" daemon [_thread_blocked, id=25908, stack(0x000000e398500000,0x000000e398600000)]
  0x000001ecbbfd9d60 JavaThread "Direct Clip" daemon [_thread_blocked, id=27072, stack(0x000000e398900000,0x000000e398a00000)]
  0x000001ecbbfda700 JavaThread "Direct Clip" daemon [_thread_blocked, id=23700, stack(0x000000e398b00000,0x000000e398c00000)]
  0x000001ecbbfdabd0 JavaThread "Direct Clip" daemon [_thread_blocked, id=16392, stack(0x000000e398d00000,0x000000e398e00000)]
  0x000001ecbbfd5060 JavaThread "Direct Clip" daemon [_thread_blocked, id=25888, stack(0x000000e398f00000,0x000000e399000000)]
  0x000001ecbbfd7bb0 JavaThread "Direct Clip" daemon [_thread_blocked, id=16680, stack(0x000000e399200000,0x000000e399300000)]
  0x000001ecbbfd8ef0 JavaThread "Direct Clip" daemon [_thread_blocked, id=9576, stack(0x000000e399400000,0x000000e399500000)]

Other Threads:
  0x000001ecb03e2f70 VMThread "VM Thread" [stack: 0x000000e394b00000,0x000000e394c00000] [id=16096]
  0x000001ec8cf71f10 WatcherThread [stack: 0x000000e395800000,0x000000e395900000] [id=26872]
  0x000001ec8cf49e60 GCTaskThread "GC Thread#0" [stack: 0x000000e394600000,0x000000e394700000] [id=27104]
  0x000001ecb41e04c0 GCTaskThread "GC Thread#1" [stack: 0x000000e396200000,0x000000e396300000] [id=14776]
  0x000001ecb41e0f80 GCTaskThread "GC Thread#2" [stack: 0x000000e396400000,0x000000e396500000] [id=14704]
  0x000001ecb41e2500 GCTaskThread "GC Thread#3" [stack: 0x000000e396500000,0x000000e396600000] [id=17668]
  0x000001ecb41e2d10 GCTaskThread "GC Thread#4" [stack: 0x000000e396600000,0x000000e396700000] [id=18908]
  0x000001ecb41e1230 GCTaskThread "GC Thread#5" [stack: 0x000000e396700000,0x000000e396800000] [id=24820]
  0x000001ecb41e14e0 GCTaskThread "GC Thread#6" [stack: 0x000000e396800000,0x000000e396900000] [id=23804]
  0x000001ecbfbd7f80 GCTaskThread "GC Thread#7" [stack: 0x000000e397600000,0x000000e397700000] [id=19632]
  0x000001ecbfbd8a40 GCTaskThread "GC Thread#8" [stack: 0x000000e398700000,0x000000e398800000] [id=6024]
  0x000001ecbfbd9fc0 GCTaskThread "GC Thread#9" [stack: 0x000000e398800000,0x000000e398900000] [id=26960]
  0x000001ec8cf5a2b0 ConcurrentGCThread "G1 Main Marker" [stack: 0x000000e394700000,0x000000e394800000] [id=26364]
  0x000001ec8cf5c380 ConcurrentGCThread "G1 Conc#0" [stack: 0x000000e394800000,0x000000e394900000] [id=24468]
  0x000001ecbfbd8cf0 ConcurrentGCThread "G1 Conc#1" [stack: 0x000000e399000000,0x000000e399100000] [id=22760]
  0x000001ecbfbd7cd0 ConcurrentGCThread "G1 Conc#2" [stack: 0x000000e399100000,0x000000e399200000] [id=21380]
  0x000001ec8cfbebc0 ConcurrentGCThread "G1 Refine#0" [stack: 0x000000e394900000,0x000000e394a00000] [id=20272]
  0x000001ecbfbc6c10 ConcurrentGCThread "G1 Refine#1" [stack: 0x000000e397700000,0x000000e397800000] [id=11704]
  0x000001ecbc0f3c50 ConcurrentGCThread "G1 Refine#2" [stack: 0x000000e397800000,0x000000e397900000] [id=7080]
  0x000001ecc0753690 ConcurrentGCThread "G1 Refine#3" [stack: 0x000000e397900000,0x000000e397a00000] [id=21476]
  0x000001ecbc1f4730 ConcurrentGCThread "G1 Refine#4" [stack: 0x000000e397a00000,0x000000e397b00000] [id=18968]
  0x000001ecc1819050 ConcurrentGCThread "G1 Refine#5" [stack: 0x000000e397c00000,0x000000e397d00000] [id=11200]
  0x000001ecb029e670 ConcurrentGCThread "G1 Service" [stack: 0x000000e394a00000,0x000000e394b00000] [id=14376]

Threads with active compile tasks:

VM state: not at safepoint (normal execution)

VM Mutex/Monitor currently owned by a thread: None

Heap address: 0x000000070a000000, size: 3936 MB, Compressed Oops mode: Zero based, Oop shift amount: 3

CDS archive(s) mapped at: [0x0000000800000000-0x0000000800bc0000-0x0000000800bc0000), size 12320768, SharedBaseAddress: 0x0000000800000000, ArchiveRelocationMode: 0.
Compressed class space mapped at: 0x0000000800c00000-0x0000000840c00000, reserved size: 1073741824
Narrow klass base: 0x0000000800000000, Narrow klass shift: 0, Narrow klass range: 0x100000000

GC Precious Log:
 CPUs: 16 total, 16 available
 Memory: 15741M
 Large Page Support: Disabled
 NUMA Support: Disabled
 Compressed Oops: Enabled (Zero based)
 Heap Region Size: 2M
 Heap Min Capacity: 8M
 Heap Initial Capacity: 246M
 Heap Max Capacity: 3936M
 Pre-touch: Disabled
 Parallel Workers: 13
 Concurrent Workers: 3
 Concurrent Refinement Workers: 13
 Periodic GC: Disabled

Heap:
 garbage-first heap   total 172032K, used 60943K [0x000000070a000000, 0x0000000800000000)
  region size 2048K, 11 young (22528K), 1 survivors (2048K)
 Metaspace       used 10492K, committed 10688K, reserved 1064960K
  class space    used 743K, committed 832K, reserved 1048576K

Heap Regions: E=young(eden), S=young(survivor), O=old, HS=humongous(starts), HC=humongous(continues), CS=collection set, F=free, OA=open archive, CA=closed archive, TAMS=top-at-mark-start (previous, next)
|   0|0x000000070a000000, 0x000000070a200000, 0x000000070a200000|100%| O|  |TAMS 0x000000070a200000, 0x000000070a000000| Untracked 
|   1|0x000000070a200000, 0x000000070a200000, 0x000000070a400000|  0%| F|  |TAMS 0x000000070a200000, 0x000000070a200000| Untracked 
|   2|0x000000070a400000, 0x000000070a400000, 0x000000070a600000|  0%| F|  |TAMS 0x000000070a400000, 0x000000070a400000| Untracked 
|   3|0x000000070a600000, 0x000000070a600000, 0x000000070a800000|  0%| F|  |TAMS 0x000000070a600000, 0x000000070a600000| Untracked 
|   4|0x000000070a800000, 0x000000070a800000, 0x000000070aa00000|  0%| F|  |TAMS 0x000000070a800000, 0x000000070a800000| Untracked 
|   5|0x000000070aa00000, 0x000000070aa00000, 0x000000070ac00000|  0%| F|  |TAMS 0x000000070aa00000, 0x000000070aa00000| Untracked 
|   6|0x000000070ac00000, 0x000000070ac00000, 0x000000070ae00000|  0%| F|  |TAMS 0x000000070ac00000, 0x000000070ac00000| Untracked 
|   7|0x000000070ae00000, 0x000000070b000000, 0x000000070b000000|100%| O|  |TAMS 0x000000070b000000, 0x000000070ae00000| Untracked 
|   8|0x000000070b000000, 0x000000070b200000, 0x000000070b200000|100%| O|  |TAMS 0x000000070b200000, 0x000000070b000000| Untracked 
|   9|0x000000070b200000, 0x000000070b400000, 0x000000070b400000|100%| O|  |TAMS 0x000000070b400000, 0x000000070b200000| Untracked 
|  10|0x000000070b400000, 0x000000070b600000, 0x000000070b600000|100%| O|  |TAMS 0x000000070b600000, 0x000000070b400000| Untracked 
|  11|0x000000070b600000, 0x000000070b800000, 0x000000070b800000|100%| O|  |TAMS 0x000000070b800000, 0x000000070b600000| Untracked 
|  12|0x000000070b800000, 0x000000070ba00000, 0x000000070ba00000|100%| O|  |TAMS 0x000000070ba00000, 0x000000070b800000| Untracked 
|  13|0x000000070ba00000, 0x000000070bc00000, 0x000000070bc00000|100%| O|  |TAMS 0x000000070bc00000, 0x000000070ba00000| Untracked 
|  14|0x000000070bc00000, 0x000000070be00000, 0x000000070be00000|100%| O|  |TAMS 0x000000070bcde200, 0x000000070bc00000| Untracked 
|  15|0x000000070be00000, 0x000000070be00000, 0x000000070c000000|  0%| F|  |TAMS 0x000000070be00000, 0x000000070be00000| Untracked 
|  16|0x000000070c000000, 0x000000070c000000, 0x000000070c200000|  0%| F|  |TAMS 0x000000070c000000, 0x000000070c000000| Untracked 
|  17|0x000000070c200000, 0x000000070c200000, 0x000000070c400000|  0%| F|  |TAMS 0x000000070c200000, 0x000000070c200000| Untracked 
|  18|0x000000070c400000, 0x000000070c400000, 0x000000070c600000|  0%| F|  |TAMS 0x000000070c400000, 0x000000070c400000| Untracked 
|  19|0x000000070c600000, 0x000000070c600000, 0x000000070c800000|  0%| F|  |TAMS 0x000000070c600000, 0x000000070c600000| Untracked 
|  20|0x000000070c800000, 0x000000070c800000, 0x000000070ca00000|  0%| F|  |TAMS 0x000000070c800000, 0x000000070c800000| Untracked 
|  21|0x000000070ca00000, 0x000000070ca00000, 0x000000070cc00000|  0%| F|  |TAMS 0x000000070ca00000, 0x000000070ca00000| Untracked 
|  22|0x000000070cc00000, 0x000000070cc00000, 0x000000070ce00000|  0%| F|  |TAMS 0x000000070cc00000, 0x000000070cc00000| Untracked 
|  23|0x000000070ce00000, 0x000000070ce00000, 0x000000070d000000|  0%| F|  |TAMS 0x000000070ce00000, 0x000000070ce00000| Untracked 
|  24|0x000000070d000000, 0x000000070d000000, 0x000000070d200000|  0%| F|  |TAMS 0x000000070d000000, 0x000000070d000000| Untracked 
|  25|0x000000070d200000, 0x000000070d200000, 0x000000070d400000|  0%| F|  |TAMS 0x000000070d200000, 0x000000070d200000| Untracked 
|  26|0x000000070d400000, 0x000000070d400000, 0x000000070d600000|  0%| F|  |TAMS 0x000000070d400000, 0x000000070d400000| Untracked 
|  27|0x000000070d600000, 0x000000070d600000, 0x000000070d800000|  0%| F|  |TAMS 0x000000070d600000, 0x000000070d600000| Untracked 
|  28|0x000000070d800000, 0x000000070d800000, 0x000000070da00000|  0%| F|  |TAMS 0x000000070d800000, 0x000000070d800000| Untracked 
|  29|0x000000070da00000, 0x000000070da00000, 0x000000070dc00000|  0%| F|  |TAMS 0x000000070da00000, 0x000000070da00000| Untracked 
|  30|0x000000070dc00000, 0x000000070dc00000, 0x000000070de00000|  0%| F|  |TAMS 0x000000070dc00000, 0x000000070dc00000| Untracked 
|  31|0x000000070de00000, 0x000000070de00000, 0x000000070e000000|  0%| F|  |TAMS 0x000000070de00000, 0x000000070de00000| Untracked 
|  32|0x000000070e000000, 0x000000070e000000, 0x000000070e200000|  0%| F|  |TAMS 0x000000070e000000, 0x000000070e000000| Untracked 
|  33|0x000000070e200000, 0x000000070e200000, 0x000000070e400000|  0%| F|  |TAMS 0x000000070e200000, 0x000000070e200000| Untracked 
|  34|0x000000070e400000, 0x000000070e400000, 0x000000070e600000|  0%| F|  |TAMS 0x000000070e400000, 0x000000070e400000| Untracked 
|  35|0x000000070e600000, 0x000000070e600000, 0x000000070e800000|  0%| F|  |TAMS 0x000000070e600000, 0x000000070e600000| Untracked 
|  36|0x000000070e800000, 0x000000070e800000, 0x000000070ea00000|  0%| F|  |TAMS 0x000000070e800000, 0x000000070e800000| Untracked 
|  37|0x000000070ea00000, 0x000000070ea00000, 0x000000070ec00000|  0%| F|  |TAMS 0x000000070ea00000, 0x000000070ea00000| Untracked 
|  38|0x000000070ec00000, 0x000000070ec00000, 0x000000070ee00000|  0%| F|  |TAMS 0x000000070ec00000, 0x000000070ec00000| Untracked 
|  39|0x000000070ee00000, 0x000000070ee00000, 0x000000070f000000|  0%| F|  |TAMS 0x000000070ee00000, 0x000000070ee00000| Untracked 
|  40|0x000000070f000000, 0x000000070f000000, 0x000000070f200000|  0%| F|  |TAMS 0x000000070f000000, 0x000000070f000000| Untracked 
|  41|0x000000070f200000, 0x000000070f200000, 0x000000070f400000|  0%| F|  |TAMS 0x000000070f200000, 0x000000070f200000| Untracked 
|  42|0x000000070f400000, 0x000000070f400000, 0x000000070f600000|  0%| F|  |TAMS 0x000000070f400000, 0x000000070f400000| Untracked 
|  43|0x000000070f600000, 0x000000070f600000, 0x000000070f800000|  0%| F|  |TAMS 0x000000070f600000, 0x000000070f600000| Untracked 
|  44|0x000000070f800000, 0x000000070f800000, 0x000000070fa00000|  0%| F|  |TAMS 0x000000070f800000, 0x000000070f800000| Untracked 
|  45|0x000000070fa00000, 0x000000070fa00000, 0x000000070fc00000|  0%| F|  |TAMS 0x000000070fa00000, 0x000000070fa00000| Untracked 
|  46|0x000000070fc00000, 0x000000070fc00000, 0x000000070fe00000|  0%| F|  |TAMS 0x000000070fc00000, 0x000000070fc00000| Untracked 
|  47|0x000000070fe00000, 0x000000070fe00000, 0x0000000710000000|  0%| F|  |TAMS 0x000000070fe00000, 0x000000070fe00000| Untracked 
|  48|0x0000000710000000, 0x0000000710000000, 0x0000000710200000|  0%| F|  |TAMS 0x0000000710000000, 0x0000000710000000| Untracked 
|  49|0x0000000710200000, 0x0000000710200000, 0x0000000710400000|  0%| F|  |TAMS 0x0000000710200000, 0x0000000710200000| Untracked 
|  50|0x0000000710400000, 0x0000000710400000, 0x0000000710600000|  0%| F|  |TAMS 0x0000000710400000, 0x0000000710400000| Untracked 
|  51|0x0000000710600000, 0x0000000710600000, 0x0000000710800000|  0%| F|  |TAMS 0x0000000710600000, 0x0000000710600000| Untracked 
|  52|0x0000000710800000, 0x0000000710a00000, 0x0000000710a00000|100%|HS|  |TAMS 0x0000000710a00000, 0x0000000710800000| Complete 
|  53|0x0000000710a00000, 0x0000000710c00000, 0x0000000710c00000|100%|HS|  |TAMS 0x0000000710c00000, 0x0000000710a00000| Complete 
|  54|0x0000000710c00000, 0x0000000710e00000, 0x0000000710e00000|100%|HS|  |TAMS 0x0000000710e00000, 0x0000000710c00000| Complete 
|  55|0x0000000710e00000, 0x0000000711000000, 0x0000000711000000|100%| O|  |TAMS 0x0000000710e00000, 0x0000000710e00000| Untracked 
|  56|0x0000000711000000, 0x0000000711200000, 0x0000000711200000|100%| O|  |TAMS 0x0000000711000000, 0x0000000711000000| Untracked 
|  57|0x0000000711200000, 0x0000000711400000, 0x0000000711400000|100%|HS|  |TAMS 0x0000000711200000, 0x0000000711200000| Complete 
|  58|0x0000000711400000, 0x0000000711600000, 0x0000000711600000|100%|HS|  |TAMS 0x0000000711400000, 0x0000000711400000| Complete 
|  59|0x0000000711600000, 0x0000000711600000, 0x0000000711800000|  0%| F|  |TAMS 0x0000000711600000, 0x0000000711600000| Untracked 
|  60|0x0000000711800000, 0x0000000711800000, 0x0000000711a00000|  0%| F|  |TAMS 0x0000000711800000, 0x0000000711800000| Untracked 
|  61|0x0000000711a00000, 0x0000000711a00000, 0x0000000711c00000|  0%| F|  |TAMS 0x0000000711a00000, 0x0000000711a00000| Untracked 
|  62|0x0000000711c00000, 0x0000000711c00000, 0x0000000711e00000|  0%| F|  |TAMS 0x0000000711c00000, 0x0000000711c00000| Untracked 
|  63|0x0000000711e00000, 0x0000000711e00000, 0x0000000712000000|  0%| F|  |TAMS 0x0000000711e00000, 0x0000000711e00000| Untracked 
|  64|0x0000000712000000, 0x0000000712000000, 0x0000000712200000|  0%| F|  |TAMS 0x0000000712000000, 0x0000000712000000| Untracked 
|  65|0x0000000712200000, 0x0000000712400000, 0x0000000712400000|100%| O|  |TAMS 0x0000000712200000, 0x0000000712200000| Untracked 
|  66|0x0000000712400000, 0x0000000712600000, 0x0000000712600000|100%| O|  |TAMS 0x0000000712400000, 0x0000000712400000| Untracked 
|  67|0x0000000712600000, 0x0000000712800000, 0x0000000712800000|100%| O|  |TAMS 0x0000000712600000, 0x0000000712600000| Untracked 
|  68|0x0000000712800000, 0x0000000712a00000, 0x0000000712a00000|100%| O|  |TAMS 0x0000000712800000, 0x0000000712800000| Untracked 
|  69|0x0000000712a00000, 0x0000000712c00000, 0x0000000712c00000|100%| O|  |TAMS 0x0000000712a00000, 0x0000000712a00000| Untracked 
|  70|0x0000000712c00000, 0x0000000712d4b800, 0x0000000712e00000| 64%| O|  |TAMS 0x0000000712c00000, 0x0000000712c00000| Untracked 
|  71|0x0000000712e00000, 0x0000000712e00000, 0x0000000713000000|  0%| F|  |TAMS 0x0000000712e00000, 0x0000000712e00000| Untracked 
|  72|0x0000000713000000, 0x0000000713000000, 0x0000000713200000|  0%| F|  |TAMS 0x0000000713000000, 0x0000000713000000| Untracked 
|  73|0x0000000713200000, 0x0000000713400000, 0x0000000713400000|100%| E|  |TAMS 0x0000000713200000, 0x0000000713200000| Complete 
|  74|0x0000000713400000, 0x0000000713600000, 0x0000000713600000|100%| E|CS|TAMS 0x0000000713400000, 0x0000000713400000| Complete 
|  75|0x0000000713600000, 0x0000000713800000, 0x0000000713800000|100%| E|CS|TAMS 0x0000000713600000, 0x0000000713600000| Complete 
|  76|0x0000000713800000, 0x0000000713a00000, 0x0000000713a00000|100%| E|CS|TAMS 0x0000000713800000, 0x0000000713800000| Complete 
|  77|0x0000000713a00000, 0x0000000713c00000, 0x0000000713c00000|100%| E|CS|TAMS 0x0000000713a00000, 0x0000000713a00000| Complete 
|  78|0x0000000713c00000, 0x0000000713e00000, 0x0000000713e00000|100%| E|CS|TAMS 0x0000000713c00000, 0x0000000713c00000| Complete 
|  79|0x0000000713e00000, 0x0000000714000000, 0x0000000714000000|100%| E|CS|TAMS 0x0000000713e00000, 0x0000000713e00000| Complete 
|  80|0x0000000714000000, 0x0000000714200000, 0x0000000714200000|100%| E|CS|TAMS 0x0000000714000000, 0x0000000714000000| Complete 
| 120|0x0000000719000000, 0x0000000719200000, 0x0000000719200000|100%| E|CS|TAMS 0x0000000719000000, 0x0000000719000000| Complete 
| 121|0x0000000719200000, 0x0000000719238460, 0x0000000719400000| 10%| S|CS|TAMS 0x0000000719200000, 0x0000000719200000| Complete 
| 122|0x0000000719400000, 0x0000000719600000, 0x0000000719600000|100%| E|  |TAMS 0x0000000719400000, 0x0000000719400000| Complete 

Card table byte_map: [0x000001eca49e0000,0x000001eca5190000] _byte_map_base: 0x000001eca1190000

Marking Bits (Prev, Next): (CMBitMap*) 0x000001ec8cf4a3c0, (CMBitMap*) 0x000001ec8cf4a380
 Prev Bits: [0x000001eca96c0000, 0x000001ecad440000)
 Next Bits: [0x000001eca5940000, 0x000001eca96c0000)

Polling page: 0x000001ec8acc0000

Metaspace:

Usage:
  Non-class:      9.52 MB used.
      Class:    743.16 KB used.
       Both:     10.25 MB used.

Virtual space:
  Non-class space:       16.00 MB reserved,       9.62 MB ( 60%) committed,  2 nodes.
      Class space:        1.00 GB reserved,     832.00 KB ( <1%) committed,  1 nodes.
             Both:        1.02 GB reserved,      10.44 MB (  1%) committed. 

Chunk freelists:
   Non-Class:  608.00 KB
       Class:  3.16 MB
        Both:  3.76 MB

MaxMetaspaceSize: unlimited
CompressedClassSpaceSize: 1.00 GB
Initial GC threshold: 21.00 MB
Current GC threshold: 21.00 MB
CDS: on
MetaspaceReclaimPolicy: balanced
 - commit_granule_bytes: 65536.
 - commit_granule_words: 8192.
 - virtual_space_node_default_size: 1048576.
 - enlarge_chunks_in_place: 1.
 - new_chunks_are_fully_committed: 0.
 - uncommit_free_chunks: 1.
 - use_allocation_guard: 0.
 - handle_deallocations: 1.


Internal statistics:

num_allocs_failed_limit: 0.
num_arena_births: 60.
num_arena_deaths: 0.
num_vsnodes_births: 3.
num_vsnodes_deaths: 0.
num_space_committed: 165.
num_space_uncommitted: 0.
num_chunks_returned_to_freelist: 0.
num_chunks_taken_from_freelist: 348.
num_chunk_merges: 0.
num_chunk_splits: 286.
num_chunks_enlarged: 252.
num_purges: 0.
num_inconsistent_stats: 0.

CodeHeap 'non-profiled nmethods': size=119168Kb used=2071Kb max_used=2071Kb free=117097Kb
 bounds [0x000001ec9c550000, 0x000001ec9c7c0000, 0x000001eca39b0000]
CodeHeap 'profiled nmethods': size=119104Kb used=4362Kb max_used=4362Kb free=114742Kb
 bounds [0x000001ec95100000, 0x000001ec95550000, 0x000001ec9c550000]
CodeHeap 'non-nmethods': size=7488Kb used=1663Kb max_used=3390Kb free=5824Kb
 bounds [0x000001ec949b0000, 0x000001ec94d10000, 0x000001ec95100000]
 total_blobs=3560 nmethods=2450 adapters=1023
 compilation: enabled
              stopped_count=0, restarted_count=0
 full_count=0

Compilation events (20 events):
Event: 21.516 Thread 0x000001ecb0407b00 nmethod 2442 0x000001ec95541e10 code [0x000001ec95541fc0, 0x000001ec95542248]
Event: 21.516 Thread 0x000001ecb0407b00 2443       3       java.lang.reflect.ReflectAccess::getExecutableSharedParameterTypes (5 bytes)
Event: 21.516 Thread 0x000001ecb0407b00 nmethod 2443 0x000001ec95542390 code [0x000001ec95542540, 0x000001ec95542708]
Event: 21.558 Thread 0x000001ecb0404990 nmethod 2440 0x000001ec9c743a90 code [0x000001ec9c743da0, 0x000001ec9c745ec8]
Event: 21.558 Thread 0x000001ecb0404990 2444       4       jdk.internal.ref.CleanerFactory::cleaner (4 bytes)
Event: 21.558 Thread 0x000001ecb0404990 nmethod 2444 0x000001ec9c747810 code [0x000001ec9c747980, 0x000001ec9c7479d8]
Event: 21.702 Thread 0x000001ecb0404990 2445       4       com.badlogic.gdx.graphics.g3d.utils.shapebuilders.CylinderShapeBuilder::build (407 bytes)
Event: 21.747 Thread 0x000001ecb0404990 nmethod 2445 0x000001ec9c747b10 code [0x000001ec9c747e60, 0x000001ec9c74bed0]
Event: 22.406 Thread 0x000001ecb0404990 2446       4       com.badlogic.gdx.math.Frustum::update (263 bytes)
Event: 22.421 Thread 0x000001ecb0404990 nmethod 2446 0x000001ec9c74d810 code [0x000001ec9c74da80, 0x000001ec9c74eac8]
Event: 22.467 Thread 0x000001ecb0404990 2447       4       java.util.regex.Pattern$GroupTail::match (111 bytes)
Event: 22.472 Thread 0x000001ecb0404990 nmethod 2447 0x000001ec9c74f290 code [0x000001ec9c74f4a0, 0x000001ec9c74fda0]
Event: 22.483 Thread 0x000001ecb0404990 2448       4       java.util.regex.Pattern$BmpCharPropertyGreedy::match (89 bytes)
Event: 22.493 Thread 0x000001ecb0404990 nmethod 2448 0x000001ec9c750610 code [0x000001ec9c750860, 0x000001ec9c751650]
Event: 22.517 Thread 0x000001ecb0407b00 2449       1       com.sun.media.sound.AbstractDataLine::getBufferSize (5 bytes)
Event: 22.517 Thread 0x000001ecb0407b00 nmethod 2449 0x000001ec9c752490 code [0x000001ec9c752620, 0x000001ec9c7526f8]
Event: 22.662 Thread 0x000001ecb0404990 2450       4       com.badlogic.gdx.graphics.g3d.shaders.BaseShader::end (31 bytes)
Event: 22.670 Thread 0x000001ecb0404990 nmethod 2450 0x000001ec9c752790 code [0x000001ec9c7529c0, 0x000001ec9c753310]
Event: 23.095 Thread 0x000001ecb0404990 2451       4       com.badlogic.gdx.graphics.g3d.shaders.BaseShader::begin (85 bytes)
Event: 23.105 Thread 0x000001ecb0404990 nmethod 2451 0x000001ec9c753d90 code [0x000001ec9c753fa0, 0x000001ec9c754bc0]

GC Heap History (12 events):
Event: 2.058 GC heap before
{Heap before GC invocations=0 (full 0):
 garbage-first heap   total 251904K, used 22528K [0x000000070a000000, 0x0000000800000000)
  region size 2048K, 11 young (22528K), 0 survivors (0K)
 Metaspace       used 7200K, committed 7360K, reserved 1064960K
  class space    used 438K, committed 512K, reserved 1048576K
}
Event: 2.061 GC heap after
{Heap after GC invocations=1 (full 0):
 garbage-first heap   total 251904K, used 2713K [0x000000070a000000, 0x0000000800000000)
  region size 2048K, 2 young (4096K), 2 survivors (4096K)
 Metaspace       used 7200K, committed 7360K, reserved 1064960K
  class space    used 438K, committed 512K, reserved 1048576K
}
Event: 4.675 GC heap before
{Heap before GC invocations=1 (full 0):
 garbage-first heap   total 251904K, used 51865K [0x000000070a000000, 0x0000000800000000)
  region size 2048K, 20 young (40960K), 2 survivors (4096K)
 Metaspace       used 10155K, committed 10304K, reserved 1064960K
  class space    used 726K, committed 768K, reserved 1048576K
}
Event: 4.683 GC heap after
{Heap after GC invocations=2 (full 0):
 garbage-first heap   total 251904K, used 28901K [0x000000070a000000, 0x0000000800000000)
  region size 2048K, 3 young (6144K), 3 survivors (6144K)
 Metaspace       used 10155K, committed 10304K, reserved 1064960K
  class space    used 726K, committed 768K, reserved 1048576K
}
Event: 5.146 GC heap before
{Heap before GC invocations=2 (full 0):
 garbage-first heap   total 251904K, used 35045K [0x000000070a000000, 0x0000000800000000)
  region size 2048K, 7 young (14336K), 3 survivors (6144K)
 Metaspace       used 10200K, committed 10304K, reserved 1064960K
  class space    used 728K, committed 768K, reserved 1048576K
}
Event: 5.151 GC heap after
{Heap after GC invocations=3 (full 0):
 garbage-first heap   total 251904K, used 31543K [0x000000070a000000, 0x0000000800000000)
  region size 2048K, 1 young (2048K), 1 survivors (2048K)
 Metaspace       used 10200K, committed 10304K, reserved 1064960K
  class space    used 728K, committed 768K, reserved 1048576K
}
Event: 12.398 GC heap before
{Heap before GC invocations=3 (full 0):
 garbage-first heap   total 251904K, used 150327K [0x000000070a000000, 0x0000000800000000)
  region size 2048K, 45 young (92160K), 1 survivors (2048K)
 Metaspace       used 10354K, committed 10432K, reserved 1064960K
  class space    used 729K, committed 768K, reserved 1048576K
}
Event: 12.401 GC heap after
{Heap after GC invocations=4 (full 0):
 garbage-first heap   total 251904K, used 68700K [0x000000070a000000, 0x0000000800000000)
  region size 2048K, 5 young (10240K), 5 survivors (10240K)
 Metaspace       used 10354K, committed 10432K, reserved 1064960K
  class space    used 729K, committed 768K, reserved 1048576K
}
Event: 21.441 GC heap before
{Heap before GC invocations=4 (full 0):
 garbage-first heap   total 251904K, used 222300K [0x000000070a000000, 0x0000000800000000)
  region size 2048K, 58 young (118784K), 5 survivors (10240K)
 Metaspace       used 10484K, committed 10688K, reserved 1064960K
  class space    used 741K, committed 832K, reserved 1048576K
}
Event: 21.445 GC heap after
{Heap after GC invocations=5 (full 0):
 garbage-first heap   total 251904K, used 125816K [0x000000070a000000, 0x0000000800000000)
  region size 2048K, 8 young (16384K), 8 survivors (16384K)
 Metaspace       used 10484K, committed 10688K, reserved 1064960K
  class space    used 741K, committed 832K, reserved 1048576K
}
Event: 21.507 GC heap before
{Heap before GC invocations=5 (full 0):
 garbage-first heap   total 251904K, used 127864K [0x000000070a000000, 0x0000000800000000)
  region size 2048K, 9 young (18432K), 8 survivors (16384K)
 Metaspace       used 10484K, committed 10688K, reserved 1064960K
  class space    used 741K, committed 832K, reserved 1048576K
}
Event: 21.509 GC heap after
{Heap after GC invocations=6 (full 0):
 garbage-first heap   total 251904K, used 128527K [0x000000070a000000, 0x0000000800000000)
  region size 2048K, 1 young (2048K), 1 survivors (2048K)
 Metaspace       used 10484K, committed 10688K, reserved 1064960K
  class space    used 741K, committed 832K, reserved 1048576K
}

Deoptimization events (20 events):
Event: 13.505 Thread 0x000001ec8cef2640 DEOPT PACKING pc=0x000001ec95531808 sp=0x000000e3945fee60
Event: 13.505 Thread 0x000001ec8cef2640 DEOPT UNPACKING pc=0x000001ec94a02b43 sp=0x000000e3945fe338 mode 0
Event: 13.521 Thread 0x000001ec8cef2640 DEOPT PACKING pc=0x000001ec95531808 sp=0x000000e3945fee60
Event: 13.521 Thread 0x000001ec8cef2640 DEOPT UNPACKING pc=0x000001ec94a02b43 sp=0x000000e3945fe338 mode 0
Event: 14.053 Thread 0x000001ec8cef2640 Uncommon trap: trap_request=0xffffff45 fr.pc=0x000001ec9c5f0c98 relative=0x0000000000000098
Event: 14.053 Thread 0x000001ec8cef2640 Uncommon trap: reason=unstable_if action=reinterpret pc=0x000001ec9c5f0c98 method=com.badlogic.gdx.utils.IntArray.add(I)V @ 11 c2
Event: 14.053 Thread 0x000001ec8cef2640 DEOPT PACKING pc=0x000001ec9c5f0c98 sp=0x000000e3945fe2d0
Event: 14.053 Thread 0x000001ec8cef2640 DEOPT UNPACKING pc=0x000001ec94a023a3 sp=0x000000e3945fe270 mode 2
Event: 15.755 Thread 0x000001ec8cef2640 Uncommon trap: trap_request=0xffffff45 fr.pc=0x000001ec9c683004 relative=0x0000000000001b04
Event: 15.755 Thread 0x000001ec8cef2640 Uncommon trap: reason=unstable_if action=reinterpret pc=0x000001ec9c683004 method=com.badlogic.gdx.utils.TimSort.mergeCollapse()V @ 93 c2
Event: 15.755 Thread 0x000001ec8cef2640 DEOPT PACKING pc=0x000001ec9c683004 sp=0x000000e3945fef50
Event: 15.755 Thread 0x000001ec8cef2640 DEOPT UNPACKING pc=0x000001ec94a023a3 sp=0x000000e3945fef58 mode 2
Event: 15.755 Thread 0x000001ec8cef2640 Uncommon trap: trap_request=0xffffff45 fr.pc=0x000001ec9c69ea80 relative=0x00000000000019a0
Event: 15.755 Thread 0x000001ec8cef2640 Uncommon trap: reason=unstable_if action=reinterpret pc=0x000001ec9c69ea80 method=com.badlogic.gdx.utils.TimSort.mergeAt(I)V @ 51 c2
Event: 15.755 Thread 0x000001ec8cef2640 DEOPT PACKING pc=0x000001ec9c69ea80 sp=0x000000e3945feed0
Event: 15.755 Thread 0x000001ec8cef2640 DEOPT UNPACKING pc=0x000001ec94a023a3 sp=0x000000e3945feec0 mode 2
Event: 15.755 Thread 0x000001ec8cef2640 Uncommon trap: trap_request=0xffffff45 fr.pc=0x000001ec9c699a98 relative=0x0000000000001fb8
Event: 15.755 Thread 0x000001ec8cef2640 Uncommon trap: reason=unstable_if action=reinterpret pc=0x000001ec9c699a98 method=com.badlogic.gdx.utils.TimSort.gallopLeft(Ljava/lang/Object;[Ljava/lang/Object;IIILjava/util/Comparator;)I @ 169 c2
Event: 15.755 Thread 0x000001ec8cef2640 DEOPT PACKING pc=0x000001ec9c699a98 sp=0x000000e3945fee30
Event: 15.755 Thread 0x000001ec8cef2640 DEOPT UNPACKING pc=0x000001ec94a023a3 sp=0x000000e3945fee08 mode 2

Classes unloaded (0 events):
No events

Classes redefined (0 events):
No events

Internal exceptions (20 events):
Event: 0.195 Thread 0x000001ec8cef2640 Exception <a 'java/lang/NoSuchMethodError'{0x00000007191dcb10}: 'java.lang.Object java.lang.invoke.DirectMethodHandle$Holder.invokeStaticInit(java.lang.Object)'> (0x00000007191dcb10) 
thrown [e:\jenkins\tmp\workspace\build\src\src\hotspot\share\interpreter\linkResolver.cpp, line 766]
Event: 0.203 Thread 0x000001ec8cef2640 Exception <a 'java/lang/NoSuchMethodError'{0x0000000718e3e940}: 'void java.lang.invoke.DirectMethodHandle$Holder.invokeStatic(java.lang.Object, java.lang.Object)'> (0x0000000718e3e940) 
thrown [e:\jenkins\tmp\workspace\build\src\src\hotspot\share\interpreter\linkResolver.cpp, line 766]
Event: 0.204 Thread 0x000001ec8cef2640 Exception <a 'java/lang/NoSuchMethodError'{0x0000000718e44188}: 'void java.lang.invoke.DirectMethodHandle$Holder.invokeSpecial(java.lang.Object, java.lang.Object, java.lang.Object)'> (0x0000000718e44188) 
thrown [e:\jenkins\tmp\workspace\build\src\src\hotspot\share\interpreter\linkResolver.cpp, line 766]
Event: 0.206 Thread 0x000001ec8cef2640 Exception <a 'java/lang/NoSuchMethodError'{0x0000000718e57510}: 'java.lang.Object java.lang.invoke.DirectMethodHandle$Holder.invokeStatic(java.lang.Object, java.lang.Object, int)'> (0x0000000718e57510) 
thrown [e:\jenkins\tmp\workspace\build\src\src\hotspot\share\interpreter\linkResolver.cpp, line 766]
Event: 0.207 Thread 0x000001ec8cef2640 Exception <a 'java/lang/NoSuchMethodError'{0x0000000718e63280}: 'void java.lang.invoke.DelegatingMethodHandle$Holder.delegate(java.lang.Object, java.lang.Object, int, java.lang.Object)'> (0x0000000718e63280) 
thrown [e:\jenkins\tmp\workspace\build\src\src\hotspot\share\interpreter\linkResolver.cpp, line 766]
Event: 0.207 Thread 0x000001ec8cef2640 Exception <a 'java/lang/NoSuchMethodError'{0x0000000718e674c0}: 'int java.lang.invoke.DirectMethodHandle$Holder.invokeSpecial(java.lang.Object, java.lang.Object, java.lang.Object)'> (0x0000000718e674c0) 
thrown [e:\jenkins\tmp\workspace\build\src\src\hotspot\share\interpreter\linkResolver.cpp, line 766]
Event: 0.236 Thread 0x000001ec8cef2640 Exception <a 'sun/nio/fs/WindowsException'{0x0000000718f0e200}> (0x0000000718f0e200) 
thrown [e:\jenkins\tmp\workspace\build\src\src\hotspot\share\prims\jni.cpp, line 516]
Event: 0.236 Thread 0x000001ec8cef2640 Exception <a 'sun/nio/fs/WindowsException'{0x0000000718f0e758}> (0x0000000718f0e758) 
thrown [e:\jenkins\tmp\workspace\build\src\src\hotspot\share\prims\jni.cpp, line 516]
Event: 0.263 Thread 0x000001ec8cef2640 Exception <a 'sun/nio/fs/WindowsException'{0x0000000718ffc4d8}> (0x0000000718ffc4d8) 
thrown [e:\jenkins\tmp\workspace\build\src\src\hotspot\share\prims\jni.cpp, line 516]
Event: 0.263 Thread 0x000001ec8cef2640 Exception <a 'sun/nio/fs/WindowsException'{0x0000000718ffc878}> (0x0000000718ffc878) 
thrown [e:\jenkins\tmp\workspace\build\src\src\hotspot\share\prims\jni.cpp, line 516]
Event: 0.282 Thread 0x000001ec8cef2640 Exception <a 'sun/nio/fs/WindowsException'{0x0000000718caae80}> (0x0000000718caae80) 
thrown [e:\jenkins\tmp\workspace\build\src\src\hotspot\share\prims\jni.cpp, line 516]
Event: 0.282 Thread 0x000001ec8cef2640 Exception <a 'sun/nio/fs/WindowsException'{0x0000000718cab1f0}> (0x0000000718cab1f0) 
thrown [e:\jenkins\tmp\workspace\build\src\src\hotspot\share\prims\jni.cpp, line 516]
Event: 0.326 Thread 0x000001ec8cef2640 Exception <a 'sun/nio/fs/WindowsException'{0x0000000718d30220}> (0x0000000718d30220) 
thrown [e:\jenkins\tmp\workspace\build\src\src\hotspot\share\prims\jni.cpp, line 516]
Event: 0.326 Thread 0x000001ec8cef2640 Exception <a 'sun/nio/fs/WindowsException'{0x0000000718d305a8}> (0x0000000718d305a8) 
thrown [e:\jenkins\tmp\workspace\build\src\src\hotspot\share\prims\jni.cpp, line 516]
Event: 0.566 Thread 0x000001ec8cef2640 Exception <a 'sun/nio/fs/WindowsException'{0x0000000718b12eb0}> (0x0000000718b12eb0) 
thrown [e:\jenkins\tmp\workspace\build\src\src\hotspot\share\prims\jni.cpp, line 516]
Event: 0.566 Thread 0x000001ec8cef2640 Exception <a 'sun/nio/fs/WindowsException'{0x0000000718b13260}> (0x0000000718b13260) 
thrown [e:\jenkins\tmp\workspace\build\src\src\hotspot\share\prims\jni.cpp, line 516]
Event: 0.569 Thread 0x000001ec8cef2640 Exception <a 'sun/nio/fs/WindowsException'{0x0000000718b1f3f8}> (0x0000000718b1f3f8) 
thrown [e:\jenkins\tmp\workspace\build\src\src\hotspot\share\prims\jni.cpp, line 516]
Event: 0.569 Thread 0x000001ec8cef2640 Exception <a 'sun/nio/fs/WindowsException'{0x0000000718b1f6e0}> (0x0000000718b1f6e0) 
thrown [e:\jenkins\tmp\workspace\build\src\src\hotspot\share\prims\jni.cpp, line 516]
Event: 4.094 Thread 0x000001ec8cef2640 Implicit null exception at 0x000001ec9c5c20bf to 0x000001ec9c5c219c
Event: 4.664 Thread 0x000001ecc1a6c050 Implicit null exception at 0x000001ec9c5bb9df to 0x000001ec9c5bba9c

VM Operations (20 events):
Event: 19.050 Executing VM operation: ICBufferFull
Event: 19.050 Executing VM operation: ICBufferFull done
Event: 19.730 Executing VM operation: ICBufferFull
Event: 19.730 Executing VM operation: ICBufferFull done
Event: 20.416 Executing VM operation: ICBufferFull
Event: 20.416 Executing VM operation: ICBufferFull done
Event: 21.082 Executing VM operation: ICBufferFull
Event: 21.082 Executing VM operation: ICBufferFull done
Event: 21.441 Executing VM operation: G1CollectForAllocation
Event: 21.446 Executing VM operation: G1CollectForAllocation done
Event: 21.507 Executing VM operation: G1TryInitiateConcMark
Event: 21.509 Executing VM operation: G1TryInitiateConcMark done
Event: 21.520 Executing VM operation: G1Concurrent
Event: 21.521 Executing VM operation: G1Concurrent done
Event: 21.527 Executing VM operation: G1Concurrent
Event: 21.527 Executing VM operation: G1Concurrent done
Event: 22.218 Executing VM operation: ICBufferFull
Event: 22.218 Executing VM operation: ICBufferFull done
Event: 22.850 Executing VM operation: ICBufferFull
Event: 22.850 Executing VM operation: ICBufferFull done

Events (20 events):
Event: 18.242 Thread 0x000001ecbbfd5a00 Thread added: 0x000001ecbbfd5a00
Event: 18.442 Thread 0x000001ecbbfdb570 Thread exited: 0x000001ecbbfdb570
Event: 18.722 Thread 0x000001ecbbfd41f0 Thread added: 0x000001ecbbfd41f0
Event: 18.726 Thread 0x000001ecbbfd9d60 Thread added: 0x000001ecbbfd9d60
Event: 18.926 Thread 0x000001ecbbfd41f0 Thread exited: 0x000001ecbbfd41f0
Event: 19.089 Thread 0x000001ecbbfda230 Thread added: 0x000001ecbbfda230
Event: 19.092 Thread 0x000001ecbbfda700 Thread added: 0x000001ecbbfda700
Event: 19.293 Thread 0x000001ecbbfda230 Thread exited: 0x000001ecbbfda230
Event: 19.389 Thread 0x000001ecbbfdb570 Thread added: 0x000001ecbbfdb570
Event: 19.392 Thread 0x000001ecbbfdabd0 Thread added: 0x000001ecbbfdabd0
Event: 19.592 Thread 0x000001ecbbfdb570 Thread exited: 0x000001ecbbfdb570
Event: 20.322 Thread 0x000001ecbbfd4b90 Thread added: 0x000001ecbbfd4b90
Event: 20.326 Thread 0x000001ecbbfd5060 Thread added: 0x000001ecbbfd5060
Event: 20.527 Thread 0x000001ecbbfd4b90 Thread exited: 0x000001ecbbfd4b90
Event: 21.506 Thread 0x000001ecbbfd9890 Thread added: 0x000001ecbbfd9890
Event: 21.513 Thread 0x000001ecbbfd7bb0 Thread added: 0x000001ecbbfd7bb0
Event: 21.514 Thread 0x000001ecbbfd6d40 Thread added: 0x000001ecbbfd6d40
Event: 21.518 Thread 0x000001ecbbfd8ef0 Thread added: 0x000001ecbbfd8ef0
Event: 21.715 Thread 0x000001ecbbfd9890 Thread exited: 0x000001ecbbfd9890
Event: 22.419 Thread 0x000001ecbbfd6d40 Thread exited: 0x000001ecbbfd6d40


Dynamic libraries:
0x00007ff7d8a20000 - 0x00007ff7d8a2e000 	C:\Program Files\Eclipse Adoptium\jdk-17.0.1.12-hotspot\bin\java.exe
0x00007ffdc5cd0000 - 0x00007ffdc5ec5000 	C:\Windows\SYSTEM32\ntdll.dll
0x00007ffdc4060000 - 0x00007ffdc411d000 	C:\Windows\System32\KERNEL32.DLL
0x00007ffdc3720000 - 0x00007ffdc39ed000 	C:\Windows\System32\KERNELBASE.dll
0x00007ffdc33b0000 - 0x00007ffdc34b0000 	C:\Windows\System32\ucrtbase.dll
0x00007ffdbd460000 - 0x00007ffdbd479000 	C:\Program Files\Eclipse Adoptium\jdk-17.0.1.12-hotspot\bin\VCRUNTIME140.dll
0x00007ffdb6650000 - 0x00007ffdb6668000 	C:\Program Files\Eclipse Adoptium\jdk-17.0.1.12-hotspot\bin\jli.dll
0x00007ffdc5530000 - 0x00007ffdc56d0000 	C:\Windows\System32\USER32.dll
0x00007ffdc3c20000 - 0x00007ffdc3c42000 	C:\Windows\System32\win32u.dll
0x00007ffdc5bd0000 - 0x00007ffdc5bfa000 	C:\Windows\System32\GDI32.dll
0x00007ffdad620000 - 0x00007ffdad8ba000 	C:\Windows\WinSxS\amd64_microsoft.windows.common-controls_6595b64144ccf1df_6.0.19041.1110_none_60b5254171f9507e\COMCTL32.dll
0x00007ffdc5190000 - 0x00007ffdc522e000 	C:\Windows\System32\msvcrt.dll
0x00007ffdc3610000 - 0x00007ffdc371b000 	C:\Windows\System32\gdi32full.dll
0x00007ffdc39f0000 - 0x00007ffdc3a8d000 	C:\Windows\System32\msvcp_win.dll
0x00007ffdc4eb0000 - 0x00007ffdc4ee0000 	C:\Windows\System32\IMM32.DLL
0x00007ffdbede0000 - 0x00007ffdbedec000 	C:\Program Files\Eclipse Adoptium\jdk-17.0.1.12-hotspot\bin\vcruntime140_1.dll
0x00007ffdb1890000 - 0x00007ffdb1921000 	C:\Program Files\Eclipse Adoptium\jdk-17.0.1.12-hotspot\bin\msvcp140.dll
0x00007ffd82e10000 - 0x00007ffd83a56000 	C:\Program Files\Eclipse Adoptium\jdk-17.0.1.12-hotspot\bin\server\jvm.dll
0x00007ffdc3fb0000 - 0x00007ffdc405e000 	C:\Windows\System32\ADVAPI32.dll
0x00007ffdc3e80000 - 0x00007ffdc3f1c000 	C:\Windows\System32\sechost.dll
0x00007ffdc3d50000 - 0x00007ffdc3e75000 	C:\Windows\System32\RPCRT4.dll
0x00007ffdc4ee0000 - 0x00007ffdc4ee8000 	C:\Windows\System32\PSAPI.DLL
0x00007ffda5c00000 - 0x00007ffda5c09000 	C:\Windows\SYSTEM32\WSOCK32.dll
0x00007ffdb8890000 - 0x00007ffdb88b7000 	C:\Windows\SYSTEM32\WINMM.dll
0x00007ffdc52e0000 - 0x00007ffdc534b000 	C:\Windows\System32\WS2_32.dll
0x00007ffdbc260000 - 0x00007ffdbc26a000 	C:\Windows\SYSTEM32\VERSION.dll
0x00007ffdc1c40000 - 0x00007ffdc1c52000 	C:\Windows\SYSTEM32\kernel.appcore.dll
0x00007ffdbee30000 - 0x00007ffdbee3a000 	C:\Program Files\Eclipse Adoptium\jdk-17.0.1.12-hotspot\bin\jimage.dll
0x00007ffdc1a30000 - 0x00007ffdc1c14000 	C:\Windows\SYSTEM32\DBGHELP.DLL
0x00007ffdb8de0000 - 0x00007ffdb8e0c000 	C:\Windows\SYSTEM32\dbgcore.DLL
0x00007ffdc3a90000 - 0x00007ffdc3b12000 	C:\Windows\System32\bcryptPrimitives.dll
0x00007ffdb62b0000 - 0x00007ffdb62d5000 	C:\Program Files\Eclipse Adoptium\jdk-17.0.1.12-hotspot\bin\java.dll
0x00007ffdb1a30000 - 0x00007ffdb1b06000 	C:\Program Files\Eclipse Adoptium\jdk-17.0.1.12-hotspot\bin\svml.dll
0x00007ffdc4120000 - 0x00007ffdc4864000 	C:\Windows\System32\SHELL32.dll
0x00007ffdc1150000 - 0x00007ffdc18e4000 	C:\Windows\SYSTEM32\windows.storage.dll
0x00007ffdc5870000 - 0x00007ffdc5bc4000 	C:\Windows\System32\combase.dll
0x00007ffdc2e10000 - 0x00007ffdc2e3c000 	C:\Windows\SYSTEM32\Wldp.dll
0x00007ffdc5230000 - 0x00007ffdc52dd000 	C:\Windows\System32\SHCORE.dll
0x00007ffdc3cf0000 - 0x00007ffdc3d45000 	C:\Windows\System32\shlwapi.dll
0x00007ffdc32f0000 - 0x00007ffdc330f000 	C:\Windows\SYSTEM32\profapi.dll
0x00007ffdaafa0000 - 0x00007ffdaafb9000 	C:\Program Files\Eclipse Adoptium\jdk-17.0.1.12-hotspot\bin\net.dll
0x00007ffdb4be0000 - 0x00007ffdb4cea000 	C:\Windows\SYSTEM32\WINHTTP.dll
0x00007ffdc2b70000 - 0x00007ffdc2bda000 	C:\Windows\system32\mswsock.dll
0x00007ffdaaf80000 - 0x00007ffdaaf95000 	C:\Program Files\Eclipse Adoptium\jdk-17.0.1.12-hotspot\bin\nio.dll
0x00007ffdaace0000 - 0x00007ffdaacf8000 	C:\Program Files\Eclipse Adoptium\jdk-17.0.1.12-hotspot\bin\zip.dll
0x000000006e700000 - 0x000000006e72a000 	C:\Users\grado\AppData\Local\Temp\libgdxgrado\e1cd32f8\gdx64.dll
0x00007ffdb19c0000 - 0x00007ffdb1a24000 	C:\Users\grado\AppData\Local\Temp\lwjglgrado\3.2.3-build-13\lwjgl.dll
0x00007ffd84490000 - 0x00007ffd846e3000 	C:\Users\grado\AppData\Local\Temp\lwjglgrado\3.2.3-build-13\jemalloc.dll
0x00007ffdb1950000 - 0x00007ffdb19b2000 	C:\Users\grado\AppData\Local\Temp\lwjglgrado\3.2.3-build-13\glfw.dll
0x00007ffdc0870000 - 0x00007ffdc090e000 	C:\Windows\system32\uxtheme.dll
0x00007ffdaa450000 - 0x00007ffdaa495000 	C:\Windows\SYSTEM32\dinput8.dll
0x00007ffdb1930000 - 0x00007ffdb1941000 	C:\Windows\SYSTEM32\xinput1_4.dll
0x00007ffdc3b20000 - 0x00007ffdc3b6e000 	C:\Windows\System32\cfgmgr32.dll
0x00007ffdc3160000 - 0x00007ffdc318c000 	C:\Windows\SYSTEM32\DEVOBJ.dll
0x00007ffdc0a00000 - 0x00007ffdc0a2f000 	C:\Windows\SYSTEM32\dwmapi.dll
0x00007ffda8c80000 - 0x00007ffda8dd2000 	C:\Windows\SYSTEM32\inputhost.dll
0x00007ffdc4d70000 - 0x00007ffdc4e3d000 	C:\Windows\System32\OLEAUT32.dll
0x00007ffdc0500000 - 0x00007ffdc05f2000 	C:\Windows\SYSTEM32\CoreMessaging.dll
0x00007ffdbe990000 - 0x00007ffdbea86000 	C:\Windows\SYSTEM32\PROPSYS.dll
0x00007ffdbfad0000 - 0x00007ffdbfc24000 	C:\Windows\SYSTEM32\wintypes.dll
0x00007ffdc01a0000 - 0x00007ffdc04fe000 	C:\Windows\SYSTEM32\CoreUIComponents.dll
0x00007ffdc20b0000 - 0x00007ffdc20e3000 	C:\Windows\SYSTEM32\ntmarta.dll
0x00007ffdc5750000 - 0x00007ffdc5865000 	C:\Windows\System32\MSCTF.dll
0x00007ffdc18f0000 - 0x00007ffdc18fd000 	C:\Windows\SYSTEM32\HID.DLL
0x00007ffdc4870000 - 0x00007ffdc4ce1000 	C:\Windows\System32\SETUPAPI.DLL
0x00007ffdc3c50000 - 0x00007ffdc3c77000 	C:\Windows\System32\bcrypt.dll
0x00007ffdc3c80000 - 0x00007ffdc3ce8000 	C:\Windows\System32\WINTRUST.dll
0x00007ffdc34b0000 - 0x00007ffdc3606000 	C:\Windows\System32\CRYPT32.dll
0x00007ffdc2fa0000 - 0x00007ffdc2fb2000 	C:\Windows\SYSTEM32\MSASN1.dll
0x00007ffd81e40000 - 0x00007ffd81f4b000 	C:\Users\grado\AppData\Local\Temp\lwjglgrado\3.2.3-build-13\OpenAL.dll
0x00007ffdc5400000 - 0x00007ffdc552a000 	C:\Windows\System32\ole32.dll
0x00007ffdc5350000 - 0x00007ffdc53f9000 	C:\Windows\System32\clbcatq.dll
0x00007ffdbb510000 - 0x00007ffdbb595000 	C:\Windows\System32\MMDevApi.dll
0x00007ffdbbda0000 - 0x00007ffdbbf22000 	C:\Windows\SYSTEM32\AUDIOSES.DLL
0x00007ffdc2930000 - 0x00007ffdc297b000 	C:\Windows\SYSTEM32\powrprof.dll
0x00007ffdc27f0000 - 0x00007ffdc2802000 	C:\Windows\SYSTEM32\UMPDC.dll
0x00007ffdc0a30000 - 0x00007ffdc0a44000 	C:\Windows\SYSTEM32\resourcepolicyclient.dll
0x00007ffd22910000 - 0x00007ffd22a36000 	C:\Windows\SYSTEM32\opengl32.dll
0x00007ffd228e0000 - 0x00007ffd2290c000 	C:\Windows\SYSTEM32\GLU32.dll
0x00007ffdbc2e0000 - 0x00007ffdbc3d7000 	C:\Windows\System32\AppXDeploymentClient.dll
0x00007ffdab4d0000 - 0x00007ffdab4fa000 	C:\Windows\System32\DriverStore\FileRepository\u0361612.inf_amd64_b679e02f70413f9f\B361368\atig6pxx.dll
0x00007ffd7dc80000 - 0x00007ffd80966000 	C:\Windows\System32\DriverStore\FileRepository\u0361612.inf_amd64_b679e02f70413f9f\B361368\atio6axx.dll
0x00007ffd86690000 - 0x00007ffd866b4000 	C:\Windows\SYSTEM32\dxva2.dll
0x00007ffda3f10000 - 0x00007ffda3f4c000 	C:\Windows\System32\DriverStore\FileRepository\u0361612.inf_amd64_b679e02f70413f9f\B361368\atig6txx.dll
0x00007ffd81c80000 - 0x00007ffd81e39000 	C:\Windows\SYSTEM32\atiadlxx.dll
0x00007ffdb9380000 - 0x00007ffdb93bb000 	C:\Windows\SYSTEM32\dxcore.dll
0x00007ffd9ef60000 - 0x00007ffd9efb9000 	C:\Users\grado\AppData\Local\Temp\lwjglgrado\3.2.3-build-13\lwjgl_opengl.dll
0x00007ffda93b0000 - 0x00007ffda94a9000 	C:\Windows\SYSTEM32\textinputframework.dll
0x00007ffdaacc0000 - 0x00007ffdaacd1000 	C:\Program Files\Eclipse Adoptium\jdk-17.0.1.12-hotspot\bin\jsound.dll
0x00007ffd853c0000 - 0x00007ffd8545c000 	C:\Windows\SYSTEM32\DSOUND.dll
0x00007ffdb3710000 - 0x00007ffdb3736000 	C:\Windows\SYSTEM32\winmmbase.dll
0x00007ffda9b00000 - 0x00007ffda9b46000 	C:\Windows\SYSTEM32\wdmaud.drv
0x00007ffdbd880000 - 0x00007ffdbd88a000 	C:\Windows\SYSTEM32\AVRT.dll
0x00007ffdbde60000 - 0x00007ffdbde69000 	C:\Windows\SYSTEM32\ksuser.dll
0x00007ffdbc5b0000 - 0x00007ffdbc5bd000 	C:\Windows\SYSTEM32\msacm32.drv
0x00007ffdbc630000 - 0x00007ffdbc64e000 	C:\Windows\SYSTEM32\MSACM32.dll
0x00007ffdb6730000 - 0x00007ffdb673b000 	C:\Windows\SYSTEM32\midimap.dll
0x00007ffda8de0000 - 0x00007ffda8f21000 	C:\Windows\System32\Windows.UI.dll
0x00007ffdbd350000 - 0x00007ffdbd3f1000 	C:\Windows\System32\WindowManagementAPI.dll
0x00007ffdbca10000 - 0x00007ffdbcc11000 	C:\Windows\SYSTEM32\twinapi.appcore.dll

dbghelp: loaded successfully - version: 4.0.5 - missing functions: none
symbol engine: initialized successfully - sym options: 0x614 - pdb path: .;C:\Program Files\Eclipse Adoptium\jdk-17.0.1.12-hotspot\bin;C:\Windows\SYSTEM32;C:\Windows\WinSxS\amd64_microsoft.windows.common-controls_6595b64144ccf1df_6.0.19041.1110_none_60b5254171f9507e;C:\Program Files\Eclipse Adoptium\jdk-17.0.1.12-hotspot\bin\server;C:\Users\grado\AppData\Local\Temp\libgdxgrado\e1cd32f8;C:\Users\grado\AppData\Local\Temp\lwjglgrado\3.2.3-build-13;C:\Windows\System32\DriverStore\FileRepository\u0361612.inf_amd64_b679e02f70413f9f\B361368

VM Arguments:
jvm_args: -XX:+ShowCodeDetailsInExceptionMessages 
java_command: com.crazyputting3d.Main
java_class_path (initial): C:\Users\grado\Documents\Group-04\3dcrazyputting\desktop\bin\main;\CrazyPutting3D-core\bin\default;C:\Users\grado\Documents\Group-04\3dcrazyputting\core\bin\main;C:\Users\grado\.gradle\caches\modules-2\files-2.1\com.badlogicgames.gdx\gdx-backend-lwjgl3\1.10.0\600c7d5b2c977daa82c4abad147087b31e0ada87\gdx-backend-lwjgl3-1.10.0.jar;C:\Users\grado\.gradle\caches\modules-2\files-2.1\com.badlogicgames.gdx\gdx-platform\1.10.0\9a8fa793d2fd6d360afc6c9e4c1f5583da263b88\gdx-platform-1.10.0-natives-desktop.jar;C:\Users\grado\.gradle\caches\modules-2\files-2.1\com.badlogicgames.gdx\gdx-bullet-platform\1.10.0\ce92e8dfc762523d769cbc50853163c03bf98cf1\gdx-bullet-platform-1.10.0-natives-desktop.jar;C:\Users\grado\.gradle\caches\modules-2\files-2.1\com.badlogicgames.gdx\gdx-freetype-platform\1.10.0\6e5d28752759e69384f12e4569d2c884ff71352f\gdx-freetype-platform-1.10.0-natives-desktop.jar;C:\Users\grado\.gradle\caches\modules-2\files-2.1\com.badlogicgames.gdx-controllers\gdx-controllers-desktop\2.2.1\cb3430c32468a090eca54d494d16bb3764ceff9b\gdx-controllers-desktop-2.2.1.jar;C:\Users\grado\.gradle\caches\modules-2\files-2.1\org.jetbrains\annotations\20.1.0\2fcd1f3225bca0c4a7bc931142076f8c1e80993f\annotations-20.1.0.jar;C:\Users\grado\.gradle\caches\modules-2\files-2.1\com.badlogicgames.gdx\gdx-bullet\1.10.0\839b58c7278f5c3b55291c3a559d91227400ecdb\gdx-bullet-1.10.0.jar;C:\Users\grado\.gradle\caches\modules-2\files-2.1\com.badlogicgames.gdx\gdx-freetype\1.10.0\de1d0d5c1e92e8d91364256fd6b7bb279d3e9859\gdx-freetype-1.10.0.jar;C:\Users\grado\.gradle\caches\modules-2\files-2.1\com.badlogicgames.gdx\gdx-ai\1.8.2\ab75d2ce80ab1b1ce6828a15dc0f417abac4c674\gdx-ai-1.8.2.jar;C:\Users\grado\.gradle\caches\modules-2\files-2.1\com.badlogicgames.ashley\ashley\1.7.4\21a3a8932919099c4e5006a7d8378dcbe76ef8a5\ashley-1.7.4.jar;C:\Users\grado\.gradle\caches\modules-2\files-2.1\com.badlogicgames.box2dlights\box2dlights\1.5\6902dbcd250c95a27973aa24a147a95b3828d348\box2dlights-1.5.j
Launcher Type: SUN_STANDARD

[Global flags]
     intx CICompilerCount                          = 12                                        {product} {ergonomic}
     uint ConcGCThreads                            = 3                                         {product} {ergonomic}
     uint G1ConcRefinementThreads                  = 13                                        {product} {ergonomic}
   size_t G1HeapRegionSize                         = 2097152                                   {product} {ergonomic}
    uintx GCDrainStackTargetSize                   = 64                                        {product} {ergonomic}
   size_t InitialHeapSize                          = 257949696                                 {product} {ergonomic}
   size_t MarkStackSize                            = 4194304                                   {product} {ergonomic}
   size_t MaxHeapSize                              = 4127195136                                {product} {ergonomic}
   size_t MaxNewSize                               = 2474639360                                {product} {ergonomic}
   size_t MinHeapDeltaBytes                        = 2097152                                   {product} {ergonomic}
   size_t MinHeapSize                              = 8388608                                   {product} {ergonomic}
    uintx NonNMethodCodeHeapSize                   = 7602480                                {pd product} {ergonomic}
    uintx NonProfiledCodeHeapSize                  = 122027880                              {pd product} {ergonomic}
    uintx ProfiledCodeHeapSize                     = 122027880                              {pd product} {ergonomic}
    uintx ReservedCodeCacheSize                    = 251658240                              {pd product} {ergonomic}
     bool SegmentedCodeCache                       = true                                      {product} {ergonomic}
     bool ShowCodeDetailsInExceptionMessages       = true                                   {manageable} {command line}
   size_t SoftMaxHeapSize                          = 4127195136                             {manageable} {ergonomic}
     bool UseCompressedClassPointers               = true                           {product lp64_product} {ergonomic}
     bool UseCompressedOops                        = true                           {product lp64_product} {ergonomic}
     bool UseG1GC                                  = true                                      {product} {ergonomic}
     bool UseLargePagesIndividualAllocation        = false                                  {pd product} {ergonomic}

Logging:
Log output configuration:
 #0: stdout all=warning uptime,level,tags
 #1: stderr all=off uptime,level,tags

Environment Variables:
PATH=C:\Program Files\Common Files\Oracle\Java\javapath;C:\Windows\system32;C:\Windows;C:\Windows\System32\Wbem;C:\Windows\System32\WindowsPowerShell\v1.0\;C:\Windows\System32\OpenSSH\;C:\Program Files (x86)\NVIDIA Corporation\PhysX\Common;C:\Program Files\NVIDIA Corporation\NVIDIA NvDLISR;C:\Program Files\MATLAB\R2022a\bin;C:\Program Files\Gradle\gradle-7.4.2\bin;C:\Program Files\Git\cmd;C:\Users\grado\AppData\Local\Microsoft\WindowsApps;C:\Users\grado\AppData\Local\Programs\Microsoft VS Code\bin;C:\Users\grado\AppData\Local\GitHubDesktop\bin
USERNAME=grado
LANG=en_US.UTF-8
OS=Windows_NT
PROCESSOR_IDENTIFIER=AMD64 Family 23 Model 96 Stepping 1, AuthenticAMD



---------------  S Y S T E M  ---------------

OS:
 Windows 10 , 64 bit Build 19041 (10.0.19041.1706)
OS uptime: 11 days 17:56 hours

CPU: total 16 (initial active 16) (16 cores per cpu, 2 threads per core) family 23 model 96 stepping 1 microcode 0x0, cx8, cmov, fxsr, ht, mmx, 3dnowpref, sse, sse2, sse3, ssse3, sse4a, sse4.1, sse4.2, popcnt, lzcnt, tsc, tscinvbit, avx, avx2, aes, clmul, bmi1, bmi2, adx, sha, fma, vzeroupper, clflush, clflushopt

Memory: 4k page, system-wide physical 15741M (589M free)
TotalPageFile size 52508M (AvailPageFile size 6328M)
current process WorkingSet (physical memory assigned to process): 400M, peak: 534M
current process commit charge ("private bytes"): 622M, peak: 768M

vm_info: OpenJDK 64-Bit Server VM (17.0.1+12) for windows-amd64 JRE (17.0.1+12), built on Oct 20 2021 07:42:55 by "" with MS VC++ 16.7 (VS2019)

END.
