#
# A fatal error has been detected by the Java Runtime Environment:
#
#  EXCEPTION_ACCESS_VIOLATION (0xc0000005) at pc=0x00000277ea6d0000, pid=6868, tid=19740
#
# JRE version: OpenJDK Runtime Environment Temurin-17.0.1+12 (17.0.1+12) (build 17.0.1+12)
# Java VM: OpenJDK 64-Bit Server VM Temurin-17.0.1+12 (17.0.1+12, mixed mode, sharing, tiered, compressed oops, compressed class ptrs, g1 gc, windows-amd64)
# Problematic frame:
# C  0x00000277ea6d0000
#
# No core dump will be written. Minidumps are not enabled by default on client versions of Windows
#
# If you would like to submit a bug report, please visit:
#   https://github.com/adoptium/adoptium-support/issues
# The crash happened outside the Java Virtual Machine in native code.
# See problematic frame for where to report the bug.
#

---------------  S U M M A R Y ------------

Command Line: -XX:+ShowCodeDetailsInExceptionMessages com.crazyputting3d.Main

Host: AMD Ryzen 7 4800H with Radeon Graphics         , 16 cores, 15G,  Windows 10 , 64 bit Build 19041 (10.0.19041.1706)
Time: Fri Jun 17 19:09:15 2022 Central European Daylight Time elapsed time: 36.591482 seconds (0d 0h 0m 36s)

---------------  T H R E A D  ---------------

Current thread (0x00000277c7074740):  JavaThread "main" [_thread_in_native, id=19740, stack(0x0000007d2eb00000,0x0000007d2ec00000)]

Stack: [0x0000007d2eb00000,0x0000007d2ec00000],  sp=0x0000007d2ebfed48,  free space=1019k
Native frames: (J=compiled Java code, j=interpreted, Vv=VM code, C=native code)
C  0x00000277ea6d0000

Java frames: (J=compiled Java code, j=interpreted, Vv=VM code)
J 1180  org.lwjgl.system.JNI.invokePV(JJ)V (0 bytes) @ 0x00000277d6741eec [0x00000277d6741ea0+0x000000000000004c]
J 2000 c1 org.lwjgl.glfw.GLFW.glfwSwapBuffers(J)V (21 bytes) @ 0x00000277cf5fa7ac [0x00000277cf5fa6c0+0x00000000000000ec]
j  com.badlogic.gdx.backends.lwjgl3.Lwjgl3Window.update()Z+196
j  com.badlogic.gdx.backends.lwjgl3.Lwjgl3Application.loop()V+111
j  com.badlogic.gdx.backends.lwjgl3.Lwjgl3Application.<init>(Lcom/badlogic/gdx/ApplicationListener;Lcom/badlogic/gdx/backends/lwjgl3/Lwjgl3ApplicationConfiguration;)V+243
j  com.crazyputting3d.Main.main([Ljava/lang/String;)V+41
v  ~StubRoutines::call_stub

siginfo: EXCEPTION_ACCESS_VIOLATION (0xc0000005), data execution prevention violation at address 0x00000277ea6d0000


Register to memory mapping:

RIP=0x00000277ea6d0000 is an unknown value
RAX=0x00000277ea6d0000 is an unknown value
RBX=0x0000000000010001 is an unknown value
RCX=0x0000000000010001 is an unknown value
RDX=0x0000007d2ebfed80 is pointing into the stack for thread: 0x00000277c7074740
RSP=0x0000007d2ebfed48 is pointing into the stack for thread: 0x00000277c7074740
RBP=0x0000007d2ebfee50 is pointing into the stack for thread: 0x00000277c7074740
RSI=0x0000000000000110 is an unknown value
RDI=0x0000000000001fcf is an unknown value
R8 =0x00000277eb9e2e40 points into unknown readable memory: 0x00000277f9db6c90 | 90 6c db f9 77 02 00 00
R9 =0x00007ffdb1951b50 glfw.dll
R10=0x00007ffdb19c1b10 lwjgl.dll
R11=0x0000007d2ebff1b8 is pointing into the stack for thread: 0x00000277c7074740
R12=0x0 is NULL
R13=0x0000007d2ebff2b8 is pointing into the stack for thread: 0x00000277c7074740
R14=0x0000007d2ebff210 is pointing into the stack for thread: 0x00000277c7074740
R15=0x00000277c7074740 is a thread


Registers:
RAX=0x00000277ea6d0000, RBX=0x0000000000010001, RCX=0x0000000000010001, RDX=0x0000007d2ebfed80
RSP=0x0000007d2ebfed48, RBP=0x0000007d2ebfee50, RSI=0x0000000000000110, RDI=0x0000000000001fcf
R8 =0x00000277eb9e2e40, R9 =0x00007ffdb1951b50, R10=0x00007ffdb19c1b10, R11=0x0000007d2ebff1b8
R12=0x0000000000000000, R13=0x0000007d2ebff2b8, R14=0x0000007d2ebff210, R15=0x00000277c7074740
RIP=0x00000277ea6d0000, EFLAGS=0x0000000000010206

Top of Stack: (sp=0x0000007d2ebfed48)
0x0000007d2ebfed48:   00007ffdb1951f7c 0000007d00000000
0x0000007d2ebfed58:   00000277ceb49612 000000070a134ae8
0x0000007d2ebfed68:   438c000041700000 000000070b225688
0x0000007d2ebfed78:   00000277cf49e5fc 57464c4720656854
0x0000007d2ebfed88:   7972617262696c20 20746f6e20736920
0x0000007d2ebfed98:   696c616974696e69 0000007d0064657a
0x0000007d2ebfeda8:   00007ffd92535e62 00000277c7074740
0x0000007d2ebfedb8:   0000000000000000 00000000000001cc
0x0000007d2ebfedc8:   0000007d2ebfede0 0000000000000000
0x0000007d2ebfedd8:   000000006e7020f4 00000277c70749e8
0x0000007d2ebfede8:   00007ffd92535481 000000070b23c038
0x0000007d2ebfedf8:   00000277d673d685 0000000200000003
0x0000007d2ebfee08:   000000070b2256a8 000000070b2392d0
0x0000007d2ebfee18:   000000070b239ad0 0000000700000000
0x0000007d2ebfee28:   000000070b2d3090 0000000000000002
0x0000007d2ebfee38:   00007ffd22939d0a 0000007d2ebff1d0 

Instructions: (pc=0x00000277ea6d0000)
0x00000277ea6cff00:   ?? ?? ?? ?? ?? ?? ?? ?? ?? ?? ?? ?? ?? ?? ?? ??
0x00000277ea6cff10:   ?? ?? ?? ?? ?? ?? ?? ?? ?? ?? ?? ?? ?? ?? ?? ??
0x00000277ea6cff20:   ?? ?? ?? ?? ?? ?? ?? ?? ?? ?? ?? ?? ?? ?? ?? ??
0x00000277ea6cff30:   ?? ?? ?? ?? ?? ?? ?? ?? ?? ?? ?? ?? ?? ?? ?? ??
0x00000277ea6cff40:   ?? ?? ?? ?? ?? ?? ?? ?? ?? ?? ?? ?? ?? ?? ?? ??
0x00000277ea6cff50:   ?? ?? ?? ?? ?? ?? ?? ?? ?? ?? ?? ?? ?? ?? ?? ??
0x00000277ea6cff60:   ?? ?? ?? ?? ?? ?? ?? ?? ?? ?? ?? ?? ?? ?? ?? ??
0x00000277ea6cff70:   ?? ?? ?? ?? ?? ?? ?? ?? ?? ?? ?? ?? ?? ?? ?? ??
0x00000277ea6cff80:   ?? ?? ?? ?? ?? ?? ?? ?? ?? ?? ?? ?? ?? ?? ?? ??
0x00000277ea6cff90:   ?? ?? ?? ?? ?? ?? ?? ?? ?? ?? ?? ?? ?? ?? ?? ??
0x00000277ea6cffa0:   ?? ?? ?? ?? ?? ?? ?? ?? ?? ?? ?? ?? ?? ?? ?? ??
0x00000277ea6cffb0:   ?? ?? ?? ?? ?? ?? ?? ?? ?? ?? ?? ?? ?? ?? ?? ??
0x00000277ea6cffc0:   ?? ?? ?? ?? ?? ?? ?? ?? ?? ?? ?? ?? ?? ?? ?? ??
0x00000277ea6cffd0:   ?? ?? ?? ?? ?? ?? ?? ?? ?? ?? ?? ?? ?? ?? ?? ??
0x00000277ea6cffe0:   ?? ?? ?? ?? ?? ?? ?? ?? ?? ?? ?? ?? ?? ?? ?? ??
0x00000277ea6cfff0:   ?? ?? ?? ?? ?? ?? ?? ?? ?? ?? ?? ?? ?? ?? ?? ??
0x00000277ea6d0000:   ?? ?? ?? ?? ?? ?? ?? ?? ?? ?? ?? ?? ?? ?? ?? ??
0x00000277ea6d0010:   ?? ?? ?? ?? ?? ?? ?? ?? ?? ?? ?? ?? ?? ?? ?? ??
0x00000277ea6d0020:   ?? ?? ?? ?? ?? ?? ?? ?? ?? ?? ?? ?? ?? ?? ?? ??
0x00000277ea6d0030:   ?? ?? ?? ?? ?? ?? ?? ?? ?? ?? ?? ?? ?? ?? ?? ??
0x00000277ea6d0040:   ?? ?? ?? ?? ?? ?? ?? ?? ?? ?? ?? ?? ?? ?? ?? ??
0x00000277ea6d0050:   ?? ?? ?? ?? ?? ?? ?? ?? ?? ?? ?? ?? ?? ?? ?? ??
0x00000277ea6d0060:   ?? ?? ?? ?? ?? ?? ?? ?? ?? ?? ?? ?? ?? ?? ?? ??
0x00000277ea6d0070:   ?? ?? ?? ?? ?? ?? ?? ?? ?? ?? ?? ?? ?? ?? ?? ??
0x00000277ea6d0080:   ?? ?? ?? ?? ?? ?? ?? ?? ?? ?? ?? ?? ?? ?? ?? ??
0x00000277ea6d0090:   ?? ?? ?? ?? ?? ?? ?? ?? ?? ?? ?? ?? ?? ?? ?? ??
0x00000277ea6d00a0:   ?? ?? ?? ?? ?? ?? ?? ?? ?? ?? ?? ?? ?? ?? ?? ??
0x00000277ea6d00b0:   ?? ?? ?? ?? ?? ?? ?? ?? ?? ?? ?? ?? ?? ?? ?? ??
0x00000277ea6d00c0:   ?? ?? ?? ?? ?? ?? ?? ?? ?? ?? ?? ?? ?? ?? ?? ??
0x00000277ea6d00d0:   ?? ?? ?? ?? ?? ?? ?? ?? ?? ?? ?? ?? ?? ?? ?? ??
0x00000277ea6d00e0:   ?? ?? ?? ?? ?? ?? ?? ?? ?? ?? ?? ?? ?? ?? ?? ??
0x00000277ea6d00f0:   ?? ?? ?? ?? ?? ?? ?? ?? ?? ?? ?? ?? ?? ?? ?? ?? 


Stack slot to memory mapping:
stack at sp + 0 slots: 0x00007ffdb1951f7c glfw.dll
stack at sp + 1 slots: 0x0000007d00000000 is an unknown value
stack at sp + 2 slots: 0x00000277ceb49612 is at code_begin+1394 in an Interpreter codelet
return entry points  [0x00000277ceb490a0, 0x00000277ceb49ba0]  2816 bytes
stack at sp + 3 slots: 0x000000070a134ae8 is an oop: java.lang.Class 
{0x000000070a134ae8} - klass: 'java/lang/Class'
 - ---- fields (total size 54 words):
 - private volatile transient 'classRedefinedCount' 'I' @12  0
 - private volatile transient 'cachedConstructor' 'Ljava/lang/reflect/Constructor;' @40  NULL (0)
 - private transient 'name' 'Ljava/lang/String;' @44  "org.lwjgl.opengl.GL20C"{0x000000070a135408} (e1426a81)
 - private transient 'module' 'Ljava/lang/Module;' @48  a 'java/lang/Module'{0x000000070b26f960} (e164df2c)
 - private final 'classLoader' 'Ljava/lang/ClassLoader;' @52  a 'jdk/internal/loader/ClassLoaders$AppClassLoader'{0x000000070b2b9650} (e16572ca)
 - private transient 'classData' 'Ljava/lang/Object;' @56  NULL (0)
 - private transient 'packageName' 'Ljava/lang/String;' @60  "org.lwjgl.opengl"{0x000000070a135448} (e1426a89)
 - private final 'componentType' 'Ljava/lang/Class;' @64  NULL (0)
 - private volatile transient 'reflectionData' 'Ljava/lang/ref/SoftReference;' @68  NULL (0)
 - private volatile transient 'genericInfo' 'Lsun/reflect/generics/repository/ClassRepository;' @72  NULL (0)
 - private volatile transient 'enumConstants' '[Ljava/lang/Object;' @76  NULL (0)
 - private volatile transient 'enumConstantDirectory' 'Ljava/util/Map;' @80  NULL (0)
 - private volatile transient 'annotationData' 'Ljava/lang/Class$AnnotationData;' @84  NULL (0)
 - private volatile transient 'annotationType' 'Lsun/reflect/annotation/AnnotationType;' @88  NULL (0)
 - transient 'classValueMap' 'Ljava/lang/ClassValue$ClassValueMap;' @92  NULL (0)
 - signature: Lorg/lwjgl/opengl/GL20C;
 - fake entry for mirror: 'org/lwjgl/opengl/GL20C'
 - fake entry for array: NULL
 - fake entry for oop_size: 54
 - fake entry for static_oop_field_count: 0
 - public static final 'GL_SHADING_LANGUAGE_VERSION' 'I' @112  35724 (8b8c)
 - public static final 'GL_CURRENT_PROGRAM' 'I' @116  35725 (8b8d)
 - public static final 'GL_SHADER_TYPE' 'I' @120  35663 (8b4f)
 - public static final 'GL_DELETE_STATUS' 'I' @124  35712 (8b80)
 - public static final 'GL_COMPILE_STATUS' 'I' @128  35713 (8b81)
 - public static final 'GL_LINK_STATUS' 'I' @132  35714 (8b82)
 - public static final 'GL_VALIDATE_STATUS' 'I' @136  35715 (8b83)
 - public static final 'GL_INFO_LOG_LENGTH' 'I' @140  35716 (8b84)
 - public static final 'GL_ATTACHED_SHADERS' 'I' @144  35717 (8b85)
 - public static final 'GL_ACTIVE_UNIFORMS' 'I' @148  35718 (8b86)
 - public static final 'GL_ACTIVE_UNIFORM_MAX_LENGTH' 'I' @152  35719 (8b87)
 - public static final 'GL_ACTIVE_ATTRIBUTES' 'I' @156  35721 (8b89)
 - public static final 'GL_ACTIVE_ATTRIBUTE_MAX_LENGTH' 'I' @160  35722 (8b8a)
 - public static final 'GL_SHADER_SOURCE_LENGTH' 'I' @164  35720 (8b88)
 - public static final 'GL_FLOAT_VEC2' 'I' @168  35664 (8b50)
 - public static final 'GL_FLOAT_VEC3' 'I' @172  35665 (8b51)
 - public static final 'GL_FLOAT_VEC4' 'I' @176  35666 (8b52)
 - public static final 'GL_INT_VEC2' 'I' @180  35667 (8b53)
 - public static final 'GL_INT_VEC3' 'I' @184  35668 (8b54)
 - public static final 'GL_INT_VEC4' 'I' @188  35669 (8b55)
 - public static final 'GL_BOOL' 'I' @192  35670 (8b56)
 - public static final 'GL_BOOL_VEC2' 'I' @196  35671 (8b57)
 - public static final 'GL_BOOL_VEC3' 'I' @200  35672 (8b58)
 - public static final 'GL_BOOL_VEC4' 'I' @204  35673 (8b59)
 - public static final 'GL_FLOAT_MAT2' 'I' @208  35674 (8b5a)
 - public static final 'GL_FLOAT_MAT3' 'I' @212  35675 (8b5b)
 - public static final 'GL_FLOAT_MAT4' 'I' @216  35676 (8b5c)
 - public static final 'GL_SAMPLER_1D' 'I' @220  35677 (8b5d)
 - public static final 'GL_SAMPLER_2D' 'I' @224  35678 (8b5e)
 - public static final 'GL_SAMPLER_3D' 'I' @228  35679 (8b5f)
 - public static final 'GL_SAMPLER_CUBE' 'I' @232  35680 (8b60)
 - public static final 'GL_SAMPLER_1D_SHADOW' 'I' @236  35681 (8b61)
 - public static final 'GL_SAMPLER_2D_SHADOW' 'I' @240  35682 (8b62)
 - public static final 'GL_VERTEX_SHADER' 'I' @244  35633 (8b31)
 - public static final 'GL_MAX_VERTEX_UNIFORM_COMPONENTS' 'I' @248  35658 (8b4a)
 - public static final 'GL_MAX_VARYING_FLOATS' 'I' @252  35659 (8b4b)
 - public static final 'GL_MAX_VERTEX_ATTRIBS' 'I' @256  34921 (8869)
 - public static final 'GL_MAX_TEXTURE_IMAGE_UNITS' 'I' @260  34930 (8872)
 - public static final 'GL_MAX_VERTEX_TEXTURE_IMAGE_UNITS' 'I' @264  35660 (8b4c)
 - public static final 'GL_MAX_COMBINED_TEXTURE_IMAGE_UNITS' 'I' @268  35661 (8b4d)
 - public static final 'GL_VERTEX_PROGRAM_POINT_SIZE' 'I' @272  34370 (8642)
 - public static final 'GL_VERTEX_ATTRIB_ARRAY_ENABLED' 'I' @276  34338 (8622)
 - public static final 'GL_VERTEX_ATTRIB_ARRAY_SIZE' 'I' @280  34339 (8623)
 - public static final 'GL_VERTEX_ATTRIB_ARRAY_STRIDE' 'I' @284  34340 (8624)
 - public static final 'GL_VERTEX_ATTRIB_ARRAY_TYPE' 'I' @288  34341 (8625)
 - public static final 'GL_VERTEX_ATTRIB_ARRAY_NORMALIZED' 'I' @292  34922 (886a)
 - public static final 'GL_CURRENT_VERTEX_ATTRIB' 'I' @296  34342 (8626)
 - public static final 'GL_VERTEX_ATTRIB_ARRAY_POINTER' 'I' @300  34373 (8645)
 - public static final 'GL_FRAGMENT_SHADER' 'I' @304  35632 (8b30)
 - public static final 'GL_MAX_FRAGMENT_UNIFORM_COMPONENTS' 'I' @308  35657 (8b49)
 - public static final 'GL_FRAGMENT_SHADER_DERIVATIVE_HINT' 'I' @312  35723 (8b8b)
 - public static final 'GL_MAX_DRAW_BUFFERS' 'I' @316  34852 (8824)
 - public static final 'GL_DRAW_BUFFER0' 'I' @320  34853 (8825)
 - public static final 'GL_DRAW_BUFFER1' 'I' @324  34854 (8826)
 - public static final 'GL_DRAW_BUFFER2' 'I' @328  34855 (8827)
 - public static final 'GL_DRAW_BUFFER3' 'I' @332  34856 (8828)
 - public static final 'GL_DRAW_BUFFER4' 'I' @336  34857 (8829)
 - public static final 'GL_DRAW_BUFFER5' 'I' @340  34858 (882a)
 - public static final 'GL_DRAW_BUFFER6' 'I' @344  34859 (882b)
 - public static final 'GL_DRAW_BUFFER7' 'I' @348  34860 (882c)
 - public static final 'GL_DRAW_BUFFER8' 'I' @352  34861 (882d)
 - public static final 'GL_DRAW_BUFFER9' 'I' @356  34862 (882e)
 - public static final 'GL_DRAW_BUFFER10' 'I' @360  34863 (882f)
 - public static final 'GL_DRAW_BUFFER11' 'I' @364  34864 (8830)
 - public static final 'GL_DRAW_BUFFER12' 'I' @368  34865 (8831)
 - public static final 'GL_DRAW_BUFFER13' 'I' @372  34866 (8832)
 - public static final 'GL_DRAW_BUFFER14' 'I' @376  34867 (8833)
 - public static final 'GL_DRAW_BUFFER15' 'I' @380  34868 (8834)
 - public static final 'GL_POINT_SPRITE_COORD_ORIGIN' 'I' @384  36000 (8ca0)
 - public static final 'GL_LOWER_LEFT' 'I' @388  36001 (8ca1)
 - public static final 'GL_UPPER_LEFT' 'I' @392  36002 (8ca2)
 - public static final 'GL_BLEND_EQUATION_RGB' 'I' @396  32777 (8009)
 - public static final 'GL_BLEND_EQUATION_ALPHA' 'I' @400  34877 (883d)
 - public static final 'GL_STENCIL_BACK_FUNC' 'I' @404  34816 (8800)
 - public static final 'GL_STENCIL_BACK_FAIL' 'I' @408  34817 (8801)
 - public static final 'GL_STENCIL_BACK_PASS_DEPTH_FAIL' 'I' @412  34818 (8802)
 - public static final 'GL_STENCIL_BACK_PASS_DEPTH_PASS' 'I' @416  34819 (8803)
 - public static final 'GL_STENCIL_BACK_REF' 'I' @420  36003 (8ca3)
 - public static final 'GL_STENCIL_BACK_VALUE_MASK' 'I' @424  36004 (8ca4)
 - public static final 'GL_STENCIL_BACK_WRITEMASK' 'I' @428  36005 (8ca5)
stack at sp + 4 slots: 0x438c000041700000 is an unknown value
stack at sp + 5 slots: 0x000000070b225688 is an oop: com.badlogic.gdx.graphics.Mesh 
{0x000000070b225688} - klass: 'com/badlogic/gdx/graphics/Mesh'
 - ---- fields (total size 4 words):
 - 'autoBind' 'Z' @12  true
 - final 'isVertexArray' 'Z' @13  true
 - 'isInstanced' 'Z' @14  false
 - final 'vertices' 'Lcom/badlogic/gdx/graphics/glutils/VertexData;' @16  a 'com/badlogic/gdx/graphics/glutils/VertexArray'{0x000000070b2256a8} (e1644ad5)
 - final 'indices' 'Lcom/badlogic/gdx/graphics/glutils/IndexData;' @20  a 'com/badlogic/gdx/graphics/glutils/IndexArray'{0x000000070b225878} (e1644b0f)
 - 'instances' 'Lcom/badlogic/gdx/graphics/glutils/InstanceData;' @24  NULL (0)
 - private final 'tmpV' 'Lcom/badlogic/gdx/math/Vector3;' @28  a 'com/badlogic/gdx/math/Vector3'{0x000000070b225908} (e1644b21)
stack at sp + 6 slots: 0x00000277cf49e5fc is at entry_point+2172 in (nmethod*)0x00000277cf49da10
stack at sp + 7 slots: 0x57464c4720656854 is an unknown value


---------------  P R O C E S S  ---------------

Threads class SMR info:
_java_thread_list=0x00000277fcc6d300, length=41, elements={
0x00000277c7074740, 0x00000277ea57ed60, 0x00000277ea581990, 0x00000277ea596df0,
0x00000277ea5977a0, 0x00000277ea598150, 0x00000277ea5992a0, 0x00000277eb000290,
0x00000277eb004090, 0x00000277eb0071b0, 0x00000277eb185580, 0x00000277eb193ef0,
0x00000277ee586810, 0x00000277f62b99c0, 0x00000277f6516050, 0x00000277fa0ef860,
0x00000277fcc61840, 0x00000277f6313260, 0x00000277fbad9600, 0x00000277fbad9fa0,
0x00000277fbad9ad0, 0x00000277fbad7920, 0x00000277fbad6ab0, 0x00000277fbad8790,
0x00000277fbad6f80, 0x00000277fbad7df0, 0x00000277fbad65e0, 0x00000277fbad8c60,
0x00000277fbad9130, 0x00000277f6745650, 0x00000277f67494e0, 0x00000277f6747330,
0x00000277f6747800, 0x00000277f6746e60, 0x00000277f6747cd0, 0x00000277f6745180,
0x00000277f67499b0, 0x00000277f67447e0, 0x00000277f6742fd0, 0x00000277f6749010,
0x00000277f67464c0
}

Java Threads: ( => current thread )
=>0x00000277c7074740 JavaThread "main" [_thread_in_native, id=19740, stack(0x0000007d2eb00000,0x0000007d2ec00000)]
  0x00000277ea57ed60 JavaThread "Reference Handler" daemon [_thread_blocked, id=10632, stack(0x0000007d2f200000,0x0000007d2f300000)]
  0x00000277ea581990 JavaThread "Finalizer" daemon [_thread_blocked, id=2920, stack(0x0000007d2f300000,0x0000007d2f400000)]
  0x00000277ea596df0 JavaThread "Signal Dispatcher" daemon [_thread_blocked, id=15928, stack(0x0000007d2f400000,0x0000007d2f500000)]
  0x00000277ea5977a0 JavaThread "Attach Listener" daemon [_thread_blocked, id=20720, stack(0x0000007d2f500000,0x0000007d2f600000)]
  0x00000277ea598150 JavaThread "Service Thread" daemon [_thread_blocked, id=13788, stack(0x0000007d2f600000,0x0000007d2f700000)]
  0x00000277ea5992a0 JavaThread "Monitor Deflation Thread" daemon [_thread_blocked, id=7288, stack(0x0000007d2f700000,0x0000007d2f800000)]
  0x00000277eb000290 JavaThread "C2 CompilerThread0" daemon [_thread_blocked, id=8200, stack(0x0000007d2f800000,0x0000007d2f900000)]
  0x00000277eb004090 JavaThread "C1 CompilerThread0" daemon [_thread_blocked, id=11620, stack(0x0000007d2f900000,0x0000007d2fa00000)]
  0x00000277eb0071b0 JavaThread "Sweeper thread" daemon [_thread_blocked, id=7296, stack(0x0000007d2fa00000,0x0000007d2fb00000)]
  0x00000277eb185580 JavaThread "Notification Thread" daemon [_thread_blocked, id=26004, stack(0x0000007d2fc00000,0x0000007d2fd00000)]
  0x00000277eb193ef0 JavaThread "Common-Cleaner" daemon [_thread_blocked, id=12200, stack(0x0000007d2fe00000,0x0000007d2ff00000)]
  0x00000277ee586810 JavaThread "LWJGL3 Timer" daemon [_thread_blocked, id=14196, stack(0x0000007d30700000,0x0000007d30800000)]
  0x00000277f62b99c0 JavaThread "LWJGL3 Timer" daemon [_thread_blocked, id=14224, stack(0x0000007d31800000,0x0000007d31900000)]
  0x00000277f6516050 JavaThread "Java Sound Event Dispatcher" daemon [_thread_blocked, id=18824, stack(0x0000007d31d00000,0x0000007d31e00000)]
  0x00000277fa0ef860 JavaThread "Direct Clip" daemon [_thread_blocked, id=11588, stack(0x0000007d32000000,0x0000007d32100000)]
  0x00000277fcc61840 JavaThread "Direct Clip" daemon [_thread_blocked, id=15932, stack(0x0000007d32200000,0x0000007d32300000)]
  0x00000277f6313260 JavaThread "Direct Clip" daemon [_thread_blocked, id=22384, stack(0x0000007d31200000,0x0000007d31300000)]
  0x00000277fbad9600 JavaThread "Direct Clip" daemon [_thread_blocked, id=380, stack(0x0000007d32300000,0x0000007d32400000)]
  0x00000277fbad9fa0 JavaThread "Direct Clip" daemon [_thread_blocked, id=18444, stack(0x0000007d31300000,0x0000007d31400000)]
  0x00000277fbad9ad0 JavaThread "Direct Clip" daemon [_thread_blocked, id=25392, stack(0x0000007d32400000,0x0000007d32500000)]
  0x00000277fbad7920 JavaThread "Direct Clip" daemon [_thread_blocked, id=13156, stack(0x0000007d32600000,0x0000007d32700000)]
  0x00000277fbad6ab0 JavaThread "Direct Clip" daemon [_thread_blocked, id=18840, stack(0x0000007d2fb00000,0x0000007d2fc00000)]
  0x00000277fbad8790 JavaThread "Direct Clip" daemon [_thread_blocked, id=24036, stack(0x0000007d32700000,0x0000007d32800000)]
  0x00000277fbad6f80 JavaThread "Direct Clip" daemon [_thread_blocked, id=1708, stack(0x0000007d32800000,0x0000007d32900000)]
  0x00000277fbad7df0 JavaThread "Direct Clip" daemon [_thread_blocked, id=12780, stack(0x0000007d32a00000,0x0000007d32b00000)]
  0x00000277fbad65e0 JavaThread "Direct Clip" daemon [_thread_blocked, id=21404, stack(0x0000007d32b00000,0x0000007d32c00000)]
  0x00000277fbad8c60 JavaThread "Direct Clip" daemon [_thread_blocked, id=1636, stack(0x0000007d32900000,0x0000007d32a00000)]
  0x00000277fbad9130 JavaThread "Direct Clip" daemon [_thread_blocked, id=22072, stack(0x0000007d32c00000,0x0000007d32d00000)]
  0x00000277f6745650 JavaThread "Direct Clip" daemon [_thread_blocked, id=13752, stack(0x0000007d32e00000,0x0000007d32f00000)]
  0x00000277f67494e0 JavaThread "Direct Clip" daemon [_thread_blocked, id=26640, stack(0x0000007d32f00000,0x0000007d33000000)]
  0x00000277f6747330 JavaThread "Direct Clip" daemon [_thread_blocked, id=19128, stack(0x0000007d33000000,0x0000007d33100000)]
  0x00000277f6747800 JavaThread "Direct Clip" daemon [_thread_blocked, id=2400, stack(0x0000007d33100000,0x0000007d33200000)]
  0x00000277f6746e60 JavaThread "Direct Clip" daemon [_thread_blocked, id=6456, stack(0x0000007d33200000,0x0000007d33300000)]
  0x00000277f6747cd0 JavaThread "Direct Clip" daemon [_thread_blocked, id=18132, stack(0x0000007d33300000,0x0000007d33400000)]
  0x00000277f6745180 JavaThread "Direct Clip" daemon [_thread_blocked, id=22520, stack(0x0000007d33400000,0x0000007d33500000)]
  0x00000277f67499b0 JavaThread "Direct Clip" daemon [_thread_blocked, id=1776, stack(0x0000007d33500000,0x0000007d33600000)]
  0x00000277f67447e0 JavaThread "Direct Clip" daemon [_thread_blocked, id=18272, stack(0x0000007d33700000,0x0000007d33800000)]
  0x00000277f6742fd0 JavaThread "Direct Clip" daemon [_thread_blocked, id=25000, stack(0x0000007d33800000,0x0000007d33900000)]
  0x00000277f6749010 JavaThread "Direct Clip" daemon [_thread_blocked, id=1948, stack(0x0000007d33900000,0x0000007d33a00000)]
  0x00000277f67464c0 JavaThread "Direct Clip" daemon [_thread_blocked, id=18688, stack(0x0000007d32d00000,0x0000007d32e00000)]

Other Threads:
  0x00000277ea5782e0 VMThread "VM Thread" [stack: 0x0000007d2f100000,0x0000007d2f200000] [id=7420]
  0x00000277eb185a50 WatcherThread [stack: 0x0000007d2fd00000,0x0000007d2fe00000] [id=21700]
  0x00000277c70c8930 GCTaskThread "GC Thread#0" [stack: 0x0000007d2ec00000,0x0000007d2ed00000] [id=2976]
  0x00000277edea1f30 GCTaskThread "GC Thread#1" [stack: 0x0000007d30800000,0x0000007d30900000] [id=23260]
  0x00000277edea3200 GCTaskThread "GC Thread#2" [stack: 0x0000007d30900000,0x0000007d30a00000] [id=25496]
  0x00000277edea4220 GCTaskThread "GC Thread#3" [stack: 0x0000007d30a00000,0x0000007d30b00000] [id=27216]
  0x00000277edea2490 GCTaskThread "GC Thread#4" [stack: 0x0000007d30b00000,0x0000007d30c00000] [id=21380]
  0x00000277edea1470 GCTaskThread "GC Thread#5" [stack: 0x0000007d30c00000,0x0000007d30d00000] [id=18852]
  0x00000277edea1720 GCTaskThread "GC Thread#6" [stack: 0x0000007d30d00000,0x0000007d30e00000] [id=12592]
  0x00000277f651b8b0 GCTaskThread "GC Thread#7" [stack: 0x0000007d31900000,0x0000007d31a00000] [id=22224]
  0x00000277f651d640 GCTaskThread "GC Thread#8" [stack: 0x0000007d32500000,0x0000007d32600000] [id=19940]
  0x00000277c70d9e80 ConcurrentGCThread "G1 Main Marker" [stack: 0x0000007d2ed00000,0x0000007d2ee00000] [id=24948]
  0x00000277c70db8a0 ConcurrentGCThread "G1 Conc#0" [stack: 0x0000007d2ee00000,0x0000007d2ef00000] [id=26296]
  0x00000277c7149b10 ConcurrentGCThread "G1 Refine#0" [stack: 0x0000007d2ef00000,0x0000007d2f000000] [id=16140]
  0x00000277fa37aae0 ConcurrentGCThread "G1 Refine#1" [stack: 0x0000007d31a00000,0x0000007d31b00000] [id=11400]
  0x00000277f631b250 ConcurrentGCThread "G1 Refine#2" [stack: 0x0000007d31b00000,0x0000007d31c00000] [id=6392]
  0x00000277fd0bec80 ConcurrentGCThread "G1 Refine#3" [stack: 0x0000007d31700000,0x0000007d31800000] [id=24732]
  0x00000277fbae6dc0 ConcurrentGCThread "G1 Refine#4" [stack: 0x0000007d31c00000,0x0000007d31d00000] [id=116]
  0x00000277fc57b5d0 ConcurrentGCThread "G1 Refine#5" [stack: 0x0000007d31600000,0x0000007d31700000] [id=27540]
  0x00000277c714a1e0 ConcurrentGCThread "G1 Service" [stack: 0x0000007d2f000000,0x0000007d2f100000] [id=2576]

Threads with active compile tasks:

VM state: not at safepoint (normal execution)

VM Mutex/Monitor currently owned by a thread: None

Heap address: 0x000000070a000000, size: 3936 MB, Compressed Oops mode: Zero based, Oop shift amount: 3

CDS archive(s) mapped at: [0x0000000800000000-0x0000000800bc0000-0x0000000800bc0000), size 12320768, SharedBaseAddress: 0x0000000800000000, ArchiveRelocationMode: 0.
Compressed class space mapped at: 0x0000000800c00000-0x0000000840c00000, reserved size: 1073741824
Narrow klass base: 0x0000000800000000, Narrow klass shift: 0, Narrow klass range: 0x100000000

GC Precious Log:
 CPUs: 16 total, 16 available
 Memory: 15741M
 Large Page Support: Disabled
 NUMA Support: Disabled
 Compressed Oops: Enabled (Zero based)
 Heap Region Size: 2M
 Heap Min Capacity: 8M
 Heap Initial Capacity: 246M
 Heap Max Capacity: 3936M
 Pre-touch: Disabled
 Parallel Workers: 13
 Concurrent Workers: 3
 Concurrent Refinement Workers: 13
 Periodic GC: Disabled

Heap:
 garbage-first heap   total 251904K, used 146952K [0x000000070a000000, 0x0000000800000000)
  region size 2048K, 17 young (34816K), 6 survivors (12288K)
 Metaspace       used 10461K, committed 10624K, reserved 1064960K
  class space    used 741K, committed 832K, reserved 1048576K

Heap Regions: E=young(eden), S=young(survivor), O=old, HS=humongous(starts), HC=humongous(continues), CS=collection set, F=free, OA=open archive, CA=closed archive, TAMS=top-at-mark-start (previous, next)
|   0|0x000000070a000000, 0x000000070a200000, 0x000000070a200000|100%| O|  |TAMS 0x000000070a000000, 0x000000070a000000| Untracked 
|   1|0x000000070a200000, 0x000000070a400000, 0x000000070a400000|100%|HS|  |TAMS 0x000000070a200000, 0x000000070a200000| Complete 
|   2|0x000000070a400000, 0x000000070a600000, 0x000000070a600000|100%|HS|  |TAMS 0x000000070a400000, 0x000000070a400000| Complete 
|   3|0x000000070a600000, 0x000000070a800000, 0x000000070a800000|100%|HS|  |TAMS 0x000000070a600000, 0x000000070a600000| Complete 
|   4|0x000000070a800000, 0x000000070aa00000, 0x000000070aa00000|100%| O|  |TAMS 0x000000070a800000, 0x000000070a800000| Untracked 
|   5|0x000000070aa00000, 0x000000070ac00000, 0x000000070ac00000|100%| O|  |TAMS 0x000000070aa00000, 0x000000070aa00000| Untracked 
|   6|0x000000070ac00000, 0x000000070ae00000, 0x000000070ae00000|100%| O|  |TAMS 0x000000070ac00000, 0x000000070ac00000| Untracked 
|   7|0x000000070ae00000, 0x000000070b000000, 0x000000070b000000|100%| O|  |TAMS 0x000000070ae00000, 0x000000070ae00000| Untracked 
|   8|0x000000070b000000, 0x000000070b200000, 0x000000070b200000|100%| O|  |TAMS 0x000000070b000000, 0x000000070b000000| Untracked 
|   9|0x000000070b200000, 0x000000070b400000, 0x000000070b400000|100%| O|  |TAMS 0x000000070b200000, 0x000000070b200000| Untracked 
|  10|0x000000070b400000, 0x000000070b600000, 0x000000070b600000|100%| O|  |TAMS 0x000000070b400000, 0x000000070b400000| Untracked 
|  11|0x000000070b600000, 0x000000070b800000, 0x000000070b800000|100%| O|  |TAMS 0x000000070b600000, 0x000000070b600000| Untracked 
|  12|0x000000070b800000, 0x000000070ba00000, 0x000000070ba00000|100%|HS|  |TAMS 0x000000070b800000, 0x000000070b800000| Complete 
|  13|0x000000070ba00000, 0x000000070bc00000, 0x000000070bc00000|100%|HS|  |TAMS 0x000000070ba00000, 0x000000070ba00000| Complete 
|  14|0x000000070bc00000, 0x000000070be00000, 0x000000070be00000|100%|HS|  |TAMS 0x000000070bc00000, 0x000000070bc00000| Complete 
|  15|0x000000070be00000, 0x000000070c000000, 0x000000070c000000|100%|HS|  |TAMS 0x000000070be00000, 0x000000070be00000| Complete 
|  16|0x000000070c000000, 0x000000070c200000, 0x000000070c200000|100%|HS|  |TAMS 0x000000070c000000, 0x000000070c000000| Complete 
|  17|0x000000070c200000, 0x000000070c400000, 0x000000070c400000|100%|HS|  |TAMS 0x000000070c200000, 0x000000070c200000| Complete 
|  18|0x000000070c400000, 0x000000070c600000, 0x000000070c600000|100%|HS|  |TAMS 0x000000070c400000, 0x000000070c400000| Complete 
|  19|0x000000070c600000, 0x000000070c800000, 0x000000070c800000|100%|HS|  |TAMS 0x000000070c600000, 0x000000070c600000| Complete 
|  20|0x000000070c800000, 0x000000070ca00000, 0x000000070ca00000|100%|HS|  |TAMS 0x000000070c800000, 0x000000070c800000| Complete 
|  21|0x000000070ca00000, 0x000000070cc00000, 0x000000070cc00000|100%|HS|  |TAMS 0x000000070ca00000, 0x000000070ca00000| Complete 
|  22|0x000000070cc00000, 0x000000070ce00000, 0x000000070ce00000|100%|HS|  |TAMS 0x000000070cc00000, 0x000000070cc00000| Complete 
|  23|0x000000070ce00000, 0x000000070d000000, 0x000000070d000000|100%|HS|  |TAMS 0x000000070ce00000, 0x000000070ce00000| Complete 
|  24|0x000000070d000000, 0x000000070d200000, 0x000000070d200000|100%|HS|  |TAMS 0x000000070d000000, 0x000000070d000000| Complete 
|  25|0x000000070d200000, 0x000000070d400000, 0x000000070d400000|100%|HS|  |TAMS 0x000000070d200000, 0x000000070d200000| Complete 
|  26|0x000000070d400000, 0x000000070d600000, 0x000000070d600000|100%|HS|  |TAMS 0x000000070d400000, 0x000000070d400000| Complete 
|  27|0x000000070d600000, 0x000000070d800000, 0x000000070d800000|100%|HS|  |TAMS 0x000000070d600000, 0x000000070d600000| Complete 
|  28|0x000000070d800000, 0x000000070da00000, 0x000000070da00000|100%|HS|  |TAMS 0x000000070d800000, 0x000000070d800000| Complete 
|  29|0x000000070da00000, 0x000000070dc00000, 0x000000070dc00000|100%|HS|  |TAMS 0x000000070da00000, 0x000000070da00000| Complete 
|  30|0x000000070dc00000, 0x000000070de00000, 0x000000070de00000|100%|HS|  |TAMS 0x000000070dc00000, 0x000000070dc00000| Complete 
|  31|0x000000070de00000, 0x000000070e000000, 0x000000070e000000|100%|HS|  |TAMS 0x000000070de00000, 0x000000070de00000| Complete 
|  32|0x000000070e000000, 0x000000070e200000, 0x000000070e200000|100%|HS|  |TAMS 0x000000070e000000, 0x000000070e000000| Complete 
|  33|0x000000070e200000, 0x000000070e400000, 0x000000070e400000|100%|HS|  |TAMS 0x000000070e200000, 0x000000070e200000| Complete 
|  34|0x000000070e400000, 0x000000070e600000, 0x000000070e600000|100%|HS|  |TAMS 0x000000070e400000, 0x000000070e400000| Complete 
|  35|0x000000070e600000, 0x000000070e800000, 0x000000070e800000|100%|HS|  |TAMS 0x000000070e600000, 0x000000070e600000| Complete 
|  36|0x000000070e800000, 0x000000070ea00000, 0x000000070ea00000|100%|HS|  |TAMS 0x000000070e800000, 0x000000070e800000| Complete 
|  37|0x000000070ea00000, 0x000000070ec00000, 0x000000070ec00000|100%|HS|  |TAMS 0x000000070ea00000, 0x000000070ea00000| Complete 
|  38|0x000000070ec00000, 0x000000070ee00000, 0x000000070ee00000|100%|HS|  |TAMS 0x000000070ec00000, 0x000000070ec00000| Complete 
|  39|0x000000070ee00000, 0x000000070f000000, 0x000000070f000000|100%|HS|  |TAMS 0x000000070ee00000, 0x000000070ee00000| Complete 
|  40|0x000000070f000000, 0x000000070f200000, 0x000000070f200000|100%|HS|  |TAMS 0x000000070f000000, 0x000000070f000000| Complete 
|  41|0x000000070f200000, 0x000000070f400000, 0x000000070f400000|100%|HS|  |TAMS 0x000000070f200000, 0x000000070f200000| Complete 
|  42|0x000000070f400000, 0x000000070f600000, 0x000000070f600000|100%|HS|  |TAMS 0x000000070f400000, 0x000000070f400000| Complete 
|  43|0x000000070f600000, 0x000000070f800000, 0x000000070f800000|100%|HS|  |TAMS 0x000000070f600000, 0x000000070f600000| Complete 
|  44|0x000000070f800000, 0x000000070fa00000, 0x000000070fa00000|100%|HS|  |TAMS 0x000000070f800000, 0x000000070f800000| Complete 
|  45|0x000000070fa00000, 0x000000070fc00000, 0x000000070fc00000|100%|HS|  |TAMS 0x000000070fa00000, 0x000000070fa00000| Complete 
|  46|0x000000070fc00000, 0x000000070fe00000, 0x000000070fe00000|100%|HS|  |TAMS 0x000000070fc00000, 0x000000070fc00000| Complete 
|  47|0x000000070fe00000, 0x0000000710000000, 0x0000000710000000|100%|HS|  |TAMS 0x000000070fe00000, 0x000000070fe00000| Complete 
|  48|0x0000000710000000, 0x0000000710200000, 0x0000000710200000|100%|HS|  |TAMS 0x0000000710000000, 0x0000000710000000| Complete 
|  49|0x0000000710200000, 0x0000000710400000, 0x0000000710400000|100%|HS|  |TAMS 0x0000000710200000, 0x0000000710200000| Complete 
|  50|0x0000000710400000, 0x0000000710600000, 0x0000000710600000|100%| O|  |TAMS 0x0000000710400000, 0x0000000710400000| Untracked 
|  51|0x0000000710600000, 0x0000000710800000, 0x0000000710800000|100%|HS|  |TAMS 0x0000000710600000, 0x0000000710600000| Complete 
|  52|0x0000000710800000, 0x0000000710a00000, 0x0000000710a00000|100%| O|  |TAMS 0x0000000710800000, 0x0000000710800000| Untracked 
|  53|0x0000000710a00000, 0x0000000710c00000, 0x0000000710c00000|100%| O|  |TAMS 0x0000000710a00000, 0x0000000710a00000| Untracked 
|  54|0x0000000710c00000, 0x0000000710e00000, 0x0000000710e00000|100%| O|  |TAMS 0x0000000710c00000, 0x0000000710c00000| Untracked 
|  55|0x0000000710e00000, 0x0000000710fad400, 0x0000000711000000| 83%| O|  |TAMS 0x0000000710e00000, 0x0000000710e00000| Untracked 
|  56|0x0000000711000000, 0x0000000711000000, 0x0000000711200000|  0%| F|  |TAMS 0x0000000711000000, 0x0000000711000000| Untracked 
|  57|0x0000000711200000, 0x0000000711200000, 0x0000000711400000|  0%| F|  |TAMS 0x0000000711200000, 0x0000000711200000| Untracked 
|  58|0x0000000711400000, 0x0000000711400000, 0x0000000711600000|  0%| F|  |TAMS 0x0000000711400000, 0x0000000711400000| Untracked 
|  59|0x0000000711600000, 0x0000000711600000, 0x0000000711800000|  0%| F|  |TAMS 0x0000000711600000, 0x0000000711600000| Untracked 
|  60|0x0000000711800000, 0x0000000711800000, 0x0000000711a00000|  0%| F|  |TAMS 0x0000000711800000, 0x0000000711800000| Untracked 
|  61|0x0000000711a00000, 0x0000000711a00000, 0x0000000711c00000|  0%| F|  |TAMS 0x0000000711a00000, 0x0000000711a00000| Untracked 
|  62|0x0000000711c00000, 0x0000000711c00000, 0x0000000711e00000|  0%| F|  |TAMS 0x0000000711c00000, 0x0000000711c00000| Untracked 
|  63|0x0000000711e00000, 0x0000000711e00000, 0x0000000712000000|  0%| F|  |TAMS 0x0000000711e00000, 0x0000000711e00000| Untracked 
|  64|0x0000000712000000, 0x0000000712000000, 0x0000000712200000|  0%| F|  |TAMS 0x0000000712000000, 0x0000000712000000| Untracked 
|  65|0x0000000712200000, 0x0000000712200000, 0x0000000712400000|  0%| F|  |TAMS 0x0000000712200000, 0x0000000712200000| Untracked 
|  66|0x0000000712400000, 0x0000000712400000, 0x0000000712600000|  0%| F|  |TAMS 0x0000000712400000, 0x0000000712400000| Untracked 
|  67|0x0000000712600000, 0x0000000712600000, 0x0000000712800000|  0%| F|  |TAMS 0x0000000712600000, 0x0000000712600000| Untracked 
|  68|0x0000000712800000, 0x0000000712800000, 0x0000000712a00000|  0%| F|  |TAMS 0x0000000712800000, 0x0000000712800000| Untracked 
|  69|0x0000000712a00000, 0x0000000712a00000, 0x0000000712c00000|  0%| F|  |TAMS 0x0000000712a00000, 0x0000000712a00000| Untracked 
|  70|0x0000000712c00000, 0x0000000712c00000, 0x0000000712e00000|  0%| F|  |TAMS 0x0000000712c00000, 0x0000000712c00000| Untracked 
|  71|0x0000000712e00000, 0x0000000712e00000, 0x0000000713000000|  0%| F|  |TAMS 0x0000000712e00000, 0x0000000712e00000| Untracked 
|  72|0x0000000713000000, 0x0000000713000000, 0x0000000713200000|  0%| F|  |TAMS 0x0000000713000000, 0x0000000713000000| Untracked 
|  73|0x0000000713200000, 0x0000000713200000, 0x0000000713400000|  0%| F|  |TAMS 0x0000000713200000, 0x0000000713200000| Untracked 
|  74|0x0000000713400000, 0x0000000713400000, 0x0000000713600000|  0%| F|  |TAMS 0x0000000713400000, 0x0000000713400000| Untracked 
|  75|0x0000000713600000, 0x00000007137d4ff0, 0x0000000713800000| 91%| S|CS|TAMS 0x0000000713600000, 0x0000000713600000| Complete 
|  76|0x0000000713800000, 0x0000000713a00000, 0x0000000713a00000|100%| S|CS|TAMS 0x0000000713800000, 0x0000000713800000| Complete 
|  77|0x0000000713a00000, 0x0000000713c00000, 0x0000000713c00000|100%| S|CS|TAMS 0x0000000713a00000, 0x0000000713a00000| Complete 
|  78|0x0000000713c00000, 0x0000000713e00000, 0x0000000713e00000|100%| S|CS|TAMS 0x0000000713c00000, 0x0000000713c00000| Complete 
|  79|0x0000000713e00000, 0x0000000714000000, 0x0000000714000000|100%| S|CS|TAMS 0x0000000713e00000, 0x0000000713e00000| Complete 
|  80|0x0000000714000000, 0x0000000714200000, 0x0000000714200000|100%| S|CS|TAMS 0x0000000714000000, 0x0000000714000000| Complete 
|  81|0x0000000714200000, 0x0000000714200000, 0x0000000714400000|  0%| F|  |TAMS 0x0000000714200000, 0x0000000714200000| Untracked 
|  82|0x0000000714400000, 0x0000000714400000, 0x0000000714600000|  0%| F|  |TAMS 0x0000000714400000, 0x0000000714400000| Untracked 
|  83|0x0000000714600000, 0x0000000714600000, 0x0000000714800000|  0%| F|  |TAMS 0x0000000714600000, 0x0000000714600000| Untracked 
|  84|0x0000000714800000, 0x0000000714800000, 0x0000000714a00000|  0%| F|  |TAMS 0x0000000714800000, 0x0000000714800000| Untracked 
|  85|0x0000000714a00000, 0x0000000714a00000, 0x0000000714c00000|  0%| F|  |TAMS 0x0000000714a00000, 0x0000000714a00000| Untracked 
|  86|0x0000000714c00000, 0x0000000714c00000, 0x0000000714e00000|  0%| F|  |TAMS 0x0000000714c00000, 0x0000000714c00000| Untracked 
|  87|0x0000000714e00000, 0x0000000714e00000, 0x0000000715000000|  0%| F|  |TAMS 0x0000000714e00000, 0x0000000714e00000| Untracked 
|  88|0x0000000715000000, 0x0000000715000000, 0x0000000715200000|  0%| F|  |TAMS 0x0000000715000000, 0x0000000715000000| Untracked 
|  89|0x0000000715200000, 0x0000000715200000, 0x0000000715400000|  0%| F|  |TAMS 0x0000000715200000, 0x0000000715200000| Untracked 
|  90|0x0000000715400000, 0x0000000715400000, 0x0000000715600000|  0%| F|  |TAMS 0x0000000715400000, 0x0000000715400000| Untracked 
|  91|0x0000000715600000, 0x0000000715600000, 0x0000000715800000|  0%| F|  |TAMS 0x0000000715600000, 0x0000000715600000| Untracked 
|  92|0x0000000715800000, 0x0000000715800000, 0x0000000715a00000|  0%| F|  |TAMS 0x0000000715800000, 0x0000000715800000| Untracked 
|  93|0x0000000715a00000, 0x0000000715a00000, 0x0000000715c00000|  0%| F|  |TAMS 0x0000000715a00000, 0x0000000715a00000| Untracked 
|  94|0x0000000715c00000, 0x0000000715c00000, 0x0000000715e00000|  0%| F|  |TAMS 0x0000000715c00000, 0x0000000715c00000| Untracked 
|  95|0x0000000715e00000, 0x0000000715e00000, 0x0000000716000000|  0%| F|  |TAMS 0x0000000715e00000, 0x0000000715e00000| Untracked 
|  96|0x0000000716000000, 0x0000000716000000, 0x0000000716200000|  0%| F|  |TAMS 0x0000000716000000, 0x0000000716000000| Untracked 
|  97|0x0000000716200000, 0x0000000716200000, 0x0000000716400000|  0%| F|  |TAMS 0x0000000716200000, 0x0000000716200000| Untracked 
|  98|0x0000000716400000, 0x0000000716400000, 0x0000000716600000|  0%| F|  |TAMS 0x0000000716400000, 0x0000000716400000| Untracked 
|  99|0x0000000716600000, 0x0000000716600000, 0x0000000716800000|  0%| F|  |TAMS 0x0000000716600000, 0x0000000716600000| Untracked 
| 100|0x0000000716800000, 0x0000000716800000, 0x0000000716a00000|  0%| F|  |TAMS 0x0000000716800000, 0x0000000716800000| Untracked 
| 101|0x0000000716a00000, 0x0000000716a00000, 0x0000000716c00000|  0%| F|  |TAMS 0x0000000716a00000, 0x0000000716a00000| Untracked 
| 102|0x0000000716c00000, 0x0000000716c00000, 0x0000000716e00000|  0%| F|  |TAMS 0x0000000716c00000, 0x0000000716c00000| Untracked 
| 103|0x0000000716e00000, 0x0000000716e00000, 0x0000000717000000|  0%| F|  |TAMS 0x0000000716e00000, 0x0000000716e00000| Untracked 
| 104|0x0000000717000000, 0x0000000717000000, 0x0000000717200000|  0%| F|  |TAMS 0x0000000717000000, 0x0000000717000000| Untracked 
| 105|0x0000000717200000, 0x0000000717200000, 0x0000000717400000|  0%| F|  |TAMS 0x0000000717200000, 0x0000000717200000| Untracked 
| 106|0x0000000717400000, 0x0000000717400000, 0x0000000717600000|  0%| F|  |TAMS 0x0000000717400000, 0x0000000717400000| Untracked 
| 107|0x0000000717600000, 0x0000000717600000, 0x0000000717800000|  0%| F|  |TAMS 0x0000000717600000, 0x0000000717600000| Untracked 
| 108|0x0000000717800000, 0x0000000717800000, 0x0000000717a00000|  0%| F|  |TAMS 0x0000000717800000, 0x0000000717800000| Untracked 
| 109|0x0000000717a00000, 0x0000000717a00000, 0x0000000717c00000|  0%| F|  |TAMS 0x0000000717a00000, 0x0000000717a00000| Untracked 
| 110|0x0000000717c00000, 0x0000000717c00000, 0x0000000717e00000|  0%| F|  |TAMS 0x0000000717c00000, 0x0000000717c00000| Untracked 
| 111|0x0000000717e00000, 0x0000000717e00000, 0x0000000718000000|  0%| F|  |TAMS 0x0000000717e00000, 0x0000000717e00000| Untracked 
| 112|0x0000000718000000, 0x0000000718200000, 0x0000000718200000|100%| E|  |TAMS 0x0000000718000000, 0x0000000718000000| Complete 
| 113|0x0000000718200000, 0x0000000718400000, 0x0000000718400000|100%| E|CS|TAMS 0x0000000718200000, 0x0000000718200000| Complete 
| 114|0x0000000718400000, 0x0000000718600000, 0x0000000718600000|100%| E|CS|TAMS 0x0000000718400000, 0x0000000718400000| Complete 
| 115|0x0000000718600000, 0x0000000718800000, 0x0000000718800000|100%| E|CS|TAMS 0x0000000718600000, 0x0000000718600000| Complete 
| 116|0x0000000718800000, 0x0000000718a00000, 0x0000000718a00000|100%| E|CS|TAMS 0x0000000718800000, 0x0000000718800000| Complete 
| 117|0x0000000718a00000, 0x0000000718c00000, 0x0000000718c00000|100%| E|CS|TAMS 0x0000000718a00000, 0x0000000718a00000| Complete 
| 118|0x0000000718c00000, 0x0000000718e00000, 0x0000000718e00000|100%| E|CS|TAMS 0x0000000718c00000, 0x0000000718c00000| Complete 
| 119|0x0000000718e00000, 0x0000000719000000, 0x0000000719000000|100%| E|CS|TAMS 0x0000000718e00000, 0x0000000718e00000| Complete 
| 120|0x0000000719000000, 0x0000000719200000, 0x0000000719200000|100%| E|CS|TAMS 0x0000000719000000, 0x0000000719000000| Complete 
| 121|0x0000000719200000, 0x0000000719400000, 0x0000000719400000|100%| E|CS|TAMS 0x0000000719200000, 0x0000000719200000| Complete 
| 122|0x0000000719400000, 0x0000000719600000, 0x0000000719600000|100%| E|CS|TAMS 0x0000000719400000, 0x0000000719400000| Complete 

Card table byte_map: [0x00000277deb70000,0x00000277df320000] _byte_map_base: 0x00000277db320000

Marking Bits (Prev, Next): (CMBitMap*) 0x00000277c70c9f50, (CMBitMap*) 0x00000277c70c9f90
 Prev Bits: [0x00000277dfad0000, 0x00000277e3850000)
 Next Bits: [0x00000277e3850000, 0x00000277e75d0000)

Polling page: 0x00000277c4ef0000

Metaspace:

Usage:
  Non-class:      9.49 MB used.
      Class:    741.12 KB used.
       Both:     10.22 MB used.

Virtual space:
  Non-class space:       16.00 MB reserved,       9.56 MB ( 60%) committed,  2 nodes.
      Class space:        1.00 GB reserved,     832.00 KB ( <1%) committed,  1 nodes.
             Both:        1.02 GB reserved,      10.38 MB ( <1%) committed. 

Chunk freelists:
   Non-Class:  616.00 KB
       Class:  3.18 MB
        Both:  3.78 MB

MaxMetaspaceSize: unlimited
CompressedClassSpaceSize: 1.00 GB
Initial GC threshold: 21.00 MB
Current GC threshold: 21.00 MB
CDS: on
MetaspaceReclaimPolicy: balanced
 - commit_granule_bytes: 65536.
 - commit_granule_words: 8192.
 - virtual_space_node_default_size: 1048576.
 - enlarge_chunks_in_place: 1.
 - new_chunks_are_fully_committed: 0.
 - uncommit_free_chunks: 1.
 - use_allocation_guard: 0.
 - handle_deallocations: 1.


Internal statistics:

num_allocs_failed_limit: 0.
num_arena_births: 60.
num_arena_deaths: 0.
num_vsnodes_births: 3.
num_vsnodes_deaths: 0.
num_space_committed: 164.
num_space_uncommitted: 0.
num_chunks_returned_to_freelist: 0.
num_chunks_taken_from_freelist: 347.
num_chunk_merges: 0.
num_chunk_splits: 286.
num_chunks_enlarged: 251.
num_purges: 0.
num_inconsistent_stats: 0.

CodeHeap 'non-profiled nmethods': size=119168Kb used=2045Kb max_used=2045Kb free=117122Kb
 bounds [0x00000277d66e0000, 0x00000277d6950000, 0x00000277ddb40000]
CodeHeap 'profiled nmethods': size=119104Kb used=4224Kb max_used=4224Kb free=114879Kb
 bounds [0x00000277cf290000, 0x00000277cf6c0000, 0x00000277d66e0000]
CodeHeap 'non-nmethods': size=7488Kb used=1665Kb max_used=3401Kb free=5822Kb
 bounds [0x00000277ceb40000, 0x00000277ceea0000, 0x00000277cf290000]
 total_blobs=3544 nmethods=2434 adapters=1023
 compilation: enabled
              stopped_count=0, restarted_count=0
 full_count=0

Compilation events (20 events):
Event: 29.153 Thread 0x00000277eb004090 2431       3       java.lang.reflect.Constructor::setAccessible (21 bytes)
Event: 29.153 Thread 0x00000277eb004090 nmethod 2431 0x00000277cf6ad690 code [0x00000277cf6ad8c0, 0x00000277cf6ae078]
Event: 29.153 Thread 0x00000277eb004090 2432       3       java.lang.reflect.Constructor::checkCanSetAccessible (29 bytes)
Event: 29.153 Thread 0x00000277eb004090 nmethod 2432 0x00000277cf6ae310 code [0x00000277cf6ae4e0, 0x00000277cf6ae7b8]
Event: 29.153 Thread 0x00000277eb004090 2433       3       java.io.FileDescriptor::valid (25 bytes)
Event: 29.153 Thread 0x00000277eb004090 nmethod 2433 0x00000277cf6ae910 code [0x00000277cf6aeaa0, 0x00000277cf6aec58]
Event: 29.154 Thread 0x00000277eb004090 2434       3       java.io.DataInputStream::readInt (72 bytes)
Event: 29.154 Thread 0x00000277eb004090 nmethod 2434 0x00000277cf6aed10 code [0x00000277cf6aef00, 0x00000277cf6af4a8]
Event: 30.753 Thread 0x00000277eb000290 2435       4       com.badlogic.gdx.graphics.g3d.utils.shapebuilders.ConeShapeBuilder::build (320 bytes)
Event: 30.780 Thread 0x00000277eb000290 nmethod 2435 0x00000277d68d9510 code [0x00000277d68d9840, 0x00000277d68dc508]
Event: 30.843 Thread 0x00000277eb000290 2436       4       java.util.regex.Pattern$GroupTail::match (111 bytes)
Event: 30.849 Thread 0x00000277eb000290 nmethod 2436 0x00000277d68dd910 code [0x00000277d68ddb20, 0x00000277d68de3e0]
Event: 30.918 Thread 0x00000277eb004090 2437       3       com.badlogic.gdx.InputEventQueue::queueTime (22 bytes)
Event: 30.918 Thread 0x00000277eb004090 nmethod 2437 0x00000277cf6af690 code [0x00000277cf6af840, 0x00000277cf6afa18]
Event: 35.403 Thread 0x00000277eb004090 2438       3       org.lwjgl.system.dyncall.DynCallback::dcbArgDouble (16 bytes)
Event: 35.403 Thread 0x00000277eb004090 nmethod 2438 0x00000277cf6afb10 code [0x00000277cf6afcc0, 0x00000277cf6aff58]
Event: 36.137 Thread 0x00000277eb000290 2440       4       com.badlogic.gdx.graphics.g3d.utils.shapebuilders.CylinderShapeBuilder::build (15 bytes)
Event: 36.138 Thread 0x00000277eb000290 nmethod 2440 0x00000277d68df010 code [0x00000277d68df1a0, 0x00000277d68df228]
Event: 36.436 Thread 0x00000277eb000290 2441       4       java.lang.String::indexOf (64 bytes)
Event: 36.438 Thread 0x00000277eb000290 nmethod 2441 0x00000277d68df310 code [0x00000277d68df480, 0x00000277d68df6b8]

GC Heap History (12 events):
Event: 1.969 GC heap before
{Heap before GC invocations=0 (full 0):
 garbage-first heap   total 251904K, used 22528K [0x000000070a000000, 0x0000000800000000)
  region size 2048K, 11 young (22528K), 0 survivors (0K)
 Metaspace       used 7291K, committed 7424K, reserved 1064960K
  class space    used 452K, committed 512K, reserved 1048576K
}
Event: 1.972 GC heap after
{Heap after GC invocations=1 (full 0):
 garbage-first heap   total 251904K, used 2708K [0x000000070a000000, 0x0000000800000000)
  region size 2048K, 2 young (4096K), 2 survivors (4096K)
 Metaspace       used 7291K, committed 7424K, reserved 1064960K
  class space    used 452K, committed 512K, reserved 1048576K
}
Event: 4.652 GC heap before
{Heap before GC invocations=1 (full 0):
 garbage-first heap   total 251904K, used 45716K [0x000000070a000000, 0x0000000800000000)
  region size 2048K, 19 young (38912K), 2 survivors (4096K)
 Metaspace       used 9722K, committed 9792K, reserved 1064960K
  class space    used 677K, committed 704K, reserved 1048576K
}
Event: 4.661 GC heap after
{Heap after GC invocations=2 (full 0):
 garbage-first heap   total 251904K, used 22669K [0x000000070a000000, 0x0000000800000000)
  region size 2048K, 3 young (6144K), 3 survivors (6144K)
 Metaspace       used 9722K, committed 9792K, reserved 1064960K
  class space    used 677K, committed 704K, reserved 1048576K
}
Event: 5.184 GC heap before
{Heap before GC invocations=2 (full 0):
 garbage-first heap   total 251904K, used 28813K [0x000000070a000000, 0x0000000800000000)
  region size 2048K, 6 young (12288K), 3 survivors (6144K)
 Metaspace       used 9791K, committed 9856K, reserved 1064960K
  class space    used 677K, committed 704K, reserved 1048576K
}
Event: 5.189 GC heap after
{Heap after GC invocations=3 (full 0):
 garbage-first heap   total 251904K, used 24175K [0x000000070a000000, 0x0000000800000000)
  region size 2048K, 1 young (2048K), 1 survivors (2048K)
 Metaspace       used 9791K, committed 9856K, reserved 1064960K
  class space    used 677K, committed 704K, reserved 1048576K
}
Event: 17.314 GC heap before
{Heap before GC invocations=3 (full 0):
 garbage-first heap   total 251904K, used 202351K [0x000000070a000000, 0x0000000800000000)
  region size 2048K, 73 young (149504K), 1 survivors (2048K)
 Metaspace       used 10313K, committed 10432K, reserved 1064960K
  class space    used 727K, committed 768K, reserved 1048576K
}
Event: 17.317 GC heap after
{Heap after GC invocations=4 (full 0):
 garbage-first heap   total 251904K, used 62899K [0x000000070a000000, 0x0000000800000000)
  region size 2048K, 5 young (10240K), 5 survivors (10240K)
 Metaspace       used 10313K, committed 10432K, reserved 1064960K
  class space    used 727K, committed 768K, reserved 1048576K
}
Event: 26.701 GC heap before
{Heap before GC invocations=4 (full 0):
 garbage-first heap   total 251904K, used 214451K [0x000000070a000000, 0x0000000800000000)
  region size 2048K, 62 young (126976K), 5 survivors (10240K)
 Metaspace       used 10438K, committed 10624K, reserved 1064960K
  class space    used 740K, committed 832K, reserved 1048576K
}
Event: 26.705 GC heap after
{Heap after GC invocations=5 (full 0):
 garbage-first heap   total 251904K, used 109424K [0x000000070a000000, 0x0000000800000000)
  region size 2048K, 8 young (16384K), 8 survivors (16384K)
 Metaspace       used 10438K, committed 10624K, reserved 1064960K
  class space    used 740K, committed 832K, reserved 1048576K
}
Event: 34.279 GC heap before
{Heap before GC invocations=5 (full 0):
 garbage-first heap   total 251904K, used 207728K [0x000000070a000000, 0x0000000800000000)
  region size 2048K, 50 young (102400K), 8 survivors (16384K)
 Metaspace       used 10449K, committed 10624K, reserved 1064960K
  class space    used 740K, committed 832K, reserved 1048576K
}
Event: 34.286 GC heap after
{Heap after GC invocations=6 (full 0):
 garbage-first heap   total 251904K, used 126472K [0x000000070a000000, 0x0000000800000000)
  region size 2048K, 6 young (12288K), 6 survivors (12288K)
 Metaspace       used 10449K, committed 10624K, reserved 1064960K
  class space    used 740K, committed 832K, reserved 1048576K
}

Deoptimization events (20 events):
Event: 9.502 Thread 0x00000277c7074740 DEOPT PACKING pc=0x00000277d684f8a0 sp=0x0000007d2ebfee20
Event: 9.502 Thread 0x00000277c7074740 DEOPT UNPACKING pc=0x00000277ceb923a3 sp=0x0000007d2ebfedc8 mode 2
Event: 9.514 Thread 0x00000277fbd601f0 Uncommon trap: trap_request=0xffffff45 fr.pc=0x00000277d674b7b0 relative=0x0000000000000110
Event: 9.514 Thread 0x00000277fbd601f0 Uncommon trap: reason=unstable_if action=reinterpret pc=0x00000277d674b7b0 method=java.lang.ThreadLocal.get()Ljava/lang/Object; @ 11 c2
Event: 9.514 Thread 0x00000277fbd601f0 DEOPT PACKING pc=0x00000277d674b7b0 sp=0x0000007d312fe530
Event: 9.514 Thread 0x00000277fbd601f0 DEOPT UNPACKING pc=0x00000277ceb923a3 sp=0x0000007d312fe4c0 mode 2
Event: 27.501 Thread 0x00000277c7074740 Uncommon trap: trap_request=0xffffff45 fr.pc=0x00000277d68456a0 relative=0x0000000000000660
Event: 27.501 Thread 0x00000277c7074740 Uncommon trap: reason=unstable_if action=reinterpret pc=0x00000277d68456a0 method=com.badlogic.gdx.utils.TimSort.mergeHi(IIII)V @ 413 c2
Event: 27.501 Thread 0x00000277c7074740 DEOPT PACKING pc=0x00000277d68456a0 sp=0x0000007d2ebfec10
Event: 27.501 Thread 0x00000277c7074740 DEOPT UNPACKING pc=0x00000277ceb923a3 sp=0x0000007d2ebfec18 mode 2
Event: 27.602 Thread 0x00000277c7074740 DEOPT PACKING pc=0x00000277cf6a5311 sp=0x0000007d2ebfec10
Event: 27.602 Thread 0x00000277c7074740 DEOPT UNPACKING pc=0x00000277ceb92b43 sp=0x0000007d2ebfe108 mode 0
Event: 27.686 Thread 0x00000277c7074740 DEOPT PACKING pc=0x00000277cf6a5311 sp=0x0000007d2ebfec10
Event: 27.686 Thread 0x00000277c7074740 DEOPT UNPACKING pc=0x00000277ceb92b43 sp=0x0000007d2ebfe108 mode 0
Event: 27.736 Thread 0x00000277c7074740 DEOPT PACKING pc=0x00000277cf6a5311 sp=0x0000007d2ebfec10
Event: 27.736 Thread 0x00000277c7074740 DEOPT UNPACKING pc=0x00000277ceb92b43 sp=0x0000007d2ebfe108 mode 0
Event: 27.786 Thread 0x00000277c7074740 DEOPT PACKING pc=0x00000277cf6a5311 sp=0x0000007d2ebfec10
Event: 27.786 Thread 0x00000277c7074740 DEOPT UNPACKING pc=0x00000277ceb92b43 sp=0x0000007d2ebfe108 mode 0
Event: 27.819 Thread 0x00000277c7074740 DEOPT PACKING pc=0x00000277cf6a5311 sp=0x0000007d2ebfec10
Event: 27.819 Thread 0x00000277c7074740 DEOPT UNPACKING pc=0x00000277ceb92b43 sp=0x0000007d2ebfe108 mode 0

Classes unloaded (0 events):
No events

Classes redefined (0 events):
No events

Internal exceptions (20 events):
Event: 0.166 Thread 0x00000277c7074740 Exception <a 'java/lang/NoSuchMethodError'{0x00000007191d11b8}: 'void java.lang.invoke.DirectMethodHandle$Holder.invokeStatic(java.lang.Object, java.lang.Object)'> (0x00000007191d11b8) 
thrown [e:\jenkins\tmp\workspace\build\src\src\hotspot\share\interpreter\linkResolver.cpp, line 766]
Event: 0.168 Thread 0x00000277c7074740 Exception <a 'java/lang/NoSuchMethodError'{0x00000007191d6a00}: 'void java.lang.invoke.DirectMethodHandle$Holder.invokeSpecial(java.lang.Object, java.lang.Object, java.lang.Object)'> (0x00000007191d6a00) 
thrown [e:\jenkins\tmp\workspace\build\src\src\hotspot\share\interpreter\linkResolver.cpp, line 766]
Event: 0.170 Thread 0x00000277c7074740 Exception <a 'java/lang/NoSuchMethodError'{0x00000007191ea028}: 'java.lang.Object java.lang.invoke.DirectMethodHandle$Holder.invokeStatic(java.lang.Object, java.lang.Object, int)'> (0x00000007191ea028) 
thrown [e:\jenkins\tmp\workspace\build\src\src\hotspot\share\interpreter\linkResolver.cpp, line 766]
Event: 0.172 Thread 0x00000277c7074740 Exception <a 'java/lang/NoSuchMethodError'{0x00000007191f5d98}: 'void java.lang.invoke.DelegatingMethodHandle$Holder.delegate(java.lang.Object, java.lang.Object, int, java.lang.Object)'> (0x00000007191f5d98) 
thrown [e:\jenkins\tmp\workspace\build\src\src\hotspot\share\interpreter\linkResolver.cpp, line 766]
Event: 0.172 Thread 0x00000277c7074740 Exception <a 'java/lang/NoSuchMethodError'{0x00000007191f9fd8}: 'int java.lang.invoke.DirectMethodHandle$Holder.invokeSpecial(java.lang.Object, java.lang.Object, java.lang.Object)'> (0x00000007191f9fd8) 
thrown [e:\jenkins\tmp\workspace\build\src\src\hotspot\share\interpreter\linkResolver.cpp, line 766]
Event: 0.201 Thread 0x00000277c7074740 Exception <a 'sun/nio/fs/WindowsException'{0x0000000718ea1028}> (0x0000000718ea1028) 
thrown [e:\jenkins\tmp\workspace\build\src\src\hotspot\share\prims\jni.cpp, line 516]
Event: 0.201 Thread 0x00000277c7074740 Exception <a 'sun/nio/fs/WindowsException'{0x0000000718ea1580}> (0x0000000718ea1580) 
thrown [e:\jenkins\tmp\workspace\build\src\src\hotspot\share\prims\jni.cpp, line 516]
Event: 0.224 Thread 0x00000277c7074740 Exception <a 'sun/nio/fs/WindowsException'{0x0000000718f90b40}> (0x0000000718f90b40) 
thrown [e:\jenkins\tmp\workspace\build\src\src\hotspot\share\prims\jni.cpp, line 516]
Event: 0.224 Thread 0x00000277c7074740 Exception <a 'sun/nio/fs/WindowsException'{0x0000000718f90ee0}> (0x0000000718f90ee0) 
thrown [e:\jenkins\tmp\workspace\build\src\src\hotspot\share\prims\jni.cpp, line 516]
Event: 0.242 Thread 0x00000277c7074740 Exception <a 'sun/nio/fs/WindowsException'{0x0000000718c40258}> (0x0000000718c40258) 
thrown [e:\jenkins\tmp\workspace\build\src\src\hotspot\share\prims\jni.cpp, line 516]
Event: 0.242 Thread 0x00000277c7074740 Exception <a 'sun/nio/fs/WindowsException'{0x0000000718c405c8}> (0x0000000718c405c8) 
thrown [e:\jenkins\tmp\workspace\build\src\src\hotspot\share\prims\jni.cpp, line 516]
Event: 0.283 Thread 0x00000277c7074740 Exception <a 'sun/nio/fs/WindowsException'{0x0000000718cc56e8}> (0x0000000718cc56e8) 
thrown [e:\jenkins\tmp\workspace\build\src\src\hotspot\share\prims\jni.cpp, line 516]
Event: 0.283 Thread 0x00000277c7074740 Exception <a 'sun/nio/fs/WindowsException'{0x0000000718cc5a70}> (0x0000000718cc5a70) 
thrown [e:\jenkins\tmp\workspace\build\src\src\hotspot\share\prims\jni.cpp, line 516]
Event: 0.508 Thread 0x00000277c7074740 Exception <a 'sun/nio/fs/WindowsException'{0x0000000718aa8fe8}> (0x0000000718aa8fe8) 
thrown [e:\jenkins\tmp\workspace\build\src\src\hotspot\share\prims\jni.cpp, line 516]
Event: 0.509 Thread 0x00000277c7074740 Exception <a 'sun/nio/fs/WindowsException'{0x0000000718aa9398}> (0x0000000718aa9398) 
thrown [e:\jenkins\tmp\workspace\build\src\src\hotspot\share\prims\jni.cpp, line 516]
Event: 0.511 Thread 0x00000277c7074740 Exception <a 'sun/nio/fs/WindowsException'{0x0000000718ab5530}> (0x0000000718ab5530) 
thrown [e:\jenkins\tmp\workspace\build\src\src\hotspot\share\prims\jni.cpp, line 516]
Event: 0.511 Thread 0x00000277c7074740 Exception <a 'sun/nio/fs/WindowsException'{0x0000000718ab5818}> (0x0000000718ab5818) 
thrown [e:\jenkins\tmp\workspace\build\src\src\hotspot\share\prims\jni.cpp, line 516]
Event: 4.161 Thread 0x00000277c7074740 Implicit null exception at 0x00000277d67479b0 to 0x00000277d6747b88
Event: 4.176 Thread 0x00000277c7074740 Implicit null exception at 0x00000277d6751e3f to 0x00000277d6751f1c
Event: 9.514 Thread 0x00000277fbd601f0 Implicit null exception at 0x00000277d674b6df to 0x00000277d674b79c

VM Operations (20 events):
Event: 23.873 Executing VM operation: ICBufferFull
Event: 23.873 Executing VM operation: ICBufferFull done
Event: 24.541 Executing VM operation: ICBufferFull
Event: 24.541 Executing VM operation: ICBufferFull done
Event: 25.192 Executing VM operation: ICBufferFull
Event: 25.192 Executing VM operation: ICBufferFull done
Event: 25.875 Executing VM operation: ICBufferFull
Event: 25.875 Executing VM operation: ICBufferFull done
Event: 26.541 Executing VM operation: ICBufferFull
Event: 26.541 Executing VM operation: ICBufferFull done
Event: 26.701 Executing VM operation: G1CollectForAllocation
Event: 26.705 Executing VM operation: G1CollectForAllocation done
Event: 28.705 Executing VM operation: Cleanup
Event: 28.705 Executing VM operation: Cleanup done
Event: 30.706 Executing VM operation: Cleanup
Event: 30.706 Executing VM operation: Cleanup done
Event: 31.706 Executing VM operation: Cleanup
Event: 31.706 Executing VM operation: Cleanup done
Event: 34.279 Executing VM operation: G1CollectForAllocation
Event: 34.286 Executing VM operation: G1CollectForAllocation done

Events (20 events):
Event: 25.221 Thread 0x00000277f67447e0 Thread exited: 0x00000277f67447e0
Event: 25.482 Thread 0x00000277f6749e80 Thread added: 0x00000277f6749e80
Event: 25.485 Thread 0x00000277f6745180 Thread added: 0x00000277f6745180
Event: 25.687 Thread 0x00000277f6749e80 Thread exited: 0x00000277f6749e80
Event: 25.699 Thread 0x00000277f6749e80 Thread added: 0x00000277f6749e80
Event: 25.702 Thread 0x00000277f67499b0 Thread added: 0x00000277f67499b0
Event: 25.924 Thread 0x00000277f6745b20 Thread exited: 0x00000277f6745b20
Event: 26.604 Thread 0x00000277f6749e80 Thread exited: 0x00000277f6749e80
Event: 28.453 Thread 0x00000277f6749010 Thread added: 0x00000277f6749010
Event: 28.455 Thread 0x00000277f674a820 Thread added: 0x00000277f674a820
Event: 28.456 Thread 0x00000277f67447e0 Thread added: 0x00000277f67447e0
Event: 28.458 Thread 0x00000277f6742fd0 Thread added: 0x00000277f6742fd0
Event: 28.656 Thread 0x00000277f6749010 Thread exited: 0x00000277f6749010
Event: 28.951 Thread 0x00000277f67481a0 Thread added: 0x00000277f67481a0
Event: 28.954 Thread 0x00000277f6749010 Thread added: 0x00000277f6749010
Event: 29.151 Thread 0x00000277f6748670 Thread added: 0x00000277f6748670
Event: 29.154 Thread 0x00000277f67481a0 Thread exited: 0x00000277f67481a0
Event: 29.154 Thread 0x00000277f67464c0 Thread added: 0x00000277f67464c0
Event: 29.359 Thread 0x00000277f674a820 Thread exited: 0x00000277f674a820
Event: 30.056 Thread 0x00000277f6748670 Thread exited: 0x00000277f6748670


Dynamic libraries:
0x00007ff7d8a20000 - 0x00007ff7d8a2e000 	C:\Program Files\Eclipse Adoptium\jdk-17.0.1.12-hotspot\bin\java.exe
0x00007ffdc5cd0000 - 0x00007ffdc5ec5000 	C:\Windows\SYSTEM32\ntdll.dll
0x00007ffdc4060000 - 0x00007ffdc411d000 	C:\Windows\System32\KERNEL32.DLL
0x00007ffdc3720000 - 0x00007ffdc39ed000 	C:\Windows\System32\KERNELBASE.dll
0x00007ffdc33b0000 - 0x00007ffdc34b0000 	C:\Windows\System32\ucrtbase.dll
0x00007ffdbee20000 - 0x00007ffdbee38000 	C:\Program Files\Eclipse Adoptium\jdk-17.0.1.12-hotspot\bin\jli.dll
0x00007ffdc5530000 - 0x00007ffdc56d0000 	C:\Windows\System32\USER32.dll
0x00007ffdc3c20000 - 0x00007ffdc3c42000 	C:\Windows\System32\win32u.dll
0x00007ffdc5bd0000 - 0x00007ffdc5bfa000 	C:\Windows\System32\GDI32.dll
0x00007ffdc3610000 - 0x00007ffdc371b000 	C:\Windows\System32\gdi32full.dll
0x00007ffdc39f0000 - 0x00007ffdc3a8d000 	C:\Windows\System32\msvcp_win.dll
0x00007ffdbd460000 - 0x00007ffdbd479000 	C:\Program Files\Eclipse Adoptium\jdk-17.0.1.12-hotspot\bin\VCRUNTIME140.dll
0x00007ffdad620000 - 0x00007ffdad8ba000 	C:\Windows\WinSxS\amd64_microsoft.windows.common-controls_6595b64144ccf1df_6.0.19041.1110_none_60b5254171f9507e\COMCTL32.dll
0x00007ffdc5190000 - 0x00007ffdc522e000 	C:\Windows\System32\msvcrt.dll
0x00007ffdc4eb0000 - 0x00007ffdc4ee0000 	C:\Windows\System32\IMM32.DLL
0x00007ffdbede0000 - 0x00007ffdbedec000 	C:\Program Files\Eclipse Adoptium\jdk-17.0.1.12-hotspot\bin\vcruntime140_1.dll
0x00007ffdb64f0000 - 0x00007ffdb6581000 	C:\Program Files\Eclipse Adoptium\jdk-17.0.1.12-hotspot\bin\msvcp140.dll
0x00007ffd92160000 - 0x00007ffd92da6000 	C:\Program Files\Eclipse Adoptium\jdk-17.0.1.12-hotspot\bin\server\jvm.dll
0x00007ffdc3fb0000 - 0x00007ffdc405e000 	C:\Windows\System32\ADVAPI32.dll
0x00007ffdc3e80000 - 0x00007ffdc3f1c000 	C:\Windows\System32\sechost.dll
0x00007ffdc3d50000 - 0x00007ffdc3e75000 	C:\Windows\System32\RPCRT4.dll
0x00007ffdc4ee0000 - 0x00007ffdc4ee8000 	C:\Windows\System32\PSAPI.DLL
0x00007ffda5c00000 - 0x00007ffda5c09000 	C:\Windows\SYSTEM32\WSOCK32.dll
0x00007ffdb8890000 - 0x00007ffdb88b7000 	C:\Windows\SYSTEM32\WINMM.dll
0x00007ffdbc260000 - 0x00007ffdbc26a000 	C:\Windows\SYSTEM32\VERSION.dll
0x00007ffdc52e0000 - 0x00007ffdc534b000 	C:\Windows\System32\WS2_32.dll
0x00007ffdc1c40000 - 0x00007ffdc1c52000 	C:\Windows\SYSTEM32\kernel.appcore.dll
0x00007ffdbe7a0000 - 0x00007ffdbe7aa000 	C:\Program Files\Eclipse Adoptium\jdk-17.0.1.12-hotspot\bin\jimage.dll
0x00007ffdc1a30000 - 0x00007ffdc1c14000 	C:\Windows\SYSTEM32\DBGHELP.DLL
0x00007ffdb8de0000 - 0x00007ffdb8e0c000 	C:\Windows\SYSTEM32\dbgcore.DLL
0x00007ffdc3a90000 - 0x00007ffdc3b12000 	C:\Windows\System32\bcryptPrimitives.dll
0x00007ffdb64c0000 - 0x00007ffdb64e5000 	C:\Program Files\Eclipse Adoptium\jdk-17.0.1.12-hotspot\bin\java.dll
0x00007ffdb1a30000 - 0x00007ffdb1b06000 	C:\Program Files\Eclipse Adoptium\jdk-17.0.1.12-hotspot\bin\svml.dll
0x00007ffdc4120000 - 0x00007ffdc4864000 	C:\Windows\System32\SHELL32.dll
0x00007ffdc1150000 - 0x00007ffdc18e4000 	C:\Windows\SYSTEM32\windows.storage.dll
0x00007ffdc5870000 - 0x00007ffdc5bc4000 	C:\Windows\System32\combase.dll
0x00007ffdc2e10000 - 0x00007ffdc2e3c000 	C:\Windows\SYSTEM32\Wldp.dll
0x00007ffdc5230000 - 0x00007ffdc52dd000 	C:\Windows\System32\SHCORE.dll
0x00007ffdc3cf0000 - 0x00007ffdc3d45000 	C:\Windows\System32\shlwapi.dll
0x00007ffdc32f0000 - 0x00007ffdc330f000 	C:\Windows\SYSTEM32\profapi.dll
0x00007ffdb64a0000 - 0x00007ffdb64b9000 	C:\Program Files\Eclipse Adoptium\jdk-17.0.1.12-hotspot\bin\net.dll
0x00007ffdb4be0000 - 0x00007ffdb4cea000 	C:\Windows\SYSTEM32\WINHTTP.dll
0x00007ffdc2b70000 - 0x00007ffdc2bda000 	C:\Windows\system32\mswsock.dll
0x00007ffdb6480000 - 0x00007ffdb6495000 	C:\Program Files\Eclipse Adoptium\jdk-17.0.1.12-hotspot\bin\nio.dll
0x00007ffdb6460000 - 0x00007ffdb6478000 	C:\Program Files\Eclipse Adoptium\jdk-17.0.1.12-hotspot\bin\zip.dll
0x000000006e700000 - 0x000000006e72a000 	C:\Users\grado\AppData\Local\Temp\libgdxgrado\e1cd32f8\gdx64.dll
0x00007ffdb19c0000 - 0x00007ffdb1a24000 	C:\Users\grado\AppData\Local\Temp\lwjglgrado\3.2.3-build-13\lwjgl.dll
0x00007ffd91f00000 - 0x00007ffd92153000 	C:\Users\grado\AppData\Local\Temp\lwjglgrado\3.2.3-build-13\jemalloc.dll
0x00007ffdb1950000 - 0x00007ffdb19b2000 	C:\Users\grado\AppData\Local\Temp\lwjglgrado\3.2.3-build-13\glfw.dll
0x00007ffdc0870000 - 0x00007ffdc090e000 	C:\Windows\system32\uxtheme.dll
0x00007ffdb1900000 - 0x00007ffdb1945000 	C:\Windows\SYSTEM32\dinput8.dll
0x00007ffdb6440000 - 0x00007ffdb6451000 	C:\Windows\SYSTEM32\xinput1_4.dll
0x00007ffdc3b20000 - 0x00007ffdc3b6e000 	C:\Windows\System32\cfgmgr32.dll
0x00007ffdc3160000 - 0x00007ffdc318c000 	C:\Windows\SYSTEM32\DEVOBJ.dll
0x00007ffdc0a00000 - 0x00007ffdc0a2f000 	C:\Windows\SYSTEM32\dwmapi.dll
0x00007ffda8c80000 - 0x00007ffda8dd2000 	C:\Windows\SYSTEM32\inputhost.dll
0x00007ffdc4d70000 - 0x00007ffdc4e3d000 	C:\Windows\System32\OLEAUT32.dll
0x00007ffdc0500000 - 0x00007ffdc05f2000 	C:\Windows\SYSTEM32\CoreMessaging.dll
0x00007ffdbe990000 - 0x00007ffdbea86000 	C:\Windows\SYSTEM32\PROPSYS.dll
0x00007ffdbfad0000 - 0x00007ffdbfc24000 	C:\Windows\SYSTEM32\wintypes.dll
0x00007ffdc01a0000 - 0x00007ffdc04fe000 	C:\Windows\SYSTEM32\CoreUIComponents.dll
0x00007ffdc20b0000 - 0x00007ffdc20e3000 	C:\Windows\SYSTEM32\ntmarta.dll
0x00007ffdc5750000 - 0x00007ffdc5865000 	C:\Windows\System32\MSCTF.dll
0x00007ffdc18f0000 - 0x00007ffdc18fd000 	C:\Windows\SYSTEM32\HID.DLL
0x00007ffdc4870000 - 0x00007ffdc4ce1000 	C:\Windows\System32\SETUPAPI.DLL
0x00007ffdc3c50000 - 0x00007ffdc3c77000 	C:\Windows\System32\bcrypt.dll
0x00007ffdc3c80000 - 0x00007ffdc3ce8000 	C:\Windows\System32\WINTRUST.dll
0x00007ffdc34b0000 - 0x00007ffdc3606000 	C:\Windows\System32\CRYPT32.dll
0x00007ffdc2fa0000 - 0x00007ffdc2fb2000 	C:\Windows\SYSTEM32\MSASN1.dll
0x00007ffda1380000 - 0x00007ffda148b000 	C:\Users\grado\AppData\Local\Temp\lwjglgrado\3.2.3-build-13\OpenAL.dll
0x00007ffdc5400000 - 0x00007ffdc552a000 	C:\Windows\System32\ole32.dll
0x00007ffdc5350000 - 0x00007ffdc53f9000 	C:\Windows\System32\clbcatq.dll
0x00007ffdbb510000 - 0x00007ffdbb595000 	C:\Windows\System32\MMDevApi.dll
0x00007ffdbbda0000 - 0x00007ffdbbf22000 	C:\Windows\SYSTEM32\AUDIOSES.DLL
0x00007ffdc2930000 - 0x00007ffdc297b000 	C:\Windows\SYSTEM32\powrprof.dll
0x00007ffdc27f0000 - 0x00007ffdc2802000 	C:\Windows\SYSTEM32\UMPDC.dll
0x00007ffdc0a30000 - 0x00007ffdc0a44000 	C:\Windows\SYSTEM32\resourcepolicyclient.dll
0x00007ffd22910000 - 0x00007ffd22a36000 	C:\Windows\SYSTEM32\opengl32.dll
0x00007ffd228e0000 - 0x00007ffd2290c000 	C:\Windows\SYSTEM32\GLU32.dll
0x00007ffdbc2e0000 - 0x00007ffdbc3d7000 	C:\Windows\System32\AppXDeploymentClient.dll
0x00007ffdb62b0000 - 0x00007ffdb62da000 	C:\Windows\System32\DriverStore\FileRepository\u0361612.inf_amd64_b679e02f70413f9f\B361368\atig6pxx.dll
0x00007ffd7dc80000 - 0x00007ffd80966000 	C:\Windows\System32\DriverStore\FileRepository\u0361612.inf_amd64_b679e02f70413f9f\B361368\atio6axx.dll
0x00007ffd86690000 - 0x00007ffd866b4000 	C:\Windows\SYSTEM32\dxva2.dll
0x00007ffdab4c0000 - 0x00007ffdab4fc000 	C:\Windows\System32\DriverStore\FileRepository\u0361612.inf_amd64_b679e02f70413f9f\B361368\atig6txx.dll
0x00007ffd90ad0000 - 0x00007ffd90c89000 	C:\Windows\SYSTEM32\atiadlxx.dll
0x00007ffdb9380000 - 0x00007ffdb93bb000 	C:\Windows\SYSTEM32\dxcore.dll
0x00007ffda3ef0000 - 0x00007ffda3f49000 	C:\Users\grado\AppData\Local\Temp\lwjglgrado\3.2.3-build-13\lwjgl_opengl.dll
0x00007ffda93b0000 - 0x00007ffda94a9000 	C:\Windows\SYSTEM32\textinputframework.dll
0x00007ffdab140000 - 0x00007ffdab151000 	C:\Program Files\Eclipse Adoptium\jdk-17.0.1.12-hotspot\bin\jsound.dll
0x00007ffda0f00000 - 0x00007ffda0f9c000 	C:\Windows\SYSTEM32\DSOUND.dll
0x00007ffdb3710000 - 0x00007ffdb3736000 	C:\Windows\SYSTEM32\winmmbase.dll
0x00007ffda9b00000 - 0x00007ffda9b46000 	C:\Windows\SYSTEM32\wdmaud.drv
0x00007ffdbde60000 - 0x00007ffdbde69000 	C:\Windows\SYSTEM32\ksuser.dll
0x00007ffdbd880000 - 0x00007ffdbd88a000 	C:\Windows\SYSTEM32\AVRT.dll
0x00007ffdbc5b0000 - 0x00007ffdbc5bd000 	C:\Windows\SYSTEM32\msacm32.drv
0x00007ffdbc630000 - 0x00007ffdbc64e000 	C:\Windows\SYSTEM32\MSACM32.dll
0x00007ffdb6730000 - 0x00007ffdb673b000 	C:\Windows\SYSTEM32\midimap.dll
0x00007ffda8de0000 - 0x00007ffda8f21000 	C:\Windows\System32\Windows.UI.dll
0x00007ffdbd350000 - 0x00007ffdbd3f1000 	C:\Windows\System32\WindowManagementAPI.dll
0x00007ffdbca10000 - 0x00007ffdbcc11000 	C:\Windows\SYSTEM32\twinapi.appcore.dll

dbghelp: loaded successfully - version: 4.0.5 - missing functions: none
symbol engine: initialized successfully - sym options: 0x614 - pdb path: .;C:\Program Files\Eclipse Adoptium\jdk-17.0.1.12-hotspot\bin;C:\Windows\SYSTEM32;C:\Windows\WinSxS\amd64_microsoft.windows.common-controls_6595b64144ccf1df_6.0.19041.1110_none_60b5254171f9507e;C:\Program Files\Eclipse Adoptium\jdk-17.0.1.12-hotspot\bin\server;C:\Users\grado\AppData\Local\Temp\libgdxgrado\e1cd32f8;C:\Users\grado\AppData\Local\Temp\lwjglgrado\3.2.3-build-13;C:\Windows\System32\DriverStore\FileRepository\u0361612.inf_amd64_b679e02f70413f9f\B361368

VM Arguments:
jvm_args: -XX:+ShowCodeDetailsInExceptionMessages 
java_command: com.crazyputting3d.Main
java_class_path (initial): C:\Users\grado\Documents\Group-04\3dcrazyputting\desktop\bin\main;\CrazyPutting3D-core\bin\default;C:\Users\grado\Documents\Group-04\3dcrazyputting\core\bin\main;C:\Users\grado\.gradle\caches\modules-2\files-2.1\com.badlogicgames.gdx\gdx-backend-lwjgl3\1.10.0\600c7d5b2c977daa82c4abad147087b31e0ada87\gdx-backend-lwjgl3-1.10.0.jar;C:\Users\grado\.gradle\caches\modules-2\files-2.1\com.badlogicgames.gdx\gdx-platform\1.10.0\9a8fa793d2fd6d360afc6c9e4c1f5583da263b88\gdx-platform-1.10.0-natives-desktop.jar;C:\Users\grado\.gradle\caches\modules-2\files-2.1\com.badlogicgames.gdx\gdx-bullet-platform\1.10.0\ce92e8dfc762523d769cbc50853163c03bf98cf1\gdx-bullet-platform-1.10.0-natives-desktop.jar;C:\Users\grado\.gradle\caches\modules-2\files-2.1\com.badlogicgames.gdx\gdx-freetype-platform\1.10.0\6e5d28752759e69384f12e4569d2c884ff71352f\gdx-freetype-platform-1.10.0-natives-desktop.jar;C:\Users\grado\.gradle\caches\modules-2\files-2.1\com.badlogicgames.gdx-controllers\gdx-controllers-desktop\2.2.1\cb3430c32468a090eca54d494d16bb3764ceff9b\gdx-controllers-desktop-2.2.1.jar;C:\Users\grado\.gradle\caches\modules-2\files-2.1\org.jetbrains\annotations\20.1.0\2fcd1f3225bca0c4a7bc931142076f8c1e80993f\annotations-20.1.0.jar;C:\Users\grado\.gradle\caches\modules-2\files-2.1\com.badlogicgames.gdx\gdx-bullet\1.10.0\839b58c7278f5c3b55291c3a559d91227400ecdb\gdx-bullet-1.10.0.jar;C:\Users\grado\.gradle\caches\modules-2\files-2.1\com.badlogicgames.gdx\gdx-freetype\1.10.0\de1d0d5c1e92e8d91364256fd6b7bb279d3e9859\gdx-freetype-1.10.0.jar;C:\Users\grado\.gradle\caches\modules-2\files-2.1\com.badlogicgames.gdx\gdx-ai\1.8.2\ab75d2ce80ab1b1ce6828a15dc0f417abac4c674\gdx-ai-1.8.2.jar;C:\Users\grado\.gradle\caches\modules-2\files-2.1\com.badlogicgames.ashley\ashley\1.7.4\21a3a8932919099c4e5006a7d8378dcbe76ef8a5\ashley-1.7.4.jar;C:\Users\grado\.gradle\caches\modules-2\files-2.1\com.badlogicgames.box2dlights\box2dlights\1.5\6902dbcd250c95a27973aa24a147a95b3828d348\box2dlights-1.5.j
Launcher Type: SUN_STANDARD

[Global flags]
     intx CICompilerCount                          = 12                                        {product} {ergonomic}
     uint ConcGCThreads                            = 3                                         {product} {ergonomic}
     uint G1ConcRefinementThreads                  = 13                                        {product} {ergonomic}
   size_t G1HeapRegionSize                         = 2097152                                   {product} {ergonomic}
    uintx GCDrainStackTargetSize                   = 64                                        {product} {ergonomic}
   size_t InitialHeapSize                          = 257949696                                 {product} {ergonomic}
   size_t MarkStackSize                            = 4194304                                   {product} {ergonomic}
   size_t MaxHeapSize                              = 4127195136                                {product} {ergonomic}
   size_t MaxNewSize                               = 2474639360                                {product} {ergonomic}
   size_t MinHeapDeltaBytes                        = 2097152                                   {product} {ergonomic}
   size_t MinHeapSize                              = 8388608                                   {product} {ergonomic}
    uintx NonNMethodCodeHeapSize                   = 7602480                                {pd product} {ergonomic}
    uintx NonProfiledCodeHeapSize                  = 122027880                              {pd product} {ergonomic}
    uintx ProfiledCodeHeapSize                     = 122027880                              {pd product} {ergonomic}
    uintx ReservedCodeCacheSize                    = 251658240                              {pd product} {ergonomic}
     bool SegmentedCodeCache                       = true                                      {product} {ergonomic}
     bool ShowCodeDetailsInExceptionMessages       = true                                   {manageable} {command line}
   size_t SoftMaxHeapSize                          = 4127195136                             {manageable} {ergonomic}
     bool UseCompressedClassPointers               = true                           {product lp64_product} {ergonomic}
     bool UseCompressedOops                        = true                           {product lp64_product} {ergonomic}
     bool UseG1GC                                  = true                                      {product} {ergonomic}
     bool UseLargePagesIndividualAllocation        = false                                  {pd product} {ergonomic}

Logging:
Log output configuration:
 #0: stdout all=warning uptime,level,tags
 #1: stderr all=off uptime,level,tags

Environment Variables:
PATH=C:\Program Files\Common Files\Oracle\Java\javapath;C:\Windows\system32;C:\Windows;C:\Windows\System32\Wbem;C:\Windows\System32\WindowsPowerShell\v1.0\;C:\Windows\System32\OpenSSH\;C:\Program Files (x86)\NVIDIA Corporation\PhysX\Common;C:\Program Files\NVIDIA Corporation\NVIDIA NvDLISR;C:\Program Files\MATLAB\R2022a\bin;C:\Program Files\Gradle\gradle-7.4.2\bin;C:\Program Files\Git\cmd;C:\Users\grado\AppData\Local\Microsoft\WindowsApps;C:\Users\grado\AppData\Local\Programs\Microsoft VS Code\bin;C:\Users\grado\AppData\Local\GitHubDesktop\bin
USERNAME=grado
LANG=en_US.UTF-8
OS=Windows_NT
PROCESSOR_IDENTIFIER=AMD64 Family 23 Model 96 Stepping 1, AuthenticAMD



---------------  S Y S T E M  ---------------

OS:
 Windows 10 , 64 bit Build 19041 (10.0.19041.1706)
OS uptime: 11 days 18:44 hours

CPU: total 16 (initial active 16) (16 cores per cpu, 2 threads per core) family 23 model 96 stepping 1 microcode 0x0, cx8, cmov, fxsr, ht, mmx, 3dnowpref, sse, sse2, sse3, ssse3, sse4a, sse4.1, sse4.2, popcnt, lzcnt, tsc, tscinvbit, avx, avx2, aes, clmul, bmi1, bmi2, adx, sha, fma, vzeroupper, clflush, clflushopt

Memory: 4k page, system-wide physical 15741M (8125M free)
TotalPageFile size 36181M (AvailPageFile size 19858M)
current process WorkingSet (physical memory assigned to process): 650M, peak: 752M
current process commit charge ("private bytes"): 808M, peak: 922M

vm_info: OpenJDK 64-Bit Server VM (17.0.1+12) for windows-amd64 JRE (17.0.1+12), built on Oct 20 2021 07:42:55 by "" with MS VC++ 16.7 (VS2019)

END.
