#
# A fatal error has been detected by the Java Runtime Environment:
#
#  EXCEPTION_ACCESS_VIOLATION (0xc0000005) at pc=0x000002f219c50000, pid=24936, tid=21872
#
# JRE version: OpenJDK Runtime Environment Temurin-17.0.1+12 (17.0.1+12) (build 17.0.1+12)
# Java VM: OpenJDK 64-Bit Server VM Temurin-17.0.1+12 (17.0.1+12, mixed mode, sharing, tiered, compressed oops, compressed class ptrs, g1 gc, windows-amd64)
# Problematic frame:
# C  0x000002f219c50000
#
# No core dump will be written. Minidumps are not enabled by default on client versions of Windows
#
# If you would like to submit a bug report, please visit:
#   https://github.com/adoptium/adoptium-support/issues
# The crash happened outside the Java Virtual Machine in native code.
# See problematic frame for where to report the bug.
#

---------------  S U M M A R Y ------------

Command Line: -XX:+ShowCodeDetailsInExceptionMessages com.crazyputting3d.Main

Host: AMD Ryzen 7 4800H with Radeon Graphics         , 16 cores, 15G,  Windows 10 , 64 bit Build 19041 (10.0.19041.1706)
Time: Wed Jun 15 13:07:03 2022 Central European Daylight Time elapsed time: 17.947708 seconds (0d 0h 0m 17s)

---------------  T H R E A D  ---------------

Current thread (0x000002f274934f40):  JavaThread "main" [_thread_in_native, id=21872, stack(0x000000fd0cb00000,0x000000fd0cc00000)]

Stack: [0x000000fd0cb00000,0x000000fd0cc00000],  sp=0x000000fd0cbfe968,  free space=1018k
Native frames: (J=compiled Java code, j=interpreted, Vv=VM code, C=native code)
C  0x000002f219c50000

Java frames: (J=compiled Java code, j=interpreted, Vv=VM code)
J 1185  org.lwjgl.system.JNI.invokePV(JJ)V (0 bytes) @ 0x000002f207c0956c [0x000002f207c09520+0x000000000000004c]
J 2191 c1 org.lwjgl.glfw.GLFW.glfwSwapBuffers(J)V (21 bytes) @ 0x000002f200b0aeac [0x000002f200b0adc0+0x00000000000000ec]
j  com.badlogic.gdx.backends.lwjgl3.Lwjgl3Window.update()Z+196
j  com.badlogic.gdx.backends.lwjgl3.Lwjgl3Application.loop()V+111
j  com.badlogic.gdx.backends.lwjgl3.Lwjgl3Application.<init>(Lcom/badlogic/gdx/ApplicationListener;Lcom/badlogic/gdx/backends/lwjgl3/Lwjgl3ApplicationConfiguration;)V+243
j  com.crazyputting3d.Main.main([Ljava/lang/String;)V+45
v  ~StubRoutines::call_stub

siginfo: EXCEPTION_ACCESS_VIOLATION (0xc0000005), data execution prevention violation at address 0x000002f219c50000


Register to memory mapping:

RIP=0x000002f219c50000 is an unknown value
RAX=0x000002f219c50000 is an unknown value
RBX=0x0000000000010001 is an unknown value
RCX=0x0000000000010001 is an unknown value
RDX=0x000000fd0cbfe9a0 is pointing into the stack for thread: 0x000002f274934f40
RSP=0x000000fd0cbfe968 is pointing into the stack for thread: 0x000002f274934f40
RBP=0x000000fd0cbfea70 is pointing into the stack for thread: 0x000002f274934f40
RSI=0x0000000000000110 is an unknown value
RDI=0x0000000000000fae is an unknown value
R8 =0x000002f219b6d410 points into unknown readable memory: 0x000002f21c876740 | 40 67 87 1c f2 02 00 00
R9 =0x00007ffd76971b50 glfw.dll
R10=0x00007ffd430d1b10 lwjgl.dll
R11=0x000000fd0cbfedd8 is pointing into the stack for thread: 0x000002f274934f40
R12=0x0 is NULL
R13=0x000000fd0cbfeed8 is pointing into the stack for thread: 0x000002f274934f40
R14=0x000000fd0cbfee30 is pointing into the stack for thread: 0x000002f274934f40
R15=0x000002f274934f40 is a thread


Registers:
RAX=0x000002f219c50000, RBX=0x0000000000010001, RCX=0x0000000000010001, RDX=0x000000fd0cbfe9a0
RSP=0x000000fd0cbfe968, RBP=0x000000fd0cbfea70, RSI=0x0000000000000110, RDI=0x0000000000000fae
R8 =0x000002f219b6d410, R9 =0x00007ffd76971b50, R10=0x00007ffd430d1b10, R11=0x000000fd0cbfedd8
R12=0x0000000000000000, R13=0x000000fd0cbfeed8, R14=0x000000fd0cbfee30, R15=0x000002f274934f40
RIP=0x000002f219c50000, EFLAGS=0x0000000000010206

Top of Stack: (sp=0x000000fd0cbfe968)
0x000000fd0cbfe968:   00007ffd76971f7c 0000000200000000
0x000000fd0cbfe978:   000002f20094e74c 000000070d4a2770
0x000000fd0cbfe988:   0000140600000002 0000000700000014
0x000000fd0cbfe998:   438c000041700000 57464c4720656854
0x000000fd0cbfe9a8:   7972617262696c20 20746f6e20736920
0x000000fd0cbfe9b8:   696c616974696e69 000000fd0064657a
0x000000fd0cbfe9c8:   000002f200943ae4 000000fd0cbfeaa8
0x000000fd0cbfe9d8:   00007ffd3d605e62 000002f274934f40
0x000000fd0cbfe9e8:   0000000000000000 00000000000001cc
0x000000fd0cbfe9f8:   000000fd0cbfea10 0000000000000000
0x000000fd0cbfea08:   000000006e7020f4 000002f2749351e8
0x000000fd0cbfea18:   00007ffd3d605481 000000070d4173b8
0x000000fd0cbfea28:   000002f207c04d05 0000000200000003
0x000000fd0cbfea38:   000000070d401798 000000070d415358
0x000000fd0cbfea48:   000000070d415b58 0000000700000000
0x000000fd0cbfea58:   000000070d4a2770 0000000000000002 

Instructions: (pc=0x000002f219c50000)
0x000002f219c4ff00:   ?? ?? ?? ?? ?? ?? ?? ?? ?? ?? ?? ?? ?? ?? ?? ??
0x000002f219c4ff10:   ?? ?? ?? ?? ?? ?? ?? ?? ?? ?? ?? ?? ?? ?? ?? ??
0x000002f219c4ff20:   ?? ?? ?? ?? ?? ?? ?? ?? ?? ?? ?? ?? ?? ?? ?? ??
0x000002f219c4ff30:   ?? ?? ?? ?? ?? ?? ?? ?? ?? ?? ?? ?? ?? ?? ?? ??
0x000002f219c4ff40:   ?? ?? ?? ?? ?? ?? ?? ?? ?? ?? ?? ?? ?? ?? ?? ??
0x000002f219c4ff50:   ?? ?? ?? ?? ?? ?? ?? ?? ?? ?? ?? ?? ?? ?? ?? ??
0x000002f219c4ff60:   ?? ?? ?? ?? ?? ?? ?? ?? ?? ?? ?? ?? ?? ?? ?? ??
0x000002f219c4ff70:   ?? ?? ?? ?? ?? ?? ?? ?? ?? ?? ?? ?? ?? ?? ?? ??
0x000002f219c4ff80:   ?? ?? ?? ?? ?? ?? ?? ?? ?? ?? ?? ?? ?? ?? ?? ??
0x000002f219c4ff90:   ?? ?? ?? ?? ?? ?? ?? ?? ?? ?? ?? ?? ?? ?? ?? ??
0x000002f219c4ffa0:   ?? ?? ?? ?? ?? ?? ?? ?? ?? ?? ?? ?? ?? ?? ?? ??
0x000002f219c4ffb0:   ?? ?? ?? ?? ?? ?? ?? ?? ?? ?? ?? ?? ?? ?? ?? ??
0x000002f219c4ffc0:   ?? ?? ?? ?? ?? ?? ?? ?? ?? ?? ?? ?? ?? ?? ?? ??
0x000002f219c4ffd0:   ?? ?? ?? ?? ?? ?? ?? ?? ?? ?? ?? ?? ?? ?? ?? ??
0x000002f219c4ffe0:   ?? ?? ?? ?? ?? ?? ?? ?? ?? ?? ?? ?? ?? ?? ?? ??
0x000002f219c4fff0:   ?? ?? ?? ?? ?? ?? ?? ?? ?? ?? ?? ?? ?? ?? ?? ??
0x000002f219c50000:   ?? ?? ?? ?? ?? ?? ?? ?? ?? ?? ?? ?? ?? ?? ?? ??
0x000002f219c50010:   ?? ?? ?? ?? ?? ?? ?? ?? ?? ?? ?? ?? ?? ?? ?? ??
0x000002f219c50020:   ?? ?? ?? ?? ?? ?? ?? ?? ?? ?? ?? ?? ?? ?? ?? ??
0x000002f219c50030:   ?? ?? ?? ?? ?? ?? ?? ?? ?? ?? ?? ?? ?? ?? ?? ??
0x000002f219c50040:   ?? ?? ?? ?? ?? ?? ?? ?? ?? ?? ?? ?? ?? ?? ?? ??
0x000002f219c50050:   ?? ?? ?? ?? ?? ?? ?? ?? ?? ?? ?? ?? ?? ?? ?? ??
0x000002f219c50060:   ?? ?? ?? ?? ?? ?? ?? ?? ?? ?? ?? ?? ?? ?? ?? ??
0x000002f219c50070:   ?? ?? ?? ?? ?? ?? ?? ?? ?? ?? ?? ?? ?? ?? ?? ??
0x000002f219c50080:   ?? ?? ?? ?? ?? ?? ?? ?? ?? ?? ?? ?? ?? ?? ?? ??
0x000002f219c50090:   ?? ?? ?? ?? ?? ?? ?? ?? ?? ?? ?? ?? ?? ?? ?? ??
0x000002f219c500a0:   ?? ?? ?? ?? ?? ?? ?? ?? ?? ?? ?? ?? ?? ?? ?? ??
0x000002f219c500b0:   ?? ?? ?? ?? ?? ?? ?? ?? ?? ?? ?? ?? ?? ?? ?? ??
0x000002f219c500c0:   ?? ?? ?? ?? ?? ?? ?? ?? ?? ?? ?? ?? ?? ?? ?? ??
0x000002f219c500d0:   ?? ?? ?? ?? ?? ?? ?? ?? ?? ?? ?? ?? ?? ?? ?? ??
0x000002f219c500e0:   ?? ?? ?? ?? ?? ?? ?? ?? ?? ?? ?? ?? ?? ?? ?? ??
0x000002f219c500f0:   ?? ?? ?? ?? ?? ?? ?? ?? ?? ?? ?? ?? ?? ?? ?? ?? 


Stack slot to memory mapping:
stack at sp + 0 slots: 0x00007ffd76971f7c glfw.dll
stack at sp + 1 slots: 0x0000000200000000 is an unknown value
stack at sp + 2 slots: 0x000002f20094e74c is at entry_point+140 in (nmethod*)0x000002f20094e510
stack at sp + 3 slots: 0x000000070d4a2770 is an oop: com.badlogic.gdx.backends.lwjgl3.Lwjgl3GL20 
{0x000000070d4a2770} - klass: 'com/badlogic/gdx/backends/lwjgl3/Lwjgl3GL20'
 - ---- fields (total size 3 words):
 - private 'buffer' 'Ljava/nio/ByteBuffer;' @12  a 'java/nio/DirectByteBuffer'{0x000000070d416e48} (e1a82dc9)
 - private 'floatBuffer' 'Ljava/nio/FloatBuffer;' @16  a 'java/nio/DirectFloatBufferU'{0x000000070d4a2788} (e1a944f1)
 - private 'intBuffer' 'Ljava/nio/IntBuffer;' @20  a 'java/nio/DirectIntBufferU'{0x000000070d4a27c0} (e1a944f8)
stack at sp + 4 slots: 0x0000140600000002 is an unknown value
stack at sp + 5 slots: 0x0000000700000014 is an unknown value
stack at sp + 6 slots: 0x438c000041700000 is an unknown value
stack at sp + 7 slots: 0x57464c4720656854 is an unknown value


---------------  P R O C E S S  ---------------

Threads class SMR info:
_java_thread_list=0x000002f22a72d540, length=14, elements={
0x000002f274934f40, 0x000002f27f37ada0, 0x000002f27f37d8d0, 0x000002f27f391a70,
0x000002f27f392420, 0x000002f27f3933e0, 0x000002f27f393d90, 0x000002f27f394f30,
0x000002f27f3a0810, 0x000002f27f3c4b20, 0x000002f27f550ec0, 0x000002f27f55b0f0,
0x000002f22317d3d0, 0x000002f2294f7da0
}

Java Threads: ( => current thread )
=>0x000002f274934f40 JavaThread "main" [_thread_in_native, id=21872, stack(0x000000fd0cb00000,0x000000fd0cc00000)]
  0x000002f27f37ada0 JavaThread "Reference Handler" daemon [_thread_blocked, id=21840, stack(0x000000fd0d200000,0x000000fd0d300000)]
  0x000002f27f37d8d0 JavaThread "Finalizer" daemon [_thread_blocked, id=25400, stack(0x000000fd0d300000,0x000000fd0d400000)]
  0x000002f27f391a70 JavaThread "Signal Dispatcher" daemon [_thread_blocked, id=6448, stack(0x000000fd0d400000,0x000000fd0d500000)]
  0x000002f27f392420 JavaThread "Attach Listener" daemon [_thread_blocked, id=20852, stack(0x000000fd0d500000,0x000000fd0d600000)]
  0x000002f27f3933e0 JavaThread "Service Thread" daemon [_thread_blocked, id=25176, stack(0x000000fd0d600000,0x000000fd0d700000)]
  0x000002f27f393d90 JavaThread "Monitor Deflation Thread" daemon [_thread_blocked, id=10308, stack(0x000000fd0d700000,0x000000fd0d800000)]
  0x000002f27f394f30 JavaThread "C2 CompilerThread0" daemon [_thread_blocked, id=19692, stack(0x000000fd0d800000,0x000000fd0d900000)]
  0x000002f27f3a0810 JavaThread "C1 CompilerThread0" daemon [_thread_blocked, id=8732, stack(0x000000fd0d900000,0x000000fd0da00000)]
  0x000002f27f3c4b20 JavaThread "Sweeper thread" daemon [_thread_blocked, id=25772, stack(0x000000fd0da00000,0x000000fd0db00000)]
  0x000002f27f550ec0 JavaThread "Notification Thread" daemon [_thread_blocked, id=24452, stack(0x000000fd0dd00000,0x000000fd0de00000)]
  0x000002f27f55b0f0 JavaThread "Common-Cleaner" daemon [_thread_blocked, id=20024, stack(0x000000fd0df00000,0x000000fd0e000000)]
  0x000002f22317d3d0 JavaThread "LWJGL3 Timer" daemon [_thread_blocked, id=26016, stack(0x000000fd0e800000,0x000000fd0e900000)]
  0x000002f2294f7da0 JavaThread "LWJGL3 Timer" daemon [_thread_blocked, id=984, stack(0x000000fd10700000,0x000000fd10800000)]

Other Threads:
  0x000002f27f374290 VMThread "VM Thread" [stack: 0x000000fd0d100000,0x000000fd0d200000] [id=24984]
  0x000002f27f555cc0 WatcherThread [stack: 0x000000fd0de00000,0x000000fd0df00000] [id=19580]
  0x000002f27498ab60 GCTaskThread "GC Thread#0" [stack: 0x000000fd0cc00000,0x000000fd0cd00000] [id=26536]
  0x000002f21c6d58e0 GCTaskThread "GC Thread#1" [stack: 0x000000fd0e900000,0x000000fd0ea00000] [id=22804]
  0x000002f21c6d5e40 GCTaskThread "GC Thread#2" [stack: 0x000000fd0ea00000,0x000000fd0eb00000] [id=14920]
  0x000002f21c6d7110 GCTaskThread "GC Thread#3" [stack: 0x000000fd0eb00000,0x000000fd0ec00000] [id=15836]
  0x000002f21c6d5b90 GCTaskThread "GC Thread#4" [stack: 0x000000fd0ec00000,0x000000fd0ed00000] [id=21268]
  0x000002f21c6d6bb0 GCTaskThread "GC Thread#5" [stack: 0x000000fd0ed00000,0x000000fd0ee00000] [id=20740]
  0x000002f21c6d50d0 GCTaskThread "GC Thread#6" [stack: 0x000000fd0ee00000,0x000000fd0ef00000] [id=24392]
  0x000002f21c89d3d0 GCTaskThread "GC Thread#7" [stack: 0x000000fd0f700000,0x000000fd0f800000] [id=22492]
  0x000002f27499d4c0 ConcurrentGCThread "G1 Main Marker" [stack: 0x000000fd0cd00000,0x000000fd0ce00000] [id=22296]
  0x000002f27499eee0 ConcurrentGCThread "G1 Conc#0" [stack: 0x000000fd0ce00000,0x000000fd0cf00000] [id=17560]
  0x000002f27f2151b0 ConcurrentGCThread "G1 Refine#0" [stack: 0x000000fd0cf00000,0x000000fd0d000000] [id=23304]
  0x000002f21962a220 ConcurrentGCThread "G1 Refine#1" [stack: 0x000000fd0f800000,0x000000fd0f900000] [id=3472]
  0x000002f27f4ca8f0 ConcurrentGCThread "G1 Refine#2" [stack: 0x000000fd0f900000,0x000000fd0fa00000] [id=24572]
  0x000002f27f62b320 ConcurrentGCThread "G1 Refine#3" [stack: 0x000000fd0fa00000,0x000000fd0fb00000] [id=2588]
  0x000002f22361f960 ConcurrentGCThread "G1 Refine#4" [stack: 0x000000fd0fb00000,0x000000fd0fc00000] [id=16224]
  0x000002f223097cf0 ConcurrentGCThread "G1 Refine#5" [stack: 0x000000fd0fc00000,0x000000fd0fd00000] [id=26408]
  0x000002f22403ecf0 ConcurrentGCThread "G1 Refine#6" [stack: 0x000000fd10100000,0x000000fd10200000] [id=20812]
  0x000002f229070c20 ConcurrentGCThread "G1 Refine#7" [stack: 0x000000fd10200000,0x000000fd10300000] [id=26332]
  0x000002f229779ce0 ConcurrentGCThread "G1 Refine#8" [stack: 0x000000fd10300000,0x000000fd10400000] [id=22828]
  0x000002f22a3ae3c0 ConcurrentGCThread "G1 Refine#9" [stack: 0x000000fd10400000,0x000000fd10500000] [id=20648]
  0x000002f229d1d320 ConcurrentGCThread "G1 Refine#10" [stack: 0x000000fd10500000,0x000000fd10600000] [id=19140]
  0x000002f21969ba10 ConcurrentGCThread "G1 Refine#11" [stack: 0x000000fd10600000,0x000000fd10700000] [id=17212]
  0x000002f27f215ad0 ConcurrentGCThread "G1 Service" [stack: 0x000000fd0d000000,0x000000fd0d100000] [id=14756]

Threads with active compile tasks:

VM state: not at safepoint (normal execution)

VM Mutex/Monitor currently owned by a thread: None

Heap address: 0x000000070a000000, size: 3936 MB, Compressed Oops mode: Zero based, Oop shift amount: 3

CDS archive(s) mapped at: [0x0000000800000000-0x0000000800bc0000-0x0000000800bc0000), size 12320768, SharedBaseAddress: 0x0000000800000000, ArchiveRelocationMode: 0.
Compressed class space mapped at: 0x0000000800c00000-0x0000000840c00000, reserved size: 1073741824
Narrow klass base: 0x0000000800000000, Narrow klass shift: 0, Narrow klass range: 0x100000000

GC Precious Log:
 CPUs: 16 total, 16 available
 Memory: 15741M
 Large Page Support: Disabled
 NUMA Support: Disabled
 Compressed Oops: Enabled (Zero based)
 Heap Region Size: 2M
 Heap Min Capacity: 8M
 Heap Initial Capacity: 246M
 Heap Max Capacity: 3936M
 Pre-touch: Disabled
 Parallel Workers: 13
 Concurrent Workers: 3
 Concurrent Refinement Workers: 13
 Periodic GC: Disabled

Heap:
 garbage-first heap   total 251904K, used 85695K [0x000000070a000000, 0x0000000800000000)
  region size 2048K, 14 young (28672K), 1 survivors (2048K)
 Metaspace       used 9987K, committed 10048K, reserved 1064960K
  class space    used 678K, committed 704K, reserved 1048576K

Heap Regions: E=young(eden), S=young(survivor), O=old, HS=humongous(starts), HC=humongous(continues), CS=collection set, F=free, OA=open archive, CA=closed archive, TAMS=top-at-mark-start (previous, next)
|   0|0x000000070a000000, 0x000000070a200000, 0x000000070a200000|100%| O|  |TAMS 0x000000070a000000, 0x000000070a000000| Untracked 
|   1|0x000000070a200000, 0x000000070a400000, 0x000000070a400000|100%|HS|  |TAMS 0x000000070a200000, 0x000000070a200000| Complete 
|   2|0x000000070a400000, 0x000000070a600000, 0x000000070a600000|100%|HS|  |TAMS 0x000000070a400000, 0x000000070a400000| Complete 
|   3|0x000000070a600000, 0x000000070a800000, 0x000000070a800000|100%| O|  |TAMS 0x000000070a600000, 0x000000070a600000| Untracked 
|   4|0x000000070a800000, 0x000000070aa00000, 0x000000070aa00000|100%| O|  |TAMS 0x000000070a800000, 0x000000070a800000| Untracked 
|   5|0x000000070aa00000, 0x000000070ac00000, 0x000000070ac00000|100%| O|  |TAMS 0x000000070aa00000, 0x000000070aa00000| Untracked 
|   6|0x000000070ac00000, 0x000000070ae00000, 0x000000070ae00000|100%| O|  |TAMS 0x000000070ac00000, 0x000000070ac00000| Untracked 
|   7|0x000000070ae00000, 0x000000070b000000, 0x000000070b000000|100%| O|  |TAMS 0x000000070ae00000, 0x000000070ae00000| Untracked 
|   8|0x000000070b000000, 0x000000070b200000, 0x000000070b200000|100%| O|  |TAMS 0x000000070b000000, 0x000000070b000000| Untracked 
|   9|0x000000070b200000, 0x000000070b400000, 0x000000070b400000|100%| O|  |TAMS 0x000000070b200000, 0x000000070b200000| Untracked 
|  10|0x000000070b400000, 0x000000070b600000, 0x000000070b600000|100%| O|  |TAMS 0x000000070b400000, 0x000000070b400000| Untracked 
|  11|0x000000070b600000, 0x000000070b800000, 0x000000070b800000|100%| O|  |TAMS 0x000000070b600000, 0x000000070b600000| Untracked 
|  12|0x000000070b800000, 0x000000070ba00000, 0x000000070ba00000|100%| O|  |TAMS 0x000000070b800000, 0x000000070b800000| Untracked 
|  13|0x000000070ba00000, 0x000000070bc00000, 0x000000070bc00000|100%| O|  |TAMS 0x000000070ba00000, 0x000000070ba00000| Untracked 
|  14|0x000000070bc00000, 0x000000070be00000, 0x000000070be00000|100%| O|  |TAMS 0x000000070bc00000, 0x000000070bc00000| Untracked 
|  15|0x000000070be00000, 0x000000070c000000, 0x000000070c000000|100%| O|  |TAMS 0x000000070be00000, 0x000000070be00000| Untracked 
|  16|0x000000070c000000, 0x000000070c200000, 0x000000070c200000|100%| O|  |TAMS 0x000000070c000000, 0x000000070c000000| Untracked 
|  17|0x000000070c200000, 0x000000070c400000, 0x000000070c400000|100%| O|  |TAMS 0x000000070c200000, 0x000000070c200000| Untracked 
|  18|0x000000070c400000, 0x000000070c600000, 0x000000070c600000|100%| O|  |TAMS 0x000000070c400000, 0x000000070c400000| Untracked 
|  19|0x000000070c600000, 0x000000070c800000, 0x000000070c800000|100%| O|  |TAMS 0x000000070c600000, 0x000000070c600000| Untracked 
|  20|0x000000070c800000, 0x000000070ca00000, 0x000000070ca00000|100%| O|  |TAMS 0x000000070c800000, 0x000000070c800000| Untracked 
|  21|0x000000070ca00000, 0x000000070cc00000, 0x000000070cc00000|100%| O|  |TAMS 0x000000070ca00000, 0x000000070ca00000| Untracked 
|  22|0x000000070cc00000, 0x000000070ce00000, 0x000000070ce00000|100%| O|  |TAMS 0x000000070cc00000, 0x000000070cc00000| Untracked 
|  23|0x000000070ce00000, 0x000000070d000000, 0x000000070d000000|100%| O|  |TAMS 0x000000070ce00000, 0x000000070ce00000| Untracked 
|  24|0x000000070d000000, 0x000000070d200000, 0x000000070d200000|100%| O|  |TAMS 0x000000070d000000, 0x000000070d000000| Untracked 
|  25|0x000000070d200000, 0x000000070d400000, 0x000000070d400000|100%| O|  |TAMS 0x000000070d200000, 0x000000070d200000| Untracked 
|  26|0x000000070d400000, 0x000000070d600000, 0x000000070d600000|100%| O|  |TAMS 0x000000070d400000, 0x000000070d400000| Untracked 
|  27|0x000000070d600000, 0x000000070d800000, 0x000000070d800000|100%| O|  |TAMS 0x000000070d600000, 0x000000070d600000| Untracked 
|  28|0x000000070d800000, 0x000000070da00000, 0x000000070da00000|100%| O|  |TAMS 0x000000070d800000, 0x000000070d800000| Untracked 
|  29|0x000000070da00000, 0x000000070db00000, 0x000000070dc00000| 50%| O|  |TAMS 0x000000070da00000, 0x000000070da00000| Untracked 
|  30|0x000000070dc00000, 0x000000070dc00000, 0x000000070de00000|  0%| F|  |TAMS 0x000000070dc00000, 0x000000070dc00000| Untracked 
|  31|0x000000070de00000, 0x000000070de00000, 0x000000070e000000|  0%| F|  |TAMS 0x000000070de00000, 0x000000070de00000| Untracked 
|  32|0x000000070e000000, 0x000000070e000000, 0x000000070e200000|  0%| F|  |TAMS 0x000000070e000000, 0x000000070e000000| Untracked 
|  33|0x000000070e200000, 0x000000070e200000, 0x000000070e400000|  0%| F|  |TAMS 0x000000070e200000, 0x000000070e200000| Untracked 
|  34|0x000000070e400000, 0x000000070e400000, 0x000000070e600000|  0%| F|  |TAMS 0x000000070e400000, 0x000000070e400000| Untracked 
|  35|0x000000070e600000, 0x000000070e600000, 0x000000070e800000|  0%| F|  |TAMS 0x000000070e600000, 0x000000070e600000| Untracked 
|  36|0x000000070e800000, 0x000000070e800000, 0x000000070ea00000|  0%| F|  |TAMS 0x000000070e800000, 0x000000070e800000| Untracked 
|  37|0x000000070ea00000, 0x000000070ea00000, 0x000000070ec00000|  0%| F|  |TAMS 0x000000070ea00000, 0x000000070ea00000| Untracked 
|  38|0x000000070ec00000, 0x000000070ec00000, 0x000000070ee00000|  0%| F|  |TAMS 0x000000070ec00000, 0x000000070ec00000| Untracked 
|  39|0x000000070ee00000, 0x000000070ee00000, 0x000000070f000000|  0%| F|  |TAMS 0x000000070ee00000, 0x000000070ee00000| Untracked 
|  40|0x000000070f000000, 0x000000070f000000, 0x000000070f200000|  0%| F|  |TAMS 0x000000070f000000, 0x000000070f000000| Untracked 
|  41|0x000000070f200000, 0x000000070f200000, 0x000000070f400000|  0%| F|  |TAMS 0x000000070f200000, 0x000000070f200000| Untracked 
|  42|0x000000070f400000, 0x000000070f400000, 0x000000070f600000|  0%| F|  |TAMS 0x000000070f400000, 0x000000070f400000| Untracked 
|  43|0x000000070f600000, 0x000000070f600000, 0x000000070f800000|  0%| F|  |TAMS 0x000000070f600000, 0x000000070f600000| Untracked 
|  44|0x000000070f800000, 0x000000070f800000, 0x000000070fa00000|  0%| F|  |TAMS 0x000000070f800000, 0x000000070f800000| Untracked 
|  45|0x000000070fa00000, 0x000000070fa00000, 0x000000070fc00000|  0%| F|  |TAMS 0x000000070fa00000, 0x000000070fa00000| Untracked 
|  46|0x000000070fc00000, 0x000000070fc00000, 0x000000070fe00000|  0%| F|  |TAMS 0x000000070fc00000, 0x000000070fc00000| Untracked 
|  47|0x000000070fe00000, 0x000000070fe00000, 0x0000000710000000|  0%| F|  |TAMS 0x000000070fe00000, 0x000000070fe00000| Untracked 
|  48|0x0000000710000000, 0x0000000710000000, 0x0000000710200000|  0%| F|  |TAMS 0x0000000710000000, 0x0000000710000000| Untracked 
|  49|0x0000000710200000, 0x0000000710200000, 0x0000000710400000|  0%| F|  |TAMS 0x0000000710200000, 0x0000000710200000| Untracked 
|  50|0x0000000710400000, 0x0000000710400000, 0x0000000710600000|  0%| F|  |TAMS 0x0000000710400000, 0x0000000710400000| Untracked 
|  51|0x0000000710600000, 0x0000000710600000, 0x0000000710800000|  0%| F|  |TAMS 0x0000000710600000, 0x0000000710600000| Untracked 
|  52|0x0000000710800000, 0x0000000710800000, 0x0000000710a00000|  0%| F|  |TAMS 0x0000000710800000, 0x0000000710800000| Untracked 
|  53|0x0000000710a00000, 0x0000000710a00000, 0x0000000710c00000|  0%| F|  |TAMS 0x0000000710a00000, 0x0000000710a00000| Untracked 
|  54|0x0000000710c00000, 0x0000000710c00000, 0x0000000710e00000|  0%| F|  |TAMS 0x0000000710c00000, 0x0000000710c00000| Untracked 
|  55|0x0000000710e00000, 0x0000000710e00000, 0x0000000711000000|  0%| F|  |TAMS 0x0000000710e00000, 0x0000000710e00000| Untracked 
|  56|0x0000000711000000, 0x0000000711000000, 0x0000000711200000|  0%| F|  |TAMS 0x0000000711000000, 0x0000000711000000| Untracked 
|  57|0x0000000711200000, 0x0000000711200000, 0x0000000711400000|  0%| F|  |TAMS 0x0000000711200000, 0x0000000711200000| Untracked 
|  58|0x0000000711400000, 0x0000000711400000, 0x0000000711600000|  0%| F|  |TAMS 0x0000000711400000, 0x0000000711400000| Untracked 
|  59|0x0000000711600000, 0x0000000711600000, 0x0000000711800000|  0%| F|  |TAMS 0x0000000711600000, 0x0000000711600000| Untracked 
|  60|0x0000000711800000, 0x0000000711800000, 0x0000000711a00000|  0%| F|  |TAMS 0x0000000711800000, 0x0000000711800000| Untracked 
|  61|0x0000000711a00000, 0x0000000711a00000, 0x0000000711c00000|  0%| F|  |TAMS 0x0000000711a00000, 0x0000000711a00000| Untracked 
|  62|0x0000000711c00000, 0x0000000711c00000, 0x0000000711e00000|  0%| F|  |TAMS 0x0000000711c00000, 0x0000000711c00000| Untracked 
|  63|0x0000000711e00000, 0x0000000711e00000, 0x0000000712000000|  0%| F|  |TAMS 0x0000000711e00000, 0x0000000711e00000| Untracked 
|  64|0x0000000712000000, 0x0000000712000000, 0x0000000712200000|  0%| F|  |TAMS 0x0000000712000000, 0x0000000712000000| Untracked 
|  65|0x0000000712200000, 0x0000000712200000, 0x0000000712400000|  0%| F|  |TAMS 0x0000000712200000, 0x0000000712200000| Untracked 
|  66|0x0000000712400000, 0x0000000712400000, 0x0000000712600000|  0%| F|  |TAMS 0x0000000712400000, 0x0000000712400000| Untracked 
|  67|0x0000000712600000, 0x0000000712600000, 0x0000000712800000|  0%| F|  |TAMS 0x0000000712600000, 0x0000000712600000| Untracked 
|  68|0x0000000712800000, 0x0000000712800000, 0x0000000712a00000|  0%| F|  |TAMS 0x0000000712800000, 0x0000000712800000| Untracked 
|  69|0x0000000712a00000, 0x0000000712a00000, 0x0000000712c00000|  0%| F|  |TAMS 0x0000000712a00000, 0x0000000712a00000| Untracked 
|  70|0x0000000712c00000, 0x0000000712c00000, 0x0000000712e00000|  0%| F|  |TAMS 0x0000000712c00000, 0x0000000712c00000| Untracked 
|  71|0x0000000712e00000, 0x0000000712e00000, 0x0000000713000000|  0%| F|  |TAMS 0x0000000712e00000, 0x0000000712e00000| Untracked 
|  72|0x0000000713000000, 0x0000000713000000, 0x0000000713200000|  0%| F|  |TAMS 0x0000000713000000, 0x0000000713000000| Untracked 
|  73|0x0000000713200000, 0x0000000713200000, 0x0000000713400000|  0%| F|  |TAMS 0x0000000713200000, 0x0000000713200000| Untracked 
|  74|0x0000000713400000, 0x0000000713400000, 0x0000000713600000|  0%| F|  |TAMS 0x0000000713400000, 0x0000000713400000| Untracked 
|  75|0x0000000713600000, 0x0000000713600000, 0x0000000713800000|  0%| F|  |TAMS 0x0000000713600000, 0x0000000713600000| Untracked 
|  76|0x0000000713800000, 0x0000000713800000, 0x0000000713a00000|  0%| F|  |TAMS 0x0000000713800000, 0x0000000713800000| Untracked 
|  77|0x0000000713a00000, 0x0000000713a00000, 0x0000000713c00000|  0%| F|  |TAMS 0x0000000713a00000, 0x0000000713a00000| Untracked 
|  78|0x0000000713c00000, 0x0000000713c00000, 0x0000000713e00000|  0%| F|  |TAMS 0x0000000713c00000, 0x0000000713c00000| Untracked 
|  79|0x0000000713e00000, 0x0000000713e00000, 0x0000000714000000|  0%| F|  |TAMS 0x0000000713e00000, 0x0000000713e00000| Untracked 
|  80|0x0000000714000000, 0x0000000714000000, 0x0000000714200000|  0%| F|  |TAMS 0x0000000714000000, 0x0000000714000000| Untracked 
|  81|0x0000000714200000, 0x0000000714200000, 0x0000000714400000|  0%| F|  |TAMS 0x0000000714200000, 0x0000000714200000| Untracked 
|  82|0x0000000714400000, 0x0000000714400000, 0x0000000714600000|  0%| F|  |TAMS 0x0000000714400000, 0x0000000714400000| Untracked 
|  83|0x0000000714600000, 0x0000000714600000, 0x0000000714800000|  0%| F|  |TAMS 0x0000000714600000, 0x0000000714600000| Untracked 
|  84|0x0000000714800000, 0x0000000714800000, 0x0000000714a00000|  0%| F|  |TAMS 0x0000000714800000, 0x0000000714800000| Untracked 
|  85|0x0000000714a00000, 0x0000000714a00000, 0x0000000714c00000|  0%| F|  |TAMS 0x0000000714a00000, 0x0000000714a00000| Untracked 
|  86|0x0000000714c00000, 0x0000000714c00000, 0x0000000714e00000|  0%| F|  |TAMS 0x0000000714c00000, 0x0000000714c00000| Untracked 
|  87|0x0000000714e00000, 0x0000000714e00000, 0x0000000715000000|  0%| F|  |TAMS 0x0000000714e00000, 0x0000000714e00000| Untracked 
|  88|0x0000000715000000, 0x0000000715000000, 0x0000000715200000|  0%| F|  |TAMS 0x0000000715000000, 0x0000000715000000| Untracked 
|  89|0x0000000715200000, 0x0000000715200000, 0x0000000715400000|  0%| F|  |TAMS 0x0000000715200000, 0x0000000715200000| Untracked 
|  90|0x0000000715400000, 0x0000000715400000, 0x0000000715600000|  0%| F|  |TAMS 0x0000000715400000, 0x0000000715400000| Untracked 
|  91|0x0000000715600000, 0x0000000715600000, 0x0000000715800000|  0%| F|  |TAMS 0x0000000715600000, 0x0000000715600000| Untracked 
|  92|0x0000000715800000, 0x0000000715800000, 0x0000000715a00000|  0%| F|  |TAMS 0x0000000715800000, 0x0000000715800000| Untracked 
|  93|0x0000000715a00000, 0x0000000715a00000, 0x0000000715c00000|  0%| F|  |TAMS 0x0000000715a00000, 0x0000000715a00000| Untracked 
|  94|0x0000000715c00000, 0x0000000715c00000, 0x0000000715e00000|  0%| F|  |TAMS 0x0000000715c00000, 0x0000000715c00000| Untracked 
|  95|0x0000000715e00000, 0x0000000715e00000, 0x0000000716000000|  0%| F|  |TAMS 0x0000000715e00000, 0x0000000715e00000| Untracked 
|  96|0x0000000716000000, 0x0000000716000000, 0x0000000716200000|  0%| F|  |TAMS 0x0000000716000000, 0x0000000716000000| Untracked 
|  97|0x0000000716200000, 0x0000000716200000, 0x0000000716400000|  0%| F|  |TAMS 0x0000000716200000, 0x0000000716200000| Untracked 
|  98|0x0000000716400000, 0x0000000716400000, 0x0000000716600000|  0%| F|  |TAMS 0x0000000716400000, 0x0000000716400000| Untracked 
|  99|0x0000000716600000, 0x0000000716600000, 0x0000000716800000|  0%| F|  |TAMS 0x0000000716600000, 0x0000000716600000| Untracked 
| 100|0x0000000716800000, 0x0000000716800000, 0x0000000716a00000|  0%| F|  |TAMS 0x0000000716800000, 0x0000000716800000| Untracked 
| 101|0x0000000716a00000, 0x0000000716a00000, 0x0000000716c00000|  0%| F|  |TAMS 0x0000000716a00000, 0x0000000716a00000| Untracked 
| 102|0x0000000716c00000, 0x0000000716c00000, 0x0000000716e00000|  0%| F|  |TAMS 0x0000000716c00000, 0x0000000716c00000| Untracked 
| 103|0x0000000716e00000, 0x0000000716e00000, 0x0000000717000000|  0%| F|  |TAMS 0x0000000716e00000, 0x0000000716e00000| Untracked 
| 104|0x0000000717000000, 0x0000000717000000, 0x0000000717200000|  0%| F|  |TAMS 0x0000000717000000, 0x0000000717000000| Untracked 
| 105|0x0000000717200000, 0x0000000717200000, 0x0000000717400000|  0%| F|  |TAMS 0x0000000717200000, 0x0000000717200000| Untracked 
| 106|0x0000000717400000, 0x00000007174afc38, 0x0000000717600000| 34%| S|CS|TAMS 0x0000000717400000, 0x0000000717400000| Complete 
| 107|0x0000000717600000, 0x0000000717600000, 0x0000000717800000|  0%| F|  |TAMS 0x0000000717600000, 0x0000000717600000| Untracked 
| 108|0x0000000717800000, 0x0000000717800000, 0x0000000717a00000|  0%| F|  |TAMS 0x0000000717800000, 0x0000000717800000| Untracked 
| 109|0x0000000717a00000, 0x0000000717a00000, 0x0000000717c00000|  0%| F|  |TAMS 0x0000000717a00000, 0x0000000717a00000| Untracked 
| 110|0x0000000717c00000, 0x0000000717e00000, 0x0000000717e00000|100%| E|  |TAMS 0x0000000717c00000, 0x0000000717c00000| Complete 
| 111|0x0000000717e00000, 0x0000000718000000, 0x0000000718000000|100%| E|CS|TAMS 0x0000000717e00000, 0x0000000717e00000| Complete 
| 112|0x0000000718000000, 0x0000000718200000, 0x0000000718200000|100%| E|CS|TAMS 0x0000000718000000, 0x0000000718000000| Complete 
| 113|0x0000000718200000, 0x0000000718400000, 0x0000000718400000|100%| E|CS|TAMS 0x0000000718200000, 0x0000000718200000| Complete 
| 114|0x0000000718400000, 0x0000000718600000, 0x0000000718600000|100%| E|CS|TAMS 0x0000000718400000, 0x0000000718400000| Complete 
| 115|0x0000000718600000, 0x0000000718800000, 0x0000000718800000|100%| E|CS|TAMS 0x0000000718600000, 0x0000000718600000| Complete 
| 116|0x0000000718800000, 0x0000000718a00000, 0x0000000718a00000|100%| E|CS|TAMS 0x0000000718800000, 0x0000000718800000| Complete 
| 117|0x0000000718a00000, 0x0000000718c00000, 0x0000000718c00000|100%| E|CS|TAMS 0x0000000718a00000, 0x0000000718a00000| Complete 
| 118|0x0000000718c00000, 0x0000000718e00000, 0x0000000718e00000|100%| E|CS|TAMS 0x0000000718c00000, 0x0000000718c00000| Complete 
| 119|0x0000000718e00000, 0x0000000719000000, 0x0000000719000000|100%| E|CS|TAMS 0x0000000718e00000, 0x0000000718e00000| Complete 
| 120|0x0000000719000000, 0x0000000719200000, 0x0000000719200000|100%| E|CS|TAMS 0x0000000719000000, 0x0000000719000000| Complete 
| 121|0x0000000719200000, 0x0000000719400000, 0x0000000719400000|100%| E|CS|TAMS 0x0000000719200000, 0x0000000719200000| Complete 
| 122|0x0000000719400000, 0x0000000719600000, 0x0000000719600000|100%| E|CS|TAMS 0x0000000719400000, 0x0000000719400000| Complete 

Card table byte_map: [0x000002f27d430000,0x000002f27dbe0000] _byte_map_base: 0x000002f279be0000

Marking Bits (Prev, Next): (CMBitMap*) 0x000002f27498d590, (CMBitMap*) 0x000002f27498d5d0
 Prev Bits: [0x000002f20f000000, 0x000002f212d80000)
 Next Bits: [0x000002f212d80000, 0x000002f216b00000)

Polling page: 0x000002f272910000

Metaspace:

Usage:
  Non-class:      9.09 MB used.
      Class:    678.03 KB used.
       Both:      9.75 MB used.

Virtual space:
  Non-class space:       16.00 MB reserved,       9.12 MB ( 57%) committed,  2 nodes.
      Class space:        1.00 GB reserved,     704.00 KB ( <1%) committed,  1 nodes.
             Both:        1.02 GB reserved,       9.81 MB ( <1%) committed. 

Chunk freelists:
   Non-Class:  640.00 KB
       Class:  3.19 MB
        Both:  3.81 MB

MaxMetaspaceSize: unlimited
CompressedClassSpaceSize: 1.00 GB
Initial GC threshold: 21.00 MB
Current GC threshold: 21.00 MB
CDS: on
MetaspaceReclaimPolicy: balanced
 - commit_granule_bytes: 65536.
 - commit_granule_words: 8192.
 - virtual_space_node_default_size: 1048576.
 - enlarge_chunks_in_place: 1.
 - new_chunks_are_fully_committed: 0.
 - uncommit_free_chunks: 1.
 - use_allocation_guard: 0.
 - handle_deallocations: 1.


Internal statistics:

num_allocs_failed_limit: 0.
num_arena_births: 44.
num_arena_deaths: 0.
num_vsnodes_births: 3.
num_vsnodes_deaths: 0.
num_space_committed: 155.
num_space_uncommitted: 0.
num_chunks_returned_to_freelist: 0.
num_chunks_taken_from_freelist: 322.
num_chunk_merges: 0.
num_chunk_splits: 272.
num_chunks_enlarged: 250.
num_purges: 0.
num_inconsistent_stats: 0.

CodeHeap 'non-profiled nmethods': size=119168Kb used=2147Kb max_used=2147Kb free=117020Kb
 bounds [0x000002f207ba0000, 0x000002f207e10000, 0x000002f20f000000]
CodeHeap 'profiled nmethods': size=119104Kb used=4165Kb max_used=4165Kb free=114938Kb
 bounds [0x000002f200750000, 0x000002f200b70000, 0x000002f207ba0000]
CodeHeap 'non-nmethods': size=7488Kb used=1653Kb max_used=3406Kb free=5834Kb
 bounds [0x000002f200000000, 0x000002f2003d0000, 0x000002f200750000]
 total_blobs=3432 nmethods=2335 adapters=1010
 compilation: enabled
              stopped_count=0, restarted_count=0
 full_count=0

Compilation events (20 events):
Event: 16.433 Thread 0x000002f27f3a0810 nmethod 2355 0x000002f200b5d490 code [0x000002f200b5d660, 0x000002f200b5da38]
Event: 16.433 Thread 0x000002f27f3a0810 2357       3       java.util.Formatter::<init> (21 bytes)
Event: 16.433 Thread 0x000002f27f3a0810 nmethod 2357 0x000002f200b5db90 code [0x000002f200b5dd40, 0x000002f200b5df78]
Event: 16.433 Thread 0x000002f27f3a0810 2358       3       java.util.Formatter::format (11 bytes)
Event: 16.433 Thread 0x000002f228b4af10 nmethod 2356 0x000002f200b5e010 code [0x000002f200b5e240, 0x000002f200b5ea48]
Event: 16.433 Thread 0x000002f228b4af10 2360       3       java.util.Formatter::toString (12 bytes)
Event: 16.433 Thread 0x000002f27f3a0810 nmethod 2358 0x000002f200b5ec90 code [0x000002f200b5ee20, 0x000002f200b5ef68]
Event: 16.433 Thread 0x000002f27f3a0810 2362       3       com.badlogic.gdx.backends.lwjgl3.Lwjgl3GL20::glClearColor (9 bytes)
Event: 16.434 Thread 0x000002f228b4af10 nmethod 2360 0x000002f200b5f010 code [0x000002f200b5f1e0, 0x000002f200b5f4d8]
Event: 16.434 Thread 0x000002f228b4af10 2364       3       com.badlogic.gdx.graphics.PerspectiveCamera::update (139 bytes)
Event: 16.434 Thread 0x000002f27f3a0810 nmethod 2362 0x000002f200b5f610 code [0x000002f200b5f7c0, 0x000002f200b5f948]
Event: 16.434 Thread 0x000002f27f3a0810 2363       3       org.lwjgl.opengl.GL11::glClearColor (8 bytes)
Event: 16.434 Thread 0x000002f27f3a0810 nmethod 2363 0x000002f200b5fa90 code [0x000002f200b5fc20, 0x000002f200b5fd28]
Event: 16.435 Thread 0x000002f228b4af10 nmethod 2364 0x000002f200b5fe10 code [0x000002f200b60060, 0x000002f200b60858]
Event: 16.793 Thread 0x000002f228b4af10 2365       3       java.util.Formatter$FormatSpecifier::getZero (36 bytes)
Event: 16.793 Thread 0x000002f228b4af10 nmethod 2365 0x000002f200b60c90 code [0x000002f200b60ea0, 0x000002f200b612c8]
Event: 17.240 Thread 0x000002f27f394f30 2366       4       com.badlogic.gdx.math.MathUtils::isEqual (18 bytes)
Event: 17.241 Thread 0x000002f27f394f30 nmethod 2366 0x000002f207db8290 code [0x000002f207db8440, 0x000002f207db84b8]
Event: 17.525 Thread 0x000002f27f394f30 2367       4       java.lang.String::indexOf (18 bytes)
Event: 17.527 Thread 0x000002f27f394f30 nmethod 2367 0x000002f207db8590 code [0x000002f207db8720, 0x000002f207db8ad8]

GC Heap History (10 events):
Event: 2.923 GC heap before
{Heap before GC invocations=0 (full 0):
 garbage-first heap   total 251904K, used 22528K [0x000000070a000000, 0x0000000800000000)
  region size 2048K, 11 young (22528K), 0 survivors (0K)
 Metaspace       used 7232K, committed 7360K, reserved 1064960K
  class space    used 442K, committed 512K, reserved 1048576K
}
Event: 2.929 GC heap after
{Heap after GC invocations=1 (full 0):
 garbage-first heap   total 251904K, used 2713K [0x000000070a000000, 0x0000000800000000)
  region size 2048K, 2 young (4096K), 2 survivors (4096K)
 Metaspace       used 7232K, committed 7360K, reserved 1064960K
  class space    used 442K, committed 512K, reserved 1048576K
}
Event: 5.611 GC heap before
{Heap before GC invocations=1 (full 0):
 garbage-first heap   total 251904K, used 43673K [0x000000070a000000, 0x0000000800000000)
  region size 2048K, 19 young (38912K), 2 survivors (4096K)
 Metaspace       used 9358K, committed 9536K, reserved 1064960K
  class space    used 641K, committed 704K, reserved 1048576K
}
Event: 5.624 GC heap after
{Heap after GC invocations=2 (full 0):
 garbage-first heap   total 251904K, used 22983K [0x000000070a000000, 0x0000000800000000)
  region size 2048K, 3 young (6144K), 3 survivors (6144K)
 Metaspace       used 9358K, committed 9536K, reserved 1064960K
  class space    used 641K, committed 704K, reserved 1048576K
}
Event: 6.028 GC heap before
{Heap before GC invocations=2 (full 0):
 garbage-first heap   total 251904K, used 76231K [0x000000070a000000, 0x0000000800000000)
  region size 2048K, 29 young (59392K), 3 survivors (6144K)
 Metaspace       used 9678K, committed 9792K, reserved 1064960K
  class space    used 673K, committed 704K, reserved 1048576K
}
Event: 6.052 GC heap after
{Heap after GC invocations=3 (full 0):
 garbage-first heap   total 251904K, used 58455K [0x000000070a000000, 0x0000000800000000)
  region size 2048K, 4 young (8192K), 4 survivors (8192K)
 Metaspace       used 9678K, committed 9792K, reserved 1064960K
  class space    used 673K, committed 704K, reserved 1048576K
}
Event: 6.737 GC heap before
{Heap before GC invocations=3 (full 0):
 garbage-first heap   total 251904K, used 62551K [0x000000070a000000, 0x0000000800000000)
  region size 2048K, 6 young (12288K), 4 survivors (8192K)
 Metaspace       used 9788K, committed 9920K, reserved 1064960K
  class space    used 676K, committed 704K, reserved 1048576K
}
Event: 6.750 GC heap after
{Heap after GC invocations=4 (full 0):
 garbage-first heap   total 251904K, used 61882K [0x000000070a000000, 0x0000000800000000)
  region size 2048K, 1 young (2048K), 1 survivors (2048K)
 Metaspace       used 9788K, committed 9920K, reserved 1064960K
  class space    used 676K, committed 704K, reserved 1048576K
}
Event: 12.438 GC heap before
{Heap before GC invocations=4 (full 0):
 garbage-first heap   total 251904K, used 92602K [0x000000070a000000, 0x0000000800000000)
  region size 2048K, 16 young (32768K), 1 survivors (2048K)
 Metaspace       used 9888K, committed 10048K, reserved 1064960K
  class space    used 676K, committed 704K, reserved 1048576K
}
Event: 12.439 GC heap after
{Heap after GC invocations=5 (full 0):
 garbage-first heap   total 251904K, used 61119K [0x000000070a000000, 0x0000000800000000)
  region size 2048K, 1 young (2048K), 1 survivors (2048K)
 Metaspace       used 9888K, committed 10048K, reserved 1064960K
  class space    used 676K, committed 704K, reserved 1048576K
}

Deoptimization events (20 events):
Event: 7.902 Thread 0x000002f274934f40 DEOPT PACKING pc=0x000002f200acdf08 sp=0x000000fd0cbfe790
Event: 7.902 Thread 0x000002f274934f40 DEOPT UNPACKING pc=0x000002f200052b43 sp=0x000000fd0cbfdc68 mode 0
Event: 7.903 Thread 0x000002f274934f40 DEOPT PACKING pc=0x000002f200acdf08 sp=0x000000fd0cbfe790
Event: 7.903 Thread 0x000002f274934f40 DEOPT UNPACKING pc=0x000002f200052b43 sp=0x000000fd0cbfdc68 mode 0
Event: 7.904 Thread 0x000002f274934f40 DEOPT PACKING pc=0x000002f200acdf08 sp=0x000000fd0cbfe790
Event: 7.904 Thread 0x000002f274934f40 DEOPT UNPACKING pc=0x000002f200052b43 sp=0x000000fd0cbfdc68 mode 0
Event: 7.905 Thread 0x000002f274934f40 DEOPT PACKING pc=0x000002f200ac6711 sp=0x000000fd0cbfe740
Event: 7.905 Thread 0x000002f274934f40 DEOPT UNPACKING pc=0x000002f200052b43 sp=0x000000fd0cbfdc38 mode 0
Event: 7.906 Thread 0x000002f274934f40 DEOPT PACKING pc=0x000002f200ac6711 sp=0x000000fd0cbfe740
Event: 7.906 Thread 0x000002f274934f40 DEOPT UNPACKING pc=0x000002f200052b43 sp=0x000000fd0cbfdc38 mode 0
Event: 7.990 Thread 0x000002f274934f40 DEOPT PACKING pc=0x000002f200ac6711 sp=0x000000fd0cbfe740
Event: 7.990 Thread 0x000002f274934f40 DEOPT UNPACKING pc=0x000002f200052b43 sp=0x000000fd0cbfdc38 mode 0
Event: 8.265 Thread 0x000002f274934f40 Uncommon trap: trap_request=0xffffff45 fr.pc=0x000002f207d4c7fc relative=0x000000000000273c
Event: 8.265 Thread 0x000002f274934f40 Uncommon trap: reason=unstable_if action=reinterpret pc=0x000002f207d4c7fc method=com.badlogic.gdx.utils.TimSort.gallopRight(Ljava/lang/Object;[Ljava/lang/Object;IIILjava/util/Comparator;)I @ 173 c2
Event: 8.265 Thread 0x000002f274934f40 DEOPT PACKING pc=0x000002f207d4c7fc sp=0x000000fd0cbfe870
Event: 8.265 Thread 0x000002f274934f40 DEOPT UNPACKING pc=0x000002f2000523a3 sp=0x000000fd0cbfe808 mode 2
Event: 10.379 Thread 0x000002f274934f40 DEOPT PACKING pc=0x000002f20094bb07 sp=0x000000fd0cbfe7f0
Event: 10.379 Thread 0x000002f274934f40 DEOPT UNPACKING pc=0x000002f200052b43 sp=0x000000fd0cbfdd58 mode 0
Event: 10.554 Thread 0x000002f274934f40 DEOPT PACKING pc=0x000002f200ae8e05 sp=0x000000fd0cbfe620
Event: 10.554 Thread 0x000002f274934f40 DEOPT UNPACKING pc=0x000002f200052b43 sp=0x000000fd0cbfdb20 mode 0

Classes unloaded (0 events):
No events

Classes redefined (0 events):
No events

Internal exceptions (20 events):
Event: 0.321 Thread 0x000002f274934f40 Exception <a 'java/lang/NoSuchMethodError'{0x0000000719185de8}: 'java.lang.Object java.lang.invoke.DirectMethodHandle$Holder.invokeStaticInit(java.lang.Object)'> (0x0000000719185de8) 
thrown [e:\jenkins\tmp\workspace\build\src\src\hotspot\share\interpreter\linkResolver.cpp, line 766]
Event: 0.338 Thread 0x000002f274934f40 Exception <a 'java/lang/NoSuchMethodError'{0x00000007191e7898}: 'void java.lang.invoke.DirectMethodHandle$Holder.invokeStatic(java.lang.Object, java.lang.Object)'> (0x00000007191e7898) 
thrown [e:\jenkins\tmp\workspace\build\src\src\hotspot\share\interpreter\linkResolver.cpp, line 766]
Event: 0.340 Thread 0x000002f274934f40 Exception <a 'java/lang/NoSuchMethodError'{0x00000007191ed0e0}: 'void java.lang.invoke.DirectMethodHandle$Holder.invokeSpecial(java.lang.Object, java.lang.Object, java.lang.Object)'> (0x00000007191ed0e0) 
thrown [e:\jenkins\tmp\workspace\build\src\src\hotspot\share\interpreter\linkResolver.cpp, line 766]
Event: 0.344 Thread 0x000002f274934f40 Exception <a 'java/lang/NoSuchMethodError'{0x0000000718e00bb0}: 'java.lang.Object java.lang.invoke.DirectMethodHandle$Holder.invokeStatic(java.lang.Object, java.lang.Object, int)'> (0x0000000718e00bb0) 
thrown [e:\jenkins\tmp\workspace\build\src\src\hotspot\share\interpreter\linkResolver.cpp, line 766]
Event: 0.347 Thread 0x000002f274934f40 Exception <a 'java/lang/NoSuchMethodError'{0x0000000718e0c920}: 'void java.lang.invoke.DelegatingMethodHandle$Holder.delegate(java.lang.Object, java.lang.Object, int, java.lang.Object)'> (0x0000000718e0c920) 
thrown [e:\jenkins\tmp\workspace\build\src\src\hotspot\share\interpreter\linkResolver.cpp, line 766]
Event: 0.348 Thread 0x000002f274934f40 Exception <a 'java/lang/NoSuchMethodError'{0x0000000718e10b60}: 'int java.lang.invoke.DirectMethodHandle$Holder.invokeSpecial(java.lang.Object, java.lang.Object, java.lang.Object)'> (0x0000000718e10b60) 
thrown [e:\jenkins\tmp\workspace\build\src\src\hotspot\share\interpreter\linkResolver.cpp, line 766]
Event: 0.405 Thread 0x000002f274934f40 Exception <a 'sun/nio/fs/WindowsException'{0x0000000718eb7648}> (0x0000000718eb7648) 
thrown [e:\jenkins\tmp\workspace\build\src\src\hotspot\share\prims\jni.cpp, line 516]
Event: 0.406 Thread 0x000002f274934f40 Exception <a 'sun/nio/fs/WindowsException'{0x0000000718eb7ba0}> (0x0000000718eb7ba0) 
thrown [e:\jenkins\tmp\workspace\build\src\src\hotspot\share\prims\jni.cpp, line 516]
Event: 0.446 Thread 0x000002f274934f40 Exception <a 'sun/nio/fs/WindowsException'{0x0000000718fa5690}> (0x0000000718fa5690) 
thrown [e:\jenkins\tmp\workspace\build\src\src\hotspot\share\prims\jni.cpp, line 516]
Event: 0.446 Thread 0x000002f274934f40 Exception <a 'sun/nio/fs/WindowsException'{0x0000000718fa5a30}> (0x0000000718fa5a30) 
thrown [e:\jenkins\tmp\workspace\build\src\src\hotspot\share\prims\jni.cpp, line 516]
Event: 0.476 Thread 0x000002f274934f40 Exception <a 'sun/nio/fs/WindowsException'{0x0000000718c54d90}> (0x0000000718c54d90) 
thrown [e:\jenkins\tmp\workspace\build\src\src\hotspot\share\prims\jni.cpp, line 516]
Event: 0.476 Thread 0x000002f274934f40 Exception <a 'sun/nio/fs/WindowsException'{0x0000000718c55100}> (0x0000000718c55100) 
thrown [e:\jenkins\tmp\workspace\build\src\src\hotspot\share\prims\jni.cpp, line 516]
Event: 0.553 Thread 0x000002f274934f40 Exception <a 'sun/nio/fs/WindowsException'{0x0000000718cd90f0}> (0x0000000718cd90f0) 
thrown [e:\jenkins\tmp\workspace\build\src\src\hotspot\share\prims\jni.cpp, line 516]
Event: 0.554 Thread 0x000002f274934f40 Exception <a 'sun/nio/fs/WindowsException'{0x0000000718cd9478}> (0x0000000718cd9478) 
thrown [e:\jenkins\tmp\workspace\build\src\src\hotspot\share\prims\jni.cpp, line 516]
Event: 1.270 Thread 0x000002f274934f40 Exception <a 'sun/nio/fs/WindowsException'{0x0000000718abd230}> (0x0000000718abd230) 
thrown [e:\jenkins\tmp\workspace\build\src\src\hotspot\share\prims\jni.cpp, line 516]
Event: 1.270 Thread 0x000002f274934f40 Exception <a 'sun/nio/fs/WindowsException'{0x0000000718abd5e0}> (0x0000000718abd5e0) 
thrown [e:\jenkins\tmp\workspace\build\src\src\hotspot\share\prims\jni.cpp, line 516]
Event: 1.276 Thread 0x000002f274934f40 Exception <a 'sun/nio/fs/WindowsException'{0x0000000718ac9710}> (0x0000000718ac9710) 
thrown [e:\jenkins\tmp\workspace\build\src\src\hotspot\share\prims\jni.cpp, line 516]
Event: 1.276 Thread 0x000002f274934f40 Exception <a 'sun/nio/fs/WindowsException'{0x0000000718ac99f8}> (0x0000000718ac99f8) 
thrown [e:\jenkins\tmp\workspace\build\src\src\hotspot\share\prims\jni.cpp, line 516]
Event: 5.702 Thread 0x000002f274934f40 Implicit null exception at 0x000002f207c1acbf to 0x000002f207c1ad9c
Event: 5.734 Thread 0x000002f274934f40 Implicit null exception at 0x000002f207c14f30 to 0x000002f207c15108

VM Operations (20 events):
Event: 8.751 Executing VM operation: Cleanup
Event: 8.751 Executing VM operation: Cleanup done
Event: 9.751 Executing VM operation: Cleanup
Event: 9.751 Executing VM operation: Cleanup done
Event: 10.121 Executing VM operation: HandshakeAllThreads
Event: 10.121 Executing VM operation: HandshakeAllThreads done
Event: 11.121 Executing VM operation: Cleanup
Event: 11.121 Executing VM operation: Cleanup done
Event: 12.122 Executing VM operation: Cleanup
Event: 12.122 Executing VM operation: Cleanup done
Event: 12.438 Executing VM operation: G1CollectForAllocation
Event: 12.439 Executing VM operation: G1CollectForAllocation done
Event: 14.439 Executing VM operation: Cleanup
Event: 14.439 Executing VM operation: Cleanup done
Event: 15.440 Executing VM operation: Cleanup
Event: 15.440 Executing VM operation: Cleanup done
Event: 16.440 Executing VM operation: Cleanup
Event: 16.440 Executing VM operation: Cleanup done
Event: 17.441 Executing VM operation: Cleanup
Event: 17.441 Executing VM operation: Cleanup done

Events (20 events):
Event: 6.064 loading class jdk/internal/math/FormattedFloatingDecimal$1 done
Event: 6.065 loading class jdk/internal/math/FormattedFloatingDecimal$2
Event: 6.065 loading class jdk/internal/math/FormattedFloatingDecimal$2 done
Event: 6.085 Thread 0x000002f2294f7da0 Thread added: 0x000002f2294f7da0
Event: 6.494 Thread 0x000002f2196c5d40 Thread exited: 0x000002f2196c5d40
Event: 6.500 Thread 0x000002f2195f1b60 Thread exited: 0x000002f2195f1b60
Event: 6.641 Thread 0x000002f2234d53a0 Thread exited: 0x000002f2234d53a0
Event: 6.641 Thread 0x000002f27f4c1500 Thread exited: 0x000002f27f4c1500
Event: 6.886 Thread 0x000002f27f4d6690 Thread exited: 0x000002f27f4d6690
Event: 7.084 Thread 0x000002f27f4d6180 Thread exited: 0x000002f27f4d6180
Event: 7.089 Thread 0x000002f27f523bc0 Thread exited: 0x000002f27f523bc0
Event: 9.233 Thread 0x000002f27f4ca3e0 Thread exited: 0x000002f27f4ca3e0
Event: 9.907 Thread 0x000002f228b47c70 Thread added: 0x000002f228b47c70
Event: 10.223 Thread 0x000002f228b47c70 Thread exited: 0x000002f228b47c70
Event: 10.782 Thread 0x000002f228b4a4f0 Thread added: 0x000002f228b4a4f0
Event: 11.252 Thread 0x000002f228b4a4f0 Thread exited: 0x000002f228b4a4f0
Event: 12.418 Thread 0x000002f27f62ae10 Thread exited: 0x000002f27f62ae10
Event: 13.649 Thread 0x000002f27f3633f0 Thread exited: 0x000002f27f3633f0
Event: 16.431 Thread 0x000002f228b4af10 Thread added: 0x000002f228b4af10
Event: 17.525 Thread 0x000002f228b4af10 Thread exited: 0x000002f228b4af10


Dynamic libraries:
0x00007ff7440e0000 - 0x00007ff7440ee000 	C:\Program Files\Eclipse Adoptium\jdk-17.0.1.12-hotspot\bin\java.exe
0x00007ffdc5cd0000 - 0x00007ffdc5ec5000 	C:\Windows\SYSTEM32\ntdll.dll
0x00007ffdc4060000 - 0x00007ffdc411d000 	C:\Windows\System32\KERNEL32.DLL
0x00007ffdc3720000 - 0x00007ffdc39ed000 	C:\Windows\System32\KERNELBASE.dll
0x00007ffdc33b0000 - 0x00007ffdc34b0000 	C:\Windows\System32\ucrtbase.dll
0x00007ffdaa3b0000 - 0x00007ffdaa3c9000 	C:\Program Files\Eclipse Adoptium\jdk-17.0.1.12-hotspot\bin\VCRUNTIME140.dll
0x00007ffda1660000 - 0x00007ffda1678000 	C:\Program Files\Eclipse Adoptium\jdk-17.0.1.12-hotspot\bin\jli.dll
0x00007ffdc5530000 - 0x00007ffdc56d0000 	C:\Windows\System32\USER32.dll
0x00007ffdad620000 - 0x00007ffdad8ba000 	C:\Windows\WinSxS\amd64_microsoft.windows.common-controls_6595b64144ccf1df_6.0.19041.1110_none_60b5254171f9507e\COMCTL32.dll
0x00007ffdc3c20000 - 0x00007ffdc3c42000 	C:\Windows\System32\win32u.dll
0x00007ffdc5190000 - 0x00007ffdc522e000 	C:\Windows\System32\msvcrt.dll
0x00007ffdc5bd0000 - 0x00007ffdc5bfa000 	C:\Windows\System32\GDI32.dll
0x00007ffdc3610000 - 0x00007ffdc371b000 	C:\Windows\System32\gdi32full.dll
0x00007ffdc39f0000 - 0x00007ffdc3a8d000 	C:\Windows\System32\msvcp_win.dll
0x00007ffdc4eb0000 - 0x00007ffdc4ee0000 	C:\Windows\System32\IMM32.DLL
0x00007ffdb17a0000 - 0x00007ffdb17ac000 	C:\Program Files\Eclipse Adoptium\jdk-17.0.1.12-hotspot\bin\vcruntime140_1.dll
0x00007ffd63c00000 - 0x00007ffd63c91000 	C:\Program Files\Eclipse Adoptium\jdk-17.0.1.12-hotspot\bin\msvcp140.dll
0x00007ffd3d230000 - 0x00007ffd3de76000 	C:\Program Files\Eclipse Adoptium\jdk-17.0.1.12-hotspot\bin\server\jvm.dll
0x00007ffdc3fb0000 - 0x00007ffdc405e000 	C:\Windows\System32\ADVAPI32.dll
0x00007ffdc3e80000 - 0x00007ffdc3f1c000 	C:\Windows\System32\sechost.dll
0x00007ffdc3d50000 - 0x00007ffdc3e75000 	C:\Windows\System32\RPCRT4.dll
0x00007ffdc4ee0000 - 0x00007ffdc4ee8000 	C:\Windows\System32\PSAPI.DLL
0x00007ffdb8890000 - 0x00007ffdb88b7000 	C:\Windows\SYSTEM32\WINMM.dll
0x00007ffda5c00000 - 0x00007ffda5c09000 	C:\Windows\SYSTEM32\WSOCK32.dll
0x00007ffdbc260000 - 0x00007ffdbc26a000 	C:\Windows\SYSTEM32\VERSION.dll
0x00007ffdc52e0000 - 0x00007ffdc534b000 	C:\Windows\System32\WS2_32.dll
0x00007ffdc1c40000 - 0x00007ffdc1c52000 	C:\Windows\SYSTEM32\kernel.appcore.dll
0x00007ffda1650000 - 0x00007ffda165a000 	C:\Program Files\Eclipse Adoptium\jdk-17.0.1.12-hotspot\bin\jimage.dll
0x00007ffdc1a30000 - 0x00007ffdc1c14000 	C:\Windows\SYSTEM32\DBGHELP.DLL
0x00007ffdb8de0000 - 0x00007ffdb8e0c000 	C:\Windows\SYSTEM32\dbgcore.DLL
0x00007ffdc3a90000 - 0x00007ffdc3b12000 	C:\Windows\System32\bcryptPrimitives.dll
0x00007ffd79070000 - 0x00007ffd79095000 	C:\Program Files\Eclipse Adoptium\jdk-17.0.1.12-hotspot\bin\java.dll
0x00007ffd52ae0000 - 0x00007ffd52bb6000 	C:\Program Files\Eclipse Adoptium\jdk-17.0.1.12-hotspot\bin\svml.dll
0x00007ffdc4120000 - 0x00007ffdc4864000 	C:\Windows\System32\SHELL32.dll
0x00007ffdc1150000 - 0x00007ffdc18e4000 	C:\Windows\SYSTEM32\windows.storage.dll
0x00007ffdc5870000 - 0x00007ffdc5bc4000 	C:\Windows\System32\combase.dll
0x00007ffdc2e10000 - 0x00007ffdc2e3c000 	C:\Windows\SYSTEM32\Wldp.dll
0x00007ffdc5230000 - 0x00007ffdc52dd000 	C:\Windows\System32\SHCORE.dll
0x00007ffdc3cf0000 - 0x00007ffdc3d45000 	C:\Windows\System32\shlwapi.dll
0x00007ffdc32f0000 - 0x00007ffdc330f000 	C:\Windows\SYSTEM32\profapi.dll
0x00007ffda1600000 - 0x00007ffda1619000 	C:\Program Files\Eclipse Adoptium\jdk-17.0.1.12-hotspot\bin\net.dll
0x00007ffdb4be0000 - 0x00007ffdb4cea000 	C:\Windows\SYSTEM32\WINHTTP.dll
0x00007ffdc2b70000 - 0x00007ffdc2bda000 	C:\Windows\system32\mswsock.dll
0x00007ffda1520000 - 0x00007ffda1535000 	C:\Program Files\Eclipse Adoptium\jdk-17.0.1.12-hotspot\bin\nio.dll
0x00007ffd87c30000 - 0x00007ffd87c48000 	C:\Program Files\Eclipse Adoptium\jdk-17.0.1.12-hotspot\bin\zip.dll
0x000000006e700000 - 0x000000006e72a000 	C:\Users\grado\AppData\Local\Temp\libgdxgrado\e1cd32f8\gdx64.dll
0x00007ffd430d0000 - 0x00007ffd43134000 	C:\Users\grado\AppData\Local\Temp\lwjglgrado\3.2.3-build-13\lwjgl.dll
0x00007ffd43320000 - 0x00007ffd43573000 	C:\Users\grado\AppData\Local\Temp\lwjglgrado\3.2.3-build-13\jemalloc.dll
0x00007ffd76970000 - 0x00007ffd769d2000 	C:\Users\grado\AppData\Local\Temp\lwjglgrado\3.2.3-build-13\glfw.dll
0x00007ffdc0870000 - 0x00007ffdc090e000 	C:\Windows\system32\uxtheme.dll
0x00007ffd62890000 - 0x00007ffd628d5000 	C:\Windows\SYSTEM32\dinput8.dll
0x00007ffd77000000 - 0x00007ffd77011000 	C:\Windows\SYSTEM32\xinput1_4.dll
0x00007ffdc3b20000 - 0x00007ffdc3b6e000 	C:\Windows\System32\cfgmgr32.dll
0x00007ffdc3160000 - 0x00007ffdc318c000 	C:\Windows\SYSTEM32\DEVOBJ.dll
0x00007ffdc0a00000 - 0x00007ffdc0a2f000 	C:\Windows\SYSTEM32\dwmapi.dll
0x00007ffda8c80000 - 0x00007ffda8dd2000 	C:\Windows\SYSTEM32\inputhost.dll
0x00007ffdc4d70000 - 0x00007ffdc4e3d000 	C:\Windows\System32\OLEAUT32.dll
0x00007ffdbfad0000 - 0x00007ffdbfc24000 	C:\Windows\SYSTEM32\wintypes.dll
0x00007ffdbe990000 - 0x00007ffdbea86000 	C:\Windows\SYSTEM32\PROPSYS.dll
0x00007ffdc0500000 - 0x00007ffdc05f2000 	C:\Windows\SYSTEM32\CoreMessaging.dll
0x00007ffdc01a0000 - 0x00007ffdc04fe000 	C:\Windows\SYSTEM32\CoreUIComponents.dll
0x00007ffdc20b0000 - 0x00007ffdc20e3000 	C:\Windows\SYSTEM32\ntmarta.dll
0x00007ffdc5750000 - 0x00007ffdc5865000 	C:\Windows\System32\MSCTF.dll
0x00007ffdc18f0000 - 0x00007ffdc18fd000 	C:\Windows\SYSTEM32\HID.DLL
0x00007ffdc4870000 - 0x00007ffdc4ce1000 	C:\Windows\System32\SETUPAPI.DLL
0x00007ffdc3c50000 - 0x00007ffdc3c77000 	C:\Windows\System32\bcrypt.dll
0x00007ffdc3c80000 - 0x00007ffdc3ce8000 	C:\Windows\System32\WINTRUST.dll
0x00007ffdc34b0000 - 0x00007ffdc3606000 	C:\Windows\System32\CRYPT32.dll
0x00007ffdc2fa0000 - 0x00007ffdc2fb2000 	C:\Windows\SYSTEM32\MSASN1.dll
0x00007ffd43210000 - 0x00007ffd4331b000 	C:\Users\grado\AppData\Local\Temp\lwjglgrado\3.2.3-build-13\OpenAL.dll
0x00007ffdc5400000 - 0x00007ffdc552a000 	C:\Windows\System32\ole32.dll
0x00007ffdc5350000 - 0x00007ffdc53f9000 	C:\Windows\System32\clbcatq.dll
0x00007ffdbb510000 - 0x00007ffdbb595000 	C:\Windows\System32\MMDevApi.dll
0x00007ffdbbda0000 - 0x00007ffdbbf22000 	C:\Windows\SYSTEM32\AUDIOSES.DLL
0x00007ffdc2930000 - 0x00007ffdc297b000 	C:\Windows\SYSTEM32\powrprof.dll
0x00007ffdc27f0000 - 0x00007ffdc2802000 	C:\Windows\SYSTEM32\UMPDC.dll
0x00007ffdc0a30000 - 0x00007ffdc0a44000 	C:\Windows\SYSTEM32\resourcepolicyclient.dll
0x00007ffd22910000 - 0x00007ffd22a36000 	C:\Windows\SYSTEM32\opengl32.dll
0x00007ffd228e0000 - 0x00007ffd2290c000 	C:\Windows\SYSTEM32\GLU32.dll
0x00007ffdbc2e0000 - 0x00007ffdbc3d7000 	C:\Windows\System32\AppXDeploymentClient.dll
0x00007ffd63bd0000 - 0x00007ffd63bfa000 	C:\Windows\System32\DriverStore\FileRepository\u0361612.inf_amd64_b679e02f70413f9f\B361368\atig6pxx.dll
0x00007ffcfa390000 - 0x00007ffcfd076000 	C:\Windows\System32\DriverStore\FileRepository\u0361612.inf_amd64_b679e02f70413f9f\B361368\atio6axx.dll
0x00007ffd86690000 - 0x00007ffd866b4000 	C:\Windows\SYSTEM32\dxva2.dll
0x00007ffd63e40000 - 0x00007ffd63e7c000 	C:\Windows\System32\DriverStore\FileRepository\u0361612.inf_amd64_b679e02f70413f9f\B361368\atig6txx.dll
0x00007ffd42f10000 - 0x00007ffd430c9000 	C:\Windows\SYSTEM32\atiadlxx.dll
0x00007ffdb9380000 - 0x00007ffdb93bb000 	C:\Windows\SYSTEM32\dxcore.dll
0x00007ffd56960000 - 0x00007ffd569b9000 	C:\Users\grado\AppData\Local\Temp\lwjglgrado\3.2.3-build-13\lwjgl_opengl.dll
0x00007ffda93b0000 - 0x00007ffda94a9000 	C:\Windows\SYSTEM32\textinputframework.dll

dbghelp: loaded successfully - version: 4.0.5 - missing functions: none
symbol engine: initialized successfully - sym options: 0x614 - pdb path: .;C:\Program Files\Eclipse Adoptium\jdk-17.0.1.12-hotspot\bin;C:\Windows\SYSTEM32;C:\Windows\WinSxS\amd64_microsoft.windows.common-controls_6595b64144ccf1df_6.0.19041.1110_none_60b5254171f9507e;C:\Program Files\Eclipse Adoptium\jdk-17.0.1.12-hotspot\bin\server;C:\Users\grado\AppData\Local\Temp\libgdxgrado\e1cd32f8;C:\Users\grado\AppData\Local\Temp\lwjglgrado\3.2.3-build-13;C:\Windows\System32\DriverStore\FileRepository\u0361612.inf_amd64_b679e02f70413f9f\B361368

VM Arguments:
jvm_args: -XX:+ShowCodeDetailsInExceptionMessages 
java_command: com.crazyputting3d.Main
java_class_path (initial): C:\Users\grado\Desktop\Group-04\3dcrazyputting\desktop\bin\main;\CrazyPutting3D-core\bin\default;C:\Users\grado\Desktop\Group-04\3dcrazyputting\core\bin\main;C:\Users\grado\.gradle\caches\modules-2\files-2.1\com.badlogicgames.gdx\gdx-backend-lwjgl3\1.10.0\600c7d5b2c977daa82c4abad147087b31e0ada87\gdx-backend-lwjgl3-1.10.0.jar;C:\Users\grado\.gradle\caches\modules-2\files-2.1\com.badlogicgames.gdx\gdx-platform\1.10.0\9a8fa793d2fd6d360afc6c9e4c1f5583da263b88\gdx-platform-1.10.0-natives-desktop.jar;C:\Users\grado\.gradle\caches\modules-2\files-2.1\com.badlogicgames.gdx\gdx-bullet-platform\1.10.0\ce92e8dfc762523d769cbc50853163c03bf98cf1\gdx-bullet-platform-1.10.0-natives-desktop.jar;C:\Users\grado\.gradle\caches\modules-2\files-2.1\com.badlogicgames.gdx\gdx-freetype-platform\1.10.0\6e5d28752759e69384f12e4569d2c884ff71352f\gdx-freetype-platform-1.10.0-natives-desktop.jar;C:\Users\grado\.gradle\caches\modules-2\files-2.1\com.badlogicgames.gdx-controllers\gdx-controllers-desktop\2.2.1\cb3430c32468a090eca54d494d16bb3764ceff9b\gdx-controllers-desktop-2.2.1.jar;C:\Users\grado\.gradle\caches\modules-2\files-2.1\org.jetbrains\annotations\20.1.0\2fcd1f3225bca0c4a7bc931142076f8c1e80993f\annotations-20.1.0.jar;C:\Users\grado\.gradle\caches\modules-2\files-2.1\com.badlogicgames.gdx\gdx-bullet\1.10.0\839b58c7278f5c3b55291c3a559d91227400ecdb\gdx-bullet-1.10.0.jar;C:\Users\grado\.gradle\caches\modules-2\files-2.1\com.badlogicgames.gdx\gdx-freetype\1.10.0\de1d0d5c1e92e8d91364256fd6b7bb279d3e9859\gdx-freetype-1.10.0.jar;C:\Users\grado\.gradle\caches\modules-2\files-2.1\com.badlogicgames.gdx\gdx-ai\1.8.2\ab75d2ce80ab1b1ce6828a15dc0f417abac4c674\gdx-ai-1.8.2.jar;C:\Users\grado\.gradle\caches\modules-2\files-2.1\com.badlogicgames.ashley\ashley\1.7.4\21a3a8932919099c4e5006a7d8378dcbe76ef8a5\ashley-1.7.4.jar;C:\Users\grado\.gradle\caches\modules-2\files-2.1\com.badlogicgames.box2dlights\box2dlights\1.5\6902dbcd250c95a27973aa24a147a95b3828d348\box2dlights-1.5.jar;C
Launcher Type: SUN_STANDARD

[Global flags]
     intx CICompilerCount                          = 12                                        {product} {ergonomic}
     uint ConcGCThreads                            = 3                                         {product} {ergonomic}
     uint G1ConcRefinementThreads                  = 13                                        {product} {ergonomic}
   size_t G1HeapRegionSize                         = 2097152                                   {product} {ergonomic}
    uintx GCDrainStackTargetSize                   = 64                                        {product} {ergonomic}
   size_t InitialHeapSize                          = 257949696                                 {product} {ergonomic}
   size_t MarkStackSize                            = 4194304                                   {product} {ergonomic}
   size_t MaxHeapSize                              = 4127195136                                {product} {ergonomic}
   size_t MaxNewSize                               = 2474639360                                {product} {ergonomic}
   size_t MinHeapDeltaBytes                        = 2097152                                   {product} {ergonomic}
   size_t MinHeapSize                              = 8388608                                   {product} {ergonomic}
    uintx NonNMethodCodeHeapSize                   = 7602480                                {pd product} {ergonomic}
    uintx NonProfiledCodeHeapSize                  = 122027880                              {pd product} {ergonomic}
    uintx ProfiledCodeHeapSize                     = 122027880                              {pd product} {ergonomic}
    uintx ReservedCodeCacheSize                    = 251658240                              {pd product} {ergonomic}
     bool SegmentedCodeCache                       = true                                      {product} {ergonomic}
     bool ShowCodeDetailsInExceptionMessages       = true                                   {manageable} {command line}
   size_t SoftMaxHeapSize                          = 4127195136                             {manageable} {ergonomic}
     bool UseCompressedClassPointers               = true                           {product lp64_product} {ergonomic}
     bool UseCompressedOops                        = true                           {product lp64_product} {ergonomic}
     bool UseG1GC                                  = true                                      {product} {ergonomic}
     bool UseLargePagesIndividualAllocation        = false                                  {pd product} {ergonomic}

Logging:
Log output configuration:
 #0: stdout all=warning uptime,level,tags
 #1: stderr all=off uptime,level,tags

Environment Variables:
PATH=C:\Program Files\Common Files\Oracle\Java\javapath;C:\Windows\system32;C:\Windows;C:\Windows\System32\Wbem;C:\Windows\System32\WindowsPowerShell\v1.0\;C:\Windows\System32\OpenSSH\;C:\Program Files (x86)\NVIDIA Corporation\PhysX\Common;C:\Program Files\NVIDIA Corporation\NVIDIA NvDLISR;C:\Program Files\MATLAB\R2022a\bin;C:\Program Files\Gradle\gradle-7.4.2\bin;C:\Program Files\Git\cmd;C:\Users\grado\AppData\Local\Microsoft\WindowsApps;C:\Users\grado\AppData\Local\Programs\Microsoft VS Code\bin;C:\Users\grado\AppData\Local\GitHubDesktop\bin
USERNAME=grado
LANG=en_US.UTF-8
OS=Windows_NT
PROCESSOR_IDENTIFIER=AMD64 Family 23 Model 96 Stepping 1, AuthenticAMD



---------------  S Y S T E M  ---------------

OS:
 Windows 10 , 64 bit Build 19041 (10.0.19041.1706)
OS uptime: 9 days 12:42 hours

CPU: total 16 (initial active 16) (16 cores per cpu, 2 threads per core) family 23 model 96 stepping 1 microcode 0x0, cx8, cmov, fxsr, ht, mmx, 3dnowpref, sse, sse2, sse3, ssse3, sse4a, sse4.1, sse4.2, popcnt, lzcnt, tsc, tscinvbit, avx, avx2, aes, clmul, bmi1, bmi2, adx, sha, fma, vzeroupper, clflush, clflushopt

Memory: 4k page, system-wide physical 15741M (5395M free)
TotalPageFile size 22653M (AvailPageFile size 5983M)
current process WorkingSet (physical memory assigned to process): 300M, peak: 410M
current process commit charge ("private bytes"): 761M, peak: 862M

vm_info: OpenJDK 64-Bit Server VM (17.0.1+12) for windows-amd64 JRE (17.0.1+12), built on Oct 20 2021 07:42:55 by "" with MS VC++ 16.7 (VS2019)

END.
