#
# A fatal error has been detected by the Java Runtime Environment:
#
#  EXCEPTION_ACCESS_VIOLATION (0xc0000005) at pc=0x0000022e5e0dd784, pid=20332, tid=19188
#
# JRE version: OpenJDK Runtime Environment Temurin-17.0.1+12 (17.0.1+12) (build 17.0.1+12)
# Java VM: OpenJDK 64-Bit Server VM Temurin-17.0.1+12 (17.0.1+12, mixed mode, sharing, tiered, compressed oops, compressed class ptrs, g1 gc, windows-amd64)
# Problematic frame:
# j  org.lwjgl.system.MemoryUtil.memGlobalRefToObject(J)Ljava/lang/Object;+0
#
# No core dump will be written. Minidumps are not enabled by default on client versions of Windows
#
# If you would like to submit a bug report, please visit:
#   https://github.com/adoptium/adoptium-support/issues
#

---------------  S U M M A R Y ------------

Command Line: -XX:+ShowCodeDetailsInExceptionMessages com.crazyputting3d.Menu

Host: AMD Ryzen 7 4800H with Radeon Graphics         , 16 cores, 15G,  Windows 10 , 64 bit Build 19041 (10.0.19041.1645)
Time: Tue May 10 13:52:59 2022 Central European Daylight Time elapsed time: 19.250518 seconds (0d 0h 0m 19s)

---------------  T H R E A D  ---------------

Current thread (0x0000022e7ad7c410):  JavaThread "AWT-EventQueue-0" [_thread_in_Java, id=19188, stack(0x0000007089200000,0x0000007089300000)]

Stack: [0x0000007089200000,0x0000007089300000],  sp=0x00000070892fe2d0,  free space=1016k
Native frames: (J=compiled Java code, j=interpreted, Vv=VM code, C=native code)
C  0x0000022e5e0dd784


siginfo: EXCEPTION_ACCESS_VIOLATION (0xc0000005), reading address 0x0000000100000014


Register to memory mapping:

RIP=0x0000022e5e0dd784 is at code_begin+1348 in an Interpreter codelet
method entry point (kind = native)  [0x0000022e5e0dd240, 0x0000022e5e0ddbc0]  2432 bytes
RAX=0x0000000100000014 is an unknown value
RBX={method} {0x0000022e7a36c490} 'memGlobalRefToObject' '(J)Ljava/lang/Object;' in 'org/lwjgl/system/MemoryUtil'
RCX=0x0000022e7ad7c6b8 points into unknown readable memory: 0x0000022e00630000 | 00 00 63 00 2e 02 00 00
RDX=0x00000070892fe370 is pointing into the stack for thread: 0x0000022e7ad7c410
RSP=0x00000070892fe2d0 is pointing into the stack for thread: 0x0000022e7ad7c410
RBP=0x00000070892fe360 is pointing into the stack for thread: 0x0000022e7ad7c410
RSI=0x0000000000000110 is an unknown value
RDI=0x0000022e5e0d95cd is at code_begin+1325 in an Interpreter codelet
return entry points  [0x0000022e5e0d90a0, 0x0000022e5e0d9ba0]  2816 bytes
R8 =0x0000000100000014 is an unknown value
R9 =0x000000070a7cb7d0 is an oop: java.lang.Class 
{0x000000070a7cb7d0} - klass: 'java/lang/Class'
 - ---- fields (total size 15 words):
 - private volatile transient 'classRedefinedCount' 'I' @12  0
 - private volatile transient 'cachedConstructor' 'Ljava/lang/reflect/Constructor;' @40  NULL (0)
 - private transient 'name' 'Ljava/lang/String;' @44  "org.lwjgl.system.Checks"{0x000000070a7cb848} (e14f9709)
 - private transient 'module' 'Ljava/lang/Module;' @48  a 'java/lang/Module'{0x000000070a07fff8} (e140ffff)
 - private final 'classLoader' 'Ljava/lang/ClassLoader;' @52  a 'jdk/internal/loader/ClassLoaders$AppClassLoader'{0x000000070a083768} (e14106ed)
 - private transient 'classData' 'Ljava/lang/Object;' @56  NULL (0)
 - private transient 'packageName' 'Ljava/lang/String;' @60  "org.lwjgl.system"{0x000000070a0c8e68} (e14191cd)
 - private final 'componentType' 'Ljava/lang/Class;' @64  NULL (0)
 - private volatile transient 'reflectionData' 'Ljava/lang/ref/SoftReference;' @68  NULL (0)
 - private volatile transient 'genericInfo' 'Lsun/reflect/generics/repository/ClassRepository;' @72  NULL (0)
 - private volatile transient 'enumConstants' '[Ljava/lang/Object;' @76  NULL (0)
 - private volatile transient 'enumConstantDirectory' 'Ljava/util/Map;' @80  NULL (0)
 - private volatile transient 'annotationData' 'Ljava/lang/Class$AnnotationData;' @84  NULL (0)
 - private volatile transient 'annotationType' 'Lsun/reflect/annotation/AnnotationType;' @88  NULL (0)
 - transient 'classValueMap' 'Ljava/lang/ClassValue$ClassValueMap;' @92  NULL (0)
 - signature: Lorg/lwjgl/system/Checks;
 - fake entry for mirror: 'org/lwjgl/system/Checks'
 - fake entry for array: NULL
 - fake entry for oop_size: 15
 - fake entry for static_oop_field_count: 0
 - public static final 'CHECKS' 'Z' @112  true
 - public static final 'DEBUG' 'Z' @113  false
 - public static final 'DEBUG_FUNCTIONS' 'Z' @114  false
R10=0x0000022e5e0dd5f2 is at code_begin+946 in an Interpreter codelet
method entry point (kind = native)  [0x0000022e5e0dd240, 0x0000022e5e0ddbc0]  2432 bytes
R11=0x0000022e5e0daf7b is at code_begin+27 in an Interpreter codelet
result handlers for native calls  [0x0000022e5e0daf60, 0x0000022e5e0daf80]  32 bytes
R12=0x0 is NULL
R13=0x0000022e7a36c480 is pointing into metadata
R14=0x00000070892fe388 is pointing into the stack for thread: 0x0000022e7ad7c410
R15=0x0000022e7ad7c410 is a thread


Registers:
RAX=0x0000000100000014, RBX=0x0000022e7a36c488, RCX=0x0000022e7ad7c6b8, RDX=0x00000070892fe370
RSP=0x00000070892fe2d0, RBP=0x00000070892fe360, RSI=0x0000000000000110, RDI=0x0000022e5e0d95cd
R8 =0x0000000100000014, R9 =0x000000070a7cb7d0, R10=0x0000022e5e0dd5f2, R11=0x0000022e5e0daf7b
R12=0x0000000000000000, R13=0x0000022e7a36c480, R14=0x00000070892fe388, R15=0x0000022e7ad7c410
RIP=0x0000022e5e0dd784, EFLAGS=0x0000000000010246

Top of Stack: (sp=0x00000070892fe2d0)
0x00000070892fe2d0:   0000000000000000 0000022e5e0dd621
0x00000070892fe2e0:   0000022e7a3e8fe8 0000000000000000
0x00000070892fe2f0:   00000070892fe318 00000070892fe370
0x00000070892fe300:   0000022e5e0d95cd 000000070a7c1fc0
0x00000070892fe310:   0000022e5e0daf77 00000070892fe318
0x00000070892fe320:   0000000000000000 00000070892fe388
0x00000070892fe330:   0000022e7a3717d8 0000000000000000
0x00000070892fe340:   000000070a102d00 0000022e7a36c488
0x00000070892fe350:   0000000000000000 00000070892fe380
0x00000070892fe360:   00000070892fe3d8 0000022e5e0d9657
0x00000070892fe370:   000000070a102d00 0000022e5e0daf7b
0x00000070892fe380:   0000000100000014 0000000000000000
0x00000070892fe390:   00000070892fe390 0000022e7a345ef4
0x00000070892fe3a0:   00000070892fe3f0 0000022e7a34dce8
0x00000070892fe3b0:   0000000000000000 000000070a7e5298
0x00000070892fe3c0:   0000022e7a345f10 00000070892fe380 

Instructions: (pc=0x0000022e5e0dd784)
0x0000022e5e0dd684:   00 41 ff d2 49 8b e4 4d 33 e4 41 c7 87 38 03 00
0x0000022e5e0dd694:   00 08 00 00 00 49 c7 87 88 02 00 00 00 00 00 00
0x0000022e5e0dd6a4:   49 c7 87 98 02 00 00 00 00 00 00 49 c7 87 90 02
0x0000022e5e0dd6b4:   00 00 00 00 00 00 c5 f8 77 4d 8b 9f d8 00 00 00
0x0000022e5e0dd6c4:   41 c7 83 00 01 00 00 00 00 00 00 49 bb 7b af 0d
0x0000022e5e0dd6d4:   5e 2e 02 00 00 4c 3b 5d 18 0f 85 b9 00 00 00 48
0x0000022e5e0dd6e4:   8b 04 24 48 83 c4 10 48 85 c0 0f 84 93 00 00 00
0x0000022e5e0dd6f4:   48 f7 c0 01 00 00 00 0f 84 83 00 00 00 48 8b 40
0x0000022e5e0dd704:   ff 41 80 7f 38 00 0f 84 6f 00 00 00 48 83 f8 00
0x0000022e5e0dd714:   0f 84 65 00 00 00 4d 8b 5f 20 49 83 fb 00 0f 84
0x0000022e5e0dd724:   14 00 00 00 49 83 eb 08 4d 89 5f 20 4d 03 5f 30
0x0000022e5e0dd734:   49 89 03 e9 43 00 00 00 50 49 8b d7 48 8b c8 48
0x0000022e5e0dd744:   83 ec 20 f7 c4 0f 00 00 00 0f 84 1a 00 00 00 48
0x0000022e5e0dd754:   83 ec 08 49 ba c0 12 00 76 fb 7f 00 00 41 ff d2
0x0000022e5e0dd764:   48 83 c4 08 e9 0d 00 00 00 49 ba c0 12 00 76 fb
0x0000022e5e0dd774:   7f 00 00 41 ff d2 48 83 c4 20 58 e9 03 00 00 00
0x0000022e5e0dd784:   48 8b 00 48 89 45 10 48 83 ec 10 48 89 04 24 48
0x0000022e5e0dd794:   c7 44 24 08 00 00 00 00 41 81 bf a8 03 00 00 02
0x0000022e5e0dd7a4:   00 00 00 0f 85 c0 00 00 00 48 81 ec 80 00 00 00
0x0000022e5e0dd7b4:   48 89 44 24 78 48 89 4c 24 70 48 89 54 24 68 48
0x0000022e5e0dd7c4:   89 5c 24 60 48 89 6c 24 50 48 89 74 24 48 48 89
0x0000022e5e0dd7d4:   7c 24 40 4c 89 44 24 38 4c 89 4c 24 30 4c 89 54
0x0000022e5e0dd7e4:   24 28 4c 89 5c 24 20 4c 89 64 24 18 4c 89 6c 24
0x0000022e5e0dd7f4:   10 4c 89 74 24 08 4c 89 3c 24 4c 8b e4 48 83 ec
0x0000022e5e0dd804:   20 48 83 e4 f0 49 ba 80 c7 40 76 fb 7f 00 00 41
0x0000022e5e0dd814:   ff d2 49 8b e4 4c 8b 3c 24 4c 8b 74 24 08 4c 8b
0x0000022e5e0dd824:   6c 24 10 4c 8b 64 24 18 4c 8b 5c 24 20 4c 8b 54
0x0000022e5e0dd834:   24 28 4c 8b 4c 24 30 4c 8b 44 24 38 48 8b 7c 24
0x0000022e5e0dd844:   40 48 8b 74 24 48 48 8b 6c 24 50 48 8b 5c 24 60
0x0000022e5e0dd854:   48 8b 54 24 68 48 8b 4c 24 70 48 8b 44 24 78 48
0x0000022e5e0dd864:   81 c4 80 00 00 00 4d 33 e4 48 8b 5d e8 4c 8b 6b
0x0000022e5e0dd874:   08 4d 8d 6d 30 49 81 7f 08 00 00 00 00 0f 84 be 


Stack slot to memory mapping:
stack at sp + 0 slots: 0x0 is NULL
stack at sp + 1 slots: 0x0000022e5e0dd621 is at code_begin+993 in an Interpreter codelet
method entry point (kind = native)  [0x0000022e5e0dd240, 0x0000022e5e0ddbc0]  2432 bytes
stack at sp + 2 slots: {method} {0x0000022e7a3e8ff0} 'ndcbGetUserData' '(J)J' in 'org/lwjgl/system/dyncall/DynCallback'
stack at sp + 3 slots: 0x0 is NULL
stack at sp + 4 slots: 0x00000070892fe318 is pointing into the stack for thread: 0x0000022e7ad7c410
stack at sp + 5 slots: 0x00000070892fe370 is pointing into the stack for thread: 0x0000022e7ad7c410
stack at sp + 6 slots: 0x0000022e5e0d95cd is at code_begin+1325 in an Interpreter codelet
return entry points  [0x0000022e5e0d90a0, 0x0000022e5e0d9ba0]  2816 bytes
stack at sp + 7 slots: 0x000000070a7c1fc0 is an oop: java.lang.Class 
{0x000000070a7c1fc0} - klass: 'java/lang/Class'
 - ---- fields (total size 16 words):
 - private volatile transient 'classRedefinedCount' 'I' @12  0
 - private volatile transient 'cachedConstructor' 'Ljava/lang/reflect/Constructor;' @40  NULL (0)
 - private transient 'name' 'Ljava/lang/String;' @44  "org.lwjgl.system.dyncall.DynCallback"{0x000000070a8290d8} (e150521b)
 - private transient 'module' 'Ljava/lang/Module;' @48  a 'java/lang/Module'{0x000000070a07fff8} (e140ffff)
 - private final 'classLoader' 'Ljava/lang/ClassLoader;' @52  a 'jdk/internal/loader/ClassLoaders$AppClassLoader'{0x000000070a083768} (e14106ed)
 - private transient 'classData' 'Ljava/lang/Object;' @56  NULL (0)
 - private transient 'packageName' 'Ljava/lang/String;' @60  "org.lwjgl.system.dyncall"{0x000000070a79a988} (e14f3531)
 - private final 'componentType' 'Ljava/lang/Class;' @64  NULL (0)
 - private volatile transient 'reflectionData' 'Ljava/lang/ref/SoftReference;' @68  NULL (0)
 - private volatile transient 'genericInfo' 'Lsun/reflect/generics/repository/ClassRepository;' @72  NULL (0)
 - private volatile transient 'enumConstants' '[Ljava/lang/Object;' @76  NULL (0)
 - private volatile transient 'enumConstantDirectory' 'Ljava/util/Map;' @80  NULL (0)
 - private volatile transient 'annotationData' 'Ljava/lang/Class$AnnotationData;' @84  NULL (0)
 - private volatile transient 'annotationType' 'Lsun/reflect/annotation/AnnotationType;' @88  NULL (0)
 - transient 'classValueMap' 'Ljava/lang/ClassValue$ClassValueMap;' @92  NULL (0)
 - signature: Lorg/lwjgl/system/dyncall/DynCallback;
 - fake entry for mirror: 'org/lwjgl/system/dyncall/DynCallback'
 - fake entry for array: NULL
 - fake entry for oop_size: 16
 - fake entry for static_oop_field_count: 0
 - public static final 'DCB_SIGCHAR_CC_PREFIX' 'C' @112  _ 95 (5f)
 - public static final 'DCB_SIGCHAR_CC_ELLIPSIS' 'C' @114  e 101 (65)
 - public static final 'DCB_SIGCHAR_CC_STDCALL' 'C' @116  s 115 (73)
 - public static final 'DCB_SIGCHAR_CC_FASTCALL_GNU' 'C' @118  f 102 (66)
 - public static final 'DCB_SIGCHAR_CC_FASTCALL_MS' 'C' @120  F 70 (46)
 - public static final 'DCB_SIGCHAR_CC_THISCALL_MS' 'C' @122  + 43 (2b)

method entry point (kind = native)  [0x0000022e5e0dd240, 0x0000022e5e0ddbc0]  2432 bytes
[MachCode]
  0x0000022e5e0dd240: 488b 4b08 | 0fb7 492c | 584c 8d74 | ccf8 6800 | 0000 0068 | 0000 0000 | 5055 488b | ec41 5568 
  0x0000022e5e0dd260: 0000 0000 | 4c8b 6b08 | 4d8d 6d30 | 5348 8b53 | 0848 8b52 | 0848 8b52 | 1848 8b52 | 7048 8b12 
  0x0000022e5e0dd280: 5248 8b53 | 1048 85d2 | 0f84 0700 | 0000 4881 | c208 0100 | 0052 488b | 5308 488b | 5208 488b 
  0x0000022e5e0dd2a0: 5210 5241 | 5668 0000 | 0000 6800 | 0000 0048 | 8924 2441 | c687 6903 | 0000 0148 | 8b43 1048 
  0x0000022e5e0dd2c0: 85c0 7420 | 8b88 cc00 | 0000 83c1 | 0289 88cc | 0000 0023 | 88e0 0000 | 000f 842f | 0800 00e9 
  0x0000022e5e0dd2e0: d100 0000 | 488b 4318 | 4885 c00f | 85b2 0000 | 00e8 0500 | 0000 e99b | 0000 0048 | 8bd3 488d 
  0x0000022e5e0dd300: 4424 084c | 896d c049 | 8bcf c5f8 | 7749 89af | 9802 0000 | 4989 8788 | 0200 0048 | 83ec 20f7 
  0x0000022e5e0dd320: c40f 0000 | 000f 841a | 0000 0048 | 83ec 0849 | baf0 ed0a | 76fb 7f00 | 0041 ffd2 | 4883 c408 
  0x0000022e5e0dd340: e90d 0000 | 0049 baf0 | ed0a 76fb | 7f00 0041 | ffd2 4883 | c420 49c7 | 8788 0200 | 0000 0000 
  0x0000022e5e0dd360: 0049 c787 | 9802 0000 | 0000 0000 | 49c7 8790 | 0200 0000 | 0000 00c5 | f877 4981 | 7f08 0000 
  0x0000022e5e0dd380: 0000 0f84 | 0500 0000 | e973 3bff | ff4c 8b6d | c04c 8b75 | c8c3 488b | 4318 4885 | c00f 8412 
  0x0000022e5e0dd3a0: 0000 008b | 4808 83c1 | 0289 4808 | 2348 200f | 8459 0700 | 0089 8424 | 0090 ffff | 41c6 8769 
  0x0000022e5e0dd3c0: 0300 0000 | 49ba ff92 | 8976 fb7f | 0000 4180 | 3a00 0f84 | 4200 0000 | 488b 55e8 | 498b cf48 
  0x0000022e5e0dd3e0: 83ec 20f7 | c40f 0000 | 000f 841a | 0000 0048 | 83ec 0849 | bad0 9640 | 76fb 7f00 | 0041 ffd2 
  0x0000022e5e0dd400: 4883 c408 | e90d 0000 | 0049 bad0 | 9640 76fb | 7f00 0041 | ffd2 4883 | c420 488b | 5de8 4c8b 
  0x0000022e5e0dd420: 5b08 450f | b75b 2c41 | c1e3 0349 | 2be3 4883 | ec20 4883 | e4f0 4c8b | 5b60 4d85 | db0f 85ad 
  0x0000022e5e0dd440: 0000 00e8 | 0500 0000 | e99b 0000 | 0048 8bd3 | 488d 4424 | 084c 896d | c049 8bcf | c5f8 7749 
  0x0000022e5e0dd460: 89af 9802 | 0000 4989 | 8788 0200 | 0048 83ec | 20f7 c40f | 0000 000f | 841a 0000 | 0048 83ec 
  0x0000022e5e0dd480: 0849 ba60 | 180b 76fb | 7f00 0041 | ffd2 4883 | c408 e90d | 0000 0049 | ba60 180b | 76fb 7f00 
  0x0000022e5e0dd4a0: 0041 ffd2 | 4883 c420 | 49c7 8788 | 0200 0000 | 0000 0049 | c787 9802 | 0000 0000 | 0000 49c7 
  0x0000022e5e0dd4c0: 8790 0200 | 0000 0000 | 00c5 f877 | 4981 7f08 | 0000 0000 | 0f84 0500 | 0000 e921 | 3aff ff4c 
  0x0000022e5e0dd4e0: 8b6d c04c | 8b75 c8c3 | 488b 5de8 | 4c8b 5b60 | 41ff d348 | 8b5d e848 | 8945 1844 | 8b5b 2841 
  0x0000022e5e0dd500: f7c3 0800 | 0000 0f84 | 1b00 0000 | 4c8b 5b08 | 4d8b 5b08 | 4d8b 5b18 | 4d8b 5b70 | 4d8b 1b4c 
  0x0000022e5e0dd520: 895d 1048 | 8d55 1048 | 8b43 5849 | bab0 e540 | 76fb 7f00 | 0049 3bc2 | 0f85 ad00 | 0000 e805 
  0x0000022e5e0dd540: 0000 00e9 | 9b00 0000 | 488b d348 | 8d44 2408 | 4c89 6dc0 | 498b cfc5 | f877 4989 | af98 0200 
  0x0000022e5e0dd560: 0049 8987 | 8802 0000 | 4883 ec20 | f7c4 0f00 | 0000 0f84 | 1a00 0000 | 4883 ec08 | 49ba 6018 
  0x0000022e5e0dd580: 0b76 fb7f | 0000 41ff | d248 83c4 | 08e9 0d00 | 0000 49ba | 6018 0b76 | fb7f 0000 | 41ff d248 
  0x0000022e5e0dd5a0: 83c4 2049 | c787 8802 | 0000 0000 | 0000 49c7 | 8798 0200 | 0000 0000 | 0049 c787 | 9002 0000 
  0x0000022e5e0dd5c0: 0000 0000 | c5f8 7749 | 817f 0800 | 0000 000f | 8405 0000 | 00e9 2639 | ffff 4c8b | 6dc0 4c8b 
  0x0000022e5e0dd5e0: 75c8 c348 | 8b5d e848 | 8b43 5849 | 8d8f a802 | 0000 c5f8 | 7749 89af | 9802 0000 | 49ba f2d5 
  0x0000022e5e0dd600: 0d5e 2e02 | 0000 4d89 | 9790 0200 | 0049 89a7 | 8802 0000 | 41c7 8738 | 0300 0004 | 0000 00ff 
  0x0000022e5e0dd620: d0c5 f877 | 4883 ec10 | c5fb 1104 | 2448 83ec | 1048 8904 | 2448 c744 | 2408 0000 | 0000 41c7 
  0x0000022e5e0dd640: 8738 0300 | 0005 0000 | 00f0 8344 | 24c0 0049 | 3baf 4003 | 0000 0f87 | 1100 0000 | 4181 bf28 
  0x0000022e5e0dd660: 0300 0000 | 0000 000f | 8421 0000 | 0049 8bcf | 4c8b e448 | 83ec 2048 | 83e4 f049 | bad0 e950 
  0x0000022e5e0dd680: 76fb 7f00 | 0041 ffd2 | 498b e44d | 33e4 41c7 | 8738 0300 | 0008 0000 | 0049 c787 | 8802 0000 
  0x0000022e5e0dd6a0: 0000 0000 | 49c7 8798 | 0200 0000 | 0000 0049 | c787 9002 | 0000 0000 | 0000 c5f8 | 774d 8b9f 
  0x0000022e5e0dd6c0: d800 0000 | 41c7 8300 | 0100 0000 | 0000 0049 | bb7b af0d | 5e2e 0200 | 004c 3b5d | 180f 85b9 
  0x0000022e5e0dd6e0: 0000 0048 | 8b04 2448 | 83c4 1048 | 85c0 0f84 | 9300 0000 | 48f7 c001 | 0000 000f | 8483 0000 
  0x0000022e5e0dd700: 0048 8b40 | ff41 807f | 3800 0f84 | 6f00 0000 | 4883 f800 | 0f84 6500 | 0000 4d8b | 5f20 4983 
  0x0000022e5e0dd720: fb00 0f84 | 1400 0000 | 4983 eb08 | 4d89 5f20 | 4d03 5f30 | 4989 03e9 | 4300 0000 | 5049 8bd7 
  0x0000022e5e0dd740: 488b c848 | 83ec 20f7 | c40f 0000 | 000f 841a | 0000 0048 | 83ec 0849 | bac0 1200 | 76fb 7f00 
  0x0000022e5e0dd760: 0041 ffd2 | 4883 c408 | e90d 0000 | 0049 bac0 | 1200 76fb | 7f00 0041 | ffd2 4883 | c420 58e9 
  0x0000022e5e0dd780: 0300 0000 | 488b 0048 | 8945 1048 | 83ec 1048 | 8904 2448 | c744 2408 | 0000 0000 | 4181 bfa8 
  0x0000022e5e0dd7a0: 0300 0002 | 0000 000f | 85c0 0000 | 0048 81ec | 8000 0000 | 4889 4424 | 7848 894c | 2470 4889 
  0x0000022e5e0dd7c0: 5424 6848 | 895c 2460 | 4889 6c24 | 5048 8974 | 2448 4889 | 7c24 404c | 8944 2438 | 4c89 4c24 
  0x0000022e5e0dd7e0: 304c 8954 | 2428 4c89 | 5c24 204c | 8964 2418 | 4c89 6c24 | 104c 8974 | 2408 4c89 | 3c24 4c8b 
  0x0000022e5e0dd800: e448 83ec | 2048 83e4 | f049 ba80 | c740 76fb | 7f00 0041 | ffd2 498b | e44c 8b3c | 244c 8b74 
  0x0000022e5e0dd820: 2408 4c8b | 6c24 104c | 8b64 2418 | 4c8b 5c24 | 204c 8b54 | 2428 4c8b | 4c24 304c | 8b44 2438 
  0x0000022e5e0dd840: 488b 7c24 | 4048 8b74 | 2448 488b | 6c24 5048 | 8b5c 2460 | 488b 5424 | 6848 8b4c | 2470 488b 
  0x0000022e5e0dd860: 4424 7848 | 81c4 8000 | 0000 4d33 | e448 8b5d | e84c 8b6b | 084d 8d6d | 3049 817f | 0800 0000 
  0x0000022e5e0dd880: 000f 84be | 0000 00e8 | 0500 0000 | e998 0000 | 0048 8d44 | 2408 4c89 | 6dc0 498b | cfc5 f877 
  0x0000022e5e0dd8a0: 4989 af98 | 0200 0049 | 8987 8802 | 0000 4883 | ec20 f7c4 | 0f00 0000 | 0f84 1a00 | 0000 4883 
  0x0000022e5e0dd8c0: ec08 49ba | 8036 0b76 | fb7f 0000 | 41ff d248 | 83c4 08e9 | 0d00 0000 | 49ba 8036 | 0b76 fb7f 
  0x0000022e5e0dd8e0: 0000 41ff | d248 83c4 | 2049 c787 | 8802 0000 | 0000 0000 | 49c7 8798 | 0200 0000 | 0000 0049 
  0x0000022e5e0dd900: c787 9002 | 0000 0000 | 0000 c5f8 | 7749 817f | 0800 0000 | 000f 8405 | 0000 00e9 | e035 ffff 
  0x0000022e5e0dd920: 4c8b 6dc0 | 4c8b 75c8 | c348 b918 | 3c65 76fb | 7f00 0048 | 83e4 f049 | baa0 8d2d | 76fb 7f00 
  0x0000022e5e0dd940: 0041 ffd2 | f444 8b5b | 2841 f7c3 | 2000 0000 | 0f84 3f01 | 0000 488d | 55a8 4c8b | 5a08 4d85 
  0x0000022e5e0dd960: db0f 85be | 0000 00e8 | 0500 0000 | e998 0000 | 0048 8d44 | 2408 4c89 | 6dc0 498b | cfc5 f877 
  0x0000022e5e0dd980: 4989 af98 | 0200 0049 | 8987 8802 | 0000 4883 | ec20 f7c4 | 0f00 0000 | 0f84 1a00 | 0000 4883 
  0x0000022e5e0dd9a0: ec08 49ba | a035 0b76 | fb7f 0000 | 41ff d248 | 83c4 08e9 | 0d00 0000 | 49ba a035 | 0b76 fb7f 
  0x0000022e5e0dd9c0: 0000 41ff | d248 83c4 | 2049 c787 | 8802 0000 | 0000 0000 | 49c7 8798 | 0200 0000 | 0000 0049 
  0x0000022e5e0dd9e0: c787 9002 | 0000 0000 | 0000 c5f8 | 7749 817f | 0800 0000 | 000f 8405 | 0000 00e9 | 0035 ffff 
  0x0000022e5e0dda00: 4c8b 6dc0 | 4c8b 75c8 | c348 b918 | 3c65 76fb | 7f00 0048 | 83e4 f049 | baa0 8d2d | 76fb 7f00 
  0x0000022e5e0dda20: 0041 ffd2 | f44c 896d | c048 8d02 | 4c8b 4a08 | 48c7 4208 | 0000 0000 | 4c8b 004d | 85c0 0f84 
  0x0000022e5e0dda40: 4d00 0000 | f04d 0fb1 | 010f 8442 | 0000 004c | 894a 0848 | 8bca 4883 | ec20 f7c4 | 0f00 0000 
  0x0000022e5e0dda60: 0f84 1a00 | 0000 4883 | ec08 49ba | d007 0b76 | fb7f 0000 | 41ff d248 | 83c4 08e9 | 0d00 0000 
  0x0000022e5e0dda80: 49ba d007 | 0b76 fb7f | 0000 41ff | d248 83c4 | 204c 8b6d | c049 baff | 9289 76fb | 7f00 0041 
  0x0000022e5e0ddaa0: 803a 000f | 8442 0000 | 0048 8b55 | e849 8bcf | 4883 ec20 | f7c4 0f00 | 0000 0f84 | 1a00 0000 
  0x0000022e5e0ddac0: 4883 ec08 | 49ba d096 | 4076 fb7f | 0000 41ff | d248 83c4 | 08e9 0d00 | 0000 49ba | d096 4076 
  0x0000022e5e0ddae0: fb7f 0000 | 41ff d248 | 83c4 2048 | 8b04 2448 | 83c4 10c5 | fb10 0424 | 4883 c410 | 4c8b 5d18 
  0x0000022e5e0ddb00: 41ff d34c | 8b5d f8c9 | 5f49 8be3 | ffe7 ba00 | 0000 00e8 | 0500 0000 | e998 0000 | 0048 8d44 
  0x0000022e5e0ddb20: 2408 4c89 | 6dc0 498b | cfc5 f877 | 4989 af98 | 0200 0049 | 8987 8802 | 0000 4883 | ec20 f7c4 
  0x0000022e5e0ddb40: 0f00 0000 | 0f84 1a00 | 0000 4883 | ec08 49ba | d0f8 0a76 | fb7f 0000 | 41ff d248 | 83c4 08e9 
  0x0000022e5e0ddb60: 0d00 0000 | 49ba d0f8 | 0a76 fb7f | 0000 41ff | d248 83c4 | 2049 c787 | 8802 0000 | 0000 0000 
  0x0000022e5e0ddb80: 49c7 8798 | 0200 0000 | 0000 0049 | c787 9002 | 0000 0000 | 0000 c5f8 | 7749 817f | 0800 0000 
  0x0000022e5e0ddba0: 000f 8405 | 0000 00e9 | 5433 ffff | 4c8b 6dc0 | 4c8b 75c8 | c348 8b5d | e8e9 f7f7 | ffff 6690 
[/MachCode]

---------------  P R O C E S S  ---------------

Threads class SMR info:
_java_thread_list=0x0000022e05b36db0, length=24, elements={
0x0000022e79b0bbd0, 0x0000022e79b0d370, 0x0000022e79b27d90, 0x0000022e79b28260,
0x0000022e79b28b40, 0x0000022e79b29010, 0x0000022e79b32040, 0x0000022e79b35b00,
0x0000022e79b3a030, 0x0000022e7a612510, 0x0000022e7a6232b0, 0x0000022e7a630ad0,
0x0000022e7aa7ef20, 0x0000022e7aa80830, 0x0000022e7aa877d0, 0x0000022e7ad7c410,
0x0000022e7ade9ee0, 0x0000022e7ade9a10, 0x0000022e7adea3b0, 0x0000022e7ade8ba0,
0x0000022e7adea880, 0x0000022e7ade8200, 0x0000022e0d449b70, 0x0000022e0d446680
}

Java Threads: ( => current thread )
  0x0000022e79b0bbd0 JavaThread "Reference Handler" daemon [_thread_blocked, id=16676, stack(0x0000007087500000,0x0000007087600000)]
  0x0000022e79b0d370 JavaThread "Finalizer" daemon [_thread_blocked, id=9064, stack(0x0000007087600000,0x0000007087700000)]
  0x0000022e79b27d90 JavaThread "Signal Dispatcher" daemon [_thread_blocked, id=6444, stack(0x0000007087700000,0x0000007087800000)]
  0x0000022e79b28260 JavaThread "Attach Listener" daemon [_thread_blocked, id=21668, stack(0x0000007087800000,0x0000007087900000)]
  0x0000022e79b28b40 JavaThread "Service Thread" daemon [_thread_blocked, id=20820, stack(0x0000007087900000,0x0000007087a00000)]
  0x0000022e79b29010 JavaThread "Monitor Deflation Thread" daemon [_thread_blocked, id=16148, stack(0x0000007087a00000,0x0000007087b00000)]
  0x0000022e79b32040 JavaThread "C2 CompilerThread0" daemon [_thread_blocked, id=6028, stack(0x0000007087b00000,0x0000007087c00000)]
  0x0000022e79b35b00 JavaThread "C1 CompilerThread0" daemon [_thread_blocked, id=21660, stack(0x0000007087c00000,0x0000007087d00000)]
  0x0000022e79b3a030 JavaThread "Sweeper thread" daemon [_thread_blocked, id=8824, stack(0x0000007087d00000,0x0000007087e00000)]
  0x0000022e7a612510 JavaThread "C1 CompilerThread1" daemon [_thread_blocked, id=10872, stack(0x0000007087e00000,0x0000007087f00000)]
  0x0000022e7a6232b0 JavaThread "Notification Thread" daemon [_thread_blocked, id=17996, stack(0x0000007087f00000,0x0000007088000000)]
  0x0000022e7a630ad0 JavaThread "Common-Cleaner" daemon [_thread_blocked, id=2808, stack(0x0000007088100000,0x0000007088200000)]
  0x0000022e7aa7ef20 JavaThread "Java2D Disposer" daemon [_thread_blocked, id=14324, stack(0x0000007088200000,0x0000007088300000)]
  0x0000022e7aa80830 JavaThread "AWT-Shutdown" [_thread_blocked, id=19152, stack(0x0000007088300000,0x0000007088400000)]
  0x0000022e7aa877d0 JavaThread "AWT-Windows" daemon [_thread_in_native, id=16264, stack(0x0000007088400000,0x0000007088500000)]
=>0x0000022e7ad7c410 JavaThread "AWT-EventQueue-0" [_thread_in_Java, id=19188, stack(0x0000007089200000,0x0000007089300000)]
  0x0000022e7ade9ee0 JavaThread "DestroyJavaVM" [_thread_blocked, id=17156, stack(0x0000007086e00000,0x0000007086f00000)]
  0x0000022e7ade9a10 JavaThread "D3D Screen Updater" daemon [_thread_blocked, id=4796, stack(0x0000007089300000,0x0000007089400000)]
  0x0000022e7adea3b0 JavaThread "LWJGL3 Timer" daemon [_thread_blocked, id=11648, stack(0x000000708a900000,0x000000708aa00000)]
  0x0000022e7ade8ba0 JavaThread "Java Sound Event Dispatcher" daemon [_thread_blocked, id=13224, stack(0x000000708ab00000,0x000000708ac00000)]
  0x0000022e7adea880 JavaThread "Direct Clip" daemon [_thread_blocked, id=18116, stack(0x000000708ae00000,0x000000708af00000)]
  0x0000022e7ade8200 JavaThread "Direct Clip" daemon [_thread_blocked, id=16980, stack(0x000000708b200000,0x000000708b300000)]
  0x0000022e0d449b70 JavaThread "Direct Clip" daemon [_thread_blocked, id=13176, stack(0x000000708b500000,0x000000708b600000)]
  0x0000022e0d446680 JavaThread "TimerQueue" daemon [_thread_blocked, id=13000, stack(0x0000007089600000,0x0000007089700000)]

Other Threads:
  0x0000022e79b061c0 VMThread "VM Thread" [stack: 0x0000007087400000,0x0000007087500000] [id=17028]
  0x0000022e7a627260 WatcherThread [stack: 0x0000007088000000,0x0000007088100000] [id=17572]
  0x0000022e5665b870 GCTaskThread "GC Thread#0" [stack: 0x0000007086f00000,0x0000007087000000] [id=19120]
  0x0000022e01f73150 GCTaskThread "GC Thread#1" [stack: 0x0000007089b00000,0x0000007089c00000] [id=5000]
  0x0000022e01f73400 GCTaskThread "GC Thread#2" [stack: 0x0000007089c00000,0x0000007089d00000] [id=18000]
  0x0000022e01f70900 GCTaskThread "GC Thread#3" [stack: 0x0000007089d00000,0x0000007089e00000] [id=20592]
  0x0000022e01f736b0 GCTaskThread "GC Thread#4" [stack: 0x0000007089e00000,0x0000007089f00000] [id=19692]
  0x0000022e01f73960 GCTaskThread "GC Thread#5" [stack: 0x0000007089f00000,0x000000708a000000] [id=20960]
  0x0000022e01f723e0 GCTaskThread "GC Thread#6" [stack: 0x000000708a000000,0x000000708a100000] [id=6764]
  0x0000022e01f71110 GCTaskThread "GC Thread#7" [stack: 0x000000708a100000,0x000000708a200000] [id=16832]
  0x0000022e01f74170 GCTaskThread "GC Thread#8" [stack: 0x000000708a200000,0x000000708a300000] [id=14244]
  0x0000022e01f73c10 GCTaskThread "GC Thread#9" [stack: 0x000000708a300000,0x000000708a400000] [id=16972]
  0x0000022e01f71bd0 GCTaskThread "GC Thread#10" [stack: 0x000000708a400000,0x000000708a500000] [id=8624]
  0x0000022e5666ccd0 ConcurrentGCThread "G1 Main Marker" [stack: 0x0000007087000000,0x0000007087100000] [id=2616]
  0x0000022e5666d5f0 ConcurrentGCThread "G1 Conc#0" [stack: 0x0000007087100000,0x0000007087200000] [id=4968]
  0x0000022e566de8d0 ConcurrentGCThread "G1 Refine#0" [stack: 0x0000007087200000,0x0000007087300000] [id=20724]
  0x0000022e799a60e0 ConcurrentGCThread "G1 Service" [stack: 0x0000007087300000,0x0000007087400000] [id=12876]

Threads with active compile tasks:

VM state: not at safepoint (normal execution)

VM Mutex/Monitor currently owned by a thread: None

Heap address: 0x000000070a000000, size: 3936 MB, Compressed Oops mode: Zero based, Oop shift amount: 3

CDS archive(s) mapped at: [0x0000000800000000-0x0000000800bc0000-0x0000000800bc0000), size 12320768, SharedBaseAddress: 0x0000000800000000, ArchiveRelocationMode: 0.
Compressed class space mapped at: 0x0000000800c00000-0x0000000840c00000, reserved size: 1073741824
Narrow klass base: 0x0000000800000000, Narrow klass shift: 0, Narrow klass range: 0x100000000

GC Precious Log:
 CPUs: 16 total, 16 available
 Memory: 15741M
 Large Page Support: Disabled
 NUMA Support: Disabled
 Compressed Oops: Enabled (Zero based)
 Heap Region Size: 2M
 Heap Min Capacity: 8M
 Heap Initial Capacity: 246M
 Heap Max Capacity: 3936M
 Pre-touch: Disabled
 Parallel Workers: 13
 Concurrent Workers: 3
 Concurrent Refinement Workers: 13
 Periodic GC: Disabled

Heap:
 garbage-first heap   total 251904K, used 93175K [0x000000070a000000, 0x0000000800000000)
  region size 2048K, 42 young (86016K), 6 survivors (12288K)
 Metaspace       used 16714K, committed 16960K, reserved 1064960K
  class space    used 1434K, committed 1536K, reserved 1048576K

Heap Regions: E=young(eden), S=young(survivor), O=old, HS=humongous(starts), HC=humongous(continues), CS=collection set, F=free, OA=open archive, CA=closed archive, TAMS=top-at-mark-start (previous, next)
|   0|0x000000070a000000, 0x000000070a200000, 0x000000070a200000|100%| O|  |TAMS 0x000000070a000000, 0x000000070a000000| Untracked 
|   1|0x000000070a200000, 0x000000070a400000, 0x000000070a400000|100%|HS|  |TAMS 0x000000070a200000, 0x000000070a200000| Complete 
|   2|0x000000070a400000, 0x000000070a600000, 0x000000070a600000|100%|HS|  |TAMS 0x000000070a400000, 0x000000070a400000| Complete 
|   3|0x000000070a600000, 0x000000070a800000, 0x000000070a800000|100%| O|  |TAMS 0x000000070a600000, 0x000000070a600000| Untracked 
|   4|0x000000070a800000, 0x000000070a858200, 0x000000070aa00000| 17%| O|  |TAMS 0x000000070a800000, 0x000000070a800000| Untracked 
|   5|0x000000070aa00000, 0x000000070ac00000, 0x000000070ac00000|100%|HS|  |TAMS 0x000000070aa00000, 0x000000070aa00000| Complete 
|   6|0x000000070ac00000, 0x000000070ae00000, 0x000000070ae00000|100%|HS|  |TAMS 0x000000070ac00000, 0x000000070ac00000| Complete 
|   7|0x000000070ae00000, 0x000000070ae00000, 0x000000070b000000|  0%| F|  |TAMS 0x000000070ae00000, 0x000000070ae00000| Untracked 
|   8|0x000000070b000000, 0x000000070b000000, 0x000000070b200000|  0%| F|  |TAMS 0x000000070b000000, 0x000000070b000000| Untracked 
|   9|0x000000070b200000, 0x000000070b200000, 0x000000070b400000|  0%| F|  |TAMS 0x000000070b200000, 0x000000070b200000| Untracked 
|  10|0x000000070b400000, 0x000000070b400000, 0x000000070b600000|  0%| F|  |TAMS 0x000000070b400000, 0x000000070b400000| Untracked 
|  11|0x000000070b600000, 0x000000070b600000, 0x000000070b800000|  0%| F|  |TAMS 0x000000070b600000, 0x000000070b600000| Untracked 
|  12|0x000000070b800000, 0x000000070b800000, 0x000000070ba00000|  0%| F|  |TAMS 0x000000070b800000, 0x000000070b800000| Untracked 
|  13|0x000000070ba00000, 0x000000070ba00000, 0x000000070bc00000|  0%| F|  |TAMS 0x000000070ba00000, 0x000000070ba00000| Untracked 
|  14|0x000000070bc00000, 0x000000070bc00000, 0x000000070be00000|  0%| F|  |TAMS 0x000000070bc00000, 0x000000070bc00000| Untracked 
|  15|0x000000070be00000, 0x000000070be00000, 0x000000070c000000|  0%| F|  |TAMS 0x000000070be00000, 0x000000070be00000| Untracked 
|  16|0x000000070c000000, 0x000000070c000000, 0x000000070c200000|  0%| F|  |TAMS 0x000000070c000000, 0x000000070c000000| Untracked 
|  17|0x000000070c200000, 0x000000070c200000, 0x000000070c400000|  0%| F|  |TAMS 0x000000070c200000, 0x000000070c200000| Untracked 
|  18|0x000000070c400000, 0x000000070c400000, 0x000000070c600000|  0%| F|  |TAMS 0x000000070c400000, 0x000000070c400000| Untracked 
|  19|0x000000070c600000, 0x000000070c600000, 0x000000070c800000|  0%| F|  |TAMS 0x000000070c600000, 0x000000070c600000| Untracked 
|  20|0x000000070c800000, 0x000000070c800000, 0x000000070ca00000|  0%| F|  |TAMS 0x000000070c800000, 0x000000070c800000| Untracked 
|  21|0x000000070ca00000, 0x000000070ca00000, 0x000000070cc00000|  0%| F|  |TAMS 0x000000070ca00000, 0x000000070ca00000| Untracked 
|  22|0x000000070cc00000, 0x000000070cc00000, 0x000000070ce00000|  0%| F|  |TAMS 0x000000070cc00000, 0x000000070cc00000| Untracked 
|  23|0x000000070ce00000, 0x000000070ce00000, 0x000000070d000000|  0%| F|  |TAMS 0x000000070ce00000, 0x000000070ce00000| Untracked 
|  24|0x000000070d000000, 0x000000070d000000, 0x000000070d200000|  0%| F|  |TAMS 0x000000070d000000, 0x000000070d000000| Untracked 
|  25|0x000000070d200000, 0x000000070d200000, 0x000000070d400000|  0%| F|  |TAMS 0x000000070d200000, 0x000000070d200000| Untracked 
|  26|0x000000070d400000, 0x000000070d400000, 0x000000070d600000|  0%| F|  |TAMS 0x000000070d400000, 0x000000070d400000| Untracked 
|  27|0x000000070d600000, 0x000000070d600000, 0x000000070d800000|  0%| F|  |TAMS 0x000000070d600000, 0x000000070d600000| Untracked 
|  28|0x000000070d800000, 0x000000070d800000, 0x000000070da00000|  0%| F|  |TAMS 0x000000070d800000, 0x000000070d800000| Untracked 
|  29|0x000000070da00000, 0x000000070da00000, 0x000000070dc00000|  0%| F|  |TAMS 0x000000070da00000, 0x000000070da00000| Untracked 
|  30|0x000000070dc00000, 0x000000070dc00000, 0x000000070de00000|  0%| F|  |TAMS 0x000000070dc00000, 0x000000070dc00000| Untracked 
|  31|0x000000070de00000, 0x000000070de00000, 0x000000070e000000|  0%| F|  |TAMS 0x000000070de00000, 0x000000070de00000| Untracked 
|  32|0x000000070e000000, 0x000000070e000000, 0x000000070e200000|  0%| F|  |TAMS 0x000000070e000000, 0x000000070e000000| Untracked 
|  33|0x000000070e200000, 0x000000070e200000, 0x000000070e400000|  0%| F|  |TAMS 0x000000070e200000, 0x000000070e200000| Untracked 
|  34|0x000000070e400000, 0x000000070e400000, 0x000000070e600000|  0%| F|  |TAMS 0x000000070e400000, 0x000000070e400000| Untracked 
|  35|0x000000070e600000, 0x000000070e600000, 0x000000070e800000|  0%| F|  |TAMS 0x000000070e600000, 0x000000070e600000| Untracked 
|  36|0x000000070e800000, 0x000000070e800000, 0x000000070ea00000|  0%| F|  |TAMS 0x000000070e800000, 0x000000070e800000| Untracked 
|  37|0x000000070ea00000, 0x000000070ea00000, 0x000000070ec00000|  0%| F|  |TAMS 0x000000070ea00000, 0x000000070ea00000| Untracked 
|  38|0x000000070ec00000, 0x000000070ec00000, 0x000000070ee00000|  0%| F|  |TAMS 0x000000070ec00000, 0x000000070ec00000| Untracked 
|  39|0x000000070ee00000, 0x000000070ee00000, 0x000000070f000000|  0%| F|  |TAMS 0x000000070ee00000, 0x000000070ee00000| Untracked 
|  40|0x000000070f000000, 0x000000070f000000, 0x000000070f200000|  0%| F|  |TAMS 0x000000070f000000, 0x000000070f000000| Untracked 
|  41|0x000000070f200000, 0x000000070f200000, 0x000000070f400000|  0%| F|  |TAMS 0x000000070f200000, 0x000000070f200000| Untracked 
|  42|0x000000070f400000, 0x000000070f400000, 0x000000070f600000|  0%| F|  |TAMS 0x000000070f400000, 0x000000070f400000| Untracked 
|  43|0x000000070f600000, 0x000000070f600000, 0x000000070f800000|  0%| F|  |TAMS 0x000000070f600000, 0x000000070f600000| Untracked 
|  44|0x000000070f800000, 0x000000070f8a5de0, 0x000000070fa00000| 32%| S|CS|TAMS 0x000000070f800000, 0x000000070f800000| Complete 
|  45|0x000000070fa00000, 0x000000070fc00000, 0x000000070fc00000|100%| S|CS|TAMS 0x000000070fa00000, 0x000000070fa00000| Complete 
|  46|0x000000070fc00000, 0x000000070fe00000, 0x000000070fe00000|100%| S|CS|TAMS 0x000000070fc00000, 0x000000070fc00000| Complete 
|  47|0x000000070fe00000, 0x0000000710000000, 0x0000000710000000|100%| S|CS|TAMS 0x000000070fe00000, 0x000000070fe00000| Complete 
|  48|0x0000000710000000, 0x0000000710200000, 0x0000000710200000|100%| S|CS|TAMS 0x0000000710000000, 0x0000000710000000| Complete 
|  49|0x0000000710200000, 0x0000000710400000, 0x0000000710400000|100%| S|CS|TAMS 0x0000000710200000, 0x0000000710200000| Complete 
|  50|0x0000000710400000, 0x0000000710400000, 0x0000000710600000|  0%| F|  |TAMS 0x0000000710400000, 0x0000000710400000| Untracked 
|  51|0x0000000710600000, 0x0000000710600000, 0x0000000710800000|  0%| F|  |TAMS 0x0000000710600000, 0x0000000710600000| Untracked 
|  52|0x0000000710800000, 0x0000000710800000, 0x0000000710a00000|  0%| F|  |TAMS 0x0000000710800000, 0x0000000710800000| Untracked 
|  53|0x0000000710a00000, 0x0000000710a00000, 0x0000000710c00000|  0%| F|  |TAMS 0x0000000710a00000, 0x0000000710a00000| Untracked 
|  54|0x0000000710c00000, 0x0000000710c00000, 0x0000000710e00000|  0%| F|  |TAMS 0x0000000710c00000, 0x0000000710c00000| Untracked 
|  55|0x0000000710e00000, 0x0000000710e00000, 0x0000000711000000|  0%| F|  |TAMS 0x0000000710e00000, 0x0000000710e00000| Untracked 
|  56|0x0000000711000000, 0x0000000711000000, 0x0000000711200000|  0%| F|  |TAMS 0x0000000711000000, 0x0000000711000000| Untracked 
|  57|0x0000000711200000, 0x0000000711200000, 0x0000000711400000|  0%| F|  |TAMS 0x0000000711200000, 0x0000000711200000| Untracked 
|  58|0x0000000711400000, 0x0000000711400000, 0x0000000711600000|  0%| F|  |TAMS 0x0000000711400000, 0x0000000711400000| Untracked 
|  59|0x0000000711600000, 0x0000000711600000, 0x0000000711800000|  0%| F|  |TAMS 0x0000000711600000, 0x0000000711600000| Untracked 
|  60|0x0000000711800000, 0x0000000711800000, 0x0000000711a00000|  0%| F|  |TAMS 0x0000000711800000, 0x0000000711800000| Untracked 
|  61|0x0000000711a00000, 0x0000000711a00000, 0x0000000711c00000|  0%| F|  |TAMS 0x0000000711a00000, 0x0000000711a00000| Untracked 
|  62|0x0000000711c00000, 0x0000000711c00000, 0x0000000711e00000|  0%| F|  |TAMS 0x0000000711c00000, 0x0000000711c00000| Untracked 
|  63|0x0000000711e00000, 0x0000000711e00000, 0x0000000712000000|  0%| F|  |TAMS 0x0000000711e00000, 0x0000000711e00000| Untracked 
|  64|0x0000000712000000, 0x0000000712000000, 0x0000000712200000|  0%| F|  |TAMS 0x0000000712000000, 0x0000000712000000| Untracked 
|  65|0x0000000712200000, 0x0000000712200000, 0x0000000712400000|  0%| F|  |TAMS 0x0000000712200000, 0x0000000712200000| Untracked 
|  66|0x0000000712400000, 0x0000000712400000, 0x0000000712600000|  0%| F|  |TAMS 0x0000000712400000, 0x0000000712400000| Untracked 
|  67|0x0000000712600000, 0x0000000712600000, 0x0000000712800000|  0%| F|  |TAMS 0x0000000712600000, 0x0000000712600000| Untracked 
|  68|0x0000000712800000, 0x0000000712800000, 0x0000000712a00000|  0%| F|  |TAMS 0x0000000712800000, 0x0000000712800000| Untracked 
|  69|0x0000000712a00000, 0x0000000712a00000, 0x0000000712c00000|  0%| F|  |TAMS 0x0000000712a00000, 0x0000000712a00000| Untracked 
|  70|0x0000000712c00000, 0x0000000712c00000, 0x0000000712e00000|  0%| F|  |TAMS 0x0000000712c00000, 0x0000000712c00000| Untracked 
|  71|0x0000000712e00000, 0x0000000712e00000, 0x0000000713000000|  0%| F|  |TAMS 0x0000000712e00000, 0x0000000712e00000| Untracked 
|  72|0x0000000713000000, 0x0000000713000000, 0x0000000713200000|  0%| F|  |TAMS 0x0000000713000000, 0x0000000713000000| Untracked 
|  73|0x0000000713200000, 0x0000000713200000, 0x0000000713400000|  0%| F|  |TAMS 0x0000000713200000, 0x0000000713200000| Untracked 
|  74|0x0000000713400000, 0x0000000713400000, 0x0000000713600000|  0%| F|  |TAMS 0x0000000713400000, 0x0000000713400000| Untracked 
|  75|0x0000000713600000, 0x0000000713600000, 0x0000000713800000|  0%| F|  |TAMS 0x0000000713600000, 0x0000000713600000| Untracked 
|  76|0x0000000713800000, 0x0000000713800000, 0x0000000713a00000|  0%| F|  |TAMS 0x0000000713800000, 0x0000000713800000| Untracked 
|  77|0x0000000713a00000, 0x0000000713a00000, 0x0000000713c00000|  0%| F|  |TAMS 0x0000000713a00000, 0x0000000713a00000| Untracked 
|  78|0x0000000713c00000, 0x0000000713c00000, 0x0000000713e00000|  0%| F|  |TAMS 0x0000000713c00000, 0x0000000713c00000| Untracked 
|  79|0x0000000713e00000, 0x0000000713e00000, 0x0000000714000000|  0%| F|  |TAMS 0x0000000713e00000, 0x0000000713e00000| Untracked 
|  80|0x0000000714000000, 0x0000000714000000, 0x0000000714200000|  0%| F|  |TAMS 0x0000000714000000, 0x0000000714000000| Untracked 
|  81|0x0000000714200000, 0x0000000714200000, 0x0000000714400000|  0%| F|  |TAMS 0x0000000714200000, 0x0000000714200000| Untracked 
|  82|0x0000000714400000, 0x0000000714400000, 0x0000000714600000|  0%| F|  |TAMS 0x0000000714400000, 0x0000000714400000| Untracked 
|  83|0x0000000714600000, 0x0000000714600000, 0x0000000714800000|  0%| F|  |TAMS 0x0000000714600000, 0x0000000714600000| Untracked 
|  84|0x0000000714800000, 0x0000000714800000, 0x0000000714a00000|  0%| F|  |TAMS 0x0000000714800000, 0x0000000714800000| Untracked 
|  85|0x0000000714a00000, 0x0000000714a00000, 0x0000000714c00000|  0%| F|  |TAMS 0x0000000714a00000, 0x0000000714a00000| Untracked 
|  86|0x0000000714c00000, 0x0000000714c00000, 0x0000000714e00000|  0%| F|  |TAMS 0x0000000714c00000, 0x0000000714c00000| Untracked 
|  87|0x0000000714e00000, 0x0000000715000000, 0x0000000715000000|100%| E|  |TAMS 0x0000000714e00000, 0x0000000714e00000| Complete 
|  88|0x0000000715000000, 0x0000000715200000, 0x0000000715200000|100%| E|CS|TAMS 0x0000000715000000, 0x0000000715000000| Complete 
|  89|0x0000000715200000, 0x0000000715400000, 0x0000000715400000|100%| E|CS|TAMS 0x0000000715200000, 0x0000000715200000| Complete 
|  90|0x0000000715400000, 0x0000000715600000, 0x0000000715600000|100%| E|CS|TAMS 0x0000000715400000, 0x0000000715400000| Complete 
|  91|0x0000000715600000, 0x0000000715800000, 0x0000000715800000|100%| E|  |TAMS 0x0000000715600000, 0x0000000715600000| Complete 
|  92|0x0000000715800000, 0x0000000715a00000, 0x0000000715a00000|100%| E|CS|TAMS 0x0000000715800000, 0x0000000715800000| Complete 
|  93|0x0000000715a00000, 0x0000000715c00000, 0x0000000715c00000|100%| E|CS|TAMS 0x0000000715a00000, 0x0000000715a00000| Complete 
|  94|0x0000000715c00000, 0x0000000715e00000, 0x0000000715e00000|100%| E|CS|TAMS 0x0000000715c00000, 0x0000000715c00000| Complete 
|  95|0x0000000715e00000, 0x0000000716000000, 0x0000000716000000|100%| E|CS|TAMS 0x0000000715e00000, 0x0000000715e00000| Complete 
|  96|0x0000000716000000, 0x0000000716200000, 0x0000000716200000|100%| E|CS|TAMS 0x0000000716000000, 0x0000000716000000| Complete 
|  97|0x0000000716200000, 0x0000000716400000, 0x0000000716400000|100%| E|CS|TAMS 0x0000000716200000, 0x0000000716200000| Complete 
|  98|0x0000000716400000, 0x0000000716600000, 0x0000000716600000|100%| E|CS|TAMS 0x0000000716400000, 0x0000000716400000| Complete 
|  99|0x0000000716600000, 0x0000000716800000, 0x0000000716800000|100%| E|CS|TAMS 0x0000000716600000, 0x0000000716600000| Complete 
| 100|0x0000000716800000, 0x0000000716a00000, 0x0000000716a00000|100%| E|CS|TAMS 0x0000000716800000, 0x0000000716800000| Complete 
| 101|0x0000000716a00000, 0x0000000716c00000, 0x0000000716c00000|100%| E|CS|TAMS 0x0000000716a00000, 0x0000000716a00000| Complete 
| 102|0x0000000716c00000, 0x0000000716e00000, 0x0000000716e00000|100%| E|CS|TAMS 0x0000000716c00000, 0x0000000716c00000| Complete 
| 103|0x0000000716e00000, 0x0000000717000000, 0x0000000717000000|100%| E|CS|TAMS 0x0000000716e00000, 0x0000000716e00000| Complete 
| 104|0x0000000717000000, 0x0000000717200000, 0x0000000717200000|100%| E|CS|TAMS 0x0000000717000000, 0x0000000717000000| Complete 
| 105|0x0000000717200000, 0x0000000717400000, 0x0000000717400000|100%| E|CS|TAMS 0x0000000717200000, 0x0000000717200000| Complete 
| 106|0x0000000717400000, 0x0000000717600000, 0x0000000717600000|100%| E|CS|TAMS 0x0000000717400000, 0x0000000717400000| Complete 
| 107|0x0000000717600000, 0x0000000717800000, 0x0000000717800000|100%| E|CS|TAMS 0x0000000717600000, 0x0000000717600000| Complete 
| 108|0x0000000717800000, 0x0000000717a00000, 0x0000000717a00000|100%| E|CS|TAMS 0x0000000717800000, 0x0000000717800000| Complete 
| 109|0x0000000717a00000, 0x0000000717c00000, 0x0000000717c00000|100%| E|CS|TAMS 0x0000000717a00000, 0x0000000717a00000| Complete 
| 110|0x0000000717c00000, 0x0000000717e00000, 0x0000000717e00000|100%| E|CS|TAMS 0x0000000717c00000, 0x0000000717c00000| Complete 
| 111|0x0000000717e00000, 0x0000000718000000, 0x0000000718000000|100%| E|CS|TAMS 0x0000000717e00000, 0x0000000717e00000| Complete 
| 112|0x0000000718000000, 0x0000000718200000, 0x0000000718200000|100%| E|CS|TAMS 0x0000000718000000, 0x0000000718000000| Complete 
| 113|0x0000000718200000, 0x0000000718400000, 0x0000000718400000|100%| E|CS|TAMS 0x0000000718200000, 0x0000000718200000| Complete 
| 114|0x0000000718400000, 0x0000000718600000, 0x0000000718600000|100%| E|CS|TAMS 0x0000000718400000, 0x0000000718400000| Complete 
| 115|0x0000000718600000, 0x0000000718800000, 0x0000000718800000|100%| E|CS|TAMS 0x0000000718600000, 0x0000000718600000| Complete 
| 116|0x0000000718800000, 0x0000000718a00000, 0x0000000718a00000|100%| E|CS|TAMS 0x0000000718800000, 0x0000000718800000| Complete 
| 117|0x0000000718a00000, 0x0000000718c00000, 0x0000000718c00000|100%| E|CS|TAMS 0x0000000718a00000, 0x0000000718a00000| Complete 
| 118|0x0000000718c00000, 0x0000000718e00000, 0x0000000718e00000|100%| E|CS|TAMS 0x0000000718c00000, 0x0000000718c00000| Complete 
| 119|0x0000000718e00000, 0x0000000719000000, 0x0000000719000000|100%| E|CS|TAMS 0x0000000718e00000, 0x0000000718e00000| Complete 
| 120|0x0000000719000000, 0x0000000719200000, 0x0000000719200000|100%| E|CS|TAMS 0x0000000719000000, 0x0000000719000000| Complete 
| 121|0x0000000719200000, 0x0000000719400000, 0x0000000719400000|100%| E|CS|TAMS 0x0000000719200000, 0x0000000719200000| Complete 
| 122|0x0000000719400000, 0x0000000719600000, 0x0000000719600000|100%| E|CS|TAMS 0x0000000719400000, 0x0000000719400000| Complete 

Card table byte_map: [0x0000022e6e100000,0x0000022e6e8b0000] _byte_map_base: 0x0000022e6a8b0000

Marking Bits (Prev, Next): (CMBitMap*) 0x0000022e5665cda0, (CMBitMap*) 0x0000022e5665cde0
 Prev Bits: [0x0000022e6f060000, 0x0000022e72de0000)
 Next Bits: [0x0000022e72de0000, 0x0000022e76b60000)

Polling page: 0x0000022e545d0000

Metaspace:

Usage:
  Non-class:     14.92 MB used.
      Class:      1.40 MB used.
       Both:     16.32 MB used.

Virtual space:
  Non-class space:       16.00 MB reserved,      15.06 MB ( 94%) committed,  2 nodes.
      Class space:        1.00 GB reserved,       1.50 MB ( <1%) committed,  1 nodes.
             Both:        1.02 GB reserved,      16.56 MB (  2%) committed. 

Chunk freelists:
   Non-Class:  958.00 KB
       Class:  2.53 MB
        Both:  3.47 MB

MaxMetaspaceSize: unlimited
CompressedClassSpaceSize: 1.00 GB
Initial GC threshold: 21.00 MB
Current GC threshold: 21.00 MB
CDS: on
MetaspaceReclaimPolicy: balanced
 - commit_granule_bytes: 65536.
 - commit_granule_words: 8192.
 - virtual_space_node_default_size: 1048576.
 - enlarge_chunks_in_place: 1.
 - new_chunks_are_fully_committed: 0.
 - uncommit_free_chunks: 1.
 - use_allocation_guard: 0.
 - handle_deallocations: 1.


Internal statistics:

num_allocs_failed_limit: 0.
num_arena_births: 150.
num_arena_deaths: 0.
num_vsnodes_births: 3.
num_vsnodes_deaths: 0.
num_space_committed: 263.
num_space_uncommitted: 0.
num_chunks_returned_to_freelist: 0.
num_chunks_taken_from_freelist: 423.
num_chunk_merges: 0.
num_chunk_splits: 310.
num_chunks_enlarged: 230.
num_purges: 0.
num_inconsistent_stats: 0.

CodeHeap 'non-profiled nmethods': size=119168Kb used=1676Kb max_used=1676Kb free=117491Kb
 bounds [0x0000022e65c70000, 0x0000022e65ee0000, 0x0000022e6d0d0000]
CodeHeap 'profiled nmethods': size=119104Kb used=6386Kb max_used=6386Kb free=112717Kb
 bounds [0x0000022e5e820000, 0x0000022e5ee60000, 0x0000022e65c70000]
CodeHeap 'non-nmethods': size=7488Kb used=2353Kb max_used=3501Kb free=5134Kb
 bounds [0x0000022e5e0d0000, 0x0000022e5e450000, 0x0000022e5e820000]
 total_blobs=4615 nmethods=3344 adapters=1182
 compilation: enabled
              stopped_count=0, restarted_count=0
 full_count=0

Compilation events (20 events):
Event: 19.183 Thread 0x0000022e7a612510 3335   !   3       sun.awt.image.MultiResolutionToolkitImage::getResolutionVariantObserver (45 bytes)
Event: 19.183 Thread 0x0000022e79b35b00 3336       3       java.awt.Rectangle::<init> (9 bytes)
Event: 19.183 Thread 0x0000022e79b35b00 nmethod 3336 0x0000022e5ee53e90 code [0x0000022e5ee54040, 0x0000022e5ee542f8]
Event: 19.184 Thread 0x0000022e7a612510 nmethod 3335 0x0000022e5ee54410 code [0x0000022e5ee54600, 0x0000022e5ee54c58]
Event: 19.244 Thread 0x0000022e7a612510 3337       1       java.awt.Window::getContainer (2 bytes)
Event: 19.244 Thread 0x0000022e7a612510 nmethod 3337 0x0000022e65e12e10 code [0x0000022e65e12fa0, 0x0000022e65e13078]
Event: 19.245 Thread 0x0000022e7a612510 3338       3       java.util.WeakHashMap::matchesKey (33 bytes)
Event: 19.245 Thread 0x0000022e79b35b00 3339       3       java.awt.Container::hasHeavyweightDescendants (17 bytes)
Event: 19.245 Thread 0x0000022e79b35b00 nmethod 3339 0x0000022e5ee54f90 code [0x0000022e5ee55160, 0x0000022e5ee554b8]
Event: 19.245 Thread 0x0000022e7a612510 nmethod 3338 0x0000022e5ee55610 code [0x0000022e5ee557e0, 0x0000022e5ee55cb8]
Event: 19.245 Thread 0x0000022e79b35b00 3340       3       java.awt.Component::isMixingNeeded (165 bytes)
Event: 19.245 Thread 0x0000022e7a612510 3341  s    3       sun.awt.SunToolkit::getSunAwtDisableMixing (32 bytes)
Event: 19.246 Thread 0x0000022e7a612510 nmethod 3341 0x0000022e5ee55e10 code [0x0000022e5ee56060, 0x0000022e5ee56a68]
Event: 19.246 Thread 0x0000022e7a612510 3342       3       java.awt.Component::areBoundsValid (29 bytes)
Event: 19.246 Thread 0x0000022e7a612510 nmethod 3342 0x0000022e5ee56e10 code [0x0000022e5ee56fc0, 0x0000022e5ee57488]
Event: 19.246 Thread 0x0000022e7a612510 3343       3       java.lang.reflect.Field::getInt (29 bytes)
Event: 19.246 Thread 0x0000022e79b35b00 nmethod 3340 0x0000022e5ee57590 code [0x0000022e5ee57b60, 0x0000022e5ee5b048]
Event: 19.246 Thread 0x0000022e79b35b00 3344       3       jdk.internal.reflect.UnsafeQualifiedStaticIntegerFieldAccessorImpl::getInt (15 bytes)
Event: 19.246 Thread 0x0000022e79b35b00 nmethod 3344 0x0000022e5ee5be10 code [0x0000022e5ee5bfa0, 0x0000022e5ee5c0b8]
Event: 19.247 Thread 0x0000022e7a612510 nmethod 3343 0x0000022e5ee5c190 code [0x0000022e5ee5c360, 0x0000022e5ee5c738]

GC Heap History (6 events):
Event: 1.691 GC heap before
{Heap before GC invocations=0 (full 0):
 garbage-first heap   total 251904K, used 20480K [0x000000070a000000, 0x0000000800000000)
  region size 2048K, 11 young (22528K), 0 survivors (0K)
 Metaspace       used 11055K, committed 11264K, reserved 1064960K
  class space    used 1005K, committed 1088K, reserved 1048576K
}
Event: 1.695 GC heap after
{Heap after GC invocations=1 (full 0):
 garbage-first heap   total 251904K, used 4591K [0x000000070a000000, 0x0000000800000000)
  region size 2048K, 2 young (4096K), 2 survivors (4096K)
 Metaspace       used 11055K, committed 11264K, reserved 1064960K
  class space    used 1005K, committed 1088K, reserved 1048576K
}
Event: 1.929 GC heap before
{Heap before GC invocations=1 (full 0):
 garbage-first heap   total 251904K, used 35311K [0x000000070a000000, 0x0000000800000000)
  region size 2048K, 15 young (30720K), 2 survivors (4096K)
 Metaspace       used 13815K, committed 14016K, reserved 1064960K
  class space    used 1184K, committed 1280K, reserved 1048576K
}
Event: 1.932 GC heap after
{Heap after GC invocations=2 (full 0):
 garbage-first heap   total 251904K, used 10357K [0x000000070a000000, 0x0000000800000000)
  region size 2048K, 1 young (2048K), 1 survivors (2048K)
 Metaspace       used 13815K, committed 14016K, reserved 1064960K
  class space    used 1184K, committed 1280K, reserved 1048576K
}
Event: 3.823 GC heap before
{Heap before GC invocations=2 (full 0):
 garbage-first heap   total 251904K, used 157813K [0x000000070a000000, 0x0000000800000000)
  region size 2048K, 73 young (149504K), 1 survivors (2048K)
 Metaspace       used 14474K, committed 14656K, reserved 1064960K
  class space    used 1226K, committed 1344K, reserved 1048576K
}
Event: 3.828 GC heap after
{Heap after GC invocations=3 (full 0):
 garbage-first heap   total 251904K, used 19447K [0x000000070a000000, 0x0000000800000000)
  region size 2048K, 6 young (12288K), 6 survivors (12288K)
 Metaspace       used 14474K, committed 14656K, reserved 1064960K
  class space    used 1226K, committed 1344K, reserved 1048576K
}

Deoptimization events (20 events):
Event: 11.164 Thread 0x0000022e7ad7c410 Uncommon trap: trap_request=0xffffffde fr.pc=0x0000022e65cbe2fc relative=0x00000000000002bc
Event: 11.164 Thread 0x0000022e7ad7c410 Uncommon trap: reason=class_check action=maybe_recompile pc=0x0000022e65cbe2fc method=java.util.HashMap.getNode(Ljava/lang/Object;)Ljava/util/HashMap$Node; @ 128 c2
Event: 11.164 Thread 0x0000022e7ad7c410 DEOPT PACKING pc=0x0000022e65cbe2fc sp=0x00000070892fde90
Event: 11.164 Thread 0x0000022e7ad7c410 DEOPT UNPACKING pc=0x0000022e5e1223a3 sp=0x00000070892fdd98 mode 2
Event: 11.164 Thread 0x0000022e7ad7c410 Uncommon trap: trap_request=0xffffffde fr.pc=0x0000022e65cbe2fc relative=0x00000000000002bc
Event: 11.164 Thread 0x0000022e7ad7c410 Uncommon trap: reason=class_check action=maybe_recompile pc=0x0000022e65cbe2fc method=java.util.HashMap.getNode(Ljava/lang/Object;)Ljava/util/HashMap$Node; @ 128 c2
Event: 11.164 Thread 0x0000022e7ad7c410 DEOPT PACKING pc=0x0000022e65cbe2fc sp=0x00000070892fdc80
Event: 11.164 Thread 0x0000022e7ad7c410 DEOPT UNPACKING pc=0x0000022e5e1223a3 sp=0x00000070892fdb88 mode 2
Event: 11.164 Thread 0x0000022e7ad7c410 Uncommon trap: trap_request=0xffffffde fr.pc=0x0000022e65cbe2fc relative=0x00000000000002bc
Event: 11.164 Thread 0x0000022e7ad7c410 Uncommon trap: reason=class_check action=maybe_recompile pc=0x0000022e65cbe2fc method=java.util.HashMap.getNode(Ljava/lang/Object;)Ljava/util/HashMap$Node; @ 128 c2
Event: 11.164 Thread 0x0000022e7ad7c410 DEOPT PACKING pc=0x0000022e65cbe2fc sp=0x00000070892fde90
Event: 11.164 Thread 0x0000022e7ad7c410 DEOPT UNPACKING pc=0x0000022e5e1223a3 sp=0x00000070892fdd98 mode 2
Event: 11.164 Thread 0x0000022e7ad7c410 Uncommon trap: trap_request=0xffffffde fr.pc=0x0000022e65cbe2fc relative=0x00000000000002bc
Event: 11.164 Thread 0x0000022e7ad7c410 Uncommon trap: reason=class_check action=maybe_recompile pc=0x0000022e65cbe2fc method=java.util.HashMap.getNode(Ljava/lang/Object;)Ljava/util/HashMap$Node; @ 128 c2
Event: 11.164 Thread 0x0000022e7ad7c410 DEOPT PACKING pc=0x0000022e65cbe2fc sp=0x00000070892fdc90
Event: 11.164 Thread 0x0000022e7ad7c410 DEOPT UNPACKING pc=0x0000022e5e1223a3 sp=0x00000070892fdb98 mode 2
Event: 11.165 Thread 0x0000022e7ad7c410 Uncommon trap: trap_request=0xffffffde fr.pc=0x0000022e65cb5800 relative=0x00000000000002c0
Event: 11.165 Thread 0x0000022e7ad7c410 Uncommon trap: reason=class_check action=maybe_recompile pc=0x0000022e65cb5800 method=java.util.HashMap.getNode(Ljava/lang/Object;)Ljava/util/HashMap$Node; @ 128 c2
Event: 11.165 Thread 0x0000022e7ad7c410 DEOPT PACKING pc=0x0000022e65cb5800 sp=0x00000070892fde30
Event: 11.165 Thread 0x0000022e7ad7c410 DEOPT UNPACKING pc=0x0000022e5e1223a3 sp=0x00000070892fdda8 mode 2

Classes unloaded (0 events):
No events

Classes redefined (0 events):
No events

Internal exceptions (20 events):
Event: 0.251 Thread 0x0000022e566039b0 Exception <a 'java/lang/ClassNotFoundException'{0x0000000718efbb68}: com/sun/swing/internal/plaf/basic/resources/spi/basicProvider> (0x0000000718efbb68) 
thrown [e:\jenkins\tmp\workspace\build\src\src\hotspot\share\classfile\systemDictionary.cpp, line 256]
Event: 0.262 Thread 0x0000022e7ad657d0 Exception <a 'java/lang/NoSuchMethodError'{0x0000000718f5f708}: 'java.lang.Object java.lang.invoke.DirectMethodHandle$Holder.newInvokeSpecial(java.lang.Object, java.lang.Object, java.lang.Object, int, int, int, int, int)'> (0x0000000718f5f708) 
thrown [e:\jenkins\tmp\workspace\build\src\src\hotspot\share\interpreter\linkResolver.cpp, line 766]
Event: 0.281 Thread 0x0000022e7aa877d0 Exception <a 'java/lang/NoSuchMethodError'{0x0000000719167e50}: 'void java.lang.invoke.DirectMethodHandle$Holder.invokeVirtual(java.lang.Object, java.lang.Object)'> (0x0000000719167e50) 
thrown [e:\jenkins\tmp\workspace\build\src\src\hotspot\share\interpreter\linkResolver.cpp, line 766]
Event: 0.291 Thread 0x0000022e566039b0 Exception <a 'java/lang/NoSuchMethodError'{0x0000000718f4b780}: 'void java.lang.invoke.DirectMethodHandle$Holder.invokeStaticInit(java.lang.Object)'> (0x0000000718f4b780) 
thrown [e:\jenkins\tmp\workspace\build\src\src\hotspot\share\interpreter\linkResolver.cpp, line 766]
Event: 1.119 Thread 0x0000022e7ad7c410 Exception <a 'java/lang/NoSuchMethodError'{0x00000007189669b0}: 'void java.lang.invoke.DirectMethodHandle$Holder.invokeStatic(java.lang.Object, java.lang.Object)'> (0x00000007189669b0) 
thrown [e:\jenkins\tmp\workspace\build\src\src\hotspot\share\interpreter\linkResolver.cpp, line 766]
Event: 1.120 Thread 0x0000022e7ad7c410 Exception <a 'java/lang/NoSuchMethodError'{0x0000000718976880}: 'java.lang.Object java.lang.invoke.DirectMethodHandle$Holder.invokeStatic(java.lang.Object, java.lang.Object, int)'> (0x0000000718976880) 
thrown [e:\jenkins\tmp\workspace\build\src\src\hotspot\share\interpreter\linkResolver.cpp, line 766]
Event: 1.121 Thread 0x0000022e7ad7c410 Exception <a 'java/lang/NoSuchMethodError'{0x0000000718981de8}: 'void java.lang.invoke.DelegatingMethodHandle$Holder.delegate(java.lang.Object, java.lang.Object, int, java.lang.Object)'> (0x0000000718981de8) 
thrown [e:\jenkins\tmp\workspace\build\src\src\hotspot\share\interpreter\linkResolver.cpp, line 766]
Event: 1.121 Thread 0x0000022e7ad7c410 Exception <a 'java/lang/NoSuchMethodError'{0x00000007189861d8}: 'int java.lang.invoke.DirectMethodHandle$Holder.invokeSpecial(java.lang.Object, java.lang.Object, java.lang.Object)'> (0x00000007189861d8) 
thrown [e:\jenkins\tmp\workspace\build\src\src\hotspot\share\interpreter\linkResolver.cpp, line 766]
Event: 1.143 Thread 0x0000022e7ad7c410 Exception <a 'sun/nio/fs/WindowsException'{0x0000000718627468}> (0x0000000718627468) 
thrown [e:\jenkins\tmp\workspace\build\src\src\hotspot\share\prims\jni.cpp, line 516]
Event: 1.143 Thread 0x0000022e7ad7c410 Exception <a 'sun/nio/fs/WindowsException'{0x00000007186279c0}> (0x00000007186279c0) 
thrown [e:\jenkins\tmp\workspace\build\src\src\hotspot\share\prims\jni.cpp, line 516]
Event: 1.160 Thread 0x0000022e7ad7c410 Exception <a 'sun/nio/fs/WindowsException'{0x00000007186d7a40}> (0x00000007186d7a40) 
thrown [e:\jenkins\tmp\workspace\build\src\src\hotspot\share\prims\jni.cpp, line 516]
Event: 1.160 Thread 0x0000022e7ad7c410 Exception <a 'sun/nio/fs/WindowsException'{0x00000007186d7de0}> (0x00000007186d7de0) 
thrown [e:\jenkins\tmp\workspace\build\src\src\hotspot\share\prims\jni.cpp, line 516]
Event: 1.176 Thread 0x0000022e7ad7c410 Exception <a 'sun/nio/fs/WindowsException'{0x0000000718788330}> (0x0000000718788330) 
thrown [e:\jenkins\tmp\workspace\build\src\src\hotspot\share\prims\jni.cpp, line 516]
Event: 1.176 Thread 0x0000022e7ad7c410 Exception <a 'sun/nio/fs/WindowsException'{0x00000007187886a0}> (0x00000007187886a0) 
thrown [e:\jenkins\tmp\workspace\build\src\src\hotspot\share\prims\jni.cpp, line 516]
Event: 1.209 Thread 0x0000022e7ad7c410 Exception <a 'sun/nio/fs/WindowsException'{0x000000071840c700}> (0x000000071840c700) 
thrown [e:\jenkins\tmp\workspace\build\src\src\hotspot\share\prims\jni.cpp, line 516]
Event: 1.209 Thread 0x0000022e7ad7c410 Exception <a 'sun/nio/fs/WindowsException'{0x000000071840ca88}> (0x000000071840ca88) 
thrown [e:\jenkins\tmp\workspace\build\src\src\hotspot\share\prims\jni.cpp, line 516]
Event: 1.622 Thread 0x0000022e7ad7c410 Exception <a 'sun/nio/fs/WindowsException'{0x00000007185ee768}> (0x00000007185ee768) 
thrown [e:\jenkins\tmp\workspace\build\src\src\hotspot\share\prims\jni.cpp, line 516]
Event: 1.622 Thread 0x0000022e7ad7c410 Exception <a 'sun/nio/fs/WindowsException'{0x00000007185eeb18}> (0x00000007185eeb18) 
thrown [e:\jenkins\tmp\workspace\build\src\src\hotspot\share\prims\jni.cpp, line 516]
Event: 1.624 Thread 0x0000022e7ad7c410 Exception <a 'sun/nio/fs/WindowsException'{0x00000007185face8}> (0x00000007185face8) 
thrown [e:\jenkins\tmp\workspace\build\src\src\hotspot\share\prims\jni.cpp, line 516]
Event: 1.624 Thread 0x0000022e7ad7c410 Exception <a 'sun/nio/fs/WindowsException'{0x00000007185fafd0}> (0x00000007185fafd0) 
thrown [e:\jenkins\tmp\workspace\build\src\src\hotspot\share\prims\jni.cpp, line 516]

VM Operations (20 events):
Event: 6.534 Executing VM operation: ICBufferFull
Event: 6.534 Executing VM operation: ICBufferFull done
Event: 7.534 Executing VM operation: Cleanup
Event: 7.534 Executing VM operation: Cleanup done
Event: 9.534 Executing VM operation: Cleanup
Event: 9.535 Executing VM operation: Cleanup done
Event: 11.154 Executing VM operation: HandshakeAllThreads
Event: 11.155 Executing VM operation: HandshakeAllThreads done
Event: 11.155 Executing VM operation: Cleanup
Event: 11.155 Executing VM operation: Cleanup done
Event: 12.155 Executing VM operation: Cleanup
Event: 12.155 Executing VM operation: Cleanup done
Event: 14.156 Executing VM operation: Cleanup
Event: 14.156 Executing VM operation: Cleanup done
Event: 15.157 Executing VM operation: Cleanup
Event: 15.157 Executing VM operation: Cleanup done
Event: 16.158 Executing VM operation: Cleanup
Event: 16.158 Executing VM operation: Cleanup done
Event: 18.158 Executing VM operation: Cleanup
Event: 18.158 Executing VM operation: Cleanup done

Events (20 events):
Event: 11.229 loading class java/util/concurrent/DelayQueue done
Event: 11.229 loading class java/util/PriorityQueue
Event: 11.229 loading class java/util/PriorityQueue done
Event: 11.230 Thread 0x0000022e0d446680 Thread added: 0x0000022e0d446680
Event: 11.230 loading class javax/swing/TimerQueue$DelayedTimer
Event: 11.230 loading class java/util/concurrent/Delayed
Event: 11.230 loading class java/util/concurrent/Delayed done
Event: 11.230 loading class javax/swing/TimerQueue$DelayedTimer done
Event: 11.230 loading class java/util/concurrent/TimeUnit$1
Event: 11.230 loading class java/util/concurrent/TimeUnit$1 done
Event: 11.652 Thread 0x0000022e7adead50 Thread exited: 0x0000022e7adead50
Event: 11.732 loading class javax/swing/Timer$1
Event: 11.732 loading class javax/swing/Timer$1 done
Event: 11.733 Thread 0x0000022e05807fc0 Thread exited: 0x0000022e05807fc0
Event: 12.947 loading class javax/swing/CellRendererPane
Event: 12.948 loading class javax/swing/CellRendererPane done
Event: 12.948 loading class javax/swing/RepaintManager$3
Event: 12.948 loading class javax/swing/RepaintManager$3 done
Event: 18.464 loading class javax/swing/Autoscroller
Event: 18.464 loading class javax/swing/Autoscroller done


Dynamic libraries:
0x00007ff608810000 - 0x00007ff60881e000 	C:\Program Files\Eclipse Adoptium\jdk-17.0.1.12-hotspot\bin\java.exe
0x00007ffbdc270000 - 0x00007ffbdc465000 	C:\Windows\SYSTEM32\ntdll.dll
0x00007ffbdba20000 - 0x00007ffbdbade000 	C:\Windows\System32\KERNEL32.DLL
0x00007ffbd9f30000 - 0x00007ffbda1f8000 	C:\Windows\System32\KERNELBASE.dll
0x00007ffbd9e30000 - 0x00007ffbd9f30000 	C:\Windows\System32\ucrtbase.dll
0x00007ffbd53e0000 - 0x00007ffbd53f8000 	C:\Program Files\Eclipse Adoptium\jdk-17.0.1.12-hotspot\bin\jli.dll
0x00007ffbd5330000 - 0x00007ffbd5349000 	C:\Program Files\Eclipse Adoptium\jdk-17.0.1.12-hotspot\bin\VCRUNTIME140.dll
0x00007ffbdbe80000 - 0x00007ffbdc020000 	C:\Windows\System32\USER32.dll
0x00007ffbd9960000 - 0x00007ffbd9982000 	C:\Windows\System32\win32u.dll
0x00007ffbdae20000 - 0x00007ffbdae4a000 	C:\Windows\System32\GDI32.dll
0x00007ffbc8f40000 - 0x00007ffbc91da000 	C:\Windows\WinSxS\amd64_microsoft.windows.common-controls_6595b64144ccf1df_6.0.19041.1110_none_60b5254171f9507e\COMCTL32.dll
0x00007ffbd9b40000 - 0x00007ffbd9c4b000 	C:\Windows\System32\gdi32full.dll
0x00007ffbd9c50000 - 0x00007ffbd9ced000 	C:\Windows\System32\msvcp_win.dll
0x00007ffbdbb80000 - 0x00007ffbdbc1e000 	C:\Windows\System32\msvcrt.dll
0x00007ffbda410000 - 0x00007ffbda440000 	C:\Windows\System32\IMM32.DLL
0x00007ffbd53a0000 - 0x00007ffbd53ac000 	C:\Program Files\Eclipse Adoptium\jdk-17.0.1.12-hotspot\bin\vcruntime140_1.dll
0x00007ffbbc410000 - 0x00007ffbbc4a1000 	C:\Program Files\Eclipse Adoptium\jdk-17.0.1.12-hotspot\bin\msvcp140.dll
0x00007ffb75d30000 - 0x00007ffb76976000 	C:\Program Files\Eclipse Adoptium\jdk-17.0.1.12-hotspot\bin\server\jvm.dll
0x00007ffbdbd20000 - 0x00007ffbdbdce000 	C:\Windows\System32\ADVAPI32.dll
0x00007ffbdbc20000 - 0x00007ffbdbcbc000 	C:\Windows\System32\sechost.dll
0x00007ffbdb050000 - 0x00007ffbdb175000 	C:\Windows\System32\RPCRT4.dll
0x00007ffbdb040000 - 0x00007ffbdb048000 	C:\Windows\System32\PSAPI.DLL
0x00007ffbd0f90000 - 0x00007ffbd0fb7000 	C:\Windows\SYSTEM32\WINMM.dll
0x00007ffbd2f30000 - 0x00007ffbd2f3a000 	C:\Windows\SYSTEM32\VERSION.dll
0x00007ffbb0ef0000 - 0x00007ffbb0ef9000 	C:\Windows\SYSTEM32\WSOCK32.dll
0x00007ffbdbb10000 - 0x00007ffbdbb7b000 	C:\Windows\System32\WS2_32.dll
0x00007ffbd8210000 - 0x00007ffbd8222000 	C:\Windows\SYSTEM32\kernel.appcore.dll
0x00007ffbd5320000 - 0x00007ffbd532a000 	C:\Program Files\Eclipse Adoptium\jdk-17.0.1.12-hotspot\bin\jimage.dll
0x00007ffbd8000000 - 0x00007ffbd81e4000 	C:\Windows\SYSTEM32\DBGHELP.DLL
0x00007ffbc27e0000 - 0x00007ffbc280c000 	C:\Windows\SYSTEM32\dbgcore.DLL
0x00007ffbd9cf0000 - 0x00007ffbd9d72000 	C:\Windows\System32\bcryptPrimitives.dll
0x00007ffbbf610000 - 0x00007ffbbf635000 	C:\Program Files\Eclipse Adoptium\jdk-17.0.1.12-hotspot\bin\java.dll
0x00007ffbb9b30000 - 0x00007ffbb9c06000 	C:\Program Files\Eclipse Adoptium\jdk-17.0.1.12-hotspot\bin\svml.dll
0x00007ffbda520000 - 0x00007ffbdac64000 	C:\Windows\System32\SHELL32.dll
0x00007ffbd7720000 - 0x00007ffbd7eb4000 	C:\Windows\SYSTEM32\windows.storage.dll
0x00007ffbdb600000 - 0x00007ffbdb954000 	C:\Windows\System32\combase.dll
0x00007ffbd93d0000 - 0x00007ffbd93fc000 	C:\Windows\SYSTEM32\Wldp.dll
0x00007ffbdbdd0000 - 0x00007ffbdbe7d000 	C:\Windows\System32\SHCORE.dll
0x00007ffbdbcc0000 - 0x00007ffbdbd15000 	C:\Windows\System32\shlwapi.dll
0x00007ffbd98a0000 - 0x00007ffbd98bf000 	C:\Windows\SYSTEM32\profapi.dll
0x00007ffbd3fe0000 - 0x00007ffbd3ff9000 	C:\Program Files\Eclipse Adoptium\jdk-17.0.1.12-hotspot\bin\net.dll
0x00007ffbce290000 - 0x00007ffbce39a000 	C:\Windows\SYSTEM32\WINHTTP.dll
0x00007ffbd9130000 - 0x00007ffbd919a000 	C:\Windows\system32\mswsock.dll
0x00007ffbbebc0000 - 0x00007ffbbebd5000 	C:\Program Files\Eclipse Adoptium\jdk-17.0.1.12-hotspot\bin\nio.dll
0x00007ffbbeba0000 - 0x00007ffbbebb8000 	C:\Program Files\Eclipse Adoptium\jdk-17.0.1.12-hotspot\bin\zip.dll
0x00007ffb910d0000 - 0x00007ffb9125e000 	C:\Program Files\Eclipse Adoptium\jdk-17.0.1.12-hotspot\bin\awt.dll
0x00007ffbdaf70000 - 0x00007ffbdb03d000 	C:\Windows\System32\OLEAUT32.dll
0x00007ffbd6d00000 - 0x00007ffbd6d90000 	C:\Windows\SYSTEM32\apphelp.dll
0x00007ffbd72b0000 - 0x00007ffbd72df000 	C:\Windows\system32\DWMAPI.DLL
0x00007ffbd6e40000 - 0x00007ffbd6ede000 	C:\Windows\system32\uxtheme.dll
0x00007ffbb6200000 - 0x00007ffbb6326000 	C:\Windows\system32\opengl32.dll
0x00007ffbbea40000 - 0x00007ffbbea6c000 	C:\Windows\SYSTEM32\GLU32.dll
0x00007ffbdae50000 - 0x00007ffbdaf65000 	C:\Windows\System32\MSCTF.dll
0x00007ffbdc020000 - 0x00007ffbdc14a000 	C:\Windows\System32\ole32.dll
0x00007ffbcece0000 - 0x00007ffbceeaf000 	C:\Windows\system32\d3d9.dll
0x00007ffbcf010000 - 0x00007ffbcf1eb000 	C:\Windows\System32\DriverStore\FileRepository\u0361612.inf_amd64_b679e02f70413f9f\B361368\aticfx64.dll
0x00007ffbbd420000 - 0x00007ffbbd453000 	C:\Windows\System32\DriverStore\FileRepository\u0361612.inf_amd64_b679e02f70413f9f\B361368\atiu9p64.dll
0x00007ffb69190000 - 0x00007ffb69e26000 	C:\Windows\System32\DriverStore\FileRepository\u0361612.inf_amd64_b679e02f70413f9f\B361368\atiumd64.dll
0x00000000521d0000 - 0x000000005304e000 	C:\Windows\System32\DriverStore\FileRepository\u0361612.inf_amd64_b679e02f70413f9f\B361368\atiumd6a.dll
0x00007ffbda200000 - 0x00007ffbda227000 	C:\Windows\System32\bcrypt.dll
0x00007ffbd8ef0000 - 0x00007ffbd8f3b000 	C:\Windows\SYSTEM32\POWRPROF.dll
0x00007ffbd8db0000 - 0x00007ffbd8dc2000 	C:\Windows\SYSTEM32\UMPDC.dll
0x00007ffbcf2e0000 - 0x00007ffbcf30f000 	C:\Windows\SYSTEM32\amdihk64.dll
0x00007ffbcf5e0000 - 0x00007ffbcf61b000 	C:\Windows\SYSTEM32\dxcore.dll
0x00007ffbd9990000 - 0x00007ffbd99de000 	C:\Windows\System32\cfgmgr32.dll
0x00007ffbbd800000 - 0x00007ffbbd82d000 	C:\Program Files\Eclipse Adoptium\jdk-17.0.1.12-hotspot\bin\javajpeg.dll
0x00007ffbbb1c0000 - 0x00007ffbbb249000 	C:\Program Files\Eclipse Adoptium\jdk-17.0.1.12-hotspot\bin\freetype.dll
0x00007ffbb7360000 - 0x00007ffbb7408000 	C:\Program Files\Eclipse Adoptium\jdk-17.0.1.12-hotspot\bin\fontmanager.dll
0x00007ffbba270000 - 0x00007ffbba369000 	C:\Windows\SYSTEM32\textinputframework.dll
0x00007ffbd6770000 - 0x00007ffbd6ace000 	C:\Windows\System32\CoreUIComponents.dll
0x00007ffbd6ad0000 - 0x00007ffbd6bc2000 	C:\Windows\System32\CoreMessaging.dll
0x00007ffbd8670000 - 0x00007ffbd86a3000 	C:\Windows\SYSTEM32\ntmarta.dll
0x00007ffbd60a0000 - 0x00007ffbd61f4000 	C:\Windows\SYSTEM32\wintypes.dll
0x000000006e700000 - 0x000000006e72a000 	C:\Users\grado\AppData\Local\Temp\libgdxgrado\e1cd32f8\gdx64.dll
0x00007ffbbbb50000 - 0x00007ffbbbbb4000 	C:\Users\grado\AppData\Local\Temp\lwjglgrado\3.2.3-build-13\lwjgl.dll
0x00007ffb85310000 - 0x00007ffb85563000 	C:\Users\grado\AppData\Local\Temp\lwjglgrado\3.2.3-build-13\jemalloc.dll
0x00007ffbb6f90000 - 0x00007ffbb6ff2000 	C:\Users\grado\AppData\Local\Temp\lwjglgrado\3.2.3-build-13\glfw.dll
0x00007ffbb5ae0000 - 0x00007ffbb5b25000 	C:\Windows\SYSTEM32\dinput8.dll
0x00007ffbbeb80000 - 0x00007ffbbeb91000 	C:\Windows\SYSTEM32\xinput1_4.dll
0x00007ffbd9710000 - 0x00007ffbd973c000 	C:\Windows\SYSTEM32\DEVOBJ.dll
0x00007ffbb9c10000 - 0x00007ffbb9d62000 	C:\Windows\SYSTEM32\inputhost.dll
0x00007ffbd47e0000 - 0x00007ffbd48d6000 	C:\Windows\SYSTEM32\PROPSYS.dll
0x00007ffbd7ec0000 - 0x00007ffbd7ecd000 	C:\Windows\SYSTEM32\HID.DLL
0x00007ffbdb190000 - 0x00007ffbdb5fa000 	C:\Windows\System32\SETUPAPI.DLL
0x00007ffbda230000 - 0x00007ffbda298000 	C:\Windows\System32\WINTRUST.dll
0x00007ffbd99e0000 - 0x00007ffbd9b36000 	C:\Windows\System32\CRYPT32.dll
0x00007ffbd9550000 - 0x00007ffbd9562000 	C:\Windows\SYSTEM32\MSASN1.dll
0x00007ffb98960000 - 0x00007ffb98a6b000 	C:\Users\grado\AppData\Local\Temp\lwjglgrado\3.2.3-build-13\OpenAL.dll
0x00007ffbdc150000 - 0x00007ffbdc1f9000 	C:\Windows\System32\clbcatq.dll
0x00007ffbd1e00000 - 0x00007ffbd1e85000 	C:\Windows\System32\MMDevApi.dll
0x00007ffbd1f00000 - 0x00007ffbd2082000 	C:\Windows\SYSTEM32\AUDIOSES.DLL
0x00007ffbd6fc0000 - 0x00007ffbd6fd4000 	C:\Windows\SYSTEM32\resourcepolicyclient.dll
0x00007ffbd3c00000 - 0x00007ffbd3cf7000 	C:\Windows\System32\AppXDeploymentClient.dll
0x00007ffbbd120000 - 0x00007ffbbd14a000 	C:\Windows\System32\DriverStore\FileRepository\u0361612.inf_amd64_b679e02f70413f9f\B361368\atig6pxx.dll
0x00007ffb664a0000 - 0x00007ffb69186000 	C:\Windows\System32\DriverStore\FileRepository\u0361612.inf_amd64_b679e02f70413f9f\B361368\atio6axx.dll
0x00007ffb97650000 - 0x00007ffb97674000 	C:\Windows\SYSTEM32\dxva2.dll
0x00007ffbbb000000 - 0x00007ffbbb03c000 	C:\Windows\System32\DriverStore\FileRepository\u0361612.inf_amd64_b679e02f70413f9f\B361368\atig6txx.dll
0x00007ffb85150000 - 0x00007ffb85309000 	C:\Windows\SYSTEM32\atiadlxx.dll
0x00007ffbb5540000 - 0x00007ffbb5599000 	C:\Users\grado\AppData\Local\Temp\lwjglgrado\3.2.3-build-13\lwjgl_opengl.dll
0x00007ffbbe490000 - 0x00007ffbbe4a1000 	C:\Program Files\Eclipse Adoptium\jdk-17.0.1.12-hotspot\bin\jsound.dll
0x00007ffbad1d0000 - 0x00007ffbad26c000 	C:\Windows\SYSTEM32\DSOUND.dll
0x00007ffbc67f0000 - 0x00007ffbc6816000 	C:\Windows\SYSTEM32\winmmbase.dll
0x00007ffb956d0000 - 0x00007ffb95716000 	C:\Windows\SYSTEM32\wdmaud.drv
0x00007ffbd3df0000 - 0x00007ffbd3df9000 	C:\Windows\SYSTEM32\ksuser.dll
0x00007ffbd3760000 - 0x00007ffbd376a000 	C:\Windows\SYSTEM32\AVRT.dll
0x00007ffb97640000 - 0x00007ffb9764d000 	C:\Windows\SYSTEM32\msacm32.drv
0x00007ffb97620000 - 0x00007ffb9763e000 	C:\Windows\SYSTEM32\MSACM32.dll
0x00007ffb956c0000 - 0x00007ffb956cb000 	C:\Windows\SYSTEM32\midimap.dll
0x00007ffbb9db0000 - 0x00007ffbb9ef1000 	C:\Windows\System32\Windows.UI.dll
0x00007ffbd2fe0000 - 0x00007ffbd3081000 	C:\Windows\System32\WindowManagementAPI.dll
0x00007ffbd2250000 - 0x00007ffbd2451000 	C:\Windows\System32\twinapi.appcore.dll
0x00007ffbd2090000 - 0x00007ffbd2244000 	C:\Windows\SYSTEM32\WindowsCodecs.dll
0x00007ffbae4e0000 - 0x00007ffbae51e000 	C:\Windows\system32\dataexchange.dll
0x00007ffbd5410000 - 0x00007ffbd5674000 	C:\Windows\system32\d3d11.dll
0x00007ffbd6200000 - 0x00007ffbd63e5000 	C:\Windows\system32\dcomp.dll
0x00007ffbd8280000 - 0x00007ffbd8373000 	C:\Windows\system32\dxgi.dll

dbghelp: loaded successfully - version: 4.0.5 - missing functions: none
symbol engine: initialized successfully - sym options: 0x614 - pdb path: .;C:\Program Files\Eclipse Adoptium\jdk-17.0.1.12-hotspot\bin;C:\Windows\SYSTEM32;C:\Windows\WinSxS\amd64_microsoft.windows.common-controls_6595b64144ccf1df_6.0.19041.1110_none_60b5254171f9507e;C:\Program Files\Eclipse Adoptium\jdk-17.0.1.12-hotspot\bin\server;C:\Windows\System32\DriverStore\FileRepository\u0361612.inf_amd64_b679e02f70413f9f\B361368;C:\Users\grado\AppData\Local\Temp\libgdxgrado\e1cd32f8;C:\Users\grado\AppData\Local\Temp\lwjglgrado\3.2.3-build-13

VM Arguments:
jvm_args: -XX:+ShowCodeDetailsInExceptionMessages 
java_command: com.crazyputting3d.Menu
java_class_path (initial): C:\Users\grado\Group-04\3dcrazyputting\desktop\bin\main;\CrazyPutting3D-core\bin\default;C:\Users\grado\Group-04\3dcrazyputting\core\bin\main;C:\Users\grado\.gradle\caches\modules-2\files-2.1\com.badlogicgames.gdx\gdx-backend-lwjgl3\1.10.0\600c7d5b2c977daa82c4abad147087b31e0ada87\gdx-backend-lwjgl3-1.10.0.jar;C:\Users\grado\.gradle\caches\modules-2\files-2.1\com.badlogicgames.gdx\gdx-platform\1.10.0\9a8fa793d2fd6d360afc6c9e4c1f5583da263b88\gdx-platform-1.10.0-natives-desktop.jar;C:\Users\grado\.gradle\caches\modules-2\files-2.1\com.badlogicgames.gdx\gdx-bullet-platform\1.10.0\ce92e8dfc762523d769cbc50853163c03bf98cf1\gdx-bullet-platform-1.10.0-natives-desktop.jar;C:\Users\grado\.gradle\caches\modules-2\files-2.1\com.badlogicgames.gdx\gdx-freetype-platform\1.10.0\6e5d28752759e69384f12e4569d2c884ff71352f\gdx-freetype-platform-1.10.0-natives-desktop.jar;C:\Users\grado\.gradle\caches\modules-2\files-2.1\com.badlogicgames.gdx-controllers\gdx-controllers-desktop\2.2.1\cb3430c32468a090eca54d494d16bb3764ceff9b\gdx-controllers-desktop-2.2.1.jar;C:\Users\grado\.gradle\caches\modules-2\files-2.1\org.jetbrains\annotations\20.1.0\2fcd1f3225bca0c4a7bc931142076f8c1e80993f\annotations-20.1.0.jar;C:\Users\grado\.gradle\caches\modules-2\files-2.1\com.badlogicgames.gdx\gdx-bullet\1.10.0\839b58c7278f5c3b55291c3a559d91227400ecdb\gdx-bullet-1.10.0.jar;C:\Users\grado\.gradle\caches\modules-2\files-2.1\com.badlogicgames.gdx\gdx-freetype\1.10.0\de1d0d5c1e92e8d91364256fd6b7bb279d3e9859\gdx-freetype-1.10.0.jar;C:\Users\grado\.gradle\caches\modules-2\files-2.1\com.badlogicgames.gdx\gdx-ai\1.8.2\ab75d2ce80ab1b1ce6828a15dc0f417abac4c674\gdx-ai-1.8.2.jar;C:\Users\grado\.gradle\caches\modules-2\files-2.1\com.badlogicgames.ashley\ashley\1.7.4\21a3a8932919099c4e5006a7d8378dcbe76ef8a5\ashley-1.7.4.jar;C:\Users\grado\.gradle\caches\modules-2\files-2.1\com.badlogicgames.box2dlights\box2dlights\1.5\6902dbcd250c95a27973aa24a147a95b3828d348\box2dlights-1.5.jar;C:\Users\grado\.g
Launcher Type: SUN_STANDARD

[Global flags]
     intx CICompilerCount                          = 12                                        {product} {ergonomic}
     uint ConcGCThreads                            = 3                                         {product} {ergonomic}
     uint G1ConcRefinementThreads                  = 13                                        {product} {ergonomic}
   size_t G1HeapRegionSize                         = 2097152                                   {product} {ergonomic}
    uintx GCDrainStackTargetSize                   = 64                                        {product} {ergonomic}
   size_t InitialHeapSize                          = 257949696                                 {product} {ergonomic}
   size_t MarkStackSize                            = 4194304                                   {product} {ergonomic}
   size_t MaxHeapSize                              = 4127195136                                {product} {ergonomic}
   size_t MaxNewSize                               = 2474639360                                {product} {ergonomic}
   size_t MinHeapDeltaBytes                        = 2097152                                   {product} {ergonomic}
   size_t MinHeapSize                              = 8388608                                   {product} {ergonomic}
    uintx NonNMethodCodeHeapSize                   = 7602480                                {pd product} {ergonomic}
    uintx NonProfiledCodeHeapSize                  = 122027880                              {pd product} {ergonomic}
    uintx ProfiledCodeHeapSize                     = 122027880                              {pd product} {ergonomic}
    uintx ReservedCodeCacheSize                    = 251658240                              {pd product} {ergonomic}
     bool SegmentedCodeCache                       = true                                      {product} {ergonomic}
     bool ShowCodeDetailsInExceptionMessages       = true                                   {manageable} {command line}
   size_t SoftMaxHeapSize                          = 4127195136                             {manageable} {ergonomic}
     bool UseCompressedClassPointers               = true                           {product lp64_product} {ergonomic}
     bool UseCompressedOops                        = true                           {product lp64_product} {ergonomic}
     bool UseG1GC                                  = true                                      {product} {ergonomic}
     bool UseLargePagesIndividualAllocation        = false                                  {pd product} {ergonomic}

Logging:
Log output configuration:
 #0: stdout all=warning uptime,level,tags
 #1: stderr all=off uptime,level,tags

Environment Variables:
PATH=C:\Program Files\WinRAR;C:\Program Files\Google\Chrome\Application;C:\Program Files\Common Files\Oracle\Java\javapath;C:\Windows\system32;C:\Windows;C:\Windows\System32\Wbem;C:\Windows\System32\WindowsPowerShell\v1.0\;C:\Windows\System32\OpenSSH\;C:\Program Files (x86)\NVIDIA Corporation\PhysX\Common;C:\Program Files\NVIDIA Corporation\NVIDIA NvDLISR;C:\Program Files\MATLAB\R2022a\bin;C:\Program Files\MATLAB\R2021b\bin;C:\Program Files\Gradle\gradle-7.4.2\bin;C:\Program Files\Git\cmd;C:\Users\grado\AppData\Local\Microsoft\WindowsApps;C:\Users\grado\AppData\Local\Programs\Microsoft VS Code\bin
USERNAME=grado
LANG=en_US.UTF-8
OS=Windows_NT
PROCESSOR_IDENTIFIER=AMD64 Family 23 Model 96 Stepping 1, AuthenticAMD



---------------  S Y S T E M  ---------------

OS:
 Windows 10 , 64 bit Build 19041 (10.0.19041.1645)
OS uptime: 2 days 2:56 hours

CPU: total 16 (initial active 16) (16 cores per cpu, 2 threads per core) family 23 model 96 stepping 1 microcode 0x0, cx8, cmov, fxsr, ht, mmx, 3dnowpref, sse, sse2, sse3, ssse3, sse4a, sse4.1, sse4.2, popcnt, lzcnt, tsc, tscinvbit, avx, avx2, aes, clmul, bmi1, bmi2, adx, sha, fma, vzeroupper, clflush, clflushopt

Memory: 4k page, system-wide physical 15741M (5939M free)
TotalPageFile size 27005M (AvailPageFile size 12582M)
current process WorkingSet (physical memory assigned to process): 373M, peak: 555M
current process commit charge ("private bytes"): 541M, peak: 942M

vm_info: OpenJDK 64-Bit Server VM (17.0.1+12) for windows-amd64 JRE (17.0.1+12), built on Oct 20 2021 07:42:55 by "" with MS VC++ 16.7 (VS2019)

END.
