#
# A fatal error has been detected by the Java Runtime Environment:
#
#  EXCEPTION_ACCESS_VIOLATION (0xc0000005) at pc=0x00000157917a0000, pid=21892, tid=24496
#
# JRE version: OpenJDK Runtime Environment Temurin-17.0.1+12 (17.0.1+12) (build 17.0.1+12)
# Java VM: OpenJDK 64-Bit Server VM Temurin-17.0.1+12 (17.0.1+12, mixed mode, sharing, tiered, compressed oops, compressed class ptrs, g1 gc, windows-amd64)
# Problematic frame:
# C  0x00000157917a0000
#
# No core dump will be written. Minidumps are not enabled by default on client versions of Windows
#
# If you would like to submit a bug report, please visit:
#   https://github.com/adoptium/adoptium-support/issues
# The crash happened outside the Java Virtual Machine in native code.
# See problematic frame for where to report the bug.
#

---------------  S U M M A R Y ------------

Command Line: -XX:+ShowCodeDetailsInExceptionMessages com.crazyputting3d.Main

Host: AMD Ryzen 7 4800H with Radeon Graphics         , 16 cores, 15G,  Windows 10 , 64 bit Build 19041 (10.0.19041.1706)
Time: Fri Jun 17 19:16:06 2022 Central European Daylight Time elapsed time: 30.143713 seconds (0d 0h 0m 30s)

---------------  T H R E A D  ---------------

Current thread (0x00000157ec2230f0):  JavaThread "main" [_thread_in_native, id=24496, stack(0x00000041c1200000,0x00000041c1300000)]

Stack: [0x00000041c1200000,0x00000041c1300000],  sp=0x00000041c12fe928,  free space=1018k
Native frames: (J=compiled Java code, j=interpreted, Vv=VM code, C=native code)
C  0x00000157917a0000

Java frames: (J=compiled Java code, j=interpreted, Vv=VM code)
J 1193  org.lwjgl.system.JNI.invokePV(JJ)V (0 bytes) @ 0x0000015787c08dec [0x0000015787c08da0+0x000000000000004c]
J 1936 c1 org.lwjgl.glfw.GLFW.glfwSwapBuffers(J)V (21 bytes) @ 0x0000015780a8c5ac [0x0000015780a8c4c0+0x00000000000000ec]
j  com.badlogic.gdx.backends.lwjgl3.Lwjgl3Window.update()Z+196
j  com.badlogic.gdx.backends.lwjgl3.Lwjgl3Application.loop()V+111
j  com.badlogic.gdx.backends.lwjgl3.Lwjgl3Application.<init>(Lcom/badlogic/gdx/ApplicationListener;Lcom/badlogic/gdx/backends/lwjgl3/Lwjgl3ApplicationConfiguration;)V+243
j  com.crazyputting3d.Main.main([Ljava/lang/String;)V+41
v  ~StubRoutines::call_stub

siginfo: EXCEPTION_ACCESS_VIOLATION (0xc0000005), data execution prevention violation at address 0x00000157917a0000


Register to memory mapping:

RIP=0x00000157917a0000 is an unknown value
RAX=0x00000157917a0000 is an unknown value
RBX=0x0000000000010001 is an unknown value
RCX=0x0000000000010001 is an unknown value
RDX=0x00000041c12fe960 is pointing into the stack for thread: 0x00000157ec2230f0
RSP=0x00000041c12fe928 is pointing into the stack for thread: 0x00000157ec2230f0
RBP=0x00000041c12fea30 is pointing into the stack for thread: 0x00000157ec2230f0
RSI=0x0000000000000110 is an unknown value
RDI=0x0000000000001bac is an unknown value
R8 =0x0000015792b05040 points into unknown readable memory: 0x00000157928d7a10 | 10 7a 8d 92 57 01 00 00
R9 =0x00007ffdb1aa1b50 glfw.dll
R10=0x00007ffdb6461b10 lwjgl.dll
R11=0x00000041c12fed98 is pointing into the stack for thread: 0x00000157ec2230f0
R12=0x0 is NULL
R13=0x00000041c12fee98 is pointing into the stack for thread: 0x00000157ec2230f0
R14=0x00000041c12fedf0 is pointing into the stack for thread: 0x00000157ec2230f0
R15=0x00000157ec2230f0 is a thread


Registers:
RAX=0x00000157917a0000, RBX=0x0000000000010001, RCX=0x0000000000010001, RDX=0x00000041c12fe960
RSP=0x00000041c12fe928, RBP=0x00000041c12fea30, RSI=0x0000000000000110, RDI=0x0000000000001bac
R8 =0x0000015792b05040, R9 =0x00007ffdb1aa1b50, R10=0x00007ffdb6461b10, R11=0x00000041c12fed98
R12=0x0000000000000000, R13=0x00000041c12fee98, R14=0x00000041c12fedf0, R15=0x00000157ec2230f0
RIP=0x00000157917a0000, EFLAGS=0x0000000000010206

Top of Stack: (sp=0x00000041c12fe928)
0x00000041c12fe928:   00007ffdb1aa1f7c 00007ffd00000000
0x00000041c12fe938:   000000070b225de0 000000070a13ce68
0x00000041c12fe948:   438c000041700000 000000070b225dc0
0x00000041c12fe958:   000001578096457c 57464c4720656854
0x00000041c12fe968:   7972617262696c20 20746f6e20736920
0x00000041c12fe978:   696c616974696e69 000000410064657a
0x00000041c12fe988:   00007ffd92535e62 00000157ec2230f0
0x00000041c12fe998:   0000000000000000 00000000000001cc
0x00000041c12fe9a8:   0000000000000000 0000000000000000
0x00000041c12fe9b8:   000000006e7020f4 00000157ec223398
0x00000041c12fe9c8:   00007ffd92535481 000000070b2c1a28
0x00000041c12fe9d8:   0000015787c03885 0000000200000003
0x00000041c12fe9e8:   000000070b225de0 000000070b239a40
0x00000041c12fe9f8:   000000070b23a240 0000000700000000
0x00000041c12fea08:   000000070b23da68 0000000000000002
0x00000041c12fea18:   00007ffd22939d0a 00000041c12fedb0 

Instructions: (pc=0x00000157917a0000)
0x000001579179ff00:   ?? ?? ?? ?? ?? ?? ?? ?? ?? ?? ?? ?? ?? ?? ?? ??
0x000001579179ff10:   ?? ?? ?? ?? ?? ?? ?? ?? ?? ?? ?? ?? ?? ?? ?? ??
0x000001579179ff20:   ?? ?? ?? ?? ?? ?? ?? ?? ?? ?? ?? ?? ?? ?? ?? ??
0x000001579179ff30:   ?? ?? ?? ?? ?? ?? ?? ?? ?? ?? ?? ?? ?? ?? ?? ??
0x000001579179ff40:   ?? ?? ?? ?? ?? ?? ?? ?? ?? ?? ?? ?? ?? ?? ?? ??
0x000001579179ff50:   ?? ?? ?? ?? ?? ?? ?? ?? ?? ?? ?? ?? ?? ?? ?? ??
0x000001579179ff60:   ?? ?? ?? ?? ?? ?? ?? ?? ?? ?? ?? ?? ?? ?? ?? ??
0x000001579179ff70:   ?? ?? ?? ?? ?? ?? ?? ?? ?? ?? ?? ?? ?? ?? ?? ??
0x000001579179ff80:   ?? ?? ?? ?? ?? ?? ?? ?? ?? ?? ?? ?? ?? ?? ?? ??
0x000001579179ff90:   ?? ?? ?? ?? ?? ?? ?? ?? ?? ?? ?? ?? ?? ?? ?? ??
0x000001579179ffa0:   ?? ?? ?? ?? ?? ?? ?? ?? ?? ?? ?? ?? ?? ?? ?? ??
0x000001579179ffb0:   ?? ?? ?? ?? ?? ?? ?? ?? ?? ?? ?? ?? ?? ?? ?? ??
0x000001579179ffc0:   ?? ?? ?? ?? ?? ?? ?? ?? ?? ?? ?? ?? ?? ?? ?? ??
0x000001579179ffd0:   ?? ?? ?? ?? ?? ?? ?? ?? ?? ?? ?? ?? ?? ?? ?? ??
0x000001579179ffe0:   ?? ?? ?? ?? ?? ?? ?? ?? ?? ?? ?? ?? ?? ?? ?? ??
0x000001579179fff0:   ?? ?? ?? ?? ?? ?? ?? ?? ?? ?? ?? ?? ?? ?? ?? ??
0x00000157917a0000:   ?? ?? ?? ?? ?? ?? ?? ?? ?? ?? ?? ?? ?? ?? ?? ??
0x00000157917a0010:   ?? ?? ?? ?? ?? ?? ?? ?? ?? ?? ?? ?? ?? ?? ?? ??
0x00000157917a0020:   ?? ?? ?? ?? ?? ?? ?? ?? ?? ?? ?? ?? ?? ?? ?? ??
0x00000157917a0030:   ?? ?? ?? ?? ?? ?? ?? ?? ?? ?? ?? ?? ?? ?? ?? ??
0x00000157917a0040:   ?? ?? ?? ?? ?? ?? ?? ?? ?? ?? ?? ?? ?? ?? ?? ??
0x00000157917a0050:   ?? ?? ?? ?? ?? ?? ?? ?? ?? ?? ?? ?? ?? ?? ?? ??
0x00000157917a0060:   ?? ?? ?? ?? ?? ?? ?? ?? ?? ?? ?? ?? ?? ?? ?? ??
0x00000157917a0070:   ?? ?? ?? ?? ?? ?? ?? ?? ?? ?? ?? ?? ?? ?? ?? ??
0x00000157917a0080:   ?? ?? ?? ?? ?? ?? ?? ?? ?? ?? ?? ?? ?? ?? ?? ??
0x00000157917a0090:   ?? ?? ?? ?? ?? ?? ?? ?? ?? ?? ?? ?? ?? ?? ?? ??
0x00000157917a00a0:   ?? ?? ?? ?? ?? ?? ?? ?? ?? ?? ?? ?? ?? ?? ?? ??
0x00000157917a00b0:   ?? ?? ?? ?? ?? ?? ?? ?? ?? ?? ?? ?? ?? ?? ?? ??
0x00000157917a00c0:   ?? ?? ?? ?? ?? ?? ?? ?? ?? ?? ?? ?? ?? ?? ?? ??
0x00000157917a00d0:   ?? ?? ?? ?? ?? ?? ?? ?? ?? ?? ?? ?? ?? ?? ?? ??
0x00000157917a00e0:   ?? ?? ?? ?? ?? ?? ?? ?? ?? ?? ?? ?? ?? ?? ?? ??
0x00000157917a00f0:   ?? ?? ?? ?? ?? ?? ?? ?? ?? ?? ?? ?? ?? ?? ?? ?? 


Stack slot to memory mapping:
stack at sp + 0 slots: 0x00007ffdb1aa1f7c glfw.dll
stack at sp + 1 slots: 0x00007ffd00000000 is an unknown value
stack at sp + 2 slots: 0x000000070b225de0 is an oop: com.badlogic.gdx.graphics.glutils.VertexArray 
{0x000000070b225de0} - klass: 'com/badlogic/gdx/graphics/glutils/VertexArray'
 - ---- fields (total size 4 words):
 - 'isBound' 'Z' @12  false
 - final 'attributes' 'Lcom/badlogic/gdx/graphics/VertexAttributes;' @16  a 'com/badlogic/gdx/graphics/VertexAttributes'{0x000000070b225e00} (e1644bc0)
 - final 'buffer' 'Ljava/nio/FloatBuffer;' @20  a 'java/nio/DirectFloatBufferU'{0x000000070b225f70} (e1644bee)
 - final 'byteBuffer' 'Ljava/nio/ByteBuffer;' @24  a 'java/nio/DirectByteBuffer'{0x000000070b225fa8} (e1644bf5)
stack at sp + 3 slots: 0x000000070a13ce68 is an oop: java.lang.Class 
{0x000000070a13ce68} - klass: 'java/lang/Class'
 - ---- fields (total size 54 words):
 - private volatile transient 'classRedefinedCount' 'I' @12  0
 - private volatile transient 'cachedConstructor' 'Ljava/lang/reflect/Constructor;' @40  NULL (0)
 - private transient 'name' 'Ljava/lang/String;' @44  "org.lwjgl.opengl.GL20C"{0x000000070a13db00} (e1427b60)
 - private transient 'module' 'Ljava/lang/Module;' @48  a 'java/lang/Module'{0x000000070b26d810} (e164db02)
 - private final 'classLoader' 'Ljava/lang/ClassLoader;' @52  a 'jdk/internal/loader/ClassLoaders$AppClassLoader'{0x000000070b302418} (e1660483)
 - private transient 'classData' 'Ljava/lang/Object;' @56  NULL (0)
 - private transient 'packageName' 'Ljava/lang/String;' @60  "org.lwjgl.opengl"{0x000000070a13db40} (e1427b68)
 - private final 'componentType' 'Ljava/lang/Class;' @64  NULL (0)
 - private volatile transient 'reflectionData' 'Ljava/lang/ref/SoftReference;' @68  NULL (0)
 - private volatile transient 'genericInfo' 'Lsun/reflect/generics/repository/ClassRepository;' @72  NULL (0)
 - private volatile transient 'enumConstants' '[Ljava/lang/Object;' @76  NULL (0)
 - private volatile transient 'enumConstantDirectory' 'Ljava/util/Map;' @80  NULL (0)
 - private volatile transient 'annotationData' 'Ljava/lang/Class$AnnotationData;' @84  NULL (0)
 - private volatile transient 'annotationType' 'Lsun/reflect/annotation/AnnotationType;' @88  NULL (0)
 - transient 'classValueMap' 'Ljava/lang/ClassValue$ClassValueMap;' @92  NULL (0)
 - signature: Lorg/lwjgl/opengl/GL20C;
 - fake entry for mirror: 'org/lwjgl/opengl/GL20C'
 - fake entry for array: NULL
 - fake entry for oop_size: 54
 - fake entry for static_oop_field_count: 0
 - public static final 'GL_SHADING_LANGUAGE_VERSION' 'I' @112  35724 (8b8c)
 - public static final 'GL_CURRENT_PROGRAM' 'I' @116  35725 (8b8d)
 - public static final 'GL_SHADER_TYPE' 'I' @120  35663 (8b4f)
 - public static final 'GL_DELETE_STATUS' 'I' @124  35712 (8b80)
 - public static final 'GL_COMPILE_STATUS' 'I' @128  35713 (8b81)
 - public static final 'GL_LINK_STATUS' 'I' @132  35714 (8b82)
 - public static final 'GL_VALIDATE_STATUS' 'I' @136  35715 (8b83)
 - public static final 'GL_INFO_LOG_LENGTH' 'I' @140  35716 (8b84)
 - public static final 'GL_ATTACHED_SHADERS' 'I' @144  35717 (8b85)
 - public static final 'GL_ACTIVE_UNIFORMS' 'I' @148  35718 (8b86)
 - public static final 'GL_ACTIVE_UNIFORM_MAX_LENGTH' 'I' @152  35719 (8b87)
 - public static final 'GL_ACTIVE_ATTRIBUTES' 'I' @156  35721 (8b89)
 - public static final 'GL_ACTIVE_ATTRIBUTE_MAX_LENGTH' 'I' @160  35722 (8b8a)
 - public static final 'GL_SHADER_SOURCE_LENGTH' 'I' @164  35720 (8b88)
 - public static final 'GL_FLOAT_VEC2' 'I' @168  35664 (8b50)
 - public static final 'GL_FLOAT_VEC3' 'I' @172  35665 (8b51)
 - public static final 'GL_FLOAT_VEC4' 'I' @176  35666 (8b52)
 - public static final 'GL_INT_VEC2' 'I' @180  35667 (8b53)
 - public static final 'GL_INT_VEC3' 'I' @184  35668 (8b54)
 - public static final 'GL_INT_VEC4' 'I' @188  35669 (8b55)
 - public static final 'GL_BOOL' 'I' @192  35670 (8b56)
 - public static final 'GL_BOOL_VEC2' 'I' @196  35671 (8b57)
 - public static final 'GL_BOOL_VEC3' 'I' @200  35672 (8b58)
 - public static final 'GL_BOOL_VEC4' 'I' @204  35673 (8b59)
 - public static final 'GL_FLOAT_MAT2' 'I' @208  35674 (8b5a)
 - public static final 'GL_FLOAT_MAT3' 'I' @212  35675 (8b5b)
 - public static final 'GL_FLOAT_MAT4' 'I' @216  35676 (8b5c)
 - public static final 'GL_SAMPLER_1D' 'I' @220  35677 (8b5d)
 - public static final 'GL_SAMPLER_2D' 'I' @224  35678 (8b5e)
 - public static final 'GL_SAMPLER_3D' 'I' @228  35679 (8b5f)
 - public static final 'GL_SAMPLER_CUBE' 'I' @232  35680 (8b60)
 - public static final 'GL_SAMPLER_1D_SHADOW' 'I' @236  35681 (8b61)
 - public static final 'GL_SAMPLER_2D_SHADOW' 'I' @240  35682 (8b62)
 - public static final 'GL_VERTEX_SHADER' 'I' @244  35633 (8b31)
 - public static final 'GL_MAX_VERTEX_UNIFORM_COMPONENTS' 'I' @248  35658 (8b4a)
 - public static final 'GL_MAX_VARYING_FLOATS' 'I' @252  35659 (8b4b)
 - public static final 'GL_MAX_VERTEX_ATTRIBS' 'I' @256  34921 (8869)
 - public static final 'GL_MAX_TEXTURE_IMAGE_UNITS' 'I' @260  34930 (8872)
 - public static final 'GL_MAX_VERTEX_TEXTURE_IMAGE_UNITS' 'I' @264  35660 (8b4c)
 - public static final 'GL_MAX_COMBINED_TEXTURE_IMAGE_UNITS' 'I' @268  35661 (8b4d)
 - public static final 'GL_VERTEX_PROGRAM_POINT_SIZE' 'I' @272  34370 (8642)
 - public static final 'GL_VERTEX_ATTRIB_ARRAY_ENABLED' 'I' @276  34338 (8622)
 - public static final 'GL_VERTEX_ATTRIB_ARRAY_SIZE' 'I' @280  34339 (8623)
 - public static final 'GL_VERTEX_ATTRIB_ARRAY_STRIDE' 'I' @284  34340 (8624)
 - public static final 'GL_VERTEX_ATTRIB_ARRAY_TYPE' 'I' @288  34341 (8625)
 - public static final 'GL_VERTEX_ATTRIB_ARRAY_NORMALIZED' 'I' @292  34922 (886a)
 - public static final 'GL_CURRENT_VERTEX_ATTRIB' 'I' @296  34342 (8626)
 - public static final 'GL_VERTEX_ATTRIB_ARRAY_POINTER' 'I' @300  34373 (8645)
 - public static final 'GL_FRAGMENT_SHADER' 'I' @304  35632 (8b30)
 - public static final 'GL_MAX_FRAGMENT_UNIFORM_COMPONENTS' 'I' @308  35657 (8b49)
 - public static final 'GL_FRAGMENT_SHADER_DERIVATIVE_HINT' 'I' @312  35723 (8b8b)
 - public static final 'GL_MAX_DRAW_BUFFERS' 'I' @316  34852 (8824)
 - public static final 'GL_DRAW_BUFFER0' 'I' @320  34853 (8825)
 - public static final 'GL_DRAW_BUFFER1' 'I' @324  34854 (8826)
 - public static final 'GL_DRAW_BUFFER2' 'I' @328  34855 (8827)
 - public static final 'GL_DRAW_BUFFER3' 'I' @332  34856 (8828)
 - public static final 'GL_DRAW_BUFFER4' 'I' @336  34857 (8829)
 - public static final 'GL_DRAW_BUFFER5' 'I' @340  34858 (882a)
 - public static final 'GL_DRAW_BUFFER6' 'I' @344  34859 (882b)
 - public static final 'GL_DRAW_BUFFER7' 'I' @348  34860 (882c)
 - public static final 'GL_DRAW_BUFFER8' 'I' @352  34861 (882d)
 - public static final 'GL_DRAW_BUFFER9' 'I' @356  34862 (882e)
 - public static final 'GL_DRAW_BUFFER10' 'I' @360  34863 (882f)
 - public static final 'GL_DRAW_BUFFER11' 'I' @364  34864 (8830)
 - public static final 'GL_DRAW_BUFFER12' 'I' @368  34865 (8831)
 - public static final 'GL_DRAW_BUFFER13' 'I' @372  34866 (8832)
 - public static final 'GL_DRAW_BUFFER14' 'I' @376  34867 (8833)
 - public static final 'GL_DRAW_BUFFER15' 'I' @380  34868 (8834)
 - public static final 'GL_POINT_SPRITE_COORD_ORIGIN' 'I' @384  36000 (8ca0)
 - public static final 'GL_LOWER_LEFT' 'I' @388  36001 (8ca1)
 - public static final 'GL_UPPER_LEFT' 'I' @392  36002 (8ca2)
 - public static final 'GL_BLEND_EQUATION_RGB' 'I' @396  32777 (8009)
 - public static final 'GL_BLEND_EQUATION_ALPHA' 'I' @400  34877 (883d)
 - public static final 'GL_STENCIL_BACK_FUNC' 'I' @404  34816 (8800)
 - public static final 'GL_STENCIL_BACK_FAIL' 'I' @408  34817 (8801)
 - public static final 'GL_STENCIL_BACK_PASS_DEPTH_FAIL' 'I' @412  34818 (8802)
 - public static final 'GL_STENCIL_BACK_PASS_DEPTH_PASS' 'I' @416  34819 (8803)
 - public static final 'GL_STENCIL_BACK_REF' 'I' @420  36003 (8ca3)
 - public static final 'GL_STENCIL_BACK_VALUE_MASK' 'I' @424  36004 (8ca4)
 - public static final 'GL_STENCIL_BACK_WRITEMASK' 'I' @428  36005 (8ca5)
stack at sp + 4 slots: 0x438c000041700000 is an unknown value
stack at sp + 5 slots: 0x000000070b225dc0 is an oop: com.badlogic.gdx.graphics.Mesh 
{0x000000070b225dc0} - klass: 'com/badlogic/gdx/graphics/Mesh'
 - ---- fields (total size 4 words):
 - 'autoBind' 'Z' @12  true
 - final 'isVertexArray' 'Z' @13  true
 - 'isInstanced' 'Z' @14  false
 - final 'vertices' 'Lcom/badlogic/gdx/graphics/glutils/VertexData;' @16  a 'com/badlogic/gdx/graphics/glutils/VertexArray'{0x000000070b225de0} (e1644bbc)
 - final 'indices' 'Lcom/badlogic/gdx/graphics/glutils/IndexData;' @20  a 'com/badlogic/gdx/graphics/glutils/IndexArray'{0x000000070b225fe8} (e1644bfd)
 - 'instances' 'Lcom/badlogic/gdx/graphics/glutils/InstanceData;' @24  NULL (0)
 - private final 'tmpV' 'Lcom/badlogic/gdx/math/Vector3;' @28  a 'com/badlogic/gdx/math/Vector3'{0x000000070b226078} (e1644c0f)
stack at sp + 6 slots: 0x000001578096457c is at entry_point+2172 in (nmethod*)0x0000015780963990
stack at sp + 7 slots: 0x57464c4720656854 is an unknown value


---------------  P R O C E S S  ---------------

Threads class SMR info:
_java_thread_list=0x000001579c491fb0, length=38, elements={
0x00000157ec2230f0, 0x0000015791718920, 0x0000015791719c40, 0x000001579172e340,
0x000001579172ec00, 0x000001579172fc60, 0x00000157917318b0, 0x000001579173b960,
0x000001579173eac0, 0x0000015791748330, 0x0000015791733a60, 0x0000015791733f30,
0x0000015791732250, 0x0000015791732720, 0x0000015791731d80, 0x00000157917313e0,
0x0000015791732bf0, 0x0000015791730570, 0x0000015791730a40, 0x0000015791733590,
0x00000157a3cf5a20, 0x00000157a3cf7230, 0x00000157a3cf5ef0, 0x00000157a3cf7bd0,
0x00000157a3cf5080, 0x00000157a3cf7700, 0x00000157a3cf4210, 0x00000157a3cf80a0,
0x00000157a3cf93e0, 0x00000157a3cf63c0, 0x00000157a3cf6890, 0x00000157a3cf6d60,
0x00000157a3cf5550, 0x00000157a3cf8570, 0x00000157a3cfa720, 0x00000157a3cf9d80,
0x00000157a3cf3870, 0x00000157a3cf8a40
}

Java Threads: ( => current thread )
=>0x00000157ec2230f0 JavaThread "main" [_thread_in_native, id=24496, stack(0x00000041c1200000,0x00000041c1300000)]
  0x0000015791718920 JavaThread "Reference Handler" daemon [_thread_blocked, id=23140, stack(0x00000041c1900000,0x00000041c1a00000)]
  0x0000015791719c40 JavaThread "Finalizer" daemon [_thread_blocked, id=23136, stack(0x00000041c1a00000,0x00000041c1b00000)]
  0x000001579172e340 JavaThread "Signal Dispatcher" daemon [_thread_blocked, id=1164, stack(0x00000041c1b00000,0x00000041c1c00000)]
  0x000001579172ec00 JavaThread "Attach Listener" daemon [_thread_blocked, id=11240, stack(0x00000041c1c00000,0x00000041c1d00000)]
  0x000001579172fc60 JavaThread "Service Thread" daemon [_thread_blocked, id=21276, stack(0x00000041c1d00000,0x00000041c1e00000)]
  0x00000157917318b0 JavaThread "Monitor Deflation Thread" daemon [_thread_blocked, id=19880, stack(0x00000041c1e00000,0x00000041c1f00000)]
  0x000001579173b960 JavaThread "C2 CompilerThread0" daemon [_thread_blocked, id=27152, stack(0x00000041c1f00000,0x00000041c2000000)]
  0x000001579173eac0 JavaThread "C1 CompilerThread0" daemon [_thread_blocked, id=16392, stack(0x00000041c2000000,0x00000041c2100000)]
  0x0000015791748330 JavaThread "Sweeper thread" daemon [_thread_blocked, id=20796, stack(0x00000041c2100000,0x00000041c2200000)]
  0x0000015791733a60 JavaThread "Notification Thread" daemon [_thread_blocked, id=19920, stack(0x00000041c2400000,0x00000041c2500000)]
  0x0000015791733f30 JavaThread "Common-Cleaner" daemon [_thread_blocked, id=26296, stack(0x00000041c2600000,0x00000041c2700000)]
  0x0000015791732250 JavaThread "LWJGL3 Timer" daemon [_thread_blocked, id=6044, stack(0x00000041c3600000,0x00000041c3700000)]
  0x0000015791732720 JavaThread "LWJGL3 Timer" daemon [_thread_blocked, id=19060, stack(0x00000041c3f00000,0x00000041c4000000)]
  0x0000015791731d80 JavaThread "Java Sound Event Dispatcher" daemon [_thread_blocked, id=23352, stack(0x00000041c4800000,0x00000041c4900000)]
  0x00000157917313e0 JavaThread "Direct Clip" daemon [_thread_blocked, id=27076, stack(0x00000041c4b00000,0x00000041c4c00000)]
  0x0000015791732bf0 JavaThread "Direct Clip" daemon [_thread_blocked, id=25412, stack(0x00000041c4c00000,0x00000041c4d00000)]
  0x0000015791730570 JavaThread "Direct Clip" daemon [_thread_blocked, id=22688, stack(0x00000041c4700000,0x00000041c4800000)]
  0x0000015791730a40 JavaThread "Direct Clip" daemon [_thread_blocked, id=10832, stack(0x00000041c4e00000,0x00000041c4f00000)]
  0x0000015791733590 JavaThread "Direct Clip" daemon [_thread_blocked, id=3060, stack(0x00000041c4400000,0x00000041c4500000)]
  0x00000157a3cf5a20 JavaThread "Direct Clip" daemon [_thread_blocked, id=3412, stack(0x00000041c2200000,0x00000041c2300000)]
  0x00000157a3cf7230 JavaThread "Direct Clip" daemon [_thread_blocked, id=20604, stack(0x00000041c5000000,0x00000041c5100000)]
  0x00000157a3cf5ef0 JavaThread "Direct Clip" daemon [_thread_blocked, id=17360, stack(0x00000041c5100000,0x00000041c5200000)]
  0x00000157a3cf7bd0 JavaThread "Direct Clip" daemon [_thread_blocked, id=14116, stack(0x00000041c3b00000,0x00000041c3c00000)]
  0x00000157a3cf5080 JavaThread "Direct Clip" daemon [_thread_blocked, id=19688, stack(0x00000041c2f00000,0x00000041c3000000)]
  0x00000157a3cf7700 JavaThread "Direct Clip" daemon [_thread_blocked, id=24312, stack(0x00000041c5200000,0x00000041c5300000)]
  0x00000157a3cf4210 JavaThread "Direct Clip" daemon [_thread_blocked, id=13388, stack(0x00000041c5400000,0x00000041c5500000)]
  0x00000157a3cf80a0 JavaThread "Direct Clip" daemon [_thread_blocked, id=24404, stack(0x00000041c4f00000,0x00000041c5000000)]
  0x00000157a3cf93e0 JavaThread "Direct Clip" daemon [_thread_blocked, id=6572, stack(0x00000041c5300000,0x00000041c5400000)]
  0x00000157a3cf63c0 JavaThread "Direct Clip" daemon [_thread_blocked, id=17680, stack(0x00000041c5500000,0x00000041c5600000)]
  0x00000157a3cf6890 JavaThread "Direct Clip" daemon [_thread_blocked, id=6760, stack(0x00000041c5700000,0x00000041c5800000)]
  0x00000157a3cf6d60 JavaThread "Direct Clip" daemon [_thread_blocked, id=19316, stack(0x00000041c5600000,0x00000041c5700000)]
  0x00000157a3cf5550 JavaThread "Direct Clip" daemon [_thread_blocked, id=3420, stack(0x00000041c5800000,0x00000041c5900000)]
  0x00000157a3cf8570 JavaThread "Direct Clip" daemon [_thread_blocked, id=26740, stack(0x00000041c5900000,0x00000041c5a00000)]
  0x00000157a3cfa720 JavaThread "Direct Clip" daemon [_thread_blocked, id=17904, stack(0x00000041c5b00000,0x00000041c5c00000)]
  0x00000157a3cf9d80 JavaThread "Direct Clip" daemon [_thread_blocked, id=24156, stack(0x00000041c5c00000,0x00000041c5d00000)]
  0x00000157a3cf3870 JavaThread "Direct Clip" daemon [_thread_blocked, id=16944, stack(0x00000041c5e00000,0x00000041c5f00000)]
  0x00000157a3cf8a40 JavaThread "Direct Clip" daemon [_thread_blocked, id=25008, stack(0x00000041c5f00000,0x00000041c6000000)]

Other Threads:
  0x0000015791712760 VMThread "VM Thread" [stack: 0x00000041c1800000,0x00000041c1900000] [id=23144]
  0x0000015792218f90 WatcherThread [stack: 0x00000041c2500000,0x00000041c2600000] [id=712]
  0x00000157ec279c40 GCTaskThread "GC Thread#0" [stack: 0x00000041c1300000,0x00000041c1400000] [id=7680]
  0x0000015795402050 GCTaskThread "GC Thread#1" [stack: 0x00000041c3000000,0x00000041c3100000] [id=564]
  0x00000157954025b0 GCTaskThread "GC Thread#2" [stack: 0x00000041c3100000,0x00000041c3200000] [id=26964]
  0x0000015795400010 GCTaskThread "GC Thread#3" [stack: 0x00000041c3200000,0x00000041c3300000] [id=22976]
  0x00000157954002c0 GCTaskThread "GC Thread#4" [stack: 0x00000041c3300000,0x00000041c3400000] [id=20296]
  0x0000015795400570 GCTaskThread "GC Thread#5" [stack: 0x00000041c3400000,0x00000041c3500000] [id=24416]
  0x0000015795400820 GCTaskThread "GC Thread#6" [stack: 0x00000041c3500000,0x00000041c3600000] [id=6088]
  0x000001579cff0220 GCTaskThread "GC Thread#7" [stack: 0x00000041c3e00000,0x00000041c3f00000] [id=22232]
  0x000001579cff17a0 GCTaskThread "GC Thread#8" [stack: 0x00000041c2300000,0x00000041c2400000] [id=23452]
  0x00000157ec28b0a0 ConcurrentGCThread "G1 Main Marker" [stack: 0x00000041c1400000,0x00000041c1500000] [id=26452]
  0x00000157ec28c160 ConcurrentGCThread "G1 Conc#0" [stack: 0x00000041c1500000,0x00000041c1600000] [id=12560]
  0x00000157915b20c0 ConcurrentGCThread "G1 Refine#0" [stack: 0x00000041c1600000,0x00000041c1700000] [id=27476]
  0x0000015792618170 ConcurrentGCThread "G1 Refine#1" [stack: 0x00000041c4000000,0x00000041c4100000] [id=9952]
  0x00000157a301e300 ConcurrentGCThread "G1 Refine#2" [stack: 0x00000041c4100000,0x00000041c4200000] [id=9812]
  0x00000157a165de90 ConcurrentGCThread "G1 Refine#3" [stack: 0x00000041c3c00000,0x00000041c3d00000] [id=11548]
  0x0000015792410820 ConcurrentGCThread "G1 Refine#4" [stack: 0x00000041c3d00000,0x00000041c3e00000] [id=26764]
  0x000001579c4683c0 ConcurrentGCThread "G1 Refine#5" [stack: 0x00000041c4200000,0x00000041c4300000] [id=8836]
  0x00000157959d69d0 ConcurrentGCThread "G1 Refine#6" [stack: 0x00000041c4300000,0x00000041c4400000] [id=17340]
  0x00000157915b28f0 ConcurrentGCThread "G1 Service" [stack: 0x00000041c1700000,0x00000041c1800000] [id=26212]

Threads with active compile tasks:

VM state: not at safepoint (normal execution)

VM Mutex/Monitor currently owned by a thread: None

Heap address: 0x000000070a000000, size: 3936 MB, Compressed Oops mode: Zero based, Oop shift amount: 3

CDS archive(s) mapped at: [0x0000000800000000-0x0000000800bc0000-0x0000000800bc0000), size 12320768, SharedBaseAddress: 0x0000000800000000, ArchiveRelocationMode: 0.
Compressed class space mapped at: 0x0000000800c00000-0x0000000840c00000, reserved size: 1073741824
Narrow klass base: 0x0000000800000000, Narrow klass shift: 0, Narrow klass range: 0x100000000

GC Precious Log:
 CPUs: 16 total, 16 available
 Memory: 15741M
 Large Page Support: Disabled
 NUMA Support: Disabled
 Compressed Oops: Enabled (Zero based)
 Heap Region Size: 2M
 Heap Min Capacity: 8M
 Heap Initial Capacity: 246M
 Heap Max Capacity: 3936M
 Pre-touch: Disabled
 Parallel Workers: 13
 Concurrent Workers: 3
 Concurrent Refinement Workers: 13
 Periodic GC: Disabled

Heap:
 garbage-first heap   total 251904K, used 128861K [0x000000070a000000, 0x0000000800000000)
  region size 2048K, 15 young (30720K), 4 survivors (8192K)
 Metaspace       used 10471K, committed 10624K, reserved 1064960K
  class space    used 742K, committed 832K, reserved 1048576K

Heap Regions: E=young(eden), S=young(survivor), O=old, HS=humongous(starts), HC=humongous(continues), CS=collection set, F=free, OA=open archive, CA=closed archive, TAMS=top-at-mark-start (previous, next)
|   0|0x000000070a000000, 0x000000070a200000, 0x000000070a200000|100%| O|  |TAMS 0x000000070a000000, 0x000000070a000000| Untracked 
|   1|0x000000070a200000, 0x000000070a400000, 0x000000070a400000|100%|HS|  |TAMS 0x000000070a200000, 0x000000070a200000| Complete 
|   2|0x000000070a400000, 0x000000070a600000, 0x000000070a600000|100%|HS|  |TAMS 0x000000070a400000, 0x000000070a400000| Complete 
|   3|0x000000070a600000, 0x000000070a800000, 0x000000070a800000|100%|HS|  |TAMS 0x000000070a600000, 0x000000070a600000| Complete 
|   4|0x000000070a800000, 0x000000070aa00000, 0x000000070aa00000|100%| O|  |TAMS 0x000000070a800000, 0x000000070a800000| Untracked 
|   5|0x000000070aa00000, 0x000000070ac00000, 0x000000070ac00000|100%| O|  |TAMS 0x000000070aa00000, 0x000000070aa00000| Untracked 
|   6|0x000000070ac00000, 0x000000070ae00000, 0x000000070ae00000|100%| O|  |TAMS 0x000000070ac00000, 0x000000070ac00000| Untracked 
|   7|0x000000070ae00000, 0x000000070b000000, 0x000000070b000000|100%| O|  |TAMS 0x000000070ae00000, 0x000000070ae00000| Untracked 
|   8|0x000000070b000000, 0x000000070b200000, 0x000000070b200000|100%| O|  |TAMS 0x000000070b000000, 0x000000070b000000| Untracked 
|   9|0x000000070b200000, 0x000000070b400000, 0x000000070b400000|100%| O|  |TAMS 0x000000070b200000, 0x000000070b200000| Untracked 
|  10|0x000000070b400000, 0x000000070b600000, 0x000000070b600000|100%| O|  |TAMS 0x000000070b400000, 0x000000070b400000| Untracked 
|  11|0x000000070b600000, 0x000000070b800000, 0x000000070b800000|100%| O|  |TAMS 0x000000070b600000, 0x000000070b600000| Untracked 
|  12|0x000000070b800000, 0x000000070ba00000, 0x000000070ba00000|100%|HS|  |TAMS 0x000000070b800000, 0x000000070b800000| Complete 
|  13|0x000000070ba00000, 0x000000070bc00000, 0x000000070bc00000|100%|HS|  |TAMS 0x000000070ba00000, 0x000000070ba00000| Complete 
|  14|0x000000070bc00000, 0x000000070be00000, 0x000000070be00000|100%|HS|  |TAMS 0x000000070bc00000, 0x000000070bc00000| Complete 
|  15|0x000000070be00000, 0x000000070c000000, 0x000000070c000000|100%|HS|  |TAMS 0x000000070be00000, 0x000000070be00000| Complete 
|  16|0x000000070c000000, 0x000000070c200000, 0x000000070c200000|100%|HS|  |TAMS 0x000000070c000000, 0x000000070c000000| Complete 
|  17|0x000000070c200000, 0x000000070c400000, 0x000000070c400000|100%|HS|  |TAMS 0x000000070c200000, 0x000000070c200000| Complete 
|  18|0x000000070c400000, 0x000000070c600000, 0x000000070c600000|100%|HS|  |TAMS 0x000000070c400000, 0x000000070c400000| Complete 
|  19|0x000000070c600000, 0x000000070c800000, 0x000000070c800000|100%|HS|  |TAMS 0x000000070c600000, 0x000000070c600000| Complete 
|  20|0x000000070c800000, 0x000000070ca00000, 0x000000070ca00000|100%|HS|  |TAMS 0x000000070c800000, 0x000000070c800000| Complete 
|  21|0x000000070ca00000, 0x000000070cc00000, 0x000000070cc00000|100%|HS|  |TAMS 0x000000070ca00000, 0x000000070ca00000| Complete 
|  22|0x000000070cc00000, 0x000000070ce00000, 0x000000070ce00000|100%|HS|  |TAMS 0x000000070cc00000, 0x000000070cc00000| Complete 
|  23|0x000000070ce00000, 0x000000070d000000, 0x000000070d000000|100%|HS|  |TAMS 0x000000070ce00000, 0x000000070ce00000| Complete 
|  24|0x000000070d000000, 0x000000070d200000, 0x000000070d200000|100%|HS|  |TAMS 0x000000070d000000, 0x000000070d000000| Complete 
|  25|0x000000070d200000, 0x000000070d400000, 0x000000070d400000|100%|HS|  |TAMS 0x000000070d200000, 0x000000070d200000| Complete 
|  26|0x000000070d400000, 0x000000070d600000, 0x000000070d600000|100%|HS|  |TAMS 0x000000070d400000, 0x000000070d400000| Complete 
|  27|0x000000070d600000, 0x000000070d800000, 0x000000070d800000|100%|HS|  |TAMS 0x000000070d600000, 0x000000070d600000| Complete 
|  28|0x000000070d800000, 0x000000070da00000, 0x000000070da00000|100%|HS|  |TAMS 0x000000070d800000, 0x000000070d800000| Complete 
|  29|0x000000070da00000, 0x000000070dc00000, 0x000000070dc00000|100%|HS|  |TAMS 0x000000070da00000, 0x000000070da00000| Complete 
|  30|0x000000070dc00000, 0x000000070de00000, 0x000000070de00000|100%|HS|  |TAMS 0x000000070dc00000, 0x000000070dc00000| Complete 
|  31|0x000000070de00000, 0x000000070e000000, 0x000000070e000000|100%|HS|  |TAMS 0x000000070de00000, 0x000000070de00000| Complete 
|  32|0x000000070e000000, 0x000000070e200000, 0x000000070e200000|100%|HS|  |TAMS 0x000000070e000000, 0x000000070e000000| Complete 
|  33|0x000000070e200000, 0x000000070e400000, 0x000000070e400000|100%|HS|  |TAMS 0x000000070e200000, 0x000000070e200000| Complete 
|  34|0x000000070e400000, 0x000000070e600000, 0x000000070e600000|100%|HS|  |TAMS 0x000000070e400000, 0x000000070e400000| Complete 
|  35|0x000000070e600000, 0x000000070e800000, 0x000000070e800000|100%|HS|  |TAMS 0x000000070e600000, 0x000000070e600000| Complete 
|  36|0x000000070e800000, 0x000000070ea00000, 0x000000070ea00000|100%|HS|  |TAMS 0x000000070e800000, 0x000000070e800000| Complete 
|  37|0x000000070ea00000, 0x000000070ec00000, 0x000000070ec00000|100%|HS|  |TAMS 0x000000070ea00000, 0x000000070ea00000| Complete 
|  38|0x000000070ec00000, 0x000000070ee00000, 0x000000070ee00000|100%|HS|  |TAMS 0x000000070ec00000, 0x000000070ec00000| Complete 
|  39|0x000000070ee00000, 0x000000070f000000, 0x000000070f000000|100%|HS|  |TAMS 0x000000070ee00000, 0x000000070ee00000| Complete 
|  40|0x000000070f000000, 0x000000070f200000, 0x000000070f200000|100%|HS|  |TAMS 0x000000070f000000, 0x000000070f000000| Complete 
|  41|0x000000070f200000, 0x000000070f400000, 0x000000070f400000|100%|HS|  |TAMS 0x000000070f200000, 0x000000070f200000| Complete 
|  42|0x000000070f400000, 0x000000070f600000, 0x000000070f600000|100%| O|  |TAMS 0x000000070f400000, 0x000000070f400000| Untracked 
|  43|0x000000070f600000, 0x000000070f800000, 0x000000070f800000|100%| O|  |TAMS 0x000000070f600000, 0x000000070f600000| Untracked 
|  44|0x000000070f800000, 0x000000070fa00000, 0x000000070fa00000|100%|HS|  |TAMS 0x000000070f800000, 0x000000070f800000| Complete 
|  45|0x000000070fa00000, 0x000000070fc00000, 0x000000070fc00000|100%|HS|  |TAMS 0x000000070fa00000, 0x000000070fa00000| Complete 
|  46|0x000000070fc00000, 0x000000070fe00000, 0x000000070fe00000|100%|HS|  |TAMS 0x000000070fc00000, 0x000000070fc00000| Complete 
|  47|0x000000070fe00000, 0x000000070fe00000, 0x0000000710000000|  0%| F|  |TAMS 0x000000070fe00000, 0x000000070fe00000| Untracked 
|  48|0x0000000710000000, 0x0000000710000000, 0x0000000710200000|  0%| F|  |TAMS 0x0000000710000000, 0x0000000710000000| Untracked 
|  49|0x0000000710200000, 0x0000000710200000, 0x0000000710400000|  0%| F|  |TAMS 0x0000000710200000, 0x0000000710200000| Untracked 
|  50|0x0000000710400000, 0x0000000710600000, 0x0000000710600000|100%| O|  |TAMS 0x0000000710400000, 0x0000000710400000| Untracked 
|  51|0x0000000710600000, 0x0000000710800000, 0x0000000710800000|100%| O|  |TAMS 0x0000000710600000, 0x0000000710600000| Untracked 
|  52|0x0000000710800000, 0x00000007108a8800, 0x0000000710a00000| 32%| O|  |TAMS 0x0000000710800000, 0x0000000710800000| Untracked 
|  53|0x0000000710a00000, 0x0000000710a00000, 0x0000000710c00000|  0%| F|  |TAMS 0x0000000710a00000, 0x0000000710a00000| Untracked 
|  54|0x0000000710c00000, 0x0000000710c00000, 0x0000000710e00000|  0%| F|  |TAMS 0x0000000710c00000, 0x0000000710c00000| Untracked 
|  55|0x0000000710e00000, 0x0000000710e00000, 0x0000000711000000|  0%| F|  |TAMS 0x0000000710e00000, 0x0000000710e00000| Untracked 
|  56|0x0000000711000000, 0x0000000711000000, 0x0000000711200000|  0%| F|  |TAMS 0x0000000711000000, 0x0000000711000000| Untracked 
|  57|0x0000000711200000, 0x0000000711200000, 0x0000000711400000|  0%| F|  |TAMS 0x0000000711200000, 0x0000000711200000| Untracked 
|  58|0x0000000711400000, 0x0000000711400000, 0x0000000711600000|  0%| F|  |TAMS 0x0000000711400000, 0x0000000711400000| Untracked 
|  59|0x0000000711600000, 0x0000000711600000, 0x0000000711800000|  0%| F|  |TAMS 0x0000000711600000, 0x0000000711600000| Untracked 
|  60|0x0000000711800000, 0x0000000711800000, 0x0000000711a00000|  0%| F|  |TAMS 0x0000000711800000, 0x0000000711800000| Untracked 
|  61|0x0000000711a00000, 0x0000000711a00000, 0x0000000711c00000|  0%| F|  |TAMS 0x0000000711a00000, 0x0000000711a00000| Untracked 
|  62|0x0000000711c00000, 0x0000000711c00000, 0x0000000711e00000|  0%| F|  |TAMS 0x0000000711c00000, 0x0000000711c00000| Untracked 
|  63|0x0000000711e00000, 0x0000000711f2eee0, 0x0000000712000000| 59%| S|CS|TAMS 0x0000000711e00000, 0x0000000711e00000| Complete 
|  64|0x0000000712000000, 0x0000000712200000, 0x0000000712200000|100%| S|CS|TAMS 0x0000000712000000, 0x0000000712000000| Complete 
|  65|0x0000000712200000, 0x0000000712400000, 0x0000000712400000|100%| S|CS|TAMS 0x0000000712200000, 0x0000000712200000| Complete 
|  66|0x0000000712400000, 0x0000000712600000, 0x0000000712600000|100%| S|CS|TAMS 0x0000000712400000, 0x0000000712400000| Complete 
|  67|0x0000000712600000, 0x0000000712600000, 0x0000000712800000|  0%| F|  |TAMS 0x0000000712600000, 0x0000000712600000| Untracked 
|  68|0x0000000712800000, 0x0000000712800000, 0x0000000712a00000|  0%| F|  |TAMS 0x0000000712800000, 0x0000000712800000| Untracked 
|  69|0x0000000712a00000, 0x0000000712a00000, 0x0000000712c00000|  0%| F|  |TAMS 0x0000000712a00000, 0x0000000712a00000| Untracked 
|  70|0x0000000712c00000, 0x0000000712c00000, 0x0000000712e00000|  0%| F|  |TAMS 0x0000000712c00000, 0x0000000712c00000| Untracked 
|  71|0x0000000712e00000, 0x0000000712e00000, 0x0000000713000000|  0%| F|  |TAMS 0x0000000712e00000, 0x0000000712e00000| Untracked 
|  72|0x0000000713000000, 0x0000000713000000, 0x0000000713200000|  0%| F|  |TAMS 0x0000000713000000, 0x0000000713000000| Untracked 
|  73|0x0000000713200000, 0x0000000713200000, 0x0000000713400000|  0%| F|  |TAMS 0x0000000713200000, 0x0000000713200000| Untracked 
|  74|0x0000000713400000, 0x0000000713400000, 0x0000000713600000|  0%| F|  |TAMS 0x0000000713400000, 0x0000000713400000| Untracked 
|  75|0x0000000713600000, 0x0000000713600000, 0x0000000713800000|  0%| F|  |TAMS 0x0000000713600000, 0x0000000713600000| Untracked 
|  76|0x0000000713800000, 0x0000000713800000, 0x0000000713a00000|  0%| F|  |TAMS 0x0000000713800000, 0x0000000713800000| Untracked 
|  77|0x0000000713a00000, 0x0000000713a00000, 0x0000000713c00000|  0%| F|  |TAMS 0x0000000713a00000, 0x0000000713a00000| Untracked 
|  78|0x0000000713c00000, 0x0000000713c00000, 0x0000000713e00000|  0%| F|  |TAMS 0x0000000713c00000, 0x0000000713c00000| Untracked 
|  79|0x0000000713e00000, 0x0000000713e00000, 0x0000000714000000|  0%| F|  |TAMS 0x0000000713e00000, 0x0000000713e00000| Untracked 
|  80|0x0000000714000000, 0x0000000714000000, 0x0000000714200000|  0%| F|  |TAMS 0x0000000714000000, 0x0000000714000000| Untracked 
|  81|0x0000000714200000, 0x0000000714200000, 0x0000000714400000|  0%| F|  |TAMS 0x0000000714200000, 0x0000000714200000| Untracked 
|  82|0x0000000714400000, 0x0000000714400000, 0x0000000714600000|  0%| F|  |TAMS 0x0000000714400000, 0x0000000714400000| Untracked 
|  83|0x0000000714600000, 0x0000000714600000, 0x0000000714800000|  0%| F|  |TAMS 0x0000000714600000, 0x0000000714600000| Untracked 
|  84|0x0000000714800000, 0x0000000714800000, 0x0000000714a00000|  0%| F|  |TAMS 0x0000000714800000, 0x0000000714800000| Untracked 
|  85|0x0000000714a00000, 0x0000000714a00000, 0x0000000714c00000|  0%| F|  |TAMS 0x0000000714a00000, 0x0000000714a00000| Untracked 
|  86|0x0000000714c00000, 0x0000000714c00000, 0x0000000714e00000|  0%| F|  |TAMS 0x0000000714c00000, 0x0000000714c00000| Untracked 
|  87|0x0000000714e00000, 0x0000000714e00000, 0x0000000715000000|  0%| F|  |TAMS 0x0000000714e00000, 0x0000000714e00000| Untracked 
|  88|0x0000000715000000, 0x0000000715000000, 0x0000000715200000|  0%| F|  |TAMS 0x0000000715000000, 0x0000000715000000| Untracked 
|  89|0x0000000715200000, 0x0000000715200000, 0x0000000715400000|  0%| F|  |TAMS 0x0000000715200000, 0x0000000715200000| Untracked 
|  90|0x0000000715400000, 0x0000000715400000, 0x0000000715600000|  0%| F|  |TAMS 0x0000000715400000, 0x0000000715400000| Untracked 
|  91|0x0000000715600000, 0x0000000715600000, 0x0000000715800000|  0%| F|  |TAMS 0x0000000715600000, 0x0000000715600000| Untracked 
|  92|0x0000000715800000, 0x0000000715800000, 0x0000000715a00000|  0%| F|  |TAMS 0x0000000715800000, 0x0000000715800000| Untracked 
|  93|0x0000000715a00000, 0x0000000715a00000, 0x0000000715c00000|  0%| F|  |TAMS 0x0000000715a00000, 0x0000000715a00000| Untracked 
|  94|0x0000000715c00000, 0x0000000715c00000, 0x0000000715e00000|  0%| F|  |TAMS 0x0000000715c00000, 0x0000000715c00000| Untracked 
|  95|0x0000000715e00000, 0x0000000715e00000, 0x0000000716000000|  0%| F|  |TAMS 0x0000000715e00000, 0x0000000715e00000| Untracked 
|  96|0x0000000716000000, 0x0000000716000000, 0x0000000716200000|  0%| F|  |TAMS 0x0000000716000000, 0x0000000716000000| Untracked 
|  97|0x0000000716200000, 0x0000000716200000, 0x0000000716400000|  0%| F|  |TAMS 0x0000000716200000, 0x0000000716200000| Untracked 
|  98|0x0000000716400000, 0x0000000716400000, 0x0000000716600000|  0%| F|  |TAMS 0x0000000716400000, 0x0000000716400000| Untracked 
|  99|0x0000000716600000, 0x0000000716600000, 0x0000000716800000|  0%| F|  |TAMS 0x0000000716600000, 0x0000000716600000| Untracked 
| 100|0x0000000716800000, 0x0000000716800000, 0x0000000716a00000|  0%| F|  |TAMS 0x0000000716800000, 0x0000000716800000| Untracked 
| 101|0x0000000716a00000, 0x0000000716a00000, 0x0000000716c00000|  0%| F|  |TAMS 0x0000000716a00000, 0x0000000716a00000| Untracked 
| 102|0x0000000716c00000, 0x0000000716c00000, 0x0000000716e00000|  0%| F|  |TAMS 0x0000000716c00000, 0x0000000716c00000| Untracked 
| 103|0x0000000716e00000, 0x0000000716e00000, 0x0000000717000000|  0%| F|  |TAMS 0x0000000716e00000, 0x0000000716e00000| Untracked 
| 104|0x0000000717000000, 0x0000000717000000, 0x0000000717200000|  0%| F|  |TAMS 0x0000000717000000, 0x0000000717000000| Untracked 
| 105|0x0000000717200000, 0x0000000717200000, 0x0000000717400000|  0%| F|  |TAMS 0x0000000717200000, 0x0000000717200000| Untracked 
| 106|0x0000000717400000, 0x0000000717400000, 0x0000000717600000|  0%| F|  |TAMS 0x0000000717400000, 0x0000000717400000| Untracked 
| 107|0x0000000717600000, 0x0000000717600000, 0x0000000717800000|  0%| F|  |TAMS 0x0000000717600000, 0x0000000717600000| Untracked 
| 108|0x0000000717800000, 0x0000000717800000, 0x0000000717a00000|  0%| F|  |TAMS 0x0000000717800000, 0x0000000717800000| Untracked 
| 109|0x0000000717a00000, 0x0000000717a00000, 0x0000000717c00000|  0%| F|  |TAMS 0x0000000717a00000, 0x0000000717a00000| Untracked 
| 110|0x0000000717c00000, 0x0000000717c00000, 0x0000000717e00000|  0%| F|  |TAMS 0x0000000717c00000, 0x0000000717c00000| Untracked 
| 111|0x0000000717e00000, 0x0000000717e00000, 0x0000000718000000|  0%| F|  |TAMS 0x0000000717e00000, 0x0000000717e00000| Untracked 
| 112|0x0000000718000000, 0x0000000718100800, 0x0000000718200000| 50%| E|  |TAMS 0x0000000718000000, 0x0000000718000000| Complete 
| 113|0x0000000718200000, 0x0000000718400000, 0x0000000718400000|100%| E|CS|TAMS 0x0000000718200000, 0x0000000718200000| Complete 
| 114|0x0000000718400000, 0x0000000718600000, 0x0000000718600000|100%| E|CS|TAMS 0x0000000718400000, 0x0000000718400000| Complete 
| 115|0x0000000718600000, 0x0000000718800000, 0x0000000718800000|100%| E|CS|TAMS 0x0000000718600000, 0x0000000718600000| Complete 
| 116|0x0000000718800000, 0x0000000718a00000, 0x0000000718a00000|100%| E|CS|TAMS 0x0000000718800000, 0x0000000718800000| Complete 
| 117|0x0000000718a00000, 0x0000000718c00000, 0x0000000718c00000|100%| E|CS|TAMS 0x0000000718a00000, 0x0000000718a00000| Complete 
| 118|0x0000000718c00000, 0x0000000718e00000, 0x0000000718e00000|100%| E|CS|TAMS 0x0000000718c00000, 0x0000000718c00000| Complete 
| 119|0x0000000718e00000, 0x0000000719000000, 0x0000000719000000|100%| E|CS|TAMS 0x0000000718e00000, 0x0000000718e00000| Complete 
| 120|0x0000000719000000, 0x0000000719200000, 0x0000000719200000|100%| E|CS|TAMS 0x0000000719000000, 0x0000000719000000| Complete 
| 121|0x0000000719200000, 0x0000000719400000, 0x0000000719400000|100%| E|CS|TAMS 0x0000000719200000, 0x0000000719200000| Complete 
| 122|0x0000000719400000, 0x0000000719600000, 0x0000000719600000|100%| E|CS|TAMS 0x0000000719400000, 0x0000000719400000| Complete 

Card table byte_map: [0x00000157f6c40000,0x00000157f73f0000] _byte_map_base: 0x00000157f33f0000

Marking Bits (Prev, Next): (CMBitMap*) 0x00000157ec27b170, (CMBitMap*) 0x00000157ec27b1b0
 Prev Bits: [0x00000157f7ba0000, 0x00000157fb920000)
 Next Bits: [0x00000157fb920000, 0x00000157ff6a0000)

Polling page: 0x00000157f54a0000

Metaspace:

Usage:
  Non-class:      9.50 MB used.
      Class:    742.19 KB used.
       Both:     10.23 MB used.

Virtual space:
  Non-class space:       16.00 MB reserved,       9.56 MB ( 60%) committed,  2 nodes.
      Class space:        1.00 GB reserved,     832.00 KB ( <1%) committed,  1 nodes.
             Both:        1.02 GB reserved,      10.38 MB ( <1%) committed. 

Chunk freelists:
   Non-Class:  608.00 KB
       Class:  3.16 MB
        Both:  3.76 MB

MaxMetaspaceSize: unlimited
CompressedClassSpaceSize: 1.00 GB
Initial GC threshold: 21.00 MB
Current GC threshold: 21.00 MB
CDS: on
MetaspaceReclaimPolicy: balanced
 - commit_granule_bytes: 65536.
 - commit_granule_words: 8192.
 - virtual_space_node_default_size: 1048576.
 - enlarge_chunks_in_place: 1.
 - new_chunks_are_fully_committed: 0.
 - uncommit_free_chunks: 1.
 - use_allocation_guard: 0.
 - handle_deallocations: 1.


Internal statistics:

num_allocs_failed_limit: 0.
num_arena_births: 60.
num_arena_deaths: 0.
num_vsnodes_births: 3.
num_vsnodes_deaths: 0.
num_space_committed: 164.
num_space_uncommitted: 0.
num_chunks_returned_to_freelist: 0.
num_chunks_taken_from_freelist: 348.
num_chunk_merges: 0.
num_chunk_splits: 286.
num_chunks_enlarged: 252.
num_purges: 0.
num_inconsistent_stats: 0.

CodeHeap 'non-profiled nmethods': size=119168Kb used=1972Kb max_used=1972Kb free=117195Kb
 bounds [0x0000015787ba0000, 0x0000015787e10000, 0x000001578f000000]
CodeHeap 'profiled nmethods': size=119104Kb used=4198Kb max_used=4198Kb free=114905Kb
 bounds [0x0000015780750000, 0x0000015780b70000, 0x0000015787ba0000]
CodeHeap 'non-nmethods': size=7488Kb used=1664Kb max_used=3394Kb free=5823Kb
 bounds [0x0000015780000000, 0x0000015780360000, 0x0000015780750000]
 total_blobs=3526 nmethods=2416 adapters=1023
 compilation: enabled
              stopped_count=0, restarted_count=0
 full_count=0

Compilation events (20 events):
Event: 28.582 Thread 0x000001579173b960 2410   !   4       java.net.URL::<init> (543 bytes)
Event: 28.582 Thread 0x000001579173eac0 2411       3       java.lang.Boolean::valueOf (14 bytes)
Event: 28.582 Thread 0x000001579173eac0 nmethod 2411 0x0000015780b68990 code [0x0000015780b68b20, 0x0000015780b68c98]
Event: 28.583 Thread 0x000001579173eac0 2412       3       java.lang.reflect.Executable::<init> (5 bytes)
Event: 28.583 Thread 0x000001579173eac0 nmethod 2412 0x0000015780b68d10 code [0x0000015780b68ec0, 0x0000015780b69078]
Event: 28.584 Thread 0x000001579173eac0 2413       3       jdk.internal.reflect.ReflectionFactory::getExecutableSharedParameterTypes (11 bytes)
Event: 28.584 Thread 0x000001579173eac0 nmethod 2413 0x0000015780b69190 code [0x0000015780b69340, 0x0000015780b695c8]
Event: 28.584 Thread 0x000001579173eac0 2414       3       java.lang.reflect.ReflectAccess::getExecutableSharedParameterTypes (5 bytes)
Event: 28.584 Thread 0x000001579173eac0 nmethod 2414 0x0000015780b69710 code [0x0000015780b698c0, 0x0000015780b69a88]
Event: 28.585 Thread 0x000001579173eac0 2416       1       com.sun.media.sound.AbstractLine::isOpen (5 bytes)
Event: 28.585 Thread 0x000001579173eac0 nmethod 2416 0x0000015787d85a10 code [0x0000015787d85ba0, 0x0000015787d85c78]
Event: 28.586 Thread 0x000001579173eac0 2417       1       com.sun.media.sound.AbstractDataLine::getBufferSize (5 bytes)
Event: 28.586 Thread 0x000001579173eac0 nmethod 2417 0x0000015787d85d10 code [0x0000015787d85ea0, 0x0000015787d85f78]
Event: 28.627 Thread 0x000001579173b960 nmethod 2410 0x0000015787d86010 code [0x0000015787d86320, 0x0000015787d88448]
Event: 28.627 Thread 0x000001579173b960 2415       4       jdk.internal.ref.CleanerFactory::cleaner (4 bytes)
Event: 28.627 Thread 0x000001579173b960 nmethod 2415 0x0000015787d89d90 code [0x0000015787d89f00, 0x0000015787d89f58]
Event: 29.034 Thread 0x000001579173b960 2418       4       com.badlogic.gdx.graphics.g3d.environment.PointLight::set (17 bytes)
Event: 29.035 Thread 0x000001579173b960 nmethod 2418 0x0000015787d8a090 code [0x0000015787d8a220, 0x0000015787d8a378]
Event: 29.507 Thread 0x000001579173b960 2419       4       java.util.Formatter$FormatSpecifier::localizedMagnitude (419 bytes)
Event: 29.524 Thread 0x000001579173b960 nmethod 2419 0x0000015787d8a510 code [0x0000015787d8a700, 0x0000015787d8bcb8]

GC Heap History (10 events):
Event: 0.981 GC heap before
{Heap before GC invocations=0 (full 0):
 garbage-first heap   total 251904K, used 22528K [0x000000070a000000, 0x0000000800000000)
  region size 2048K, 11 young (22528K), 0 survivors (0K)
 Metaspace       used 7052K, committed 7232K, reserved 1064960K
  class space    used 427K, committed 512K, reserved 1048576K
}
Event: 0.984 GC heap after
{Heap after GC invocations=1 (full 0):
 garbage-first heap   total 251904K, used 2557K [0x000000070a000000, 0x0000000800000000)
  region size 2048K, 2 young (4096K), 2 survivors (4096K)
 Metaspace       used 7052K, committed 7232K, reserved 1064960K
  class space    used 427K, committed 512K, reserved 1048576K
}
Event: 5.748 GC heap before
{Heap before GC invocations=1 (full 0):
 garbage-first heap   total 251904K, used 47613K [0x000000070a000000, 0x0000000800000000)
  region size 2048K, 20 young (40960K), 2 survivors (4096K)
 Metaspace       used 9799K, committed 9856K, reserved 1064960K
  class space    used 677K, committed 704K, reserved 1048576K
}
Event: 5.757 GC heap after
{Heap after GC invocations=2 (full 0):
 garbage-first heap   total 251904K, used 22661K [0x000000070a000000, 0x0000000800000000)
  region size 2048K, 3 young (6144K), 3 survivors (6144K)
 Metaspace       used 9799K, committed 9856K, reserved 1064960K
  class space    used 677K, committed 704K, reserved 1048576K
}
Event: 6.214 GC heap before
{Heap before GC invocations=2 (full 0):
 garbage-first heap   total 251904K, used 28805K [0x000000070a000000, 0x0000000800000000)
  region size 2048K, 6 young (12288K), 3 survivors (6144K)
 Metaspace       used 9816K, committed 9984K, reserved 1064960K
  class space    used 677K, committed 704K, reserved 1048576K
}
Event: 6.219 GC heap after
{Heap after GC invocations=3 (full 0):
 garbage-first heap   total 251904K, used 24651K [0x000000070a000000, 0x0000000800000000)
  region size 2048K, 1 young (2048K), 1 survivors (2048K)
 Metaspace       used 9816K, committed 9984K, reserved 1064960K
  class space    used 677K, committed 704K, reserved 1048576K
}
Event: 18.378 GC heap before
{Heap before GC invocations=3 (full 0):
 garbage-first heap   total 251904K, used 208971K [0x000000070a000000, 0x0000000800000000)
  region size 2048K, 73 young (149504K), 1 survivors (2048K)
 Metaspace       used 10331K, committed 10432K, reserved 1064960K
  class space    used 727K, committed 768K, reserved 1048576K
}
Event: 18.382 GC heap after
{Heap after GC invocations=4 (full 0):
 garbage-first heap   total 251904K, used 71031K [0x000000070a000000, 0x0000000800000000)
  region size 2048K, 6 young (12288K), 6 survivors (12288K)
 Metaspace       used 10331K, committed 10432K, reserved 1064960K
  class space    used 727K, committed 768K, reserved 1048576K
}
Event: 28.083 GC heap before
{Heap before GC invocations=4 (full 0):
 garbage-first heap   total 251904K, used 208247K [0x000000070a000000, 0x0000000800000000)
  region size 2048K, 62 young (126976K), 6 survivors (12288K)
 Metaspace       used 10454K, committed 10624K, reserved 1064960K
  class space    used 740K, committed 832K, reserved 1048576K
}
Event: 28.089 GC heap after
{Heap after GC invocations=5 (full 0):
 garbage-first heap   total 251904K, used 102237K [0x000000070a000000, 0x0000000800000000)
  region size 2048K, 4 young (8192K), 4 survivors (8192K)
 Metaspace       used 10454K, committed 10624K, reserved 1064960K
  class space    used 740K, committed 832K, reserved 1048576K
}

Deoptimization events (20 events):
Event: 13.027 Thread 0x00000157ec2230f0 Uncommon trap: trap_request=0xffffff45 fr.pc=0x0000015787d243ac relative=0x0000000000000f6c
Event: 13.027 Thread 0x00000157ec2230f0 Uncommon trap: reason=unstable_if action=reinterpret pc=0x0000015787d243ac method=com.badlogic.gdx.utils.TimSort.mergeHi(IIII)V @ 413 c2
Event: 13.027 Thread 0x00000157ec2230f0 DEOPT PACKING pc=0x0000015787d243ac sp=0x00000041c12fe7f0
Event: 13.027 Thread 0x00000157ec2230f0 DEOPT UNPACKING pc=0x00000157800523a3 sp=0x00000041c12fe7f8 mode 2
Event: 13.043 Thread 0x00000157ec2230f0 DEOPT PACKING pc=0x0000015780b50c88 sp=0x00000041c12fe800
Event: 13.043 Thread 0x00000157ec2230f0 DEOPT UNPACKING pc=0x0000015780052b43 sp=0x00000041c12fdcd8 mode 0
Event: 13.043 Thread 0x00000157ec2230f0 DEOPT PACKING pc=0x0000015780b50c88 sp=0x00000041c12fe800
Event: 13.043 Thread 0x00000157ec2230f0 DEOPT UNPACKING pc=0x0000015780052b43 sp=0x00000041c12fdcd8 mode 0
Event: 13.076 Thread 0x00000157ec2230f0 DEOPT PACKING pc=0x0000015780b53d11 sp=0x00000041c12fe7f0
Event: 13.076 Thread 0x00000157ec2230f0 DEOPT UNPACKING pc=0x0000015780052b43 sp=0x00000041c12fdce8 mode 0
Event: 13.111 Thread 0x00000157ec2230f0 DEOPT PACKING pc=0x0000015780b53d11 sp=0x00000041c12fe7f0
Event: 13.111 Thread 0x00000157ec2230f0 DEOPT UNPACKING pc=0x0000015780052b43 sp=0x00000041c12fdce8 mode 0
Event: 13.144 Thread 0x00000157ec2230f0 DEOPT PACKING pc=0x0000015780b53d11 sp=0x00000041c12fe7f0
Event: 13.144 Thread 0x00000157ec2230f0 DEOPT UNPACKING pc=0x0000015780052b43 sp=0x00000041c12fdce8 mode 0
Event: 13.193 Thread 0x00000157ec2230f0 DEOPT PACKING pc=0x0000015780b53d11 sp=0x00000041c12fe7f0
Event: 13.193 Thread 0x00000157ec2230f0 DEOPT UNPACKING pc=0x0000015780052b43 sp=0x00000041c12fdce8 mode 0
Event: 13.228 Thread 0x00000157ec2230f0 DEOPT PACKING pc=0x0000015780b53d11 sp=0x00000041c12fe7f0
Event: 13.228 Thread 0x00000157ec2230f0 DEOPT UNPACKING pc=0x0000015780052b43 sp=0x00000041c12fdce8 mode 0
Event: 13.260 Thread 0x00000157ec2230f0 DEOPT PACKING pc=0x0000015780b53d11 sp=0x00000041c12fe7f0
Event: 13.260 Thread 0x00000157ec2230f0 DEOPT UNPACKING pc=0x0000015780052b43 sp=0x00000041c12fdce8 mode 0

Classes unloaded (0 events):
No events

Classes redefined (0 events):
No events

Internal exceptions (20 events):
Event: 0.169 Thread 0x00000157ec2230f0 Exception <a 'java/lang/NoSuchMethodError'{0x0000000718e3e940}: 'void java.lang.invoke.DirectMethodHandle$Holder.invokeStatic(java.lang.Object, java.lang.Object)'> (0x0000000718e3e940) 
thrown [e:\jenkins\tmp\workspace\build\src\src\hotspot\share\interpreter\linkResolver.cpp, line 766]
Event: 0.170 Thread 0x00000157ec2230f0 Exception <a 'java/lang/NoSuchMethodError'{0x0000000718e44188}: 'void java.lang.invoke.DirectMethodHandle$Holder.invokeSpecial(java.lang.Object, java.lang.Object, java.lang.Object)'> (0x0000000718e44188) 
thrown [e:\jenkins\tmp\workspace\build\src\src\hotspot\share\interpreter\linkResolver.cpp, line 766]
Event: 0.172 Thread 0x00000157ec2230f0 Exception <a 'java/lang/NoSuchMethodError'{0x0000000718e57510}: 'java.lang.Object java.lang.invoke.DirectMethodHandle$Holder.invokeStatic(java.lang.Object, java.lang.Object, int)'> (0x0000000718e57510) 
thrown [e:\jenkins\tmp\workspace\build\src\src\hotspot\share\interpreter\linkResolver.cpp, line 766]
Event: 0.173 Thread 0x00000157ec2230f0 Exception <a 'java/lang/NoSuchMethodError'{0x0000000718e63280}: 'void java.lang.invoke.DelegatingMethodHandle$Holder.delegate(java.lang.Object, java.lang.Object, int, java.lang.Object)'> (0x0000000718e63280) 
thrown [e:\jenkins\tmp\workspace\build\src\src\hotspot\share\interpreter\linkResolver.cpp, line 766]
Event: 0.173 Thread 0x00000157ec2230f0 Exception <a 'java/lang/NoSuchMethodError'{0x0000000718e674c0}: 'int java.lang.invoke.DirectMethodHandle$Holder.invokeSpecial(java.lang.Object, java.lang.Object, java.lang.Object)'> (0x0000000718e674c0) 
thrown [e:\jenkins\tmp\workspace\build\src\src\hotspot\share\interpreter\linkResolver.cpp, line 766]
Event: 0.198 Thread 0x00000157ec2230f0 Exception <a 'sun/nio/fs/WindowsException'{0x0000000718f0e200}> (0x0000000718f0e200) 
thrown [e:\jenkins\tmp\workspace\build\src\src\hotspot\share\prims\jni.cpp, line 516]
Event: 0.198 Thread 0x00000157ec2230f0 Exception <a 'sun/nio/fs/WindowsException'{0x0000000718f0e758}> (0x0000000718f0e758) 
thrown [e:\jenkins\tmp\workspace\build\src\src\hotspot\share\prims\jni.cpp, line 516]
Event: 0.218 Thread 0x00000157ec2230f0 Exception <a 'sun/nio/fs/WindowsException'{0x0000000718ffc4d8}> (0x0000000718ffc4d8) 
thrown [e:\jenkins\tmp\workspace\build\src\src\hotspot\share\prims\jni.cpp, line 516]
Event: 0.218 Thread 0x00000157ec2230f0 Exception <a 'sun/nio/fs/WindowsException'{0x0000000718ffc878}> (0x0000000718ffc878) 
thrown [e:\jenkins\tmp\workspace\build\src\src\hotspot\share\prims\jni.cpp, line 516]
Event: 0.235 Thread 0x00000157ec2230f0 Exception <a 'sun/nio/fs/WindowsException'{0x0000000718caadf0}> (0x0000000718caadf0) 
thrown [e:\jenkins\tmp\workspace\build\src\src\hotspot\share\prims\jni.cpp, line 516]
Event: 0.235 Thread 0x00000157ec2230f0 Exception <a 'sun/nio/fs/WindowsException'{0x0000000718cab160}> (0x0000000718cab160) 
thrown [e:\jenkins\tmp\workspace\build\src\src\hotspot\share\prims\jni.cpp, line 516]
Event: 0.274 Thread 0x00000157ec2230f0 Exception <a 'sun/nio/fs/WindowsException'{0x0000000718d30288}> (0x0000000718d30288) 
thrown [e:\jenkins\tmp\workspace\build\src\src\hotspot\share\prims\jni.cpp, line 516]
Event: 0.274 Thread 0x00000157ec2230f0 Exception <a 'sun/nio/fs/WindowsException'{0x0000000718d30610}> (0x0000000718d30610) 
thrown [e:\jenkins\tmp\workspace\build\src\src\hotspot\share\prims\jni.cpp, line 516]
Event: 0.725 Thread 0x00000157ec2230f0 Exception <a 'sun/nio/fs/WindowsException'{0x0000000718b12e78}> (0x0000000718b12e78) 
thrown [e:\jenkins\tmp\workspace\build\src\src\hotspot\share\prims\jni.cpp, line 516]
Event: 0.726 Thread 0x00000157ec2230f0 Exception <a 'sun/nio/fs/WindowsException'{0x0000000718b13228}> (0x0000000718b13228) 
thrown [e:\jenkins\tmp\workspace\build\src\src\hotspot\share\prims\jni.cpp, line 516]
Event: 0.728 Thread 0x00000157ec2230f0 Exception <a 'sun/nio/fs/WindowsException'{0x0000000718b1f3c0}> (0x0000000718b1f3c0) 
thrown [e:\jenkins\tmp\workspace\build\src\src\hotspot\share\prims\jni.cpp, line 516]
Event: 0.728 Thread 0x00000157ec2230f0 Exception <a 'sun/nio/fs/WindowsException'{0x0000000718b1f6a8}> (0x0000000718b1f6a8) 
thrown [e:\jenkins\tmp\workspace\build\src\src\hotspot\share\prims\jni.cpp, line 516]
Event: 5.132 Thread 0x00000157ec2230f0 Implicit null exception at 0x0000015787c0e0b0 to 0x0000015787c0e288
Event: 5.148 Thread 0x00000157ec2230f0 Implicit null exception at 0x0000015787c1823f to 0x0000015787c1831c
Event: 6.325 Thread 0x0000015791730570 Implicit null exception at 0x0000015787c0fbdf to 0x0000015787c0fc9c

VM Operations (20 events):
Event: 23.721 Executing VM operation: ICBufferFull
Event: 23.721 Executing VM operation: ICBufferFull done
Event: 24.354 Executing VM operation: ICBufferFull
Event: 24.354 Executing VM operation: ICBufferFull done
Event: 25.021 Executing VM operation: ICBufferFull
Event: 25.021 Executing VM operation: ICBufferFull done
Event: 25.689 Executing VM operation: ICBufferFull
Event: 25.689 Executing VM operation: ICBufferFull done
Event: 26.355 Executing VM operation: ICBufferFull
Event: 26.355 Executing VM operation: ICBufferFull done
Event: 27.021 Executing VM operation: ICBufferFull
Event: 27.021 Executing VM operation: ICBufferFull done
Event: 27.691 Executing VM operation: ICBufferFull
Event: 27.691 Executing VM operation: ICBufferFull done
Event: 28.083 Executing VM operation: G1CollectForAllocation
Event: 28.089 Executing VM operation: G1CollectForAllocation done
Event: 29.524 Executing VM operation: HandshakeAllThreads
Event: 29.524 Executing VM operation: HandshakeAllThreads done
Event: 29.524 Executing VM operation: Cleanup
Event: 29.524 Executing VM operation: Cleanup done

Events (20 events):
Event: 24.667 Thread 0x00000157a3cf6d60 Thread added: 0x00000157a3cf6d60
Event: 24.867 Thread 0x00000157a3cf46e0 Thread exited: 0x00000157a3cf46e0
Event: 24.880 Thread 0x00000157a3cf8570 Thread added: 0x00000157a3cf8570
Event: 24.883 Thread 0x00000157a3cf5550 Thread added: 0x00000157a3cf5550
Event: 25.784 Thread 0x00000157a3cf8570 Thread exited: 0x00000157a3cf8570
Event: 26.046 Thread 0x00000157a3cf9d80 Thread added: 0x00000157a3cf9d80
Event: 26.049 Thread 0x00000157a3cf8570 Thread added: 0x00000157a3cf8570
Event: 26.051 Thread 0x00000157a3cf8a40 Thread added: 0x00000157a3cf8a40
Event: 26.053 Thread 0x00000157a3cfa720 Thread added: 0x00000157a3cfa720
Event: 26.250 Thread 0x00000157a3cf9d80 Thread exited: 0x00000157a3cf9d80
Event: 26.955 Thread 0x00000157a3cf8a40 Thread exited: 0x00000157a3cf8a40
Event: 28.182 Thread 0x00000157a3cf8a40 Thread added: 0x00000157a3cf8a40
Event: 28.184 Thread 0x00000157a3cf9d80 Thread added: 0x00000157a3cf9d80
Event: 28.388 Thread 0x00000157a3cf8a40 Thread exited: 0x00000157a3cf8a40
Event: 28.580 Thread 0x00000157a3cf2ed0 Thread added: 0x00000157a3cf2ed0
Event: 28.582 Thread 0x00000157a3cf33a0 Thread added: 0x00000157a3cf33a0
Event: 28.585 Thread 0x00000157a3cf3870 Thread added: 0x00000157a3cf3870
Event: 28.588 Thread 0x00000157a3cf8a40 Thread added: 0x00000157a3cf8a40
Event: 28.789 Thread 0x00000157a3cf33a0 Thread exited: 0x00000157a3cf33a0
Event: 29.486 Thread 0x00000157a3cf2ed0 Thread exited: 0x00000157a3cf2ed0


Dynamic libraries:
0x00007ff7d8a20000 - 0x00007ff7d8a2e000 	C:\Program Files\Eclipse Adoptium\jdk-17.0.1.12-hotspot\bin\java.exe
0x00007ffdc5cd0000 - 0x00007ffdc5ec5000 	C:\Windows\SYSTEM32\ntdll.dll
0x00007ffdc4060000 - 0x00007ffdc411d000 	C:\Windows\System32\KERNEL32.DLL
0x00007ffdc3720000 - 0x00007ffdc39ed000 	C:\Windows\System32\KERNELBASE.dll
0x00007ffdc33b0000 - 0x00007ffdc34b0000 	C:\Windows\System32\ucrtbase.dll
0x00007ffdbee20000 - 0x00007ffdbee38000 	C:\Program Files\Eclipse Adoptium\jdk-17.0.1.12-hotspot\bin\jli.dll
0x00007ffdbd460000 - 0x00007ffdbd479000 	C:\Program Files\Eclipse Adoptium\jdk-17.0.1.12-hotspot\bin\VCRUNTIME140.dll
0x00007ffdc5530000 - 0x00007ffdc56d0000 	C:\Windows\System32\USER32.dll
0x00007ffdc3c20000 - 0x00007ffdc3c42000 	C:\Windows\System32\win32u.dll
0x00007ffdad620000 - 0x00007ffdad8ba000 	C:\Windows\WinSxS\amd64_microsoft.windows.common-controls_6595b64144ccf1df_6.0.19041.1110_none_60b5254171f9507e\COMCTL32.dll
0x00007ffdc5bd0000 - 0x00007ffdc5bfa000 	C:\Windows\System32\GDI32.dll
0x00007ffdc3610000 - 0x00007ffdc371b000 	C:\Windows\System32\gdi32full.dll
0x00007ffdc5190000 - 0x00007ffdc522e000 	C:\Windows\System32\msvcrt.dll
0x00007ffdc39f0000 - 0x00007ffdc3a8d000 	C:\Windows\System32\msvcp_win.dll
0x00007ffdc4eb0000 - 0x00007ffdc4ee0000 	C:\Windows\System32\IMM32.DLL
0x00007ffdbede0000 - 0x00007ffdbedec000 	C:\Program Files\Eclipse Adoptium\jdk-17.0.1.12-hotspot\bin\vcruntime140_1.dll
0x00007ffdb6560000 - 0x00007ffdb65f1000 	C:\Program Files\Eclipse Adoptium\jdk-17.0.1.12-hotspot\bin\msvcp140.dll
0x00007ffd92160000 - 0x00007ffd92da6000 	C:\Program Files\Eclipse Adoptium\jdk-17.0.1.12-hotspot\bin\server\jvm.dll
0x00007ffdc3fb0000 - 0x00007ffdc405e000 	C:\Windows\System32\ADVAPI32.dll
0x00007ffdc3e80000 - 0x00007ffdc3f1c000 	C:\Windows\System32\sechost.dll
0x00007ffdc3d50000 - 0x00007ffdc3e75000 	C:\Windows\System32\RPCRT4.dll
0x00007ffdc4ee0000 - 0x00007ffdc4ee8000 	C:\Windows\System32\PSAPI.DLL
0x00007ffdb8890000 - 0x00007ffdb88b7000 	C:\Windows\SYSTEM32\WINMM.dll
0x00007ffda5c00000 - 0x00007ffda5c09000 	C:\Windows\SYSTEM32\WSOCK32.dll
0x00007ffdbc260000 - 0x00007ffdbc26a000 	C:\Windows\SYSTEM32\VERSION.dll
0x00007ffdc52e0000 - 0x00007ffdc534b000 	C:\Windows\System32\WS2_32.dll
0x00007ffdc1c40000 - 0x00007ffdc1c52000 	C:\Windows\SYSTEM32\kernel.appcore.dll
0x00007ffdbe7a0000 - 0x00007ffdbe7aa000 	C:\Program Files\Eclipse Adoptium\jdk-17.0.1.12-hotspot\bin\jimage.dll
0x00007ffdc1a30000 - 0x00007ffdc1c14000 	C:\Windows\SYSTEM32\DBGHELP.DLL
0x00007ffdb8de0000 - 0x00007ffdb8e0c000 	C:\Windows\SYSTEM32\dbgcore.DLL
0x00007ffdc3a90000 - 0x00007ffdc3b12000 	C:\Windows\System32\bcryptPrimitives.dll
0x00007ffdb6530000 - 0x00007ffdb6555000 	C:\Program Files\Eclipse Adoptium\jdk-17.0.1.12-hotspot\bin\java.dll
0x00007ffdb1920000 - 0x00007ffdb19f6000 	C:\Program Files\Eclipse Adoptium\jdk-17.0.1.12-hotspot\bin\svml.dll
0x00007ffdc4120000 - 0x00007ffdc4864000 	C:\Windows\System32\SHELL32.dll
0x00007ffdc1150000 - 0x00007ffdc18e4000 	C:\Windows\SYSTEM32\windows.storage.dll
0x00007ffdc5870000 - 0x00007ffdc5bc4000 	C:\Windows\System32\combase.dll
0x00007ffdc2e10000 - 0x00007ffdc2e3c000 	C:\Windows\SYSTEM32\Wldp.dll
0x00007ffdc5230000 - 0x00007ffdc52dd000 	C:\Windows\System32\SHCORE.dll
0x00007ffdc3cf0000 - 0x00007ffdc3d45000 	C:\Windows\System32\shlwapi.dll
0x00007ffdc32f0000 - 0x00007ffdc330f000 	C:\Windows\SYSTEM32\profapi.dll
0x00007ffdb6510000 - 0x00007ffdb6529000 	C:\Program Files\Eclipse Adoptium\jdk-17.0.1.12-hotspot\bin\net.dll
0x00007ffdb4be0000 - 0x00007ffdb4cea000 	C:\Windows\SYSTEM32\WINHTTP.dll
0x00007ffdc2b70000 - 0x00007ffdc2bda000 	C:\Windows\system32\mswsock.dll
0x00007ffdb64f0000 - 0x00007ffdb6505000 	C:\Program Files\Eclipse Adoptium\jdk-17.0.1.12-hotspot\bin\nio.dll
0x00007ffdb64d0000 - 0x00007ffdb64e8000 	C:\Program Files\Eclipse Adoptium\jdk-17.0.1.12-hotspot\bin\zip.dll
0x000000006e700000 - 0x000000006e72a000 	C:\Users\grado\AppData\Local\Temp\libgdxgrado\e1cd32f8\gdx64.dll
0x00007ffdb6460000 - 0x00007ffdb64c4000 	C:\Users\grado\AppData\Local\Temp\lwjglgrado\3.2.3-build-13\lwjgl.dll
0x00007ffd91f00000 - 0x00007ffd92153000 	C:\Users\grado\AppData\Local\Temp\lwjglgrado\3.2.3-build-13\jemalloc.dll
0x00007ffdb1aa0000 - 0x00007ffdb1b02000 	C:\Users\grado\AppData\Local\Temp\lwjglgrado\3.2.3-build-13\glfw.dll
0x00007ffdc0870000 - 0x00007ffdc090e000 	C:\Windows\system32\uxtheme.dll
0x00007ffdb1a50000 - 0x00007ffdb1a95000 	C:\Windows\SYSTEM32\dinput8.dll
0x00007ffdb6440000 - 0x00007ffdb6451000 	C:\Windows\SYSTEM32\xinput1_4.dll
0x00007ffdc3b20000 - 0x00007ffdc3b6e000 	C:\Windows\System32\cfgmgr32.dll
0x00007ffdc3160000 - 0x00007ffdc318c000 	C:\Windows\SYSTEM32\DEVOBJ.dll
0x00007ffdc0a00000 - 0x00007ffdc0a2f000 	C:\Windows\SYSTEM32\dwmapi.dll
0x00007ffda8c80000 - 0x00007ffda8dd2000 	C:\Windows\SYSTEM32\inputhost.dll
0x00007ffdc4d70000 - 0x00007ffdc4e3d000 	C:\Windows\System32\OLEAUT32.dll
0x00007ffdc0500000 - 0x00007ffdc05f2000 	C:\Windows\SYSTEM32\CoreMessaging.dll
0x00007ffdbe990000 - 0x00007ffdbea86000 	C:\Windows\SYSTEM32\PROPSYS.dll
0x00007ffdbfad0000 - 0x00007ffdbfc24000 	C:\Windows\SYSTEM32\wintypes.dll
0x00007ffdc01a0000 - 0x00007ffdc04fe000 	C:\Windows\SYSTEM32\CoreUIComponents.dll
0x00007ffdc20b0000 - 0x00007ffdc20e3000 	C:\Windows\SYSTEM32\ntmarta.dll
0x00007ffdc5750000 - 0x00007ffdc5865000 	C:\Windows\System32\MSCTF.dll
0x00007ffdc18f0000 - 0x00007ffdc18fd000 	C:\Windows\SYSTEM32\HID.DLL
0x00007ffdc4870000 - 0x00007ffdc4ce1000 	C:\Windows\System32\SETUPAPI.DLL
0x00007ffdc3c50000 - 0x00007ffdc3c77000 	C:\Windows\System32\bcrypt.dll
0x00007ffdc3c80000 - 0x00007ffdc3ce8000 	C:\Windows\System32\WINTRUST.dll
0x00007ffdc34b0000 - 0x00007ffdc3606000 	C:\Windows\System32\CRYPT32.dll
0x00007ffdc2fa0000 - 0x00007ffdc2fb2000 	C:\Windows\SYSTEM32\MSASN1.dll
0x00007ffda1380000 - 0x00007ffda148b000 	C:\Users\grado\AppData\Local\Temp\lwjglgrado\3.2.3-build-13\OpenAL.dll
0x00007ffdc5400000 - 0x00007ffdc552a000 	C:\Windows\System32\ole32.dll
0x00007ffdc5350000 - 0x00007ffdc53f9000 	C:\Windows\System32\clbcatq.dll
0x00007ffdbb510000 - 0x00007ffdbb595000 	C:\Windows\System32\MMDevApi.dll
0x00007ffdbbda0000 - 0x00007ffdbbf22000 	C:\Windows\SYSTEM32\AUDIOSES.DLL
0x00007ffdc2930000 - 0x00007ffdc297b000 	C:\Windows\SYSTEM32\powrprof.dll
0x00007ffdc27f0000 - 0x00007ffdc2802000 	C:\Windows\SYSTEM32\UMPDC.dll
0x00007ffdc0a30000 - 0x00007ffdc0a44000 	C:\Windows\SYSTEM32\resourcepolicyclient.dll
0x00007ffd22910000 - 0x00007ffd22a36000 	C:\Windows\SYSTEM32\opengl32.dll
0x00007ffd228e0000 - 0x00007ffd2290c000 	C:\Windows\SYSTEM32\GLU32.dll
0x00007ffdbc2e0000 - 0x00007ffdbc3d7000 	C:\Windows\System32\AppXDeploymentClient.dll
0x00007ffdb62b0000 - 0x00007ffdb62da000 	C:\Windows\System32\DriverStore\FileRepository\u0361612.inf_amd64_b679e02f70413f9f\B361368\atig6pxx.dll
0x00007ffd7dc80000 - 0x00007ffd80966000 	C:\Windows\System32\DriverStore\FileRepository\u0361612.inf_amd64_b679e02f70413f9f\B361368\atio6axx.dll
0x00007ffd86690000 - 0x00007ffd866b4000 	C:\Windows\SYSTEM32\dxva2.dll
0x00007ffdb1a10000 - 0x00007ffdb1a4c000 	C:\Windows\System32\DriverStore\FileRepository\u0361612.inf_amd64_b679e02f70413f9f\B361368\atig6txx.dll
0x00007ffd90ad0000 - 0x00007ffd90c89000 	C:\Windows\SYSTEM32\atiadlxx.dll
0x00007ffdb9380000 - 0x00007ffdb93bb000 	C:\Windows\SYSTEM32\dxcore.dll
0x00007ffda3ef0000 - 0x00007ffda3f49000 	C:\Users\grado\AppData\Local\Temp\lwjglgrado\3.2.3-build-13\lwjgl_opengl.dll
0x00007ffda93b0000 - 0x00007ffda94a9000 	C:\Windows\SYSTEM32\textinputframework.dll
0x00007ffdb1890000 - 0x00007ffdb18a1000 	C:\Program Files\Eclipse Adoptium\jdk-17.0.1.12-hotspot\bin\jsound.dll
0x00007ffda0f00000 - 0x00007ffda0f9c000 	C:\Windows\SYSTEM32\DSOUND.dll
0x00007ffdb3710000 - 0x00007ffdb3736000 	C:\Windows\SYSTEM32\winmmbase.dll
0x00007ffda9b00000 - 0x00007ffda9b46000 	C:\Windows\SYSTEM32\wdmaud.drv
0x00007ffdbd880000 - 0x00007ffdbd88a000 	C:\Windows\SYSTEM32\AVRT.dll
0x00007ffdbde60000 - 0x00007ffdbde69000 	C:\Windows\SYSTEM32\ksuser.dll
0x00007ffdbc5b0000 - 0x00007ffdbc5bd000 	C:\Windows\SYSTEM32\msacm32.drv
0x00007ffdbc630000 - 0x00007ffdbc64e000 	C:\Windows\SYSTEM32\MSACM32.dll
0x00007ffdb6730000 - 0x00007ffdb673b000 	C:\Windows\SYSTEM32\midimap.dll
0x00007ffda8de0000 - 0x00007ffda8f21000 	C:\Windows\System32\Windows.UI.dll
0x00007ffdbd350000 - 0x00007ffdbd3f1000 	C:\Windows\System32\WindowManagementAPI.dll
0x00007ffdbca10000 - 0x00007ffdbcc11000 	C:\Windows\SYSTEM32\twinapi.appcore.dll

dbghelp: loaded successfully - version: 4.0.5 - missing functions: none
symbol engine: initialized successfully - sym options: 0x614 - pdb path: .;C:\Program Files\Eclipse Adoptium\jdk-17.0.1.12-hotspot\bin;C:\Windows\SYSTEM32;C:\Windows\WinSxS\amd64_microsoft.windows.common-controls_6595b64144ccf1df_6.0.19041.1110_none_60b5254171f9507e;C:\Program Files\Eclipse Adoptium\jdk-17.0.1.12-hotspot\bin\server;C:\Users\grado\AppData\Local\Temp\libgdxgrado\e1cd32f8;C:\Users\grado\AppData\Local\Temp\lwjglgrado\3.2.3-build-13;C:\Windows\System32\DriverStore\FileRepository\u0361612.inf_amd64_b679e02f70413f9f\B361368

VM Arguments:
jvm_args: -XX:+ShowCodeDetailsInExceptionMessages 
java_command: com.crazyputting3d.Main
java_class_path (initial): C:\Users\grado\Documents\Group-04\3dcrazyputting\desktop\bin\main;\CrazyPutting3D-core\bin\default;C:\Users\grado\Documents\Group-04\3dcrazyputting\core\bin\main;C:\Users\grado\.gradle\caches\modules-2\files-2.1\com.badlogicgames.gdx\gdx-backend-lwjgl3\1.10.0\600c7d5b2c977daa82c4abad147087b31e0ada87\gdx-backend-lwjgl3-1.10.0.jar;C:\Users\grado\.gradle\caches\modules-2\files-2.1\com.badlogicgames.gdx\gdx-platform\1.10.0\9a8fa793d2fd6d360afc6c9e4c1f5583da263b88\gdx-platform-1.10.0-natives-desktop.jar;C:\Users\grado\.gradle\caches\modules-2\files-2.1\com.badlogicgames.gdx\gdx-bullet-platform\1.10.0\ce92e8dfc762523d769cbc50853163c03bf98cf1\gdx-bullet-platform-1.10.0-natives-desktop.jar;C:\Users\grado\.gradle\caches\modules-2\files-2.1\com.badlogicgames.gdx\gdx-freetype-platform\1.10.0\6e5d28752759e69384f12e4569d2c884ff71352f\gdx-freetype-platform-1.10.0-natives-desktop.jar;C:\Users\grado\.gradle\caches\modules-2\files-2.1\com.badlogicgames.gdx-controllers\gdx-controllers-desktop\2.2.1\cb3430c32468a090eca54d494d16bb3764ceff9b\gdx-controllers-desktop-2.2.1.jar;C:\Users\grado\.gradle\caches\modules-2\files-2.1\org.jetbrains\annotations\20.1.0\2fcd1f3225bca0c4a7bc931142076f8c1e80993f\annotations-20.1.0.jar;C:\Users\grado\.gradle\caches\modules-2\files-2.1\com.badlogicgames.gdx\gdx-bullet\1.10.0\839b58c7278f5c3b55291c3a559d91227400ecdb\gdx-bullet-1.10.0.jar;C:\Users\grado\.gradle\caches\modules-2\files-2.1\com.badlogicgames.gdx\gdx-freetype\1.10.0\de1d0d5c1e92e8d91364256fd6b7bb279d3e9859\gdx-freetype-1.10.0.jar;C:\Users\grado\.gradle\caches\modules-2\files-2.1\com.badlogicgames.gdx\gdx-ai\1.8.2\ab75d2ce80ab1b1ce6828a15dc0f417abac4c674\gdx-ai-1.8.2.jar;C:\Users\grado\.gradle\caches\modules-2\files-2.1\com.badlogicgames.ashley\ashley\1.7.4\21a3a8932919099c4e5006a7d8378dcbe76ef8a5\ashley-1.7.4.jar;C:\Users\grado\.gradle\caches\modules-2\files-2.1\com.badlogicgames.box2dlights\box2dlights\1.5\6902dbcd250c95a27973aa24a147a95b3828d348\box2dlights-1.5.j
Launcher Type: SUN_STANDARD

[Global flags]
     intx CICompilerCount                          = 12                                        {product} {ergonomic}
     uint ConcGCThreads                            = 3                                         {product} {ergonomic}
     uint G1ConcRefinementThreads                  = 13                                        {product} {ergonomic}
   size_t G1HeapRegionSize                         = 2097152                                   {product} {ergonomic}
    uintx GCDrainStackTargetSize                   = 64                                        {product} {ergonomic}
   size_t InitialHeapSize                          = 257949696                                 {product} {ergonomic}
   size_t MarkStackSize                            = 4194304                                   {product} {ergonomic}
   size_t MaxHeapSize                              = 4127195136                                {product} {ergonomic}
   size_t MaxNewSize                               = 2474639360                                {product} {ergonomic}
   size_t MinHeapDeltaBytes                        = 2097152                                   {product} {ergonomic}
   size_t MinHeapSize                              = 8388608                                   {product} {ergonomic}
    uintx NonNMethodCodeHeapSize                   = 7602480                                {pd product} {ergonomic}
    uintx NonProfiledCodeHeapSize                  = 122027880                              {pd product} {ergonomic}
    uintx ProfiledCodeHeapSize                     = 122027880                              {pd product} {ergonomic}
    uintx ReservedCodeCacheSize                    = 251658240                              {pd product} {ergonomic}
     bool SegmentedCodeCache                       = true                                      {product} {ergonomic}
     bool ShowCodeDetailsInExceptionMessages       = true                                   {manageable} {command line}
   size_t SoftMaxHeapSize                          = 4127195136                             {manageable} {ergonomic}
     bool UseCompressedClassPointers               = true                           {product lp64_product} {ergonomic}
     bool UseCompressedOops                        = true                           {product lp64_product} {ergonomic}
     bool UseG1GC                                  = true                                      {product} {ergonomic}
     bool UseLargePagesIndividualAllocation        = false                                  {pd product} {ergonomic}

Logging:
Log output configuration:
 #0: stdout all=warning uptime,level,tags
 #1: stderr all=off uptime,level,tags

Environment Variables:
PATH=C:\Program Files\Common Files\Oracle\Java\javapath;C:\Windows\system32;C:\Windows;C:\Windows\System32\Wbem;C:\Windows\System32\WindowsPowerShell\v1.0\;C:\Windows\System32\OpenSSH\;C:\Program Files (x86)\NVIDIA Corporation\PhysX\Common;C:\Program Files\NVIDIA Corporation\NVIDIA NvDLISR;C:\Program Files\MATLAB\R2022a\bin;C:\Program Files\Gradle\gradle-7.4.2\bin;C:\Program Files\Git\cmd;C:\Users\grado\AppData\Local\Microsoft\WindowsApps;C:\Users\grado\AppData\Local\Programs\Microsoft VS Code\bin;C:\Users\grado\AppData\Local\GitHubDesktop\bin
USERNAME=grado
LANG=en_US.UTF-8
OS=Windows_NT
PROCESSOR_IDENTIFIER=AMD64 Family 23 Model 96 Stepping 1, AuthenticAMD



---------------  S Y S T E M  ---------------

OS:
 Windows 10 , 64 bit Build 19041 (10.0.19041.1706)
OS uptime: 11 days 18:51 hours

CPU: total 16 (initial active 16) (16 cores per cpu, 2 threads per core) family 23 model 96 stepping 1 microcode 0x0, cx8, cmov, fxsr, ht, mmx, 3dnowpref, sse, sse2, sse3, ssse3, sse4a, sse4.1, sse4.2, popcnt, lzcnt, tsc, tscinvbit, avx, avx2, aes, clmul, bmi1, bmi2, adx, sha, fma, vzeroupper, clflush, clflushopt

Memory: 4k page, system-wide physical 15741M (8146M free)
TotalPageFile size 36181M (AvailPageFile size 20042M)
current process WorkingSet (physical memory assigned to process): 621M, peak: 705M
current process commit charge ("private bytes"): 749M, peak: 846M

vm_info: OpenJDK 64-Bit Server VM (17.0.1+12) for windows-amd64 JRE (17.0.1+12), built on Oct 20 2021 07:42:55 by "" with MS VC++ 16.7 (VS2019)

END.
