#
# A fatal error has been detected by the Java Runtime Environment:
#
#  EXCEPTION_ACCESS_VIOLATION (0xc0000005) at pc=0x000001ec407f0000, pid=19308, tid=4400
#
# JRE version: OpenJDK Runtime Environment Temurin-17.0.1+12 (17.0.1+12) (build 17.0.1+12)
# Java VM: OpenJDK 64-Bit Server VM Temurin-17.0.1+12 (17.0.1+12, mixed mode, sharing, tiered, compressed oops, compressed class ptrs, g1 gc, windows-amd64)
# Problematic frame:
# C  0x000001ec407f0000
#
# No core dump will be written. Minidumps are not enabled by default on client versions of Windows
#
# If you would like to submit a bug report, please visit:
#   https://github.com/adoptium/adoptium-support/issues
# The crash happened outside the Java Virtual Machine in native code.
# See problematic frame for where to report the bug.
#

---------------  S U M M A R Y ------------

Command Line: -XX:+ShowCodeDetailsInExceptionMessages com.crazyputting3d.Main

Host: AMD Ryzen 7 4800H with Radeon Graphics         , 16 cores, 15G,  Windows 10 , 64 bit Build 19041 (10.0.19041.1741)
Time: Mon Jun 20 16:52:03 2022 Central European Daylight Time elapsed time: 31.185410 seconds (0d 0h 0m 31s)

---------------  T H R E A D  ---------------

Current thread (0x000001ec428045a0):  JavaThread "main" [_thread_in_native, id=4400, stack(0x0000002f1a400000,0x0000002f1a500000)]

Stack: [0x0000002f1a400000,0x0000002f1a500000],  sp=0x0000002f1a4ff038,  free space=1020k
Native frames: (J=compiled Java code, j=interpreted, Vv=VM code, C=native code)
C  0x000001ec407f0000

Java frames: (J=compiled Java code, j=interpreted, Vv=VM code)
J 1202  org.lwjgl.system.JNI.invokePV(JJ)V (0 bytes) @ 0x000001ec51eda7ec [0x000001ec51eda7a0+0x000000000000004c]
J 1288 c1 org.lwjgl.glfw.GLFW.glfwSwapBuffers(J)V (21 bytes) @ 0x000001ec4ac648ac [0x000001ec4ac647c0+0x00000000000000ec]
j  com.badlogic.gdx.backends.lwjgl3.Lwjgl3Window.update()Z+196
j  com.badlogic.gdx.backends.lwjgl3.Lwjgl3Application.loop()V+111
j  com.badlogic.gdx.backends.lwjgl3.Lwjgl3Application.<init>(Lcom/badlogic/gdx/ApplicationListener;Lcom/badlogic/gdx/backends/lwjgl3/Lwjgl3ApplicationConfiguration;)V+243
j  com.crazyputting3d.Main.main([Ljava/lang/String;)V+41
v  ~StubRoutines::call_stub

siginfo: EXCEPTION_ACCESS_VIOLATION (0xc0000005), data execution prevention violation at address 0x000001ec407f0000


Register to memory mapping:

RIP=0x000001ec407f0000 is an unknown value
RAX=0x000001ec407f0000 is an unknown value
RBX=0x0000000000010001 is an unknown value
RCX=0x0000000000010001 is an unknown value
RDX=0x0000002f1a4ff070 is pointing into the stack for thread: 0x000001ec428045a0
RSP=0x0000002f1a4ff038 is pointing into the stack for thread: 0x000001ec428045a0
RBP=0x0000002f1a4ff140 is pointing into the stack for thread: 0x000001ec428045a0
RSI=0x0000000000000110 is an unknown value
RDI=0x0000000000001a80 is an unknown value
R8 =0x000001ec67274190 points into unknown readable memory: 0x000001ec668eb6f0 | f0 b6 8e 66 ec 01 00 00
R9 =0x00007ff9216d1b50 glfw.dll
R10=0x00007ff921801b10 lwjgl.dll
R11=0x0000002f1a4ff4a8 is pointing into the stack for thread: 0x000001ec428045a0
R12=0x0 is NULL
R13=0x0000002f1a4ff5b0 is pointing into the stack for thread: 0x000001ec428045a0
R14=0x0000002f1a4ff500 is pointing into the stack for thread: 0x000001ec428045a0
R15=0x000001ec428045a0 is a thread


Registers:
RAX=0x000001ec407f0000, RBX=0x0000000000010001, RCX=0x0000000000010001, RDX=0x0000002f1a4ff070
RSP=0x0000002f1a4ff038, RBP=0x0000002f1a4ff140, RSI=0x0000000000000110, RDI=0x0000000000001a80
R8 =0x000001ec67274190, R9 =0x00007ff9216d1b50, R10=0x00007ff921801b10, R11=0x0000002f1a4ff4a8
R12=0x0000000000000000, R13=0x0000002f1a4ff5b0, R14=0x0000002f1a4ff500, R15=0x000001ec428045a0
RIP=0x000001ec407f0000, EFLAGS=0x0000000000010206

Top of Stack: (sp=0x0000002f1a4ff038)
0x0000002f1a4ff038:   00007ff9216d1f7c 0000001400000000
0x0000002f1a4ff048:   437d000043480000 0000000000000014
0x0000002f1a4ff058:   000001ec6826a6fc 0000000000000014
0x0000002f1a4ff068:   000001ec6826a6fc 57464c4720656854
0x0000002f1a4ff078:   7972617262696c20 20746f6e20736920
0x0000002f1a4ff088:   696c616974696e69 000001ec0064657a
0x0000002f1a4ff098:   0000000800000000 000000070a1d3920
0x0000002f1a4ff0a8:   00007ff893fd92e1 000000070b3cc880
0x0000002f1a4ff0b8:   000001ec51ef6068 000000070b3e0b90
0x0000002f1a4ff0c8:   000000070a04a4b0 0000002f00000038
0x0000002f1a4ff0d8:   00007ff893fd5e62 0000002f1a4ff500
0x0000002f1a4ff0e8:   000001ec4adbbcf4 000000070b3e0350
0x0000002f1a4ff0f8:   000001ec4ac3b47c 000000070b3cc880
0x0000002f1a4ff108:   000000006e7020f4 000001ec42804848
0x0000002f1a4ff118:   00007ff893fd5481 0000002f1a4ff228
0x0000002f1a4ff128:   000001ec4ac208e4 000001ec428045a0 

Instructions: (pc=0x000001ec407f0000)
0x000001ec407eff00:   ?? ?? ?? ?? ?? ?? ?? ?? ?? ?? ?? ?? ?? ?? ?? ??
0x000001ec407eff10:   ?? ?? ?? ?? ?? ?? ?? ?? ?? ?? ?? ?? ?? ?? ?? ??
0x000001ec407eff20:   ?? ?? ?? ?? ?? ?? ?? ?? ?? ?? ?? ?? ?? ?? ?? ??
0x000001ec407eff30:   ?? ?? ?? ?? ?? ?? ?? ?? ?? ?? ?? ?? ?? ?? ?? ??
0x000001ec407eff40:   ?? ?? ?? ?? ?? ?? ?? ?? ?? ?? ?? ?? ?? ?? ?? ??
0x000001ec407eff50:   ?? ?? ?? ?? ?? ?? ?? ?? ?? ?? ?? ?? ?? ?? ?? ??
0x000001ec407eff60:   ?? ?? ?? ?? ?? ?? ?? ?? ?? ?? ?? ?? ?? ?? ?? ??
0x000001ec407eff70:   ?? ?? ?? ?? ?? ?? ?? ?? ?? ?? ?? ?? ?? ?? ?? ??
0x000001ec407eff80:   ?? ?? ?? ?? ?? ?? ?? ?? ?? ?? ?? ?? ?? ?? ?? ??
0x000001ec407eff90:   ?? ?? ?? ?? ?? ?? ?? ?? ?? ?? ?? ?? ?? ?? ?? ??
0x000001ec407effa0:   ?? ?? ?? ?? ?? ?? ?? ?? ?? ?? ?? ?? ?? ?? ?? ??
0x000001ec407effb0:   ?? ?? ?? ?? ?? ?? ?? ?? ?? ?? ?? ?? ?? ?? ?? ??
0x000001ec407effc0:   ?? ?? ?? ?? ?? ?? ?? ?? ?? ?? ?? ?? ?? ?? ?? ??
0x000001ec407effd0:   ?? ?? ?? ?? ?? ?? ?? ?? ?? ?? ?? ?? ?? ?? ?? ??
0x000001ec407effe0:   ?? ?? ?? ?? ?? ?? ?? ?? ?? ?? ?? ?? ?? ?? ?? ??
0x000001ec407efff0:   ?? ?? ?? ?? ?? ?? ?? ?? ?? ?? ?? ?? ?? ?? ?? ??
0x000001ec407f0000:   ?? ?? ?? ?? ?? ?? ?? ?? ?? ?? ?? ?? ?? ?? ?? ??
0x000001ec407f0010:   ?? ?? ?? ?? ?? ?? ?? ?? ?? ?? ?? ?? ?? ?? ?? ??
0x000001ec407f0020:   ?? ?? ?? ?? ?? ?? ?? ?? ?? ?? ?? ?? ?? ?? ?? ??
0x000001ec407f0030:   ?? ?? ?? ?? ?? ?? ?? ?? ?? ?? ?? ?? ?? ?? ?? ??
0x000001ec407f0040:   ?? ?? ?? ?? ?? ?? ?? ?? ?? ?? ?? ?? ?? ?? ?? ??
0x000001ec407f0050:   ?? ?? ?? ?? ?? ?? ?? ?? ?? ?? ?? ?? ?? ?? ?? ??
0x000001ec407f0060:   ?? ?? ?? ?? ?? ?? ?? ?? ?? ?? ?? ?? ?? ?? ?? ??
0x000001ec407f0070:   ?? ?? ?? ?? ?? ?? ?? ?? ?? ?? ?? ?? ?? ?? ?? ??
0x000001ec407f0080:   ?? ?? ?? ?? ?? ?? ?? ?? ?? ?? ?? ?? ?? ?? ?? ??
0x000001ec407f0090:   ?? ?? ?? ?? ?? ?? ?? ?? ?? ?? ?? ?? ?? ?? ?? ??
0x000001ec407f00a0:   ?? ?? ?? ?? ?? ?? ?? ?? ?? ?? ?? ?? ?? ?? ?? ??
0x000001ec407f00b0:   ?? ?? ?? ?? ?? ?? ?? ?? ?? ?? ?? ?? ?? ?? ?? ??
0x000001ec407f00c0:   ?? ?? ?? ?? ?? ?? ?? ?? ?? ?? ?? ?? ?? ?? ?? ??
0x000001ec407f00d0:   ?? ?? ?? ?? ?? ?? ?? ?? ?? ?? ?? ?? ?? ?? ?? ??
0x000001ec407f00e0:   ?? ?? ?? ?? ?? ?? ?? ?? ?? ?? ?? ?? ?? ?? ?? ??
0x000001ec407f00f0:   ?? ?? ?? ?? ?? ?? ?? ?? ?? ?? ?? ?? ?? ?? ?? ?? 


Stack slot to memory mapping:
stack at sp + 0 slots: 0x00007ff9216d1f7c glfw.dll
stack at sp + 1 slots: 0x0000001400000000 is an unknown value
stack at sp + 2 slots: 0x437d000043480000 is an unknown value
stack at sp + 3 slots: 0x0000000000000014 is an unknown value
stack at sp + 4 slots: 0x000001ec6826a6fc points into unknown readable memory: 00 80 0d 3f
stack at sp + 5 slots: 0x0000000000000014 is an unknown value
stack at sp + 6 slots: 0x000001ec6826a6fc points into unknown readable memory: 00 80 0d 3f
stack at sp + 7 slots: 0x57464c4720656854 is an unknown value


---------------  P R O C E S S  ---------------

Threads class SMR info:
_java_thread_list=0x000001ec70b9d550, length=21, elements={
0x000001ec428045a0, 0x000001ec65d3a8b0, 0x000001ec65d3e540, 0x000001ec66815950,
0x000001ec66816b10, 0x000001ec668174c0, 0x000001ec66817e70, 0x000001ec66821770,
0x000001ec66825bc0, 0x000001ec66834330, 0x000001ec66983f00, 0x000001ec6698d420,
0x000001ec7081e340, 0x000001ec713ea770, 0x000001ec79d8ba30, 0x000001ec70df6d60,
0x000001ec79c8e7f0, 0x000001ec78c2d3a0, 0x000001ec78c2f080, 0x000001ec78c2dd40,
0x000001ec78c2f550
}

Java Threads: ( => current thread )
=>0x000001ec428045a0 JavaThread "main" [_thread_in_native, id=4400, stack(0x0000002f1a400000,0x0000002f1a500000)]
  0x000001ec65d3a8b0 JavaThread "Reference Handler" daemon [_thread_blocked, id=3080, stack(0x0000002f1ab00000,0x0000002f1ac00000)]
  0x000001ec65d3e540 JavaThread "Finalizer" daemon [_thread_blocked, id=19744, stack(0x0000002f1ac00000,0x0000002f1ad00000)]
  0x000001ec66815950 JavaThread "Signal Dispatcher" daemon [_thread_blocked, id=20268, stack(0x0000002f1ad00000,0x0000002f1ae00000)]
  0x000001ec66816b10 JavaThread "Attach Listener" daemon [_thread_blocked, id=18528, stack(0x0000002f1ae00000,0x0000002f1af00000)]
  0x000001ec668174c0 JavaThread "Service Thread" daemon [_thread_blocked, id=8960, stack(0x0000002f1af00000,0x0000002f1b000000)]
  0x000001ec66817e70 JavaThread "Monitor Deflation Thread" daemon [_thread_blocked, id=3872, stack(0x0000002f1b000000,0x0000002f1b100000)]
  0x000001ec66821770 JavaThread "C2 CompilerThread0" daemon [_thread_in_native, id=19216, stack(0x0000002f1b100000,0x0000002f1b200000)]
  0x000001ec66825bc0 JavaThread "C1 CompilerThread0" daemon [_thread_blocked, id=7104, stack(0x0000002f1b200000,0x0000002f1b300000)]
  0x000001ec66834330 JavaThread "Sweeper thread" daemon [_thread_blocked, id=15824, stack(0x0000002f1b300000,0x0000002f1b400000)]
  0x000001ec66983f00 JavaThread "Notification Thread" daemon [_thread_blocked, id=21468, stack(0x0000002f1b600000,0x0000002f1b700000)]
  0x000001ec6698d420 JavaThread "Common-Cleaner" daemon [_thread_blocked, id=2112, stack(0x0000002f1b800000,0x0000002f1b900000)]
  0x000001ec7081e340 JavaThread "LWJGL3 Timer" daemon [_thread_blocked, id=21620, stack(0x0000002f1c200000,0x0000002f1c300000)]
  0x000001ec713ea770 JavaThread "LWJGL3 Timer" daemon [_thread_blocked, id=17824, stack(0x0000002f1d400000,0x0000002f1d500000)]
  0x000001ec79d8ba30 JavaThread "Java Sound Event Dispatcher" daemon [_thread_blocked, id=22020, stack(0x0000002f1d000000,0x0000002f1d100000)]
  0x000001ec70df6d60 JavaThread "Direct Clip" daemon [_thread_blocked, id=11872, stack(0x0000002f1db00000,0x0000002f1dc00000)]
  0x000001ec79c8e7f0 JavaThread "Direct Clip" daemon [_thread_blocked, id=11236, stack(0x0000002f1ce00000,0x0000002f1cf00000)]
  0x000001ec78c2d3a0 JavaThread "Direct Clip" daemon [_thread_blocked, id=22496, stack(0x0000002f1cb00000,0x0000002f1cc00000)]
  0x000001ec78c2f080 JavaThread "Direct Clip" daemon [_thread_blocked, id=9700, stack(0x0000002f1cf00000,0x0000002f1d000000)]
  0x000001ec78c2dd40 JavaThread "Direct Clip" daemon [_thread_blocked, id=14108, stack(0x0000002f1d200000,0x0000002f1d300000)]
  0x000001ec78c2f550 JavaThread "Direct Clip" daemon [_thread_blocked, id=816, stack(0x0000002f1dd00000,0x0000002f1de00000)]

Other Threads:
  0x000001ec65d33680 VMThread "VM Thread" [stack: 0x0000002f1aa00000,0x0000002f1ab00000] [id=13412]
  0x000001ec669883e0 WatcherThread [stack: 0x0000002f1b700000,0x0000002f1b800000] [id=19872]
  0x000001ec4285baf0 GCTaskThread "GC Thread#0" [stack: 0x0000002f1a500000,0x0000002f1a600000] [id=2548]
  0x000001ec696da080 GCTaskThread "GC Thread#1" [stack: 0x0000002f1c100000,0x0000002f1c200000] [id=5744]
  0x000001ec696dc0c0 GCTaskThread "GC Thread#2" [stack: 0x0000002f1c300000,0x0000002f1c400000] [id=1664]
  0x000001ec696dab40 GCTaskThread "GC Thread#3" [stack: 0x0000002f1c400000,0x0000002f1c500000] [id=5060]
  0x000001ec696dadf0 GCTaskThread "GC Thread#4" [stack: 0x0000002f1c500000,0x0000002f1c600000] [id=16864]
  0x000001ec696dc370 GCTaskThread "GC Thread#5" [stack: 0x0000002f1c600000,0x0000002f1c700000] [id=964]
  0x000001ec696db8b0 GCTaskThread "GC Thread#6" [stack: 0x0000002f1c700000,0x0000002f1c800000] [id=5756]
  0x000001ec66f74510 GCTaskThread "GC Thread#7" [stack: 0x0000002f1d500000,0x0000002f1d600000] [id=11820]
  0x000001ec4286d040 ConcurrentGCThread "G1 Main Marker" [stack: 0x0000002f1a600000,0x0000002f1a700000] [id=16596]
  0x000001ec4286da50 ConcurrentGCThread "G1 Conc#0" [stack: 0x0000002f1a700000,0x0000002f1a800000] [id=22724]
  0x000001ec65bcf800 ConcurrentGCThread "G1 Refine#0" [stack: 0x0000002f1a800000,0x0000002f1a900000] [id=11500]
  0x000001ec7081ffa0 ConcurrentGCThread "G1 Refine#1" [stack: 0x0000002f1d600000,0x0000002f1d700000] [id=18012]
  0x000001ec7081fcc0 ConcurrentGCThread "G1 Refine#2" [stack: 0x0000002f1d700000,0x0000002f1d800000] [id=8208]
  0x000001ec70820840 ConcurrentGCThread "G1 Refine#3" [stack: 0x0000002f1d800000,0x0000002f1d900000] [id=7392]
  0x000001ec70820b20 ConcurrentGCThread "G1 Refine#4" [stack: 0x0000002f1d900000,0x0000002f1da00000] [id=22100]
  0x000001ec70820e00 ConcurrentGCThread "G1 Refine#5" [stack: 0x0000002f1da00000,0x0000002f1db00000] [id=12124]
  0x000001ec65bd0120 ConcurrentGCThread "G1 Service" [stack: 0x0000002f1a900000,0x0000002f1aa00000] [id=1004]

Threads with active compile tasks:
C2 CompilerThread0    31261 2468       4       com.badlogic.gdx.graphics.g3d.utils.ModelBuilder::end (79 bytes)

VM state: not at safepoint (normal execution)

VM Mutex/Monitor currently owned by a thread: None

Heap address: 0x000000070a000000, size: 3936 MB, Compressed Oops mode: Zero based, Oop shift amount: 3

CDS archive(s) mapped at: [0x0000000800000000-0x0000000800bc0000-0x0000000800bc0000), size 12320768, SharedBaseAddress: 0x0000000800000000, ArchiveRelocationMode: 0.
Compressed class space mapped at: 0x0000000800c00000-0x0000000840c00000, reserved size: 1073741824
Narrow klass base: 0x0000000800000000, Narrow klass shift: 0, Narrow klass range: 0x100000000

GC Precious Log:
 CPUs: 16 total, 16 available
 Memory: 15741M
 Large Page Support: Disabled
 NUMA Support: Disabled
 Compressed Oops: Enabled (Zero based)
 Heap Region Size: 2M
 Heap Min Capacity: 8M
 Heap Initial Capacity: 246M
 Heap Max Capacity: 3936M
 Pre-touch: Disabled
 Parallel Workers: 13
 Concurrent Workers: 3
 Concurrent Refinement Workers: 13
 Periodic GC: Disabled

Heap:
 garbage-first heap   total 251904K, used 160290K [0x000000070a000000, 0x0000000800000000)
  region size 2048K, 60 young (122880K), 1 survivors (2048K)
 Metaspace       used 10563K, committed 10752K, reserved 1064960K
  class space    used 743K, committed 832K, reserved 1048576K

Heap Regions: E=young(eden), S=young(survivor), O=old, HS=humongous(starts), HC=humongous(continues), CS=collection set, F=free, OA=open archive, CA=closed archive, TAMS=top-at-mark-start (previous, next)
|   0|0x000000070a000000, 0x000000070a200000, 0x000000070a200000|100%| O|  |TAMS 0x000000070a000000, 0x000000070a000000| Untracked 
|   1|0x000000070a200000, 0x000000070a400000, 0x000000070a400000|100%| O|  |TAMS 0x000000070a200000, 0x000000070a200000| Untracked 
|   2|0x000000070a400000, 0x000000070a600000, 0x000000070a600000|100%|HS|  |TAMS 0x000000070a400000, 0x000000070a400000| Complete 
|   3|0x000000070a600000, 0x000000070a800000, 0x000000070a800000|100%|HS|  |TAMS 0x000000070a600000, 0x000000070a600000| Complete 
|   4|0x000000070a800000, 0x000000070aa00000, 0x000000070aa00000|100%|HS|  |TAMS 0x000000070a800000, 0x000000070a800000| Complete 
|   5|0x000000070aa00000, 0x000000070ac00000, 0x000000070ac00000|100%| O|  |TAMS 0x000000070aa00000, 0x000000070aa00000| Untracked 
|   6|0x000000070ac00000, 0x000000070ae00000, 0x000000070ae00000|100%| O|  |TAMS 0x000000070ac00000, 0x000000070ac00000| Untracked 
|   7|0x000000070ae00000, 0x000000070b000000, 0x000000070b000000|100%| O|  |TAMS 0x000000070ae00000, 0x000000070ae00000| Untracked 
|   8|0x000000070b000000, 0x000000070b200000, 0x000000070b200000|100%| O|  |TAMS 0x000000070b000000, 0x000000070b000000| Untracked 
|   9|0x000000070b200000, 0x000000070b400000, 0x000000070b400000|100%| O|  |TAMS 0x000000070b200000, 0x000000070b200000| Untracked 
|  10|0x000000070b400000, 0x000000070b600000, 0x000000070b600000|100%| O|  |TAMS 0x000000070b400000, 0x000000070b400000| Untracked 
|  11|0x000000070b600000, 0x000000070b800000, 0x000000070b800000|100%|HS|  |TAMS 0x000000070b600000, 0x000000070b600000| Complete 
|  12|0x000000070b800000, 0x000000070ba00000, 0x000000070ba00000|100%|HS|  |TAMS 0x000000070b800000, 0x000000070b800000| Complete 
|  13|0x000000070ba00000, 0x000000070bc00000, 0x000000070bc00000|100%|HS|  |TAMS 0x000000070ba00000, 0x000000070ba00000| Complete 
|  14|0x000000070bc00000, 0x000000070be00000, 0x000000070be00000|100%|HS|  |TAMS 0x000000070bc00000, 0x000000070bc00000| Complete 
|  15|0x000000070be00000, 0x000000070c000000, 0x000000070c000000|100%|HS|  |TAMS 0x000000070be00000, 0x000000070be00000| Complete 
|  16|0x000000070c000000, 0x000000070c200000, 0x000000070c200000|100%|HS|  |TAMS 0x000000070c000000, 0x000000070c000000| Complete 
|  17|0x000000070c200000, 0x000000070c400000, 0x000000070c400000|100%|HS|  |TAMS 0x000000070c200000, 0x000000070c200000| Complete 
|  18|0x000000070c400000, 0x000000070c600000, 0x000000070c600000|100%|HS|  |TAMS 0x000000070c400000, 0x000000070c400000| Complete 
|  19|0x000000070c600000, 0x000000070c800000, 0x000000070c800000|100%|HS|  |TAMS 0x000000070c600000, 0x000000070c600000| Complete 
|  20|0x000000070c800000, 0x000000070c800000, 0x000000070ca00000|  0%| F|  |TAMS 0x000000070c800000, 0x000000070c800000| Untracked 
|  21|0x000000070ca00000, 0x000000070ca00000, 0x000000070cc00000|  0%| F|  |TAMS 0x000000070ca00000, 0x000000070ca00000| Untracked 
|  22|0x000000070cc00000, 0x000000070cc00000, 0x000000070ce00000|  0%| F|  |TAMS 0x000000070cc00000, 0x000000070cc00000| Untracked 
|  23|0x000000070ce00000, 0x000000070ce00000, 0x000000070d000000|  0%| F|  |TAMS 0x000000070ce00000, 0x000000070ce00000| Untracked 
|  24|0x000000070d000000, 0x000000070d000000, 0x000000070d200000|  0%| F|  |TAMS 0x000000070d000000, 0x000000070d000000| Untracked 
|  25|0x000000070d200000, 0x000000070d200000, 0x000000070d400000|  0%| F|  |TAMS 0x000000070d200000, 0x000000070d200000| Untracked 
|  26|0x000000070d400000, 0x000000070d400000, 0x000000070d600000|  0%| F|  |TAMS 0x000000070d400000, 0x000000070d400000| Untracked 
|  27|0x000000070d600000, 0x000000070d600000, 0x000000070d800000|  0%| F|  |TAMS 0x000000070d600000, 0x000000070d600000| Untracked 
|  28|0x000000070d800000, 0x000000070d800000, 0x000000070da00000|  0%| F|  |TAMS 0x000000070d800000, 0x000000070d800000| Untracked 
|  29|0x000000070da00000, 0x000000070da00000, 0x000000070dc00000|  0%| F|  |TAMS 0x000000070da00000, 0x000000070da00000| Untracked 
|  30|0x000000070dc00000, 0x000000070dc00000, 0x000000070de00000|  0%| F|  |TAMS 0x000000070dc00000, 0x000000070dc00000| Untracked 
|  31|0x000000070de00000, 0x000000070de00000, 0x000000070e000000|  0%| F|  |TAMS 0x000000070de00000, 0x000000070de00000| Untracked 
|  32|0x000000070e000000, 0x000000070e000000, 0x000000070e200000|  0%| F|  |TAMS 0x000000070e000000, 0x000000070e000000| Untracked 
|  33|0x000000070e200000, 0x000000070e200000, 0x000000070e400000|  0%| F|  |TAMS 0x000000070e200000, 0x000000070e200000| Untracked 
|  34|0x000000070e400000, 0x000000070e400000, 0x000000070e600000|  0%| F|  |TAMS 0x000000070e400000, 0x000000070e400000| Untracked 
|  35|0x000000070e600000, 0x000000070e600000, 0x000000070e800000|  0%| F|  |TAMS 0x000000070e600000, 0x000000070e600000| Untracked 
|  36|0x000000070e800000, 0x000000070e800000, 0x000000070ea00000|  0%| F|  |TAMS 0x000000070e800000, 0x000000070e800000| Untracked 
|  37|0x000000070ea00000, 0x000000070ea00000, 0x000000070ec00000|  0%| F|  |TAMS 0x000000070ea00000, 0x000000070ea00000| Untracked 
|  38|0x000000070ec00000, 0x000000070ec00000, 0x000000070ee00000|  0%| F|  |TAMS 0x000000070ec00000, 0x000000070ec00000| Untracked 
|  39|0x000000070ee00000, 0x000000070ee00000, 0x000000070f000000|  0%| F|  |TAMS 0x000000070ee00000, 0x000000070ee00000| Untracked 
|  40|0x000000070f000000, 0x000000070f000000, 0x000000070f200000|  0%| F|  |TAMS 0x000000070f000000, 0x000000070f000000| Untracked 
|  41|0x000000070f200000, 0x000000070f200000, 0x000000070f400000|  0%| F|  |TAMS 0x000000070f200000, 0x000000070f200000| Untracked 
|  42|0x000000070f400000, 0x000000070f400000, 0x000000070f600000|  0%| F|  |TAMS 0x000000070f400000, 0x000000070f400000| Untracked 
|  43|0x000000070f600000, 0x000000070f600000, 0x000000070f800000|  0%| F|  |TAMS 0x000000070f600000, 0x000000070f600000| Untracked 
|  44|0x000000070f800000, 0x000000070f800000, 0x000000070fa00000|  0%| F|  |TAMS 0x000000070f800000, 0x000000070f800000| Untracked 
|  45|0x000000070fa00000, 0x000000070fa00000, 0x000000070fc00000|  0%| F|  |TAMS 0x000000070fa00000, 0x000000070fa00000| Untracked 
|  46|0x000000070fc00000, 0x000000070fc00000, 0x000000070fe00000|  0%| F|  |TAMS 0x000000070fc00000, 0x000000070fc00000| Untracked 
|  47|0x000000070fe00000, 0x000000070fe00000, 0x0000000710000000|  0%| F|  |TAMS 0x000000070fe00000, 0x000000070fe00000| Untracked 
|  48|0x0000000710000000, 0x0000000710000000, 0x0000000710200000|  0%| F|  |TAMS 0x0000000710000000, 0x0000000710000000| Untracked 
|  49|0x0000000710200000, 0x0000000710200000, 0x0000000710400000|  0%| F|  |TAMS 0x0000000710200000, 0x0000000710200000| Untracked 
|  50|0x0000000710400000, 0x0000000710400000, 0x0000000710600000|  0%| F|  |TAMS 0x0000000710400000, 0x0000000710400000| Untracked 
|  51|0x0000000710600000, 0x0000000710600000, 0x0000000710800000|  0%| F|  |TAMS 0x0000000710600000, 0x0000000710600000| Untracked 
|  52|0x0000000710800000, 0x0000000710800000, 0x0000000710a00000|  0%| F|  |TAMS 0x0000000710800000, 0x0000000710800000| Untracked 
|  53|0x0000000710a00000, 0x0000000710a00000, 0x0000000710c00000|  0%| F|  |TAMS 0x0000000710a00000, 0x0000000710a00000| Untracked 
|  54|0x0000000710c00000, 0x0000000710c00000, 0x0000000710e00000|  0%| F|  |TAMS 0x0000000710c00000, 0x0000000710c00000| Untracked 
|  55|0x0000000710e00000, 0x0000000710e00000, 0x0000000711000000|  0%| F|  |TAMS 0x0000000710e00000, 0x0000000710e00000| Untracked 
|  56|0x0000000711000000, 0x0000000711000000, 0x0000000711200000|  0%| F|  |TAMS 0x0000000711000000, 0x0000000711000000| Untracked 
|  57|0x0000000711200000, 0x0000000711200000, 0x0000000711400000|  0%| F|  |TAMS 0x0000000711200000, 0x0000000711200000| Untracked 
|  58|0x0000000711400000, 0x0000000711400000, 0x0000000711600000|  0%| F|  |TAMS 0x0000000711400000, 0x0000000711400000| Untracked 
|  59|0x0000000711600000, 0x0000000711600000, 0x0000000711800000|  0%| F|  |TAMS 0x0000000711600000, 0x0000000711600000| Untracked 
|  60|0x0000000711800000, 0x0000000711800000, 0x0000000711a00000|  0%| F|  |TAMS 0x0000000711800000, 0x0000000711800000| Untracked 
|  61|0x0000000711a00000, 0x0000000711a00000, 0x0000000711c00000|  0%| F|  |TAMS 0x0000000711a00000, 0x0000000711a00000| Untracked 
|  62|0x0000000711c00000, 0x0000000711c00000, 0x0000000711e00000|  0%| F|  |TAMS 0x0000000711c00000, 0x0000000711c00000| Untracked 
|  63|0x0000000711e00000, 0x0000000711f05a28, 0x0000000712000000| 51%| E|  |TAMS 0x0000000711e00000, 0x0000000711e00000| Complete 
|  64|0x0000000712000000, 0x0000000712200000, 0x0000000712200000|100%| E|CS|TAMS 0x0000000712000000, 0x0000000712000000| Complete 
|  65|0x0000000712200000, 0x0000000712400000, 0x0000000712400000|100%| E|CS|TAMS 0x0000000712200000, 0x0000000712200000| Complete 
|  66|0x0000000712400000, 0x0000000712600000, 0x0000000712600000|100%| E|CS|TAMS 0x0000000712400000, 0x0000000712400000| Complete 
|  67|0x0000000712600000, 0x0000000712800000, 0x0000000712800000|100%| E|CS|TAMS 0x0000000712600000, 0x0000000712600000| Complete 
|  68|0x0000000712800000, 0x0000000712a00000, 0x0000000712a00000|100%| E|CS|TAMS 0x0000000712800000, 0x0000000712800000| Complete 
|  69|0x0000000712a00000, 0x0000000712c00000, 0x0000000712c00000|100%| E|CS|TAMS 0x0000000712a00000, 0x0000000712a00000| Complete 
|  70|0x0000000712c00000, 0x0000000712e00000, 0x0000000712e00000|100%| E|CS|TAMS 0x0000000712c00000, 0x0000000712c00000| Complete 
|  71|0x0000000712e00000, 0x0000000713000000, 0x0000000713000000|100%| E|CS|TAMS 0x0000000712e00000, 0x0000000712e00000| Complete 
|  72|0x0000000713000000, 0x0000000713200000, 0x0000000713200000|100%| E|CS|TAMS 0x0000000713000000, 0x0000000713000000| Complete 
|  73|0x0000000713200000, 0x0000000713400000, 0x0000000713400000|100%| E|CS|TAMS 0x0000000713200000, 0x0000000713200000| Complete 
|  74|0x0000000713400000, 0x0000000713600000, 0x0000000713600000|100%| E|CS|TAMS 0x0000000713400000, 0x0000000713400000| Complete 
|  75|0x0000000713600000, 0x0000000713800000, 0x0000000713800000|100%| E|CS|TAMS 0x0000000713600000, 0x0000000713600000| Complete 
|  76|0x0000000713800000, 0x0000000713a00000, 0x0000000713a00000|100%| E|CS|TAMS 0x0000000713800000, 0x0000000713800000| Complete 
|  77|0x0000000713a00000, 0x0000000713c00000, 0x0000000713c00000|100%| E|CS|TAMS 0x0000000713a00000, 0x0000000713a00000| Complete 
|  78|0x0000000713c00000, 0x0000000713e00000, 0x0000000713e00000|100%| E|CS|TAMS 0x0000000713c00000, 0x0000000713c00000| Complete 
|  79|0x0000000713e00000, 0x0000000714000000, 0x0000000714000000|100%| E|CS|TAMS 0x0000000713e00000, 0x0000000713e00000| Complete 
|  80|0x0000000714000000, 0x0000000714200000, 0x0000000714200000|100%| E|CS|TAMS 0x0000000714000000, 0x0000000714000000| Complete 
|  81|0x0000000714200000, 0x0000000714400000, 0x0000000714400000|100%| E|CS|TAMS 0x0000000714200000, 0x0000000714200000| Complete 
|  82|0x0000000714400000, 0x0000000714600000, 0x0000000714600000|100%| E|CS|TAMS 0x0000000714400000, 0x0000000714400000| Complete 
|  83|0x0000000714600000, 0x0000000714800000, 0x0000000714800000|100%| E|CS|TAMS 0x0000000714600000, 0x0000000714600000| Complete 
|  84|0x0000000714800000, 0x0000000714a00000, 0x0000000714a00000|100%| E|CS|TAMS 0x0000000714800000, 0x0000000714800000| Complete 
|  85|0x0000000714a00000, 0x0000000714c00000, 0x0000000714c00000|100%| E|CS|TAMS 0x0000000714a00000, 0x0000000714a00000| Complete 
|  86|0x0000000714c00000, 0x0000000714e00000, 0x0000000714e00000|100%| E|CS|TAMS 0x0000000714c00000, 0x0000000714c00000| Complete 
|  87|0x0000000714e00000, 0x0000000715000000, 0x0000000715000000|100%| E|CS|TAMS 0x0000000714e00000, 0x0000000714e00000| Complete 
|  88|0x0000000715000000, 0x0000000715200000, 0x0000000715200000|100%| E|CS|TAMS 0x0000000715000000, 0x0000000715000000| Complete 
|  89|0x0000000715200000, 0x0000000715400000, 0x0000000715400000|100%| E|CS|TAMS 0x0000000715200000, 0x0000000715200000| Complete 
|  90|0x0000000715400000, 0x0000000715600000, 0x0000000715600000|100%| E|CS|TAMS 0x0000000715400000, 0x0000000715400000| Complete 
|  91|0x0000000715600000, 0x0000000715800000, 0x0000000715800000|100%| E|CS|TAMS 0x0000000715600000, 0x0000000715600000| Complete 
|  92|0x0000000715800000, 0x0000000715a00000, 0x0000000715a00000|100%| E|CS|TAMS 0x0000000715800000, 0x0000000715800000| Complete 
|  93|0x0000000715a00000, 0x0000000715c00000, 0x0000000715c00000|100%| E|CS|TAMS 0x0000000715a00000, 0x0000000715a00000| Complete 
|  94|0x0000000715c00000, 0x0000000715e00000, 0x0000000715e00000|100%| E|CS|TAMS 0x0000000715c00000, 0x0000000715c00000| Complete 
|  95|0x0000000715e00000, 0x0000000716000000, 0x0000000716000000|100%| E|CS|TAMS 0x0000000715e00000, 0x0000000715e00000| Complete 
|  96|0x0000000716000000, 0x0000000716200000, 0x0000000716200000|100%| E|CS|TAMS 0x0000000716000000, 0x0000000716000000| Complete 
|  97|0x0000000716200000, 0x0000000716400000, 0x0000000716400000|100%| E|CS|TAMS 0x0000000716200000, 0x0000000716200000| Complete 
|  98|0x0000000716400000, 0x0000000716600000, 0x0000000716600000|100%| E|CS|TAMS 0x0000000716400000, 0x0000000716400000| Complete 
|  99|0x0000000716600000, 0x0000000716800000, 0x0000000716800000|100%| E|CS|TAMS 0x0000000716600000, 0x0000000716600000| Complete 
| 100|0x0000000716800000, 0x0000000716a00000, 0x0000000716a00000|100%| E|CS|TAMS 0x0000000716800000, 0x0000000716800000| Complete 
| 101|0x0000000716a00000, 0x0000000716c00000, 0x0000000716c00000|100%| E|CS|TAMS 0x0000000716a00000, 0x0000000716a00000| Complete 
| 102|0x0000000716c00000, 0x0000000716e00000, 0x0000000716e00000|100%| E|CS|TAMS 0x0000000716c00000, 0x0000000716c00000| Complete 
| 103|0x0000000716e00000, 0x0000000717000000, 0x0000000717000000|100%| E|CS|TAMS 0x0000000716e00000, 0x0000000716e00000| Complete 
| 104|0x0000000717000000, 0x0000000717200000, 0x0000000717200000|100%| E|CS|TAMS 0x0000000717000000, 0x0000000717000000| Complete 
| 105|0x0000000717200000, 0x0000000717400000, 0x0000000717400000|100%| E|CS|TAMS 0x0000000717200000, 0x0000000717200000| Complete 
| 106|0x0000000717400000, 0x0000000717600000, 0x0000000717600000|100%| E|CS|TAMS 0x0000000717400000, 0x0000000717400000| Complete 
| 107|0x0000000717600000, 0x0000000717800000, 0x0000000717800000|100%| E|CS|TAMS 0x0000000717600000, 0x0000000717600000| Complete 
| 108|0x0000000717800000, 0x0000000717a00000, 0x0000000717a00000|100%| E|CS|TAMS 0x0000000717800000, 0x0000000717800000| Complete 
| 109|0x0000000717a00000, 0x0000000717c00000, 0x0000000717c00000|100%| E|CS|TAMS 0x0000000717a00000, 0x0000000717a00000| Complete 
| 110|0x0000000717c00000, 0x0000000717e00000, 0x0000000717e00000|100%| E|CS|TAMS 0x0000000717c00000, 0x0000000717c00000| Complete 
| 111|0x0000000717e00000, 0x0000000718000000, 0x0000000718000000|100%| E|CS|TAMS 0x0000000717e00000, 0x0000000717e00000| Complete 
| 112|0x0000000718000000, 0x0000000718200000, 0x0000000718200000|100%| E|CS|TAMS 0x0000000718000000, 0x0000000718000000| Complete 
| 113|0x0000000718200000, 0x0000000718400000, 0x0000000718400000|100%| E|CS|TAMS 0x0000000718200000, 0x0000000718200000| Complete 
| 114|0x0000000718400000, 0x0000000718600000, 0x0000000718600000|100%| E|CS|TAMS 0x0000000718400000, 0x0000000718400000| Complete 
| 115|0x0000000718600000, 0x0000000718800000, 0x0000000718800000|100%| E|CS|TAMS 0x0000000718600000, 0x0000000718600000| Complete 
| 116|0x0000000718800000, 0x0000000718a00000, 0x0000000718a00000|100%| E|CS|TAMS 0x0000000718800000, 0x0000000718800000| Complete 
| 117|0x0000000718a00000, 0x0000000718c00000, 0x0000000718c00000|100%| E|CS|TAMS 0x0000000718a00000, 0x0000000718a00000| Complete 
| 118|0x0000000718c00000, 0x0000000718e00000, 0x0000000718e00000|100%| E|CS|TAMS 0x0000000718c00000, 0x0000000718c00000| Complete 
| 119|0x0000000718e00000, 0x0000000718e88bf0, 0x0000000719000000| 26%| S|CS|TAMS 0x0000000718e00000, 0x0000000718e00000| Complete 
| 120|0x0000000719000000, 0x0000000719200000, 0x0000000719200000|100%| E|CS|TAMS 0x0000000719000000, 0x0000000719000000| Complete 
| 121|0x0000000719200000, 0x0000000719400000, 0x0000000719400000|100%| E|CS|TAMS 0x0000000719200000, 0x0000000719200000| Complete 
| 122|0x0000000719400000, 0x0000000719600000, 0x0000000719600000|100%| E|CS|TAMS 0x0000000719400000, 0x0000000719400000| Complete 

Card table byte_map: [0x000001ec5a310000,0x000001ec5aac0000] _byte_map_base: 0x000001ec56ac0000

Marking Bits (Prev, Next): (CMBitMap*) 0x000001ec4285d110, (CMBitMap*) 0x000001ec4285d150
 Prev Bits: [0x000001ec5b270000, 0x000001ec5eff0000)
 Next Bits: [0x000001ec5eff0000, 0x000001ec62d70000)

Polling page: 0x000001ec40770000

Metaspace:

Usage:
  Non-class:      9.59 MB used.
      Class:    743.96 KB used.
       Both:     10.32 MB used.

Virtual space:
  Non-class space:       16.00 MB reserved,       9.69 MB ( 61%) committed,  2 nodes.
      Class space:        1.00 GB reserved,     832.00 KB ( <1%) committed,  1 nodes.
             Both:        1.02 GB reserved,      10.50 MB (  1%) committed. 

Chunk freelists:
   Non-Class:  544.00 KB
       Class:  3.17 MB
        Both:  3.70 MB

MaxMetaspaceSize: unlimited
CompressedClassSpaceSize: 1.00 GB
Initial GC threshold: 21.00 MB
Current GC threshold: 21.00 MB
CDS: on
MetaspaceReclaimPolicy: balanced
 - commit_granule_bytes: 65536.
 - commit_granule_words: 8192.
 - virtual_space_node_default_size: 1048576.
 - enlarge_chunks_in_place: 1.
 - new_chunks_are_fully_committed: 0.
 - uncommit_free_chunks: 1.
 - use_allocation_guard: 0.
 - handle_deallocations: 1.


Internal statistics:

num_allocs_failed_limit: 0.
num_arena_births: 50.
num_arena_deaths: 0.
num_vsnodes_births: 3.
num_vsnodes_deaths: 0.
num_space_committed: 166.
num_space_uncommitted: 0.
num_chunks_returned_to_freelist: 0.
num_chunks_taken_from_freelist: 343.
num_chunk_merges: 0.
num_chunk_splits: 283.
num_chunks_enlarged: 251.
num_purges: 0.
num_inconsistent_stats: 0.

CodeHeap 'non-profiled nmethods': size=119168Kb used=2072Kb max_used=2072Kb free=117095Kb
 bounds [0x000001ec51e70000, 0x000001ec520e0000, 0x000001ec592d0000]
CodeHeap 'profiled nmethods': size=119104Kb used=4583Kb max_used=4583Kb free=114520Kb
 bounds [0x000001ec4aa20000, 0x000001ec4aea0000, 0x000001ec51e70000]
CodeHeap 'non-nmethods': size=7488Kb used=1688Kb max_used=3402Kb free=5799Kb
 bounds [0x000001ec4a2d0000, 0x000001ec4a630000, 0x000001ec4aa20000]
 total_blobs=3575 nmethods=2463 adapters=1023
 compilation: enabled
              stopped_count=0, restarted_count=0
 full_count=0

Compilation events (20 events):
Event: 28.177 Thread 0x000001ec66821770 nmethod 2456 0x000001ec5206df10 code [0x000001ec5206e0c0, 0x000001ec5206e578]
Event: 28.941 Thread 0x000001ec66821770 2457       4       java.util.regex.Matcher::start (65 bytes)
Event: 28.943 Thread 0x000001ec66821770 nmethod 2457 0x000001ec5206e790 code [0x000001ec5206e920, 0x000001ec5206ea38]
Event: 29.255 Thread 0x000001ec66821770 2458       4       java.util.HashSet::<init> (16 bytes)
Event: 29.256 Thread 0x000001ec66825bc0 2460       3       jdk.internal.reflect.ReflectionFactory::inflationThreshold (4 bytes)
Event: 29.256 Thread 0x000001ec66825bc0 nmethod 2460 0x000001ec4ae99a10 code [0x000001ec4ae99ba0, 0x000001ec4ae99c98]
Event: 29.257 Thread 0x000001ec66821770 nmethod 2458 0x000001ec5206eb90 code [0x000001ec5206ed20, 0x000001ec5206eed8]
Event: 29.257 Thread 0x000001ec66821770 2459   !   4       jdk.internal.loader.URLClassPath$JarLoader::getResource (354 bytes)
Event: 29.314 Thread 0x000001ec66821770 nmethod 2459 0x000001ec5206ef90 code [0x000001ec5206f360, 0x000001ec52071510]
Event: 30.459 Thread 0x000001ec66821770 2462       4       java.lang.AbstractStringBuilder::charAt (36 bytes)
Event: 30.460 Thread 0x000001ec66821770 nmethod 2462 0x000001ec52073510 code [0x000001ec520736a0, 0x000001ec520737d8]
Event: 30.666 Thread 0x000001ec66821770 2463       4       java.util.regex.Pattern$Branch::match (66 bytes)
Event: 30.672 Thread 0x000001ec66821770 nmethod 2463 0x000001ec52073910 code [0x000001ec52073b00, 0x000001ec52074040]
Event: 30.955 Thread 0x000001ec66821770 2464       4       java.nio.ShortBuffer::put (69 bytes)
Event: 30.967 Thread 0x000001ec66821770 nmethod 2464 0x000001ec52074590 code [0x000001ec52074720, 0x000001ec52074a58]
Event: 30.967 Thread 0x000001ec66821770 2465   !   4       java.nio.ShortBuffer::putArray (160 bytes)
Event: 30.975 Thread 0x000001ec66821770 nmethod 2465 0x000001ec52074f90 code [0x000001ec52075120, 0x000001ec52075318]
Event: 30.983 Thread 0x000001ec66821770 2466       4       com.badlogic.gdx.math.collision.BoundingBox::<init> (54 bytes)
Event: 30.992 Thread 0x000001ec66821770 nmethod 2466 0x000001ec52075610 code [0x000001ec520757e0, 0x000001ec52075fd8]
Event: 30.992 Thread 0x000001ec66821770 2468       4       com.badlogic.gdx.graphics.g3d.utils.ModelBuilder::end (79 bytes)

GC Heap History (6 events):
Event: 2.867 GC heap before
{Heap before GC invocations=0 (full 0):
 garbage-first heap   total 251904K, used 22528K [0x000000070a000000, 0x0000000800000000)
  region size 2048K, 11 young (22528K), 0 survivors (0K)
 Metaspace       used 7187K, committed 7360K, reserved 1064960K
  class space    used 438K, committed 512K, reserved 1048576K
}
Event: 2.873 GC heap after
{Heap after GC invocations=1 (full 0):
 garbage-first heap   total 251904K, used 2547K [0x000000070a000000, 0x0000000800000000)
  region size 2048K, 2 young (4096K), 2 survivors (4096K)
 Metaspace       used 7187K, committed 7360K, reserved 1064960K
  class space    used 438K, committed 512K, reserved 1048576K
}
Event: 13.411 GC heap before
{Heap before GC invocations=1 (full 0):
 garbage-first heap   total 251904K, used 47603K [0x000000070a000000, 0x0000000800000000)
  region size 2048K, 19 young (38912K), 2 survivors (4096K)
 Metaspace       used 9981K, committed 10112K, reserved 1064960K
  class space    used 692K, committed 768K, reserved 1048576K
}
Event: 13.426 GC heap after
{Heap after GC invocations=2 (full 0):
 garbage-first heap   total 251904K, used 22026K [0x000000070a000000, 0x0000000800000000)
  region size 2048K, 3 young (6144K), 3 survivors (6144K)
 Metaspace       used 9981K, committed 10112K, reserved 1064960K
  class space    used 692K, committed 768K, reserved 1048576K
}
Event: 14.351 GC heap before
{Heap before GC invocations=2 (full 0):
 garbage-first heap   total 251904K, used 28170K [0x000000070a000000, 0x0000000800000000)
  region size 2048K, 6 young (12288K), 3 survivors (6144K)
 Metaspace       used 10037K, committed 10176K, reserved 1064960K
  class space    used 692K, committed 768K, reserved 1048576K
}
Event: 14.361 GC heap after
{Heap after GC invocations=3 (full 0):
 garbage-first heap   total 251904K, used 23074K [0x000000070a000000, 0x0000000800000000)
  region size 2048K, 1 young (2048K), 1 survivors (2048K)
 Metaspace       used 10037K, committed 10176K, reserved 1064960K
  class space    used 692K, committed 768K, reserved 1048576K
}

Deoptimization events (20 events):
Event: 23.585 Thread 0x000001ec428045a0 DEOPT PACKING pc=0x000001ec52026cb8 sp=0x0000002f1a4ff130
Event: 23.585 Thread 0x000001ec428045a0 DEOPT UNPACKING pc=0x000001ec4a3223a3 sp=0x0000002f1a4ff0c8 mode 2
Event: 23.586 Thread 0x000001ec428045a0 Uncommon trap: trap_request=0xffffff45 fr.pc=0x000001ec520271b8 relative=0x00000000000001b8
Event: 23.586 Thread 0x000001ec428045a0 Uncommon trap: reason=unstable_if action=reinterpret pc=0x000001ec520271b8 method=com.crazyputting3d.Engine.physicsEngine.get_ball_coordinatesY()[F @ 42 c2
Event: 23.586 Thread 0x000001ec428045a0 DEOPT PACKING pc=0x000001ec520271b8 sp=0x0000002f1a4ff130
Event: 23.586 Thread 0x000001ec428045a0 DEOPT UNPACKING pc=0x000001ec4a3223a3 sp=0x0000002f1a4ff0c8 mode 2
Event: 23.586 Thread 0x000001ec428045a0 Uncommon trap: trap_request=0xffffff45 fr.pc=0x000001ec520276b8 relative=0x00000000000001b8
Event: 23.586 Thread 0x000001ec428045a0 Uncommon trap: reason=unstable_if action=reinterpret pc=0x000001ec520276b8 method=com.crazyputting3d.Engine.physicsEngine.get_ball_coordinatesZ()[F @ 42 c2
Event: 23.586 Thread 0x000001ec428045a0 DEOPT PACKING pc=0x000001ec520276b8 sp=0x0000002f1a4ff130
Event: 23.586 Thread 0x000001ec428045a0 DEOPT UNPACKING pc=0x000001ec4a3223a3 sp=0x0000002f1a4ff0c8 mode 2
Event: 27.718 Thread 0x000001ec428045a0 Uncommon trap: trap_request=0xffffff45 fr.pc=0x000001ec520254e0 relative=0x00000000000001c0
Event: 27.718 Thread 0x000001ec428045a0 Uncommon trap: reason=unstable_if action=reinterpret pc=0x000001ec520254e0 method=com.crazyputting3d.Objects.Wall.isInWall(DD)Z @ 33 c2
Event: 27.718 Thread 0x000001ec428045a0 DEOPT PACKING pc=0x000001ec520254e0 sp=0x0000002f1a4fef20
Event: 27.718 Thread 0x000001ec428045a0 DEOPT UNPACKING pc=0x000001ec4a3223a3 sp=0x0000002f1a4fee50 mode 2
Event: 27.722 Thread 0x000001ec428045a0 Uncommon trap: trap_request=0xffffff45 fr.pc=0x000001ec52023944 relative=0x00000000000000c4
Event: 27.722 Thread 0x000001ec428045a0 Uncommon trap: reason=unstable_if action=reinterpret pc=0x000001ec52023944 method=com.crazyputting3d.Objects.Wall.isInWall(DD)Z @ 15 c2
Event: 27.722 Thread 0x000001ec428045a0 DEOPT PACKING pc=0x000001ec52023944 sp=0x0000002f1a4feed0
Event: 27.722 Thread 0x000001ec428045a0 DEOPT UNPACKING pc=0x000001ec4a3223a3 sp=0x0000002f1a4fee48 mode 2
Event: 31.170 Thread 0x000001ec428045a0 DEOPT PACKING pc=0x000001ec4ac6a00c sp=0x0000002f1a4ff5a0
Event: 31.170 Thread 0x000001ec428045a0 DEOPT UNPACKING pc=0x000001ec4a322b43 sp=0x0000002f1a4fea20 mode 0

Classes unloaded (0 events):
No events

Classes redefined (0 events):
No events

Internal exceptions (20 events):
Event: 0.326 Thread 0x000001ec428045a0 Exception <a 'java/lang/NoSuchMethodError'{0x00000007191f63d0}: 'void java.lang.invoke.DirectMethodHandle$Holder.invokeSpecial(java.lang.Object, java.lang.Object, java.lang.Object)'> (0x00000007191f63d0) 
thrown [e:\jenkins\tmp\workspace\build\src\src\hotspot\share\interpreter\linkResolver.cpp, line 766]
Event: 0.330 Thread 0x000001ec428045a0 Exception <a 'java/lang/NoSuchMethodError'{0x0000000718e09c08}: 'java.lang.Object java.lang.invoke.DirectMethodHandle$Holder.invokeStatic(java.lang.Object, java.lang.Object, int)'> (0x0000000718e09c08) 
thrown [e:\jenkins\tmp\workspace\build\src\src\hotspot\share\interpreter\linkResolver.cpp, line 766]
Event: 0.333 Thread 0x000001ec428045a0 Exception <a 'java/lang/NoSuchMethodError'{0x0000000718e15978}: 'void java.lang.invoke.DelegatingMethodHandle$Holder.delegate(java.lang.Object, java.lang.Object, int, java.lang.Object)'> (0x0000000718e15978) 
thrown [e:\jenkins\tmp\workspace\build\src\src\hotspot\share\interpreter\linkResolver.cpp, line 766]
Event: 0.334 Thread 0x000001ec428045a0 Exception <a 'java/lang/NoSuchMethodError'{0x0000000718e19bb8}: 'int java.lang.invoke.DirectMethodHandle$Holder.invokeSpecial(java.lang.Object, java.lang.Object, java.lang.Object)'> (0x0000000718e19bb8) 
thrown [e:\jenkins\tmp\workspace\build\src\src\hotspot\share\interpreter\linkResolver.cpp, line 766]
Event: 0.386 Thread 0x000001ec428045a0 Exception <a 'sun/nio/fs/WindowsException'{0x0000000718ec1a98}> (0x0000000718ec1a98) 
thrown [e:\jenkins\tmp\workspace\build\src\src\hotspot\share\prims\jni.cpp, line 516]
Event: 0.386 Thread 0x000001ec428045a0 Exception <a 'sun/nio/fs/WindowsException'{0x0000000718ec1ff0}> (0x0000000718ec1ff0) 
thrown [e:\jenkins\tmp\workspace\build\src\src\hotspot\share\prims\jni.cpp, line 516]
Event: 0.427 Thread 0x000001ec428045a0 Exception <a 'sun/nio/fs/WindowsException'{0x0000000718fb00d8}> (0x0000000718fb00d8) 
thrown [e:\jenkins\tmp\workspace\build\src\src\hotspot\share\prims\jni.cpp, line 516]
Event: 0.427 Thread 0x000001ec428045a0 Exception <a 'sun/nio/fs/WindowsException'{0x0000000718fb0478}> (0x0000000718fb0478) 
thrown [e:\jenkins\tmp\workspace\build\src\src\hotspot\share\prims\jni.cpp, line 516]
Event: 0.458 Thread 0x000001ec428045a0 Exception <a 'sun/nio/fs/WindowsException'{0x0000000718c5e798}> (0x0000000718c5e798) 
thrown [e:\jenkins\tmp\workspace\build\src\src\hotspot\share\prims\jni.cpp, line 516]
Event: 0.458 Thread 0x000001ec428045a0 Exception <a 'sun/nio/fs/WindowsException'{0x0000000718c5eb08}> (0x0000000718c5eb08) 
thrown [e:\jenkins\tmp\workspace\build\src\src\hotspot\share\prims\jni.cpp, line 516]
Event: 0.528 Thread 0x000001ec428045a0 Exception <a 'sun/nio/fs/WindowsException'{0x0000000718ce47a0}> (0x0000000718ce47a0) 
thrown [e:\jenkins\tmp\workspace\build\src\src\hotspot\share\prims\jni.cpp, line 516]
Event: 0.528 Thread 0x000001ec428045a0 Exception <a 'sun/nio/fs/WindowsException'{0x0000000718ce4b28}> (0x0000000718ce4b28) 
thrown [e:\jenkins\tmp\workspace\build\src\src\hotspot\share\prims\jni.cpp, line 516]
Event: 1.157 Thread 0x000001ec428045a0 Exception <a 'sun/nio/fs/WindowsException'{0x0000000718ac6b70}> (0x0000000718ac6b70) 
thrown [e:\jenkins\tmp\workspace\build\src\src\hotspot\share\prims\jni.cpp, line 516]
Event: 1.157 Thread 0x000001ec428045a0 Exception <a 'sun/nio/fs/WindowsException'{0x0000000718ac6f20}> (0x0000000718ac6f20) 
thrown [e:\jenkins\tmp\workspace\build\src\src\hotspot\share\prims\jni.cpp, line 516]
Event: 1.164 Thread 0x000001ec428045a0 Exception <a 'sun/nio/fs/WindowsException'{0x0000000718ad30b8}> (0x0000000718ad30b8) 
thrown [e:\jenkins\tmp\workspace\build\src\src\hotspot\share\prims\jni.cpp, line 516]
Event: 1.164 Thread 0x000001ec428045a0 Exception <a 'sun/nio/fs/WindowsException'{0x0000000718ad33a0}> (0x0000000718ad33a0) 
thrown [e:\jenkins\tmp\workspace\build\src\src\hotspot\share\prims\jni.cpp, line 516]
Event: 12.803 Thread 0x000001ec428045a0 Exception <a 'java/io/FileNotFoundException'{0x0000000718a9d5e0}> (0x0000000718a9d5e0) 
thrown [e:\jenkins\tmp\workspace\build\src\src\hotspot\share\prims\jni.cpp, line 516]
Event: 13.172 Thread 0x000001ec428045a0 Implicit null exception at 0x000001ec51f1843f to 0x000001ec51f1851c
Event: 13.205 Thread 0x000001ec428045a0 Implicit null exception at 0x000001ec51eeb330 to 0x000001ec51eeb508
Event: 19.014 Thread 0x000001ec79265a20 Implicit null exception at 0x000001ec51f0d7df to 0x000001ec51f0d89c

VM Operations (20 events):
Event: 21.960 Executing VM operation: ICBufferFull
Event: 21.960 Executing VM operation: ICBufferFull done
Event: 23.261 Executing VM operation: ICBufferFull
Event: 23.261 Executing VM operation: ICBufferFull done
Event: 24.443 Executing VM operation: ICBufferFull
Event: 24.443 Executing VM operation: ICBufferFull done
Event: 25.444 Executing VM operation: Cleanup
Event: 25.444 Executing VM operation: Cleanup done
Event: 25.449 Executing VM operation: HandshakeAllThreads
Event: 25.449 Executing VM operation: HandshakeAllThreads done
Event: 26.307 Executing VM operation: ICBufferFull
Event: 26.307 Executing VM operation: ICBufferFull done
Event: 27.301 Executing VM operation: ICBufferFull
Event: 27.301 Executing VM operation: ICBufferFull done
Event: 28.090 Executing VM operation: ICBufferFull
Event: 28.090 Executing VM operation: ICBufferFull done
Event: 29.198 Executing VM operation: ICBufferFull
Event: 29.198 Executing VM operation: ICBufferFull done
Event: 30.459 Executing VM operation: ICBufferFull
Event: 30.459 Executing VM operation: ICBufferFull done

Events (20 events):
Event: 19.239 Thread 0x000001ec79265a20 Thread exited: 0x000001ec79265a20
Event: 19.270 Thread 0x000001ec66827510 Thread exited: 0x000001ec66827510
Event: 19.404 Thread 0x000001ec668265e0 Thread exited: 0x000001ec668265e0
Event: 19.469 Thread 0x000001ec79c8e320 Thread added: 0x000001ec79c8e320
Event: 19.476 Thread 0x000001ec79c8e7f0 Thread added: 0x000001ec79c8e7f0
Event: 19.679 Thread 0x000001ec79c8e320 Thread exited: 0x000001ec79c8e320
Event: 21.472 Thread 0x000001ec66827000 Thread exited: 0x000001ec66827000
Event: 21.472 Thread 0x000001ec668256b0 Thread exited: 0x000001ec668256b0
Event: 23.568 Thread 0x000001ec78c2ced0 Thread added: 0x000001ec78c2ced0
Event: 23.577 Thread 0x000001ec78c2d3a0 Thread added: 0x000001ec78c2d3a0
Event: 23.778 Thread 0x000001ec78c2ced0 Thread exited: 0x000001ec78c2ced0
Event: 23.952 Thread 0x000001ec78c2f550 Thread added: 0x000001ec78c2f550
Event: 23.957 Thread 0x000001ec78c2f080 Thread added: 0x000001ec78c2f080
Event: 24.158 Thread 0x000001ec78c2f550 Thread exited: 0x000001ec78c2f550
Event: 27.704 Thread 0x000001ec78c2fa20 Thread added: 0x000001ec78c2fa20
Event: 27.709 Thread 0x000001ec78c2dd40 Thread added: 0x000001ec78c2dd40
Event: 27.910 Thread 0x000001ec78c2fa20 Thread exited: 0x000001ec78c2fa20
Event: 29.254 Thread 0x000001ec78c2ebb0 Thread added: 0x000001ec78c2ebb0
Event: 29.259 Thread 0x000001ec78c2f550 Thread added: 0x000001ec78c2f550
Event: 29.459 Thread 0x000001ec78c2ebb0 Thread exited: 0x000001ec78c2ebb0


Dynamic libraries:
0x00007ff604ae0000 - 0x00007ff604aee000 	C:\Program Files\Eclipse Adoptium\jdk-17.0.1.12-hotspot\bin\java.exe
0x00007ff948230000 - 0x00007ff948427000 	C:\Windows\SYSTEM32\ntdll.dll
0x00007ff9469e0000 - 0x00007ff946a9d000 	C:\Windows\System32\KERNEL32.DLL
0x00007ff945ea0000 - 0x00007ff94616d000 	C:\Windows\System32\KERNELBASE.dll
0x00007ff945a80000 - 0x00007ff945b80000 	C:\Windows\System32\ucrtbase.dll
0x00007ff93c2e0000 - 0x00007ff93c2f9000 	C:\Program Files\Eclipse Adoptium\jdk-17.0.1.12-hotspot\bin\VCRUNTIME140.dll
0x00007ff925910000 - 0x00007ff925928000 	C:\Program Files\Eclipse Adoptium\jdk-17.0.1.12-hotspot\bin\jli.dll
0x00007ff946260000 - 0x00007ff946400000 	C:\Windows\System32\USER32.dll
0x00007ff945a50000 - 0x00007ff945a72000 	C:\Windows\System32\win32u.dll
0x00007ff92fe40000 - 0x00007ff9300da000 	C:\Windows\WinSxS\amd64_microsoft.windows.common-controls_6595b64144ccf1df_6.0.19041.1110_none_60b5254171f9507e\COMCTL32.dll
0x00007ff947fc0000 - 0x00007ff947fea000 	C:\Windows\System32\GDI32.dll
0x00007ff945ce0000 - 0x00007ff945deb000 	C:\Windows\System32\gdi32full.dll
0x00007ff9474e0000 - 0x00007ff94757e000 	C:\Windows\System32\msvcrt.dll
0x00007ff945920000 - 0x00007ff9459bd000 	C:\Windows\System32\msvcp_win.dll
0x00007ff948190000 - 0x00007ff9481c0000 	C:\Windows\System32\IMM32.DLL
0x00007ff93e0a0000 - 0x00007ff93e0ac000 	C:\Program Files\Eclipse Adoptium\jdk-17.0.1.12-hotspot\bin\vcruntime140_1.dll
0x00007ff9219b0000 - 0x00007ff921a41000 	C:\Program Files\Eclipse Adoptium\jdk-17.0.1.12-hotspot\bin\msvcp140.dll
0x00007ff893c00000 - 0x00007ff894846000 	C:\Program Files\Eclipse Adoptium\jdk-17.0.1.12-hotspot\bin\server\jvm.dll
0x00007ff947680000 - 0x00007ff94772e000 	C:\Windows\System32\ADVAPI32.dll
0x00007ff946c70000 - 0x00007ff946d0c000 	C:\Windows\System32\sechost.dll
0x00007ff947350000 - 0x00007ff947475000 	C:\Windows\System32\RPCRT4.dll
0x00007ff947ff0000 - 0x00007ff947ff8000 	C:\Windows\System32\PSAPI.DLL
0x00007ff936340000 - 0x00007ff936367000 	C:\Windows\SYSTEM32\WINMM.dll
0x00007ff914b90000 - 0x00007ff914b99000 	C:\Windows\SYSTEM32\WSOCK32.dll
0x00007ff93f3b0000 - 0x00007ff93f3ba000 	C:\Windows\SYSTEM32\VERSION.dll
0x00007ff947580000 - 0x00007ff9475eb000 	C:\Windows\System32\WS2_32.dll
0x00007ff9441b0000 - 0x00007ff9441c2000 	C:\Windows\SYSTEM32\kernel.appcore.dll
0x00007ff93c0e0000 - 0x00007ff93c0ea000 	C:\Program Files\Eclipse Adoptium\jdk-17.0.1.12-hotspot\bin\jimage.dll
0x00007ff943fa0000 - 0x00007ff944184000 	C:\Windows\SYSTEM32\DBGHELP.DLL
0x00007ff93ccf0000 - 0x00007ff93cd1c000 	C:\Windows\SYSTEM32\dbgcore.DLL
0x00007ff9459c0000 - 0x00007ff945a42000 	C:\Windows\System32\bcryptPrimitives.dll
0x00007ff921740000 - 0x00007ff921765000 	C:\Program Files\Eclipse Adoptium\jdk-17.0.1.12-hotspot\bin\java.dll
0x00007ff89be40000 - 0x00007ff89bf16000 	C:\Program Files\Eclipse Adoptium\jdk-17.0.1.12-hotspot\bin\svml.dll
0x00007ff947740000 - 0x00007ff947e84000 	C:\Windows\System32\SHELL32.dll
0x00007ff9436c0000 - 0x00007ff943e54000 	C:\Windows\SYSTEM32\windows.storage.dll
0x00007ff9464b0000 - 0x00007ff946804000 	C:\Windows\System32\combase.dll
0x00007ff945380000 - 0x00007ff9453ac000 	C:\Windows\SYSTEM32\Wldp.dll
0x00007ff946400000 - 0x00007ff9464ad000 	C:\Windows\System32\SHCORE.dll
0x00007ff946c10000 - 0x00007ff946c65000 	C:\Windows\System32\shlwapi.dll
0x00007ff945860000 - 0x00007ff94587f000 	C:\Windows\SYSTEM32\profapi.dll
0x00007ff921990000 - 0x00007ff9219a9000 	C:\Program Files\Eclipse Adoptium\jdk-17.0.1.12-hotspot\bin\net.dll
0x00007ff93afe0000 - 0x00007ff93b0ea000 	C:\Windows\SYSTEM32\WINHTTP.dll
0x00007ff9450e0000 - 0x00007ff94514a000 	C:\Windows\system32\mswsock.dll
0x00007ff921970000 - 0x00007ff921985000 	C:\Program Files\Eclipse Adoptium\jdk-17.0.1.12-hotspot\bin\nio.dll
0x00007ff921950000 - 0x00007ff921968000 	C:\Program Files\Eclipse Adoptium\jdk-17.0.1.12-hotspot\bin\zip.dll
0x000000006e700000 - 0x000000006e72a000 	C:\Users\grado\AppData\Local\Temp\libgdxgrado\e1cd32f8\gdx64.dll
0x00007ff921800000 - 0x00007ff921864000 	C:\Users\grado\AppData\Local\Temp\lwjglgrado\3.2.3-build-13\lwjgl.dll
0x00007ff89bbe0000 - 0x00007ff89be33000 	C:\Users\grado\AppData\Local\Temp\lwjglgrado\3.2.3-build-13\jemalloc.dll
0x00007ff9216d0000 - 0x00007ff921732000 	C:\Users\grado\AppData\Local\Temp\lwjglgrado\3.2.3-build-13\glfw.dll
0x00007ff942e30000 - 0x00007ff942ece000 	C:\Windows\system32\uxtheme.dll
0x00007ff9217b0000 - 0x00007ff9217f5000 	C:\Windows\SYSTEM32\dinput8.dll
0x00007ff921930000 - 0x00007ff921941000 	C:\Windows\SYSTEM32\xinput1_4.dll
0x00007ff946210000 - 0x00007ff94625e000 	C:\Windows\System32\cfgmgr32.dll
0x00007ff9456d0000 - 0x00007ff9456fc000 	C:\Windows\SYSTEM32\DEVOBJ.dll
0x00007ff943070000 - 0x00007ff94309f000 	C:\Windows\SYSTEM32\dwmapi.dll
0x00007ff92a0d0000 - 0x00007ff92a222000 	C:\Windows\SYSTEM32\inputhost.dll
0x00007ff948000000 - 0x00007ff9480cd000 	C:\Windows\System32\OLEAUT32.dll
0x00007ff942040000 - 0x00007ff942194000 	C:\Windows\SYSTEM32\wintypes.dll
0x00007ff940fa0000 - 0x00007ff941096000 	C:\Windows\SYSTEM32\PROPSYS.dll
0x00007ff942a70000 - 0x00007ff942b62000 	C:\Windows\SYSTEM32\CoreMessaging.dll
0x00007ff942710000 - 0x00007ff942a6e000 	C:\Windows\SYSTEM32\CoreUIComponents.dll
0x00007ff944620000 - 0x00007ff944653000 	C:\Windows\SYSTEM32\ntmarta.dll
0x00007ff946810000 - 0x00007ff946925000 	C:\Windows\System32\MSCTF.dll
0x00007ff943e60000 - 0x00007ff943e6d000 	C:\Windows\SYSTEM32\HID.DLL
0x00007ff946d10000 - 0x00007ff94717f000 	C:\Windows\System32\SETUPAPI.DLL
0x00007ff9461e0000 - 0x00007ff946207000 	C:\Windows\System32\bcrypt.dll
0x00007ff946170000 - 0x00007ff9461d7000 	C:\Windows\System32\WINTRUST.dll
0x00007ff945b80000 - 0x00007ff945cd6000 	C:\Windows\System32\CRYPT32.dll
0x00007ff945510000 - 0x00007ff945522000 	C:\Windows\SYSTEM32\MSASN1.dll
0x00007ff89bad0000 - 0x00007ff89bbdb000 	C:\Users\grado\AppData\Local\Temp\lwjglgrado\3.2.3-build-13\OpenAL.dll
0x00007ff947e90000 - 0x00007ff947fba000 	C:\Windows\System32\ole32.dll
0x00007ff946930000 - 0x00007ff9469d9000 	C:\Windows\System32\clbcatq.dll
0x00007ff93ee90000 - 0x00007ff93ef15000 	C:\Windows\System32\MMDevApi.dll
0x00007ff93f190000 - 0x00007ff93f312000 	C:\Windows\SYSTEM32\AUDIOSES.DLL
0x00007ff944ef0000 - 0x00007ff944f3b000 	C:\Windows\SYSTEM32\powrprof.dll
0x00007ff944d60000 - 0x00007ff944d72000 	C:\Windows\SYSTEM32\UMPDC.dll
0x00007ff942f70000 - 0x00007ff942f84000 	C:\Windows\SYSTEM32\resourcepolicyclient.dll
0x00007ff8b6470000 - 0x00007ff8b6596000 	C:\Windows\SYSTEM32\opengl32.dll
0x00007ff8b6440000 - 0x00007ff8b646c000 	C:\Windows\SYSTEM32\GLU32.dll
0x00007ff93ebe0000 - 0x00007ff93ecd7000 	C:\Windows\System32\AppXDeploymentClient.dll
0x00007ff920990000 - 0x00007ff9209ba000 	C:\Windows\System32\DriverStore\FileRepository\u0361612.inf_amd64_b679e02f70413f9f\B361368\atig6pxx.dll
0x00007ff886690000 - 0x00007ff889376000 	C:\Windows\System32\DriverStore\FileRepository\u0361612.inf_amd64_b679e02f70413f9f\B361368\atio6axx.dll
0x00007ff9410e0000 - 0x00007ff941104000 	C:\Windows\SYSTEM32\dxva2.dll
0x00007ff920f90000 - 0x00007ff920fcc000 	C:\Windows\System32\DriverStore\FileRepository\u0361612.inf_amd64_b679e02f70413f9f\B361368\atig6txx.dll
0x00007ff89b910000 - 0x00007ff89bac9000 	C:\Windows\SYSTEM32\atiadlxx.dll
0x00007ff92ecf0000 - 0x00007ff92ed2b000 	C:\Windows\SYSTEM32\dxcore.dll
0x00007ff89b8b0000 - 0x00007ff89b909000 	C:\Users\grado\AppData\Local\Temp\lwjglgrado\3.2.3-build-13\lwjgl_opengl.dll
0x00007ff92cfc0000 - 0x00007ff92d0b9000 	C:\Windows\SYSTEM32\textinputframework.dll
0x00007ff921910000 - 0x00007ff921921000 	C:\Program Files\Eclipse Adoptium\jdk-17.0.1.12-hotspot\bin\jsound.dll
0x00007ff89b810000 - 0x00007ff89b8ac000 	C:\Windows\SYSTEM32\DSOUND.dll
0x00007ff9392a0000 - 0x00007ff9392c6000 	C:\Windows\SYSTEM32\winmmbase.dll
0x00007ff92cd60000 - 0x00007ff92cda6000 	C:\Windows\SYSTEM32\wdmaud.drv
0x00007ff941130000 - 0x00007ff941139000 	C:\Windows\SYSTEM32\ksuser.dll
0x00007ff940590000 - 0x00007ff94059a000 	C:\Windows\SYSTEM32\AVRT.dll
0x00007ff93c6e0000 - 0x00007ff93c6ed000 	C:\Windows\SYSTEM32\msacm32.drv
0x00007ff939500000 - 0x00007ff93951e000 	C:\Windows\SYSTEM32\MSACM32.dll
0x00007ff93c250000 - 0x00007ff93c25b000 	C:\Windows\SYSTEM32\midimap.dll
0x00007ff92bd20000 - 0x00007ff92be61000 	C:\Windows\System32\Windows.UI.dll
0x00007ff931d30000 - 0x00007ff931dd1000 	C:\Windows\System32\WindowManagementAPI.dll
0x00007ff93ef20000 - 0x00007ff93f120000 	C:\Windows\System32\twinapi.appcore.dll

dbghelp: loaded successfully - version: 4.0.5 - missing functions: none
symbol engine: initialized successfully - sym options: 0x614 - pdb path: .;C:\Program Files\Eclipse Adoptium\jdk-17.0.1.12-hotspot\bin;C:\Windows\SYSTEM32;C:\Windows\WinSxS\amd64_microsoft.windows.common-controls_6595b64144ccf1df_6.0.19041.1110_none_60b5254171f9507e;C:\Program Files\Eclipse Adoptium\jdk-17.0.1.12-hotspot\bin\server;C:\Users\grado\AppData\Local\Temp\libgdxgrado\e1cd32f8;C:\Users\grado\AppData\Local\Temp\lwjglgrado\3.2.3-build-13;C:\Windows\System32\DriverStore\FileRepository\u0361612.inf_amd64_b679e02f70413f9f\B361368

VM Arguments:
jvm_args: -XX:+ShowCodeDetailsInExceptionMessages 
java_command: com.crazyputting3d.Main
java_class_path (initial): C:\Users\grado\Documents\Group-04\3dcrazyputting\desktop\bin\main;\CrazyPutting3D-core\bin\default;C:\Users\grado\Documents\Group-04\3dcrazyputting\core\bin\main;C:\Users\grado\.gradle\caches\modules-2\files-2.1\com.badlogicgames.gdx\gdx-backend-lwjgl3\1.10.0\600c7d5b2c977daa82c4abad147087b31e0ada87\gdx-backend-lwjgl3-1.10.0.jar;C:\Users\grado\.gradle\caches\modules-2\files-2.1\com.badlogicgames.gdx\gdx-platform\1.10.0\9a8fa793d2fd6d360afc6c9e4c1f5583da263b88\gdx-platform-1.10.0-natives-desktop.jar;C:\Users\grado\.gradle\caches\modules-2\files-2.1\com.badlogicgames.gdx\gdx-bullet-platform\1.10.0\ce92e8dfc762523d769cbc50853163c03bf98cf1\gdx-bullet-platform-1.10.0-natives-desktop.jar;C:\Users\grado\.gradle\caches\modules-2\files-2.1\com.badlogicgames.gdx\gdx-freetype-platform\1.10.0\6e5d28752759e69384f12e4569d2c884ff71352f\gdx-freetype-platform-1.10.0-natives-desktop.jar;C:\Users\grado\.gradle\caches\modules-2\files-2.1\com.badlogicgames.gdx-controllers\gdx-controllers-desktop\2.2.1\cb3430c32468a090eca54d494d16bb3764ceff9b\gdx-controllers-desktop-2.2.1.jar;C:\Users\grado\.gradle\caches\modules-2\files-2.1\org.jetbrains\annotations\20.1.0\2fcd1f3225bca0c4a7bc931142076f8c1e80993f\annotations-20.1.0.jar;C:\Users\grado\.gradle\caches\modules-2\files-2.1\com.badlogicgames.gdx\gdx-bullet\1.10.0\839b58c7278f5c3b55291c3a559d91227400ecdb\gdx-bullet-1.10.0.jar;C:\Users\grado\.gradle\caches\modules-2\files-2.1\com.badlogicgames.gdx\gdx-freetype\1.10.0\de1d0d5c1e92e8d91364256fd6b7bb279d3e9859\gdx-freetype-1.10.0.jar;C:\Users\grado\.gradle\caches\modules-2\files-2.1\com.badlogicgames.gdx\gdx-ai\1.8.2\ab75d2ce80ab1b1ce6828a15dc0f417abac4c674\gdx-ai-1.8.2.jar;C:\Users\grado\.gradle\caches\modules-2\files-2.1\com.badlogicgames.ashley\ashley\1.7.4\21a3a8932919099c4e5006a7d8378dcbe76ef8a5\ashley-1.7.4.jar;C:\Users\grado\.gradle\caches\modules-2\files-2.1\com.badlogicgames.box2dlights\box2dlights\1.5\6902dbcd250c95a27973aa24a147a95b3828d348\box2dlights-1.5.j
Launcher Type: SUN_STANDARD

[Global flags]
     intx CICompilerCount                          = 12                                        {product} {ergonomic}
     uint ConcGCThreads                            = 3                                         {product} {ergonomic}
     uint G1ConcRefinementThreads                  = 13                                        {product} {ergonomic}
   size_t G1HeapRegionSize                         = 2097152                                   {product} {ergonomic}
    uintx GCDrainStackTargetSize                   = 64                                        {product} {ergonomic}
   size_t InitialHeapSize                          = 257949696                                 {product} {ergonomic}
   size_t MarkStackSize                            = 4194304                                   {product} {ergonomic}
   size_t MaxHeapSize                              = 4127195136                                {product} {ergonomic}
   size_t MaxNewSize                               = 2474639360                                {product} {ergonomic}
   size_t MinHeapDeltaBytes                        = 2097152                                   {product} {ergonomic}
   size_t MinHeapSize                              = 8388608                                   {product} {ergonomic}
    uintx NonNMethodCodeHeapSize                   = 7602480                                {pd product} {ergonomic}
    uintx NonProfiledCodeHeapSize                  = 122027880                              {pd product} {ergonomic}
    uintx ProfiledCodeHeapSize                     = 122027880                              {pd product} {ergonomic}
    uintx ReservedCodeCacheSize                    = 251658240                              {pd product} {ergonomic}
     bool SegmentedCodeCache                       = true                                      {product} {ergonomic}
     bool ShowCodeDetailsInExceptionMessages       = true                                   {manageable} {command line}
   size_t SoftMaxHeapSize                          = 4127195136                             {manageable} {ergonomic}
     bool UseCompressedClassPointers               = true                           {product lp64_product} {ergonomic}
     bool UseCompressedOops                        = true                           {product lp64_product} {ergonomic}
     bool UseG1GC                                  = true                                      {product} {ergonomic}
     bool UseLargePagesIndividualAllocation        = false                                  {pd product} {ergonomic}

Logging:
Log output configuration:
 #0: stdout all=warning uptime,level,tags
 #1: stderr all=off uptime,level,tags

Environment Variables:
PATH=C:\Program Files\Common Files\Oracle\Java\javapath;C:\Windows\system32;C:\Windows;C:\Windows\System32\Wbem;C:\Windows\System32\WindowsPowerShell\v1.0\;C:\Windows\System32\OpenSSH\;C:\Program Files (x86)\NVIDIA Corporation\PhysX\Common;C:\Program Files\NVIDIA Corporation\NVIDIA NvDLISR;C:\Program Files\MATLAB\R2022a\bin;C:\Program Files\Gradle\gradle-7.4.2\bin;C:\Program Files\Git\cmd;C:\Users\grado\AppData\Local\Microsoft\WindowsApps;C:\Users\grado\AppData\Local\Programs\Microsoft VS Code\bin;C:\Users\grado\AppData\Local\GitHubDesktop\bin
USERNAME=grado
LANG=en_US.UTF-8
OS=Windows_NT
PROCESSOR_IDENTIFIER=AMD64 Family 23 Model 96 Stepping 1, AuthenticAMD



---------------  S Y S T E M  ---------------

OS:
 Windows 10 , 64 bit Build 19041 (10.0.19041.1741)
OS uptime: 1 days 16:32 hours

CPU: total 16 (initial active 16) (16 cores per cpu, 2 threads per core) family 23 model 96 stepping 1 microcode 0x0, cx8, cmov, fxsr, ht, mmx, 3dnowpref, sse, sse2, sse3, ssse3, sse4a, sse4.1, sse4.2, popcnt, lzcnt, tsc, tscinvbit, avx, avx2, aes, clmul, bmi1, bmi2, adx, sha, fma, vzeroupper, clflush, clflushopt

Memory: 4k page, system-wide physical 15741M (5874M free)
TotalPageFile size 22653M (AvailPageFile size 8473M)
current process WorkingSet (physical memory assigned to process): 344M, peak: 396M
current process commit charge ("private bytes"): 635M, peak: 699M

vm_info: OpenJDK 64-Bit Server VM (17.0.1+12) for windows-amd64 JRE (17.0.1+12), built on Oct 20 2021 07:42:55 by "" with MS VC++ 16.7 (VS2019)

END.
