#
# A fatal error has been detected by the Java Runtime Environment:
#
#  EXCEPTION_ACCESS_VIOLATION (0xc0000005) at pc=0x0000029219650000, pid=17676, tid=1480
#
# JRE version: OpenJDK Runtime Environment Temurin-17.0.1+12 (17.0.1+12) (build 17.0.1+12)
# Java VM: OpenJDK 64-Bit Server VM Temurin-17.0.1+12 (17.0.1+12, mixed mode, sharing, tiered, compressed oops, compressed class ptrs, g1 gc, windows-amd64)
# Problematic frame:
# C  0x0000029219650000
#
# No core dump will be written. Minidumps are not enabled by default on client versions of Windows
#
# If you would like to submit a bug report, please visit:
#   https://github.com/adoptium/adoptium-support/issues
# The crash happened outside the Java Virtual Machine in native code.
# See problematic frame for where to report the bug.
#

---------------  S U M M A R Y ------------

Command Line: -XX:+ShowCodeDetailsInExceptionMessages com.crazyputting3d.Main

Host: AMD Ryzen 7 4800H with Radeon Graphics         , 16 cores, 15G,  Windows 10 , 64 bit Build 19041 (10.0.19041.1706)
Time: Wed Jun 15 13:06:39 2022 Central European Daylight Time elapsed time: 78.446304 seconds (0d 0h 1m 18s)

---------------  T H R E A D  ---------------

Current thread (0x00000292196d4050):  JavaThread "main" [_thread_in_native, id=1480, stack(0x000000e8c8b00000,0x000000e8c8c00000)]

Stack: [0x000000e8c8b00000,0x000000e8c8c00000],  sp=0x000000e8c8bfe9b8,  free space=1018k
Native frames: (J=compiled Java code, j=interpreted, Vv=VM code, C=native code)
C  0x0000029219650000

Java frames: (J=compiled Java code, j=interpreted, Vv=VM code)
J 1181  org.lwjgl.system.JNI.invokePV(JJ)V (0 bytes) @ 0x0000029228da5c6c [0x0000029228da5c20+0x000000000000004c]
J 2462 c1 org.lwjgl.glfw.GLFW.glfwSwapBuffers(J)V (21 bytes) @ 0x0000029221d3822c [0x0000029221d38140+0x00000000000000ec]
j  com.badlogic.gdx.backends.lwjgl3.Lwjgl3Window.update()Z+196
j  com.badlogic.gdx.backends.lwjgl3.Lwjgl3Application.loop()V+111
j  com.badlogic.gdx.backends.lwjgl3.Lwjgl3Application.<init>(Lcom/badlogic/gdx/ApplicationListener;Lcom/badlogic/gdx/backends/lwjgl3/Lwjgl3ApplicationConfiguration;)V+243
j  com.crazyputting3d.Main.main([Ljava/lang/String;)V+45
v  ~StubRoutines::call_stub

siginfo: EXCEPTION_ACCESS_VIOLATION (0xc0000005), data execution prevention violation at address 0x0000029219650000


Register to memory mapping:

RIP=0x0000029219650000 is an unknown value
RAX=0x0000029219650000 is an unknown value
RBX=0x0000000000010001 is an unknown value
RCX=0x0000000000010001 is an unknown value
RDX=0x000000e8c8bfe9f0 is pointing into the stack for thread: 0x00000292196d4050
RSP=0x000000e8c8bfe9b8 is pointing into the stack for thread: 0x00000292196d4050
RBP=0x000000e8c8bfeac0 is pointing into the stack for thread: 0x00000292196d4050
RSI=0x0000000000000110 is an unknown value
RDI=0x0000000000001aae is an unknown value
R8 =0x000002923e2d8780 points into unknown readable memory: 0x0000029240dac710 | 10 c7 da 40 92 02 00 00
R9 =0x00007ffd569d1b50 glfw.dll
R10=0x00007ffd76981b10 lwjgl.dll
R11=0x000000e8c8bfee28 is pointing into the stack for thread: 0x00000292196d4050
R12=0x0 is NULL
R13=0x000000e8c8bfef28 is pointing into the stack for thread: 0x00000292196d4050
R14=0x000000e8c8bfee80 is pointing into the stack for thread: 0x00000292196d4050
R15=0x00000292196d4050 is a thread


Registers:
RAX=0x0000029219650000, RBX=0x0000000000010001, RCX=0x0000000000010001, RDX=0x000000e8c8bfe9f0
RSP=0x000000e8c8bfe9b8, RBP=0x000000e8c8bfeac0, RSI=0x0000000000000110, RDI=0x0000000000001aae
R8 =0x000002923e2d8780, R9 =0x00007ffd569d1b50, R10=0x00007ffd76981b10, R11=0x000000e8c8bfee28
R12=0x0000000000000000, R13=0x000000e8c8bfef28, R14=0x000000e8c8bfee80, R15=0x00000292196d4050
RIP=0x0000029219650000, EFLAGS=0x0000000000010206

Top of Stack: (sp=0x000000e8c8bfe9b8)
0x000000e8c8bfe9b8:   00007ffd569d1f7c 0000000200000000
0x000000e8c8bfe9c8:   0000029221aef04c 000000070d3a3fd8
0x000000e8c8bfe9d8:   0000140600000002 0000000700000014
0x000000e8c8bfe9e8:   438c000041700000 57464c4720656854
0x000000e8c8bfe9f8:   7972617262696c20 20746f6e20736920
0x000000e8c8bfea08:   696c616974696e69 000000e80064657a
0x000000e8c8bfea18:   0000029221ae3ee4 000000e8c8bfeaf8
0x000000e8c8bfea28:   00007ffd3d605e62 00000292196d4050
0x000000e8c8bfea38:   0000000000000000 00000000000001cc
0x000000e8c8bfea48:   00000292211a94fe 0000000000000000
0x000000e8c8bfea58:   000000006e7020f4 00000292196d42f8
0x000000e8c8bfea68:   00007ffd3d605481 000000070d316cd0
0x000000e8c8bfea78:   0000029228da0405 0000000200000003
0x000000e8c8bfea88:   000000070d300c78 000000070d314838
0x000000e8c8bfea98:   000000070d315038 0000000700000000
0x000000e8c8bfeaa8:   000000070d3a3fd8 0000000000000002 

Instructions: (pc=0x0000029219650000)
0x000002921964ff00:   ?? ?? ?? ?? ?? ?? ?? ?? ?? ?? ?? ?? ?? ?? ?? ??
0x000002921964ff10:   ?? ?? ?? ?? ?? ?? ?? ?? ?? ?? ?? ?? ?? ?? ?? ??
0x000002921964ff20:   ?? ?? ?? ?? ?? ?? ?? ?? ?? ?? ?? ?? ?? ?? ?? ??
0x000002921964ff30:   ?? ?? ?? ?? ?? ?? ?? ?? ?? ?? ?? ?? ?? ?? ?? ??
0x000002921964ff40:   ?? ?? ?? ?? ?? ?? ?? ?? ?? ?? ?? ?? ?? ?? ?? ??
0x000002921964ff50:   ?? ?? ?? ?? ?? ?? ?? ?? ?? ?? ?? ?? ?? ?? ?? ??
0x000002921964ff60:   ?? ?? ?? ?? ?? ?? ?? ?? ?? ?? ?? ?? ?? ?? ?? ??
0x000002921964ff70:   ?? ?? ?? ?? ?? ?? ?? ?? ?? ?? ?? ?? ?? ?? ?? ??
0x000002921964ff80:   ?? ?? ?? ?? ?? ?? ?? ?? ?? ?? ?? ?? ?? ?? ?? ??
0x000002921964ff90:   ?? ?? ?? ?? ?? ?? ?? ?? ?? ?? ?? ?? ?? ?? ?? ??
0x000002921964ffa0:   ?? ?? ?? ?? ?? ?? ?? ?? ?? ?? ?? ?? ?? ?? ?? ??
0x000002921964ffb0:   ?? ?? ?? ?? ?? ?? ?? ?? ?? ?? ?? ?? ?? ?? ?? ??
0x000002921964ffc0:   ?? ?? ?? ?? ?? ?? ?? ?? ?? ?? ?? ?? ?? ?? ?? ??
0x000002921964ffd0:   ?? ?? ?? ?? ?? ?? ?? ?? ?? ?? ?? ?? ?? ?? ?? ??
0x000002921964ffe0:   ?? ?? ?? ?? ?? ?? ?? ?? ?? ?? ?? ?? ?? ?? ?? ??
0x000002921964fff0:   ?? ?? ?? ?? ?? ?? ?? ?? ?? ?? ?? ?? ?? ?? ?? ??
0x0000029219650000:   ?? ?? ?? ?? ?? ?? ?? ?? ?? ?? ?? ?? ?? ?? ?? ??
0x0000029219650010:   ?? ?? ?? ?? ?? ?? ?? ?? ?? ?? ?? ?? ?? ?? ?? ??
0x0000029219650020:   ?? ?? ?? ?? ?? ?? ?? ?? ?? ?? ?? ?? ?? ?? ?? ??
0x0000029219650030:   ?? ?? ?? ?? ?? ?? ?? ?? ?? ?? ?? ?? ?? ?? ?? ??
0x0000029219650040:   ?? ?? ?? ?? ?? ?? ?? ?? ?? ?? ?? ?? ?? ?? ?? ??
0x0000029219650050:   ?? ?? ?? ?? ?? ?? ?? ?? ?? ?? ?? ?? ?? ?? ?? ??
0x0000029219650060:   ?? ?? ?? ?? ?? ?? ?? ?? ?? ?? ?? ?? ?? ?? ?? ??
0x0000029219650070:   ?? ?? ?? ?? ?? ?? ?? ?? ?? ?? ?? ?? ?? ?? ?? ??
0x0000029219650080:   ?? ?? ?? ?? ?? ?? ?? ?? ?? ?? ?? ?? ?? ?? ?? ??
0x0000029219650090:   ?? ?? ?? ?? ?? ?? ?? ?? ?? ?? ?? ?? ?? ?? ?? ??
0x00000292196500a0:   ?? ?? ?? ?? ?? ?? ?? ?? ?? ?? ?? ?? ?? ?? ?? ??
0x00000292196500b0:   ?? ?? ?? ?? ?? ?? ?? ?? ?? ?? ?? ?? ?? ?? ?? ??
0x00000292196500c0:   ?? ?? ?? ?? ?? ?? ?? ?? ?? ?? ?? ?? ?? ?? ?? ??
0x00000292196500d0:   ?? ?? ?? ?? ?? ?? ?? ?? ?? ?? ?? ?? ?? ?? ?? ??
0x00000292196500e0:   ?? ?? ?? ?? ?? ?? ?? ?? ?? ?? ?? ?? ?? ?? ?? ??
0x00000292196500f0:   ?? ?? ?? ?? ?? ?? ?? ?? ?? ?? ?? ?? ?? ?? ?? ?? 


Stack slot to memory mapping:
stack at sp + 0 slots: 0x00007ffd569d1f7c glfw.dll
stack at sp + 1 slots: 0x0000000200000000 is an unknown value
stack at sp + 2 slots: 0x0000029221aef04c is at entry_point+140 in (nmethod*)0x0000029221aeee10
stack at sp + 3 slots: 0x000000070d3a3fd8 is an oop: com.badlogic.gdx.backends.lwjgl3.Lwjgl3GL20 
{0x000000070d3a3fd8} - klass: 'com/badlogic/gdx/backends/lwjgl3/Lwjgl3GL20'
 - ---- fields (total size 3 words):
 - private 'buffer' 'Ljava/nio/ByteBuffer;' @12  a 'java/nio/DirectByteBuffer'{0x000000070d316430} (e1a62c86)
 - private 'floatBuffer' 'Ljava/nio/FloatBuffer;' @16  a 'java/nio/DirectFloatBufferU'{0x000000070d3a3ff0} (e1a747fe)
 - private 'intBuffer' 'Ljava/nio/IntBuffer;' @20  a 'java/nio/DirectIntBufferU'{0x000000070d3a4028} (e1a74805)
stack at sp + 4 slots: 0x0000140600000002 is an unknown value
stack at sp + 5 slots: 0x0000000700000014 is an unknown value
stack at sp + 6 slots: 0x438c000041700000 is an unknown value
stack at sp + 7 slots: 0x57464c4720656854 is an unknown value


---------------  P R O C E S S  ---------------

Threads class SMR info:
_java_thread_list=0x000002923e28ad00, length=14, elements={
0x00000292196d4050, 0x000002923cca0a10, 0x000002923cca2690, 0x000002923ccb84e0,
0x000002923ccb8da0, 0x000002923ccb9750, 0x000002923d808090, 0x000002923d809ab0,
0x000002923d809fd0, 0x000002923d80acc0, 0x000002923d9371e0, 0x000002923d9389f0,
0x000002923d9359d0, 0x000002923d937b80
}

Java Threads: ( => current thread )
=>0x00000292196d4050 JavaThread "main" [_thread_in_native, id=1480, stack(0x000000e8c8b00000,0x000000e8c8c00000)]
  0x000002923cca0a10 JavaThread "Reference Handler" daemon [_thread_blocked, id=15364, stack(0x000000e8c9200000,0x000000e8c9300000)]
  0x000002923cca2690 JavaThread "Finalizer" daemon [_thread_blocked, id=14652, stack(0x000000e8c9300000,0x000000e8c9400000)]
  0x000002923ccb84e0 JavaThread "Signal Dispatcher" daemon [_thread_blocked, id=9468, stack(0x000000e8c9400000,0x000000e8c9500000)]
  0x000002923ccb8da0 JavaThread "Attach Listener" daemon [_thread_blocked, id=3704, stack(0x000000e8c9500000,0x000000e8c9600000)]
  0x000002923ccb9750 JavaThread "Service Thread" daemon [_thread_blocked, id=25672, stack(0x000000e8c9600000,0x000000e8c9700000)]
  0x000002923d808090 JavaThread "Monitor Deflation Thread" daemon [_thread_blocked, id=14568, stack(0x000000e8c9700000,0x000000e8c9800000)]
  0x000002923d809ab0 JavaThread "C2 CompilerThread0" daemon [_thread_blocked, id=16700, stack(0x000000e8c9800000,0x000000e8c9900000)]
  0x000002923d809fd0 JavaThread "C1 CompilerThread0" daemon [_thread_blocked, id=25364, stack(0x000000e8c9900000,0x000000e8c9a00000)]
  0x000002923d80acc0 JavaThread "Sweeper thread" daemon [_thread_blocked, id=19668, stack(0x000000e8c9a00000,0x000000e8c9b00000)]
  0x000002923d9371e0 JavaThread "Notification Thread" daemon [_thread_blocked, id=25104, stack(0x000000e8c9c00000,0x000000e8c9d00000)]
  0x000002923d9389f0 JavaThread "Common-Cleaner" daemon [_thread_blocked, id=21956, stack(0x000000e8c9e00000,0x000000e8c9f00000)]
  0x000002923d9359d0 JavaThread "LWJGL3 Timer" daemon [_thread_blocked, id=23636, stack(0x000000e8caf00000,0x000000e8cb000000)]
  0x000002923d937b80 JavaThread "LWJGL3 Timer" daemon [_thread_blocked, id=15648, stack(0x000000e8cbf00000,0x000000e8cc000000)]

Other Threads:
  0x000002923cc9bf10 VMThread "VM Thread" [stack: 0x000000e8c9100000,0x000000e8c9200000] [id=6168]
  0x000002923d93d9a0 WatcherThread [stack: 0x000000e8c9d00000,0x000000e8c9e00000] [id=12848]
  0x0000029219729a80 GCTaskThread "GC Thread#0" [stack: 0x000000e8c8c00000,0x000000e8c8d00000] [id=21732]
  0x0000029240b73f00 GCTaskThread "GC Thread#1" [stack: 0x000000e8ca900000,0x000000e8caa00000] [id=17984]
  0x0000029240b76750 GCTaskThread "GC Thread#2" [stack: 0x000000e8caa00000,0x000000e8cab00000] [id=15944]
  0x0000029240b759e0 GCTaskThread "GC Thread#3" [stack: 0x000000e8cab00000,0x000000e8cac00000] [id=21908]
  0x0000029240b764a0 GCTaskThread "GC Thread#4" [stack: 0x000000e8cac00000,0x000000e8cad00000] [id=7504]
  0x0000029240b75730 GCTaskThread "GC Thread#5" [stack: 0x000000e8cad00000,0x000000e8cae00000] [id=10256]
  0x0000029240b74f20 GCTaskThread "GC Thread#6" [stack: 0x000000e8cae00000,0x000000e8caf00000] [id=5124]
  0x00000292482dfdd0 GCTaskThread "GC Thread#7" [stack: 0x000000e8cb600000,0x000000e8cb700000] [id=22888]
  0x000002921973afd0 ConcurrentGCThread "G1 Main Marker" [stack: 0x000000e8c8d00000,0x000000e8c8e00000] [id=22756]
  0x000002921973d190 ConcurrentGCThread "G1 Conc#0" [stack: 0x000000e8c8e00000,0x000000e8c8f00000] [id=21140]
  0x00000292197ae790 ConcurrentGCThread "G1 Refine#0" [stack: 0x000000e8c8f00000,0x000000e8c9000000] [id=17640]
  0x0000029240e20930 ConcurrentGCThread "G1 Refine#1" [stack: 0x000000e8cb700000,0x000000e8cb800000] [id=24132]
  0x0000029247e115e0 ConcurrentGCThread "G1 Refine#2" [stack: 0x000000e8cb800000,0x000000e8cb900000] [id=19992]
  0x00000292481b34f0 ConcurrentGCThread "G1 Refine#3" [stack: 0x000000e8cb900000,0x000000e8cba00000] [id=9644]
  0x000002925055da20 ConcurrentGCThread "G1 Refine#4" [stack: 0x000000e8cc000000,0x000000e8cc100000] [id=8604]
  0x000002924812ce40 ConcurrentGCThread "G1 Refine#5" [stack: 0x000000e8cc100000,0x000000e8cc200000] [id=18452]
  0x000002923dcbe6b0 ConcurrentGCThread "G1 Refine#6" [stack: 0x000000e8cc200000,0x000000e8cc300000] [id=17572]
  0x00000292482adac0 ConcurrentGCThread "G1 Refine#7" [stack: 0x000000e8cc300000,0x000000e8cc400000] [id=17980]
  0x00000292543b2490 ConcurrentGCThread "G1 Refine#8" [stack: 0x000000e8cc400000,0x000000e8cc500000] [id=22556]
  0x0000029253712600 ConcurrentGCThread "G1 Refine#9" [stack: 0x000000e8cc500000,0x000000e8cc600000] [id=7476]
  0x000002924edc7680 ConcurrentGCThread "G1 Refine#10" [stack: 0x000000e8cc600000,0x000000e8cc700000] [id=3672]
  0x000002923cb38260 ConcurrentGCThread "G1 Service" [stack: 0x000000e8c9000000,0x000000e8c9100000] [id=23528]

Threads with active compile tasks:

VM state: not at safepoint (normal execution)

VM Mutex/Monitor currently owned by a thread: None

Heap address: 0x000000070a000000, size: 3936 MB, Compressed Oops mode: Zero based, Oop shift amount: 3

CDS archive(s) mapped at: [0x0000000800000000-0x0000000800bc0000-0x0000000800bc0000), size 12320768, SharedBaseAddress: 0x0000000800000000, ArchiveRelocationMode: 0.
Compressed class space mapped at: 0x0000000800c00000-0x0000000840c00000, reserved size: 1073741824
Narrow klass base: 0x0000000800000000, Narrow klass shift: 0, Narrow klass range: 0x100000000

GC Precious Log:
 CPUs: 16 total, 16 available
 Memory: 15741M
 Large Page Support: Disabled
 NUMA Support: Disabled
 Compressed Oops: Enabled (Zero based)
 Heap Region Size: 2M
 Heap Min Capacity: 8M
 Heap Initial Capacity: 246M
 Heap Max Capacity: 3936M
 Pre-touch: Disabled
 Parallel Workers: 13
 Concurrent Workers: 3
 Concurrent Refinement Workers: 13
 Periodic GC: Disabled

Heap:
 garbage-first heap   total 251904K, used 67516K [0x000000070a000000, 0x0000000800000000)
  region size 2048K, 5 young (10240K), 3 survivors (6144K)
 Metaspace       used 10052K, committed 10176K, reserved 1064960K
  class space    used 677K, committed 704K, reserved 1048576K

Heap Regions: E=young(eden), S=young(survivor), O=old, HS=humongous(starts), HC=humongous(continues), CS=collection set, F=free, OA=open archive, CA=closed archive, TAMS=top-at-mark-start (previous, next)
|   0|0x000000070a000000, 0x000000070a200000, 0x000000070a200000|100%| O|  |TAMS 0x000000070a000000, 0x000000070a000000| Untracked 
|   1|0x000000070a200000, 0x000000070a400000, 0x000000070a400000|100%|HS|  |TAMS 0x000000070a200000, 0x000000070a200000| Complete 
|   2|0x000000070a400000, 0x000000070a600000, 0x000000070a600000|100%|HS|  |TAMS 0x000000070a400000, 0x000000070a400000| Complete 
|   3|0x000000070a600000, 0x000000070a800000, 0x000000070a800000|100%| O|  |TAMS 0x000000070a600000, 0x000000070a600000| Untracked 
|   4|0x000000070a800000, 0x000000070aa00000, 0x000000070aa00000|100%| O|  |TAMS 0x000000070a800000, 0x000000070a800000| Untracked 
|   5|0x000000070aa00000, 0x000000070ac00000, 0x000000070ac00000|100%| O|  |TAMS 0x000000070aa00000, 0x000000070aa00000| Untracked 
|   6|0x000000070ac00000, 0x000000070ae00000, 0x000000070ae00000|100%| O|  |TAMS 0x000000070ac00000, 0x000000070ac00000| Untracked 
|   7|0x000000070ae00000, 0x000000070b000000, 0x000000070b000000|100%| O|  |TAMS 0x000000070ae00000, 0x000000070ae00000| Untracked 
|   8|0x000000070b000000, 0x000000070b200000, 0x000000070b200000|100%| O|  |TAMS 0x000000070b000000, 0x000000070b000000| Untracked 
|   9|0x000000070b200000, 0x000000070b400000, 0x000000070b400000|100%| O|  |TAMS 0x000000070b200000, 0x000000070b200000| Untracked 
|  10|0x000000070b400000, 0x000000070b600000, 0x000000070b600000|100%| O|  |TAMS 0x000000070b400000, 0x000000070b400000| Untracked 
|  11|0x000000070b600000, 0x000000070b800000, 0x000000070b800000|100%| O|  |TAMS 0x000000070b600000, 0x000000070b600000| Untracked 
|  12|0x000000070b800000, 0x000000070ba00000, 0x000000070ba00000|100%| O|  |TAMS 0x000000070b800000, 0x000000070b800000| Untracked 
|  13|0x000000070ba00000, 0x000000070bc00000, 0x000000070bc00000|100%| O|  |TAMS 0x000000070ba00000, 0x000000070ba00000| Untracked 
|  14|0x000000070bc00000, 0x000000070be00000, 0x000000070be00000|100%| O|  |TAMS 0x000000070bc00000, 0x000000070bc00000| Untracked 
|  15|0x000000070be00000, 0x000000070c000000, 0x000000070c000000|100%| O|  |TAMS 0x000000070be00000, 0x000000070be00000| Untracked 
|  16|0x000000070c000000, 0x000000070c200000, 0x000000070c200000|100%| O|  |TAMS 0x000000070c000000, 0x000000070c000000| Untracked 
|  17|0x000000070c200000, 0x000000070c400000, 0x000000070c400000|100%| O|  |TAMS 0x000000070c200000, 0x000000070c200000| Untracked 
|  18|0x000000070c400000, 0x000000070c600000, 0x000000070c600000|100%| O|  |TAMS 0x000000070c400000, 0x000000070c400000| Untracked 
|  19|0x000000070c600000, 0x000000070c800000, 0x000000070c800000|100%| O|  |TAMS 0x000000070c600000, 0x000000070c600000| Untracked 
|  20|0x000000070c800000, 0x000000070ca00000, 0x000000070ca00000|100%| O|  |TAMS 0x000000070c800000, 0x000000070c800000| Untracked 
|  21|0x000000070ca00000, 0x000000070cc00000, 0x000000070cc00000|100%| O|  |TAMS 0x000000070ca00000, 0x000000070ca00000| Untracked 
|  22|0x000000070cc00000, 0x000000070ce00000, 0x000000070ce00000|100%| O|  |TAMS 0x000000070cc00000, 0x000000070cc00000| Untracked 
|  23|0x000000070ce00000, 0x000000070d000000, 0x000000070d000000|100%| O|  |TAMS 0x000000070ce00000, 0x000000070ce00000| Untracked 
|  24|0x000000070d000000, 0x000000070d200000, 0x000000070d200000|100%| O|  |TAMS 0x000000070d000000, 0x000000070d000000| Untracked 
|  25|0x000000070d200000, 0x000000070d400000, 0x000000070d400000|100%| O|  |TAMS 0x000000070d200000, 0x000000070d200000| Untracked 
|  26|0x000000070d400000, 0x000000070d600000, 0x000000070d600000|100%| O|  |TAMS 0x000000070d400000, 0x000000070d400000| Untracked 
|  27|0x000000070d600000, 0x000000070d800000, 0x000000070d800000|100%| O|  |TAMS 0x000000070d600000, 0x000000070d600000| Untracked 
|  28|0x000000070d800000, 0x000000070da00000, 0x000000070da00000|100%| O|  |TAMS 0x000000070d800000, 0x000000070d800000| Untracked 
|  29|0x000000070da00000, 0x000000070db00000, 0x000000070dc00000| 50%| O|  |TAMS 0x000000070da00000, 0x000000070da00000| Untracked 
|  30|0x000000070dc00000, 0x000000070dc00000, 0x000000070de00000|  0%| F|  |TAMS 0x000000070dc00000, 0x000000070dc00000| Untracked 
|  31|0x000000070de00000, 0x000000070de00000, 0x000000070e000000|  0%| F|  |TAMS 0x000000070de00000, 0x000000070de00000| Untracked 
|  32|0x000000070e000000, 0x000000070e000000, 0x000000070e200000|  0%| F|  |TAMS 0x000000070e000000, 0x000000070e000000| Untracked 
|  33|0x000000070e200000, 0x000000070e200000, 0x000000070e400000|  0%| F|  |TAMS 0x000000070e200000, 0x000000070e200000| Untracked 
|  34|0x000000070e400000, 0x000000070e400000, 0x000000070e600000|  0%| F|  |TAMS 0x000000070e400000, 0x000000070e400000| Untracked 
|  35|0x000000070e600000, 0x000000070e600000, 0x000000070e800000|  0%| F|  |TAMS 0x000000070e600000, 0x000000070e600000| Untracked 
|  36|0x000000070e800000, 0x000000070e800000, 0x000000070ea00000|  0%| F|  |TAMS 0x000000070e800000, 0x000000070e800000| Untracked 
|  37|0x000000070ea00000, 0x000000070ea00000, 0x000000070ec00000|  0%| F|  |TAMS 0x000000070ea00000, 0x000000070ea00000| Untracked 
|  38|0x000000070ec00000, 0x000000070ec00000, 0x000000070ee00000|  0%| F|  |TAMS 0x000000070ec00000, 0x000000070ec00000| Untracked 
|  39|0x000000070ee00000, 0x000000070ee00000, 0x000000070f000000|  0%| F|  |TAMS 0x000000070ee00000, 0x000000070ee00000| Untracked 
|  40|0x000000070f000000, 0x000000070f000000, 0x000000070f200000|  0%| F|  |TAMS 0x000000070f000000, 0x000000070f000000| Untracked 
|  41|0x000000070f200000, 0x000000070f200000, 0x000000070f400000|  0%| F|  |TAMS 0x000000070f200000, 0x000000070f200000| Untracked 
|  42|0x000000070f400000, 0x000000070f400000, 0x000000070f600000|  0%| F|  |TAMS 0x000000070f400000, 0x000000070f400000| Untracked 
|  43|0x000000070f600000, 0x000000070f600000, 0x000000070f800000|  0%| F|  |TAMS 0x000000070f600000, 0x000000070f600000| Untracked 
|  44|0x000000070f800000, 0x000000070f800000, 0x000000070fa00000|  0%| F|  |TAMS 0x000000070f800000, 0x000000070f800000| Untracked 
|  45|0x000000070fa00000, 0x000000070fa00000, 0x000000070fc00000|  0%| F|  |TAMS 0x000000070fa00000, 0x000000070fa00000| Untracked 
|  46|0x000000070fc00000, 0x000000070fc00000, 0x000000070fe00000|  0%| F|  |TAMS 0x000000070fc00000, 0x000000070fc00000| Untracked 
|  47|0x000000070fe00000, 0x000000070fe00000, 0x0000000710000000|  0%| F|  |TAMS 0x000000070fe00000, 0x000000070fe00000| Untracked 
|  48|0x0000000710000000, 0x0000000710000000, 0x0000000710200000|  0%| F|  |TAMS 0x0000000710000000, 0x0000000710000000| Untracked 
|  49|0x0000000710200000, 0x0000000710200000, 0x0000000710400000|  0%| F|  |TAMS 0x0000000710200000, 0x0000000710200000| Untracked 
|  50|0x0000000710400000, 0x0000000710400000, 0x0000000710600000|  0%| F|  |TAMS 0x0000000710400000, 0x0000000710400000| Untracked 
|  51|0x0000000710600000, 0x0000000710600000, 0x0000000710800000|  0%| F|  |TAMS 0x0000000710600000, 0x0000000710600000| Untracked 
|  52|0x0000000710800000, 0x0000000710800000, 0x0000000710a00000|  0%| F|  |TAMS 0x0000000710800000, 0x0000000710800000| Untracked 
|  53|0x0000000710a00000, 0x0000000710a00000, 0x0000000710c00000|  0%| F|  |TAMS 0x0000000710a00000, 0x0000000710a00000| Untracked 
|  54|0x0000000710c00000, 0x0000000710c00000, 0x0000000710e00000|  0%| F|  |TAMS 0x0000000710c00000, 0x0000000710c00000| Untracked 
|  55|0x0000000710e00000, 0x0000000710e00000, 0x0000000711000000|  0%| F|  |TAMS 0x0000000710e00000, 0x0000000710e00000| Untracked 
|  56|0x0000000711000000, 0x0000000711000000, 0x0000000711200000|  0%| F|  |TAMS 0x0000000711000000, 0x0000000711000000| Untracked 
|  57|0x0000000711200000, 0x0000000711200000, 0x0000000711400000|  0%| F|  |TAMS 0x0000000711200000, 0x0000000711200000| Untracked 
|  58|0x0000000711400000, 0x0000000711400000, 0x0000000711600000|  0%| F|  |TAMS 0x0000000711400000, 0x0000000711400000| Untracked 
|  59|0x0000000711600000, 0x00000007116ef220, 0x0000000711800000| 46%| S|CS|TAMS 0x0000000711600000, 0x0000000711600000| Complete 
|  60|0x0000000711800000, 0x0000000711a00000, 0x0000000711a00000|100%| S|CS|TAMS 0x0000000711800000, 0x0000000711800000| Complete 
|  61|0x0000000711a00000, 0x0000000711c00000, 0x0000000711c00000|100%| S|CS|TAMS 0x0000000711a00000, 0x0000000711a00000| Complete 
|  62|0x0000000711c00000, 0x0000000711c00000, 0x0000000711e00000|  0%| F|  |TAMS 0x0000000711c00000, 0x0000000711c00000| Untracked 
|  63|0x0000000711e00000, 0x0000000711e00000, 0x0000000712000000|  0%| F|  |TAMS 0x0000000711e00000, 0x0000000711e00000| Untracked 
|  64|0x0000000712000000, 0x0000000712000000, 0x0000000712200000|  0%| F|  |TAMS 0x0000000712000000, 0x0000000712000000| Untracked 
|  65|0x0000000712200000, 0x0000000712200000, 0x0000000712400000|  0%| F|  |TAMS 0x0000000712200000, 0x0000000712200000| Untracked 
|  66|0x0000000712400000, 0x0000000712400000, 0x0000000712600000|  0%| F|  |TAMS 0x0000000712400000, 0x0000000712400000| Untracked 
|  67|0x0000000712600000, 0x0000000712600000, 0x0000000712800000|  0%| F|  |TAMS 0x0000000712600000, 0x0000000712600000| Untracked 
|  68|0x0000000712800000, 0x0000000712800000, 0x0000000712a00000|  0%| F|  |TAMS 0x0000000712800000, 0x0000000712800000| Untracked 
|  69|0x0000000712a00000, 0x0000000712a00000, 0x0000000712c00000|  0%| F|  |TAMS 0x0000000712a00000, 0x0000000712a00000| Untracked 
|  70|0x0000000712c00000, 0x0000000712c00000, 0x0000000712e00000|  0%| F|  |TAMS 0x0000000712c00000, 0x0000000712c00000| Untracked 
|  71|0x0000000712e00000, 0x0000000712e00000, 0x0000000713000000|  0%| F|  |TAMS 0x0000000712e00000, 0x0000000712e00000| Untracked 
|  72|0x0000000713000000, 0x0000000713000000, 0x0000000713200000|  0%| F|  |TAMS 0x0000000713000000, 0x0000000713000000| Untracked 
|  73|0x0000000713200000, 0x0000000713200000, 0x0000000713400000|  0%| F|  |TAMS 0x0000000713200000, 0x0000000713200000| Untracked 
|  74|0x0000000713400000, 0x0000000713400000, 0x0000000713600000|  0%| F|  |TAMS 0x0000000713400000, 0x0000000713400000| Untracked 
|  75|0x0000000713600000, 0x0000000713600000, 0x0000000713800000|  0%| F|  |TAMS 0x0000000713600000, 0x0000000713600000| Untracked 
|  76|0x0000000713800000, 0x0000000713800000, 0x0000000713a00000|  0%| F|  |TAMS 0x0000000713800000, 0x0000000713800000| Untracked 
|  77|0x0000000713a00000, 0x0000000713a00000, 0x0000000713c00000|  0%| F|  |TAMS 0x0000000713a00000, 0x0000000713a00000| Untracked 
|  78|0x0000000713c00000, 0x0000000713c00000, 0x0000000713e00000|  0%| F|  |TAMS 0x0000000713c00000, 0x0000000713c00000| Untracked 
|  79|0x0000000713e00000, 0x0000000713e00000, 0x0000000714000000|  0%| F|  |TAMS 0x0000000713e00000, 0x0000000713e00000| Untracked 
|  80|0x0000000714000000, 0x0000000714000000, 0x0000000714200000|  0%| F|  |TAMS 0x0000000714000000, 0x0000000714000000| Untracked 
|  81|0x0000000714200000, 0x0000000714200000, 0x0000000714400000|  0%| F|  |TAMS 0x0000000714200000, 0x0000000714200000| Untracked 
|  82|0x0000000714400000, 0x0000000714400000, 0x0000000714600000|  0%| F|  |TAMS 0x0000000714400000, 0x0000000714400000| Untracked 
|  83|0x0000000714600000, 0x0000000714600000, 0x0000000714800000|  0%| F|  |TAMS 0x0000000714600000, 0x0000000714600000| Untracked 
|  84|0x0000000714800000, 0x0000000714800000, 0x0000000714a00000|  0%| F|  |TAMS 0x0000000714800000, 0x0000000714800000| Untracked 
|  85|0x0000000714a00000, 0x0000000714a00000, 0x0000000714c00000|  0%| F|  |TAMS 0x0000000714a00000, 0x0000000714a00000| Untracked 
|  86|0x0000000714c00000, 0x0000000714c00000, 0x0000000714e00000|  0%| F|  |TAMS 0x0000000714c00000, 0x0000000714c00000| Untracked 
|  87|0x0000000714e00000, 0x0000000714e00000, 0x0000000715000000|  0%| F|  |TAMS 0x0000000714e00000, 0x0000000714e00000| Untracked 
|  88|0x0000000715000000, 0x0000000715000000, 0x0000000715200000|  0%| F|  |TAMS 0x0000000715000000, 0x0000000715000000| Untracked 
|  89|0x0000000715200000, 0x0000000715200000, 0x0000000715400000|  0%| F|  |TAMS 0x0000000715200000, 0x0000000715200000| Untracked 
|  90|0x0000000715400000, 0x0000000715400000, 0x0000000715600000|  0%| F|  |TAMS 0x0000000715400000, 0x0000000715400000| Untracked 
|  91|0x0000000715600000, 0x0000000715600000, 0x0000000715800000|  0%| F|  |TAMS 0x0000000715600000, 0x0000000715600000| Untracked 
|  92|0x0000000715800000, 0x0000000715800000, 0x0000000715a00000|  0%| F|  |TAMS 0x0000000715800000, 0x0000000715800000| Untracked 
|  93|0x0000000715a00000, 0x0000000715a00000, 0x0000000715c00000|  0%| F|  |TAMS 0x0000000715a00000, 0x0000000715a00000| Untracked 
|  94|0x0000000715c00000, 0x0000000715c00000, 0x0000000715e00000|  0%| F|  |TAMS 0x0000000715c00000, 0x0000000715c00000| Untracked 
|  95|0x0000000715e00000, 0x0000000715e00000, 0x0000000716000000|  0%| F|  |TAMS 0x0000000715e00000, 0x0000000715e00000| Untracked 
|  96|0x0000000716000000, 0x0000000716000000, 0x0000000716200000|  0%| F|  |TAMS 0x0000000716000000, 0x0000000716000000| Untracked 
|  97|0x0000000716200000, 0x0000000716200000, 0x0000000716400000|  0%| F|  |TAMS 0x0000000716200000, 0x0000000716200000| Untracked 
|  98|0x0000000716400000, 0x0000000716400000, 0x0000000716600000|  0%| F|  |TAMS 0x0000000716400000, 0x0000000716400000| Untracked 
|  99|0x0000000716600000, 0x0000000716600000, 0x0000000716800000|  0%| F|  |TAMS 0x0000000716600000, 0x0000000716600000| Untracked 
| 100|0x0000000716800000, 0x0000000716800000, 0x0000000716a00000|  0%| F|  |TAMS 0x0000000716800000, 0x0000000716800000| Untracked 
| 101|0x0000000716a00000, 0x0000000716a00000, 0x0000000716c00000|  0%| F|  |TAMS 0x0000000716a00000, 0x0000000716a00000| Untracked 
| 102|0x0000000716c00000, 0x0000000716c00000, 0x0000000716e00000|  0%| F|  |TAMS 0x0000000716c00000, 0x0000000716c00000| Untracked 
| 103|0x0000000716e00000, 0x0000000716e00000, 0x0000000717000000|  0%| F|  |TAMS 0x0000000716e00000, 0x0000000716e00000| Untracked 
| 104|0x0000000717000000, 0x0000000717000000, 0x0000000717200000|  0%| F|  |TAMS 0x0000000717000000, 0x0000000717000000| Untracked 
| 105|0x0000000717200000, 0x0000000717200000, 0x0000000717400000|  0%| F|  |TAMS 0x0000000717200000, 0x0000000717200000| Untracked 
| 106|0x0000000717400000, 0x0000000717400000, 0x0000000717600000|  0%| F|  |TAMS 0x0000000717400000, 0x0000000717400000| Untracked 
| 107|0x0000000717600000, 0x0000000717600000, 0x0000000717800000|  0%| F|  |TAMS 0x0000000717600000, 0x0000000717600000| Untracked 
| 108|0x0000000717800000, 0x0000000717800000, 0x0000000717a00000|  0%| F|  |TAMS 0x0000000717800000, 0x0000000717800000| Untracked 
| 109|0x0000000717a00000, 0x0000000717a00000, 0x0000000717c00000|  0%| F|  |TAMS 0x0000000717a00000, 0x0000000717a00000| Untracked 
| 110|0x0000000717c00000, 0x0000000717c00000, 0x0000000717e00000|  0%| F|  |TAMS 0x0000000717c00000, 0x0000000717c00000| Untracked 
| 111|0x0000000717e00000, 0x0000000717e00000, 0x0000000718000000|  0%| F|  |TAMS 0x0000000717e00000, 0x0000000717e00000| Untracked 
| 112|0x0000000718000000, 0x0000000718000000, 0x0000000718200000|  0%| F|  |TAMS 0x0000000718000000, 0x0000000718000000| Untracked 
| 113|0x0000000718200000, 0x0000000718200000, 0x0000000718400000|  0%| F|  |TAMS 0x0000000718200000, 0x0000000718200000| Untracked 
| 114|0x0000000718400000, 0x0000000718400000, 0x0000000718600000|  0%| F|  |TAMS 0x0000000718400000, 0x0000000718400000| Untracked 
| 115|0x0000000718600000, 0x0000000718600000, 0x0000000718800000|  0%| F|  |TAMS 0x0000000718600000, 0x0000000718600000| Untracked 
| 116|0x0000000718800000, 0x0000000718800000, 0x0000000718a00000|  0%| F|  |TAMS 0x0000000718800000, 0x0000000718800000| Untracked 
| 117|0x0000000718a00000, 0x0000000718a00000, 0x0000000718c00000|  0%| F|  |TAMS 0x0000000718a00000, 0x0000000718a00000| Untracked 
| 118|0x0000000718c00000, 0x0000000718c00000, 0x0000000718e00000|  0%| F|  |TAMS 0x0000000718c00000, 0x0000000718c00000| Untracked 
| 119|0x0000000718e00000, 0x0000000718e00000, 0x0000000719000000|  0%| F|  |TAMS 0x0000000718e00000, 0x0000000718e00000| Untracked 
| 120|0x0000000719000000, 0x0000000719000000, 0x0000000719200000|  0%| F|  |TAMS 0x0000000719000000, 0x0000000719000000| Untracked 
| 121|0x0000000719200000, 0x0000000719400000, 0x0000000719400000|100%| E|  |TAMS 0x0000000719200000, 0x0000000719200000| Complete 
| 122|0x0000000719400000, 0x0000000719600000, 0x0000000719600000|100%| E|CS|TAMS 0x0000000719400000, 0x0000000719400000| Complete 

Card table byte_map: [0x00000292311d0000,0x0000029231980000] _byte_map_base: 0x000002922d980000

Marking Bits (Prev, Next): (CMBitMap*) 0x000002921972b0a0, (CMBitMap*) 0x000002921972b0e0
 Prev Bits: [0x0000029232130000, 0x0000029235eb0000)
 Next Bits: [0x0000029235eb0000, 0x0000029239c30000)

Polling page: 0x0000029217510000

Metaspace:

Usage:
  Non-class:      9.16 MB used.
      Class:    677.55 KB used.
       Both:      9.82 MB used.

Virtual space:
  Non-class space:       16.00 MB reserved,       9.25 MB ( 58%) committed,  2 nodes.
      Class space:        1.00 GB reserved,     704.00 KB ( <1%) committed,  1 nodes.
             Both:        1.02 GB reserved,       9.94 MB ( <1%) committed. 

Chunk freelists:
   Non-Class:  624.00 KB
       Class:  3.19 MB
        Both:  3.80 MB

MaxMetaspaceSize: unlimited
CompressedClassSpaceSize: 1.00 GB
Initial GC threshold: 21.00 MB
Current GC threshold: 21.00 MB
CDS: on
MetaspaceReclaimPolicy: balanced
 - commit_granule_bytes: 65536.
 - commit_granule_words: 8192.
 - virtual_space_node_default_size: 1048576.
 - enlarge_chunks_in_place: 1.
 - new_chunks_are_fully_committed: 0.
 - uncommit_free_chunks: 1.
 - use_allocation_guard: 0.
 - handle_deallocations: 1.


Internal statistics:

num_allocs_failed_limit: 0.
num_arena_births: 44.
num_arena_deaths: 0.
num_vsnodes_births: 3.
num_vsnodes_deaths: 0.
num_space_committed: 157.
num_space_uncommitted: 0.
num_chunks_returned_to_freelist: 0.
num_chunks_taken_from_freelist: 323.
num_chunk_merges: 0.
num_chunk_splits: 273.
num_chunks_enlarged: 250.
num_purges: 0.
num_inconsistent_stats: 0.

CodeHeap 'non-profiled nmethods': size=119168Kb used=2485Kb max_used=2485Kb free=116682Kb
 bounds [0x0000029228d40000, 0x0000029228fb0000, 0x00000292301a0000]
CodeHeap 'profiled nmethods': size=119104Kb used=4627Kb max_used=4627Kb free=114476Kb
 bounds [0x00000292218f0000, 0x0000029221d80000, 0x0000029228d40000]
CodeHeap 'non-nmethods': size=7488Kb used=1651Kb max_used=3400Kb free=5836Kb
 bounds [0x00000292211a0000, 0x0000029221570000, 0x00000292218f0000]
 total_blobs=3624 nmethods=2527 adapters=1010
 compilation: enabled
              stopped_count=0, restarted_count=0
 full_count=0

Compilation events (20 events):
Event: 59.765 Thread 0x000002923d809ab0 2575       4       com.badlogic.gdx.math.Vector3::crs (62 bytes)
Event: 59.766 Thread 0x000002923d809ab0 nmethod 2575 0x0000029228fab110 code [0x0000029228fab280, 0x0000029228fab358]
Event: 60.195 Thread 0x000002923d809fd0 2576       3       java.lang.reflect.Array::newInstance (6 bytes)
Event: 60.195 Thread 0x000002923d809fd0 nmethod 2576 0x0000029221d74910 code [0x0000029221d74aa0, 0x0000029221d74ba8]
Event: 64.887 Thread 0x000002923d809ab0 2577       4       java.lang.Integer::numberOfTrailingZeros (80 bytes)
Event: 64.887 Thread 0x000002923d809ab0 nmethod 2577 0x0000029228fab410 code [0x0000029228fab580, 0x0000029228fab638]
Event: 73.934 Thread 0x000002923d809ab0 2578       4       java.lang.Long::numberOfTrailingZeros (26 bytes)
Event: 73.935 Thread 0x000002923d809ab0 nmethod 2578 0x0000029228fab710 code [0x0000029228fab880, 0x0000029228fab8f8]
Event: 74.020 Thread 0x000002923d809ab0 2579       4       com.badlogic.gdx.graphics.g3d.environment.PointLight::set (17 bytes)
Event: 74.023 Thread 0x000002923d809ab0 nmethod 2579 0x0000029228faba10 code [0x0000029228fabba0, 0x0000029228fabcf8]
Event: 74.833 Thread 0x000002923d809ab0 2580       4       java.util.Locale::equals (75 bytes)
Event: 74.833 Thread 0x000002923d809ab0 nmethod 2580 0x0000029228fabe90 code [0x0000029228fac000, 0x0000029228fac098]
Event: 75.600 Thread 0x000002923d809ab0 2581       4       java.util.regex.CharPredicates$$Lambda$20/0x800000029::is (5 bytes)
Event: 75.601 Thread 0x000002923d809ab0 nmethod 2581 0x0000029228fac190 code [0x0000029228fac300, 0x0000029228fac3b8]
Event: 75.680 Thread 0x000002923d809ab0 2582       4       java.util.regex.Pattern$BmpCharProperty::match (55 bytes)
Event: 75.686 Thread 0x000002923d809ab0 nmethod 2582 0x0000029228fac490 code [0x0000029228fac640, 0x0000029228fac8a8]
Event: 75.855 Thread 0x000002923d809ab0 2583       4       com.badlogic.gdx.graphics.g3d.utils.DefaultTextureBinder::begin (38 bytes)
Event: 75.859 Thread 0x000002923d809ab0 nmethod 2583 0x0000029228facb90 code [0x0000029228facd00, 0x0000029228facff8]
Event: 76.272 Thread 0x000002923d809ab0 2584       4       com.badlogic.gdx.AbstractInput::isKeyPressed (38 bytes)
Event: 76.273 Thread 0x000002923d809ab0 nmethod 2584 0x0000029228fad110 code [0x0000029228fad280, 0x0000029228fad378]

GC Heap History (16 events):
Event: 1.878 GC heap before
{Heap before GC invocations=0 (full 0):
 garbage-first heap   total 251904K, used 22528K [0x000000070a000000, 0x0000000800000000)
  region size 2048K, 11 young (22528K), 0 survivors (0K)
 Metaspace       used 6990K, committed 7168K, reserved 1064960K
  class space    used 421K, committed 512K, reserved 1048576K
}
Event: 1.882 GC heap after
{Heap after GC invocations=1 (full 0):
 garbage-first heap   total 251904K, used 2547K [0x000000070a000000, 0x0000000800000000)
  region size 2048K, 2 young (4096K), 2 survivors (4096K)
 Metaspace       used 6990K, committed 7168K, reserved 1064960K
  class space    used 421K, committed 512K, reserved 1048576K
}
Event: 5.803 GC heap before
{Heap before GC invocations=1 (full 0):
 garbage-first heap   total 251904K, used 39411K [0x000000070a000000, 0x0000000800000000)
  region size 2048K, 17 young (34816K), 2 survivors (4096K)
 Metaspace       used 9325K, committed 9472K, reserved 1064960K
  class space    used 640K, committed 704K, reserved 1048576K
}
Event: 5.822 GC heap after
{Heap after GC invocations=2 (full 0):
 garbage-first heap   total 251904K, used 19919K [0x000000070a000000, 0x0000000800000000)
  region size 2048K, 3 young (6144K), 3 survivors (6144K)
 Metaspace       used 9325K, committed 9472K, reserved 1064960K
  class space    used 640K, committed 704K, reserved 1048576K
}
Event: 6.588 GC heap before
{Heap before GC invocations=2 (full 0):
 garbage-first heap   total 251904K, used 79311K [0x000000070a000000, 0x0000000800000000)
  region size 2048K, 32 young (65536K), 3 survivors (6144K)
 Metaspace       used 9696K, committed 9792K, reserved 1064960K
  class space    used 675K, committed 704K, reserved 1048576K
}
Event: 6.618 GC heap after
{Heap after GC invocations=3 (full 0):
 garbage-first heap   total 251904K, used 58188K [0x000000070a000000, 0x0000000800000000)
  region size 2048K, 4 young (8192K), 4 survivors (8192K)
 Metaspace       used 9696K, committed 9792K, reserved 1064960K
  class space    used 675K, committed 704K, reserved 1048576K
}
Event: 7.439 GC heap before
{Heap before GC invocations=3 (full 0):
 garbage-first heap   total 251904K, used 62284K [0x000000070a000000, 0x0000000800000000)
  region size 2048K, 6 young (12288K), 4 survivors (8192K)
 Metaspace       used 9759K, committed 9856K, reserved 1064960K
  class space    used 675K, committed 704K, reserved 1048576K
}
Event: 7.449 GC heap after
{Heap after GC invocations=4 (full 0):
 garbage-first heap   total 251904K, used 61851K [0x000000070a000000, 0x0000000800000000)
  region size 2048K, 1 young (2048K), 1 survivors (2048K)
 Metaspace       used 9759K, committed 9856K, reserved 1064960K
  class space    used 675K, committed 704K, reserved 1048576K
}
Event: 14.542 GC heap before
{Heap before GC invocations=4 (full 0):
 garbage-first heap   total 251904K, used 98715K [0x000000070a000000, 0x0000000800000000)
  region size 2048K, 19 young (38912K), 1 survivors (2048K)
 Metaspace       used 9873K, committed 9984K, reserved 1064960K
  class space    used 675K, committed 704K, reserved 1048576K
}
Event: 14.544 GC heap after
{Heap after GC invocations=5 (full 0):
 garbage-first heap   total 251904K, used 61156K [0x000000070a000000, 0x0000000800000000)
  region size 2048K, 1 young (2048K), 1 survivors (2048K)
 Metaspace       used 9873K, committed 9984K, reserved 1064960K
  class space    used 675K, committed 704K, reserved 1048576K
}
Event: 30.045 GC heap before
{Heap before GC invocations=5 (full 0):
 garbage-first heap   total 251904K, used 145124K [0x000000070a000000, 0x0000000800000000)
  region size 2048K, 42 young (86016K), 1 survivors (2048K)
 Metaspace       used 10039K, committed 10176K, reserved 1064960K
  class space    used 676K, committed 704K, reserved 1048576K
}
Event: 30.050 GC heap after
{Heap after GC invocations=6 (full 0):
 garbage-first heap   total 251904K, used 62266K [0x000000070a000000, 0x0000000800000000)
  region size 2048K, 1 young (2048K), 1 survivors (2048K)
 Metaspace       used 10039K, committed 10176K, reserved 1064960K
  class space    used 676K, committed 704K, reserved 1048576K
}
Event: 52.935 GC heap before
{Heap before GC invocations=6 (full 0):
 garbage-first heap   total 251904K, used 179002K [0x000000070a000000, 0x0000000800000000)
  region size 2048K, 58 young (118784K), 1 survivors (2048K)
 Metaspace       used 10041K, committed 10176K, reserved 1064960K
  class space    used 676K, committed 704K, reserved 1048576K
}
Event: 52.940 GC heap after
{Heap after GC invocations=7 (full 0):
 garbage-first heap   total 251904K, used 63897K [0x000000070a000000, 0x0000000800000000)
  region size 2048K, 2 young (4096K), 2 survivors (4096K)
 Metaspace       used 10041K, committed 10176K, reserved 1064960K
  class space    used 676K, committed 704K, reserved 1048576K
}
Event: 76.292 GC heap before
{Heap before GC invocations=7 (full 0):
 garbage-first heap   total 251904K, used 184729K [0x000000070a000000, 0x0000000800000000)
  region size 2048K, 61 young (124928K), 2 survivors (4096K)
 Metaspace       used 10041K, committed 10176K, reserved 1064960K
  class space    used 676K, committed 704K, reserved 1048576K
}
Event: 76.298 GC heap after
{Heap after GC invocations=8 (full 0):
 garbage-first heap   total 251904K, used 65468K [0x000000070a000000, 0x0000000800000000)
  region size 2048K, 3 young (6144K), 3 survivors (6144K)
 Metaspace       used 10041K, committed 10176K, reserved 1064960K
  class space    used 676K, committed 704K, reserved 1048576K
}

Deoptimization events (20 events):
Event: 22.866 Thread 0x00000292196d4050 Uncommon trap: trap_request=0xffffff45 fr.pc=0x0000029228ee8f5c relative=0x0000000000000b5c
Event: 22.866 Thread 0x00000292196d4050 Uncommon trap: reason=unstable_if action=reinterpret pc=0x0000029228ee8f5c method=com.badlogic.gdx.utils.TimSort.gallopRight(Ljava/lang/Object;[Ljava/lang/Object;IIILjava/util/Comparator;)I @ 173 c2
Event: 22.866 Thread 0x00000292196d4050 DEOPT PACKING pc=0x0000029228ee8f5c sp=0x000000e8c8bfe830
Event: 22.866 Thread 0x00000292196d4050 DEOPT UNPACKING pc=0x00000292211f23a3 sp=0x000000e8c8bfe6d0 mode 2
Event: 22.933 Thread 0x00000292196d4050 Uncommon trap: trap_request=0xffffff45 fr.pc=0x0000029228f17510 relative=0x00000000000009b0
Event: 22.933 Thread 0x00000292196d4050 Uncommon trap: reason=unstable_if action=reinterpret pc=0x0000029228f17510 method=com.badlogic.gdx.utils.TimSort.gallopRight(Ljava/lang/Object;[Ljava/lang/Object;IIILjava/util/Comparator;)I @ 173 c2
Event: 22.933 Thread 0x00000292196d4050 DEOPT PACKING pc=0x0000029228f17510 sp=0x000000e8c8bfe7f0
Event: 22.933 Thread 0x00000292196d4050 DEOPT UNPACKING pc=0x00000292211f23a3 sp=0x000000e8c8bfe6e8 mode 2
Event: 22.985 Thread 0x00000292196d4050 Uncommon trap: trap_request=0xffffff45 fr.pc=0x0000029228ed971c relative=0x000000000000049c
Event: 22.985 Thread 0x00000292196d4050 Uncommon trap: reason=unstable_if action=reinterpret pc=0x0000029228ed971c method=com.badlogic.gdx.utils.TimSort.gallopRight(Ljava/lang/Object;[Ljava/lang/Object;IIILjava/util/Comparator;)I @ 173 c2
Event: 22.985 Thread 0x00000292196d4050 DEOPT PACKING pc=0x0000029228ed971c sp=0x000000e8c8bfe780
Event: 22.985 Thread 0x00000292196d4050 DEOPT UNPACKING pc=0x00000292211f23a3 sp=0x000000e8c8bfe708 mode 2
Event: 27.772 Thread 0x00000292196d4050 Uncommon trap: trap_request=0xffffff45 fr.pc=0x0000029228f65110 relative=0x00000000000009b0
Event: 27.772 Thread 0x00000292196d4050 Uncommon trap: reason=unstable_if action=reinterpret pc=0x0000029228f65110 method=com.badlogic.gdx.utils.TimSort.mergeAt(I)V @ 130 c2
Event: 27.772 Thread 0x00000292196d4050 DEOPT PACKING pc=0x0000029228f65110 sp=0x000000e8c8bfe8c0
Event: 27.772 Thread 0x00000292196d4050 DEOPT UNPACKING pc=0x00000292211f23a3 sp=0x000000e8c8bfe868 mode 2
Event: 29.443 Thread 0x00000292196d4050 Uncommon trap: trap_request=0xffffff45 fr.pc=0x0000029228eda668 relative=0x0000000000000468
Event: 29.443 Thread 0x00000292196d4050 Uncommon trap: reason=unstable_if action=reinterpret pc=0x0000029228eda668 method=com.badlogic.gdx.utils.TimSort.gallopLeft(Ljava/lang/Object;[Ljava/lang/Object;IIILjava/util/Comparator;)I @ 169 c2
Event: 29.443 Thread 0x00000292196d4050 DEOPT PACKING pc=0x0000029228eda668 sp=0x000000e8c8bfe850
Event: 29.443 Thread 0x00000292196d4050 DEOPT UNPACKING pc=0x00000292211f23a3 sp=0x000000e8c8bfe7d8 mode 2

Classes unloaded (0 events):
No events

Classes redefined (0 events):
No events

Internal exceptions (20 events):
Event: 0.368 Thread 0x00000292196d4050 Exception <a 'java/lang/NoSuchMethodError'{0x00000007191b7220}: 'java.lang.Object java.lang.invoke.DirectMethodHandle$Holder.invokeStaticInit(java.lang.Object)'> (0x00000007191b7220) 
thrown [e:\jenkins\tmp\workspace\build\src\src\hotspot\share\interpreter\linkResolver.cpp, line 766]
Event: 0.387 Thread 0x00000292196d4050 Exception <a 'java/lang/NoSuchMethodError'{0x0000000718e19e90}: 'void java.lang.invoke.DirectMethodHandle$Holder.invokeStatic(java.lang.Object, java.lang.Object)'> (0x0000000718e19e90) 
thrown [e:\jenkins\tmp\workspace\build\src\src\hotspot\share\interpreter\linkResolver.cpp, line 766]
Event: 0.388 Thread 0x00000292196d4050 Exception <a 'java/lang/NoSuchMethodError'{0x0000000718e1f6d8}: 'void java.lang.invoke.DirectMethodHandle$Holder.invokeSpecial(java.lang.Object, java.lang.Object, java.lang.Object)'> (0x0000000718e1f6d8) 
thrown [e:\jenkins\tmp\workspace\build\src\src\hotspot\share\interpreter\linkResolver.cpp, line 766]
Event: 0.392 Thread 0x00000292196d4050 Exception <a 'java/lang/NoSuchMethodError'{0x0000000718e32a60}: 'java.lang.Object java.lang.invoke.DirectMethodHandle$Holder.invokeStatic(java.lang.Object, java.lang.Object, int)'> (0x0000000718e32a60) 
thrown [e:\jenkins\tmp\workspace\build\src\src\hotspot\share\interpreter\linkResolver.cpp, line 766]
Event: 0.395 Thread 0x00000292196d4050 Exception <a 'java/lang/NoSuchMethodError'{0x0000000718e3e7d0}: 'void java.lang.invoke.DelegatingMethodHandle$Holder.delegate(java.lang.Object, java.lang.Object, int, java.lang.Object)'> (0x0000000718e3e7d0) 
thrown [e:\jenkins\tmp\workspace\build\src\src\hotspot\share\interpreter\linkResolver.cpp, line 766]
Event: 0.396 Thread 0x00000292196d4050 Exception <a 'java/lang/NoSuchMethodError'{0x0000000718e42a10}: 'int java.lang.invoke.DirectMethodHandle$Holder.invokeSpecial(java.lang.Object, java.lang.Object, java.lang.Object)'> (0x0000000718e42a10) 
thrown [e:\jenkins\tmp\workspace\build\src\src\hotspot\share\interpreter\linkResolver.cpp, line 766]
Event: 0.457 Thread 0x00000292196d4050 Exception <a 'sun/nio/fs/WindowsException'{0x0000000718eea778}> (0x0000000718eea778) 
thrown [e:\jenkins\tmp\workspace\build\src\src\hotspot\share\prims\jni.cpp, line 516]
Event: 0.457 Thread 0x00000292196d4050 Exception <a 'sun/nio/fs/WindowsException'{0x0000000718eeacd0}> (0x0000000718eeacd0) 
thrown [e:\jenkins\tmp\workspace\build\src\src\hotspot\share\prims\jni.cpp, line 516]
Event: 0.522 Thread 0x00000292196d4050 Exception <a 'sun/nio/fs/WindowsException'{0x0000000718fd86f8}> (0x0000000718fd86f8) 
thrown [e:\jenkins\tmp\workspace\build\src\src\hotspot\share\prims\jni.cpp, line 516]
Event: 0.522 Thread 0x00000292196d4050 Exception <a 'sun/nio/fs/WindowsException'{0x0000000718fd8a98}> (0x0000000718fd8a98) 
thrown [e:\jenkins\tmp\workspace\build\src\src\hotspot\share\prims\jni.cpp, line 516]
Event: 0.571 Thread 0x00000292196d4050 Exception <a 'sun/nio/fs/WindowsException'{0x0000000718c87ba0}> (0x0000000718c87ba0) 
thrown [e:\jenkins\tmp\workspace\build\src\src\hotspot\share\prims\jni.cpp, line 516]
Event: 0.571 Thread 0x00000292196d4050 Exception <a 'sun/nio/fs/WindowsException'{0x0000000718c87f10}> (0x0000000718c87f10) 
thrown [e:\jenkins\tmp\workspace\build\src\src\hotspot\share\prims\jni.cpp, line 516]
Event: 0.664 Thread 0x00000292196d4050 Exception <a 'sun/nio/fs/WindowsException'{0x0000000718d0c3f0}> (0x0000000718d0c3f0) 
thrown [e:\jenkins\tmp\workspace\build\src\src\hotspot\share\prims\jni.cpp, line 516]
Event: 0.664 Thread 0x00000292196d4050 Exception <a 'sun/nio/fs/WindowsException'{0x0000000718d0c778}> (0x0000000718d0c778) 
thrown [e:\jenkins\tmp\workspace\build\src\src\hotspot\share\prims\jni.cpp, line 516]
Event: 1.450 Thread 0x00000292196d4050 Exception <a 'sun/nio/fs/WindowsException'{0x0000000718aedae0}> (0x0000000718aedae0) 
thrown [e:\jenkins\tmp\workspace\build\src\src\hotspot\share\prims\jni.cpp, line 516]
Event: 1.450 Thread 0x00000292196d4050 Exception <a 'sun/nio/fs/WindowsException'{0x0000000718aede90}> (0x0000000718aede90) 
thrown [e:\jenkins\tmp\workspace\build\src\src\hotspot\share\prims\jni.cpp, line 516]
Event: 1.457 Thread 0x00000292196d4050 Exception <a 'sun/nio/fs/WindowsException'{0x0000000718af9fc0}> (0x0000000718af9fc0) 
thrown [e:\jenkins\tmp\workspace\build\src\src\hotspot\share\prims\jni.cpp, line 516]
Event: 1.457 Thread 0x00000292196d4050 Exception <a 'sun/nio/fs/WindowsException'{0x0000000718afa2a8}> (0x0000000718afa2a8) 
thrown [e:\jenkins\tmp\workspace\build\src\src\hotspot\share\prims\jni.cpp, line 516]
Event: 5.956 Thread 0x00000292196d4050 Implicit null exception at 0x0000029228db80bf to 0x0000029228db819c
Event: 5.994 Thread 0x00000292196d4050 Implicit null exception at 0x0000029228dac230 to 0x0000029228dac408

VM Operations (20 events):
Event: 67.948 Executing VM operation: Cleanup
Event: 67.949 Executing VM operation: Cleanup done
Event: 68.949 Executing VM operation: Cleanup
Event: 68.949 Executing VM operation: Cleanup done
Event: 69.950 Executing VM operation: Cleanup
Event: 69.950 Executing VM operation: Cleanup done
Event: 70.950 Executing VM operation: Cleanup
Event: 70.950 Executing VM operation: Cleanup done
Event: 71.951 Executing VM operation: Cleanup
Event: 71.951 Executing VM operation: Cleanup done
Event: 72.951 Executing VM operation: Cleanup
Event: 72.951 Executing VM operation: Cleanup done
Event: 73.952 Executing VM operation: Cleanup
Event: 73.952 Executing VM operation: Cleanup done
Event: 75.952 Executing VM operation: Cleanup
Event: 75.952 Executing VM operation: Cleanup done
Event: 76.292 Executing VM operation: G1CollectForAllocation
Event: 76.298 Executing VM operation: G1CollectForAllocation done
Event: 77.298 Executing VM operation: Cleanup
Event: 77.298 Executing VM operation: Cleanup done

Events (20 events):
Event: 7.010 Thread 0x0000029248568730 Thread exited: 0x0000029248568730
Event: 7.055 Thread 0x000002924847d040 Thread exited: 0x000002924847d040
Event: 7.064 Thread 0x0000029247f9fad0 Thread exited: 0x0000029247f9fad0
Event: 7.520 Thread 0x000002923de4eec0 Thread exited: 0x000002923de4eec0
Event: 7.540 Thread 0x0000029240e9f310 Thread exited: 0x0000029240e9f310
Event: 7.540 Thread 0x000002923d907a20 Thread exited: 0x000002923d907a20
Event: 7.540 Thread 0x000002923e2ba4b0 Thread exited: 0x000002923e2ba4b0
Event: 9.560 Thread 0x0000029240cc2fe0 Thread exited: 0x0000029240cc2fe0
Event: 12.880 Thread 0x000002923d924340 Thread exited: 0x000002923d924340
Event: 12.880 Thread 0x0000029240d69ff0 Thread exited: 0x0000029240d69ff0
Event: 16.956 Thread 0x000002924ca42d20 Thread added: 0x000002924ca42d20
Event: 20.677 Thread 0x000002924ca42d20 Thread exited: 0x000002924ca42d20
Event: 21.223 Thread 0x000002924ca42810 Thread added: 0x000002924ca42810
Event: 21.223 Thread 0x000002924ca42300 Thread added: 0x000002924ca42300
Event: 21.223 Thread 0x000002924ca42d20 Thread added: 0x000002924ca42d20
Event: 22.270 Thread 0x000002924ca42d20 Thread exited: 0x000002924ca42d20
Event: 22.490 Thread 0x000002924ca42300 Thread exited: 0x000002924ca42300
Event: 22.584 Thread 0x000002924ca42810 Thread exited: 0x000002924ca42810
Event: 36.164 Thread 0x000002924ca409b0 Thread added: 0x000002924ca409b0
Event: 37.684 Thread 0x000002924ca409b0 Thread exited: 0x000002924ca409b0


Dynamic libraries:
0x00007ff7440e0000 - 0x00007ff7440ee000 	C:\Program Files\Eclipse Adoptium\jdk-17.0.1.12-hotspot\bin\java.exe
0x00007ffdc5cd0000 - 0x00007ffdc5ec5000 	C:\Windows\SYSTEM32\ntdll.dll
0x00007ffdc4060000 - 0x00007ffdc411d000 	C:\Windows\System32\KERNEL32.DLL
0x00007ffdc3720000 - 0x00007ffdc39ed000 	C:\Windows\System32\KERNELBASE.dll
0x00007ffdc33b0000 - 0x00007ffdc34b0000 	C:\Windows\System32\ucrtbase.dll
0x00007ffda1600000 - 0x00007ffda1619000 	C:\Program Files\Eclipse Adoptium\jdk-17.0.1.12-hotspot\bin\VCRUNTIME140.dll
0x00007ffda1520000 - 0x00007ffda1538000 	C:\Program Files\Eclipse Adoptium\jdk-17.0.1.12-hotspot\bin\jli.dll
0x00007ffdc5530000 - 0x00007ffdc56d0000 	C:\Windows\System32\USER32.dll
0x00007ffdc3c20000 - 0x00007ffdc3c42000 	C:\Windows\System32\win32u.dll
0x00007ffdad620000 - 0x00007ffdad8ba000 	C:\Windows\WinSxS\amd64_microsoft.windows.common-controls_6595b64144ccf1df_6.0.19041.1110_none_60b5254171f9507e\COMCTL32.dll
0x00007ffdc5bd0000 - 0x00007ffdc5bfa000 	C:\Windows\System32\GDI32.dll
0x00007ffdc5190000 - 0x00007ffdc522e000 	C:\Windows\System32\msvcrt.dll
0x00007ffdc3610000 - 0x00007ffdc371b000 	C:\Windows\System32\gdi32full.dll
0x00007ffdc39f0000 - 0x00007ffdc3a8d000 	C:\Windows\System32\msvcp_win.dll
0x00007ffdc4eb0000 - 0x00007ffdc4ee0000 	C:\Windows\System32\IMM32.DLL
0x00007ffdbd440000 - 0x00007ffdbd44c000 	C:\Program Files\Eclipse Adoptium\jdk-17.0.1.12-hotspot\bin\vcruntime140_1.dll
0x00007ffd769f0000 - 0x00007ffd76a81000 	C:\Program Files\Eclipse Adoptium\jdk-17.0.1.12-hotspot\bin\msvcp140.dll
0x00007ffd3d230000 - 0x00007ffd3de76000 	C:\Program Files\Eclipse Adoptium\jdk-17.0.1.12-hotspot\bin\server\jvm.dll
0x00007ffdc3fb0000 - 0x00007ffdc405e000 	C:\Windows\System32\ADVAPI32.dll
0x00007ffdc3e80000 - 0x00007ffdc3f1c000 	C:\Windows\System32\sechost.dll
0x00007ffdc3d50000 - 0x00007ffdc3e75000 	C:\Windows\System32\RPCRT4.dll
0x00007ffdc4ee0000 - 0x00007ffdc4ee8000 	C:\Windows\System32\PSAPI.DLL
0x00007ffda5c00000 - 0x00007ffda5c09000 	C:\Windows\SYSTEM32\WSOCK32.dll
0x00007ffdb8890000 - 0x00007ffdb88b7000 	C:\Windows\SYSTEM32\WINMM.dll
0x00007ffdbc260000 - 0x00007ffdbc26a000 	C:\Windows\SYSTEM32\VERSION.dll
0x00007ffdc52e0000 - 0x00007ffdc534b000 	C:\Windows\System32\WS2_32.dll
0x00007ffdc1c40000 - 0x00007ffdc1c52000 	C:\Windows\SYSTEM32\kernel.appcore.dll
0x00007ffdb17a0000 - 0x00007ffdb17aa000 	C:\Program Files\Eclipse Adoptium\jdk-17.0.1.12-hotspot\bin\jimage.dll
0x00007ffdc1a30000 - 0x00007ffdc1c14000 	C:\Windows\SYSTEM32\DBGHELP.DLL
0x00007ffdb8de0000 - 0x00007ffdb8e0c000 	C:\Windows\SYSTEM32\dbgcore.DLL
0x00007ffdc3a90000 - 0x00007ffdc3b12000 	C:\Windows\System32\bcryptPrimitives.dll
0x00007ffda1650000 - 0x00007ffda1675000 	C:\Program Files\Eclipse Adoptium\jdk-17.0.1.12-hotspot\bin\java.dll
0x00007ffd63bc0000 - 0x00007ffd63c96000 	C:\Program Files\Eclipse Adoptium\jdk-17.0.1.12-hotspot\bin\svml.dll
0x00007ffdc4120000 - 0x00007ffdc4864000 	C:\Windows\System32\SHELL32.dll
0x00007ffdc1150000 - 0x00007ffdc18e4000 	C:\Windows\SYSTEM32\windows.storage.dll
0x00007ffdc5870000 - 0x00007ffdc5bc4000 	C:\Windows\System32\combase.dll
0x00007ffdc2e10000 - 0x00007ffdc2e3c000 	C:\Windows\SYSTEM32\Wldp.dll
0x00007ffdc5230000 - 0x00007ffdc52dd000 	C:\Windows\System32\SHCORE.dll
0x00007ffdc3cf0000 - 0x00007ffdc3d45000 	C:\Windows\System32\shlwapi.dll
0x00007ffdc32f0000 - 0x00007ffdc330f000 	C:\Windows\SYSTEM32\profapi.dll
0x00007ffdaa3b0000 - 0x00007ffdaa3c9000 	C:\Program Files\Eclipse Adoptium\jdk-17.0.1.12-hotspot\bin\net.dll
0x00007ffdb4be0000 - 0x00007ffdb4cea000 	C:\Windows\SYSTEM32\WINHTTP.dll
0x00007ffdc2b70000 - 0x00007ffdc2bda000 	C:\Windows\system32\mswsock.dll
0x00007ffd87c30000 - 0x00007ffd87c45000 	C:\Program Files\Eclipse Adoptium\jdk-17.0.1.12-hotspot\bin\nio.dll
0x00007ffd77050000 - 0x00007ffd77068000 	C:\Program Files\Eclipse Adoptium\jdk-17.0.1.12-hotspot\bin\zip.dll
0x000000006e700000 - 0x000000006e72a000 	C:\Users\grado\AppData\Local\Temp\libgdxgrado\e1cd32f8\gdx64.dll
0x00007ffd76980000 - 0x00007ffd769e4000 	C:\Users\grado\AppData\Local\Temp\lwjglgrado\3.2.3-build-13\lwjgl.dll
0x00007ffd431b0000 - 0x00007ffd43403000 	C:\Users\grado\AppData\Local\Temp\lwjglgrado\3.2.3-build-13\jemalloc.dll
0x00007ffd569d0000 - 0x00007ffd56a32000 	C:\Users\grado\AppData\Local\Temp\lwjglgrado\3.2.3-build-13\glfw.dll
0x00007ffdc0870000 - 0x00007ffdc090e000 	C:\Windows\system32\uxtheme.dll
0x00007ffd9d140000 - 0x00007ffd9d185000 	C:\Windows\SYSTEM32\dinput8.dll
0x00007ffd79080000 - 0x00007ffd79091000 	C:\Windows\SYSTEM32\xinput1_4.dll
0x00007ffdc3b20000 - 0x00007ffdc3b6e000 	C:\Windows\System32\cfgmgr32.dll
0x00007ffdc3160000 - 0x00007ffdc318c000 	C:\Windows\SYSTEM32\DEVOBJ.dll
0x00007ffdc0a00000 - 0x00007ffdc0a2f000 	C:\Windows\SYSTEM32\dwmapi.dll
0x00007ffda8c80000 - 0x00007ffda8dd2000 	C:\Windows\SYSTEM32\inputhost.dll
0x00007ffdc4d70000 - 0x00007ffdc4e3d000 	C:\Windows\System32\OLEAUT32.dll
0x00007ffdbfad0000 - 0x00007ffdbfc24000 	C:\Windows\SYSTEM32\wintypes.dll
0x00007ffdbe990000 - 0x00007ffdbea86000 	C:\Windows\SYSTEM32\PROPSYS.dll
0x00007ffdc01a0000 - 0x00007ffdc04fe000 	C:\Windows\SYSTEM32\CoreUIComponents.dll
0x00007ffdc0500000 - 0x00007ffdc05f2000 	C:\Windows\SYSTEM32\CoreMessaging.dll
0x00007ffdc20b0000 - 0x00007ffdc20e3000 	C:\Windows\SYSTEM32\ntmarta.dll
0x00007ffdc5750000 - 0x00007ffdc5865000 	C:\Windows\System32\MSCTF.dll
0x00007ffdc18f0000 - 0x00007ffdc18fd000 	C:\Windows\SYSTEM32\HID.DLL
0x00007ffdc4870000 - 0x00007ffdc4ce1000 	C:\Windows\System32\SETUPAPI.DLL
0x00007ffdc3c50000 - 0x00007ffdc3c77000 	C:\Windows\System32\bcrypt.dll
0x00007ffdc3c80000 - 0x00007ffdc3ce8000 	C:\Windows\System32\WINTRUST.dll
0x00007ffdc34b0000 - 0x00007ffdc3606000 	C:\Windows\System32\CRYPT32.dll
0x00007ffdc2fa0000 - 0x00007ffdc2fb2000 	C:\Windows\SYSTEM32\MSASN1.dll
0x00007ffd430a0000 - 0x00007ffd431ab000 	C:\Users\grado\AppData\Local\Temp\lwjglgrado\3.2.3-build-13\OpenAL.dll
0x00007ffdc5400000 - 0x00007ffdc552a000 	C:\Windows\System32\ole32.dll
0x00007ffdc5350000 - 0x00007ffdc53f9000 	C:\Windows\System32\clbcatq.dll
0x00007ffdbb510000 - 0x00007ffdbb595000 	C:\Windows\System32\MMDevApi.dll
0x00007ffdbbda0000 - 0x00007ffdbbf22000 	C:\Windows\SYSTEM32\AUDIOSES.DLL
0x00007ffdc2930000 - 0x00007ffdc297b000 	C:\Windows\SYSTEM32\powrprof.dll
0x00007ffdc27f0000 - 0x00007ffdc2802000 	C:\Windows\SYSTEM32\UMPDC.dll
0x00007ffdc0a30000 - 0x00007ffdc0a44000 	C:\Windows\SYSTEM32\resourcepolicyclient.dll
0x00007ffd22910000 - 0x00007ffd22a36000 	C:\Windows\SYSTEM32\opengl32.dll
0x00007ffd228e0000 - 0x00007ffd2290c000 	C:\Windows\SYSTEM32\GLU32.dll
0x00007ffdbc2e0000 - 0x00007ffdbc3d7000 	C:\Windows\System32\AppXDeploymentClient.dll
0x00007ffd63e50000 - 0x00007ffd63e7a000 	C:\Windows\System32\DriverStore\FileRepository\u0361612.inf_amd64_b679e02f70413f9f\B361368\atig6pxx.dll
0x00007ffcfa390000 - 0x00007ffcfd076000 	C:\Windows\System32\DriverStore\FileRepository\u0361612.inf_amd64_b679e02f70413f9f\B361368\atio6axx.dll
0x00007ffd86690000 - 0x00007ffd866b4000 	C:\Windows\SYSTEM32\dxva2.dll
0x00007ffd77010000 - 0x00007ffd7704c000 	C:\Windows\System32\DriverStore\FileRepository\u0361612.inf_amd64_b679e02f70413f9f\B361368\atig6txx.dll
0x00007ffd400d0000 - 0x00007ffd40289000 	C:\Windows\SYSTEM32\atiadlxx.dll
0x00007ffdb9380000 - 0x00007ffdb93bb000 	C:\Windows\SYSTEM32\dxcore.dll
0x00007ffd62880000 - 0x00007ffd628d9000 	C:\Users\grado\AppData\Local\Temp\lwjglgrado\3.2.3-build-13\lwjgl_opengl.dll
0x00007ffda93b0000 - 0x00007ffda94a9000 	C:\Windows\SYSTEM32\textinputframework.dll

dbghelp: loaded successfully - version: 4.0.5 - missing functions: none
symbol engine: initialized successfully - sym options: 0x614 - pdb path: .;C:\Program Files\Eclipse Adoptium\jdk-17.0.1.12-hotspot\bin;C:\Windows\SYSTEM32;C:\Windows\WinSxS\amd64_microsoft.windows.common-controls_6595b64144ccf1df_6.0.19041.1110_none_60b5254171f9507e;C:\Program Files\Eclipse Adoptium\jdk-17.0.1.12-hotspot\bin\server;C:\Users\grado\AppData\Local\Temp\libgdxgrado\e1cd32f8;C:\Users\grado\AppData\Local\Temp\lwjglgrado\3.2.3-build-13;C:\Windows\System32\DriverStore\FileRepository\u0361612.inf_amd64_b679e02f70413f9f\B361368

VM Arguments:
jvm_args: -XX:+ShowCodeDetailsInExceptionMessages 
java_command: com.crazyputting3d.Main
java_class_path (initial): C:\Users\grado\Desktop\Group-04\3dcrazyputting\desktop\bin\main;\CrazyPutting3D-core\bin\default;C:\Users\grado\Desktop\Group-04\3dcrazyputting\core\bin\main;C:\Users\grado\.gradle\caches\modules-2\files-2.1\com.badlogicgames.gdx\gdx-backend-lwjgl3\1.10.0\600c7d5b2c977daa82c4abad147087b31e0ada87\gdx-backend-lwjgl3-1.10.0.jar;C:\Users\grado\.gradle\caches\modules-2\files-2.1\com.badlogicgames.gdx\gdx-platform\1.10.0\9a8fa793d2fd6d360afc6c9e4c1f5583da263b88\gdx-platform-1.10.0-natives-desktop.jar;C:\Users\grado\.gradle\caches\modules-2\files-2.1\com.badlogicgames.gdx\gdx-bullet-platform\1.10.0\ce92e8dfc762523d769cbc50853163c03bf98cf1\gdx-bullet-platform-1.10.0-natives-desktop.jar;C:\Users\grado\.gradle\caches\modules-2\files-2.1\com.badlogicgames.gdx\gdx-freetype-platform\1.10.0\6e5d28752759e69384f12e4569d2c884ff71352f\gdx-freetype-platform-1.10.0-natives-desktop.jar;C:\Users\grado\.gradle\caches\modules-2\files-2.1\com.badlogicgames.gdx-controllers\gdx-controllers-desktop\2.2.1\cb3430c32468a090eca54d494d16bb3764ceff9b\gdx-controllers-desktop-2.2.1.jar;C:\Users\grado\.gradle\caches\modules-2\files-2.1\org.jetbrains\annotations\20.1.0\2fcd1f3225bca0c4a7bc931142076f8c1e80993f\annotations-20.1.0.jar;C:\Users\grado\.gradle\caches\modules-2\files-2.1\com.badlogicgames.gdx\gdx-bullet\1.10.0\839b58c7278f5c3b55291c3a559d91227400ecdb\gdx-bullet-1.10.0.jar;C:\Users\grado\.gradle\caches\modules-2\files-2.1\com.badlogicgames.gdx\gdx-freetype\1.10.0\de1d0d5c1e92e8d91364256fd6b7bb279d3e9859\gdx-freetype-1.10.0.jar;C:\Users\grado\.gradle\caches\modules-2\files-2.1\com.badlogicgames.gdx\gdx-ai\1.8.2\ab75d2ce80ab1b1ce6828a15dc0f417abac4c674\gdx-ai-1.8.2.jar;C:\Users\grado\.gradle\caches\modules-2\files-2.1\com.badlogicgames.ashley\ashley\1.7.4\21a3a8932919099c4e5006a7d8378dcbe76ef8a5\ashley-1.7.4.jar;C:\Users\grado\.gradle\caches\modules-2\files-2.1\com.badlogicgames.box2dlights\box2dlights\1.5\6902dbcd250c95a27973aa24a147a95b3828d348\box2dlights-1.5.jar;C
Launcher Type: SUN_STANDARD

[Global flags]
     intx CICompilerCount                          = 12                                        {product} {ergonomic}
     uint ConcGCThreads                            = 3                                         {product} {ergonomic}
     uint G1ConcRefinementThreads                  = 13                                        {product} {ergonomic}
   size_t G1HeapRegionSize                         = 2097152                                   {product} {ergonomic}
    uintx GCDrainStackTargetSize                   = 64                                        {product} {ergonomic}
   size_t InitialHeapSize                          = 257949696                                 {product} {ergonomic}
   size_t MarkStackSize                            = 4194304                                   {product} {ergonomic}
   size_t MaxHeapSize                              = 4127195136                                {product} {ergonomic}
   size_t MaxNewSize                               = 2474639360                                {product} {ergonomic}
   size_t MinHeapDeltaBytes                        = 2097152                                   {product} {ergonomic}
   size_t MinHeapSize                              = 8388608                                   {product} {ergonomic}
    uintx NonNMethodCodeHeapSize                   = 7602480                                {pd product} {ergonomic}
    uintx NonProfiledCodeHeapSize                  = 122027880                              {pd product} {ergonomic}
    uintx ProfiledCodeHeapSize                     = 122027880                              {pd product} {ergonomic}
    uintx ReservedCodeCacheSize                    = 251658240                              {pd product} {ergonomic}
     bool SegmentedCodeCache                       = true                                      {product} {ergonomic}
     bool ShowCodeDetailsInExceptionMessages       = true                                   {manageable} {command line}
   size_t SoftMaxHeapSize                          = 4127195136                             {manageable} {ergonomic}
     bool UseCompressedClassPointers               = true                           {product lp64_product} {ergonomic}
     bool UseCompressedOops                        = true                           {product lp64_product} {ergonomic}
     bool UseG1GC                                  = true                                      {product} {ergonomic}
     bool UseLargePagesIndividualAllocation        = false                                  {pd product} {ergonomic}

Logging:
Log output configuration:
 #0: stdout all=warning uptime,level,tags
 #1: stderr all=off uptime,level,tags

Environment Variables:
PATH=C:\Program Files\Common Files\Oracle\Java\javapath;C:\Windows\system32;C:\Windows;C:\Windows\System32\Wbem;C:\Windows\System32\WindowsPowerShell\v1.0\;C:\Windows\System32\OpenSSH\;C:\Program Files (x86)\NVIDIA Corporation\PhysX\Common;C:\Program Files\NVIDIA Corporation\NVIDIA NvDLISR;C:\Program Files\MATLAB\R2022a\bin;C:\Program Files\Gradle\gradle-7.4.2\bin;C:\Program Files\Git\cmd;C:\Users\grado\AppData\Local\Microsoft\WindowsApps;C:\Users\grado\AppData\Local\Programs\Microsoft VS Code\bin;C:\Users\grado\AppData\Local\GitHubDesktop\bin
USERNAME=grado
LANG=en_US.UTF-8
OS=Windows_NT
PROCESSOR_IDENTIFIER=AMD64 Family 23 Model 96 Stepping 1, AuthenticAMD



---------------  S Y S T E M  ---------------

OS:
 Windows 10 , 64 bit Build 19041 (10.0.19041.1706)
OS uptime: 9 days 12:41 hours

CPU: total 16 (initial active 16) (16 cores per cpu, 2 threads per core) family 23 model 96 stepping 1 microcode 0x0, cx8, cmov, fxsr, ht, mmx, 3dnowpref, sse, sse2, sse3, ssse3, sse4a, sse4.1, sse4.2, popcnt, lzcnt, tsc, tscinvbit, avx, avx2, aes, clmul, bmi1, bmi2, adx, sha, fma, vzeroupper, clflush, clflushopt

Memory: 4k page, system-wide physical 15741M (5079M free)
TotalPageFile size 22653M (AvailPageFile size 6062M)
current process WorkingSet (physical memory assigned to process): 584M, peak: 1460M
current process commit charge ("private bytes"): 792M, peak: 2025M

vm_info: OpenJDK 64-Bit Server VM (17.0.1+12) for windows-amd64 JRE (17.0.1+12), built on Oct 20 2021 07:42:55 by "" with MS VC++ 16.7 (VS2019)

END.
