#
# A fatal error has been detected by the Java Runtime Environment:
#
#  EXCEPTION_ACCESS_VIOLATION (0xc0000005) at pc=0x0000020a84ba0000, pid=26116, tid=14276
#
# JRE version: OpenJDK Runtime Environment Temurin-17.0.1+12 (17.0.1+12) (build 17.0.1+12)
# Java VM: OpenJDK 64-Bit Server VM Temurin-17.0.1+12 (17.0.1+12, mixed mode, sharing, tiered, compressed oops, compressed class ptrs, g1 gc, windows-amd64)
# Problematic frame:
# C  0x0000020a84ba0000
#
# No core dump will be written. Minidumps are not enabled by default on client versions of Windows
#
# If you would like to submit a bug report, please visit:
#   https://github.com/adoptium/adoptium-support/issues
# The crash happened outside the Java Virtual Machine in native code.
# See problematic frame for where to report the bug.
#

---------------  S U M M A R Y ------------

Command Line: -XX:+ShowCodeDetailsInExceptionMessages com.crazyputting3d.Main

Host: AMD Ryzen 7 4800H with Radeon Graphics         , 16 cores, 15G,  Windows 10 , 64 bit Build 19041 (10.0.19041.1706)
Time: Wed Jun 15 01:07:29 2022 Central European Daylight Time elapsed time: 6.065963 seconds (0d 0h 0m 6s)

---------------  T H R E A D  ---------------

Current thread (0x0000020adf5a1ed0):  JavaThread "main" [_thread_in_native, id=14276, stack(0x000000bbf7300000,0x000000bbf7400000)]

Stack: [0x000000bbf7300000,0x000000bbf7400000],  sp=0x000000bbf73ff018,  free space=1020k
Native frames: (J=compiled Java code, j=interpreted, Vv=VM code, C=native code)
C  0x0000020a84ba0000

Java frames: (J=compiled Java code, j=interpreted, Vv=VM code)
J 1214  org.lwjgl.system.JNI.invokePV(JJ)V (0 bytes) @ 0x0000020af0444cec [0x0000020af0444ca0+0x000000000000004c]
j  org.lwjgl.glfw.GLFW.glfwSwapBuffers(J)V+17
j  com.badlogic.gdx.backends.lwjgl3.Lwjgl3Window.update()Z+196
j  com.badlogic.gdx.backends.lwjgl3.Lwjgl3Application.loop()V+111
j  com.badlogic.gdx.backends.lwjgl3.Lwjgl3Application.<init>(Lcom/badlogic/gdx/ApplicationListener;Lcom/badlogic/gdx/backends/lwjgl3/Lwjgl3ApplicationConfiguration;)V+243
j  com.crazyputting3d.Main.main([Ljava/lang/String;)V+45
v  ~StubRoutines::call_stub

siginfo: EXCEPTION_ACCESS_VIOLATION (0xc0000005), data execution prevention violation at address 0x0000020a84ba0000


Register to memory mapping:

RIP=0x0000020a84ba0000 is an unknown value
RAX=0x0000020a84ba0000 is an unknown value
RBX=0x0000000000010001 is an unknown value
RCX=0x0000000000010001 is an unknown value
RDX=0x000000bbf73ff050 is pointing into the stack for thread: 0x0000020adf5a1ed0
RSP=0x000000bbf73ff018 is pointing into the stack for thread: 0x0000020adf5a1ed0
RBP=0x000000bbf73ff120 is pointing into the stack for thread: 0x0000020adf5a1ed0
RSI=0x0000000000000110 is an unknown value
RDI=0x0000000000000e12 is an unknown value
R8 =0x0000020a85f0b610 points into unknown readable memory: 0x0000020a88ae7020 | 20 70 ae 88 0a 02 00 00
R9 =0x00007ffd892d1b50 glfw.dll
R10=0x00007ffd8a4f1b10 lwjgl.dll
R11=0x000000bbf73ff488 is pointing into the stack for thread: 0x0000020adf5a1ed0
R12=0x0 is NULL
R13=0x000000bbf73ff510 is pointing into the stack for thread: 0x0000020adf5a1ed0
R14=0x000000bbf73ff4e0 is pointing into the stack for thread: 0x0000020adf5a1ed0
R15=0x0000020adf5a1ed0 is a thread


Registers:
RAX=0x0000020a84ba0000, RBX=0x0000000000010001, RCX=0x0000000000010001, RDX=0x000000bbf73ff050
RSP=0x000000bbf73ff018, RBP=0x000000bbf73ff120, RSI=0x0000000000000110, RDI=0x0000000000000e12
R8 =0x0000020a85f0b610, R9 =0x00007ffd892d1b50, R10=0x00007ffd8a4f1b10, R11=0x000000bbf73ff488
R12=0x0000000000000000, R13=0x000000bbf73ff510, R14=0x000000bbf73ff4e0, R15=0x0000020adf5a1ed0
RIP=0x0000020a84ba0000, EFLAGS=0x0000000000010206

Top of Stack: (sp=0x000000bbf73ff018)
0x000000bbf73ff018:   00007ffd892d1f7c 000000070a01fc80
0x000000bbf73ff028:   00007ffd3e9652f6 000000bb3f800000
0x000000bbf73ff038:   000000070a01ec60 0000000200000000
0x000000bbf73ff048:   000000070af99d70 57464c4720656854
0x000000bbf73ff058:   7972617262696c20 20746f6e20736920
0x000000bbf73ff068:   696c616974696e69 000000070064657a
0x000000bbf73ff078:   0000020ae91ac5fc 000000070a00a990
0x000000bbf73ff088:   00007ffd3e965481 000000070a00a7f0
0x000000bbf73ff098:   000000070a042790 000000bbf73ff4b8
0x000000bbf73ff0a8:   0000020ae91178f4 0000020adf5a1ed0
0x000000bbf73ff0b8:   0000000000000000 000000bbf73ff150
0x000000bbf73ff0c8:   0000000000000000 0000000000000000
0x000000bbf73ff0d8:   0000020af04445b8 0000000000000158
0x000000bbf73ff0e8:   000000070a01f788 000000bbf73ff1b0
0x000000bbf73ff0f8:   000000070a01e4b8 000000070a01e4f8
0x000000bbf73ff108:   000000070b0560d0 0000000700000013 

Instructions: (pc=0x0000020a84ba0000)
0x0000020a84b9ff00:   ?? ?? ?? ?? ?? ?? ?? ?? ?? ?? ?? ?? ?? ?? ?? ??
0x0000020a84b9ff10:   ?? ?? ?? ?? ?? ?? ?? ?? ?? ?? ?? ?? ?? ?? ?? ??
0x0000020a84b9ff20:   ?? ?? ?? ?? ?? ?? ?? ?? ?? ?? ?? ?? ?? ?? ?? ??
0x0000020a84b9ff30:   ?? ?? ?? ?? ?? ?? ?? ?? ?? ?? ?? ?? ?? ?? ?? ??
0x0000020a84b9ff40:   ?? ?? ?? ?? ?? ?? ?? ?? ?? ?? ?? ?? ?? ?? ?? ??
0x0000020a84b9ff50:   ?? ?? ?? ?? ?? ?? ?? ?? ?? ?? ?? ?? ?? ?? ?? ??
0x0000020a84b9ff60:   ?? ?? ?? ?? ?? ?? ?? ?? ?? ?? ?? ?? ?? ?? ?? ??
0x0000020a84b9ff70:   ?? ?? ?? ?? ?? ?? ?? ?? ?? ?? ?? ?? ?? ?? ?? ??
0x0000020a84b9ff80:   ?? ?? ?? ?? ?? ?? ?? ?? ?? ?? ?? ?? ?? ?? ?? ??
0x0000020a84b9ff90:   ?? ?? ?? ?? ?? ?? ?? ?? ?? ?? ?? ?? ?? ?? ?? ??
0x0000020a84b9ffa0:   ?? ?? ?? ?? ?? ?? ?? ?? ?? ?? ?? ?? ?? ?? ?? ??
0x0000020a84b9ffb0:   ?? ?? ?? ?? ?? ?? ?? ?? ?? ?? ?? ?? ?? ?? ?? ??
0x0000020a84b9ffc0:   ?? ?? ?? ?? ?? ?? ?? ?? ?? ?? ?? ?? ?? ?? ?? ??
0x0000020a84b9ffd0:   ?? ?? ?? ?? ?? ?? ?? ?? ?? ?? ?? ?? ?? ?? ?? ??
0x0000020a84b9ffe0:   ?? ?? ?? ?? ?? ?? ?? ?? ?? ?? ?? ?? ?? ?? ?? ??
0x0000020a84b9fff0:   ?? ?? ?? ?? ?? ?? ?? ?? ?? ?? ?? ?? ?? ?? ?? ??
0x0000020a84ba0000:   ?? ?? ?? ?? ?? ?? ?? ?? ?? ?? ?? ?? ?? ?? ?? ??
0x0000020a84ba0010:   ?? ?? ?? ?? ?? ?? ?? ?? ?? ?? ?? ?? ?? ?? ?? ??
0x0000020a84ba0020:   ?? ?? ?? ?? ?? ?? ?? ?? ?? ?? ?? ?? ?? ?? ?? ??
0x0000020a84ba0030:   ?? ?? ?? ?? ?? ?? ?? ?? ?? ?? ?? ?? ?? ?? ?? ??
0x0000020a84ba0040:   ?? ?? ?? ?? ?? ?? ?? ?? ?? ?? ?? ?? ?? ?? ?? ??
0x0000020a84ba0050:   ?? ?? ?? ?? ?? ?? ?? ?? ?? ?? ?? ?? ?? ?? ?? ??
0x0000020a84ba0060:   ?? ?? ?? ?? ?? ?? ?? ?? ?? ?? ?? ?? ?? ?? ?? ??
0x0000020a84ba0070:   ?? ?? ?? ?? ?? ?? ?? ?? ?? ?? ?? ?? ?? ?? ?? ??
0x0000020a84ba0080:   ?? ?? ?? ?? ?? ?? ?? ?? ?? ?? ?? ?? ?? ?? ?? ??
0x0000020a84ba0090:   ?? ?? ?? ?? ?? ?? ?? ?? ?? ?? ?? ?? ?? ?? ?? ??
0x0000020a84ba00a0:   ?? ?? ?? ?? ?? ?? ?? ?? ?? ?? ?? ?? ?? ?? ?? ??
0x0000020a84ba00b0:   ?? ?? ?? ?? ?? ?? ?? ?? ?? ?? ?? ?? ?? ?? ?? ??
0x0000020a84ba00c0:   ?? ?? ?? ?? ?? ?? ?? ?? ?? ?? ?? ?? ?? ?? ?? ??
0x0000020a84ba00d0:   ?? ?? ?? ?? ?? ?? ?? ?? ?? ?? ?? ?? ?? ?? ?? ??
0x0000020a84ba00e0:   ?? ?? ?? ?? ?? ?? ?? ?? ?? ?? ?? ?? ?? ?? ?? ??
0x0000020a84ba00f0:   ?? ?? ?? ?? ?? ?? ?? ?? ?? ?? ?? ?? ?? ?? ?? ?? 


Stack slot to memory mapping:
stack at sp + 0 slots: 0x00007ffd892d1f7c glfw.dll
stack at sp + 1 slots: 0x000000070a01fc80 is an oop: com.badlogic.gdx.scenes.scene2d.ui.Label 
{0x000000070a01fc80} - klass: 'com/badlogic/gdx/scenes/scene2d/ui/Label'
 - ---- fields (total size 18 words):
 - 'x' 'F' @12  10.000000 (41200000)
 - 'y' 'F' @16  15.000000 (41700000)
 - 'width' 'F' @20  231.000000 (43670000)
 - 'height' 'F' @24  41.000000 (42240000)
 - 'originX' 'F' @28  0.000000
 - 'originY' 'F' @32  0.000000
 - 'scaleX' 'F' @36  1.000000 (3f800000)
 - 'scaleY' 'F' @40  1.000000 (3f800000)
 - 'rotation' 'F' @44  0.000000
 - private 'visible' 'Z' @48  true
 - private 'debug' 'Z' @49  false
 - private 'stage' 'Lcom/badlogic/gdx/scenes/scene2d/Stage;' @52  a 'com/badlogic/gdx/scenes/scene2d/Stage'{0x000000070a00a1f0} (e140143e)
 - 'parent' 'Lcom/badlogic/gdx/scenes/scene2d/Group;' @56  a 'com/badlogic/gdx/scenes/scene2d/ui/TextButton'{0x000000070a01f9b0} (e1403f36)
 - private final 'listeners' 'Lcom/badlogic/gdx/utils/DelayedRemovalArray;' @60  a 'com/badlogic/gdx/utils/DelayedRemovalArray'{0x000000070a01fd10} (e1403fa2)
 - private final 'captureListeners' 'Lcom/badlogic/gdx/utils/DelayedRemovalArray;' @64  a 'com/badlogic/gdx/utils/DelayedRemovalArray'{0x000000070a01fd78} (e1403faf)
 - private final 'actions' 'Lcom/badlogic/gdx/utils/Array;' @68  a 'com/badlogic/gdx/utils/Array'{0x000000070a01fde0} (e1403fbc)
 - private 'name' 'Ljava/lang/String;' @72  NULL (0)
 - private 'touchable' 'Lcom/badlogic/gdx/scenes/scene2d/Touchable;' @76  a 'com/badlogic/gdx/scenes/scene2d/Touchable'{0x000000070a01f8f8} (e1403f1f)
 - final 'color' 'Lcom/badlogic/gdx/graphics/Color;' @80  a 'com/badlogic/gdx/graphics/Color'{0x000000070a01fe10} (e1403fc2)
 - private 'userObject' 'Ljava/lang/Object;' @84  NULL (0)
 - private 'needsLayout' 'Z' @50  false
 - private 'fillParent' 'Z' @51  false
 - private 'layoutEnabled' 'Z' @88  true
 - private 'wrap' 'Z' @89  false
 - private 'prefSizeInvalid' 'Z' @90  false
 - private 'fontScaleChanged' 'Z' @91  false
 - private 'intValue' 'I' @92  -2147483648 (80000000)
 - private 'labelAlign' 'I' @96  1
 - private 'lineAlign' 'I' @100  1
 - private 'lastPrefHeight' 'F' @104  0.000000
 - private 'fontScaleX' 'F' @108  1.000000 (3f800000)
 - private 'fontScaleY' 'F' @112  1.000000 (3f800000)
 - private 'style' 'Lcom/badlogic/gdx/scenes/scene2d/ui/Label$LabelStyle;' @116  a 'com/badlogic/gdx/scenes/scene2d/ui/Label$LabelStyle'{0x000000070a01fe30} (e1403fc6)
 - private final 'layout' 'Lcom/badlogic/gdx/graphics/g2d/GlyphLayout;' @120  a 'com/badlogic/gdx/graphics/g2d/GlyphLayout'{0x000000070a023300} (e1404660)
 - private final 'prefSize' 'Lcom/badlogic/gdx/math/Vector2;' @124  a 'com/badlogic/gdx/math/Vector2'{0x000000070a023480} (e1404690)
 - private final 'text' 'Lcom/badlogic/gdx/utils/StringBuilder;' @128  a 'com/badlogic/gdx/utils/StringBuilder'{0x000000070a023498} (e1404693)
 - private 'cache' 'Lcom/badlogic/gdx/graphics/g2d/BitmapFontCache;' @132  a 'com/badlogic/gdx/graphics/g2d/BitmapFontCache'{0x000000070a0234f8} (e140469f)
 - private 'ellipsis' 'Ljava/lang/String;' @136  NULL (0)
stack at sp + 2 slots: 0x00007ffd3e9652f6 jvm.dll
stack at sp + 3 slots: 0x000000bb3f800000 is an unknown value
stack at sp + 4 slots: 0x000000070a01ec60 is an oop: com.badlogic.gdx.utils.ObjectIntMap 
{0x000000070a01ec60} - klass: 'com/badlogic/gdx/utils/ObjectIntMap'
 - ---- fields (total size 8 words):
 - public 'size' 'I' @12  3
 - 'loadFactor' 'F' @16  0.800000 (3f4ccccd)
 - 'threshold' 'I' @20  51 (33)
 - protected 'shift' 'I' @24  58 (3a)
 - protected 'mask' 'I' @28  63 (3f)
 - 'keyTable' '[Ljava/lang/Object;' @32  a 'java/lang/Object'[64] {0x000000070a01eca0} (e1403d94)
 - 'valueTable' '[I' @36  [I{0x000000070a01ee50} (e1403dca)
 - transient 'entries1' 'Lcom/badlogic/gdx/utils/ObjectIntMap$Entries;' @40  NULL (0)
 - transient 'entries2' 'Lcom/badlogic/gdx/utils/ObjectIntMap$Entries;' @44  NULL (0)
 - transient 'values1' 'Lcom/badlogic/gdx/utils/ObjectIntMap$Values;' @48  NULL (0)
 - transient 'values2' 'Lcom/badlogic/gdx/utils/ObjectIntMap$Values;' @52  NULL (0)
 - transient 'keys1' 'Lcom/badlogic/gdx/utils/ObjectIntMap$Keys;' @56  NULL (0)
 - transient 'keys2' 'Lcom/badlogic/gdx/utils/ObjectIntMap$Keys;' @60  NULL (0)
stack at sp + 5 slots: 0x0000000200000000 is an unknown value
stack at sp + 6 slots: 0x000000070af99d70 is an oop: java.lang.String 
{0x000000070af99d70} - klass: 'java/lang/String'
 - string: "a_texCoord0"
stack at sp + 7 slots: 0x57464c4720656854 is an unknown value


---------------  P R O C E S S  ---------------

Threads class SMR info:
_java_thread_list=0x0000020a90b2ec20, length=17, elements={
0x0000020adf5a1ed0, 0x0000020a84b1bca0, 0x0000020a84b1da60, 0x0000020a84b31660,
0x0000020a84b32010, 0x0000020a84b32dd0, 0x0000020a84b33780, 0x0000020a84b35080,
0x0000020a84b39020, 0x0000020a84b39a10, 0x0000020a8560d170, 0x0000020a8565beb0,
0x0000020a856636e0, 0x0000020a88cae3d0, 0x0000020a905c7360, 0x0000020a90620300,
0x0000020a907e5220
}

Java Threads: ( => current thread )
=>0x0000020adf5a1ed0 JavaThread "main" [_thread_in_native, id=14276, stack(0x000000bbf7300000,0x000000bbf7400000)]
  0x0000020a84b1bca0 JavaThread "Reference Handler" daemon [_thread_blocked, id=22352, stack(0x000000bbf7a00000,0x000000bbf7b00000)]
  0x0000020a84b1da60 JavaThread "Finalizer" daemon [_thread_blocked, id=20216, stack(0x000000bbf7b00000,0x000000bbf7c00000)]
  0x0000020a84b31660 JavaThread "Signal Dispatcher" daemon [_thread_blocked, id=2560, stack(0x000000bbf7c00000,0x000000bbf7d00000)]
  0x0000020a84b32010 JavaThread "Attach Listener" daemon [_thread_blocked, id=16580, stack(0x000000bbf7d00000,0x000000bbf7e00000)]
  0x0000020a84b32dd0 JavaThread "Service Thread" daemon [_thread_blocked, id=6096, stack(0x000000bbf7e00000,0x000000bbf7f00000)]
  0x0000020a84b33780 JavaThread "Monitor Deflation Thread" daemon [_thread_blocked, id=3520, stack(0x000000bbf7f00000,0x000000bbf8000000)]
  0x0000020a84b35080 JavaThread "C2 CompilerThread0" daemon [_thread_blocked, id=26216, stack(0x000000bbf8000000,0x000000bbf8100000)]
  0x0000020a84b39020 JavaThread "C1 CompilerThread0" daemon [_thread_blocked, id=1772, stack(0x000000bbf8100000,0x000000bbf8200000)]
  0x0000020a84b39a10 JavaThread "Sweeper thread" daemon [_thread_blocked, id=21004, stack(0x000000bbf8200000,0x000000bbf8300000)]
  0x0000020a8560d170 JavaThread "C1 CompilerThread1" daemon [_thread_blocked, id=24300, stack(0x000000bbf8300000,0x000000bbf8400000)]
  0x0000020a8565beb0 JavaThread "Notification Thread" daemon [_thread_blocked, id=17756, stack(0x000000bbf8400000,0x000000bbf8500000)]
  0x0000020a856636e0 JavaThread "Common-Cleaner" daemon [_thread_blocked, id=4612, stack(0x000000bbf8600000,0x000000bbf8700000)]
  0x0000020a88cae3d0 JavaThread "LWJGL3 Timer" daemon [_thread_blocked, id=26192, stack(0x000000bbf9000000,0x000000bbf9100000)]
  0x0000020a905c7360 JavaThread "C1 CompilerThread2" daemon [_thread_blocked, id=17700, stack(0x000000bbf9c00000,0x000000bbf9d00000)]
  0x0000020a90620300 JavaThread "C1 CompilerThread3" daemon [_thread_blocked, id=25720, stack(0x000000bbf9d00000,0x000000bbf9e00000)]
  0x0000020a907e5220 JavaThread "LWJGL3 Timer" daemon [_thread_blocked, id=23404, stack(0x000000bbfa000000,0x000000bbfa100000)]

Other Threads:
  0x0000020a84b14a30 VMThread "VM Thread" [stack: 0x000000bbf7900000,0x000000bbf7a00000] [id=25652]
  0x0000020adf622a10 WatcherThread [stack: 0x000000bbf8500000,0x000000bbf8600000] [id=15708]
  0x0000020adf5fa600 GCTaskThread "GC Thread#0" [stack: 0x000000bbf7400000,0x000000bbf7500000] [id=14720]
  0x0000020a889cbe10 GCTaskThread "GC Thread#1" [stack: 0x000000bbf8f00000,0x000000bbf9000000] [id=24204]
  0x0000020a889cce30 GCTaskThread "GC Thread#2" [stack: 0x000000bbf9100000,0x000000bbf9200000] [id=10028]
  0x0000020a889cc0c0 GCTaskThread "GC Thread#3" [stack: 0x000000bbf9200000,0x000000bbf9300000] [id=20420]
  0x0000020a889cd390 GCTaskThread "GC Thread#4" [stack: 0x000000bbf9300000,0x000000bbf9400000] [id=23356]
  0x0000020a889cd8f0 GCTaskThread "GC Thread#5" [stack: 0x000000bbf9400000,0x000000bbf9500000] [id=26136]
  0x0000020a889cc620 GCTaskThread "GC Thread#6" [stack: 0x000000bbf9500000,0x000000bbf9600000] [id=13456]
  0x0000020a9108b790 GCTaskThread "GC Thread#7" [stack: 0x000000bbfa200000,0x000000bbfa300000] [id=12124]
  0x0000020adf60b9f0 ConcurrentGCThread "G1 Main Marker" [stack: 0x000000bbf7500000,0x000000bbf7600000] [id=13304]
  0x0000020adf60da50 ConcurrentGCThread "G1 Conc#0" [stack: 0x000000bbf7600000,0x000000bbf7700000] [id=20632]
  0x0000020a849b20d0 ConcurrentGCThread "G1 Refine#0" [stack: 0x000000bbf7700000,0x000000bbf7800000] [id=10232]
  0x0000020a9633a6f0 ConcurrentGCThread "G1 Refine#1" [stack: 0x000000bbfa300000,0x000000bbfa400000] [id=19964]
  0x0000020a96971020 ConcurrentGCThread "G1 Refine#2" [stack: 0x000000bbfa400000,0x000000bbfa500000] [id=10596]
  0x0000020a95949820 ConcurrentGCThread "G1 Refine#3" [stack: 0x000000bbf9f00000,0x000000bbfa000000] [id=7144]
  0x0000020a907420b0 ConcurrentGCThread "G1 Refine#4" [stack: 0x000000bbfa100000,0x000000bbfa200000] [id=5972]
  0x0000020a90c75480 ConcurrentGCThread "G1 Refine#5" [stack: 0x000000bbfa500000,0x000000bbfa600000] [id=19228]
  0x0000020a95489390 ConcurrentGCThread "G1 Refine#6" [stack: 0x000000bbfa600000,0x000000bbfa700000] [id=16080]
  0x0000020a849b2890 ConcurrentGCThread "G1 Service" [stack: 0x000000bbf7800000,0x000000bbf7900000] [id=22232]

Threads with active compile tasks:

VM state: not at safepoint (normal execution)

VM Mutex/Monitor currently owned by a thread: None

Heap address: 0x000000070a000000, size: 3936 MB, Compressed Oops mode: Zero based, Oop shift amount: 3

CDS archive(s) mapped at: [0x0000000800000000-0x0000000800bc0000-0x0000000800bc0000), size 12320768, SharedBaseAddress: 0x0000000800000000, ArchiveRelocationMode: 0.
Compressed class space mapped at: 0x0000000800c00000-0x0000000840c00000, reserved size: 1073741824
Narrow klass base: 0x0000000800000000, Narrow klass shift: 0, Narrow klass range: 0x100000000

GC Precious Log:
 CPUs: 16 total, 16 available
 Memory: 15741M
 Large Page Support: Disabled
 NUMA Support: Disabled
 Compressed Oops: Enabled (Zero based)
 Heap Region Size: 2M
 Heap Min Capacity: 8M
 Heap Initial Capacity: 246M
 Heap Max Capacity: 3936M
 Pre-touch: Disabled
 Parallel Workers: 13
 Concurrent Workers: 3
 Concurrent Refinement Workers: 13
 Periodic GC: Disabled

Heap:
 garbage-first heap   total 251904K, used 29610K [0x000000070a000000, 0x0000000800000000)
  region size 2048K, 6 young (12288K), 1 survivors (2048K)
 Metaspace       used 9819K, committed 9920K, reserved 1064960K
  class space    used 676K, committed 704K, reserved 1048576K

Heap Regions: E=young(eden), S=young(survivor), O=old, HS=humongous(starts), HC=humongous(continues), CS=collection set, F=free, OA=open archive, CA=closed archive, TAMS=top-at-mark-start (previous, next)
|   0|0x000000070a000000, 0x000000070a200000, 0x000000070a200000|100%| O|  |TAMS 0x000000070a000000, 0x000000070a000000| Untracked 
|   1|0x000000070a200000, 0x000000070a400000, 0x000000070a400000|100%|HS|  |TAMS 0x000000070a200000, 0x000000070a200000| Complete 
|   2|0x000000070a400000, 0x000000070a600000, 0x000000070a600000|100%|HS|  |TAMS 0x000000070a400000, 0x000000070a400000| Complete 
|   3|0x000000070a600000, 0x000000070a800000, 0x000000070a800000|100%| O|  |TAMS 0x000000070a600000, 0x000000070a600000| Untracked 
|   4|0x000000070a800000, 0x000000070aa00000, 0x000000070aa00000|100%| O|  |TAMS 0x000000070a800000, 0x000000070a800000| Untracked 
|   5|0x000000070aa00000, 0x000000070ac00000, 0x000000070ac00000|100%| O|  |TAMS 0x000000070aa00000, 0x000000070aa00000| Untracked 
|   6|0x000000070ac00000, 0x000000070ae00000, 0x000000070ae00000|100%| O|  |TAMS 0x000000070ac00000, 0x000000070ac00000| Untracked 
|   7|0x000000070ae00000, 0x000000070b000000, 0x000000070b000000|100%| O|  |TAMS 0x000000070ae00000, 0x000000070ae00000| Untracked 
|   8|0x000000070b000000, 0x000000070b200000, 0x000000070b200000|100%| O|  |TAMS 0x000000070b000000, 0x000000070b000000| Untracked 
|   9|0x000000070b200000, 0x000000070b400000, 0x000000070b400000|100%| O|  |TAMS 0x000000070b200000, 0x000000070b200000| Untracked 
|  10|0x000000070b400000, 0x000000070b400000, 0x000000070b600000|  0%| F|  |TAMS 0x000000070b400000, 0x000000070b400000| Untracked 
|  11|0x000000070b600000, 0x000000070b600000, 0x000000070b800000|  0%| F|  |TAMS 0x000000070b600000, 0x000000070b600000| Untracked 
|  12|0x000000070b800000, 0x000000070b800000, 0x000000070ba00000|  0%| F|  |TAMS 0x000000070b800000, 0x000000070b800000| Untracked 
|  13|0x000000070ba00000, 0x000000070ba00000, 0x000000070bc00000|  0%| F|  |TAMS 0x000000070ba00000, 0x000000070ba00000| Untracked 
|  14|0x000000070bc00000, 0x000000070bc00000, 0x000000070be00000|  0%| F|  |TAMS 0x000000070bc00000, 0x000000070bc00000| Untracked 
|  15|0x000000070be00000, 0x000000070be00000, 0x000000070c000000|  0%| F|  |TAMS 0x000000070be00000, 0x000000070be00000| Untracked 
|  16|0x000000070c000000, 0x000000070c000000, 0x000000070c200000|  0%| F|  |TAMS 0x000000070c000000, 0x000000070c000000| Untracked 
|  17|0x000000070c200000, 0x000000070c200000, 0x000000070c400000|  0%| F|  |TAMS 0x000000070c200000, 0x000000070c200000| Untracked 
|  18|0x000000070c400000, 0x000000070c400000, 0x000000070c600000|  0%| F|  |TAMS 0x000000070c400000, 0x000000070c400000| Untracked 
|  19|0x000000070c600000, 0x000000070c600000, 0x000000070c800000|  0%| F|  |TAMS 0x000000070c600000, 0x000000070c600000| Untracked 
|  20|0x000000070c800000, 0x000000070c800000, 0x000000070ca00000|  0%| F|  |TAMS 0x000000070c800000, 0x000000070c800000| Untracked 
|  21|0x000000070ca00000, 0x000000070ca00000, 0x000000070cc00000|  0%| F|  |TAMS 0x000000070ca00000, 0x000000070ca00000| Untracked 
|  22|0x000000070cc00000, 0x000000070cc00000, 0x000000070ce00000|  0%| F|  |TAMS 0x000000070cc00000, 0x000000070cc00000| Untracked 
|  23|0x000000070ce00000, 0x000000070ce00000, 0x000000070d000000|  0%| F|  |TAMS 0x000000070ce00000, 0x000000070ce00000| Untracked 
|  24|0x000000070d000000, 0x000000070d000000, 0x000000070d200000|  0%| F|  |TAMS 0x000000070d000000, 0x000000070d000000| Untracked 
|  25|0x000000070d200000, 0x000000070d200000, 0x000000070d400000|  0%| F|  |TAMS 0x000000070d200000, 0x000000070d200000| Untracked 
|  26|0x000000070d400000, 0x000000070d400000, 0x000000070d600000|  0%| F|  |TAMS 0x000000070d400000, 0x000000070d400000| Untracked 
|  27|0x000000070d600000, 0x000000070d600000, 0x000000070d800000|  0%| F|  |TAMS 0x000000070d600000, 0x000000070d600000| Untracked 
|  28|0x000000070d800000, 0x000000070d800000, 0x000000070da00000|  0%| F|  |TAMS 0x000000070d800000, 0x000000070d800000| Untracked 
|  29|0x000000070da00000, 0x000000070da00000, 0x000000070dc00000|  0%| F|  |TAMS 0x000000070da00000, 0x000000070da00000| Untracked 
|  30|0x000000070dc00000, 0x000000070dc00000, 0x000000070de00000|  0%| F|  |TAMS 0x000000070dc00000, 0x000000070dc00000| Untracked 
|  31|0x000000070de00000, 0x000000070de00000, 0x000000070e000000|  0%| F|  |TAMS 0x000000070de00000, 0x000000070de00000| Untracked 
|  32|0x000000070e000000, 0x000000070e000000, 0x000000070e200000|  0%| F|  |TAMS 0x000000070e000000, 0x000000070e000000| Untracked 
|  33|0x000000070e200000, 0x000000070e200000, 0x000000070e400000|  0%| F|  |TAMS 0x000000070e200000, 0x000000070e200000| Untracked 
|  34|0x000000070e400000, 0x000000070e400000, 0x000000070e600000|  0%| F|  |TAMS 0x000000070e400000, 0x000000070e400000| Untracked 
|  35|0x000000070e600000, 0x000000070e600000, 0x000000070e800000|  0%| F|  |TAMS 0x000000070e600000, 0x000000070e600000| Untracked 
|  36|0x000000070e800000, 0x000000070e800000, 0x000000070ea00000|  0%| F|  |TAMS 0x000000070e800000, 0x000000070e800000| Untracked 
|  37|0x000000070ea00000, 0x000000070ea00000, 0x000000070ec00000|  0%| F|  |TAMS 0x000000070ea00000, 0x000000070ea00000| Untracked 
|  38|0x000000070ec00000, 0x000000070ec00000, 0x000000070ee00000|  0%| F|  |TAMS 0x000000070ec00000, 0x000000070ec00000| Untracked 
|  39|0x000000070ee00000, 0x000000070ee00000, 0x000000070f000000|  0%| F|  |TAMS 0x000000070ee00000, 0x000000070ee00000| Untracked 
|  40|0x000000070f000000, 0x000000070f000000, 0x000000070f200000|  0%| F|  |TAMS 0x000000070f000000, 0x000000070f000000| Untracked 
|  41|0x000000070f200000, 0x000000070f200000, 0x000000070f400000|  0%| F|  |TAMS 0x000000070f200000, 0x000000070f200000| Untracked 
|  42|0x000000070f400000, 0x000000070f400000, 0x000000070f600000|  0%| F|  |TAMS 0x000000070f400000, 0x000000070f400000| Untracked 
|  43|0x000000070f600000, 0x000000070f600000, 0x000000070f800000|  0%| F|  |TAMS 0x000000070f600000, 0x000000070f600000| Untracked 
|  44|0x000000070f800000, 0x000000070f800000, 0x000000070fa00000|  0%| F|  |TAMS 0x000000070f800000, 0x000000070f800000| Untracked 
|  45|0x000000070fa00000, 0x000000070fa00000, 0x000000070fc00000|  0%| F|  |TAMS 0x000000070fa00000, 0x000000070fa00000| Untracked 
|  46|0x000000070fc00000, 0x000000070fc00000, 0x000000070fe00000|  0%| F|  |TAMS 0x000000070fc00000, 0x000000070fc00000| Untracked 
|  47|0x000000070fe00000, 0x000000070fe00000, 0x0000000710000000|  0%| F|  |TAMS 0x000000070fe00000, 0x000000070fe00000| Untracked 
|  48|0x0000000710000000, 0x0000000710000000, 0x0000000710200000|  0%| F|  |TAMS 0x0000000710000000, 0x0000000710000000| Untracked 
|  49|0x0000000710200000, 0x0000000710200000, 0x0000000710400000|  0%| F|  |TAMS 0x0000000710200000, 0x0000000710200000| Untracked 
|  50|0x0000000710400000, 0x0000000710400000, 0x0000000710600000|  0%| F|  |TAMS 0x0000000710400000, 0x0000000710400000| Untracked 
|  51|0x0000000710600000, 0x0000000710600000, 0x0000000710800000|  0%| F|  |TAMS 0x0000000710600000, 0x0000000710600000| Untracked 
|  52|0x0000000710800000, 0x0000000710800000, 0x0000000710a00000|  0%| F|  |TAMS 0x0000000710800000, 0x0000000710800000| Untracked 
|  53|0x0000000710a00000, 0x0000000710a00000, 0x0000000710c00000|  0%| F|  |TAMS 0x0000000710a00000, 0x0000000710a00000| Untracked 
|  54|0x0000000710c00000, 0x0000000710c00000, 0x0000000710e00000|  0%| F|  |TAMS 0x0000000710c00000, 0x0000000710c00000| Untracked 
|  55|0x0000000710e00000, 0x0000000710e00000, 0x0000000711000000|  0%| F|  |TAMS 0x0000000710e00000, 0x0000000710e00000| Untracked 
|  56|0x0000000711000000, 0x0000000711000000, 0x0000000711200000|  0%| F|  |TAMS 0x0000000711000000, 0x0000000711000000| Untracked 
|  57|0x0000000711200000, 0x0000000711200000, 0x0000000711400000|  0%| F|  |TAMS 0x0000000711200000, 0x0000000711200000| Untracked 
|  58|0x0000000711400000, 0x0000000711400000, 0x0000000711600000|  0%| F|  |TAMS 0x0000000711400000, 0x0000000711400000| Untracked 
|  59|0x0000000711600000, 0x0000000711600000, 0x0000000711800000|  0%| F|  |TAMS 0x0000000711600000, 0x0000000711600000| Untracked 
|  60|0x0000000711800000, 0x0000000711800000, 0x0000000711a00000|  0%| F|  |TAMS 0x0000000711800000, 0x0000000711800000| Untracked 
|  61|0x0000000711a00000, 0x0000000711a00000, 0x0000000711c00000|  0%| F|  |TAMS 0x0000000711a00000, 0x0000000711a00000| Untracked 
|  62|0x0000000711c00000, 0x0000000711c00000, 0x0000000711e00000|  0%| F|  |TAMS 0x0000000711c00000, 0x0000000711c00000| Untracked 
|  63|0x0000000711e00000, 0x0000000711e00000, 0x0000000712000000|  0%| F|  |TAMS 0x0000000711e00000, 0x0000000711e00000| Untracked 
|  64|0x0000000712000000, 0x0000000712000000, 0x0000000712200000|  0%| F|  |TAMS 0x0000000712000000, 0x0000000712000000| Untracked 
|  65|0x0000000712200000, 0x0000000712200000, 0x0000000712400000|  0%| F|  |TAMS 0x0000000712200000, 0x0000000712200000| Untracked 
|  66|0x0000000712400000, 0x0000000712400000, 0x0000000712600000|  0%| F|  |TAMS 0x0000000712400000, 0x0000000712400000| Untracked 
|  67|0x0000000712600000, 0x0000000712600000, 0x0000000712800000|  0%| F|  |TAMS 0x0000000712600000, 0x0000000712600000| Untracked 
|  68|0x0000000712800000, 0x0000000712800000, 0x0000000712a00000|  0%| F|  |TAMS 0x0000000712800000, 0x0000000712800000| Untracked 
|  69|0x0000000712a00000, 0x0000000712a00000, 0x0000000712c00000|  0%| F|  |TAMS 0x0000000712a00000, 0x0000000712a00000| Untracked 
|  70|0x0000000712c00000, 0x0000000712c00000, 0x0000000712e00000|  0%| F|  |TAMS 0x0000000712c00000, 0x0000000712c00000| Untracked 
|  71|0x0000000712e00000, 0x0000000712e00000, 0x0000000713000000|  0%| F|  |TAMS 0x0000000712e00000, 0x0000000712e00000| Untracked 
|  72|0x0000000713000000, 0x0000000713000000, 0x0000000713200000|  0%| F|  |TAMS 0x0000000713000000, 0x0000000713000000| Untracked 
|  73|0x0000000713200000, 0x0000000713200000, 0x0000000713400000|  0%| F|  |TAMS 0x0000000713200000, 0x0000000713200000| Untracked 
|  74|0x0000000713400000, 0x0000000713400000, 0x0000000713600000|  0%| F|  |TAMS 0x0000000713400000, 0x0000000713400000| Untracked 
|  75|0x0000000713600000, 0x0000000713600000, 0x0000000713800000|  0%| F|  |TAMS 0x0000000713600000, 0x0000000713600000| Untracked 
|  76|0x0000000713800000, 0x0000000713800000, 0x0000000713a00000|  0%| F|  |TAMS 0x0000000713800000, 0x0000000713800000| Untracked 
|  77|0x0000000713a00000, 0x0000000713a00000, 0x0000000713c00000|  0%| F|  |TAMS 0x0000000713a00000, 0x0000000713a00000| Untracked 
|  78|0x0000000713c00000, 0x0000000713c00000, 0x0000000713e00000|  0%| F|  |TAMS 0x0000000713c00000, 0x0000000713c00000| Untracked 
|  79|0x0000000713e00000, 0x0000000713e00000, 0x0000000714000000|  0%| F|  |TAMS 0x0000000713e00000, 0x0000000713e00000| Untracked 
|  80|0x0000000714000000, 0x0000000714000000, 0x0000000714200000|  0%| F|  |TAMS 0x0000000714000000, 0x0000000714000000| Untracked 
|  81|0x0000000714200000, 0x0000000714200000, 0x0000000714400000|  0%| F|  |TAMS 0x0000000714200000, 0x0000000714200000| Untracked 
|  82|0x0000000714400000, 0x0000000714400000, 0x0000000714600000|  0%| F|  |TAMS 0x0000000714400000, 0x0000000714400000| Untracked 
|  83|0x0000000714600000, 0x0000000714600000, 0x0000000714800000|  0%| F|  |TAMS 0x0000000714600000, 0x0000000714600000| Untracked 
|  84|0x0000000714800000, 0x0000000714800000, 0x0000000714a00000|  0%| F|  |TAMS 0x0000000714800000, 0x0000000714800000| Untracked 
|  85|0x0000000714a00000, 0x0000000714a00000, 0x0000000714c00000|  0%| F|  |TAMS 0x0000000714a00000, 0x0000000714a00000| Untracked 
|  86|0x0000000714c00000, 0x0000000714c00000, 0x0000000714e00000|  0%| F|  |TAMS 0x0000000714c00000, 0x0000000714c00000| Untracked 
|  87|0x0000000714e00000, 0x0000000714e00000, 0x0000000715000000|  0%| F|  |TAMS 0x0000000714e00000, 0x0000000714e00000| Untracked 
|  88|0x0000000715000000, 0x0000000715000000, 0x0000000715200000|  0%| F|  |TAMS 0x0000000715000000, 0x0000000715000000| Untracked 
|  89|0x0000000715200000, 0x0000000715200000, 0x0000000715400000|  0%| F|  |TAMS 0x0000000715200000, 0x0000000715200000| Untracked 
|  90|0x0000000715400000, 0x0000000715400000, 0x0000000715600000|  0%| F|  |TAMS 0x0000000715400000, 0x0000000715400000| Untracked 
|  91|0x0000000715600000, 0x0000000715600000, 0x0000000715800000|  0%| F|  |TAMS 0x0000000715600000, 0x0000000715600000| Untracked 
|  92|0x0000000715800000, 0x0000000715800000, 0x0000000715a00000|  0%| F|  |TAMS 0x0000000715800000, 0x0000000715800000| Untracked 
|  93|0x0000000715a00000, 0x0000000715a00000, 0x0000000715c00000|  0%| F|  |TAMS 0x0000000715a00000, 0x0000000715a00000| Untracked 
|  94|0x0000000715c00000, 0x0000000715c00000, 0x0000000715e00000|  0%| F|  |TAMS 0x0000000715c00000, 0x0000000715c00000| Untracked 
|  95|0x0000000715e00000, 0x0000000715e00000, 0x0000000716000000|  0%| F|  |TAMS 0x0000000715e00000, 0x0000000715e00000| Untracked 
|  96|0x0000000716000000, 0x0000000716000000, 0x0000000716200000|  0%| F|  |TAMS 0x0000000716000000, 0x0000000716000000| Untracked 
|  97|0x0000000716200000, 0x0000000716200000, 0x0000000716400000|  0%| F|  |TAMS 0x0000000716200000, 0x0000000716200000| Untracked 
|  98|0x0000000716400000, 0x0000000716400000, 0x0000000716600000|  0%| F|  |TAMS 0x0000000716400000, 0x0000000716400000| Untracked 
|  99|0x0000000716600000, 0x0000000716600000, 0x0000000716800000|  0%| F|  |TAMS 0x0000000716600000, 0x0000000716600000| Untracked 
| 100|0x0000000716800000, 0x0000000716800000, 0x0000000716a00000|  0%| F|  |TAMS 0x0000000716800000, 0x0000000716800000| Untracked 
| 101|0x0000000716a00000, 0x0000000716a00000, 0x0000000716c00000|  0%| F|  |TAMS 0x0000000716a00000, 0x0000000716a00000| Untracked 
| 102|0x0000000716c00000, 0x0000000716c00000, 0x0000000716e00000|  0%| F|  |TAMS 0x0000000716c00000, 0x0000000716c00000| Untracked 
| 103|0x0000000716e00000, 0x0000000716e00000, 0x0000000717000000|  0%| F|  |TAMS 0x0000000716e00000, 0x0000000716e00000| Untracked 
| 104|0x0000000717000000, 0x0000000717000000, 0x0000000717200000|  0%| F|  |TAMS 0x0000000717000000, 0x0000000717000000| Untracked 
| 105|0x0000000717200000, 0x0000000717200000, 0x0000000717400000|  0%| F|  |TAMS 0x0000000717200000, 0x0000000717200000| Untracked 
| 106|0x0000000717400000, 0x0000000717400000, 0x0000000717600000|  0%| F|  |TAMS 0x0000000717400000, 0x0000000717400000| Untracked 
| 107|0x0000000717600000, 0x0000000717600000, 0x0000000717800000|  0%| F|  |TAMS 0x0000000717600000, 0x0000000717600000| Untracked 
| 108|0x0000000717800000, 0x0000000717800000, 0x0000000717a00000|  0%| F|  |TAMS 0x0000000717800000, 0x0000000717800000| Untracked 
| 109|0x0000000717a00000, 0x0000000717a00000, 0x0000000717c00000|  0%| F|  |TAMS 0x0000000717a00000, 0x0000000717a00000| Untracked 
| 110|0x0000000717c00000, 0x0000000717c00000, 0x0000000717e00000|  0%| F|  |TAMS 0x0000000717c00000, 0x0000000717c00000| Untracked 
| 111|0x0000000717e00000, 0x0000000717e00000, 0x0000000718000000|  0%| F|  |TAMS 0x0000000717e00000, 0x0000000717e00000| Untracked 
| 112|0x0000000718000000, 0x0000000718000000, 0x0000000718200000|  0%| F|  |TAMS 0x0000000718000000, 0x0000000718000000| Untracked 
| 113|0x0000000718200000, 0x0000000718200000, 0x0000000718400000|  0%| F|  |TAMS 0x0000000718200000, 0x0000000718200000| Untracked 
| 114|0x0000000718400000, 0x0000000718400000, 0x0000000718600000|  0%| F|  |TAMS 0x0000000718400000, 0x0000000718400000| Untracked 
| 115|0x0000000718600000, 0x0000000718600000, 0x0000000718800000|  0%| F|  |TAMS 0x0000000718600000, 0x0000000718600000| Untracked 
| 116|0x0000000718800000, 0x0000000718800000, 0x0000000718a00000|  0%| F|  |TAMS 0x0000000718800000, 0x0000000718800000| Untracked 
| 117|0x0000000718a00000, 0x0000000718c00000, 0x0000000718c00000|100%| E|  |TAMS 0x0000000718a00000, 0x0000000718a00000| Complete 
| 118|0x0000000718c00000, 0x0000000718e00000, 0x0000000718e00000|100%| E|CS|TAMS 0x0000000718c00000, 0x0000000718c00000| Complete 
| 119|0x0000000718e00000, 0x0000000718eeaba0, 0x0000000719000000| 45%| S|CS|TAMS 0x0000000718e00000, 0x0000000718e00000| Complete 
| 120|0x0000000719000000, 0x0000000719200000, 0x0000000719200000|100%| E|CS|TAMS 0x0000000719000000, 0x0000000719000000| Complete 
| 121|0x0000000719200000, 0x0000000719400000, 0x0000000719400000|100%| E|CS|TAMS 0x0000000719200000, 0x0000000719200000| Complete 
| 122|0x0000000719400000, 0x0000000719600000, 0x0000000719600000|100%| E|CS|TAMS 0x0000000719400000, 0x0000000719400000| Complete 

Card table byte_map: [0x0000020af8fb0000,0x0000020af9760000] _byte_map_base: 0x0000020af5760000

Marking Bits (Prev, Next): (CMBitMap*) 0x0000020adf5fbac0, (CMBitMap*) 0x0000020adf5fbb00
 Prev Bits: [0x0000020af9f10000, 0x0000020afdc90000)
 Next Bits: [0x0000020a80000000, 0x0000020a83d80000)

Polling page: 0x0000020ae8820000

Metaspace:

Usage:
  Non-class:      8.93 MB used.
      Class:    676.58 KB used.
       Both:      9.59 MB used.

Virtual space:
  Non-class space:       16.00 MB reserved,       9.00 MB ( 56%) committed,  2 nodes.
      Class space:        1.00 GB reserved,     704.00 KB ( <1%) committed,  1 nodes.
             Both:        1.02 GB reserved,       9.69 MB ( <1%) committed. 

Chunk freelists:
   Non-Class:  720.00 KB
       Class:  3.19 MB
        Both:  3.89 MB

MaxMetaspaceSize: unlimited
CompressedClassSpaceSize: 1.00 GB
Initial GC threshold: 21.00 MB
Current GC threshold: 21.00 MB
CDS: on
MetaspaceReclaimPolicy: balanced
 - commit_granule_bytes: 65536.
 - commit_granule_words: 8192.
 - virtual_space_node_default_size: 1048576.
 - enlarge_chunks_in_place: 1.
 - new_chunks_are_fully_committed: 0.
 - uncommit_free_chunks: 1.
 - use_allocation_guard: 0.
 - handle_deallocations: 1.


Internal statistics:

num_allocs_failed_limit: 0.
num_arena_births: 44.
num_arena_deaths: 0.
num_vsnodes_births: 3.
num_vsnodes_deaths: 0.
num_space_committed: 153.
num_space_uncommitted: 0.
num_chunks_returned_to_freelist: 0.
num_chunks_taken_from_freelist: 320.
num_chunk_merges: 0.
num_chunk_splits: 270.
num_chunks_enlarged: 247.
num_purges: 0.
num_inconsistent_stats: 0.

CodeHeap 'non-profiled nmethods': size=119168Kb used=1289Kb max_used=1289Kb free=117878Kb
 bounds [0x0000020af03e0000, 0x0000020af0650000, 0x0000020af7840000]
CodeHeap 'profiled nmethods': size=119104Kb used=3611Kb max_used=3611Kb free=115492Kb
 bounds [0x0000020ae8f90000, 0x0000020ae9320000, 0x0000020af03e0000]
CodeHeap 'non-nmethods': size=7488Kb used=3343Kb max_used=3385Kb free=4144Kb
 bounds [0x0000020ae8840000, 0x0000020ae8ba0000, 0x0000020ae8f90000]
 total_blobs=3126 nmethods=2026 adapters=1010
 compilation: enabled
              stopped_count=0, restarted_count=0
 full_count=0

Compilation events (20 events):
Event: 5.824 Thread 0x0000020a8560d170 2016       3       java.net.URLConnection::getDefaultUseCaches (30 bytes)
Event: 5.824 Thread 0x0000020a90620300 nmethod 2014 0x0000020ae9310a90 code [0x0000020ae9310c40, 0x0000020ae9310e28]
Event: 5.825 Thread 0x0000020a84b39020 2017  s!   3       java.io.FileDescriptor::closeAll (163 bytes)
Event: 5.825 Thread 0x0000020a8560d170 nmethod 2016 0x0000020ae9310f10 code [0x0000020ae9311100, 0x0000020ae93115e8]
Event: 5.825 Thread 0x0000020a905c7360 nmethod 2015 0x0000020ae9311790 code [0x0000020ae93119a0, 0x0000020ae93120a8]
Event: 5.825 Thread 0x0000020a84b39020 nmethod 2017 0x0000020ae9312310 code [0x0000020ae9312580, 0x0000020ae9313428]
Event: 5.948 Thread 0x0000020a84b35080 2018       4       java.lang.String::endsWith (15 bytes)
Event: 5.948 Thread 0x0000020a90620300 2019       3       java.io.FileInputStream::<init> (107 bytes)
Event: 5.948 Thread 0x0000020a8560d170 2020       3       java.io.FileInputStream::open (6 bytes)
Event: 5.948 Thread 0x0000020a8560d170 nmethod 2020 0x0000020ae9313a90 code [0x0000020ae9313c20, 0x0000020ae9313d68]
Event: 5.948 Thread 0x0000020a90620300 nmethod 2019 0x0000020ae9313e10 code [0x0000020ae9314080, 0x0000020ae9314b68]
Event: 5.949 Thread 0x0000020a905c7360 2022   !   3       java.io.FileInputStream::close (69 bytes)
Event: 5.949 Thread 0x0000020a8560d170 2023       3       java.io.FileInputStream$1::<init> (10 bytes)
Event: 5.949 Thread 0x0000020a90620300 2024       3       java.io.FileInputStream$1::close (11 bytes)
Event: 5.949 Thread 0x0000020a8560d170 nmethod 2023 0x0000020ae9314f10 code [0x0000020ae93150a0, 0x0000020ae9315278]
Event: 5.949 Thread 0x0000020a90620300 nmethod 2024 0x0000020ae9315310 code [0x0000020ae93154e0, 0x0000020ae93159f8]
Event: 5.950 Thread 0x0000020a905c7360 nmethod 2022 0x0000020ae9315c10 code [0x0000020ae9315e00, 0x0000020ae9316358]
Event: 5.952 Thread 0x0000020a84b35080 nmethod 2018 0x0000020af0522090 code [0x0000020af0522220, 0x0000020af05225b8]
Event: 6.059 Thread 0x0000020a905c7360 2025       3       com.badlogic.gdx.backends.lwjgl3.Lwjgl3GL20::glEnable (5 bytes)
Event: 6.059 Thread 0x0000020a84b39020 2026       3       org.lwjgl.opengl.GL11::glEnable (5 bytes)

GC Heap History (6 events):
Event: 2.204 GC heap before
{Heap before GC invocations=0 (full 0):
 garbage-first heap   total 251904K, used 22528K [0x000000070a000000, 0x0000000800000000)
  region size 2048K, 11 young (22528K), 0 survivors (0K)
 Metaspace       used 7314K, committed 7424K, reserved 1064960K
  class space    used 454K, committed 512K, reserved 1048576K
}
Event: 2.207 GC heap after
{Heap after GC invocations=1 (full 0):
 garbage-first heap   total 251904K, used 2547K [0x000000070a000000, 0x0000000800000000)
  region size 2048K, 2 young (4096K), 2 survivors (4096K)
 Metaspace       used 7314K, committed 7424K, reserved 1064960K
  class space    used 454K, committed 512K, reserved 1048576K
}
Event: 4.657 GC heap before
{Heap before GC invocations=1 (full 0):
 garbage-first heap   total 251904K, used 43507K [0x000000070a000000, 0x0000000800000000)
  region size 2048K, 19 young (38912K), 2 survivors (4096K)
 Metaspace       used 9709K, committed 9792K, reserved 1064960K
  class space    used 675K, committed 704K, reserved 1048576K
}
Event: 4.666 GC heap after
{Heap after GC invocations=2 (full 0):
 garbage-first heap   total 251904K, used 19781K [0x000000070a000000, 0x0000000800000000)
  region size 2048K, 3 young (6144K), 3 survivors (6144K)
 Metaspace       used 9709K, committed 9792K, reserved 1064960K
  class space    used 675K, committed 704K, reserved 1048576K
}
Event: 5.118 GC heap before
{Heap before GC invocations=2 (full 0):
 garbage-first heap   total 251904K, used 25925K [0x000000070a000000, 0x0000000800000000)
  region size 2048K, 6 young (12288K), 3 survivors (6144K)
 Metaspace       used 9777K, committed 9920K, reserved 1064960K
  class space    used 675K, committed 704K, reserved 1048576K
}
Event: 5.123 GC heap after
{Heap after GC invocations=3 (full 0):
 garbage-first heap   total 251904K, used 21418K [0x000000070a000000, 0x0000000800000000)
  region size 2048K, 1 young (2048K), 1 survivors (2048K)
 Metaspace       used 9777K, committed 9920K, reserved 1064960K
  class space    used 675K, committed 704K, reserved 1048576K
}

Deoptimization events (20 events):
Event: 4.328 Thread 0x0000020adf5a1ed0 DEOPT PACKING pc=0x0000020af0470cd8 sp=0x000000bbf73ff070
Event: 4.328 Thread 0x0000020adf5a1ed0 DEOPT UNPACKING pc=0x0000020ae88923a3 sp=0x000000bbf73feea0 mode 2
Event: 4.329 Thread 0x0000020adf5a1ed0 Uncommon trap: trap_request=0xffffff45 fr.pc=0x0000020af046fed4 relative=0x0000000000000354
Event: 4.329 Thread 0x0000020adf5a1ed0 Uncommon trap: reason=unstable_if action=reinterpret pc=0x0000020af046fed4 method=com.badlogic.gdx.math.Vector3.isZero()Z @ 6 c2
Event: 4.329 Thread 0x0000020adf5a1ed0 DEOPT PACKING pc=0x0000020af046fed4 sp=0x000000bbf73fefe0
Event: 4.329 Thread 0x0000020adf5a1ed0 DEOPT UNPACKING pc=0x0000020ae88923a3 sp=0x000000bbf73fee98 mode 2
Event: 4.525 Thread 0x0000020adf5a1ed0 DEOPT PACKING pc=0x0000020ae9267108 sp=0x000000bbf73fef00
Event: 4.526 Thread 0x0000020adf5a1ed0 DEOPT UNPACKING pc=0x0000020ae8892b43 sp=0x000000bbf73fe3d8 mode 0
Event: 4.559 Thread 0x0000020adf5a1ed0 DEOPT PACKING pc=0x0000020ae9267108 sp=0x000000bbf73fef00
Event: 4.559 Thread 0x0000020adf5a1ed0 DEOPT UNPACKING pc=0x0000020ae8892b43 sp=0x000000bbf73fe3d8 mode 0
Event: 4.559 Thread 0x0000020adf5a1ed0 DEOPT PACKING pc=0x0000020ae9267108 sp=0x000000bbf73fef00
Event: 4.559 Thread 0x0000020adf5a1ed0 DEOPT UNPACKING pc=0x0000020ae8892b43 sp=0x000000bbf73fe3d8 mode 0
Event: 4.593 Thread 0x0000020adf5a1ed0 DEOPT PACKING pc=0x0000020ae9267108 sp=0x000000bbf73fef00
Event: 4.593 Thread 0x0000020adf5a1ed0 DEOPT UNPACKING pc=0x0000020ae8892b43 sp=0x000000bbf73fe3d8 mode 0
Event: 4.626 Thread 0x0000020adf5a1ed0 DEOPT PACKING pc=0x0000020ae9267108 sp=0x000000bbf73fef00
Event: 4.626 Thread 0x0000020adf5a1ed0 DEOPT UNPACKING pc=0x0000020ae8892b43 sp=0x000000bbf73fe3d8 mode 0
Event: 5.732 Thread 0x0000020adf5a1ed0 DEOPT PACKING pc=0x0000020ae92e5a24 sp=0x000000bbf73fefd0
Event: 5.732 Thread 0x0000020adf5a1ed0 DEOPT UNPACKING pc=0x0000020ae8892b43 sp=0x000000bbf73fe4b8 mode 0
Event: 5.752 Thread 0x0000020adf5a1ed0 DEOPT PACKING pc=0x0000020ae92eef77 sp=0x000000bbf73ff070
Event: 5.752 Thread 0x0000020adf5a1ed0 DEOPT UNPACKING pc=0x0000020ae8892b43 sp=0x000000bbf73fe750 mode 0

Classes unloaded (0 events):
No events

Classes redefined (0 events):
No events

Internal exceptions (19 events):
Event: 0.159 Thread 0x0000020adf5a1ed0 Exception <a 'java/lang/NoSuchMethodError'{0x0000000719186b68}: 'java.lang.Object java.lang.invoke.DirectMethodHandle$Holder.invokeStaticInit(java.lang.Object)'> (0x0000000719186b68) 
thrown [e:\jenkins\tmp\workspace\build\src\src\hotspot\share\interpreter\linkResolver.cpp, line 766]
Event: 0.167 Thread 0x0000020adf5a1ed0 Exception <a 'java/lang/NoSuchMethodError'{0x00000007191e8990}: 'void java.lang.invoke.DirectMethodHandle$Holder.invokeStatic(java.lang.Object, java.lang.Object)'> (0x00000007191e8990) 
thrown [e:\jenkins\tmp\workspace\build\src\src\hotspot\share\interpreter\linkResolver.cpp, line 766]
Event: 0.167 Thread 0x0000020adf5a1ed0 Exception <a 'java/lang/NoSuchMethodError'{0x00000007191ee1d8}: 'void java.lang.invoke.DirectMethodHandle$Holder.invokeSpecial(java.lang.Object, java.lang.Object, java.lang.Object)'> (0x00000007191ee1d8) 
thrown [e:\jenkins\tmp\workspace\build\src\src\hotspot\share\interpreter\linkResolver.cpp, line 766]
Event: 0.169 Thread 0x0000020adf5a1ed0 Exception <a 'java/lang/NoSuchMethodError'{0x0000000718e01a30}: 'java.lang.Object java.lang.invoke.DirectMethodHandle$Holder.invokeStatic(java.lang.Object, java.lang.Object, int)'> (0x0000000718e01a30) 
thrown [e:\jenkins\tmp\workspace\build\src\src\hotspot\share\interpreter\linkResolver.cpp, line 766]
Event: 0.170 Thread 0x0000020adf5a1ed0 Exception <a 'java/lang/NoSuchMethodError'{0x0000000718e0d7a0}: 'void java.lang.invoke.DelegatingMethodHandle$Holder.delegate(java.lang.Object, java.lang.Object, int, java.lang.Object)'> (0x0000000718e0d7a0) 
thrown [e:\jenkins\tmp\workspace\build\src\src\hotspot\share\interpreter\linkResolver.cpp, line 766]
Event: 0.171 Thread 0x0000020adf5a1ed0 Exception <a 'java/lang/NoSuchMethodError'{0x0000000718e119e0}: 'int java.lang.invoke.DirectMethodHandle$Holder.invokeSpecial(java.lang.Object, java.lang.Object, java.lang.Object)'> (0x0000000718e119e0) 
thrown [e:\jenkins\tmp\workspace\build\src\src\hotspot\share\interpreter\linkResolver.cpp, line 766]
Event: 0.195 Thread 0x0000020adf5a1ed0 Exception <a 'sun/nio/fs/WindowsException'{0x0000000718eb84b0}> (0x0000000718eb84b0) 
thrown [e:\jenkins\tmp\workspace\build\src\src\hotspot\share\prims\jni.cpp, line 516]
Event: 0.195 Thread 0x0000020adf5a1ed0 Exception <a 'sun/nio/fs/WindowsException'{0x0000000718eb8a08}> (0x0000000718eb8a08) 
thrown [e:\jenkins\tmp\workspace\build\src\src\hotspot\share\prims\jni.cpp, line 516]
Event: 0.214 Thread 0x0000020adf5a1ed0 Exception <a 'sun/nio/fs/WindowsException'{0x0000000718fa6788}> (0x0000000718fa6788) 
thrown [e:\jenkins\tmp\workspace\build\src\src\hotspot\share\prims\jni.cpp, line 516]
Event: 0.215 Thread 0x0000020adf5a1ed0 Exception <a 'sun/nio/fs/WindowsException'{0x0000000718fa6b28}> (0x0000000718fa6b28) 
thrown [e:\jenkins\tmp\workspace\build\src\src\hotspot\share\prims\jni.cpp, line 516]
Event: 0.232 Thread 0x0000020adf5a1ed0 Exception <a 'sun/nio/fs/WindowsException'{0x0000000718c55898}> (0x0000000718c55898) 
thrown [e:\jenkins\tmp\workspace\build\src\src\hotspot\share\prims\jni.cpp, line 516]
Event: 0.232 Thread 0x0000020adf5a1ed0 Exception <a 'sun/nio/fs/WindowsException'{0x0000000718c55c08}> (0x0000000718c55c08) 
thrown [e:\jenkins\tmp\workspace\build\src\src\hotspot\share\prims\jni.cpp, line 516]
Event: 0.271 Thread 0x0000020adf5a1ed0 Exception <a 'sun/nio/fs/WindowsException'{0x0000000718cd9b88}> (0x0000000718cd9b88) 
thrown [e:\jenkins\tmp\workspace\build\src\src\hotspot\share\prims\jni.cpp, line 516]
Event: 0.271 Thread 0x0000020adf5a1ed0 Exception <a 'sun/nio/fs/WindowsException'{0x0000000718cd9f10}> (0x0000000718cd9f10) 
thrown [e:\jenkins\tmp\workspace\build\src\src\hotspot\share\prims\jni.cpp, line 516]
Event: 0.722 Thread 0x0000020adf5a1ed0 Exception <a 'sun/nio/fs/WindowsException'{0x0000000718abc880}> (0x0000000718abc880) 
thrown [e:\jenkins\tmp\workspace\build\src\src\hotspot\share\prims\jni.cpp, line 516]
Event: 0.722 Thread 0x0000020adf5a1ed0 Exception <a 'sun/nio/fs/WindowsException'{0x0000000718abcc30}> (0x0000000718abcc30) 
thrown [e:\jenkins\tmp\workspace\build\src\src\hotspot\share\prims\jni.cpp, line 516]
Event: 0.724 Thread 0x0000020adf5a1ed0 Exception <a 'sun/nio/fs/WindowsException'{0x0000000718ac8d60}> (0x0000000718ac8d60) 
thrown [e:\jenkins\tmp\workspace\build\src\src\hotspot\share\prims\jni.cpp, line 516]
Event: 0.724 Thread 0x0000020adf5a1ed0 Exception <a 'sun/nio/fs/WindowsException'{0x0000000718ac9048}> (0x0000000718ac9048) 
thrown [e:\jenkins\tmp\workspace\build\src\src\hotspot\share\prims\jni.cpp, line 516]
Event: 4.226 Thread 0x0000020adf5a1ed0 Implicit null exception at 0x0000020af045103f to 0x0000020af045111c

VM Operations (20 events):
Event: 0.840 Executing VM operation: HandshakeAllThreads
Event: 0.840 Executing VM operation: HandshakeAllThreads done
Event: 1.849 Executing VM operation: Cleanup
Event: 1.850 Executing VM operation: Cleanup done
Event: 2.203 Executing VM operation: G1CollectForAllocation
Event: 2.207 Executing VM operation: G1CollectForAllocation done
Event: 2.260 Executing VM operation: HandshakeAllThreads
Event: 2.260 Executing VM operation: HandshakeAllThreads done
Event: 3.259 Executing VM operation: Cleanup
Event: 3.260 Executing VM operation: Cleanup done
Event: 4.160 Executing VM operation: HandshakeAllThreads
Event: 4.160 Executing VM operation: HandshakeAllThreads done
Event: 4.176 Executing VM operation: HandshakeAllThreads
Event: 4.176 Executing VM operation: HandshakeAllThreads done
Event: 4.177 Executing VM operation: HandshakeAllThreads
Event: 4.177 Executing VM operation: HandshakeAllThreads done
Event: 4.657 Executing VM operation: G1CollectForAllocation
Event: 4.666 Executing VM operation: G1CollectForAllocation done
Event: 5.118 Executing VM operation: G1CollectForAllocation
Event: 5.123 Executing VM operation: G1CollectForAllocation done

Events (20 events):
Event: 4.313 loading class jdk/internal/math/FDBigInteger done
Event: 4.314 loading class jdk/internal/math/FormattedFloatingDecimal$Form
Event: 4.314 loading class jdk/internal/math/FormattedFloatingDecimal$Form done
Event: 4.314 loading class jdk/internal/math/FormattedFloatingDecimal
Event: 4.314 loading class jdk/internal/math/FormattedFloatingDecimal done
Event: 4.314 loading class jdk/internal/math/FormattedFloatingDecimal$1
Event: 4.314 loading class jdk/internal/math/FormattedFloatingDecimal$1 done
Event: 4.314 loading class jdk/internal/math/FormattedFloatingDecimal$2
Event: 4.314 loading class jdk/internal/math/FormattedFloatingDecimal$2 done
Event: 4.319 Thread 0x0000020a907e5220 Thread added: 0x0000020a907e5220
Event: 4.402 Thread 0x0000020a962ee520 Thread added: 0x0000020a962ee520
Event: 4.402 Thread 0x0000020a90c75070 Thread added: 0x0000020a90c75070
Event: 4.402 Thread 0x0000020a95ac5b00 Thread added: 0x0000020a95ac5b00
Event: 4.558 Thread 0x0000020a95ac5b00 Thread exited: 0x0000020a95ac5b00
Event: 4.593 Thread 0x0000020a90c75070 Thread exited: 0x0000020a90c75070
Event: 4.666 Thread 0x0000020a962ee520 Thread exited: 0x0000020a962ee520
Event: 4.666 Thread 0x0000020a9061f140 Thread exited: 0x0000020a9061f140
Event: 4.691 Thread 0x0000020a90617b40 Thread exited: 0x0000020a90617b40
Event: 4.826 Thread 0x0000020a905c6430 Thread exited: 0x0000020a905c6430
Event: 5.948 Thread 0x0000020a905c5f20 Thread exited: 0x0000020a905c5f20


Dynamic libraries:
0x00007ff78f960000 - 0x00007ff78f96e000 	C:\Program Files\Eclipse Adoptium\jdk-17.0.1.12-hotspot\bin\java.exe
0x00007ffdc5cd0000 - 0x00007ffdc5ec5000 	C:\Windows\SYSTEM32\ntdll.dll
0x00007ffdc4060000 - 0x00007ffdc411d000 	C:\Windows\System32\KERNEL32.DLL
0x00007ffdc3720000 - 0x00007ffdc39ed000 	C:\Windows\System32\KERNELBASE.dll
0x00007ffdc33b0000 - 0x00007ffdc34b0000 	C:\Windows\System32\ucrtbase.dll
0x00007ffdaa510000 - 0x00007ffdaa528000 	C:\Program Files\Eclipse Adoptium\jdk-17.0.1.12-hotspot\bin\jli.dll
0x00007ffdaa4f0000 - 0x00007ffdaa509000 	C:\Program Files\Eclipse Adoptium\jdk-17.0.1.12-hotspot\bin\VCRUNTIME140.dll
0x00007ffdc5530000 - 0x00007ffdc56d0000 	C:\Windows\System32\USER32.dll
0x00007ffdc3c20000 - 0x00007ffdc3c42000 	C:\Windows\System32\win32u.dll
0x00007ffdc5bd0000 - 0x00007ffdc5bfa000 	C:\Windows\System32\GDI32.dll
0x00007ffdad620000 - 0x00007ffdad8ba000 	C:\Windows\WinSxS\amd64_microsoft.windows.common-controls_6595b64144ccf1df_6.0.19041.1110_none_60b5254171f9507e\COMCTL32.dll
0x00007ffdc3610000 - 0x00007ffdc371b000 	C:\Windows\System32\gdi32full.dll
0x00007ffdc5190000 - 0x00007ffdc522e000 	C:\Windows\System32\msvcrt.dll
0x00007ffdc39f0000 - 0x00007ffdc3a8d000 	C:\Windows\System32\msvcp_win.dll
0x00007ffdc4eb0000 - 0x00007ffdc4ee0000 	C:\Windows\System32\IMM32.DLL
0x00007ffdbee20000 - 0x00007ffdbee2c000 	C:\Program Files\Eclipse Adoptium\jdk-17.0.1.12-hotspot\bin\vcruntime140_1.dll
0x00007ffd769f0000 - 0x00007ffd76a81000 	C:\Program Files\Eclipse Adoptium\jdk-17.0.1.12-hotspot\bin\msvcp140.dll
0x00007ffd3e590000 - 0x00007ffd3f1d6000 	C:\Program Files\Eclipse Adoptium\jdk-17.0.1.12-hotspot\bin\server\jvm.dll
0x00007ffdc3fb0000 - 0x00007ffdc405e000 	C:\Windows\System32\ADVAPI32.dll
0x00007ffdc3e80000 - 0x00007ffdc3f1c000 	C:\Windows\System32\sechost.dll
0x00007ffdc3d50000 - 0x00007ffdc3e75000 	C:\Windows\System32\RPCRT4.dll
0x00007ffdc4ee0000 - 0x00007ffdc4ee8000 	C:\Windows\System32\PSAPI.DLL
0x00007ffda5c00000 - 0x00007ffda5c09000 	C:\Windows\SYSTEM32\WSOCK32.dll
0x00007ffdb8890000 - 0x00007ffdb88b7000 	C:\Windows\SYSTEM32\WINMM.dll
0x00007ffdbc260000 - 0x00007ffdbc26a000 	C:\Windows\SYSTEM32\VERSION.dll
0x00007ffdc52e0000 - 0x00007ffdc534b000 	C:\Windows\System32\WS2_32.dll
0x00007ffdc1c40000 - 0x00007ffdc1c52000 	C:\Windows\SYSTEM32\kernel.appcore.dll
0x00007ffdaae00000 - 0x00007ffdaae0a000 	C:\Program Files\Eclipse Adoptium\jdk-17.0.1.12-hotspot\bin\jimage.dll
0x00007ffdc1a30000 - 0x00007ffdc1c14000 	C:\Windows\SYSTEM32\DBGHELP.DLL
0x00007ffdb8de0000 - 0x00007ffdb8e0c000 	C:\Windows\SYSTEM32\dbgcore.DLL
0x00007ffdc3a90000 - 0x00007ffdc3b12000 	C:\Windows\System32\bcryptPrimitives.dll
0x00007ffd933a0000 - 0x00007ffd933c5000 	C:\Program Files\Eclipse Adoptium\jdk-17.0.1.12-hotspot\bin\java.dll
0x00007ffd63bc0000 - 0x00007ffd63c96000 	C:\Program Files\Eclipse Adoptium\jdk-17.0.1.12-hotspot\bin\svml.dll
0x00007ffdc4120000 - 0x00007ffdc4864000 	C:\Windows\System32\SHELL32.dll
0x00007ffdc1150000 - 0x00007ffdc18e4000 	C:\Windows\SYSTEM32\windows.storage.dll
0x00007ffdc5870000 - 0x00007ffdc5bc4000 	C:\Windows\System32\combase.dll
0x00007ffdc2e10000 - 0x00007ffdc2e3c000 	C:\Windows\SYSTEM32\Wldp.dll
0x00007ffdc5230000 - 0x00007ffdc52dd000 	C:\Windows\System32\SHCORE.dll
0x00007ffdc3cf0000 - 0x00007ffdc3d45000 	C:\Windows\System32\shlwapi.dll
0x00007ffdc32f0000 - 0x00007ffdc330f000 	C:\Windows\SYSTEM32\profapi.dll
0x00007ffda95f0000 - 0x00007ffda9609000 	C:\Program Files\Eclipse Adoptium\jdk-17.0.1.12-hotspot\bin\net.dll
0x00007ffdb4be0000 - 0x00007ffdb4cea000 	C:\Windows\SYSTEM32\WINHTTP.dll
0x00007ffdc2b70000 - 0x00007ffdc2bda000 	C:\Windows\system32\mswsock.dll
0x00007ffda1520000 - 0x00007ffda1535000 	C:\Program Files\Eclipse Adoptium\jdk-17.0.1.12-hotspot\bin\nio.dll
0x00007ffda1350000 - 0x00007ffda1368000 	C:\Program Files\Eclipse Adoptium\jdk-17.0.1.12-hotspot\bin\zip.dll
0x000000006e700000 - 0x000000006e72a000 	C:\Users\grado\AppData\Local\Temp\libgdxgrado\e1cd32f8\gdx64.dll
0x00007ffd8a4f0000 - 0x00007ffd8a554000 	C:\Users\grado\AppData\Local\Temp\lwjglgrado\3.2.3-build-13\lwjgl.dll
0x00007ffd56e40000 - 0x00007ffd57093000 	C:\Users\grado\AppData\Local\Temp\lwjglgrado\3.2.3-build-13\jemalloc.dll
0x00007ffd892d0000 - 0x00007ffd89332000 	C:\Users\grado\AppData\Local\Temp\lwjglgrado\3.2.3-build-13\glfw.dll
0x00007ffdc0870000 - 0x00007ffdc090e000 	C:\Windows\system32\uxtheme.dll
0x00007ffd9d140000 - 0x00007ffd9d185000 	C:\Windows\SYSTEM32\dinput8.dll
0x00007ffd93380000 - 0x00007ffd93391000 	C:\Windows\SYSTEM32\xinput1_4.dll
0x00007ffdc3b20000 - 0x00007ffdc3b6e000 	C:\Windows\System32\cfgmgr32.dll
0x00007ffdc3160000 - 0x00007ffdc318c000 	C:\Windows\SYSTEM32\DEVOBJ.dll
0x00007ffdc0a00000 - 0x00007ffdc0a2f000 	C:\Windows\SYSTEM32\dwmapi.dll
0x00007ffda8c80000 - 0x00007ffda8dd2000 	C:\Windows\SYSTEM32\inputhost.dll
0x00007ffdc4d70000 - 0x00007ffdc4e3d000 	C:\Windows\System32\OLEAUT32.dll
0x00007ffdc0500000 - 0x00007ffdc05f2000 	C:\Windows\SYSTEM32\CoreMessaging.dll
0x00007ffdc01a0000 - 0x00007ffdc04fe000 	C:\Windows\SYSTEM32\CoreUIComponents.dll
0x00007ffdbfad0000 - 0x00007ffdbfc24000 	C:\Windows\SYSTEM32\wintypes.dll
0x00007ffdbe990000 - 0x00007ffdbea86000 	C:\Windows\SYSTEM32\PROPSYS.dll
0x00007ffdc20b0000 - 0x00007ffdc20e3000 	C:\Windows\SYSTEM32\ntmarta.dll
0x00007ffdc5750000 - 0x00007ffdc5865000 	C:\Windows\System32\MSCTF.dll
0x00007ffdc18f0000 - 0x00007ffdc18fd000 	C:\Windows\SYSTEM32\HID.DLL
0x00007ffdc4870000 - 0x00007ffdc4ce1000 	C:\Windows\System32\SETUPAPI.DLL
0x00007ffdc3c50000 - 0x00007ffdc3c77000 	C:\Windows\System32\bcrypt.dll
0x00007ffdc3c80000 - 0x00007ffdc3ce8000 	C:\Windows\System32\WINTRUST.dll
0x00007ffdc34b0000 - 0x00007ffdc3606000 	C:\Windows\System32\CRYPT32.dll
0x00007ffdc2fa0000 - 0x00007ffdc2fb2000 	C:\Windows\SYSTEM32\MSASN1.dll
0x00007ffd57660000 - 0x00007ffd5776b000 	C:\Users\grado\AppData\Local\Temp\lwjglgrado\3.2.3-build-13\OpenAL.dll
0x00007ffdc5400000 - 0x00007ffdc552a000 	C:\Windows\System32\ole32.dll
0x00007ffdc5350000 - 0x00007ffdc53f9000 	C:\Windows\System32\clbcatq.dll
0x00007ffdbb510000 - 0x00007ffdbb595000 	C:\Windows\System32\MMDevApi.dll
0x00007ffdbbda0000 - 0x00007ffdbbf22000 	C:\Windows\SYSTEM32\AUDIOSES.DLL
0x00007ffdc2930000 - 0x00007ffdc297b000 	C:\Windows\SYSTEM32\powrprof.dll
0x00007ffdc27f0000 - 0x00007ffdc2802000 	C:\Windows\SYSTEM32\UMPDC.dll
0x00007ffdc0a30000 - 0x00007ffdc0a44000 	C:\Windows\SYSTEM32\resourcepolicyclient.dll
0x00007ffd22910000 - 0x00007ffd22a36000 	C:\Windows\SYSTEM32\opengl32.dll
0x00007ffd228e0000 - 0x00007ffd2290c000 	C:\Windows\SYSTEM32\GLU32.dll
0x00007ffdbc2e0000 - 0x00007ffdbc3d7000 	C:\Windows\System32\AppXDeploymentClient.dll
0x00007ffd932b0000 - 0x00007ffd932da000 	C:\Windows\System32\DriverStore\FileRepository\u0361612.inf_amd64_b679e02f70413f9f\B361368\atig6pxx.dll
0x00007ffcfa390000 - 0x00007ffcfd076000 	C:\Windows\System32\DriverStore\FileRepository\u0361612.inf_amd64_b679e02f70413f9f\B361368\atio6axx.dll
0x00007ffd86690000 - 0x00007ffd866b4000 	C:\Windows\SYSTEM32\dxva2.dll
0x00007ffd79060000 - 0x00007ffd7909c000 	C:\Windows\System32\DriverStore\FileRepository\u0361612.inf_amd64_b679e02f70413f9f\B361368\atig6txx.dll
0x00007ffd568d0000 - 0x00007ffd56a89000 	C:\Windows\SYSTEM32\atiadlxx.dll
0x00007ffdb9380000 - 0x00007ffdb93bb000 	C:\Windows\SYSTEM32\dxcore.dll
0x00007ffd77010000 - 0x00007ffd77069000 	C:\Users\grado\AppData\Local\Temp\lwjglgrado\3.2.3-build-13\lwjgl_opengl.dll
0x00007ffda93b0000 - 0x00007ffda94a9000 	C:\Windows\SYSTEM32\textinputframework.dll

dbghelp: loaded successfully - version: 4.0.5 - missing functions: none
symbol engine: initialized successfully - sym options: 0x614 - pdb path: .;C:\Program Files\Eclipse Adoptium\jdk-17.0.1.12-hotspot\bin;C:\Windows\SYSTEM32;C:\Windows\WinSxS\amd64_microsoft.windows.common-controls_6595b64144ccf1df_6.0.19041.1110_none_60b5254171f9507e;C:\Program Files\Eclipse Adoptium\jdk-17.0.1.12-hotspot\bin\server;C:\Users\grado\AppData\Local\Temp\libgdxgrado\e1cd32f8;C:\Users\grado\AppData\Local\Temp\lwjglgrado\3.2.3-build-13;C:\Windows\System32\DriverStore\FileRepository\u0361612.inf_amd64_b679e02f70413f9f\B361368

VM Arguments:
jvm_args: -XX:+ShowCodeDetailsInExceptionMessages 
java_command: com.crazyputting3d.Main
java_class_path (initial): C:\Users\grado\Desktop\Group-04\3dcrazyputting\desktop\bin\main;\CrazyPutting3D-core\bin\default;C:\Users\grado\Desktop\Group-04\3dcrazyputting\core\bin\main;C:\Users\grado\.gradle\caches\modules-2\files-2.1\com.badlogicgames.gdx\gdx-backend-lwjgl3\1.10.0\600c7d5b2c977daa82c4abad147087b31e0ada87\gdx-backend-lwjgl3-1.10.0.jar;C:\Users\grado\.gradle\caches\modules-2\files-2.1\com.badlogicgames.gdx\gdx-platform\1.10.0\9a8fa793d2fd6d360afc6c9e4c1f5583da263b88\gdx-platform-1.10.0-natives-desktop.jar;C:\Users\grado\.gradle\caches\modules-2\files-2.1\com.badlogicgames.gdx\gdx-bullet-platform\1.10.0\ce92e8dfc762523d769cbc50853163c03bf98cf1\gdx-bullet-platform-1.10.0-natives-desktop.jar;C:\Users\grado\.gradle\caches\modules-2\files-2.1\com.badlogicgames.gdx\gdx-freetype-platform\1.10.0\6e5d28752759e69384f12e4569d2c884ff71352f\gdx-freetype-platform-1.10.0-natives-desktop.jar;C:\Users\grado\.gradle\caches\modules-2\files-2.1\com.badlogicgames.gdx-controllers\gdx-controllers-desktop\2.2.1\cb3430c32468a090eca54d494d16bb3764ceff9b\gdx-controllers-desktop-2.2.1.jar;C:\Users\grado\.gradle\caches\modules-2\files-2.1\org.jetbrains\annotations\20.1.0\2fcd1f3225bca0c4a7bc931142076f8c1e80993f\annotations-20.1.0.jar;C:\Users\grado\.gradle\caches\modules-2\files-2.1\com.badlogicgames.gdx\gdx-bullet\1.10.0\839b58c7278f5c3b55291c3a559d91227400ecdb\gdx-bullet-1.10.0.jar;C:\Users\grado\.gradle\caches\modules-2\files-2.1\com.badlogicgames.gdx\gdx-freetype\1.10.0\de1d0d5c1e92e8d91364256fd6b7bb279d3e9859\gdx-freetype-1.10.0.jar;C:\Users\grado\.gradle\caches\modules-2\files-2.1\com.badlogicgames.gdx\gdx-ai\1.8.2\ab75d2ce80ab1b1ce6828a15dc0f417abac4c674\gdx-ai-1.8.2.jar;C:\Users\grado\.gradle\caches\modules-2\files-2.1\com.badlogicgames.ashley\ashley\1.7.4\21a3a8932919099c4e5006a7d8378dcbe76ef8a5\ashley-1.7.4.jar;C:\Users\grado\.gradle\caches\modules-2\files-2.1\com.badlogicgames.box2dlights\box2dlights\1.5\6902dbcd250c95a27973aa24a147a95b3828d348\box2dlights-1.5.jar;C
Launcher Type: SUN_STANDARD

[Global flags]
     intx CICompilerCount                          = 12                                        {product} {ergonomic}
     uint ConcGCThreads                            = 3                                         {product} {ergonomic}
     uint G1ConcRefinementThreads                  = 13                                        {product} {ergonomic}
   size_t G1HeapRegionSize                         = 2097152                                   {product} {ergonomic}
    uintx GCDrainStackTargetSize                   = 64                                        {product} {ergonomic}
   size_t InitialHeapSize                          = 257949696                                 {product} {ergonomic}
   size_t MarkStackSize                            = 4194304                                   {product} {ergonomic}
   size_t MaxHeapSize                              = 4127195136                                {product} {ergonomic}
   size_t MaxNewSize                               = 2474639360                                {product} {ergonomic}
   size_t MinHeapDeltaBytes                        = 2097152                                   {product} {ergonomic}
   size_t MinHeapSize                              = 8388608                                   {product} {ergonomic}
    uintx NonNMethodCodeHeapSize                   = 7602480                                {pd product} {ergonomic}
    uintx NonProfiledCodeHeapSize                  = 122027880                              {pd product} {ergonomic}
    uintx ProfiledCodeHeapSize                     = 122027880                              {pd product} {ergonomic}
    uintx ReservedCodeCacheSize                    = 251658240                              {pd product} {ergonomic}
     bool SegmentedCodeCache                       = true                                      {product} {ergonomic}
     bool ShowCodeDetailsInExceptionMessages       = true                                   {manageable} {command line}
   size_t SoftMaxHeapSize                          = 4127195136                             {manageable} {ergonomic}
     bool UseCompressedClassPointers               = true                           {product lp64_product} {ergonomic}
     bool UseCompressedOops                        = true                           {product lp64_product} {ergonomic}
     bool UseG1GC                                  = true                                      {product} {ergonomic}
     bool UseLargePagesIndividualAllocation        = false                                  {pd product} {ergonomic}

Logging:
Log output configuration:
 #0: stdout all=warning uptime,level,tags
 #1: stderr all=off uptime,level,tags

Environment Variables:
PATH=C:\Program Files\Common Files\Oracle\Java\javapath;C:\Windows\system32;C:\Windows;C:\Windows\System32\Wbem;C:\Windows\System32\WindowsPowerShell\v1.0\;C:\Windows\System32\OpenSSH\;C:\Program Files (x86)\NVIDIA Corporation\PhysX\Common;C:\Program Files\NVIDIA Corporation\NVIDIA NvDLISR;C:\Program Files\MATLAB\R2022a\bin;C:\Program Files\Gradle\gradle-7.4.2\bin;C:\Program Files\Git\cmd;C:\Users\grado\AppData\Local\Microsoft\WindowsApps;C:\Users\grado\AppData\Local\Programs\Microsoft VS Code\bin;C:\Users\grado\AppData\Local\GitHubDesktop\bin
USERNAME=grado
LANG=en_US.UTF-8
OS=Windows_NT
PROCESSOR_IDENTIFIER=AMD64 Family 23 Model 96 Stepping 1, AuthenticAMD



---------------  S Y S T E M  ---------------

OS:
 Windows 10 , 64 bit Build 19041 (10.0.19041.1706)
OS uptime: 9 days 0:42 hours

CPU: total 16 (initial active 16) (16 cores per cpu, 2 threads per core) family 23 model 96 stepping 1 microcode 0x0, cx8, cmov, fxsr, ht, mmx, 3dnowpref, sse, sse2, sse3, ssse3, sse4a, sse4.1, sse4.2, popcnt, lzcnt, tsc, tscinvbit, avx, avx2, aes, clmul, bmi1, bmi2, adx, sha, fma, vzeroupper, clflush, clflushopt

Memory: 4k page, system-wide physical 15741M (5617M free)
TotalPageFile size 23352M (AvailPageFile size 3912M)
current process WorkingSet (physical memory assigned to process): 270M, peak: 310M
current process commit charge ("private bytes"): 601M, peak: 651M

vm_info: OpenJDK 64-Bit Server VM (17.0.1+12) for windows-amd64 JRE (17.0.1+12), built on Oct 20 2021 07:42:55 by "" with MS VC++ 16.7 (VS2019)

END.
