#
# A fatal error has been detected by the Java Runtime Environment:
#
#  EXCEPTION_ACCESS_VIOLATION (0xc0000005) at pc=0x000002144b0f0000, pid=23472, tid=22544
#
# JRE version: OpenJDK Runtime Environment Temurin-17.0.1+12 (17.0.1+12) (build 17.0.1+12)
# Java VM: OpenJDK 64-Bit Server VM Temurin-17.0.1+12 (17.0.1+12, mixed mode, sharing, tiered, compressed oops, compressed class ptrs, g1 gc, windows-amd64)
# Problematic frame:
# C  0x000002144b0f0000
#
# No core dump will be written. Minidumps are not enabled by default on client versions of Windows
#
# If you would like to submit a bug report, please visit:
#   https://github.com/adoptium/adoptium-support/issues
# The crash happened outside the Java Virtual Machine in native code.
# See problematic frame for where to report the bug.
#

---------------  S U M M A R Y ------------

Command Line: -XX:+ShowCodeDetailsInExceptionMessages com.crazyputting3d.Main

Host: AMD Ryzen 7 4800H with Radeon Graphics         , 16 cores, 15G,  Windows 10 , 64 bit Build 19041 (10.0.19041.1706)
Time: Fri Jun 17 17:07:48 2022 Central European Daylight Time elapsed time: 10.905034 seconds (0d 0h 0m 10s)

---------------  T H R E A D  ---------------

Current thread (0x000002144b163430):  JavaThread "main" [_thread_in_native, id=22544, stack(0x0000002ac2500000,0x0000002ac2600000)]

Stack: [0x0000002ac2500000,0x0000002ac2600000],  sp=0x0000002ac25fecf8,  free space=1019k
Native frames: (J=compiled Java code, j=interpreted, Vv=VM code, C=native code)
C  0x000002144b0f0000

Java frames: (J=compiled Java code, j=interpreted, Vv=VM code)
J 1208  org.lwjgl.system.JNI.invokePV(JJ)V (0 bytes) @ 0x000002145a8366ec [0x000002145a8366a0+0x000000000000004c]
J 2025 c1 org.lwjgl.glfw.GLFW.glfwSwapBuffers(J)V (21 bytes) @ 0x00000214536ff02c [0x00000214536fef40+0x00000000000000ec]
j  com.badlogic.gdx.backends.lwjgl3.Lwjgl3Window.update()Z+196
j  com.badlogic.gdx.backends.lwjgl3.Lwjgl3Application.loop()V+111
j  com.badlogic.gdx.backends.lwjgl3.Lwjgl3Application.<init>(Lcom/badlogic/gdx/ApplicationListener;Lcom/badlogic/gdx/backends/lwjgl3/Lwjgl3ApplicationConfiguration;)V+243
j  com.crazyputting3d.Main.main([Ljava/lang/String;)V+41
v  ~StubRoutines::call_stub

siginfo: EXCEPTION_ACCESS_VIOLATION (0xc0000005), data execution prevention violation at address 0x000002144b0f0000


Register to memory mapping:

RIP=0x000002144b0f0000 is an unknown value
RAX=0x000002144b0f0000 is an unknown value
RBX=0x0000000000010001 is an unknown value
RCX=0x0000000000010001 is an unknown value
RDX=0x0000002ac25fed30 is pointing into the stack for thread: 0x000002144b163430
RSP=0x0000002ac25fecf8 is pointing into the stack for thread: 0x000002144b163430
RBP=0x0000002ac25fee00 is pointing into the stack for thread: 0x000002144b163430
RSI=0x0000000000000110 is an unknown value
RDI=0x000000000000114e is an unknown value
R8 =0x000002146fb53ba0 points into unknown readable memory: 0x000002147a04b7f0 | f0 b7 04 7a 14 02 00 00
R9 =0x00007ffd9ef51b50 glfw.dll
R10=0x00007ffdb18b1b10 lwjgl.dll
R11=0x0000002ac25ff168 is pointing into the stack for thread: 0x000002144b163430
R12=0x0 is NULL
R13=0x0000002ac25ff268 is pointing into the stack for thread: 0x000002144b163430
R14=0x0000002ac25ff1c0 is pointing into the stack for thread: 0x000002144b163430
R15=0x000002144b163430 is a thread


Registers:
RAX=0x000002144b0f0000, RBX=0x0000000000010001, RCX=0x0000000000010001, RDX=0x0000002ac25fed30
RSP=0x0000002ac25fecf8, RBP=0x0000002ac25fee00, RSI=0x0000000000000110, RDI=0x000000000000114e
R8 =0x000002146fb53ba0, R9 =0x00007ffd9ef51b50, R10=0x00007ffdb18b1b10, R11=0x0000002ac25ff168
R12=0x0000000000000000, R13=0x0000002ac25ff268, R14=0x0000002ac25ff1c0, R15=0x000002144b163430
RIP=0x000002144b0f0000, EFLAGS=0x0000000000010206

Top of Stack: (sp=0x0000002ac25fecf8)
0x0000002ac25fecf8:   00007ffd9ef51f7c 000000070b54e5e0
0x0000002ac25fed08:   0000140600000002 0000000700000014
0x0000002ac25fed18:   438c000041700000 000000070b42e838
0x0000002ac25fed28:   0000021453598afc 57464c4720656854
0x0000002ac25fed38:   7972617262696c20 20746f6e20736920
0x0000002ac25fed48:   696c616974696e69 0000002a0064657a
0x0000002ac25fed58:   00007ffd831e5e62 000002144b163430
0x0000002ac25fed68:   0000000000000000 00000000000001cc
0x0000002ac25fed78:   0000000000000000 0000000000000000
0x0000002ac25fed88:   000000006e7020f4 000002144b1636d8
0x0000002ac25fed98:   00007ffd831e5481 000000070b4439d0
0x0000002ac25feda8:   000002145a830e85 0000000200000003
0x0000002ac25fedb8:   000000070b42e858 000000070b442480
0x0000002ac25fedc8:   000000070b442c80 0000000700000000
0x0000002ac25fedd8:   000000070b54e5e0 0000000000000002
0x0000002ac25fede8:   00007ffd22939d0a 0000002ac25ff180 

Instructions: (pc=0x000002144b0f0000)
0x000002144b0eff00:   ?? ?? ?? ?? ?? ?? ?? ?? ?? ?? ?? ?? ?? ?? ?? ??
0x000002144b0eff10:   ?? ?? ?? ?? ?? ?? ?? ?? ?? ?? ?? ?? ?? ?? ?? ??
0x000002144b0eff20:   ?? ?? ?? ?? ?? ?? ?? ?? ?? ?? ?? ?? ?? ?? ?? ??
0x000002144b0eff30:   ?? ?? ?? ?? ?? ?? ?? ?? ?? ?? ?? ?? ?? ?? ?? ??
0x000002144b0eff40:   ?? ?? ?? ?? ?? ?? ?? ?? ?? ?? ?? ?? ?? ?? ?? ??
0x000002144b0eff50:   ?? ?? ?? ?? ?? ?? ?? ?? ?? ?? ?? ?? ?? ?? ?? ??
0x000002144b0eff60:   ?? ?? ?? ?? ?? ?? ?? ?? ?? ?? ?? ?? ?? ?? ?? ??
0x000002144b0eff70:   ?? ?? ?? ?? ?? ?? ?? ?? ?? ?? ?? ?? ?? ?? ?? ??
0x000002144b0eff80:   ?? ?? ?? ?? ?? ?? ?? ?? ?? ?? ?? ?? ?? ?? ?? ??
0x000002144b0eff90:   ?? ?? ?? ?? ?? ?? ?? ?? ?? ?? ?? ?? ?? ?? ?? ??
0x000002144b0effa0:   ?? ?? ?? ?? ?? ?? ?? ?? ?? ?? ?? ?? ?? ?? ?? ??
0x000002144b0effb0:   ?? ?? ?? ?? ?? ?? ?? ?? ?? ?? ?? ?? ?? ?? ?? ??
0x000002144b0effc0:   ?? ?? ?? ?? ?? ?? ?? ?? ?? ?? ?? ?? ?? ?? ?? ??
0x000002144b0effd0:   ?? ?? ?? ?? ?? ?? ?? ?? ?? ?? ?? ?? ?? ?? ?? ??
0x000002144b0effe0:   ?? ?? ?? ?? ?? ?? ?? ?? ?? ?? ?? ?? ?? ?? ?? ??
0x000002144b0efff0:   ?? ?? ?? ?? ?? ?? ?? ?? ?? ?? ?? ?? ?? ?? ?? ??
0x000002144b0f0000:   ?? ?? ?? ?? ?? ?? ?? ?? ?? ?? ?? ?? ?? ?? ?? ??
0x000002144b0f0010:   ?? ?? ?? ?? ?? ?? ?? ?? ?? ?? ?? ?? ?? ?? ?? ??
0x000002144b0f0020:   ?? ?? ?? ?? ?? ?? ?? ?? ?? ?? ?? ?? ?? ?? ?? ??
0x000002144b0f0030:   ?? ?? ?? ?? ?? ?? ?? ?? ?? ?? ?? ?? ?? ?? ?? ??
0x000002144b0f0040:   ?? ?? ?? ?? ?? ?? ?? ?? ?? ?? ?? ?? ?? ?? ?? ??
0x000002144b0f0050:   ?? ?? ?? ?? ?? ?? ?? ?? ?? ?? ?? ?? ?? ?? ?? ??
0x000002144b0f0060:   ?? ?? ?? ?? ?? ?? ?? ?? ?? ?? ?? ?? ?? ?? ?? ??
0x000002144b0f0070:   ?? ?? ?? ?? ?? ?? ?? ?? ?? ?? ?? ?? ?? ?? ?? ??
0x000002144b0f0080:   ?? ?? ?? ?? ?? ?? ?? ?? ?? ?? ?? ?? ?? ?? ?? ??
0x000002144b0f0090:   ?? ?? ?? ?? ?? ?? ?? ?? ?? ?? ?? ?? ?? ?? ?? ??
0x000002144b0f00a0:   ?? ?? ?? ?? ?? ?? ?? ?? ?? ?? ?? ?? ?? ?? ?? ??
0x000002144b0f00b0:   ?? ?? ?? ?? ?? ?? ?? ?? ?? ?? ?? ?? ?? ?? ?? ??
0x000002144b0f00c0:   ?? ?? ?? ?? ?? ?? ?? ?? ?? ?? ?? ?? ?? ?? ?? ??
0x000002144b0f00d0:   ?? ?? ?? ?? ?? ?? ?? ?? ?? ?? ?? ?? ?? ?? ?? ??
0x000002144b0f00e0:   ?? ?? ?? ?? ?? ?? ?? ?? ?? ?? ?? ?? ?? ?? ?? ??
0x000002144b0f00f0:   ?? ?? ?? ?? ?? ?? ?? ?? ?? ?? ?? ?? ?? ?? ?? ?? 


Stack slot to memory mapping:
stack at sp + 0 slots: 0x00007ffd9ef51f7c glfw.dll
stack at sp + 1 slots: 0x000000070b54e5e0 is an oop: com.badlogic.gdx.backends.lwjgl3.Lwjgl3GL20 
{0x000000070b54e5e0} - klass: 'com/badlogic/gdx/backends/lwjgl3/Lwjgl3GL20'
 - ---- fields (total size 3 words):
 - private 'buffer' 'Ljava/nio/ByteBuffer;' @12  a 'java/nio/DirectByteBuffer'{0x000000070b54e5f8} (e16a9cbf)
 - private 'floatBuffer' 'Ljava/nio/FloatBuffer;' @16  a 'java/nio/DirectFloatBufferU'{0x000000070b54fe10} (e16a9fc2)
 - private 'intBuffer' 'Ljava/nio/IntBuffer;' @20  a 'java/nio/DirectIntBufferU'{0x000000070b54fe48} (e16a9fc9)
stack at sp + 2 slots: 0x0000140600000002 is an unknown value
stack at sp + 3 slots: 0x0000000700000014 is an unknown value
stack at sp + 4 slots: 0x438c000041700000 is an unknown value
stack at sp + 5 slots: 0x000000070b42e838 is an oop: com.badlogic.gdx.graphics.Mesh 
{0x000000070b42e838} - klass: 'com/badlogic/gdx/graphics/Mesh'
 - ---- fields (total size 4 words):
 - 'autoBind' 'Z' @12  true
 - final 'isVertexArray' 'Z' @13  true
 - 'isInstanced' 'Z' @14  false
 - final 'vertices' 'Lcom/badlogic/gdx/graphics/glutils/VertexData;' @16  a 'com/badlogic/gdx/graphics/glutils/VertexArray'{0x000000070b42e858} (e1685d0b)
 - final 'indices' 'Lcom/badlogic/gdx/graphics/glutils/IndexData;' @20  a 'com/badlogic/gdx/graphics/glutils/IndexArray'{0x000000070b42ea28} (e1685d45)
 - 'instances' 'Lcom/badlogic/gdx/graphics/glutils/InstanceData;' @24  NULL (0)
 - private final 'tmpV' 'Lcom/badlogic/gdx/math/Vector3;' @28  a 'com/badlogic/gdx/math/Vector3'{0x000000070b42eab8} (e1685d57)
stack at sp + 6 slots: 0x0000021453598afc is at entry_point+2172 in (nmethod*)0x0000021453597f10
stack at sp + 7 slots: 0x57464c4720656854 is an unknown value


---------------  P R O C E S S  ---------------

Threads class SMR info:
_java_thread_list=0x000002140030e490, length=26, elements={
0x000002144b163430, 0x000002146e71c830, 0x000002146e71e4b0, 0x000002146e733280,
0x000002146e733c30, 0x000002146e7347f0, 0x000002146e7361e0, 0x000002146e73c1f0,
0x000002146e746810, 0x000002146f108070, 0x000002146f214d20, 0x000002146f21f270,
0x000002146f24f220, 0x000002146f24ed50, 0x000002146f24e880, 0x00000214727d5af0,
0x000002146f24f6f0, 0x000002146f250560, 0x000002146f250090, 0x000002146f24dee0,
0x000002146f250a30, 0x000002146f2518a0, 0x000002146f24e3b0, 0x000002146f24fbc0,
0x000002147e8418d0, 0x000002147e841da0
}

Java Threads: ( => current thread )
=>0x000002144b163430 JavaThread "main" [_thread_in_native, id=22544, stack(0x0000002ac2500000,0x0000002ac2600000)]
  0x000002146e71c830 JavaThread "Reference Handler" daemon [_thread_blocked, id=25076, stack(0x0000002ac2c00000,0x0000002ac2d00000)]
  0x000002146e71e4b0 JavaThread "Finalizer" daemon [_thread_blocked, id=16768, stack(0x0000002ac2d00000,0x0000002ac2e00000)]
  0x000002146e733280 JavaThread "Signal Dispatcher" daemon [_thread_blocked, id=11612, stack(0x0000002ac2e00000,0x0000002ac2f00000)]
  0x000002146e733c30 JavaThread "Attach Listener" daemon [_thread_blocked, id=20804, stack(0x0000002ac2f00000,0x0000002ac3000000)]
  0x000002146e7347f0 JavaThread "Service Thread" daemon [_thread_blocked, id=26564, stack(0x0000002ac3000000,0x0000002ac3100000)]
  0x000002146e7361e0 JavaThread "Monitor Deflation Thread" daemon [_thread_blocked, id=20864, stack(0x0000002ac3100000,0x0000002ac3200000)]
  0x000002146e73c1f0 JavaThread "C2 CompilerThread0" daemon [_thread_blocked, id=24840, stack(0x0000002ac3200000,0x0000002ac3300000)]
  0x000002146e746810 JavaThread "C1 CompilerThread0" daemon [_thread_blocked, id=13016, stack(0x0000002ac3300000,0x0000002ac3400000)]
  0x000002146f108070 JavaThread "Sweeper thread" daemon [_thread_blocked, id=13908, stack(0x0000002ac3400000,0x0000002ac3500000)]
  0x000002146f214d20 JavaThread "C1 CompilerThread1" daemon [_thread_blocked, id=27444, stack(0x0000002ac3500000,0x0000002ac3600000)]
  0x000002146f21f270 JavaThread "C1 CompilerThread2" daemon [_thread_blocked, id=3060, stack(0x0000002ac3600000,0x0000002ac3700000)]
  0x000002146f24f220 JavaThread "Notification Thread" daemon [_thread_blocked, id=17548, stack(0x0000002ac3700000,0x0000002ac3800000)]
  0x000002146f24ed50 JavaThread "Common-Cleaner" daemon [_thread_blocked, id=8276, stack(0x0000002ac3900000,0x0000002ac3a00000)]
  0x000002146f24e880 JavaThread "LWJGL3 Timer" daemon [_thread_blocked, id=22412, stack(0x0000002ac4900000,0x0000002ac4a00000)]
  0x00000214727d5af0 JavaThread "C1 CompilerThread3" daemon [_thread_blocked, id=22008, stack(0x0000002ac4e00000,0x0000002ac4f00000)]
  0x000002146f24f6f0 JavaThread "LWJGL3 Timer" daemon [_thread_blocked, id=19412, stack(0x0000002ac5200000,0x0000002ac5300000)]
  0x000002146f250560 JavaThread "Java Sound Event Dispatcher" daemon [_thread_blocked, id=26180, stack(0x0000002ac5c00000,0x0000002ac5d00000)]
  0x000002146f250090 JavaThread "Direct Clip" daemon [_thread_blocked, id=23096, stack(0x0000002ac5f00000,0x0000002ac6000000)]
  0x000002146f24dee0 JavaThread "Direct Clip" daemon [_thread_blocked, id=1280, stack(0x0000002ac5000000,0x0000002ac5100000)]
  0x000002146f250a30 JavaThread "Direct Clip" daemon [_thread_blocked, id=26832, stack(0x0000002ac4f00000,0x0000002ac5000000)]
  0x000002146f2518a0 JavaThread "Direct Clip" daemon [_thread_blocked, id=17432, stack(0x0000002ac5100000,0x0000002ac5200000)]
  0x000002146f24e3b0 JavaThread "Direct Clip" daemon [_thread_blocked, id=24220, stack(0x0000002ac5400000,0x0000002ac5500000)]
  0x000002146f24fbc0 JavaThread "Direct Clip" daemon [_thread_blocked, id=22064, stack(0x0000002ac5300000,0x0000002ac5400000)]
  0x000002147e8418d0 JavaThread "Direct Clip" daemon [_thread_blocked, id=7568, stack(0x0000002ac6100000,0x0000002ac6200000)]
  0x000002147e841da0 JavaThread "Direct Clip" daemon [_thread_blocked, id=7480, stack(0x0000002ac6300000,0x0000002ac6400000)]

Other Threads:
  0x000002146e713450 VMThread "VM Thread" [stack: 0x0000002ac2b00000,0x0000002ac2c00000] [id=10508]
  0x000002144b1dc240 WatcherThread [stack: 0x0000002ac3800000,0x0000002ac3900000] [id=2376]
  0x000002144b1bbb70 GCTaskThread "GC Thread#0" [stack: 0x0000002ac2600000,0x0000002ac2700000] [id=17632]
  0x0000021472585280 GCTaskThread "GC Thread#1" [stack: 0x0000002ac4300000,0x0000002ac4400000] [id=9752]
  0x0000021472586550 GCTaskThread "GC Thread#2" [stack: 0x0000002ac4400000,0x0000002ac4500000] [id=26144]
  0x00000214725857e0 GCTaskThread "GC Thread#3" [stack: 0x0000002ac4500000,0x0000002ac4600000] [id=17536]
  0x0000021472588030 GCTaskThread "GC Thread#4" [stack: 0x0000002ac4600000,0x0000002ac4700000] [id=23508]
  0x0000021472585a90 GCTaskThread "GC Thread#5" [stack: 0x0000002ac4700000,0x0000002ac4800000] [id=2648]
  0x0000021472587570 GCTaskThread "GC Thread#6" [stack: 0x0000002ac4800000,0x0000002ac4900000] [id=19168]
  0x000002147e772620 GCTaskThread "GC Thread#7" [stack: 0x0000002ac5500000,0x0000002ac5600000] [id=19892]
  0x000002144b1cc0b0 ConcurrentGCThread "G1 Main Marker" [stack: 0x0000002ac2700000,0x0000002ac2800000] [id=24952]
  0x000002144b1ce270 ConcurrentGCThread "G1 Conc#0" [stack: 0x0000002ac2800000,0x0000002ac2900000] [id=8188]
  0x000002146e5b24c0 ConcurrentGCThread "G1 Refine#0" [stack: 0x0000002ac2900000,0x0000002ac2a00000] [id=11692]
  0x00000214018aaae0 ConcurrentGCThread "G1 Refine#1" [stack: 0x0000002ac5600000,0x0000002ac5700000] [id=21328]
  0x00000214018f6040 ConcurrentGCThread "G1 Refine#2" [stack: 0x0000002ac5700000,0x0000002ac5800000] [id=23516]
  0x000002140056cf50 ConcurrentGCThread "G1 Refine#3" [stack: 0x0000002ac5800000,0x0000002ac5900000] [id=22844]
  0x000002140182f8f0 ConcurrentGCThread "G1 Refine#4" [stack: 0x0000002ac5900000,0x0000002ac5a00000] [id=7576]
  0x000002146e5b2de0 ConcurrentGCThread "G1 Service" [stack: 0x0000002ac2a00000,0x0000002ac2b00000] [id=4616]

Threads with active compile tasks:

VM state: not at safepoint (normal execution)

VM Mutex/Monitor currently owned by a thread: None

Heap address: 0x000000070a000000, size: 3936 MB, Compressed Oops mode: Zero based, Oop shift amount: 3

CDS archive(s) mapped at: [0x0000000800000000-0x0000000800bc0000-0x0000000800bc0000), size 12320768, SharedBaseAddress: 0x0000000800000000, ArchiveRelocationMode: 0.
Compressed class space mapped at: 0x0000000800c00000-0x0000000840c00000, reserved size: 1073741824
Narrow klass base: 0x0000000800000000, Narrow klass shift: 0, Narrow klass range: 0x100000000

GC Precious Log:
 CPUs: 16 total, 16 available
 Memory: 15741M
 Large Page Support: Disabled
 NUMA Support: Disabled
 Compressed Oops: Enabled (Zero based)
 Heap Region Size: 2M
 Heap Min Capacity: 8M
 Heap Initial Capacity: 246M
 Heap Max Capacity: 3936M
 Pre-touch: Disabled
 Parallel Workers: 13
 Concurrent Workers: 3
 Concurrent Refinement Workers: 13
 Periodic GC: Disabled

Heap:
 garbage-first heap   total 251904K, used 127043K [0x000000070a000000, 0x0000000800000000)
  region size 2048K, 28 young (57344K), 1 survivors (2048K)
 Metaspace       used 10354K, committed 10432K, reserved 1064960K
  class space    used 729K, committed 768K, reserved 1048576K

Heap Regions: E=young(eden), S=young(survivor), O=old, HS=humongous(starts), HC=humongous(continues), CS=collection set, F=free, OA=open archive, CA=closed archive, TAMS=top-at-mark-start (previous, next)
|   0|0x000000070a000000, 0x000000070a200000, 0x000000070a200000|100%|HS|  |TAMS 0x000000070a000000, 0x000000070a000000| Complete 
|   1|0x000000070a200000, 0x000000070a400000, 0x000000070a400000|100%|HS|  |TAMS 0x000000070a200000, 0x000000070a200000| Complete 
|   2|0x000000070a400000, 0x000000070a600000, 0x000000070a600000|100%|HS|  |TAMS 0x000000070a400000, 0x000000070a400000| Complete 
|   3|0x000000070a600000, 0x000000070a800000, 0x000000070a800000|100%|HS|  |TAMS 0x000000070a600000, 0x000000070a600000| Complete 
|   4|0x000000070a800000, 0x000000070aa00000, 0x000000070aa00000|100%|HS|  |TAMS 0x000000070a800000, 0x000000070a800000| Complete 
|   5|0x000000070aa00000, 0x000000070ac00000, 0x000000070ac00000|100%| O|  |TAMS 0x000000070aa00000, 0x000000070aa00000| Untracked 
|   6|0x000000070ac00000, 0x000000070ae00000, 0x000000070ae00000|100%| O|  |TAMS 0x000000070ac00000, 0x000000070ac00000| Untracked 
|   7|0x000000070ae00000, 0x000000070b000000, 0x000000070b000000|100%| O|  |TAMS 0x000000070ae00000, 0x000000070ae00000| Untracked 
|   8|0x000000070b000000, 0x000000070b200000, 0x000000070b200000|100%| O|  |TAMS 0x000000070b000000, 0x000000070b000000| Untracked 
|   9|0x000000070b200000, 0x000000070b400000, 0x000000070b400000|100%| O|  |TAMS 0x000000070b200000, 0x000000070b200000| Untracked 
|  10|0x000000070b400000, 0x000000070b600000, 0x000000070b600000|100%| O|  |TAMS 0x000000070b400000, 0x000000070b400000| Untracked 
|  11|0x000000070b600000, 0x000000070b800000, 0x000000070b800000|100%|HS|  |TAMS 0x000000070b600000, 0x000000070b600000| Complete 
|  12|0x000000070b800000, 0x000000070ba00000, 0x000000070ba00000|100%| O|  |TAMS 0x000000070b800000, 0x000000070b800000| Untracked 
|  13|0x000000070ba00000, 0x000000070bc00000, 0x000000070bc00000|100%| O|  |TAMS 0x000000070ba00000, 0x000000070ba00000| Untracked 
|  14|0x000000070bc00000, 0x000000070bcadc00, 0x000000070be00000| 33%| O|  |TAMS 0x000000070bc00000, 0x000000070bc00000| Untracked 
|  15|0x000000070be00000, 0x000000070c000000, 0x000000070c000000|100%|HS|  |TAMS 0x000000070be00000, 0x000000070be00000| Complete 
|  16|0x000000070c000000, 0x000000070c200000, 0x000000070c200000|100%|HS|  |TAMS 0x000000070c000000, 0x000000070c000000| Complete 
|  17|0x000000070c200000, 0x000000070c400000, 0x000000070c400000|100%|HS|  |TAMS 0x000000070c200000, 0x000000070c200000| Complete 
|  18|0x000000070c400000, 0x000000070c600000, 0x000000070c600000|100%|HS|  |TAMS 0x000000070c400000, 0x000000070c400000| Complete 
|  19|0x000000070c600000, 0x000000070c800000, 0x000000070c800000|100%|HS|  |TAMS 0x000000070c600000, 0x000000070c600000| Complete 
|  20|0x000000070c800000, 0x000000070ca00000, 0x000000070ca00000|100%|HS|  |TAMS 0x000000070c800000, 0x000000070c800000| Complete 
|  21|0x000000070ca00000, 0x000000070cc00000, 0x000000070cc00000|100%|HS|  |TAMS 0x000000070ca00000, 0x000000070ca00000| Complete 
|  22|0x000000070cc00000, 0x000000070ce00000, 0x000000070ce00000|100%|HS|  |TAMS 0x000000070cc00000, 0x000000070cc00000| Complete 
|  23|0x000000070ce00000, 0x000000070d000000, 0x000000070d000000|100%|HS|  |TAMS 0x000000070ce00000, 0x000000070ce00000| Complete 
|  24|0x000000070d000000, 0x000000070d200000, 0x000000070d200000|100%|HS|  |TAMS 0x000000070d000000, 0x000000070d000000| Complete 
|  25|0x000000070d200000, 0x000000070d400000, 0x000000070d400000|100%|HS|  |TAMS 0x000000070d200000, 0x000000070d200000| Complete 
|  26|0x000000070d400000, 0x000000070d600000, 0x000000070d600000|100%|HS|  |TAMS 0x000000070d400000, 0x000000070d400000| Complete 
|  27|0x000000070d600000, 0x000000070d800000, 0x000000070d800000|100%|HS|  |TAMS 0x000000070d600000, 0x000000070d600000| Complete 
|  28|0x000000070d800000, 0x000000070da00000, 0x000000070da00000|100%|HS|  |TAMS 0x000000070d800000, 0x000000070d800000| Complete 
|  29|0x000000070da00000, 0x000000070dc00000, 0x000000070dc00000|100%|HS|  |TAMS 0x000000070da00000, 0x000000070da00000| Complete 
|  30|0x000000070dc00000, 0x000000070de00000, 0x000000070de00000|100%|HS|  |TAMS 0x000000070dc00000, 0x000000070dc00000| Complete 
|  31|0x000000070de00000, 0x000000070e000000, 0x000000070e000000|100%|HS|  |TAMS 0x000000070de00000, 0x000000070de00000| Complete 
|  32|0x000000070e000000, 0x000000070e200000, 0x000000070e200000|100%|HS|  |TAMS 0x000000070e000000, 0x000000070e000000| Complete 
|  33|0x000000070e200000, 0x000000070e400000, 0x000000070e400000|100%|HS|  |TAMS 0x000000070e200000, 0x000000070e200000| Complete 
|  34|0x000000070e400000, 0x000000070e600000, 0x000000070e600000|100%|HS|  |TAMS 0x000000070e400000, 0x000000070e400000| Complete 
|  35|0x000000070e600000, 0x000000070e800000, 0x000000070e800000|100%|HS|  |TAMS 0x000000070e600000, 0x000000070e600000| Complete 
|  36|0x000000070e800000, 0x000000070e800000, 0x000000070ea00000|  0%| F|  |TAMS 0x000000070e800000, 0x000000070e800000| Untracked 
|  37|0x000000070ea00000, 0x000000070ea00000, 0x000000070ec00000|  0%| F|  |TAMS 0x000000070ea00000, 0x000000070ea00000| Untracked 
|  38|0x000000070ec00000, 0x000000070ec00000, 0x000000070ee00000|  0%| F|  |TAMS 0x000000070ec00000, 0x000000070ec00000| Untracked 
|  39|0x000000070ee00000, 0x000000070ee00000, 0x000000070f000000|  0%| F|  |TAMS 0x000000070ee00000, 0x000000070ee00000| Untracked 
|  40|0x000000070f000000, 0x000000070f000000, 0x000000070f200000|  0%| F|  |TAMS 0x000000070f000000, 0x000000070f000000| Untracked 
|  41|0x000000070f200000, 0x000000070f200000, 0x000000070f400000|  0%| F|  |TAMS 0x000000070f200000, 0x000000070f200000| Untracked 
|  42|0x000000070f400000, 0x000000070f400000, 0x000000070f600000|  0%| F|  |TAMS 0x000000070f400000, 0x000000070f400000| Untracked 
|  43|0x000000070f600000, 0x000000070f600000, 0x000000070f800000|  0%| F|  |TAMS 0x000000070f600000, 0x000000070f600000| Untracked 
|  44|0x000000070f800000, 0x000000070f800000, 0x000000070fa00000|  0%| F|  |TAMS 0x000000070f800000, 0x000000070f800000| Untracked 
|  45|0x000000070fa00000, 0x000000070fa00000, 0x000000070fc00000|  0%| F|  |TAMS 0x000000070fa00000, 0x000000070fa00000| Untracked 
|  46|0x000000070fc00000, 0x000000070fc00000, 0x000000070fe00000|  0%| F|  |TAMS 0x000000070fc00000, 0x000000070fc00000| Untracked 
|  47|0x000000070fe00000, 0x000000070fe00000, 0x0000000710000000|  0%| F|  |TAMS 0x000000070fe00000, 0x000000070fe00000| Untracked 
|  48|0x0000000710000000, 0x0000000710000000, 0x0000000710200000|  0%| F|  |TAMS 0x0000000710000000, 0x0000000710000000| Untracked 
|  49|0x0000000710200000, 0x0000000710200000, 0x0000000710400000|  0%| F|  |TAMS 0x0000000710200000, 0x0000000710200000| Untracked 
|  50|0x0000000710400000, 0x0000000710400000, 0x0000000710600000|  0%| F|  |TAMS 0x0000000710400000, 0x0000000710400000| Untracked 
|  51|0x0000000710600000, 0x0000000710600000, 0x0000000710800000|  0%| F|  |TAMS 0x0000000710600000, 0x0000000710600000| Untracked 
|  52|0x0000000710800000, 0x0000000710800000, 0x0000000710a00000|  0%| F|  |TAMS 0x0000000710800000, 0x0000000710800000| Untracked 
|  53|0x0000000710a00000, 0x0000000710a00000, 0x0000000710c00000|  0%| F|  |TAMS 0x0000000710a00000, 0x0000000710a00000| Untracked 
|  54|0x0000000710c00000, 0x0000000710c00000, 0x0000000710e00000|  0%| F|  |TAMS 0x0000000710c00000, 0x0000000710c00000| Untracked 
|  55|0x0000000710e00000, 0x0000000710e00000, 0x0000000711000000|  0%| F|  |TAMS 0x0000000710e00000, 0x0000000710e00000| Untracked 
|  56|0x0000000711000000, 0x0000000711000000, 0x0000000711200000|  0%| F|  |TAMS 0x0000000711000000, 0x0000000711000000| Untracked 
|  57|0x0000000711200000, 0x0000000711200000, 0x0000000711400000|  0%| F|  |TAMS 0x0000000711200000, 0x0000000711200000| Untracked 
|  58|0x0000000711400000, 0x0000000711400000, 0x0000000711600000|  0%| F|  |TAMS 0x0000000711400000, 0x0000000711400000| Untracked 
|  59|0x0000000711600000, 0x0000000711600000, 0x0000000711800000|  0%| F|  |TAMS 0x0000000711600000, 0x0000000711600000| Untracked 
|  60|0x0000000711800000, 0x0000000711800000, 0x0000000711a00000|  0%| F|  |TAMS 0x0000000711800000, 0x0000000711800000| Untracked 
|  61|0x0000000711a00000, 0x0000000711a00000, 0x0000000711c00000|  0%| F|  |TAMS 0x0000000711a00000, 0x0000000711a00000| Untracked 
|  62|0x0000000711c00000, 0x0000000711c00000, 0x0000000711e00000|  0%| F|  |TAMS 0x0000000711c00000, 0x0000000711c00000| Untracked 
|  63|0x0000000711e00000, 0x0000000711e00000, 0x0000000712000000|  0%| F|  |TAMS 0x0000000711e00000, 0x0000000711e00000| Untracked 
|  64|0x0000000712000000, 0x0000000712000000, 0x0000000712200000|  0%| F|  |TAMS 0x0000000712000000, 0x0000000712000000| Untracked 
|  65|0x0000000712200000, 0x0000000712200000, 0x0000000712400000|  0%| F|  |TAMS 0x0000000712200000, 0x0000000712200000| Untracked 
|  66|0x0000000712400000, 0x0000000712400000, 0x0000000712600000|  0%| F|  |TAMS 0x0000000712400000, 0x0000000712400000| Untracked 
|  67|0x0000000712600000, 0x0000000712600000, 0x0000000712800000|  0%| F|  |TAMS 0x0000000712600000, 0x0000000712600000| Untracked 
|  68|0x0000000712800000, 0x0000000712800000, 0x0000000712a00000|  0%| F|  |TAMS 0x0000000712800000, 0x0000000712800000| Untracked 
|  69|0x0000000712a00000, 0x0000000712a00000, 0x0000000712c00000|  0%| F|  |TAMS 0x0000000712a00000, 0x0000000712a00000| Untracked 
|  70|0x0000000712c00000, 0x0000000712c00000, 0x0000000712e00000|  0%| F|  |TAMS 0x0000000712c00000, 0x0000000712c00000| Untracked 
|  71|0x0000000712e00000, 0x0000000712e00000, 0x0000000713000000|  0%| F|  |TAMS 0x0000000712e00000, 0x0000000712e00000| Untracked 
|  72|0x0000000713000000, 0x0000000713000000, 0x0000000713200000|  0%| F|  |TAMS 0x0000000713000000, 0x0000000713000000| Untracked 
|  73|0x0000000713200000, 0x0000000713200000, 0x0000000713400000|  0%| F|  |TAMS 0x0000000713200000, 0x0000000713200000| Untracked 
|  74|0x0000000713400000, 0x0000000713400000, 0x0000000713600000|  0%| F|  |TAMS 0x0000000713400000, 0x0000000713400000| Untracked 
|  75|0x0000000713600000, 0x0000000713600000, 0x0000000713800000|  0%| F|  |TAMS 0x0000000713600000, 0x0000000713600000| Untracked 
|  76|0x0000000713800000, 0x0000000713800000, 0x0000000713a00000|  0%| F|  |TAMS 0x0000000713800000, 0x0000000713800000| Untracked 
|  77|0x0000000713a00000, 0x0000000713a00000, 0x0000000713c00000|  0%| F|  |TAMS 0x0000000713a00000, 0x0000000713a00000| Untracked 
|  78|0x0000000713c00000, 0x0000000713c00000, 0x0000000713e00000|  0%| F|  |TAMS 0x0000000713c00000, 0x0000000713c00000| Untracked 
|  79|0x0000000713e00000, 0x0000000713e00000, 0x0000000714000000|  0%| F|  |TAMS 0x0000000713e00000, 0x0000000713e00000| Untracked 
|  80|0x0000000714000000, 0x0000000714000000, 0x0000000714200000|  0%| F|  |TAMS 0x0000000714000000, 0x0000000714000000| Untracked 
|  81|0x0000000714200000, 0x0000000714200000, 0x0000000714400000|  0%| F|  |TAMS 0x0000000714200000, 0x0000000714200000| Untracked 
|  82|0x0000000714400000, 0x0000000714400000, 0x0000000714600000|  0%| F|  |TAMS 0x0000000714400000, 0x0000000714400000| Untracked 
|  83|0x0000000714600000, 0x0000000714600000, 0x0000000714800000|  0%| F|  |TAMS 0x0000000714600000, 0x0000000714600000| Untracked 
|  84|0x0000000714800000, 0x0000000714800000, 0x0000000714a00000|  0%| F|  |TAMS 0x0000000714800000, 0x0000000714800000| Untracked 
|  85|0x0000000714a00000, 0x0000000714a00000, 0x0000000714c00000|  0%| F|  |TAMS 0x0000000714a00000, 0x0000000714a00000| Untracked 
|  86|0x0000000714c00000, 0x0000000714c00000, 0x0000000714e00000|  0%| F|  |TAMS 0x0000000714c00000, 0x0000000714c00000| Untracked 
|  87|0x0000000714e00000, 0x0000000714e00000, 0x0000000715000000|  0%| F|  |TAMS 0x0000000714e00000, 0x0000000714e00000| Untracked 
|  88|0x0000000715000000, 0x0000000715000000, 0x0000000715200000|  0%| F|  |TAMS 0x0000000715000000, 0x0000000715000000| Untracked 
|  89|0x0000000715200000, 0x0000000715200000, 0x0000000715400000|  0%| F|  |TAMS 0x0000000715200000, 0x0000000715200000| Untracked 
|  90|0x0000000715400000, 0x0000000715400000, 0x0000000715600000|  0%| F|  |TAMS 0x0000000715400000, 0x0000000715400000| Untracked 
|  91|0x0000000715600000, 0x0000000715600000, 0x0000000715800000|  0%| F|  |TAMS 0x0000000715600000, 0x0000000715600000| Untracked 
|  92|0x0000000715800000, 0x0000000715800000, 0x0000000715a00000|  0%| F|  |TAMS 0x0000000715800000, 0x0000000715800000| Untracked 
|  93|0x0000000715a00000, 0x0000000715a00000, 0x0000000715c00000|  0%| F|  |TAMS 0x0000000715a00000, 0x0000000715a00000| Untracked 
|  94|0x0000000715c00000, 0x0000000715c00000, 0x0000000715e00000|  0%| F|  |TAMS 0x0000000715c00000, 0x0000000715c00000| Untracked 
|  95|0x0000000715e00000, 0x0000000716000000, 0x0000000716000000|100%| E|  |TAMS 0x0000000715e00000, 0x0000000715e00000| Complete 
|  96|0x0000000716000000, 0x0000000716200000, 0x0000000716200000|100%| E|CS|TAMS 0x0000000716000000, 0x0000000716000000| Complete 
|  97|0x0000000716200000, 0x0000000716400000, 0x0000000716400000|100%| E|CS|TAMS 0x0000000716200000, 0x0000000716200000| Complete 
|  98|0x0000000716400000, 0x0000000716600000, 0x0000000716600000|100%| E|CS|TAMS 0x0000000716400000, 0x0000000716400000| Complete 
|  99|0x0000000716600000, 0x0000000716800000, 0x0000000716800000|100%| E|CS|TAMS 0x0000000716600000, 0x0000000716600000| Complete 
| 100|0x0000000716800000, 0x0000000716a00000, 0x0000000716a00000|100%| E|CS|TAMS 0x0000000716800000, 0x0000000716800000| Complete 
| 101|0x0000000716a00000, 0x0000000716c00000, 0x0000000716c00000|100%| E|CS|TAMS 0x0000000716a00000, 0x0000000716a00000| Complete 
| 102|0x0000000716c00000, 0x0000000716e00000, 0x0000000716e00000|100%| E|CS|TAMS 0x0000000716c00000, 0x0000000716c00000| Complete 
| 103|0x0000000716e00000, 0x0000000717000000, 0x0000000717000000|100%| E|CS|TAMS 0x0000000716e00000, 0x0000000716e00000| Complete 
| 104|0x0000000717000000, 0x0000000717200000, 0x0000000717200000|100%| E|CS|TAMS 0x0000000717000000, 0x0000000717000000| Complete 
| 105|0x0000000717200000, 0x0000000717400000, 0x0000000717400000|100%| E|CS|TAMS 0x0000000717200000, 0x0000000717200000| Complete 
| 106|0x0000000717400000, 0x0000000717600000, 0x0000000717600000|100%| E|CS|TAMS 0x0000000717400000, 0x0000000717400000| Complete 
| 107|0x0000000717600000, 0x0000000717800000, 0x0000000717800000|100%| E|CS|TAMS 0x0000000717600000, 0x0000000717600000| Complete 
| 108|0x0000000717800000, 0x0000000717a00000, 0x0000000717a00000|100%| E|CS|TAMS 0x0000000717800000, 0x0000000717800000| Complete 
| 109|0x0000000717a00000, 0x0000000717c00000, 0x0000000717c00000|100%| E|CS|TAMS 0x0000000717a00000, 0x0000000717a00000| Complete 
| 110|0x0000000717c00000, 0x0000000717e00000, 0x0000000717e00000|100%| E|CS|TAMS 0x0000000717c00000, 0x0000000717c00000| Complete 
| 111|0x0000000717e00000, 0x0000000718000000, 0x0000000718000000|100%| E|CS|TAMS 0x0000000717e00000, 0x0000000717e00000| Complete 
| 112|0x0000000718000000, 0x0000000718200000, 0x0000000718200000|100%| E|CS|TAMS 0x0000000718000000, 0x0000000718000000| Complete 
| 113|0x0000000718200000, 0x0000000718400000, 0x0000000718400000|100%| E|CS|TAMS 0x0000000718200000, 0x0000000718200000| Complete 
| 114|0x0000000718400000, 0x0000000718600000, 0x0000000718600000|100%| E|CS|TAMS 0x0000000718400000, 0x0000000718400000| Complete 
| 115|0x0000000718600000, 0x0000000718800000, 0x0000000718800000|100%| E|CS|TAMS 0x0000000718600000, 0x0000000718600000| Complete 
| 116|0x0000000718800000, 0x0000000718a00000, 0x0000000718a00000|100%| E|CS|TAMS 0x0000000718800000, 0x0000000718800000| Complete 
| 117|0x0000000718a00000, 0x0000000718c00000, 0x0000000718c00000|100%| E|CS|TAMS 0x0000000718a00000, 0x0000000718a00000| Complete 
| 118|0x0000000718c00000, 0x0000000718e00000, 0x0000000718e00000|100%| E|CS|TAMS 0x0000000718c00000, 0x0000000718c00000| Complete 
| 119|0x0000000718e00000, 0x0000000718f63150, 0x0000000719000000| 69%| S|CS|TAMS 0x0000000718e00000, 0x0000000718e00000| Complete 
| 120|0x0000000719000000, 0x0000000719200000, 0x0000000719200000|100%| E|CS|TAMS 0x0000000719000000, 0x0000000719000000| Complete 
| 121|0x0000000719200000, 0x0000000719400000, 0x0000000719400000|100%| E|CS|TAMS 0x0000000719200000, 0x0000000719200000| Complete 
| 122|0x0000000719400000, 0x0000000719600000, 0x0000000719600000|100%| E|CS|TAMS 0x0000000719400000, 0x0000000719400000| Complete 

Card table byte_map: [0x0000021462c60000,0x0000021463410000] _byte_map_base: 0x000002145f410000

Marking Bits (Prev, Next): (CMBitMap*) 0x000002144b1bc180, (CMBitMap*) 0x000002144b1bc1c0
 Prev Bits: [0x0000021463bc0000, 0x0000021467940000)
 Next Bits: [0x0000021467940000, 0x000002146b6c0000)

Polling page: 0x000002144a940000

Metaspace:

Usage:
  Non-class:      9.40 MB used.
      Class:    729.11 KB used.
       Both:     10.11 MB used.

Virtual space:
  Non-class space:       16.00 MB reserved,       9.44 MB ( 59%) committed,  2 nodes.
      Class space:        1.00 GB reserved,     768.00 KB ( <1%) committed,  1 nodes.
             Both:        1.02 GB reserved,      10.19 MB ( <1%) committed. 

Chunk freelists:
   Non-Class:  640.00 KB
       Class:  3.19 MB
        Both:  3.81 MB

MaxMetaspaceSize: unlimited
CompressedClassSpaceSize: 1.00 GB
Initial GC threshold: 21.00 MB
Current GC threshold: 21.00 MB
CDS: on
MetaspaceReclaimPolicy: balanced
 - commit_granule_bytes: 65536.
 - commit_granule_words: 8192.
 - virtual_space_node_default_size: 1048576.
 - enlarge_chunks_in_place: 1.
 - new_chunks_are_fully_committed: 0.
 - uncommit_free_chunks: 1.
 - use_allocation_guard: 0.
 - handle_deallocations: 1.


Internal statistics:

num_allocs_failed_limit: 0.
num_arena_births: 44.
num_arena_deaths: 0.
num_vsnodes_births: 3.
num_vsnodes_deaths: 0.
num_space_committed: 161.
num_space_uncommitted: 0.
num_chunks_returned_to_freelist: 0.
num_chunks_taken_from_freelist: 322.
num_chunk_merges: 0.
num_chunk_splits: 274.
num_chunks_enlarged: 250.
num_purges: 0.
num_inconsistent_stats: 0.

CodeHeap 'non-profiled nmethods': size=119168Kb used=1553Kb max_used=1553Kb free=117614Kb
 bounds [0x000002145a7d0000, 0x000002145aa40000, 0x0000021461c30000]
CodeHeap 'profiled nmethods': size=119104Kb used=4138Kb max_used=4138Kb free=114966Kb
 bounds [0x0000021453380000, 0x0000021453790000, 0x000002145a7d0000]
CodeHeap 'non-nmethods': size=7488Kb used=3350Kb max_used=3401Kb free=4137Kb
 bounds [0x0000021452c30000, 0x0000021452f90000, 0x0000021453380000]
 total_blobs=3398 nmethods=2287 adapters=1021
 compilation: enabled
              stopped_count=0, restarted_count=0
 full_count=0

Compilation events (20 events):
Event: 10.019 Thread 0x00000214727d5af0 2286       3       com.badlogic.gdx.graphics.g3d.ModelBatch::end (24 bytes)
Event: 10.019 Thread 0x000002146e746810 2287       3       com.badlogic.gdx.graphics.g3d.utils.DefaultRenderableSorter::sort (11 bytes)
Event: 10.019 Thread 0x000002146e746810 nmethod 2287 0x0000021453778090 code [0x0000021453778240, 0x0000021453778488]
Event: 10.019 Thread 0x00000214727d5af0 nmethod 2286 0x0000021453778590 code [0x0000021453778740, 0x0000021453778938]
Event: 10.019 Thread 0x000002146f214d20 nmethod 2284 0x0000021453778a10 code [0x0000021453778d00, 0x0000021453779d08]
Event: 10.019 Thread 0x000002146f21f270 nmethod 2285 0x000002145377a390 code [0x000002145377a7a0, 0x000002145377bc38]
Event: 10.026 Thread 0x000002146e746810 2289       3       com.crazyputting3d.UI.game3d::renderBall (400 bytes)
Event: 10.026 Thread 0x000002146f214d20 2288       3       com.badlogic.gdx.graphics.g3d.utils.RenderContext::end (80 bytes)
Event: 10.026 Thread 0x000002146f21f270 2290       3       com.crazyputting3d.UI.game3d::renderStick1 (199 bytes)
Event: 10.026 Thread 0x000002146f214d20 nmethod 2288 0x000002145377c710 code [0x000002145377c980, 0x000002145377d288]
Event: 10.027 Thread 0x000002146f21f270 nmethod 2290 0x000002145377d690 code [0x000002145377dac0, 0x000002145377f8d8]
Event: 10.027 Thread 0x000002146e746810 nmethod 2289 0x0000021453780390 code [0x0000021453780860, 0x0000021453782578]
Event: 10.034 Thread 0x000002146f21f270 2291       3       com.crazyputting3d.UI.game3d::update (1149 bytes)
Event: 10.035 Thread 0x00000214727d5af0 2292       3       com.badlogic.gdx.graphics.g3d.utils.FirstPersonCameraController::update (368 bytes)
Event: 10.035 Thread 0x000002146f214d20 2293       3       com.badlogic.gdx.graphics.g3d.ModelBatch::begin (37 bytes)
Event: 10.035 Thread 0x000002146f214d20 nmethod 2293 0x0000021453783110 code [0x00000214537832e0, 0x00000214537835d8]
Event: 10.036 Thread 0x00000214727d5af0 nmethod 2292 0x0000021453783710 code [0x0000021453783bc0, 0x0000021453785708]
Event: 10.036 Thread 0x000002146f21f270 nmethod 2291 0x0000021453786410 code [0x0000021453786a20, 0x0000021453789b28]
Event: 10.243 Thread 0x000002146e73c1f0 2294       4       com.badlogic.gdx.graphics.g2d.SpriteBatch::draw (165 bytes)
Event: 10.246 Thread 0x000002146e73c1f0 nmethod 2294 0x000002145a953d90 code [0x000002145a953f60, 0x000002145a954368]

GC Heap History (6 events):
Event: 0.954 GC heap before
{Heap before GC invocations=0 (full 0):
 garbage-first heap   total 251904K, used 22528K [0x000000070a000000, 0x0000000800000000)
  region size 2048K, 11 young (22528K), 0 survivors (0K)
 Metaspace       used 7057K, committed 7232K, reserved 1064960K
  class space    used 427K, committed 512K, reserved 1048576K
}
Event: 0.956 GC heap after
{Heap after GC invocations=1 (full 0):
 garbage-first heap   total 251904K, used 2630K [0x000000070a000000, 0x0000000800000000)
  region size 2048K, 2 young (4096K), 2 survivors (4096K)
 Metaspace       used 7057K, committed 7232K, reserved 1064960K
  class space    used 427K, committed 512K, reserved 1048576K
}
Event: 5.669 GC heap before
{Heap before GC invocations=1 (full 0):
 garbage-first heap   total 251904K, used 49734K [0x000000070a000000, 0x0000000800000000)
  region size 2048K, 20 young (40960K), 2 survivors (4096K)
 Metaspace       used 9819K, committed 9920K, reserved 1064960K
  class space    used 678K, committed 704K, reserved 1048576K
}
Event: 5.679 GC heap after
{Heap after GC invocations=2 (full 0):
 garbage-first heap   total 251904K, used 24712K [0x000000070a000000, 0x0000000800000000)
  region size 2048K, 3 young (6144K), 3 survivors (6144K)
 Metaspace       used 9819K, committed 9920K, reserved 1064960K
  class space    used 678K, committed 704K, reserved 1048576K
}
Event: 6.179 GC heap before
{Heap before GC invocations=2 (full 0):
 garbage-first heap   total 251904K, used 34952K [0x000000070a000000, 0x0000000800000000)
  region size 2048K, 6 young (12288K), 3 survivors (6144K)
 Metaspace       used 10205K, committed 10304K, reserved 1064960K
  class space    used 727K, committed 768K, reserved 1048576K
}
Event: 6.185 GC heap after
{Heap after GC invocations=3 (full 0):
 garbage-first heap   total 251904K, used 30787K [0x000000070a000000, 0x0000000800000000)
  region size 2048K, 1 young (2048K), 1 survivors (2048K)
 Metaspace       used 10205K, committed 10304K, reserved 1064960K
  class space    used 727K, committed 768K, reserved 1048576K
}

Deoptimization events (20 events):
Event: 6.524 Thread 0x000002144b163430 Uncommon trap: trap_request=0xffffff45 fr.pc=0x000002145a8ca3c0 relative=0x0000000000000040
Event: 6.524 Thread 0x000002144b163430 Uncommon trap: reason=unstable_if action=reinterpret pc=0x000002145a8ca3c0 method=java.lang.Long.numberOfTrailingZeros(J)I @ 4 c2
Event: 6.524 Thread 0x000002144b163430 DEOPT PACKING pc=0x000002145a8ca3c0 sp=0x0000002ac25fe860
Event: 6.524 Thread 0x000002144b163430 DEOPT UNPACKING pc=0x0000021452c823a3 sp=0x0000002ac25fe7f8 mode 2
Event: 7.160 Thread 0x000002144b163430 Uncommon trap: trap_request=0xffffff45 fr.pc=0x000002145a8ddc40 relative=0x0000000000002100
Event: 7.160 Thread 0x000002144b163430 Uncommon trap: reason=unstable_if action=reinterpret pc=0x000002145a8ddc40 method=com.badlogic.gdx.utils.TimSort.mergeHi(IIII)V @ 269 c2
Event: 7.161 Thread 0x000002144b163430 DEOPT PACKING pc=0x000002145a8ddc40 sp=0x0000002ac25feb00
Event: 7.161 Thread 0x000002144b163430 DEOPT UNPACKING pc=0x0000021452c823a3 sp=0x0000002ac25feb10 mode 2
Event: 7.202 Thread 0x000002144b163430 DEOPT PACKING pc=0x0000021453736c91 sp=0x0000002ac25feb00
Event: 7.202 Thread 0x000002144b163430 DEOPT UNPACKING pc=0x0000021452c82b43 sp=0x0000002ac25fdff8 mode 0
Event: 7.235 Thread 0x000002144b163430 DEOPT PACKING pc=0x0000021453736c91 sp=0x0000002ac25feb00
Event: 7.235 Thread 0x000002144b163430 DEOPT UNPACKING pc=0x0000021452c82b43 sp=0x0000002ac25fdff8 mode 0
Event: 7.269 Thread 0x000002144b163430 DEOPT PACKING pc=0x0000021453736c91 sp=0x0000002ac25feb00
Event: 7.269 Thread 0x000002144b163430 DEOPT UNPACKING pc=0x0000021452c82b43 sp=0x0000002ac25fdff8 mode 0
Event: 7.301 Thread 0x000002144b163430 DEOPT PACKING pc=0x0000021453736c91 sp=0x0000002ac25feb00
Event: 7.301 Thread 0x000002144b163430 DEOPT UNPACKING pc=0x0000021452c82b43 sp=0x0000002ac25fdff8 mode 0
Event: 7.335 Thread 0x000002144b163430 DEOPT PACKING pc=0x0000021453736c91 sp=0x0000002ac25feb00
Event: 7.335 Thread 0x000002144b163430 DEOPT UNPACKING pc=0x0000021452c82b43 sp=0x0000002ac25fdff8 mode 0
Event: 7.385 Thread 0x000002144b163430 DEOPT PACKING pc=0x0000021453736c91 sp=0x0000002ac25feb00
Event: 7.385 Thread 0x000002144b163430 DEOPT UNPACKING pc=0x0000021452c82b43 sp=0x0000002ac25fdff8 mode 0

Classes unloaded (0 events):
No events

Classes redefined (0 events):
No events

Internal exceptions (20 events):
Event: 0.174 Thread 0x000002144b163430 Exception <a 'java/lang/NoSuchMethodError'{0x0000000718e3e940}: 'void java.lang.invoke.DirectMethodHandle$Holder.invokeStatic(java.lang.Object, java.lang.Object)'> (0x0000000718e3e940) 
thrown [e:\jenkins\tmp\workspace\build\src\src\hotspot\share\interpreter\linkResolver.cpp, line 766]
Event: 0.175 Thread 0x000002144b163430 Exception <a 'java/lang/NoSuchMethodError'{0x0000000718e44188}: 'void java.lang.invoke.DirectMethodHandle$Holder.invokeSpecial(java.lang.Object, java.lang.Object, java.lang.Object)'> (0x0000000718e44188) 
thrown [e:\jenkins\tmp\workspace\build\src\src\hotspot\share\interpreter\linkResolver.cpp, line 766]
Event: 0.177 Thread 0x000002144b163430 Exception <a 'java/lang/NoSuchMethodError'{0x0000000718e57510}: 'java.lang.Object java.lang.invoke.DirectMethodHandle$Holder.invokeStatic(java.lang.Object, java.lang.Object, int)'> (0x0000000718e57510) 
thrown [e:\jenkins\tmp\workspace\build\src\src\hotspot\share\interpreter\linkResolver.cpp, line 766]
Event: 0.179 Thread 0x000002144b163430 Exception <a 'java/lang/NoSuchMethodError'{0x0000000718e63280}: 'void java.lang.invoke.DelegatingMethodHandle$Holder.delegate(java.lang.Object, java.lang.Object, int, java.lang.Object)'> (0x0000000718e63280) 
thrown [e:\jenkins\tmp\workspace\build\src\src\hotspot\share\interpreter\linkResolver.cpp, line 766]
Event: 0.179 Thread 0x000002144b163430 Exception <a 'java/lang/NoSuchMethodError'{0x0000000718e674c0}: 'int java.lang.invoke.DirectMethodHandle$Holder.invokeSpecial(java.lang.Object, java.lang.Object, java.lang.Object)'> (0x0000000718e674c0) 
thrown [e:\jenkins\tmp\workspace\build\src\src\hotspot\share\interpreter\linkResolver.cpp, line 766]
Event: 0.206 Thread 0x000002144b163430 Exception <a 'sun/nio/fs/WindowsException'{0x0000000718f0e200}> (0x0000000718f0e200) 
thrown [e:\jenkins\tmp\workspace\build\src\src\hotspot\share\prims\jni.cpp, line 516]
Event: 0.206 Thread 0x000002144b163430 Exception <a 'sun/nio/fs/WindowsException'{0x0000000718f0e758}> (0x0000000718f0e758) 
thrown [e:\jenkins\tmp\workspace\build\src\src\hotspot\share\prims\jni.cpp, line 516]
Event: 0.226 Thread 0x000002144b163430 Exception <a 'sun/nio/fs/WindowsException'{0x0000000718ffc638}> (0x0000000718ffc638) 
thrown [e:\jenkins\tmp\workspace\build\src\src\hotspot\share\prims\jni.cpp, line 516]
Event: 0.226 Thread 0x000002144b163430 Exception <a 'sun/nio/fs/WindowsException'{0x0000000718ffc9d8}> (0x0000000718ffc9d8) 
thrown [e:\jenkins\tmp\workspace\build\src\src\hotspot\share\prims\jni.cpp, line 516]
Event: 0.244 Thread 0x000002144b163430 Exception <a 'sun/nio/fs/WindowsException'{0x0000000718cab068}> (0x0000000718cab068) 
thrown [e:\jenkins\tmp\workspace\build\src\src\hotspot\share\prims\jni.cpp, line 516]
Event: 0.244 Thread 0x000002144b163430 Exception <a 'sun/nio/fs/WindowsException'{0x0000000718cab3d8}> (0x0000000718cab3d8) 
thrown [e:\jenkins\tmp\workspace\build\src\src\hotspot\share\prims\jni.cpp, line 516]
Event: 0.281 Thread 0x000002144b163430 Exception <a 'sun/nio/fs/WindowsException'{0x0000000718d30410}> (0x0000000718d30410) 
thrown [e:\jenkins\tmp\workspace\build\src\src\hotspot\share\prims\jni.cpp, line 516]
Event: 0.281 Thread 0x000002144b163430 Exception <a 'sun/nio/fs/WindowsException'{0x0000000718d30798}> (0x0000000718d30798) 
thrown [e:\jenkins\tmp\workspace\build\src\src\hotspot\share\prims\jni.cpp, line 516]
Event: 0.694 Thread 0x000002144b163430 Exception <a 'sun/nio/fs/WindowsException'{0x0000000718b12350}> (0x0000000718b12350) 
thrown [e:\jenkins\tmp\workspace\build\src\src\hotspot\share\prims\jni.cpp, line 516]
Event: 0.694 Thread 0x000002144b163430 Exception <a 'sun/nio/fs/WindowsException'{0x0000000718b12700}> (0x0000000718b12700) 
thrown [e:\jenkins\tmp\workspace\build\src\src\hotspot\share\prims\jni.cpp, line 516]
Event: 0.697 Thread 0x000002144b163430 Exception <a 'sun/nio/fs/WindowsException'{0x0000000718b1e988}> (0x0000000718b1e988) 
thrown [e:\jenkins\tmp\workspace\build\src\src\hotspot\share\prims\jni.cpp, line 516]
Event: 0.698 Thread 0x000002144b163430 Exception <a 'sun/nio/fs/WindowsException'{0x0000000718b1ec70}> (0x0000000718b1ec70) 
thrown [e:\jenkins\tmp\workspace\build\src\src\hotspot\share\prims\jni.cpp, line 516]
Event: 4.986 Thread 0x000002144b163430 Implicit null exception at 0x000002145a83cdb0 to 0x000002145a83cf88
Event: 5.000 Thread 0x000002144b163430 Implicit null exception at 0x000002145a8482bf to 0x000002145a84839c
Event: 5.712 Thread 0x000002146f24fbc0 Implicit null exception at 0x000002145a83e95f to 0x000002145a83ea1c

VM Operations (20 events):
Event: 4.924 Executing VM operation: HandshakeAllThreads
Event: 4.924 Executing VM operation: HandshakeAllThreads done
Event: 4.924 Executing VM operation: HandshakeAllThreads
Event: 4.924 Executing VM operation: HandshakeAllThreads done
Event: 5.668 Executing VM operation: G1CollectForAllocation
Event: 5.679 Executing VM operation: G1CollectForAllocation done
Event: 6.179 Executing VM operation: G1CollectForAllocation
Event: 6.185 Executing VM operation: G1CollectForAllocation done
Event: 7.024 Executing VM operation: ICBufferFull
Event: 7.024 Executing VM operation: ICBufferFull done
Event: 7.709 Executing VM operation: ICBufferFull
Event: 7.709 Executing VM operation: ICBufferFull done
Event: 8.391 Executing VM operation: ICBufferFull
Event: 8.391 Executing VM operation: ICBufferFull done
Event: 9.059 Executing VM operation: ICBufferFull
Event: 9.059 Executing VM operation: ICBufferFull done
Event: 9.725 Executing VM operation: ICBufferFull
Event: 9.725 Executing VM operation: ICBufferFull done
Event: 10.394 Executing VM operation: ICBufferFull
Event: 10.394 Executing VM operation: ICBufferFull done

Events (20 events):
Event: 6.636 Thread 0x000002146f2518a0 Thread exited: 0x000002146f2518a0
Event: 6.692 Thread 0x0000021479bccda0 Thread exited: 0x0000021479bccda0
Event: 6.733 Thread 0x000002146f24fbc0 Thread added: 0x000002146f24fbc0
Event: 6.735 Thread 0x000002146f250a30 Thread added: 0x000002146f250a30
Event: 6.936 Thread 0x000002146f24fbc0 Thread exited: 0x000002146f24fbc0
Event: 6.966 Thread 0x000002146f250f00 Thread added: 0x000002146f250f00
Event: 6.969 Thread 0x000002146f2518a0 Thread added: 0x000002146f2518a0
Event: 7.149 Thread 0x000002146f24fbc0 Thread added: 0x000002146f24fbc0
Event: 7.152 Thread 0x000002146f24e3b0 Thread added: 0x000002146f24e3b0
Event: 7.169 Thread 0x000002146f250f00 Thread exited: 0x000002146f250f00
Event: 7.350 Thread 0x000002146f250f00 Thread added: 0x000002146f250f00
Event: 7.354 Thread 0x000002146f24fbc0 Thread exited: 0x000002146f24fbc0
Event: 7.356 Thread 0x000002146f24fbc0 Thread added: 0x000002146f24fbc0
Event: 7.556 Thread 0x000002146f250f00 Thread exited: 0x000002146f250f00
Event: 7.717 Thread 0x000002146f250f00 Thread added: 0x000002146f250f00
Event: 7.720 Thread 0x000002147e8418d0 Thread added: 0x000002147e8418d0
Event: 7.884 Thread 0x000002147e842740 Thread added: 0x000002147e842740
Event: 7.887 Thread 0x000002147e841da0 Thread added: 0x000002147e841da0
Event: 7.921 Thread 0x000002146f250f00 Thread exited: 0x000002146f250f00
Event: 8.087 Thread 0x000002147e842740 Thread exited: 0x000002147e842740


Dynamic libraries:
0x00007ff7d8a20000 - 0x00007ff7d8a2e000 	C:\Program Files\Eclipse Adoptium\jdk-17.0.1.12-hotspot\bin\java.exe
0x00007ffdc5cd0000 - 0x00007ffdc5ec5000 	C:\Windows\SYSTEM32\ntdll.dll
0x00007ffdc4060000 - 0x00007ffdc411d000 	C:\Windows\System32\KERNEL32.DLL
0x00007ffdc3720000 - 0x00007ffdc39ed000 	C:\Windows\System32\KERNELBASE.dll
0x00007ffdc33b0000 - 0x00007ffdc34b0000 	C:\Windows\System32\ucrtbase.dll
0x00007ffdbd460000 - 0x00007ffdbd479000 	C:\Program Files\Eclipse Adoptium\jdk-17.0.1.12-hotspot\bin\VCRUNTIME140.dll
0x00007ffdb6650000 - 0x00007ffdb6668000 	C:\Program Files\Eclipse Adoptium\jdk-17.0.1.12-hotspot\bin\jli.dll
0x00007ffdc5530000 - 0x00007ffdc56d0000 	C:\Windows\System32\USER32.dll
0x00007ffdc3c20000 - 0x00007ffdc3c42000 	C:\Windows\System32\win32u.dll
0x00007ffdad620000 - 0x00007ffdad8ba000 	C:\Windows\WinSxS\amd64_microsoft.windows.common-controls_6595b64144ccf1df_6.0.19041.1110_none_60b5254171f9507e\COMCTL32.dll
0x00007ffdc5bd0000 - 0x00007ffdc5bfa000 	C:\Windows\System32\GDI32.dll
0x00007ffdc5190000 - 0x00007ffdc522e000 	C:\Windows\System32\msvcrt.dll
0x00007ffdc3610000 - 0x00007ffdc371b000 	C:\Windows\System32\gdi32full.dll
0x00007ffdc39f0000 - 0x00007ffdc3a8d000 	C:\Windows\System32\msvcp_win.dll
0x00007ffdc4eb0000 - 0x00007ffdc4ee0000 	C:\Windows\System32\IMM32.DLL
0x00007ffdbede0000 - 0x00007ffdbedec000 	C:\Program Files\Eclipse Adoptium\jdk-17.0.1.12-hotspot\bin\vcruntime140_1.dll
0x00007ffdb1940000 - 0x00007ffdb19d1000 	C:\Program Files\Eclipse Adoptium\jdk-17.0.1.12-hotspot\bin\msvcp140.dll
0x00007ffd82e10000 - 0x00007ffd83a56000 	C:\Program Files\Eclipse Adoptium\jdk-17.0.1.12-hotspot\bin\server\jvm.dll
0x00007ffdc3fb0000 - 0x00007ffdc405e000 	C:\Windows\System32\ADVAPI32.dll
0x00007ffdc3e80000 - 0x00007ffdc3f1c000 	C:\Windows\System32\sechost.dll
0x00007ffdc3d50000 - 0x00007ffdc3e75000 	C:\Windows\System32\RPCRT4.dll
0x00007ffdc4ee0000 - 0x00007ffdc4ee8000 	C:\Windows\System32\PSAPI.DLL
0x00007ffdb8890000 - 0x00007ffdb88b7000 	C:\Windows\SYSTEM32\WINMM.dll
0x00007ffda5c00000 - 0x00007ffda5c09000 	C:\Windows\SYSTEM32\WSOCK32.dll
0x00007ffdbc260000 - 0x00007ffdbc26a000 	C:\Windows\SYSTEM32\VERSION.dll
0x00007ffdc52e0000 - 0x00007ffdc534b000 	C:\Windows\System32\WS2_32.dll
0x00007ffdc1c40000 - 0x00007ffdc1c52000 	C:\Windows\SYSTEM32\kernel.appcore.dll
0x00007ffdbee30000 - 0x00007ffdbee3a000 	C:\Program Files\Eclipse Adoptium\jdk-17.0.1.12-hotspot\bin\jimage.dll
0x00007ffdc1a30000 - 0x00007ffdc1c14000 	C:\Windows\SYSTEM32\DBGHELP.DLL
0x00007ffdb8de0000 - 0x00007ffdb8e0c000 	C:\Windows\SYSTEM32\dbgcore.DLL
0x00007ffdc3a90000 - 0x00007ffdc3b12000 	C:\Windows\System32\bcryptPrimitives.dll
0x00007ffdb62b0000 - 0x00007ffdb62d5000 	C:\Program Files\Eclipse Adoptium\jdk-17.0.1.12-hotspot\bin\java.dll
0x00007ffd848b0000 - 0x00007ffd84986000 	C:\Program Files\Eclipse Adoptium\jdk-17.0.1.12-hotspot\bin\svml.dll
0x00007ffdc4120000 - 0x00007ffdc4864000 	C:\Windows\System32\SHELL32.dll
0x00007ffdc1150000 - 0x00007ffdc18e4000 	C:\Windows\SYSTEM32\windows.storage.dll
0x00007ffdc5870000 - 0x00007ffdc5bc4000 	C:\Windows\System32\combase.dll
0x00007ffdc2e10000 - 0x00007ffdc2e3c000 	C:\Windows\SYSTEM32\Wldp.dll
0x00007ffdc5230000 - 0x00007ffdc52dd000 	C:\Windows\System32\SHCORE.dll
0x00007ffdc3cf0000 - 0x00007ffdc3d45000 	C:\Windows\System32\shlwapi.dll
0x00007ffdc32f0000 - 0x00007ffdc330f000 	C:\Windows\SYSTEM32\profapi.dll
0x00007ffdb1920000 - 0x00007ffdb1939000 	C:\Program Files\Eclipse Adoptium\jdk-17.0.1.12-hotspot\bin\net.dll
0x00007ffdb4be0000 - 0x00007ffdb4cea000 	C:\Windows\SYSTEM32\WINHTTP.dll
0x00007ffdc2b70000 - 0x00007ffdc2bda000 	C:\Windows\system32\mswsock.dll
0x00007ffdab4e0000 - 0x00007ffdab4f5000 	C:\Program Files\Eclipse Adoptium\jdk-17.0.1.12-hotspot\bin\nio.dll
0x00007ffdaafa0000 - 0x00007ffdaafb8000 	C:\Program Files\Eclipse Adoptium\jdk-17.0.1.12-hotspot\bin\zip.dll
0x000000006e700000 - 0x000000006e72a000 	C:\Users\grado\AppData\Local\Temp\libgdxgrado\e1cd32f8\gdx64.dll
0x00007ffdb18b0000 - 0x00007ffdb1914000 	C:\Users\grado\AppData\Local\Temp\lwjglgrado\3.2.3-build-13\lwjgl.dll
0x00007ffd84490000 - 0x00007ffd846e3000 	C:\Users\grado\AppData\Local\Temp\lwjglgrado\3.2.3-build-13\jemalloc.dll
0x00007ffd9ef50000 - 0x00007ffd9efb2000 	C:\Users\grado\AppData\Local\Temp\lwjglgrado\3.2.3-build-13\glfw.dll
0x00007ffdc0870000 - 0x00007ffdc090e000 	C:\Windows\system32\uxtheme.dll
0x00007ffdaacb0000 - 0x00007ffdaacf5000 	C:\Windows\SYSTEM32\dinput8.dll
0x00007ffdb1890000 - 0x00007ffdb18a1000 	C:\Windows\SYSTEM32\xinput1_4.dll
0x00007ffdc3b20000 - 0x00007ffdc3b6e000 	C:\Windows\System32\cfgmgr32.dll
0x00007ffdc3160000 - 0x00007ffdc318c000 	C:\Windows\SYSTEM32\DEVOBJ.dll
0x00007ffdc0a00000 - 0x00007ffdc0a2f000 	C:\Windows\SYSTEM32\dwmapi.dll
0x00007ffda8c80000 - 0x00007ffda8dd2000 	C:\Windows\SYSTEM32\inputhost.dll
0x00007ffdc4d70000 - 0x00007ffdc4e3d000 	C:\Windows\System32\OLEAUT32.dll
0x00007ffdc0500000 - 0x00007ffdc05f2000 	C:\Windows\SYSTEM32\CoreMessaging.dll
0x00007ffdbe990000 - 0x00007ffdbea86000 	C:\Windows\SYSTEM32\PROPSYS.dll
0x00007ffdbfad0000 - 0x00007ffdbfc24000 	C:\Windows\SYSTEM32\wintypes.dll
0x00007ffdc01a0000 - 0x00007ffdc04fe000 	C:\Windows\SYSTEM32\CoreUIComponents.dll
0x00007ffdc20b0000 - 0x00007ffdc20e3000 	C:\Windows\SYSTEM32\ntmarta.dll
0x00007ffdc5750000 - 0x00007ffdc5865000 	C:\Windows\System32\MSCTF.dll
0x00007ffdc18f0000 - 0x00007ffdc18fd000 	C:\Windows\SYSTEM32\HID.DLL
0x00007ffdc4870000 - 0x00007ffdc4ce1000 	C:\Windows\System32\SETUPAPI.DLL
0x00007ffdc3c50000 - 0x00007ffdc3c77000 	C:\Windows\System32\bcrypt.dll
0x00007ffdc3c80000 - 0x00007ffdc3ce8000 	C:\Windows\System32\WINTRUST.dll
0x00007ffdc34b0000 - 0x00007ffdc3606000 	C:\Windows\System32\CRYPT32.dll
0x00007ffdc2fa0000 - 0x00007ffdc2fb2000 	C:\Windows\SYSTEM32\MSASN1.dll
0x00007ffd81e40000 - 0x00007ffd81f4b000 	C:\Users\grado\AppData\Local\Temp\lwjglgrado\3.2.3-build-13\OpenAL.dll
0x00007ffdc5400000 - 0x00007ffdc552a000 	C:\Windows\System32\ole32.dll
0x00007ffdc5350000 - 0x00007ffdc53f9000 	C:\Windows\System32\clbcatq.dll
0x00007ffdbb510000 - 0x00007ffdbb595000 	C:\Windows\System32\MMDevApi.dll
0x00007ffdbbda0000 - 0x00007ffdbbf22000 	C:\Windows\SYSTEM32\AUDIOSES.DLL
0x00007ffdc2930000 - 0x00007ffdc297b000 	C:\Windows\SYSTEM32\powrprof.dll
0x00007ffdc27f0000 - 0x00007ffdc2802000 	C:\Windows\SYSTEM32\UMPDC.dll
0x00007ffdc0a30000 - 0x00007ffdc0a44000 	C:\Windows\SYSTEM32\resourcepolicyclient.dll
0x00007ffd22910000 - 0x00007ffd22a36000 	C:\Windows\SYSTEM32\opengl32.dll
0x00007ffd228e0000 - 0x00007ffd2290c000 	C:\Windows\SYSTEM32\GLU32.dll
0x00007ffdbc2e0000 - 0x00007ffdbc3d7000 	C:\Windows\System32\AppXDeploymentClient.dll
0x00007ffdaa470000 - 0x00007ffdaa49a000 	C:\Windows\System32\DriverStore\FileRepository\u0361612.inf_amd64_b679e02f70413f9f\B361368\atig6pxx.dll
0x00007ffd7dc80000 - 0x00007ffd80966000 	C:\Windows\System32\DriverStore\FileRepository\u0361612.inf_amd64_b679e02f70413f9f\B361368\atio6axx.dll
0x00007ffd86690000 - 0x00007ffd866b4000 	C:\Windows\SYSTEM32\dxva2.dll
0x00007ffda3f10000 - 0x00007ffda3f4c000 	C:\Windows\System32\DriverStore\FileRepository\u0361612.inf_amd64_b679e02f70413f9f\B361368\atig6txx.dll
0x00007ffd7b9d0000 - 0x00007ffd7bb89000 	C:\Windows\SYSTEM32\atiadlxx.dll
0x00007ffdb9380000 - 0x00007ffdb93bb000 	C:\Windows\SYSTEM32\dxcore.dll
0x00007ffd8a500000 - 0x00007ffd8a559000 	C:\Users\grado\AppData\Local\Temp\lwjglgrado\3.2.3-build-13\lwjgl_opengl.dll
0x00007ffda93b0000 - 0x00007ffda94a9000 	C:\Windows\SYSTEM32\textinputframework.dll
0x00007ffdaaf80000 - 0x00007ffdaaf91000 	C:\Program Files\Eclipse Adoptium\jdk-17.0.1.12-hotspot\bin\jsound.dll
0x00007ffd843f0000 - 0x00007ffd8448c000 	C:\Windows\SYSTEM32\DSOUND.dll
0x00007ffdb3710000 - 0x00007ffdb3736000 	C:\Windows\SYSTEM32\winmmbase.dll
0x00007ffda9b00000 - 0x00007ffda9b46000 	C:\Windows\SYSTEM32\wdmaud.drv
0x00007ffdbde60000 - 0x00007ffdbde69000 	C:\Windows\SYSTEM32\ksuser.dll
0x00007ffdbd880000 - 0x00007ffdbd88a000 	C:\Windows\SYSTEM32\AVRT.dll
0x00007ffdbc5b0000 - 0x00007ffdbc5bd000 	C:\Windows\SYSTEM32\msacm32.drv
0x00007ffdbc630000 - 0x00007ffdbc64e000 	C:\Windows\SYSTEM32\MSACM32.dll
0x00007ffdb6730000 - 0x00007ffdb673b000 	C:\Windows\SYSTEM32\midimap.dll
0x00007ffda8de0000 - 0x00007ffda8f21000 	C:\Windows\System32\Windows.UI.dll
0x00007ffdbd350000 - 0x00007ffdbd3f1000 	C:\Windows\System32\WindowManagementAPI.dll
0x00007ffdbca10000 - 0x00007ffdbcc11000 	C:\Windows\SYSTEM32\twinapi.appcore.dll

dbghelp: loaded successfully - version: 4.0.5 - missing functions: none
symbol engine: initialized successfully - sym options: 0x614 - pdb path: .;C:\Program Files\Eclipse Adoptium\jdk-17.0.1.12-hotspot\bin;C:\Windows\SYSTEM32;C:\Windows\WinSxS\amd64_microsoft.windows.common-controls_6595b64144ccf1df_6.0.19041.1110_none_60b5254171f9507e;C:\Program Files\Eclipse Adoptium\jdk-17.0.1.12-hotspot\bin\server;C:\Users\grado\AppData\Local\Temp\libgdxgrado\e1cd32f8;C:\Users\grado\AppData\Local\Temp\lwjglgrado\3.2.3-build-13;C:\Windows\System32\DriverStore\FileRepository\u0361612.inf_amd64_b679e02f70413f9f\B361368

VM Arguments:
jvm_args: -XX:+ShowCodeDetailsInExceptionMessages 
java_command: com.crazyputting3d.Main
java_class_path (initial): C:\Users\grado\Documents\Group-04\3dcrazyputting\desktop\bin\main;\CrazyPutting3D-core\bin\default;C:\Users\grado\Documents\Group-04\3dcrazyputting\core\bin\main;C:\Users\grado\.gradle\caches\modules-2\files-2.1\com.badlogicgames.gdx\gdx-backend-lwjgl3\1.10.0\600c7d5b2c977daa82c4abad147087b31e0ada87\gdx-backend-lwjgl3-1.10.0.jar;C:\Users\grado\.gradle\caches\modules-2\files-2.1\com.badlogicgames.gdx\gdx-platform\1.10.0\9a8fa793d2fd6d360afc6c9e4c1f5583da263b88\gdx-platform-1.10.0-natives-desktop.jar;C:\Users\grado\.gradle\caches\modules-2\files-2.1\com.badlogicgames.gdx\gdx-bullet-platform\1.10.0\ce92e8dfc762523d769cbc50853163c03bf98cf1\gdx-bullet-platform-1.10.0-natives-desktop.jar;C:\Users\grado\.gradle\caches\modules-2\files-2.1\com.badlogicgames.gdx\gdx-freetype-platform\1.10.0\6e5d28752759e69384f12e4569d2c884ff71352f\gdx-freetype-platform-1.10.0-natives-desktop.jar;C:\Users\grado\.gradle\caches\modules-2\files-2.1\com.badlogicgames.gdx-controllers\gdx-controllers-desktop\2.2.1\cb3430c32468a090eca54d494d16bb3764ceff9b\gdx-controllers-desktop-2.2.1.jar;C:\Users\grado\.gradle\caches\modules-2\files-2.1\org.jetbrains\annotations\20.1.0\2fcd1f3225bca0c4a7bc931142076f8c1e80993f\annotations-20.1.0.jar;C:\Users\grado\.gradle\caches\modules-2\files-2.1\com.badlogicgames.gdx\gdx-bullet\1.10.0\839b58c7278f5c3b55291c3a559d91227400ecdb\gdx-bullet-1.10.0.jar;C:\Users\grado\.gradle\caches\modules-2\files-2.1\com.badlogicgames.gdx\gdx-freetype\1.10.0\de1d0d5c1e92e8d91364256fd6b7bb279d3e9859\gdx-freetype-1.10.0.jar;C:\Users\grado\.gradle\caches\modules-2\files-2.1\com.badlogicgames.gdx\gdx-ai\1.8.2\ab75d2ce80ab1b1ce6828a15dc0f417abac4c674\gdx-ai-1.8.2.jar;C:\Users\grado\.gradle\caches\modules-2\files-2.1\com.badlogicgames.ashley\ashley\1.7.4\21a3a8932919099c4e5006a7d8378dcbe76ef8a5\ashley-1.7.4.jar;C:\Users\grado\.gradle\caches\modules-2\files-2.1\com.badlogicgames.box2dlights\box2dlights\1.5\6902dbcd250c95a27973aa24a147a95b3828d348\box2dlights-1.5.j
Launcher Type: SUN_STANDARD

[Global flags]
     intx CICompilerCount                          = 12                                        {product} {ergonomic}
     uint ConcGCThreads                            = 3                                         {product} {ergonomic}
     uint G1ConcRefinementThreads                  = 13                                        {product} {ergonomic}
   size_t G1HeapRegionSize                         = 2097152                                   {product} {ergonomic}
    uintx GCDrainStackTargetSize                   = 64                                        {product} {ergonomic}
   size_t InitialHeapSize                          = 257949696                                 {product} {ergonomic}
   size_t MarkStackSize                            = 4194304                                   {product} {ergonomic}
   size_t MaxHeapSize                              = 4127195136                                {product} {ergonomic}
   size_t MaxNewSize                               = 2474639360                                {product} {ergonomic}
   size_t MinHeapDeltaBytes                        = 2097152                                   {product} {ergonomic}
   size_t MinHeapSize                              = 8388608                                   {product} {ergonomic}
    uintx NonNMethodCodeHeapSize                   = 7602480                                {pd product} {ergonomic}
    uintx NonProfiledCodeHeapSize                  = 122027880                              {pd product} {ergonomic}
    uintx ProfiledCodeHeapSize                     = 122027880                              {pd product} {ergonomic}
    uintx ReservedCodeCacheSize                    = 251658240                              {pd product} {ergonomic}
     bool SegmentedCodeCache                       = true                                      {product} {ergonomic}
     bool ShowCodeDetailsInExceptionMessages       = true                                   {manageable} {command line}
   size_t SoftMaxHeapSize                          = 4127195136                             {manageable} {ergonomic}
     bool UseCompressedClassPointers               = true                           {product lp64_product} {ergonomic}
     bool UseCompressedOops                        = true                           {product lp64_product} {ergonomic}
     bool UseG1GC                                  = true                                      {product} {ergonomic}
     bool UseLargePagesIndividualAllocation        = false                                  {pd product} {ergonomic}

Logging:
Log output configuration:
 #0: stdout all=warning uptime,level,tags
 #1: stderr all=off uptime,level,tags

Environment Variables:
PATH=C:\Program Files\Common Files\Oracle\Java\javapath;C:\Windows\system32;C:\Windows;C:\Windows\System32\Wbem;C:\Windows\System32\WindowsPowerShell\v1.0\;C:\Windows\System32\OpenSSH\;C:\Program Files (x86)\NVIDIA Corporation\PhysX\Common;C:\Program Files\NVIDIA Corporation\NVIDIA NvDLISR;C:\Program Files\MATLAB\R2022a\bin;C:\Program Files\Gradle\gradle-7.4.2\bin;C:\Program Files\Git\cmd;C:\Users\grado\AppData\Local\Microsoft\WindowsApps;C:\Users\grado\AppData\Local\Programs\Microsoft VS Code\bin;C:\Users\grado\AppData\Local\GitHubDesktop\bin
USERNAME=grado
LANG=en_US.UTF-8
OS=Windows_NT
PROCESSOR_IDENTIFIER=AMD64 Family 23 Model 96 Stepping 1, AuthenticAMD



---------------  S Y S T E M  ---------------

OS:
 Windows 10 , 64 bit Build 19041 (10.0.19041.1706)
OS uptime: 11 days 16:42 hours

CPU: total 16 (initial active 16) (16 cores per cpu, 2 threads per core) family 23 model 96 stepping 1 microcode 0x0, cx8, cmov, fxsr, ht, mmx, 3dnowpref, sse, sse2, sse3, ssse3, sse4a, sse4.1, sse4.2, popcnt, lzcnt, tsc, tscinvbit, avx, avx2, aes, clmul, bmi1, bmi2, adx, sha, fma, vzeroupper, clflush, clflushopt

Memory: 4k page, system-wide physical 15741M (3874M free)
TotalPageFile size 23690M (AvailPageFile size 3964M)
current process WorkingSet (physical memory assigned to process): 314M, peak: 385M
current process commit charge ("private bytes"): 574M, peak: 658M

vm_info: OpenJDK 64-Bit Server VM (17.0.1+12) for windows-amd64 JRE (17.0.1+12), built on Oct 20 2021 07:42:55 by "" with MS VC++ 16.7 (VS2019)

END.
