#
# A fatal error has been detected by the Java Runtime Environment:
#
#  EXCEPTION_ACCESS_VIOLATION (0xc0000005) at pc=0x00000250a4310000, pid=8328, tid=24780
#
# JRE version: OpenJDK Runtime Environment Temurin-17.0.1+12 (17.0.1+12) (build 17.0.1+12)
# Java VM: OpenJDK 64-Bit Server VM Temurin-17.0.1+12 (17.0.1+12, mixed mode, sharing, tiered, compressed oops, compressed class ptrs, g1 gc, windows-amd64)
# Problematic frame:
# C  0x00000250a4310000
#
# No core dump will be written. Minidumps are not enabled by default on client versions of Windows
#
# If you would like to submit a bug report, please visit:
#   https://github.com/adoptium/adoptium-support/issues
# The crash happened outside the Java Virtual Machine in native code.
# See problematic frame for where to report the bug.
#

---------------  S U M M A R Y ------------

Command Line: -XX:+ShowCodeDetailsInExceptionMessages com.crazyputting3d.Main

Host: AMD Ryzen 7 4800H with Radeon Graphics         , 16 cores, 15G,  Windows 10 , 64 bit Build 19041 (10.0.19041.1706)
Time: Wed Jun 15 13:07:39 2022 Central European Daylight Time elapsed time: 18.610273 seconds (0d 0h 0m 18s)

---------------  T H R E A D  ---------------

Current thread (0x00000250fec12f40):  JavaThread "main" [_thread_in_native, id=24780, stack(0x000000d5e6200000,0x000000d5e6300000)]

Stack: [0x000000d5e6200000,0x000000d5e6300000],  sp=0x000000d5e62fef38,  free space=1019k
Native frames: (J=compiled Java code, j=interpreted, Vv=VM code, C=native code)
C  0x00000250a4310000

Java frames: (J=compiled Java code, j=interpreted, Vv=VM code)
J 1250  org.lwjgl.system.JNI.invokePV(JJ)V (0 bytes) @ 0x0000025090a084ec [0x0000025090a084a0+0x000000000000004c]
J 2250 c1 org.lwjgl.glfw.GLFW.glfwSwapBuffers(J)V (21 bytes) @ 0x0000025089943eac [0x0000025089943dc0+0x00000000000000ec]
j  com.badlogic.gdx.backends.lwjgl3.Lwjgl3Window.update()Z+196
j  com.badlogic.gdx.backends.lwjgl3.Lwjgl3Application.loop()V+111
j  com.badlogic.gdx.backends.lwjgl3.Lwjgl3Application.<init>(Lcom/badlogic/gdx/ApplicationListener;Lcom/badlogic/gdx/backends/lwjgl3/Lwjgl3ApplicationConfiguration;)V+243
j  com.crazyputting3d.Main.main([Ljava/lang/String;)V+45
v  ~StubRoutines::call_stub

siginfo: EXCEPTION_ACCESS_VIOLATION (0xc0000005), data execution prevention violation at address 0x00000250a4310000


Register to memory mapping:

RIP=0x00000250a4310000 is an unknown value
RAX=0x00000250a4310000 is an unknown value
RBX=0x0000000000010001 is an unknown value
RCX=0x0000000000010001 is an unknown value
RDX=0x000000d5e62fef70 is pointing into the stack for thread: 0x00000250fec12f40
RSP=0x000000d5e62fef38 is pointing into the stack for thread: 0x00000250fec12f40
RBP=0x000000d5e62ff040 is pointing into the stack for thread: 0x00000250fec12f40
RSI=0x0000000000000110 is an unknown value
RDI=0x0000000000001054 is an unknown value
R8 =0x00000250a52968a0 points into unknown readable memory: 0x00000250aeaa8190 | 90 81 aa ae 50 02 00 00
R9 =0x00007ffd892d1b50 glfw.dll
R10=0x00007ffd932c1b10 lwjgl.dll
R11=0x000000d5e62ff3a8 is pointing into the stack for thread: 0x00000250fec12f40
R12=0x0 is NULL
R13=0x000000d5e62ff4a8 is pointing into the stack for thread: 0x00000250fec12f40
R14=0x000000d5e62ff400 is pointing into the stack for thread: 0x00000250fec12f40
R15=0x00000250fec12f40 is a thread


Registers:
RAX=0x00000250a4310000, RBX=0x0000000000010001, RCX=0x0000000000010001, RDX=0x000000d5e62fef70
RSP=0x000000d5e62fef38, RBP=0x000000d5e62ff040, RSI=0x0000000000000110, RDI=0x0000000000001054
R8 =0x00000250a52968a0, R9 =0x00007ffd892d1b50, R10=0x00007ffd932c1b10, R11=0x000000d5e62ff3a8
R12=0x0000000000000000, R13=0x000000d5e62ff4a8, R14=0x000000d5e62ff400, R15=0x00000250fec12f40
RIP=0x00000250a4310000, EFLAGS=0x0000000000010206

Top of Stack: (sp=0x000000d5e62fef38)
0x000000d5e62fef38:   00007ffd892d1f7c 0000000200000000
0x000000d5e62fef48:   000000070a001070 000000070d10a828
0x000000d5e62fef58:   0000140600000002 000000070d10b298
0x000000d5e62fef68:   00000250896dac04 57464c4720656854
0x000000d5e62fef78:   7972617262696c20 20746f6e20736920
0x000000d5e62fef88:   696c616974696e69 000000d50064657a
0x000000d5e62fef98:   00000250897499e4 000000d5e62ff078
0x000000d5e62fefa8:   00007ffd3d605e62 000000d5e62ff3c8
0x000000d5e62fefb8:   00000250896dac04 000000070d11f6b8
0x000000d5e62fefc8:   000000070a001070 0000000000000038
0x000000d5e62fefd8:   000000006e7020f4 00000250fec131e8
0x000000d5e62fefe8:   00007ffd3d605481 000000070d10b298
0x000000d5e62feff8:   000002508972627c 0000000200000003
0x000000d5e62ff008:   000000070d11eed0 000000070d11ef10
0x000000d5e62ff018:   000000070d704db8 0000000700000013
0x000000d5e62ff028:   000000070d10a828 0000000000000002 

Instructions: (pc=0x00000250a4310000)
0x00000250a430ff00:   ?? ?? ?? ?? ?? ?? ?? ?? ?? ?? ?? ?? ?? ?? ?? ??
0x00000250a430ff10:   ?? ?? ?? ?? ?? ?? ?? ?? ?? ?? ?? ?? ?? ?? ?? ??
0x00000250a430ff20:   ?? ?? ?? ?? ?? ?? ?? ?? ?? ?? ?? ?? ?? ?? ?? ??
0x00000250a430ff30:   ?? ?? ?? ?? ?? ?? ?? ?? ?? ?? ?? ?? ?? ?? ?? ??
0x00000250a430ff40:   ?? ?? ?? ?? ?? ?? ?? ?? ?? ?? ?? ?? ?? ?? ?? ??
0x00000250a430ff50:   ?? ?? ?? ?? ?? ?? ?? ?? ?? ?? ?? ?? ?? ?? ?? ??
0x00000250a430ff60:   ?? ?? ?? ?? ?? ?? ?? ?? ?? ?? ?? ?? ?? ?? ?? ??
0x00000250a430ff70:   ?? ?? ?? ?? ?? ?? ?? ?? ?? ?? ?? ?? ?? ?? ?? ??
0x00000250a430ff80:   ?? ?? ?? ?? ?? ?? ?? ?? ?? ?? ?? ?? ?? ?? ?? ??
0x00000250a430ff90:   ?? ?? ?? ?? ?? ?? ?? ?? ?? ?? ?? ?? ?? ?? ?? ??
0x00000250a430ffa0:   ?? ?? ?? ?? ?? ?? ?? ?? ?? ?? ?? ?? ?? ?? ?? ??
0x00000250a430ffb0:   ?? ?? ?? ?? ?? ?? ?? ?? ?? ?? ?? ?? ?? ?? ?? ??
0x00000250a430ffc0:   ?? ?? ?? ?? ?? ?? ?? ?? ?? ?? ?? ?? ?? ?? ?? ??
0x00000250a430ffd0:   ?? ?? ?? ?? ?? ?? ?? ?? ?? ?? ?? ?? ?? ?? ?? ??
0x00000250a430ffe0:   ?? ?? ?? ?? ?? ?? ?? ?? ?? ?? ?? ?? ?? ?? ?? ??
0x00000250a430fff0:   ?? ?? ?? ?? ?? ?? ?? ?? ?? ?? ?? ?? ?? ?? ?? ??
0x00000250a4310000:   ?? ?? ?? ?? ?? ?? ?? ?? ?? ?? ?? ?? ?? ?? ?? ??
0x00000250a4310010:   ?? ?? ?? ?? ?? ?? ?? ?? ?? ?? ?? ?? ?? ?? ?? ??
0x00000250a4310020:   ?? ?? ?? ?? ?? ?? ?? ?? ?? ?? ?? ?? ?? ?? ?? ??
0x00000250a4310030:   ?? ?? ?? ?? ?? ?? ?? ?? ?? ?? ?? ?? ?? ?? ?? ??
0x00000250a4310040:   ?? ?? ?? ?? ?? ?? ?? ?? ?? ?? ?? ?? ?? ?? ?? ??
0x00000250a4310050:   ?? ?? ?? ?? ?? ?? ?? ?? ?? ?? ?? ?? ?? ?? ?? ??
0x00000250a4310060:   ?? ?? ?? ?? ?? ?? ?? ?? ?? ?? ?? ?? ?? ?? ?? ??
0x00000250a4310070:   ?? ?? ?? ?? ?? ?? ?? ?? ?? ?? ?? ?? ?? ?? ?? ??
0x00000250a4310080:   ?? ?? ?? ?? ?? ?? ?? ?? ?? ?? ?? ?? ?? ?? ?? ??
0x00000250a4310090:   ?? ?? ?? ?? ?? ?? ?? ?? ?? ?? ?? ?? ?? ?? ?? ??
0x00000250a43100a0:   ?? ?? ?? ?? ?? ?? ?? ?? ?? ?? ?? ?? ?? ?? ?? ??
0x00000250a43100b0:   ?? ?? ?? ?? ?? ?? ?? ?? ?? ?? ?? ?? ?? ?? ?? ??
0x00000250a43100c0:   ?? ?? ?? ?? ?? ?? ?? ?? ?? ?? ?? ?? ?? ?? ?? ??
0x00000250a43100d0:   ?? ?? ?? ?? ?? ?? ?? ?? ?? ?? ?? ?? ?? ?? ?? ??
0x00000250a43100e0:   ?? ?? ?? ?? ?? ?? ?? ?? ?? ?? ?? ?? ?? ?? ?? ??
0x00000250a43100f0:   ?? ?? ?? ?? ?? ?? ?? ?? ?? ?? ?? ?? ?? ?? ?? ?? 


Stack slot to memory mapping:
stack at sp + 0 slots: 0x00007ffd892d1f7c glfw.dll
stack at sp + 1 slots: 0x0000000200000000 is an unknown value
stack at sp + 2 slots: 0x000000070a001070 is an oop: java.lang.String 
{0x000000070a001070} - klass: 'java/lang/String'
 - string: "a_texCoord0"
stack at sp + 3 slots: 0x000000070d10a828 is an oop: com.badlogic.gdx.backends.lwjgl3.Lwjgl3GL20 
{0x000000070d10a828} - klass: 'com/badlogic/gdx/backends/lwjgl3/Lwjgl3GL20'
 - ---- fields (total size 3 words):
 - private 'buffer' 'Ljava/nio/ByteBuffer;' @12  a 'java/nio/DirectByteBuffer'{0x000000070d120a70} (e1a2414e)
 - private 'floatBuffer' 'Ljava/nio/FloatBuffer;' @16  a 'java/nio/DirectFloatBufferU'{0x000000070d431ab8} (e1a86357)
 - private 'intBuffer' 'Ljava/nio/IntBuffer;' @20  a 'java/nio/DirectIntBufferU'{0x000000070d6a9740} (e1ad52e8)
stack at sp + 4 slots: 0x0000140600000002 is an unknown value
stack at sp + 5 slots: 0x000000070d10b298 is an oop: com.badlogic.gdx.graphics.Mesh 
{0x000000070d10b298} - klass: 'com/badlogic/gdx/graphics/Mesh'
 - ---- fields (total size 4 words):
 - 'autoBind' 'Z' @12  true
 - final 'isVertexArray' 'Z' @13  true
 - 'isInstanced' 'Z' @14  false
 - final 'vertices' 'Lcom/badlogic/gdx/graphics/glutils/VertexData;' @16  a 'com/badlogic/gdx/graphics/glutils/VertexArray'{0x000000070d10b2b8} (e1a21657)
 - final 'indices' 'Lcom/badlogic/gdx/graphics/glutils/IndexData;' @20  a 'com/badlogic/gdx/graphics/glutils/IndexArray'{0x000000070d10b420} (e1a21684)
 - 'instances' 'Lcom/badlogic/gdx/graphics/glutils/InstanceData;' @24  NULL (0)
 - private final 'tmpV' 'Lcom/badlogic/gdx/math/Vector3;' @28  a 'com/badlogic/gdx/math/Vector3'{0x000000070d10b4b0} (e1a21696)
stack at sp + 6 slots: 0x00000250896dac04 is at entry_point+644 in (nmethod*)0x00000250896da790
stack at sp + 7 slots: 0x57464c4720656854 is an unknown value


---------------  P R O C E S S  ---------------

Threads class SMR info:
_java_thread_list=0x00000250aef3e050, length=14, elements={
0x00000250fec12f40, 0x00000250a41aa190, 0x00000250a41abe10, 0x00000250a4c070c0,
0x00000250a4c07980, 0x00000250a4c08240, 0x00000250a4c08b00, 0x00000250a4c09bf0,
0x00000250a4c0a5e0, 0x00000250a4c0dd20, 0x00000250a4dcb200, 0x00000250a4dd8440,
0x00000250a80edda0, 0x00000250b6b9d120
}

Java Threads: ( => current thread )
=>0x00000250fec12f40 JavaThread "main" [_thread_in_native, id=24780, stack(0x000000d5e6200000,0x000000d5e6300000)]
  0x00000250a41aa190 JavaThread "Reference Handler" daemon [_thread_blocked, id=24364, stack(0x000000d5e6900000,0x000000d5e6a00000)]
  0x00000250a41abe10 JavaThread "Finalizer" daemon [_thread_blocked, id=24872, stack(0x000000d5e6a00000,0x000000d5e6b00000)]
  0x00000250a4c070c0 JavaThread "Signal Dispatcher" daemon [_thread_blocked, id=22060, stack(0x000000d5e6b00000,0x000000d5e6c00000)]
  0x00000250a4c07980 JavaThread "Attach Listener" daemon [_thread_blocked, id=18112, stack(0x000000d5e6c00000,0x000000d5e6d00000)]
  0x00000250a4c08240 JavaThread "Service Thread" daemon [_thread_blocked, id=11048, stack(0x000000d5e6d00000,0x000000d5e6e00000)]
  0x00000250a4c08b00 JavaThread "Monitor Deflation Thread" daemon [_thread_blocked, id=5784, stack(0x000000d5e6e00000,0x000000d5e6f00000)]
  0x00000250a4c09bf0 JavaThread "C2 CompilerThread0" daemon [_thread_blocked, id=14716, stack(0x000000d5e6f00000,0x000000d5e7000000)]
  0x00000250a4c0a5e0 JavaThread "C1 CompilerThread0" daemon [_thread_blocked, id=4364, stack(0x000000d5e7000000,0x000000d5e7100000)]
  0x00000250a4c0dd20 JavaThread "Sweeper thread" daemon [_thread_blocked, id=5940, stack(0x000000d5e7100000,0x000000d5e7200000)]
  0x00000250a4dcb200 JavaThread "Notification Thread" daemon [_thread_blocked, id=26168, stack(0x000000d5e7500000,0x000000d5e7600000)]
  0x00000250a4dd8440 JavaThread "Common-Cleaner" daemon [_thread_blocked, id=14032, stack(0x000000d5e7700000,0x000000d5e7800000)]
  0x00000250a80edda0 JavaThread "LWJGL3 Timer" daemon [_thread_blocked, id=988, stack(0x000000d5e8600000,0x000000d5e8700000)]
  0x00000250b6b9d120 JavaThread "LWJGL3 Timer" daemon [_thread_blocked, id=26524, stack(0x000000d5e9600000,0x000000d5e9700000)]

Other Threads:
  0x00000250a41a3680 VMThread "VM Thread" [stack: 0x000000d5e6800000,0x000000d5e6900000] [id=11504]
  0x00000250a4dcca90 WatcherThread [stack: 0x000000d5e7600000,0x000000d5e7700000] [id=3776]
  0x00000250fec6cd90 GCTaskThread "GC Thread#0" [stack: 0x000000d5e6300000,0x000000d5e6400000] [id=19144]
  0x00000250a7dc9f80 GCTaskThread "GC Thread#1" [stack: 0x000000d5e8000000,0x000000d5e8100000] [id=7144]
  0x00000250a7dc7c90 GCTaskThread "GC Thread#2" [stack: 0x000000d5e8100000,0x000000d5e8200000] [id=14240]
  0x00000250a7dc84a0 GCTaskThread "GC Thread#3" [stack: 0x000000d5e8200000,0x000000d5e8300000] [id=19440]
  0x00000250a7dca230 GCTaskThread "GC Thread#4" [stack: 0x000000d5e8300000,0x000000d5e8400000] [id=6480]
  0x00000250a7dca4e0 GCTaskThread "GC Thread#5" [stack: 0x000000d5e8400000,0x000000d5e8500000] [id=22240]
  0x00000250a7dc8750 GCTaskThread "GC Thread#6" [stack: 0x000000d5e8500000,0x000000d5e8600000] [id=13528]
  0x00000250aeab8130 GCTaskThread "GC Thread#7" [stack: 0x000000d5e8e00000,0x000000d5e8f00000] [id=22064]
  0x00000250fec7e2e0 ConcurrentGCThread "G1 Main Marker" [stack: 0x000000d5e6400000,0x000000d5e6500000] [id=12540]
  0x00000250fec7ecf0 ConcurrentGCThread "G1 Conc#0" [stack: 0x000000d5e6500000,0x000000d5e6600000] [id=26028]
  0x00000250feceebf0 ConcurrentGCThread "G1 Refine#0" [stack: 0x000000d5e6600000,0x000000d5e6700000] [id=19660]
  0x00000250af1d5740 ConcurrentGCThread "G1 Refine#1" [stack: 0x000000d5e8f00000,0x000000d5e9000000] [id=25876]
  0x00000250af1d5a20 ConcurrentGCThread "G1 Refine#2" [stack: 0x000000d5e9000000,0x000000d5e9100000] [id=19880]
  0x00000250af3f1890 ConcurrentGCThread "G1 Refine#3" [stack: 0x000000d5e9100000,0x000000d5e9200000] [id=17308]
  0x00000250b42ceba0 ConcurrentGCThread "G1 Refine#4" [stack: 0x000000d5e9700000,0x000000d5e9800000] [id=18536]
  0x00000250b4761bf0 ConcurrentGCThread "G1 Refine#5" [stack: 0x000000d5e9800000,0x000000d5e9900000] [id=11596]
  0x00000250b8179b60 ConcurrentGCThread "G1 Refine#6" [stack: 0x000000d5e9900000,0x000000d5e9a00000] [id=396]
  0x00000250b886e810 ConcurrentGCThread "G1 Refine#7" [stack: 0x000000d5e9a00000,0x000000d5e9b00000] [id=12692]
  0x00000250b63d9160 ConcurrentGCThread "G1 Refine#8" [stack: 0x000000d5e9b00000,0x000000d5e9c00000] [id=24424]
  0x00000250aef73590 ConcurrentGCThread "G1 Refine#9" [stack: 0x000000d5e9c00000,0x000000d5e9d00000] [id=12688]
  0x00000250b7451060 ConcurrentGCThread "G1 Refine#10" [stack: 0x000000d5e9d00000,0x000000d5e9e00000] [id=18792]
  0x00000250b6c607d0 ConcurrentGCThread "G1 Refine#11" [stack: 0x000000d5e9e00000,0x000000d5e9f00000] [id=13756]
  0x00000250a4044ac0 ConcurrentGCThread "G1 Service" [stack: 0x000000d5e6700000,0x000000d5e6800000] [id=20312]

Threads with active compile tasks:

VM state: not at safepoint (normal execution)

VM Mutex/Monitor currently owned by a thread: None

Heap address: 0x000000070a000000, size: 3936 MB, Compressed Oops mode: Zero based, Oop shift amount: 3

CDS archive(s) mapped at: [0x0000000800000000-0x0000000800bc0000-0x0000000800bc0000), size 12320768, SharedBaseAddress: 0x0000000800000000, ArchiveRelocationMode: 0.
Compressed class space mapped at: 0x0000000800c00000-0x0000000840c00000, reserved size: 1073741824
Narrow klass base: 0x0000000800000000, Narrow klass shift: 0, Narrow klass range: 0x100000000

GC Precious Log:
 CPUs: 16 total, 16 available
 Memory: 15741M
 Large Page Support: Disabled
 NUMA Support: Disabled
 Compressed Oops: Enabled (Zero based)
 Heap Region Size: 2M
 Heap Min Capacity: 8M
 Heap Initial Capacity: 246M
 Heap Max Capacity: 3936M
 Pre-touch: Disabled
 Parallel Workers: 13
 Concurrent Workers: 3
 Concurrent Refinement Workers: 13
 Periodic GC: Disabled

Heap:
 garbage-first heap   total 251904K, used 79605K [0x000000070a000000, 0x0000000800000000)
  region size 2048K, 11 young (22528K), 1 survivors (2048K)
 Metaspace       used 9994K, committed 10112K, reserved 1064960K
  class space    used 678K, committed 704K, reserved 1048576K

Heap Regions: E=young(eden), S=young(survivor), O=old, HS=humongous(starts), HC=humongous(continues), CS=collection set, F=free, OA=open archive, CA=closed archive, TAMS=top-at-mark-start (previous, next)
|   0|0x000000070a000000, 0x000000070a200000, 0x000000070a200000|100%| O|  |TAMS 0x000000070a000000, 0x000000070a000000| Untracked 
|   1|0x000000070a200000, 0x000000070a400000, 0x000000070a400000|100%|HS|  |TAMS 0x000000070a200000, 0x000000070a200000| Complete 
|   2|0x000000070a400000, 0x000000070a600000, 0x000000070a600000|100%|HS|  |TAMS 0x000000070a400000, 0x000000070a400000| Complete 
|   3|0x000000070a600000, 0x000000070a800000, 0x000000070a800000|100%| O|  |TAMS 0x000000070a600000, 0x000000070a600000| Untracked 
|   4|0x000000070a800000, 0x000000070aa00000, 0x000000070aa00000|100%| O|  |TAMS 0x000000070a800000, 0x000000070a800000| Untracked 
|   5|0x000000070aa00000, 0x000000070ac00000, 0x000000070ac00000|100%| O|  |TAMS 0x000000070aa00000, 0x000000070aa00000| Untracked 
|   6|0x000000070ac00000, 0x000000070ae00000, 0x000000070ae00000|100%| O|  |TAMS 0x000000070ac00000, 0x000000070ac00000| Untracked 
|   7|0x000000070ae00000, 0x000000070b000000, 0x000000070b000000|100%| O|  |TAMS 0x000000070ae00000, 0x000000070ae00000| Untracked 
|   8|0x000000070b000000, 0x000000070b200000, 0x000000070b200000|100%| O|  |TAMS 0x000000070b000000, 0x000000070b000000| Untracked 
|   9|0x000000070b200000, 0x000000070b400000, 0x000000070b400000|100%| O|  |TAMS 0x000000070b200000, 0x000000070b200000| Untracked 
|  10|0x000000070b400000, 0x000000070b600000, 0x000000070b600000|100%| O|  |TAMS 0x000000070b400000, 0x000000070b400000| Untracked 
|  11|0x000000070b600000, 0x000000070b800000, 0x000000070b800000|100%| O|  |TAMS 0x000000070b600000, 0x000000070b600000| Untracked 
|  12|0x000000070b800000, 0x000000070ba00000, 0x000000070ba00000|100%| O|  |TAMS 0x000000070b800000, 0x000000070b800000| Untracked 
|  13|0x000000070ba00000, 0x000000070bc00000, 0x000000070bc00000|100%| O|  |TAMS 0x000000070ba00000, 0x000000070ba00000| Untracked 
|  14|0x000000070bc00000, 0x000000070be00000, 0x000000070be00000|100%| O|  |TAMS 0x000000070bc00000, 0x000000070bc00000| Untracked 
|  15|0x000000070be00000, 0x000000070c000000, 0x000000070c000000|100%| O|  |TAMS 0x000000070be00000, 0x000000070be00000| Untracked 
|  16|0x000000070c000000, 0x000000070c200000, 0x000000070c200000|100%| O|  |TAMS 0x000000070c000000, 0x000000070c000000| Untracked 
|  17|0x000000070c200000, 0x000000070c400000, 0x000000070c400000|100%| O|  |TAMS 0x000000070c200000, 0x000000070c200000| Untracked 
|  18|0x000000070c400000, 0x000000070c600000, 0x000000070c600000|100%| O|  |TAMS 0x000000070c400000, 0x000000070c400000| Untracked 
|  19|0x000000070c600000, 0x000000070c800000, 0x000000070c800000|100%| O|  |TAMS 0x000000070c600000, 0x000000070c600000| Untracked 
|  20|0x000000070c800000, 0x000000070ca00000, 0x000000070ca00000|100%| O|  |TAMS 0x000000070c800000, 0x000000070c800000| Untracked 
|  21|0x000000070ca00000, 0x000000070cc00000, 0x000000070cc00000|100%| O|  |TAMS 0x000000070ca00000, 0x000000070ca00000| Untracked 
|  22|0x000000070cc00000, 0x000000070ce00000, 0x000000070ce00000|100%| O|  |TAMS 0x000000070cc00000, 0x000000070cc00000| Untracked 
|  23|0x000000070ce00000, 0x000000070d000000, 0x000000070d000000|100%| O|  |TAMS 0x000000070ce00000, 0x000000070ce00000| Untracked 
|  24|0x000000070d000000, 0x000000070d200000, 0x000000070d200000|100%| O|  |TAMS 0x000000070d000000, 0x000000070d000000| Untracked 
|  25|0x000000070d200000, 0x000000070d400000, 0x000000070d400000|100%| O|  |TAMS 0x000000070d200000, 0x000000070d200000| Untracked 
|  26|0x000000070d400000, 0x000000070d600000, 0x000000070d600000|100%| O|  |TAMS 0x000000070d400000, 0x000000070d400000| Untracked 
|  27|0x000000070d600000, 0x000000070d800000, 0x000000070d800000|100%| O|  |TAMS 0x000000070d600000, 0x000000070d600000| Untracked 
|  28|0x000000070d800000, 0x000000070da00000, 0x000000070da00000|100%| O|  |TAMS 0x000000070d800000, 0x000000070d800000| Untracked 
|  29|0x000000070da00000, 0x000000070db00000, 0x000000070dc00000| 50%| O|  |TAMS 0x000000070da00000, 0x000000070da00000| Untracked 
|  30|0x000000070dc00000, 0x000000070dc00000, 0x000000070de00000|  0%| F|  |TAMS 0x000000070dc00000, 0x000000070dc00000| Untracked 
|  31|0x000000070de00000, 0x000000070de00000, 0x000000070e000000|  0%| F|  |TAMS 0x000000070de00000, 0x000000070de00000| Untracked 
|  32|0x000000070e000000, 0x000000070e000000, 0x000000070e200000|  0%| F|  |TAMS 0x000000070e000000, 0x000000070e000000| Untracked 
|  33|0x000000070e200000, 0x000000070e200000, 0x000000070e400000|  0%| F|  |TAMS 0x000000070e200000, 0x000000070e200000| Untracked 
|  34|0x000000070e400000, 0x000000070e400000, 0x000000070e600000|  0%| F|  |TAMS 0x000000070e400000, 0x000000070e400000| Untracked 
|  35|0x000000070e600000, 0x000000070e600000, 0x000000070e800000|  0%| F|  |TAMS 0x000000070e600000, 0x000000070e600000| Untracked 
|  36|0x000000070e800000, 0x000000070e800000, 0x000000070ea00000|  0%| F|  |TAMS 0x000000070e800000, 0x000000070e800000| Untracked 
|  37|0x000000070ea00000, 0x000000070ea00000, 0x000000070ec00000|  0%| F|  |TAMS 0x000000070ea00000, 0x000000070ea00000| Untracked 
|  38|0x000000070ec00000, 0x000000070ec00000, 0x000000070ee00000|  0%| F|  |TAMS 0x000000070ec00000, 0x000000070ec00000| Untracked 
|  39|0x000000070ee00000, 0x000000070ee00000, 0x000000070f000000|  0%| F|  |TAMS 0x000000070ee00000, 0x000000070ee00000| Untracked 
|  40|0x000000070f000000, 0x000000070f000000, 0x000000070f200000|  0%| F|  |TAMS 0x000000070f000000, 0x000000070f000000| Untracked 
|  41|0x000000070f200000, 0x000000070f200000, 0x000000070f400000|  0%| F|  |TAMS 0x000000070f200000, 0x000000070f200000| Untracked 
|  42|0x000000070f400000, 0x000000070f400000, 0x000000070f600000|  0%| F|  |TAMS 0x000000070f400000, 0x000000070f400000| Untracked 
|  43|0x000000070f600000, 0x000000070f600000, 0x000000070f800000|  0%| F|  |TAMS 0x000000070f600000, 0x000000070f600000| Untracked 
|  44|0x000000070f800000, 0x000000070f800000, 0x000000070fa00000|  0%| F|  |TAMS 0x000000070f800000, 0x000000070f800000| Untracked 
|  45|0x000000070fa00000, 0x000000070fa00000, 0x000000070fc00000|  0%| F|  |TAMS 0x000000070fa00000, 0x000000070fa00000| Untracked 
|  46|0x000000070fc00000, 0x000000070fc00000, 0x000000070fe00000|  0%| F|  |TAMS 0x000000070fc00000, 0x000000070fc00000| Untracked 
|  47|0x000000070fe00000, 0x000000070fe00000, 0x0000000710000000|  0%| F|  |TAMS 0x000000070fe00000, 0x000000070fe00000| Untracked 
|  48|0x0000000710000000, 0x0000000710000000, 0x0000000710200000|  0%| F|  |TAMS 0x0000000710000000, 0x0000000710000000| Untracked 
|  49|0x0000000710200000, 0x0000000710200000, 0x0000000710400000|  0%| F|  |TAMS 0x0000000710200000, 0x0000000710200000| Untracked 
|  50|0x0000000710400000, 0x0000000710400000, 0x0000000710600000|  0%| F|  |TAMS 0x0000000710400000, 0x0000000710400000| Untracked 
|  51|0x0000000710600000, 0x0000000710600000, 0x0000000710800000|  0%| F|  |TAMS 0x0000000710600000, 0x0000000710600000| Untracked 
|  52|0x0000000710800000, 0x0000000710800000, 0x0000000710a00000|  0%| F|  |TAMS 0x0000000710800000, 0x0000000710800000| Untracked 
|  53|0x0000000710a00000, 0x0000000710a00000, 0x0000000710c00000|  0%| F|  |TAMS 0x0000000710a00000, 0x0000000710a00000| Untracked 
|  54|0x0000000710c00000, 0x0000000710c00000, 0x0000000710e00000|  0%| F|  |TAMS 0x0000000710c00000, 0x0000000710c00000| Untracked 
|  55|0x0000000710e00000, 0x0000000710e00000, 0x0000000711000000|  0%| F|  |TAMS 0x0000000710e00000, 0x0000000710e00000| Untracked 
|  56|0x0000000711000000, 0x0000000711000000, 0x0000000711200000|  0%| F|  |TAMS 0x0000000711000000, 0x0000000711000000| Untracked 
|  57|0x0000000711200000, 0x0000000711200000, 0x0000000711400000|  0%| F|  |TAMS 0x0000000711200000, 0x0000000711200000| Untracked 
|  58|0x0000000711400000, 0x0000000711400000, 0x0000000711600000|  0%| F|  |TAMS 0x0000000711400000, 0x0000000711400000| Untracked 
|  59|0x0000000711600000, 0x0000000711600000, 0x0000000711800000|  0%| F|  |TAMS 0x0000000711600000, 0x0000000711600000| Untracked 
|  60|0x0000000711800000, 0x0000000711800000, 0x0000000711a00000|  0%| F|  |TAMS 0x0000000711800000, 0x0000000711800000| Untracked 
|  61|0x0000000711a00000, 0x0000000711a00000, 0x0000000711c00000|  0%| F|  |TAMS 0x0000000711a00000, 0x0000000711a00000| Untracked 
|  62|0x0000000711c00000, 0x0000000711c00000, 0x0000000711e00000|  0%| F|  |TAMS 0x0000000711c00000, 0x0000000711c00000| Untracked 
|  63|0x0000000711e00000, 0x0000000711e00000, 0x0000000712000000|  0%| F|  |TAMS 0x0000000711e00000, 0x0000000711e00000| Untracked 
|  64|0x0000000712000000, 0x0000000712000000, 0x0000000712200000|  0%| F|  |TAMS 0x0000000712000000, 0x0000000712000000| Untracked 
|  65|0x0000000712200000, 0x0000000712200000, 0x0000000712400000|  0%| F|  |TAMS 0x0000000712200000, 0x0000000712200000| Untracked 
|  66|0x0000000712400000, 0x0000000712400000, 0x0000000712600000|  0%| F|  |TAMS 0x0000000712400000, 0x0000000712400000| Untracked 
|  67|0x0000000712600000, 0x0000000712600000, 0x0000000712800000|  0%| F|  |TAMS 0x0000000712600000, 0x0000000712600000| Untracked 
|  68|0x0000000712800000, 0x0000000712800000, 0x0000000712a00000|  0%| F|  |TAMS 0x0000000712800000, 0x0000000712800000| Untracked 
|  69|0x0000000712a00000, 0x0000000712a00000, 0x0000000712c00000|  0%| F|  |TAMS 0x0000000712a00000, 0x0000000712a00000| Untracked 
|  70|0x0000000712c00000, 0x0000000712c00000, 0x0000000712e00000|  0%| F|  |TAMS 0x0000000712c00000, 0x0000000712c00000| Untracked 
|  71|0x0000000712e00000, 0x0000000712e00000, 0x0000000713000000|  0%| F|  |TAMS 0x0000000712e00000, 0x0000000712e00000| Untracked 
|  72|0x0000000713000000, 0x0000000713000000, 0x0000000713200000|  0%| F|  |TAMS 0x0000000713000000, 0x0000000713000000| Untracked 
|  73|0x0000000713200000, 0x0000000713200000, 0x0000000713400000|  0%| F|  |TAMS 0x0000000713200000, 0x0000000713200000| Untracked 
|  74|0x0000000713400000, 0x0000000713400000, 0x0000000713600000|  0%| F|  |TAMS 0x0000000713400000, 0x0000000713400000| Untracked 
|  75|0x0000000713600000, 0x0000000713600000, 0x0000000713800000|  0%| F|  |TAMS 0x0000000713600000, 0x0000000713600000| Untracked 
|  76|0x0000000713800000, 0x0000000713800000, 0x0000000713a00000|  0%| F|  |TAMS 0x0000000713800000, 0x0000000713800000| Untracked 
|  77|0x0000000713a00000, 0x0000000713a00000, 0x0000000713c00000|  0%| F|  |TAMS 0x0000000713a00000, 0x0000000713a00000| Untracked 
|  78|0x0000000713c00000, 0x0000000713c00000, 0x0000000713e00000|  0%| F|  |TAMS 0x0000000713c00000, 0x0000000713c00000| Untracked 
|  79|0x0000000713e00000, 0x0000000713e00000, 0x0000000714000000|  0%| F|  |TAMS 0x0000000713e00000, 0x0000000713e00000| Untracked 
|  80|0x0000000714000000, 0x0000000714000000, 0x0000000714200000|  0%| F|  |TAMS 0x0000000714000000, 0x0000000714000000| Untracked 
|  81|0x0000000714200000, 0x0000000714200000, 0x0000000714400000|  0%| F|  |TAMS 0x0000000714200000, 0x0000000714200000| Untracked 
|  82|0x0000000714400000, 0x0000000714400000, 0x0000000714600000|  0%| F|  |TAMS 0x0000000714400000, 0x0000000714400000| Untracked 
|  83|0x0000000714600000, 0x0000000714600000, 0x0000000714800000|  0%| F|  |TAMS 0x0000000714600000, 0x0000000714600000| Untracked 
|  84|0x0000000714800000, 0x0000000714800000, 0x0000000714a00000|  0%| F|  |TAMS 0x0000000714800000, 0x0000000714800000| Untracked 
|  85|0x0000000714a00000, 0x0000000714a00000, 0x0000000714c00000|  0%| F|  |TAMS 0x0000000714a00000, 0x0000000714a00000| Untracked 
|  86|0x0000000714c00000, 0x0000000714c00000, 0x0000000714e00000|  0%| F|  |TAMS 0x0000000714c00000, 0x0000000714c00000| Untracked 
|  87|0x0000000714e00000, 0x0000000714e00000, 0x0000000715000000|  0%| F|  |TAMS 0x0000000714e00000, 0x0000000714e00000| Untracked 
|  88|0x0000000715000000, 0x0000000715000000, 0x0000000715200000|  0%| F|  |TAMS 0x0000000715000000, 0x0000000715000000| Untracked 
|  89|0x0000000715200000, 0x0000000715200000, 0x0000000715400000|  0%| F|  |TAMS 0x0000000715200000, 0x0000000715200000| Untracked 
|  90|0x0000000715400000, 0x0000000715400000, 0x0000000715600000|  0%| F|  |TAMS 0x0000000715400000, 0x0000000715400000| Untracked 
|  91|0x0000000715600000, 0x0000000715600000, 0x0000000715800000|  0%| F|  |TAMS 0x0000000715600000, 0x0000000715600000| Untracked 
|  92|0x0000000715800000, 0x0000000715800000, 0x0000000715a00000|  0%| F|  |TAMS 0x0000000715800000, 0x0000000715800000| Untracked 
|  93|0x0000000715a00000, 0x0000000715a00000, 0x0000000715c00000|  0%| F|  |TAMS 0x0000000715a00000, 0x0000000715a00000| Untracked 
|  94|0x0000000715c00000, 0x0000000715c00000, 0x0000000715e00000|  0%| F|  |TAMS 0x0000000715c00000, 0x0000000715c00000| Untracked 
|  95|0x0000000715e00000, 0x0000000715e00000, 0x0000000716000000|  0%| F|  |TAMS 0x0000000715e00000, 0x0000000715e00000| Untracked 
|  96|0x0000000716000000, 0x0000000716000000, 0x0000000716200000|  0%| F|  |TAMS 0x0000000716000000, 0x0000000716000000| Untracked 
|  97|0x0000000716200000, 0x0000000716200000, 0x0000000716400000|  0%| F|  |TAMS 0x0000000716200000, 0x0000000716200000| Untracked 
|  98|0x0000000716400000, 0x0000000716400000, 0x0000000716600000|  0%| F|  |TAMS 0x0000000716400000, 0x0000000716400000| Untracked 
|  99|0x0000000716600000, 0x0000000716600000, 0x0000000716800000|  0%| F|  |TAMS 0x0000000716600000, 0x0000000716600000| Untracked 
| 100|0x0000000716800000, 0x0000000716800000, 0x0000000716a00000|  0%| F|  |TAMS 0x0000000716800000, 0x0000000716800000| Untracked 
| 101|0x0000000716a00000, 0x0000000716abd510, 0x0000000716c00000| 36%| S|CS|TAMS 0x0000000716a00000, 0x0000000716a00000| Complete 
| 102|0x0000000716c00000, 0x0000000716c00000, 0x0000000716e00000|  0%| F|  |TAMS 0x0000000716c00000, 0x0000000716c00000| Untracked 
| 103|0x0000000716e00000, 0x0000000716e00000, 0x0000000717000000|  0%| F|  |TAMS 0x0000000716e00000, 0x0000000716e00000| Untracked 
| 104|0x0000000717000000, 0x0000000717000000, 0x0000000717200000|  0%| F|  |TAMS 0x0000000717000000, 0x0000000717000000| Untracked 
| 105|0x0000000717200000, 0x0000000717200000, 0x0000000717400000|  0%| F|  |TAMS 0x0000000717200000, 0x0000000717200000| Untracked 
| 106|0x0000000717400000, 0x0000000717400000, 0x0000000717600000|  0%| F|  |TAMS 0x0000000717400000, 0x0000000717400000| Untracked 
| 107|0x0000000717600000, 0x0000000717600000, 0x0000000717800000|  0%| F|  |TAMS 0x0000000717600000, 0x0000000717600000| Untracked 
| 108|0x0000000717800000, 0x0000000717800000, 0x0000000717a00000|  0%| F|  |TAMS 0x0000000717800000, 0x0000000717800000| Untracked 
| 109|0x0000000717a00000, 0x0000000717a00000, 0x0000000717c00000|  0%| F|  |TAMS 0x0000000717a00000, 0x0000000717a00000| Untracked 
| 110|0x0000000717c00000, 0x0000000717c00000, 0x0000000717e00000|  0%| F|  |TAMS 0x0000000717c00000, 0x0000000717c00000| Untracked 
| 111|0x0000000717e00000, 0x0000000717e00000, 0x0000000718000000|  0%| F|  |TAMS 0x0000000717e00000, 0x0000000717e00000| Untracked 
| 112|0x0000000718000000, 0x0000000718000000, 0x0000000718200000|  0%| F|  |TAMS 0x0000000718000000, 0x0000000718000000| Untracked 
| 113|0x0000000718200000, 0x0000000718318640, 0x0000000718400000| 54%| E|  |TAMS 0x0000000718200000, 0x0000000718200000| Complete 
| 114|0x0000000718400000, 0x0000000718600000, 0x0000000718600000|100%| E|CS|TAMS 0x0000000718400000, 0x0000000718400000| Complete 
| 115|0x0000000718600000, 0x0000000718800000, 0x0000000718800000|100%| E|CS|TAMS 0x0000000718600000, 0x0000000718600000| Complete 
| 116|0x0000000718800000, 0x0000000718a00000, 0x0000000718a00000|100%| E|CS|TAMS 0x0000000718800000, 0x0000000718800000| Complete 
| 117|0x0000000718a00000, 0x0000000718c00000, 0x0000000718c00000|100%| E|CS|TAMS 0x0000000718a00000, 0x0000000718a00000| Complete 
| 118|0x0000000718c00000, 0x0000000718e00000, 0x0000000718e00000|100%| E|CS|TAMS 0x0000000718c00000, 0x0000000718c00000| Complete 
| 119|0x0000000718e00000, 0x0000000719000000, 0x0000000719000000|100%| E|CS|TAMS 0x0000000718e00000, 0x0000000718e00000| Complete 
| 120|0x0000000719000000, 0x0000000719200000, 0x0000000719200000|100%| E|CS|TAMS 0x0000000719000000, 0x0000000719000000| Complete 
| 121|0x0000000719200000, 0x0000000719400000, 0x0000000719400000|100%| E|CS|TAMS 0x0000000719200000, 0x0000000719200000| Complete 
| 122|0x0000000719400000, 0x0000000719600000, 0x0000000719600000|100%| E|CS|TAMS 0x0000000719400000, 0x0000000719400000| Complete 

Card table byte_map: [0x00000250986d0000,0x0000025098e80000] _byte_map_base: 0x0000025094e80000

Marking Bits (Prev, Next): (CMBitMap*) 0x00000250fec6e3b0, (CMBitMap*) 0x00000250fec6e3f0
 Prev Bits: [0x0000025099630000, 0x000002509d3b0000)
 Next Bits: [0x000002509d3b0000, 0x00000250a1130000)

Polling page: 0x00000250fe9e0000

Metaspace:

Usage:
  Non-class:      9.10 MB used.
      Class:    678.03 KB used.
       Both:      9.76 MB used.

Virtual space:
  Non-class space:       16.00 MB reserved,       9.19 MB ( 57%) committed,  2 nodes.
      Class space:        1.00 GB reserved,     704.00 KB ( <1%) committed,  1 nodes.
             Both:        1.02 GB reserved,       9.88 MB ( <1%) committed. 

Chunk freelists:
   Non-Class:  640.00 KB
       Class:  3.19 MB
        Both:  3.81 MB

MaxMetaspaceSize: unlimited
CompressedClassSpaceSize: 1.00 GB
Initial GC threshold: 21.00 MB
Current GC threshold: 21.00 MB
CDS: on
MetaspaceReclaimPolicy: balanced
 - commit_granule_bytes: 65536.
 - commit_granule_words: 8192.
 - virtual_space_node_default_size: 1048576.
 - enlarge_chunks_in_place: 1.
 - new_chunks_are_fully_committed: 0.
 - uncommit_free_chunks: 1.
 - use_allocation_guard: 0.
 - handle_deallocations: 1.


Internal statistics:

num_allocs_failed_limit: 0.
num_arena_births: 44.
num_arena_deaths: 0.
num_vsnodes_births: 3.
num_vsnodes_deaths: 0.
num_space_committed: 156.
num_space_uncommitted: 0.
num_chunks_returned_to_freelist: 0.
num_chunks_taken_from_freelist: 322.
num_chunk_merges: 0.
num_chunk_splits: 272.
num_chunks_enlarged: 250.
num_purges: 0.
num_inconsistent_stats: 0.

CodeHeap 'non-profiled nmethods': size=119168Kb used=1982Kb max_used=1982Kb free=117186Kb
 bounds [0x00000250909a0000, 0x0000025090c10000, 0x0000025097e00000]
CodeHeap 'profiled nmethods': size=119104Kb used=4296Kb max_used=4296Kb free=114807Kb
 bounds [0x0000025089550000, 0x0000025089990000, 0x00000250909a0000]
CodeHeap 'non-nmethods': size=7488Kb used=1651Kb max_used=3410Kb free=5836Kb
 bounds [0x0000025088e00000, 0x0000025089170000, 0x0000025089550000]
 total_blobs=3420 nmethods=2323 adapters=1010
 compilation: enabled
              stopped_count=0, restarted_count=0
 full_count=0

Compilation events (20 events):
Event: 17.364 Thread 0x00000250a4c09bf0 2356       4       com.badlogic.gdx.graphics.g3d.utils.ModelBuilder::createBox (29 bytes)
Event: 17.366 Thread 0x00000250a4c09bf0 nmethod 2356 0x0000025090b8d210 code [0x0000025090b8d3c0, 0x0000025090b8d550]
Event: 17.508 Thread 0x00000250a4c09bf0 2357       4       java.lang.String::indexOf (18 bytes)
Event: 17.511 Thread 0x00000250a4c09bf0 nmethod 2357 0x0000025090b8d790 code [0x0000025090b8d920, 0x0000025090b8dcd8]
Event: 17.724 Thread 0x00000250a4c0a5e0 2358       3       java.util.Formatter$Conversion::isText (34 bytes)
Event: 17.724 Thread 0x00000250a4c0a5e0 nmethod 2358 0x000002508997ec10 code [0x000002508997eda0, 0x000002508997ef18]
Event: 17.724 Thread 0x00000250a4c0a5e0 2359       3       java.util.Formatter$FormatSpecifier::print (230 bytes)
Event: 17.725 Thread 0x00000250a4c0a5e0 nmethod 2359 0x000002508997ef90 code [0x000002508997f240, 0x000002508997fc88]
Event: 17.725 Thread 0x00000250a4c0a5e0 2360       3       java.util.Formatter$FormatSpecifier::appendJustified (91 bytes)
Event: 17.725 Thread 0x00000250a4c0a5e0 nmethod 2360 0x000002508997ff10 code [0x0000025089980120, 0x0000025089980908]
Event: 17.725 Thread 0x00000250a4c0a5e0 2361       3       java.lang.StringBuilder::append (6 bytes)
Event: 17.725 Thread 0x00000250a4c0a5e0 nmethod 2361 0x0000025089980b90 code [0x0000025089980d40, 0x0000025089980ee8]
Event: 17.725 Thread 0x00000250a4c0a5e0 2362       3       java.lang.StringBuilder::append (8 bytes)
Event: 17.725 Thread 0x00000250a4c0a5e0 nmethod 2362 0x0000025089980f90 code [0x0000025089981120, 0x0000025089981268]
Event: 17.725 Thread 0x00000250a4c0a5e0 2363       3       java.lang.AbstractStringBuilder::append (54 bytes)
Event: 17.726 Thread 0x00000250a4c0a5e0 nmethod 2363 0x0000025089981310 code [0x0000025089981540, 0x0000025089981f48]
Event: 17.916 Thread 0x00000250a4c09bf0 2364       4       java.net.URLStreamHandler::setURL (73 bytes)
Event: 17.955 Thread 0x00000250a4c09bf0 nmethod 2364 0x0000025090b8df10 code [0x0000025090b8e0c0, 0x0000025090b8ed28]
Event: 18.034 Thread 0x00000250a4c09bf0 2365       4       com.badlogic.gdx.graphics.g3d.utils.MeshBuilder::transformNormal (142 bytes)
Event: 18.037 Thread 0x00000250a4c09bf0 nmethod 2365 0x0000025090b8f210 code [0x0000025090b8f3c0, 0x0000025090b8f5f8]

GC Heap History (10 events):
Event: 1.707 GC heap before
{Heap before GC invocations=0 (full 0):
 garbage-first heap   total 251904K, used 20480K [0x000000070a000000, 0x0000000800000000)
  region size 2048K, 11 young (22528K), 0 survivors (0K)
 Metaspace       used 6963K, committed 7104K, reserved 1064960K
  class space    used 418K, committed 512K, reserved 1048576K
}
Event: 1.710 GC heap after
{Heap after GC invocations=1 (full 0):
 garbage-first heap   total 251904K, used 2630K [0x000000070a000000, 0x0000000800000000)
  region size 2048K, 2 young (4096K), 2 survivors (4096K)
 Metaspace       used 6963K, committed 7104K, reserved 1064960K
  class space    used 418K, committed 512K, reserved 1048576K
}
Event: 5.109 GC heap before
{Heap before GC invocations=1 (full 0):
 garbage-first heap   total 251904K, used 43590K [0x000000070a000000, 0x0000000800000000)
  region size 2048K, 19 young (38912K), 2 survivors (4096K)
 Metaspace       used 9355K, committed 9536K, reserved 1064960K
  class space    used 641K, committed 704K, reserved 1048576K
}
Event: 5.127 GC heap after
{Heap after GC invocations=2 (full 0):
 garbage-first heap   total 251904K, used 22466K [0x000000070a000000, 0x0000000800000000)
  region size 2048K, 3 young (6144K), 3 survivors (6144K)
 Metaspace       used 9355K, committed 9536K, reserved 1064960K
  class space    used 641K, committed 704K, reserved 1048576K
}
Event: 5.673 GC heap before
{Heap before GC invocations=2 (full 0):
 garbage-first heap   total 251904K, used 77762K [0x000000070a000000, 0x0000000800000000)
  region size 2048K, 30 young (61440K), 3 survivors (6144K)
 Metaspace       used 9724K, committed 9856K, reserved 1064960K
  class space    used 676K, committed 704K, reserved 1048576K
}
Event: 5.700 GC heap after
{Heap after GC invocations=3 (full 0):
 garbage-first heap   total 251904K, used 58409K [0x000000070a000000, 0x0000000800000000)
  region size 2048K, 4 young (8192K), 4 survivors (8192K)
 Metaspace       used 9724K, committed 9856K, reserved 1064960K
  class space    used 676K, committed 704K, reserved 1048576K
}
Event: 6.501 GC heap before
{Heap before GC invocations=3 (full 0):
 garbage-first heap   total 251904K, used 62505K [0x000000070a000000, 0x0000000800000000)
  region size 2048K, 6 young (12288K), 4 survivors (8192K)
 Metaspace       used 9788K, committed 9920K, reserved 1064960K
  class space    used 676K, committed 704K, reserved 1048576K
}
Event: 6.512 GC heap after
{Heap after GC invocations=4 (full 0):
 garbage-first heap   total 251904K, used 61552K [0x000000070a000000, 0x0000000800000000)
  region size 2048K, 1 young (2048K), 1 survivors (2048K)
 Metaspace       used 9788K, committed 9920K, reserved 1064960K
  class space    used 676K, committed 704K, reserved 1048576K
}
Event: 14.560 GC heap before
{Heap before GC invocations=4 (full 0):
 garbage-first heap   total 251904K, used 102512K [0x000000070a000000, 0x0000000800000000)
  region size 2048K, 21 young (43008K), 1 survivors (2048K)
 Metaspace       used 9913K, committed 10048K, reserved 1064960K
  class space    used 676K, committed 704K, reserved 1048576K
}
Event: 14.563 GC heap after
{Heap after GC invocations=5 (full 0):
 garbage-first heap   total 251904K, used 61173K [0x000000070a000000, 0x0000000800000000)
  region size 2048K, 1 young (2048K), 1 survivors (2048K)
 Metaspace       used 9913K, committed 10048K, reserved 1064960K
  class space    used 676K, committed 704K, reserved 1048576K
}

Deoptimization events (20 events):
Event: 12.390 Thread 0x00000250fec12f40 DEOPT PACKING pc=0x0000025089933908 sp=0x000000d5e62fed00
Event: 12.390 Thread 0x00000250fec12f40 DEOPT UNPACKING pc=0x0000025088e52b43 sp=0x000000d5e62fe200 mode 0
Event: 12.391 Thread 0x00000250fec12f40 DEOPT PACKING pc=0x0000025089933908 sp=0x000000d5e62fed00
Event: 12.391 Thread 0x00000250fec12f40 DEOPT UNPACKING pc=0x0000025088e52b43 sp=0x000000d5e62fe200 mode 0
Event: 12.392 Thread 0x00000250fec12f40 DEOPT PACKING pc=0x0000025089933908 sp=0x000000d5e62fed00
Event: 12.392 Thread 0x00000250fec12f40 DEOPT UNPACKING pc=0x0000025088e52b43 sp=0x000000d5e62fe200 mode 0
Event: 12.393 Thread 0x00000250fec12f40 DEOPT PACKING pc=0x0000025089933908 sp=0x000000d5e62fed60
Event: 12.393 Thread 0x00000250fec12f40 DEOPT UNPACKING pc=0x0000025088e52b43 sp=0x000000d5e62fe238 mode 0
Event: 12.394 Thread 0x00000250fec12f40 DEOPT PACKING pc=0x0000025089933908 sp=0x000000d5e62fed60
Event: 12.394 Thread 0x00000250fec12f40 DEOPT UNPACKING pc=0x0000025088e52b43 sp=0x000000d5e62fe238 mode 0
Event: 12.477 Thread 0x00000250fec12f40 DEOPT PACKING pc=0x0000025089936991 sp=0x000000d5e62fed00
Event: 12.477 Thread 0x00000250fec12f40 DEOPT UNPACKING pc=0x0000025088e52b43 sp=0x000000d5e62fe1f8 mode 0
Event: 12.543 Thread 0x00000250fec12f40 DEOPT PACKING pc=0x0000025089936991 sp=0x000000d5e62fed00
Event: 12.543 Thread 0x00000250fec12f40 DEOPT UNPACKING pc=0x0000025088e52b43 sp=0x000000d5e62fe1f8 mode 0
Event: 12.615 Thread 0x00000250fec12f40 DEOPT PACKING pc=0x0000025089936991 sp=0x000000d5e62fed00
Event: 12.615 Thread 0x00000250fec12f40 DEOPT UNPACKING pc=0x0000025088e52b43 sp=0x000000d5e62fe1f8 mode 0
Event: 12.759 Thread 0x00000250fec12f40 DEOPT PACKING pc=0x0000025089936991 sp=0x000000d5e62fed00
Event: 12.759 Thread 0x00000250fec12f40 DEOPT UNPACKING pc=0x0000025088e52b43 sp=0x000000d5e62fe1f8 mode 0
Event: 12.825 Thread 0x00000250fec12f40 DEOPT PACKING pc=0x0000025089936991 sp=0x000000d5e62fed00
Event: 12.825 Thread 0x00000250fec12f40 DEOPT UNPACKING pc=0x0000025088e52b43 sp=0x000000d5e62fe1f8 mode 0

Classes unloaded (0 events):
No events

Classes redefined (0 events):
No events

Internal exceptions (19 events):
Event: 0.398 Thread 0x00000250fec12f40 Exception <a 'java/lang/NoSuchMethodError'{0x0000000718e65b78}: 'java.lang.Object java.lang.invoke.DirectMethodHandle$Holder.invokeStaticInit(java.lang.Object)'> (0x0000000718e65b78) 
thrown [e:\jenkins\tmp\workspace\build\src\src\hotspot\share\interpreter\linkResolver.cpp, line 766]
Event: 0.417 Thread 0x00000250fec12f40 Exception <a 'java/lang/NoSuchMethodError'{0x0000000718ec7868}: 'void java.lang.invoke.DirectMethodHandle$Holder.invokeStatic(java.lang.Object, java.lang.Object)'> (0x0000000718ec7868) 
thrown [e:\jenkins\tmp\workspace\build\src\src\hotspot\share\interpreter\linkResolver.cpp, line 766]
Event: 0.419 Thread 0x00000250fec12f40 Exception <a 'java/lang/NoSuchMethodError'{0x0000000718ecd0b0}: 'void java.lang.invoke.DirectMethodHandle$Holder.invokeSpecial(java.lang.Object, java.lang.Object, java.lang.Object)'> (0x0000000718ecd0b0) 
thrown [e:\jenkins\tmp\workspace\build\src\src\hotspot\share\interpreter\linkResolver.cpp, line 766]
Event: 0.423 Thread 0x00000250fec12f40 Exception <a 'java/lang/NoSuchMethodError'{0x0000000718ee0438}: 'java.lang.Object java.lang.invoke.DirectMethodHandle$Holder.invokeStatic(java.lang.Object, java.lang.Object, int)'> (0x0000000718ee0438) 
thrown [e:\jenkins\tmp\workspace\build\src\src\hotspot\share\interpreter\linkResolver.cpp, line 766]
Event: 0.425 Thread 0x00000250fec12f40 Exception <a 'java/lang/NoSuchMethodError'{0x0000000718eec508}: 'void java.lang.invoke.DelegatingMethodHandle$Holder.delegate(java.lang.Object, java.lang.Object, int, java.lang.Object)'> (0x0000000718eec508) 
thrown [e:\jenkins\tmp\workspace\build\src\src\hotspot\share\interpreter\linkResolver.cpp, line 766]
Event: 0.426 Thread 0x00000250fec12f40 Exception <a 'java/lang/NoSuchMethodError'{0x0000000718ef0748}: 'int java.lang.invoke.DirectMethodHandle$Holder.invokeSpecial(java.lang.Object, java.lang.Object, java.lang.Object)'> (0x0000000718ef0748) 
thrown [e:\jenkins\tmp\workspace\build\src\src\hotspot\share\interpreter\linkResolver.cpp, line 766]
Event: 0.478 Thread 0x00000250fec12f40 Exception <a 'sun/nio/fs/WindowsException'{0x0000000718f971f8}> (0x0000000718f971f8) 
thrown [e:\jenkins\tmp\workspace\build\src\src\hotspot\share\prims\jni.cpp, line 516]
Event: 0.479 Thread 0x00000250fec12f40 Exception <a 'sun/nio/fs/WindowsException'{0x0000000718f97750}> (0x0000000718f97750) 
thrown [e:\jenkins\tmp\workspace\build\src\src\hotspot\share\prims\jni.cpp, line 516]
Event: 0.523 Thread 0x00000250fec12f40 Exception <a 'sun/nio/fs/WindowsException'{0x0000000718c85fa8}> (0x0000000718c85fa8) 
thrown [e:\jenkins\tmp\workspace\build\src\src\hotspot\share\prims\jni.cpp, line 516]
Event: 0.523 Thread 0x00000250fec12f40 Exception <a 'sun/nio/fs/WindowsException'{0x0000000718c86348}> (0x0000000718c86348) 
thrown [e:\jenkins\tmp\workspace\build\src\src\hotspot\share\prims\jni.cpp, line 516]
Event: 0.558 Thread 0x00000250fec12f40 Exception <a 'sun/nio/fs/WindowsException'{0x0000000718d36440}> (0x0000000718d36440) 
thrown [e:\jenkins\tmp\workspace\build\src\src\hotspot\share\prims\jni.cpp, line 516]
Event: 0.559 Thread 0x00000250fec12f40 Exception <a 'sun/nio/fs/WindowsException'{0x0000000718d367b0}> (0x0000000718d367b0) 
thrown [e:\jenkins\tmp\workspace\build\src\src\hotspot\share\prims\jni.cpp, line 516]
Event: 0.637 Thread 0x00000250fec12f40 Exception <a 'sun/nio/fs/WindowsException'{0x0000000718dba848}> (0x0000000718dba848) 
thrown [e:\jenkins\tmp\workspace\build\src\src\hotspot\share\prims\jni.cpp, line 516]
Event: 0.637 Thread 0x00000250fec12f40 Exception <a 'sun/nio/fs/WindowsException'{0x0000000718dbabd0}> (0x0000000718dbabd0) 
thrown [e:\jenkins\tmp\workspace\build\src\src\hotspot\share\prims\jni.cpp, line 516]
Event: 1.271 Thread 0x00000250fec12f40 Exception <a 'sun/nio/fs/WindowsException'{0x0000000718b9d730}> (0x0000000718b9d730) 
thrown [e:\jenkins\tmp\workspace\build\src\src\hotspot\share\prims\jni.cpp, line 516]
Event: 1.271 Thread 0x00000250fec12f40 Exception <a 'sun/nio/fs/WindowsException'{0x0000000718b9dae0}> (0x0000000718b9dae0) 
thrown [e:\jenkins\tmp\workspace\build\src\src\hotspot\share\prims\jni.cpp, line 516]
Event: 1.277 Thread 0x00000250fec12f40 Exception <a 'sun/nio/fs/WindowsException'{0x0000000718ba9c10}> (0x0000000718ba9c10) 
thrown [e:\jenkins\tmp\workspace\build\src\src\hotspot\share\prims\jni.cpp, line 516]
Event: 1.277 Thread 0x00000250fec12f40 Exception <a 'sun/nio/fs/WindowsException'{0x0000000718ba9ef8}> (0x0000000718ba9ef8) 
thrown [e:\jenkins\tmp\workspace\build\src\src\hotspot\share\prims\jni.cpp, line 516]
Event: 5.233 Thread 0x00000250fec12f40 Implicit null exception at 0x0000025090a131bf to 0x0000025090a1329c

VM Operations (20 events):
Event: 8.513 Executing VM operation: Cleanup
Event: 8.513 Executing VM operation: Cleanup done
Event: 9.513 Executing VM operation: Cleanup
Event: 9.513 Executing VM operation: Cleanup done
Event: 10.514 Executing VM operation: Cleanup
Event: 10.514 Executing VM operation: Cleanup done
Event: 11.515 Executing VM operation: Cleanup
Event: 11.515 Executing VM operation: Cleanup done
Event: 12.186 Executing VM operation: HandshakeAllThreads
Event: 12.186 Executing VM operation: HandshakeAllThreads done
Event: 13.186 Executing VM operation: Cleanup
Event: 13.186 Executing VM operation: Cleanup done
Event: 14.560 Executing VM operation: G1CollectForAllocation
Event: 14.563 Executing VM operation: G1CollectForAllocation done
Event: 16.562 Executing VM operation: Cleanup
Event: 16.562 Executing VM operation: Cleanup done
Event: 17.562 Executing VM operation: Cleanup
Event: 17.563 Executing VM operation: Cleanup done
Event: 18.563 Executing VM operation: Cleanup
Event: 18.563 Executing VM operation: Cleanup done

Events (20 events):
Event: 5.635 loading class jdk/internal/math/FormattedFloatingDecimal$Form done
Event: 5.635 loading class jdk/internal/math/FormattedFloatingDecimal
Event: 5.636 loading class jdk/internal/math/FormattedFloatingDecimal done
Event: 5.636 loading class jdk/internal/math/FormattedFloatingDecimal$1
Event: 5.636 loading class jdk/internal/math/FormattedFloatingDecimal$1 done
Event: 5.636 loading class jdk/internal/math/FormattedFloatingDecimal$2
Event: 5.636 loading class jdk/internal/math/FormattedFloatingDecimal$2 done
Event: 5.659 Thread 0x00000250b6b9d120 Thread added: 0x00000250b6b9d120
Event: 6.146 Thread 0x00000250a4d68a10 Thread exited: 0x00000250a4d68a10
Event: 6.161 Thread 0x00000250a4d69940 Thread exited: 0x00000250a4d69940
Event: 6.206 Thread 0x00000250a4d670c0 Thread exited: 0x00000250a4d670c0
Event: 6.326 Thread 0x00000250a4d6a360 Thread exited: 0x00000250a4d6a360
Event: 6.381 Thread 0x00000250a4d68500 Thread exited: 0x00000250a4d68500
Event: 7.254 Thread 0x00000250a4d69430 Thread exited: 0x00000250a4d69430
Event: 7.296 Thread 0x00000250a4d67ff0 Thread exited: 0x00000250a4d67ff0
Event: 10.273 Thread 0x00000250a4d675d0 Thread exited: 0x00000250a4d675d0
Event: 11.413 Thread 0x00000250a4d62630 Thread exited: 0x00000250a4d62630
Event: 11.413 Thread 0x00000250a4d59ce0 Thread exited: 0x00000250a4d59ce0
Event: 16.435 Thread 0x00000250af8b3550 Thread added: 0x00000250af8b3550
Event: 17.018 Thread 0x00000250af8b3550 Thread exited: 0x00000250af8b3550


Dynamic libraries:
0x00007ff7440e0000 - 0x00007ff7440ee000 	C:\Program Files\Eclipse Adoptium\jdk-17.0.1.12-hotspot\bin\java.exe
0x00007ffdc5cd0000 - 0x00007ffdc5ec5000 	C:\Windows\SYSTEM32\ntdll.dll
0x00007ffdc4060000 - 0x00007ffdc411d000 	C:\Windows\System32\KERNEL32.DLL
0x00007ffdc3720000 - 0x00007ffdc39ed000 	C:\Windows\System32\KERNELBASE.dll
0x00007ffdc33b0000 - 0x00007ffdc34b0000 	C:\Windows\System32\ucrtbase.dll
0x00007ffdaa3b0000 - 0x00007ffdaa3c8000 	C:\Program Files\Eclipse Adoptium\jdk-17.0.1.12-hotspot\bin\jli.dll
0x00007ffda1660000 - 0x00007ffda1679000 	C:\Program Files\Eclipse Adoptium\jdk-17.0.1.12-hotspot\bin\VCRUNTIME140.dll
0x00007ffdc5530000 - 0x00007ffdc56d0000 	C:\Windows\System32\USER32.dll
0x00007ffdc3c20000 - 0x00007ffdc3c42000 	C:\Windows\System32\win32u.dll
0x00007ffdad620000 - 0x00007ffdad8ba000 	C:\Windows\WinSxS\amd64_microsoft.windows.common-controls_6595b64144ccf1df_6.0.19041.1110_none_60b5254171f9507e\COMCTL32.dll
0x00007ffdc5bd0000 - 0x00007ffdc5bfa000 	C:\Windows\System32\GDI32.dll
0x00007ffdc5190000 - 0x00007ffdc522e000 	C:\Windows\System32\msvcrt.dll
0x00007ffdc3610000 - 0x00007ffdc371b000 	C:\Windows\System32\gdi32full.dll
0x00007ffdc39f0000 - 0x00007ffdc3a8d000 	C:\Windows\System32\msvcp_win.dll
0x00007ffdc4eb0000 - 0x00007ffdc4ee0000 	C:\Windows\System32\IMM32.DLL
0x00007ffdb17a0000 - 0x00007ffdb17ac000 	C:\Program Files\Eclipse Adoptium\jdk-17.0.1.12-hotspot\bin\vcruntime140_1.dll
0x00007ffd93330000 - 0x00007ffd933c1000 	C:\Program Files\Eclipse Adoptium\jdk-17.0.1.12-hotspot\bin\msvcp140.dll
0x00007ffd3d230000 - 0x00007ffd3de76000 	C:\Program Files\Eclipse Adoptium\jdk-17.0.1.12-hotspot\bin\server\jvm.dll
0x00007ffdc3fb0000 - 0x00007ffdc405e000 	C:\Windows\System32\ADVAPI32.dll
0x00007ffdc3e80000 - 0x00007ffdc3f1c000 	C:\Windows\System32\sechost.dll
0x00007ffdc3d50000 - 0x00007ffdc3e75000 	C:\Windows\System32\RPCRT4.dll
0x00007ffdc4ee0000 - 0x00007ffdc4ee8000 	C:\Windows\System32\PSAPI.DLL
0x00007ffdbc260000 - 0x00007ffdbc26a000 	C:\Windows\SYSTEM32\VERSION.dll
0x00007ffda5c00000 - 0x00007ffda5c09000 	C:\Windows\SYSTEM32\WSOCK32.dll
0x00007ffdb8890000 - 0x00007ffdb88b7000 	C:\Windows\SYSTEM32\WINMM.dll
0x00007ffdc52e0000 - 0x00007ffdc534b000 	C:\Windows\System32\WS2_32.dll
0x00007ffdc1c40000 - 0x00007ffdc1c52000 	C:\Windows\SYSTEM32\kernel.appcore.dll
0x00007ffda3be0000 - 0x00007ffda3bea000 	C:\Program Files\Eclipse Adoptium\jdk-17.0.1.12-hotspot\bin\jimage.dll
0x00007ffdc1a30000 - 0x00007ffdc1c14000 	C:\Windows\SYSTEM32\DBGHELP.DLL
0x00007ffdb8de0000 - 0x00007ffdb8e0c000 	C:\Windows\SYSTEM32\dbgcore.DLL
0x00007ffdc3a90000 - 0x00007ffdc3b12000 	C:\Windows\System32\bcryptPrimitives.dll
0x00007ffda0e80000 - 0x00007ffda0ea5000 	C:\Program Files\Eclipse Adoptium\jdk-17.0.1.12-hotspot\bin\java.dll
0x00007ffd63bc0000 - 0x00007ffd63c96000 	C:\Program Files\Eclipse Adoptium\jdk-17.0.1.12-hotspot\bin\svml.dll
0x00007ffdc4120000 - 0x00007ffdc4864000 	C:\Windows\System32\SHELL32.dll
0x00007ffdc1150000 - 0x00007ffdc18e4000 	C:\Windows\SYSTEM32\windows.storage.dll
0x00007ffdc5870000 - 0x00007ffdc5bc4000 	C:\Windows\System32\combase.dll
0x00007ffdc2e10000 - 0x00007ffdc2e3c000 	C:\Windows\SYSTEM32\Wldp.dll
0x00007ffdc5230000 - 0x00007ffdc52dd000 	C:\Windows\System32\SHCORE.dll
0x00007ffdc3cf0000 - 0x00007ffdc3d45000 	C:\Windows\System32\shlwapi.dll
0x00007ffdc32f0000 - 0x00007ffdc330f000 	C:\Windows\SYSTEM32\profapi.dll
0x00007ffda1640000 - 0x00007ffda1659000 	C:\Program Files\Eclipse Adoptium\jdk-17.0.1.12-hotspot\bin\net.dll
0x00007ffdb4be0000 - 0x00007ffdb4cea000 	C:\Windows\SYSTEM32\WINHTTP.dll
0x00007ffdc2b70000 - 0x00007ffdc2bda000 	C:\Windows\system32\mswsock.dll
0x00007ffda1600000 - 0x00007ffda1615000 	C:\Program Files\Eclipse Adoptium\jdk-17.0.1.12-hotspot\bin\nio.dll
0x00007ffda1520000 - 0x00007ffda1538000 	C:\Program Files\Eclipse Adoptium\jdk-17.0.1.12-hotspot\bin\zip.dll
0x000000006e700000 - 0x000000006e72a000 	C:\Users\grado\AppData\Local\Temp\libgdxgrado\e1cd32f8\gdx64.dll
0x00007ffd932c0000 - 0x00007ffd93324000 	C:\Users\grado\AppData\Local\Temp\lwjglgrado\3.2.3-build-13\lwjgl.dll
0x00007ffd43320000 - 0x00007ffd43573000 	C:\Users\grado\AppData\Local\Temp\lwjglgrado\3.2.3-build-13\jemalloc.dll
0x00007ffd892d0000 - 0x00007ffd89332000 	C:\Users\grado\AppData\Local\Temp\lwjglgrado\3.2.3-build-13\glfw.dll
0x00007ffdc0870000 - 0x00007ffdc090e000 	C:\Windows\system32\uxtheme.dll
0x00007ffd76990000 - 0x00007ffd769d5000 	C:\Windows\SYSTEM32\dinput8.dll
0x00007ffd87c30000 - 0x00007ffd87c41000 	C:\Windows\SYSTEM32\xinput1_4.dll
0x00007ffdc3b20000 - 0x00007ffdc3b6e000 	C:\Windows\System32\cfgmgr32.dll
0x00007ffdc3160000 - 0x00007ffdc318c000 	C:\Windows\SYSTEM32\DEVOBJ.dll
0x00007ffdc0a00000 - 0x00007ffdc0a2f000 	C:\Windows\SYSTEM32\dwmapi.dll
0x00007ffda8c80000 - 0x00007ffda8dd2000 	C:\Windows\SYSTEM32\inputhost.dll
0x00007ffdc4d70000 - 0x00007ffdc4e3d000 	C:\Windows\System32\OLEAUT32.dll
0x00007ffdbe990000 - 0x00007ffdbea86000 	C:\Windows\SYSTEM32\PROPSYS.dll
0x00007ffdc0500000 - 0x00007ffdc05f2000 	C:\Windows\SYSTEM32\CoreMessaging.dll
0x00007ffdbfad0000 - 0x00007ffdbfc24000 	C:\Windows\SYSTEM32\wintypes.dll
0x00007ffdc01a0000 - 0x00007ffdc04fe000 	C:\Windows\SYSTEM32\CoreUIComponents.dll
0x00007ffdc20b0000 - 0x00007ffdc20e3000 	C:\Windows\SYSTEM32\ntmarta.dll
0x00007ffdc5750000 - 0x00007ffdc5865000 	C:\Windows\System32\MSCTF.dll
0x00007ffdc18f0000 - 0x00007ffdc18fd000 	C:\Windows\SYSTEM32\HID.DLL
0x00007ffdc4870000 - 0x00007ffdc4ce1000 	C:\Windows\System32\SETUPAPI.DLL
0x00007ffdc3c50000 - 0x00007ffdc3c77000 	C:\Windows\System32\bcrypt.dll
0x00007ffdc3c80000 - 0x00007ffdc3ce8000 	C:\Windows\System32\WINTRUST.dll
0x00007ffdc34b0000 - 0x00007ffdc3606000 	C:\Windows\System32\CRYPT32.dll
0x00007ffdc2fa0000 - 0x00007ffdc2fb2000 	C:\Windows\SYSTEM32\MSASN1.dll
0x00007ffd43210000 - 0x00007ffd4331b000 	C:\Users\grado\AppData\Local\Temp\lwjglgrado\3.2.3-build-13\OpenAL.dll
0x00007ffdc5400000 - 0x00007ffdc552a000 	C:\Windows\System32\ole32.dll
0x00007ffdc5350000 - 0x00007ffdc53f9000 	C:\Windows\System32\clbcatq.dll
0x00007ffdbb510000 - 0x00007ffdbb595000 	C:\Windows\System32\MMDevApi.dll
0x00007ffdbbda0000 - 0x00007ffdbbf22000 	C:\Windows\SYSTEM32\AUDIOSES.DLL
0x00007ffdc2930000 - 0x00007ffdc297b000 	C:\Windows\SYSTEM32\powrprof.dll
0x00007ffdc27f0000 - 0x00007ffdc2802000 	C:\Windows\SYSTEM32\UMPDC.dll
0x00007ffdc0a30000 - 0x00007ffdc0a44000 	C:\Windows\SYSTEM32\resourcepolicyclient.dll
0x00007ffd22910000 - 0x00007ffd22a36000 	C:\Windows\SYSTEM32\opengl32.dll
0x00007ffd228e0000 - 0x00007ffd2290c000 	C:\Windows\SYSTEM32\GLU32.dll
0x00007ffdbc2e0000 - 0x00007ffdbc3d7000 	C:\Windows\System32\AppXDeploymentClient.dll
0x00007ffd63e50000 - 0x00007ffd63e7a000 	C:\Windows\System32\DriverStore\FileRepository\u0361612.inf_amd64_b679e02f70413f9f\B361368\atig6pxx.dll
0x00007ffcfa390000 - 0x00007ffcfd076000 	C:\Windows\System32\DriverStore\FileRepository\u0361612.inf_amd64_b679e02f70413f9f\B361368\atio6axx.dll
0x00007ffd86690000 - 0x00007ffd866b4000 	C:\Windows\SYSTEM32\dxva2.dll
0x00007ffd79060000 - 0x00007ffd7909c000 	C:\Windows\System32\DriverStore\FileRepository\u0361612.inf_amd64_b679e02f70413f9f\B361368\atig6txx.dll
0x00007ffd43050000 - 0x00007ffd43209000 	C:\Windows\SYSTEM32\atiadlxx.dll
0x00007ffdb9380000 - 0x00007ffdb93bb000 	C:\Windows\SYSTEM32\dxcore.dll
0x00007ffd62880000 - 0x00007ffd628d9000 	C:\Users\grado\AppData\Local\Temp\lwjglgrado\3.2.3-build-13\lwjgl_opengl.dll
0x00007ffda93b0000 - 0x00007ffda94a9000 	C:\Windows\SYSTEM32\textinputframework.dll

dbghelp: loaded successfully - version: 4.0.5 - missing functions: none
symbol engine: initialized successfully - sym options: 0x614 - pdb path: .;C:\Program Files\Eclipse Adoptium\jdk-17.0.1.12-hotspot\bin;C:\Windows\SYSTEM32;C:\Windows\WinSxS\amd64_microsoft.windows.common-controls_6595b64144ccf1df_6.0.19041.1110_none_60b5254171f9507e;C:\Program Files\Eclipse Adoptium\jdk-17.0.1.12-hotspot\bin\server;C:\Users\grado\AppData\Local\Temp\libgdxgrado\e1cd32f8;C:\Users\grado\AppData\Local\Temp\lwjglgrado\3.2.3-build-13;C:\Windows\System32\DriverStore\FileRepository\u0361612.inf_amd64_b679e02f70413f9f\B361368

VM Arguments:
jvm_args: -XX:+ShowCodeDetailsInExceptionMessages 
java_command: com.crazyputting3d.Main
java_class_path (initial): C:\Users\grado\Desktop\Group-04\3dcrazyputting\desktop\bin\main;\CrazyPutting3D-core\bin\default;C:\Users\grado\Desktop\Group-04\3dcrazyputting\core\bin\main;C:\Users\grado\.gradle\caches\modules-2\files-2.1\com.badlogicgames.gdx\gdx-backend-lwjgl3\1.10.0\600c7d5b2c977daa82c4abad147087b31e0ada87\gdx-backend-lwjgl3-1.10.0.jar;C:\Users\grado\.gradle\caches\modules-2\files-2.1\com.badlogicgames.gdx\gdx-platform\1.10.0\9a8fa793d2fd6d360afc6c9e4c1f5583da263b88\gdx-platform-1.10.0-natives-desktop.jar;C:\Users\grado\.gradle\caches\modules-2\files-2.1\com.badlogicgames.gdx\gdx-bullet-platform\1.10.0\ce92e8dfc762523d769cbc50853163c03bf98cf1\gdx-bullet-platform-1.10.0-natives-desktop.jar;C:\Users\grado\.gradle\caches\modules-2\files-2.1\com.badlogicgames.gdx\gdx-freetype-platform\1.10.0\6e5d28752759e69384f12e4569d2c884ff71352f\gdx-freetype-platform-1.10.0-natives-desktop.jar;C:\Users\grado\.gradle\caches\modules-2\files-2.1\com.badlogicgames.gdx-controllers\gdx-controllers-desktop\2.2.1\cb3430c32468a090eca54d494d16bb3764ceff9b\gdx-controllers-desktop-2.2.1.jar;C:\Users\grado\.gradle\caches\modules-2\files-2.1\org.jetbrains\annotations\20.1.0\2fcd1f3225bca0c4a7bc931142076f8c1e80993f\annotations-20.1.0.jar;C:\Users\grado\.gradle\caches\modules-2\files-2.1\com.badlogicgames.gdx\gdx-bullet\1.10.0\839b58c7278f5c3b55291c3a559d91227400ecdb\gdx-bullet-1.10.0.jar;C:\Users\grado\.gradle\caches\modules-2\files-2.1\com.badlogicgames.gdx\gdx-freetype\1.10.0\de1d0d5c1e92e8d91364256fd6b7bb279d3e9859\gdx-freetype-1.10.0.jar;C:\Users\grado\.gradle\caches\modules-2\files-2.1\com.badlogicgames.gdx\gdx-ai\1.8.2\ab75d2ce80ab1b1ce6828a15dc0f417abac4c674\gdx-ai-1.8.2.jar;C:\Users\grado\.gradle\caches\modules-2\files-2.1\com.badlogicgames.ashley\ashley\1.7.4\21a3a8932919099c4e5006a7d8378dcbe76ef8a5\ashley-1.7.4.jar;C:\Users\grado\.gradle\caches\modules-2\files-2.1\com.badlogicgames.box2dlights\box2dlights\1.5\6902dbcd250c95a27973aa24a147a95b3828d348\box2dlights-1.5.jar;C
Launcher Type: SUN_STANDARD

[Global flags]
     intx CICompilerCount                          = 12                                        {product} {ergonomic}
     uint ConcGCThreads                            = 3                                         {product} {ergonomic}
     uint G1ConcRefinementThreads                  = 13                                        {product} {ergonomic}
   size_t G1HeapRegionSize                         = 2097152                                   {product} {ergonomic}
    uintx GCDrainStackTargetSize                   = 64                                        {product} {ergonomic}
   size_t InitialHeapSize                          = 257949696                                 {product} {ergonomic}
   size_t MarkStackSize                            = 4194304                                   {product} {ergonomic}
   size_t MaxHeapSize                              = 4127195136                                {product} {ergonomic}
   size_t MaxNewSize                               = 2474639360                                {product} {ergonomic}
   size_t MinHeapDeltaBytes                        = 2097152                                   {product} {ergonomic}
   size_t MinHeapSize                              = 8388608                                   {product} {ergonomic}
    uintx NonNMethodCodeHeapSize                   = 7602480                                {pd product} {ergonomic}
    uintx NonProfiledCodeHeapSize                  = 122027880                              {pd product} {ergonomic}
    uintx ProfiledCodeHeapSize                     = 122027880                              {pd product} {ergonomic}
    uintx ReservedCodeCacheSize                    = 251658240                              {pd product} {ergonomic}
     bool SegmentedCodeCache                       = true                                      {product} {ergonomic}
     bool ShowCodeDetailsInExceptionMessages       = true                                   {manageable} {command line}
   size_t SoftMaxHeapSize                          = 4127195136                             {manageable} {ergonomic}
     bool UseCompressedClassPointers               = true                           {product lp64_product} {ergonomic}
     bool UseCompressedOops                        = true                           {product lp64_product} {ergonomic}
     bool UseG1GC                                  = true                                      {product} {ergonomic}
     bool UseLargePagesIndividualAllocation        = false                                  {pd product} {ergonomic}

Logging:
Log output configuration:
 #0: stdout all=warning uptime,level,tags
 #1: stderr all=off uptime,level,tags

Environment Variables:
PATH=C:\Program Files\Common Files\Oracle\Java\javapath;C:\Windows\system32;C:\Windows;C:\Windows\System32\Wbem;C:\Windows\System32\WindowsPowerShell\v1.0\;C:\Windows\System32\OpenSSH\;C:\Program Files (x86)\NVIDIA Corporation\PhysX\Common;C:\Program Files\NVIDIA Corporation\NVIDIA NvDLISR;C:\Program Files\MATLAB\R2022a\bin;C:\Program Files\Gradle\gradle-7.4.2\bin;C:\Program Files\Git\cmd;C:\Users\grado\AppData\Local\Microsoft\WindowsApps;C:\Users\grado\AppData\Local\Programs\Microsoft VS Code\bin;C:\Users\grado\AppData\Local\GitHubDesktop\bin
USERNAME=grado
LANG=en_US.UTF-8
OS=Windows_NT
PROCESSOR_IDENTIFIER=AMD64 Family 23 Model 96 Stepping 1, AuthenticAMD



---------------  S Y S T E M  ---------------

OS:
 Windows 10 , 64 bit Build 19041 (10.0.19041.1706)
OS uptime: 9 days 12:42 hours

CPU: total 16 (initial active 16) (16 cores per cpu, 2 threads per core) family 23 model 96 stepping 1 microcode 0x0, cx8, cmov, fxsr, ht, mmx, 3dnowpref, sse, sse2, sse3, ssse3, sse4a, sse4.1, sse4.2, popcnt, lzcnt, tsc, tscinvbit, avx, avx2, aes, clmul, bmi1, bmi2, adx, sha, fma, vzeroupper, clflush, clflushopt

Memory: 4k page, system-wide physical 15741M (5466M free)
TotalPageFile size 22653M (AvailPageFile size 5991M)
current process WorkingSet (physical memory assigned to process): 354M, peak: 441M
current process commit charge ("private bytes"): 774M, peak: 887M

vm_info: OpenJDK 64-Bit Server VM (17.0.1+12) for windows-amd64 JRE (17.0.1+12), built on Oct 20 2021 07:42:55 by "" with MS VC++ 16.7 (VS2019)

END.
