#
# A fatal error has been detected by the Java Runtime Environment:
#
#  EXCEPTION_ACCESS_VIOLATION (0xc0000005) at pc=0x000001661d840000, pid=21788, tid=26488
#
# JRE version: OpenJDK Runtime Environment Temurin-17.0.1+12 (17.0.1+12) (build 17.0.1+12)
# Java VM: OpenJDK 64-Bit Server VM Temurin-17.0.1+12 (17.0.1+12, mixed mode, sharing, tiered, compressed oops, compressed class ptrs, g1 gc, windows-amd64)
# Problematic frame:
# C  0x000001661d840000
#
# No core dump will be written. Minidumps are not enabled by default on client versions of Windows
#
# If you would like to submit a bug report, please visit:
#   https://github.com/adoptium/adoptium-support/issues
# The crash happened outside the Java Virtual Machine in native code.
# See problematic frame for where to report the bug.
#

---------------  S U M M A R Y ------------

Command Line: -XX:+ShowCodeDetailsInExceptionMessages com.crazyputting3d.Main

Host: AMD Ryzen 7 4800H with Radeon Graphics         , 16 cores, 15G,  Windows 10 , 64 bit Build 19041 (10.0.19041.1706)
Time: Wed Jun 15 12:05:39 2022 Central European Daylight Time elapsed time: 12.956519 seconds (0d 0h 0m 12s)

---------------  T H R E A D  ---------------

Current thread (0x000001661d714a20):  JavaThread "main" [_thread_in_native, id=26488, stack(0x00000032e3000000,0x00000032e3100000)]

Stack: [0x00000032e3000000,0x00000032e3100000],  sp=0x00000032e30fed48,  free space=1019k
Native frames: (J=compiled Java code, j=interpreted, Vv=VM code, C=native code)
C  0x000001661d840000

Java frames: (J=compiled Java code, j=interpreted, Vv=VM code)
J 1226  org.lwjgl.system.JNI.invokePV(JJ)V (0 bytes) @ 0x000001662e61816c [0x000001662e618120+0x000000000000004c]
J 2107 c1 org.lwjgl.glfw.GLFW.glfwSwapBuffers(J)V (21 bytes) @ 0x00000166275132ac [0x00000166275131c0+0x00000000000000ec]
j  com.badlogic.gdx.backends.lwjgl3.Lwjgl3Window.update()Z+196
j  com.badlogic.gdx.backends.lwjgl3.Lwjgl3Application.loop()V+111
j  com.badlogic.gdx.backends.lwjgl3.Lwjgl3Application.<init>(Lcom/badlogic/gdx/ApplicationListener;Lcom/badlogic/gdx/backends/lwjgl3/Lwjgl3ApplicationConfiguration;)V+243
j  com.crazyputting3d.Main.main([Ljava/lang/String;)V+45
v  ~StubRoutines::call_stub

siginfo: EXCEPTION_ACCESS_VIOLATION (0xc0000005), data execution prevention violation at address 0x000001661d840000


Register to memory mapping:

RIP=0x000001661d840000 is an unknown value
RAX=0x000001661d840000 is an unknown value
RBX=0x0000000000010001 is an unknown value
RCX=0x0000000000010001 is an unknown value
RDX=0x00000032e30fed80 is pointing into the stack for thread: 0x000001661d714a20
RSP=0x00000032e30fed48 is pointing into the stack for thread: 0x000001661d714a20
RBP=0x00000032e30fee50 is pointing into the stack for thread: 0x000001661d714a20
RSI=0x0000000000000110 is an unknown value
RDI=0x0000000000000fde is an unknown value
R8 =0x0000016643f26ea0 points into unknown readable memory: 0x0000000000000000 | 00 00 00 00 00 00 00 00
R9 =0x00007ffd77001b50 glfw.dll
R10=0x00007ffd88861b10 lwjgl.dll
R11=0x00000032e30ff1b8 is pointing into the stack for thread: 0x000001661d714a20
R12=0x0 is NULL
R13=0x00000032e30ff2b8 is pointing into the stack for thread: 0x000001661d714a20
R14=0x00000032e30ff210 is pointing into the stack for thread: 0x000001661d714a20
R15=0x000001661d714a20 is a thread


Registers:
RAX=0x000001661d840000, RBX=0x0000000000010001, RCX=0x0000000000010001, RDX=0x00000032e30fed80
RSP=0x00000032e30fed48, RBP=0x00000032e30fee50, RSI=0x0000000000000110, RDI=0x0000000000000fde
R8 =0x0000016643f26ea0, R9 =0x00007ffd77001b50, R10=0x00007ffd88861b10, R11=0x00000032e30ff1b8
R12=0x0000000000000000, R13=0x00000032e30ff2b8, R14=0x00000032e30ff210, R15=0x000001661d714a20
RIP=0x000001661d840000, EFLAGS=0x0000000000010206

Top of Stack: (sp=0x00000032e30fed48)
0x00000032e30fed48:   00007ffd77001f7c 0000000200000000
0x00000032e30fed58:   0000016627362c4c 000000070a002b18
0x00000032e30fed68:   0000140600000002 0000000700000014
0x00000032e30fed78:   438c000041700000 57464c4720656854
0x00000032e30fed88:   7972617262696c20 20746f6e20736920
0x00000032e30fed98:   696c616974696e69 000000320064657a
0x00000032e30feda8:   0000016627357fe4 00000032e30fee88
0x00000032e30fedb8:   00007ffd3cd75e62 000000001d714a20
0x00000032e30fedc8:   0000000000000000 00000000000001cc
0x00000032e30fedd8:   0000016626a194fe 0000000000000000
0x00000032e30fede8:   000000006e7020f4 000001661d714cc8
0x00000032e30fedf8:   00007ffd3cd75481 0000000000000000
0x00000032e30fee08:   0000016627335afc 0000000000000003
0x00000032e30fee18:   000000070a004ea8 000000070a018ad0
0x00000032e30fee28:   000001662e610485 000000070a004f08
0x00000032e30fee38:   000000070a002b18 0000000000000002 

Instructions: (pc=0x000001661d840000)
0x000001661d83ff00:   ?? ?? ?? ?? ?? ?? ?? ?? ?? ?? ?? ?? ?? ?? ?? ??
0x000001661d83ff10:   ?? ?? ?? ?? ?? ?? ?? ?? ?? ?? ?? ?? ?? ?? ?? ??
0x000001661d83ff20:   ?? ?? ?? ?? ?? ?? ?? ?? ?? ?? ?? ?? ?? ?? ?? ??
0x000001661d83ff30:   ?? ?? ?? ?? ?? ?? ?? ?? ?? ?? ?? ?? ?? ?? ?? ??
0x000001661d83ff40:   ?? ?? ?? ?? ?? ?? ?? ?? ?? ?? ?? ?? ?? ?? ?? ??
0x000001661d83ff50:   ?? ?? ?? ?? ?? ?? ?? ?? ?? ?? ?? ?? ?? ?? ?? ??
0x000001661d83ff60:   ?? ?? ?? ?? ?? ?? ?? ?? ?? ?? ?? ?? ?? ?? ?? ??
0x000001661d83ff70:   ?? ?? ?? ?? ?? ?? ?? ?? ?? ?? ?? ?? ?? ?? ?? ??
0x000001661d83ff80:   ?? ?? ?? ?? ?? ?? ?? ?? ?? ?? ?? ?? ?? ?? ?? ??
0x000001661d83ff90:   ?? ?? ?? ?? ?? ?? ?? ?? ?? ?? ?? ?? ?? ?? ?? ??
0x000001661d83ffa0:   ?? ?? ?? ?? ?? ?? ?? ?? ?? ?? ?? ?? ?? ?? ?? ??
0x000001661d83ffb0:   ?? ?? ?? ?? ?? ?? ?? ?? ?? ?? ?? ?? ?? ?? ?? ??
0x000001661d83ffc0:   ?? ?? ?? ?? ?? ?? ?? ?? ?? ?? ?? ?? ?? ?? ?? ??
0x000001661d83ffd0:   ?? ?? ?? ?? ?? ?? ?? ?? ?? ?? ?? ?? ?? ?? ?? ??
0x000001661d83ffe0:   ?? ?? ?? ?? ?? ?? ?? ?? ?? ?? ?? ?? ?? ?? ?? ??
0x000001661d83fff0:   ?? ?? ?? ?? ?? ?? ?? ?? ?? ?? ?? ?? ?? ?? ?? ??
0x000001661d840000:   ?? ?? ?? ?? ?? ?? ?? ?? ?? ?? ?? ?? ?? ?? ?? ??
0x000001661d840010:   ?? ?? ?? ?? ?? ?? ?? ?? ?? ?? ?? ?? ?? ?? ?? ??
0x000001661d840020:   ?? ?? ?? ?? ?? ?? ?? ?? ?? ?? ?? ?? ?? ?? ?? ??
0x000001661d840030:   ?? ?? ?? ?? ?? ?? ?? ?? ?? ?? ?? ?? ?? ?? ?? ??
0x000001661d840040:   ?? ?? ?? ?? ?? ?? ?? ?? ?? ?? ?? ?? ?? ?? ?? ??
0x000001661d840050:   ?? ?? ?? ?? ?? ?? ?? ?? ?? ?? ?? ?? ?? ?? ?? ??
0x000001661d840060:   ?? ?? ?? ?? ?? ?? ?? ?? ?? ?? ?? ?? ?? ?? ?? ??
0x000001661d840070:   ?? ?? ?? ?? ?? ?? ?? ?? ?? ?? ?? ?? ?? ?? ?? ??
0x000001661d840080:   ?? ?? ?? ?? ?? ?? ?? ?? ?? ?? ?? ?? ?? ?? ?? ??
0x000001661d840090:   ?? ?? ?? ?? ?? ?? ?? ?? ?? ?? ?? ?? ?? ?? ?? ??
0x000001661d8400a0:   ?? ?? ?? ?? ?? ?? ?? ?? ?? ?? ?? ?? ?? ?? ?? ??
0x000001661d8400b0:   ?? ?? ?? ?? ?? ?? ?? ?? ?? ?? ?? ?? ?? ?? ?? ??
0x000001661d8400c0:   ?? ?? ?? ?? ?? ?? ?? ?? ?? ?? ?? ?? ?? ?? ?? ??
0x000001661d8400d0:   ?? ?? ?? ?? ?? ?? ?? ?? ?? ?? ?? ?? ?? ?? ?? ??
0x000001661d8400e0:   ?? ?? ?? ?? ?? ?? ?? ?? ?? ?? ?? ?? ?? ?? ?? ??
0x000001661d8400f0:   ?? ?? ?? ?? ?? ?? ?? ?? ?? ?? ?? ?? ?? ?? ?? ?? 


Stack slot to memory mapping:
stack at sp + 0 slots: 0x00007ffd77001f7c glfw.dll
stack at sp + 1 slots: 0x0000000200000000 is an unknown value
stack at sp + 2 slots: 0x0000016627362c4c is at entry_point+140 in (nmethod*)0x0000016627362a10
stack at sp + 3 slots: 0x000000070a002b18 is an oop: com.badlogic.gdx.backends.lwjgl3.Lwjgl3GL20 
{0x000000070a002b18} - klass: 'com/badlogic/gdx/backends/lwjgl3/Lwjgl3GL20'
 - ---- fields (total size 3 words):
 - private 'buffer' 'Ljava/nio/ByteBuffer;' @12  a 'java/nio/DirectByteBuffer'{0x000000070a002b30} (e1400566)
 - private 'floatBuffer' 'Ljava/nio/FloatBuffer;' @16  a 'java/nio/DirectFloatBufferU'{0x000000070a0044e0} (e140089c)
 - private 'intBuffer' 'Ljava/nio/IntBuffer;' @20  a 'java/nio/DirectIntBufferU'{0x000000070a004518} (e14008a3)
stack at sp + 4 slots: 0x0000140600000002 is an unknown value
stack at sp + 5 slots: 0x0000000700000014 is an unknown value
stack at sp + 6 slots: 0x438c000041700000 is an unknown value
stack at sp + 7 slots: 0x57464c4720656854 is an unknown value


---------------  P R O C E S S  ---------------

Threads class SMR info:
_java_thread_list=0x0000016657d74200, length=18, elements={
0x000001661d714a20, 0x0000016642c4b3a0, 0x0000016642c4d2a0, 0x0000016642c65be0,
0x0000016642c668b0, 0x0000016642c67260, 0x0000016642c6b110, 0x0000016642c6bea0,
0x0000016642c74d60, 0x0000016642c79380, 0x0000016643964610, 0x000001664396d1b0,
0x00000166441b5f00, 0x000001664f5cb4a0, 0x000001664f986850, 0x00000166553d1fb0,
0x0000016654a37870, 0x0000016646ebaac0
}

Java Threads: ( => current thread )
=>0x000001661d714a20 JavaThread "main" [_thread_in_native, id=26488, stack(0x00000032e3000000,0x00000032e3100000)]
  0x0000016642c4b3a0 JavaThread "Reference Handler" daemon [_thread_blocked, id=17860, stack(0x00000032e3700000,0x00000032e3800000)]
  0x0000016642c4d2a0 JavaThread "Finalizer" daemon [_thread_blocked, id=8432, stack(0x00000032e3800000,0x00000032e3900000)]
  0x0000016642c65be0 JavaThread "Signal Dispatcher" daemon [_thread_blocked, id=10140, stack(0x00000032e3900000,0x00000032e3a00000)]
  0x0000016642c668b0 JavaThread "Attach Listener" daemon [_thread_blocked, id=25516, stack(0x00000032e3a00000,0x00000032e3b00000)]
  0x0000016642c67260 JavaThread "Service Thread" daemon [_thread_blocked, id=16644, stack(0x00000032e3b00000,0x00000032e3c00000)]
  0x0000016642c6b110 JavaThread "Monitor Deflation Thread" daemon [_thread_blocked, id=25512, stack(0x00000032e3c00000,0x00000032e3d00000)]
  0x0000016642c6bea0 JavaThread "C2 CompilerThread0" daemon [_thread_blocked, id=11072, stack(0x00000032e3d00000,0x00000032e3e00000)]
  0x0000016642c74d60 JavaThread "C1 CompilerThread0" daemon [_thread_blocked, id=14076, stack(0x00000032e3e00000,0x00000032e3f00000)]
  0x0000016642c79380 JavaThread "Sweeper thread" daemon [_thread_blocked, id=14744, stack(0x00000032e3f00000,0x00000032e4000000)]
  0x0000016643964610 JavaThread "Notification Thread" daemon [_thread_blocked, id=396, stack(0x00000032e4200000,0x00000032e4300000)]
  0x000001664396d1b0 JavaThread "Common-Cleaner" daemon [_thread_blocked, id=6016, stack(0x00000032e4400000,0x00000032e4500000)]
  0x00000166441b5f00 JavaThread "LWJGL3 Timer" daemon [_thread_blocked, id=25028, stack(0x00000032e4d00000,0x00000032e4e00000)]
  0x000001664f5cb4a0 JavaThread "LWJGL3 Timer" daemon [_thread_blocked, id=22240, stack(0x00000032e5d00000,0x00000032e5e00000)]
  0x000001664f986850 JavaThread "Java Sound Event Dispatcher" daemon [_thread_blocked, id=9660, stack(0x00000032e5b00000,0x00000032e5c00000)]
  0x00000166553d1fb0 JavaThread "Direct Clip" daemon [_thread_blocked, id=24300, stack(0x00000032e5f00000,0x00000032e6000000)]
  0x0000016654a37870 JavaThread "C1 CompilerThread1" daemon [_thread_blocked, id=4644, stack(0x00000032e4000000,0x00000032e4100000)]
  0x0000016646ebaac0 JavaThread "C1 CompilerThread2" daemon [_thread_blocked, id=21220, stack(0x00000032e4100000,0x00000032e4200000)]

Other Threads:
  0x0000016642c43fd0 VMThread "VM Thread" [stack: 0x00000032e3600000,0x00000032e3700000] [id=25088]
  0x00000166439660c0 WatcherThread [stack: 0x00000032e4300000,0x00000032e4400000] [id=32]
  0x000001661d76a900 GCTaskThread "GC Thread#0" [stack: 0x00000032e3100000,0x00000032e3200000] [id=21752]
  0x0000016646a5b9f0 GCTaskThread "GC Thread#1" [stack: 0x00000032e4e00000,0x00000032e4f00000] [id=14716]
  0x0000016646a5ac80 GCTaskThread "GC Thread#2" [stack: 0x00000032e4f00000,0x00000032e5000000] [id=18948]
  0x0000016646a5bca0 GCTaskThread "GC Thread#3" [stack: 0x00000032e5000000,0x00000032e5100000] [id=7416]
  0x0000016646a5c4b0 GCTaskThread "GC Thread#4" [stack: 0x00000032e5100000,0x00000032e5200000] [id=26600]
  0x0000016646a5c760 GCTaskThread "GC Thread#5" [stack: 0x00000032e5200000,0x00000032e5300000] [id=25672]
  0x0000016646a58c40 GCTaskThread "GC Thread#6" [stack: 0x00000032e5300000,0x00000032e5400000] [id=21296]
  0x0000016646a5af30 GCTaskThread "GC Thread#7" [stack: 0x00000032e6100000,0x00000032e6200000] [id=17612]
  0x000001661d77ad40 ConcurrentGCThread "G1 Main Marker" [stack: 0x00000032e3200000,0x00000032e3300000] [id=2376]
  0x000001661d77de10 ConcurrentGCThread "G1 Conc#0" [stack: 0x00000032e3300000,0x00000032e3400000] [id=26244]
  0x0000016642ae24d0 ConcurrentGCThread "G1 Refine#0" [stack: 0x00000032e3400000,0x00000032e3500000] [id=23496]
  0x0000016653e5aa10 ConcurrentGCThread "G1 Refine#1" [stack: 0x00000032e6200000,0x00000032e6300000] [id=14016]
  0x000001664f80b060 ConcurrentGCThread "G1 Refine#2" [stack: 0x00000032e6300000,0x00000032e6400000] [id=13612]
  0x00000166552ecc10 ConcurrentGCThread "G1 Refine#3" [stack: 0x00000032e6000000,0x00000032e6100000] [id=16456]
  0x00000166552eda70 ConcurrentGCThread "G1 Refine#4" [stack: 0x00000032e6400000,0x00000032e6500000] [id=11748]
  0x00000166552edd50 ConcurrentGCThread "G1 Refine#5" [stack: 0x00000032e6500000,0x00000032e6600000] [id=2688]
  0x00000166552ee030 ConcurrentGCThread "G1 Refine#6" [stack: 0x00000032e6600000,0x00000032e6700000] [id=24428]
  0x00000166552ec370 ConcurrentGCThread "G1 Refine#7" [stack: 0x00000032e6700000,0x00000032e6800000] [id=11372]
  0x00000166552ed4b0 ConcurrentGCThread "G1 Refine#8" [stack: 0x00000032e6800000,0x00000032e6900000] [id=25704]
  0x00000166552ecef0 ConcurrentGCThread "G1 Refine#9" [stack: 0x00000032e6900000,0x00000032e6a00000] [id=11612]
  0x00000166552ec650 ConcurrentGCThread "G1 Refine#10" [stack: 0x00000032e6a00000,0x00000032e6b00000] [id=2716]
  0x0000016642ae2df0 ConcurrentGCThread "G1 Service" [stack: 0x00000032e3500000,0x00000032e3600000] [id=10500]

Threads with active compile tasks:

VM state: not at safepoint (normal execution)

VM Mutex/Monitor currently owned by a thread: None

Heap address: 0x000000070a000000, size: 3936 MB, Compressed Oops mode: Zero based, Oop shift amount: 3

CDS archive(s) mapped at: [0x0000000800000000-0x0000000800bc0000-0x0000000800bc0000), size 12320768, SharedBaseAddress: 0x0000000800000000, ArchiveRelocationMode: 0.
Compressed class space mapped at: 0x0000000800c00000-0x0000000840c00000, reserved size: 1073741824
Narrow klass base: 0x0000000800000000, Narrow klass shift: 0, Narrow klass range: 0x100000000

GC Precious Log:
 CPUs: 16 total, 16 available
 Memory: 15741M
 Large Page Support: Disabled
 NUMA Support: Disabled
 Compressed Oops: Enabled (Zero based)
 Heap Region Size: 2M
 Heap Min Capacity: 8M
 Heap Initial Capacity: 246M
 Heap Max Capacity: 3936M
 Pre-touch: Disabled
 Parallel Workers: 13
 Concurrent Workers: 3
 Concurrent Refinement Workers: 13
 Periodic GC: Disabled

Heap:
 garbage-first heap   total 251904K, used 98864K [0x000000070a000000, 0x0000000800000000)
  region size 2048K, 38 young (77824K), 1 survivors (2048K)
 Metaspace       used 10385K, committed 10560K, reserved 1064960K
  class space    used 726K, committed 768K, reserved 1048576K

Heap Regions: E=young(eden), S=young(survivor), O=old, HS=humongous(starts), HC=humongous(continues), CS=collection set, F=free, OA=open archive, CA=closed archive, TAMS=top-at-mark-start (previous, next)
|   0|0x000000070a000000, 0x000000070a200000, 0x000000070a200000|100%| O|  |TAMS 0x000000070a000000, 0x000000070a000000| Untracked 
|   1|0x000000070a200000, 0x000000070a400000, 0x000000070a400000|100%|HS|  |TAMS 0x000000070a200000, 0x000000070a200000| Complete 
|   2|0x000000070a400000, 0x000000070a600000, 0x000000070a600000|100%|HS|  |TAMS 0x000000070a400000, 0x000000070a400000| Complete 
|   3|0x000000070a600000, 0x000000070a800000, 0x000000070a800000|100%| O|  |TAMS 0x000000070a600000, 0x000000070a600000| Untracked 
|   4|0x000000070a800000, 0x000000070aa00000, 0x000000070aa00000|100%| O|  |TAMS 0x000000070a800000, 0x000000070a800000| Untracked 
|   5|0x000000070aa00000, 0x000000070ac00000, 0x000000070ac00000|100%| O|  |TAMS 0x000000070aa00000, 0x000000070aa00000| Untracked 
|   6|0x000000070ac00000, 0x000000070ae00000, 0x000000070ae00000|100%| O|  |TAMS 0x000000070ac00000, 0x000000070ac00000| Untracked 
|   7|0x000000070ae00000, 0x000000070b000000, 0x000000070b000000|100%| O|  |TAMS 0x000000070ae00000, 0x000000070ae00000| Untracked 
|   8|0x000000070b000000, 0x000000070b200000, 0x000000070b200000|100%| O|  |TAMS 0x000000070b000000, 0x000000070b000000| Untracked 
|   9|0x000000070b200000, 0x000000070b3d7200, 0x000000070b400000| 92%| O|  |TAMS 0x000000070b200000, 0x000000070b200000| Untracked 
|  10|0x000000070b400000, 0x000000070b600000, 0x000000070b600000|100%|HS|  |TAMS 0x000000070b400000, 0x000000070b400000| Complete 
|  11|0x000000070b600000, 0x000000070b800000, 0x000000070b800000|100%|HS|  |TAMS 0x000000070b600000, 0x000000070b600000| Complete 
|  12|0x000000070b800000, 0x000000070b800000, 0x000000070ba00000|  0%| F|  |TAMS 0x000000070b800000, 0x000000070b800000| Untracked 
|  13|0x000000070ba00000, 0x000000070ba00000, 0x000000070bc00000|  0%| F|  |TAMS 0x000000070ba00000, 0x000000070ba00000| Untracked 
|  14|0x000000070bc00000, 0x000000070bc00000, 0x000000070be00000|  0%| F|  |TAMS 0x000000070bc00000, 0x000000070bc00000| Untracked 
|  15|0x000000070be00000, 0x000000070be00000, 0x000000070c000000|  0%| F|  |TAMS 0x000000070be00000, 0x000000070be00000| Untracked 
|  16|0x000000070c000000, 0x000000070c000000, 0x000000070c200000|  0%| F|  |TAMS 0x000000070c000000, 0x000000070c000000| Untracked 
|  17|0x000000070c200000, 0x000000070c200000, 0x000000070c400000|  0%| F|  |TAMS 0x000000070c200000, 0x000000070c200000| Untracked 
|  18|0x000000070c400000, 0x000000070c400000, 0x000000070c600000|  0%| F|  |TAMS 0x000000070c400000, 0x000000070c400000| Untracked 
|  19|0x000000070c600000, 0x000000070c600000, 0x000000070c800000|  0%| F|  |TAMS 0x000000070c600000, 0x000000070c600000| Untracked 
|  20|0x000000070c800000, 0x000000070c800000, 0x000000070ca00000|  0%| F|  |TAMS 0x000000070c800000, 0x000000070c800000| Untracked 
|  21|0x000000070ca00000, 0x000000070ca00000, 0x000000070cc00000|  0%| F|  |TAMS 0x000000070ca00000, 0x000000070ca00000| Untracked 
|  22|0x000000070cc00000, 0x000000070cc00000, 0x000000070ce00000|  0%| F|  |TAMS 0x000000070cc00000, 0x000000070cc00000| Untracked 
|  23|0x000000070ce00000, 0x000000070ce00000, 0x000000070d000000|  0%| F|  |TAMS 0x000000070ce00000, 0x000000070ce00000| Untracked 
|  24|0x000000070d000000, 0x000000070d000000, 0x000000070d200000|  0%| F|  |TAMS 0x000000070d000000, 0x000000070d000000| Untracked 
|  25|0x000000070d200000, 0x000000070d200000, 0x000000070d400000|  0%| F|  |TAMS 0x000000070d200000, 0x000000070d200000| Untracked 
|  26|0x000000070d400000, 0x000000070d400000, 0x000000070d600000|  0%| F|  |TAMS 0x000000070d400000, 0x000000070d400000| Untracked 
|  27|0x000000070d600000, 0x000000070d600000, 0x000000070d800000|  0%| F|  |TAMS 0x000000070d600000, 0x000000070d600000| Untracked 
|  28|0x000000070d800000, 0x000000070d800000, 0x000000070da00000|  0%| F|  |TAMS 0x000000070d800000, 0x000000070d800000| Untracked 
|  29|0x000000070da00000, 0x000000070da00000, 0x000000070dc00000|  0%| F|  |TAMS 0x000000070da00000, 0x000000070da00000| Untracked 
|  30|0x000000070dc00000, 0x000000070dc00000, 0x000000070de00000|  0%| F|  |TAMS 0x000000070dc00000, 0x000000070dc00000| Untracked 
|  31|0x000000070de00000, 0x000000070de00000, 0x000000070e000000|  0%| F|  |TAMS 0x000000070de00000, 0x000000070de00000| Untracked 
|  32|0x000000070e000000, 0x000000070e000000, 0x000000070e200000|  0%| F|  |TAMS 0x000000070e000000, 0x000000070e000000| Untracked 
|  33|0x000000070e200000, 0x000000070e200000, 0x000000070e400000|  0%| F|  |TAMS 0x000000070e200000, 0x000000070e200000| Untracked 
|  34|0x000000070e400000, 0x000000070e400000, 0x000000070e600000|  0%| F|  |TAMS 0x000000070e400000, 0x000000070e400000| Untracked 
|  35|0x000000070e600000, 0x000000070e600000, 0x000000070e800000|  0%| F|  |TAMS 0x000000070e600000, 0x000000070e600000| Untracked 
|  36|0x000000070e800000, 0x000000070e800000, 0x000000070ea00000|  0%| F|  |TAMS 0x000000070e800000, 0x000000070e800000| Untracked 
|  37|0x000000070ea00000, 0x000000070ea00000, 0x000000070ec00000|  0%| F|  |TAMS 0x000000070ea00000, 0x000000070ea00000| Untracked 
|  38|0x000000070ec00000, 0x000000070ec00000, 0x000000070ee00000|  0%| F|  |TAMS 0x000000070ec00000, 0x000000070ec00000| Untracked 
|  39|0x000000070ee00000, 0x000000070ee00000, 0x000000070f000000|  0%| F|  |TAMS 0x000000070ee00000, 0x000000070ee00000| Untracked 
|  40|0x000000070f000000, 0x000000070f000000, 0x000000070f200000|  0%| F|  |TAMS 0x000000070f000000, 0x000000070f000000| Untracked 
|  41|0x000000070f200000, 0x000000070f200000, 0x000000070f400000|  0%| F|  |TAMS 0x000000070f200000, 0x000000070f200000| Untracked 
|  42|0x000000070f400000, 0x000000070f400000, 0x000000070f600000|  0%| F|  |TAMS 0x000000070f400000, 0x000000070f400000| Untracked 
|  43|0x000000070f600000, 0x000000070f600000, 0x000000070f800000|  0%| F|  |TAMS 0x000000070f600000, 0x000000070f600000| Untracked 
|  44|0x000000070f800000, 0x000000070f800000, 0x000000070fa00000|  0%| F|  |TAMS 0x000000070f800000, 0x000000070f800000| Untracked 
|  45|0x000000070fa00000, 0x000000070fa00000, 0x000000070fc00000|  0%| F|  |TAMS 0x000000070fa00000, 0x000000070fa00000| Untracked 
|  46|0x000000070fc00000, 0x000000070fc00000, 0x000000070fe00000|  0%| F|  |TAMS 0x000000070fc00000, 0x000000070fc00000| Untracked 
|  47|0x000000070fe00000, 0x000000070fe00000, 0x0000000710000000|  0%| F|  |TAMS 0x000000070fe00000, 0x000000070fe00000| Untracked 
|  48|0x0000000710000000, 0x0000000710000000, 0x0000000710200000|  0%| F|  |TAMS 0x0000000710000000, 0x0000000710000000| Untracked 
|  49|0x0000000710200000, 0x0000000710200000, 0x0000000710400000|  0%| F|  |TAMS 0x0000000710200000, 0x0000000710200000| Untracked 
|  50|0x0000000710400000, 0x0000000710400000, 0x0000000710600000|  0%| F|  |TAMS 0x0000000710400000, 0x0000000710400000| Untracked 
|  51|0x0000000710600000, 0x0000000710600000, 0x0000000710800000|  0%| F|  |TAMS 0x0000000710600000, 0x0000000710600000| Untracked 
|  52|0x0000000710800000, 0x0000000710800000, 0x0000000710a00000|  0%| F|  |TAMS 0x0000000710800000, 0x0000000710800000| Untracked 
|  53|0x0000000710a00000, 0x0000000710a00000, 0x0000000710c00000|  0%| F|  |TAMS 0x0000000710a00000, 0x0000000710a00000| Untracked 
|  54|0x0000000710c00000, 0x0000000710c00000, 0x0000000710e00000|  0%| F|  |TAMS 0x0000000710c00000, 0x0000000710c00000| Untracked 
|  55|0x0000000710e00000, 0x0000000710e00000, 0x0000000711000000|  0%| F|  |TAMS 0x0000000710e00000, 0x0000000710e00000| Untracked 
|  56|0x0000000711000000, 0x0000000711000000, 0x0000000711200000|  0%| F|  |TAMS 0x0000000711000000, 0x0000000711000000| Untracked 
|  57|0x0000000711200000, 0x0000000711200000, 0x0000000711400000|  0%| F|  |TAMS 0x0000000711200000, 0x0000000711200000| Untracked 
|  58|0x0000000711400000, 0x0000000711400000, 0x0000000711600000|  0%| F|  |TAMS 0x0000000711400000, 0x0000000711400000| Untracked 
|  59|0x0000000711600000, 0x0000000711600000, 0x0000000711800000|  0%| F|  |TAMS 0x0000000711600000, 0x0000000711600000| Untracked 
|  60|0x0000000711800000, 0x0000000711800000, 0x0000000711a00000|  0%| F|  |TAMS 0x0000000711800000, 0x0000000711800000| Untracked 
|  61|0x0000000711a00000, 0x0000000711a00000, 0x0000000711c00000|  0%| F|  |TAMS 0x0000000711a00000, 0x0000000711a00000| Untracked 
|  62|0x0000000711c00000, 0x0000000711c00000, 0x0000000711e00000|  0%| F|  |TAMS 0x0000000711c00000, 0x0000000711c00000| Untracked 
|  63|0x0000000711e00000, 0x0000000711e00000, 0x0000000712000000|  0%| F|  |TAMS 0x0000000711e00000, 0x0000000711e00000| Untracked 
|  64|0x0000000712000000, 0x0000000712000000, 0x0000000712200000|  0%| F|  |TAMS 0x0000000712000000, 0x0000000712000000| Untracked 
|  65|0x0000000712200000, 0x0000000712200000, 0x0000000712400000|  0%| F|  |TAMS 0x0000000712200000, 0x0000000712200000| Untracked 
|  66|0x0000000712400000, 0x0000000712400000, 0x0000000712600000|  0%| F|  |TAMS 0x0000000712400000, 0x0000000712400000| Untracked 
|  67|0x0000000712600000, 0x0000000712600000, 0x0000000712800000|  0%| F|  |TAMS 0x0000000712600000, 0x0000000712600000| Untracked 
|  68|0x0000000712800000, 0x0000000712800000, 0x0000000712a00000|  0%| F|  |TAMS 0x0000000712800000, 0x0000000712800000| Untracked 
|  69|0x0000000712a00000, 0x0000000712a00000, 0x0000000712c00000|  0%| F|  |TAMS 0x0000000712a00000, 0x0000000712a00000| Untracked 
|  70|0x0000000712c00000, 0x0000000712c00000, 0x0000000712e00000|  0%| F|  |TAMS 0x0000000712c00000, 0x0000000712c00000| Untracked 
|  71|0x0000000712e00000, 0x0000000712e00000, 0x0000000713000000|  0%| F|  |TAMS 0x0000000712e00000, 0x0000000712e00000| Untracked 
|  72|0x0000000713000000, 0x0000000713000000, 0x0000000713200000|  0%| F|  |TAMS 0x0000000713000000, 0x0000000713000000| Untracked 
|  73|0x0000000713200000, 0x0000000713200000, 0x0000000713400000|  0%| F|  |TAMS 0x0000000713200000, 0x0000000713200000| Untracked 
|  74|0x0000000713400000, 0x0000000713400000, 0x0000000713600000|  0%| F|  |TAMS 0x0000000713400000, 0x0000000713400000| Untracked 
|  75|0x0000000713600000, 0x0000000713600000, 0x0000000713800000|  0%| F|  |TAMS 0x0000000713600000, 0x0000000713600000| Untracked 
|  76|0x0000000713800000, 0x0000000713800000, 0x0000000713a00000|  0%| F|  |TAMS 0x0000000713800000, 0x0000000713800000| Untracked 
|  77|0x0000000713a00000, 0x0000000713a00000, 0x0000000713c00000|  0%| F|  |TAMS 0x0000000713a00000, 0x0000000713a00000| Untracked 
|  78|0x0000000713c00000, 0x0000000713c00000, 0x0000000713e00000|  0%| F|  |TAMS 0x0000000713c00000, 0x0000000713c00000| Untracked 
|  79|0x0000000713e00000, 0x0000000713e00000, 0x0000000714000000|  0%| F|  |TAMS 0x0000000713e00000, 0x0000000713e00000| Untracked 
|  80|0x0000000714000000, 0x0000000714000000, 0x0000000714200000|  0%| F|  |TAMS 0x0000000714000000, 0x0000000714000000| Untracked 
|  81|0x0000000714200000, 0x0000000714200000, 0x0000000714400000|  0%| F|  |TAMS 0x0000000714200000, 0x0000000714200000| Untracked 
|  82|0x0000000714400000, 0x0000000714400000, 0x0000000714600000|  0%| F|  |TAMS 0x0000000714400000, 0x0000000714400000| Untracked 
|  83|0x0000000714600000, 0x0000000714600000, 0x0000000714800000|  0%| F|  |TAMS 0x0000000714600000, 0x0000000714600000| Untracked 
|  84|0x0000000714800000, 0x0000000714800000, 0x0000000714a00000|  0%| F|  |TAMS 0x0000000714800000, 0x0000000714800000| Untracked 
|  85|0x0000000714a00000, 0x0000000714b05a28, 0x0000000714c00000| 51%| E|  |TAMS 0x0000000714a00000, 0x0000000714a00000| Complete 
|  86|0x0000000714c00000, 0x0000000714e00000, 0x0000000714e00000|100%| E|CS|TAMS 0x0000000714c00000, 0x0000000714c00000| Complete 
|  87|0x0000000714e00000, 0x0000000715000000, 0x0000000715000000|100%| E|CS|TAMS 0x0000000714e00000, 0x0000000714e00000| Complete 
|  88|0x0000000715000000, 0x0000000715200000, 0x0000000715200000|100%| E|CS|TAMS 0x0000000715000000, 0x0000000715000000| Complete 
|  89|0x0000000715200000, 0x0000000715400000, 0x0000000715400000|100%| E|CS|TAMS 0x0000000715200000, 0x0000000715200000| Complete 
|  90|0x0000000715400000, 0x0000000715600000, 0x0000000715600000|100%| E|CS|TAMS 0x0000000715400000, 0x0000000715400000| Complete 
|  91|0x0000000715600000, 0x0000000715800000, 0x0000000715800000|100%| E|CS|TAMS 0x0000000715600000, 0x0000000715600000| Complete 
|  92|0x0000000715800000, 0x0000000715a00000, 0x0000000715a00000|100%| E|CS|TAMS 0x0000000715800000, 0x0000000715800000| Complete 
|  93|0x0000000715a00000, 0x0000000715c00000, 0x0000000715c00000|100%| E|CS|TAMS 0x0000000715a00000, 0x0000000715a00000| Complete 
|  94|0x0000000715c00000, 0x0000000715e00000, 0x0000000715e00000|100%| E|CS|TAMS 0x0000000715c00000, 0x0000000715c00000| Complete 
|  95|0x0000000715e00000, 0x0000000716000000, 0x0000000716000000|100%| E|CS|TAMS 0x0000000715e00000, 0x0000000715e00000| Complete 
|  96|0x0000000716000000, 0x0000000716200000, 0x0000000716200000|100%| E|CS|TAMS 0x0000000716000000, 0x0000000716000000| Complete 
|  97|0x0000000716200000, 0x0000000716400000, 0x0000000716400000|100%| E|CS|TAMS 0x0000000716200000, 0x0000000716200000| Complete 
|  98|0x0000000716400000, 0x0000000716600000, 0x0000000716600000|100%| E|CS|TAMS 0x0000000716400000, 0x0000000716400000| Complete 
|  99|0x0000000716600000, 0x0000000716800000, 0x0000000716800000|100%| E|CS|TAMS 0x0000000716600000, 0x0000000716600000| Complete 
| 100|0x0000000716800000, 0x0000000716a00000, 0x0000000716a00000|100%| E|CS|TAMS 0x0000000716800000, 0x0000000716800000| Complete 
| 101|0x0000000716a00000, 0x0000000716c00000, 0x0000000716c00000|100%| E|CS|TAMS 0x0000000716a00000, 0x0000000716a00000| Complete 
| 102|0x0000000716c00000, 0x0000000716e00000, 0x0000000716e00000|100%| E|CS|TAMS 0x0000000716c00000, 0x0000000716c00000| Complete 
| 103|0x0000000716e00000, 0x0000000717000000, 0x0000000717000000|100%| E|CS|TAMS 0x0000000716e00000, 0x0000000716e00000| Complete 
| 104|0x0000000717000000, 0x0000000717200000, 0x0000000717200000|100%| E|CS|TAMS 0x0000000717000000, 0x0000000717000000| Complete 
| 105|0x0000000717200000, 0x0000000717400000, 0x0000000717400000|100%| E|CS|TAMS 0x0000000717200000, 0x0000000717200000| Complete 
| 106|0x0000000717400000, 0x0000000717600000, 0x0000000717600000|100%| E|CS|TAMS 0x0000000717400000, 0x0000000717400000| Complete 
| 107|0x0000000717600000, 0x0000000717800000, 0x0000000717800000|100%| E|CS|TAMS 0x0000000717600000, 0x0000000717600000| Complete 
| 108|0x0000000717800000, 0x0000000717a00000, 0x0000000717a00000|100%| E|CS|TAMS 0x0000000717800000, 0x0000000717800000| Complete 
| 109|0x0000000717a00000, 0x0000000717c00000, 0x0000000717c00000|100%| E|CS|TAMS 0x0000000717a00000, 0x0000000717a00000| Complete 
| 110|0x0000000717c00000, 0x0000000717e00000, 0x0000000717e00000|100%| E|CS|TAMS 0x0000000717c00000, 0x0000000717c00000| Complete 
| 111|0x0000000717e00000, 0x0000000718000000, 0x0000000718000000|100%| E|CS|TAMS 0x0000000717e00000, 0x0000000717e00000| Complete 
| 112|0x0000000718000000, 0x0000000718200000, 0x0000000718200000|100%| E|CS|TAMS 0x0000000718000000, 0x0000000718000000| Complete 
| 113|0x0000000718200000, 0x0000000718400000, 0x0000000718400000|100%| E|CS|TAMS 0x0000000718200000, 0x0000000718200000| Complete 
| 114|0x0000000718400000, 0x0000000718600000, 0x0000000718600000|100%| E|CS|TAMS 0x0000000718400000, 0x0000000718400000| Complete 
| 115|0x0000000718600000, 0x0000000718800000, 0x0000000718800000|100%| E|CS|TAMS 0x0000000718600000, 0x0000000718600000| Complete 
| 116|0x0000000718800000, 0x0000000718a00000, 0x0000000718a00000|100%| E|CS|TAMS 0x0000000718800000, 0x0000000718800000| Complete 
| 117|0x0000000718a00000, 0x0000000718c00000, 0x0000000718c00000|100%| E|CS|TAMS 0x0000000718a00000, 0x0000000718a00000| Complete 
| 118|0x0000000718c00000, 0x0000000718e00000, 0x0000000718e00000|100%| E|CS|TAMS 0x0000000718c00000, 0x0000000718c00000| Complete 
| 119|0x0000000718e00000, 0x0000000718eb4e20, 0x0000000719000000| 35%| S|CS|TAMS 0x0000000718e00000, 0x0000000718e00000| Complete 
| 120|0x0000000719000000, 0x0000000719200000, 0x0000000719200000|100%| E|CS|TAMS 0x0000000719000000, 0x0000000719000000| Complete 
| 121|0x0000000719200000, 0x0000000719400000, 0x0000000719400000|100%| E|CS|TAMS 0x0000000719200000, 0x0000000719200000| Complete 
| 122|0x0000000719400000, 0x0000000719600000, 0x0000000719600000|100%| E|CS|TAMS 0x0000000719400000, 0x0000000719400000| Complete 

Card table byte_map: [0x0000016637190000,0x0000016637940000] _byte_map_base: 0x0000016633940000

Marking Bits (Prev, Next): (CMBitMap*) 0x000001661d76ae10, (CMBitMap*) 0x000001661d76ae50
 Prev Bits: [0x00000166380f0000, 0x000001663be70000)
 Next Bits: [0x000001663be70000, 0x000001663fbf0000)

Polling page: 0x000001661d410000

Metaspace:

Usage:
  Non-class:      9.43 MB used.
      Class:    726.17 KB used.
       Both:     10.14 MB used.

Virtual space:
  Non-class space:       16.00 MB reserved,       9.56 MB ( 60%) committed,  2 nodes.
      Class space:        1.00 GB reserved,     768.00 KB ( <1%) committed,  1 nodes.
             Both:        1.02 GB reserved,      10.31 MB ( <1%) committed. 

Chunk freelists:
   Non-Class:  624.00 KB
       Class:  3.19 MB
        Both:  3.80 MB

MaxMetaspaceSize: unlimited
CompressedClassSpaceSize: 1.00 GB
Initial GC threshold: 21.00 MB
Current GC threshold: 21.00 MB
CDS: on
MetaspaceReclaimPolicy: balanced
 - commit_granule_bytes: 65536.
 - commit_granule_words: 8192.
 - virtual_space_node_default_size: 1048576.
 - enlarge_chunks_in_place: 1.
 - new_chunks_are_fully_committed: 0.
 - uncommit_free_chunks: 1.
 - use_allocation_guard: 0.
 - handle_deallocations: 1.


Internal statistics:

num_allocs_failed_limit: 0.
num_arena_births: 44.
num_arena_deaths: 0.
num_vsnodes_births: 3.
num_vsnodes_deaths: 0.
num_space_committed: 163.
num_space_uncommitted: 0.
num_chunks_returned_to_freelist: 0.
num_chunks_taken_from_freelist: 323.
num_chunk_merges: 0.
num_chunk_splits: 273.
num_chunks_enlarged: 250.
num_purges: 0.
num_inconsistent_stats: 0.

CodeHeap 'non-profiled nmethods': size=119168Kb used=1637Kb max_used=1637Kb free=117530Kb
 bounds [0x000001662e5b0000, 0x000001662e820000, 0x0000016635a10000]
CodeHeap 'profiled nmethods': size=119104Kb used=4244Kb max_used=4244Kb free=114859Kb
 bounds [0x0000016627160000, 0x0000016627590000, 0x000001662e5b0000]
CodeHeap 'non-nmethods': size=7488Kb used=2792Kb max_used=3410Kb free=4695Kb
 bounds [0x0000016626a10000, 0x0000016626d70000, 0x0000016627160000]
 total_blobs=3438 nmethods=2328 adapters=1021
 compilation: enabled
              stopped_count=0, restarted_count=0
 full_count=0

Compilation events (20 events):
Event: 11.754 Thread 0x0000016642c74d60 2322       3       jdk.internal.math.FloatingDecimal$BinaryToASCIIBuffer::getDigits (22 bytes)
Event: 11.754 Thread 0x0000016642c74d60 nmethod 2322 0x0000016627578890 code [0x0000016627578a40, 0x0000016627578c28]
Event: 11.754 Thread 0x0000016642c74d60 2324       3       jdk.internal.math.FormattedFloatingDecimal::fillDecimal (352 bytes)
Event: 11.755 Thread 0x0000016654a37870 nmethod 2320 0x0000016627578d10 code [0x0000016627579020, 0x0000016627579fd8]
Event: 11.755 Thread 0x0000016654a37870 2325       3       jdk.internal.math.FormattedFloatingDecimal::create (21 bytes)
Event: 11.755 Thread 0x0000016654a37870 nmethod 2325 0x000001662757a410 code [0x000001662757a5c0, 0x000001662757a878]
Event: 11.755 Thread 0x0000016654a37870 2326       3       java.lang.StringBuilder::append (8 bytes)
Event: 11.755 Thread 0x0000016654a37870 nmethod 2326 0x000001662757a990 code [0x000001662757ab20, 0x000001662757ac68]
Event: 11.755 Thread 0x0000016654a37870 2327       3       java.lang.AbstractStringBuilder::append (22 bytes)
Event: 11.755 Thread 0x0000016654a37870 nmethod 2327 0x000001662757ad10 code [0x000001662757aec0, 0x000001662757b078]
Event: 11.756 Thread 0x0000016642c74d60 nmethod 2324 0x000001662757b190 code [0x000001662757b4e0, 0x000001662757d228]
Event: 11.760 Thread 0x0000016646ebaac0 nmethod 2317 0x000001662757da90 code [0x000001662757e1c0, 0x0000016627581ff8]
Event: 11.863 Thread 0x0000016654a37870 2329       1       com.badlogic.gdx.backends.lwjgl3.Lwjgl3Window::getGraphics (5 bytes)
Event: 11.863 Thread 0x0000016654a37870 nmethod 2329 0x000001662e749210 code [0x000001662e7493a0, 0x000001662e749478]
Event: 12.199 Thread 0x0000016646ebaac0 2330       3       com.badlogic.gdx.utils.TimSort::mergeForceCollapse (50 bytes)
Event: 12.200 Thread 0x0000016646ebaac0 nmethod 2330 0x0000016627583b10 code [0x0000016627583cc0, 0x0000016627583f88]
Event: 12.316 Thread 0x0000016642c74d60 2331       3       jdk.internal.math.FloatingDecimal$BinaryToASCIIBuffer::estimateDecExp (182 bytes)
Event: 12.316 Thread 0x0000016642c74d60 nmethod 2331 0x0000016627584110 code [0x0000016627584320, 0x0000016627584878]
Event: 12.528 Thread 0x0000016642c74d60 2332       3       com.badlogic.gdx.utils.IntArray::addAll (70 bytes)
Event: 12.528 Thread 0x0000016642c74d60 nmethod 2332 0x0000016627584910 code [0x0000016627584b00, 0x0000016627584f58]

GC Heap History (6 events):
Event: 2.612 GC heap before
{Heap before GC invocations=0 (full 0):
 garbage-first heap   total 251904K, used 22528K [0x000000070a000000, 0x0000000800000000)
  region size 2048K, 11 young (22528K), 0 survivors (0K)
 Metaspace       used 7182K, committed 7296K, reserved 1064960K
  class space    used 438K, committed 512K, reserved 1048576K
}
Event: 2.616 GC heap after
{Heap after GC invocations=1 (full 0):
 garbage-first heap   total 251904K, used 2713K [0x000000070a000000, 0x0000000800000000)
  region size 2048K, 2 young (4096K), 2 survivors (4096K)
 Metaspace       used 7182K, committed 7296K, reserved 1064960K
  class space    used 438K, committed 512K, reserved 1048576K
}
Event: 5.359 GC heap before
{Heap before GC invocations=1 (full 0):
 garbage-first heap   total 251904K, used 43673K [0x000000070a000000, 0x0000000800000000)
  region size 2048K, 19 young (38912K), 2 survivors (4096K)
 Metaspace       used 9716K, committed 9792K, reserved 1064960K
  class space    used 675K, committed 704K, reserved 1048576K
}
Event: 5.386 GC heap after
{Heap after GC invocations=2 (full 0):
 garbage-first heap   total 251904K, used 19875K [0x000000070a000000, 0x0000000800000000)
  region size 2048K, 3 young (6144K), 3 survivors (6144K)
 Metaspace       used 9716K, committed 9792K, reserved 1064960K
  class space    used 675K, committed 704K, reserved 1048576K
}
Event: 5.864 GC heap before
{Heap before GC invocations=2 (full 0):
 garbage-first heap   total 251904K, used 26019K [0x000000070a000000, 0x0000000800000000)
  region size 2048K, 6 young (12288K), 3 survivors (6144K)
 Metaspace       used 9739K, committed 9856K, reserved 1064960K
  class space    used 675K, committed 704K, reserved 1048576K
}
Event: 5.876 GC heap after
{Heap after GC invocations=3 (full 0):
 garbage-first heap   total 251904K, used 21040K [0x000000070a000000, 0x0000000800000000)
  region size 2048K, 1 young (2048K), 1 survivors (2048K)
 Metaspace       used 9739K, committed 9856K, reserved 1064960K
  class space    used 675K, committed 704K, reserved 1048576K
}

Deoptimization events (20 events):
Event: 6.604 Thread 0x000001661d714a20 DEOPT PACKING pc=0x00000166274cc911 sp=0x00000032e30fea50
Event: 6.604 Thread 0x000001661d714a20 DEOPT UNPACKING pc=0x0000016626a62b43 sp=0x00000032e30fdf48 mode 0
Event: 6.643 Thread 0x000001661d714a20 DEOPT PACKING pc=0x00000166274bb624 sp=0x00000032e30fecf0
Event: 6.643 Thread 0x000001661d714a20 DEOPT UNPACKING pc=0x0000016626a62b43 sp=0x00000032e30fe1d8 mode 0
Event: 6.662 Thread 0x000001661d714a20 DEOPT PACKING pc=0x00000166274c5977 sp=0x00000032e30fed90
Event: 6.662 Thread 0x000001661d714a20 DEOPT UNPACKING pc=0x0000016626a62b43 sp=0x00000032e30fe470 mode 0
Event: 6.772 Thread 0x000001661d714a20 DEOPT PACKING pc=0x00000166274cc911 sp=0x00000032e30feb40
Event: 6.772 Thread 0x000001661d714a20 DEOPT UNPACKING pc=0x0000016626a62b43 sp=0x00000032e30fe038 mode 0
Event: 7.180 Thread 0x000001661d714a20 DEOPT PACKING pc=0x00000166274dab05 sp=0x00000032e30fea00
Event: 7.180 Thread 0x000001661d714a20 DEOPT UNPACKING pc=0x0000016626a62b43 sp=0x00000032e30fdf00 mode 0
Event: 7.230 Thread 0x000001661d714a20 DEOPT PACKING pc=0x000001662735ff24 sp=0x00000032e30fecd0
Event: 7.230 Thread 0x000001661d714a20 DEOPT UNPACKING pc=0x0000016626a62b43 sp=0x00000032e30fe238 mode 0
Event: 9.794 Thread 0x000001661d714a20 Uncommon trap: trap_request=0xffffff45 fr.pc=0x000001662e74130c relative=0x000000000000008c
Event: 9.794 Thread 0x000001661d714a20 Uncommon trap: reason=unstable_if action=reinterpret pc=0x000001662e74130c method=com.crazyputting3d.Engine.physicsEngine.terminates(DDD)Z @ 5 c2
Event: 9.794 Thread 0x000001661d714a20 DEOPT PACKING pc=0x000001662e74130c sp=0x00000032e30feca0
Event: 9.794 Thread 0x000001661d714a20 DEOPT UNPACKING pc=0x0000016626a623a3 sp=0x00000032e30fec40 mode 2
Event: 9.807 Thread 0x000001664f987d70 Uncommon trap: trap_request=0xffffff45 fr.pc=0x000001662e61c330 relative=0x0000000000000110
Event: 9.807 Thread 0x000001664f987d70 Uncommon trap: reason=unstable_if action=reinterpret pc=0x000001662e61c330 method=java.lang.ThreadLocal.get()Ljava/lang/Object; @ 11 c2
Event: 9.807 Thread 0x000001664f987d70 DEOPT PACKING pc=0x000001662e61c330 sp=0x00000032e41fe990
Event: 9.807 Thread 0x000001664f987d70 DEOPT UNPACKING pc=0x0000016626a623a3 sp=0x00000032e41fe920 mode 2

Classes unloaded (0 events):
No events

Classes redefined (0 events):
No events

Internal exceptions (20 events):
Event: 0.260 Thread 0x000001661d714a20 Exception <a 'java/lang/NoSuchMethodError'{0x00000007191f6f98}: 'java.lang.Object java.lang.invoke.DirectMethodHandle$Holder.invokeStaticInit(java.lang.Object)'> (0x00000007191f6f98) 
thrown [e:\jenkins\tmp\workspace\build\src\src\hotspot\share\interpreter\linkResolver.cpp, line 766]
Event: 0.274 Thread 0x000001661d714a20 Exception <a 'java/lang/NoSuchMethodError'{0x0000000718e59048}: 'void java.lang.invoke.DirectMethodHandle$Holder.invokeStatic(java.lang.Object, java.lang.Object)'> (0x0000000718e59048) 
thrown [e:\jenkins\tmp\workspace\build\src\src\hotspot\share\interpreter\linkResolver.cpp, line 766]
Event: 0.275 Thread 0x000001661d714a20 Exception <a 'java/lang/NoSuchMethodError'{0x0000000718e5e890}: 'void java.lang.invoke.DirectMethodHandle$Holder.invokeSpecial(java.lang.Object, java.lang.Object, java.lang.Object)'> (0x0000000718e5e890) 
thrown [e:\jenkins\tmp\workspace\build\src\src\hotspot\share\interpreter\linkResolver.cpp, line 766]
Event: 0.278 Thread 0x000001661d714a20 Exception <a 'java/lang/NoSuchMethodError'{0x0000000718e71e60}: 'java.lang.Object java.lang.invoke.DirectMethodHandle$Holder.invokeStatic(java.lang.Object, java.lang.Object, int)'> (0x0000000718e71e60) 
thrown [e:\jenkins\tmp\workspace\build\src\src\hotspot\share\interpreter\linkResolver.cpp, line 766]
Event: 0.280 Thread 0x000001661d714a20 Exception <a 'java/lang/NoSuchMethodError'{0x0000000718e7dbd0}: 'void java.lang.invoke.DelegatingMethodHandle$Holder.delegate(java.lang.Object, java.lang.Object, int, java.lang.Object)'> (0x0000000718e7dbd0) 
thrown [e:\jenkins\tmp\workspace\build\src\src\hotspot\share\interpreter\linkResolver.cpp, line 766]
Event: 0.280 Thread 0x000001661d714a20 Exception <a 'java/lang/NoSuchMethodError'{0x0000000718e81e10}: 'int java.lang.invoke.DirectMethodHandle$Holder.invokeSpecial(java.lang.Object, java.lang.Object, java.lang.Object)'> (0x0000000718e81e10) 
thrown [e:\jenkins\tmp\workspace\build\src\src\hotspot\share\interpreter\linkResolver.cpp, line 766]
Event: 0.320 Thread 0x000001661d714a20 Exception <a 'sun/nio/fs/WindowsException'{0x0000000718f28910}> (0x0000000718f28910) 
thrown [e:\jenkins\tmp\workspace\build\src\src\hotspot\share\prims\jni.cpp, line 516]
Event: 0.321 Thread 0x000001661d714a20 Exception <a 'sun/nio/fs/WindowsException'{0x0000000718f28e68}> (0x0000000718f28e68) 
thrown [e:\jenkins\tmp\workspace\build\src\src\hotspot\share\prims\jni.cpp, line 516]
Event: 0.354 Thread 0x000001661d714a20 Exception <a 'sun/nio/fs/WindowsException'{0x0000000718c17b38}> (0x0000000718c17b38) 
thrown [e:\jenkins\tmp\workspace\build\src\src\hotspot\share\prims\jni.cpp, line 516]
Event: 0.354 Thread 0x000001661d714a20 Exception <a 'sun/nio/fs/WindowsException'{0x0000000718c17ed8}> (0x0000000718c17ed8) 
thrown [e:\jenkins\tmp\workspace\build\src\src\hotspot\share\prims\jni.cpp, line 516]
Event: 0.382 Thread 0x000001661d714a20 Exception <a 'sun/nio/fs/WindowsException'{0x0000000718cc7fd0}> (0x0000000718cc7fd0) 
thrown [e:\jenkins\tmp\workspace\build\src\src\hotspot\share\prims\jni.cpp, line 516]
Event: 0.382 Thread 0x000001661d714a20 Exception <a 'sun/nio/fs/WindowsException'{0x0000000718cc8340}> (0x0000000718cc8340) 
thrown [e:\jenkins\tmp\workspace\build\src\src\hotspot\share\prims\jni.cpp, line 516]
Event: 0.451 Thread 0x000001661d714a20 Exception <a 'sun/nio/fs/WindowsException'{0x0000000718d4c3b8}> (0x0000000718d4c3b8) 
thrown [e:\jenkins\tmp\workspace\build\src\src\hotspot\share\prims\jni.cpp, line 516]
Event: 0.451 Thread 0x000001661d714a20 Exception <a 'sun/nio/fs/WindowsException'{0x0000000718d4c740}> (0x0000000718d4c740) 
thrown [e:\jenkins\tmp\workspace\build\src\src\hotspot\share\prims\jni.cpp, line 516]
Event: 1.033 Thread 0x000001661d714a20 Exception <a 'sun/nio/fs/WindowsException'{0x0000000718b2d618}> (0x0000000718b2d618) 
thrown [e:\jenkins\tmp\workspace\build\src\src\hotspot\share\prims\jni.cpp, line 516]
Event: 1.034 Thread 0x000001661d714a20 Exception <a 'sun/nio/fs/WindowsException'{0x0000000718b2d9c8}> (0x0000000718b2d9c8) 
thrown [e:\jenkins\tmp\workspace\build\src\src\hotspot\share\prims\jni.cpp, line 516]
Event: 1.037 Thread 0x000001661d714a20 Exception <a 'sun/nio/fs/WindowsException'{0x0000000718b39af8}> (0x0000000718b39af8) 
thrown [e:\jenkins\tmp\workspace\build\src\src\hotspot\share\prims\jni.cpp, line 516]
Event: 1.037 Thread 0x000001661d714a20 Exception <a 'sun/nio/fs/WindowsException'{0x0000000718b39de0}> (0x0000000718b39de0) 
thrown [e:\jenkins\tmp\workspace\build\src\src\hotspot\share\prims\jni.cpp, line 516]
Event: 4.753 Thread 0x000001661d714a20 Implicit null exception at 0x000001662e62403f to 0x000001662e62411c
Event: 9.807 Thread 0x000001664f987d70 Implicit null exception at 0x000001662e61c25f to 0x000001662e61c31c

VM Operations (20 events):
Event: 4.644 Executing VM operation: HandshakeAllThreads
Event: 4.644 Executing VM operation: HandshakeAllThreads done
Event: 4.667 Executing VM operation: HandshakeAllThreads
Event: 4.667 Executing VM operation: HandshakeAllThreads done
Event: 4.668 Executing VM operation: HandshakeAllThreads
Event: 4.668 Executing VM operation: HandshakeAllThreads done
Event: 5.359 Executing VM operation: G1CollectForAllocation
Event: 5.386 Executing VM operation: G1CollectForAllocation done
Event: 5.864 Executing VM operation: G1CollectForAllocation
Event: 5.876 Executing VM operation: G1CollectForAllocation done
Event: 6.876 Executing VM operation: Cleanup
Event: 6.876 Executing VM operation: Cleanup done
Event: 7.876 Executing VM operation: Cleanup
Event: 7.876 Executing VM operation: Cleanup done
Event: 8.877 Executing VM operation: Cleanup
Event: 8.877 Executing VM operation: Cleanup done
Event: 9.877 Executing VM operation: Cleanup
Event: 9.877 Executing VM operation: Cleanup done
Event: 11.199 Executing VM operation: ICBufferFull
Event: 11.199 Executing VM operation: ICBufferFull done

Events (20 events):
Event: 9.817 loading class com/sun/media/sound/StandardFileFormat
Event: 9.817 loading class javax/sound/sampled/AudioFileFormat
Event: 9.817 loading class javax/sound/sampled/AudioFileFormat done
Event: 9.817 loading class com/sun/media/sound/StandardFileFormat done
Event: 9.817 loading class com/sun/media/sound/WaveFileFormat done
Event: 9.818 loading class javax/sound/sampled/LineEvent
Event: 9.818 loading class java/util/EventObject
Event: 9.818 loading class java/util/EventObject done
Event: 9.818 loading class javax/sound/sampled/LineEvent done
Event: 9.818 loading class javax/sound/sampled/LineEvent$Type
Event: 9.818 loading class javax/sound/sampled/LineEvent$Type done
Event: 9.818 loading class com/sun/media/sound/EventDispatcher
Event: 9.818 loading class com/sun/media/sound/EventDispatcher done
Event: 9.818 Thread 0x000001664f986850 Thread added: 0x000001664f986850
Event: 9.826 Thread 0x00000166553d1fb0 Thread added: 0x00000166553d1fb0
Event: 10.028 Thread 0x000001664f987d70 Thread exited: 0x000001664f987d70
Event: 10.125 Thread 0x0000016654a37870 Thread exited: 0x0000016654a37870
Event: 11.518 Thread 0x000001664391d980 Thread exited: 0x000001664391d980
Event: 11.531 Thread 0x0000016654a37870 Thread added: 0x0000016654a37870
Event: 11.751 Thread 0x0000016646ebaac0 Thread added: 0x0000016646ebaac0


Dynamic libraries:
0x00007ff7440e0000 - 0x00007ff7440ee000 	C:\Program Files\Eclipse Adoptium\jdk-17.0.1.12-hotspot\bin\java.exe
0x00007ffdc5cd0000 - 0x00007ffdc5ec5000 	C:\Windows\SYSTEM32\ntdll.dll
0x00007ffdc4060000 - 0x00007ffdc411d000 	C:\Windows\System32\KERNEL32.DLL
0x00007ffdc3720000 - 0x00007ffdc39ed000 	C:\Windows\System32\KERNELBASE.dll
0x00007ffdc33b0000 - 0x00007ffdc34b0000 	C:\Windows\System32\ucrtbase.dll
0x00007ffda1350000 - 0x00007ffda1369000 	C:\Program Files\Eclipse Adoptium\jdk-17.0.1.12-hotspot\bin\VCRUNTIME140.dll
0x00007ffd933b0000 - 0x00007ffd933c8000 	C:\Program Files\Eclipse Adoptium\jdk-17.0.1.12-hotspot\bin\jli.dll
0x00007ffdc5530000 - 0x00007ffdc56d0000 	C:\Windows\System32\USER32.dll
0x00007ffdc3c20000 - 0x00007ffdc3c42000 	C:\Windows\System32\win32u.dll
0x00007ffdad620000 - 0x00007ffdad8ba000 	C:\Windows\WinSxS\amd64_microsoft.windows.common-controls_6595b64144ccf1df_6.0.19041.1110_none_60b5254171f9507e\COMCTL32.dll
0x00007ffdc5bd0000 - 0x00007ffdc5bfa000 	C:\Windows\System32\GDI32.dll
0x00007ffdc5190000 - 0x00007ffdc522e000 	C:\Windows\System32\msvcrt.dll
0x00007ffdc3610000 - 0x00007ffdc371b000 	C:\Windows\System32\gdi32full.dll
0x00007ffdc39f0000 - 0x00007ffdc3a8d000 	C:\Windows\System32\msvcp_win.dll
0x00007ffdc4eb0000 - 0x00007ffdc4ee0000 	C:\Windows\System32\IMM32.DLL
0x00007ffd9d140000 - 0x00007ffd9d14c000 	C:\Program Files\Eclipse Adoptium\jdk-17.0.1.12-hotspot\bin\vcruntime140_1.dll
0x00007ffd545b0000 - 0x00007ffd54641000 	C:\Program Files\Eclipse Adoptium\jdk-17.0.1.12-hotspot\bin\msvcp140.dll
0x00007ffd3c9a0000 - 0x00007ffd3d5e6000 	C:\Program Files\Eclipse Adoptium\jdk-17.0.1.12-hotspot\bin\server\jvm.dll
0x00007ffdc3fb0000 - 0x00007ffdc405e000 	C:\Windows\System32\ADVAPI32.dll
0x00007ffdc3e80000 - 0x00007ffdc3f1c000 	C:\Windows\System32\sechost.dll
0x00007ffdc3d50000 - 0x00007ffdc3e75000 	C:\Windows\System32\RPCRT4.dll
0x00007ffdc4ee0000 - 0x00007ffdc4ee8000 	C:\Windows\System32\PSAPI.DLL
0x00007ffda5c00000 - 0x00007ffda5c09000 	C:\Windows\SYSTEM32\WSOCK32.dll
0x00007ffdb8890000 - 0x00007ffdb88b7000 	C:\Windows\SYSTEM32\WINMM.dll
0x00007ffdbc260000 - 0x00007ffdbc26a000 	C:\Windows\SYSTEM32\VERSION.dll
0x00007ffdc52e0000 - 0x00007ffdc534b000 	C:\Windows\System32\WS2_32.dll
0x00007ffdc1c40000 - 0x00007ffdc1c52000 	C:\Windows\SYSTEM32\kernel.appcore.dll
0x00007ffd93360000 - 0x00007ffd9336a000 	C:\Program Files\Eclipse Adoptium\jdk-17.0.1.12-hotspot\bin\jimage.dll
0x00007ffdc1a30000 - 0x00007ffdc1c14000 	C:\Windows\SYSTEM32\DBGHELP.DLL
0x00007ffdb8de0000 - 0x00007ffdb8e0c000 	C:\Windows\SYSTEM32\dbgcore.DLL
0x00007ffdc3a90000 - 0x00007ffdc3b12000 	C:\Windows\System32\bcryptPrimitives.dll
0x00007ffd8a530000 - 0x00007ffd8a555000 	C:\Program Files\Eclipse Adoptium\jdk-17.0.1.12-hotspot\bin\java.dll
0x00007ffd434a0000 - 0x00007ffd43576000 	C:\Program Files\Eclipse Adoptium\jdk-17.0.1.12-hotspot\bin\svml.dll
0x00007ffdc4120000 - 0x00007ffdc4864000 	C:\Windows\System32\SHELL32.dll
0x00007ffdc1150000 - 0x00007ffdc18e4000 	C:\Windows\SYSTEM32\windows.storage.dll
0x00007ffdc5870000 - 0x00007ffdc5bc4000 	C:\Windows\System32\combase.dll
0x00007ffdc2e10000 - 0x00007ffdc2e3c000 	C:\Windows\SYSTEM32\Wldp.dll
0x00007ffdc5230000 - 0x00007ffdc52dd000 	C:\Windows\System32\SHCORE.dll
0x00007ffdc3cf0000 - 0x00007ffdc3d45000 	C:\Windows\System32\shlwapi.dll
0x00007ffdc32f0000 - 0x00007ffdc330f000 	C:\Windows\SYSTEM32\profapi.dll
0x00007ffd93340000 - 0x00007ffd93359000 	C:\Program Files\Eclipse Adoptium\jdk-17.0.1.12-hotspot\bin\net.dll
0x00007ffdb4be0000 - 0x00007ffdb4cea000 	C:\Windows\SYSTEM32\WINHTTP.dll
0x00007ffdc2b70000 - 0x00007ffdc2bda000 	C:\Windows\system32\mswsock.dll
0x00007ffd8a510000 - 0x00007ffd8a525000 	C:\Program Files\Eclipse Adoptium\jdk-17.0.1.12-hotspot\bin\nio.dll
0x00007ffd8a4f0000 - 0x00007ffd8a508000 	C:\Program Files\Eclipse Adoptium\jdk-17.0.1.12-hotspot\bin\zip.dll
0x000000006e700000 - 0x000000006e72a000 	C:\Users\grado\AppData\Local\Temp\libgdxgrado\e1cd32f8\gdx64.dll
0x00007ffd88860000 - 0x00007ffd888c4000 	C:\Users\grado\AppData\Local\Temp\lwjglgrado\3.2.3-build-13\lwjgl.dll
0x00007ffd43240000 - 0x00007ffd43493000 	C:\Users\grado\AppData\Local\Temp\lwjglgrado\3.2.3-build-13\jemalloc.dll
0x00007ffd77000000 - 0x00007ffd77062000 	C:\Users\grado\AppData\Local\Temp\lwjglgrado\3.2.3-build-13\glfw.dll
0x00007ffdc0870000 - 0x00007ffdc090e000 	C:\Windows\system32\uxtheme.dll
0x00007ffd892f0000 - 0x00007ffd89335000 	C:\Windows\SYSTEM32\dinput8.dll
0x00007ffd87c30000 - 0x00007ffd87c41000 	C:\Windows\SYSTEM32\xinput1_4.dll
0x00007ffdc3b20000 - 0x00007ffdc3b6e000 	C:\Windows\System32\cfgmgr32.dll
0x00007ffdc3160000 - 0x00007ffdc318c000 	C:\Windows\SYSTEM32\DEVOBJ.dll
0x00007ffdc0a00000 - 0x00007ffdc0a2f000 	C:\Windows\SYSTEM32\dwmapi.dll
0x00007ffda8c80000 - 0x00007ffda8dd2000 	C:\Windows\SYSTEM32\inputhost.dll
0x00007ffdc4d70000 - 0x00007ffdc4e3d000 	C:\Windows\System32\OLEAUT32.dll
0x00007ffdbfad0000 - 0x00007ffdbfc24000 	C:\Windows\SYSTEM32\wintypes.dll
0x00007ffdbe990000 - 0x00007ffdbea86000 	C:\Windows\SYSTEM32\PROPSYS.dll
0x00007ffdc0500000 - 0x00007ffdc05f2000 	C:\Windows\SYSTEM32\CoreMessaging.dll
0x00007ffdc01a0000 - 0x00007ffdc04fe000 	C:\Windows\SYSTEM32\CoreUIComponents.dll
0x00007ffdc20b0000 - 0x00007ffdc20e3000 	C:\Windows\SYSTEM32\ntmarta.dll
0x00007ffdc5750000 - 0x00007ffdc5865000 	C:\Windows\System32\MSCTF.dll
0x00007ffdc18f0000 - 0x00007ffdc18fd000 	C:\Windows\SYSTEM32\HID.DLL
0x00007ffdc4870000 - 0x00007ffdc4ce1000 	C:\Windows\System32\SETUPAPI.DLL
0x00007ffdc3c50000 - 0x00007ffdc3c77000 	C:\Windows\System32\bcrypt.dll
0x00007ffdc3c80000 - 0x00007ffdc3ce8000 	C:\Windows\System32\WINTRUST.dll
0x00007ffdc34b0000 - 0x00007ffdc3606000 	C:\Windows\System32\CRYPT32.dll
0x00007ffdc2fa0000 - 0x00007ffdc2fb2000 	C:\Windows\SYSTEM32\MSASN1.dll
0x00007ffd3c890000 - 0x00007ffd3c99b000 	C:\Users\grado\AppData\Local\Temp\lwjglgrado\3.2.3-build-13\OpenAL.dll
0x00007ffdc5400000 - 0x00007ffdc552a000 	C:\Windows\System32\ole32.dll
0x00007ffdc5350000 - 0x00007ffdc53f9000 	C:\Windows\System32\clbcatq.dll
0x00007ffdbb510000 - 0x00007ffdbb595000 	C:\Windows\System32\MMDevApi.dll
0x00007ffdbbda0000 - 0x00007ffdbbf22000 	C:\Windows\SYSTEM32\AUDIOSES.DLL
0x00007ffdc2930000 - 0x00007ffdc297b000 	C:\Windows\SYSTEM32\powrprof.dll
0x00007ffdc27f0000 - 0x00007ffdc2802000 	C:\Windows\SYSTEM32\UMPDC.dll
0x00007ffdc0a30000 - 0x00007ffdc0a44000 	C:\Windows\SYSTEM32\resourcepolicyclient.dll
0x00007ffd22910000 - 0x00007ffd22a36000 	C:\Windows\SYSTEM32\opengl32.dll
0x00007ffd228e0000 - 0x00007ffd2290c000 	C:\Windows\SYSTEM32\GLU32.dll
0x00007ffdbc2e0000 - 0x00007ffdbc3d7000 	C:\Windows\System32\AppXDeploymentClient.dll
0x00007ffd769a0000 - 0x00007ffd769ca000 	C:\Windows\System32\DriverStore\FileRepository\u0361612.inf_amd64_b679e02f70413f9f\B361368\atig6pxx.dll
0x00007ffcfa390000 - 0x00007ffcfd076000 	C:\Windows\System32\DriverStore\FileRepository\u0361612.inf_amd64_b679e02f70413f9f\B361368\atio6axx.dll
0x00007ffd86690000 - 0x00007ffd866b4000 	C:\Windows\SYSTEM32\dxva2.dll
0x00007ffd79060000 - 0x00007ffd7909c000 	C:\Windows\System32\DriverStore\FileRepository\u0361612.inf_amd64_b679e02f70413f9f\B361368\atig6txx.dll
0x00007ffd3c6d0000 - 0x00007ffd3c889000 	C:\Windows\SYSTEM32\atiadlxx.dll
0x00007ffdb9380000 - 0x00007ffdb93bb000 	C:\Windows\SYSTEM32\dxcore.dll
0x00007ffd57350000 - 0x00007ffd573a9000 	C:\Users\grado\AppData\Local\Temp\lwjglgrado\3.2.3-build-13\lwjgl_opengl.dll
0x00007ffda93b0000 - 0x00007ffda94a9000 	C:\Windows\SYSTEM32\textinputframework.dll
0x00007ffd63be0000 - 0x00007ffd63bf1000 	C:\Program Files\Eclipse Adoptium\jdk-17.0.1.12-hotspot\bin\jsound.dll
0x00007ffd3c630000 - 0x00007ffd3c6cc000 	C:\Windows\SYSTEM32\DSOUND.dll
0x00007ffdb3710000 - 0x00007ffdb3736000 	C:\Windows\SYSTEM32\winmmbase.dll
0x00007ffda9b00000 - 0x00007ffda9b46000 	C:\Windows\SYSTEM32\wdmaud.drv
0x00007ffdbd880000 - 0x00007ffdbd88a000 	C:\Windows\SYSTEM32\AVRT.dll
0x00007ffdbde60000 - 0x00007ffdbde69000 	C:\Windows\SYSTEM32\ksuser.dll
0x00007ffdbc5b0000 - 0x00007ffdbc5bd000 	C:\Windows\SYSTEM32\msacm32.drv
0x00007ffdbc630000 - 0x00007ffdbc64e000 	C:\Windows\SYSTEM32\MSACM32.dll
0x00007ffdb6730000 - 0x00007ffdb673b000 	C:\Windows\SYSTEM32\midimap.dll
0x00007ffda8de0000 - 0x00007ffda8f21000 	C:\Windows\System32\Windows.UI.dll
0x00007ffdbd350000 - 0x00007ffdbd3f1000 	C:\Windows\System32\WindowManagementAPI.dll
0x00007ffdbca10000 - 0x00007ffdbcc11000 	C:\Windows\SYSTEM32\twinapi.appcore.dll

dbghelp: loaded successfully - version: 4.0.5 - missing functions: none
symbol engine: initialized successfully - sym options: 0x614 - pdb path: .;C:\Program Files\Eclipse Adoptium\jdk-17.0.1.12-hotspot\bin;C:\Windows\SYSTEM32;C:\Windows\WinSxS\amd64_microsoft.windows.common-controls_6595b64144ccf1df_6.0.19041.1110_none_60b5254171f9507e;C:\Program Files\Eclipse Adoptium\jdk-17.0.1.12-hotspot\bin\server;C:\Users\grado\AppData\Local\Temp\libgdxgrado\e1cd32f8;C:\Users\grado\AppData\Local\Temp\lwjglgrado\3.2.3-build-13;C:\Windows\System32\DriverStore\FileRepository\u0361612.inf_amd64_b679e02f70413f9f\B361368

VM Arguments:
jvm_args: -XX:+ShowCodeDetailsInExceptionMessages 
java_command: com.crazyputting3d.Main
java_class_path (initial): C:\Users\grado\Desktop\Group-04\3dcrazyputting\desktop\bin\main;\CrazyPutting3D-core\bin\default;C:\Users\grado\Desktop\Group-04\3dcrazyputting\core\bin\main;C:\Users\grado\.gradle\caches\modules-2\files-2.1\com.badlogicgames.gdx\gdx-backend-lwjgl3\1.10.0\600c7d5b2c977daa82c4abad147087b31e0ada87\gdx-backend-lwjgl3-1.10.0.jar;C:\Users\grado\.gradle\caches\modules-2\files-2.1\com.badlogicgames.gdx\gdx-platform\1.10.0\9a8fa793d2fd6d360afc6c9e4c1f5583da263b88\gdx-platform-1.10.0-natives-desktop.jar;C:\Users\grado\.gradle\caches\modules-2\files-2.1\com.badlogicgames.gdx\gdx-bullet-platform\1.10.0\ce92e8dfc762523d769cbc50853163c03bf98cf1\gdx-bullet-platform-1.10.0-natives-desktop.jar;C:\Users\grado\.gradle\caches\modules-2\files-2.1\com.badlogicgames.gdx\gdx-freetype-platform\1.10.0\6e5d28752759e69384f12e4569d2c884ff71352f\gdx-freetype-platform-1.10.0-natives-desktop.jar;C:\Users\grado\.gradle\caches\modules-2\files-2.1\com.badlogicgames.gdx-controllers\gdx-controllers-desktop\2.2.1\cb3430c32468a090eca54d494d16bb3764ceff9b\gdx-controllers-desktop-2.2.1.jar;C:\Users\grado\.gradle\caches\modules-2\files-2.1\org.jetbrains\annotations\20.1.0\2fcd1f3225bca0c4a7bc931142076f8c1e80993f\annotations-20.1.0.jar;C:\Users\grado\.gradle\caches\modules-2\files-2.1\com.badlogicgames.gdx\gdx-bullet\1.10.0\839b58c7278f5c3b55291c3a559d91227400ecdb\gdx-bullet-1.10.0.jar;C:\Users\grado\.gradle\caches\modules-2\files-2.1\com.badlogicgames.gdx\gdx-freetype\1.10.0\de1d0d5c1e92e8d91364256fd6b7bb279d3e9859\gdx-freetype-1.10.0.jar;C:\Users\grado\.gradle\caches\modules-2\files-2.1\com.badlogicgames.gdx\gdx-ai\1.8.2\ab75d2ce80ab1b1ce6828a15dc0f417abac4c674\gdx-ai-1.8.2.jar;C:\Users\grado\.gradle\caches\modules-2\files-2.1\com.badlogicgames.ashley\ashley\1.7.4\21a3a8932919099c4e5006a7d8378dcbe76ef8a5\ashley-1.7.4.jar;C:\Users\grado\.gradle\caches\modules-2\files-2.1\com.badlogicgames.box2dlights\box2dlights\1.5\6902dbcd250c95a27973aa24a147a95b3828d348\box2dlights-1.5.jar;C
Launcher Type: SUN_STANDARD

[Global flags]
     intx CICompilerCount                          = 12                                        {product} {ergonomic}
     uint ConcGCThreads                            = 3                                         {product} {ergonomic}
     uint G1ConcRefinementThreads                  = 13                                        {product} {ergonomic}
   size_t G1HeapRegionSize                         = 2097152                                   {product} {ergonomic}
    uintx GCDrainStackTargetSize                   = 64                                        {product} {ergonomic}
   size_t InitialHeapSize                          = 257949696                                 {product} {ergonomic}
   size_t MarkStackSize                            = 4194304                                   {product} {ergonomic}
   size_t MaxHeapSize                              = 4127195136                                {product} {ergonomic}
   size_t MaxNewSize                               = 2474639360                                {product} {ergonomic}
   size_t MinHeapDeltaBytes                        = 2097152                                   {product} {ergonomic}
   size_t MinHeapSize                              = 8388608                                   {product} {ergonomic}
    uintx NonNMethodCodeHeapSize                   = 7602480                                {pd product} {ergonomic}
    uintx NonProfiledCodeHeapSize                  = 122027880                              {pd product} {ergonomic}
    uintx ProfiledCodeHeapSize                     = 122027880                              {pd product} {ergonomic}
    uintx ReservedCodeCacheSize                    = 251658240                              {pd product} {ergonomic}
     bool SegmentedCodeCache                       = true                                      {product} {ergonomic}
     bool ShowCodeDetailsInExceptionMessages       = true                                   {manageable} {command line}
   size_t SoftMaxHeapSize                          = 4127195136                             {manageable} {ergonomic}
     bool UseCompressedClassPointers               = true                           {product lp64_product} {ergonomic}
     bool UseCompressedOops                        = true                           {product lp64_product} {ergonomic}
     bool UseG1GC                                  = true                                      {product} {ergonomic}
     bool UseLargePagesIndividualAllocation        = false                                  {pd product} {ergonomic}

Logging:
Log output configuration:
 #0: stdout all=warning uptime,level,tags
 #1: stderr all=off uptime,level,tags

Environment Variables:
PATH=C:\Program Files\Common Files\Oracle\Java\javapath;C:\Windows\system32;C:\Windows;C:\Windows\System32\Wbem;C:\Windows\System32\WindowsPowerShell\v1.0\;C:\Windows\System32\OpenSSH\;C:\Program Files (x86)\NVIDIA Corporation\PhysX\Common;C:\Program Files\NVIDIA Corporation\NVIDIA NvDLISR;C:\Program Files\MATLAB\R2022a\bin;C:\Program Files\Gradle\gradle-7.4.2\bin;C:\Program Files\Git\cmd;C:\Users\grado\AppData\Local\Microsoft\WindowsApps;C:\Users\grado\AppData\Local\Programs\Microsoft VS Code\bin;C:\Users\grado\AppData\Local\GitHubDesktop\bin
USERNAME=grado
LANG=en_US.UTF-8
OS=Windows_NT
PROCESSOR_IDENTIFIER=AMD64 Family 23 Model 96 Stepping 1, AuthenticAMD



---------------  S Y S T E M  ---------------

OS:
 Windows 10 , 64 bit Build 19041 (10.0.19041.1706)
OS uptime: 9 days 11:40 hours

CPU: total 16 (initial active 16) (16 cores per cpu, 2 threads per core) family 23 model 96 stepping 1 microcode 0x0, cx8, cmov, fxsr, ht, mmx, 3dnowpref, sse, sse2, sse3, ssse3, sse4a, sse4.1, sse4.2, popcnt, lzcnt, tsc, tscinvbit, avx, avx2, aes, clmul, bmi1, bmi2, adx, sha, fma, vzeroupper, clflush, clflushopt

Memory: 4k page, system-wide physical 15741M (6401M free)
TotalPageFile size 22653M (AvailPageFile size 6541M)
current process WorkingSet (physical memory assigned to process): 294M, peak: 334M
current process commit charge ("private bytes"): 716M, peak: 894M

vm_info: OpenJDK 64-Bit Server VM (17.0.1+12) for windows-amd64 JRE (17.0.1+12), built on Oct 20 2021 07:42:55 by "" with MS VC++ 16.7 (VS2019)

END.
