#
# A fatal error has been detected by the Java Runtime Environment:
#
#  EXCEPTION_ACCESS_VIOLATION (0xc0000005) at pc=0x000001d1a11f0000, pid=17416, tid=25316
#
# JRE version: OpenJDK Runtime Environment Temurin-17.0.1+12 (17.0.1+12) (build 17.0.1+12)
# Java VM: OpenJDK 64-Bit Server VM Temurin-17.0.1+12 (17.0.1+12, mixed mode, sharing, tiered, compressed oops, compressed class ptrs, g1 gc, windows-amd64)
# Problematic frame:
# C  0x000001d1a11f0000
#
# No core dump will be written. Minidumps are not enabled by default on client versions of Windows
#
# If you would like to submit a bug report, please visit:
#   https://github.com/adoptium/adoptium-support/issues
# The crash happened outside the Java Virtual Machine in native code.
# See problematic frame for where to report the bug.
#

---------------  S U M M A R Y ------------

Command Line: -XX:+ShowCodeDetailsInExceptionMessages com.crazyputting3d.Main

Host: AMD Ryzen 7 4800H with Radeon Graphics         , 16 cores, 15G,  Windows 10 , 64 bit Build 19041 (10.0.19041.1706)
Time: Fri Jun 17 17:33:30 2022 Central European Daylight Time elapsed time: 27.829714 seconds (0d 0h 0m 27s)

---------------  T H R E A D  ---------------

Current thread (0x000001d1fdb41660):  JavaThread "main" [_thread_in_native, id=25316, stack(0x000000bcfa300000,0x000000bcfa400000)]

Stack: [0x000000bcfa300000,0x000000bcfa400000],  sp=0x000000bcfa3fea28,  free space=1018k
Native frames: (J=compiled Java code, j=interpreted, Vv=VM code, C=native code)
C  0x000001d1a11f0000

Java frames: (J=compiled Java code, j=interpreted, Vv=VM code)
J 1214  org.lwjgl.system.JNI.invokePV(JJ)V (0 bytes) @ 0x000001d18f5faaec [0x000001d18f5faaa0+0x000000000000004c]
J 2120 c1 org.lwjgl.glfw.GLFW.glfwSwapBuffers(J)V (21 bytes) @ 0x000001d1884d90ac [0x000001d1884d8fc0+0x00000000000000ec]
j  com.badlogic.gdx.backends.lwjgl3.Lwjgl3Window.update()Z+196
j  com.badlogic.gdx.backends.lwjgl3.Lwjgl3Application.loop()V+111
j  com.badlogic.gdx.backends.lwjgl3.Lwjgl3Application.<init>(Lcom/badlogic/gdx/ApplicationListener;Lcom/badlogic/gdx/backends/lwjgl3/Lwjgl3ApplicationConfiguration;)V+243
j  com.crazyputting3d.Main.main([Ljava/lang/String;)V+41
v  ~StubRoutines::call_stub

siginfo: EXCEPTION_ACCESS_VIOLATION (0xc0000005), data execution prevention violation at address 0x000001d1a11f0000


Register to memory mapping:

RIP=0x000001d1a11f0000 is an unknown value
RAX=0x000001d1a11f0000 is an unknown value
RBX=0x0000000000010001 is an unknown value
RCX=0x0000000000010001 is an unknown value
RDX=0x000000bcfa3fea60 is pointing into the stack for thread: 0x000001d1fdb41660
RSP=0x000000bcfa3fea28 is pointing into the stack for thread: 0x000001d1fdb41660
RBP=0x000000bcfa3feb30 is pointing into the stack for thread: 0x000001d1fdb41660
RSI=0x0000000000000110 is an unknown value
RDI=0x0000000000001860 is an unknown value
R8 =0x000001d1a266be30 points into unknown readable memory: 0x000001d1a5239480 | 80 94 23 a5 d1 01 00 00
R9 =0x00007ffdb1951b50 glfw.dll
R10=0x00007ffdb19c1b10 lwjgl.dll
R11=0x000000bcfa3fee98 is pointing into the stack for thread: 0x000001d1fdb41660
R12=0x0 is NULL
R13=0x000000bcfa3fef98 is pointing into the stack for thread: 0x000001d1fdb41660
R14=0x000000bcfa3feef0 is pointing into the stack for thread: 0x000001d1fdb41660
R15=0x000001d1fdb41660 is a thread


Registers:
RAX=0x000001d1a11f0000, RBX=0x0000000000010001, RCX=0x0000000000010001, RDX=0x000000bcfa3fea60
RSP=0x000000bcfa3fea28, RBP=0x000000bcfa3feb30, RSI=0x0000000000000110, RDI=0x0000000000001860
R8 =0x000001d1a266be30, R9 =0x00007ffdb1951b50, R10=0x00007ffdb19c1b10, R11=0x000000bcfa3fee98
R12=0x0000000000000000, R13=0x000000bcfa3fef98, R14=0x000000bcfa3feef0, R15=0x000001d1fdb41660
RIP=0x000001d1a11f0000, EFLAGS=0x0000000000010206

Top of Stack: (sp=0x000000bcfa3fea28)
0x000000bcfa3fea28:   00007ffdb1951f7c 000000070b2c9f70
0x000000bcfa3fea38:   000001d188359efc 000000070b2ca120
0x000000bcfa3fea48:   00007ffd831e52f6 0000000743480000
0x000000bcfa3fea58:   000000070b2c9f10 57464c4720656854
0x000000bcfa3fea68:   7972617262696c20 20746f6e20736920
0x000000bcfa3fea78:   696c616974696e69 000000000064657a
0x000000bcfa3fea88:   000001d1ace3fde8 0000000000000000
0x000000bcfa3fea98:   000000006e7020f4 000001d1fdb41908
0x000000bcfa3feaa8:   00007ffd831e5481 0000000000000000
0x000000bcfa3feab8:   000001d18831797c 0000000200000003
0x000000bcfa3feac8:   000000070b2c9f90 000000070b2ddbf0
0x000000bcfa3fead8:   000001d18f5f5585 0000000700000000
0x000000bcfa3feae8:   000000070b27c7f0 0000000000000002
0x000000bcfa3feaf8:   00007ffd22939d0a 000000bcfa3fed88
0x000000bcfa3feb08:   000001d1882d2a6c 000000070b2de418
0x000000bcfa3feb18:   000000070b2ddbf0 000000070b27c7f0 

Instructions: (pc=0x000001d1a11f0000)
0x000001d1a11eff00:   ?? ?? ?? ?? ?? ?? ?? ?? ?? ?? ?? ?? ?? ?? ?? ??
0x000001d1a11eff10:   ?? ?? ?? ?? ?? ?? ?? ?? ?? ?? ?? ?? ?? ?? ?? ??
0x000001d1a11eff20:   ?? ?? ?? ?? ?? ?? ?? ?? ?? ?? ?? ?? ?? ?? ?? ??
0x000001d1a11eff30:   ?? ?? ?? ?? ?? ?? ?? ?? ?? ?? ?? ?? ?? ?? ?? ??
0x000001d1a11eff40:   ?? ?? ?? ?? ?? ?? ?? ?? ?? ?? ?? ?? ?? ?? ?? ??
0x000001d1a11eff50:   ?? ?? ?? ?? ?? ?? ?? ?? ?? ?? ?? ?? ?? ?? ?? ??
0x000001d1a11eff60:   ?? ?? ?? ?? ?? ?? ?? ?? ?? ?? ?? ?? ?? ?? ?? ??
0x000001d1a11eff70:   ?? ?? ?? ?? ?? ?? ?? ?? ?? ?? ?? ?? ?? ?? ?? ??
0x000001d1a11eff80:   ?? ?? ?? ?? ?? ?? ?? ?? ?? ?? ?? ?? ?? ?? ?? ??
0x000001d1a11eff90:   ?? ?? ?? ?? ?? ?? ?? ?? ?? ?? ?? ?? ?? ?? ?? ??
0x000001d1a11effa0:   ?? ?? ?? ?? ?? ?? ?? ?? ?? ?? ?? ?? ?? ?? ?? ??
0x000001d1a11effb0:   ?? ?? ?? ?? ?? ?? ?? ?? ?? ?? ?? ?? ?? ?? ?? ??
0x000001d1a11effc0:   ?? ?? ?? ?? ?? ?? ?? ?? ?? ?? ?? ?? ?? ?? ?? ??
0x000001d1a11effd0:   ?? ?? ?? ?? ?? ?? ?? ?? ?? ?? ?? ?? ?? ?? ?? ??
0x000001d1a11effe0:   ?? ?? ?? ?? ?? ?? ?? ?? ?? ?? ?? ?? ?? ?? ?? ??
0x000001d1a11efff0:   ?? ?? ?? ?? ?? ?? ?? ?? ?? ?? ?? ?? ?? ?? ?? ??
0x000001d1a11f0000:   ?? ?? ?? ?? ?? ?? ?? ?? ?? ?? ?? ?? ?? ?? ?? ??
0x000001d1a11f0010:   ?? ?? ?? ?? ?? ?? ?? ?? ?? ?? ?? ?? ?? ?? ?? ??
0x000001d1a11f0020:   ?? ?? ?? ?? ?? ?? ?? ?? ?? ?? ?? ?? ?? ?? ?? ??
0x000001d1a11f0030:   ?? ?? ?? ?? ?? ?? ?? ?? ?? ?? ?? ?? ?? ?? ?? ??
0x000001d1a11f0040:   ?? ?? ?? ?? ?? ?? ?? ?? ?? ?? ?? ?? ?? ?? ?? ??
0x000001d1a11f0050:   ?? ?? ?? ?? ?? ?? ?? ?? ?? ?? ?? ?? ?? ?? ?? ??
0x000001d1a11f0060:   ?? ?? ?? ?? ?? ?? ?? ?? ?? ?? ?? ?? ?? ?? ?? ??
0x000001d1a11f0070:   ?? ?? ?? ?? ?? ?? ?? ?? ?? ?? ?? ?? ?? ?? ?? ??
0x000001d1a11f0080:   ?? ?? ?? ?? ?? ?? ?? ?? ?? ?? ?? ?? ?? ?? ?? ??
0x000001d1a11f0090:   ?? ?? ?? ?? ?? ?? ?? ?? ?? ?? ?? ?? ?? ?? ?? ??
0x000001d1a11f00a0:   ?? ?? ?? ?? ?? ?? ?? ?? ?? ?? ?? ?? ?? ?? ?? ??
0x000001d1a11f00b0:   ?? ?? ?? ?? ?? ?? ?? ?? ?? ?? ?? ?? ?? ?? ?? ??
0x000001d1a11f00c0:   ?? ?? ?? ?? ?? ?? ?? ?? ?? ?? ?? ?? ?? ?? ?? ??
0x000001d1a11f00d0:   ?? ?? ?? ?? ?? ?? ?? ?? ?? ?? ?? ?? ?? ?? ?? ??
0x000001d1a11f00e0:   ?? ?? ?? ?? ?? ?? ?? ?? ?? ?? ?? ?? ?? ?? ?? ??
0x000001d1a11f00f0:   ?? ?? ?? ?? ?? ?? ?? ?? ?? ?? ?? ?? ?? ?? ?? ?? 


Stack slot to memory mapping:
stack at sp + 0 slots: 0x00007ffdb1951f7c glfw.dll
stack at sp + 1 slots: 0x000000070b2c9f70 is an oop: com.badlogic.gdx.graphics.Mesh 
{0x000000070b2c9f70} - klass: 'com/badlogic/gdx/graphics/Mesh'
 - ---- fields (total size 4 words):
 - 'autoBind' 'Z' @12  true
 - final 'isVertexArray' 'Z' @13  true
 - 'isInstanced' 'Z' @14  false
 - final 'vertices' 'Lcom/badlogic/gdx/graphics/glutils/VertexData;' @16  a 'com/badlogic/gdx/graphics/glutils/VertexArray'{0x000000070b2c9f90} (e16593f2)
 - final 'indices' 'Lcom/badlogic/gdx/graphics/glutils/IndexData;' @20  a 'com/badlogic/gdx/graphics/glutils/IndexArray'{0x000000070b2ca198} (e1659433)
 - 'instances' 'Lcom/badlogic/gdx/graphics/glutils/InstanceData;' @24  NULL (0)
 - private final 'tmpV' 'Lcom/badlogic/gdx/math/Vector3;' @28  a 'com/badlogic/gdx/math/Vector3'{0x000000070b2ca228} (e1659445)
stack at sp + 2 slots: 0x000001d188359efc is at entry_point+2172 in (nmethod*)0x000001d188359310
stack at sp + 3 slots: 0x000000070b2ca120 is an oop: java.nio.DirectFloatBufferU 
{0x000000070b2ca120} - klass: 'java/nio/DirectFloatBufferU'
 - ---- fields (total size 7 words):
 - private 'mark' 'I' @12  -1 (ffffffff)
 - 'address' 'J' @16  1999901022192 (a363d7f0 1d1)
 - private 'position' 'I' @24  3
 - private 'limit' 'I' @28  460 (1cc)
 - private 'capacity' 'I' @32  20000 (4e20)
 - final 'segment' 'Ljdk/internal/access/foreign/MemorySegmentProxy;' @36  NULL (0)
 - final 'offset' 'I' @40  0
 - 'isReadOnly' 'Z' @44  false
 - final 'hb' '[F' @48  NULL (0)
 - private final 'att' 'Ljava/lang/Object;' @52  a 'java/nio/DirectByteBuffer'{0x000000070b2ca158} (e165942b)
stack at sp + 4 slots: 0x00007ffd831e52f6 jvm.dll
stack at sp + 5 slots: 0x0000000743480000 is an unallocated location in the heap
stack at sp + 6 slots: 0x000000070b2c9f10 is an oop: com.badlogic.gdx.graphics.g2d.SpriteBatch 
{0x000000070b2c9f10} - klass: 'com/badlogic/gdx/graphics/g2d/SpriteBatch'
 - ---- fields (total size 12 words):
 - 'idx' 'I' @12  0
 - 'invTexWidth' 'F' @16  0.000977 (3a800000)
 - 'invTexHeight' 'F' @20  0.000977 (3a800000)
 - private 'blendSrcFunc' 'I' @24  770 (302)
 - private 'blendDstFunc' 'I' @28  771 (303)
 - private 'blendSrcFuncAlpha' 'I' @32  770 (302)
 - private 'blendDstFuncAlpha' 'I' @36  771 (303)
 - 'colorPacked' 'F' @40  -170141173319264429905852091742258462720.000000 (feffffff)
 - public 'renderCalls' 'I' @44  3
 - public 'totalRenderCalls' 'I' @48  90 (5a)
 - public 'maxSpritesInBatch' 'I' @52  23 (17)
 - 'drawing' 'Z' @56  false
 - private 'blendingDisabled' 'Z' @57  false
 - private 'ownsShader' 'Z' @58  true
 - private 'mesh' 'Lcom/badlogic/gdx/graphics/Mesh;' @60  a 'com/badlogic/gdx/graphics/Mesh'{0x000000070b2c9f70} (e16593ee)
 - final 'vertices' '[F' @64  [F{0x000000070b2ca240} (e1659448)
 - 'lastTexture' 'Lcom/badlogic/gdx/graphics/Texture;' @68  NULL (0)
 - private final 'transformMatrix' 'Lcom/badlogic/gdx/math/Matrix4;' @72  a 'com/badlogic/gdx/math/Matrix4'{0x000000070b2ddad0} (e165bb5a)
 - private final 'projectionMatrix' 'Lcom/badlogic/gdx/math/Matrix4;' @76  a 'com/badlogic/gdx/math/Matrix4'{0x000000070b2ddb30} (e165bb66)
 - private final 'combinedMatrix' 'Lcom/badlogic/gdx/math/Matrix4;' @80  a 'com/badlogic/gdx/math/Matrix4'{0x000000070b2ddb90} (e165bb72)
 - private final 'shader' 'Lcom/badlogic/gdx/graphics/glutils/ShaderProgram;' @84  a 'com/badlogic/gdx/graphics/glutils/ShaderProgram'{0x000000070b2ddbf0} (e165bb7e)
 - private 'customShader' 'Lcom/badlogic/gdx/graphics/glutils/ShaderProgram;' @88  NULL (0)
 - private final 'color' 'Lcom/badlogic/gdx/graphics/Color;' @92  a 'com/badlogic/gdx/graphics/Color'{0x000000070b2def20} (e165bde4)
stack at sp + 7 slots: 0x57464c4720656854 is an unknown value


---------------  P R O C E S S  ---------------

Threads class SMR info:
_java_thread_list=0x000001d1b25c68e0, length=21, elements={
0x000001d1fdb41660, 0x000001d1a1065ec0, 0x000001d1a1067b40, 0x000001d1a1080e60,
0x000001d1a1081720, 0x000001d1a10820d0, 0x000001d1a1083220, 0x000001d1a1086790,
0x000001d1a10879d0, 0x000001d1a10854a0, 0x000001d1a1d2fa20, 0x000001d1a1d3c930,
0x000001d1aba529c0, 0x000001d1b0c04de0, 0x000001d1ac406ff0, 0x000001d1b2bbe6d0,
0x000001d1b2bbbf10, 0x000001d1a2412000, 0x000001d1b32fd860, 0x000001d1b32fdd30,
0x000001d1b32fe200
}

Java Threads: ( => current thread )
=>0x000001d1fdb41660 JavaThread "main" [_thread_in_native, id=25316, stack(0x000000bcfa300000,0x000000bcfa400000)]
  0x000001d1a1065ec0 JavaThread "Reference Handler" daemon [_thread_blocked, id=27384, stack(0x000000bcfaa00000,0x000000bcfab00000)]
  0x000001d1a1067b40 JavaThread "Finalizer" daemon [_thread_blocked, id=5292, stack(0x000000bcfab00000,0x000000bcfac00000)]
  0x000001d1a1080e60 JavaThread "Signal Dispatcher" daemon [_thread_blocked, id=5548, stack(0x000000bcfac00000,0x000000bcfad00000)]
  0x000001d1a1081720 JavaThread "Attach Listener" daemon [_thread_blocked, id=17784, stack(0x000000bcfad00000,0x000000bcfae00000)]
  0x000001d1a10820d0 JavaThread "Service Thread" daemon [_thread_blocked, id=23960, stack(0x000000bcfae00000,0x000000bcfaf00000)]
  0x000001d1a1083220 JavaThread "Monitor Deflation Thread" daemon [_thread_blocked, id=23668, stack(0x000000bcfaf00000,0x000000bcfb000000)]
  0x000001d1a1086790 JavaThread "C2 CompilerThread0" daemon [_thread_blocked, id=25132, stack(0x000000bcfb000000,0x000000bcfb100000)]
  0x000001d1a10879d0 JavaThread "C1 CompilerThread0" daemon [_thread_blocked, id=26240, stack(0x000000bcfb100000,0x000000bcfb200000)]
  0x000001d1a10854a0 JavaThread "Sweeper thread" daemon [_thread_blocked, id=116, stack(0x000000bcfb200000,0x000000bcfb300000)]
  0x000001d1a1d2fa20 JavaThread "Notification Thread" daemon [_thread_blocked, id=17184, stack(0x000000bcfb500000,0x000000bcfb600000)]
  0x000001d1a1d3c930 JavaThread "Common-Cleaner" daemon [_thread_blocked, id=24704, stack(0x000000bcfb700000,0x000000bcfb800000)]
  0x000001d1aba529c0 JavaThread "LWJGL3 Timer" daemon [_thread_blocked, id=13588, stack(0x000000bcfc700000,0x000000bcfc800000)]
  0x000001d1b0c04de0 JavaThread "LWJGL3 Timer" daemon [_thread_blocked, id=21028, stack(0x000000bcfcf00000,0x000000bcfd000000)]
  0x000001d1ac406ff0 JavaThread "Java Sound Event Dispatcher" daemon [_thread_blocked, id=20740, stack(0x000000bcfce00000,0x000000bcfcf00000)]
  0x000001d1b2bbe6d0 JavaThread "Direct Clip" daemon [_thread_blocked, id=9612, stack(0x000000bcfdc00000,0x000000bcfdd00000)]
  0x000001d1b2bbbf10 JavaThread "Direct Clip" daemon [_thread_blocked, id=15872, stack(0x000000bcfc000000,0x000000bcfc100000)]
  0x000001d1a2412000 JavaThread "Direct Clip" daemon [_thread_blocked, id=3576, stack(0x000000bcfb400000,0x000000bcfb500000)]
  0x000001d1b32fd860 JavaThread "Direct Clip" daemon [_thread_blocked, id=15848, stack(0x000000bcfcc00000,0x000000bcfcd00000)]
  0x000001d1b32fdd30 JavaThread "Direct Clip" daemon [_thread_blocked, id=10056, stack(0x000000bcfcd00000,0x000000bcfce00000)]
  0x000001d1b32fe200 JavaThread "Direct Clip" daemon [_thread_blocked, id=21740, stack(0x000000bcfd700000,0x000000bcfd800000)]

Other Threads:
  0x000001d1a1060c20 VMThread "VM Thread" [stack: 0x000000bcfa900000,0x000000bcfaa00000] [id=18356]
  0x000001d1fdbc3270 WatcherThread [stack: 0x000000bcfb600000,0x000000bcfb700000] [id=24936]
  0x000001d1fdb981b0 GCTaskThread "GC Thread#0" [stack: 0x000000bcfa400000,0x000000bcfa500000] [id=2556]
  0x000001d1a4da1140 GCTaskThread "GC Thread#1" [stack: 0x000000bcfc100000,0x000000bcfc200000] [id=7732]
  0x000001d1a4da2ed0 GCTaskThread "GC Thread#2" [stack: 0x000000bcfc200000,0x000000bcfc300000] [id=19728]
  0x000001d1a4da26c0 GCTaskThread "GC Thread#3" [stack: 0x000000bcfc300000,0x000000bcfc400000] [id=17904]
  0x000001d1a4da4c60 GCTaskThread "GC Thread#4" [stack: 0x000000bcfc400000,0x000000bcfc500000] [id=19992]
  0x000001d1a4da3ef0 GCTaskThread "GC Thread#5" [stack: 0x000000bcfc500000,0x000000bcfc600000] [id=9576]
  0x000001d1a4da3430 GCTaskThread "GC Thread#6" [stack: 0x000000bcfc600000,0x000000bcfc700000] [id=10632]
  0x000001d1ac319240 GCTaskThread "GC Thread#7" [stack: 0x000000bcfd000000,0x000000bcfd100000] [id=15844]
  0x000001d1fdba9700 ConcurrentGCThread "G1 Main Marker" [stack: 0x000000bcfa500000,0x000000bcfa600000] [id=8320]
  0x000001d1fdbaa110 ConcurrentGCThread "G1 Conc#0" [stack: 0x000000bcfa600000,0x000000bcfa700000] [id=6884]
  0x000001d1a0f020c0 ConcurrentGCThread "G1 Refine#0" [stack: 0x000000bcfa700000,0x000000bcfa800000] [id=25824]
  0x000001d1b2742490 ConcurrentGCThread "G1 Refine#1" [stack: 0x000000bcfd100000,0x000000bcfd200000] [id=19320]
  0x000001d1b2592f60 ConcurrentGCThread "G1 Refine#2" [stack: 0x000000bcfd200000,0x000000bcfd300000] [id=21928]
  0x000001d1b25c70b0 ConcurrentGCThread "G1 Refine#3" [stack: 0x000000bcfd300000,0x000000bcfd400000] [id=21712]
  0x000001d1abdfad50 ConcurrentGCThread "G1 Refine#4" [stack: 0x000000bcfd400000,0x000000bcfd500000] [id=27440]
  0x000001d1b29ae320 ConcurrentGCThread "G1 Refine#5" [stack: 0x000000bcfd500000,0x000000bcfd600000] [id=2228]
  0x000001d1b13ce6e0 ConcurrentGCThread "G1 Refine#6" [stack: 0x000000bcfd600000,0x000000bcfd700000] [id=4760]
  0x000001d1a0f029e0 ConcurrentGCThread "G1 Service" [stack: 0x000000bcfa800000,0x000000bcfa900000] [id=19896]

Threads with active compile tasks:

VM state: not at safepoint (normal execution)

VM Mutex/Monitor currently owned by a thread: None

Heap address: 0x000000070a000000, size: 3936 MB, Compressed Oops mode: Zero based, Oop shift amount: 3

CDS archive(s) mapped at: [0x0000000800000000-0x0000000800bc0000-0x0000000800bc0000), size 12320768, SharedBaseAddress: 0x0000000800000000, ArchiveRelocationMode: 0.
Compressed class space mapped at: 0x0000000800c00000-0x0000000840c00000, reserved size: 1073741824
Narrow klass base: 0x0000000800000000, Narrow klass shift: 0, Narrow klass range: 0x100000000

GC Precious Log:
 CPUs: 16 total, 16 available
 Memory: 15741M
 Large Page Support: Disabled
 NUMA Support: Disabled
 Compressed Oops: Enabled (Zero based)
 Heap Region Size: 2M
 Heap Min Capacity: 8M
 Heap Initial Capacity: 246M
 Heap Max Capacity: 3936M
 Pre-touch: Disabled
 Parallel Workers: 13
 Concurrent Workers: 3
 Concurrent Refinement Workers: 13
 Periodic GC: Disabled

Heap:
 garbage-first heap   total 251904K, used 128070K [0x000000070a000000, 0x0000000800000000)
  region size 2048K, 35 young (71680K), 4 survivors (8192K)
 Metaspace       used 10354K, committed 10432K, reserved 1064960K
  class space    used 728K, committed 768K, reserved 1048576K

Heap Regions: E=young(eden), S=young(survivor), O=old, HS=humongous(starts), HC=humongous(continues), CS=collection set, F=free, OA=open archive, CA=closed archive, TAMS=top-at-mark-start (previous, next)
|   0|0x000000070a000000, 0x000000070a200000, 0x000000070a200000|100%|HS|  |TAMS 0x000000070a000000, 0x000000070a000000| Complete 
|   1|0x000000070a200000, 0x000000070a400000, 0x000000070a400000|100%|HS|  |TAMS 0x000000070a200000, 0x000000070a200000| Complete 
|   2|0x000000070a400000, 0x000000070a600000, 0x000000070a600000|100%|HS|  |TAMS 0x000000070a400000, 0x000000070a400000| Complete 
|   3|0x000000070a600000, 0x000000070a800000, 0x000000070a800000|100%|HS|  |TAMS 0x000000070a600000, 0x000000070a600000| Complete 
|   4|0x000000070a800000, 0x000000070aa00000, 0x000000070aa00000|100%| O|  |TAMS 0x000000070a800000, 0x000000070a800000| Untracked 
|   5|0x000000070aa00000, 0x000000070ac00000, 0x000000070ac00000|100%| O|  |TAMS 0x000000070aa00000, 0x000000070aa00000| Untracked 
|   6|0x000000070ac00000, 0x000000070ae00000, 0x000000070ae00000|100%| O|  |TAMS 0x000000070ac00000, 0x000000070ac00000| Untracked 
|   7|0x000000070ae00000, 0x000000070b000000, 0x000000070b000000|100%| O|  |TAMS 0x000000070ae00000, 0x000000070ae00000| Untracked 
|   8|0x000000070b000000, 0x000000070b200000, 0x000000070b200000|100%| O|  |TAMS 0x000000070b000000, 0x000000070b000000| Untracked 
|   9|0x000000070b200000, 0x000000070b400000, 0x000000070b400000|100%| O|  |TAMS 0x000000070b200000, 0x000000070b200000| Untracked 
|  10|0x000000070b400000, 0x000000070b600000, 0x000000070b600000|100%|HS|  |TAMS 0x000000070b400000, 0x000000070b400000| Complete 
|  11|0x000000070b600000, 0x000000070b800000, 0x000000070b800000|100%|HS|  |TAMS 0x000000070b600000, 0x000000070b600000| Complete 
|  12|0x000000070b800000, 0x000000070ba00000, 0x000000070ba00000|100%| O|  |TAMS 0x000000070b800000, 0x000000070b800000| Untracked 
|  13|0x000000070ba00000, 0x000000070bc00000, 0x000000070bc00000|100%| O|  |TAMS 0x000000070ba00000, 0x000000070ba00000| Untracked 
|  14|0x000000070bc00000, 0x000000070bcde800, 0x000000070be00000| 43%| O|  |TAMS 0x000000070bc00000, 0x000000070bc00000| Untracked 
|  15|0x000000070be00000, 0x000000070c000000, 0x000000070c000000|100%|HS|  |TAMS 0x000000070be00000, 0x000000070be00000| Complete 
|  16|0x000000070c000000, 0x000000070c200000, 0x000000070c200000|100%|HS|  |TAMS 0x000000070c000000, 0x000000070c000000| Complete 
|  17|0x000000070c200000, 0x000000070c400000, 0x000000070c400000|100%|HS|  |TAMS 0x000000070c200000, 0x000000070c200000| Complete 
|  18|0x000000070c400000, 0x000000070c600000, 0x000000070c600000|100%|HS|  |TAMS 0x000000070c400000, 0x000000070c400000| Complete 
|  19|0x000000070c600000, 0x000000070c800000, 0x000000070c800000|100%|HS|  |TAMS 0x000000070c600000, 0x000000070c600000| Complete 
|  20|0x000000070c800000, 0x000000070ca00000, 0x000000070ca00000|100%|HS|  |TAMS 0x000000070c800000, 0x000000070c800000| Complete 
|  21|0x000000070ca00000, 0x000000070cc00000, 0x000000070cc00000|100%|HS|  |TAMS 0x000000070ca00000, 0x000000070ca00000| Complete 
|  22|0x000000070cc00000, 0x000000070ce00000, 0x000000070ce00000|100%|HS|  |TAMS 0x000000070cc00000, 0x000000070cc00000| Complete 
|  23|0x000000070ce00000, 0x000000070d000000, 0x000000070d000000|100%|HS|  |TAMS 0x000000070ce00000, 0x000000070ce00000| Complete 
|  24|0x000000070d000000, 0x000000070d200000, 0x000000070d200000|100%|HS|  |TAMS 0x000000070d000000, 0x000000070d000000| Complete 
|  25|0x000000070d200000, 0x000000070d400000, 0x000000070d400000|100%|HS|  |TAMS 0x000000070d200000, 0x000000070d200000| Complete 
|  26|0x000000070d400000, 0x000000070d600000, 0x000000070d600000|100%|HS|  |TAMS 0x000000070d400000, 0x000000070d400000| Complete 
|  27|0x000000070d600000, 0x000000070d800000, 0x000000070d800000|100%|HS|  |TAMS 0x000000070d600000, 0x000000070d600000| Complete 
|  28|0x000000070d800000, 0x000000070da00000, 0x000000070da00000|100%|HS|  |TAMS 0x000000070d800000, 0x000000070d800000| Complete 
|  29|0x000000070da00000, 0x000000070dc00000, 0x000000070dc00000|100%|HS|  |TAMS 0x000000070da00000, 0x000000070da00000| Complete 
|  30|0x000000070dc00000, 0x000000070dc00000, 0x000000070de00000|  0%| F|  |TAMS 0x000000070dc00000, 0x000000070dc00000| Untracked 
|  31|0x000000070de00000, 0x000000070de00000, 0x000000070e000000|  0%| F|  |TAMS 0x000000070de00000, 0x000000070de00000| Untracked 
|  32|0x000000070e000000, 0x000000070e000000, 0x000000070e200000|  0%| F|  |TAMS 0x000000070e000000, 0x000000070e000000| Untracked 
|  33|0x000000070e200000, 0x000000070e200000, 0x000000070e400000|  0%| F|  |TAMS 0x000000070e200000, 0x000000070e200000| Untracked 
|  34|0x000000070e400000, 0x000000070e400000, 0x000000070e600000|  0%| F|  |TAMS 0x000000070e400000, 0x000000070e400000| Untracked 
|  35|0x000000070e600000, 0x000000070e600000, 0x000000070e800000|  0%| F|  |TAMS 0x000000070e600000, 0x000000070e600000| Untracked 
|  36|0x000000070e800000, 0x000000070e800000, 0x000000070ea00000|  0%| F|  |TAMS 0x000000070e800000, 0x000000070e800000| Untracked 
|  37|0x000000070ea00000, 0x000000070ea00000, 0x000000070ec00000|  0%| F|  |TAMS 0x000000070ea00000, 0x000000070ea00000| Untracked 
|  38|0x000000070ec00000, 0x000000070ec00000, 0x000000070ee00000|  0%| F|  |TAMS 0x000000070ec00000, 0x000000070ec00000| Untracked 
|  39|0x000000070ee00000, 0x000000070ee00000, 0x000000070f000000|  0%| F|  |TAMS 0x000000070ee00000, 0x000000070ee00000| Untracked 
|  40|0x000000070f000000, 0x000000070f000000, 0x000000070f200000|  0%| F|  |TAMS 0x000000070f000000, 0x000000070f000000| Untracked 
|  41|0x000000070f200000, 0x000000070f200000, 0x000000070f400000|  0%| F|  |TAMS 0x000000070f200000, 0x000000070f200000| Untracked 
|  42|0x000000070f400000, 0x000000070f400000, 0x000000070f600000|  0%| F|  |TAMS 0x000000070f400000, 0x000000070f400000| Untracked 
|  43|0x000000070f600000, 0x000000070f600000, 0x000000070f800000|  0%| F|  |TAMS 0x000000070f600000, 0x000000070f600000| Untracked 
|  44|0x000000070f800000, 0x000000070f800000, 0x000000070fa00000|  0%| F|  |TAMS 0x000000070f800000, 0x000000070f800000| Untracked 
|  45|0x000000070fa00000, 0x000000070fa00000, 0x000000070fc00000|  0%| F|  |TAMS 0x000000070fa00000, 0x000000070fa00000| Untracked 
|  46|0x000000070fc00000, 0x000000070fc00000, 0x000000070fe00000|  0%| F|  |TAMS 0x000000070fc00000, 0x000000070fc00000| Untracked 
|  47|0x000000070fe00000, 0x000000070fe33200, 0x0000000710000000|  9%| S|CS|TAMS 0x000000070fe00000, 0x000000070fe00000| Complete 
|  48|0x0000000710000000, 0x0000000710200000, 0x0000000710200000|100%| S|CS|TAMS 0x0000000710000000, 0x0000000710000000| Complete 
|  49|0x0000000710200000, 0x0000000710400000, 0x0000000710400000|100%| S|CS|TAMS 0x0000000710200000, 0x0000000710200000| Complete 
|  50|0x0000000710400000, 0x0000000710600000, 0x0000000710600000|100%| S|CS|TAMS 0x0000000710400000, 0x0000000710400000| Complete 
|  51|0x0000000710600000, 0x0000000710600000, 0x0000000710800000|  0%| F|  |TAMS 0x0000000710600000, 0x0000000710600000| Untracked 
|  52|0x0000000710800000, 0x0000000710800000, 0x0000000710a00000|  0%| F|  |TAMS 0x0000000710800000, 0x0000000710800000| Untracked 
|  53|0x0000000710a00000, 0x0000000710a00000, 0x0000000710c00000|  0%| F|  |TAMS 0x0000000710a00000, 0x0000000710a00000| Untracked 
|  54|0x0000000710c00000, 0x0000000710c00000, 0x0000000710e00000|  0%| F|  |TAMS 0x0000000710c00000, 0x0000000710c00000| Untracked 
|  55|0x0000000710e00000, 0x0000000710e00000, 0x0000000711000000|  0%| F|  |TAMS 0x0000000710e00000, 0x0000000710e00000| Untracked 
|  56|0x0000000711000000, 0x0000000711000000, 0x0000000711200000|  0%| F|  |TAMS 0x0000000711000000, 0x0000000711000000| Untracked 
|  57|0x0000000711200000, 0x0000000711200000, 0x0000000711400000|  0%| F|  |TAMS 0x0000000711200000, 0x0000000711200000| Untracked 
|  58|0x0000000711400000, 0x0000000711400000, 0x0000000711600000|  0%| F|  |TAMS 0x0000000711400000, 0x0000000711400000| Untracked 
|  59|0x0000000711600000, 0x0000000711600000, 0x0000000711800000|  0%| F|  |TAMS 0x0000000711600000, 0x0000000711600000| Untracked 
|  60|0x0000000711800000, 0x0000000711800000, 0x0000000711a00000|  0%| F|  |TAMS 0x0000000711800000, 0x0000000711800000| Untracked 
|  61|0x0000000711a00000, 0x0000000711a00000, 0x0000000711c00000|  0%| F|  |TAMS 0x0000000711a00000, 0x0000000711a00000| Untracked 
|  62|0x0000000711c00000, 0x0000000711c00000, 0x0000000711e00000|  0%| F|  |TAMS 0x0000000711c00000, 0x0000000711c00000| Untracked 
|  63|0x0000000711e00000, 0x0000000711e00000, 0x0000000712000000|  0%| F|  |TAMS 0x0000000711e00000, 0x0000000711e00000| Untracked 
|  64|0x0000000712000000, 0x0000000712000000, 0x0000000712200000|  0%| F|  |TAMS 0x0000000712000000, 0x0000000712000000| Untracked 
|  65|0x0000000712200000, 0x0000000712200000, 0x0000000712400000|  0%| F|  |TAMS 0x0000000712200000, 0x0000000712200000| Untracked 
|  66|0x0000000712400000, 0x0000000712400000, 0x0000000712600000|  0%| F|  |TAMS 0x0000000712400000, 0x0000000712400000| Untracked 
|  67|0x0000000712600000, 0x0000000712600000, 0x0000000712800000|  0%| F|  |TAMS 0x0000000712600000, 0x0000000712600000| Untracked 
|  68|0x0000000712800000, 0x0000000712800000, 0x0000000712a00000|  0%| F|  |TAMS 0x0000000712800000, 0x0000000712800000| Untracked 
|  69|0x0000000712a00000, 0x0000000712a00000, 0x0000000712c00000|  0%| F|  |TAMS 0x0000000712a00000, 0x0000000712a00000| Untracked 
|  70|0x0000000712c00000, 0x0000000712c00000, 0x0000000712e00000|  0%| F|  |TAMS 0x0000000712c00000, 0x0000000712c00000| Untracked 
|  71|0x0000000712e00000, 0x0000000712e00000, 0x0000000713000000|  0%| F|  |TAMS 0x0000000712e00000, 0x0000000712e00000| Untracked 
|  72|0x0000000713000000, 0x0000000713000000, 0x0000000713200000|  0%| F|  |TAMS 0x0000000713000000, 0x0000000713000000| Untracked 
|  73|0x0000000713200000, 0x0000000713200000, 0x0000000713400000|  0%| F|  |TAMS 0x0000000713200000, 0x0000000713200000| Untracked 
|  74|0x0000000713400000, 0x0000000713400000, 0x0000000713600000|  0%| F|  |TAMS 0x0000000713400000, 0x0000000713400000| Untracked 
|  75|0x0000000713600000, 0x0000000713600000, 0x0000000713800000|  0%| F|  |TAMS 0x0000000713600000, 0x0000000713600000| Untracked 
|  76|0x0000000713800000, 0x0000000713800000, 0x0000000713a00000|  0%| F|  |TAMS 0x0000000713800000, 0x0000000713800000| Untracked 
|  77|0x0000000713a00000, 0x0000000713a00000, 0x0000000713c00000|  0%| F|  |TAMS 0x0000000713a00000, 0x0000000713a00000| Untracked 
|  78|0x0000000713c00000, 0x0000000713c00000, 0x0000000713e00000|  0%| F|  |TAMS 0x0000000713c00000, 0x0000000713c00000| Untracked 
|  79|0x0000000713e00000, 0x0000000713e00000, 0x0000000714000000|  0%| F|  |TAMS 0x0000000713e00000, 0x0000000713e00000| Untracked 
|  80|0x0000000714000000, 0x0000000714000000, 0x0000000714200000|  0%| F|  |TAMS 0x0000000714000000, 0x0000000714000000| Untracked 
|  81|0x0000000714200000, 0x0000000714200000, 0x0000000714400000|  0%| F|  |TAMS 0x0000000714200000, 0x0000000714200000| Untracked 
|  82|0x0000000714400000, 0x0000000714400000, 0x0000000714600000|  0%| F|  |TAMS 0x0000000714400000, 0x0000000714400000| Untracked 
|  83|0x0000000714600000, 0x0000000714600000, 0x0000000714800000|  0%| F|  |TAMS 0x0000000714600000, 0x0000000714600000| Untracked 
|  84|0x0000000714800000, 0x0000000714800000, 0x0000000714a00000|  0%| F|  |TAMS 0x0000000714800000, 0x0000000714800000| Untracked 
|  85|0x0000000714a00000, 0x0000000714a00000, 0x0000000714c00000|  0%| F|  |TAMS 0x0000000714a00000, 0x0000000714a00000| Untracked 
|  86|0x0000000714c00000, 0x0000000714c00000, 0x0000000714e00000|  0%| F|  |TAMS 0x0000000714c00000, 0x0000000714c00000| Untracked 
|  87|0x0000000714e00000, 0x0000000714e00000, 0x0000000715000000|  0%| F|  |TAMS 0x0000000714e00000, 0x0000000714e00000| Untracked 
|  88|0x0000000715000000, 0x0000000715000000, 0x0000000715200000|  0%| F|  |TAMS 0x0000000715000000, 0x0000000715000000| Untracked 
|  89|0x0000000715200000, 0x0000000715200000, 0x0000000715400000|  0%| F|  |TAMS 0x0000000715200000, 0x0000000715200000| Untracked 
|  90|0x0000000715400000, 0x0000000715400000, 0x0000000715600000|  0%| F|  |TAMS 0x0000000715400000, 0x0000000715400000| Untracked 
|  91|0x0000000715600000, 0x0000000715600000, 0x0000000715800000|  0%| F|  |TAMS 0x0000000715600000, 0x0000000715600000| Untracked 
|  92|0x0000000715800000, 0x0000000715a00000, 0x0000000715a00000|100%| E|  |TAMS 0x0000000715800000, 0x0000000715800000| Complete 
|  93|0x0000000715a00000, 0x0000000715c00000, 0x0000000715c00000|100%| E|CS|TAMS 0x0000000715a00000, 0x0000000715a00000| Complete 
|  94|0x0000000715c00000, 0x0000000715e00000, 0x0000000715e00000|100%| E|CS|TAMS 0x0000000715c00000, 0x0000000715c00000| Complete 
|  95|0x0000000715e00000, 0x0000000716000000, 0x0000000716000000|100%| E|CS|TAMS 0x0000000715e00000, 0x0000000715e00000| Complete 
|  96|0x0000000716000000, 0x0000000716200000, 0x0000000716200000|100%| E|CS|TAMS 0x0000000716000000, 0x0000000716000000| Complete 
|  97|0x0000000716200000, 0x0000000716400000, 0x0000000716400000|100%| E|CS|TAMS 0x0000000716200000, 0x0000000716200000| Complete 
|  98|0x0000000716400000, 0x0000000716600000, 0x0000000716600000|100%| E|CS|TAMS 0x0000000716400000, 0x0000000716400000| Complete 
|  99|0x0000000716600000, 0x0000000716800000, 0x0000000716800000|100%| E|CS|TAMS 0x0000000716600000, 0x0000000716600000| Complete 
| 100|0x0000000716800000, 0x0000000716a00000, 0x0000000716a00000|100%| E|CS|TAMS 0x0000000716800000, 0x0000000716800000| Complete 
| 101|0x0000000716a00000, 0x0000000716c00000, 0x0000000716c00000|100%| E|CS|TAMS 0x0000000716a00000, 0x0000000716a00000| Complete 
| 102|0x0000000716c00000, 0x0000000716e00000, 0x0000000716e00000|100%| E|CS|TAMS 0x0000000716c00000, 0x0000000716c00000| Complete 
| 103|0x0000000716e00000, 0x0000000717000000, 0x0000000717000000|100%| E|CS|TAMS 0x0000000716e00000, 0x0000000716e00000| Complete 
| 104|0x0000000717000000, 0x0000000717200000, 0x0000000717200000|100%| E|CS|TAMS 0x0000000717000000, 0x0000000717000000| Complete 
| 105|0x0000000717200000, 0x0000000717400000, 0x0000000717400000|100%| E|CS|TAMS 0x0000000717200000, 0x0000000717200000| Complete 
| 106|0x0000000717400000, 0x0000000717600000, 0x0000000717600000|100%| E|CS|TAMS 0x0000000717400000, 0x0000000717400000| Complete 
| 107|0x0000000717600000, 0x0000000717800000, 0x0000000717800000|100%| E|CS|TAMS 0x0000000717600000, 0x0000000717600000| Complete 
| 108|0x0000000717800000, 0x0000000717a00000, 0x0000000717a00000|100%| E|CS|TAMS 0x0000000717800000, 0x0000000717800000| Complete 
| 109|0x0000000717a00000, 0x0000000717c00000, 0x0000000717c00000|100%| E|CS|TAMS 0x0000000717a00000, 0x0000000717a00000| Complete 
| 110|0x0000000717c00000, 0x0000000717e00000, 0x0000000717e00000|100%| E|CS|TAMS 0x0000000717c00000, 0x0000000717c00000| Complete 
| 111|0x0000000717e00000, 0x0000000718000000, 0x0000000718000000|100%| E|CS|TAMS 0x0000000717e00000, 0x0000000717e00000| Complete 
| 112|0x0000000718000000, 0x0000000718200000, 0x0000000718200000|100%| E|CS|TAMS 0x0000000718000000, 0x0000000718000000| Complete 
| 113|0x0000000718200000, 0x0000000718400000, 0x0000000718400000|100%| E|CS|TAMS 0x0000000718200000, 0x0000000718200000| Complete 
| 114|0x0000000718400000, 0x0000000718600000, 0x0000000718600000|100%| E|CS|TAMS 0x0000000718400000, 0x0000000718400000| Complete 
| 115|0x0000000718600000, 0x0000000718800000, 0x0000000718800000|100%| E|CS|TAMS 0x0000000718600000, 0x0000000718600000| Complete 
| 116|0x0000000718800000, 0x0000000718a00000, 0x0000000718a00000|100%| E|CS|TAMS 0x0000000718800000, 0x0000000718800000| Complete 
| 117|0x0000000718a00000, 0x0000000718c00000, 0x0000000718c00000|100%| E|CS|TAMS 0x0000000718a00000, 0x0000000718a00000| Complete 
| 118|0x0000000718c00000, 0x0000000718e00000, 0x0000000718e00000|100%| E|CS|TAMS 0x0000000718c00000, 0x0000000718c00000| Complete 
| 119|0x0000000718e00000, 0x0000000719000000, 0x0000000719000000|100%| E|CS|TAMS 0x0000000718e00000, 0x0000000718e00000| Complete 
| 120|0x0000000719000000, 0x0000000719200000, 0x0000000719200000|100%| E|CS|TAMS 0x0000000719000000, 0x0000000719000000| Complete 
| 121|0x0000000719200000, 0x0000000719400000, 0x0000000719400000|100%| E|CS|TAMS 0x0000000719200000, 0x0000000719200000| Complete 
| 122|0x0000000719400000, 0x0000000719600000, 0x0000000719600000|100%| E|CS|TAMS 0x0000000719400000, 0x0000000719400000| Complete 

Card table byte_map: [0x000001d1fec50000,0x000001d1ff400000] _byte_map_base: 0x000001d1fb400000

Marking Bits (Prev, Next): (CMBitMap*) 0x000001d1fdb997d0, (CMBitMap*) 0x000001d1fdb99810
 Prev Bits: [0x000001d1969f0000, 0x000001d19a770000)
 Next Bits: [0x000001d19a770000, 0x000001d19e4f0000)

Polling page: 0x000001d1fbac0000

Metaspace:

Usage:
  Non-class:      9.40 MB used.
      Class:    728.14 KB used.
       Both:     10.11 MB used.

Virtual space:
  Non-class space:       16.00 MB reserved,       9.44 MB ( 59%) committed,  2 nodes.
      Class space:        1.00 GB reserved,     768.00 KB ( <1%) committed,  1 nodes.
             Both:        1.02 GB reserved,      10.19 MB ( <1%) committed. 

Chunk freelists:
   Non-Class:  640.00 KB
       Class:  3.19 MB
        Both:  3.81 MB

MaxMetaspaceSize: unlimited
CompressedClassSpaceSize: 1.00 GB
Initial GC threshold: 21.00 MB
Current GC threshold: 21.00 MB
CDS: on
MetaspaceReclaimPolicy: balanced
 - commit_granule_bytes: 65536.
 - commit_granule_words: 8192.
 - virtual_space_node_default_size: 1048576.
 - enlarge_chunks_in_place: 1.
 - new_chunks_are_fully_committed: 0.
 - uncommit_free_chunks: 1.
 - use_allocation_guard: 0.
 - handle_deallocations: 1.


Internal statistics:

num_allocs_failed_limit: 0.
num_arena_births: 44.
num_arena_deaths: 0.
num_vsnodes_births: 3.
num_vsnodes_deaths: 0.
num_space_committed: 161.
num_space_uncommitted: 0.
num_chunks_returned_to_freelist: 0.
num_chunks_taken_from_freelist: 322.
num_chunk_merges: 0.
num_chunk_splits: 274.
num_chunks_enlarged: 250.
num_purges: 0.
num_inconsistent_stats: 0.

CodeHeap 'non-profiled nmethods': size=119168Kb used=2072Kb max_used=2072Kb free=117095Kb
 bounds [0x000001d18f590000, 0x000001d18f800000, 0x000001d1969f0000]
CodeHeap 'profiled nmethods': size=119104Kb used=4209Kb max_used=4209Kb free=114894Kb
 bounds [0x000001d188140000, 0x000001d188560000, 0x000001d18f590000]
CodeHeap 'non-nmethods': size=7488Kb used=1660Kb max_used=3390Kb free=5827Kb
 bounds [0x000001d1879f0000, 0x000001d187d50000, 0x000001d188140000]
 total_blobs=3499 nmethods=2391 adapters=1021
 compilation: enabled
              stopped_count=0, restarted_count=0
 full_count=0

Compilation events (20 events):
Event: 23.048 Thread 0x000001d1a1086790 2387       4       com.badlogic.gdx.AbstractInput::isKeyPressed (38 bytes)
Event: 23.050 Thread 0x000001d1a1086790 nmethod 2387 0x000001d18f782910 code [0x000001d18f782a80, 0x000001d18f782b78]
Event: 24.758 Thread 0x000001d1a1086790 2388       4       com.badlogic.gdx.graphics.g3d.utils.MeshBuilder::rect (74 bytes)
Event: 24.790 Thread 0x000001d1a1086790 nmethod 2388 0x000001d18f782c90 code [0x000001d18f782f60, 0x000001d18f785690]
Event: 24.790 Thread 0x000001d1a1086790 2389       4       com.badlogic.gdx.graphics.g3d.utils.MeshBuilder::rect (31 bytes)
Event: 24.812 Thread 0x000001d1a1086790 nmethod 2389 0x000001d18f786e10 code [0x000001d18f7870c0, 0x000001d18f789470]
Event: 25.817 Thread 0x000001d1a10879d0 2390       3       org.lwjgl.system.dyncall.DynCallback::dcbArgDouble (16 bytes)
Event: 25.817 Thread 0x000001d1a10879d0 nmethod 2390 0x000001d18855c190 code [0x000001d18855c340, 0x000001d18855c5d8]
Event: 25.913 Thread 0x000001d1a1086790 2392       4       java.util.regex.Pattern$GroupTail::match (111 bytes)
Event: 25.920 Thread 0x000001d1a1086790 nmethod 2392 0x000001d18f78ae90 code [0x000001d18f78b0a0, 0x000001d18f78b980]
Event: 25.976 Thread 0x000001d1a1086790 2393       4       java.util.regex.Pattern$BmpCharPropertyGreedy::match (89 bytes)
Event: 25.985 Thread 0x000001d1a1086790 nmethod 2393 0x000001d18f78c210 code [0x000001d18f78c460, 0x000001d18f78d250]
Event: 25.985 Thread 0x000001d1a1086790 2394       4       com.badlogic.gdx.math.Frustum::update (263 bytes)
Event: 25.998 Thread 0x000001d1a1086790 nmethod 2394 0x000001d18f78e090 code [0x000001d18f78e300, 0x000001d18f78f348]
Event: 26.559 Thread 0x000001d1a1086790 2395       4       com.badlogic.gdx.graphics.g3d.utils.shapebuilders.CylinderShapeBuilder::build (407 bytes)
Event: 26.601 Thread 0x000001d1a1086790 nmethod 2395 0x000001d18f78fb10 code [0x000001d18f78fe60, 0x000001d18f793ed0]
Event: 26.813 Thread 0x000001d1a1086790 2396       4       java.util.regex.Pattern$$Lambda$19/0x800000025::is (9 bytes)
Event: 26.813 Thread 0x000001d1a1086790 nmethod 2396 0x000001d18f795810 code [0x000001d18f795980, 0x000001d18f795a18]
Event: 27.046 Thread 0x000001d1a1086790 2397       4       java.util.regex.Pattern$BmpCharProperty::match (55 bytes)
Event: 27.048 Thread 0x000001d1a1086790 nmethod 2397 0x000001d18f795b10 code [0x000001d18f795cc0, 0x000001d18f795f28]

GC Heap History (8 events):
Event: 0.854 GC heap before
{Heap before GC invocations=0 (full 0):
 garbage-first heap   total 251904K, used 22528K [0x000000070a000000, 0x0000000800000000)
  region size 2048K, 11 young (22528K), 0 survivors (0K)
 Metaspace       used 7057K, committed 7232K, reserved 1064960K
  class space    used 427K, committed 512K, reserved 1048576K
}
Event: 0.857 GC heap after
{Heap after GC invocations=1 (full 0):
 garbage-first heap   total 251904K, used 2547K [0x000000070a000000, 0x0000000800000000)
  region size 2048K, 2 young (4096K), 2 survivors (4096K)
 Metaspace       used 7057K, committed 7232K, reserved 1064960K
  class space    used 427K, committed 512K, reserved 1048576K
}
Event: 4.418 GC heap before
{Heap before GC invocations=1 (full 0):
 garbage-first heap   total 251904K, used 47603K [0x000000070a000000, 0x0000000800000000)
  region size 2048K, 20 young (40960K), 2 survivors (4096K)
 Metaspace       used 9776K, committed 9856K, reserved 1064960K
  class space    used 677K, committed 704K, reserved 1048576K
}
Event: 4.426 GC heap after
{Heap after GC invocations=2 (full 0):
 garbage-first heap   total 251904K, used 22675K [0x000000070a000000, 0x0000000800000000)
  region size 2048K, 3 young (6144K), 3 survivors (6144K)
 Metaspace       used 9776K, committed 9856K, reserved 1064960K
  class space    used 677K, committed 704K, reserved 1048576K
}
Event: 5.535 GC heap before
{Heap before GC invocations=2 (full 0):
 garbage-first heap   total 251904K, used 32915K [0x000000070a000000, 0x0000000800000000)
  region size 2048K, 6 young (12288K), 3 survivors (6144K)
 Metaspace       used 10184K, committed 10304K, reserved 1064960K
  class space    used 726K, committed 768K, reserved 1048576K
}
Event: 5.539 GC heap after
{Heap after GC invocations=3 (full 0):
 garbage-first heap   total 251904K, used 30986K [0x000000070a000000, 0x0000000800000000)
  region size 2048K, 1 young (2048K), 1 survivors (2048K)
 Metaspace       used 10184K, committed 10304K, reserved 1064960K
  class space    used 726K, committed 768K, reserved 1048576K
}
Event: 21.074 GC heap before
{Heap before GC invocations=3 (full 0):
 garbage-first heap   total 251904K, used 200970K [0x000000070a000000, 0x0000000800000000)
  region size 2048K, 72 young (147456K), 1 survivors (2048K)
 Metaspace       used 10341K, committed 10432K, reserved 1064960K
  class space    used 727K, committed 768K, reserved 1048576K
}
Event: 21.076 GC heap after
{Heap after GC invocations=4 (full 0):
 garbage-first heap   total 251904K, used 60486K [0x000000070a000000, 0x0000000800000000)
  region size 2048K, 4 young (8192K), 4 survivors (8192K)
 Metaspace       used 10341K, committed 10432K, reserved 1064960K
  class space    used 727K, committed 768K, reserved 1048576K
}

Deoptimization events (20 events):
Event: 9.562 Thread 0x000001d1fdb41660 DEOPT PACKING pc=0x000001d188541988 sp=0x000000bcfa3fe8d0
Event: 9.562 Thread 0x000001d1fdb41660 DEOPT UNPACKING pc=0x000001d187a42b43 sp=0x000000bcfa3fdda8 mode 0
Event: 9.579 Thread 0x000001d1fdb41660 DEOPT PACKING pc=0x000001d188541988 sp=0x000000bcfa3fe8d0
Event: 9.579 Thread 0x000001d1fdb41660 DEOPT UNPACKING pc=0x000001d187a42b43 sp=0x000000bcfa3fdda8 mode 0
Event: 9.579 Thread 0x000001d1fdb41660 DEOPT PACKING pc=0x000001d188546411 sp=0x000000bcfa3fe8b0
Event: 9.579 Thread 0x000001d1fdb41660 DEOPT UNPACKING pc=0x000001d187a42b43 sp=0x000000bcfa3fdda8 mode 0
Event: 9.579 Thread 0x000001d1fdb41660 DEOPT PACKING pc=0x000001d188541988 sp=0x000000bcfa3fe8d0
Event: 9.579 Thread 0x000001d1fdb41660 DEOPT UNPACKING pc=0x000001d187a42b43 sp=0x000000bcfa3fdda8 mode 0
Event: 9.596 Thread 0x000001d1fdb41660 DEOPT PACKING pc=0x000001d188541988 sp=0x000000bcfa3fe8d0
Event: 9.596 Thread 0x000001d1fdb41660 DEOPT UNPACKING pc=0x000001d187a42b43 sp=0x000000bcfa3fdda8 mode 0
Event: 9.612 Thread 0x000001d1fdb41660 DEOPT PACKING pc=0x000001d188541988 sp=0x000000bcfa3fe8d0
Event: 9.612 Thread 0x000001d1fdb41660 DEOPT UNPACKING pc=0x000001d187a42b43 sp=0x000000bcfa3fdda8 mode 0
Event: 9.612 Thread 0x000001d1fdb41660 DEOPT PACKING pc=0x000001d188546411 sp=0x000000bcfa3fe8b0
Event: 9.612 Thread 0x000001d1fdb41660 DEOPT UNPACKING pc=0x000001d187a42b43 sp=0x000000bcfa3fdda8 mode 0
Event: 9.645 Thread 0x000001d1fdb41660 DEOPT PACKING pc=0x000001d188546411 sp=0x000000bcfa3fe8b0
Event: 9.645 Thread 0x000001d1fdb41660 DEOPT UNPACKING pc=0x000001d187a42b43 sp=0x000000bcfa3fdda8 mode 0
Event: 9.712 Thread 0x000001d1fdb41660 DEOPT PACKING pc=0x000001d188546411 sp=0x000000bcfa3fe8b0
Event: 9.712 Thread 0x000001d1fdb41660 DEOPT UNPACKING pc=0x000001d187a42b43 sp=0x000000bcfa3fdda8 mode 0
Event: 9.813 Thread 0x000001d1fdb41660 DEOPT PACKING pc=0x000001d188546411 sp=0x000000bcfa3fe8b0
Event: 9.813 Thread 0x000001d1fdb41660 DEOPT UNPACKING pc=0x000001d187a42b43 sp=0x000000bcfa3fdda8 mode 0

Classes unloaded (0 events):
No events

Classes redefined (0 events):
No events

Internal exceptions (20 events):
Event: 0.166 Thread 0x000001d1fdb41660 Exception <a 'java/lang/NoSuchMethodError'{0x00000007191de438}: 'java.lang.Object java.lang.invoke.DirectMethodHandle$Holder.invokeStaticInit(java.lang.Object)'> (0x00000007191de438) 
thrown [e:\jenkins\tmp\workspace\build\src\src\hotspot\share\interpreter\linkResolver.cpp, line 766]
Event: 0.177 Thread 0x000001d1fdb41660 Exception <a 'java/lang/NoSuchMethodError'{0x0000000718e40460}: 'void java.lang.invoke.DirectMethodHandle$Holder.invokeStatic(java.lang.Object, java.lang.Object)'> (0x0000000718e40460) 
thrown [e:\jenkins\tmp\workspace\build\src\src\hotspot\share\interpreter\linkResolver.cpp, line 766]
Event: 0.179 Thread 0x000001d1fdb41660 Exception <a 'java/lang/NoSuchMethodError'{0x0000000718e45ca8}: 'void java.lang.invoke.DirectMethodHandle$Holder.invokeSpecial(java.lang.Object, java.lang.Object, java.lang.Object)'> (0x0000000718e45ca8) 
thrown [e:\jenkins\tmp\workspace\build\src\src\hotspot\share\interpreter\linkResolver.cpp, line 766]
Event: 0.181 Thread 0x000001d1fdb41660 Exception <a 'java/lang/NoSuchMethodError'{0x0000000718e59030}: 'java.lang.Object java.lang.invoke.DirectMethodHandle$Holder.invokeStatic(java.lang.Object, java.lang.Object, int)'> (0x0000000718e59030) 
thrown [e:\jenkins\tmp\workspace\build\src\src\hotspot\share\interpreter\linkResolver.cpp, line 766]
Event: 0.183 Thread 0x000001d1fdb41660 Exception <a 'java/lang/NoSuchMethodError'{0x0000000718e64da0}: 'void java.lang.invoke.DelegatingMethodHandle$Holder.delegate(java.lang.Object, java.lang.Object, int, java.lang.Object)'> (0x0000000718e64da0) 
thrown [e:\jenkins\tmp\workspace\build\src\src\hotspot\share\interpreter\linkResolver.cpp, line 766]
Event: 0.184 Thread 0x000001d1fdb41660 Exception <a 'java/lang/NoSuchMethodError'{0x0000000718e68fe0}: 'int java.lang.invoke.DirectMethodHandle$Holder.invokeSpecial(java.lang.Object, java.lang.Object, java.lang.Object)'> (0x0000000718e68fe0) 
thrown [e:\jenkins\tmp\workspace\build\src\src\hotspot\share\interpreter\linkResolver.cpp, line 766]
Event: 0.215 Thread 0x000001d1fdb41660 Exception <a 'sun/nio/fs/WindowsException'{0x0000000718f0fe90}> (0x0000000718f0fe90) 
thrown [e:\jenkins\tmp\workspace\build\src\src\hotspot\share\prims\jni.cpp, line 516]
Event: 0.215 Thread 0x000001d1fdb41660 Exception <a 'sun/nio/fs/WindowsException'{0x0000000718f103e8}> (0x0000000718f103e8) 
thrown [e:\jenkins\tmp\workspace\build\src\src\hotspot\share\prims\jni.cpp, line 516]
Event: 0.239 Thread 0x000001d1fdb41660 Exception <a 'sun/nio/fs/WindowsException'{0x0000000718ffeea8}> (0x0000000718ffeea8) 
thrown [e:\jenkins\tmp\workspace\build\src\src\hotspot\share\prims\jni.cpp, line 516]
Event: 0.239 Thread 0x000001d1fdb41660 Exception <a 'sun/nio/fs/WindowsException'{0x0000000718fff248}> (0x0000000718fff248) 
thrown [e:\jenkins\tmp\workspace\build\src\src\hotspot\share\prims\jni.cpp, line 516]
Event: 0.258 Thread 0x000001d1fdb41660 Exception <a 'sun/nio/fs/WindowsException'{0x0000000718cad798}> (0x0000000718cad798) 
thrown [e:\jenkins\tmp\workspace\build\src\src\hotspot\share\prims\jni.cpp, line 516]
Event: 0.258 Thread 0x000001d1fdb41660 Exception <a 'sun/nio/fs/WindowsException'{0x0000000718cadb08}> (0x0000000718cadb08) 
thrown [e:\jenkins\tmp\workspace\build\src\src\hotspot\share\prims\jni.cpp, line 516]
Event: 0.300 Thread 0x000001d1fdb41660 Exception <a 'sun/nio/fs/WindowsException'{0x0000000718d32b78}> (0x0000000718d32b78) 
thrown [e:\jenkins\tmp\workspace\build\src\src\hotspot\share\prims\jni.cpp, line 516]
Event: 0.300 Thread 0x000001d1fdb41660 Exception <a 'sun/nio/fs/WindowsException'{0x0000000718d32f00}> (0x0000000718d32f00) 
thrown [e:\jenkins\tmp\workspace\build\src\src\hotspot\share\prims\jni.cpp, line 516]
Event: 0.538 Thread 0x000001d1fdb41660 Exception <a 'sun/nio/fs/WindowsException'{0x0000000718b14d48}> (0x0000000718b14d48) 
thrown [e:\jenkins\tmp\workspace\build\src\src\hotspot\share\prims\jni.cpp, line 516]
Event: 0.538 Thread 0x000001d1fdb41660 Exception <a 'sun/nio/fs/WindowsException'{0x0000000718b150f8}> (0x0000000718b150f8) 
thrown [e:\jenkins\tmp\workspace\build\src\src\hotspot\share\prims\jni.cpp, line 516]
Event: 0.541 Thread 0x000001d1fdb41660 Exception <a 'sun/nio/fs/WindowsException'{0x0000000718b21290}> (0x0000000718b21290) 
thrown [e:\jenkins\tmp\workspace\build\src\src\hotspot\share\prims\jni.cpp, line 516]
Event: 0.541 Thread 0x000001d1fdb41660 Exception <a 'sun/nio/fs/WindowsException'{0x0000000718b21578}> (0x0000000718b21578) 
thrown [e:\jenkins\tmp\workspace\build\src\src\hotspot\share\prims\jni.cpp, line 516]
Event: 3.791 Thread 0x000001d1fdb41660 Implicit null exception at 0x000001d18f60a3bf to 0x000001d18f60a49c
Event: 4.486 Thread 0x000001d1b29f1840 Implicit null exception at 0x000001d18f60045f to 0x000001d18f60051c

VM Operations (20 events):
Event: 21.074 Executing VM operation: G1CollectForAllocation
Event: 21.076 Executing VM operation: G1CollectForAllocation done
Event: 21.741 Executing VM operation: ICBufferFull
Event: 21.741 Executing VM operation: ICBufferFull done
Event: 22.348 Executing VM operation: HandshakeAllThreads
Event: 22.348 Executing VM operation: HandshakeAllThreads done
Event: 23.007 Executing VM operation: ICBufferFull
Event: 23.007 Executing VM operation: ICBufferFull done
Event: 23.675 Executing VM operation: ICBufferFull
Event: 23.675 Executing VM operation: ICBufferFull done
Event: 24.343 Executing VM operation: ICBufferFull
Event: 24.343 Executing VM operation: ICBufferFull done
Event: 25.009 Executing VM operation: ICBufferFull
Event: 25.009 Executing VM operation: ICBufferFull done
Event: 25.691 Executing VM operation: ICBufferFull
Event: 25.691 Executing VM operation: ICBufferFull done
Event: 26.328 Executing VM operation: ICBufferFull
Event: 26.328 Executing VM operation: ICBufferFull done
Event: 26.993 Executing VM operation: ICBufferFull
Event: 26.994 Executing VM operation: ICBufferFull done

Events (20 events):
Event: 10.547 Thread 0x000001d1b26c6d50 Thread exited: 0x000001d1b26c6d50
Event: 10.652 Thread 0x000001d1b278cc00 Thread added: 0x000001d1b278cc00
Event: 10.949 Thread 0x000001d1b278c6f0 Thread exited: 0x000001d1b278c6f0
Event: 12.253 Thread 0x000001d1b278cc00 Thread exited: 0x000001d1b278cc00
Event: 12.678 Thread 0x000001d1b25c6b60 Thread added: 0x000001d1b25c6b60
Event: 12.681 Thread 0x000001d1a2412000 Thread added: 0x000001d1a2412000
Event: 12.884 Thread 0x000001d1b25c6b60 Thread exited: 0x000001d1b25c6b60
Event: 14.446 Thread 0x000001d1b32fd390 Thread added: 0x000001d1b32fd390
Event: 14.468 Thread 0x000001d1b32fd860 Thread added: 0x000001d1b32fd860
Event: 14.668 Thread 0x000001d1b32fd390 Thread exited: 0x000001d1b32fd390
Event: 16.180 Thread 0x000001d1b32fe200 Thread added: 0x000001d1b32fe200
Event: 16.184 Thread 0x000001d1b32fdd30 Thread added: 0x000001d1b32fdd30
Event: 16.384 Thread 0x000001d1b32fe200 Thread exited: 0x000001d1b32fe200
Event: 17.833 Thread 0x000001d1b278c1e0 Thread added: 0x000001d1b278c1e0
Event: 17.833 Thread 0x000001d1b278a380 Thread added: 0x000001d1b278a380
Event: 18.780 Thread 0x000001d1b278a380 Thread exited: 0x000001d1b278a380
Event: 18.781 Thread 0x000001d1b278c1e0 Thread exited: 0x000001d1b278c1e0
Event: 22.266 Thread 0x000001d1b32ff070 Thread added: 0x000001d1b32ff070
Event: 22.285 Thread 0x000001d1b32fe200 Thread added: 0x000001d1b32fe200
Event: 22.487 Thread 0x000001d1b32ff070 Thread exited: 0x000001d1b32ff070


Dynamic libraries:
0x00007ff7d8a20000 - 0x00007ff7d8a2e000 	C:\Program Files\Eclipse Adoptium\jdk-17.0.1.12-hotspot\bin\java.exe
0x00007ffdc5cd0000 - 0x00007ffdc5ec5000 	C:\Windows\SYSTEM32\ntdll.dll
0x00007ffdc4060000 - 0x00007ffdc411d000 	C:\Windows\System32\KERNEL32.DLL
0x00007ffdc3720000 - 0x00007ffdc39ed000 	C:\Windows\System32\KERNELBASE.dll
0x00007ffdc33b0000 - 0x00007ffdc34b0000 	C:\Windows\System32\ucrtbase.dll
0x00007ffdbd460000 - 0x00007ffdbd479000 	C:\Program Files\Eclipse Adoptium\jdk-17.0.1.12-hotspot\bin\VCRUNTIME140.dll
0x00007ffdb6650000 - 0x00007ffdb6668000 	C:\Program Files\Eclipse Adoptium\jdk-17.0.1.12-hotspot\bin\jli.dll
0x00007ffdc5530000 - 0x00007ffdc56d0000 	C:\Windows\System32\USER32.dll
0x00007ffdad620000 - 0x00007ffdad8ba000 	C:\Windows\WinSxS\amd64_microsoft.windows.common-controls_6595b64144ccf1df_6.0.19041.1110_none_60b5254171f9507e\COMCTL32.dll
0x00007ffdc3c20000 - 0x00007ffdc3c42000 	C:\Windows\System32\win32u.dll
0x00007ffdc5190000 - 0x00007ffdc522e000 	C:\Windows\System32\msvcrt.dll
0x00007ffdc5bd0000 - 0x00007ffdc5bfa000 	C:\Windows\System32\GDI32.dll
0x00007ffdc3610000 - 0x00007ffdc371b000 	C:\Windows\System32\gdi32full.dll
0x00007ffdc39f0000 - 0x00007ffdc3a8d000 	C:\Windows\System32\msvcp_win.dll
0x00007ffdc4eb0000 - 0x00007ffdc4ee0000 	C:\Windows\System32\IMM32.DLL
0x00007ffdbede0000 - 0x00007ffdbedec000 	C:\Program Files\Eclipse Adoptium\jdk-17.0.1.12-hotspot\bin\vcruntime140_1.dll
0x00007ffdb1890000 - 0x00007ffdb1921000 	C:\Program Files\Eclipse Adoptium\jdk-17.0.1.12-hotspot\bin\msvcp140.dll
0x00007ffd82e10000 - 0x00007ffd83a56000 	C:\Program Files\Eclipse Adoptium\jdk-17.0.1.12-hotspot\bin\server\jvm.dll
0x00007ffdc3fb0000 - 0x00007ffdc405e000 	C:\Windows\System32\ADVAPI32.dll
0x00007ffdc3e80000 - 0x00007ffdc3f1c000 	C:\Windows\System32\sechost.dll
0x00007ffdc3d50000 - 0x00007ffdc3e75000 	C:\Windows\System32\RPCRT4.dll
0x00007ffdc4ee0000 - 0x00007ffdc4ee8000 	C:\Windows\System32\PSAPI.DLL
0x00007ffdbc260000 - 0x00007ffdbc26a000 	C:\Windows\SYSTEM32\VERSION.dll
0x00007ffdb8890000 - 0x00007ffdb88b7000 	C:\Windows\SYSTEM32\WINMM.dll
0x00007ffda5c00000 - 0x00007ffda5c09000 	C:\Windows\SYSTEM32\WSOCK32.dll
0x00007ffdc52e0000 - 0x00007ffdc534b000 	C:\Windows\System32\WS2_32.dll
0x00007ffdc1c40000 - 0x00007ffdc1c52000 	C:\Windows\SYSTEM32\kernel.appcore.dll
0x00007ffdbee30000 - 0x00007ffdbee3a000 	C:\Program Files\Eclipse Adoptium\jdk-17.0.1.12-hotspot\bin\jimage.dll
0x00007ffdc1a30000 - 0x00007ffdc1c14000 	C:\Windows\SYSTEM32\DBGHELP.DLL
0x00007ffdb8de0000 - 0x00007ffdb8e0c000 	C:\Windows\SYSTEM32\dbgcore.DLL
0x00007ffdc3a90000 - 0x00007ffdc3b12000 	C:\Windows\System32\bcryptPrimitives.dll
0x00007ffdb62b0000 - 0x00007ffdb62d5000 	C:\Program Files\Eclipse Adoptium\jdk-17.0.1.12-hotspot\bin\java.dll
0x00007ffdb1a30000 - 0x00007ffdb1b06000 	C:\Program Files\Eclipse Adoptium\jdk-17.0.1.12-hotspot\bin\svml.dll
0x00007ffdc4120000 - 0x00007ffdc4864000 	C:\Windows\System32\SHELL32.dll
0x00007ffdc1150000 - 0x00007ffdc18e4000 	C:\Windows\SYSTEM32\windows.storage.dll
0x00007ffdc5870000 - 0x00007ffdc5bc4000 	C:\Windows\System32\combase.dll
0x00007ffdc2e10000 - 0x00007ffdc2e3c000 	C:\Windows\SYSTEM32\Wldp.dll
0x00007ffdc5230000 - 0x00007ffdc52dd000 	C:\Windows\System32\SHCORE.dll
0x00007ffdc3cf0000 - 0x00007ffdc3d45000 	C:\Windows\System32\shlwapi.dll
0x00007ffdc32f0000 - 0x00007ffdc330f000 	C:\Windows\SYSTEM32\profapi.dll
0x00007ffdaafa0000 - 0x00007ffdaafb9000 	C:\Program Files\Eclipse Adoptium\jdk-17.0.1.12-hotspot\bin\net.dll
0x00007ffdb4be0000 - 0x00007ffdb4cea000 	C:\Windows\SYSTEM32\WINHTTP.dll
0x00007ffdc2b70000 - 0x00007ffdc2bda000 	C:\Windows\system32\mswsock.dll
0x00007ffdaaf80000 - 0x00007ffdaaf95000 	C:\Program Files\Eclipse Adoptium\jdk-17.0.1.12-hotspot\bin\nio.dll
0x00007ffdaace0000 - 0x00007ffdaacf8000 	C:\Program Files\Eclipse Adoptium\jdk-17.0.1.12-hotspot\bin\zip.dll
0x000000006e700000 - 0x000000006e72a000 	C:\Users\grado\AppData\Local\Temp\libgdxgrado\e1cd32f8\gdx64.dll
0x00007ffdb19c0000 - 0x00007ffdb1a24000 	C:\Users\grado\AppData\Local\Temp\lwjglgrado\3.2.3-build-13\lwjgl.dll
0x00007ffd84490000 - 0x00007ffd846e3000 	C:\Users\grado\AppData\Local\Temp\lwjglgrado\3.2.3-build-13\jemalloc.dll
0x00007ffdb1950000 - 0x00007ffdb19b2000 	C:\Users\grado\AppData\Local\Temp\lwjglgrado\3.2.3-build-13\glfw.dll
0x00007ffdc0870000 - 0x00007ffdc090e000 	C:\Windows\system32\uxtheme.dll
0x00007ffdaa450000 - 0x00007ffdaa495000 	C:\Windows\SYSTEM32\dinput8.dll
0x00007ffdb1930000 - 0x00007ffdb1941000 	C:\Windows\SYSTEM32\xinput1_4.dll
0x00007ffdc3b20000 - 0x00007ffdc3b6e000 	C:\Windows\System32\cfgmgr32.dll
0x00007ffdc3160000 - 0x00007ffdc318c000 	C:\Windows\SYSTEM32\DEVOBJ.dll
0x00007ffdc0a00000 - 0x00007ffdc0a2f000 	C:\Windows\SYSTEM32\dwmapi.dll
0x00007ffda8c80000 - 0x00007ffda8dd2000 	C:\Windows\SYSTEM32\inputhost.dll
0x00007ffdc4d70000 - 0x00007ffdc4e3d000 	C:\Windows\System32\OLEAUT32.dll
0x00007ffdbfad0000 - 0x00007ffdbfc24000 	C:\Windows\SYSTEM32\wintypes.dll
0x00007ffdc0500000 - 0x00007ffdc05f2000 	C:\Windows\SYSTEM32\CoreMessaging.dll
0x00007ffdbe990000 - 0x00007ffdbea86000 	C:\Windows\SYSTEM32\PROPSYS.dll
0x00007ffdc01a0000 - 0x00007ffdc04fe000 	C:\Windows\SYSTEM32\CoreUIComponents.dll
0x00007ffdc20b0000 - 0x00007ffdc20e3000 	C:\Windows\SYSTEM32\ntmarta.dll
0x00007ffdc5750000 - 0x00007ffdc5865000 	C:\Windows\System32\MSCTF.dll
0x00007ffdc18f0000 - 0x00007ffdc18fd000 	C:\Windows\SYSTEM32\HID.DLL
0x00007ffdc4870000 - 0x00007ffdc4ce1000 	C:\Windows\System32\SETUPAPI.DLL
0x00007ffdc3c50000 - 0x00007ffdc3c77000 	C:\Windows\System32\bcrypt.dll
0x00007ffdc3c80000 - 0x00007ffdc3ce8000 	C:\Windows\System32\WINTRUST.dll
0x00007ffdc34b0000 - 0x00007ffdc3606000 	C:\Windows\System32\CRYPT32.dll
0x00007ffdc2fa0000 - 0x00007ffdc2fb2000 	C:\Windows\SYSTEM32\MSASN1.dll
0x00007ffd81e40000 - 0x00007ffd81f4b000 	C:\Users\grado\AppData\Local\Temp\lwjglgrado\3.2.3-build-13\OpenAL.dll
0x00007ffdc5400000 - 0x00007ffdc552a000 	C:\Windows\System32\ole32.dll
0x00007ffdc5350000 - 0x00007ffdc53f9000 	C:\Windows\System32\clbcatq.dll
0x00007ffdbb510000 - 0x00007ffdbb595000 	C:\Windows\System32\MMDevApi.dll
0x00007ffdbbda0000 - 0x00007ffdbbf22000 	C:\Windows\SYSTEM32\AUDIOSES.DLL
0x00007ffdc2930000 - 0x00007ffdc297b000 	C:\Windows\SYSTEM32\powrprof.dll
0x00007ffdc27f0000 - 0x00007ffdc2802000 	C:\Windows\SYSTEM32\UMPDC.dll
0x00007ffdc0a30000 - 0x00007ffdc0a44000 	C:\Windows\SYSTEM32\resourcepolicyclient.dll
0x00007ffd22910000 - 0x00007ffd22a36000 	C:\Windows\SYSTEM32\opengl32.dll
0x00007ffd228e0000 - 0x00007ffd2290c000 	C:\Windows\SYSTEM32\GLU32.dll
0x00007ffdbc2e0000 - 0x00007ffdbc3d7000 	C:\Windows\System32\AppXDeploymentClient.dll
0x00007ffdab4d0000 - 0x00007ffdab4fa000 	C:\Windows\System32\DriverStore\FileRepository\u0361612.inf_amd64_b679e02f70413f9f\B361368\atig6pxx.dll
0x00007ffd7dc80000 - 0x00007ffd80966000 	C:\Windows\System32\DriverStore\FileRepository\u0361612.inf_amd64_b679e02f70413f9f\B361368\atio6axx.dll
0x00007ffd86690000 - 0x00007ffd866b4000 	C:\Windows\SYSTEM32\dxva2.dll
0x00007ffda3f10000 - 0x00007ffda3f4c000 	C:\Windows\System32\DriverStore\FileRepository\u0361612.inf_amd64_b679e02f70413f9f\B361368\atig6txx.dll
0x00007ffd81c80000 - 0x00007ffd81e39000 	C:\Windows\SYSTEM32\atiadlxx.dll
0x00007ffdb9380000 - 0x00007ffdb93bb000 	C:\Windows\SYSTEM32\dxcore.dll
0x00007ffd9ef60000 - 0x00007ffd9efb9000 	C:\Users\grado\AppData\Local\Temp\lwjglgrado\3.2.3-build-13\lwjgl_opengl.dll
0x00007ffda93b0000 - 0x00007ffda94a9000 	C:\Windows\SYSTEM32\textinputframework.dll
0x00007ffdaacc0000 - 0x00007ffdaacd1000 	C:\Program Files\Eclipse Adoptium\jdk-17.0.1.12-hotspot\bin\jsound.dll
0x00007ffd853c0000 - 0x00007ffd8545c000 	C:\Windows\SYSTEM32\DSOUND.dll
0x00007ffdb3710000 - 0x00007ffdb3736000 	C:\Windows\SYSTEM32\winmmbase.dll
0x00007ffda9b00000 - 0x00007ffda9b46000 	C:\Windows\SYSTEM32\wdmaud.drv
0x00007ffdbde60000 - 0x00007ffdbde69000 	C:\Windows\SYSTEM32\ksuser.dll
0x00007ffdbd880000 - 0x00007ffdbd88a000 	C:\Windows\SYSTEM32\AVRT.dll
0x00007ffdbc5b0000 - 0x00007ffdbc5bd000 	C:\Windows\SYSTEM32\msacm32.drv
0x00007ffdbc630000 - 0x00007ffdbc64e000 	C:\Windows\SYSTEM32\MSACM32.dll
0x00007ffdb6730000 - 0x00007ffdb673b000 	C:\Windows\SYSTEM32\midimap.dll
0x00007ffda8de0000 - 0x00007ffda8f21000 	C:\Windows\System32\Windows.UI.dll
0x00007ffdbd350000 - 0x00007ffdbd3f1000 	C:\Windows\System32\WindowManagementAPI.dll
0x00007ffdbca10000 - 0x00007ffdbcc11000 	C:\Windows\SYSTEM32\twinapi.appcore.dll

dbghelp: loaded successfully - version: 4.0.5 - missing functions: none
symbol engine: initialized successfully - sym options: 0x614 - pdb path: .;C:\Program Files\Eclipse Adoptium\jdk-17.0.1.12-hotspot\bin;C:\Windows\SYSTEM32;C:\Windows\WinSxS\amd64_microsoft.windows.common-controls_6595b64144ccf1df_6.0.19041.1110_none_60b5254171f9507e;C:\Program Files\Eclipse Adoptium\jdk-17.0.1.12-hotspot\bin\server;C:\Users\grado\AppData\Local\Temp\libgdxgrado\e1cd32f8;C:\Users\grado\AppData\Local\Temp\lwjglgrado\3.2.3-build-13;C:\Windows\System32\DriverStore\FileRepository\u0361612.inf_amd64_b679e02f70413f9f\B361368

VM Arguments:
jvm_args: -XX:+ShowCodeDetailsInExceptionMessages 
java_command: com.crazyputting3d.Main
java_class_path (initial): C:\Users\grado\Documents\Group-04\3dcrazyputting\desktop\bin\main;\CrazyPutting3D-core\bin\default;C:\Users\grado\Documents\Group-04\3dcrazyputting\core\bin\main;C:\Users\grado\.gradle\caches\modules-2\files-2.1\com.badlogicgames.gdx\gdx-backend-lwjgl3\1.10.0\600c7d5b2c977daa82c4abad147087b31e0ada87\gdx-backend-lwjgl3-1.10.0.jar;C:\Users\grado\.gradle\caches\modules-2\files-2.1\com.badlogicgames.gdx\gdx-platform\1.10.0\9a8fa793d2fd6d360afc6c9e4c1f5583da263b88\gdx-platform-1.10.0-natives-desktop.jar;C:\Users\grado\.gradle\caches\modules-2\files-2.1\com.badlogicgames.gdx\gdx-bullet-platform\1.10.0\ce92e8dfc762523d769cbc50853163c03bf98cf1\gdx-bullet-platform-1.10.0-natives-desktop.jar;C:\Users\grado\.gradle\caches\modules-2\files-2.1\com.badlogicgames.gdx\gdx-freetype-platform\1.10.0\6e5d28752759e69384f12e4569d2c884ff71352f\gdx-freetype-platform-1.10.0-natives-desktop.jar;C:\Users\grado\.gradle\caches\modules-2\files-2.1\com.badlogicgames.gdx-controllers\gdx-controllers-desktop\2.2.1\cb3430c32468a090eca54d494d16bb3764ceff9b\gdx-controllers-desktop-2.2.1.jar;C:\Users\grado\.gradle\caches\modules-2\files-2.1\org.jetbrains\annotations\20.1.0\2fcd1f3225bca0c4a7bc931142076f8c1e80993f\annotations-20.1.0.jar;C:\Users\grado\.gradle\caches\modules-2\files-2.1\com.badlogicgames.gdx\gdx-bullet\1.10.0\839b58c7278f5c3b55291c3a559d91227400ecdb\gdx-bullet-1.10.0.jar;C:\Users\grado\.gradle\caches\modules-2\files-2.1\com.badlogicgames.gdx\gdx-freetype\1.10.0\de1d0d5c1e92e8d91364256fd6b7bb279d3e9859\gdx-freetype-1.10.0.jar;C:\Users\grado\.gradle\caches\modules-2\files-2.1\com.badlogicgames.gdx\gdx-ai\1.8.2\ab75d2ce80ab1b1ce6828a15dc0f417abac4c674\gdx-ai-1.8.2.jar;C:\Users\grado\.gradle\caches\modules-2\files-2.1\com.badlogicgames.ashley\ashley\1.7.4\21a3a8932919099c4e5006a7d8378dcbe76ef8a5\ashley-1.7.4.jar;C:\Users\grado\.gradle\caches\modules-2\files-2.1\com.badlogicgames.box2dlights\box2dlights\1.5\6902dbcd250c95a27973aa24a147a95b3828d348\box2dlights-1.5.j
Launcher Type: SUN_STANDARD

[Global flags]
     intx CICompilerCount                          = 12                                        {product} {ergonomic}
     uint ConcGCThreads                            = 3                                         {product} {ergonomic}
     uint G1ConcRefinementThreads                  = 13                                        {product} {ergonomic}
   size_t G1HeapRegionSize                         = 2097152                                   {product} {ergonomic}
    uintx GCDrainStackTargetSize                   = 64                                        {product} {ergonomic}
   size_t InitialHeapSize                          = 257949696                                 {product} {ergonomic}
   size_t MarkStackSize                            = 4194304                                   {product} {ergonomic}
   size_t MaxHeapSize                              = 4127195136                                {product} {ergonomic}
   size_t MaxNewSize                               = 2474639360                                {product} {ergonomic}
   size_t MinHeapDeltaBytes                        = 2097152                                   {product} {ergonomic}
   size_t MinHeapSize                              = 8388608                                   {product} {ergonomic}
    uintx NonNMethodCodeHeapSize                   = 7602480                                {pd product} {ergonomic}
    uintx NonProfiledCodeHeapSize                  = 122027880                              {pd product} {ergonomic}
    uintx ProfiledCodeHeapSize                     = 122027880                              {pd product} {ergonomic}
    uintx ReservedCodeCacheSize                    = 251658240                              {pd product} {ergonomic}
     bool SegmentedCodeCache                       = true                                      {product} {ergonomic}
     bool ShowCodeDetailsInExceptionMessages       = true                                   {manageable} {command line}
   size_t SoftMaxHeapSize                          = 4127195136                             {manageable} {ergonomic}
     bool UseCompressedClassPointers               = true                           {product lp64_product} {ergonomic}
     bool UseCompressedOops                        = true                           {product lp64_product} {ergonomic}
     bool UseG1GC                                  = true                                      {product} {ergonomic}
     bool UseLargePagesIndividualAllocation        = false                                  {pd product} {ergonomic}

Logging:
Log output configuration:
 #0: stdout all=warning uptime,level,tags
 #1: stderr all=off uptime,level,tags

Environment Variables:
PATH=C:\Program Files\Common Files\Oracle\Java\javapath;C:\Windows\system32;C:\Windows;C:\Windows\System32\Wbem;C:\Windows\System32\WindowsPowerShell\v1.0\;C:\Windows\System32\OpenSSH\;C:\Program Files (x86)\NVIDIA Corporation\PhysX\Common;C:\Program Files\NVIDIA Corporation\NVIDIA NvDLISR;C:\Program Files\MATLAB\R2022a\bin;C:\Program Files\Gradle\gradle-7.4.2\bin;C:\Program Files\Git\cmd;C:\Users\grado\AppData\Local\Microsoft\WindowsApps;C:\Users\grado\AppData\Local\Programs\Microsoft VS Code\bin;C:\Users\grado\AppData\Local\GitHubDesktop\bin
USERNAME=grado
LANG=en_US.UTF-8
OS=Windows_NT
PROCESSOR_IDENTIFIER=AMD64 Family 23 Model 96 Stepping 1, AuthenticAMD



---------------  S Y S T E M  ---------------

OS:
 Windows 10 , 64 bit Build 19041 (10.0.19041.1706)
OS uptime: 11 days 17:08 hours

CPU: total 16 (initial active 16) (16 cores per cpu, 2 threads per core) family 23 model 96 stepping 1 microcode 0x0, cx8, cmov, fxsr, ht, mmx, 3dnowpref, sse, sse2, sse3, ssse3, sse4a, sse4.1, sse4.2, popcnt, lzcnt, tsc, tscinvbit, avx, avx2, aes, clmul, bmi1, bmi2, adx, sha, fma, vzeroupper, clflush, clflushopt

Memory: 4k page, system-wide physical 15741M (7806M free)
TotalPageFile size 28638M (AvailPageFile size 10456M)
current process WorkingSet (physical memory assigned to process): 534M, peak: 608M
current process commit charge ("private bytes"): 698M, peak: 783M

vm_info: OpenJDK 64-Bit Server VM (17.0.1+12) for windows-amd64 JRE (17.0.1+12), built on Oct 20 2021 07:42:55 by "" with MS VC++ 16.7 (VS2019)

END.
