#
# A fatal error has been detected by the Java Runtime Environment:
#
#  EXCEPTION_ACCESS_VIOLATION (0xc0000005) at pc=0x000002a0181c0000, pid=5552, tid=23548
#
# JRE version: OpenJDK Runtime Environment Temurin-17.0.1+12 (17.0.1+12) (build 17.0.1+12)
# Java VM: OpenJDK 64-Bit Server VM Temurin-17.0.1+12 (17.0.1+12, mixed mode, sharing, tiered, compressed oops, compressed class ptrs, g1 gc, windows-amd64)
# Problematic frame:
# C  0x000002a0181c0000
#
# No core dump will be written. Minidumps are not enabled by default on client versions of Windows
#
# If you would like to submit a bug report, please visit:
#   https://github.com/adoptium/adoptium-support/issues
# The crash happened outside the Java Virtual Machine in native code.
# See problematic frame for where to report the bug.
#

---------------  S U M M A R Y ------------

Command Line: -XX:+ShowCodeDetailsInExceptionMessages com.crazyputting3d.Main

Host: AMD Ryzen 7 4800H with Radeon Graphics         , 16 cores, 15G,  Windows 10 , 64 bit Build 19041 (10.0.19041.1706)
Time: Fri Jun 17 19:05:32 2022 Central European Daylight Time elapsed time: 18.418568 seconds (0d 0h 0m 18s)

---------------  T H R E A D  ---------------

Current thread (0x000002a01a1c44f0):  JavaThread "main" [_thread_in_native, id=23548, stack(0x000000ebeff00000,0x000000ebf0000000)]

Stack: [0x000000ebeff00000,0x000000ebf0000000],  sp=0x000000ebefffebb8,  free space=1018k
Native frames: (J=compiled Java code, j=interpreted, Vv=VM code, C=native code)
C  0x000002a0181c0000

Java frames: (J=compiled Java code, j=interpreted, Vv=VM code)
J 1194  org.lwjgl.system.JNI.invokePV(JJ)V (0 bytes) @ 0x000002a02989e46c [0x000002a02989e420+0x000000000000004c]
J 1327 c1 org.lwjgl.glfw.GLFW.glfwSwapBuffers(J)V (21 bytes) @ 0x000002a022649b2c [0x000002a022649a40+0x00000000000000ec]
j  com.badlogic.gdx.backends.lwjgl3.Lwjgl3Window.update()Z+196
j  com.badlogic.gdx.backends.lwjgl3.Lwjgl3Application.loop()V+111
j  com.badlogic.gdx.backends.lwjgl3.Lwjgl3Application.<init>(Lcom/badlogic/gdx/ApplicationListener;Lcom/badlogic/gdx/backends/lwjgl3/Lwjgl3ApplicationConfiguration;)V+243
j  com.crazyputting3d.Main.main([Ljava/lang/String;)V+41
v  ~StubRoutines::call_stub

siginfo: EXCEPTION_ACCESS_VIOLATION (0xc0000005), data execution prevention violation at address 0x000002a0181c0000


Register to memory mapping:

RIP=0x000002a0181c0000 is an unknown value
RAX=0x000002a0181c0000 is an unknown value
RBX=0x0000000000010001 is an unknown value
RCX=0x0000000000010001 is an unknown value
RDX=0x000000ebefffebf0 is pointing into the stack for thread: 0x000002a01a1c44f0
RSP=0x000000ebefffebb8 is pointing into the stack for thread: 0x000002a01a1c44f0
RBP=0x000000ebefffecc0 is pointing into the stack for thread: 0x000002a01a1c44f0
RSI=0x0000000000000110 is an unknown value
RDI=0x000000000000143e is an unknown value
R8 =0x000002a03eb27ad0 points into unknown readable memory: 0x000002a048bf1f40 | 40 1f bf 48 a0 02 00 00
R9 =0x00007ffdb1951b50 glfw.dll
R10=0x00007ffdb19c1b10 lwjgl.dll
R11=0x000000ebeffff028 is pointing into the stack for thread: 0x000002a01a1c44f0
R12=0x0 is NULL
R13=0x000000ebeffff130 is pointing into the stack for thread: 0x000002a01a1c44f0
R14=0x000000ebeffff080 is pointing into the stack for thread: 0x000002a01a1c44f0
R15=0x000002a01a1c44f0 is a thread


Registers:
RAX=0x000002a0181c0000, RBX=0x0000000000010001, RCX=0x0000000000010001, RDX=0x000000ebefffebf0
RSP=0x000000ebefffebb8, RBP=0x000000ebefffecc0, RSI=0x0000000000000110, RDI=0x000000000000143e
R8 =0x000002a03eb27ad0, R9 =0x00007ffdb1951b50, R10=0x00007ffdb19c1b10, R11=0x000000ebeffff028
R12=0x0000000000000000, R13=0x000000ebeffff130, R14=0x000000ebeffff080, R15=0x000002a01a1c44f0
RIP=0x000002a0181c0000, EFLAGS=0x0000000000010206

Top of Stack: (sp=0x000000ebefffebb8)
0x000000ebefffebb8:   00007ffdb1951f7c 000000070b397f58
0x000000ebefffebc8:   000002a02989cf05 000000ebeffff080
0x000000ebefffebd8:   000000070b39c368 000000070b397f78
0x000000ebefffebe8:   000000070b396f58 57464c4720656854
0x000000ebefffebf8:   7972617262696c20 20746f6e20736920
0x000000ebefffec08:   696c616974696e69 000000070064657a
0x000000ebefffec18:   438c000041700000 000000070b3963d8
0x000000ebefffec28:   000002a0225f0c7c 000000070b396518
0x000000ebefffec38:   00007ffd925352f6 000000ebeffff080
0x000000ebefffec48:   000002a0225dd3e4 000000ebefffed28
0x000000ebefffec58:   00007ffd92535e62 000000ebeffff080
0x000000ebefffec68:   000002a022724674 00000000000001cc
0x000000ebefffec78:   0000000000000000 0000000000000000
0x000000ebefffec88:   000000006e7020f4 000002a01a1c4798
0x000000ebefffec98:   00007ffd92535481 000000070b397ca8
0x000000ebefffeca8:   000002a029899305 0000000200000003 

Instructions: (pc=0x000002a0181c0000)
0x000002a0181bff00:   ?? ?? ?? ?? ?? ?? ?? ?? ?? ?? ?? ?? ?? ?? ?? ??
0x000002a0181bff10:   ?? ?? ?? ?? ?? ?? ?? ?? ?? ?? ?? ?? ?? ?? ?? ??
0x000002a0181bff20:   ?? ?? ?? ?? ?? ?? ?? ?? ?? ?? ?? ?? ?? ?? ?? ??
0x000002a0181bff30:   ?? ?? ?? ?? ?? ?? ?? ?? ?? ?? ?? ?? ?? ?? ?? ??
0x000002a0181bff40:   ?? ?? ?? ?? ?? ?? ?? ?? ?? ?? ?? ?? ?? ?? ?? ??
0x000002a0181bff50:   ?? ?? ?? ?? ?? ?? ?? ?? ?? ?? ?? ?? ?? ?? ?? ??
0x000002a0181bff60:   ?? ?? ?? ?? ?? ?? ?? ?? ?? ?? ?? ?? ?? ?? ?? ??
0x000002a0181bff70:   ?? ?? ?? ?? ?? ?? ?? ?? ?? ?? ?? ?? ?? ?? ?? ??
0x000002a0181bff80:   ?? ?? ?? ?? ?? ?? ?? ?? ?? ?? ?? ?? ?? ?? ?? ??
0x000002a0181bff90:   ?? ?? ?? ?? ?? ?? ?? ?? ?? ?? ?? ?? ?? ?? ?? ??
0x000002a0181bffa0:   ?? ?? ?? ?? ?? ?? ?? ?? ?? ?? ?? ?? ?? ?? ?? ??
0x000002a0181bffb0:   ?? ?? ?? ?? ?? ?? ?? ?? ?? ?? ?? ?? ?? ?? ?? ??
0x000002a0181bffc0:   ?? ?? ?? ?? ?? ?? ?? ?? ?? ?? ?? ?? ?? ?? ?? ??
0x000002a0181bffd0:   ?? ?? ?? ?? ?? ?? ?? ?? ?? ?? ?? ?? ?? ?? ?? ??
0x000002a0181bffe0:   ?? ?? ?? ?? ?? ?? ?? ?? ?? ?? ?? ?? ?? ?? ?? ??
0x000002a0181bfff0:   ?? ?? ?? ?? ?? ?? ?? ?? ?? ?? ?? ?? ?? ?? ?? ??
0x000002a0181c0000:   ?? ?? ?? ?? ?? ?? ?? ?? ?? ?? ?? ?? ?? ?? ?? ??
0x000002a0181c0010:   ?? ?? ?? ?? ?? ?? ?? ?? ?? ?? ?? ?? ?? ?? ?? ??
0x000002a0181c0020:   ?? ?? ?? ?? ?? ?? ?? ?? ?? ?? ?? ?? ?? ?? ?? ??
0x000002a0181c0030:   ?? ?? ?? ?? ?? ?? ?? ?? ?? ?? ?? ?? ?? ?? ?? ??
0x000002a0181c0040:   ?? ?? ?? ?? ?? ?? ?? ?? ?? ?? ?? ?? ?? ?? ?? ??
0x000002a0181c0050:   ?? ?? ?? ?? ?? ?? ?? ?? ?? ?? ?? ?? ?? ?? ?? ??
0x000002a0181c0060:   ?? ?? ?? ?? ?? ?? ?? ?? ?? ?? ?? ?? ?? ?? ?? ??
0x000002a0181c0070:   ?? ?? ?? ?? ?? ?? ?? ?? ?? ?? ?? ?? ?? ?? ?? ??
0x000002a0181c0080:   ?? ?? ?? ?? ?? ?? ?? ?? ?? ?? ?? ?? ?? ?? ?? ??
0x000002a0181c0090:   ?? ?? ?? ?? ?? ?? ?? ?? ?? ?? ?? ?? ?? ?? ?? ??
0x000002a0181c00a0:   ?? ?? ?? ?? ?? ?? ?? ?? ?? ?? ?? ?? ?? ?? ?? ??
0x000002a0181c00b0:   ?? ?? ?? ?? ?? ?? ?? ?? ?? ?? ?? ?? ?? ?? ?? ??
0x000002a0181c00c0:   ?? ?? ?? ?? ?? ?? ?? ?? ?? ?? ?? ?? ?? ?? ?? ??
0x000002a0181c00d0:   ?? ?? ?? ?? ?? ?? ?? ?? ?? ?? ?? ?? ?? ?? ?? ??
0x000002a0181c00e0:   ?? ?? ?? ?? ?? ?? ?? ?? ?? ?? ?? ?? ?? ?? ?? ??
0x000002a0181c00f0:   ?? ?? ?? ?? ?? ?? ?? ?? ?? ?? ?? ?? ?? ?? ?? ?? 


Stack slot to memory mapping:
stack at sp + 0 slots: 0x00007ffdb1951f7c glfw.dll
stack at sp + 1 slots: 0x000000070b397f58 is an oop: [Lcom.badlogic.gdx.scenes.scene2d.Actor; 
{0x000000070b397f58} - klass: 'com/badlogic/gdx/scenes/scene2d/Actor'[]
 - length: 4
stack at sp + 2 slots: 0x000002a02989cf05 is at entry_point+229 in (nmethod*)0x000002a02989cc90
stack at sp + 3 slots: 0x000000ebeffff080 is pointing into the stack for thread: 0x000002a01a1c44f0
stack at sp + 4 slots: 0x000000070b39c368 is an oop: com.badlogic.gdx.graphics.g2d.NinePatch 
{0x000000070b39c368} - klass: 'com/badlogic/gdx/graphics/g2d/NinePatch'
 - ---- fields (total size 13 words):
 - private 'bottomLeft' 'I' @12  -1 (ffffffff)
 - private 'bottomCenter' 'I' @16  -1 (ffffffff)
 - private 'bottomRight' 'I' @20  -1 (ffffffff)
 - private 'middleLeft' 'I' @24  -1 (ffffffff)
 - private 'middleCenter' 'I' @28  0
 - private 'middleRight' 'I' @32  -1 (ffffffff)
 - private 'topLeft' 'I' @36  -1 (ffffffff)
 - private 'topCenter' 'I' @40  -1 (ffffffff)
 - private 'topRight' 'I' @44  -1 (ffffffff)
 - private 'leftWidth' 'F' @48  0.000000
 - private 'rightWidth' 'F' @52  0.000000
 - private 'middleWidth' 'F' @56  156.000000 (431c0000)
 - private 'middleHeight' 'F' @60  59.000000 (426c0000)
 - private 'topHeight' 'F' @64  0.000000
 - private 'bottomHeight' 'F' @68  0.000000
 - private 'idx' 'I' @72  20 (14)
 - private 'padLeft' 'F' @76  10.000000 (41200000)
 - private 'padRight' 'F' @80  12.000000 (41400000)
 - private 'padTop' 'F' @84  9.000000 (41100000)
 - private 'padBottom' 'F' @88  15.000000 (41700000)
 - private 'texture' 'Lcom/badlogic/gdx/graphics/Texture;' @92  a 'com/badlogic/gdx/graphics/Texture'{0x000000070b39b210} (e1673642)
 - private 'vertices' '[F' @96  [F{0x000000070b39c3d0} (e167387a)
 - private final 'color' 'Lcom/badlogic/gdx/graphics/Color;' @100  a 'com/badlogic/gdx/graphics/Color'{0x000000070b39c430} (e1673886)
stack at sp + 5 slots: 0x000000070b397f78 is an oop: com.badlogic.gdx.scenes.scene2d.ui.Label 
{0x000000070b397f78} - klass: 'com/badlogic/gdx/scenes/scene2d/ui/Label'
 - ---- fields (total size 18 words):
 - 'x' 'F' @12  10.000000 (41200000)
 - 'y' 'F' @16  15.000000 (41700000)
 - 'width' 'F' @20  231.000000 (43670000)
 - 'height' 'F' @24  41.000000 (42240000)
 - 'originX' 'F' @28  0.000000
 - 'originY' 'F' @32  0.000000
 - 'scaleX' 'F' @36  1.000000 (3f800000)
 - 'scaleY' 'F' @40  1.000000 (3f800000)
 - 'rotation' 'F' @44  0.000000
 - private 'visible' 'Z' @48  true
 - private 'debug' 'Z' @49  false
 - private 'stage' 'Lcom/badlogic/gdx/scenes/scene2d/Stage;' @52  a 'com/badlogic/gdx/scenes/scene2d/Stage'{0x000000070b395d78} (e1672baf)
 - 'parent' 'Lcom/badlogic/gdx/scenes/scene2d/Group;' @56  a 'com/badlogic/gdx/scenes/scene2d/ui/TextButton'{0x000000070b397ca8} (e1672f95)
 - private final 'listeners' 'Lcom/badlogic/gdx/utils/DelayedRemovalArray;' @60  a 'com/badlogic/gdx/utils/DelayedRemovalArray'{0x000000070b398008} (e1673001)
 - private final 'captureListeners' 'Lcom/badlogic/gdx/utils/DelayedRemovalArray;' @64  a 'com/badlogic/gdx/utils/DelayedRemovalArray'{0x000000070b398070} (e167300e)
 - private final 'actions' 'Lcom/badlogic/gdx/utils/Array;' @68  a 'com/badlogic/gdx/utils/Array'{0x000000070b3980d8} (e167301b)
 - private 'name' 'Ljava/lang/String;' @72  NULL (0)
 - private 'touchable' 'Lcom/badlogic/gdx/scenes/scene2d/Touchable;' @76  a 'com/badlogic/gdx/scenes/scene2d/Touchable'{0x000000070b397bf0} (e1672f7e)
 - final 'color' 'Lcom/badlogic/gdx/graphics/Color;' @80  a 'com/badlogic/gdx/graphics/Color'{0x000000070b398108} (e1673021)
 - private 'userObject' 'Ljava/lang/Object;' @84  NULL (0)
 - private 'needsLayout' 'Z' @50  false
 - private 'fillParent' 'Z' @51  false
 - private 'layoutEnabled' 'Z' @88  true
 - private 'wrap' 'Z' @89  false
 - private 'prefSizeInvalid' 'Z' @90  false
 - private 'fontScaleChanged' 'Z' @91  false
 - private 'intValue' 'I' @92  -2147483648 (80000000)
 - private 'labelAlign' 'I' @96  1
 - private 'lineAlign' 'I' @100  1
 - private 'lastPrefHeight' 'F' @104  0.000000
 - private 'fontScaleX' 'F' @108  1.000000 (3f800000)
 - private 'fontScaleY' 'F' @112  1.000000 (3f800000)
 - private 'style' 'Lcom/badlogic/gdx/scenes/scene2d/ui/Label$LabelStyle;' @116  a 'com/badlogic/gdx/scenes/scene2d/ui/Label$LabelStyle'{0x000000070b398128} (e1673025)
 - private final 'layout' 'Lcom/badlogic/gdx/graphics/g2d/GlyphLayout;' @120  a 'com/badlogic/gdx/graphics/g2d/GlyphLayout'{0x000000070b39b5b0} (e16736b6)
 - private final 'prefSize' 'Lcom/badlogic/gdx/math/Vector2;' @124  a 'com/badlogic/gdx/math/Vector2'{0x000000070b39b730} (e16736e6)
 - private final 'text' 'Lcom/badlogic/gdx/utils/StringBuilder;' @128  a 'com/badlogic/gdx/utils/StringBuilder'{0x000000070b39b748} (e16736e9)
 - private 'cache' 'Lcom/badlogic/gdx/graphics/g2d/BitmapFontCache;' @132  a 'com/badlogic/gdx/graphics/g2d/BitmapFontCache'{0x000000070b39b7a8} (e16736f5)
 - private 'ellipsis' 'Ljava/lang/String;' @136  NULL (0)
stack at sp + 6 slots: 0x000000070b396f58 is an oop: com.badlogic.gdx.utils.ObjectIntMap 
{0x000000070b396f58} - klass: 'com/badlogic/gdx/utils/ObjectIntMap'
 - ---- fields (total size 8 words):
 - public 'size' 'I' @12  3
 - 'loadFactor' 'F' @16  0.800000 (3f4ccccd)
 - 'threshold' 'I' @20  51 (33)
 - protected 'shift' 'I' @24  58 (3a)
 - protected 'mask' 'I' @28  63 (3f)
 - 'keyTable' '[Ljava/lang/Object;' @32  a 'java/lang/Object'[64] {0x000000070b396f98} (e1672df3)
 - 'valueTable' '[I' @36  [I{0x000000070b397148} (e1672e29)
 - transient 'entries1' 'Lcom/badlogic/gdx/utils/ObjectIntMap$Entries;' @40  NULL (0)
 - transient 'entries2' 'Lcom/badlogic/gdx/utils/ObjectIntMap$Entries;' @44  NULL (0)
 - transient 'values1' 'Lcom/badlogic/gdx/utils/ObjectIntMap$Values;' @48  NULL (0)
 - transient 'values2' 'Lcom/badlogic/gdx/utils/ObjectIntMap$Values;' @52  NULL (0)
 - transient 'keys1' 'Lcom/badlogic/gdx/utils/ObjectIntMap$Keys;' @56  NULL (0)
 - transient 'keys2' 'Lcom/badlogic/gdx/utils/ObjectIntMap$Keys;' @60  NULL (0)
stack at sp + 7 slots: 0x57464c4720656854 is an unknown value


---------------  P R O C E S S  ---------------

Threads class SMR info:
_java_thread_list=0x000002a050e80e90, length=17, elements={
0x000002a01a1c44f0, 0x000002a03d6dc9e0, 0x000002a03d6df510, 0x000002a03d6f4230,
0x000002a03d6f4be0, 0x000002a03d6f5590, 0x000002a03d6f5f40, 0x000002a03d6fa120,
0x000002a03d6fcb20, 0x000002a03e110080, 0x000002a03e22cce0, 0x000002a03e2357f0,
0x000002a0488a0ee0, 0x000002a049261410, 0x000002a04f62e3c0, 0x000002a04e03f080,
0x000002a04f223230
}

Java Threads: ( => current thread )
=>0x000002a01a1c44f0 JavaThread "main" [_thread_in_native, id=23548, stack(0x000000ebeff00000,0x000000ebf0000000)]
  0x000002a03d6dc9e0 JavaThread "Reference Handler" daemon [_thread_blocked, id=2684, stack(0x000000ebf0600000,0x000000ebf0700000)]
  0x000002a03d6df510 JavaThread "Finalizer" daemon [_thread_blocked, id=18040, stack(0x000000ebf0700000,0x000000ebf0800000)]
  0x000002a03d6f4230 JavaThread "Signal Dispatcher" daemon [_thread_blocked, id=6244, stack(0x000000ebf0800000,0x000000ebf0900000)]
  0x000002a03d6f4be0 JavaThread "Attach Listener" daemon [_thread_blocked, id=12532, stack(0x000000ebf0900000,0x000000ebf0a00000)]
  0x000002a03d6f5590 JavaThread "Service Thread" daemon [_thread_blocked, id=23788, stack(0x000000ebf0a00000,0x000000ebf0b00000)]
  0x000002a03d6f5f40 JavaThread "Monitor Deflation Thread" daemon [_thread_blocked, id=19936, stack(0x000000ebf0b00000,0x000000ebf0c00000)]
  0x000002a03d6fa120 JavaThread "C2 CompilerThread0" daemon [_thread_blocked, id=16172, stack(0x000000ebf0c00000,0x000000ebf0d00000)]
  0x000002a03d6fcb20 JavaThread "C1 CompilerThread0" daemon [_thread_blocked, id=9984, stack(0x000000ebf0d00000,0x000000ebf0e00000)]
  0x000002a03e110080 JavaThread "Sweeper thread" daemon [_thread_blocked, id=7568, stack(0x000000ebf0e00000,0x000000ebf0f00000)]
  0x000002a03e22cce0 JavaThread "Notification Thread" daemon [_thread_blocked, id=19248, stack(0x000000ebf1000000,0x000000ebf1100000)]
  0x000002a03e2357f0 JavaThread "Common-Cleaner" daemon [_thread_blocked, id=22120, stack(0x000000ebf1200000,0x000000ebf1300000)]
  0x000002a0488a0ee0 JavaThread "LWJGL3 Timer" daemon [_thread_blocked, id=7416, stack(0x000000ebf1c00000,0x000000ebf1d00000)]
  0x000002a049261410 JavaThread "LWJGL3 Timer" daemon [_thread_blocked, id=23348, stack(0x000000ebf2b00000,0x000000ebf2c00000)]
  0x000002a04f62e3c0 JavaThread "Java Sound Event Dispatcher" daemon [_thread_blocked, id=25344, stack(0x000000ebf2c00000,0x000000ebf2d00000)]
  0x000002a04e03f080 JavaThread "Direct Clip" daemon [_thread_blocked, id=8488, stack(0x000000ebf2f00000,0x000000ebf3000000)]
  0x000002a04f223230 JavaThread "Direct Clip" daemon [_thread_blocked, id=14876, stack(0x000000ebf2700000,0x000000ebf2800000)]

Other Threads:
  0x000002a03d6d1ec0 VMThread "VM Thread" [stack: 0x000000ebf0500000,0x000000ebf0600000] [id=20496]
  0x000002a03e22d9d0 WatcherThread [stack: 0x000000ebf1100000,0x000000ebf1200000] [id=18444]
  0x000002a01a21a7a0 GCTaskThread "GC Thread#0" [stack: 0x000000ebf0000000,0x000000ebf0100000] [id=18884]
  0x000002a041562870 GCTaskThread "GC Thread#1" [stack: 0x000000ebf1300000,0x000000ebf1400000] [id=17256]
  0x000002a041562b20 GCTaskThread "GC Thread#2" [stack: 0x000000ebf1d00000,0x000000ebf1e00000] [id=14324]
  0x000002a041563b40 GCTaskThread "GC Thread#3" [stack: 0x000000ebf1e00000,0x000000ebf1f00000] [id=27368]
  0x000002a041562dd0 GCTaskThread "GC Thread#4" [stack: 0x000000ebf1f00000,0x000000ebf2000000] [id=24104]
  0x000002a0415602d0 GCTaskThread "GC Thread#5" [stack: 0x000000ebf2000000,0x000000ebf2100000] [id=2536]
  0x000002a041560580 GCTaskThread "GC Thread#6" [stack: 0x000000ebf2100000,0x000000ebf2200000] [id=16784]
  0x000002a048e02de0 GCTaskThread "GC Thread#7" [stack: 0x000000ebf3000000,0x000000ebf3100000] [id=27160]
  0x000002a01a22bcf0 ConcurrentGCThread "G1 Main Marker" [stack: 0x000000ebf0100000,0x000000ebf0200000] [id=23876]
  0x000002a01a22cea0 ConcurrentGCThread "G1 Conc#0" [stack: 0x000000ebf0200000,0x000000ebf0300000] [id=16360]
  0x000002a01a29d460 ConcurrentGCThread "G1 Refine#0" [stack: 0x000000ebf0300000,0x000000ebf0400000] [id=12216]
  0x000002a048c17250 ConcurrentGCThread "G1 Refine#1" [stack: 0x000000ebf3100000,0x000000ebf3200000] [id=27168]
  0x000002a048fba960 ConcurrentGCThread "G1 Refine#2" [stack: 0x000000ebf3200000,0x000000ebf3300000] [id=3464]
  0x000002a049036d30 ConcurrentGCThread "G1 Refine#3" [stack: 0x000000ebf3300000,0x000000ebf3400000] [id=14252]
  0x000002a03e80f020 ConcurrentGCThread "G1 Refine#4" [stack: 0x000000ebf3400000,0x000000ebf3500000] [id=26484]
  0x000002a03e9a3190 ConcurrentGCThread "G1 Refine#5" [stack: 0x000000ebf3500000,0x000000ebf3600000] [id=11544]
  0x000002a04f805270 ConcurrentGCThread "G1 Refine#6" [stack: 0x000000ebf3600000,0x000000ebf3700000] [id=12296]
  0x000002a01a29dd80 ConcurrentGCThread "G1 Service" [stack: 0x000000ebf0400000,0x000000ebf0500000] [id=14736]

Threads with active compile tasks:

VM state: not at safepoint (normal execution)

VM Mutex/Monitor currently owned by a thread: None

Heap address: 0x000000070a000000, size: 3936 MB, Compressed Oops mode: Zero based, Oop shift amount: 3

CDS archive(s) mapped at: [0x0000000800000000-0x0000000800bc0000-0x0000000800bc0000), size 12320768, SharedBaseAddress: 0x0000000800000000, ArchiveRelocationMode: 0.
Compressed class space mapped at: 0x0000000800c00000-0x0000000840c00000, reserved size: 1073741824
Narrow klass base: 0x0000000800000000, Narrow klass shift: 0, Narrow klass range: 0x100000000

GC Precious Log:
 CPUs: 16 total, 16 available
 Memory: 15741M
 Large Page Support: Disabled
 NUMA Support: Disabled
 Compressed Oops: Enabled (Zero based)
 Heap Region Size: 2M
 Heap Min Capacity: 8M
 Heap Initial Capacity: 246M
 Heap Max Capacity: 3936M
 Pre-touch: Disabled
 Parallel Workers: 13
 Concurrent Workers: 3
 Concurrent Refinement Workers: 13
 Periodic GC: Disabled

Heap:
 garbage-first heap   total 251904K, used 155116K [0x000000070a000000, 0x0000000800000000)
  region size 2048K, 63 young (129024K), 1 survivors (2048K)
 Metaspace       used 10374K, committed 10560K, reserved 1064960K
  class space    used 730K, committed 832K, reserved 1048576K

Heap Regions: E=young(eden), S=young(survivor), O=old, HS=humongous(starts), HC=humongous(continues), CS=collection set, F=free, OA=open archive, CA=closed archive, TAMS=top-at-mark-start (previous, next)
|   0|0x000000070a000000, 0x000000070a200000, 0x000000070a200000|100%| O|  |TAMS 0x000000070a000000, 0x000000070a000000| Untracked 
|   1|0x000000070a200000, 0x000000070a400000, 0x000000070a400000|100%|HS|  |TAMS 0x000000070a200000, 0x000000070a200000| Complete 
|   2|0x000000070a400000, 0x000000070a600000, 0x000000070a600000|100%|HS|  |TAMS 0x000000070a400000, 0x000000070a400000| Complete 
|   3|0x000000070a600000, 0x000000070a800000, 0x000000070a800000|100%|HS|  |TAMS 0x000000070a600000, 0x000000070a600000| Complete 
|   4|0x000000070a800000, 0x000000070aa00000, 0x000000070aa00000|100%| O|  |TAMS 0x000000070a800000, 0x000000070a800000| Untracked 
|   5|0x000000070aa00000, 0x000000070ac00000, 0x000000070ac00000|100%| O|  |TAMS 0x000000070aa00000, 0x000000070aa00000| Untracked 
|   6|0x000000070ac00000, 0x000000070ae00000, 0x000000070ae00000|100%| O|  |TAMS 0x000000070ac00000, 0x000000070ac00000| Untracked 
|   7|0x000000070ae00000, 0x000000070b000000, 0x000000070b000000|100%| O|  |TAMS 0x000000070ae00000, 0x000000070ae00000| Untracked 
|   8|0x000000070b000000, 0x000000070b200000, 0x000000070b200000|100%| O|  |TAMS 0x000000070b000000, 0x000000070b000000| Untracked 
|   9|0x000000070b200000, 0x000000070b400000, 0x000000070b400000|100%| O|  |TAMS 0x000000070b200000, 0x000000070b200000| Untracked 
|  10|0x000000070b400000, 0x000000070b600000, 0x000000070b600000|100%| O|  |TAMS 0x000000070b400000, 0x000000070b400000| Untracked 
|  11|0x000000070b600000, 0x000000070b695a00, 0x000000070b800000| 29%| O|  |TAMS 0x000000070b600000, 0x000000070b600000| Untracked 
|  12|0x000000070b800000, 0x000000070ba00000, 0x000000070ba00000|100%|HS|  |TAMS 0x000000070b800000, 0x000000070b800000| Complete 
|  13|0x000000070ba00000, 0x000000070bc00000, 0x000000070bc00000|100%|HS|  |TAMS 0x000000070ba00000, 0x000000070ba00000| Complete 
|  14|0x000000070bc00000, 0x000000070be00000, 0x000000070be00000|100%|HS|  |TAMS 0x000000070bc00000, 0x000000070bc00000| Complete 
|  15|0x000000070be00000, 0x000000070be00000, 0x000000070c000000|  0%| F|  |TAMS 0x000000070be00000, 0x000000070be00000| Untracked 
|  16|0x000000070c000000, 0x000000070c000000, 0x000000070c200000|  0%| F|  |TAMS 0x000000070c000000, 0x000000070c000000| Untracked 
|  17|0x000000070c200000, 0x000000070c200000, 0x000000070c400000|  0%| F|  |TAMS 0x000000070c200000, 0x000000070c200000| Untracked 
|  18|0x000000070c400000, 0x000000070c400000, 0x000000070c600000|  0%| F|  |TAMS 0x000000070c400000, 0x000000070c400000| Untracked 
|  19|0x000000070c600000, 0x000000070c600000, 0x000000070c800000|  0%| F|  |TAMS 0x000000070c600000, 0x000000070c600000| Untracked 
|  20|0x000000070c800000, 0x000000070c800000, 0x000000070ca00000|  0%| F|  |TAMS 0x000000070c800000, 0x000000070c800000| Untracked 
|  21|0x000000070ca00000, 0x000000070ca00000, 0x000000070cc00000|  0%| F|  |TAMS 0x000000070ca00000, 0x000000070ca00000| Untracked 
|  22|0x000000070cc00000, 0x000000070cc00000, 0x000000070ce00000|  0%| F|  |TAMS 0x000000070cc00000, 0x000000070cc00000| Untracked 
|  23|0x000000070ce00000, 0x000000070ce00000, 0x000000070d000000|  0%| F|  |TAMS 0x000000070ce00000, 0x000000070ce00000| Untracked 
|  24|0x000000070d000000, 0x000000070d000000, 0x000000070d200000|  0%| F|  |TAMS 0x000000070d000000, 0x000000070d000000| Untracked 
|  25|0x000000070d200000, 0x000000070d200000, 0x000000070d400000|  0%| F|  |TAMS 0x000000070d200000, 0x000000070d200000| Untracked 
|  26|0x000000070d400000, 0x000000070d400000, 0x000000070d600000|  0%| F|  |TAMS 0x000000070d400000, 0x000000070d400000| Untracked 
|  27|0x000000070d600000, 0x000000070d600000, 0x000000070d800000|  0%| F|  |TAMS 0x000000070d600000, 0x000000070d600000| Untracked 
|  28|0x000000070d800000, 0x000000070d800000, 0x000000070da00000|  0%| F|  |TAMS 0x000000070d800000, 0x000000070d800000| Untracked 
|  29|0x000000070da00000, 0x000000070da00000, 0x000000070dc00000|  0%| F|  |TAMS 0x000000070da00000, 0x000000070da00000| Untracked 
|  30|0x000000070dc00000, 0x000000070dc00000, 0x000000070de00000|  0%| F|  |TAMS 0x000000070dc00000, 0x000000070dc00000| Untracked 
|  31|0x000000070de00000, 0x000000070de00000, 0x000000070e000000|  0%| F|  |TAMS 0x000000070de00000, 0x000000070de00000| Untracked 
|  32|0x000000070e000000, 0x000000070e000000, 0x000000070e200000|  0%| F|  |TAMS 0x000000070e000000, 0x000000070e000000| Untracked 
|  33|0x000000070e200000, 0x000000070e200000, 0x000000070e400000|  0%| F|  |TAMS 0x000000070e200000, 0x000000070e200000| Untracked 
|  34|0x000000070e400000, 0x000000070e400000, 0x000000070e600000|  0%| F|  |TAMS 0x000000070e400000, 0x000000070e400000| Untracked 
|  35|0x000000070e600000, 0x000000070e600000, 0x000000070e800000|  0%| F|  |TAMS 0x000000070e600000, 0x000000070e600000| Untracked 
|  36|0x000000070e800000, 0x000000070e800000, 0x000000070ea00000|  0%| F|  |TAMS 0x000000070e800000, 0x000000070e800000| Untracked 
|  37|0x000000070ea00000, 0x000000070ea00000, 0x000000070ec00000|  0%| F|  |TAMS 0x000000070ea00000, 0x000000070ea00000| Untracked 
|  38|0x000000070ec00000, 0x000000070ec00000, 0x000000070ee00000|  0%| F|  |TAMS 0x000000070ec00000, 0x000000070ec00000| Untracked 
|  39|0x000000070ee00000, 0x000000070ee00000, 0x000000070f000000|  0%| F|  |TAMS 0x000000070ee00000, 0x000000070ee00000| Untracked 
|  40|0x000000070f000000, 0x000000070f000000, 0x000000070f200000|  0%| F|  |TAMS 0x000000070f000000, 0x000000070f000000| Untracked 
|  41|0x000000070f200000, 0x000000070f200000, 0x000000070f400000|  0%| F|  |TAMS 0x000000070f200000, 0x000000070f200000| Untracked 
|  42|0x000000070f400000, 0x000000070f400000, 0x000000070f600000|  0%| F|  |TAMS 0x000000070f400000, 0x000000070f400000| Untracked 
|  43|0x000000070f600000, 0x000000070f600000, 0x000000070f800000|  0%| F|  |TAMS 0x000000070f600000, 0x000000070f600000| Untracked 
|  44|0x000000070f800000, 0x000000070f800000, 0x000000070fa00000|  0%| F|  |TAMS 0x000000070f800000, 0x000000070f800000| Untracked 
|  45|0x000000070fa00000, 0x000000070fa00000, 0x000000070fc00000|  0%| F|  |TAMS 0x000000070fa00000, 0x000000070fa00000| Untracked 
|  46|0x000000070fc00000, 0x000000070fc00000, 0x000000070fe00000|  0%| F|  |TAMS 0x000000070fc00000, 0x000000070fc00000| Untracked 
|  47|0x000000070fe00000, 0x000000070fe00000, 0x0000000710000000|  0%| F|  |TAMS 0x000000070fe00000, 0x000000070fe00000| Untracked 
|  48|0x0000000710000000, 0x0000000710000000, 0x0000000710200000|  0%| F|  |TAMS 0x0000000710000000, 0x0000000710000000| Untracked 
|  49|0x0000000710200000, 0x0000000710200000, 0x0000000710400000|  0%| F|  |TAMS 0x0000000710200000, 0x0000000710200000| Untracked 
|  50|0x0000000710400000, 0x0000000710400000, 0x0000000710600000|  0%| F|  |TAMS 0x0000000710400000, 0x0000000710400000| Untracked 
|  51|0x0000000710600000, 0x0000000710600000, 0x0000000710800000|  0%| F|  |TAMS 0x0000000710600000, 0x0000000710600000| Untracked 
|  52|0x0000000710800000, 0x0000000710800000, 0x0000000710a00000|  0%| F|  |TAMS 0x0000000710800000, 0x0000000710800000| Untracked 
|  53|0x0000000710a00000, 0x0000000710a00000, 0x0000000710c00000|  0%| F|  |TAMS 0x0000000710a00000, 0x0000000710a00000| Untracked 
|  54|0x0000000710c00000, 0x0000000710c00000, 0x0000000710e00000|  0%| F|  |TAMS 0x0000000710c00000, 0x0000000710c00000| Untracked 
|  55|0x0000000710e00000, 0x0000000710e00000, 0x0000000711000000|  0%| F|  |TAMS 0x0000000710e00000, 0x0000000710e00000| Untracked 
|  56|0x0000000711000000, 0x0000000711000000, 0x0000000711200000|  0%| F|  |TAMS 0x0000000711000000, 0x0000000711000000| Untracked 
|  57|0x0000000711200000, 0x0000000711200000, 0x0000000711400000|  0%| F|  |TAMS 0x0000000711200000, 0x0000000711200000| Untracked 
|  58|0x0000000711400000, 0x0000000711400000, 0x0000000711600000|  0%| F|  |TAMS 0x0000000711400000, 0x0000000711400000| Untracked 
|  59|0x0000000711600000, 0x0000000711600000, 0x0000000711800000|  0%| F|  |TAMS 0x0000000711600000, 0x0000000711600000| Untracked 
|  60|0x0000000711800000, 0x0000000711a00000, 0x0000000711a00000|100%| E|  |TAMS 0x0000000711800000, 0x0000000711800000| Complete 
|  61|0x0000000711a00000, 0x0000000711c00000, 0x0000000711c00000|100%| E|CS|TAMS 0x0000000711a00000, 0x0000000711a00000| Complete 
|  62|0x0000000711c00000, 0x0000000711e00000, 0x0000000711e00000|100%| E|CS|TAMS 0x0000000711c00000, 0x0000000711c00000| Complete 
|  63|0x0000000711e00000, 0x0000000712000000, 0x0000000712000000|100%| E|CS|TAMS 0x0000000711e00000, 0x0000000711e00000| Complete 
|  64|0x0000000712000000, 0x0000000712200000, 0x0000000712200000|100%| E|CS|TAMS 0x0000000712000000, 0x0000000712000000| Complete 
|  65|0x0000000712200000, 0x0000000712400000, 0x0000000712400000|100%| E|CS|TAMS 0x0000000712200000, 0x0000000712200000| Complete 
|  66|0x0000000712400000, 0x0000000712600000, 0x0000000712600000|100%| E|CS|TAMS 0x0000000712400000, 0x0000000712400000| Complete 
|  67|0x0000000712600000, 0x0000000712800000, 0x0000000712800000|100%| E|CS|TAMS 0x0000000712600000, 0x0000000712600000| Complete 
|  68|0x0000000712800000, 0x0000000712a00000, 0x0000000712a00000|100%| E|CS|TAMS 0x0000000712800000, 0x0000000712800000| Complete 
|  69|0x0000000712a00000, 0x0000000712c00000, 0x0000000712c00000|100%| E|CS|TAMS 0x0000000712a00000, 0x0000000712a00000| Complete 
|  70|0x0000000712c00000, 0x0000000712e00000, 0x0000000712e00000|100%| E|CS|TAMS 0x0000000712c00000, 0x0000000712c00000| Complete 
|  71|0x0000000712e00000, 0x0000000713000000, 0x0000000713000000|100%| E|CS|TAMS 0x0000000712e00000, 0x0000000712e00000| Complete 
|  72|0x0000000713000000, 0x0000000713200000, 0x0000000713200000|100%| E|CS|TAMS 0x0000000713000000, 0x0000000713000000| Complete 
|  73|0x0000000713200000, 0x0000000713400000, 0x0000000713400000|100%| E|CS|TAMS 0x0000000713200000, 0x0000000713200000| Complete 
|  74|0x0000000713400000, 0x0000000713600000, 0x0000000713600000|100%| E|CS|TAMS 0x0000000713400000, 0x0000000713400000| Complete 
|  75|0x0000000713600000, 0x0000000713800000, 0x0000000713800000|100%| E|CS|TAMS 0x0000000713600000, 0x0000000713600000| Complete 
|  76|0x0000000713800000, 0x0000000713a00000, 0x0000000713a00000|100%| E|CS|TAMS 0x0000000713800000, 0x0000000713800000| Complete 
|  77|0x0000000713a00000, 0x0000000713c00000, 0x0000000713c00000|100%| E|CS|TAMS 0x0000000713a00000, 0x0000000713a00000| Complete 
|  78|0x0000000713c00000, 0x0000000713e00000, 0x0000000713e00000|100%| E|CS|TAMS 0x0000000713c00000, 0x0000000713c00000| Complete 
|  79|0x0000000713e00000, 0x0000000714000000, 0x0000000714000000|100%| E|CS|TAMS 0x0000000713e00000, 0x0000000713e00000| Complete 
|  80|0x0000000714000000, 0x0000000714200000, 0x0000000714200000|100%| E|CS|TAMS 0x0000000714000000, 0x0000000714000000| Complete 
|  81|0x0000000714200000, 0x0000000714400000, 0x0000000714400000|100%| E|CS|TAMS 0x0000000714200000, 0x0000000714200000| Complete 
|  82|0x0000000714400000, 0x0000000714600000, 0x0000000714600000|100%| E|CS|TAMS 0x0000000714400000, 0x0000000714400000| Complete 
|  83|0x0000000714600000, 0x0000000714800000, 0x0000000714800000|100%| E|CS|TAMS 0x0000000714600000, 0x0000000714600000| Complete 
|  84|0x0000000714800000, 0x0000000714a00000, 0x0000000714a00000|100%| E|CS|TAMS 0x0000000714800000, 0x0000000714800000| Complete 
|  85|0x0000000714a00000, 0x0000000714c00000, 0x0000000714c00000|100%| E|CS|TAMS 0x0000000714a00000, 0x0000000714a00000| Complete 
|  86|0x0000000714c00000, 0x0000000714e00000, 0x0000000714e00000|100%| E|CS|TAMS 0x0000000714c00000, 0x0000000714c00000| Complete 
|  87|0x0000000714e00000, 0x0000000715000000, 0x0000000715000000|100%| E|CS|TAMS 0x0000000714e00000, 0x0000000714e00000| Complete 
|  88|0x0000000715000000, 0x0000000715200000, 0x0000000715200000|100%| E|CS|TAMS 0x0000000715000000, 0x0000000715000000| Complete 
|  89|0x0000000715200000, 0x0000000715400000, 0x0000000715400000|100%| E|CS|TAMS 0x0000000715200000, 0x0000000715200000| Complete 
|  90|0x0000000715400000, 0x0000000715600000, 0x0000000715600000|100%| E|CS|TAMS 0x0000000715400000, 0x0000000715400000| Complete 
|  91|0x0000000715600000, 0x0000000715800000, 0x0000000715800000|100%| E|CS|TAMS 0x0000000715600000, 0x0000000715600000| Complete 
|  92|0x0000000715800000, 0x0000000715a00000, 0x0000000715a00000|100%| E|CS|TAMS 0x0000000715800000, 0x0000000715800000| Complete 
|  93|0x0000000715a00000, 0x0000000715c00000, 0x0000000715c00000|100%| E|CS|TAMS 0x0000000715a00000, 0x0000000715a00000| Complete 
|  94|0x0000000715c00000, 0x0000000715e00000, 0x0000000715e00000|100%| E|CS|TAMS 0x0000000715c00000, 0x0000000715c00000| Complete 
|  95|0x0000000715e00000, 0x0000000716000000, 0x0000000716000000|100%| E|CS|TAMS 0x0000000715e00000, 0x0000000715e00000| Complete 
|  96|0x0000000716000000, 0x0000000716200000, 0x0000000716200000|100%| E|CS|TAMS 0x0000000716000000, 0x0000000716000000| Complete 
|  97|0x0000000716200000, 0x0000000716400000, 0x0000000716400000|100%| E|CS|TAMS 0x0000000716200000, 0x0000000716200000| Complete 
|  98|0x0000000716400000, 0x0000000716600000, 0x0000000716600000|100%| E|CS|TAMS 0x0000000716400000, 0x0000000716400000| Complete 
|  99|0x0000000716600000, 0x0000000716800000, 0x0000000716800000|100%| E|CS|TAMS 0x0000000716600000, 0x0000000716600000| Complete 
| 100|0x0000000716800000, 0x0000000716a00000, 0x0000000716a00000|100%| E|CS|TAMS 0x0000000716800000, 0x0000000716800000| Complete 
| 101|0x0000000716a00000, 0x0000000716c00000, 0x0000000716c00000|100%| E|CS|TAMS 0x0000000716a00000, 0x0000000716a00000| Complete 
| 102|0x0000000716c00000, 0x0000000716e00000, 0x0000000716e00000|100%| E|CS|TAMS 0x0000000716c00000, 0x0000000716c00000| Complete 
| 103|0x0000000716e00000, 0x0000000717000000, 0x0000000717000000|100%| E|CS|TAMS 0x0000000716e00000, 0x0000000716e00000| Complete 
| 104|0x0000000717000000, 0x0000000717200000, 0x0000000717200000|100%| E|CS|TAMS 0x0000000717000000, 0x0000000717000000| Complete 
| 105|0x0000000717200000, 0x0000000717400000, 0x0000000717400000|100%| E|CS|TAMS 0x0000000717200000, 0x0000000717200000| Complete 
| 106|0x0000000717400000, 0x0000000717600000, 0x0000000717600000|100%| E|CS|TAMS 0x0000000717400000, 0x0000000717400000| Complete 
| 107|0x0000000717600000, 0x0000000717800000, 0x0000000717800000|100%| E|CS|TAMS 0x0000000717600000, 0x0000000717600000| Complete 
| 108|0x0000000717800000, 0x0000000717a00000, 0x0000000717a00000|100%| E|CS|TAMS 0x0000000717800000, 0x0000000717800000| Complete 
| 109|0x0000000717a00000, 0x0000000717c00000, 0x0000000717c00000|100%| E|CS|TAMS 0x0000000717a00000, 0x0000000717a00000| Complete 
| 110|0x0000000717c00000, 0x0000000717e00000, 0x0000000717e00000|100%| E|CS|TAMS 0x0000000717c00000, 0x0000000717c00000| Complete 
| 111|0x0000000717e00000, 0x0000000718000000, 0x0000000718000000|100%| E|CS|TAMS 0x0000000717e00000, 0x0000000717e00000| Complete 
| 112|0x0000000718000000, 0x0000000718200000, 0x0000000718200000|100%| E|CS|TAMS 0x0000000718000000, 0x0000000718000000| Complete 
| 113|0x0000000718200000, 0x0000000718400000, 0x0000000718400000|100%| E|CS|TAMS 0x0000000718200000, 0x0000000718200000| Complete 
| 114|0x0000000718400000, 0x0000000718600000, 0x0000000718600000|100%| E|CS|TAMS 0x0000000718400000, 0x0000000718400000| Complete 
| 115|0x0000000718600000, 0x0000000718800000, 0x0000000718800000|100%| E|CS|TAMS 0x0000000718600000, 0x0000000718600000| Complete 
| 116|0x0000000718800000, 0x0000000718a00000, 0x0000000718a00000|100%| E|CS|TAMS 0x0000000718800000, 0x0000000718800000| Complete 
| 117|0x0000000718a00000, 0x0000000718c00000, 0x0000000718c00000|100%| E|CS|TAMS 0x0000000718a00000, 0x0000000718a00000| Complete 
| 118|0x0000000718c00000, 0x0000000718e00000, 0x0000000718e00000|100%| E|CS|TAMS 0x0000000718c00000, 0x0000000718c00000| Complete 
| 119|0x0000000718e00000, 0x0000000718ee58f8, 0x0000000719000000| 44%| S|CS|TAMS 0x0000000718e00000, 0x0000000718e00000| Complete 
| 120|0x0000000719000000, 0x0000000719200000, 0x0000000719200000|100%| E|CS|TAMS 0x0000000719000000, 0x0000000719000000| Complete 
| 121|0x0000000719200000, 0x0000000719400000, 0x0000000719400000|100%| E|CS|TAMS 0x0000000719200000, 0x0000000719200000| Complete 
| 122|0x0000000719400000, 0x0000000719600000, 0x0000000719600000|100%| E|CS|TAMS 0x0000000719400000, 0x0000000719400000| Complete 

Card table byte_map: [0x000002a031ce0000,0x000002a032490000] _byte_map_base: 0x000002a02e490000

Marking Bits (Prev, Next): (CMBitMap*) 0x000002a01a21bdc0, (CMBitMap*) 0x000002a01a21be00
 Prev Bits: [0x000002a032c40000, 0x000002a0369c0000)
 Next Bits: [0x000002a0369c0000, 0x000002a03a740000)

Polling page: 0x000002a018140000

Metaspace:

Usage:
  Non-class:      9.42 MB used.
      Class:    730.73 KB used.
       Both:     10.13 MB used.

Virtual space:
  Non-class space:       16.00 MB reserved,       9.50 MB ( 59%) committed,  2 nodes.
      Class space:        1.00 GB reserved,     832.00 KB ( <1%) committed,  1 nodes.
             Both:        1.02 GB reserved,      10.31 MB ( <1%) committed. 

Chunk freelists:
   Non-Class:  608.00 KB
       Class:  3.17 MB
        Both:  3.77 MB

MaxMetaspaceSize: unlimited
CompressedClassSpaceSize: 1.00 GB
Initial GC threshold: 21.00 MB
Current GC threshold: 21.00 MB
CDS: on
MetaspaceReclaimPolicy: balanced
 - commit_granule_bytes: 65536.
 - commit_granule_words: 8192.
 - virtual_space_node_default_size: 1048576.
 - enlarge_chunks_in_place: 1.
 - new_chunks_are_fully_committed: 0.
 - uncommit_free_chunks: 1.
 - use_allocation_guard: 0.
 - handle_deallocations: 1.


Internal statistics:

num_allocs_failed_limit: 0.
num_arena_births: 44.
num_arena_deaths: 0.
num_vsnodes_births: 3.
num_vsnodes_deaths: 0.
num_space_committed: 163.
num_space_uncommitted: 0.
num_chunks_returned_to_freelist: 0.
num_chunks_taken_from_freelist: 324.
num_chunk_merges: 0.
num_chunk_splits: 276.
num_chunks_enlarged: 251.
num_purges: 0.
num_inconsistent_stats: 0.

CodeHeap 'non-profiled nmethods': size=119168Kb used=1788Kb max_used=1788Kb free=117379Kb
 bounds [0x000002a029830000, 0x000002a029aa0000, 0x000002a030c90000]
CodeHeap 'profiled nmethods': size=119104Kb used=4201Kb max_used=4201Kb free=114902Kb
 bounds [0x000002a0223e0000, 0x000002a022800000, 0x000002a029830000]
CodeHeap 'non-nmethods': size=7488Kb used=1664Kb max_used=3382Kb free=5824Kb
 bounds [0x000002a021c90000, 0x000002a021ff0000, 0x000002a0223e0000]
 total_blobs=3430 nmethods=2321 adapters=1022
 compilation: enabled
              stopped_count=0, restarted_count=0
 full_count=0

Compilation events (20 events):
Event: 16.606 Thread 0x000002a03d6fa120 2314       4       java.lang.StringBuilder::length (5 bytes)
Event: 16.606 Thread 0x000002a03d6fa120 nmethod 2314 0x000002a0299eb110 code [0x000002a0299eb280, 0x000002a0299eb2f8]
Event: 16.722 Thread 0x000002a03d6fa120 2315       4       java.util.regex.Pattern$BmpCharProperty::match (55 bytes)
Event: 16.724 Thread 0x000002a03d6fa120 nmethod 2315 0x000002a0299eb410 code [0x000002a0299eb5c0, 0x000002a0299eb828]
Event: 17.116 Thread 0x000002a048a30bc0 2316       1       javax.sound.sampled.AudioFormat::getSampleSizeInBits (5 bytes)
Event: 17.116 Thread 0x000002a048a30bc0 nmethod 2316 0x000002a0299ebb10 code [0x000002a0299ebca0, 0x000002a0299ebd78]
Event: 17.116 Thread 0x000002a048a30bc0 2318       3       java.lang.Class::reflectionData (43 bytes)
Event: 17.116 Thread 0x000002a048a30bc0 nmethod 2318 0x000002a0227f9710 code [0x000002a0227f98e0, 0x000002a0227f9cf8]
Event: 17.116 Thread 0x000002a048a30bc0 2319       3       java.util.HashSet::<init> (16 bytes)
Event: 17.116 Thread 0x000002a03d6fa120 2320       4       java.util.AbstractSet::<init> (5 bytes)
Event: 17.116 Thread 0x000002a048a30bc0 nmethod 2319 0x000002a0227f9e10 code [0x000002a0227f9fe0, 0x000002a0227fa3f8]
Event: 17.116 Thread 0x000002a03d6fa120 nmethod 2320 0x000002a0299ec210 code [0x000002a0299ec380, 0x000002a0299ec3f8]
Event: 17.117 Thread 0x000002a048a30bc0 2321       1       javax.sound.sampled.AudioFormat::getFrameSize (5 bytes)
Event: 17.117 Thread 0x000002a048a30bc0 nmethod 2321 0x000002a0299ec510 code [0x000002a0299ec6a0, 0x000002a0299ec778]
Event: 17.453 Thread 0x000002a03d6fa120 2322       4       com.badlogic.gdx.graphics.g3d.shaders.DefaultShader::begin (190 bytes)
Event: 17.470 Thread 0x000002a03d6fa120 nmethod 2322 0x000002a0299ec810 code [0x000002a0299eca40, 0x000002a0299ed980]
Event: 17.589 Thread 0x000002a03d6fa120 2323       4       java.util.regex.Matcher::end (67 bytes)
Event: 17.590 Thread 0x000002a03d6fa120 nmethod 2323 0x000002a0299ee910 code [0x000002a0299eeaa0, 0x000002a0299eebb8]
Event: 18.297 Thread 0x000002a03d6fa120 2324       4       sun.net.www.ParseUtil::firstEncodeIndex (86 bytes)
Event: 18.299 Thread 0x000002a03d6fa120 nmethod 2324 0x000002a0299eed10 code [0x000002a0299eeea0, 0x000002a0299ef0e8]

GC Heap History (6 events):
Event: 2.182 GC heap before
{Heap before GC invocations=0 (full 0):
 garbage-first heap   total 251904K, used 22528K [0x000000070a000000, 0x0000000800000000)
  region size 2048K, 11 young (22528K), 0 survivors (0K)
 Metaspace       used 7274K, committed 7424K, reserved 1064960K
  class space    used 450K, committed 512K, reserved 1048576K
}
Event: 2.184 GC heap after
{Heap after GC invocations=1 (full 0):
 garbage-first heap   total 251904K, used 2630K [0x000000070a000000, 0x0000000800000000)
  region size 2048K, 2 young (4096K), 2 survivors (4096K)
 Metaspace       used 7274K, committed 7424K, reserved 1064960K
  class space    used 450K, committed 512K, reserved 1048576K
}
Event: 6.395 GC heap before
{Heap before GC invocations=1 (full 0):
 garbage-first heap   total 251904K, used 43590K [0x000000070a000000, 0x0000000800000000)
  region size 2048K, 18 young (36864K), 2 survivors (4096K)
 Metaspace       used 9801K, committed 9920K, reserved 1064960K
  class space    used 679K, committed 704K, reserved 1048576K
}
Event: 6.405 GC heap after
{Heap after GC invocations=2 (full 0):
 garbage-first heap   total 251904K, used 22648K [0x000000070a000000, 0x0000000800000000)
  region size 2048K, 3 young (6144K), 3 survivors (6144K)
 Metaspace       used 9801K, committed 9920K, reserved 1064960K
  class space    used 679K, committed 704K, reserved 1048576K
}
Event: 6.930 GC heap before
{Heap before GC invocations=2 (full 0):
 garbage-first heap   total 251904K, used 28792K [0x000000070a000000, 0x0000000800000000)
  region size 2048K, 6 young (12288K), 3 survivors (6144K)
 Metaspace       used 9859K, committed 9984K, reserved 1064960K
  class space    used 679K, committed 704K, reserved 1048576K
}
Event: 6.935 GC heap after
{Heap after GC invocations=3 (full 0):
 garbage-first heap   total 251904K, used 24044K [0x000000070a000000, 0x0000000800000000)
  region size 2048K, 1 young (2048K), 1 survivors (2048K)
 Metaspace       used 9859K, committed 9984K, reserved 1064960K
  class space    used 679K, committed 704K, reserved 1048576K
}

Deoptimization events (20 events):
Event: 14.531 Thread 0x000002a01a1c44f0 DEOPT PACKING pc=0x000002a0227ee611 sp=0x000000ebefffea70
Event: 14.531 Thread 0x000002a01a1c44f0 DEOPT UNPACKING pc=0x000002a021ce2b43 sp=0x000000ebefffdf68 mode 0
Event: 14.599 Thread 0x000002a01a1c44f0 DEOPT PACKING pc=0x000002a0227ee611 sp=0x000000ebefffea70
Event: 14.599 Thread 0x000002a01a1c44f0 DEOPT UNPACKING pc=0x000002a021ce2b43 sp=0x000000ebefffdf68 mode 0
Event: 14.649 Thread 0x000002a01a1c44f0 DEOPT PACKING pc=0x000002a0227ee611 sp=0x000000ebefffea70
Event: 14.649 Thread 0x000002a01a1c44f0 DEOPT UNPACKING pc=0x000002a021ce2b43 sp=0x000000ebefffdf68 mode 0
Event: 15.007 Thread 0x000002a01a1c44f0 Uncommon trap: trap_request=0xffffff45 fr.pc=0x000002a02992b840 relative=0x0000000000000040
Event: 15.007 Thread 0x000002a01a1c44f0 Uncommon trap: reason=unstable_if action=reinterpret pc=0x000002a02992b840 method=java.lang.Long.numberOfTrailingZeros(J)I @ 4 c2
Event: 15.007 Thread 0x000002a01a1c44f0 DEOPT PACKING pc=0x000002a02992b840 sp=0x000000ebefffeb90
Event: 15.007 Thread 0x000002a01a1c44f0 DEOPT UNPACKING pc=0x000002a021ce23a3 sp=0x000000ebefffeb18 mode 2
Event: 15.858 Thread 0x000002a01a1c44f0 Uncommon trap: trap_request=0xffffff45 fr.pc=0x000002a0299e7c94 relative=0x00000000000004d4
Event: 15.858 Thread 0x000002a01a1c44f0 Uncommon trap: reason=unstable_if action=reinterpret pc=0x000002a0299e7c94 method=com.crazyputting3d.Engine.physicsEngine.get_ball_coordinatesX()[F @ 42 c2
Event: 15.858 Thread 0x000002a01a1c44f0 DEOPT PACKING pc=0x000002a0299e7c94 sp=0x000000ebefffecd0
Event: 15.858 Thread 0x000002a01a1c44f0 DEOPT UNPACKING pc=0x000002a021ce23a3 sp=0x000000ebefffec88 mode 2
Event: 15.865 Thread 0x000002a04f696340 Uncommon trap: trap_request=0xffffff45 fr.pc=0x000002a0298a9e30 relative=0x0000000000000110
Event: 15.865 Thread 0x000002a04f696340 Uncommon trap: reason=unstable_if action=reinterpret pc=0x000002a0298a9e30 method=java.lang.ThreadLocal.get()Ljava/lang/Object; @ 11 c2
Event: 15.865 Thread 0x000002a04f696340 DEOPT PACKING pc=0x000002a0298a9e30 sp=0x000000ebf0ffe3d0
Event: 15.865 Thread 0x000002a04f696340 DEOPT UNPACKING pc=0x000002a021ce23a3 sp=0x000000ebf0ffe360 mode 2
Event: 18.410 Thread 0x000002a01a1c44f0 DEOPT PACKING pc=0x000002a02265068c sp=0x000000ebeffff120
Event: 18.410 Thread 0x000002a01a1c44f0 DEOPT UNPACKING pc=0x000002a021ce2b43 sp=0x000000ebefffe5a0 mode 0

Classes unloaded (0 events):
No events

Classes redefined (0 events):
No events

Internal exceptions (20 events):
Event: 0.170 Thread 0x000002a01a1c44f0 Exception <a 'java/lang/NoSuchMethodError'{0x00000007191b7298}: 'void java.lang.invoke.DirectMethodHandle$Holder.invokeStatic(java.lang.Object, java.lang.Object)'> (0x00000007191b7298) 
thrown [e:\jenkins\tmp\workspace\build\src\src\hotspot\share\interpreter\linkResolver.cpp, line 766]
Event: 0.171 Thread 0x000002a01a1c44f0 Exception <a 'java/lang/NoSuchMethodError'{0x00000007191bcae0}: 'void java.lang.invoke.DirectMethodHandle$Holder.invokeSpecial(java.lang.Object, java.lang.Object, java.lang.Object)'> (0x00000007191bcae0) 
thrown [e:\jenkins\tmp\workspace\build\src\src\hotspot\share\interpreter\linkResolver.cpp, line 766]
Event: 0.173 Thread 0x000002a01a1c44f0 Exception <a 'java/lang/NoSuchMethodError'{0x00000007191d0198}: 'java.lang.Object java.lang.invoke.DirectMethodHandle$Holder.invokeStatic(java.lang.Object, java.lang.Object, int)'> (0x00000007191d0198) 
thrown [e:\jenkins\tmp\workspace\build\src\src\hotspot\share\interpreter\linkResolver.cpp, line 766]
Event: 0.174 Thread 0x000002a01a1c44f0 Exception <a 'java/lang/NoSuchMethodError'{0x00000007191dbf08}: 'void java.lang.invoke.DelegatingMethodHandle$Holder.delegate(java.lang.Object, java.lang.Object, int, java.lang.Object)'> (0x00000007191dbf08) 
thrown [e:\jenkins\tmp\workspace\build\src\src\hotspot\share\interpreter\linkResolver.cpp, line 766]
Event: 0.174 Thread 0x000002a01a1c44f0 Exception <a 'java/lang/NoSuchMethodError'{0x00000007191e0148}: 'int java.lang.invoke.DirectMethodHandle$Holder.invokeSpecial(java.lang.Object, java.lang.Object, java.lang.Object)'> (0x00000007191e0148) 
thrown [e:\jenkins\tmp\workspace\build\src\src\hotspot\share\interpreter\linkResolver.cpp, line 766]
Event: 0.199 Thread 0x000002a01a1c44f0 Exception <a 'sun/nio/fs/WindowsException'{0x0000000718e871a8}> (0x0000000718e871a8) 
thrown [e:\jenkins\tmp\workspace\build\src\src\hotspot\share\prims\jni.cpp, line 516]
Event: 0.199 Thread 0x000002a01a1c44f0 Exception <a 'sun/nio/fs/WindowsException'{0x0000000718e87700}> (0x0000000718e87700) 
thrown [e:\jenkins\tmp\workspace\build\src\src\hotspot\share\prims\jni.cpp, line 516]
Event: 0.223 Thread 0x000002a01a1c44f0 Exception <a 'sun/nio/fs/WindowsException'{0x0000000718f76060}> (0x0000000718f76060) 
thrown [e:\jenkins\tmp\workspace\build\src\src\hotspot\share\prims\jni.cpp, line 516]
Event: 0.223 Thread 0x000002a01a1c44f0 Exception <a 'sun/nio/fs/WindowsException'{0x0000000718f76400}> (0x0000000718f76400) 
thrown [e:\jenkins\tmp\workspace\build\src\src\hotspot\share\prims\jni.cpp, line 516]
Event: 0.241 Thread 0x000002a01a1c44f0 Exception <a 'sun/nio/fs/WindowsException'{0x0000000718c24980}> (0x0000000718c24980) 
thrown [e:\jenkins\tmp\workspace\build\src\src\hotspot\share\prims\jni.cpp, line 516]
Event: 0.241 Thread 0x000002a01a1c44f0 Exception <a 'sun/nio/fs/WindowsException'{0x0000000718c24cf0}> (0x0000000718c24cf0) 
thrown [e:\jenkins\tmp\workspace\build\src\src\hotspot\share\prims\jni.cpp, line 516]
Event: 0.279 Thread 0x000002a01a1c44f0 Exception <a 'sun/nio/fs/WindowsException'{0x0000000718ca9d20}> (0x0000000718ca9d20) 
thrown [e:\jenkins\tmp\workspace\build\src\src\hotspot\share\prims\jni.cpp, line 516]
Event: 0.279 Thread 0x000002a01a1c44f0 Exception <a 'sun/nio/fs/WindowsException'{0x0000000718caa0a8}> (0x0000000718caa0a8) 
thrown [e:\jenkins\tmp\workspace\build\src\src\hotspot\share\prims\jni.cpp, line 516]
Event: 0.681 Thread 0x000002a01a1c44f0 Exception <a 'sun/nio/fs/WindowsException'{0x0000000718a8cdb8}> (0x0000000718a8cdb8) 
thrown [e:\jenkins\tmp\workspace\build\src\src\hotspot\share\prims\jni.cpp, line 516]
Event: 0.681 Thread 0x000002a01a1c44f0 Exception <a 'sun/nio/fs/WindowsException'{0x0000000718a8d168}> (0x0000000718a8d168) 
thrown [e:\jenkins\tmp\workspace\build\src\src\hotspot\share\prims\jni.cpp, line 516]
Event: 0.683 Thread 0x000002a01a1c44f0 Exception <a 'sun/nio/fs/WindowsException'{0x0000000718a99300}> (0x0000000718a99300) 
thrown [e:\jenkins\tmp\workspace\build\src\src\hotspot\share\prims\jni.cpp, line 516]
Event: 0.683 Thread 0x000002a01a1c44f0 Exception <a 'sun/nio/fs/WindowsException'{0x0000000718a995e8}> (0x0000000718a995e8) 
thrown [e:\jenkins\tmp\workspace\build\src\src\hotspot\share\prims\jni.cpp, line 516]
Event: 6.101 Thread 0x000002a01a1c44f0 Implicit null exception at 0x000002a0298a80b0 to 0x000002a0298a8288
Event: 6.114 Thread 0x000002a01a1c44f0 Implicit null exception at 0x000002a0298b1cbf to 0x000002a0298b1d9c
Event: 15.865 Thread 0x000002a04f696340 Implicit null exception at 0x000002a0298a9d5f to 0x000002a0298a9e1c

VM Operations (20 events):
Event: 11.970 Executing VM operation: ICBufferFull
Event: 11.970 Executing VM operation: ICBufferFull done
Event: 12.620 Executing VM operation: ICBufferFull
Event: 12.620 Executing VM operation: ICBufferFull done
Event: 13.273 Executing VM operation: ICBufferFull
Event: 13.273 Executing VM operation: ICBufferFull done
Event: 13.938 Executing VM operation: ICBufferFull
Event: 13.938 Executing VM operation: ICBufferFull done
Event: 14.590 Executing VM operation: ICBufferFull
Event: 14.590 Executing VM operation: ICBufferFull done
Event: 15.238 Executing VM operation: ICBufferFull
Event: 15.238 Executing VM operation: ICBufferFull done
Event: 15.922 Executing VM operation: ICBufferFull
Event: 15.922 Executing VM operation: ICBufferFull done
Event: 16.589 Executing VM operation: ICBufferFull
Event: 16.589 Executing VM operation: ICBufferFull done
Event: 17.289 Executing VM operation: ICBufferFull
Event: 17.289 Executing VM operation: ICBufferFull done
Event: 17.956 Executing VM operation: ICBufferFull
Event: 17.956 Executing VM operation: ICBufferFull done

Events (20 events):
Event: 15.872 loading class javax/sound/sampled/AudioFileFormat done
Event: 15.872 loading class com/sun/media/sound/StandardFileFormat done
Event: 15.872 loading class com/sun/media/sound/WaveFileFormat done
Event: 15.873 loading class javax/sound/sampled/LineEvent
Event: 15.873 loading class java/util/EventObject
Event: 15.873 loading class java/util/EventObject done
Event: 15.873 loading class javax/sound/sampled/LineEvent done
Event: 15.873 loading class javax/sound/sampled/LineEvent$Type
Event: 15.873 loading class javax/sound/sampled/LineEvent$Type done
Event: 15.873 loading class com/sun/media/sound/EventDispatcher
Event: 15.873 loading class com/sun/media/sound/EventDispatcher done
Event: 15.873 Thread 0x000002a04f62e3c0 Thread added: 0x000002a04f62e3c0
Event: 15.881 Thread 0x000002a04e03f080 Thread added: 0x000002a04e03f080
Event: 16.082 Thread 0x000002a04f696340 Thread exited: 0x000002a04f696340
Event: 16.321 Thread 0x000002a04dfeb050 Thread exited: 0x000002a04dfeb050
Event: 17.115 Thread 0x000002a04dfeb050 Thread added: 0x000002a04dfeb050
Event: 17.116 Thread 0x000002a04f223230 Thread exited: 0x000002a04f223230
Event: 17.117 Thread 0x000002a04f223230 Thread added: 0x000002a04f223230
Event: 17.318 Thread 0x000002a04dfeb050 Thread exited: 0x000002a04dfeb050
Event: 18.297 Thread 0x000002a048a30bc0 Thread exited: 0x000002a048a30bc0


Dynamic libraries:
0x00007ff7d8a20000 - 0x00007ff7d8a2e000 	C:\Program Files\Eclipse Adoptium\jdk-17.0.1.12-hotspot\bin\java.exe
0x00007ffdc5cd0000 - 0x00007ffdc5ec5000 	C:\Windows\SYSTEM32\ntdll.dll
0x00007ffdc4060000 - 0x00007ffdc411d000 	C:\Windows\System32\KERNEL32.DLL
0x00007ffdc3720000 - 0x00007ffdc39ed000 	C:\Windows\System32\KERNELBASE.dll
0x00007ffdc33b0000 - 0x00007ffdc34b0000 	C:\Windows\System32\ucrtbase.dll
0x00007ffdbd460000 - 0x00007ffdbd478000 	C:\Program Files\Eclipse Adoptium\jdk-17.0.1.12-hotspot\bin\jli.dll
0x00007ffdbee20000 - 0x00007ffdbee39000 	C:\Program Files\Eclipse Adoptium\jdk-17.0.1.12-hotspot\bin\VCRUNTIME140.dll
0x00007ffdc5530000 - 0x00007ffdc56d0000 	C:\Windows\System32\USER32.dll
0x00007ffdc3c20000 - 0x00007ffdc3c42000 	C:\Windows\System32\win32u.dll
0x00007ffdad620000 - 0x00007ffdad8ba000 	C:\Windows\WinSxS\amd64_microsoft.windows.common-controls_6595b64144ccf1df_6.0.19041.1110_none_60b5254171f9507e\COMCTL32.dll
0x00007ffdc5bd0000 - 0x00007ffdc5bfa000 	C:\Windows\System32\GDI32.dll
0x00007ffdc5190000 - 0x00007ffdc522e000 	C:\Windows\System32\msvcrt.dll
0x00007ffdc3610000 - 0x00007ffdc371b000 	C:\Windows\System32\gdi32full.dll
0x00007ffdc39f0000 - 0x00007ffdc3a8d000 	C:\Windows\System32\msvcp_win.dll
0x00007ffdc4eb0000 - 0x00007ffdc4ee0000 	C:\Windows\System32\IMM32.DLL
0x00007ffdbede0000 - 0x00007ffdbedec000 	C:\Program Files\Eclipse Adoptium\jdk-17.0.1.12-hotspot\bin\vcruntime140_1.dll
0x00007ffdb64f0000 - 0x00007ffdb6581000 	C:\Program Files\Eclipse Adoptium\jdk-17.0.1.12-hotspot\bin\msvcp140.dll
0x00007ffd92160000 - 0x00007ffd92da6000 	C:\Program Files\Eclipse Adoptium\jdk-17.0.1.12-hotspot\bin\server\jvm.dll
0x00007ffdc3fb0000 - 0x00007ffdc405e000 	C:\Windows\System32\ADVAPI32.dll
0x00007ffdc3e80000 - 0x00007ffdc3f1c000 	C:\Windows\System32\sechost.dll
0x00007ffdc3d50000 - 0x00007ffdc3e75000 	C:\Windows\System32\RPCRT4.dll
0x00007ffdc4ee0000 - 0x00007ffdc4ee8000 	C:\Windows\System32\PSAPI.DLL
0x00007ffdb8890000 - 0x00007ffdb88b7000 	C:\Windows\SYSTEM32\WINMM.dll
0x00007ffda5c00000 - 0x00007ffda5c09000 	C:\Windows\SYSTEM32\WSOCK32.dll
0x00007ffdbc260000 - 0x00007ffdbc26a000 	C:\Windows\SYSTEM32\VERSION.dll
0x00007ffdc52e0000 - 0x00007ffdc534b000 	C:\Windows\System32\WS2_32.dll
0x00007ffdc1c40000 - 0x00007ffdc1c52000 	C:\Windows\SYSTEM32\kernel.appcore.dll
0x00007ffdbe7a0000 - 0x00007ffdbe7aa000 	C:\Program Files\Eclipse Adoptium\jdk-17.0.1.12-hotspot\bin\jimage.dll
0x00007ffdc1a30000 - 0x00007ffdc1c14000 	C:\Windows\SYSTEM32\DBGHELP.DLL
0x00007ffdb8de0000 - 0x00007ffdb8e0c000 	C:\Windows\SYSTEM32\dbgcore.DLL
0x00007ffdc3a90000 - 0x00007ffdc3b12000 	C:\Windows\System32\bcryptPrimitives.dll
0x00007ffdb64c0000 - 0x00007ffdb64e5000 	C:\Program Files\Eclipse Adoptium\jdk-17.0.1.12-hotspot\bin\java.dll
0x00007ffdb1a30000 - 0x00007ffdb1b06000 	C:\Program Files\Eclipse Adoptium\jdk-17.0.1.12-hotspot\bin\svml.dll
0x00007ffdc4120000 - 0x00007ffdc4864000 	C:\Windows\System32\SHELL32.dll
0x00007ffdc1150000 - 0x00007ffdc18e4000 	C:\Windows\SYSTEM32\windows.storage.dll
0x00007ffdc5870000 - 0x00007ffdc5bc4000 	C:\Windows\System32\combase.dll
0x00007ffdc2e10000 - 0x00007ffdc2e3c000 	C:\Windows\SYSTEM32\Wldp.dll
0x00007ffdc5230000 - 0x00007ffdc52dd000 	C:\Windows\System32\SHCORE.dll
0x00007ffdc3cf0000 - 0x00007ffdc3d45000 	C:\Windows\System32\shlwapi.dll
0x00007ffdc32f0000 - 0x00007ffdc330f000 	C:\Windows\SYSTEM32\profapi.dll
0x00007ffdb6650000 - 0x00007ffdb6669000 	C:\Program Files\Eclipse Adoptium\jdk-17.0.1.12-hotspot\bin\net.dll
0x00007ffdb4be0000 - 0x00007ffdb4cea000 	C:\Windows\SYSTEM32\WINHTTP.dll
0x00007ffdc2b70000 - 0x00007ffdc2bda000 	C:\Windows\system32\mswsock.dll
0x00007ffdb64a0000 - 0x00007ffdb64b5000 	C:\Program Files\Eclipse Adoptium\jdk-17.0.1.12-hotspot\bin\nio.dll
0x00007ffdb6480000 - 0x00007ffdb6498000 	C:\Program Files\Eclipse Adoptium\jdk-17.0.1.12-hotspot\bin\zip.dll
0x000000006e700000 - 0x000000006e72a000 	C:\Users\grado\AppData\Local\Temp\libgdxgrado\e1cd32f8\gdx64.dll
0x00007ffdb19c0000 - 0x00007ffdb1a24000 	C:\Users\grado\AppData\Local\Temp\lwjglgrado\3.2.3-build-13\lwjgl.dll
0x00007ffd91f00000 - 0x00007ffd92153000 	C:\Users\grado\AppData\Local\Temp\lwjglgrado\3.2.3-build-13\jemalloc.dll
0x00007ffdb1950000 - 0x00007ffdb19b2000 	C:\Users\grado\AppData\Local\Temp\lwjglgrado\3.2.3-build-13\glfw.dll
0x00007ffdc0870000 - 0x00007ffdc090e000 	C:\Windows\system32\uxtheme.dll
0x00007ffdb1900000 - 0x00007ffdb1945000 	C:\Windows\SYSTEM32\dinput8.dll
0x00007ffdb6460000 - 0x00007ffdb6471000 	C:\Windows\SYSTEM32\xinput1_4.dll
0x00007ffdc3b20000 - 0x00007ffdc3b6e000 	C:\Windows\System32\cfgmgr32.dll
0x00007ffdc3160000 - 0x00007ffdc318c000 	C:\Windows\SYSTEM32\DEVOBJ.dll
0x00007ffdc0a00000 - 0x00007ffdc0a2f000 	C:\Windows\SYSTEM32\dwmapi.dll
0x00007ffda8c80000 - 0x00007ffda8dd2000 	C:\Windows\SYSTEM32\inputhost.dll
0x00007ffdc4d70000 - 0x00007ffdc4e3d000 	C:\Windows\System32\OLEAUT32.dll
0x00007ffdc0500000 - 0x00007ffdc05f2000 	C:\Windows\SYSTEM32\CoreMessaging.dll
0x00007ffdbe990000 - 0x00007ffdbea86000 	C:\Windows\SYSTEM32\PROPSYS.dll
0x00007ffdc01a0000 - 0x00007ffdc04fe000 	C:\Windows\SYSTEM32\CoreUIComponents.dll
0x00007ffdbfad0000 - 0x00007ffdbfc24000 	C:\Windows\SYSTEM32\wintypes.dll
0x00007ffdc20b0000 - 0x00007ffdc20e3000 	C:\Windows\SYSTEM32\ntmarta.dll
0x00007ffdc5750000 - 0x00007ffdc5865000 	C:\Windows\System32\MSCTF.dll
0x00007ffdc18f0000 - 0x00007ffdc18fd000 	C:\Windows\SYSTEM32\HID.DLL
0x00007ffdc4870000 - 0x00007ffdc4ce1000 	C:\Windows\System32\SETUPAPI.DLL
0x00007ffdc3c50000 - 0x00007ffdc3c77000 	C:\Windows\System32\bcrypt.dll
0x00007ffdc3c80000 - 0x00007ffdc3ce8000 	C:\Windows\System32\WINTRUST.dll
0x00007ffdc34b0000 - 0x00007ffdc3606000 	C:\Windows\System32\CRYPT32.dll
0x00007ffdc2fa0000 - 0x00007ffdc2fb2000 	C:\Windows\SYSTEM32\MSASN1.dll
0x00007ffda1380000 - 0x00007ffda148b000 	C:\Users\grado\AppData\Local\Temp\lwjglgrado\3.2.3-build-13\OpenAL.dll
0x00007ffdc5400000 - 0x00007ffdc552a000 	C:\Windows\System32\ole32.dll
0x00007ffdc5350000 - 0x00007ffdc53f9000 	C:\Windows\System32\clbcatq.dll
0x00007ffdbb510000 - 0x00007ffdbb595000 	C:\Windows\System32\MMDevApi.dll
0x00007ffdbbda0000 - 0x00007ffdbbf22000 	C:\Windows\SYSTEM32\AUDIOSES.DLL
0x00007ffdc2930000 - 0x00007ffdc297b000 	C:\Windows\SYSTEM32\powrprof.dll
0x00007ffdc27f0000 - 0x00007ffdc2802000 	C:\Windows\SYSTEM32\UMPDC.dll
0x00007ffdc0a30000 - 0x00007ffdc0a44000 	C:\Windows\SYSTEM32\resourcepolicyclient.dll
0x00007ffd22910000 - 0x00007ffd22a36000 	C:\Windows\SYSTEM32\opengl32.dll
0x00007ffd228e0000 - 0x00007ffd2290c000 	C:\Windows\SYSTEM32\GLU32.dll
0x00007ffdbc2e0000 - 0x00007ffdbc3d7000 	C:\Windows\System32\AppXDeploymentClient.dll
0x00007ffdb62b0000 - 0x00007ffdb62da000 	C:\Windows\System32\DriverStore\FileRepository\u0361612.inf_amd64_b679e02f70413f9f\B361368\atig6pxx.dll
0x00007ffd7dc80000 - 0x00007ffd80966000 	C:\Windows\System32\DriverStore\FileRepository\u0361612.inf_amd64_b679e02f70413f9f\B361368\atio6axx.dll
0x00007ffd86690000 - 0x00007ffd866b4000 	C:\Windows\SYSTEM32\dxva2.dll
0x00007ffdab4c0000 - 0x00007ffdab4fc000 	C:\Windows\System32\DriverStore\FileRepository\u0361612.inf_amd64_b679e02f70413f9f\B361368\atig6txx.dll
0x00007ffd90ad0000 - 0x00007ffd90c89000 	C:\Windows\SYSTEM32\atiadlxx.dll
0x00007ffdb9380000 - 0x00007ffdb93bb000 	C:\Windows\SYSTEM32\dxcore.dll
0x00007ffda3ef0000 - 0x00007ffda3f49000 	C:\Users\grado\AppData\Local\Temp\lwjglgrado\3.2.3-build-13\lwjgl_opengl.dll
0x00007ffda93b0000 - 0x00007ffda94a9000 	C:\Windows\SYSTEM32\textinputframework.dll
0x00007ffdb6440000 - 0x00007ffdb6451000 	C:\Program Files\Eclipse Adoptium\jdk-17.0.1.12-hotspot\bin\jsound.dll
0x00007ffda0f00000 - 0x00007ffda0f9c000 	C:\Windows\SYSTEM32\DSOUND.dll
0x00007ffdb3710000 - 0x00007ffdb3736000 	C:\Windows\SYSTEM32\winmmbase.dll
0x00007ffda9b00000 - 0x00007ffda9b46000 	C:\Windows\SYSTEM32\wdmaud.drv
0x00007ffdbd880000 - 0x00007ffdbd88a000 	C:\Windows\SYSTEM32\AVRT.dll
0x00007ffdbde60000 - 0x00007ffdbde69000 	C:\Windows\SYSTEM32\ksuser.dll
0x00007ffdbc5b0000 - 0x00007ffdbc5bd000 	C:\Windows\SYSTEM32\msacm32.drv
0x00007ffdbc630000 - 0x00007ffdbc64e000 	C:\Windows\SYSTEM32\MSACM32.dll
0x00007ffdb6730000 - 0x00007ffdb673b000 	C:\Windows\SYSTEM32\midimap.dll
0x00007ffda8de0000 - 0x00007ffda8f21000 	C:\Windows\System32\Windows.UI.dll
0x00007ffdbd350000 - 0x00007ffdbd3f1000 	C:\Windows\System32\WindowManagementAPI.dll
0x00007ffdbca10000 - 0x00007ffdbcc11000 	C:\Windows\SYSTEM32\twinapi.appcore.dll

dbghelp: loaded successfully - version: 4.0.5 - missing functions: none
symbol engine: initialized successfully - sym options: 0x614 - pdb path: .;C:\Program Files\Eclipse Adoptium\jdk-17.0.1.12-hotspot\bin;C:\Windows\SYSTEM32;C:\Windows\WinSxS\amd64_microsoft.windows.common-controls_6595b64144ccf1df_6.0.19041.1110_none_60b5254171f9507e;C:\Program Files\Eclipse Adoptium\jdk-17.0.1.12-hotspot\bin\server;C:\Users\grado\AppData\Local\Temp\libgdxgrado\e1cd32f8;C:\Users\grado\AppData\Local\Temp\lwjglgrado\3.2.3-build-13;C:\Windows\System32\DriverStore\FileRepository\u0361612.inf_amd64_b679e02f70413f9f\B361368

VM Arguments:
jvm_args: -XX:+ShowCodeDetailsInExceptionMessages 
java_command: com.crazyputting3d.Main
java_class_path (initial): C:\Users\grado\Documents\Group-04\3dcrazyputting\desktop\bin\main;\CrazyPutting3D-core\bin\default;C:\Users\grado\Documents\Group-04\3dcrazyputting\core\bin\main;C:\Users\grado\.gradle\caches\modules-2\files-2.1\com.badlogicgames.gdx\gdx-backend-lwjgl3\1.10.0\600c7d5b2c977daa82c4abad147087b31e0ada87\gdx-backend-lwjgl3-1.10.0.jar;C:\Users\grado\.gradle\caches\modules-2\files-2.1\com.badlogicgames.gdx\gdx-platform\1.10.0\9a8fa793d2fd6d360afc6c9e4c1f5583da263b88\gdx-platform-1.10.0-natives-desktop.jar;C:\Users\grado\.gradle\caches\modules-2\files-2.1\com.badlogicgames.gdx\gdx-bullet-platform\1.10.0\ce92e8dfc762523d769cbc50853163c03bf98cf1\gdx-bullet-platform-1.10.0-natives-desktop.jar;C:\Users\grado\.gradle\caches\modules-2\files-2.1\com.badlogicgames.gdx\gdx-freetype-platform\1.10.0\6e5d28752759e69384f12e4569d2c884ff71352f\gdx-freetype-platform-1.10.0-natives-desktop.jar;C:\Users\grado\.gradle\caches\modules-2\files-2.1\com.badlogicgames.gdx-controllers\gdx-controllers-desktop\2.2.1\cb3430c32468a090eca54d494d16bb3764ceff9b\gdx-controllers-desktop-2.2.1.jar;C:\Users\grado\.gradle\caches\modules-2\files-2.1\org.jetbrains\annotations\20.1.0\2fcd1f3225bca0c4a7bc931142076f8c1e80993f\annotations-20.1.0.jar;C:\Users\grado\.gradle\caches\modules-2\files-2.1\com.badlogicgames.gdx\gdx-bullet\1.10.0\839b58c7278f5c3b55291c3a559d91227400ecdb\gdx-bullet-1.10.0.jar;C:\Users\grado\.gradle\caches\modules-2\files-2.1\com.badlogicgames.gdx\gdx-freetype\1.10.0\de1d0d5c1e92e8d91364256fd6b7bb279d3e9859\gdx-freetype-1.10.0.jar;C:\Users\grado\.gradle\caches\modules-2\files-2.1\com.badlogicgames.gdx\gdx-ai\1.8.2\ab75d2ce80ab1b1ce6828a15dc0f417abac4c674\gdx-ai-1.8.2.jar;C:\Users\grado\.gradle\caches\modules-2\files-2.1\com.badlogicgames.ashley\ashley\1.7.4\21a3a8932919099c4e5006a7d8378dcbe76ef8a5\ashley-1.7.4.jar;C:\Users\grado\.gradle\caches\modules-2\files-2.1\com.badlogicgames.box2dlights\box2dlights\1.5\6902dbcd250c95a27973aa24a147a95b3828d348\box2dlights-1.5.j
Launcher Type: SUN_STANDARD

[Global flags]
     intx CICompilerCount                          = 12                                        {product} {ergonomic}
     uint ConcGCThreads                            = 3                                         {product} {ergonomic}
     uint G1ConcRefinementThreads                  = 13                                        {product} {ergonomic}
   size_t G1HeapRegionSize                         = 2097152                                   {product} {ergonomic}
    uintx GCDrainStackTargetSize                   = 64                                        {product} {ergonomic}
   size_t InitialHeapSize                          = 257949696                                 {product} {ergonomic}
   size_t MarkStackSize                            = 4194304                                   {product} {ergonomic}
   size_t MaxHeapSize                              = 4127195136                                {product} {ergonomic}
   size_t MaxNewSize                               = 2474639360                                {product} {ergonomic}
   size_t MinHeapDeltaBytes                        = 2097152                                   {product} {ergonomic}
   size_t MinHeapSize                              = 8388608                                   {product} {ergonomic}
    uintx NonNMethodCodeHeapSize                   = 7602480                                {pd product} {ergonomic}
    uintx NonProfiledCodeHeapSize                  = 122027880                              {pd product} {ergonomic}
    uintx ProfiledCodeHeapSize                     = 122027880                              {pd product} {ergonomic}
    uintx ReservedCodeCacheSize                    = 251658240                              {pd product} {ergonomic}
     bool SegmentedCodeCache                       = true                                      {product} {ergonomic}
     bool ShowCodeDetailsInExceptionMessages       = true                                   {manageable} {command line}
   size_t SoftMaxHeapSize                          = 4127195136                             {manageable} {ergonomic}
     bool UseCompressedClassPointers               = true                           {product lp64_product} {ergonomic}
     bool UseCompressedOops                        = true                           {product lp64_product} {ergonomic}
     bool UseG1GC                                  = true                                      {product} {ergonomic}
     bool UseLargePagesIndividualAllocation        = false                                  {pd product} {ergonomic}

Logging:
Log output configuration:
 #0: stdout all=warning uptime,level,tags
 #1: stderr all=off uptime,level,tags

Environment Variables:
PATH=C:\Program Files\Common Files\Oracle\Java\javapath;C:\Windows\system32;C:\Windows;C:\Windows\System32\Wbem;C:\Windows\System32\WindowsPowerShell\v1.0\;C:\Windows\System32\OpenSSH\;C:\Program Files (x86)\NVIDIA Corporation\PhysX\Common;C:\Program Files\NVIDIA Corporation\NVIDIA NvDLISR;C:\Program Files\MATLAB\R2022a\bin;C:\Program Files\Gradle\gradle-7.4.2\bin;C:\Program Files\Git\cmd;C:\Users\grado\AppData\Local\Microsoft\WindowsApps;C:\Users\grado\AppData\Local\Programs\Microsoft VS Code\bin;C:\Users\grado\AppData\Local\GitHubDesktop\bin
USERNAME=grado
LANG=en_US.UTF-8
OS=Windows_NT
PROCESSOR_IDENTIFIER=AMD64 Family 23 Model 96 Stepping 1, AuthenticAMD



---------------  S Y S T E M  ---------------

OS:
 Windows 10 , 64 bit Build 19041 (10.0.19041.1706)
OS uptime: 11 days 18:40 hours

CPU: total 16 (initial active 16) (16 cores per cpu, 2 threads per core) family 23 model 96 stepping 1 microcode 0x0, cx8, cmov, fxsr, ht, mmx, 3dnowpref, sse, sse2, sse3, ssse3, sse4a, sse4.1, sse4.2, popcnt, lzcnt, tsc, tscinvbit, avx, avx2, aes, clmul, bmi1, bmi2, adx, sha, fma, vzeroupper, clflush, clflushopt

Memory: 4k page, system-wide physical 15741M (8496M free)
TotalPageFile size 36181M (AvailPageFile size 20143M)
current process WorkingSet (physical memory assigned to process): 423M, peak: 476M
current process commit charge ("private bytes"): 650M, peak: 713M

vm_info: OpenJDK 64-Bit Server VM (17.0.1+12) for windows-amd64 JRE (17.0.1+12), built on Oct 20 2021 07:42:55 by "" with MS VC++ 16.7 (VS2019)

END.
