#
# A fatal error has been detected by the Java Runtime Environment:
#
#  EXCEPTION_ACCESS_VIOLATION (0xc0000005) at pc=0x000001a8b3840000, pid=3292, tid=26848
#
# JRE version: OpenJDK Runtime Environment Temurin-17.0.1+12 (17.0.1+12) (build 17.0.1+12)
# Java VM: OpenJDK 64-Bit Server VM Temurin-17.0.1+12 (17.0.1+12, mixed mode, sharing, tiered, compressed oops, compressed class ptrs, g1 gc, windows-amd64)
# Problematic frame:
# C  0x000001a8b3840000
#
# No core dump will be written. Minidumps are not enabled by default on client versions of Windows
#
# If you would like to submit a bug report, please visit:
#   https://github.com/adoptium/adoptium-support/issues
# The crash happened outside the Java Virtual Machine in native code.
# See problematic frame for where to report the bug.
#

---------------  S U M M A R Y ------------

Command Line: -XX:+ShowCodeDetailsInExceptionMessages com.crazyputting3d.Main

Host: AMD Ryzen 7 4800H with Radeon Graphics         , 16 cores, 15G,  Windows 10 , 64 bit Build 19041 (10.0.19041.1706)
Time: Fri Jun 17 19:22:32 2022 Central European Daylight Time elapsed time: 53.342062 seconds (0d 0h 0m 53s)

---------------  T H R E A D  ---------------

Current thread (0x000001a8b5834b40):  JavaThread "main" [_thread_in_native, id=26848, stack(0x00000095a2a00000,0x00000095a2b00000)]

Stack: [0x00000095a2a00000,0x00000095a2b00000],  sp=0x00000095a2afea98,  free space=1018k
Native frames: (J=compiled Java code, j=interpreted, Vv=VM code, C=native code)
C  0x000001a8b3840000

Java frames: (J=compiled Java code, j=interpreted, Vv=VM code)
J 1201  org.lwjgl.system.JNI.invokePV(JJ)V (0 bytes) @ 0x000001a8c4f0686c [0x000001a8c4f06820+0x000000000000004c]
J 2009 c1 org.lwjgl.glfw.GLFW.glfwSwapBuffers(J)V (21 bytes) @ 0x000001a8bddd4c2c [0x000001a8bddd4b40+0x00000000000000ec]
j  com.badlogic.gdx.backends.lwjgl3.Lwjgl3Window.update()Z+196
j  com.badlogic.gdx.backends.lwjgl3.Lwjgl3Application.loop()V+111
j  com.badlogic.gdx.backends.lwjgl3.Lwjgl3Application.<init>(Lcom/badlogic/gdx/ApplicationListener;Lcom/badlogic/gdx/backends/lwjgl3/Lwjgl3ApplicationConfiguration;)V+243
j  com.crazyputting3d.Main.main([Ljava/lang/String;)V+41
v  ~StubRoutines::call_stub

siginfo: EXCEPTION_ACCESS_VIOLATION (0xc0000005), data execution prevention violation at address 0x000001a8b3840000


Register to memory mapping:

RIP=0x000001a8b3840000 is an unknown value
RAX=0x000001a8b3840000 is an unknown value
RBX=0x0000000000010001 is an unknown value
RCX=0x0000000000010001 is an unknown value
RDX=0x00000095a2afead0 is pointing into the stack for thread: 0x000001a8b5834b40
RSP=0x00000095a2afea98 is pointing into the stack for thread: 0x000001a8b5834b40
RBP=0x00000095a2afeba0 is pointing into the stack for thread: 0x000001a8b5834b40
RSI=0x0000000000000110 is an unknown value
RDI=0x0000000000002edc is an unknown value
R8 =0x000001a8da1aba30 points into unknown readable memory: 0x000001a8e3e3c0a0 | a0 c0 e3 e3 a8 01 00 00
R9 =0x00007ffdb1a31b50 glfw.dll
R10=0x00007ffdb1aa1b10 lwjgl.dll
R11=0x00000095a2afef08 is pointing into the stack for thread: 0x000001a8b5834b40
R12=0x0 is NULL
R13=0x00000095a2aff008 is pointing into the stack for thread: 0x000001a8b5834b40
R14=0x00000095a2afef60 is pointing into the stack for thread: 0x000001a8b5834b40
R15=0x000001a8b5834b40 is a thread


Registers:
RAX=0x000001a8b3840000, RBX=0x0000000000010001, RCX=0x0000000000010001, RDX=0x00000095a2afead0
RSP=0x00000095a2afea98, RBP=0x00000095a2afeba0, RSI=0x0000000000000110, RDI=0x0000000000002edc
R8 =0x000001a8da1aba30, R9 =0x00007ffdb1a31b50, R10=0x00007ffdb1aa1b10, R11=0x00000095a2afef08
R12=0x0000000000000000, R13=0x00000095a2aff008, R14=0x00000095a2afef60, R15=0x000001a8b5834b40
RIP=0x000001a8b3840000, EFLAGS=0x0000000000010206

Top of Stack: (sp=0x00000095a2afea98)
0x00000095a2afea98:   00007ffdb1a31f7c 00000095a2afeb20
0x00000095a2afeaa8:   000001a8bd309612 41200000a2afeb20
0x00000095a2afeab8:   438c000041700000 0000000000000014
0x00000095a2afeac8:   000001a8db23d7fc 57464c4720656854
0x00000095a2afead8:   7972617262696c20 20746f6e20736920
0x00000095a2afeae8:   696c616974696e69 000001a80064657a
0x00000095a2afeaf8:   000001a8c4f01305 000000070b237178
0x00000095a2afeb08:   000001a8e509a758 000000070b22e080
0x00000095a2afeb18:   00000095a2afeb30 000000070b165d88
0x00000095a2afeb28:   000001a8c50a4968 000000070b17add0
0x00000095a2afeb38:   000000070b165b78 0000000700000000
0x00000095a2afeb48:   000000070b17aba8 000000070b22e080
0x00000095a2afeb58:   000001a8e509abd0 000000070b165bd8
0x00000095a2afeb68:   000001a8bdc68cfc 000000070b165d88
0x00000095a2afeb78:   0000000000000000 00000095a2afebe8
0x00000095a2afeb88:   00000095a2afec60 000001a8bd309962 

Instructions: (pc=0x000001a8b3840000)
0x000001a8b383ff00:   ?? ?? ?? ?? ?? ?? ?? ?? ?? ?? ?? ?? ?? ?? ?? ??
0x000001a8b383ff10:   ?? ?? ?? ?? ?? ?? ?? ?? ?? ?? ?? ?? ?? ?? ?? ??
0x000001a8b383ff20:   ?? ?? ?? ?? ?? ?? ?? ?? ?? ?? ?? ?? ?? ?? ?? ??
0x000001a8b383ff30:   ?? ?? ?? ?? ?? ?? ?? ?? ?? ?? ?? ?? ?? ?? ?? ??
0x000001a8b383ff40:   ?? ?? ?? ?? ?? ?? ?? ?? ?? ?? ?? ?? ?? ?? ?? ??
0x000001a8b383ff50:   ?? ?? ?? ?? ?? ?? ?? ?? ?? ?? ?? ?? ?? ?? ?? ??
0x000001a8b383ff60:   ?? ?? ?? ?? ?? ?? ?? ?? ?? ?? ?? ?? ?? ?? ?? ??
0x000001a8b383ff70:   ?? ?? ?? ?? ?? ?? ?? ?? ?? ?? ?? ?? ?? ?? ?? ??
0x000001a8b383ff80:   ?? ?? ?? ?? ?? ?? ?? ?? ?? ?? ?? ?? ?? ?? ?? ??
0x000001a8b383ff90:   ?? ?? ?? ?? ?? ?? ?? ?? ?? ?? ?? ?? ?? ?? ?? ??
0x000001a8b383ffa0:   ?? ?? ?? ?? ?? ?? ?? ?? ?? ?? ?? ?? ?? ?? ?? ??
0x000001a8b383ffb0:   ?? ?? ?? ?? ?? ?? ?? ?? ?? ?? ?? ?? ?? ?? ?? ??
0x000001a8b383ffc0:   ?? ?? ?? ?? ?? ?? ?? ?? ?? ?? ?? ?? ?? ?? ?? ??
0x000001a8b383ffd0:   ?? ?? ?? ?? ?? ?? ?? ?? ?? ?? ?? ?? ?? ?? ?? ??
0x000001a8b383ffe0:   ?? ?? ?? ?? ?? ?? ?? ?? ?? ?? ?? ?? ?? ?? ?? ??
0x000001a8b383fff0:   ?? ?? ?? ?? ?? ?? ?? ?? ?? ?? ?? ?? ?? ?? ?? ??
0x000001a8b3840000:   ?? ?? ?? ?? ?? ?? ?? ?? ?? ?? ?? ?? ?? ?? ?? ??
0x000001a8b3840010:   ?? ?? ?? ?? ?? ?? ?? ?? ?? ?? ?? ?? ?? ?? ?? ??
0x000001a8b3840020:   ?? ?? ?? ?? ?? ?? ?? ?? ?? ?? ?? ?? ?? ?? ?? ??
0x000001a8b3840030:   ?? ?? ?? ?? ?? ?? ?? ?? ?? ?? ?? ?? ?? ?? ?? ??
0x000001a8b3840040:   ?? ?? ?? ?? ?? ?? ?? ?? ?? ?? ?? ?? ?? ?? ?? ??
0x000001a8b3840050:   ?? ?? ?? ?? ?? ?? ?? ?? ?? ?? ?? ?? ?? ?? ?? ??
0x000001a8b3840060:   ?? ?? ?? ?? ?? ?? ?? ?? ?? ?? ?? ?? ?? ?? ?? ??
0x000001a8b3840070:   ?? ?? ?? ?? ?? ?? ?? ?? ?? ?? ?? ?? ?? ?? ?? ??
0x000001a8b3840080:   ?? ?? ?? ?? ?? ?? ?? ?? ?? ?? ?? ?? ?? ?? ?? ??
0x000001a8b3840090:   ?? ?? ?? ?? ?? ?? ?? ?? ?? ?? ?? ?? ?? ?? ?? ??
0x000001a8b38400a0:   ?? ?? ?? ?? ?? ?? ?? ?? ?? ?? ?? ?? ?? ?? ?? ??
0x000001a8b38400b0:   ?? ?? ?? ?? ?? ?? ?? ?? ?? ?? ?? ?? ?? ?? ?? ??
0x000001a8b38400c0:   ?? ?? ?? ?? ?? ?? ?? ?? ?? ?? ?? ?? ?? ?? ?? ??
0x000001a8b38400d0:   ?? ?? ?? ?? ?? ?? ?? ?? ?? ?? ?? ?? ?? ?? ?? ??
0x000001a8b38400e0:   ?? ?? ?? ?? ?? ?? ?? ?? ?? ?? ?? ?? ?? ?? ?? ??
0x000001a8b38400f0:   ?? ?? ?? ?? ?? ?? ?? ?? ?? ?? ?? ?? ?? ?? ?? ?? 


Stack slot to memory mapping:
stack at sp + 0 slots: 0x00007ffdb1a31f7c glfw.dll
stack at sp + 1 slots: 0x00000095a2afeb20 is pointing into the stack for thread: 0x000001a8b5834b40
stack at sp + 2 slots: 0x000001a8bd309612 is at code_begin+1394 in an Interpreter codelet
return entry points  [0x000001a8bd3090a0, 0x000001a8bd309ba0]  2816 bytes
stack at sp + 3 slots: 0x41200000a2afeb20 is an unknown value
stack at sp + 4 slots: 0x438c000041700000 is an unknown value
stack at sp + 5 slots: 0x0000000000000014 is an unknown value
stack at sp + 6 slots: 0x000001a8db23d7fc points into unknown readable memory: 00 80 0d 3f
stack at sp + 7 slots: 0x57464c4720656854 is an unknown value


---------------  P R O C E S S  ---------------

Threads class SMR info:
_java_thread_list=0x000001a8dcb8d3a0, length=34, elements={
0x000001a8b5834b40, 0x000001a8d8d2b650, 0x000001a8d8d2d2d0, 0x000001a8d8d43c60,
0x000001a8d8d44610, 0x000001a8d8d44fc0, 0x000001a8d8d4d290, 0x000001a8d8d4df70,
0x000001a8d8d4ea10, 0x000001a8d9808070, 0x000001a8d992ba40, 0x000001a8d992bf10,
0x000001a8d992c3e0, 0x000001a8d992b0a0, 0x000001a8d992a700, 0x000001a8d9929d60,
0x000001a8d992d250, 0x000001a8d992b570, 0x000001a8d992a230, 0x000001a8d992abd0,
0x000001a8d9929890, 0x000001a8d9de9d60, 0x000001a8d9deabd0, 0x000001a8d9de6870,
0x000001a8d9de8a20, 0x000001a8d9de63a0, 0x000001a8d9de8ef0, 0x000001a8d9deb570,
0x000001a8d9dea230, 0x000001a8d9dea700, 0x000001a8d9de93c0, 0x000001a8d9de6d40,
0x000001a8d9deb0a0, 0x000001a8d9de8550
}

Java Threads: ( => current thread )
=>0x000001a8b5834b40 JavaThread "main" [_thread_in_native, id=26848, stack(0x00000095a2a00000,0x00000095a2b00000)]
  0x000001a8d8d2b650 JavaThread "Reference Handler" daemon [_thread_blocked, id=20592, stack(0x00000095a3100000,0x00000095a3200000)]
  0x000001a8d8d2d2d0 JavaThread "Finalizer" daemon [_thread_blocked, id=19436, stack(0x00000095a3200000,0x00000095a3300000)]
  0x000001a8d8d43c60 JavaThread "Signal Dispatcher" daemon [_thread_blocked, id=27384, stack(0x00000095a3300000,0x00000095a3400000)]
  0x000001a8d8d44610 JavaThread "Attach Listener" daemon [_thread_blocked, id=26612, stack(0x00000095a3400000,0x00000095a3500000)]
  0x000001a8d8d44fc0 JavaThread "Service Thread" daemon [_thread_blocked, id=27024, stack(0x00000095a3500000,0x00000095a3600000)]
  0x000001a8d8d4d290 JavaThread "Monitor Deflation Thread" daemon [_thread_blocked, id=564, stack(0x00000095a3600000,0x00000095a3700000)]
  0x000001a8d8d4df70 JavaThread "C2 CompilerThread0" daemon [_thread_blocked, id=26964, stack(0x00000095a3700000,0x00000095a3800000)]
  0x000001a8d8d4ea10 JavaThread "C1 CompilerThread0" daemon [_thread_blocked, id=22976, stack(0x00000095a3800000,0x00000095a3900000)]
  0x000001a8d9808070 JavaThread "Sweeper thread" daemon [_thread_blocked, id=12472, stack(0x00000095a3900000,0x00000095a3a00000)]
  0x000001a8d992ba40 JavaThread "Notification Thread" daemon [_thread_blocked, id=24156, stack(0x00000095a3c00000,0x00000095a3d00000)]
  0x000001a8d992bf10 JavaThread "Common-Cleaner" daemon [_thread_blocked, id=13388, stack(0x00000095a3e00000,0x00000095a3f00000)]
  0x000001a8d992c3e0 JavaThread "LWJGL3 Timer" daemon [_thread_blocked, id=24324, stack(0x00000095a4d00000,0x00000095a4e00000)]
  0x000001a8d992b0a0 JavaThread "LWJGL3 Timer" daemon [_thread_blocked, id=10084, stack(0x00000095a5d00000,0x00000095a5e00000)]
  0x000001a8d992a700 JavaThread "Java Sound Event Dispatcher" daemon [_thread_blocked, id=23724, stack(0x00000095a5e00000,0x00000095a5f00000)]
  0x000001a8d9929d60 JavaThread "Direct Clip" daemon [_thread_blocked, id=25568, stack(0x00000095a6300000,0x00000095a6400000)]
  0x000001a8d992d250 JavaThread "Direct Clip" daemon [_thread_blocked, id=27524, stack(0x00000095a3b00000,0x00000095a3c00000)]
  0x000001a8d992b570 JavaThread "Direct Clip" daemon [_thread_blocked, id=14720, stack(0x00000095a5200000,0x00000095a5300000)]
  0x000001a8d992a230 JavaThread "Direct Clip" daemon [_thread_blocked, id=19040, stack(0x00000095a5400000,0x00000095a5500000)]
  0x000001a8d992abd0 JavaThread "Direct Clip" daemon [_thread_blocked, id=5148, stack(0x00000095a6000000,0x00000095a6100000)]
  0x000001a8d9929890 JavaThread "Direct Clip" daemon [_thread_blocked, id=20876, stack(0x00000095a6100000,0x00000095a6200000)]
  0x000001a8d9de9d60 JavaThread "Direct Clip" daemon [_thread_blocked, id=19540, stack(0x00000095a6500000,0x00000095a6600000)]
  0x000001a8d9deabd0 JavaThread "Direct Clip" daemon [_thread_blocked, id=11920, stack(0x00000095a6600000,0x00000095a6700000)]
  0x000001a8d9de6870 JavaThread "Direct Clip" daemon [_thread_blocked, id=10052, stack(0x00000095a6700000,0x00000095a6800000)]
  0x000001a8d9de8a20 JavaThread "Direct Clip" daemon [_thread_blocked, id=24240, stack(0x00000095a6800000,0x00000095a6900000)]
  0x000001a8d9de63a0 JavaThread "Direct Clip" daemon [_thread_blocked, id=15304, stack(0x00000095a6a00000,0x00000095a6b00000)]
  0x000001a8d9de8ef0 JavaThread "Direct Clip" daemon [_thread_blocked, id=24524, stack(0x00000095a6b00000,0x00000095a6c00000)]
  0x000001a8d9deb570 JavaThread "Direct Clip" daemon [_thread_blocked, id=18220, stack(0x00000095a6c00000,0x00000095a6d00000)]
  0x000001a8d9dea230 JavaThread "Direct Clip" daemon [_thread_blocked, id=6904, stack(0x00000095a6900000,0x00000095a6a00000)]
  0x000001a8d9dea700 JavaThread "Direct Clip" daemon [_thread_blocked, id=11592, stack(0x00000095a6e00000,0x00000095a6f00000)]
  0x000001a8d9de93c0 JavaThread "Direct Clip" daemon [_thread_blocked, id=26240, stack(0x00000095a6f00000,0x00000095a7000000)]
  0x000001a8d9de6d40 JavaThread "Direct Clip" daemon [_thread_blocked, id=13456, stack(0x00000095a7000000,0x00000095a7100000)]
  0x000001a8d9deb0a0 JavaThread "Direct Clip" daemon [_thread_blocked, id=10704, stack(0x00000095a7100000,0x00000095a7200000)]
  0x000001a8d9de8550 JavaThread "Direct Clip" daemon [_thread_blocked, id=7516, stack(0x00000095a7200000,0x00000095a7300000)]

Other Threads:
  0x000001a8d8d22b40 VMThread "VM Thread" [stack: 0x00000095a3000000,0x00000095a3100000] [id=21000]
  0x000001a8d992dc60 WatcherThread [stack: 0x00000095a3d00000,0x00000095a3e00000] [id=24312]
  0x000001a8b588bd10 GCTaskThread "GC Thread#0" [stack: 0x00000095a2b00000,0x00000095a2c00000] [id=8008]
  0x000001a8dcb48790 GCTaskThread "GC Thread#1" [stack: 0x00000095a4700000,0x00000095a4800000] [id=9296]
  0x000001a8dcb46750 GCTaskThread "GC Thread#2" [stack: 0x00000095a4800000,0x00000095a4900000] [id=24436]
  0x000001a8dcb48a40 GCTaskThread "GC Thread#3" [stack: 0x00000095a4900000,0x00000095a4a00000] [id=19656]
  0x000001a8dcb45f40 GCTaskThread "GC Thread#4" [stack: 0x00000095a4a00000,0x00000095a4b00000] [id=25336]
  0x000001a8dcb49250 GCTaskThread "GC Thread#5" [stack: 0x00000095a4b00000,0x00000095a4c00000] [id=20280]
  0x000001a8dcb49500 GCTaskThread "GC Thread#6" [stack: 0x00000095a4c00000,0x00000095a4d00000] [id=20368]
  0x000001a8e436c4b0 GCTaskThread "GC Thread#7" [stack: 0x00000095a5600000,0x00000095a5700000] [id=13252]
  0x000001a8e4b6c820 GCTaskThread "GC Thread#8" [stack: 0x00000095a3a00000,0x00000095a3b00000] [id=23656]
  0x000001a8b589d170 ConcurrentGCThread "G1 Main Marker" [stack: 0x00000095a2c00000,0x00000095a2d00000] [id=26544]
  0x000001a8b589da80 ConcurrentGCThread "G1 Conc#0" [stack: 0x00000095a2d00000,0x00000095a2e00000] [id=19708]
  0x000001a8d8bc20c0 ConcurrentGCThread "G1 Refine#0" [stack: 0x00000095a2e00000,0x00000095a2f00000] [id=20624]
  0x000001a8e48f0650 ConcurrentGCThread "G1 Refine#1" [stack: 0x00000095a5700000,0x00000095a5800000] [id=20612]
  0x000001a8e49daca0 ConcurrentGCThread "G1 Refine#2" [stack: 0x00000095a5800000,0x00000095a5900000] [id=27104]
  0x000001a8e49fb5d0 ConcurrentGCThread "G1 Refine#3" [stack: 0x00000095a5900000,0x00000095a5a00000] [id=7308]
  0x000001a8e4ae17e0 ConcurrentGCThread "G1 Refine#4" [stack: 0x00000095a5a00000,0x00000095a5b00000] [id=18196]
  0x000001a8e4a0e940 ConcurrentGCThread "G1 Refine#5" [stack: 0x00000095a5b00000,0x00000095a5c00000] [id=21048]
  0x000001a8e4a0ec20 ConcurrentGCThread "G1 Refine#6" [stack: 0x00000095a5c00000,0x00000095a5d00000] [id=19144]
  0x000001a8d8bc29e0 ConcurrentGCThread "G1 Service" [stack: 0x00000095a2f00000,0x00000095a3000000] [id=7120]

Threads with active compile tasks:

VM state: not at safepoint (normal execution)

VM Mutex/Monitor currently owned by a thread: None

Heap address: 0x000000070a000000, size: 3936 MB, Compressed Oops mode: Zero based, Oop shift amount: 3

CDS archive(s) mapped at: [0x0000000800000000-0x0000000800bc0000-0x0000000800bc0000), size 12320768, SharedBaseAddress: 0x0000000800000000, ArchiveRelocationMode: 0.
Compressed class space mapped at: 0x0000000800c00000-0x0000000840c00000, reserved size: 1073741824
Narrow klass base: 0x0000000800000000, Narrow klass shift: 0, Narrow klass range: 0x100000000

GC Precious Log:
 CPUs: 16 total, 16 available
 Memory: 15741M
 Large Page Support: Disabled
 NUMA Support: Disabled
 Compressed Oops: Enabled (Zero based)
 Heap Region Size: 2M
 Heap Min Capacity: 8M
 Heap Initial Capacity: 246M
 Heap Max Capacity: 3936M
 Pre-touch: Disabled
 Parallel Workers: 13
 Concurrent Workers: 3
 Concurrent Refinement Workers: 13
 Periodic GC: Disabled

Heap:
 garbage-first heap   total 251904K, used 169381K [0x000000070a000000, 0x0000000800000000)
  region size 2048K, 39 young (79872K), 3 survivors (6144K)
 Metaspace       used 10547K, committed 10688K, reserved 1064960K
  class space    used 743K, committed 832K, reserved 1048576K

Heap Regions: E=young(eden), S=young(survivor), O=old, HS=humongous(starts), HC=humongous(continues), CS=collection set, F=free, OA=open archive, CA=closed archive, TAMS=top-at-mark-start (previous, next)
|   0|0x000000070a000000, 0x000000070a200000, 0x000000070a200000|100%| O|  |TAMS 0x000000070a000000, 0x000000070a000000| Untracked 
|   1|0x000000070a200000, 0x000000070a400000, 0x000000070a400000|100%|HS|  |TAMS 0x000000070a200000, 0x000000070a200000| Complete 
|   2|0x000000070a400000, 0x000000070a600000, 0x000000070a600000|100%|HS|  |TAMS 0x000000070a400000, 0x000000070a400000| Complete 
|   3|0x000000070a600000, 0x000000070a800000, 0x000000070a800000|100%|HS|  |TAMS 0x000000070a600000, 0x000000070a600000| Complete 
|   4|0x000000070a800000, 0x000000070aa00000, 0x000000070aa00000|100%| O|  |TAMS 0x000000070a800000, 0x000000070a800000| Untracked 
|   5|0x000000070aa00000, 0x000000070ac00000, 0x000000070ac00000|100%| O|  |TAMS 0x000000070aa00000, 0x000000070aa00000| Untracked 
|   6|0x000000070ac00000, 0x000000070ae00000, 0x000000070ae00000|100%| O|  |TAMS 0x000000070ac00000, 0x000000070ac00000| Untracked 
|   7|0x000000070ae00000, 0x000000070b000000, 0x000000070b000000|100%| O|  |TAMS 0x000000070ae00000, 0x000000070ae00000| Untracked 
|   8|0x000000070b000000, 0x000000070b200000, 0x000000070b200000|100%| O|  |TAMS 0x000000070b000000, 0x000000070b000000| Untracked 
|   9|0x000000070b200000, 0x000000070b400000, 0x000000070b400000|100%| O|  |TAMS 0x000000070b200000, 0x000000070b200000| Untracked 
|  10|0x000000070b400000, 0x000000070b600000, 0x000000070b600000|100%| O|  |TAMS 0x000000070b400000, 0x000000070b400000| Untracked 
|  11|0x000000070b600000, 0x000000070b800000, 0x000000070b800000|100%|HS|  |TAMS 0x000000070b600000, 0x000000070b600000| Complete 
|  12|0x000000070b800000, 0x000000070ba00000, 0x000000070ba00000|100%|HS|  |TAMS 0x000000070b800000, 0x000000070b800000| Complete 
|  13|0x000000070ba00000, 0x000000070bc00000, 0x000000070bc00000|100%|HS|  |TAMS 0x000000070ba00000, 0x000000070ba00000| Complete 
|  14|0x000000070bc00000, 0x000000070be00000, 0x000000070be00000|100%|HS|  |TAMS 0x000000070bc00000, 0x000000070bc00000| Complete 
|  15|0x000000070be00000, 0x000000070c000000, 0x000000070c000000|100%|HS|  |TAMS 0x000000070be00000, 0x000000070be00000| Complete 
|  16|0x000000070c000000, 0x000000070c200000, 0x000000070c200000|100%|HS|  |TAMS 0x000000070c000000, 0x000000070c000000| Complete 
|  17|0x000000070c200000, 0x000000070c400000, 0x000000070c400000|100%|HS|  |TAMS 0x000000070c200000, 0x000000070c200000| Complete 
|  18|0x000000070c400000, 0x000000070c600000, 0x000000070c600000|100%|HS|  |TAMS 0x000000070c400000, 0x000000070c400000| Complete 
|  19|0x000000070c600000, 0x000000070c800000, 0x000000070c800000|100%|HS|  |TAMS 0x000000070c600000, 0x000000070c600000| Complete 
|  20|0x000000070c800000, 0x000000070ca00000, 0x000000070ca00000|100%|HS|  |TAMS 0x000000070c800000, 0x000000070c800000| Complete 
|  21|0x000000070ca00000, 0x000000070cc00000, 0x000000070cc00000|100%|HS|  |TAMS 0x000000070ca00000, 0x000000070ca00000| Complete 
|  22|0x000000070cc00000, 0x000000070ce00000, 0x000000070ce00000|100%|HS|  |TAMS 0x000000070cc00000, 0x000000070cc00000| Complete 
|  23|0x000000070ce00000, 0x000000070d000000, 0x000000070d000000|100%|HS|  |TAMS 0x000000070ce00000, 0x000000070ce00000| Complete 
|  24|0x000000070d000000, 0x000000070d200000, 0x000000070d200000|100%|HS|  |TAMS 0x000000070d000000, 0x000000070d000000| Complete 
|  25|0x000000070d200000, 0x000000070d400000, 0x000000070d400000|100%|HS|  |TAMS 0x000000070d200000, 0x000000070d200000| Complete 
|  26|0x000000070d400000, 0x000000070d600000, 0x000000070d600000|100%|HS|  |TAMS 0x000000070d400000, 0x000000070d400000| Complete 
|  27|0x000000070d600000, 0x000000070d800000, 0x000000070d800000|100%|HS|  |TAMS 0x000000070d600000, 0x000000070d600000| Complete 
|  28|0x000000070d800000, 0x000000070da00000, 0x000000070da00000|100%|HS|  |TAMS 0x000000070d800000, 0x000000070d800000| Complete 
|  29|0x000000070da00000, 0x000000070dc00000, 0x000000070dc00000|100%|HS|  |TAMS 0x000000070da00000, 0x000000070da00000| Complete 
|  30|0x000000070dc00000, 0x000000070de00000, 0x000000070de00000|100%|HS|  |TAMS 0x000000070dc00000, 0x000000070dc00000| Complete 
|  31|0x000000070de00000, 0x000000070e000000, 0x000000070e000000|100%|HS|  |TAMS 0x000000070de00000, 0x000000070de00000| Complete 
|  32|0x000000070e000000, 0x000000070e200000, 0x000000070e200000|100%|HS|  |TAMS 0x000000070e000000, 0x000000070e000000| Complete 
|  33|0x000000070e200000, 0x000000070e400000, 0x000000070e400000|100%|HS|  |TAMS 0x000000070e200000, 0x000000070e200000| Complete 
|  34|0x000000070e400000, 0x000000070e600000, 0x000000070e600000|100%|HS|  |TAMS 0x000000070e400000, 0x000000070e400000| Complete 
|  35|0x000000070e600000, 0x000000070e800000, 0x000000070e800000|100%|HS|  |TAMS 0x000000070e600000, 0x000000070e600000| Complete 
|  36|0x000000070e800000, 0x000000070ea00000, 0x000000070ea00000|100%|HS|  |TAMS 0x000000070e800000, 0x000000070e800000| Complete 
|  37|0x000000070ea00000, 0x000000070ec00000, 0x000000070ec00000|100%|HS|  |TAMS 0x000000070ea00000, 0x000000070ea00000| Complete 
|  38|0x000000070ec00000, 0x000000070ee00000, 0x000000070ee00000|100%| O|  |TAMS 0x000000070ec00000, 0x000000070ec00000| Untracked 
|  39|0x000000070ee00000, 0x000000070f000000, 0x000000070f000000|100%| O|  |TAMS 0x000000070ee00000, 0x000000070ee00000| Untracked 
|  40|0x000000070f000000, 0x000000070f200000, 0x000000070f200000|100%| O|  |TAMS 0x000000070f000000, 0x000000070f000000| Untracked 
|  41|0x000000070f200000, 0x000000070f400000, 0x000000070f400000|100%| O|  |TAMS 0x000000070f200000, 0x000000070f200000| Untracked 
|  42|0x000000070f400000, 0x000000070f400000, 0x000000070f600000|  0%| F|  |TAMS 0x000000070f400000, 0x000000070f400000| Untracked 
|  43|0x000000070f600000, 0x000000070f600000, 0x000000070f800000|  0%| F|  |TAMS 0x000000070f600000, 0x000000070f600000| Untracked 
|  44|0x000000070f800000, 0x000000070f800000, 0x000000070fa00000|  0%| F|  |TAMS 0x000000070f800000, 0x000000070f800000| Untracked 
|  45|0x000000070fa00000, 0x000000070fa00000, 0x000000070fc00000|  0%| F|  |TAMS 0x000000070fa00000, 0x000000070fa00000| Untracked 
|  46|0x000000070fc00000, 0x000000070fc00000, 0x000000070fe00000|  0%| F|  |TAMS 0x000000070fc00000, 0x000000070fc00000| Untracked 
|  47|0x000000070fe00000, 0x000000070fe00000, 0x0000000710000000|  0%| F|  |TAMS 0x000000070fe00000, 0x000000070fe00000| Untracked 
|  48|0x0000000710000000, 0x0000000710000000, 0x0000000710200000|  0%| F|  |TAMS 0x0000000710000000, 0x0000000710000000| Untracked 
|  49|0x0000000710200000, 0x0000000710200000, 0x0000000710400000|  0%| F|  |TAMS 0x0000000710200000, 0x0000000710200000| Untracked 
|  50|0x0000000710400000, 0x0000000710600000, 0x0000000710600000|100%| O|  |TAMS 0x0000000710400000, 0x0000000710400000| Untracked 
|  51|0x0000000710600000, 0x0000000710800000, 0x0000000710800000|100%| O|  |TAMS 0x0000000710600000, 0x0000000710600000| Untracked 
|  52|0x0000000710800000, 0x0000000710a00000, 0x0000000710a00000|100%| O|  |TAMS 0x0000000710800000, 0x0000000710800000| Untracked 
|  53|0x0000000710a00000, 0x0000000710b06c00, 0x0000000710c00000| 51%| O|  |TAMS 0x0000000710a00000, 0x0000000710a00000| Untracked 
|  54|0x0000000710c00000, 0x0000000710c00000, 0x0000000710e00000|  0%| F|  |TAMS 0x0000000710c00000, 0x0000000710c00000| Untracked 
|  55|0x0000000710e00000, 0x0000000710e00000, 0x0000000711000000|  0%| F|  |TAMS 0x0000000710e00000, 0x0000000710e00000| Untracked 
|  56|0x0000000711000000, 0x0000000711000000, 0x0000000711200000|  0%| F|  |TAMS 0x0000000711000000, 0x0000000711000000| Untracked 
|  57|0x0000000711200000, 0x0000000711200000, 0x0000000711400000|  0%| F|  |TAMS 0x0000000711200000, 0x0000000711200000| Untracked 
|  58|0x0000000711400000, 0x0000000711400000, 0x0000000711600000|  0%| F|  |TAMS 0x0000000711400000, 0x0000000711400000| Untracked 
|  59|0x0000000711600000, 0x0000000711600000, 0x0000000711800000|  0%| F|  |TAMS 0x0000000711600000, 0x0000000711600000| Untracked 
|  60|0x0000000711800000, 0x0000000711800000, 0x0000000711a00000|  0%| F|  |TAMS 0x0000000711800000, 0x0000000711800000| Untracked 
|  61|0x0000000711a00000, 0x0000000711a00000, 0x0000000711c00000|  0%| F|  |TAMS 0x0000000711a00000, 0x0000000711a00000| Untracked 
|  62|0x0000000711c00000, 0x0000000711c00000, 0x0000000711e00000|  0%| F|  |TAMS 0x0000000711c00000, 0x0000000711c00000| Untracked 
|  63|0x0000000711e00000, 0x0000000711e00000, 0x0000000712000000|  0%| F|  |TAMS 0x0000000711e00000, 0x0000000711e00000| Untracked 
|  64|0x0000000712000000, 0x0000000712000000, 0x0000000712200000|  0%| F|  |TAMS 0x0000000712000000, 0x0000000712000000| Untracked 
|  65|0x0000000712200000, 0x0000000712200000, 0x0000000712400000|  0%| F|  |TAMS 0x0000000712200000, 0x0000000712200000| Untracked 
|  66|0x0000000712400000, 0x0000000712400000, 0x0000000712600000|  0%| F|  |TAMS 0x0000000712400000, 0x0000000712400000| Untracked 
|  67|0x0000000712600000, 0x0000000712600000, 0x0000000712800000|  0%| F|  |TAMS 0x0000000712600000, 0x0000000712600000| Untracked 
|  68|0x0000000712800000, 0x0000000712862b80, 0x0000000712a00000| 19%| S|CS|TAMS 0x0000000712800000, 0x0000000712800000| Complete 
|  69|0x0000000712a00000, 0x0000000712c00000, 0x0000000712c00000|100%| S|CS|TAMS 0x0000000712a00000, 0x0000000712a00000| Complete 
|  70|0x0000000712c00000, 0x0000000712e00000, 0x0000000712e00000|100%| S|CS|TAMS 0x0000000712c00000, 0x0000000712c00000| Complete 
|  71|0x0000000712e00000, 0x0000000712e00000, 0x0000000713000000|  0%| F|  |TAMS 0x0000000712e00000, 0x0000000712e00000| Untracked 
|  72|0x0000000713000000, 0x0000000713000000, 0x0000000713200000|  0%| F|  |TAMS 0x0000000713000000, 0x0000000713000000| Untracked 
|  73|0x0000000713200000, 0x0000000713200000, 0x0000000713400000|  0%| F|  |TAMS 0x0000000713200000, 0x0000000713200000| Untracked 
|  74|0x0000000713400000, 0x0000000713400000, 0x0000000713600000|  0%| F|  |TAMS 0x0000000713400000, 0x0000000713400000| Untracked 
|  75|0x0000000713600000, 0x0000000713600000, 0x0000000713800000|  0%| F|  |TAMS 0x0000000713600000, 0x0000000713600000| Untracked 
|  76|0x0000000713800000, 0x0000000713800000, 0x0000000713a00000|  0%| F|  |TAMS 0x0000000713800000, 0x0000000713800000| Untracked 
|  77|0x0000000713a00000, 0x0000000713a00000, 0x0000000713c00000|  0%| F|  |TAMS 0x0000000713a00000, 0x0000000713a00000| Untracked 
|  78|0x0000000713c00000, 0x0000000713c00000, 0x0000000713e00000|  0%| F|  |TAMS 0x0000000713c00000, 0x0000000713c00000| Untracked 
|  79|0x0000000713e00000, 0x0000000713e00000, 0x0000000714000000|  0%| F|  |TAMS 0x0000000713e00000, 0x0000000713e00000| Untracked 
|  80|0x0000000714000000, 0x0000000714000000, 0x0000000714200000|  0%| F|  |TAMS 0x0000000714000000, 0x0000000714000000| Untracked 
|  81|0x0000000714200000, 0x0000000714200000, 0x0000000714400000|  0%| F|  |TAMS 0x0000000714200000, 0x0000000714200000| Untracked 
|  82|0x0000000714400000, 0x0000000714400000, 0x0000000714600000|  0%| F|  |TAMS 0x0000000714400000, 0x0000000714400000| Untracked 
|  83|0x0000000714600000, 0x0000000714600000, 0x0000000714800000|  0%| F|  |TAMS 0x0000000714600000, 0x0000000714600000| Untracked 
|  84|0x0000000714800000, 0x0000000714800000, 0x0000000714a00000|  0%| F|  |TAMS 0x0000000714800000, 0x0000000714800000| Untracked 
|  85|0x0000000714a00000, 0x0000000714a00000, 0x0000000714c00000|  0%| F|  |TAMS 0x0000000714a00000, 0x0000000714a00000| Untracked 
|  86|0x0000000714c00000, 0x0000000714c00000, 0x0000000714e00000|  0%| F|  |TAMS 0x0000000714c00000, 0x0000000714c00000| Untracked 
|  87|0x0000000714e00000, 0x0000000714f045d0, 0x0000000715000000| 50%| E|  |TAMS 0x0000000714e00000, 0x0000000714e00000| Complete 
|  88|0x0000000715000000, 0x0000000715200000, 0x0000000715200000|100%| E|CS|TAMS 0x0000000715000000, 0x0000000715000000| Complete 
|  89|0x0000000715200000, 0x0000000715400000, 0x0000000715400000|100%| E|CS|TAMS 0x0000000715200000, 0x0000000715200000| Complete 
|  90|0x0000000715400000, 0x0000000715600000, 0x0000000715600000|100%| E|CS|TAMS 0x0000000715400000, 0x0000000715400000| Complete 
|  91|0x0000000715600000, 0x0000000715800000, 0x0000000715800000|100%| E|CS|TAMS 0x0000000715600000, 0x0000000715600000| Complete 
|  92|0x0000000715800000, 0x0000000715a00000, 0x0000000715a00000|100%| E|CS|TAMS 0x0000000715800000, 0x0000000715800000| Complete 
|  93|0x0000000715a00000, 0x0000000715c00000, 0x0000000715c00000|100%| E|CS|TAMS 0x0000000715a00000, 0x0000000715a00000| Complete 
|  94|0x0000000715c00000, 0x0000000715e00000, 0x0000000715e00000|100%| E|CS|TAMS 0x0000000715c00000, 0x0000000715c00000| Complete 
|  95|0x0000000715e00000, 0x0000000716000000, 0x0000000716000000|100%| E|CS|TAMS 0x0000000715e00000, 0x0000000715e00000| Complete 
|  96|0x0000000716000000, 0x0000000716200000, 0x0000000716200000|100%| E|CS|TAMS 0x0000000716000000, 0x0000000716000000| Complete 
|  97|0x0000000716200000, 0x0000000716400000, 0x0000000716400000|100%| E|CS|TAMS 0x0000000716200000, 0x0000000716200000| Complete 
|  98|0x0000000716400000, 0x0000000716600000, 0x0000000716600000|100%| E|CS|TAMS 0x0000000716400000, 0x0000000716400000| Complete 
|  99|0x0000000716600000, 0x0000000716800000, 0x0000000716800000|100%| E|CS|TAMS 0x0000000716600000, 0x0000000716600000| Complete 
| 100|0x0000000716800000, 0x0000000716a00000, 0x0000000716a00000|100%| E|CS|TAMS 0x0000000716800000, 0x0000000716800000| Complete 
| 101|0x0000000716a00000, 0x0000000716c00000, 0x0000000716c00000|100%| E|CS|TAMS 0x0000000716a00000, 0x0000000716a00000| Complete 
| 102|0x0000000716c00000, 0x0000000716e00000, 0x0000000716e00000|100%| E|CS|TAMS 0x0000000716c00000, 0x0000000716c00000| Complete 
| 103|0x0000000716e00000, 0x0000000717000000, 0x0000000717000000|100%| E|CS|TAMS 0x0000000716e00000, 0x0000000716e00000| Complete 
| 104|0x0000000717000000, 0x0000000717200000, 0x0000000717200000|100%| E|CS|TAMS 0x0000000717000000, 0x0000000717000000| Complete 
| 105|0x0000000717200000, 0x0000000717400000, 0x0000000717400000|100%| E|CS|TAMS 0x0000000717200000, 0x0000000717200000| Complete 
| 106|0x0000000717400000, 0x0000000717600000, 0x0000000717600000|100%| E|CS|TAMS 0x0000000717400000, 0x0000000717400000| Complete 
| 107|0x0000000717600000, 0x0000000717800000, 0x0000000717800000|100%| E|CS|TAMS 0x0000000717600000, 0x0000000717600000| Complete 
| 108|0x0000000717800000, 0x0000000717a00000, 0x0000000717a00000|100%| E|CS|TAMS 0x0000000717800000, 0x0000000717800000| Complete 
| 109|0x0000000717a00000, 0x0000000717c00000, 0x0000000717c00000|100%| E|CS|TAMS 0x0000000717a00000, 0x0000000717a00000| Complete 
| 110|0x0000000717c00000, 0x0000000717e00000, 0x0000000717e00000|100%| E|CS|TAMS 0x0000000717c00000, 0x0000000717c00000| Complete 
| 111|0x0000000717e00000, 0x0000000718000000, 0x0000000718000000|100%| E|CS|TAMS 0x0000000717e00000, 0x0000000717e00000| Complete 
| 112|0x0000000718000000, 0x0000000718200000, 0x0000000718200000|100%| E|CS|TAMS 0x0000000718000000, 0x0000000718000000| Complete 
| 113|0x0000000718200000, 0x0000000718400000, 0x0000000718400000|100%| E|CS|TAMS 0x0000000718200000, 0x0000000718200000| Complete 
| 114|0x0000000718400000, 0x0000000718600000, 0x0000000718600000|100%| E|CS|TAMS 0x0000000718400000, 0x0000000718400000| Complete 
| 115|0x0000000718600000, 0x0000000718800000, 0x0000000718800000|100%| E|CS|TAMS 0x0000000718600000, 0x0000000718600000| Complete 
| 116|0x0000000718800000, 0x0000000718a00000, 0x0000000718a00000|100%| E|CS|TAMS 0x0000000718800000, 0x0000000718800000| Complete 
| 117|0x0000000718a00000, 0x0000000718c00000, 0x0000000718c00000|100%| E|CS|TAMS 0x0000000718a00000, 0x0000000718a00000| Complete 
| 118|0x0000000718c00000, 0x0000000718e00000, 0x0000000718e00000|100%| E|CS|TAMS 0x0000000718c00000, 0x0000000718c00000| Complete 
| 119|0x0000000718e00000, 0x0000000719000000, 0x0000000719000000|100%| E|CS|TAMS 0x0000000718e00000, 0x0000000718e00000| Complete 
| 120|0x0000000719000000, 0x0000000719200000, 0x0000000719200000|100%| E|CS|TAMS 0x0000000719000000, 0x0000000719000000| Complete 
| 121|0x0000000719200000, 0x0000000719400000, 0x0000000719400000|100%| E|CS|TAMS 0x0000000719200000, 0x0000000719200000| Complete 
| 122|0x0000000719400000, 0x0000000719600000, 0x0000000719600000|100%| E|CS|TAMS 0x0000000719400000, 0x0000000719400000| Complete 

Card table byte_map: [0x000001a8cd330000,0x000001a8cdae0000] _byte_map_base: 0x000001a8c9ae0000

Marking Bits (Prev, Next): (CMBitMap*) 0x000001a8b588d240, (CMBitMap*) 0x000001a8b588d280
 Prev Bits: [0x000001a8ce290000, 0x000001a8d2010000)
 Next Bits: [0x000001a8d2010000, 0x000001a8d5d90000)

Polling page: 0x000001a8b37c0000

Metaspace:

Usage:
  Non-class:      9.57 MB used.
      Class:    743.70 KB used.
       Both:     10.30 MB used.

Virtual space:
  Non-class space:       16.00 MB reserved,       9.62 MB ( 60%) committed,  2 nodes.
      Class space:        1.00 GB reserved,     832.00 KB ( <1%) committed,  1 nodes.
             Both:        1.02 GB reserved,      10.44 MB (  1%) committed. 

Chunk freelists:
   Non-Class:  576.00 KB
       Class:  3.16 MB
        Both:  3.73 MB

MaxMetaspaceSize: unlimited
CompressedClassSpaceSize: 1.00 GB
Initial GC threshold: 21.00 MB
Current GC threshold: 21.00 MB
CDS: on
MetaspaceReclaimPolicy: balanced
 - commit_granule_bytes: 65536.
 - commit_granule_words: 8192.
 - virtual_space_node_default_size: 1048576.
 - enlarge_chunks_in_place: 1.
 - new_chunks_are_fully_committed: 0.
 - uncommit_free_chunks: 1.
 - use_allocation_guard: 0.
 - handle_deallocations: 1.


Internal statistics:

num_allocs_failed_limit: 0.
num_arena_births: 60.
num_arena_deaths: 0.
num_vsnodes_births: 3.
num_vsnodes_deaths: 0.
num_space_committed: 165.
num_space_uncommitted: 0.
num_chunks_returned_to_freelist: 0.
num_chunks_taken_from_freelist: 349.
num_chunk_merges: 0.
num_chunk_splits: 287.
num_chunks_enlarged: 253.
num_purges: 0.
num_inconsistent_stats: 0.

CodeHeap 'non-profiled nmethods': size=119168Kb used=2332Kb max_used=2332Kb free=116835Kb
 bounds [0x000001a8c4ea0000, 0x000001a8c5110000, 0x000001a8cc300000]
CodeHeap 'profiled nmethods': size=119104Kb used=4472Kb max_used=4472Kb free=114631Kb
 bounds [0x000001a8bda50000, 0x000001a8bdeb0000, 0x000001a8c4ea0000]
CodeHeap 'non-nmethods': size=7488Kb used=1663Kb max_used=3388Kb free=5825Kb
 bounds [0x000001a8bd300000, 0x000001a8bd660000, 0x000001a8bda50000]
 total_blobs=3638 nmethods=2528 adapters=1023
 compilation: enabled
              stopped_count=0, restarted_count=0
 full_count=0

Compilation events (20 events):
Event: 49.319 Thread 0x000001a8d8d4df70 2521       4       com.badlogic.gdx.graphics.PerspectiveCamera::update (139 bytes)
Event: 49.327 Thread 0x000001a8d8d4df70 nmethod 2521 0x000001a8c50df310 code [0x000001a8c50df600, 0x000001a8c50e0070]
Event: 49.390 Thread 0x000001a8d8d4df70 2522       4       com.badlogic.gdx.math.Matrix4::inv (1502 bytes)
Event: 49.399 Thread 0x000001a8d8d4df70 nmethod 2522 0x000001a8c50e0810 code [0x000001a8c50e09c0, 0x000001a8c50e1288]
Event: 49.956 Thread 0x000001a8d8d4ea10 2523  s    3       com.badlogic.gdx.InputEventQueue::keyTyped (23 bytes)
Event: 49.956 Thread 0x000001a8d8d4ea10 nmethod 2523 0x000001a8bdea9d10 code [0x000001a8bdea9f00, 0x000001a8bdeaa298]
Event: 50.882 Thread 0x000001a8d8d4df70 2524       4       com.badlogic.gdx.graphics.g3d.utils.ModelBuilder::createSphere (17 bytes)
Event: 50.884 Thread 0x000001a8d8d4df70 nmethod 2524 0x000001a8c50e1410 code [0x000001a8c50e1600, 0x000001a8c50e18c0]
Event: 50.884 Thread 0x000001a8d8d4df70 2525       4       com.badlogic.gdx.graphics.g3d.utils.MeshBuilder::sphere (20 bytes)
Event: 50.885 Thread 0x000001a8d8d4df70 nmethod 2525 0x000001a8c50e1d10 code [0x000001a8c50e1ea0, 0x000001a8c50e2008]
Event: 51.466 Thread 0x000001a8d8d4df70 2526       4       jdk.internal.math.FormattedFloatingDecimal::applyPrecision (162 bytes)
Event: 51.473 Thread 0x000001a8d8d4df70 nmethod 2526 0x000001a8c50e2190 code [0x000001a8c50e2360, 0x000001a8c50e2968]
Event: 51.924 Thread 0x000001a8d8d4ea10 2527       3       org.lwjgl.glfw.GLFWKeyCallbackI::callback (27 bytes)
Event: 51.925 Thread 0x000001a8d8d4ea10 nmethod 2527 0x000001a8bdeaa490 code [0x000001a8bdeaa740, 0x000001a8bdeab388]
Event: 51.925 Thread 0x000001a8d8d4ea10 2528       3       com.badlogic.gdx.backends.lwjgl3.DefaultLwjgl3Input$1::invoke (16 bytes)
Event: 51.925 Thread 0x000001a8d8d4ea10 nmethod 2528 0x000001a8bdeab810 code [0x000001a8bdeab9c0, 0x000001a8bdeabb28]
Event: 51.925 Thread 0x000001a8d8d4ea10 2529       3       com.badlogic.gdx.backends.lwjgl3.DefaultLwjgl3Input::keyCallback (196 bytes)
Event: 51.925 Thread 0x000001a8d8d4ea10 nmethod 2529 0x000001a8bdeabc10 code [0x000001a8bdeabfa0, 0x000001a8bdead478]
Event: 51.950 Thread 0x000001a8d8d4df70 2530       4       java.util.Formatter$FormatSpecifier::print (925 bytes)
Event: 51.994 Thread 0x000001a8d8d4df70 nmethod 2530 0x000001a8c50e2d90 code [0x000001a8c50e3080, 0x000001a8c50e5828]

GC Heap History (14 events):
Event: 1.015 GC heap before
{Heap before GC invocations=0 (full 0):
 garbage-first heap   total 251904K, used 22528K [0x000000070a000000, 0x0000000800000000)
  region size 2048K, 11 young (22528K), 0 survivors (0K)
 Metaspace       used 7060K, committed 7232K, reserved 1064960K
  class space    used 428K, committed 512K, reserved 1048576K
}
Event: 1.017 GC heap after
{Heap after GC invocations=1 (full 0):
 garbage-first heap   total 251904K, used 2630K [0x000000070a000000, 0x0000000800000000)
  region size 2048K, 2 young (4096K), 2 survivors (4096K)
 Metaspace       used 7060K, committed 7232K, reserved 1064960K
  class space    used 428K, committed 512K, reserved 1048576K
}
Event: 4.239 GC heap before
{Heap before GC invocations=1 (full 0):
 garbage-first heap   total 251904K, used 41542K [0x000000070a000000, 0x0000000800000000)
  region size 2048K, 17 young (34816K), 2 survivors (4096K)
 Metaspace       used 9595K, committed 9728K, reserved 1064960K
  class space    used 672K, committed 704K, reserved 1048576K
}
Event: 4.247 GC heap after
{Heap after GC invocations=2 (full 0):
 garbage-first heap   total 251904K, used 21906K [0x000000070a000000, 0x0000000800000000)
  region size 2048K, 3 young (6144K), 3 survivors (6144K)
 Metaspace       used 9595K, committed 9728K, reserved 1064960K
  class space    used 672K, committed 704K, reserved 1048576K
}
Event: 4.767 GC heap before
{Heap before GC invocations=2 (full 0):
 garbage-first heap   total 251904K, used 28050K [0x000000070a000000, 0x0000000800000000)
  region size 2048K, 6 young (12288K), 3 survivors (6144K)
 Metaspace       used 9772K, committed 9920K, reserved 1064960K
  class space    used 679K, committed 704K, reserved 1048576K
}
Event: 4.772 GC heap after
{Heap after GC invocations=3 (full 0):
 garbage-first heap   total 251904K, used 23842K [0x000000070a000000, 0x0000000800000000)
  region size 2048K, 1 young (2048K), 1 survivors (2048K)
 Metaspace       used 9772K, committed 9920K, reserved 1064960K
  class space    used 679K, committed 704K, reserved 1048576K
}
Event: 15.281 GC heap before
{Heap before GC invocations=3 (full 0):
 garbage-first heap   total 251904K, used 138530K [0x000000070a000000, 0x0000000800000000)
  region size 2048K, 51 young (104448K), 1 survivors (2048K)
 Metaspace       used 10377K, committed 10496K, reserved 1064960K
  class space    used 729K, committed 768K, reserved 1048576K
}
Event: 15.284 GC heap after
{Heap after GC invocations=4 (full 0):
 garbage-first heap   total 251904K, used 40064K [0x000000070a000000, 0x0000000800000000)
  region size 2048K, 3 young (6144K), 3 survivors (6144K)
 Metaspace       used 10377K, committed 10496K, reserved 1064960K
  class space    used 729K, committed 768K, reserved 1048576K
}
Event: 27.989 GC heap before
{Heap before GC invocations=4 (full 0):
 garbage-first heap   total 251904K, used 226432K [0x000000070a000000, 0x0000000800000000)
  region size 2048K, 73 young (149504K), 3 survivors (6144K)
 Metaspace       used 10516K, committed 10688K, reserved 1064960K
  class space    used 742K, committed 832K, reserved 1048576K
}
Event: 27.994 GC heap after
{Heap after GC invocations=5 (full 0):
 garbage-first heap   total 251904K, used 93187K [0x000000070a000000, 0x0000000800000000)
  region size 2048K, 8 young (16384K), 8 survivors (16384K)
 Metaspace       used 10516K, committed 10688K, reserved 1064960K
  class space    used 742K, committed 832K, reserved 1048576K
}
Event: 37.087 GC heap before
{Heap before GC invocations=5 (full 0):
 garbage-first heap   total 251904K, used 193539K [0x000000070a000000, 0x0000000800000000)
  region size 2048K, 57 young (116736K), 8 survivors (16384K)
 Metaspace       used 10519K, committed 10688K, reserved 1064960K
  class space    used 742K, committed 832K, reserved 1048576K
}
Event: 37.093 GC heap after
{Heap after GC invocations=6 (full 0):
 garbage-first heap   total 251904K, used 95826K [0x000000070a000000, 0x0000000800000000)
  region size 2048K, 2 young (4096K), 2 survivors (4096K)
 Metaspace       used 10519K, committed 10688K, reserved 1064960K
  class space    used 742K, committed 832K, reserved 1048576K
}
Event: 46.450 GC heap before
{Heap before GC invocations=6 (full 0):
 garbage-first heap   total 251904K, used 198226K [0x000000070a000000, 0x0000000800000000)
  region size 2048K, 52 young (106496K), 2 survivors (4096K)
 Metaspace       used 10524K, committed 10688K, reserved 1064960K
  class space    used 742K, committed 832K, reserved 1048576K
}
Event: 46.452 GC heap after
{Heap after GC invocations=7 (full 0):
 garbage-first heap   total 251904K, used 97701K [0x000000070a000000, 0x0000000800000000)
  region size 2048K, 3 young (6144K), 3 survivors (6144K)
 Metaspace       used 10524K, committed 10688K, reserved 1064960K
  class space    used 742K, committed 832K, reserved 1048576K
}

Deoptimization events (20 events):
Event: 46.707 Thread 0x000001a8b5834b40 DEOPT PACKING pc=0x000001a8bdea5108 sp=0x00000095a2afe9d0
Event: 46.707 Thread 0x000001a8b5834b40 DEOPT UNPACKING pc=0x000001a8bd352b43 sp=0x00000095a2afdea8 mode 0
Event: 47.724 Thread 0x000001a8b5834b40 Uncommon trap: trap_request=0xffffff45 fr.pc=0x000001a8c50ab04c relative=0x000000000000250c
Event: 47.724 Thread 0x000001a8b5834b40 Uncommon trap: reason=unstable_if action=reinterpret pc=0x000001a8c50ab04c method=com.badlogic.gdx.utils.TimSort.mergeHi(IIII)V @ 478 c2
Event: 47.724 Thread 0x000001a8b5834b40 DEOPT PACKING pc=0x000001a8c50ab04c sp=0x00000095a2afe960
Event: 47.724 Thread 0x000001a8b5834b40 DEOPT UNPACKING pc=0x000001a8bd3523a3 sp=0x00000095a2afe970 mode 2
Event: 47.774 Thread 0x000001a8b5834b40 DEOPT PACKING pc=0x000001a8bdea9191 sp=0x00000095a2afe960
Event: 47.774 Thread 0x000001a8b5834b40 DEOPT UNPACKING pc=0x000001a8bd352b43 sp=0x00000095a2afde58 mode 0
Event: 47.824 Thread 0x000001a8b5834b40 DEOPT PACKING pc=0x000001a8bdea9191 sp=0x00000095a2afe960
Event: 47.824 Thread 0x000001a8b5834b40 DEOPT UNPACKING pc=0x000001a8bd352b43 sp=0x00000095a2afde58 mode 0
Event: 47.874 Thread 0x000001a8b5834b40 DEOPT PACKING pc=0x000001a8bdea9191 sp=0x00000095a2afe9b0
Event: 47.874 Thread 0x000001a8b5834b40 DEOPT UNPACKING pc=0x000001a8bd352b43 sp=0x00000095a2afdea8 mode 0
Event: 47.908 Thread 0x000001a8b5834b40 DEOPT PACKING pc=0x000001a8bdea9191 sp=0x00000095a2afe960
Event: 47.908 Thread 0x000001a8b5834b40 DEOPT UNPACKING pc=0x000001a8bd352b43 sp=0x00000095a2afde58 mode 0
Event: 47.958 Thread 0x000001a8b5834b40 DEOPT PACKING pc=0x000001a8bdea9191 sp=0x00000095a2afe9b0
Event: 47.958 Thread 0x000001a8b5834b40 DEOPT UNPACKING pc=0x000001a8bd352b43 sp=0x00000095a2afdea8 mode 0
Event: 48.007 Thread 0x000001a8b5834b40 DEOPT PACKING pc=0x000001a8bdea9191 sp=0x00000095a2afe9b0
Event: 48.007 Thread 0x000001a8b5834b40 DEOPT UNPACKING pc=0x000001a8bd352b43 sp=0x00000095a2afdea8 mode 0
Event: 51.466 Thread 0x000001a8b5834b40 DEOPT PACKING pc=0x000001a8bde3764b sp=0x00000095a2afe8c0
Event: 51.466 Thread 0x000001a8b5834b40 DEOPT UNPACKING pc=0x000001a8bd352b43 sp=0x00000095a2afdcf8 mode 0

Classes unloaded (0 events):
No events

Classes redefined (0 events):
No events

Internal exceptions (20 events):
Event: 0.168 Thread 0x000001a8b5834b40 Exception <a 'java/lang/NoSuchMethodError'{0x00000007191d8608}: 'java.lang.Object java.lang.invoke.DirectMethodHandle$Holder.invokeStaticInit(java.lang.Object)'> (0x00000007191d8608) 
thrown [e:\jenkins\tmp\workspace\build\src\src\hotspot\share\interpreter\linkResolver.cpp, line 766]
Event: 0.178 Thread 0x000001a8b5834b40 Exception <a 'java/lang/NoSuchMethodError'{0x0000000718e3a700}: 'void java.lang.invoke.DirectMethodHandle$Holder.invokeStatic(java.lang.Object, java.lang.Object)'> (0x0000000718e3a700) 
thrown [e:\jenkins\tmp\workspace\build\src\src\hotspot\share\interpreter\linkResolver.cpp, line 766]
Event: 0.179 Thread 0x000001a8b5834b40 Exception <a 'java/lang/NoSuchMethodError'{0x0000000718e3ff48}: 'void java.lang.invoke.DirectMethodHandle$Holder.invokeSpecial(java.lang.Object, java.lang.Object, java.lang.Object)'> (0x0000000718e3ff48) 
thrown [e:\jenkins\tmp\workspace\build\src\src\hotspot\share\interpreter\linkResolver.cpp, line 766]
Event: 0.181 Thread 0x000001a8b5834b40 Exception <a 'java/lang/NoSuchMethodError'{0x0000000718e532d0}: 'java.lang.Object java.lang.invoke.DirectMethodHandle$Holder.invokeStatic(java.lang.Object, java.lang.Object, int)'> (0x0000000718e532d0) 
thrown [e:\jenkins\tmp\workspace\build\src\src\hotspot\share\interpreter\linkResolver.cpp, line 766]
Event: 0.182 Thread 0x000001a8b5834b40 Exception <a 'java/lang/NoSuchMethodError'{0x0000000718e5f040}: 'void java.lang.invoke.DelegatingMethodHandle$Holder.delegate(java.lang.Object, java.lang.Object, int, java.lang.Object)'> (0x0000000718e5f040) 
thrown [e:\jenkins\tmp\workspace\build\src\src\hotspot\share\interpreter\linkResolver.cpp, line 766]
Event: 0.183 Thread 0x000001a8b5834b40 Exception <a 'java/lang/NoSuchMethodError'{0x0000000718e63280}: 'int java.lang.invoke.DirectMethodHandle$Holder.invokeSpecial(java.lang.Object, java.lang.Object, java.lang.Object)'> (0x0000000718e63280) 
thrown [e:\jenkins\tmp\workspace\build\src\src\hotspot\share\interpreter\linkResolver.cpp, line 766]
Event: 0.211 Thread 0x000001a8b5834b40 Exception <a 'sun/nio/fs/WindowsException'{0x0000000718f0a070}> (0x0000000718f0a070) 
thrown [e:\jenkins\tmp\workspace\build\src\src\hotspot\share\prims\jni.cpp, line 516]
Event: 0.211 Thread 0x000001a8b5834b40 Exception <a 'sun/nio/fs/WindowsException'{0x0000000718f0a5c8}> (0x0000000718f0a5c8) 
thrown [e:\jenkins\tmp\workspace\build\src\src\hotspot\share\prims\jni.cpp, line 516]
Event: 0.233 Thread 0x000001a8b5834b40 Exception <a 'sun/nio/fs/WindowsException'{0x0000000718ff8380}> (0x0000000718ff8380) 
thrown [e:\jenkins\tmp\workspace\build\src\src\hotspot\share\prims\jni.cpp, line 516]
Event: 0.233 Thread 0x000001a8b5834b40 Exception <a 'sun/nio/fs/WindowsException'{0x0000000718ff8720}> (0x0000000718ff8720) 
thrown [e:\jenkins\tmp\workspace\build\src\src\hotspot\share\prims\jni.cpp, line 516]
Event: 0.249 Thread 0x000001a8b5834b40 Exception <a 'sun/nio/fs/WindowsException'{0x0000000718ca6f78}> (0x0000000718ca6f78) 
thrown [e:\jenkins\tmp\workspace\build\src\src\hotspot\share\prims\jni.cpp, line 516]
Event: 0.249 Thread 0x000001a8b5834b40 Exception <a 'sun/nio/fs/WindowsException'{0x0000000718ca72e8}> (0x0000000718ca72e8) 
thrown [e:\jenkins\tmp\workspace\build\src\src\hotspot\share\prims\jni.cpp, line 516]
Event: 0.287 Thread 0x000001a8b5834b40 Exception <a 'sun/nio/fs/WindowsException'{0x0000000718d2c9c0}> (0x0000000718d2c9c0) 
thrown [e:\jenkins\tmp\workspace\build\src\src\hotspot\share\prims\jni.cpp, line 516]
Event: 0.287 Thread 0x000001a8b5834b40 Exception <a 'sun/nio/fs/WindowsException'{0x0000000718d2cd48}> (0x0000000718d2cd48) 
thrown [e:\jenkins\tmp\workspace\build\src\src\hotspot\share\prims\jni.cpp, line 516]
Event: 0.713 Thread 0x000001a8b5834b40 Exception <a 'sun/nio/fs/WindowsException'{0x0000000718b11e38}> (0x0000000718b11e38) 
thrown [e:\jenkins\tmp\workspace\build\src\src\hotspot\share\prims\jni.cpp, line 516]
Event: 0.713 Thread 0x000001a8b5834b40 Exception <a 'sun/nio/fs/WindowsException'{0x0000000718b121e8}> (0x0000000718b121e8) 
thrown [e:\jenkins\tmp\workspace\build\src\src\hotspot\share\prims\jni.cpp, line 516]
Event: 0.716 Thread 0x000001a8b5834b40 Exception <a 'sun/nio/fs/WindowsException'{0x0000000718b1e380}> (0x0000000718b1e380) 
thrown [e:\jenkins\tmp\workspace\build\src\src\hotspot\share\prims\jni.cpp, line 516]
Event: 0.716 Thread 0x000001a8b5834b40 Exception <a 'sun/nio/fs/WindowsException'{0x0000000718b1e668}> (0x0000000718b1e668) 
thrown [e:\jenkins\tmp\workspace\build\src\src\hotspot\share\prims\jni.cpp, line 516]
Event: 4.249 Thread 0x000001a8b5834b40 Implicit null exception at 0x000001a8c4f1a1bf to 0x000001a8c4f1a29c
Event: 5.972 Thread 0x000001a8d9929890 Implicit null exception at 0x000001a8c4f1055f to 0x000001a8c4f1061c

VM Operations (20 events):
Event: 26.107 Executing VM operation: ICBufferFull
Event: 26.107 Executing VM operation: ICBufferFull done
Event: 26.773 Executing VM operation: ICBufferFull
Event: 26.773 Executing VM operation: ICBufferFull done
Event: 27.441 Executing VM operation: ICBufferFull
Event: 27.441 Executing VM operation: ICBufferFull done
Event: 27.989 Executing VM operation: G1CollectForAllocation
Event: 27.994 Executing VM operation: G1CollectForAllocation done
Event: 28.994 Executing VM operation: Cleanup
Event: 28.994 Executing VM operation: Cleanup done
Event: 34.995 Executing VM operation: Cleanup
Event: 34.995 Executing VM operation: Cleanup done
Event: 37.087 Executing VM operation: G1CollectForAllocation
Event: 37.093 Executing VM operation: G1CollectForAllocation done
Event: 46.450 Executing VM operation: G1CollectForAllocation
Event: 46.452 Executing VM operation: G1CollectForAllocation done
Event: 47.453 Executing VM operation: Cleanup
Event: 47.453 Executing VM operation: Cleanup done
Event: 49.453 Executing VM operation: Cleanup
Event: 49.453 Executing VM operation: Cleanup done

Events (20 events):
Event: 24.616 loading class jdk/internal/reflect/MethodAccessorGenerator$1
Event: 24.616 loading class jdk/internal/reflect/MethodAccessorGenerator$1 done
Event: 24.616 loading class jdk/internal/reflect/ClassDefiner
Event: 24.616 loading class jdk/internal/reflect/ClassDefiner done
Event: 24.616 loading class jdk/internal/reflect/ClassDefiner$1
Event: 24.616 loading class jdk/internal/reflect/ClassDefiner$1 done
Event: 24.616 loading class jdk/internal/reflect/BootstrapConstructorAccessorImpl
Event: 24.616 loading class jdk/internal/reflect/BootstrapConstructorAccessorImpl done
Event: 24.622 Thread 0x000001a8d9de93c0 Thread added: 0x000001a8d9de93c0
Event: 24.653 Thread 0x000001a8d9de8080 Thread exited: 0x000001a8d9de8080
Event: 25.214 Thread 0x000001a8d9de5060 Thread added: 0x000001a8d9de5060
Event: 25.217 Thread 0x000001a8d9de6d40 Thread added: 0x000001a8d9de6d40
Event: 25.419 Thread 0x000001a8d9de5060 Thread exited: 0x000001a8d9de5060
Event: 25.522 Thread 0x000001a8d9de7bb0 Thread exited: 0x000001a8d9de7bb0
Event: 26.048 Thread 0x000001a8d9de9890 Thread added: 0x000001a8d9de9890
Event: 26.048 Thread 0x000001a8d9de8080 Thread added: 0x000001a8d9de8080
Event: 26.051 Thread 0x000001a8d9deb0a0 Thread added: 0x000001a8d9deb0a0
Event: 26.052 Thread 0x000001a8d9de8550 Thread added: 0x000001a8d9de8550
Event: 26.252 Thread 0x000001a8d9de8080 Thread exited: 0x000001a8d9de8080
Event: 26.952 Thread 0x000001a8d9de9890 Thread exited: 0x000001a8d9de9890


Dynamic libraries:
0x00007ff7d8a20000 - 0x00007ff7d8a2e000 	C:\Program Files\Eclipse Adoptium\jdk-17.0.1.12-hotspot\bin\java.exe
0x00007ffdc5cd0000 - 0x00007ffdc5ec5000 	C:\Windows\SYSTEM32\ntdll.dll
0x00007ffdc4060000 - 0x00007ffdc411d000 	C:\Windows\System32\KERNEL32.DLL
0x00007ffdc3720000 - 0x00007ffdc39ed000 	C:\Windows\System32\KERNELBASE.dll
0x00007ffdc33b0000 - 0x00007ffdc34b0000 	C:\Windows\System32\ucrtbase.dll
0x00007ffdbee20000 - 0x00007ffdbee38000 	C:\Program Files\Eclipse Adoptium\jdk-17.0.1.12-hotspot\bin\jli.dll
0x00007ffdbd460000 - 0x00007ffdbd479000 	C:\Program Files\Eclipse Adoptium\jdk-17.0.1.12-hotspot\bin\VCRUNTIME140.dll
0x00007ffdc5530000 - 0x00007ffdc56d0000 	C:\Windows\System32\USER32.dll
0x00007ffdc3c20000 - 0x00007ffdc3c42000 	C:\Windows\System32\win32u.dll
0x00007ffdad620000 - 0x00007ffdad8ba000 	C:\Windows\WinSxS\amd64_microsoft.windows.common-controls_6595b64144ccf1df_6.0.19041.1110_none_60b5254171f9507e\COMCTL32.dll
0x00007ffdc5bd0000 - 0x00007ffdc5bfa000 	C:\Windows\System32\GDI32.dll
0x00007ffdc5190000 - 0x00007ffdc522e000 	C:\Windows\System32\msvcrt.dll
0x00007ffdc3610000 - 0x00007ffdc371b000 	C:\Windows\System32\gdi32full.dll
0x00007ffdc39f0000 - 0x00007ffdc3a8d000 	C:\Windows\System32\msvcp_win.dll
0x00007ffdc4eb0000 - 0x00007ffdc4ee0000 	C:\Windows\System32\IMM32.DLL
0x00007ffdbede0000 - 0x00007ffdbedec000 	C:\Program Files\Eclipse Adoptium\jdk-17.0.1.12-hotspot\bin\vcruntime140_1.dll
0x00007ffdb64f0000 - 0x00007ffdb6581000 	C:\Program Files\Eclipse Adoptium\jdk-17.0.1.12-hotspot\bin\msvcp140.dll
0x00007ffd92160000 - 0x00007ffd92da6000 	C:\Program Files\Eclipse Adoptium\jdk-17.0.1.12-hotspot\bin\server\jvm.dll
0x00007ffdc3fb0000 - 0x00007ffdc405e000 	C:\Windows\System32\ADVAPI32.dll
0x00007ffdc3e80000 - 0x00007ffdc3f1c000 	C:\Windows\System32\sechost.dll
0x00007ffdc3d50000 - 0x00007ffdc3e75000 	C:\Windows\System32\RPCRT4.dll
0x00007ffdc4ee0000 - 0x00007ffdc4ee8000 	C:\Windows\System32\PSAPI.DLL
0x00007ffdbc260000 - 0x00007ffdbc26a000 	C:\Windows\SYSTEM32\VERSION.dll
0x00007ffdb8890000 - 0x00007ffdb88b7000 	C:\Windows\SYSTEM32\WINMM.dll
0x00007ffda5c00000 - 0x00007ffda5c09000 	C:\Windows\SYSTEM32\WSOCK32.dll
0x00007ffdc52e0000 - 0x00007ffdc534b000 	C:\Windows\System32\WS2_32.dll
0x00007ffdc1c40000 - 0x00007ffdc1c52000 	C:\Windows\SYSTEM32\kernel.appcore.dll
0x00007ffdbe7a0000 - 0x00007ffdbe7aa000 	C:\Program Files\Eclipse Adoptium\jdk-17.0.1.12-hotspot\bin\jimage.dll
0x00007ffdc1a30000 - 0x00007ffdc1c14000 	C:\Windows\SYSTEM32\DBGHELP.DLL
0x00007ffdb8de0000 - 0x00007ffdb8e0c000 	C:\Windows\SYSTEM32\dbgcore.DLL
0x00007ffdc3a90000 - 0x00007ffdc3b12000 	C:\Windows\System32\bcryptPrimitives.dll
0x00007ffdb1970000 - 0x00007ffdb1995000 	C:\Program Files\Eclipse Adoptium\jdk-17.0.1.12-hotspot\bin\java.dll
0x00007ffda13b0000 - 0x00007ffda1486000 	C:\Program Files\Eclipse Adoptium\jdk-17.0.1.12-hotspot\bin\svml.dll
0x00007ffdc4120000 - 0x00007ffdc4864000 	C:\Windows\System32\SHELL32.dll
0x00007ffdc1150000 - 0x00007ffdc18e4000 	C:\Windows\SYSTEM32\windows.storage.dll
0x00007ffdc5870000 - 0x00007ffdc5bc4000 	C:\Windows\System32\combase.dll
0x00007ffdc2e10000 - 0x00007ffdc2e3c000 	C:\Windows\SYSTEM32\Wldp.dll
0x00007ffdc5230000 - 0x00007ffdc52dd000 	C:\Windows\System32\SHCORE.dll
0x00007ffdc3cf0000 - 0x00007ffdc3d45000 	C:\Windows\System32\shlwapi.dll
0x00007ffdc32f0000 - 0x00007ffdc330f000 	C:\Windows\SYSTEM32\profapi.dll
0x00007ffdb64d0000 - 0x00007ffdb64e9000 	C:\Program Files\Eclipse Adoptium\jdk-17.0.1.12-hotspot\bin\net.dll
0x00007ffdb4be0000 - 0x00007ffdb4cea000 	C:\Windows\SYSTEM32\WINHTTP.dll
0x00007ffdc2b70000 - 0x00007ffdc2bda000 	C:\Windows\system32\mswsock.dll
0x00007ffdb64b0000 - 0x00007ffdb64c5000 	C:\Program Files\Eclipse Adoptium\jdk-17.0.1.12-hotspot\bin\nio.dll
0x00007ffdb6490000 - 0x00007ffdb64a8000 	C:\Program Files\Eclipse Adoptium\jdk-17.0.1.12-hotspot\bin\zip.dll
0x000000006e700000 - 0x000000006e72a000 	C:\Users\grado\AppData\Local\Temp\libgdxgrado\e1cd32f8\gdx64.dll
0x00007ffdb1aa0000 - 0x00007ffdb1b04000 	C:\Users\grado\AppData\Local\Temp\lwjglgrado\3.2.3-build-13\lwjgl.dll
0x00007ffd91f00000 - 0x00007ffd92153000 	C:\Users\grado\AppData\Local\Temp\lwjglgrado\3.2.3-build-13\jemalloc.dll
0x00007ffdb1a30000 - 0x00007ffdb1a92000 	C:\Users\grado\AppData\Local\Temp\lwjglgrado\3.2.3-build-13\glfw.dll
0x00007ffdc0870000 - 0x00007ffdc090e000 	C:\Windows\system32\uxtheme.dll
0x00007ffdb6440000 - 0x00007ffdb6485000 	C:\Windows\SYSTEM32\dinput8.dll
0x00007ffdb62c0000 - 0x00007ffdb62d1000 	C:\Windows\SYSTEM32\xinput1_4.dll
0x00007ffdc3b20000 - 0x00007ffdc3b6e000 	C:\Windows\System32\cfgmgr32.dll
0x00007ffdc3160000 - 0x00007ffdc318c000 	C:\Windows\SYSTEM32\DEVOBJ.dll
0x00007ffdc0a00000 - 0x00007ffdc0a2f000 	C:\Windows\SYSTEM32\dwmapi.dll
0x00007ffda8c80000 - 0x00007ffda8dd2000 	C:\Windows\SYSTEM32\inputhost.dll
0x00007ffdc4d70000 - 0x00007ffdc4e3d000 	C:\Windows\System32\OLEAUT32.dll
0x00007ffdc0500000 - 0x00007ffdc05f2000 	C:\Windows\SYSTEM32\CoreMessaging.dll
0x00007ffdbe990000 - 0x00007ffdbea86000 	C:\Windows\SYSTEM32\PROPSYS.dll
0x00007ffdbfad0000 - 0x00007ffdbfc24000 	C:\Windows\SYSTEM32\wintypes.dll
0x00007ffdc01a0000 - 0x00007ffdc04fe000 	C:\Windows\SYSTEM32\CoreUIComponents.dll
0x00007ffdc20b0000 - 0x00007ffdc20e3000 	C:\Windows\SYSTEM32\ntmarta.dll
0x00007ffdc5750000 - 0x00007ffdc5865000 	C:\Windows\System32\MSCTF.dll
0x00007ffdc18f0000 - 0x00007ffdc18fd000 	C:\Windows\SYSTEM32\HID.DLL
0x00007ffdc4870000 - 0x00007ffdc4ce1000 	C:\Windows\System32\SETUPAPI.DLL
0x00007ffdc3c50000 - 0x00007ffdc3c77000 	C:\Windows\System32\bcrypt.dll
0x00007ffdc3c80000 - 0x00007ffdc3ce8000 	C:\Windows\System32\WINTRUST.dll
0x00007ffdc34b0000 - 0x00007ffdc3606000 	C:\Windows\System32\CRYPT32.dll
0x00007ffdc2fa0000 - 0x00007ffdc2fb2000 	C:\Windows\SYSTEM32\MSASN1.dll
0x00007ffd90b80000 - 0x00007ffd90c8b000 	C:\Users\grado\AppData\Local\Temp\lwjglgrado\3.2.3-build-13\OpenAL.dll
0x00007ffdc5400000 - 0x00007ffdc552a000 	C:\Windows\System32\ole32.dll
0x00007ffdc5350000 - 0x00007ffdc53f9000 	C:\Windows\System32\clbcatq.dll
0x00007ffdbb510000 - 0x00007ffdbb595000 	C:\Windows\System32\MMDevApi.dll
0x00007ffdbbda0000 - 0x00007ffdbbf22000 	C:\Windows\SYSTEM32\AUDIOSES.DLL
0x00007ffdc2930000 - 0x00007ffdc297b000 	C:\Windows\SYSTEM32\powrprof.dll
0x00007ffdc27f0000 - 0x00007ffdc2802000 	C:\Windows\SYSTEM32\UMPDC.dll
0x00007ffdc0a30000 - 0x00007ffdc0a44000 	C:\Windows\SYSTEM32\resourcepolicyclient.dll
0x00007ffd22910000 - 0x00007ffd22a36000 	C:\Windows\SYSTEM32\opengl32.dll
0x00007ffd228e0000 - 0x00007ffd2290c000 	C:\Windows\SYSTEM32\GLU32.dll
0x00007ffdbc2e0000 - 0x00007ffdbc3d7000 	C:\Windows\System32\AppXDeploymentClient.dll
0x00007ffdb1a00000 - 0x00007ffdb1a2a000 	C:\Windows\System32\DriverStore\FileRepository\u0361612.inf_amd64_b679e02f70413f9f\B361368\atig6pxx.dll
0x00007ffd7dc80000 - 0x00007ffd80966000 	C:\Windows\System32\DriverStore\FileRepository\u0361612.inf_amd64_b679e02f70413f9f\B361368\atio6axx.dll
0x00007ffd86690000 - 0x00007ffd866b4000 	C:\Windows\SYSTEM32\dxva2.dll
0x00007ffdb19c0000 - 0x00007ffdb19fc000 	C:\Windows\System32\DriverStore\FileRepository\u0361612.inf_amd64_b679e02f70413f9f\B361368\atig6txx.dll
0x00007ffd90750000 - 0x00007ffd90909000 	C:\Windows\SYSTEM32\atiadlxx.dll
0x00007ffdb9380000 - 0x00007ffdb93bb000 	C:\Windows\SYSTEM32\dxcore.dll
0x00007ffda3ef0000 - 0x00007ffda3f49000 	C:\Users\grado\AppData\Local\Temp\lwjglgrado\3.2.3-build-13\lwjgl_opengl.dll
0x00007ffda93b0000 - 0x00007ffda94a9000 	C:\Windows\SYSTEM32\textinputframework.dll
0x00007ffdb19a0000 - 0x00007ffdb19b1000 	C:\Program Files\Eclipse Adoptium\jdk-17.0.1.12-hotspot\bin\jsound.dll
0x00007ffda0f00000 - 0x00007ffda0f9c000 	C:\Windows\SYSTEM32\DSOUND.dll
0x00007ffdb3710000 - 0x00007ffdb3736000 	C:\Windows\SYSTEM32\winmmbase.dll
0x00007ffda9b00000 - 0x00007ffda9b46000 	C:\Windows\SYSTEM32\wdmaud.drv
0x00007ffdbde60000 - 0x00007ffdbde69000 	C:\Windows\SYSTEM32\ksuser.dll
0x00007ffdbd880000 - 0x00007ffdbd88a000 	C:\Windows\SYSTEM32\AVRT.dll
0x00007ffdbc5b0000 - 0x00007ffdbc5bd000 	C:\Windows\SYSTEM32\msacm32.drv
0x00007ffdbc630000 - 0x00007ffdbc64e000 	C:\Windows\SYSTEM32\MSACM32.dll
0x00007ffdb6730000 - 0x00007ffdb673b000 	C:\Windows\SYSTEM32\midimap.dll
0x00007ffda8de0000 - 0x00007ffda8f21000 	C:\Windows\System32\Windows.UI.dll
0x00007ffdbd350000 - 0x00007ffdbd3f1000 	C:\Windows\System32\WindowManagementAPI.dll
0x00007ffdbca10000 - 0x00007ffdbcc11000 	C:\Windows\SYSTEM32\twinapi.appcore.dll

dbghelp: loaded successfully - version: 4.0.5 - missing functions: none
symbol engine: initialized successfully - sym options: 0x614 - pdb path: .;C:\Program Files\Eclipse Adoptium\jdk-17.0.1.12-hotspot\bin;C:\Windows\SYSTEM32;C:\Windows\WinSxS\amd64_microsoft.windows.common-controls_6595b64144ccf1df_6.0.19041.1110_none_60b5254171f9507e;C:\Program Files\Eclipse Adoptium\jdk-17.0.1.12-hotspot\bin\server;C:\Users\grado\AppData\Local\Temp\libgdxgrado\e1cd32f8;C:\Users\grado\AppData\Local\Temp\lwjglgrado\3.2.3-build-13;C:\Windows\System32\DriverStore\FileRepository\u0361612.inf_amd64_b679e02f70413f9f\B361368

VM Arguments:
jvm_args: -XX:+ShowCodeDetailsInExceptionMessages 
java_command: com.crazyputting3d.Main
java_class_path (initial): C:\Users\grado\Documents\Group-04\3dcrazyputting\desktop\bin\main;\CrazyPutting3D-core\bin\default;C:\Users\grado\Documents\Group-04\3dcrazyputting\core\bin\main;C:\Users\grado\.gradle\caches\modules-2\files-2.1\com.badlogicgames.gdx\gdx-backend-lwjgl3\1.10.0\600c7d5b2c977daa82c4abad147087b31e0ada87\gdx-backend-lwjgl3-1.10.0.jar;C:\Users\grado\.gradle\caches\modules-2\files-2.1\com.badlogicgames.gdx\gdx-platform\1.10.0\9a8fa793d2fd6d360afc6c9e4c1f5583da263b88\gdx-platform-1.10.0-natives-desktop.jar;C:\Users\grado\.gradle\caches\modules-2\files-2.1\com.badlogicgames.gdx\gdx-bullet-platform\1.10.0\ce92e8dfc762523d769cbc50853163c03bf98cf1\gdx-bullet-platform-1.10.0-natives-desktop.jar;C:\Users\grado\.gradle\caches\modules-2\files-2.1\com.badlogicgames.gdx\gdx-freetype-platform\1.10.0\6e5d28752759e69384f12e4569d2c884ff71352f\gdx-freetype-platform-1.10.0-natives-desktop.jar;C:\Users\grado\.gradle\caches\modules-2\files-2.1\com.badlogicgames.gdx-controllers\gdx-controllers-desktop\2.2.1\cb3430c32468a090eca54d494d16bb3764ceff9b\gdx-controllers-desktop-2.2.1.jar;C:\Users\grado\.gradle\caches\modules-2\files-2.1\org.jetbrains\annotations\20.1.0\2fcd1f3225bca0c4a7bc931142076f8c1e80993f\annotations-20.1.0.jar;C:\Users\grado\.gradle\caches\modules-2\files-2.1\com.badlogicgames.gdx\gdx-bullet\1.10.0\839b58c7278f5c3b55291c3a559d91227400ecdb\gdx-bullet-1.10.0.jar;C:\Users\grado\.gradle\caches\modules-2\files-2.1\com.badlogicgames.gdx\gdx-freetype\1.10.0\de1d0d5c1e92e8d91364256fd6b7bb279d3e9859\gdx-freetype-1.10.0.jar;C:\Users\grado\.gradle\caches\modules-2\files-2.1\com.badlogicgames.gdx\gdx-ai\1.8.2\ab75d2ce80ab1b1ce6828a15dc0f417abac4c674\gdx-ai-1.8.2.jar;C:\Users\grado\.gradle\caches\modules-2\files-2.1\com.badlogicgames.ashley\ashley\1.7.4\21a3a8932919099c4e5006a7d8378dcbe76ef8a5\ashley-1.7.4.jar;C:\Users\grado\.gradle\caches\modules-2\files-2.1\com.badlogicgames.box2dlights\box2dlights\1.5\6902dbcd250c95a27973aa24a147a95b3828d348\box2dlights-1.5.j
Launcher Type: SUN_STANDARD

[Global flags]
     intx CICompilerCount                          = 12                                        {product} {ergonomic}
     uint ConcGCThreads                            = 3                                         {product} {ergonomic}
     uint G1ConcRefinementThreads                  = 13                                        {product} {ergonomic}
   size_t G1HeapRegionSize                         = 2097152                                   {product} {ergonomic}
    uintx GCDrainStackTargetSize                   = 64                                        {product} {ergonomic}
   size_t InitialHeapSize                          = 257949696                                 {product} {ergonomic}
   size_t MarkStackSize                            = 4194304                                   {product} {ergonomic}
   size_t MaxHeapSize                              = 4127195136                                {product} {ergonomic}
   size_t MaxNewSize                               = 2474639360                                {product} {ergonomic}
   size_t MinHeapDeltaBytes                        = 2097152                                   {product} {ergonomic}
   size_t MinHeapSize                              = 8388608                                   {product} {ergonomic}
    uintx NonNMethodCodeHeapSize                   = 7602480                                {pd product} {ergonomic}
    uintx NonProfiledCodeHeapSize                  = 122027880                              {pd product} {ergonomic}
    uintx ProfiledCodeHeapSize                     = 122027880                              {pd product} {ergonomic}
    uintx ReservedCodeCacheSize                    = 251658240                              {pd product} {ergonomic}
     bool SegmentedCodeCache                       = true                                      {product} {ergonomic}
     bool ShowCodeDetailsInExceptionMessages       = true                                   {manageable} {command line}
   size_t SoftMaxHeapSize                          = 4127195136                             {manageable} {ergonomic}
     bool UseCompressedClassPointers               = true                           {product lp64_product} {ergonomic}
     bool UseCompressedOops                        = true                           {product lp64_product} {ergonomic}
     bool UseG1GC                                  = true                                      {product} {ergonomic}
     bool UseLargePagesIndividualAllocation        = false                                  {pd product} {ergonomic}

Logging:
Log output configuration:
 #0: stdout all=warning uptime,level,tags
 #1: stderr all=off uptime,level,tags

Environment Variables:
PATH=C:\Program Files\Common Files\Oracle\Java\javapath;C:\Windows\system32;C:\Windows;C:\Windows\System32\Wbem;C:\Windows\System32\WindowsPowerShell\v1.0\;C:\Windows\System32\OpenSSH\;C:\Program Files (x86)\NVIDIA Corporation\PhysX\Common;C:\Program Files\NVIDIA Corporation\NVIDIA NvDLISR;C:\Program Files\MATLAB\R2022a\bin;C:\Program Files\Gradle\gradle-7.4.2\bin;C:\Program Files\Git\cmd;C:\Users\grado\AppData\Local\Microsoft\WindowsApps;C:\Users\grado\AppData\Local\Programs\Microsoft VS Code\bin;C:\Users\grado\AppData\Local\GitHubDesktop\bin
USERNAME=grado
LANG=en_US.UTF-8
OS=Windows_NT
PROCESSOR_IDENTIFIER=AMD64 Family 23 Model 96 Stepping 1, AuthenticAMD



---------------  S Y S T E M  ---------------

OS:
 Windows 10 , 64 bit Build 19041 (10.0.19041.1706)
OS uptime: 11 days 18:57 hours

CPU: total 16 (initial active 16) (16 cores per cpu, 2 threads per core) family 23 model 96 stepping 1 microcode 0x0, cx8, cmov, fxsr, ht, mmx, 3dnowpref, sse, sse2, sse3, ssse3, sse4a, sse4.1, sse4.2, popcnt, lzcnt, tsc, tscinvbit, avx, avx2, aes, clmul, bmi1, bmi2, adx, sha, fma, vzeroupper, clflush, clflushopt

Memory: 4k page, system-wide physical 15741M (6917M free)
TotalPageFile size 36181M (AvailPageFile size 18777M)
current process WorkingSet (physical memory assigned to process): 720M, peak: 845M
current process commit charge ("private bytes"): 945M, peak: 1079M

vm_info: OpenJDK 64-Bit Server VM (17.0.1+12) for windows-amd64 JRE (17.0.1+12), built on Oct 20 2021 07:42:55 by "" with MS VC++ 16.7 (VS2019)

END.
