#
# A fatal error has been detected by the Java Runtime Environment:
#
#  EXCEPTION_ACCESS_VIOLATION (0xc0000005) at pc=0x0000016d76950000, pid=18396, tid=24324
#
# JRE version: OpenJDK Runtime Environment Temurin-17.0.1+12 (17.0.1+12) (build 17.0.1+12)
# Java VM: OpenJDK 64-Bit Server VM Temurin-17.0.1+12 (17.0.1+12, mixed mode, sharing, tiered, compressed oops, compressed class ptrs, g1 gc, windows-amd64)
# Problematic frame:
# C  0x0000016d76950000
#
# No core dump will be written. Minidumps are not enabled by default on client versions of Windows
#
# If you would like to submit a bug report, please visit:
#   https://github.com/adoptium/adoptium-support/issues
# The crash happened outside the Java Virtual Machine in native code.
# See problematic frame for where to report the bug.
#

---------------  S U M M A R Y ------------

Command Line: -XX:+ShowCodeDetailsInExceptionMessages com.crazyputting3d.Main

Host: AMD Ryzen 7 4800H with Radeon Graphics         , 16 cores, 15G,  Windows 10 , 64 bit Build 19041 (10.0.19041.1706)
Time: Fri Jun 17 17:58:20 2022 Central European Daylight Time elapsed time: 50.322611 seconds (0d 0h 0m 50s)

---------------  T H R E A D  ---------------

Current thread (0x0000016d512f1a00):  JavaThread "main" [_thread_in_native, id=24324, stack(0x0000006698600000,0x0000006698700000)]

Stack: [0x0000006698600000,0x0000006698700000],  sp=0x00000066986fec48,  free space=1019k
Native frames: (J=compiled Java code, j=interpreted, Vv=VM code, C=native code)
C  0x0000016d76950000

Java frames: (J=compiled Java code, j=interpreted, Vv=VM code)
J 1197  org.lwjgl.system.JNI.invokePV(JJ)V (0 bytes) @ 0x0000016d621c306c [0x0000016d621c3020+0x000000000000004c]
J 1997 c1 org.lwjgl.glfw.GLFW.glfwSwapBuffers(J)V (21 bytes) @ 0x0000016d5b091cac [0x0000016d5b091bc0+0x00000000000000ec]
j  com.badlogic.gdx.backends.lwjgl3.Lwjgl3Window.update()Z+196
j  com.badlogic.gdx.backends.lwjgl3.Lwjgl3Application.loop()V+111
j  com.badlogic.gdx.backends.lwjgl3.Lwjgl3Application.<init>(Lcom/badlogic/gdx/ApplicationListener;Lcom/badlogic/gdx/backends/lwjgl3/Lwjgl3ApplicationConfiguration;)V+243
j  com.crazyputting3d.Main.main([Ljava/lang/String;)V+41
v  ~StubRoutines::call_stub

siginfo: EXCEPTION_ACCESS_VIOLATION (0xc0000005), data execution prevention violation at address 0x0000016d76950000


Register to memory mapping:

RIP=0x0000016d76950000 is an unknown value
RAX=0x0000016d76950000 is an unknown value
RBX=0x0000000000010001 is an unknown value
RCX=0x0000000000010001 is an unknown value
RDX=0x00000066986fec80 is pointing into the stack for thread: 0x0000016d512f1a00
RSP=0x00000066986fec48 is pointing into the stack for thread: 0x0000016d512f1a00
RBP=0x00000066986fed50 is pointing into the stack for thread: 0x0000016d512f1a00
RSI=0x0000000000000110 is an unknown value
RDI=0x0000000000002f2f is an unknown value
R8 =0x0000016d77dae860 points into unknown readable memory: 0x0000016d14409c30 | 30 9c 40 14 6d 01 00 00
R9 =0x00007ffdb1951b50 glfw.dll
R10=0x00007ffdb19c1b10 lwjgl.dll
R11=0x00000066986ff0b8 is pointing into the stack for thread: 0x0000016d512f1a00
R12=0x0 is NULL
R13=0x00000066986ff1b8 is pointing into the stack for thread: 0x0000016d512f1a00
R14=0x00000066986ff110 is pointing into the stack for thread: 0x0000016d512f1a00
R15=0x0000016d512f1a00 is a thread


Registers:
RAX=0x0000016d76950000, RBX=0x0000000000010001, RCX=0x0000000000010001, RDX=0x00000066986fec80
RSP=0x00000066986fec48, RBP=0x00000066986fed50, RSI=0x0000000000000110, RDI=0x0000000000002f2f
R8 =0x0000016d77dae860, R9 =0x00007ffdb1951b50, R10=0x00007ffdb19c1b10, R11=0x00000066986ff0b8
R12=0x0000000000000000, R13=0x00000066986ff1b8, R14=0x00000066986ff110, R15=0x0000016d512f1a00
RIP=0x0000016d76950000, EFLAGS=0x0000000000010206

Top of Stack: (sp=0x00000066986fec48)
0x00000066986fec48:   00007ffdb1951f7c 00000066986fecd0
0x00000066986fec58:   0000016d5a5c9612 41200000986fecd0
0x00000066986fec68:   438c000041700000 0000000000000014
0x00000066986fec78:   0000016d76a2d7fc 57464c4720656854
0x00000066986fec88:   7972617262696c20 20746f6e20736920
0x00000066986fec98:   696c616974696e69 0000016d0064657a
0x00000066986feca8:   0000016d621bbc05 000000070a1401a8
0x00000066986fecb8:   0000016d7f49a7d0 000000070a13e528
0x00000066986fecc8:   00000066986fece0 000000070b2c4e30
0x00000066986fecd8:   0000016d6237a0e8 000000070b2d9e50
0x00000066986fece8:   000000070b2c4c90 0000000700000000
0x00000066986fecf8:   000000070b2d9c28 000000070a13e528
0x00000066986fed08:   0000016d7f49ac48 000000070b2c4cf0
0x00000066986fed18:   0000016d5af2687c 000000070b2c4e30
0x00000066986fed28:   0000000000000000 00000066986fed98
0x00000066986fed38:   00000066986fee10 0000016d5a5c9962 

Instructions: (pc=0x0000016d76950000)
0x0000016d7694ff00:   ?? ?? ?? ?? ?? ?? ?? ?? ?? ?? ?? ?? ?? ?? ?? ??
0x0000016d7694ff10:   ?? ?? ?? ?? ?? ?? ?? ?? ?? ?? ?? ?? ?? ?? ?? ??
0x0000016d7694ff20:   ?? ?? ?? ?? ?? ?? ?? ?? ?? ?? ?? ?? ?? ?? ?? ??
0x0000016d7694ff30:   ?? ?? ?? ?? ?? ?? ?? ?? ?? ?? ?? ?? ?? ?? ?? ??
0x0000016d7694ff40:   ?? ?? ?? ?? ?? ?? ?? ?? ?? ?? ?? ?? ?? ?? ?? ??
0x0000016d7694ff50:   ?? ?? ?? ?? ?? ?? ?? ?? ?? ?? ?? ?? ?? ?? ?? ??
0x0000016d7694ff60:   ?? ?? ?? ?? ?? ?? ?? ?? ?? ?? ?? ?? ?? ?? ?? ??
0x0000016d7694ff70:   ?? ?? ?? ?? ?? ?? ?? ?? ?? ?? ?? ?? ?? ?? ?? ??
0x0000016d7694ff80:   ?? ?? ?? ?? ?? ?? ?? ?? ?? ?? ?? ?? ?? ?? ?? ??
0x0000016d7694ff90:   ?? ?? ?? ?? ?? ?? ?? ?? ?? ?? ?? ?? ?? ?? ?? ??
0x0000016d7694ffa0:   ?? ?? ?? ?? ?? ?? ?? ?? ?? ?? ?? ?? ?? ?? ?? ??
0x0000016d7694ffb0:   ?? ?? ?? ?? ?? ?? ?? ?? ?? ?? ?? ?? ?? ?? ?? ??
0x0000016d7694ffc0:   ?? ?? ?? ?? ?? ?? ?? ?? ?? ?? ?? ?? ?? ?? ?? ??
0x0000016d7694ffd0:   ?? ?? ?? ?? ?? ?? ?? ?? ?? ?? ?? ?? ?? ?? ?? ??
0x0000016d7694ffe0:   ?? ?? ?? ?? ?? ?? ?? ?? ?? ?? ?? ?? ?? ?? ?? ??
0x0000016d7694fff0:   ?? ?? ?? ?? ?? ?? ?? ?? ?? ?? ?? ?? ?? ?? ?? ??
0x0000016d76950000:   ?? ?? ?? ?? ?? ?? ?? ?? ?? ?? ?? ?? ?? ?? ?? ??
0x0000016d76950010:   ?? ?? ?? ?? ?? ?? ?? ?? ?? ?? ?? ?? ?? ?? ?? ??
0x0000016d76950020:   ?? ?? ?? ?? ?? ?? ?? ?? ?? ?? ?? ?? ?? ?? ?? ??
0x0000016d76950030:   ?? ?? ?? ?? ?? ?? ?? ?? ?? ?? ?? ?? ?? ?? ?? ??
0x0000016d76950040:   ?? ?? ?? ?? ?? ?? ?? ?? ?? ?? ?? ?? ?? ?? ?? ??
0x0000016d76950050:   ?? ?? ?? ?? ?? ?? ?? ?? ?? ?? ?? ?? ?? ?? ?? ??
0x0000016d76950060:   ?? ?? ?? ?? ?? ?? ?? ?? ?? ?? ?? ?? ?? ?? ?? ??
0x0000016d76950070:   ?? ?? ?? ?? ?? ?? ?? ?? ?? ?? ?? ?? ?? ?? ?? ??
0x0000016d76950080:   ?? ?? ?? ?? ?? ?? ?? ?? ?? ?? ?? ?? ?? ?? ?? ??
0x0000016d76950090:   ?? ?? ?? ?? ?? ?? ?? ?? ?? ?? ?? ?? ?? ?? ?? ??
0x0000016d769500a0:   ?? ?? ?? ?? ?? ?? ?? ?? ?? ?? ?? ?? ?? ?? ?? ??
0x0000016d769500b0:   ?? ?? ?? ?? ?? ?? ?? ?? ?? ?? ?? ?? ?? ?? ?? ??
0x0000016d769500c0:   ?? ?? ?? ?? ?? ?? ?? ?? ?? ?? ?? ?? ?? ?? ?? ??
0x0000016d769500d0:   ?? ?? ?? ?? ?? ?? ?? ?? ?? ?? ?? ?? ?? ?? ?? ??
0x0000016d769500e0:   ?? ?? ?? ?? ?? ?? ?? ?? ?? ?? ?? ?? ?? ?? ?? ??
0x0000016d769500f0:   ?? ?? ?? ?? ?? ?? ?? ?? ?? ?? ?? ?? ?? ?? ?? ?? 


Stack slot to memory mapping:
stack at sp + 0 slots: 0x00007ffdb1951f7c glfw.dll
stack at sp + 1 slots: 0x00000066986fecd0 is pointing into the stack for thread: 0x0000016d512f1a00
stack at sp + 2 slots: 0x0000016d5a5c9612 is at code_begin+1394 in an Interpreter codelet
return entry points  [0x0000016d5a5c90a0, 0x0000016d5a5c9ba0]  2816 bytes
stack at sp + 3 slots: 0x41200000986fecd0 is an unknown value
stack at sp + 4 slots: 0x438c000041700000 is an unknown value
stack at sp + 5 slots: 0x0000000000000014 is an unknown value
stack at sp + 6 slots: 0x0000016d76a2d7fc points into unknown readable memory: 00 80 0d 3f
stack at sp + 7 slots: 0x57464c4720656854 is an unknown value


---------------  P R O C E S S  ---------------

Threads class SMR info:
_java_thread_list=0x0000016d779784f0, length=26, elements={
0x0000016d512f1a00, 0x0000016d767eb1b0, 0x0000016d767ecd40, 0x0000016d76803060,
0x0000016d76803920, 0x0000016d768041e0, 0x0000016d76807fa0, 0x0000016d76808b90,
0x0000016d76811550, 0x0000016d7681c630, 0x0000016d77551f40, 0x0000016d7755c410,
0x0000016d7a872d10, 0x0000016d02a3f040, 0x0000016d77677120, 0x0000016d776775f0,
0x0000016d7a786ee0, 0x0000016d7a7873b0, 0x0000016d7a787880, 0x0000016d7a786a10,
0x0000016d7a787d50, 0x0000016d7a788220, 0x0000016d7a788bc0, 0x0000016d7a789a30,
0x0000016d7a786070, 0x0000016d7a789090
}

Java Threads: ( => current thread )
=>0x0000016d512f1a00 JavaThread "main" [_thread_in_native, id=24324, stack(0x0000006698600000,0x0000006698700000)]
  0x0000016d767eb1b0 JavaThread "Reference Handler" daemon [_thread_blocked, id=27512, stack(0x0000006698d00000,0x0000006698e00000)]
  0x0000016d767ecd40 JavaThread "Finalizer" daemon [_thread_blocked, id=21632, stack(0x0000006698e00000,0x0000006698f00000)]
  0x0000016d76803060 JavaThread "Signal Dispatcher" daemon [_thread_blocked, id=23560, stack(0x0000006698f00000,0x0000006699000000)]
  0x0000016d76803920 JavaThread "Attach Listener" daemon [_thread_blocked, id=21180, stack(0x0000006699000000,0x0000006699100000)]
  0x0000016d768041e0 JavaThread "Service Thread" daemon [_thread_blocked, id=8580, stack(0x0000006699100000,0x0000006699200000)]
  0x0000016d76807fa0 JavaThread "Monitor Deflation Thread" daemon [_thread_blocked, id=18852, stack(0x0000006699200000,0x0000006699300000)]
  0x0000016d76808b90 JavaThread "C2 CompilerThread0" daemon [_thread_blocked, id=15344, stack(0x0000006699300000,0x0000006699400000)]
  0x0000016d76811550 JavaThread "C1 CompilerThread0" daemon [_thread_blocked, id=27464, stack(0x0000006699400000,0x0000006699500000)]
  0x0000016d7681c630 JavaThread "Sweeper thread" daemon [_thread_blocked, id=21556, stack(0x0000006699500000,0x0000006699600000)]
  0x0000016d77551f40 JavaThread "Notification Thread" daemon [_thread_blocked, id=11636, stack(0x0000006699800000,0x0000006699900000)]
  0x0000016d7755c410 JavaThread "Common-Cleaner" daemon [_thread_blocked, id=24160, stack(0x0000006699a00000,0x0000006699b00000)]
  0x0000016d7a872d10 JavaThread "LWJGL3 Timer" daemon [_thread_blocked, id=14076, stack(0x000000669a900000,0x000000669aa00000)]
  0x0000016d02a3f040 JavaThread "LWJGL3 Timer" daemon [_thread_blocked, id=20156, stack(0x000000669b000000,0x000000669b100000)]
  0x0000016d77677120 JavaThread "Java Sound Event Dispatcher" daemon [_thread_blocked, id=10128, stack(0x000000669b900000,0x000000669ba00000)]
  0x0000016d776775f0 JavaThread "Direct Clip" daemon [_thread_blocked, id=22372, stack(0x000000669bc00000,0x000000669bd00000)]
  0x0000016d7a786ee0 JavaThread "Direct Clip" daemon [_thread_blocked, id=25384, stack(0x000000669bf00000,0x000000669c000000)]
  0x0000016d7a7873b0 JavaThread "Direct Clip" daemon [_thread_blocked, id=24164, stack(0x0000006699700000,0x0000006699800000)]
  0x0000016d7a787880 JavaThread "Direct Clip" daemon [_thread_blocked, id=6092, stack(0x000000669ae00000,0x000000669af00000)]
  0x0000016d7a786a10 JavaThread "Direct Clip" daemon [_thread_blocked, id=13680, stack(0x000000669be00000,0x000000669bf00000)]
  0x0000016d7a787d50 JavaThread "Direct Clip" daemon [_thread_blocked, id=23004, stack(0x000000669af00000,0x000000669b000000)]
  0x0000016d7a788220 JavaThread "Direct Clip" daemon [_thread_blocked, id=23924, stack(0x000000669c100000,0x000000669c200000)]
  0x0000016d7a788bc0 JavaThread "Direct Clip" daemon [_thread_blocked, id=18540, stack(0x000000669c300000,0x000000669c400000)]
  0x0000016d7a789a30 JavaThread "Direct Clip" daemon [_thread_blocked, id=20536, stack(0x000000669c000000,0x000000669c100000)]
  0x0000016d7a786070 JavaThread "Direct Clip" daemon [_thread_blocked, id=7348, stack(0x000000669c400000,0x000000669c500000)]
  0x0000016d7a789090 JavaThread "Direct Clip" daemon [_thread_blocked, id=13868, stack(0x000000669c500000,0x000000669c600000)]

Other Threads:
  0x0000016d767e67a0 VMThread "VM Thread" [stack: 0x0000006698c00000,0x0000006698d00000] [id=7500]
  0x0000016d5136c3d0 WatcherThread [stack: 0x0000006699900000,0x0000006699a00000] [id=3428]
  0x0000016d51348550 GCTaskThread "GC Thread#0" [stack: 0x0000006698700000,0x0000006698800000] [id=12196]
  0x0000016d7a432f10 GCTaskThread "GC Thread#1" [stack: 0x000000669a300000,0x000000669a400000] [id=21148]
  0x0000016d7a42fc00 GCTaskThread "GC Thread#2" [stack: 0x000000669a400000,0x000000669a500000] [id=25960]
  0x0000016d7a431990 GCTaskThread "GC Thread#3" [stack: 0x000000669a500000,0x000000669a600000] [id=2696]
  0x0000016d7a431c40 GCTaskThread "GC Thread#4" [stack: 0x000000669a600000,0x000000669a700000] [id=19624]
  0x0000016d7a42f950 GCTaskThread "GC Thread#5" [stack: 0x000000669a700000,0x000000669a800000] [id=27356]
  0x0000016d7a430160 GCTaskThread "GC Thread#6" [stack: 0x000000669a800000,0x000000669a900000] [id=15528]
  0x0000016d0688a060 GCTaskThread "GC Thread#7" [stack: 0x000000669b100000,0x000000669b200000] [id=10372]
  0x0000016d5135a9c0 ConcurrentGCThread "G1 Main Marker" [stack: 0x0000006698800000,0x0000006698900000] [id=18988]
  0x0000016d5135b2e0 ConcurrentGCThread "G1 Conc#0" [stack: 0x0000006698900000,0x0000006698a00000] [id=12656]
  0x0000016d766830d0 ConcurrentGCThread "G1 Refine#0" [stack: 0x0000006698a00000,0x0000006698b00000] [id=3700]
  0x0000016d085d97f0 ConcurrentGCThread "G1 Refine#1" [stack: 0x000000669b200000,0x000000669b300000] [id=23548]
  0x0000016d086c0260 ConcurrentGCThread "G1 Refine#2" [stack: 0x000000669b300000,0x000000669b400000] [id=21492]
  0x0000016d068a0db0 ConcurrentGCThread "G1 Refine#3" [stack: 0x000000669b400000,0x000000669b500000] [id=24468]
  0x0000016d07364950 ConcurrentGCThread "G1 Refine#4" [stack: 0x000000669b500000,0x000000669b600000] [id=20432]
  0x0000016d7a876ed0 ConcurrentGCThread "G1 Refine#5" [stack: 0x000000669b600000,0x000000669b700000] [id=412]
  0x0000016d76683900 ConcurrentGCThread "G1 Service" [stack: 0x0000006698b00000,0x0000006698c00000] [id=19780]

Threads with active compile tasks:

VM state: not at safepoint (normal execution)

VM Mutex/Monitor currently owned by a thread: None

Heap address: 0x000000070a000000, size: 3936 MB, Compressed Oops mode: Zero based, Oop shift amount: 3

CDS archive(s) mapped at: [0x0000000800000000-0x0000000800bc0000-0x0000000800bc0000), size 12320768, SharedBaseAddress: 0x0000000800000000, ArchiveRelocationMode: 0.
Compressed class space mapped at: 0x0000000800c00000-0x0000000840c00000, reserved size: 1073741824
Narrow klass base: 0x0000000800000000, Narrow klass shift: 0, Narrow klass range: 0x100000000

GC Precious Log:
 CPUs: 16 total, 16 available
 Memory: 15741M
 Large Page Support: Disabled
 NUMA Support: Disabled
 Compressed Oops: Enabled (Zero based)
 Heap Region Size: 2M
 Heap Min Capacity: 8M
 Heap Initial Capacity: 246M
 Heap Max Capacity: 3936M
 Pre-touch: Disabled
 Parallel Workers: 13
 Concurrent Workers: 3
 Concurrent Refinement Workers: 13
 Periodic GC: Disabled

Heap:
 garbage-first heap   total 251904K, used 132437K [0x000000070a000000, 0x0000000800000000)
  region size 2048K, 43 young (88064K), 7 survivors (14336K)
 Metaspace       used 10421K, committed 10624K, reserved 1064960K
  class space    used 731K, committed 832K, reserved 1048576K

Heap Regions: E=young(eden), S=young(survivor), O=old, HS=humongous(starts), HC=humongous(continues), CS=collection set, F=free, OA=open archive, CA=closed archive, TAMS=top-at-mark-start (previous, next)
|   0|0x000000070a000000, 0x000000070a200000, 0x000000070a200000|100%| O|  |TAMS 0x000000070a000000, 0x000000070a000000| Untracked 
|   1|0x000000070a200000, 0x000000070a400000, 0x000000070a400000|100%|HS|  |TAMS 0x000000070a200000, 0x000000070a200000| Complete 
|   2|0x000000070a400000, 0x000000070a600000, 0x000000070a600000|100%|HS|  |TAMS 0x000000070a400000, 0x000000070a400000| Complete 
|   3|0x000000070a600000, 0x000000070a800000, 0x000000070a800000|100%|HS|  |TAMS 0x000000070a600000, 0x000000070a600000| Complete 
|   4|0x000000070a800000, 0x000000070aa00000, 0x000000070aa00000|100%| O|  |TAMS 0x000000070a800000, 0x000000070a800000| Untracked 
|   5|0x000000070aa00000, 0x000000070ac00000, 0x000000070ac00000|100%| O|  |TAMS 0x000000070aa00000, 0x000000070aa00000| Untracked 
|   6|0x000000070ac00000, 0x000000070ae00000, 0x000000070ae00000|100%| O|  |TAMS 0x000000070ac00000, 0x000000070ac00000| Untracked 
|   7|0x000000070ae00000, 0x000000070b000000, 0x000000070b000000|100%| O|  |TAMS 0x000000070ae00000, 0x000000070ae00000| Untracked 
|   8|0x000000070b000000, 0x000000070b200000, 0x000000070b200000|100%| O|  |TAMS 0x000000070b000000, 0x000000070b000000| Untracked 
|   9|0x000000070b200000, 0x000000070b400000, 0x000000070b400000|100%| O|  |TAMS 0x000000070b200000, 0x000000070b200000| Untracked 
|  10|0x000000070b400000, 0x000000070b600000, 0x000000070b600000|100%| O|  |TAMS 0x000000070b400000, 0x000000070b400000| Untracked 
|  11|0x000000070b600000, 0x000000070b695800, 0x000000070b800000| 29%| O|  |TAMS 0x000000070b600000, 0x000000070b600000| Untracked 
|  12|0x000000070b800000, 0x000000070ba00000, 0x000000070ba00000|100%|HS|  |TAMS 0x000000070b800000, 0x000000070b800000| Complete 
|  13|0x000000070ba00000, 0x000000070bc00000, 0x000000070bc00000|100%|HS|  |TAMS 0x000000070ba00000, 0x000000070ba00000| Complete 
|  14|0x000000070bc00000, 0x000000070be00000, 0x000000070be00000|100%|HS|  |TAMS 0x000000070bc00000, 0x000000070bc00000| Complete 
|  15|0x000000070be00000, 0x000000070c000000, 0x000000070c000000|100%|HS|  |TAMS 0x000000070be00000, 0x000000070be00000| Complete 
|  16|0x000000070c000000, 0x000000070c200000, 0x000000070c200000|100%|HS|  |TAMS 0x000000070c000000, 0x000000070c000000| Complete 
|  17|0x000000070c200000, 0x000000070c400000, 0x000000070c400000|100%|HS|  |TAMS 0x000000070c200000, 0x000000070c200000| Complete 
|  18|0x000000070c400000, 0x000000070c600000, 0x000000070c600000|100%|HS|  |TAMS 0x000000070c400000, 0x000000070c400000| Complete 
|  19|0x000000070c600000, 0x000000070c800000, 0x000000070c800000|100%|HS|  |TAMS 0x000000070c600000, 0x000000070c600000| Complete 
|  20|0x000000070c800000, 0x000000070ca00000, 0x000000070ca00000|100%|HS|  |TAMS 0x000000070c800000, 0x000000070c800000| Complete 
|  21|0x000000070ca00000, 0x000000070cc00000, 0x000000070cc00000|100%|HS|  |TAMS 0x000000070ca00000, 0x000000070ca00000| Complete 
|  22|0x000000070cc00000, 0x000000070ce00000, 0x000000070ce00000|100%|HS|  |TAMS 0x000000070cc00000, 0x000000070cc00000| Complete 
|  23|0x000000070ce00000, 0x000000070d000000, 0x000000070d000000|100%|HS|  |TAMS 0x000000070ce00000, 0x000000070ce00000| Complete 
|  24|0x000000070d000000, 0x000000070d000000, 0x000000070d200000|  0%| F|  |TAMS 0x000000070d000000, 0x000000070d000000| Untracked 
|  25|0x000000070d200000, 0x000000070d200000, 0x000000070d400000|  0%| F|  |TAMS 0x000000070d200000, 0x000000070d200000| Untracked 
|  26|0x000000070d400000, 0x000000070d400000, 0x000000070d600000|  0%| F|  |TAMS 0x000000070d400000, 0x000000070d400000| Untracked 
|  27|0x000000070d600000, 0x000000070d600000, 0x000000070d800000|  0%| F|  |TAMS 0x000000070d600000, 0x000000070d600000| Untracked 
|  28|0x000000070d800000, 0x000000070d800000, 0x000000070da00000|  0%| F|  |TAMS 0x000000070d800000, 0x000000070d800000| Untracked 
|  29|0x000000070da00000, 0x000000070da00000, 0x000000070dc00000|  0%| F|  |TAMS 0x000000070da00000, 0x000000070da00000| Untracked 
|  30|0x000000070dc00000, 0x000000070dc00000, 0x000000070de00000|  0%| F|  |TAMS 0x000000070dc00000, 0x000000070dc00000| Untracked 
|  31|0x000000070de00000, 0x000000070de00000, 0x000000070e000000|  0%| F|  |TAMS 0x000000070de00000, 0x000000070de00000| Untracked 
|  32|0x000000070e000000, 0x000000070e000000, 0x000000070e200000|  0%| F|  |TAMS 0x000000070e000000, 0x000000070e000000| Untracked 
|  33|0x000000070e200000, 0x000000070e200000, 0x000000070e400000|  0%| F|  |TAMS 0x000000070e200000, 0x000000070e200000| Untracked 
|  34|0x000000070e400000, 0x000000070e400000, 0x000000070e600000|  0%| F|  |TAMS 0x000000070e400000, 0x000000070e400000| Untracked 
|  35|0x000000070e600000, 0x000000070e600000, 0x000000070e800000|  0%| F|  |TAMS 0x000000070e600000, 0x000000070e600000| Untracked 
|  36|0x000000070e800000, 0x000000070e800000, 0x000000070ea00000|  0%| F|  |TAMS 0x000000070e800000, 0x000000070e800000| Untracked 
|  37|0x000000070ea00000, 0x000000070ea00000, 0x000000070ec00000|  0%| F|  |TAMS 0x000000070ea00000, 0x000000070ea00000| Untracked 
|  38|0x000000070ec00000, 0x000000070ec00000, 0x000000070ee00000|  0%| F|  |TAMS 0x000000070ec00000, 0x000000070ec00000| Untracked 
|  39|0x000000070ee00000, 0x000000070ee00000, 0x000000070f000000|  0%| F|  |TAMS 0x000000070ee00000, 0x000000070ee00000| Untracked 
|  40|0x000000070f000000, 0x000000070f000000, 0x000000070f200000|  0%| F|  |TAMS 0x000000070f000000, 0x000000070f000000| Untracked 
|  41|0x000000070f200000, 0x000000070f200000, 0x000000070f400000|  0%| F|  |TAMS 0x000000070f200000, 0x000000070f200000| Untracked 
|  42|0x000000070f400000, 0x000000070f400000, 0x000000070f600000|  0%| F|  |TAMS 0x000000070f400000, 0x000000070f400000| Untracked 
|  43|0x000000070f600000, 0x000000070f6bfd40, 0x000000070f800000| 37%| S|CS|TAMS 0x000000070f600000, 0x000000070f600000| Complete 
|  44|0x000000070f800000, 0x000000070fa00000, 0x000000070fa00000|100%| S|CS|TAMS 0x000000070f800000, 0x000000070f800000| Complete 
|  45|0x000000070fa00000, 0x000000070fa00000, 0x000000070fc00000|  0%| F|  |TAMS 0x000000070fa00000, 0x000000070fa00000| Untracked 
|  46|0x000000070fc00000, 0x000000070fc00000, 0x000000070fe00000|  0%| F|  |TAMS 0x000000070fc00000, 0x000000070fc00000| Untracked 
|  47|0x000000070fe00000, 0x0000000710000000, 0x0000000710000000|100%| S|CS|TAMS 0x000000070fe00000, 0x000000070fe00000| Complete 
|  48|0x0000000710000000, 0x0000000710200000, 0x0000000710200000|100%| S|CS|TAMS 0x0000000710000000, 0x0000000710000000| Complete 
|  49|0x0000000710200000, 0x0000000710400000, 0x0000000710400000|100%| S|CS|TAMS 0x0000000710200000, 0x0000000710200000| Complete 
|  50|0x0000000710400000, 0x0000000710400000, 0x0000000710600000|  0%| F|  |TAMS 0x0000000710400000, 0x0000000710400000| Untracked 
|  51|0x0000000710600000, 0x0000000710600000, 0x0000000710800000|  0%| F|  |TAMS 0x0000000710600000, 0x0000000710600000| Untracked 
|  52|0x0000000710800000, 0x0000000710800000, 0x0000000710a00000|  0%| F|  |TAMS 0x0000000710800000, 0x0000000710800000| Untracked 
|  53|0x0000000710a00000, 0x0000000710c00000, 0x0000000710c00000|100%| S|CS|TAMS 0x0000000710a00000, 0x0000000710a00000| Complete 
|  54|0x0000000710c00000, 0x0000000710e00000, 0x0000000710e00000|100%| S|CS|TAMS 0x0000000710c00000, 0x0000000710c00000| Complete 
|  55|0x0000000710e00000, 0x0000000710e00000, 0x0000000711000000|  0%| F|  |TAMS 0x0000000710e00000, 0x0000000710e00000| Untracked 
|  56|0x0000000711000000, 0x0000000711000000, 0x0000000711200000|  0%| F|  |TAMS 0x0000000711000000, 0x0000000711000000| Untracked 
|  57|0x0000000711200000, 0x0000000711200000, 0x0000000711400000|  0%| F|  |TAMS 0x0000000711200000, 0x0000000711200000| Untracked 
|  58|0x0000000711400000, 0x0000000711400000, 0x0000000711600000|  0%| F|  |TAMS 0x0000000711400000, 0x0000000711400000| Untracked 
|  59|0x0000000711600000, 0x0000000711600000, 0x0000000711800000|  0%| F|  |TAMS 0x0000000711600000, 0x0000000711600000| Untracked 
|  60|0x0000000711800000, 0x0000000711800000, 0x0000000711a00000|  0%| F|  |TAMS 0x0000000711800000, 0x0000000711800000| Untracked 
|  61|0x0000000711a00000, 0x0000000711a00000, 0x0000000711c00000|  0%| F|  |TAMS 0x0000000711a00000, 0x0000000711a00000| Untracked 
|  62|0x0000000711c00000, 0x0000000711c00000, 0x0000000711e00000|  0%| F|  |TAMS 0x0000000711c00000, 0x0000000711c00000| Untracked 
|  63|0x0000000711e00000, 0x0000000711e00000, 0x0000000712000000|  0%| F|  |TAMS 0x0000000711e00000, 0x0000000711e00000| Untracked 
|  64|0x0000000712000000, 0x0000000712000000, 0x0000000712200000|  0%| F|  |TAMS 0x0000000712000000, 0x0000000712000000| Untracked 
|  65|0x0000000712200000, 0x0000000712200000, 0x0000000712400000|  0%| F|  |TAMS 0x0000000712200000, 0x0000000712200000| Untracked 
|  66|0x0000000712400000, 0x0000000712400000, 0x0000000712600000|  0%| F|  |TAMS 0x0000000712400000, 0x0000000712400000| Untracked 
|  67|0x0000000712600000, 0x0000000712600000, 0x0000000712800000|  0%| F|  |TAMS 0x0000000712600000, 0x0000000712600000| Untracked 
|  68|0x0000000712800000, 0x0000000712800000, 0x0000000712a00000|  0%| F|  |TAMS 0x0000000712800000, 0x0000000712800000| Untracked 
|  69|0x0000000712a00000, 0x0000000712a00000, 0x0000000712c00000|  0%| F|  |TAMS 0x0000000712a00000, 0x0000000712a00000| Untracked 
|  70|0x0000000712c00000, 0x0000000712c00000, 0x0000000712e00000|  0%| F|  |TAMS 0x0000000712c00000, 0x0000000712c00000| Untracked 
|  71|0x0000000712e00000, 0x0000000712e00000, 0x0000000713000000|  0%| F|  |TAMS 0x0000000712e00000, 0x0000000712e00000| Untracked 
|  72|0x0000000713000000, 0x0000000713000000, 0x0000000713200000|  0%| F|  |TAMS 0x0000000713000000, 0x0000000713000000| Untracked 
|  73|0x0000000713200000, 0x0000000713200000, 0x0000000713400000|  0%| F|  |TAMS 0x0000000713200000, 0x0000000713200000| Untracked 
|  74|0x0000000713400000, 0x0000000713400000, 0x0000000713600000|  0%| F|  |TAMS 0x0000000713400000, 0x0000000713400000| Untracked 
|  75|0x0000000713600000, 0x0000000713600000, 0x0000000713800000|  0%| F|  |TAMS 0x0000000713600000, 0x0000000713600000| Untracked 
|  76|0x0000000713800000, 0x0000000713800000, 0x0000000713a00000|  0%| F|  |TAMS 0x0000000713800000, 0x0000000713800000| Untracked 
|  77|0x0000000713a00000, 0x0000000713a00000, 0x0000000713c00000|  0%| F|  |TAMS 0x0000000713a00000, 0x0000000713a00000| Untracked 
|  78|0x0000000713c00000, 0x0000000713c00000, 0x0000000713e00000|  0%| F|  |TAMS 0x0000000713c00000, 0x0000000713c00000| Untracked 
|  79|0x0000000713e00000, 0x0000000713e00000, 0x0000000714000000|  0%| F|  |TAMS 0x0000000713e00000, 0x0000000713e00000| Untracked 
|  80|0x0000000714000000, 0x0000000714000000, 0x0000000714200000|  0%| F|  |TAMS 0x0000000714000000, 0x0000000714000000| Untracked 
|  81|0x0000000714200000, 0x0000000714200000, 0x0000000714400000|  0%| F|  |TAMS 0x0000000714200000, 0x0000000714200000| Untracked 
|  82|0x0000000714400000, 0x0000000714400000, 0x0000000714600000|  0%| F|  |TAMS 0x0000000714400000, 0x0000000714400000| Untracked 
|  83|0x0000000714600000, 0x0000000714600000, 0x0000000714800000|  0%| F|  |TAMS 0x0000000714600000, 0x0000000714600000| Untracked 
|  84|0x0000000714800000, 0x0000000714800000, 0x0000000714a00000|  0%| F|  |TAMS 0x0000000714800000, 0x0000000714800000| Untracked 
|  85|0x0000000714a00000, 0x0000000714a00000, 0x0000000714c00000|  0%| F|  |TAMS 0x0000000714a00000, 0x0000000714a00000| Untracked 
|  86|0x0000000714c00000, 0x0000000714c00000, 0x0000000714e00000|  0%| F|  |TAMS 0x0000000714c00000, 0x0000000714c00000| Untracked 
|  87|0x0000000714e00000, 0x0000000714f00800, 0x0000000715000000| 50%| E|  |TAMS 0x0000000714e00000, 0x0000000714e00000| Complete 
|  88|0x0000000715000000, 0x0000000715200000, 0x0000000715200000|100%| E|CS|TAMS 0x0000000715000000, 0x0000000715000000| Complete 
|  89|0x0000000715200000, 0x0000000715400000, 0x0000000715400000|100%| E|CS|TAMS 0x0000000715200000, 0x0000000715200000| Complete 
|  90|0x0000000715400000, 0x0000000715600000, 0x0000000715600000|100%| E|CS|TAMS 0x0000000715400000, 0x0000000715400000| Complete 
|  91|0x0000000715600000, 0x0000000715800000, 0x0000000715800000|100%| E|CS|TAMS 0x0000000715600000, 0x0000000715600000| Complete 
|  92|0x0000000715800000, 0x0000000715a00000, 0x0000000715a00000|100%| E|CS|TAMS 0x0000000715800000, 0x0000000715800000| Complete 
|  93|0x0000000715a00000, 0x0000000715c00000, 0x0000000715c00000|100%| E|CS|TAMS 0x0000000715a00000, 0x0000000715a00000| Complete 
|  94|0x0000000715c00000, 0x0000000715e00000, 0x0000000715e00000|100%| E|CS|TAMS 0x0000000715c00000, 0x0000000715c00000| Complete 
|  95|0x0000000715e00000, 0x0000000716000000, 0x0000000716000000|100%| E|CS|TAMS 0x0000000715e00000, 0x0000000715e00000| Complete 
|  96|0x0000000716000000, 0x0000000716200000, 0x0000000716200000|100%| E|CS|TAMS 0x0000000716000000, 0x0000000716000000| Complete 
|  97|0x0000000716200000, 0x0000000716400000, 0x0000000716400000|100%| E|CS|TAMS 0x0000000716200000, 0x0000000716200000| Complete 
|  98|0x0000000716400000, 0x0000000716600000, 0x0000000716600000|100%| E|CS|TAMS 0x0000000716400000, 0x0000000716400000| Complete 
|  99|0x0000000716600000, 0x0000000716800000, 0x0000000716800000|100%| E|CS|TAMS 0x0000000716600000, 0x0000000716600000| Complete 
| 100|0x0000000716800000, 0x0000000716a00000, 0x0000000716a00000|100%| E|CS|TAMS 0x0000000716800000, 0x0000000716800000| Complete 
| 101|0x0000000716a00000, 0x0000000716c00000, 0x0000000716c00000|100%| E|CS|TAMS 0x0000000716a00000, 0x0000000716a00000| Complete 
| 102|0x0000000716c00000, 0x0000000716e00000, 0x0000000716e00000|100%| E|CS|TAMS 0x0000000716c00000, 0x0000000716c00000| Complete 
| 103|0x0000000716e00000, 0x0000000717000000, 0x0000000717000000|100%| E|CS|TAMS 0x0000000716e00000, 0x0000000716e00000| Complete 
| 104|0x0000000717000000, 0x0000000717200000, 0x0000000717200000|100%| E|CS|TAMS 0x0000000717000000, 0x0000000717000000| Complete 
| 105|0x0000000717200000, 0x0000000717400000, 0x0000000717400000|100%| E|CS|TAMS 0x0000000717200000, 0x0000000717200000| Complete 
| 106|0x0000000717400000, 0x0000000717600000, 0x0000000717600000|100%| E|CS|TAMS 0x0000000717400000, 0x0000000717400000| Complete 
| 107|0x0000000717600000, 0x0000000717800000, 0x0000000717800000|100%| E|CS|TAMS 0x0000000717600000, 0x0000000717600000| Complete 
| 108|0x0000000717800000, 0x0000000717a00000, 0x0000000717a00000|100%| E|CS|TAMS 0x0000000717800000, 0x0000000717800000| Complete 
| 109|0x0000000717a00000, 0x0000000717c00000, 0x0000000717c00000|100%| E|CS|TAMS 0x0000000717a00000, 0x0000000717a00000| Complete 
| 110|0x0000000717c00000, 0x0000000717e00000, 0x0000000717e00000|100%| E|CS|TAMS 0x0000000717c00000, 0x0000000717c00000| Complete 
| 111|0x0000000717e00000, 0x0000000718000000, 0x0000000718000000|100%| E|CS|TAMS 0x0000000717e00000, 0x0000000717e00000| Complete 
| 112|0x0000000718000000, 0x0000000718200000, 0x0000000718200000|100%| E|CS|TAMS 0x0000000718000000, 0x0000000718000000| Complete 
| 113|0x0000000718200000, 0x0000000718400000, 0x0000000718400000|100%| E|CS|TAMS 0x0000000718200000, 0x0000000718200000| Complete 
| 114|0x0000000718400000, 0x0000000718600000, 0x0000000718600000|100%| E|CS|TAMS 0x0000000718400000, 0x0000000718400000| Complete 
| 115|0x0000000718600000, 0x0000000718800000, 0x0000000718800000|100%| E|CS|TAMS 0x0000000718600000, 0x0000000718600000| Complete 
| 116|0x0000000718800000, 0x0000000718a00000, 0x0000000718a00000|100%| E|CS|TAMS 0x0000000718800000, 0x0000000718800000| Complete 
| 117|0x0000000718a00000, 0x0000000718c00000, 0x0000000718c00000|100%| E|CS|TAMS 0x0000000718a00000, 0x0000000718a00000| Complete 
| 118|0x0000000718c00000, 0x0000000718e00000, 0x0000000718e00000|100%| E|CS|TAMS 0x0000000718c00000, 0x0000000718c00000| Complete 
| 119|0x0000000718e00000, 0x0000000719000000, 0x0000000719000000|100%| E|CS|TAMS 0x0000000718e00000, 0x0000000718e00000| Complete 
| 120|0x0000000719000000, 0x0000000719200000, 0x0000000719200000|100%| E|CS|TAMS 0x0000000719000000, 0x0000000719000000| Complete 
| 121|0x0000000719200000, 0x0000000719400000, 0x0000000719400000|100%| E|CS|TAMS 0x0000000719200000, 0x0000000719200000| Complete 
| 122|0x0000000719400000, 0x0000000719600000, 0x0000000719600000|100%| E|CS|TAMS 0x0000000719400000, 0x0000000719400000| Complete 

Card table byte_map: [0x0000016d6ad20000,0x0000016d6b4d0000] _byte_map_base: 0x0000016d674d0000

Marking Bits (Prev, Next): (CMBitMap*) 0x0000016d5134aa90, (CMBitMap*) 0x0000016d5134aad0
 Prev Bits: [0x0000016d6bc80000, 0x0000016d6fa00000)
 Next Bits: [0x0000016d6fa00000, 0x0000016d73780000)

Polling page: 0x0000016d513d0000

Metaspace:

Usage:
  Non-class:      9.46 MB used.
      Class:    731.27 KB used.
       Both:     10.18 MB used.

Virtual space:
  Non-class space:       16.00 MB reserved,       9.56 MB ( 60%) committed,  2 nodes.
      Class space:        1.00 GB reserved,     832.00 KB ( <1%) committed,  1 nodes.
             Both:        1.02 GB reserved,      10.38 MB ( <1%) committed. 

Chunk freelists:
   Non-Class:  608.00 KB
       Class:  3.17 MB
        Both:  3.77 MB

MaxMetaspaceSize: unlimited
CompressedClassSpaceSize: 1.00 GB
Initial GC threshold: 21.00 MB
Current GC threshold: 21.00 MB
CDS: on
MetaspaceReclaimPolicy: balanced
 - commit_granule_bytes: 65536.
 - commit_granule_words: 8192.
 - virtual_space_node_default_size: 1048576.
 - enlarge_chunks_in_place: 1.
 - new_chunks_are_fully_committed: 0.
 - uncommit_free_chunks: 1.
 - use_allocation_guard: 0.
 - handle_deallocations: 1.


Internal statistics:

num_allocs_failed_limit: 0.
num_arena_births: 44.
num_arena_deaths: 0.
num_vsnodes_births: 3.
num_vsnodes_deaths: 0.
num_space_committed: 164.
num_space_uncommitted: 0.
num_chunks_returned_to_freelist: 0.
num_chunks_taken_from_freelist: 324.
num_chunk_merges: 0.
num_chunk_splits: 276.
num_chunks_enlarged: 251.
num_purges: 0.
num_inconsistent_stats: 0.

CodeHeap 'non-profiled nmethods': size=119168Kb used=2324Kb max_used=2324Kb free=116843Kb
 bounds [0x0000016d62160000, 0x0000016d623d0000, 0x0000016d695c0000]
CodeHeap 'profiled nmethods': size=119104Kb used=4497Kb max_used=4497Kb free=114607Kb
 bounds [0x0000016d5ad10000, 0x0000016d5b180000, 0x0000016d62160000]
CodeHeap 'non-nmethods': size=7488Kb used=1661Kb max_used=3381Kb free=5826Kb
 bounds [0x0000016d5a5c0000, 0x0000016d5a910000, 0x0000016d5ad10000]
 total_blobs=3587 nmethods=2479 adapters=1021
 compilation: enabled
              stopped_count=0, restarted_count=0
 full_count=0

Compilation events (20 events):
Event: 43.198 Thread 0x0000016d76808b90 2491       4       com.badlogic.gdx.graphics.g2d.SpriteBatch::flush (193 bytes)
Event: 43.205 Thread 0x0000016d76808b90 nmethod 2491 0x0000016d62395490 code [0x0000016d623956e0, 0x0000016d623961f0]
Event: 44.370 Thread 0x0000016d76811550 2492  s    1       java.util.Vector::size (5 bytes)
Event: 44.371 Thread 0x0000016d76811550 nmethod 2492 0x0000016d62396f90 code [0x0000016d62397120, 0x0000016d62397298]
Event: 44.699 Thread 0x0000016d76808b90 2493       4       java.util.ArrayList::grow (60 bytes)
Event: 44.702 Thread 0x0000016d76808b90 nmethod 2493 0x0000016d62397310 code [0x0000016d623974a0, 0x0000016d62397b08]
Event: 46.955 Thread 0x0000016d76808b90 2494       4       com.badlogic.gdx.utils.Array::addAll (66 bytes)
Event: 46.956 Thread 0x0000016d76808b90 nmethod 2494 0x0000016d62397d10 code [0x0000016d62397ea0, 0x0000016d623980b8]
Event: 47.669 Thread 0x0000016d76808b90 2495       4       java.lang.Integer::parseInt (300 bytes)
Event: 47.672 Thread 0x0000016d76808b90 nmethod 2495 0x0000016d62398210 code [0x0000016d623983c0, 0x0000016d623988d8]
Event: 47.881 Thread 0x0000016d76808b90 2496       4       jdk.internal.math.FloatingDecimal::getBinaryToASCIIConverter (183 bytes)
Event: 47.883 Thread 0x0000016d76808b90 nmethod 2496 0x0000016d62398f10 code [0x0000016d623990c0, 0x0000016d623993a8]
Event: 48.022 Thread 0x0000016d76811550 2497       3       org.lwjgl.glfw.GLFWCharCallbackI::callback (15 bytes)
Event: 48.023 Thread 0x0000016d76811550 nmethod 2497 0x0000016d5b173990 code [0x0000016d5b173ba0, 0x0000016d5b174188]
Event: 48.283 Thread 0x0000016d76808b90 2498       4       java.lang.String::format (16 bytes)
Event: 48.499 Thread 0x0000016d76808b90 nmethod 2498 0x0000016d62399710 code [0x0000016d62399e20, 0x0000016d6239fef0]
Event: 48.499 Thread 0x0000016d76808b90 2499       4       com.badlogic.gdx.graphics.PerspectiveCamera::update (139 bytes)
Event: 48.507 Thread 0x0000016d76808b90 nmethod 2499 0x0000016d623a3410 code [0x0000016d623a3700, 0x0000016d623a4170]
Event: 50.033 Thread 0x0000016d76808b90 2500       4       com.badlogic.gdx.graphics.g3d.utils.ModelBuilder::createSphere (17 bytes)
Event: 50.034 Thread 0x0000016d76808b90 nmethod 2500 0x0000016d623a4910 code [0x0000016d623a4b00, 0x0000016d623a4d90]

GC Heap History (12 events):
Event: 0.896 GC heap before
{Heap before GC invocations=0 (full 0):
 garbage-first heap   total 251904K, used 22528K [0x000000070a000000, 0x0000000800000000)
  region size 2048K, 11 young (22528K), 0 survivors (0K)
 Metaspace       used 7050K, committed 7232K, reserved 1064960K
  class space    used 426K, committed 512K, reserved 1048576K
}
Event: 0.899 GC heap after
{Heap after GC invocations=1 (full 0):
 garbage-first heap   total 251904K, used 2547K [0x000000070a000000, 0x0000000800000000)
  region size 2048K, 2 young (4096K), 2 survivors (4096K)
 Metaspace       used 7050K, committed 7232K, reserved 1064960K
  class space    used 426K, committed 512K, reserved 1048576K
}
Event: 4.837 GC heap before
{Heap before GC invocations=1 (full 0):
 garbage-first heap   total 251904K, used 43507K [0x000000070a000000, 0x0000000800000000)
  region size 2048K, 19 young (38912K), 2 survivors (4096K)
 Metaspace       used 9766K, committed 9920K, reserved 1064960K
  class space    used 679K, committed 704K, reserved 1048576K
}
Event: 4.861 GC heap after
{Heap after GC invocations=2 (full 0):
 garbage-first heap   total 251904K, used 22650K [0x000000070a000000, 0x0000000800000000)
  region size 2048K, 3 young (6144K), 3 survivors (6144K)
 Metaspace       used 9766K, committed 9920K, reserved 1064960K
  class space    used 679K, committed 704K, reserved 1048576K
}
Event: 5.375 GC heap before
{Heap before GC invocations=2 (full 0):
 garbage-first heap   total 251904K, used 28794K [0x000000070a000000, 0x0000000800000000)
  region size 2048K, 6 young (12288K), 3 survivors (6144K)
 Metaspace       used 9834K, committed 9920K, reserved 1064960K
  class space    used 679K, committed 704K, reserved 1048576K
}
Event: 5.379 GC heap after
{Heap after GC invocations=3 (full 0):
 garbage-first heap   total 251904K, used 24059K [0x000000070a000000, 0x0000000800000000)
  region size 2048K, 1 young (2048K), 1 survivors (2048K)
 Metaspace       used 9834K, committed 9920K, reserved 1064960K
  class space    used 679K, committed 704K, reserved 1048576K
}
Event: 18.187 GC heap before
{Heap before GC invocations=3 (full 0):
 garbage-first heap   total 251904K, used 183803K [0x000000070a000000, 0x0000000800000000)
  region size 2048K, 73 young (149504K), 1 survivors (2048K)
 Metaspace       used 10348K, committed 10432K, reserved 1064960K
  class space    used 729K, committed 768K, reserved 1048576K
}
Event: 18.192 GC heap after
{Heap after GC invocations=4 (full 0):
 garbage-first heap   total 251904K, used 40591K [0x000000070a000000, 0x0000000800000000)
  region size 2048K, 3 young (6144K), 3 survivors (6144K)
 Metaspace       used 10348K, committed 10432K, reserved 1064960K
  class space    used 729K, committed 768K, reserved 1048576K
}
Event: 31.109 GC heap before
{Heap before GC invocations=4 (full 0):
 garbage-first heap   total 251904K, used 188047K [0x000000070a000000, 0x0000000800000000)
  region size 2048K, 73 young (149504K), 3 survivors (6144K)
 Metaspace       used 10386K, committed 10496K, reserved 1064960K
  class space    used 729K, committed 768K, reserved 1048576K
}
Event: 31.114 GC heap after
{Heap after GC invocations=5 (full 0):
 garbage-first heap   total 251904K, used 50583K [0x000000070a000000, 0x0000000800000000)
  region size 2048K, 5 young (10240K), 5 survivors (10240K)
 Metaspace       used 10386K, committed 10496K, reserved 1064960K
  class space    used 729K, committed 768K, reserved 1048576K
}
Event: 43.489 GC heap before
{Heap before GC invocations=5 (full 0):
 garbage-first heap   total 251904K, used 195991K [0x000000070a000000, 0x0000000800000000)
  region size 2048K, 73 young (149504K), 5 survivors (10240K)
 Metaspace       used 10408K, committed 10560K, reserved 1064960K
  class space    used 729K, committed 768K, reserved 1048576K
}
Event: 43.496 GC heap after
{Heap after GC invocations=6 (full 0):
 garbage-first heap   total 251904K, used 60757K [0x000000070a000000, 0x0000000800000000)
  region size 2048K, 7 young (14336K), 7 survivors (14336K)
 Metaspace       used 10408K, committed 10560K, reserved 1064960K
  class space    used 729K, committed 768K, reserved 1048576K
}

Deoptimization events (20 events):
Event: 30.118 Thread 0x0000016d512f1a00 DEOPT PACKING pc=0x0000016d5b163388 sp=0x00000066986feb90
Event: 30.118 Thread 0x0000016d512f1a00 DEOPT UNPACKING pc=0x0000016d5a612b43 sp=0x00000066986fe068 mode 0
Event: 30.135 Thread 0x0000016d512f1a00 DEOPT PACKING pc=0x0000016d5b163388 sp=0x00000066986feb90
Event: 30.135 Thread 0x0000016d512f1a00 DEOPT UNPACKING pc=0x0000016d5a612b43 sp=0x00000066986fe068 mode 0
Event: 30.152 Thread 0x0000016d512f1a00 DEOPT PACKING pc=0x0000016d5b163388 sp=0x00000066986feb90
Event: 30.152 Thread 0x0000016d512f1a00 DEOPT UNPACKING pc=0x0000016d5a612b43 sp=0x00000066986fe068 mode 0
Event: 30.168 Thread 0x0000016d512f1a00 DEOPT PACKING pc=0x0000016d5b163388 sp=0x00000066986feb90
Event: 30.168 Thread 0x0000016d512f1a00 DEOPT UNPACKING pc=0x0000016d5a612b43 sp=0x00000066986fe068 mode 0
Event: 30.168 Thread 0x0000016d512f1a00 DEOPT PACKING pc=0x0000016d5b163388 sp=0x00000066986feb90
Event: 30.168 Thread 0x0000016d512f1a00 DEOPT UNPACKING pc=0x0000016d5a612b43 sp=0x00000066986fe068 mode 0
Event: 30.185 Thread 0x0000016d512f1a00 DEOPT PACKING pc=0x0000016d5b163388 sp=0x00000066986feb90
Event: 30.185 Thread 0x0000016d512f1a00 DEOPT UNPACKING pc=0x0000016d5a612b43 sp=0x00000066986fe068 mode 0
Event: 30.201 Thread 0x0000016d512f1a00 DEOPT PACKING pc=0x0000016d5b163388 sp=0x00000066986feb90
Event: 30.201 Thread 0x0000016d512f1a00 DEOPT UNPACKING pc=0x0000016d5a612b43 sp=0x00000066986fe068 mode 0
Event: 39.944 Thread 0x0000016d512f1a00 DEOPT PACKING pc=0x0000016d5b0ce84b sp=0x00000066986fe860
Event: 39.944 Thread 0x0000016d512f1a00 DEOPT UNPACKING pc=0x0000016d5a612b43 sp=0x00000066986fdc98 mode 0
Event: 41.781 Thread 0x0000016d512f1a00 Uncommon trap: trap_request=0xffffff45 fr.pc=0x0000016d623949a0 relative=0x00000000000000a0
Event: 41.781 Thread 0x0000016d512f1a00 Uncommon trap: reason=unstable_if action=reinterpret pc=0x0000016d623949a0 method=com.crazyputting3d.Engine.physicsEngine.isInTerrain(DD)Z @ 15 c2
Event: 41.781 Thread 0x0000016d512f1a00 DEOPT PACKING pc=0x0000016d623949a0 sp=0x00000066986feb00
Event: 41.781 Thread 0x0000016d512f1a00 DEOPT UNPACKING pc=0x0000016d5a6123a3 sp=0x00000066986feaa0 mode 2

Classes unloaded (0 events):
No events

Classes redefined (0 events):
No events

Internal exceptions (20 events):
Event: 0.216 Thread 0x0000016d512f1a00 Exception <a 'java/lang/NoSuchMethodError'{0x0000000718e41fe0}: 'void java.lang.invoke.DirectMethodHandle$Holder.invokeStatic(java.lang.Object, java.lang.Object)'> (0x0000000718e41fe0) 
thrown [e:\jenkins\tmp\workspace\build\src\src\hotspot\share\interpreter\linkResolver.cpp, line 766]
Event: 0.216 Thread 0x0000016d512f1a00 Exception <a 'java/lang/NoSuchMethodError'{0x0000000718e47828}: 'void java.lang.invoke.DirectMethodHandle$Holder.invokeSpecial(java.lang.Object, java.lang.Object, java.lang.Object)'> (0x0000000718e47828) 
thrown [e:\jenkins\tmp\workspace\build\src\src\hotspot\share\interpreter\linkResolver.cpp, line 766]
Event: 0.218 Thread 0x0000016d512f1a00 Exception <a 'java/lang/NoSuchMethodError'{0x0000000718e5abb0}: 'java.lang.Object java.lang.invoke.DirectMethodHandle$Holder.invokeStatic(java.lang.Object, java.lang.Object, int)'> (0x0000000718e5abb0) 
thrown [e:\jenkins\tmp\workspace\build\src\src\hotspot\share\interpreter\linkResolver.cpp, line 766]
Event: 0.219 Thread 0x0000016d512f1a00 Exception <a 'java/lang/NoSuchMethodError'{0x0000000718e66920}: 'void java.lang.invoke.DelegatingMethodHandle$Holder.delegate(java.lang.Object, java.lang.Object, int, java.lang.Object)'> (0x0000000718e66920) 
thrown [e:\jenkins\tmp\workspace\build\src\src\hotspot\share\interpreter\linkResolver.cpp, line 766]
Event: 0.220 Thread 0x0000016d512f1a00 Exception <a 'java/lang/NoSuchMethodError'{0x0000000718e6ab60}: 'int java.lang.invoke.DirectMethodHandle$Holder.invokeSpecial(java.lang.Object, java.lang.Object, java.lang.Object)'> (0x0000000718e6ab60) 
thrown [e:\jenkins\tmp\workspace\build\src\src\hotspot\share\interpreter\linkResolver.cpp, line 766]
Event: 0.251 Thread 0x0000016d512f1a00 Exception <a 'sun/nio/fs/WindowsException'{0x0000000718f11928}> (0x0000000718f11928) 
thrown [e:\jenkins\tmp\workspace\build\src\src\hotspot\share\prims\jni.cpp, line 516]
Event: 0.251 Thread 0x0000016d512f1a00 Exception <a 'sun/nio/fs/WindowsException'{0x0000000718f11e80}> (0x0000000718f11e80) 
thrown [e:\jenkins\tmp\workspace\build\src\src\hotspot\share\prims\jni.cpp, line 516]
Event: 0.278 Thread 0x0000016d512f1a00 Exception <a 'sun/nio/fs/WindowsException'{0x0000000718c02aa0}> (0x0000000718c02aa0) 
thrown [e:\jenkins\tmp\workspace\build\src\src\hotspot\share\prims\jni.cpp, line 516]
Event: 0.278 Thread 0x0000016d512f1a00 Exception <a 'sun/nio/fs/WindowsException'{0x0000000718c02e40}> (0x0000000718c02e40) 
thrown [e:\jenkins\tmp\workspace\build\src\src\hotspot\share\prims\jni.cpp, line 516]
Event: 0.297 Thread 0x0000016d512f1a00 Exception <a 'sun/nio/fs/WindowsException'{0x0000000718cb0ea8}> (0x0000000718cb0ea8) 
thrown [e:\jenkins\tmp\workspace\build\src\src\hotspot\share\prims\jni.cpp, line 516]
Event: 0.297 Thread 0x0000016d512f1a00 Exception <a 'sun/nio/fs/WindowsException'{0x0000000718cb1218}> (0x0000000718cb1218) 
thrown [e:\jenkins\tmp\workspace\build\src\src\hotspot\share\prims\jni.cpp, line 516]
Event: 0.340 Thread 0x0000016d512f1a00 Exception <a 'sun/nio/fs/WindowsException'{0x0000000718d36460}> (0x0000000718d36460) 
thrown [e:\jenkins\tmp\workspace\build\src\src\hotspot\share\prims\jni.cpp, line 516]
Event: 0.340 Thread 0x0000016d512f1a00 Exception <a 'sun/nio/fs/WindowsException'{0x0000000718d367e8}> (0x0000000718d367e8) 
thrown [e:\jenkins\tmp\workspace\build\src\src\hotspot\share\prims\jni.cpp, line 516]
Event: 0.614 Thread 0x0000016d512f1a00 Exception <a 'sun/nio/fs/WindowsException'{0x0000000718b1b818}> (0x0000000718b1b818) 
thrown [e:\jenkins\tmp\workspace\build\src\src\hotspot\share\prims\jni.cpp, line 516]
Event: 0.614 Thread 0x0000016d512f1a00 Exception <a 'sun/nio/fs/WindowsException'{0x0000000718b1bbc8}> (0x0000000718b1bbc8) 
thrown [e:\jenkins\tmp\workspace\build\src\src\hotspot\share\prims\jni.cpp, line 516]
Event: 0.616 Thread 0x0000016d512f1a00 Exception <a 'sun/nio/fs/WindowsException'{0x0000000718b27d60}> (0x0000000718b27d60) 
thrown [e:\jenkins\tmp\workspace\build\src\src\hotspot\share\prims\jni.cpp, line 516]
Event: 0.616 Thread 0x0000016d512f1a00 Exception <a 'sun/nio/fs/WindowsException'{0x0000000718b28048}> (0x0000000718b28048) 
thrown [e:\jenkins\tmp\workspace\build\src\src\hotspot\share\prims\jni.cpp, line 516]
Event: 4.283 Thread 0x0000016d512f1a00 Implicit null exception at 0x0000016d621c8cb0 to 0x0000016d621c8e88
Event: 4.302 Thread 0x0000016d512f1a00 Implicit null exception at 0x0000016d621d553f to 0x0000016d621d561c
Event: 7.945 Thread 0x0000016d0287da20 Implicit null exception at 0x0000016d621ca85f to 0x0000016d621ca91c

VM Operations (20 events):
Event: 25.458 Executing VM operation: ICBufferFull
Event: 25.458 Executing VM operation: ICBufferFull done
Event: 26.111 Executing VM operation: ICBufferFull
Event: 26.111 Executing VM operation: ICBufferFull done
Event: 26.773 Executing VM operation: ICBufferFull
Event: 26.773 Executing VM operation: ICBufferFull done
Event: 27.774 Executing VM operation: Cleanup
Event: 27.774 Executing VM operation: Cleanup done
Event: 29.774 Executing VM operation: Cleanup
Event: 29.774 Executing VM operation: Cleanup done
Event: 30.775 Executing VM operation: Cleanup
Event: 30.775 Executing VM operation: Cleanup done
Event: 31.109 Executing VM operation: G1CollectForAllocation
Event: 31.114 Executing VM operation: G1CollectForAllocation done
Event: 42.117 Executing VM operation: Cleanup
Event: 42.117 Executing VM operation: Cleanup done
Event: 43.489 Executing VM operation: G1CollectForAllocation
Event: 43.496 Executing VM operation: G1CollectForAllocation done
Event: 49.498 Executing VM operation: Cleanup
Event: 49.498 Executing VM operation: Cleanup done

Events (20 events):
Event: 29.732 Thread 0x0000016d7a7886f0 Thread added: 0x0000016d7a7886f0
Event: 29.737 Thread 0x0000016d7a787d50 Thread added: 0x0000016d7a787d50
Event: 29.783 Thread 0x0000016d143a2d00 Thread added: 0x0000016d143a2d00
Event: 29.938 Thread 0x0000016d7a7886f0 Thread exited: 0x0000016d7a7886f0
Event: 30.083 Thread 0x0000016d7a789a30 Thread added: 0x0000016d7a789a30
Event: 30.086 Thread 0x0000016d7a788220 Thread added: 0x0000016d7a788220
Event: 30.300 Thread 0x0000016d7a7886f0 Thread added: 0x0000016d7a7886f0
Event: 30.303 Thread 0x0000016d7a788bc0 Thread added: 0x0000016d7a788bc0
Event: 30.504 Thread 0x0000016d7a7886f0 Thread exited: 0x0000016d7a7886f0
Event: 30.986 Thread 0x0000016d7a789a30 Thread exited: 0x0000016d7a789a30
Event: 34.664 Thread 0x0000016d143a2d00 Thread exited: 0x0000016d143a2d00
Event: 41.771 Thread 0x0000016d7a789090 Thread added: 0x0000016d7a789090
Event: 41.775 Thread 0x0000016d7a789a30 Thread added: 0x0000016d7a789a30
Event: 41.837 Thread 0x0000016d7a786540 Thread added: 0x0000016d7a786540
Event: 41.841 Thread 0x0000016d7a786070 Thread added: 0x0000016d7a786070
Event: 41.975 Thread 0x0000016d7a789090 Thread exited: 0x0000016d7a789090
Event: 42.037 Thread 0x0000016d7a7886f0 Thread added: 0x0000016d7a7886f0
Event: 42.040 Thread 0x0000016d7a789090 Thread added: 0x0000016d7a789090
Event: 42.240 Thread 0x0000016d7a7886f0 Thread exited: 0x0000016d7a7886f0
Event: 42.742 Thread 0x0000016d7a786540 Thread exited: 0x0000016d7a786540


Dynamic libraries:
0x00007ff7d8a20000 - 0x00007ff7d8a2e000 	C:\Program Files\Eclipse Adoptium\jdk-17.0.1.12-hotspot\bin\java.exe
0x00007ffdc5cd0000 - 0x00007ffdc5ec5000 	C:\Windows\SYSTEM32\ntdll.dll
0x00007ffdc4060000 - 0x00007ffdc411d000 	C:\Windows\System32\KERNEL32.DLL
0x00007ffdc3720000 - 0x00007ffdc39ed000 	C:\Windows\System32\KERNELBASE.dll
0x00007ffdc33b0000 - 0x00007ffdc34b0000 	C:\Windows\System32\ucrtbase.dll
0x00007ffdb6650000 - 0x00007ffdb6668000 	C:\Program Files\Eclipse Adoptium\jdk-17.0.1.12-hotspot\bin\jli.dll
0x00007ffdbd460000 - 0x00007ffdbd479000 	C:\Program Files\Eclipse Adoptium\jdk-17.0.1.12-hotspot\bin\VCRUNTIME140.dll
0x00007ffdc5530000 - 0x00007ffdc56d0000 	C:\Windows\System32\USER32.dll
0x00007ffdc3c20000 - 0x00007ffdc3c42000 	C:\Windows\System32\win32u.dll
0x00007ffdad620000 - 0x00007ffdad8ba000 	C:\Windows\WinSxS\amd64_microsoft.windows.common-controls_6595b64144ccf1df_6.0.19041.1110_none_60b5254171f9507e\COMCTL32.dll
0x00007ffdc5bd0000 - 0x00007ffdc5bfa000 	C:\Windows\System32\GDI32.dll
0x00007ffdc5190000 - 0x00007ffdc522e000 	C:\Windows\System32\msvcrt.dll
0x00007ffdc3610000 - 0x00007ffdc371b000 	C:\Windows\System32\gdi32full.dll
0x00007ffdc39f0000 - 0x00007ffdc3a8d000 	C:\Windows\System32\msvcp_win.dll
0x00007ffdc4eb0000 - 0x00007ffdc4ee0000 	C:\Windows\System32\IMM32.DLL
0x00007ffdbede0000 - 0x00007ffdbedec000 	C:\Program Files\Eclipse Adoptium\jdk-17.0.1.12-hotspot\bin\vcruntime140_1.dll
0x00007ffdb1890000 - 0x00007ffdb1921000 	C:\Program Files\Eclipse Adoptium\jdk-17.0.1.12-hotspot\bin\msvcp140.dll
0x00007ffd82e10000 - 0x00007ffd83a56000 	C:\Program Files\Eclipse Adoptium\jdk-17.0.1.12-hotspot\bin\server\jvm.dll
0x00007ffdc3fb0000 - 0x00007ffdc405e000 	C:\Windows\System32\ADVAPI32.dll
0x00007ffdc3e80000 - 0x00007ffdc3f1c000 	C:\Windows\System32\sechost.dll
0x00007ffdc3d50000 - 0x00007ffdc3e75000 	C:\Windows\System32\RPCRT4.dll
0x00007ffdc4ee0000 - 0x00007ffdc4ee8000 	C:\Windows\System32\PSAPI.DLL
0x00007ffdb8890000 - 0x00007ffdb88b7000 	C:\Windows\SYSTEM32\WINMM.dll
0x00007ffda5c00000 - 0x00007ffda5c09000 	C:\Windows\SYSTEM32\WSOCK32.dll
0x00007ffdbc260000 - 0x00007ffdbc26a000 	C:\Windows\SYSTEM32\VERSION.dll
0x00007ffdc52e0000 - 0x00007ffdc534b000 	C:\Windows\System32\WS2_32.dll
0x00007ffdc1c40000 - 0x00007ffdc1c52000 	C:\Windows\SYSTEM32\kernel.appcore.dll
0x00007ffdbee30000 - 0x00007ffdbee3a000 	C:\Program Files\Eclipse Adoptium\jdk-17.0.1.12-hotspot\bin\jimage.dll
0x00007ffdc1a30000 - 0x00007ffdc1c14000 	C:\Windows\SYSTEM32\DBGHELP.DLL
0x00007ffdb8de0000 - 0x00007ffdb8e0c000 	C:\Windows\SYSTEM32\dbgcore.DLL
0x00007ffdc3a90000 - 0x00007ffdc3b12000 	C:\Windows\System32\bcryptPrimitives.dll
0x00007ffdb62b0000 - 0x00007ffdb62d5000 	C:\Program Files\Eclipse Adoptium\jdk-17.0.1.12-hotspot\bin\java.dll
0x00007ffdb1a30000 - 0x00007ffdb1b06000 	C:\Program Files\Eclipse Adoptium\jdk-17.0.1.12-hotspot\bin\svml.dll
0x00007ffdc4120000 - 0x00007ffdc4864000 	C:\Windows\System32\SHELL32.dll
0x00007ffdc1150000 - 0x00007ffdc18e4000 	C:\Windows\SYSTEM32\windows.storage.dll
0x00007ffdc5870000 - 0x00007ffdc5bc4000 	C:\Windows\System32\combase.dll
0x00007ffdc2e10000 - 0x00007ffdc2e3c000 	C:\Windows\SYSTEM32\Wldp.dll
0x00007ffdc5230000 - 0x00007ffdc52dd000 	C:\Windows\System32\SHCORE.dll
0x00007ffdc3cf0000 - 0x00007ffdc3d45000 	C:\Windows\System32\shlwapi.dll
0x00007ffdc32f0000 - 0x00007ffdc330f000 	C:\Windows\SYSTEM32\profapi.dll
0x00007ffdaafa0000 - 0x00007ffdaafb9000 	C:\Program Files\Eclipse Adoptium\jdk-17.0.1.12-hotspot\bin\net.dll
0x00007ffdb4be0000 - 0x00007ffdb4cea000 	C:\Windows\SYSTEM32\WINHTTP.dll
0x00007ffdc2b70000 - 0x00007ffdc2bda000 	C:\Windows\system32\mswsock.dll
0x00007ffdaaf80000 - 0x00007ffdaaf95000 	C:\Program Files\Eclipse Adoptium\jdk-17.0.1.12-hotspot\bin\nio.dll
0x00007ffdaace0000 - 0x00007ffdaacf8000 	C:\Program Files\Eclipse Adoptium\jdk-17.0.1.12-hotspot\bin\zip.dll
0x000000006e700000 - 0x000000006e72a000 	C:\Users\grado\AppData\Local\Temp\libgdxgrado\e1cd32f8\gdx64.dll
0x00007ffdb19c0000 - 0x00007ffdb1a24000 	C:\Users\grado\AppData\Local\Temp\lwjglgrado\3.2.3-build-13\lwjgl.dll
0x00007ffd84490000 - 0x00007ffd846e3000 	C:\Users\grado\AppData\Local\Temp\lwjglgrado\3.2.3-build-13\jemalloc.dll
0x00007ffdb1950000 - 0x00007ffdb19b2000 	C:\Users\grado\AppData\Local\Temp\lwjglgrado\3.2.3-build-13\glfw.dll
0x00007ffdc0870000 - 0x00007ffdc090e000 	C:\Windows\system32\uxtheme.dll
0x00007ffdaa450000 - 0x00007ffdaa495000 	C:\Windows\SYSTEM32\dinput8.dll
0x00007ffdb1930000 - 0x00007ffdb1941000 	C:\Windows\SYSTEM32\xinput1_4.dll
0x00007ffdc3b20000 - 0x00007ffdc3b6e000 	C:\Windows\System32\cfgmgr32.dll
0x00007ffdc3160000 - 0x00007ffdc318c000 	C:\Windows\SYSTEM32\DEVOBJ.dll
0x00007ffdc0a00000 - 0x00007ffdc0a2f000 	C:\Windows\SYSTEM32\dwmapi.dll
0x00007ffda8c80000 - 0x00007ffda8dd2000 	C:\Windows\SYSTEM32\inputhost.dll
0x00007ffdc4d70000 - 0x00007ffdc4e3d000 	C:\Windows\System32\OLEAUT32.dll
0x00007ffdbfad0000 - 0x00007ffdbfc24000 	C:\Windows\SYSTEM32\wintypes.dll
0x00007ffdc0500000 - 0x00007ffdc05f2000 	C:\Windows\SYSTEM32\CoreMessaging.dll
0x00007ffdbe990000 - 0x00007ffdbea86000 	C:\Windows\SYSTEM32\PROPSYS.dll
0x00007ffdc01a0000 - 0x00007ffdc04fe000 	C:\Windows\SYSTEM32\CoreUIComponents.dll
0x00007ffdc20b0000 - 0x00007ffdc20e3000 	C:\Windows\SYSTEM32\ntmarta.dll
0x00007ffdc5750000 - 0x00007ffdc5865000 	C:\Windows\System32\MSCTF.dll
0x00007ffdc18f0000 - 0x00007ffdc18fd000 	C:\Windows\SYSTEM32\HID.DLL
0x00007ffdc4870000 - 0x00007ffdc4ce1000 	C:\Windows\System32\SETUPAPI.DLL
0x00007ffdc3c50000 - 0x00007ffdc3c77000 	C:\Windows\System32\bcrypt.dll
0x00007ffdc3c80000 - 0x00007ffdc3ce8000 	C:\Windows\System32\WINTRUST.dll
0x00007ffdc34b0000 - 0x00007ffdc3606000 	C:\Windows\System32\CRYPT32.dll
0x00007ffdc2fa0000 - 0x00007ffdc2fb2000 	C:\Windows\SYSTEM32\MSASN1.dll
0x00007ffd81e40000 - 0x00007ffd81f4b000 	C:\Users\grado\AppData\Local\Temp\lwjglgrado\3.2.3-build-13\OpenAL.dll
0x00007ffdc5400000 - 0x00007ffdc552a000 	C:\Windows\System32\ole32.dll
0x00007ffdc5350000 - 0x00007ffdc53f9000 	C:\Windows\System32\clbcatq.dll
0x00007ffdbb510000 - 0x00007ffdbb595000 	C:\Windows\System32\MMDevApi.dll
0x00007ffdbbda0000 - 0x00007ffdbbf22000 	C:\Windows\SYSTEM32\AUDIOSES.DLL
0x00007ffdc2930000 - 0x00007ffdc297b000 	C:\Windows\SYSTEM32\powrprof.dll
0x00007ffdc27f0000 - 0x00007ffdc2802000 	C:\Windows\SYSTEM32\UMPDC.dll
0x00007ffdc0a30000 - 0x00007ffdc0a44000 	C:\Windows\SYSTEM32\resourcepolicyclient.dll
0x00007ffd22910000 - 0x00007ffd22a36000 	C:\Windows\SYSTEM32\opengl32.dll
0x00007ffd228e0000 - 0x00007ffd2290c000 	C:\Windows\SYSTEM32\GLU32.dll
0x00007ffdbc2e0000 - 0x00007ffdbc3d7000 	C:\Windows\System32\AppXDeploymentClient.dll
0x00007ffdab4d0000 - 0x00007ffdab4fa000 	C:\Windows\System32\DriverStore\FileRepository\u0361612.inf_amd64_b679e02f70413f9f\B361368\atig6pxx.dll
0x00007ffd7dc80000 - 0x00007ffd80966000 	C:\Windows\System32\DriverStore\FileRepository\u0361612.inf_amd64_b679e02f70413f9f\B361368\atio6axx.dll
0x00007ffd86690000 - 0x00007ffd866b4000 	C:\Windows\SYSTEM32\dxva2.dll
0x00007ffda3f10000 - 0x00007ffda3f4c000 	C:\Windows\System32\DriverStore\FileRepository\u0361612.inf_amd64_b679e02f70413f9f\B361368\atig6txx.dll
0x00007ffd81c80000 - 0x00007ffd81e39000 	C:\Windows\SYSTEM32\atiadlxx.dll
0x00007ffdb9380000 - 0x00007ffdb93bb000 	C:\Windows\SYSTEM32\dxcore.dll
0x00007ffd9ef60000 - 0x00007ffd9efb9000 	C:\Users\grado\AppData\Local\Temp\lwjglgrado\3.2.3-build-13\lwjgl_opengl.dll
0x00007ffda93b0000 - 0x00007ffda94a9000 	C:\Windows\SYSTEM32\textinputframework.dll
0x00007ffdaacc0000 - 0x00007ffdaacd1000 	C:\Program Files\Eclipse Adoptium\jdk-17.0.1.12-hotspot\bin\jsound.dll
0x00007ffd853c0000 - 0x00007ffd8545c000 	C:\Windows\SYSTEM32\DSOUND.dll
0x00007ffdb3710000 - 0x00007ffdb3736000 	C:\Windows\SYSTEM32\winmmbase.dll
0x00007ffda9b00000 - 0x00007ffda9b46000 	C:\Windows\SYSTEM32\wdmaud.drv
0x00007ffdbd880000 - 0x00007ffdbd88a000 	C:\Windows\SYSTEM32\AVRT.dll
0x00007ffdbde60000 - 0x00007ffdbde69000 	C:\Windows\SYSTEM32\ksuser.dll
0x00007ffdbc5b0000 - 0x00007ffdbc5bd000 	C:\Windows\SYSTEM32\msacm32.drv
0x00007ffdbc630000 - 0x00007ffdbc64e000 	C:\Windows\SYSTEM32\MSACM32.dll
0x00007ffdb6730000 - 0x00007ffdb673b000 	C:\Windows\SYSTEM32\midimap.dll
0x00007ffda8de0000 - 0x00007ffda8f21000 	C:\Windows\System32\Windows.UI.dll
0x00007ffdbd350000 - 0x00007ffdbd3f1000 	C:\Windows\System32\WindowManagementAPI.dll
0x00007ffdbca10000 - 0x00007ffdbcc11000 	C:\Windows\SYSTEM32\twinapi.appcore.dll

dbghelp: loaded successfully - version: 4.0.5 - missing functions: none
symbol engine: initialized successfully - sym options: 0x614 - pdb path: .;C:\Program Files\Eclipse Adoptium\jdk-17.0.1.12-hotspot\bin;C:\Windows\SYSTEM32;C:\Windows\WinSxS\amd64_microsoft.windows.common-controls_6595b64144ccf1df_6.0.19041.1110_none_60b5254171f9507e;C:\Program Files\Eclipse Adoptium\jdk-17.0.1.12-hotspot\bin\server;C:\Users\grado\AppData\Local\Temp\libgdxgrado\e1cd32f8;C:\Users\grado\AppData\Local\Temp\lwjglgrado\3.2.3-build-13;C:\Windows\System32\DriverStore\FileRepository\u0361612.inf_amd64_b679e02f70413f9f\B361368

VM Arguments:
jvm_args: -XX:+ShowCodeDetailsInExceptionMessages 
java_command: com.crazyputting3d.Main
java_class_path (initial): C:\Users\grado\Documents\Group-04\3dcrazyputting\desktop\bin\main;\CrazyPutting3D-core\bin\default;C:\Users\grado\Documents\Group-04\3dcrazyputting\core\bin\main;C:\Users\grado\.gradle\caches\modules-2\files-2.1\com.badlogicgames.gdx\gdx-backend-lwjgl3\1.10.0\600c7d5b2c977daa82c4abad147087b31e0ada87\gdx-backend-lwjgl3-1.10.0.jar;C:\Users\grado\.gradle\caches\modules-2\files-2.1\com.badlogicgames.gdx\gdx-platform\1.10.0\9a8fa793d2fd6d360afc6c9e4c1f5583da263b88\gdx-platform-1.10.0-natives-desktop.jar;C:\Users\grado\.gradle\caches\modules-2\files-2.1\com.badlogicgames.gdx\gdx-bullet-platform\1.10.0\ce92e8dfc762523d769cbc50853163c03bf98cf1\gdx-bullet-platform-1.10.0-natives-desktop.jar;C:\Users\grado\.gradle\caches\modules-2\files-2.1\com.badlogicgames.gdx\gdx-freetype-platform\1.10.0\6e5d28752759e69384f12e4569d2c884ff71352f\gdx-freetype-platform-1.10.0-natives-desktop.jar;C:\Users\grado\.gradle\caches\modules-2\files-2.1\com.badlogicgames.gdx-controllers\gdx-controllers-desktop\2.2.1\cb3430c32468a090eca54d494d16bb3764ceff9b\gdx-controllers-desktop-2.2.1.jar;C:\Users\grado\.gradle\caches\modules-2\files-2.1\org.jetbrains\annotations\20.1.0\2fcd1f3225bca0c4a7bc931142076f8c1e80993f\annotations-20.1.0.jar;C:\Users\grado\.gradle\caches\modules-2\files-2.1\com.badlogicgames.gdx\gdx-bullet\1.10.0\839b58c7278f5c3b55291c3a559d91227400ecdb\gdx-bullet-1.10.0.jar;C:\Users\grado\.gradle\caches\modules-2\files-2.1\com.badlogicgames.gdx\gdx-freetype\1.10.0\de1d0d5c1e92e8d91364256fd6b7bb279d3e9859\gdx-freetype-1.10.0.jar;C:\Users\grado\.gradle\caches\modules-2\files-2.1\com.badlogicgames.gdx\gdx-ai\1.8.2\ab75d2ce80ab1b1ce6828a15dc0f417abac4c674\gdx-ai-1.8.2.jar;C:\Users\grado\.gradle\caches\modules-2\files-2.1\com.badlogicgames.ashley\ashley\1.7.4\21a3a8932919099c4e5006a7d8378dcbe76ef8a5\ashley-1.7.4.jar;C:\Users\grado\.gradle\caches\modules-2\files-2.1\com.badlogicgames.box2dlights\box2dlights\1.5\6902dbcd250c95a27973aa24a147a95b3828d348\box2dlights-1.5.j
Launcher Type: SUN_STANDARD

[Global flags]
     intx CICompilerCount                          = 12                                        {product} {ergonomic}
     uint ConcGCThreads                            = 3                                         {product} {ergonomic}
     uint G1ConcRefinementThreads                  = 13                                        {product} {ergonomic}
   size_t G1HeapRegionSize                         = 2097152                                   {product} {ergonomic}
    uintx GCDrainStackTargetSize                   = 64                                        {product} {ergonomic}
   size_t InitialHeapSize                          = 257949696                                 {product} {ergonomic}
   size_t MarkStackSize                            = 4194304                                   {product} {ergonomic}
   size_t MaxHeapSize                              = 4127195136                                {product} {ergonomic}
   size_t MaxNewSize                               = 2474639360                                {product} {ergonomic}
   size_t MinHeapDeltaBytes                        = 2097152                                   {product} {ergonomic}
   size_t MinHeapSize                              = 8388608                                   {product} {ergonomic}
    uintx NonNMethodCodeHeapSize                   = 7602480                                {pd product} {ergonomic}
    uintx NonProfiledCodeHeapSize                  = 122027880                              {pd product} {ergonomic}
    uintx ProfiledCodeHeapSize                     = 122027880                              {pd product} {ergonomic}
    uintx ReservedCodeCacheSize                    = 251658240                              {pd product} {ergonomic}
     bool SegmentedCodeCache                       = true                                      {product} {ergonomic}
     bool ShowCodeDetailsInExceptionMessages       = true                                   {manageable} {command line}
   size_t SoftMaxHeapSize                          = 4127195136                             {manageable} {ergonomic}
     bool UseCompressedClassPointers               = true                           {product lp64_product} {ergonomic}
     bool UseCompressedOops                        = true                           {product lp64_product} {ergonomic}
     bool UseG1GC                                  = true                                      {product} {ergonomic}
     bool UseLargePagesIndividualAllocation        = false                                  {pd product} {ergonomic}

Logging:
Log output configuration:
 #0: stdout all=warning uptime,level,tags
 #1: stderr all=off uptime,level,tags

Environment Variables:
PATH=C:\Program Files\Common Files\Oracle\Java\javapath;C:\Windows\system32;C:\Windows;C:\Windows\System32\Wbem;C:\Windows\System32\WindowsPowerShell\v1.0\;C:\Windows\System32\OpenSSH\;C:\Program Files (x86)\NVIDIA Corporation\PhysX\Common;C:\Program Files\NVIDIA Corporation\NVIDIA NvDLISR;C:\Program Files\MATLAB\R2022a\bin;C:\Program Files\Gradle\gradle-7.4.2\bin;C:\Program Files\Git\cmd;C:\Users\grado\AppData\Local\Microsoft\WindowsApps;C:\Users\grado\AppData\Local\Programs\Microsoft VS Code\bin;C:\Users\grado\AppData\Local\GitHubDesktop\bin
USERNAME=grado
LANG=en_US.UTF-8
OS=Windows_NT
PROCESSOR_IDENTIFIER=AMD64 Family 23 Model 96 Stepping 1, AuthenticAMD



---------------  S Y S T E M  ---------------

OS:
 Windows 10 , 64 bit Build 19041 (10.0.19041.1706)
OS uptime: 11 days 17:33 hours

CPU: total 16 (initial active 16) (16 cores per cpu, 2 threads per core) family 23 model 96 stepping 1 microcode 0x0, cx8, cmov, fxsr, ht, mmx, 3dnowpref, sse, sse2, sse3, ssse3, sse4a, sse4.1, sse4.2, popcnt, lzcnt, tsc, tscinvbit, avx, avx2, aes, clmul, bmi1, bmi2, adx, sha, fma, vzeroupper, clflush, clflushopt

Memory: 4k page, system-wide physical 15741M (1830M free)
TotalPageFile size 40040M (AvailPageFile size 4721M)
current process WorkingSet (physical memory assigned to process): 751M, peak: 882M
current process commit charge ("private bytes"): 929M, peak: 1072M

vm_info: OpenJDK 64-Bit Server VM (17.0.1+12) for windows-amd64 JRE (17.0.1+12), built on Oct 20 2021 07:42:55 by "" with MS VC++ 16.7 (VS2019)

END.
