#
# A fatal error has been detected by the Java Runtime Environment:
#
#  EXCEPTION_ACCESS_VIOLATION (0xc0000005) at pc=0x0000020bb5530000, pid=21204, tid=9540
#
# JRE version: OpenJDK Runtime Environment Temurin-17.0.1+12 (17.0.1+12) (build 17.0.1+12)
# Java VM: OpenJDK 64-Bit Server VM Temurin-17.0.1+12 (17.0.1+12, mixed mode, sharing, tiered, compressed oops, compressed class ptrs, g1 gc, windows-amd64)
# Problematic frame:
# C  0x0000020bb5530000
#
# No core dump will be written. Minidumps are not enabled by default on client versions of Windows
#
# If you would like to submit a bug report, please visit:
#   https://github.com/adoptium/adoptium-support/issues
# The crash happened outside the Java Virtual Machine in native code.
# See problematic frame for where to report the bug.
#

---------------  S U M M A R Y ------------

Command Line: -XX:+ShowCodeDetailsInExceptionMessages com.crazyputting3d.Main

Host: AMD Ryzen 7 4800H with Radeon Graphics         , 16 cores, 15G,  Windows 10 , 64 bit Build 19041 (10.0.19041.1706)
Time: Fri Jun 17 17:34:46 2022 Central European Daylight Time elapsed time: 9.898322 seconds (0d 0h 0m 9s)

---------------  T H R E A D  ---------------

Current thread (0x0000020b90ab4620):  JavaThread "main" [_thread_in_native, id=9540, stack(0x000000d1e4400000,0x000000d1e4500000)]

Stack: [0x000000d1e4400000,0x000000d1e4500000],  sp=0x000000d1e44fecc8,  free space=1019k
Native frames: (J=compiled Java code, j=interpreted, Vv=VM code, C=native code)
C  0x0000020bb5530000

Java frames: (J=compiled Java code, j=interpreted, Vv=VM code)
J 1201  org.lwjgl.system.JNI.invokePV(JJ)V (0 bytes) @ 0x0000020ba0187e6c [0x0000020ba0187e20+0x000000000000004c]
J 2132 c1 org.lwjgl.glfw.GLFW.glfwSwapBuffers(J)V (21 bytes) @ 0x0000020b99084a2c [0x0000020b99084940+0x00000000000000ec]
j  com.badlogic.gdx.backends.lwjgl3.Lwjgl3Window.update()Z+196
j  com.badlogic.gdx.backends.lwjgl3.Lwjgl3Application.loop()V+111
j  com.badlogic.gdx.backends.lwjgl3.Lwjgl3Application.<init>(Lcom/badlogic/gdx/ApplicationListener;Lcom/badlogic/gdx/backends/lwjgl3/Lwjgl3ApplicationConfiguration;)V+243
j  com.crazyputting3d.Main.main([Ljava/lang/String;)V+41
v  ~StubRoutines::call_stub

siginfo: EXCEPTION_ACCESS_VIOLATION (0xc0000005), data execution prevention violation at address 0x0000020bb5530000


Register to memory mapping:

RIP=0x0000020bb5530000 is an unknown value
RAX=0x0000020bb5530000 is an unknown value
RBX=0x0000000000010001 is an unknown value
RCX=0x0000000000010001 is an unknown value
RDX=0x000000d1e44fed00 is pointing into the stack for thread: 0x0000020b90ab4620
RSP=0x000000d1e44fecc8 is pointing into the stack for thread: 0x0000020b90ab4620
RBP=0x000000d1e44fedd0 is pointing into the stack for thread: 0x0000020b90ab4620
RSI=0x0000000000000110 is an unknown value
RDI=0x0000000000000f89 is an unknown value
R8 =0x0000020bb5292e70 points into unknown readable memory: 0x0000020bb4bed050 | 50 d0 be b4 0b 02 00 00
R9 =0x00007ffdb1951b50 glfw.dll
R10=0x00007ffdb19c1b10 lwjgl.dll
R11=0x000000d1e44ff138 is pointing into the stack for thread: 0x0000020b90ab4620
R12=0x0 is NULL
R13=0x000000d1e44ff238 is pointing into the stack for thread: 0x0000020b90ab4620
R14=0x000000d1e44ff190 is pointing into the stack for thread: 0x0000020b90ab4620
R15=0x0000020b90ab4620 is a thread


Registers:
RAX=0x0000020bb5530000, RBX=0x0000000000010001, RCX=0x0000000000010001, RDX=0x000000d1e44fed00
RSP=0x000000d1e44fecc8, RBP=0x000000d1e44fedd0, RSI=0x0000000000000110, RDI=0x0000000000000f89
R8 =0x0000020bb5292e70, R9 =0x00007ffdb1951b50, R10=0x00007ffdb19c1b10, R11=0x000000d1e44ff138
R12=0x0000000000000000, R13=0x000000d1e44ff238, R14=0x000000d1e44ff190, R15=0x0000020b90ab4620
RIP=0x0000020bb5530000, EFLAGS=0x0000000000010206

Top of Stack: (sp=0x000000d1e44fecc8)
0x000000d1e44fecc8:   00007ffdb1951f7c 000000070b362900
0x000000d1e44fecd8:   0000140600000002 0000000700000014
0x000000d1e44fece8:   438c000041700000 000000070b273950
0x000000d1e44fecf8:   0000020b98ee847c 57464c4720656854
0x000000d1e44fed08:   7972617262696c20 20746f6e20736920
0x000000d1e44fed18:   696c616974696e69 000000d10064657a
0x000000d1e44fed28:   00007ffd831e5e62 000000d1e44ff150
0x000000d1e44fed38:   0000020b98e5c284 00000000000001cc
0x000000d1e44fed48:   0000020b985894fe 0000000000000000
0x000000d1e44fed58:   000000006e7020f4 0000020b90ab48c8
0x000000d1e44fed68:   00007ffd831e5481 000000070b288ae8
0x000000d1e44fed78:   0000020ba0182d05 0000000200000003
0x000000d1e44fed88:   000000070b2875f0 000000070b287630
0x000000d1e44fed98:   000000070b9154c0 0000000700000013
0x000000d1e44feda8:   000000070b362900 0000000000000002
0x000000d1e44fedb8:   00007ffd22939d0a 000000d1e44ff150 

Instructions: (pc=0x0000020bb5530000)
0x0000020bb552ff00:   ?? ?? ?? ?? ?? ?? ?? ?? ?? ?? ?? ?? ?? ?? ?? ??
0x0000020bb552ff10:   ?? ?? ?? ?? ?? ?? ?? ?? ?? ?? ?? ?? ?? ?? ?? ??
0x0000020bb552ff20:   ?? ?? ?? ?? ?? ?? ?? ?? ?? ?? ?? ?? ?? ?? ?? ??
0x0000020bb552ff30:   ?? ?? ?? ?? ?? ?? ?? ?? ?? ?? ?? ?? ?? ?? ?? ??
0x0000020bb552ff40:   ?? ?? ?? ?? ?? ?? ?? ?? ?? ?? ?? ?? ?? ?? ?? ??
0x0000020bb552ff50:   ?? ?? ?? ?? ?? ?? ?? ?? ?? ?? ?? ?? ?? ?? ?? ??
0x0000020bb552ff60:   ?? ?? ?? ?? ?? ?? ?? ?? ?? ?? ?? ?? ?? ?? ?? ??
0x0000020bb552ff70:   ?? ?? ?? ?? ?? ?? ?? ?? ?? ?? ?? ?? ?? ?? ?? ??
0x0000020bb552ff80:   ?? ?? ?? ?? ?? ?? ?? ?? ?? ?? ?? ?? ?? ?? ?? ??
0x0000020bb552ff90:   ?? ?? ?? ?? ?? ?? ?? ?? ?? ?? ?? ?? ?? ?? ?? ??
0x0000020bb552ffa0:   ?? ?? ?? ?? ?? ?? ?? ?? ?? ?? ?? ?? ?? ?? ?? ??
0x0000020bb552ffb0:   ?? ?? ?? ?? ?? ?? ?? ?? ?? ?? ?? ?? ?? ?? ?? ??
0x0000020bb552ffc0:   ?? ?? ?? ?? ?? ?? ?? ?? ?? ?? ?? ?? ?? ?? ?? ??
0x0000020bb552ffd0:   ?? ?? ?? ?? ?? ?? ?? ?? ?? ?? ?? ?? ?? ?? ?? ??
0x0000020bb552ffe0:   ?? ?? ?? ?? ?? ?? ?? ?? ?? ?? ?? ?? ?? ?? ?? ??
0x0000020bb552fff0:   ?? ?? ?? ?? ?? ?? ?? ?? ?? ?? ?? ?? ?? ?? ?? ??
0x0000020bb5530000:   ?? ?? ?? ?? ?? ?? ?? ?? ?? ?? ?? ?? ?? ?? ?? ??
0x0000020bb5530010:   ?? ?? ?? ?? ?? ?? ?? ?? ?? ?? ?? ?? ?? ?? ?? ??
0x0000020bb5530020:   ?? ?? ?? ?? ?? ?? ?? ?? ?? ?? ?? ?? ?? ?? ?? ??
0x0000020bb5530030:   ?? ?? ?? ?? ?? ?? ?? ?? ?? ?? ?? ?? ?? ?? ?? ??
0x0000020bb5530040:   ?? ?? ?? ?? ?? ?? ?? ?? ?? ?? ?? ?? ?? ?? ?? ??
0x0000020bb5530050:   ?? ?? ?? ?? ?? ?? ?? ?? ?? ?? ?? ?? ?? ?? ?? ??
0x0000020bb5530060:   ?? ?? ?? ?? ?? ?? ?? ?? ?? ?? ?? ?? ?? ?? ?? ??
0x0000020bb5530070:   ?? ?? ?? ?? ?? ?? ?? ?? ?? ?? ?? ?? ?? ?? ?? ??
0x0000020bb5530080:   ?? ?? ?? ?? ?? ?? ?? ?? ?? ?? ?? ?? ?? ?? ?? ??
0x0000020bb5530090:   ?? ?? ?? ?? ?? ?? ?? ?? ?? ?? ?? ?? ?? ?? ?? ??
0x0000020bb55300a0:   ?? ?? ?? ?? ?? ?? ?? ?? ?? ?? ?? ?? ?? ?? ?? ??
0x0000020bb55300b0:   ?? ?? ?? ?? ?? ?? ?? ?? ?? ?? ?? ?? ?? ?? ?? ??
0x0000020bb55300c0:   ?? ?? ?? ?? ?? ?? ?? ?? ?? ?? ?? ?? ?? ?? ?? ??
0x0000020bb55300d0:   ?? ?? ?? ?? ?? ?? ?? ?? ?? ?? ?? ?? ?? ?? ?? ??
0x0000020bb55300e0:   ?? ?? ?? ?? ?? ?? ?? ?? ?? ?? ?? ?? ?? ?? ?? ??
0x0000020bb55300f0:   ?? ?? ?? ?? ?? ?? ?? ?? ?? ?? ?? ?? ?? ?? ?? ?? 


Stack slot to memory mapping:
stack at sp + 0 slots: 0x00007ffdb1951f7c glfw.dll
stack at sp + 1 slots: 0x000000070b362900 is an oop: com.badlogic.gdx.backends.lwjgl3.Lwjgl3GL20 
{0x000000070b362900} - klass: 'com/badlogic/gdx/backends/lwjgl3/Lwjgl3GL20'
 - ---- fields (total size 3 words):
 - private 'buffer' 'Ljava/nio/ByteBuffer;' @12  a 'java/nio/DirectByteBuffer'{0x000000070b362918} (e166c523)
 - private 'floatBuffer' 'Ljava/nio/FloatBuffer;' @16  a 'java/nio/DirectFloatBufferU'{0x000000070b364130} (e166c826)
 - private 'intBuffer' 'Ljava/nio/IntBuffer;' @20  a 'java/nio/DirectIntBufferU'{0x000000070b364168} (e166c82d)
stack at sp + 2 slots: 0x0000140600000002 is an unknown value
stack at sp + 3 slots: 0x0000000700000014 is an unknown value
stack at sp + 4 slots: 0x438c000041700000 is an unknown value
stack at sp + 5 slots: 0x000000070b273950 is an oop: com.badlogic.gdx.graphics.Mesh 
{0x000000070b273950} - klass: 'com/badlogic/gdx/graphics/Mesh'
 - ---- fields (total size 4 words):
 - 'autoBind' 'Z' @12  true
 - final 'isVertexArray' 'Z' @13  true
 - 'isInstanced' 'Z' @14  false
 - final 'vertices' 'Lcom/badlogic/gdx/graphics/glutils/VertexData;' @16  a 'com/badlogic/gdx/graphics/glutils/VertexArray'{0x000000070b273970} (e164e72e)
 - final 'indices' 'Lcom/badlogic/gdx/graphics/glutils/IndexData;' @20  a 'com/badlogic/gdx/graphics/glutils/IndexArray'{0x000000070b273b40} (e164e768)
 - 'instances' 'Lcom/badlogic/gdx/graphics/glutils/InstanceData;' @24  NULL (0)
 - private final 'tmpV' 'Lcom/badlogic/gdx/math/Vector3;' @28  a 'com/badlogic/gdx/math/Vector3'{0x000000070b273bd0} (e164e77a)
stack at sp + 6 slots: 0x0000020b98ee847c is at entry_point+2172 in (nmethod*)0x0000020b98ee7890
stack at sp + 7 slots: 0x57464c4720656854 is an unknown value


---------------  P R O C E S S  ---------------

Threads class SMR info:
_java_thread_list=0x0000020bbeb09110, length=19, elements={
0x0000020b90ab4620, 0x0000020bb3fd4b60, 0x0000020bb3fd69f0, 0x0000020bb49009d0,
0x0000020bb4901380, 0x0000020bb4902140, 0x0000020bb4902af0, 0x0000020bb49037d0,
0x0000020bb4904df0, 0x0000020bb49187f0, 0x0000020bb4a42ad0, 0x0000020bb4a4bf80,
0x0000020bb80d4760, 0x0000020bc413dc00, 0x0000020bc59e3b60, 0x0000020bc5f49080,
0x0000020bc5dd83e0, 0x0000020bbeb09800, 0x0000020bc496fff0
}

Java Threads: ( => current thread )
=>0x0000020b90ab4620 JavaThread "main" [_thread_in_native, id=9540, stack(0x000000d1e4400000,0x000000d1e4500000)]
  0x0000020bb3fd4b60 JavaThread "Reference Handler" daemon [_thread_blocked, id=24876, stack(0x000000d1e4b00000,0x000000d1e4c00000)]
  0x0000020bb3fd69f0 JavaThread "Finalizer" daemon [_thread_blocked, id=23984, stack(0x000000d1e4c00000,0x000000d1e4d00000)]
  0x0000020bb49009d0 JavaThread "Signal Dispatcher" daemon [_thread_blocked, id=2552, stack(0x000000d1e4d00000,0x000000d1e4e00000)]
  0x0000020bb4901380 JavaThread "Attach Listener" daemon [_thread_blocked, id=11760, stack(0x000000d1e4e00000,0x000000d1e4f00000)]
  0x0000020bb4902140 JavaThread "Service Thread" daemon [_thread_blocked, id=3532, stack(0x000000d1e4f00000,0x000000d1e5000000)]
  0x0000020bb4902af0 JavaThread "Monitor Deflation Thread" daemon [_thread_blocked, id=2556, stack(0x000000d1e5000000,0x000000d1e5100000)]
  0x0000020bb49037d0 JavaThread "C2 CompilerThread0" daemon [_thread_blocked, id=8320, stack(0x000000d1e5100000,0x000000d1e5200000)]
  0x0000020bb4904df0 JavaThread "C1 CompilerThread0" daemon [_thread_blocked, id=6884, stack(0x000000d1e5200000,0x000000d1e5300000)]
  0x0000020bb49187f0 JavaThread "Sweeper thread" daemon [_thread_blocked, id=18356, stack(0x000000d1e5300000,0x000000d1e5400000)]
  0x0000020bb4a42ad0 JavaThread "Notification Thread" daemon [_thread_blocked, id=21928, stack(0x000000d1e5600000,0x000000d1e5700000)]
  0x0000020bb4a4bf80 JavaThread "Common-Cleaner" daemon [_thread_blocked, id=11732, stack(0x000000d1e5800000,0x000000d1e5900000)]
  0x0000020bb80d4760 JavaThread "LWJGL3 Timer" daemon [_thread_blocked, id=17812, stack(0x000000d1e6800000,0x000000d1e6900000)]
  0x0000020bc413dc00 JavaThread "LWJGL3 Timer" daemon [_thread_blocked, id=7144, stack(0x000000d1e7000000,0x000000d1e7100000)]
  0x0000020bc59e3b60 JavaThread "Java Sound Event Dispatcher" daemon [_thread_blocked, id=14068, stack(0x000000d1e7900000,0x000000d1e7a00000)]
  0x0000020bc5f49080 JavaThread "Direct Clip" daemon [_thread_blocked, id=18452, stack(0x000000d1e7c00000,0x000000d1e7d00000)]
  0x0000020bc5dd83e0 JavaThread "Direct Clip" daemon [_thread_blocked, id=26516, stack(0x000000d1e5500000,0x000000d1e5600000)]
  0x0000020bbeb09800 JavaThread "C1 CompilerThread1" daemon [_thread_blocked, id=8944, stack(0x000000d1e5400000,0x000000d1e5500000)]
  0x0000020bc496fff0 JavaThread "C1 CompilerThread2" daemon [_thread_blocked, id=7200, stack(0x000000d1e6100000,0x000000d1e6200000)]

Other Threads:
  0x0000020bb3fcb630 VMThread "VM Thread" [stack: 0x000000d1e4a00000,0x000000d1e4b00000] [id=21840]
  0x0000020bb3fdfa80 WatcherThread [stack: 0x000000d1e5700000,0x000000d1e5800000] [id=2228]
  0x0000020b90b0a6c0 GCTaskThread "GC Thread#0" [stack: 0x000000d1e4500000,0x000000d1e4600000] [id=20700]
  0x0000020bb7e3d8b0 GCTaskThread "GC Thread#1" [stack: 0x000000d1e6200000,0x000000d1e6300000] [id=17636]
  0x0000020bb7e3cb40 GCTaskThread "GC Thread#2" [stack: 0x000000d1e6300000,0x000000d1e6400000] [id=18940]
  0x0000020bb7e3de10 GCTaskThread "GC Thread#3" [stack: 0x000000d1e6400000,0x000000d1e6500000] [id=24540]
  0x0000020bb7e3cdf0 GCTaskThread "GC Thread#4" [stack: 0x000000d1e6500000,0x000000d1e6600000] [id=9492]
  0x0000020bb7e3d0a0 GCTaskThread "GC Thread#5" [stack: 0x000000d1e6600000,0x000000d1e6700000] [id=15100]
  0x0000020bb7e3e0c0 GCTaskThread "GC Thread#6" [stack: 0x000000d1e6700000,0x000000d1e6800000] [id=27492]
  0x0000020bbf6412b0 GCTaskThread "GC Thread#7" [stack: 0x000000d1e6f00000,0x000000d1e7000000] [id=21536]
  0x0000020b90b1bc10 ConcurrentGCThread "G1 Main Marker" [stack: 0x000000d1e4600000,0x000000d1e4700000] [id=25492]
  0x0000020b90b1d630 ConcurrentGCThread "G1 Conc#0" [stack: 0x000000d1e4700000,0x000000d1e4800000] [id=13016]
  0x0000020b90b8eb40 ConcurrentGCThread "G1 Refine#0" [stack: 0x000000d1e4800000,0x000000d1e4900000] [id=24716]
  0x0000020bc5ddd9b0 ConcurrentGCThread "G1 Refine#1" [stack: 0x000000d1e7100000,0x000000d1e7200000] [id=19936]
  0x0000020bbf772b00 ConcurrentGCThread "G1 Refine#2" [stack: 0x000000d1e7200000,0x000000d1e7300000] [id=11624]
  0x0000020bbf442fd0 ConcurrentGCThread "G1 Refine#3" [stack: 0x000000d1e7300000,0x000000d1e7400000] [id=9268]
  0x0000020bbf4432b0 ConcurrentGCThread "G1 Refine#4" [stack: 0x000000d1e7400000,0x000000d1e7500000] [id=19592]
  0x0000020bc3ee9890 ConcurrentGCThread "G1 Refine#5" [stack: 0x000000d1e7500000,0x000000d1e7600000] [id=3044]
  0x0000020bb3e67a50 ConcurrentGCThread "G1 Service" [stack: 0x000000d1e4900000,0x000000d1e4a00000] [id=23176]

Threads with active compile tasks:

VM state: not at safepoint (normal execution)

VM Mutex/Monitor currently owned by a thread: None

Heap address: 0x000000070a000000, size: 3936 MB, Compressed Oops mode: Zero based, Oop shift amount: 3

CDS archive(s) mapped at: [0x0000000800000000-0x0000000800bc0000-0x0000000800bc0000), size 12320768, SharedBaseAddress: 0x0000000800000000, ArchiveRelocationMode: 0.
Compressed class space mapped at: 0x0000000800c00000-0x0000000840c00000, reserved size: 1073741824
Narrow klass base: 0x0000000800000000, Narrow klass shift: 0, Narrow klass range: 0x100000000

GC Precious Log:
 CPUs: 16 total, 16 available
 Memory: 15741M
 Large Page Support: Disabled
 NUMA Support: Disabled
 Compressed Oops: Enabled (Zero based)
 Heap Region Size: 2M
 Heap Min Capacity: 8M
 Heap Initial Capacity: 246M
 Heap Max Capacity: 3936M
 Pre-touch: Disabled
 Parallel Workers: 13
 Concurrent Workers: 3
 Concurrent Refinement Workers: 13
 Periodic GC: Disabled

Heap:
 garbage-first heap   total 251904K, used 70191K [0x000000070a000000, 0x0000000800000000)
  region size 2048K, 18 young (36864K), 1 survivors (2048K)
 Metaspace       used 10357K, committed 10432K, reserved 1064960K
  class space    used 728K, committed 768K, reserved 1048576K

Heap Regions: E=young(eden), S=young(survivor), O=old, HS=humongous(starts), HC=humongous(continues), CS=collection set, F=free, OA=open archive, CA=closed archive, TAMS=top-at-mark-start (previous, next)
|   0|0x000000070a000000, 0x000000070a200000, 0x000000070a200000|100%|HS|  |TAMS 0x000000070a000000, 0x000000070a000000| Complete 
|   1|0x000000070a200000, 0x000000070a400000, 0x000000070a400000|100%|HS|  |TAMS 0x000000070a200000, 0x000000070a200000| Complete 
|   2|0x000000070a400000, 0x000000070a600000, 0x000000070a600000|100%|HS|  |TAMS 0x000000070a400000, 0x000000070a400000| Complete 
|   3|0x000000070a600000, 0x000000070a800000, 0x000000070a800000|100%|HS|  |TAMS 0x000000070a600000, 0x000000070a600000| Complete 
|   4|0x000000070a800000, 0x000000070aa00000, 0x000000070aa00000|100%| O|  |TAMS 0x000000070a800000, 0x000000070a800000| Untracked 
|   5|0x000000070aa00000, 0x000000070ac00000, 0x000000070ac00000|100%| O|  |TAMS 0x000000070aa00000, 0x000000070aa00000| Untracked 
|   6|0x000000070ac00000, 0x000000070ae00000, 0x000000070ae00000|100%| O|  |TAMS 0x000000070ac00000, 0x000000070ac00000| Untracked 
|   7|0x000000070ae00000, 0x000000070b000000, 0x000000070b000000|100%| O|  |TAMS 0x000000070ae00000, 0x000000070ae00000| Untracked 
|   8|0x000000070b000000, 0x000000070b200000, 0x000000070b200000|100%| O|  |TAMS 0x000000070b000000, 0x000000070b000000| Untracked 
|   9|0x000000070b200000, 0x000000070b400000, 0x000000070b400000|100%| O|  |TAMS 0x000000070b200000, 0x000000070b200000| Untracked 
|  10|0x000000070b400000, 0x000000070b600000, 0x000000070b600000|100%|HS|  |TAMS 0x000000070b400000, 0x000000070b400000| Complete 
|  11|0x000000070b600000, 0x000000070b800000, 0x000000070b800000|100%|HS|  |TAMS 0x000000070b600000, 0x000000070b600000| Complete 
|  12|0x000000070b800000, 0x000000070ba00000, 0x000000070ba00000|100%| O|  |TAMS 0x000000070b800000, 0x000000070b800000| Untracked 
|  13|0x000000070ba00000, 0x000000070bc00000, 0x000000070bc00000|100%| O|  |TAMS 0x000000070ba00000, 0x000000070ba00000| Untracked 
|  14|0x000000070bc00000, 0x000000070bd2ca00, 0x000000070be00000| 58%| O|  |TAMS 0x000000070bc00000, 0x000000070bc00000| Untracked 
|  15|0x000000070be00000, 0x000000070c000000, 0x000000070c000000|100%|HS|  |TAMS 0x000000070be00000, 0x000000070be00000| Complete 
|  16|0x000000070c000000, 0x000000070c200000, 0x000000070c200000|100%|HS|  |TAMS 0x000000070c000000, 0x000000070c000000| Complete 
|  17|0x000000070c200000, 0x000000070c400000, 0x000000070c400000|100%|HS|  |TAMS 0x000000070c200000, 0x000000070c200000| Complete 
|  18|0x000000070c400000, 0x000000070c400000, 0x000000070c600000|  0%| F|  |TAMS 0x000000070c400000, 0x000000070c400000| Untracked 
|  19|0x000000070c600000, 0x000000070c600000, 0x000000070c800000|  0%| F|  |TAMS 0x000000070c600000, 0x000000070c600000| Untracked 
|  20|0x000000070c800000, 0x000000070c800000, 0x000000070ca00000|  0%| F|  |TAMS 0x000000070c800000, 0x000000070c800000| Untracked 
|  21|0x000000070ca00000, 0x000000070ca00000, 0x000000070cc00000|  0%| F|  |TAMS 0x000000070ca00000, 0x000000070ca00000| Untracked 
|  22|0x000000070cc00000, 0x000000070cc00000, 0x000000070ce00000|  0%| F|  |TAMS 0x000000070cc00000, 0x000000070cc00000| Untracked 
|  23|0x000000070ce00000, 0x000000070ce00000, 0x000000070d000000|  0%| F|  |TAMS 0x000000070ce00000, 0x000000070ce00000| Untracked 
|  24|0x000000070d000000, 0x000000070d000000, 0x000000070d200000|  0%| F|  |TAMS 0x000000070d000000, 0x000000070d000000| Untracked 
|  25|0x000000070d200000, 0x000000070d200000, 0x000000070d400000|  0%| F|  |TAMS 0x000000070d200000, 0x000000070d200000| Untracked 
|  26|0x000000070d400000, 0x000000070d400000, 0x000000070d600000|  0%| F|  |TAMS 0x000000070d400000, 0x000000070d400000| Untracked 
|  27|0x000000070d600000, 0x000000070d600000, 0x000000070d800000|  0%| F|  |TAMS 0x000000070d600000, 0x000000070d600000| Untracked 
|  28|0x000000070d800000, 0x000000070d800000, 0x000000070da00000|  0%| F|  |TAMS 0x000000070d800000, 0x000000070d800000| Untracked 
|  29|0x000000070da00000, 0x000000070da00000, 0x000000070dc00000|  0%| F|  |TAMS 0x000000070da00000, 0x000000070da00000| Untracked 
|  30|0x000000070dc00000, 0x000000070dc00000, 0x000000070de00000|  0%| F|  |TAMS 0x000000070dc00000, 0x000000070dc00000| Untracked 
|  31|0x000000070de00000, 0x000000070de00000, 0x000000070e000000|  0%| F|  |TAMS 0x000000070de00000, 0x000000070de00000| Untracked 
|  32|0x000000070e000000, 0x000000070e000000, 0x000000070e200000|  0%| F|  |TAMS 0x000000070e000000, 0x000000070e000000| Untracked 
|  33|0x000000070e200000, 0x000000070e200000, 0x000000070e400000|  0%| F|  |TAMS 0x000000070e200000, 0x000000070e200000| Untracked 
|  34|0x000000070e400000, 0x000000070e400000, 0x000000070e600000|  0%| F|  |TAMS 0x000000070e400000, 0x000000070e400000| Untracked 
|  35|0x000000070e600000, 0x000000070e600000, 0x000000070e800000|  0%| F|  |TAMS 0x000000070e600000, 0x000000070e600000| Untracked 
|  36|0x000000070e800000, 0x000000070e800000, 0x000000070ea00000|  0%| F|  |TAMS 0x000000070e800000, 0x000000070e800000| Untracked 
|  37|0x000000070ea00000, 0x000000070ea00000, 0x000000070ec00000|  0%| F|  |TAMS 0x000000070ea00000, 0x000000070ea00000| Untracked 
|  38|0x000000070ec00000, 0x000000070ec00000, 0x000000070ee00000|  0%| F|  |TAMS 0x000000070ec00000, 0x000000070ec00000| Untracked 
|  39|0x000000070ee00000, 0x000000070ee00000, 0x000000070f000000|  0%| F|  |TAMS 0x000000070ee00000, 0x000000070ee00000| Untracked 
|  40|0x000000070f000000, 0x000000070f000000, 0x000000070f200000|  0%| F|  |TAMS 0x000000070f000000, 0x000000070f000000| Untracked 
|  41|0x000000070f200000, 0x000000070f200000, 0x000000070f400000|  0%| F|  |TAMS 0x000000070f200000, 0x000000070f200000| Untracked 
|  42|0x000000070f400000, 0x000000070f400000, 0x000000070f600000|  0%| F|  |TAMS 0x000000070f400000, 0x000000070f400000| Untracked 
|  43|0x000000070f600000, 0x000000070f600000, 0x000000070f800000|  0%| F|  |TAMS 0x000000070f600000, 0x000000070f600000| Untracked 
|  44|0x000000070f800000, 0x000000070f800000, 0x000000070fa00000|  0%| F|  |TAMS 0x000000070f800000, 0x000000070f800000| Untracked 
|  45|0x000000070fa00000, 0x000000070fa00000, 0x000000070fc00000|  0%| F|  |TAMS 0x000000070fa00000, 0x000000070fa00000| Untracked 
|  46|0x000000070fc00000, 0x000000070fc00000, 0x000000070fe00000|  0%| F|  |TAMS 0x000000070fc00000, 0x000000070fc00000| Untracked 
|  47|0x000000070fe00000, 0x000000070fe00000, 0x0000000710000000|  0%| F|  |TAMS 0x000000070fe00000, 0x000000070fe00000| Untracked 
|  48|0x0000000710000000, 0x0000000710000000, 0x0000000710200000|  0%| F|  |TAMS 0x0000000710000000, 0x0000000710000000| Untracked 
|  49|0x0000000710200000, 0x0000000710200000, 0x0000000710400000|  0%| F|  |TAMS 0x0000000710200000, 0x0000000710200000| Untracked 
|  50|0x0000000710400000, 0x0000000710400000, 0x0000000710600000|  0%| F|  |TAMS 0x0000000710400000, 0x0000000710400000| Untracked 
|  51|0x0000000710600000, 0x0000000710600000, 0x0000000710800000|  0%| F|  |TAMS 0x0000000710600000, 0x0000000710600000| Untracked 
|  52|0x0000000710800000, 0x0000000710800000, 0x0000000710a00000|  0%| F|  |TAMS 0x0000000710800000, 0x0000000710800000| Untracked 
|  53|0x0000000710a00000, 0x0000000710a00000, 0x0000000710c00000|  0%| F|  |TAMS 0x0000000710a00000, 0x0000000710a00000| Untracked 
|  54|0x0000000710c00000, 0x0000000710c00000, 0x0000000710e00000|  0%| F|  |TAMS 0x0000000710c00000, 0x0000000710c00000| Untracked 
|  55|0x0000000710e00000, 0x0000000710e00000, 0x0000000711000000|  0%| F|  |TAMS 0x0000000710e00000, 0x0000000710e00000| Untracked 
|  56|0x0000000711000000, 0x0000000711000000, 0x0000000711200000|  0%| F|  |TAMS 0x0000000711000000, 0x0000000711000000| Untracked 
|  57|0x0000000711200000, 0x0000000711200000, 0x0000000711400000|  0%| F|  |TAMS 0x0000000711200000, 0x0000000711200000| Untracked 
|  58|0x0000000711400000, 0x0000000711400000, 0x0000000711600000|  0%| F|  |TAMS 0x0000000711400000, 0x0000000711400000| Untracked 
|  59|0x0000000711600000, 0x0000000711600000, 0x0000000711800000|  0%| F|  |TAMS 0x0000000711600000, 0x0000000711600000| Untracked 
|  60|0x0000000711800000, 0x0000000711800000, 0x0000000711a00000|  0%| F|  |TAMS 0x0000000711800000, 0x0000000711800000| Untracked 
|  61|0x0000000711a00000, 0x0000000711a00000, 0x0000000711c00000|  0%| F|  |TAMS 0x0000000711a00000, 0x0000000711a00000| Untracked 
|  62|0x0000000711c00000, 0x0000000711c00000, 0x0000000711e00000|  0%| F|  |TAMS 0x0000000711c00000, 0x0000000711c00000| Untracked 
|  63|0x0000000711e00000, 0x0000000711e00000, 0x0000000712000000|  0%| F|  |TAMS 0x0000000711e00000, 0x0000000711e00000| Untracked 
|  64|0x0000000712000000, 0x0000000712000000, 0x0000000712200000|  0%| F|  |TAMS 0x0000000712000000, 0x0000000712000000| Untracked 
|  65|0x0000000712200000, 0x0000000712200000, 0x0000000712400000|  0%| F|  |TAMS 0x0000000712200000, 0x0000000712200000| Untracked 
|  66|0x0000000712400000, 0x0000000712400000, 0x0000000712600000|  0%| F|  |TAMS 0x0000000712400000, 0x0000000712400000| Untracked 
|  67|0x0000000712600000, 0x0000000712600000, 0x0000000712800000|  0%| F|  |TAMS 0x0000000712600000, 0x0000000712600000| Untracked 
|  68|0x0000000712800000, 0x0000000712800000, 0x0000000712a00000|  0%| F|  |TAMS 0x0000000712800000, 0x0000000712800000| Untracked 
|  69|0x0000000712a00000, 0x0000000712a00000, 0x0000000712c00000|  0%| F|  |TAMS 0x0000000712a00000, 0x0000000712a00000| Untracked 
|  70|0x0000000712c00000, 0x0000000712c00000, 0x0000000712e00000|  0%| F|  |TAMS 0x0000000712c00000, 0x0000000712c00000| Untracked 
|  71|0x0000000712e00000, 0x0000000712e00000, 0x0000000713000000|  0%| F|  |TAMS 0x0000000712e00000, 0x0000000712e00000| Untracked 
|  72|0x0000000713000000, 0x0000000713000000, 0x0000000713200000|  0%| F|  |TAMS 0x0000000713000000, 0x0000000713000000| Untracked 
|  73|0x0000000713200000, 0x0000000713200000, 0x0000000713400000|  0%| F|  |TAMS 0x0000000713200000, 0x0000000713200000| Untracked 
|  74|0x0000000713400000, 0x0000000713400000, 0x0000000713600000|  0%| F|  |TAMS 0x0000000713400000, 0x0000000713400000| Untracked 
|  75|0x0000000713600000, 0x0000000713600000, 0x0000000713800000|  0%| F|  |TAMS 0x0000000713600000, 0x0000000713600000| Untracked 
|  76|0x0000000713800000, 0x0000000713800000, 0x0000000713a00000|  0%| F|  |TAMS 0x0000000713800000, 0x0000000713800000| Untracked 
|  77|0x0000000713a00000, 0x0000000713a00000, 0x0000000713c00000|  0%| F|  |TAMS 0x0000000713a00000, 0x0000000713a00000| Untracked 
|  78|0x0000000713c00000, 0x0000000713c00000, 0x0000000713e00000|  0%| F|  |TAMS 0x0000000713c00000, 0x0000000713c00000| Untracked 
|  79|0x0000000713e00000, 0x0000000713e00000, 0x0000000714000000|  0%| F|  |TAMS 0x0000000713e00000, 0x0000000713e00000| Untracked 
|  80|0x0000000714000000, 0x0000000714000000, 0x0000000714200000|  0%| F|  |TAMS 0x0000000714000000, 0x0000000714000000| Untracked 
|  81|0x0000000714200000, 0x0000000714200000, 0x0000000714400000|  0%| F|  |TAMS 0x0000000714200000, 0x0000000714200000| Untracked 
|  82|0x0000000714400000, 0x0000000714400000, 0x0000000714600000|  0%| F|  |TAMS 0x0000000714400000, 0x0000000714400000| Untracked 
|  83|0x0000000714600000, 0x0000000714600000, 0x0000000714800000|  0%| F|  |TAMS 0x0000000714600000, 0x0000000714600000| Untracked 
|  84|0x0000000714800000, 0x0000000714800000, 0x0000000714a00000|  0%| F|  |TAMS 0x0000000714800000, 0x0000000714800000| Untracked 
|  85|0x0000000714a00000, 0x0000000714a00000, 0x0000000714c00000|  0%| F|  |TAMS 0x0000000714a00000, 0x0000000714a00000| Untracked 
|  86|0x0000000714c00000, 0x0000000714c00000, 0x0000000714e00000|  0%| F|  |TAMS 0x0000000714c00000, 0x0000000714c00000| Untracked 
|  87|0x0000000714e00000, 0x0000000714e00000, 0x0000000715000000|  0%| F|  |TAMS 0x0000000714e00000, 0x0000000714e00000| Untracked 
|  88|0x0000000715000000, 0x0000000715000000, 0x0000000715200000|  0%| F|  |TAMS 0x0000000715000000, 0x0000000715000000| Untracked 
|  89|0x0000000715200000, 0x0000000715200000, 0x0000000715400000|  0%| F|  |TAMS 0x0000000715200000, 0x0000000715200000| Untracked 
|  90|0x0000000715400000, 0x0000000715400000, 0x0000000715600000|  0%| F|  |TAMS 0x0000000715400000, 0x0000000715400000| Untracked 
|  91|0x0000000715600000, 0x0000000715600000, 0x0000000715800000|  0%| F|  |TAMS 0x0000000715600000, 0x0000000715600000| Untracked 
|  92|0x0000000715800000, 0x0000000715800000, 0x0000000715a00000|  0%| F|  |TAMS 0x0000000715800000, 0x0000000715800000| Untracked 
|  93|0x0000000715a00000, 0x0000000715a00000, 0x0000000715c00000|  0%| F|  |TAMS 0x0000000715a00000, 0x0000000715a00000| Untracked 
|  94|0x0000000715c00000, 0x0000000715c00000, 0x0000000715e00000|  0%| F|  |TAMS 0x0000000715c00000, 0x0000000715c00000| Untracked 
|  95|0x0000000715e00000, 0x0000000715e00000, 0x0000000716000000|  0%| F|  |TAMS 0x0000000715e00000, 0x0000000715e00000| Untracked 
|  96|0x0000000716000000, 0x0000000716000000, 0x0000000716200000|  0%| F|  |TAMS 0x0000000716000000, 0x0000000716000000| Untracked 
|  97|0x0000000716200000, 0x0000000716200000, 0x0000000716400000|  0%| F|  |TAMS 0x0000000716200000, 0x0000000716200000| Untracked 
|  98|0x0000000716400000, 0x0000000716400000, 0x0000000716600000|  0%| F|  |TAMS 0x0000000716400000, 0x0000000716400000| Untracked 
|  99|0x0000000716600000, 0x0000000716600000, 0x0000000716800000|  0%| F|  |TAMS 0x0000000716600000, 0x0000000716600000| Untracked 
| 100|0x0000000716800000, 0x0000000716800000, 0x0000000716a00000|  0%| F|  |TAMS 0x0000000716800000, 0x0000000716800000| Untracked 
| 101|0x0000000716a00000, 0x0000000716a00000, 0x0000000716c00000|  0%| F|  |TAMS 0x0000000716a00000, 0x0000000716a00000| Untracked 
| 102|0x0000000716c00000, 0x0000000716c00000, 0x0000000716e00000|  0%| F|  |TAMS 0x0000000716c00000, 0x0000000716c00000| Untracked 
| 103|0x0000000716e00000, 0x0000000716e00000, 0x0000000717000000|  0%| F|  |TAMS 0x0000000716e00000, 0x0000000716e00000| Untracked 
| 104|0x0000000717000000, 0x0000000717000000, 0x0000000717200000|  0%| F|  |TAMS 0x0000000717000000, 0x0000000717000000| Untracked 
| 105|0x0000000717200000, 0x00000007173045d0, 0x0000000717400000| 50%| E|  |TAMS 0x0000000717200000, 0x0000000717200000| Complete 
| 106|0x0000000717400000, 0x0000000717600000, 0x0000000717600000|100%| E|CS|TAMS 0x0000000717400000, 0x0000000717400000| Complete 
| 107|0x0000000717600000, 0x0000000717800000, 0x0000000717800000|100%| E|CS|TAMS 0x0000000717600000, 0x0000000717600000| Complete 
| 108|0x0000000717800000, 0x0000000717a00000, 0x0000000717a00000|100%| E|CS|TAMS 0x0000000717800000, 0x0000000717800000| Complete 
| 109|0x0000000717a00000, 0x0000000717c00000, 0x0000000717c00000|100%| E|CS|TAMS 0x0000000717a00000, 0x0000000717a00000| Complete 
| 110|0x0000000717c00000, 0x0000000717e00000, 0x0000000717e00000|100%| E|CS|TAMS 0x0000000717c00000, 0x0000000717c00000| Complete 
| 111|0x0000000717e00000, 0x0000000718000000, 0x0000000718000000|100%| E|CS|TAMS 0x0000000717e00000, 0x0000000717e00000| Complete 
| 112|0x0000000718000000, 0x0000000718200000, 0x0000000718200000|100%| E|CS|TAMS 0x0000000718000000, 0x0000000718000000| Complete 
| 113|0x0000000718200000, 0x0000000718400000, 0x0000000718400000|100%| E|CS|TAMS 0x0000000718200000, 0x0000000718200000| Complete 
| 114|0x0000000718400000, 0x0000000718600000, 0x0000000718600000|100%| E|CS|TAMS 0x0000000718400000, 0x0000000718400000| Complete 
| 115|0x0000000718600000, 0x0000000718800000, 0x0000000718800000|100%| E|CS|TAMS 0x0000000718600000, 0x0000000718600000| Complete 
| 116|0x0000000718800000, 0x0000000718a00000, 0x0000000718a00000|100%| E|CS|TAMS 0x0000000718800000, 0x0000000718800000| Complete 
| 117|0x0000000718a00000, 0x0000000718c00000, 0x0000000718c00000|100%| E|CS|TAMS 0x0000000718a00000, 0x0000000718a00000| Complete 
| 118|0x0000000718c00000, 0x0000000718e00000, 0x0000000718e00000|100%| E|CS|TAMS 0x0000000718c00000, 0x0000000718c00000| Complete 
| 119|0x0000000718e00000, 0x0000000718f5f230, 0x0000000719000000| 68%| S|CS|TAMS 0x0000000718e00000, 0x0000000718e00000| Complete 
| 120|0x0000000719000000, 0x0000000719200000, 0x0000000719200000|100%| E|CS|TAMS 0x0000000719000000, 0x0000000719000000| Complete 
| 121|0x0000000719200000, 0x0000000719400000, 0x0000000719400000|100%| E|CS|TAMS 0x0000000719200000, 0x0000000719200000| Complete 
| 122|0x0000000719400000, 0x0000000719600000, 0x0000000719600000|100%| E|CS|TAMS 0x0000000719400000, 0x0000000719400000| Complete 

Card table byte_map: [0x0000020ba85b0000,0x0000020ba8d60000] _byte_map_base: 0x0000020ba4d60000

Marking Bits (Prev, Next): (CMBitMap*) 0x0000020b90b0bce0, (CMBitMap*) 0x0000020b90b0bd20
 Prev Bits: [0x0000020ba9510000, 0x0000020bad290000)
 Next Bits: [0x0000020bad290000, 0x0000020bb1010000)

Polling page: 0x0000020b8ea40000

Metaspace:

Usage:
  Non-class:      9.40 MB used.
      Class:    728.62 KB used.
       Both:     10.11 MB used.

Virtual space:
  Non-class space:       16.00 MB reserved,       9.44 MB ( 59%) committed,  2 nodes.
      Class space:        1.00 GB reserved,     768.00 KB ( <1%) committed,  1 nodes.
             Both:        1.02 GB reserved,      10.19 MB ( <1%) committed. 

Chunk freelists:
   Non-Class:  656.00 KB
       Class:  3.19 MB
        Both:  3.83 MB

MaxMetaspaceSize: unlimited
CompressedClassSpaceSize: 1.00 GB
Initial GC threshold: 21.00 MB
Current GC threshold: 21.00 MB
CDS: on
MetaspaceReclaimPolicy: balanced
 - commit_granule_bytes: 65536.
 - commit_granule_words: 8192.
 - virtual_space_node_default_size: 1048576.
 - enlarge_chunks_in_place: 1.
 - new_chunks_are_fully_committed: 0.
 - uncommit_free_chunks: 1.
 - use_allocation_guard: 0.
 - handle_deallocations: 1.


Internal statistics:

num_allocs_failed_limit: 0.
num_arena_births: 44.
num_arena_deaths: 0.
num_vsnodes_births: 3.
num_vsnodes_deaths: 0.
num_space_committed: 161.
num_space_uncommitted: 0.
num_chunks_returned_to_freelist: 0.
num_chunks_taken_from_freelist: 322.
num_chunk_merges: 0.
num_chunk_splits: 274.
num_chunks_enlarged: 249.
num_purges: 0.
num_inconsistent_stats: 0.

CodeHeap 'non-profiled nmethods': size=119168Kb used=1522Kb max_used=1522Kb free=117645Kb
 bounds [0x0000020ba0120000, 0x0000020ba0390000, 0x0000020ba7580000]
CodeHeap 'profiled nmethods': size=119104Kb used=4074Kb max_used=4074Kb free=115030Kb
 bounds [0x0000020b98cd0000, 0x0000020b990d0000, 0x0000020ba0120000]
CodeHeap 'non-nmethods': size=7488Kb used=2790Kb max_used=3391Kb free=4697Kb
 bounds [0x0000020b98580000, 0x0000020b988e0000, 0x0000020b98cd0000]
 total_blobs=3365 nmethods=2255 adapters=1021
 compilation: enabled
              stopped_count=0, restarted_count=0
 full_count=0

Compilation events (20 events):
Event: 9.450 Thread 0x0000020bb4904df0 2244       3       jdk.internal.math.FormattedFloatingDecimal::getBuffer (10 bytes)
Event: 9.450 Thread 0x0000020bb4904df0 nmethod 2244 0x0000020b990be610 code [0x0000020b990be7c0, 0x0000020b990bea68]
Event: 9.450 Thread 0x0000020bb4904df0 2245       3       jdk.internal.math.FloatingDecimal$BinaryToASCIIBuffer::getDigits (22 bytes)
Event: 9.450 Thread 0x0000020bb4904df0 nmethod 2245 0x0000020b990beb10 code [0x0000020b990becc0, 0x0000020b990beea8]
Event: 9.450 Thread 0x0000020bb4904df0 2247       3       jdk.internal.math.FormattedFloatingDecimal::fillDecimal (352 bytes)
Event: 9.451 Thread 0x0000020bbeb09800 nmethod 2243 0x0000020b990bef90 code [0x0000020b990bf2a0, 0x0000020b990c0258]
Event: 9.451 Thread 0x0000020bbeb09800 2248       3       jdk.internal.math.FormattedFloatingDecimal::create (21 bytes)
Event: 9.451 Thread 0x0000020bbeb09800 nmethod 2248 0x0000020b990c0690 code [0x0000020b990c0840, 0x0000020b990c0af8]
Event: 9.451 Thread 0x0000020bbeb09800 2249       3       java.lang.StringBuilder::append (8 bytes)
Event: 9.451 Thread 0x0000020bbeb09800 nmethod 2249 0x0000020b990c0c10 code [0x0000020b990c0da0, 0x0000020b990c0ee8]
Event: 9.451 Thread 0x0000020bbeb09800 2250       3       java.lang.AbstractStringBuilder::append (22 bytes)
Event: 9.451 Thread 0x0000020bbeb09800 nmethod 2250 0x0000020b990c0f90 code [0x0000020b990c1140, 0x0000020b990c12f8]
Event: 9.451 Thread 0x0000020bb4904df0 nmethod 2247 0x0000020b990c1410 code [0x0000020b990c1760, 0x0000020b990c34a8]
Event: 9.453 Thread 0x0000020bc496fff0 nmethod 2241 0x0000020b990c3d10 code [0x0000020b990c4440, 0x0000020b990c8278]
Event: 9.482 Thread 0x0000020bb4904df0 2252       3       com.badlogic.gdx.math.Matrix4::setTranslation (35 bytes)
Event: 9.482 Thread 0x0000020bb49037d0 2253       4       com.badlogic.gdx.graphics.g3d.utils.MeshBuilder::transformPosition (133 bytes)
Event: 9.482 Thread 0x0000020bb4904df0 nmethod 2252 0x0000020b990c9d90 code [0x0000020b990c9f20, 0x0000020b990ca0b8]
Event: 9.483 Thread 0x0000020bb49037d0 nmethod 2253 0x0000020ba029bf90 code [0x0000020ba029c120, 0x0000020ba029c318]
Event: 9.658 Thread 0x0000020bbeb09800 2255       3       com.badlogic.gdx.utils.TimSort::mergeForceCollapse (50 bytes)
Event: 9.659 Thread 0x0000020bbeb09800 nmethod 2255 0x0000020b990ca210 code [0x0000020b990ca3c0, 0x0000020b990ca688]

GC Heap History (6 events):
Event: 0.855 GC heap before
{Heap before GC invocations=0 (full 0):
 garbage-first heap   total 251904K, used 22528K [0x000000070a000000, 0x0000000800000000)
  region size 2048K, 11 young (22528K), 0 survivors (0K)
 Metaspace       used 7100K, committed 7232K, reserved 1064960K
  class space    used 432K, committed 512K, reserved 1048576K
}
Event: 0.857 GC heap after
{Heap after GC invocations=1 (full 0):
 garbage-first heap   total 251904K, used 2547K [0x000000070a000000, 0x0000000800000000)
  region size 2048K, 2 young (4096K), 2 survivors (4096K)
 Metaspace       used 7100K, committed 7232K, reserved 1064960K
  class space    used 432K, committed 512K, reserved 1048576K
}
Event: 4.540 GC heap before
{Heap before GC invocations=1 (full 0):
 garbage-first heap   total 251904K, used 43507K [0x000000070a000000, 0x0000000800000000)
  region size 2048K, 19 young (38912K), 2 survivors (4096K)
 Metaspace       used 9761K, committed 9920K, reserved 1064960K
  class space    used 678K, committed 704K, reserved 1048576K
}
Event: 4.549 GC heap after
{Heap after GC invocations=2 (full 0):
 garbage-first heap   total 251904K, used 22678K [0x000000070a000000, 0x0000000800000000)
  region size 2048K, 3 young (6144K), 3 survivors (6144K)
 Metaspace       used 9761K, committed 9920K, reserved 1064960K
  class space    used 678K, committed 704K, reserved 1048576K
}
Event: 5.923 GC heap before
{Heap before GC invocations=2 (full 0):
 garbage-first heap   total 251904K, used 32918K [0x000000070a000000, 0x0000000800000000)
  region size 2048K, 6 young (12288K), 3 survivors (6144K)
 Metaspace       used 10225K, committed 10368K, reserved 1064960K
  class space    used 727K, committed 768K, reserved 1048576K
}
Event: 5.928 GC heap after
{Heap after GC invocations=3 (full 0):
 garbage-first heap   total 251904K, used 31279K [0x000000070a000000, 0x0000000800000000)
  region size 2048K, 1 young (2048K), 1 survivors (2048K)
 Metaspace       used 10225K, committed 10368K, reserved 1064960K
  class space    used 727K, committed 768K, reserved 1048576K
}

Deoptimization events (20 events):
Event: 6.581 Thread 0x0000020b90ab4620 DEOPT PACKING pc=0x0000020b99069e64 sp=0x000000d1e44fe950
Event: 6.581 Thread 0x0000020b90ab4620 DEOPT UNPACKING pc=0x0000020b985d2b43 sp=0x000000d1e44fde50 mode 0
Event: 6.635 Thread 0x0000020b90ab4620 DEOPT PACKING pc=0x0000020b98ec7da4 sp=0x000000d1e44fec30
Event: 6.635 Thread 0x0000020b90ab4620 DEOPT UNPACKING pc=0x0000020b985d2b43 sp=0x000000d1e44fe198 mode 0
Event: 7.914 Thread 0x0000020b90ab4620 Uncommon trap: trap_request=0xffffff45 fr.pc=0x0000020ba0238da0 relative=0x00000000000001a0
Event: 7.914 Thread 0x0000020b90ab4620 Uncommon trap: reason=unstable_if action=reinterpret pc=0x0000020ba0238da0 method=com.crazyputting3d.Engine.physicsEngine.get_ball_coordinatesX()[F @ 42 c2
Event: 7.914 Thread 0x0000020b90ab4620 DEOPT PACKING pc=0x0000020ba0238da0 sp=0x000000d1e44fedd0
Event: 7.914 Thread 0x0000020b90ab4620 DEOPT UNPACKING pc=0x0000020b985d23a3 sp=0x000000d1e44fed70 mode 2
Event: 7.914 Thread 0x0000020b90ab4620 Uncommon trap: trap_request=0xffffff45 fr.pc=0x0000020ba02392a0 relative=0x00000000000001a0
Event: 7.914 Thread 0x0000020b90ab4620 Uncommon trap: reason=unstable_if action=reinterpret pc=0x0000020ba02392a0 method=com.crazyputting3d.Engine.physicsEngine.get_ball_coordinatesY()[F @ 42 c2
Event: 7.914 Thread 0x0000020b90ab4620 DEOPT PACKING pc=0x0000020ba02392a0 sp=0x000000d1e44fedd0
Event: 7.914 Thread 0x0000020b90ab4620 DEOPT UNPACKING pc=0x0000020b985d23a3 sp=0x000000d1e44fed70 mode 2
Event: 7.914 Thread 0x0000020b90ab4620 Uncommon trap: trap_request=0xffffff45 fr.pc=0x0000020ba02397a0 relative=0x00000000000001a0
Event: 7.914 Thread 0x0000020b90ab4620 Uncommon trap: reason=unstable_if action=reinterpret pc=0x0000020ba02397a0 method=com.crazyputting3d.Engine.physicsEngine.get_ball_coordinatesZ()[F @ 42 c2
Event: 7.915 Thread 0x0000020b90ab4620 DEOPT PACKING pc=0x0000020ba02397a0 sp=0x000000d1e44fedd0
Event: 7.915 Thread 0x0000020b90ab4620 DEOPT UNPACKING pc=0x0000020b985d23a3 sp=0x000000d1e44fed70 mode 2
Event: 7.927 Thread 0x0000020b90ab4620 Uncommon trap: trap_request=0xffffff45 fr.pc=0x0000020ba02947dc relative=0x000000000000093c
Event: 7.927 Thread 0x0000020b90ab4620 Uncommon trap: reason=unstable_if action=reinterpret pc=0x0000020ba02947dc method=jdk.internal.math.FloatingDecimal$BinaryToASCIIBuffer.estimateDecExp(JI)I @ 78 c2
Event: 7.927 Thread 0x0000020b90ab4620 DEOPT PACKING pc=0x0000020ba02947dc sp=0x000000d1e44fe9b0
Event: 7.927 Thread 0x0000020b90ab4620 DEOPT UNPACKING pc=0x0000020b985d23a3 sp=0x000000d1e44fe7b0 mode 2

Classes unloaded (0 events):
No events

Classes redefined (0 events):
No events

Internal exceptions (20 events):
Event: 0.189 Thread 0x0000020b90ab4620 Exception <a 'java/lang/NoSuchMethodError'{0x00000007191c46b0}: 'java.lang.Object java.lang.invoke.DirectMethodHandle$Holder.invokeStaticInit(java.lang.Object)'> (0x00000007191c46b0) 
thrown [e:\jenkins\tmp\workspace\build\src\src\hotspot\share\interpreter\linkResolver.cpp, line 766]
Event: 0.199 Thread 0x0000020b90ab4620 Exception <a 'java/lang/NoSuchMethodError'{0x0000000718e26c98}: 'void java.lang.invoke.DirectMethodHandle$Holder.invokeStatic(java.lang.Object, java.lang.Object)'> (0x0000000718e26c98) 
thrown [e:\jenkins\tmp\workspace\build\src\src\hotspot\share\interpreter\linkResolver.cpp, line 766]
Event: 0.199 Thread 0x0000020b90ab4620 Exception <a 'java/lang/NoSuchMethodError'{0x0000000718e2c4e0}: 'void java.lang.invoke.DirectMethodHandle$Holder.invokeSpecial(java.lang.Object, java.lang.Object, java.lang.Object)'> (0x0000000718e2c4e0) 
thrown [e:\jenkins\tmp\workspace\build\src\src\hotspot\share\interpreter\linkResolver.cpp, line 766]
Event: 0.202 Thread 0x0000020b90ab4620 Exception <a 'java/lang/NoSuchMethodError'{0x0000000718e3f868}: 'java.lang.Object java.lang.invoke.DirectMethodHandle$Holder.invokeStatic(java.lang.Object, java.lang.Object, int)'> (0x0000000718e3f868) 
thrown [e:\jenkins\tmp\workspace\build\src\src\hotspot\share\interpreter\linkResolver.cpp, line 766]
Event: 0.203 Thread 0x0000020b90ab4620 Exception <a 'java/lang/NoSuchMethodError'{0x0000000718e4b5d8}: 'void java.lang.invoke.DelegatingMethodHandle$Holder.delegate(java.lang.Object, java.lang.Object, int, java.lang.Object)'> (0x0000000718e4b5d8) 
thrown [e:\jenkins\tmp\workspace\build\src\src\hotspot\share\interpreter\linkResolver.cpp, line 766]
Event: 0.204 Thread 0x0000020b90ab4620 Exception <a 'java/lang/NoSuchMethodError'{0x0000000718e4f818}: 'int java.lang.invoke.DirectMethodHandle$Holder.invokeSpecial(java.lang.Object, java.lang.Object, java.lang.Object)'> (0x0000000718e4f818) 
thrown [e:\jenkins\tmp\workspace\build\src\src\hotspot\share\interpreter\linkResolver.cpp, line 766]
Event: 0.235 Thread 0x0000020b90ab4620 Exception <a 'sun/nio/fs/WindowsException'{0x0000000718ef6710}> (0x0000000718ef6710) 
thrown [e:\jenkins\tmp\workspace\build\src\src\hotspot\share\prims\jni.cpp, line 516]
Event: 0.235 Thread 0x0000020b90ab4620 Exception <a 'sun/nio/fs/WindowsException'{0x0000000718ef6c68}> (0x0000000718ef6c68) 
thrown [e:\jenkins\tmp\workspace\build\src\src\hotspot\share\prims\jni.cpp, line 516]
Event: 0.259 Thread 0x0000020b90ab4620 Exception <a 'sun/nio/fs/WindowsException'{0x0000000718fe65a8}> (0x0000000718fe65a8) 
thrown [e:\jenkins\tmp\workspace\build\src\src\hotspot\share\prims\jni.cpp, line 516]
Event: 0.259 Thread 0x0000020b90ab4620 Exception <a 'sun/nio/fs/WindowsException'{0x0000000718fe6948}> (0x0000000718fe6948) 
thrown [e:\jenkins\tmp\workspace\build\src\src\hotspot\share\prims\jni.cpp, line 516]
Event: 0.277 Thread 0x0000020b90ab4620 Exception <a 'sun/nio/fs/WindowsException'{0x0000000718c94b20}> (0x0000000718c94b20) 
thrown [e:\jenkins\tmp\workspace\build\src\src\hotspot\share\prims\jni.cpp, line 516]
Event: 0.277 Thread 0x0000020b90ab4620 Exception <a 'sun/nio/fs/WindowsException'{0x0000000718c94e90}> (0x0000000718c94e90) 
thrown [e:\jenkins\tmp\workspace\build\src\src\hotspot\share\prims\jni.cpp, line 516]
Event: 0.317 Thread 0x0000020b90ab4620 Exception <a 'sun/nio/fs/WindowsException'{0x0000000718d19eb0}> (0x0000000718d19eb0) 
thrown [e:\jenkins\tmp\workspace\build\src\src\hotspot\share\prims\jni.cpp, line 516]
Event: 0.318 Thread 0x0000020b90ab4620 Exception <a 'sun/nio/fs/WindowsException'{0x0000000718d1a238}> (0x0000000718d1a238) 
thrown [e:\jenkins\tmp\workspace\build\src\src\hotspot\share\prims\jni.cpp, line 516]
Event: 0.542 Thread 0x0000020b90ab4620 Exception <a 'sun/nio/fs/WindowsException'{0x0000000718afd7e0}> (0x0000000718afd7e0) 
thrown [e:\jenkins\tmp\workspace\build\src\src\hotspot\share\prims\jni.cpp, line 516]
Event: 0.542 Thread 0x0000020b90ab4620 Exception <a 'sun/nio/fs/WindowsException'{0x0000000718afdb90}> (0x0000000718afdb90) 
thrown [e:\jenkins\tmp\workspace\build\src\src\hotspot\share\prims\jni.cpp, line 516]
Event: 0.546 Thread 0x0000020b90ab4620 Exception <a 'sun/nio/fs/WindowsException'{0x0000000718b09d28}> (0x0000000718b09d28) 
thrown [e:\jenkins\tmp\workspace\build\src\src\hotspot\share\prims\jni.cpp, line 516]
Event: 0.546 Thread 0x0000020b90ab4620 Exception <a 'sun/nio/fs/WindowsException'{0x0000000718b0a010}> (0x0000000718b0a010) 
thrown [e:\jenkins\tmp\workspace\build\src\src\hotspot\share\prims\jni.cpp, line 516]
Event: 4.029 Thread 0x0000020b90ab4620 Implicit null exception at 0x0000020ba0198d3f to 0x0000020ba0198e1c
Event: 4.660 Thread 0x0000020bbf788500 Implicit null exception at 0x0000020ba01905df to 0x0000020ba019069c

VM Operations (20 events):
Event: 2.127 Executing VM operation: Cleanup
Event: 2.127 Executing VM operation: Cleanup done
Event: 3.128 Executing VM operation: Cleanup
Event: 3.128 Executing VM operation: Cleanup done
Event: 3.931 Executing VM operation: HandshakeAllThreads
Event: 3.931 Executing VM operation: HandshakeAllThreads done
Event: 3.949 Executing VM operation: HandshakeAllThreads
Event: 3.949 Executing VM operation: HandshakeAllThreads done
Event: 3.950 Executing VM operation: HandshakeAllThreads
Event: 3.950 Executing VM operation: HandshakeAllThreads done
Event: 4.540 Executing VM operation: G1CollectForAllocation
Event: 4.549 Executing VM operation: G1CollectForAllocation done
Event: 5.923 Executing VM operation: G1CollectForAllocation
Event: 5.928 Executing VM operation: G1CollectForAllocation done
Event: 7.927 Executing VM operation: ICBufferFull
Event: 7.927 Executing VM operation: ICBufferFull done
Event: 8.583 Executing VM operation: ICBufferFull
Event: 8.583 Executing VM operation: ICBufferFull done
Event: 9.249 Executing VM operation: ICBufferFull
Event: 9.249 Executing VM operation: ICBufferFull done

Events (20 events):
Event: 4.672 loading class com/sun/media/sound/EventDispatcher done
Event: 4.672 Thread 0x0000020bc59e3b60 Thread added: 0x0000020bc59e3b60
Event: 4.685 Thread 0x0000020bc5f49080 Thread added: 0x0000020bc5f49080
Event: 4.692 Thread 0x0000020bbf339030 Thread exited: 0x0000020bbf339030
Event: 4.887 Thread 0x0000020bbf788500 Thread exited: 0x0000020bbf788500
Event: 4.931 Thread 0x0000020bb8261b40 Thread exited: 0x0000020bb8261b40
Event: 5.423 Thread 0x0000020bb8262050 Thread exited: 0x0000020bb8262050
Event: 5.423 Thread 0x0000020bb4a30c80 Thread exited: 0x0000020bb4a30c80
Event: 5.423 Thread 0x0000020bb4a29750 Thread exited: 0x0000020bb4a29750
Event: 5.426 Thread 0x0000020bb4a30c80 Thread added: 0x0000020bb4a30c80
Event: 5.426 Thread 0x0000020bb8261f50 Thread added: 0x0000020bb8261f50
Event: 5.781 Thread 0x0000020bb8261f50 Thread exited: 0x0000020bb8261f50
Event: 5.799 Thread 0x0000020bb4a30c80 Thread exited: 0x0000020bb4a30c80
Event: 6.307 Thread 0x0000020bc5dd8520 Thread added: 0x0000020bc5dd8520
Event: 6.849 Thread 0x0000020bc5dd8520 Thread exited: 0x0000020bc5dd8520
Event: 6.988 Thread 0x0000020bb50e4e20 Thread added: 0x0000020bb50e4e20
Event: 6.992 Thread 0x0000020bc5dd83e0 Thread added: 0x0000020bc5dd83e0
Event: 7.192 Thread 0x0000020bb50e4e20 Thread exited: 0x0000020bb50e4e20
Event: 9.450 Thread 0x0000020bbeb09800 Thread added: 0x0000020bbeb09800
Event: 9.450 Thread 0x0000020bc496fff0 Thread added: 0x0000020bc496fff0


Dynamic libraries:
0x00007ff7d8a20000 - 0x00007ff7d8a2e000 	C:\Program Files\Eclipse Adoptium\jdk-17.0.1.12-hotspot\bin\java.exe
0x00007ffdc5cd0000 - 0x00007ffdc5ec5000 	C:\Windows\SYSTEM32\ntdll.dll
0x00007ffdc4060000 - 0x00007ffdc411d000 	C:\Windows\System32\KERNEL32.DLL
0x00007ffdc3720000 - 0x00007ffdc39ed000 	C:\Windows\System32\KERNELBASE.dll
0x00007ffdc33b0000 - 0x00007ffdc34b0000 	C:\Windows\System32\ucrtbase.dll
0x00007ffdb6650000 - 0x00007ffdb6668000 	C:\Program Files\Eclipse Adoptium\jdk-17.0.1.12-hotspot\bin\jli.dll
0x00007ffdbd460000 - 0x00007ffdbd479000 	C:\Program Files\Eclipse Adoptium\jdk-17.0.1.12-hotspot\bin\VCRUNTIME140.dll
0x00007ffdc5530000 - 0x00007ffdc56d0000 	C:\Windows\System32\USER32.dll
0x00007ffdad620000 - 0x00007ffdad8ba000 	C:\Windows\WinSxS\amd64_microsoft.windows.common-controls_6595b64144ccf1df_6.0.19041.1110_none_60b5254171f9507e\COMCTL32.dll
0x00007ffdc3c20000 - 0x00007ffdc3c42000 	C:\Windows\System32\win32u.dll
0x00007ffdc5190000 - 0x00007ffdc522e000 	C:\Windows\System32\msvcrt.dll
0x00007ffdc5bd0000 - 0x00007ffdc5bfa000 	C:\Windows\System32\GDI32.dll
0x00007ffdc3610000 - 0x00007ffdc371b000 	C:\Windows\System32\gdi32full.dll
0x00007ffdc39f0000 - 0x00007ffdc3a8d000 	C:\Windows\System32\msvcp_win.dll
0x00007ffdc4eb0000 - 0x00007ffdc4ee0000 	C:\Windows\System32\IMM32.DLL
0x00007ffdbede0000 - 0x00007ffdbedec000 	C:\Program Files\Eclipse Adoptium\jdk-17.0.1.12-hotspot\bin\vcruntime140_1.dll
0x00007ffdb1890000 - 0x00007ffdb1921000 	C:\Program Files\Eclipse Adoptium\jdk-17.0.1.12-hotspot\bin\msvcp140.dll
0x00007ffd82e10000 - 0x00007ffd83a56000 	C:\Program Files\Eclipse Adoptium\jdk-17.0.1.12-hotspot\bin\server\jvm.dll
0x00007ffdc3fb0000 - 0x00007ffdc405e000 	C:\Windows\System32\ADVAPI32.dll
0x00007ffdc3e80000 - 0x00007ffdc3f1c000 	C:\Windows\System32\sechost.dll
0x00007ffdc3d50000 - 0x00007ffdc3e75000 	C:\Windows\System32\RPCRT4.dll
0x00007ffdc4ee0000 - 0x00007ffdc4ee8000 	C:\Windows\System32\PSAPI.DLL
0x00007ffda5c00000 - 0x00007ffda5c09000 	C:\Windows\SYSTEM32\WSOCK32.dll
0x00007ffdbc260000 - 0x00007ffdbc26a000 	C:\Windows\SYSTEM32\VERSION.dll
0x00007ffdb8890000 - 0x00007ffdb88b7000 	C:\Windows\SYSTEM32\WINMM.dll
0x00007ffdc52e0000 - 0x00007ffdc534b000 	C:\Windows\System32\WS2_32.dll
0x00007ffdc1c40000 - 0x00007ffdc1c52000 	C:\Windows\SYSTEM32\kernel.appcore.dll
0x00007ffdbee30000 - 0x00007ffdbee3a000 	C:\Program Files\Eclipse Adoptium\jdk-17.0.1.12-hotspot\bin\jimage.dll
0x00007ffdc1a30000 - 0x00007ffdc1c14000 	C:\Windows\SYSTEM32\DBGHELP.DLL
0x00007ffdb8de0000 - 0x00007ffdb8e0c000 	C:\Windows\SYSTEM32\dbgcore.DLL
0x00007ffdc3a90000 - 0x00007ffdc3b12000 	C:\Windows\System32\bcryptPrimitives.dll
0x00007ffdb62b0000 - 0x00007ffdb62d5000 	C:\Program Files\Eclipse Adoptium\jdk-17.0.1.12-hotspot\bin\java.dll
0x00007ffdb1a30000 - 0x00007ffdb1b06000 	C:\Program Files\Eclipse Adoptium\jdk-17.0.1.12-hotspot\bin\svml.dll
0x00007ffdc4120000 - 0x00007ffdc4864000 	C:\Windows\System32\SHELL32.dll
0x00007ffdc1150000 - 0x00007ffdc18e4000 	C:\Windows\SYSTEM32\windows.storage.dll
0x00007ffdc5870000 - 0x00007ffdc5bc4000 	C:\Windows\System32\combase.dll
0x00007ffdc2e10000 - 0x00007ffdc2e3c000 	C:\Windows\SYSTEM32\Wldp.dll
0x00007ffdc5230000 - 0x00007ffdc52dd000 	C:\Windows\System32\SHCORE.dll
0x00007ffdc3cf0000 - 0x00007ffdc3d45000 	C:\Windows\System32\shlwapi.dll
0x00007ffdc32f0000 - 0x00007ffdc330f000 	C:\Windows\SYSTEM32\profapi.dll
0x00007ffdaafa0000 - 0x00007ffdaafb9000 	C:\Program Files\Eclipse Adoptium\jdk-17.0.1.12-hotspot\bin\net.dll
0x00007ffdb4be0000 - 0x00007ffdb4cea000 	C:\Windows\SYSTEM32\WINHTTP.dll
0x00007ffdc2b70000 - 0x00007ffdc2bda000 	C:\Windows\system32\mswsock.dll
0x00007ffdaaf80000 - 0x00007ffdaaf95000 	C:\Program Files\Eclipse Adoptium\jdk-17.0.1.12-hotspot\bin\nio.dll
0x00007ffdaace0000 - 0x00007ffdaacf8000 	C:\Program Files\Eclipse Adoptium\jdk-17.0.1.12-hotspot\bin\zip.dll
0x000000006e700000 - 0x000000006e72a000 	C:\Users\grado\AppData\Local\Temp\libgdxgrado\e1cd32f8\gdx64.dll
0x00007ffdb19c0000 - 0x00007ffdb1a24000 	C:\Users\grado\AppData\Local\Temp\lwjglgrado\3.2.3-build-13\lwjgl.dll
0x00007ffd84490000 - 0x00007ffd846e3000 	C:\Users\grado\AppData\Local\Temp\lwjglgrado\3.2.3-build-13\jemalloc.dll
0x00007ffdb1950000 - 0x00007ffdb19b2000 	C:\Users\grado\AppData\Local\Temp\lwjglgrado\3.2.3-build-13\glfw.dll
0x00007ffdc0870000 - 0x00007ffdc090e000 	C:\Windows\system32\uxtheme.dll
0x00007ffdaa450000 - 0x00007ffdaa495000 	C:\Windows\SYSTEM32\dinput8.dll
0x00007ffdb1930000 - 0x00007ffdb1941000 	C:\Windows\SYSTEM32\xinput1_4.dll
0x00007ffdc3b20000 - 0x00007ffdc3b6e000 	C:\Windows\System32\cfgmgr32.dll
0x00007ffdc3160000 - 0x00007ffdc318c000 	C:\Windows\SYSTEM32\DEVOBJ.dll
0x00007ffdc0a00000 - 0x00007ffdc0a2f000 	C:\Windows\SYSTEM32\dwmapi.dll
0x00007ffda8c80000 - 0x00007ffda8dd2000 	C:\Windows\SYSTEM32\inputhost.dll
0x00007ffdc4d70000 - 0x00007ffdc4e3d000 	C:\Windows\System32\OLEAUT32.dll
0x00007ffdc0500000 - 0x00007ffdc05f2000 	C:\Windows\SYSTEM32\CoreMessaging.dll
0x00007ffdbe990000 - 0x00007ffdbea86000 	C:\Windows\SYSTEM32\PROPSYS.dll
0x00007ffdc01a0000 - 0x00007ffdc04fe000 	C:\Windows\SYSTEM32\CoreUIComponents.dll
0x00007ffdbfad0000 - 0x00007ffdbfc24000 	C:\Windows\SYSTEM32\wintypes.dll
0x00007ffdc20b0000 - 0x00007ffdc20e3000 	C:\Windows\SYSTEM32\ntmarta.dll
0x00007ffdc5750000 - 0x00007ffdc5865000 	C:\Windows\System32\MSCTF.dll
0x00007ffdc18f0000 - 0x00007ffdc18fd000 	C:\Windows\SYSTEM32\HID.DLL
0x00007ffdc4870000 - 0x00007ffdc4ce1000 	C:\Windows\System32\SETUPAPI.DLL
0x00007ffdc3c50000 - 0x00007ffdc3c77000 	C:\Windows\System32\bcrypt.dll
0x00007ffdc3c80000 - 0x00007ffdc3ce8000 	C:\Windows\System32\WINTRUST.dll
0x00007ffdc34b0000 - 0x00007ffdc3606000 	C:\Windows\System32\CRYPT32.dll
0x00007ffdc2fa0000 - 0x00007ffdc2fb2000 	C:\Windows\SYSTEM32\MSASN1.dll
0x00007ffd81e40000 - 0x00007ffd81f4b000 	C:\Users\grado\AppData\Local\Temp\lwjglgrado\3.2.3-build-13\OpenAL.dll
0x00007ffdc5400000 - 0x00007ffdc552a000 	C:\Windows\System32\ole32.dll
0x00007ffdc5350000 - 0x00007ffdc53f9000 	C:\Windows\System32\clbcatq.dll
0x00007ffdbb510000 - 0x00007ffdbb595000 	C:\Windows\System32\MMDevApi.dll
0x00007ffdbbda0000 - 0x00007ffdbbf22000 	C:\Windows\SYSTEM32\AUDIOSES.DLL
0x00007ffdc2930000 - 0x00007ffdc297b000 	C:\Windows\SYSTEM32\powrprof.dll
0x00007ffdc27f0000 - 0x00007ffdc2802000 	C:\Windows\SYSTEM32\UMPDC.dll
0x00007ffdc0a30000 - 0x00007ffdc0a44000 	C:\Windows\SYSTEM32\resourcepolicyclient.dll
0x00007ffd22910000 - 0x00007ffd22a36000 	C:\Windows\SYSTEM32\opengl32.dll
0x00007ffd228e0000 - 0x00007ffd2290c000 	C:\Windows\SYSTEM32\GLU32.dll
0x00007ffdbc2e0000 - 0x00007ffdbc3d7000 	C:\Windows\System32\AppXDeploymentClient.dll
0x00007ffdab4d0000 - 0x00007ffdab4fa000 	C:\Windows\System32\DriverStore\FileRepository\u0361612.inf_amd64_b679e02f70413f9f\B361368\atig6pxx.dll
0x00007ffd7dc80000 - 0x00007ffd80966000 	C:\Windows\System32\DriverStore\FileRepository\u0361612.inf_amd64_b679e02f70413f9f\B361368\atio6axx.dll
0x00007ffd86690000 - 0x00007ffd866b4000 	C:\Windows\SYSTEM32\dxva2.dll
0x00007ffda3f10000 - 0x00007ffda3f4c000 	C:\Windows\System32\DriverStore\FileRepository\u0361612.inf_amd64_b679e02f70413f9f\B361368\atig6txx.dll
0x00007ffd81c80000 - 0x00007ffd81e39000 	C:\Windows\SYSTEM32\atiadlxx.dll
0x00007ffdb9380000 - 0x00007ffdb93bb000 	C:\Windows\SYSTEM32\dxcore.dll
0x00007ffd9ef60000 - 0x00007ffd9efb9000 	C:\Users\grado\AppData\Local\Temp\lwjglgrado\3.2.3-build-13\lwjgl_opengl.dll
0x00007ffda93b0000 - 0x00007ffda94a9000 	C:\Windows\SYSTEM32\textinputframework.dll
0x00007ffdaacc0000 - 0x00007ffdaacd1000 	C:\Program Files\Eclipse Adoptium\jdk-17.0.1.12-hotspot\bin\jsound.dll
0x00007ffd853c0000 - 0x00007ffd8545c000 	C:\Windows\SYSTEM32\DSOUND.dll
0x00007ffdb3710000 - 0x00007ffdb3736000 	C:\Windows\SYSTEM32\winmmbase.dll
0x00007ffda9b00000 - 0x00007ffda9b46000 	C:\Windows\SYSTEM32\wdmaud.drv
0x00007ffdbde60000 - 0x00007ffdbde69000 	C:\Windows\SYSTEM32\ksuser.dll
0x00007ffdbd880000 - 0x00007ffdbd88a000 	C:\Windows\SYSTEM32\AVRT.dll
0x00007ffdbc5b0000 - 0x00007ffdbc5bd000 	C:\Windows\SYSTEM32\msacm32.drv
0x00007ffdbc630000 - 0x00007ffdbc64e000 	C:\Windows\SYSTEM32\MSACM32.dll
0x00007ffdb6730000 - 0x00007ffdb673b000 	C:\Windows\SYSTEM32\midimap.dll
0x00007ffda8de0000 - 0x00007ffda8f21000 	C:\Windows\System32\Windows.UI.dll
0x00007ffdbd350000 - 0x00007ffdbd3f1000 	C:\Windows\System32\WindowManagementAPI.dll
0x00007ffdbca10000 - 0x00007ffdbcc11000 	C:\Windows\SYSTEM32\twinapi.appcore.dll

dbghelp: loaded successfully - version: 4.0.5 - missing functions: none
symbol engine: initialized successfully - sym options: 0x614 - pdb path: .;C:\Program Files\Eclipse Adoptium\jdk-17.0.1.12-hotspot\bin;C:\Windows\SYSTEM32;C:\Windows\WinSxS\amd64_microsoft.windows.common-controls_6595b64144ccf1df_6.0.19041.1110_none_60b5254171f9507e;C:\Program Files\Eclipse Adoptium\jdk-17.0.1.12-hotspot\bin\server;C:\Users\grado\AppData\Local\Temp\libgdxgrado\e1cd32f8;C:\Users\grado\AppData\Local\Temp\lwjglgrado\3.2.3-build-13;C:\Windows\System32\DriverStore\FileRepository\u0361612.inf_amd64_b679e02f70413f9f\B361368

VM Arguments:
jvm_args: -XX:+ShowCodeDetailsInExceptionMessages 
java_command: com.crazyputting3d.Main
java_class_path (initial): C:\Users\grado\Documents\Group-04\3dcrazyputting\desktop\bin\main;\CrazyPutting3D-core\bin\default;C:\Users\grado\Documents\Group-04\3dcrazyputting\core\bin\main;C:\Users\grado\.gradle\caches\modules-2\files-2.1\com.badlogicgames.gdx\gdx-backend-lwjgl3\1.10.0\600c7d5b2c977daa82c4abad147087b31e0ada87\gdx-backend-lwjgl3-1.10.0.jar;C:\Users\grado\.gradle\caches\modules-2\files-2.1\com.badlogicgames.gdx\gdx-platform\1.10.0\9a8fa793d2fd6d360afc6c9e4c1f5583da263b88\gdx-platform-1.10.0-natives-desktop.jar;C:\Users\grado\.gradle\caches\modules-2\files-2.1\com.badlogicgames.gdx\gdx-bullet-platform\1.10.0\ce92e8dfc762523d769cbc50853163c03bf98cf1\gdx-bullet-platform-1.10.0-natives-desktop.jar;C:\Users\grado\.gradle\caches\modules-2\files-2.1\com.badlogicgames.gdx\gdx-freetype-platform\1.10.0\6e5d28752759e69384f12e4569d2c884ff71352f\gdx-freetype-platform-1.10.0-natives-desktop.jar;C:\Users\grado\.gradle\caches\modules-2\files-2.1\com.badlogicgames.gdx-controllers\gdx-controllers-desktop\2.2.1\cb3430c32468a090eca54d494d16bb3764ceff9b\gdx-controllers-desktop-2.2.1.jar;C:\Users\grado\.gradle\caches\modules-2\files-2.1\org.jetbrains\annotations\20.1.0\2fcd1f3225bca0c4a7bc931142076f8c1e80993f\annotations-20.1.0.jar;C:\Users\grado\.gradle\caches\modules-2\files-2.1\com.badlogicgames.gdx\gdx-bullet\1.10.0\839b58c7278f5c3b55291c3a559d91227400ecdb\gdx-bullet-1.10.0.jar;C:\Users\grado\.gradle\caches\modules-2\files-2.1\com.badlogicgames.gdx\gdx-freetype\1.10.0\de1d0d5c1e92e8d91364256fd6b7bb279d3e9859\gdx-freetype-1.10.0.jar;C:\Users\grado\.gradle\caches\modules-2\files-2.1\com.badlogicgames.gdx\gdx-ai\1.8.2\ab75d2ce80ab1b1ce6828a15dc0f417abac4c674\gdx-ai-1.8.2.jar;C:\Users\grado\.gradle\caches\modules-2\files-2.1\com.badlogicgames.ashley\ashley\1.7.4\21a3a8932919099c4e5006a7d8378dcbe76ef8a5\ashley-1.7.4.jar;C:\Users\grado\.gradle\caches\modules-2\files-2.1\com.badlogicgames.box2dlights\box2dlights\1.5\6902dbcd250c95a27973aa24a147a95b3828d348\box2dlights-1.5.j
Launcher Type: SUN_STANDARD

[Global flags]
     intx CICompilerCount                          = 12                                        {product} {ergonomic}
     uint ConcGCThreads                            = 3                                         {product} {ergonomic}
     uint G1ConcRefinementThreads                  = 13                                        {product} {ergonomic}
   size_t G1HeapRegionSize                         = 2097152                                   {product} {ergonomic}
    uintx GCDrainStackTargetSize                   = 64                                        {product} {ergonomic}
   size_t InitialHeapSize                          = 257949696                                 {product} {ergonomic}
   size_t MarkStackSize                            = 4194304                                   {product} {ergonomic}
   size_t MaxHeapSize                              = 4127195136                                {product} {ergonomic}
   size_t MaxNewSize                               = 2474639360                                {product} {ergonomic}
   size_t MinHeapDeltaBytes                        = 2097152                                   {product} {ergonomic}
   size_t MinHeapSize                              = 8388608                                   {product} {ergonomic}
    uintx NonNMethodCodeHeapSize                   = 7602480                                {pd product} {ergonomic}
    uintx NonProfiledCodeHeapSize                  = 122027880                              {pd product} {ergonomic}
    uintx ProfiledCodeHeapSize                     = 122027880                              {pd product} {ergonomic}
    uintx ReservedCodeCacheSize                    = 251658240                              {pd product} {ergonomic}
     bool SegmentedCodeCache                       = true                                      {product} {ergonomic}
     bool ShowCodeDetailsInExceptionMessages       = true                                   {manageable} {command line}
   size_t SoftMaxHeapSize                          = 4127195136                             {manageable} {ergonomic}
     bool UseCompressedClassPointers               = true                           {product lp64_product} {ergonomic}
     bool UseCompressedOops                        = true                           {product lp64_product} {ergonomic}
     bool UseG1GC                                  = true                                      {product} {ergonomic}
     bool UseLargePagesIndividualAllocation        = false                                  {pd product} {ergonomic}

Logging:
Log output configuration:
 #0: stdout all=warning uptime,level,tags
 #1: stderr all=off uptime,level,tags

Environment Variables:
PATH=C:\Program Files\Common Files\Oracle\Java\javapath;C:\Windows\system32;C:\Windows;C:\Windows\System32\Wbem;C:\Windows\System32\WindowsPowerShell\v1.0\;C:\Windows\System32\OpenSSH\;C:\Program Files (x86)\NVIDIA Corporation\PhysX\Common;C:\Program Files\NVIDIA Corporation\NVIDIA NvDLISR;C:\Program Files\MATLAB\R2022a\bin;C:\Program Files\Gradle\gradle-7.4.2\bin;C:\Program Files\Git\cmd;C:\Users\grado\AppData\Local\Microsoft\WindowsApps;C:\Users\grado\AppData\Local\Programs\Microsoft VS Code\bin;C:\Users\grado\AppData\Local\GitHubDesktop\bin
USERNAME=grado
LANG=en_US.UTF-8
OS=Windows_NT
PROCESSOR_IDENTIFIER=AMD64 Family 23 Model 96 Stepping 1, AuthenticAMD



---------------  S Y S T E M  ---------------

OS:
 Windows 10 , 64 bit Build 19041 (10.0.19041.1706)
OS uptime: 11 days 17:09 hours

CPU: total 16 (initial active 16) (16 cores per cpu, 2 threads per core) family 23 model 96 stepping 1 microcode 0x0, cx8, cmov, fxsr, ht, mmx, 3dnowpref, sse, sse2, sse3, ssse3, sse4a, sse4.1, sse4.2, popcnt, lzcnt, tsc, tscinvbit, avx, avx2, aes, clmul, bmi1, bmi2, adx, sha, fma, vzeroupper, clflush, clflushopt

Memory: 4k page, system-wide physical 15741M (7043M free)
TotalPageFile size 28638M (AvailPageFile size 9833M)
current process WorkingSet (physical memory assigned to process): 277M, peak: 322M
current process commit charge ("private bytes"): 571M, peak: 625M

vm_info: OpenJDK 64-Bit Server VM (17.0.1+12) for windows-amd64 JRE (17.0.1+12), built on Oct 20 2021 07:42:55 by "" with MS VC++ 16.7 (VS2019)

END.
