#
# A fatal error has been detected by the Java Runtime Environment:
#
#  EXCEPTION_ACCESS_VIOLATION (0xc0000005) at pc=0x0000020c88b30000, pid=25812, tid=2280
#
# JRE version: OpenJDK Runtime Environment Temurin-17.0.1+12 (17.0.1+12) (build 17.0.1+12)
# Java VM: OpenJDK 64-Bit Server VM Temurin-17.0.1+12 (17.0.1+12, mixed mode, sharing, tiered, compressed oops, compressed class ptrs, g1 gc, windows-amd64)
# Problematic frame:
# C  0x0000020c88b30000
#
# No core dump will be written. Minidumps are not enabled by default on client versions of Windows
#
# If you would like to submit a bug report, please visit:
#   https://github.com/adoptium/adoptium-support/issues
# The crash happened outside the Java Virtual Machine in native code.
# See problematic frame for where to report the bug.
#

---------------  S U M M A R Y ------------

Command Line: -XX:+ShowCodeDetailsInExceptionMessages com.crazyputting3d.Main

Host: AMD Ryzen 7 4800H with Radeon Graphics         , 16 cores, 15G,  Windows 10 , 64 bit Build 19041 (10.0.19041.1706)
Time: Fri Jun 17 17:07:24 2022 Central European Daylight Time elapsed time: 33.683753 seconds (0d 0h 0m 33s)

---------------  T H R E A D  ---------------

Current thread (0x0000020c88bb2380):  JavaThread "main" [_thread_in_native, id=2280, stack(0x0000005996300000,0x0000005996400000)]

Stack: [0x0000005996300000,0x0000005996400000],  sp=0x00000059963fe948,  free space=1018k
Native frames: (J=compiled Java code, j=interpreted, Vv=VM code, C=native code)
C  0x0000020c88b30000

Java frames: (J=compiled Java code, j=interpreted, Vv=VM code)
J 1193  org.lwjgl.system.JNI.invokePV(JJ)V (0 bytes) @ 0x0000020c9827fe6c [0x0000020c9827fe20+0x000000000000004c]
J 1988 c1 org.lwjgl.glfw.GLFW.glfwSwapBuffers(J)V (21 bytes) @ 0x0000020c9114f3ac [0x0000020c9114f2c0+0x00000000000000ec]
j  com.badlogic.gdx.backends.lwjgl3.Lwjgl3Window.update()Z+196
j  com.badlogic.gdx.backends.lwjgl3.Lwjgl3Application.loop()V+111
j  com.badlogic.gdx.backends.lwjgl3.Lwjgl3Application.<init>(Lcom/badlogic/gdx/ApplicationListener;Lcom/badlogic/gdx/backends/lwjgl3/Lwjgl3ApplicationConfiguration;)V+243
j  com.crazyputting3d.Main.main([Ljava/lang/String;)V+41
v  ~StubRoutines::call_stub

siginfo: EXCEPTION_ACCESS_VIOLATION (0xc0000005), data execution prevention violation at address 0x0000020c88b30000


Register to memory mapping:

RIP=0x0000020c88b30000 is an unknown value
RAX=0x0000020c88b30000 is an unknown value
RBX=0x0000000000010001 is an unknown value
RCX=0x0000000000010001 is an unknown value
RDX=0x00000059963fe980 is pointing into the stack for thread: 0x0000020c88bb2380
RSP=0x00000059963fe948 is pointing into the stack for thread: 0x0000020c88bb2380
RBP=0x00000059963fea50 is pointing into the stack for thread: 0x0000020c88bb2380
RSI=0x0000000000000110 is an unknown value
RDI=0x0000000000001f5a is an unknown value
R8 =0x0000020cad5acd60 points into unknown readable memory: 0x0000020cbe76f430 | 30 f4 76 be 0c 02 00 00
R9 =0x00007ffd9ef51b50 glfw.dll
R10=0x00007ffdb1891b10 lwjgl.dll
R11=0x00000059963fedb8 is pointing into the stack for thread: 0x0000020c88bb2380
R12=0x0 is NULL
R13=0x00000059963feeb8 is pointing into the stack for thread: 0x0000020c88bb2380
R14=0x00000059963fee10 is pointing into the stack for thread: 0x0000020c88bb2380
R15=0x0000020c88bb2380 is a thread


Registers:
RAX=0x0000020c88b30000, RBX=0x0000000000010001, RCX=0x0000000000010001, RDX=0x00000059963fe980
RSP=0x00000059963fe948, RBP=0x00000059963fea50, RSI=0x0000000000000110, RDI=0x0000000000001f5a
R8 =0x0000020cad5acd60, R9 =0x00007ffd9ef51b50, R10=0x00007ffdb1891b10, R11=0x00000059963fedb8
R12=0x0000000000000000, R13=0x00000059963feeb8, R14=0x00000059963fee10, R15=0x0000020c88bb2380
RIP=0x0000020c88b30000, EFLAGS=0x0000000000010206

Top of Stack: (sp=0x00000059963fe948)
0x00000059963fe948:   00007ffd9ef51f7c 0000005900000000
0x00000059963fe958:   0000020c91019784 000000070a0a0ac0
0x00000059963fe968:   438c000041700000 000000070b31ef40
0x00000059963fe978:   0000020c90fe007c 57464c4720656854
0x00000059963fe988:   7972617262696c20 20746f6e20736920
0x00000059963fe998:   696c616974696e69 000000590064657a
0x00000059963fe9a8:   00007ffd831e5e62 0000020c88bb2380
0x00000059963fe9b8:   0000000000000000 00000000000001cc
0x00000059963fe9c8:   0000020c906894fe 0000000000000000
0x00000059963fe9d8:   000000006e7020f4 0000020c88bb2628
0x00000059963fe9e8:   00007ffd831e5481 000000070b3340a0
0x00000059963fe9f8:   0000020c9827ad05 0000000200000003
0x00000059963fea08:   000000070b31ef60 000000070b332b50
0x00000059963fea18:   000000070b333350 0000000700000000
0x00000059963fea28:   000000070b31bbd8 0000000000000002
0x00000059963fea38:   00007ffd22939d0a 00000059963fedd0 

Instructions: (pc=0x0000020c88b30000)
0x0000020c88b2ff00:   ?? ?? ?? ?? ?? ?? ?? ?? ?? ?? ?? ?? ?? ?? ?? ??
0x0000020c88b2ff10:   ?? ?? ?? ?? ?? ?? ?? ?? ?? ?? ?? ?? ?? ?? ?? ??
0x0000020c88b2ff20:   ?? ?? ?? ?? ?? ?? ?? ?? ?? ?? ?? ?? ?? ?? ?? ??
0x0000020c88b2ff30:   ?? ?? ?? ?? ?? ?? ?? ?? ?? ?? ?? ?? ?? ?? ?? ??
0x0000020c88b2ff40:   ?? ?? ?? ?? ?? ?? ?? ?? ?? ?? ?? ?? ?? ?? ?? ??
0x0000020c88b2ff50:   ?? ?? ?? ?? ?? ?? ?? ?? ?? ?? ?? ?? ?? ?? ?? ??
0x0000020c88b2ff60:   ?? ?? ?? ?? ?? ?? ?? ?? ?? ?? ?? ?? ?? ?? ?? ??
0x0000020c88b2ff70:   ?? ?? ?? ?? ?? ?? ?? ?? ?? ?? ?? ?? ?? ?? ?? ??
0x0000020c88b2ff80:   ?? ?? ?? ?? ?? ?? ?? ?? ?? ?? ?? ?? ?? ?? ?? ??
0x0000020c88b2ff90:   ?? ?? ?? ?? ?? ?? ?? ?? ?? ?? ?? ?? ?? ?? ?? ??
0x0000020c88b2ffa0:   ?? ?? ?? ?? ?? ?? ?? ?? ?? ?? ?? ?? ?? ?? ?? ??
0x0000020c88b2ffb0:   ?? ?? ?? ?? ?? ?? ?? ?? ?? ?? ?? ?? ?? ?? ?? ??
0x0000020c88b2ffc0:   ?? ?? ?? ?? ?? ?? ?? ?? ?? ?? ?? ?? ?? ?? ?? ??
0x0000020c88b2ffd0:   ?? ?? ?? ?? ?? ?? ?? ?? ?? ?? ?? ?? ?? ?? ?? ??
0x0000020c88b2ffe0:   ?? ?? ?? ?? ?? ?? ?? ?? ?? ?? ?? ?? ?? ?? ?? ??
0x0000020c88b2fff0:   ?? ?? ?? ?? ?? ?? ?? ?? ?? ?? ?? ?? ?? ?? ?? ??
0x0000020c88b30000:   ?? ?? ?? ?? ?? ?? ?? ?? ?? ?? ?? ?? ?? ?? ?? ??
0x0000020c88b30010:   ?? ?? ?? ?? ?? ?? ?? ?? ?? ?? ?? ?? ?? ?? ?? ??
0x0000020c88b30020:   ?? ?? ?? ?? ?? ?? ?? ?? ?? ?? ?? ?? ?? ?? ?? ??
0x0000020c88b30030:   ?? ?? ?? ?? ?? ?? ?? ?? ?? ?? ?? ?? ?? ?? ?? ??
0x0000020c88b30040:   ?? ?? ?? ?? ?? ?? ?? ?? ?? ?? ?? ?? ?? ?? ?? ??
0x0000020c88b30050:   ?? ?? ?? ?? ?? ?? ?? ?? ?? ?? ?? ?? ?? ?? ?? ??
0x0000020c88b30060:   ?? ?? ?? ?? ?? ?? ?? ?? ?? ?? ?? ?? ?? ?? ?? ??
0x0000020c88b30070:   ?? ?? ?? ?? ?? ?? ?? ?? ?? ?? ?? ?? ?? ?? ?? ??
0x0000020c88b30080:   ?? ?? ?? ?? ?? ?? ?? ?? ?? ?? ?? ?? ?? ?? ?? ??
0x0000020c88b30090:   ?? ?? ?? ?? ?? ?? ?? ?? ?? ?? ?? ?? ?? ?? ?? ??
0x0000020c88b300a0:   ?? ?? ?? ?? ?? ?? ?? ?? ?? ?? ?? ?? ?? ?? ?? ??
0x0000020c88b300b0:   ?? ?? ?? ?? ?? ?? ?? ?? ?? ?? ?? ?? ?? ?? ?? ??
0x0000020c88b300c0:   ?? ?? ?? ?? ?? ?? ?? ?? ?? ?? ?? ?? ?? ?? ?? ??
0x0000020c88b300d0:   ?? ?? ?? ?? ?? ?? ?? ?? ?? ?? ?? ?? ?? ?? ?? ??
0x0000020c88b300e0:   ?? ?? ?? ?? ?? ?? ?? ?? ?? ?? ?? ?? ?? ?? ?? ??
0x0000020c88b300f0:   ?? ?? ?? ?? ?? ?? ?? ?? ?? ?? ?? ?? ?? ?? ?? ?? 


Stack slot to memory mapping:
stack at sp + 0 slots: 0x00007ffd9ef51f7c glfw.dll
stack at sp + 1 slots: 0x0000005900000000 is an unknown value
stack at sp + 2 slots: 0x0000020c91019784 is at entry_point+132 in (nmethod*)0x0000020c91019510
stack at sp + 3 slots: 0x000000070a0a0ac0 is an oop: java.lang.Class 
{0x000000070a0a0ac0} - klass: 'java/lang/Class'
 - ---- fields (total size 54 words):
 - private volatile transient 'classRedefinedCount' 'I' @12  0
 - private volatile transient 'cachedConstructor' 'Ljava/lang/reflect/Constructor;' @40  NULL (0)
 - private transient 'name' 'Ljava/lang/String;' @44  "org.lwjgl.opengl.GL20C"{0x000000070a0a0cc8} (e1414199)
 - private transient 'module' 'Ljava/lang/Module;' @48  a 'java/lang/Module'{0x000000070b26d2d8} (e164da5b)
 - private final 'classLoader' 'Ljava/lang/ClassLoader;' @52  a 'jdk/internal/loader/ClassLoaders$AppClassLoader'{0x000000070b3017e0} (e16602fc)
 - private transient 'classData' 'Ljava/lang/Object;' @56  NULL (0)
 - private transient 'packageName' 'Ljava/lang/String;' @60  "org.lwjgl.opengl"{0x000000070a0a0d08} (e14141a1)
 - private final 'componentType' 'Ljava/lang/Class;' @64  NULL (0)
 - private volatile transient 'reflectionData' 'Ljava/lang/ref/SoftReference;' @68  NULL (0)
 - private volatile transient 'genericInfo' 'Lsun/reflect/generics/repository/ClassRepository;' @72  NULL (0)
 - private volatile transient 'enumConstants' '[Ljava/lang/Object;' @76  NULL (0)
 - private volatile transient 'enumConstantDirectory' 'Ljava/util/Map;' @80  NULL (0)
 - private volatile transient 'annotationData' 'Ljava/lang/Class$AnnotationData;' @84  NULL (0)
 - private volatile transient 'annotationType' 'Lsun/reflect/annotation/AnnotationType;' @88  NULL (0)
 - transient 'classValueMap' 'Ljava/lang/ClassValue$ClassValueMap;' @92  NULL (0)
 - signature: Lorg/lwjgl/opengl/GL20C;
 - fake entry for mirror: 'org/lwjgl/opengl/GL20C'
 - fake entry for array: NULL
 - fake entry for oop_size: 54
 - fake entry for static_oop_field_count: 0
 - public static final 'GL_SHADING_LANGUAGE_VERSION' 'I' @112  35724 (8b8c)
 - public static final 'GL_CURRENT_PROGRAM' 'I' @116  35725 (8b8d)
 - public static final 'GL_SHADER_TYPE' 'I' @120  35663 (8b4f)
 - public static final 'GL_DELETE_STATUS' 'I' @124  35712 (8b80)
 - public static final 'GL_COMPILE_STATUS' 'I' @128  35713 (8b81)
 - public static final 'GL_LINK_STATUS' 'I' @132  35714 (8b82)
 - public static final 'GL_VALIDATE_STATUS' 'I' @136  35715 (8b83)
 - public static final 'GL_INFO_LOG_LENGTH' 'I' @140  35716 (8b84)
 - public static final 'GL_ATTACHED_SHADERS' 'I' @144  35717 (8b85)
 - public static final 'GL_ACTIVE_UNIFORMS' 'I' @148  35718 (8b86)
 - public static final 'GL_ACTIVE_UNIFORM_MAX_LENGTH' 'I' @152  35719 (8b87)
 - public static final 'GL_ACTIVE_ATTRIBUTES' 'I' @156  35721 (8b89)
 - public static final 'GL_ACTIVE_ATTRIBUTE_MAX_LENGTH' 'I' @160  35722 (8b8a)
 - public static final 'GL_SHADER_SOURCE_LENGTH' 'I' @164  35720 (8b88)
 - public static final 'GL_FLOAT_VEC2' 'I' @168  35664 (8b50)
 - public static final 'GL_FLOAT_VEC3' 'I' @172  35665 (8b51)
 - public static final 'GL_FLOAT_VEC4' 'I' @176  35666 (8b52)
 - public static final 'GL_INT_VEC2' 'I' @180  35667 (8b53)
 - public static final 'GL_INT_VEC3' 'I' @184  35668 (8b54)
 - public static final 'GL_INT_VEC4' 'I' @188  35669 (8b55)
 - public static final 'GL_BOOL' 'I' @192  35670 (8b56)
 - public static final 'GL_BOOL_VEC2' 'I' @196  35671 (8b57)
 - public static final 'GL_BOOL_VEC3' 'I' @200  35672 (8b58)
 - public static final 'GL_BOOL_VEC4' 'I' @204  35673 (8b59)
 - public static final 'GL_FLOAT_MAT2' 'I' @208  35674 (8b5a)
 - public static final 'GL_FLOAT_MAT3' 'I' @212  35675 (8b5b)
 - public static final 'GL_FLOAT_MAT4' 'I' @216  35676 (8b5c)
 - public static final 'GL_SAMPLER_1D' 'I' @220  35677 (8b5d)
 - public static final 'GL_SAMPLER_2D' 'I' @224  35678 (8b5e)
 - public static final 'GL_SAMPLER_3D' 'I' @228  35679 (8b5f)
 - public static final 'GL_SAMPLER_CUBE' 'I' @232  35680 (8b60)
 - public static final 'GL_SAMPLER_1D_SHADOW' 'I' @236  35681 (8b61)
 - public static final 'GL_SAMPLER_2D_SHADOW' 'I' @240  35682 (8b62)
 - public static final 'GL_VERTEX_SHADER' 'I' @244  35633 (8b31)
 - public static final 'GL_MAX_VERTEX_UNIFORM_COMPONENTS' 'I' @248  35658 (8b4a)
 - public static final 'GL_MAX_VARYING_FLOATS' 'I' @252  35659 (8b4b)
 - public static final 'GL_MAX_VERTEX_ATTRIBS' 'I' @256  34921 (8869)
 - public static final 'GL_MAX_TEXTURE_IMAGE_UNITS' 'I' @260  34930 (8872)
 - public static final 'GL_MAX_VERTEX_TEXTURE_IMAGE_UNITS' 'I' @264  35660 (8b4c)
 - public static final 'GL_MAX_COMBINED_TEXTURE_IMAGE_UNITS' 'I' @268  35661 (8b4d)
 - public static final 'GL_VERTEX_PROGRAM_POINT_SIZE' 'I' @272  34370 (8642)
 - public static final 'GL_VERTEX_ATTRIB_ARRAY_ENABLED' 'I' @276  34338 (8622)
 - public static final 'GL_VERTEX_ATTRIB_ARRAY_SIZE' 'I' @280  34339 (8623)
 - public static final 'GL_VERTEX_ATTRIB_ARRAY_STRIDE' 'I' @284  34340 (8624)
 - public static final 'GL_VERTEX_ATTRIB_ARRAY_TYPE' 'I' @288  34341 (8625)
 - public static final 'GL_VERTEX_ATTRIB_ARRAY_NORMALIZED' 'I' @292  34922 (886a)
 - public static final 'GL_CURRENT_VERTEX_ATTRIB' 'I' @296  34342 (8626)
 - public static final 'GL_VERTEX_ATTRIB_ARRAY_POINTER' 'I' @300  34373 (8645)
 - public static final 'GL_FRAGMENT_SHADER' 'I' @304  35632 (8b30)
 - public static final 'GL_MAX_FRAGMENT_UNIFORM_COMPONENTS' 'I' @308  35657 (8b49)
 - public static final 'GL_FRAGMENT_SHADER_DERIVATIVE_HINT' 'I' @312  35723 (8b8b)
 - public static final 'GL_MAX_DRAW_BUFFERS' 'I' @316  34852 (8824)
 - public static final 'GL_DRAW_BUFFER0' 'I' @320  34853 (8825)
 - public static final 'GL_DRAW_BUFFER1' 'I' @324  34854 (8826)
 - public static final 'GL_DRAW_BUFFER2' 'I' @328  34855 (8827)
 - public static final 'GL_DRAW_BUFFER3' 'I' @332  34856 (8828)
 - public static final 'GL_DRAW_BUFFER4' 'I' @336  34857 (8829)
 - public static final 'GL_DRAW_BUFFER5' 'I' @340  34858 (882a)
 - public static final 'GL_DRAW_BUFFER6' 'I' @344  34859 (882b)
 - public static final 'GL_DRAW_BUFFER7' 'I' @348  34860 (882c)
 - public static final 'GL_DRAW_BUFFER8' 'I' @352  34861 (882d)
 - public static final 'GL_DRAW_BUFFER9' 'I' @356  34862 (882e)
 - public static final 'GL_DRAW_BUFFER10' 'I' @360  34863 (882f)
 - public static final 'GL_DRAW_BUFFER11' 'I' @364  34864 (8830)
 - public static final 'GL_DRAW_BUFFER12' 'I' @368  34865 (8831)
 - public static final 'GL_DRAW_BUFFER13' 'I' @372  34866 (8832)
 - public static final 'GL_DRAW_BUFFER14' 'I' @376  34867 (8833)
 - public static final 'GL_DRAW_BUFFER15' 'I' @380  34868 (8834)
 - public static final 'GL_POINT_SPRITE_COORD_ORIGIN' 'I' @384  36000 (8ca0)
 - public static final 'GL_LOWER_LEFT' 'I' @388  36001 (8ca1)
 - public static final 'GL_UPPER_LEFT' 'I' @392  36002 (8ca2)
 - public static final 'GL_BLEND_EQUATION_RGB' 'I' @396  32777 (8009)
 - public static final 'GL_BLEND_EQUATION_ALPHA' 'I' @400  34877 (883d)
 - public static final 'GL_STENCIL_BACK_FUNC' 'I' @404  34816 (8800)
 - public static final 'GL_STENCIL_BACK_FAIL' 'I' @408  34817 (8801)
 - public static final 'GL_STENCIL_BACK_PASS_DEPTH_FAIL' 'I' @412  34818 (8802)
 - public static final 'GL_STENCIL_BACK_PASS_DEPTH_PASS' 'I' @416  34819 (8803)
 - public static final 'GL_STENCIL_BACK_REF' 'I' @420  36003 (8ca3)
 - public static final 'GL_STENCIL_BACK_VALUE_MASK' 'I' @424  36004 (8ca4)
 - public static final 'GL_STENCIL_BACK_WRITEMASK' 'I' @428  36005 (8ca5)
stack at sp + 4 slots: 0x438c000041700000 is an unknown value
stack at sp + 5 slots: 0x000000070b31ef40 is an oop: com.badlogic.gdx.graphics.Mesh 
{0x000000070b31ef40} - klass: 'com/badlogic/gdx/graphics/Mesh'
 - ---- fields (total size 4 words):
 - 'autoBind' 'Z' @12  true
 - final 'isVertexArray' 'Z' @13  true
 - 'isInstanced' 'Z' @14  false
 - final 'vertices' 'Lcom/badlogic/gdx/graphics/glutils/VertexData;' @16  a 'com/badlogic/gdx/graphics/glutils/VertexArray'{0x000000070b31ef60} (e1663dec)
 - final 'indices' 'Lcom/badlogic/gdx/graphics/glutils/IndexData;' @20  a 'com/badlogic/gdx/graphics/glutils/IndexArray'{0x000000070b31f0f8} (e1663e1f)
 - 'instances' 'Lcom/badlogic/gdx/graphics/glutils/InstanceData;' @24  NULL (0)
 - private final 'tmpV' 'Lcom/badlogic/gdx/math/Vector3;' @28  a 'com/badlogic/gdx/math/Vector3'{0x000000070b31f188} (e1663e31)
stack at sp + 6 slots: 0x0000020c90fe007c is at entry_point+2172 in (nmethod*)0x0000020c90fdf490
stack at sp + 7 slots: 0x57464c4720656854 is an unknown value


---------------  P R O C E S S  ---------------

Threads class SMR info:
_java_thread_list=0x0000020cbde5d2c0, length=40, elements={
0x0000020c88bb2380, 0x0000020cac17eeb0, 0x0000020cac182b40, 0x0000020cac198540,
0x0000020cac198ef0, 0x0000020cac1998a0, 0x0000020cac19ae60, 0x0000020cac19f0f0,
0x0000020cac19fb90, 0x0000020cacc08070, 0x0000020cacd290e0, 0x0000020cacd33a60,
0x0000020cb010aa70, 0x0000020cb7cd34d0, 0x0000020cb7a5ff60, 0x0000020cb7a60430,
0x0000020cb7a62a20, 0x0000020cacd147b0, 0x0000020cbd6f7160, 0x0000020cbd6f6c90,
0x0000020cbd6f7630, 0x0000020cbd6f7fd0, 0x0000020cbd6f84a0, 0x0000020cbd457730,
0x0000020cbd453d70, 0x0000020cbd44fee0, 0x0000020cbd4516f0, 0x0000020cbd4503b0,
0x0000020cbd451220, 0x0000020cbd454710, 0x0000020cbd455580, 0x0000020cbd450d50,
0x0000020cbd456d90, 0x0000020cbd454be0, 0x0000020cbd451bc0, 0x0000020cbd450880,
0x0000020cbd455a50, 0x0000020cbd4563f0, 0x0000020cbd457260, 0x0000020cbd4550b0
}

Java Threads: ( => current thread )
=>0x0000020c88bb2380 JavaThread "main" [_thread_in_native, id=2280, stack(0x0000005996300000,0x0000005996400000)]
  0x0000020cac17eeb0 JavaThread "Reference Handler" daemon [_thread_blocked, id=3644, stack(0x0000005996a00000,0x0000005996b00000)]
  0x0000020cac182b40 JavaThread "Finalizer" daemon [_thread_blocked, id=5280, stack(0x0000005996b00000,0x0000005996c00000)]
  0x0000020cac198540 JavaThread "Signal Dispatcher" daemon [_thread_blocked, id=1980, stack(0x0000005996c00000,0x0000005996d00000)]
  0x0000020cac198ef0 JavaThread "Attach Listener" daemon [_thread_blocked, id=13136, stack(0x0000005996d00000,0x0000005996e00000)]
  0x0000020cac1998a0 JavaThread "Service Thread" daemon [_thread_blocked, id=8636, stack(0x0000005996e00000,0x0000005996f00000)]
  0x0000020cac19ae60 JavaThread "Monitor Deflation Thread" daemon [_thread_blocked, id=23876, stack(0x0000005996f00000,0x0000005997000000)]
  0x0000020cac19f0f0 JavaThread "C2 CompilerThread0" daemon [_thread_blocked, id=21284, stack(0x0000005997000000,0x0000005997100000)]
  0x0000020cac19fb90 JavaThread "C1 CompilerThread0" daemon [_thread_blocked, id=13104, stack(0x0000005997100000,0x0000005997200000)]
  0x0000020cacc08070 JavaThread "Sweeper thread" daemon [_thread_blocked, id=19524, stack(0x0000005997200000,0x0000005997300000)]
  0x0000020cacd290e0 JavaThread "Notification Thread" daemon [_thread_blocked, id=2160, stack(0x0000005997500000,0x0000005997600000)]
  0x0000020cacd33a60 JavaThread "Common-Cleaner" daemon [_thread_blocked, id=8856, stack(0x0000005997700000,0x0000005997800000)]
  0x0000020cb010aa70 JavaThread "LWJGL3 Timer" daemon [_thread_blocked, id=27128, stack(0x0000005998000000,0x0000005998100000)]
  0x0000020cb7cd34d0 JavaThread "LWJGL3 Timer" daemon [_thread_blocked, id=18684, stack(0x0000005998f00000,0x0000005999000000)]
  0x0000020cb7a5ff60 JavaThread "Java Sound Event Dispatcher" daemon [_thread_blocked, id=7384, stack(0x0000005998d00000,0x0000005998e00000)]
  0x0000020cb7a60430 JavaThread "Direct Clip" daemon [_thread_blocked, id=1820, stack(0x0000005999100000,0x0000005999200000)]
  0x0000020cb7a62a20 JavaThread "Direct Clip" daemon [_thread_blocked, id=12692, stack(0x0000005999300000,0x0000005999400000)]
  0x0000020cacd147b0 JavaThread "Direct Clip" daemon [_thread_blocked, id=9720, stack(0x0000005997300000,0x0000005997400000)]
  0x0000020cbd6f7160 JavaThread "Direct Clip" daemon [_thread_blocked, id=10488, stack(0x0000005999900000,0x0000005999a00000)]
  0x0000020cbd6f6c90 JavaThread "Direct Clip" daemon [_thread_blocked, id=18072, stack(0x0000005999a00000,0x0000005999b00000)]
  0x0000020cbd6f7630 JavaThread "Direct Clip" daemon [_thread_blocked, id=4760, stack(0x0000005999b00000,0x0000005999c00000)]
  0x0000020cbd6f7fd0 JavaThread "Direct Clip" daemon [_thread_blocked, id=23688, stack(0x0000005999c00000,0x0000005999d00000)]
  0x0000020cbd6f84a0 JavaThread "Direct Clip" daemon [_thread_blocked, id=20088, stack(0x0000005999d00000,0x0000005999e00000)]
  0x0000020cbd457730 JavaThread "Direct Clip" daemon [_thread_blocked, id=26064, stack(0x0000005999e00000,0x0000005999f00000)]
  0x0000020cbd453d70 JavaThread "Direct Clip" daemon [_thread_blocked, id=27176, stack(0x0000005999f00000,0x000000599a000000)]
  0x0000020cbd44fee0 JavaThread "Direct Clip" daemon [_thread_blocked, id=27552, stack(0x000000599a000000,0x000000599a100000)]
  0x0000020cbd4516f0 JavaThread "Direct Clip" daemon [_thread_blocked, id=3868, stack(0x000000599a100000,0x000000599a200000)]
  0x0000020cbd4503b0 JavaThread "Direct Clip" daemon [_thread_blocked, id=25200, stack(0x000000599a200000,0x000000599a300000)]
  0x0000020cbd451220 JavaThread "Direct Clip" daemon [_thread_blocked, id=16140, stack(0x000000599a300000,0x000000599a400000)]
  0x0000020cbd454710 JavaThread "Direct Clip" daemon [_thread_blocked, id=11984, stack(0x000000599a400000,0x000000599a500000)]
  0x0000020cbd455580 JavaThread "Direct Clip" daemon [_thread_blocked, id=17792, stack(0x000000599a700000,0x000000599a800000)]
  0x0000020cbd450d50 JavaThread "Direct Clip" daemon [_thread_blocked, id=120, stack(0x000000599a900000,0x000000599aa00000)]
  0x0000020cbd456d90 JavaThread "Direct Clip" daemon [_thread_blocked, id=4600, stack(0x000000599a800000,0x000000599a900000)]
  0x0000020cbd454be0 JavaThread "Direct Clip" daemon [_thread_blocked, id=26540, stack(0x000000599aa00000,0x000000599ab00000)]
  0x0000020cbd451bc0 JavaThread "Direct Clip" daemon [_thread_blocked, id=9788, stack(0x000000599ab00000,0x000000599ac00000)]
  0x0000020cbd450880 JavaThread "Direct Clip" daemon [_thread_blocked, id=6352, stack(0x000000599ad00000,0x000000599ae00000)]
  0x0000020cbd455a50 JavaThread "Direct Clip" daemon [_thread_blocked, id=14992, stack(0x000000599ae00000,0x000000599af00000)]
  0x0000020cbd4563f0 JavaThread "Direct Clip" daemon [_thread_blocked, id=1372, stack(0x000000599af00000,0x000000599b000000)]
  0x0000020cbd457260 JavaThread "Direct Clip" daemon [_thread_blocked, id=6124, stack(0x000000599b000000,0x000000599b100000)]
  0x0000020cbd4550b0 JavaThread "Direct Clip" daemon [_thread_blocked, id=24012, stack(0x000000599b100000,0x000000599b200000)]

Other Threads:
  0x0000020cac174390 VMThread "VM Thread" [stack: 0x0000005996900000,0x0000005996a00000] [id=1584]
  0x0000020cacd2ec10 WatcherThread [stack: 0x0000005997600000,0x0000005997700000] [id=4740]
  0x0000020c88c0c480 GCTaskThread "GC Thread#0" [stack: 0x0000005996400000,0x0000005996500000] [id=6296]
  0x0000020caff8d760 GCTaskThread "GC Thread#1" [stack: 0x0000005998100000,0x0000005998200000] [id=27448]
  0x0000020caff8b9d0 GCTaskThread "GC Thread#2" [stack: 0x0000005998200000,0x0000005998300000] [id=17928]
  0x0000020caff8a9b0 GCTaskThread "GC Thread#3" [stack: 0x0000005998300000,0x0000005998400000] [id=1508]
  0x0000020caff89ef0 GCTaskThread "GC Thread#4" [stack: 0x0000005998400000,0x0000005998500000] [id=24212]
  0x0000020caff8b470 GCTaskThread "GC Thread#5" [stack: 0x0000005998500000,0x0000005998600000] [id=12744]
  0x0000020caff8bc80 GCTaskThread "GC Thread#6" [stack: 0x0000005998600000,0x0000005998700000] [id=26684]
  0x0000020cb7ef70c0 GCTaskThread "GC Thread#7" [stack: 0x0000005999400000,0x0000005999500000] [id=22424]
  0x0000020cb7ef88f0 GCTaskThread "GC Thread#8" [stack: 0x0000005997400000,0x0000005997500000] [id=4812]
  0x0000020c88c1ddd0 ConcurrentGCThread "G1 Main Marker" [stack: 0x0000005996500000,0x0000005996600000] [id=20032]
  0x0000020c88c1ef80 ConcurrentGCThread "G1 Conc#0" [stack: 0x0000005996600000,0x0000005996700000] [id=26472]
  0x0000020cb7ef7370 ConcurrentGCThread "G1 Conc#1" [stack: 0x000000599a500000,0x000000599a600000] [id=22200]
  0x0000020cb7ef7b80 ConcurrentGCThread "G1 Conc#2" [stack: 0x000000599a600000,0x000000599a700000] [id=27476]
  0x0000020cac0138d0 ConcurrentGCThread "G1 Refine#0" [stack: 0x0000005996700000,0x0000005996800000] [id=20256]
  0x0000020cb80526d0 ConcurrentGCThread "G1 Refine#1" [stack: 0x0000005999500000,0x0000005999600000] [id=20272]
  0x0000020cbddc8890 ConcurrentGCThread "G1 Refine#2" [stack: 0x0000005999600000,0x0000005999700000] [id=16336]
  0x0000020cbb64ec90 ConcurrentGCThread "G1 Refine#3" [stack: 0x0000005999700000,0x0000005999800000] [id=11868]
  0x0000020cbb4f50d0 ConcurrentGCThread "G1 Refine#4" [stack: 0x0000005999800000,0x0000005999900000] [id=16124]
  0x0000020c88c8cb10 ConcurrentGCThread "G1 Service" [stack: 0x0000005996800000,0x0000005996900000] [id=27484]

Threads with active compile tasks:

VM state: not at safepoint (normal execution)

VM Mutex/Monitor currently owned by a thread: None

Heap address: 0x000000070a000000, size: 3936 MB, Compressed Oops mode: Zero based, Oop shift amount: 3

CDS archive(s) mapped at: [0x0000000800000000-0x0000000800bc0000-0x0000000800bc0000), size 12320768, SharedBaseAddress: 0x0000000800000000, ArchiveRelocationMode: 0.
Compressed class space mapped at: 0x0000000800c00000-0x0000000840c00000, reserved size: 1073741824
Narrow klass base: 0x0000000800000000, Narrow klass shift: 0, Narrow klass range: 0x100000000

GC Precious Log:
 CPUs: 16 total, 16 available
 Memory: 15741M
 Large Page Support: Disabled
 NUMA Support: Disabled
 Compressed Oops: Enabled (Zero based)
 Heap Region Size: 2M
 Heap Min Capacity: 8M
 Heap Initial Capacity: 246M
 Heap Max Capacity: 3936M
 Pre-touch: Disabled
 Parallel Workers: 13
 Concurrent Workers: 3
 Concurrent Refinement Workers: 13
 Periodic GC: Disabled

Heap:
 garbage-first heap   total 151552K, used 89735K [0x000000070a000000, 0x0000000800000000)
  region size 2048K, 17 young (34816K), 3 survivors (6144K)
 Metaspace       used 10492K, committed 10688K, reserved 1064960K
  class space    used 742K, committed 832K, reserved 1048576K

Heap Regions: E=young(eden), S=young(survivor), O=old, HS=humongous(starts), HC=humongous(continues), CS=collection set, F=free, OA=open archive, CA=closed archive, TAMS=top-at-mark-start (previous, next)
|   0|0x000000070a000000, 0x000000070a200000, 0x000000070a200000|100%| O|  |TAMS 0x000000070a200000, 0x000000070a000000| Untracked 
|   1|0x000000070a200000, 0x000000070a400000, 0x000000070a400000|100%|HS|  |TAMS 0x000000070a200000, 0x000000070a200000| Complete 
|   2|0x000000070a400000, 0x000000070a600000, 0x000000070a600000|100%|HS|  |TAMS 0x000000070a400000, 0x000000070a400000| Complete 
|   3|0x000000070a600000, 0x000000070a800000, 0x000000070a800000|100%|HS|  |TAMS 0x000000070a600000, 0x000000070a600000| Complete 
|   4|0x000000070a800000, 0x000000070aa00000, 0x000000070aa00000|100%| O|  |TAMS 0x000000070aa00000, 0x000000070a800000| Untracked 
|   5|0x000000070aa00000, 0x000000070ac00000, 0x000000070ac00000|100%| O|  |TAMS 0x000000070ac00000, 0x000000070aa00000| Untracked 
|   6|0x000000070ac00000, 0x000000070ae00000, 0x000000070ae00000|100%| O|  |TAMS 0x000000070ae00000, 0x000000070ac00000| Untracked 
|   7|0x000000070ae00000, 0x000000070b000000, 0x000000070b000000|100%| O|  |TAMS 0x000000070b000000, 0x000000070ae00000| Untracked 
|   8|0x000000070b000000, 0x000000070b200000, 0x000000070b200000|100%| O|  |TAMS 0x000000070b200000, 0x000000070b000000| Untracked 
|   9|0x000000070b200000, 0x000000070b400000, 0x000000070b400000|100%| O|  |TAMS 0x000000070b400000, 0x000000070b200000| Untracked 
|  10|0x000000070b400000, 0x000000070b600000, 0x000000070b600000|100%| O|  |TAMS 0x000000070b600000, 0x000000070b400000| Untracked 
|  11|0x000000070b600000, 0x000000070b800000, 0x000000070b800000|100%| O|  |TAMS 0x000000070b800000, 0x000000070b600000| Untracked 
|  12|0x000000070b800000, 0x000000070ba00000, 0x000000070ba00000|100%|HS|  |TAMS 0x000000070b800000, 0x000000070b800000| Complete 
|  13|0x000000070ba00000, 0x000000070bc00000, 0x000000070bc00000|100%|HS|  |TAMS 0x000000070ba00000, 0x000000070ba00000| Complete 
|  14|0x000000070bc00000, 0x000000070be00000, 0x000000070be00000|100%|HS|  |TAMS 0x000000070bc00000, 0x000000070bc00000| Complete 
|  15|0x000000070be00000, 0x000000070c000000, 0x000000070c000000|100%|HS|  |TAMS 0x000000070be00000, 0x000000070be00000| Complete 
|  16|0x000000070c000000, 0x000000070c200000, 0x000000070c200000|100%|HS|  |TAMS 0x000000070c000000, 0x000000070c000000| Complete 
|  17|0x000000070c200000, 0x000000070c400000, 0x000000070c400000|100%|HS|  |TAMS 0x000000070c200000, 0x000000070c200000| Complete 
|  18|0x000000070c400000, 0x000000070c400000, 0x000000070c600000|  0%| F|  |TAMS 0x000000070c400000, 0x000000070c400000| Untracked 
|  19|0x000000070c600000, 0x000000070c600000, 0x000000070c800000|  0%| F|  |TAMS 0x000000070c600000, 0x000000070c600000| Untracked 
|  20|0x000000070c800000, 0x000000070c800000, 0x000000070ca00000|  0%| F|  |TAMS 0x000000070c800000, 0x000000070c800000| Untracked 
|  21|0x000000070ca00000, 0x000000070cc00000, 0x000000070cc00000|100%|HS|  |TAMS 0x000000070cc00000, 0x000000070ca00000| Complete 
|  22|0x000000070cc00000, 0x000000070ce00000, 0x000000070ce00000|100%|HS|  |TAMS 0x000000070ce00000, 0x000000070cc00000| Complete 
|  23|0x000000070ce00000, 0x000000070d000000, 0x000000070d000000|100%|HS|  |TAMS 0x000000070d000000, 0x000000070ce00000| Complete 
|  24|0x000000070d000000, 0x000000070d200000, 0x000000070d200000|100%| O|  |TAMS 0x000000070d000000, 0x000000070d000000| Untracked 
|  25|0x000000070d200000, 0x000000070d400000, 0x000000070d400000|100%| O|  |TAMS 0x000000070d200000, 0x000000070d200000| Untracked 
|  26|0x000000070d400000, 0x000000070d600000, 0x000000070d600000|100%|HS|  |TAMS 0x000000070d400000, 0x000000070d400000| Complete 
|  27|0x000000070d600000, 0x000000070d800000, 0x000000070d800000|100%|HS|  |TAMS 0x000000070d600000, 0x000000070d600000| Complete 
|  28|0x000000070d800000, 0x000000070da00000, 0x000000070da00000|100%|HS|  |TAMS 0x000000070d800000, 0x000000070d800000| Complete 
|  29|0x000000070da00000, 0x000000070da00000, 0x000000070dc00000|  0%| F|  |TAMS 0x000000070da00000, 0x000000070da00000| Untracked 
|  30|0x000000070dc00000, 0x000000070dc00000, 0x000000070de00000|  0%| F|  |TAMS 0x000000070dc00000, 0x000000070dc00000| Untracked 
|  31|0x000000070de00000, 0x000000070df18e00, 0x000000070e000000| 54%| O|  |TAMS 0x000000070de00000, 0x000000070de00000| Untracked 
|  32|0x000000070e000000, 0x000000070e000000, 0x000000070e200000|  0%| F|  |TAMS 0x000000070e000000, 0x000000070e000000| Untracked 
|  33|0x000000070e200000, 0x000000070e200000, 0x000000070e400000|  0%| F|  |TAMS 0x000000070e200000, 0x000000070e200000| Untracked 
|  34|0x000000070e400000, 0x000000070e400000, 0x000000070e600000|  0%| F|  |TAMS 0x000000070e400000, 0x000000070e400000| Untracked 
|  35|0x000000070e600000, 0x000000070e600000, 0x000000070e800000|  0%| F|  |TAMS 0x000000070e600000, 0x000000070e600000| Untracked 
|  36|0x000000070e800000, 0x000000070e800000, 0x000000070ea00000|  0%| F|  |TAMS 0x000000070e800000, 0x000000070e800000| Untracked 
|  37|0x000000070ea00000, 0x000000070ea00000, 0x000000070ec00000|  0%| F|  |TAMS 0x000000070ea00000, 0x000000070ea00000| Untracked 
|  38|0x000000070ec00000, 0x000000070ec00000, 0x000000070ee00000|  0%| F|  |TAMS 0x000000070ec00000, 0x000000070ec00000| Untracked 
|  39|0x000000070ee00000, 0x000000070ee00000, 0x000000070f000000|  0%| F|  |TAMS 0x000000070ee00000, 0x000000070ee00000| Untracked 
|  40|0x000000070f000000, 0x000000070f000000, 0x000000070f200000|  0%| F|  |TAMS 0x000000070f000000, 0x000000070f000000| Untracked 
|  41|0x000000070f200000, 0x000000070f200000, 0x000000070f400000|  0%| F|  |TAMS 0x000000070f200000, 0x000000070f200000| Untracked 
|  42|0x000000070f400000, 0x000000070f400000, 0x000000070f600000|  0%| F|  |TAMS 0x000000070f400000, 0x000000070f400000| Untracked 
|  43|0x000000070f600000, 0x000000070f600000, 0x000000070f800000|  0%| F|  |TAMS 0x000000070f600000, 0x000000070f600000| Untracked 
|  44|0x000000070f800000, 0x000000070f800000, 0x000000070fa00000|  0%| F|  |TAMS 0x000000070f800000, 0x000000070f800000| Untracked 
|  45|0x000000070fa00000, 0x000000070fa00000, 0x000000070fc00000|  0%| F|  |TAMS 0x000000070fa00000, 0x000000070fa00000| Untracked 
|  46|0x000000070fc00000, 0x000000070fc00000, 0x000000070fe00000|  0%| F|  |TAMS 0x000000070fc00000, 0x000000070fc00000| Untracked 
|  47|0x000000070fe00000, 0x000000070fe00000, 0x0000000710000000|  0%| F|  |TAMS 0x000000070fe00000, 0x000000070fe00000| Untracked 
|  48|0x0000000710000000, 0x0000000710200000, 0x0000000710200000|100%| O|  |TAMS 0x0000000710200000, 0x0000000710000000| Untracked 
|  49|0x0000000710200000, 0x0000000710400000, 0x0000000710400000|100%| O|  |TAMS 0x0000000710400000, 0x0000000710200000| Untracked 
|  50|0x0000000710400000, 0x0000000710400000, 0x0000000710600000|  0%| F|  |TAMS 0x0000000710400000, 0x0000000710400000| Untracked 
|  51|0x0000000710600000, 0x0000000710600000, 0x0000000710800000|  0%| F|  |TAMS 0x0000000710600000, 0x0000000710600000| Untracked 
|  52|0x0000000710800000, 0x0000000710800000, 0x0000000710a00000|  0%| F|  |TAMS 0x0000000710800000, 0x0000000710800000| Untracked 
|  53|0x0000000710a00000, 0x0000000710a00000, 0x0000000710c00000|  0%| F|  |TAMS 0x0000000710a00000, 0x0000000710a00000| Untracked 
|  54|0x0000000710c00000, 0x0000000710c00000, 0x0000000710e00000|  0%| F|  |TAMS 0x0000000710c00000, 0x0000000710c00000| Untracked 
|  55|0x0000000710e00000, 0x0000000710e00000, 0x0000000711000000|  0%| F|  |TAMS 0x0000000710e00000, 0x0000000710e00000| Untracked 
|  56|0x0000000711000000, 0x0000000711130150, 0x0000000711200000| 59%| S|CS|TAMS 0x0000000711000000, 0x0000000711000000| Complete 
|  57|0x0000000711200000, 0x0000000711400000, 0x0000000711400000|100%| S|CS|TAMS 0x0000000711200000, 0x0000000711200000| Complete 
|  58|0x0000000711400000, 0x0000000711600000, 0x0000000711600000|100%| E|  |TAMS 0x0000000711400000, 0x0000000711400000| Complete 
|  59|0x0000000711600000, 0x0000000711758e00, 0x0000000711800000| 67%| O|  |TAMS 0x0000000711758e00, 0x0000000711600000| Untracked 
|  60|0x0000000711800000, 0x0000000711a00000, 0x0000000711a00000|100%| E|CS|TAMS 0x0000000711800000, 0x0000000711800000| Complete 
|  61|0x0000000711a00000, 0x0000000711c00000, 0x0000000711c00000|100%| E|CS|TAMS 0x0000000711a00000, 0x0000000711a00000| Complete 
|  62|0x0000000711c00000, 0x0000000711e00000, 0x0000000711e00000|100%| E|CS|TAMS 0x0000000711c00000, 0x0000000711c00000| Complete 
|  63|0x0000000711e00000, 0x0000000712000000, 0x0000000712000000|100%| S|CS|TAMS 0x0000000711e00000, 0x0000000711e00000| Complete 
|  64|0x0000000712000000, 0x0000000712200000, 0x0000000712200000|100%| E|CS|TAMS 0x0000000712000000, 0x0000000712000000| Complete 
|  65|0x0000000712200000, 0x0000000712400000, 0x0000000712400000|100%| E|CS|TAMS 0x0000000712200000, 0x0000000712200000| Complete 
|  66|0x0000000712400000, 0x0000000712600000, 0x0000000712600000|100%| E|CS|TAMS 0x0000000712400000, 0x0000000712400000| Complete 
|  67|0x0000000712600000, 0x0000000712800000, 0x0000000712800000|100%| E|CS|TAMS 0x0000000712600000, 0x0000000712600000| Complete 
|  68|0x0000000712800000, 0x0000000712a00000, 0x0000000712a00000|100%| E|  |TAMS 0x0000000712800000, 0x0000000712800000| Complete 
|  69|0x0000000712a00000, 0x0000000712c00000, 0x0000000712c00000|100%| E|CS|TAMS 0x0000000712a00000, 0x0000000712a00000| Complete 
| 118|0x0000000718c00000, 0x0000000718e00000, 0x0000000718e00000|100%| E|CS|TAMS 0x0000000718c00000, 0x0000000718c00000| Complete 
| 119|0x0000000718e00000, 0x0000000719000000, 0x0000000719000000|100%| E|CS|TAMS 0x0000000718e00000, 0x0000000718e00000| Complete 
| 120|0x0000000719000000, 0x0000000719200000, 0x0000000719200000|100%| E|CS|TAMS 0x0000000719000000, 0x0000000719000000| Complete 
| 122|0x0000000719400000, 0x0000000719600000, 0x0000000719600000|100%| E|CS|TAMS 0x0000000719400000, 0x0000000719400000| Complete 

Card table byte_map: [0x0000020ca06c0000,0x0000020ca0e70000] _byte_map_base: 0x0000020c9ce70000

Marking Bits (Prev, Next): (CMBitMap*) 0x0000020c88c0dea0, (CMBitMap*) 0x0000020c88c0dee0
 Prev Bits: [0x0000020ca1620000, 0x0000020ca53a0000)
 Next Bits: [0x0000020ca53a0000, 0x0000020ca9120000)

Polling page: 0x0000020c86a00000

Metaspace:

Usage:
  Non-class:      9.52 MB used.
      Class:    742.35 KB used.
       Both:     10.25 MB used.

Virtual space:
  Non-class space:       16.00 MB reserved,       9.62 MB ( 60%) committed,  2 nodes.
      Class space:        1.00 GB reserved,     832.00 KB ( <1%) committed,  1 nodes.
             Both:        1.02 GB reserved,      10.44 MB (  1%) committed. 

Chunk freelists:
   Non-Class:  608.00 KB
       Class:  3.18 MB
        Both:  3.77 MB

MaxMetaspaceSize: unlimited
CompressedClassSpaceSize: 1.00 GB
Initial GC threshold: 21.00 MB
Current GC threshold: 21.00 MB
CDS: on
MetaspaceReclaimPolicy: balanced
 - commit_granule_bytes: 65536.
 - commit_granule_words: 8192.
 - virtual_space_node_default_size: 1048576.
 - enlarge_chunks_in_place: 1.
 - new_chunks_are_fully_committed: 0.
 - uncommit_free_chunks: 1.
 - use_allocation_guard: 0.
 - handle_deallocations: 1.


Internal statistics:

num_allocs_failed_limit: 0.
num_arena_births: 60.
num_arena_deaths: 0.
num_vsnodes_births: 3.
num_vsnodes_deaths: 0.
num_space_committed: 165.
num_space_uncommitted: 0.
num_chunks_returned_to_freelist: 0.
num_chunks_taken_from_freelist: 347.
num_chunk_merges: 0.
num_chunk_splits: 286.
num_chunks_enlarged: 252.
num_purges: 0.
num_inconsistent_stats: 0.

CodeHeap 'non-profiled nmethods': size=119168Kb used=1941Kb max_used=1941Kb free=117226Kb
 bounds [0x0000020c98220000, 0x0000020c98490000, 0x0000020c9f680000]
CodeHeap 'profiled nmethods': size=119104Kb used=4383Kb max_used=4383Kb free=114720Kb
 bounds [0x0000020c90dd0000, 0x0000020c91220000, 0x0000020c98220000]
CodeHeap 'non-nmethods': size=7488Kb used=1662Kb max_used=3391Kb free=5826Kb
 bounds [0x0000020c90680000, 0x0000020c90a50000, 0x0000020c90dd0000]
 total_blobs=3541 nmethods=2432 adapters=1022
 compilation: enabled
              stopped_count=0, restarted_count=0
 full_count=0

Compilation events (20 events):
Event: 31.754 Thread 0x0000020cac19fb90 2423       3       javax.sound.sampled.DataLine$Info::matches (116 bytes)
Event: 31.754 Thread 0x0000020cac19fb90 nmethod 2423 0x0000020c91212d10 code [0x0000020c91212f80, 0x0000020c91214268]
Event: 31.754 Thread 0x0000020cac19fb90 2425       3       java.lang.Class::arrayContentsEq (70 bytes)
Event: 31.754 Thread 0x0000020cac19fb90 nmethod 2425 0x0000020c91214690 code [0x0000020c91214860, 0x0000020c91214cd8]
Event: 31.754 Thread 0x0000020cac19fb90 2424       3       javax.sound.sampled.Line$Info::matches (31 bytes)
Event: 31.755 Thread 0x0000020cac19fb90 nmethod 2424 0x0000020c91214e10 code [0x0000020c91214fe0, 0x0000020c912153a8]
Event: 31.755 Thread 0x0000020cac19fb90 2426       3       java.io.DataInputStream::readInt (72 bytes)
Event: 31.755 Thread 0x0000020cac19fb90 nmethod 2426 0x0000020c91215510 code [0x0000020c91215700, 0x0000020c91215ca8]
Event: 32.029 Thread 0x0000020cac19f0f0 2427       4       com.badlogic.gdx.graphics.g3d.utils.shapebuilders.ConeShapeBuilder::build (320 bytes)
Event: 32.054 Thread 0x0000020cac19fb90 2428       3       java.lang.Class::privateGetDeclaredConstructors (79 bytes)
Event: 32.054 Thread 0x0000020cac19f0f0 nmethod 2427 0x0000020c98401310 code [0x0000020c98401640, 0x0000020c984042e8]
Event: 32.054 Thread 0x0000020cac19fb90 nmethod 2428 0x0000020c91215e90 code [0x0000020c91216080, 0x0000020c912165e8]
Event: 32.054 Thread 0x0000020cac19fb90 2429       3       jdk.internal.reflect.ReflectionFactory::copyConstructor (11 bytes)
Event: 32.054 Thread 0x0000020cac19fb90 nmethod 2429 0x0000020c91216790 code [0x0000020c91216940, 0x0000020c91216b48]
Event: 32.054 Thread 0x0000020cac19fb90 2430       3       java.lang.reflect.ReflectAccess::copyConstructor (5 bytes)
Event: 32.054 Thread 0x0000020cac19fb90 nmethod 2430 0x0000020c91216c90 code [0x0000020c91216e40, 0x0000020c91216f88]
Event: 32.054 Thread 0x0000020cac19fb90 2431       3       java.lang.reflect.Constructor::copy (72 bytes)
Event: 32.054 Thread 0x0000020cac19fb90 nmethod 2431 0x0000020c91217090 code [0x0000020c91217260, 0x0000020c91217658]
Event: 32.054 Thread 0x0000020cac19fb90 2432       3       java.lang.reflect.Constructor::<init> (50 bytes)
Event: 32.055 Thread 0x0000020cac19fb90 nmethod 2432 0x0000020c91217790 code [0x0000020c91217960, 0x0000020c91217e18]

GC Heap History (16 events):
Event: 2.194 GC heap before
{Heap before GC invocations=0 (full 0):
 garbage-first heap   total 251904K, used 22528K [0x000000070a000000, 0x0000000800000000)
  region size 2048K, 11 young (22528K), 0 survivors (0K)
 Metaspace       used 7134K, committed 7296K, reserved 1064960K
  class space    used 433K, committed 512K, reserved 1048576K
}
Event: 2.197 GC heap after
{Heap after GC invocations=1 (full 0):
 garbage-first heap   total 251904K, used 2713K [0x000000070a000000, 0x0000000800000000)
  region size 2048K, 2 young (4096K), 2 survivors (4096K)
 Metaspace       used 7134K, committed 7296K, reserved 1064960K
  class space    used 433K, committed 512K, reserved 1048576K
}
Event: 4.879 GC heap before
{Heap before GC invocations=1 (full 0):
 garbage-first heap   total 251904K, used 45721K [0x000000070a000000, 0x0000000800000000)
  region size 2048K, 19 young (38912K), 2 survivors (4096K)
 Metaspace       used 9756K, committed 9856K, reserved 1064960K
  class space    used 679K, committed 704K, reserved 1048576K
}
Event: 4.887 GC heap after
{Heap after GC invocations=2 (full 0):
 garbage-first heap   total 251904K, used 22660K [0x000000070a000000, 0x0000000800000000)
  region size 2048K, 3 young (6144K), 3 survivors (6144K)
 Metaspace       used 9756K, committed 9856K, reserved 1064960K
  class space    used 679K, committed 704K, reserved 1048576K
}
Event: 5.423 GC heap before
{Heap before GC invocations=2 (full 0):
 garbage-first heap   total 251904K, used 28804K [0x000000070a000000, 0x0000000800000000)
  region size 2048K, 6 young (12288K), 3 survivors (6144K)
 Metaspace       used 9825K, committed 9920K, reserved 1064960K
  class space    used 679K, committed 704K, reserved 1048576K
}
Event: 5.429 GC heap after
{Heap after GC invocations=3 (full 0):
 garbage-first heap   total 251904K, used 23787K [0x000000070a000000, 0x0000000800000000)
  region size 2048K, 1 young (2048K), 1 survivors (2048K)
 Metaspace       used 9825K, committed 9920K, reserved 1064960K
  class space    used 679K, committed 704K, reserved 1048576K
}
Event: 17.992 GC heap before
{Heap before GC invocations=3 (full 0):
 garbage-first heap   total 251904K, used 214251K [0x000000070a000000, 0x0000000800000000)
  region size 2048K, 73 young (149504K), 1 survivors (2048K)
 Metaspace       used 10339K, committed 10432K, reserved 1064960K
  class space    used 728K, committed 768K, reserved 1048576K
}
Event: 17.995 GC heap after
{Heap after GC invocations=4 (full 0):
 garbage-first heap   total 251904K, used 73247K [0x000000070a000000, 0x0000000800000000)
  region size 2048K, 4 young (8192K), 4 survivors (8192K)
 Metaspace       used 10339K, committed 10432K, reserved 1064960K
  class space    used 728K, committed 768K, reserved 1048576K
}
Event: 23.617 GC heap before
{Heap before GC invocations=4 (full 0):
 garbage-first heap   total 251904K, used 183839K [0x000000070a000000, 0x0000000800000000)
  region size 2048K, 37 young (75776K), 4 survivors (8192K)
 Metaspace       used 10349K, committed 10432K, reserved 1064960K
  class space    used 728K, committed 768K, reserved 1048576K
}
Event: 23.621 GC heap after
{Heap after GC invocations=5 (full 0):
 garbage-first heap   total 251904K, used 122870K [0x000000070a000000, 0x0000000800000000)
  region size 2048K, 6 young (12288K), 6 survivors (12288K)
 Metaspace       used 10349K, committed 10432K, reserved 1064960K
  class space    used 728K, committed 768K, reserved 1048576K
}
Event: 23.917 GC heap before
{Heap before GC invocations=5 (full 0):
 garbage-first heap   total 251904K, used 129014K [0x000000070a000000, 0x0000000800000000)
  region size 2048K, 8 young (16384K), 6 survivors (12288K)
 Metaspace       used 10351K, committed 10432K, reserved 1064960K
  class space    used 728K, committed 768K, reserved 1048576K
}
Event: 23.920 GC heap after
{Heap after GC invocations=6 (full 0):
 garbage-first heap   total 251904K, used 127984K [0x000000070a000000, 0x0000000800000000)
  region size 2048K, 3 young (6144K), 3 survivors (6144K)
 Metaspace       used 10351K, committed 10432K, reserved 1064960K
  class space    used 728K, committed 768K, reserved 1048576K
}
Event: 29.443 GC heap before
{Heap before GC invocations=7 (full 0):
 garbage-first heap   total 151552K, used 127984K [0x000000070a000000, 0x0000000800000000)
  region size 2048K, 34 young (69632K), 3 survivors (6144K)
 Metaspace       used 10478K, committed 10688K, reserved 1064960K
  class space    used 741K, committed 832K, reserved 1048576K
}
Event: 29.446 GC heap after
{Heap after GC invocations=8 (full 0):
 garbage-first heap   total 151552K, used 69909K [0x000000070a000000, 0x0000000800000000)
  region size 2048K, 5 young (10240K), 5 survivors (10240K)
 Metaspace       used 10478K, committed 10688K, reserved 1064960K
  class space    used 741K, committed 832K, reserved 1048576K
}
Event: 31.087 GC heap before
{Heap before GC invocations=8 (full 0):
 garbage-first heap   total 151552K, used 94485K [0x000000070a000000, 0x0000000800000000)
  region size 2048K, 15 young (30720K), 5 survivors (10240K)
 Metaspace       used 10478K, committed 10688K, reserved 1064960K
  class space    used 741K, committed 832K, reserved 1048576K
}
Event: 31.089 GC heap after
{Heap after GC invocations=9 (full 0):
 garbage-first heap   total 151552K, used 77447K [0x000000070a000000, 0x0000000800000000)
  region size 2048K, 3 young (6144K), 3 survivors (6144K)
 Metaspace       used 10478K, committed 10688K, reserved 1064960K
  class space    used 741K, committed 832K, reserved 1048576K
}

Deoptimization events (20 events):
Event: 16.667 Thread 0x0000020c88bb2380 DEOPT PACKING pc=0x0000020c911e3d11 sp=0x00000059963fe820
Event: 16.667 Thread 0x0000020c88bb2380 DEOPT UNPACKING pc=0x0000020c906d2b43 sp=0x00000059963fdd18 mode 0
Event: 16.749 Thread 0x0000020c88bb2380 DEOPT PACKING pc=0x0000020c911e3d11 sp=0x00000059963fe820
Event: 16.749 Thread 0x0000020c88bb2380 DEOPT UNPACKING pc=0x0000020c906d2b43 sp=0x00000059963fdd18 mode 0
Event: 16.816 Thread 0x0000020c88bb2380 DEOPT PACKING pc=0x0000020c911e3d11 sp=0x00000059963fe820
Event: 16.816 Thread 0x0000020c88bb2380 DEOPT UNPACKING pc=0x0000020c906d2b43 sp=0x00000059963fdd18 mode 0
Event: 16.849 Thread 0x0000020c88bb2380 DEOPT PACKING pc=0x0000020c911e3d11 sp=0x00000059963fe820
Event: 16.849 Thread 0x0000020c88bb2380 DEOPT UNPACKING pc=0x0000020c906d2b43 sp=0x00000059963fdd18 mode 0
Event: 16.882 Thread 0x0000020c88bb2380 DEOPT PACKING pc=0x0000020c911e3d11 sp=0x00000059963fe820
Event: 16.882 Thread 0x0000020c88bb2380 DEOPT UNPACKING pc=0x0000020c906d2b43 sp=0x00000059963fdd18 mode 0
Event: 16.933 Thread 0x0000020c88bb2380 DEOPT PACKING pc=0x0000020c911e3d11 sp=0x00000059963fe870
Event: 16.933 Thread 0x0000020c88bb2380 DEOPT UNPACKING pc=0x0000020c906d2b43 sp=0x00000059963fdd68 mode 0
Event: 26.384 Thread 0x0000020c88bb2380 Uncommon trap: trap_request=0xffffff45 fr.pc=0x0000020c983833f8 relative=0x0000000000000118
Event: 26.384 Thread 0x0000020c88bb2380 Uncommon trap: reason=unstable_if action=reinterpret pc=0x0000020c983833f8 method=java.lang.FdLibm$Hypot.compute(DD)D @ 119 c2
Event: 26.384 Thread 0x0000020c88bb2380 DEOPT PACKING pc=0x0000020c983833f8 sp=0x00000059963fe810
Event: 26.385 Thread 0x0000020c88bb2380 DEOPT UNPACKING pc=0x0000020c906d23a3 sp=0x00000059963fe710 mode 2
Event: 30.605 Thread 0x0000020c88bb2380 Uncommon trap: trap_request=0xffffff45 fr.pc=0x0000020c983f5e90 relative=0x0000000000000190
Event: 30.605 Thread 0x0000020c88bb2380 Uncommon trap: reason=unstable_if action=reinterpret pc=0x0000020c983f5e90 method=java.lang.FdLibm$Hypot.compute(DD)D @ 61 c2
Event: 30.605 Thread 0x0000020c88bb2380 DEOPT PACKING pc=0x0000020c983f5e90 sp=0x00000059963fe710
Event: 30.605 Thread 0x0000020c88bb2380 DEOPT UNPACKING pc=0x0000020c906d23a3 sp=0x00000059963fe618 mode 2

Classes unloaded (0 events):
No events

Classes redefined (0 events):
No events

Internal exceptions (20 events):
Event: 0.171 Thread 0x0000020c88bb2380 Exception <a 'java/lang/NoSuchMethodError'{0x0000000718e3f140}: 'void java.lang.invoke.DirectMethodHandle$Holder.invokeStatic(java.lang.Object, java.lang.Object)'> (0x0000000718e3f140) 
thrown [e:\jenkins\tmp\workspace\build\src\src\hotspot\share\interpreter\linkResolver.cpp, line 766]
Event: 0.172 Thread 0x0000020c88bb2380 Exception <a 'java/lang/NoSuchMethodError'{0x0000000718e44988}: 'void java.lang.invoke.DirectMethodHandle$Holder.invokeSpecial(java.lang.Object, java.lang.Object, java.lang.Object)'> (0x0000000718e44988) 
thrown [e:\jenkins\tmp\workspace\build\src\src\hotspot\share\interpreter\linkResolver.cpp, line 766]
Event: 0.175 Thread 0x0000020c88bb2380 Exception <a 'java/lang/NoSuchMethodError'{0x0000000718e57d10}: 'java.lang.Object java.lang.invoke.DirectMethodHandle$Holder.invokeStatic(java.lang.Object, java.lang.Object, int)'> (0x0000000718e57d10) 
thrown [e:\jenkins\tmp\workspace\build\src\src\hotspot\share\interpreter\linkResolver.cpp, line 766]
Event: 0.176 Thread 0x0000020c88bb2380 Exception <a 'java/lang/NoSuchMethodError'{0x0000000718e63a80}: 'void java.lang.invoke.DelegatingMethodHandle$Holder.delegate(java.lang.Object, java.lang.Object, int, java.lang.Object)'> (0x0000000718e63a80) 
thrown [e:\jenkins\tmp\workspace\build\src\src\hotspot\share\interpreter\linkResolver.cpp, line 766]
Event: 0.176 Thread 0x0000020c88bb2380 Exception <a 'java/lang/NoSuchMethodError'{0x0000000718e67cc0}: 'int java.lang.invoke.DirectMethodHandle$Holder.invokeSpecial(java.lang.Object, java.lang.Object, java.lang.Object)'> (0x0000000718e67cc0) 
thrown [e:\jenkins\tmp\workspace\build\src\src\hotspot\share\interpreter\linkResolver.cpp, line 766]
Event: 0.203 Thread 0x0000020c88bb2380 Exception <a 'sun/nio/fs/WindowsException'{0x0000000718f0ea90}> (0x0000000718f0ea90) 
thrown [e:\jenkins\tmp\workspace\build\src\src\hotspot\share\prims\jni.cpp, line 516]
Event: 0.203 Thread 0x0000020c88bb2380 Exception <a 'sun/nio/fs/WindowsException'{0x0000000718f0efe8}> (0x0000000718f0efe8) 
thrown [e:\jenkins\tmp\workspace\build\src\src\hotspot\share\prims\jni.cpp, line 516]
Event: 0.226 Thread 0x0000020c88bb2380 Exception <a 'sun/nio/fs/WindowsException'{0x0000000718ffcde0}> (0x0000000718ffcde0) 
thrown [e:\jenkins\tmp\workspace\build\src\src\hotspot\share\prims\jni.cpp, line 516]
Event: 0.226 Thread 0x0000020c88bb2380 Exception <a 'sun/nio/fs/WindowsException'{0x0000000718ffd180}> (0x0000000718ffd180) 
thrown [e:\jenkins\tmp\workspace\build\src\src\hotspot\share\prims\jni.cpp, line 516]
Event: 0.242 Thread 0x0000020c88bb2380 Exception <a 'sun/nio/fs/WindowsException'{0x0000000718cab670}> (0x0000000718cab670) 
thrown [e:\jenkins\tmp\workspace\build\src\src\hotspot\share\prims\jni.cpp, line 516]
Event: 0.242 Thread 0x0000020c88bb2380 Exception <a 'sun/nio/fs/WindowsException'{0x0000000718cab9e0}> (0x0000000718cab9e0) 
thrown [e:\jenkins\tmp\workspace\build\src\src\hotspot\share\prims\jni.cpp, line 516]
Event: 0.278 Thread 0x0000020c88bb2380 Exception <a 'sun/nio/fs/WindowsException'{0x0000000718d310d8}> (0x0000000718d310d8) 
thrown [e:\jenkins\tmp\workspace\build\src\src\hotspot\share\prims\jni.cpp, line 516]
Event: 0.278 Thread 0x0000020c88bb2380 Exception <a 'sun/nio/fs/WindowsException'{0x0000000718d31460}> (0x0000000718d31460) 
thrown [e:\jenkins\tmp\workspace\build\src\src\hotspot\share\prims\jni.cpp, line 516]
Event: 0.726 Thread 0x0000020c88bb2380 Exception <a 'sun/nio/fs/WindowsException'{0x0000000718b138f0}> (0x0000000718b138f0) 
thrown [e:\jenkins\tmp\workspace\build\src\src\hotspot\share\prims\jni.cpp, line 516]
Event: 0.726 Thread 0x0000020c88bb2380 Exception <a 'sun/nio/fs/WindowsException'{0x0000000718b13ca0}> (0x0000000718b13ca0) 
thrown [e:\jenkins\tmp\workspace\build\src\src\hotspot\share\prims\jni.cpp, line 516]
Event: 0.728 Thread 0x0000020c88bb2380 Exception <a 'sun/nio/fs/WindowsException'{0x0000000718b1fe38}> (0x0000000718b1fe38) 
thrown [e:\jenkins\tmp\workspace\build\src\src\hotspot\share\prims\jni.cpp, line 516]
Event: 0.728 Thread 0x0000020c88bb2380 Exception <a 'sun/nio/fs/WindowsException'{0x0000000718b20120}> (0x0000000718b20120) 
thrown [e:\jenkins\tmp\workspace\build\src\src\hotspot\share\prims\jni.cpp, line 516]
Event: 4.403 Thread 0x0000020c88bb2380 Implicit null exception at 0x0000020c982866b0 to 0x0000020c98286888
Event: 4.419 Thread 0x0000020c88bb2380 Implicit null exception at 0x0000020c9828f63f to 0x0000020c9828f71c
Event: 10.146 Thread 0x0000020cbdee9300 Implicit null exception at 0x0000020c9828845f to 0x0000020c9828851c

VM Operations (20 events):
Event: 25.959 Executing VM operation: ICBufferFull
Event: 25.959 Executing VM operation: ICBufferFull done
Event: 26.644 Executing VM operation: ICBufferFull
Event: 26.644 Executing VM operation: ICBufferFull done
Event: 27.326 Executing VM operation: ICBufferFull
Event: 27.326 Executing VM operation: ICBufferFull done
Event: 27.400 Executing VM operation: HandshakeAllThreads
Event: 27.400 Executing VM operation: HandshakeAllThreads done
Event: 28.399 Executing VM operation: Cleanup
Event: 28.399 Executing VM operation: Cleanup done
Event: 29.443 Executing VM operation: G1CollectForAllocation
Event: 29.446 Executing VM operation: G1CollectForAllocation done
Event: 31.087 Executing VM operation: G1TryInitiateConcMark
Event: 31.089 Executing VM operation: G1TryInitiateConcMark done
Event: 31.100 Executing VM operation: G1Concurrent
Event: 31.101 Executing VM operation: G1Concurrent done
Event: 31.107 Executing VM operation: G1Concurrent
Event: 31.107 Executing VM operation: G1Concurrent done
Event: 33.108 Executing VM operation: Cleanup
Event: 33.108 Executing VM operation: Cleanup done

Events (20 events):
Event: 26.937 Thread 0x0000020cbd454be0 Thread added: 0x0000020cbd454be0
Event: 27.138 Thread 0x0000020cbd452a30 Thread exited: 0x0000020cbd452a30
Event: 27.385 Thread 0x0000020cbd4538a0 Thread added: 0x0000020cbd4538a0
Event: 27.388 Thread 0x0000020cbd451bc0 Thread added: 0x0000020cbd451bc0
Event: 27.589 Thread 0x0000020cbd4538a0 Thread exited: 0x0000020cbd4538a0
Event: 30.603 Thread 0x0000020cbd455a50 Thread added: 0x0000020cbd455a50
Event: 30.606 Thread 0x0000020cbd450880 Thread added: 0x0000020cbd450880
Event: 30.808 Thread 0x0000020cbd455a50 Thread exited: 0x0000020cbd455a50
Event: 31.087 Thread 0x0000020cbd457260 Thread added: 0x0000020cbd457260
Event: 31.100 Thread 0x0000020cbd455a50 Thread added: 0x0000020cbd455a50
Event: 31.301 Thread 0x0000020cbd457260 Thread exited: 0x0000020cbd457260
Event: 31.452 Thread 0x0000020cbd455f20 Thread added: 0x0000020cbd455f20
Event: 31.455 Thread 0x0000020cbd4563f0 Thread added: 0x0000020cbd4563f0
Event: 31.655 Thread 0x0000020cbd455f20 Thread exited: 0x0000020cbd455f20
Event: 31.753 Thread 0x0000020cbd452090 Thread added: 0x0000020cbd452090
Event: 31.755 Thread 0x0000020cbd457260 Thread added: 0x0000020cbd457260
Event: 31.959 Thread 0x0000020cbd452090 Thread exited: 0x0000020cbd452090
Event: 32.052 Thread 0x0000020cbd4568c0 Thread added: 0x0000020cbd4568c0
Event: 32.055 Thread 0x0000020cbd4550b0 Thread added: 0x0000020cbd4550b0
Event: 32.256 Thread 0x0000020cbd4568c0 Thread exited: 0x0000020cbd4568c0


Dynamic libraries:
0x00007ff7d8a20000 - 0x00007ff7d8a2e000 	C:\Program Files\Eclipse Adoptium\jdk-17.0.1.12-hotspot\bin\java.exe
0x00007ffdc5cd0000 - 0x00007ffdc5ec5000 	C:\Windows\SYSTEM32\ntdll.dll
0x00007ffdc4060000 - 0x00007ffdc411d000 	C:\Windows\System32\KERNEL32.DLL
0x00007ffdc3720000 - 0x00007ffdc39ed000 	C:\Windows\System32\KERNELBASE.dll
0x00007ffdc33b0000 - 0x00007ffdc34b0000 	C:\Windows\System32\ucrtbase.dll
0x00007ffdbd460000 - 0x00007ffdbd479000 	C:\Program Files\Eclipse Adoptium\jdk-17.0.1.12-hotspot\bin\VCRUNTIME140.dll
0x00007ffdbee20000 - 0x00007ffdbee38000 	C:\Program Files\Eclipse Adoptium\jdk-17.0.1.12-hotspot\bin\jli.dll
0x00007ffdc5530000 - 0x00007ffdc56d0000 	C:\Windows\System32\USER32.dll
0x00007ffdc3c20000 - 0x00007ffdc3c42000 	C:\Windows\System32\win32u.dll
0x00007ffdad620000 - 0x00007ffdad8ba000 	C:\Windows\WinSxS\amd64_microsoft.windows.common-controls_6595b64144ccf1df_6.0.19041.1110_none_60b5254171f9507e\COMCTL32.dll
0x00007ffdc5bd0000 - 0x00007ffdc5bfa000 	C:\Windows\System32\GDI32.dll
0x00007ffdc5190000 - 0x00007ffdc522e000 	C:\Windows\System32\msvcrt.dll
0x00007ffdc3610000 - 0x00007ffdc371b000 	C:\Windows\System32\gdi32full.dll
0x00007ffdc39f0000 - 0x00007ffdc3a8d000 	C:\Windows\System32\msvcp_win.dll
0x00007ffdc4eb0000 - 0x00007ffdc4ee0000 	C:\Windows\System32\IMM32.DLL
0x00007ffdbede0000 - 0x00007ffdbedec000 	C:\Program Files\Eclipse Adoptium\jdk-17.0.1.12-hotspot\bin\vcruntime140_1.dll
0x00007ffdb1940000 - 0x00007ffdb19d1000 	C:\Program Files\Eclipse Adoptium\jdk-17.0.1.12-hotspot\bin\msvcp140.dll
0x00007ffd82e10000 - 0x00007ffd83a56000 	C:\Program Files\Eclipse Adoptium\jdk-17.0.1.12-hotspot\bin\server\jvm.dll
0x00007ffdc3fb0000 - 0x00007ffdc405e000 	C:\Windows\System32\ADVAPI32.dll
0x00007ffdc3e80000 - 0x00007ffdc3f1c000 	C:\Windows\System32\sechost.dll
0x00007ffdc3d50000 - 0x00007ffdc3e75000 	C:\Windows\System32\RPCRT4.dll
0x00007ffdc4ee0000 - 0x00007ffdc4ee8000 	C:\Windows\System32\PSAPI.DLL
0x00007ffda5c00000 - 0x00007ffda5c09000 	C:\Windows\SYSTEM32\WSOCK32.dll
0x00007ffdb8890000 - 0x00007ffdb88b7000 	C:\Windows\SYSTEM32\WINMM.dll
0x00007ffdbc260000 - 0x00007ffdbc26a000 	C:\Windows\SYSTEM32\VERSION.dll
0x00007ffdc52e0000 - 0x00007ffdc534b000 	C:\Windows\System32\WS2_32.dll
0x00007ffdc1c40000 - 0x00007ffdc1c52000 	C:\Windows\SYSTEM32\kernel.appcore.dll
0x00007ffdbe750000 - 0x00007ffdbe75a000 	C:\Program Files\Eclipse Adoptium\jdk-17.0.1.12-hotspot\bin\jimage.dll
0x00007ffdc1a30000 - 0x00007ffdc1c14000 	C:\Windows\SYSTEM32\DBGHELP.DLL
0x00007ffdb8de0000 - 0x00007ffdb8e0c000 	C:\Windows\SYSTEM32\dbgcore.DLL
0x00007ffdc3a90000 - 0x00007ffdc3b12000 	C:\Windows\System32\bcryptPrimitives.dll
0x00007ffdb62b0000 - 0x00007ffdb62d5000 	C:\Program Files\Eclipse Adoptium\jdk-17.0.1.12-hotspot\bin\java.dll
0x00007ffd84610000 - 0x00007ffd846e6000 	C:\Program Files\Eclipse Adoptium\jdk-17.0.1.12-hotspot\bin\svml.dll
0x00007ffdc4120000 - 0x00007ffdc4864000 	C:\Windows\System32\SHELL32.dll
0x00007ffdc1150000 - 0x00007ffdc18e4000 	C:\Windows\SYSTEM32\windows.storage.dll
0x00007ffdc5870000 - 0x00007ffdc5bc4000 	C:\Windows\System32\combase.dll
0x00007ffdc2e10000 - 0x00007ffdc2e3c000 	C:\Windows\SYSTEM32\Wldp.dll
0x00007ffdc5230000 - 0x00007ffdc52dd000 	C:\Windows\System32\SHCORE.dll
0x00007ffdc3cf0000 - 0x00007ffdc3d45000 	C:\Windows\System32\shlwapi.dll
0x00007ffdc32f0000 - 0x00007ffdc330f000 	C:\Windows\SYSTEM32\profapi.dll
0x00007ffdb6650000 - 0x00007ffdb6669000 	C:\Program Files\Eclipse Adoptium\jdk-17.0.1.12-hotspot\bin\net.dll
0x00007ffdb4be0000 - 0x00007ffdb4cea000 	C:\Windows\SYSTEM32\WINHTTP.dll
0x00007ffdc2b70000 - 0x00007ffdc2bda000 	C:\Windows\system32\mswsock.dll
0x00007ffdb1920000 - 0x00007ffdb1935000 	C:\Program Files\Eclipse Adoptium\jdk-17.0.1.12-hotspot\bin\nio.dll
0x00007ffdb1900000 - 0x00007ffdb1918000 	C:\Program Files\Eclipse Adoptium\jdk-17.0.1.12-hotspot\bin\zip.dll
0x000000006e700000 - 0x000000006e72a000 	C:\Users\grado\AppData\Local\Temp\libgdxgrado\e1cd32f8\gdx64.dll
0x00007ffdb1890000 - 0x00007ffdb18f4000 	C:\Users\grado\AppData\Local\Temp\lwjglgrado\3.2.3-build-13\lwjgl.dll
0x00007ffd843b0000 - 0x00007ffd84603000 	C:\Users\grado\AppData\Local\Temp\lwjglgrado\3.2.3-build-13\jemalloc.dll
0x00007ffd9ef50000 - 0x00007ffd9efb2000 	C:\Users\grado\AppData\Local\Temp\lwjglgrado\3.2.3-build-13\glfw.dll
0x00007ffdc0870000 - 0x00007ffdc090e000 	C:\Windows\system32\uxtheme.dll
0x00007ffdaacb0000 - 0x00007ffdaacf5000 	C:\Windows\SYSTEM32\dinput8.dll
0x00007ffdab4e0000 - 0x00007ffdab4f1000 	C:\Windows\SYSTEM32\xinput1_4.dll
0x00007ffdc3b20000 - 0x00007ffdc3b6e000 	C:\Windows\System32\cfgmgr32.dll
0x00007ffdc3160000 - 0x00007ffdc318c000 	C:\Windows\SYSTEM32\DEVOBJ.dll
0x00007ffdc0a00000 - 0x00007ffdc0a2f000 	C:\Windows\SYSTEM32\dwmapi.dll
0x00007ffda8c80000 - 0x00007ffda8dd2000 	C:\Windows\SYSTEM32\inputhost.dll
0x00007ffdc4d70000 - 0x00007ffdc4e3d000 	C:\Windows\System32\OLEAUT32.dll
0x00007ffdc0500000 - 0x00007ffdc05f2000 	C:\Windows\SYSTEM32\CoreMessaging.dll
0x00007ffdbfad0000 - 0x00007ffdbfc24000 	C:\Windows\SYSTEM32\wintypes.dll
0x00007ffdbe990000 - 0x00007ffdbea86000 	C:\Windows\SYSTEM32\PROPSYS.dll
0x00007ffdc01a0000 - 0x00007ffdc04fe000 	C:\Windows\SYSTEM32\CoreUIComponents.dll
0x00007ffdc20b0000 - 0x00007ffdc20e3000 	C:\Windows\SYSTEM32\ntmarta.dll
0x00007ffdc5750000 - 0x00007ffdc5865000 	C:\Windows\System32\MSCTF.dll
0x00007ffdc18f0000 - 0x00007ffdc18fd000 	C:\Windows\SYSTEM32\HID.DLL
0x00007ffdc4870000 - 0x00007ffdc4ce1000 	C:\Windows\System32\SETUPAPI.DLL
0x00007ffdc3c50000 - 0x00007ffdc3c77000 	C:\Windows\System32\bcrypt.dll
0x00007ffdc3c80000 - 0x00007ffdc3ce8000 	C:\Windows\System32\WINTRUST.dll
0x00007ffdc34b0000 - 0x00007ffdc3606000 	C:\Windows\System32\CRYPT32.dll
0x00007ffdc2fa0000 - 0x00007ffdc2fb2000 	C:\Windows\SYSTEM32\MSASN1.dll
0x00007ffd84880000 - 0x00007ffd8498b000 	C:\Users\grado\AppData\Local\Temp\lwjglgrado\3.2.3-build-13\OpenAL.dll
0x00007ffdc5400000 - 0x00007ffdc552a000 	C:\Windows\System32\ole32.dll
0x00007ffdc5350000 - 0x00007ffdc53f9000 	C:\Windows\System32\clbcatq.dll
0x00007ffdbb510000 - 0x00007ffdbb595000 	C:\Windows\System32\MMDevApi.dll
0x00007ffdbbda0000 - 0x00007ffdbbf22000 	C:\Windows\SYSTEM32\AUDIOSES.DLL
0x00007ffdc2930000 - 0x00007ffdc297b000 	C:\Windows\SYSTEM32\powrprof.dll
0x00007ffdc27f0000 - 0x00007ffdc2802000 	C:\Windows\SYSTEM32\UMPDC.dll
0x00007ffdc0a30000 - 0x00007ffdc0a44000 	C:\Windows\SYSTEM32\resourcepolicyclient.dll
0x00007ffd22910000 - 0x00007ffd22a36000 	C:\Windows\SYSTEM32\opengl32.dll
0x00007ffd228e0000 - 0x00007ffd2290c000 	C:\Windows\SYSTEM32\GLU32.dll
0x00007ffdbc2e0000 - 0x00007ffdbc3d7000 	C:\Windows\System32\AppXDeploymentClient.dll
0x00007ffdaaf90000 - 0x00007ffdaafba000 	C:\Windows\System32\DriverStore\FileRepository\u0361612.inf_amd64_b679e02f70413f9f\B361368\atig6pxx.dll
0x00007ffd7dc80000 - 0x00007ffd80966000 	C:\Windows\System32\DriverStore\FileRepository\u0361612.inf_amd64_b679e02f70413f9f\B361368\atio6axx.dll
0x00007ffd86690000 - 0x00007ffd866b4000 	C:\Windows\SYSTEM32\dxva2.dll
0x00007ffdaa460000 - 0x00007ffdaa49c000 	C:\Windows\System32\DriverStore\FileRepository\u0361612.inf_amd64_b679e02f70413f9f\B361368\atig6txx.dll
0x00007ffd81d90000 - 0x00007ffd81f49000 	C:\Windows\SYSTEM32\atiadlxx.dll
0x00007ffdb9380000 - 0x00007ffdb93bb000 	C:\Windows\SYSTEM32\dxcore.dll
0x00007ffda3ef0000 - 0x00007ffda3f49000 	C:\Users\grado\AppData\Local\Temp\lwjglgrado\3.2.3-build-13\lwjgl_opengl.dll
0x00007ffda93b0000 - 0x00007ffda94a9000 	C:\Windows\SYSTEM32\textinputframework.dll
0x00007ffda95f0000 - 0x00007ffda9601000 	C:\Program Files\Eclipse Adoptium\jdk-17.0.1.12-hotspot\bin\jsound.dll
0x00007ffd81a50000 - 0x00007ffd81aec000 	C:\Windows\SYSTEM32\DSOUND.dll
0x00007ffdb3710000 - 0x00007ffdb3736000 	C:\Windows\SYSTEM32\winmmbase.dll
0x00007ffda9b00000 - 0x00007ffda9b46000 	C:\Windows\SYSTEM32\wdmaud.drv
0x00007ffdbde60000 - 0x00007ffdbde69000 	C:\Windows\SYSTEM32\ksuser.dll
0x00007ffdbd880000 - 0x00007ffdbd88a000 	C:\Windows\SYSTEM32\AVRT.dll
0x00007ffdbc5b0000 - 0x00007ffdbc5bd000 	C:\Windows\SYSTEM32\msacm32.drv
0x00007ffdbc630000 - 0x00007ffdbc64e000 	C:\Windows\SYSTEM32\MSACM32.dll
0x00007ffdb6730000 - 0x00007ffdb673b000 	C:\Windows\SYSTEM32\midimap.dll
0x00007ffda8de0000 - 0x00007ffda8f21000 	C:\Windows\System32\Windows.UI.dll
0x00007ffdbd350000 - 0x00007ffdbd3f1000 	C:\Windows\System32\WindowManagementAPI.dll
0x00007ffdbca10000 - 0x00007ffdbcc11000 	C:\Windows\System32\twinapi.appcore.dll

dbghelp: loaded successfully - version: 4.0.5 - missing functions: none
symbol engine: initialized successfully - sym options: 0x614 - pdb path: .;C:\Program Files\Eclipse Adoptium\jdk-17.0.1.12-hotspot\bin;C:\Windows\SYSTEM32;C:\Windows\WinSxS\amd64_microsoft.windows.common-controls_6595b64144ccf1df_6.0.19041.1110_none_60b5254171f9507e;C:\Program Files\Eclipse Adoptium\jdk-17.0.1.12-hotspot\bin\server;C:\Users\grado\AppData\Local\Temp\libgdxgrado\e1cd32f8;C:\Users\grado\AppData\Local\Temp\lwjglgrado\3.2.3-build-13;C:\Windows\System32\DriverStore\FileRepository\u0361612.inf_amd64_b679e02f70413f9f\B361368

VM Arguments:
jvm_args: -XX:+ShowCodeDetailsInExceptionMessages 
java_command: com.crazyputting3d.Main
java_class_path (initial): C:\Users\grado\Documents\Group-04\3dcrazyputting\desktop\bin\main;\CrazyPutting3D-core\bin\default;C:\Users\grado\Documents\Group-04\3dcrazyputting\core\bin\main;C:\Users\grado\.gradle\caches\modules-2\files-2.1\com.badlogicgames.gdx\gdx-backend-lwjgl3\1.10.0\600c7d5b2c977daa82c4abad147087b31e0ada87\gdx-backend-lwjgl3-1.10.0.jar;C:\Users\grado\.gradle\caches\modules-2\files-2.1\com.badlogicgames.gdx\gdx-platform\1.10.0\9a8fa793d2fd6d360afc6c9e4c1f5583da263b88\gdx-platform-1.10.0-natives-desktop.jar;C:\Users\grado\.gradle\caches\modules-2\files-2.1\com.badlogicgames.gdx\gdx-bullet-platform\1.10.0\ce92e8dfc762523d769cbc50853163c03bf98cf1\gdx-bullet-platform-1.10.0-natives-desktop.jar;C:\Users\grado\.gradle\caches\modules-2\files-2.1\com.badlogicgames.gdx\gdx-freetype-platform\1.10.0\6e5d28752759e69384f12e4569d2c884ff71352f\gdx-freetype-platform-1.10.0-natives-desktop.jar;C:\Users\grado\.gradle\caches\modules-2\files-2.1\com.badlogicgames.gdx-controllers\gdx-controllers-desktop\2.2.1\cb3430c32468a090eca54d494d16bb3764ceff9b\gdx-controllers-desktop-2.2.1.jar;C:\Users\grado\.gradle\caches\modules-2\files-2.1\org.jetbrains\annotations\20.1.0\2fcd1f3225bca0c4a7bc931142076f8c1e80993f\annotations-20.1.0.jar;C:\Users\grado\.gradle\caches\modules-2\files-2.1\com.badlogicgames.gdx\gdx-bullet\1.10.0\839b58c7278f5c3b55291c3a559d91227400ecdb\gdx-bullet-1.10.0.jar;C:\Users\grado\.gradle\caches\modules-2\files-2.1\com.badlogicgames.gdx\gdx-freetype\1.10.0\de1d0d5c1e92e8d91364256fd6b7bb279d3e9859\gdx-freetype-1.10.0.jar;C:\Users\grado\.gradle\caches\modules-2\files-2.1\com.badlogicgames.gdx\gdx-ai\1.8.2\ab75d2ce80ab1b1ce6828a15dc0f417abac4c674\gdx-ai-1.8.2.jar;C:\Users\grado\.gradle\caches\modules-2\files-2.1\com.badlogicgames.ashley\ashley\1.7.4\21a3a8932919099c4e5006a7d8378dcbe76ef8a5\ashley-1.7.4.jar;C:\Users\grado\.gradle\caches\modules-2\files-2.1\com.badlogicgames.box2dlights\box2dlights\1.5\6902dbcd250c95a27973aa24a147a95b3828d348\box2dlights-1.5.j
Launcher Type: SUN_STANDARD

[Global flags]
     intx CICompilerCount                          = 12                                        {product} {ergonomic}
     uint ConcGCThreads                            = 3                                         {product} {ergonomic}
     uint G1ConcRefinementThreads                  = 13                                        {product} {ergonomic}
   size_t G1HeapRegionSize                         = 2097152                                   {product} {ergonomic}
    uintx GCDrainStackTargetSize                   = 64                                        {product} {ergonomic}
   size_t InitialHeapSize                          = 257949696                                 {product} {ergonomic}
   size_t MarkStackSize                            = 4194304                                   {product} {ergonomic}
   size_t MaxHeapSize                              = 4127195136                                {product} {ergonomic}
   size_t MaxNewSize                               = 2474639360                                {product} {ergonomic}
   size_t MinHeapDeltaBytes                        = 2097152                                   {product} {ergonomic}
   size_t MinHeapSize                              = 8388608                                   {product} {ergonomic}
    uintx NonNMethodCodeHeapSize                   = 7602480                                {pd product} {ergonomic}
    uintx NonProfiledCodeHeapSize                  = 122027880                              {pd product} {ergonomic}
    uintx ProfiledCodeHeapSize                     = 122027880                              {pd product} {ergonomic}
    uintx ReservedCodeCacheSize                    = 251658240                              {pd product} {ergonomic}
     bool SegmentedCodeCache                       = true                                      {product} {ergonomic}
     bool ShowCodeDetailsInExceptionMessages       = true                                   {manageable} {command line}
   size_t SoftMaxHeapSize                          = 4127195136                             {manageable} {ergonomic}
     bool UseCompressedClassPointers               = true                           {product lp64_product} {ergonomic}
     bool UseCompressedOops                        = true                           {product lp64_product} {ergonomic}
     bool UseG1GC                                  = true                                      {product} {ergonomic}
     bool UseLargePagesIndividualAllocation        = false                                  {pd product} {ergonomic}

Logging:
Log output configuration:
 #0: stdout all=warning uptime,level,tags
 #1: stderr all=off uptime,level,tags

Environment Variables:
PATH=C:\Program Files\Common Files\Oracle\Java\javapath;C:\Windows\system32;C:\Windows;C:\Windows\System32\Wbem;C:\Windows\System32\WindowsPowerShell\v1.0\;C:\Windows\System32\OpenSSH\;C:\Program Files (x86)\NVIDIA Corporation\PhysX\Common;C:\Program Files\NVIDIA Corporation\NVIDIA NvDLISR;C:\Program Files\MATLAB\R2022a\bin;C:\Program Files\Gradle\gradle-7.4.2\bin;C:\Program Files\Git\cmd;C:\Users\grado\AppData\Local\Microsoft\WindowsApps;C:\Users\grado\AppData\Local\Programs\Microsoft VS Code\bin;C:\Users\grado\AppData\Local\GitHubDesktop\bin
USERNAME=grado
LANG=en_US.UTF-8
OS=Windows_NT
PROCESSOR_IDENTIFIER=AMD64 Family 23 Model 96 Stepping 1, AuthenticAMD



---------------  S Y S T E M  ---------------

OS:
 Windows 10 , 64 bit Build 19041 (10.0.19041.1706)
OS uptime: 11 days 16:42 hours

CPU: total 16 (initial active 16) (16 cores per cpu, 2 threads per core) family 23 model 96 stepping 1 microcode 0x0, cx8, cmov, fxsr, ht, mmx, 3dnowpref, sse, sse2, sse3, ssse3, sse4a, sse4.1, sse4.2, popcnt, lzcnt, tsc, tscinvbit, avx, avx2, aes, clmul, bmi1, bmi2, adx, sha, fma, vzeroupper, clflush, clflushopt

Memory: 4k page, system-wide physical 15741M (3577M free)
TotalPageFile size 23690M (AvailPageFile size 3877M)
current process WorkingSet (physical memory assigned to process): 564M, peak: 653M
current process commit charge ("private bytes"): 688M, peak: 785M

vm_info: OpenJDK 64-Bit Server VM (17.0.1+12) for windows-amd64 JRE (17.0.1+12), built on Oct 20 2021 07:42:55 by "" with MS VC++ 16.7 (VS2019)

END.
