#
# A fatal error has been detected by the Java Runtime Environment:
#
#  EXCEPTION_ACCESS_VIOLATION (0xc0000005) at pc=0x000002029ae00000, pid=7528, tid=21752
#
# JRE version: OpenJDK Runtime Environment Temurin-17.0.1+12 (17.0.1+12) (build 17.0.1+12)
# Java VM: OpenJDK 64-Bit Server VM Temurin-17.0.1+12 (17.0.1+12, mixed mode, sharing, tiered, compressed oops, compressed class ptrs, g1 gc, windows-amd64)
# Problematic frame:
# C  0x000002029ae00000
#
# No core dump will be written. Minidumps are not enabled by default on client versions of Windows
#
# If you would like to submit a bug report, please visit:
#   https://github.com/adoptium/adoptium-support/issues
# The crash happened outside the Java Virtual Machine in native code.
# See problematic frame for where to report the bug.
#

---------------  S U M M A R Y ------------

Command Line: -XX:+ShowCodeDetailsInExceptionMessages com.crazyputting3d.Main

Host: AMD Ryzen 7 4800H with Radeon Graphics         , 16 cores, 15G,  Windows 10 , 64 bit Build 19041 (10.0.19041.1706)
Time: Wed Jun 15 13:14:42 2022 Central European Daylight Time elapsed time: 36.078635 seconds (0d 0h 0m 36s)

---------------  T H R E A D  ---------------

Current thread (0x00000202f76e3000):  JavaThread "main" [_thread_in_native, id=21752, stack(0x0000000822100000,0x0000000822200000)]

Stack: [0x0000000822100000,0x0000000822200000],  sp=0x00000008221fedd8,  free space=1019k
Native frames: (J=compiled Java code, j=interpreted, Vv=VM code, C=native code)
C  0x000002029ae00000

Java frames: (J=compiled Java code, j=interpreted, Vv=VM code)
J 1240  org.lwjgl.system.JNI.invokePV(JJ)V (0 bytes) @ 0x0000020287c09fec [0x0000020287c09fa0+0x000000000000004c]
J 2237 c1 org.lwjgl.glfw.GLFW.glfwSwapBuffers(J)V (21 bytes) @ 0x0000020280b233ac [0x0000020280b232c0+0x00000000000000ec]
j  com.badlogic.gdx.backends.lwjgl3.Lwjgl3Window.update()Z+196
j  com.badlogic.gdx.backends.lwjgl3.Lwjgl3Application.loop()V+111
j  com.badlogic.gdx.backends.lwjgl3.Lwjgl3Application.<init>(Lcom/badlogic/gdx/ApplicationListener;Lcom/badlogic/gdx/backends/lwjgl3/Lwjgl3ApplicationConfiguration;)V+243
j  com.crazyputting3d.Main.main([Ljava/lang/String;)V+45
v  ~StubRoutines::call_stub

siginfo: EXCEPTION_ACCESS_VIOLATION (0xc0000005), data execution prevention violation at address 0x000002029ae00000


Register to memory mapping:

RIP=0x000002029ae00000 is an unknown value
RAX=0x000002029ae00000 is an unknown value
RBX=0x0000000000010001 is an unknown value
RCX=0x0000000000010001 is an unknown value
RDX=0x00000008221fee10 is pointing into the stack for thread: 0x00000202f76e3000
RSP=0x00000008221fedd8 is pointing into the stack for thread: 0x00000202f76e3000
RBP=0x00000008221feee0 is pointing into the stack for thread: 0x00000202f76e3000
RSI=0x0000000000000110 is an unknown value
RDI=0x000000000000139f is an unknown value
R8 =0x00000202dcdc8780 points into unknown readable memory: 0x00000202df2a6070 | 70 60 2a df 02 02 00 00
R9 =0x00007ffd892d1b50 glfw.dll
R10=0x00007ffd932c1b10 lwjgl.dll
R11=0x00000008221ff248 is pointing into the stack for thread: 0x00000202f76e3000
R12=0x0 is NULL
R13=0x00000008221ff348 is pointing into the stack for thread: 0x00000202f76e3000
R14=0x00000008221ff2a0 is pointing into the stack for thread: 0x00000202f76e3000
R15=0x00000202f76e3000 is a thread


Registers:
RAX=0x000002029ae00000, RBX=0x0000000000010001, RCX=0x0000000000010001, RDX=0x00000008221fee10
RSP=0x00000008221fedd8, RBP=0x00000008221feee0, RSI=0x0000000000000110, RDI=0x000000000000139f
R8 =0x00000202dcdc8780, R9 =0x00007ffd892d1b50, R10=0x00007ffd932c1b10, R11=0x00000008221ff248
R12=0x0000000000000000, R13=0x00000008221ff348, R14=0x00000008221ff2a0, R15=0x00000202f76e3000
RIP=0x000002029ae00000, EFLAGS=0x0000000000010206

Top of Stack: (sp=0x00000008221fedd8)
0x00000008221fedd8:   00007ffd892d1f7c 000000070d2b4af0
0x00000008221fede8:   0000140600000002 0000000700000014
0x00000008221fedf8:   438c000041700000 000000070d301ee8
0x00000008221fee08:   0000020280988e7c 57464c4720656854
0x00000008221fee18:   7972617262696c20 20746f6e20736920
0x00000008221fee28:   696c616974696e69 000000080064657a
0x00000008221fee38:   00007ffd3d605e62 00000202f76e3000
0x00000008221fee48:   0000000000000000 00000000000001cc
0x00000008221fee58:   00000202800094fe 0000000000000000
0x00000008221fee68:   000000006e7020f4 00000202f76e32a8
0x00000008221fee78:   00007ffd3d605481 0000000000000000
0x00000008221fee88:   000002028093d8ec 0000000200000003
0x00000008221fee98:   000000070d301f08 000000070d315ac8
0x00000008221feea8:   0000020287c03485 0000000700000000
0x00000008221feeb8:   000000070d2b4af0 0000000000000002
0x00000008221feec8:   00007ffd22939d0a 00000008221ff260 

Instructions: (pc=0x000002029ae00000)
0x000002029adfff00:   ?? ?? ?? ?? ?? ?? ?? ?? ?? ?? ?? ?? ?? ?? ?? ??
0x000002029adfff10:   ?? ?? ?? ?? ?? ?? ?? ?? ?? ?? ?? ?? ?? ?? ?? ??
0x000002029adfff20:   ?? ?? ?? ?? ?? ?? ?? ?? ?? ?? ?? ?? ?? ?? ?? ??
0x000002029adfff30:   ?? ?? ?? ?? ?? ?? ?? ?? ?? ?? ?? ?? ?? ?? ?? ??
0x000002029adfff40:   ?? ?? ?? ?? ?? ?? ?? ?? ?? ?? ?? ?? ?? ?? ?? ??
0x000002029adfff50:   ?? ?? ?? ?? ?? ?? ?? ?? ?? ?? ?? ?? ?? ?? ?? ??
0x000002029adfff60:   ?? ?? ?? ?? ?? ?? ?? ?? ?? ?? ?? ?? ?? ?? ?? ??
0x000002029adfff70:   ?? ?? ?? ?? ?? ?? ?? ?? ?? ?? ?? ?? ?? ?? ?? ??
0x000002029adfff80:   ?? ?? ?? ?? ?? ?? ?? ?? ?? ?? ?? ?? ?? ?? ?? ??
0x000002029adfff90:   ?? ?? ?? ?? ?? ?? ?? ?? ?? ?? ?? ?? ?? ?? ?? ??
0x000002029adfffa0:   ?? ?? ?? ?? ?? ?? ?? ?? ?? ?? ?? ?? ?? ?? ?? ??
0x000002029adfffb0:   ?? ?? ?? ?? ?? ?? ?? ?? ?? ?? ?? ?? ?? ?? ?? ??
0x000002029adfffc0:   ?? ?? ?? ?? ?? ?? ?? ?? ?? ?? ?? ?? ?? ?? ?? ??
0x000002029adfffd0:   ?? ?? ?? ?? ?? ?? ?? ?? ?? ?? ?? ?? ?? ?? ?? ??
0x000002029adfffe0:   ?? ?? ?? ?? ?? ?? ?? ?? ?? ?? ?? ?? ?? ?? ?? ??
0x000002029adffff0:   ?? ?? ?? ?? ?? ?? ?? ?? ?? ?? ?? ?? ?? ?? ?? ??
0x000002029ae00000:   ?? ?? ?? ?? ?? ?? ?? ?? ?? ?? ?? ?? ?? ?? ?? ??
0x000002029ae00010:   ?? ?? ?? ?? ?? ?? ?? ?? ?? ?? ?? ?? ?? ?? ?? ??
0x000002029ae00020:   ?? ?? ?? ?? ?? ?? ?? ?? ?? ?? ?? ?? ?? ?? ?? ??
0x000002029ae00030:   ?? ?? ?? ?? ?? ?? ?? ?? ?? ?? ?? ?? ?? ?? ?? ??
0x000002029ae00040:   ?? ?? ?? ?? ?? ?? ?? ?? ?? ?? ?? ?? ?? ?? ?? ??
0x000002029ae00050:   ?? ?? ?? ?? ?? ?? ?? ?? ?? ?? ?? ?? ?? ?? ?? ??
0x000002029ae00060:   ?? ?? ?? ?? ?? ?? ?? ?? ?? ?? ?? ?? ?? ?? ?? ??
0x000002029ae00070:   ?? ?? ?? ?? ?? ?? ?? ?? ?? ?? ?? ?? ?? ?? ?? ??
0x000002029ae00080:   ?? ?? ?? ?? ?? ?? ?? ?? ?? ?? ?? ?? ?? ?? ?? ??
0x000002029ae00090:   ?? ?? ?? ?? ?? ?? ?? ?? ?? ?? ?? ?? ?? ?? ?? ??
0x000002029ae000a0:   ?? ?? ?? ?? ?? ?? ?? ?? ?? ?? ?? ?? ?? ?? ?? ??
0x000002029ae000b0:   ?? ?? ?? ?? ?? ?? ?? ?? ?? ?? ?? ?? ?? ?? ?? ??
0x000002029ae000c0:   ?? ?? ?? ?? ?? ?? ?? ?? ?? ?? ?? ?? ?? ?? ?? ??
0x000002029ae000d0:   ?? ?? ?? ?? ?? ?? ?? ?? ?? ?? ?? ?? ?? ?? ?? ??
0x000002029ae000e0:   ?? ?? ?? ?? ?? ?? ?? ?? ?? ?? ?? ?? ?? ?? ?? ??
0x000002029ae000f0:   ?? ?? ?? ?? ?? ?? ?? ?? ?? ?? ?? ?? ?? ?? ?? ?? 


Stack slot to memory mapping:
stack at sp + 0 slots: 0x00007ffd892d1f7c glfw.dll
stack at sp + 1 slots: 0x000000070d2b4af0 is an oop: com.badlogic.gdx.backends.lwjgl3.Lwjgl3GL20 
{0x000000070d2b4af0} - klass: 'com/badlogic/gdx/backends/lwjgl3/Lwjgl3GL20'
 - ---- fields (total size 3 words):
 - private 'buffer' 'Ljava/nio/ByteBuffer;' @12  a 'java/nio/DirectByteBuffer'{0x000000070d3176c0} (e1a62ed8)
 - private 'floatBuffer' 'Ljava/nio/FloatBuffer;' @16  a 'java/nio/DirectFloatBufferU'{0x000000070d2b4b08} (e1a56961)
 - private 'intBuffer' 'Ljava/nio/IntBuffer;' @20  a 'java/nio/DirectIntBufferU'{0x000000070d2b4b40} (e1a56968)
stack at sp + 2 slots: 0x0000140600000002 is an unknown value
stack at sp + 3 slots: 0x0000000700000014 is an unknown value
stack at sp + 4 slots: 0x438c000041700000 is an unknown value
stack at sp + 5 slots: 0x000000070d301ee8 is an oop: com.badlogic.gdx.graphics.Mesh 
{0x000000070d301ee8} - klass: 'com/badlogic/gdx/graphics/Mesh'
 - ---- fields (total size 4 words):
 - 'autoBind' 'Z' @12  true
 - final 'isVertexArray' 'Z' @13  true
 - 'isInstanced' 'Z' @14  false
 - final 'vertices' 'Lcom/badlogic/gdx/graphics/glutils/VertexData;' @16  a 'com/badlogic/gdx/graphics/glutils/VertexArray'{0x000000070d301f08} (e1a603e1)
 - final 'indices' 'Lcom/badlogic/gdx/graphics/glutils/IndexData;' @20  a 'com/badlogic/gdx/graphics/glutils/IndexArray'{0x000000070d302070} (e1a6040e)
 - 'instances' 'Lcom/badlogic/gdx/graphics/glutils/InstanceData;' @24  NULL (0)
 - private final 'tmpV' 'Lcom/badlogic/gdx/math/Vector3;' @28  a 'com/badlogic/gdx/math/Vector3'{0x000000070d302100} (e1a60420)
stack at sp + 6 slots: 0x0000020280988e7c is at entry_point+2172 in (nmethod*)0x0000020280988290
stack at sp + 7 slots: 0x57464c4720656854 is an unknown value


---------------  P R O C E S S  ---------------

Threads class SMR info:
_java_thread_list=0x00000202f1477740, length=15, elements={
0x00000202f76e3000, 0x000002029ac7a100, 0x000002029ac7bd80, 0x000002029ac92d50,
0x000002029ac93700, 0x000002029ac94c60, 0x000002029ac97500, 0x000002029ac9e5e0,
0x000002029ac9fa30, 0x00000202dc408810, 0x00000202dc550ce0, 0x00000202dc55b240,
0x00000202e6908c60, 0x00000202e69082c0, 0x00000202dcd59a50
}

Java Threads: ( => current thread )
=>0x00000202f76e3000 JavaThread "main" [_thread_in_native, id=21752, stack(0x0000000822100000,0x0000000822200000)]
  0x000002029ac7a100 JavaThread "Reference Handler" daemon [_thread_blocked, id=13904, stack(0x0000000822800000,0x0000000822900000)]
  0x000002029ac7bd80 JavaThread "Finalizer" daemon [_thread_blocked, id=6296, stack(0x0000000822900000,0x0000000822a00000)]
  0x000002029ac92d50 JavaThread "Signal Dispatcher" daemon [_thread_blocked, id=17432, stack(0x0000000822a00000,0x0000000822b00000)]
  0x000002029ac93700 JavaThread "Attach Listener" daemon [_thread_blocked, id=24412, stack(0x0000000822b00000,0x0000000822c00000)]
  0x000002029ac94c60 JavaThread "Service Thread" daemon [_thread_blocked, id=16872, stack(0x0000000822c00000,0x0000000822d00000)]
  0x000002029ac97500 JavaThread "Monitor Deflation Thread" daemon [_thread_blocked, id=15224, stack(0x0000000822d00000,0x0000000822e00000)]
  0x000002029ac9e5e0 JavaThread "C2 CompilerThread0" daemon [_thread_blocked, id=9776, stack(0x0000000822e00000,0x0000000822f00000)]
  0x000002029ac9fa30 JavaThread "C1 CompilerThread0" daemon [_thread_blocked, id=11224, stack(0x0000000822f00000,0x0000000823000000)]
  0x00000202dc408810 JavaThread "Sweeper thread" daemon [_thread_blocked, id=25488, stack(0x0000000823000000,0x0000000823100000)]
  0x00000202dc550ce0 JavaThread "Notification Thread" daemon [_thread_blocked, id=24284, stack(0x0000000823300000,0x0000000823400000)]
  0x00000202dc55b240 JavaThread "Common-Cleaner" daemon [_thread_blocked, id=12136, stack(0x0000000823500000,0x0000000823600000)]
  0x00000202e6908c60 JavaThread "LWJGL3 Timer" daemon [_thread_blocked, id=8780, stack(0x0000000824400000,0x0000000824500000)]
  0x00000202e69082c0 JavaThread "LWJGL3 Timer" daemon [_thread_blocked, id=13344, stack(0x0000000825700000,0x0000000825800000)]
  0x00000202dcd59a50 JavaThread "C1 CompilerThread1" daemon [_thread_blocked, id=24880, stack(0x0000000823100000,0x0000000823200000)]

Other Threads:
  0x000002029ac72590 VMThread "VM Thread" [stack: 0x0000000822700000,0x0000000822800000] [id=19200]
  0x00000202dc555be0 WatcherThread [stack: 0x0000000823400000,0x0000000823500000] [id=20160]
  0x00000202f773c7d0 GCTaskThread "GC Thread#0" [stack: 0x0000000822200000,0x0000000822300000] [id=6016]
  0x00000202df4967d0 GCTaskThread "GC Thread#1" [stack: 0x0000000823e00000,0x0000000823f00000] [id=24632]
  0x00000202df498000 GCTaskThread "GC Thread#2" [stack: 0x0000000823f00000,0x0000000824000000] [id=10400]
  0x00000202df497290 GCTaskThread "GC Thread#3" [stack: 0x0000000824000000,0x0000000824100000] [id=20572]
  0x00000202df496270 GCTaskThread "GC Thread#4" [stack: 0x0000000824100000,0x0000000824200000] [id=11804]
  0x00000202df495a60 GCTaskThread "GC Thread#5" [stack: 0x0000000824200000,0x0000000824300000] [id=7748]
  0x00000202df496fe0 GCTaskThread "GC Thread#6" [stack: 0x0000000824300000,0x0000000824400000] [id=8808]
  0x00000202e6b49b50 GCTaskThread "GC Thread#7" [stack: 0x0000000824d00000,0x0000000824e00000] [id=12092]
  0x00000202f774dd20 ConcurrentGCThread "G1 Main Marker" [stack: 0x0000000822300000,0x0000000822400000] [id=20088]
  0x00000202f774eed0 ConcurrentGCThread "G1 Conc#0" [stack: 0x0000000822400000,0x0000000822500000] [id=15632]
  0x000002029ab130d0 ConcurrentGCThread "G1 Refine#0" [stack: 0x0000000822500000,0x0000000822600000] [id=25332]
  0x00000202e724fa00 ConcurrentGCThread "G1 Refine#1" [stack: 0x0000000824e00000,0x0000000824f00000] [id=13532]
  0x00000202e71ff910 ConcurrentGCThread "G1 Refine#2" [stack: 0x0000000824f00000,0x0000000825000000] [id=7684]
  0x00000202e6dda680 ConcurrentGCThread "G1 Refine#3" [stack: 0x0000000825000000,0x0000000825100000] [id=11728]
  0x00000202df908250 ConcurrentGCThread "G1 Refine#4" [stack: 0x0000000825100000,0x0000000825200000] [id=13272]
  0x00000202df908530 ConcurrentGCThread "G1 Refine#5" [stack: 0x0000000825200000,0x0000000825300000] [id=22508]
  0x00000202ef97a2e0 ConcurrentGCThread "G1 Refine#6" [stack: 0x0000000825800000,0x0000000825900000] [id=10568]
  0x00000202ed3abff0 ConcurrentGCThread "G1 Refine#7" [stack: 0x0000000825900000,0x0000000825a00000] [id=19028]
  0x00000202ee490b90 ConcurrentGCThread "G1 Refine#8" [stack: 0x0000000825a00000,0x0000000825b00000] [id=20164]
  0x00000202ee7f5830 ConcurrentGCThread "G1 Refine#9" [stack: 0x0000000825b00000,0x0000000825c00000] [id=1148]
  0x00000202ef54ed80 ConcurrentGCThread "G1 Refine#10" [stack: 0x0000000825c00000,0x0000000825d00000] [id=22516]
  0x00000203023f1820 ConcurrentGCThread "G1 Refine#11" [stack: 0x0000000825d00000,0x0000000825e00000] [id=8832]
  0x000002029ab139f0 ConcurrentGCThread "G1 Service" [stack: 0x0000000822600000,0x0000000822700000] [id=26164]

Threads with active compile tasks:

VM state: not at safepoint (normal execution)

VM Mutex/Monitor currently owned by a thread: None

Heap address: 0x000000070a000000, size: 3936 MB, Compressed Oops mode: Zero based, Oop shift amount: 3

CDS archive(s) mapped at: [0x000002029b000000-0x000002029bbc0000-0x000002029bbc0000), size 12320768, SharedBaseAddress: 0x000002029b000000, ArchiveRelocationMode: 0.
Compressed class space mapped at: 0x000002029bc00000-0x00000202dbc00000, reserved size: 1073741824
Narrow klass base: 0x000002029b000000, Narrow klass shift: 0, Narrow klass range: 0x100000000

GC Precious Log:
 CPUs: 16 total, 16 available
 Memory: 15741M
 Large Page Support: Disabled
 NUMA Support: Disabled
 Compressed Oops: Enabled (Zero based)
 Heap Region Size: 2M
 Heap Min Capacity: 8M
 Heap Initial Capacity: 246M
 Heap Max Capacity: 3936M
 Pre-touch: Disabled
 Parallel Workers: 13
 Concurrent Workers: 3
 Concurrent Refinement Workers: 13
 Periodic GC: Disabled

Heap:
 garbage-first heap   total 251904K, used 95175K [0x000000070a000000, 0x0000000800000000)
  region size 2048K, 18 young (36864K), 1 survivors (2048K)
 Metaspace       used 10092K, committed 10176K, reserved 1064960K
  class space    used 678K, committed 704K, reserved 1048576K

Heap Regions: E=young(eden), S=young(survivor), O=old, HS=humongous(starts), HC=humongous(continues), CS=collection set, F=free, OA=open archive, CA=closed archive, TAMS=top-at-mark-start (previous, next)
|   0|0x000000070a000000, 0x000000070a200000, 0x000000070a200000|100%| O|  |TAMS 0x000000070a000000, 0x000000070a000000| Untracked 
|   1|0x000000070a200000, 0x000000070a400000, 0x000000070a400000|100%|HS|  |TAMS 0x000000070a200000, 0x000000070a200000| Complete 
|   2|0x000000070a400000, 0x000000070a600000, 0x000000070a600000|100%|HS|  |TAMS 0x000000070a400000, 0x000000070a400000| Complete 
|   3|0x000000070a600000, 0x000000070a800000, 0x000000070a800000|100%| O|  |TAMS 0x000000070a600000, 0x000000070a600000| Untracked 
|   4|0x000000070a800000, 0x000000070aa00000, 0x000000070aa00000|100%| O|  |TAMS 0x000000070a800000, 0x000000070a800000| Untracked 
|   5|0x000000070aa00000, 0x000000070ac00000, 0x000000070ac00000|100%| O|  |TAMS 0x000000070aa00000, 0x000000070aa00000| Untracked 
|   6|0x000000070ac00000, 0x000000070ae00000, 0x000000070ae00000|100%| O|  |TAMS 0x000000070ac00000, 0x000000070ac00000| Untracked 
|   7|0x000000070ae00000, 0x000000070b000000, 0x000000070b000000|100%| O|  |TAMS 0x000000070ae00000, 0x000000070ae00000| Untracked 
|   8|0x000000070b000000, 0x000000070b200000, 0x000000070b200000|100%| O|  |TAMS 0x000000070b000000, 0x000000070b000000| Untracked 
|   9|0x000000070b200000, 0x000000070b400000, 0x000000070b400000|100%| O|  |TAMS 0x000000070b200000, 0x000000070b200000| Untracked 
|  10|0x000000070b400000, 0x000000070b600000, 0x000000070b600000|100%| O|  |TAMS 0x000000070b400000, 0x000000070b400000| Untracked 
|  11|0x000000070b600000, 0x000000070b800000, 0x000000070b800000|100%| O|  |TAMS 0x000000070b600000, 0x000000070b600000| Untracked 
|  12|0x000000070b800000, 0x000000070ba00000, 0x000000070ba00000|100%| O|  |TAMS 0x000000070b800000, 0x000000070b800000| Untracked 
|  13|0x000000070ba00000, 0x000000070bc00000, 0x000000070bc00000|100%| O|  |TAMS 0x000000070ba00000, 0x000000070ba00000| Untracked 
|  14|0x000000070bc00000, 0x000000070be00000, 0x000000070be00000|100%| O|  |TAMS 0x000000070bc00000, 0x000000070bc00000| Untracked 
|  15|0x000000070be00000, 0x000000070c000000, 0x000000070c000000|100%| O|  |TAMS 0x000000070be00000, 0x000000070be00000| Untracked 
|  16|0x000000070c000000, 0x000000070c200000, 0x000000070c200000|100%| O|  |TAMS 0x000000070c000000, 0x000000070c000000| Untracked 
|  17|0x000000070c200000, 0x000000070c400000, 0x000000070c400000|100%| O|  |TAMS 0x000000070c200000, 0x000000070c200000| Untracked 
|  18|0x000000070c400000, 0x000000070c600000, 0x000000070c600000|100%| O|  |TAMS 0x000000070c400000, 0x000000070c400000| Untracked 
|  19|0x000000070c600000, 0x000000070c800000, 0x000000070c800000|100%| O|  |TAMS 0x000000070c600000, 0x000000070c600000| Untracked 
|  20|0x000000070c800000, 0x000000070ca00000, 0x000000070ca00000|100%| O|  |TAMS 0x000000070c800000, 0x000000070c800000| Untracked 
|  21|0x000000070ca00000, 0x000000070cc00000, 0x000000070cc00000|100%| O|  |TAMS 0x000000070ca00000, 0x000000070ca00000| Untracked 
|  22|0x000000070cc00000, 0x000000070ce00000, 0x000000070ce00000|100%| O|  |TAMS 0x000000070cc00000, 0x000000070cc00000| Untracked 
|  23|0x000000070ce00000, 0x000000070d000000, 0x000000070d000000|100%| O|  |TAMS 0x000000070ce00000, 0x000000070ce00000| Untracked 
|  24|0x000000070d000000, 0x000000070d200000, 0x000000070d200000|100%| O|  |TAMS 0x000000070d000000, 0x000000070d000000| Untracked 
|  25|0x000000070d200000, 0x000000070d400000, 0x000000070d400000|100%| O|  |TAMS 0x000000070d200000, 0x000000070d200000| Untracked 
|  26|0x000000070d400000, 0x000000070d600000, 0x000000070d600000|100%| O|  |TAMS 0x000000070d400000, 0x000000070d400000| Untracked 
|  27|0x000000070d600000, 0x000000070d800000, 0x000000070d800000|100%| O|  |TAMS 0x000000070d600000, 0x000000070d600000| Untracked 
|  28|0x000000070d800000, 0x000000070da00000, 0x000000070da00000|100%| O|  |TAMS 0x000000070d800000, 0x000000070d800000| Untracked 
|  29|0x000000070da00000, 0x000000070db00000, 0x000000070dc00000| 50%| O|  |TAMS 0x000000070da00000, 0x000000070da00000| Untracked 
|  30|0x000000070dc00000, 0x000000070dc00000, 0x000000070de00000|  0%| F|  |TAMS 0x000000070dc00000, 0x000000070dc00000| Untracked 
|  31|0x000000070de00000, 0x000000070de00000, 0x000000070e000000|  0%| F|  |TAMS 0x000000070de00000, 0x000000070de00000| Untracked 
|  32|0x000000070e000000, 0x000000070e000000, 0x000000070e200000|  0%| F|  |TAMS 0x000000070e000000, 0x000000070e000000| Untracked 
|  33|0x000000070e200000, 0x000000070e200000, 0x000000070e400000|  0%| F|  |TAMS 0x000000070e200000, 0x000000070e200000| Untracked 
|  34|0x000000070e400000, 0x000000070e400000, 0x000000070e600000|  0%| F|  |TAMS 0x000000070e400000, 0x000000070e400000| Untracked 
|  35|0x000000070e600000, 0x000000070e600000, 0x000000070e800000|  0%| F|  |TAMS 0x000000070e600000, 0x000000070e600000| Untracked 
|  36|0x000000070e800000, 0x000000070e800000, 0x000000070ea00000|  0%| F|  |TAMS 0x000000070e800000, 0x000000070e800000| Untracked 
|  37|0x000000070ea00000, 0x000000070ea00000, 0x000000070ec00000|  0%| F|  |TAMS 0x000000070ea00000, 0x000000070ea00000| Untracked 
|  38|0x000000070ec00000, 0x000000070ec00000, 0x000000070ee00000|  0%| F|  |TAMS 0x000000070ec00000, 0x000000070ec00000| Untracked 
|  39|0x000000070ee00000, 0x000000070ee00000, 0x000000070f000000|  0%| F|  |TAMS 0x000000070ee00000, 0x000000070ee00000| Untracked 
|  40|0x000000070f000000, 0x000000070f000000, 0x000000070f200000|  0%| F|  |TAMS 0x000000070f000000, 0x000000070f000000| Untracked 
|  41|0x000000070f200000, 0x000000070f200000, 0x000000070f400000|  0%| F|  |TAMS 0x000000070f200000, 0x000000070f200000| Untracked 
|  42|0x000000070f400000, 0x000000070f400000, 0x000000070f600000|  0%| F|  |TAMS 0x000000070f400000, 0x000000070f400000| Untracked 
|  43|0x000000070f600000, 0x000000070f600000, 0x000000070f800000|  0%| F|  |TAMS 0x000000070f600000, 0x000000070f600000| Untracked 
|  44|0x000000070f800000, 0x000000070f800000, 0x000000070fa00000|  0%| F|  |TAMS 0x000000070f800000, 0x000000070f800000| Untracked 
|  45|0x000000070fa00000, 0x000000070fa00000, 0x000000070fc00000|  0%| F|  |TAMS 0x000000070fa00000, 0x000000070fa00000| Untracked 
|  46|0x000000070fc00000, 0x000000070fc00000, 0x000000070fe00000|  0%| F|  |TAMS 0x000000070fc00000, 0x000000070fc00000| Untracked 
|  47|0x000000070fe00000, 0x000000070fe00000, 0x0000000710000000|  0%| F|  |TAMS 0x000000070fe00000, 0x000000070fe00000| Untracked 
|  48|0x0000000710000000, 0x0000000710000000, 0x0000000710200000|  0%| F|  |TAMS 0x0000000710000000, 0x0000000710000000| Untracked 
|  49|0x0000000710200000, 0x0000000710200000, 0x0000000710400000|  0%| F|  |TAMS 0x0000000710200000, 0x0000000710200000| Untracked 
|  50|0x0000000710400000, 0x0000000710400000, 0x0000000710600000|  0%| F|  |TAMS 0x0000000710400000, 0x0000000710400000| Untracked 
|  51|0x0000000710600000, 0x0000000710600000, 0x0000000710800000|  0%| F|  |TAMS 0x0000000710600000, 0x0000000710600000| Untracked 
|  52|0x0000000710800000, 0x0000000710800000, 0x0000000710a00000|  0%| F|  |TAMS 0x0000000710800000, 0x0000000710800000| Untracked 
|  53|0x0000000710a00000, 0x0000000710a00000, 0x0000000710c00000|  0%| F|  |TAMS 0x0000000710a00000, 0x0000000710a00000| Untracked 
|  54|0x0000000710c00000, 0x0000000710c00000, 0x0000000710e00000|  0%| F|  |TAMS 0x0000000710c00000, 0x0000000710c00000| Untracked 
|  55|0x0000000710e00000, 0x0000000710e00000, 0x0000000711000000|  0%| F|  |TAMS 0x0000000710e00000, 0x0000000710e00000| Untracked 
|  56|0x0000000711000000, 0x0000000711000000, 0x0000000711200000|  0%| F|  |TAMS 0x0000000711000000, 0x0000000711000000| Untracked 
|  57|0x0000000711200000, 0x0000000711200000, 0x0000000711400000|  0%| F|  |TAMS 0x0000000711200000, 0x0000000711200000| Untracked 
|  58|0x0000000711400000, 0x0000000711400000, 0x0000000711600000|  0%| F|  |TAMS 0x0000000711400000, 0x0000000711400000| Untracked 
|  59|0x0000000711600000, 0x0000000711600000, 0x0000000711800000|  0%| F|  |TAMS 0x0000000711600000, 0x0000000711600000| Untracked 
|  60|0x0000000711800000, 0x0000000711800000, 0x0000000711a00000|  0%| F|  |TAMS 0x0000000711800000, 0x0000000711800000| Untracked 
|  61|0x0000000711a00000, 0x0000000711a00000, 0x0000000711c00000|  0%| F|  |TAMS 0x0000000711a00000, 0x0000000711a00000| Untracked 
|  62|0x0000000711c00000, 0x0000000711c00000, 0x0000000711e00000|  0%| F|  |TAMS 0x0000000711c00000, 0x0000000711c00000| Untracked 
|  63|0x0000000711e00000, 0x0000000711e00000, 0x0000000712000000|  0%| F|  |TAMS 0x0000000711e00000, 0x0000000711e00000| Untracked 
|  64|0x0000000712000000, 0x0000000712000000, 0x0000000712200000|  0%| F|  |TAMS 0x0000000712000000, 0x0000000712000000| Untracked 
|  65|0x0000000712200000, 0x0000000712200000, 0x0000000712400000|  0%| F|  |TAMS 0x0000000712200000, 0x0000000712200000| Untracked 
|  66|0x0000000712400000, 0x0000000712400000, 0x0000000712600000|  0%| F|  |TAMS 0x0000000712400000, 0x0000000712400000| Untracked 
|  67|0x0000000712600000, 0x0000000712600000, 0x0000000712800000|  0%| F|  |TAMS 0x0000000712600000, 0x0000000712600000| Untracked 
|  68|0x0000000712800000, 0x0000000712800000, 0x0000000712a00000|  0%| F|  |TAMS 0x0000000712800000, 0x0000000712800000| Untracked 
|  69|0x0000000712a00000, 0x0000000712a00000, 0x0000000712c00000|  0%| F|  |TAMS 0x0000000712a00000, 0x0000000712a00000| Untracked 
|  70|0x0000000712c00000, 0x0000000712c00000, 0x0000000712e00000|  0%| F|  |TAMS 0x0000000712c00000, 0x0000000712c00000| Untracked 
|  71|0x0000000712e00000, 0x0000000712e00000, 0x0000000713000000|  0%| F|  |TAMS 0x0000000712e00000, 0x0000000712e00000| Untracked 
|  72|0x0000000713000000, 0x0000000713000000, 0x0000000713200000|  0%| F|  |TAMS 0x0000000713000000, 0x0000000713000000| Untracked 
|  73|0x0000000713200000, 0x0000000713200000, 0x0000000713400000|  0%| F|  |TAMS 0x0000000713200000, 0x0000000713200000| Untracked 
|  74|0x0000000713400000, 0x0000000713400000, 0x0000000713600000|  0%| F|  |TAMS 0x0000000713400000, 0x0000000713400000| Untracked 
|  75|0x0000000713600000, 0x0000000713600000, 0x0000000713800000|  0%| F|  |TAMS 0x0000000713600000, 0x0000000713600000| Untracked 
|  76|0x0000000713800000, 0x0000000713800000, 0x0000000713a00000|  0%| F|  |TAMS 0x0000000713800000, 0x0000000713800000| Untracked 
|  77|0x0000000713a00000, 0x0000000713a00000, 0x0000000713c00000|  0%| F|  |TAMS 0x0000000713a00000, 0x0000000713a00000| Untracked 
|  78|0x0000000713c00000, 0x0000000713c00000, 0x0000000713e00000|  0%| F|  |TAMS 0x0000000713c00000, 0x0000000713c00000| Untracked 
|  79|0x0000000713e00000, 0x0000000713e00000, 0x0000000714000000|  0%| F|  |TAMS 0x0000000713e00000, 0x0000000713e00000| Untracked 
|  80|0x0000000714000000, 0x00000007141f1c20, 0x0000000714200000| 97%| S|CS|TAMS 0x0000000714000000, 0x0000000714000000| Complete 
|  81|0x0000000714200000, 0x0000000714200000, 0x0000000714400000|  0%| F|  |TAMS 0x0000000714200000, 0x0000000714200000| Untracked 
|  82|0x0000000714400000, 0x0000000714400000, 0x0000000714600000|  0%| F|  |TAMS 0x0000000714400000, 0x0000000714400000| Untracked 
|  83|0x0000000714600000, 0x0000000714600000, 0x0000000714800000|  0%| F|  |TAMS 0x0000000714600000, 0x0000000714600000| Untracked 
|  84|0x0000000714800000, 0x0000000714800000, 0x0000000714a00000|  0%| F|  |TAMS 0x0000000714800000, 0x0000000714800000| Untracked 
|  85|0x0000000714a00000, 0x0000000714a00000, 0x0000000714c00000|  0%| F|  |TAMS 0x0000000714a00000, 0x0000000714a00000| Untracked 
|  86|0x0000000714c00000, 0x0000000714c00000, 0x0000000714e00000|  0%| F|  |TAMS 0x0000000714c00000, 0x0000000714c00000| Untracked 
|  87|0x0000000714e00000, 0x0000000714e00000, 0x0000000715000000|  0%| F|  |TAMS 0x0000000714e00000, 0x0000000714e00000| Untracked 
|  88|0x0000000715000000, 0x0000000715000000, 0x0000000715200000|  0%| F|  |TAMS 0x0000000715000000, 0x0000000715000000| Untracked 
|  89|0x0000000715200000, 0x0000000715200000, 0x0000000715400000|  0%| F|  |TAMS 0x0000000715200000, 0x0000000715200000| Untracked 
|  90|0x0000000715400000, 0x0000000715400000, 0x0000000715600000|  0%| F|  |TAMS 0x0000000715400000, 0x0000000715400000| Untracked 
|  91|0x0000000715600000, 0x0000000715600000, 0x0000000715800000|  0%| F|  |TAMS 0x0000000715600000, 0x0000000715600000| Untracked 
|  92|0x0000000715800000, 0x0000000715800000, 0x0000000715a00000|  0%| F|  |TAMS 0x0000000715800000, 0x0000000715800000| Untracked 
|  93|0x0000000715a00000, 0x0000000715a00000, 0x0000000715c00000|  0%| F|  |TAMS 0x0000000715a00000, 0x0000000715a00000| Untracked 
|  94|0x0000000715c00000, 0x0000000715c00000, 0x0000000715e00000|  0%| F|  |TAMS 0x0000000715c00000, 0x0000000715c00000| Untracked 
|  95|0x0000000715e00000, 0x0000000715e00000, 0x0000000716000000|  0%| F|  |TAMS 0x0000000715e00000, 0x0000000715e00000| Untracked 
|  96|0x0000000716000000, 0x0000000716000000, 0x0000000716200000|  0%| F|  |TAMS 0x0000000716000000, 0x0000000716000000| Untracked 
|  97|0x0000000716200000, 0x0000000716200000, 0x0000000716400000|  0%| F|  |TAMS 0x0000000716200000, 0x0000000716200000| Untracked 
|  98|0x0000000716400000, 0x0000000716400000, 0x0000000716600000|  0%| F|  |TAMS 0x0000000716400000, 0x0000000716400000| Untracked 
|  99|0x0000000716600000, 0x0000000716600000, 0x0000000716800000|  0%| F|  |TAMS 0x0000000716600000, 0x0000000716600000| Untracked 
| 100|0x0000000716800000, 0x0000000716800000, 0x0000000716a00000|  0%| F|  |TAMS 0x0000000716800000, 0x0000000716800000| Untracked 
| 101|0x0000000716a00000, 0x0000000716a00000, 0x0000000716c00000|  0%| F|  |TAMS 0x0000000716a00000, 0x0000000716a00000| Untracked 
| 102|0x0000000716c00000, 0x0000000716c00000, 0x0000000716e00000|  0%| F|  |TAMS 0x0000000716c00000, 0x0000000716c00000| Untracked 
| 103|0x0000000716e00000, 0x0000000716e00000, 0x0000000717000000|  0%| F|  |TAMS 0x0000000716e00000, 0x0000000716e00000| Untracked 
| 104|0x0000000717000000, 0x0000000717000000, 0x0000000717200000|  0%| F|  |TAMS 0x0000000717000000, 0x0000000717000000| Untracked 
| 105|0x0000000717200000, 0x0000000717200000, 0x0000000717400000|  0%| F|  |TAMS 0x0000000717200000, 0x0000000717200000| Untracked 
| 106|0x0000000717400000, 0x0000000717600000, 0x0000000717600000|100%| E|  |TAMS 0x0000000717400000, 0x0000000717400000| Complete 
| 107|0x0000000717600000, 0x0000000717800000, 0x0000000717800000|100%| E|CS|TAMS 0x0000000717600000, 0x0000000717600000| Complete 
| 108|0x0000000717800000, 0x0000000717a00000, 0x0000000717a00000|100%| E|CS|TAMS 0x0000000717800000, 0x0000000717800000| Complete 
| 109|0x0000000717a00000, 0x0000000717c00000, 0x0000000717c00000|100%| E|CS|TAMS 0x0000000717a00000, 0x0000000717a00000| Complete 
| 110|0x0000000717c00000, 0x0000000717e00000, 0x0000000717e00000|100%| E|CS|TAMS 0x0000000717c00000, 0x0000000717c00000| Complete 
| 111|0x0000000717e00000, 0x0000000718000000, 0x0000000718000000|100%| E|CS|TAMS 0x0000000717e00000, 0x0000000717e00000| Complete 
| 112|0x0000000718000000, 0x0000000718200000, 0x0000000718200000|100%| E|CS|TAMS 0x0000000718000000, 0x0000000718000000| Complete 
| 113|0x0000000718200000, 0x0000000718400000, 0x0000000718400000|100%| E|CS|TAMS 0x0000000718200000, 0x0000000718200000| Complete 
| 114|0x0000000718400000, 0x0000000718600000, 0x0000000718600000|100%| E|CS|TAMS 0x0000000718400000, 0x0000000718400000| Complete 
| 115|0x0000000718600000, 0x0000000718800000, 0x0000000718800000|100%| E|CS|TAMS 0x0000000718600000, 0x0000000718600000| Complete 
| 116|0x0000000718800000, 0x0000000718a00000, 0x0000000718a00000|100%| E|CS|TAMS 0x0000000718800000, 0x0000000718800000| Complete 
| 117|0x0000000718a00000, 0x0000000718c00000, 0x0000000718c00000|100%| E|CS|TAMS 0x0000000718a00000, 0x0000000718a00000| Complete 
| 118|0x0000000718c00000, 0x0000000718e00000, 0x0000000718e00000|100%| E|CS|TAMS 0x0000000718c00000, 0x0000000718c00000| Complete 
| 119|0x0000000718e00000, 0x0000000719000000, 0x0000000719000000|100%| E|CS|TAMS 0x0000000718e00000, 0x0000000718e00000| Complete 
| 120|0x0000000719000000, 0x0000000719200000, 0x0000000719200000|100%| E|CS|TAMS 0x0000000719000000, 0x0000000719000000| Complete 
| 121|0x0000000719200000, 0x0000000719400000, 0x0000000719400000|100%| E|CS|TAMS 0x0000000719200000, 0x0000000719200000| Complete 
| 122|0x0000000719400000, 0x0000000719600000, 0x0000000719600000|100%| E|CS|TAMS 0x0000000719400000, 0x0000000719400000| Complete 

Card table byte_map: [0x000002028f7b0000,0x000002028ff60000] _byte_map_base: 0x000002028bf60000

Marking Bits (Prev, Next): (CMBitMap*) 0x00000202f773ddf0, (CMBitMap*) 0x00000202f773de30
 Prev Bits: [0x0000020290710000, 0x0000020294490000)
 Next Bits: [0x0000020294490000, 0x0000020298210000)

Polling page: 0x00000202f56a0000

Metaspace:

Usage:
  Non-class:      9.19 MB used.
      Class:    678.52 KB used.
       Both:      9.86 MB used.

Virtual space:
  Non-class space:       16.00 MB reserved,       9.25 MB ( 58%) committed,  2 nodes.
      Class space:        1.00 GB reserved,     704.00 KB ( <1%) committed,  1 nodes.
             Both:        1.02 GB reserved,       9.94 MB ( <1%) committed. 

Chunk freelists:
   Non-Class:  608.00 KB
       Class:  3.19 MB
        Both:  3.78 MB

MaxMetaspaceSize: unlimited
CompressedClassSpaceSize: 1.00 GB
Initial GC threshold: 21.00 MB
Current GC threshold: 21.00 MB
CDS: on
MetaspaceReclaimPolicy: balanced
 - commit_granule_bytes: 65536.
 - commit_granule_words: 8192.
 - virtual_space_node_default_size: 1048576.
 - enlarge_chunks_in_place: 1.
 - new_chunks_are_fully_committed: 0.
 - uncommit_free_chunks: 1.
 - use_allocation_guard: 0.
 - handle_deallocations: 1.


Internal statistics:

num_allocs_failed_limit: 0.
num_arena_births: 44.
num_arena_deaths: 0.
num_vsnodes_births: 3.
num_vsnodes_deaths: 0.
num_space_committed: 157.
num_space_uncommitted: 0.
num_chunks_returned_to_freelist: 0.
num_chunks_taken_from_freelist: 323.
num_chunk_merges: 0.
num_chunk_splits: 273.
num_chunks_enlarged: 251.
num_purges: 0.
num_inconsistent_stats: 0.

CodeHeap 'non-profiled nmethods': size=119168Kb used=2170Kb max_used=2170Kb free=116997Kb
 bounds [0x0000020287ba0000, 0x0000020287e10000, 0x000002028f000000]
CodeHeap 'profiled nmethods': size=119104Kb used=4604Kb max_used=4604Kb free=114499Kb
 bounds [0x0000020280750000, 0x0000020280bd0000, 0x0000020287ba0000]
CodeHeap 'non-nmethods': size=7488Kb used=2217Kb max_used=3415Kb free=5270Kb
 bounds [0x0000020280000000, 0x0000020280360000, 0x0000020280750000]
 total_blobs=3574 nmethods=2476 adapters=1010
 compilation: enabled
              stopped_count=0, restarted_count=0
 full_count=0

Compilation events (20 events):
Event: 33.950 Thread 0x000002029ac9e5e0 2513       4       com.badlogic.gdx.graphics.g2d.SpriteBatch::draw (165 bytes)
Event: 33.957 Thread 0x000002029ac9e5e0 nmethod 2513 0x0000020287dbdf90 code [0x0000020287dbe160, 0x0000020287dbe568]
Event: 34.117 Thread 0x000002029ac9fa30 2514       3       com.badlogic.gdx.graphics.g3d.utils.shapebuilders.ConeShapeBuilder::build (13 bytes)
Event: 34.117 Thread 0x000002029ac9fa30 nmethod 2514 0x0000020280bc9710 code [0x0000020280bc98e0, 0x0000020280bc9a08]
Event: 34.117 Thread 0x000002029ac9fa30 2519       3       jdk.internal.math.FloatingDecimal$BinaryToASCIIBuffer::estimateDecExp (182 bytes)
Event: 34.118 Thread 0x00000202dcd59a50 2520       3       jdk.internal.math.FloatingDecimal$BinaryToASCIIBuffer::appendTo (72 bytes)
Event: 34.118 Thread 0x000002029ac9fa30 nmethod 2519 0x0000020280bc9b10 code [0x0000020280bc9d20, 0x0000020280bca278]
Event: 34.118 Thread 0x000002029ac9fa30 2521       3       jdk.internal.math.FloatingDecimal$BinaryToASCIIBuffer::getChars (502 bytes)
Event: 34.118 Thread 0x00000202dcd59a50 nmethod 2520 0x0000020280bca310 code [0x0000020280bca520, 0x0000020280bcace8]
Event: 34.118 Thread 0x00000202dcd59a50 2522       3       jdk.internal.math.FloatingDecimal$BinaryToASCIIBuffer::developLongDigits (304 bytes)
Event: 34.119 Thread 0x000002029ac9fa30 nmethod 2521 0x0000020280bcae90 code [0x0000020280bcb120, 0x0000020280bcc198]
Event: 34.120 Thread 0x00000202dcd59a50 nmethod 2522 0x0000020280bcc810 code [0x0000020280bcca20, 0x0000020280bcd358]
Event: 34.120 Thread 0x000002029ac9fa30 2515       3       java.lang.StringBuilder::append (8 bytes)
Event: 34.120 Thread 0x00000202dcd59a50 2516       3       java.lang.AbstractStringBuilder::append (7 bytes)
Event: 34.120 Thread 0x00000202dcd59a50 nmethod 2516 0x0000020280bcd710 code [0x0000020280bcd8c0, 0x0000020280bcdb38]
Event: 34.120 Thread 0x000002029ac9fa30 nmethod 2515 0x0000020280bcdc90 code [0x0000020280bcde60, 0x0000020280bce138]
Event: 34.120 Thread 0x00000202dcd59a50 2517       3       jdk.internal.math.FloatingDecimal::appendTo (11 bytes)
Event: 34.120 Thread 0x000002029ac9fa30 2518       3       jdk.internal.math.FloatingDecimal::getBinaryToASCIIConverter (163 bytes)
Event: 34.120 Thread 0x00000202dcd59a50 nmethod 2517 0x0000020280bce290 code [0x0000020280bce440, 0x0000020280bce638]
Event: 34.121 Thread 0x000002029ac9fa30 nmethod 2518 0x0000020280bce710 code [0x0000020280bce920, 0x0000020280bcf048]

GC Heap History (12 events):
Event: 1.727 GC heap before
{Heap before GC invocations=0 (full 0):
 garbage-first heap   total 251904K, used 20480K [0x000000070a000000, 0x0000000800000000)
  region size 2048K, 11 young (22528K), 0 survivors (0K)
 Metaspace       used 7070K, committed 7232K, reserved 1064960K
  class space    used 429K, committed 512K, reserved 1048576K
}
Event: 1.732 GC heap after
{Heap after GC invocations=1 (full 0):
 garbage-first heap   total 251904K, used 2630K [0x000000070a000000, 0x0000000800000000)
  region size 2048K, 2 young (4096K), 2 survivors (4096K)
 Metaspace       used 7070K, committed 7232K, reserved 1064960K
  class space    used 429K, committed 512K, reserved 1048576K
}
Event: 5.399 GC heap before
{Heap before GC invocations=1 (full 0):
 garbage-first heap   total 251904K, used 41542K [0x000000070a000000, 0x0000000800000000)
  region size 2048K, 19 young (38912K), 2 survivors (4096K)
 Metaspace       used 9368K, committed 9536K, reserved 1064960K
  class space    used 641K, committed 704K, reserved 1048576K
}
Event: 5.417 GC heap after
{Heap after GC invocations=2 (full 0):
 garbage-first heap   total 251904K, used 22708K [0x000000070a000000, 0x0000000800000000)
  region size 2048K, 3 young (6144K), 3 survivors (6144K)
 Metaspace       used 9368K, committed 9536K, reserved 1064960K
  class space    used 641K, committed 704K, reserved 1048576K
}
Event: 6.237 GC heap before
{Heap before GC invocations=2 (full 0):
 garbage-first heap   total 251904K, used 78004K [0x000000070a000000, 0x0000000800000000)
  region size 2048K, 30 young (61440K), 3 survivors (6144K)
 Metaspace       used 9745K, committed 9856K, reserved 1064960K
  class space    used 676K, committed 704K, reserved 1048576K
}
Event: 6.260 GC heap after
{Heap after GC invocations=3 (full 0):
 garbage-first heap   total 251904K, used 58783K [0x000000070a000000, 0x0000000800000000)
  region size 2048K, 4 young (8192K), 4 survivors (8192K)
 Metaspace       used 9745K, committed 9856K, reserved 1064960K
  class space    used 676K, committed 704K, reserved 1048576K
}
Event: 6.944 GC heap before
{Heap before GC invocations=3 (full 0):
 garbage-first heap   total 251904K, used 60831K [0x000000070a000000, 0x0000000800000000)
  region size 2048K, 6 young (12288K), 4 survivors (8192K)
 Metaspace       used 9799K, committed 9920K, reserved 1064960K
  class space    used 676K, committed 704K, reserved 1048576K
}
Event: 6.956 GC heap after
{Heap after GC invocations=4 (full 0):
 garbage-first heap   total 251904K, used 61872K [0x000000070a000000, 0x0000000800000000)
  region size 2048K, 1 young (2048K), 1 survivors (2048K)
 Metaspace       used 9799K, committed 9920K, reserved 1064960K
  class space    used 676K, committed 704K, reserved 1048576K
}
Event: 14.367 GC heap before
{Heap before GC invocations=4 (full 0):
 garbage-first heap   total 251904K, used 100784K [0x000000070a000000, 0x0000000800000000)
  region size 2048K, 20 young (40960K), 1 survivors (2048K)
 Metaspace       used 9938K, committed 10048K, reserved 1064960K
  class space    used 676K, committed 704K, reserved 1048576K
}
Event: 14.369 GC heap after
{Heap after GC invocations=5 (full 0):
 garbage-first heap   total 251904K, used 61241K [0x000000070a000000, 0x0000000800000000)
  region size 2048K, 1 young (2048K), 1 survivors (2048K)
 Metaspace       used 9938K, committed 10048K, reserved 1064960K
  class space    used 676K, committed 704K, reserved 1048576K
}
Event: 28.586 GC heap before
{Heap before GC invocations=5 (full 0):
 garbage-first heap   total 251904K, used 145209K [0x000000070a000000, 0x0000000800000000)
  region size 2048K, 42 young (86016K), 1 survivors (2048K)
 Metaspace       used 10078K, committed 10176K, reserved 1064960K
  class space    used 677K, committed 704K, reserved 1048576K
}
Event: 28.589 GC heap after
{Heap after GC invocations=6 (full 0):
 garbage-first heap   total 251904K, used 62407K [0x000000070a000000, 0x0000000800000000)
  region size 2048K, 1 young (2048K), 1 survivors (2048K)
 Metaspace       used 10078K, committed 10176K, reserved 1064960K
  class space    used 677K, committed 704K, reserved 1048576K
}

Deoptimization events (20 events):
Event: 16.858 Thread 0x00000202f76e3000 DEOPT PACKING pc=0x0000020280b76e08 sp=0x00000008221feb00
Event: 16.858 Thread 0x00000202f76e3000 DEOPT UNPACKING pc=0x0000020280052b43 sp=0x00000008221fdfd8 mode 0
Event: 16.859 Thread 0x00000202f76e3000 DEOPT PACKING pc=0x0000020280b76e08 sp=0x00000008221feb00
Event: 16.859 Thread 0x00000202f76e3000 DEOPT UNPACKING pc=0x0000020280052b43 sp=0x00000008221fdfd8 mode 0
Event: 16.859 Thread 0x00000202f76e3000 DEOPT PACKING pc=0x0000020280b76e08 sp=0x00000008221feb00
Event: 16.859 Thread 0x00000202f76e3000 DEOPT UNPACKING pc=0x0000020280052b43 sp=0x00000008221fdfd8 mode 0
Event: 16.861 Thread 0x00000202f76e3000 DEOPT PACKING pc=0x0000020280b76e08 sp=0x00000008221feb00
Event: 16.861 Thread 0x00000202f76e3000 DEOPT UNPACKING pc=0x0000020280052b43 sp=0x00000008221fdfd8 mode 0
Event: 21.043 Thread 0x00000202f76e3000 Uncommon trap: trap_request=0xffffff45 fr.pc=0x0000020287c96198 relative=0x0000000000000098
Event: 21.043 Thread 0x00000202f76e3000 Uncommon trap: reason=unstable_if action=reinterpret pc=0x0000020287c96198 method=com.badlogic.gdx.utils.IntArray.add(I)V @ 11 c2
Event: 21.043 Thread 0x00000202f76e3000 DEOPT PACKING pc=0x0000020287c96198 sp=0x00000008221fe100
Event: 21.043 Thread 0x00000202f76e3000 DEOPT UNPACKING pc=0x00000202800523a3 sp=0x00000008221fe0a0 mode 2
Event: 22.155 Thread 0x00000202f76e3000 Uncommon trap: trap_request=0xffffff45 fr.pc=0x0000020287d91490 relative=0x0000000000000bd0
Event: 22.155 Thread 0x00000202f76e3000 Uncommon trap: reason=unstable_if action=reinterpret pc=0x0000020287d91490 method=com.badlogic.gdx.utils.TimSort.mergeCollapse()V @ 93 c2
Event: 22.155 Thread 0x00000202f76e3000 DEOPT PACKING pc=0x0000020287d91490 sp=0x00000008221fec30
Event: 22.155 Thread 0x00000202f76e3000 DEOPT UNPACKING pc=0x00000202800523a3 sp=0x00000008221fec08 mode 2
Event: 22.155 Thread 0x00000202f76e3000 Uncommon trap: trap_request=0xffffff45 fr.pc=0x0000020287d8f4e8 relative=0x00000000000008c8
Event: 22.155 Thread 0x00000202f76e3000 Uncommon trap: reason=unstable_if action=reinterpret pc=0x0000020287d8f4e8 method=com.badlogic.gdx.utils.TimSort.mergeAt(I)V @ 51 c2
Event: 22.155 Thread 0x00000202f76e3000 DEOPT PACKING pc=0x0000020287d8f4e8 sp=0x00000008221febc0
Event: 22.155 Thread 0x00000202f76e3000 DEOPT UNPACKING pc=0x00000202800523a3 sp=0x00000008221feb70 mode 2

Classes unloaded (0 events):
No events

Classes redefined (0 events):
No events

Internal exceptions (19 events):
Event: 0.306 Thread 0x00000202f76e3000 Exception <a 'java/lang/NoSuchMethodError'{0x00000007191f4e88}: 'java.lang.Object java.lang.invoke.DirectMethodHandle$Holder.invokeStaticInit(java.lang.Object)'> (0x00000007191f4e88) 
thrown [e:\jenkins\tmp\workspace\build\src\src\hotspot\share\interpreter\linkResolver.cpp, line 766]
Event: 0.322 Thread 0x00000202f76e3000 Exception <a 'java/lang/NoSuchMethodError'{0x0000000718e56f30}: 'void java.lang.invoke.DirectMethodHandle$Holder.invokeStatic(java.lang.Object, java.lang.Object)'> (0x0000000718e56f30) 
thrown [e:\jenkins\tmp\workspace\build\src\src\hotspot\share\interpreter\linkResolver.cpp, line 766]
Event: 0.323 Thread 0x00000202f76e3000 Exception <a 'java/lang/NoSuchMethodError'{0x0000000718e5c778}: 'void java.lang.invoke.DirectMethodHandle$Holder.invokeSpecial(java.lang.Object, java.lang.Object, java.lang.Object)'> (0x0000000718e5c778) 
thrown [e:\jenkins\tmp\workspace\build\src\src\hotspot\share\interpreter\linkResolver.cpp, line 766]
Event: 0.327 Thread 0x00000202f76e3000 Exception <a 'java/lang/NoSuchMethodError'{0x0000000718e6fb00}: 'java.lang.Object java.lang.invoke.DirectMethodHandle$Holder.invokeStatic(java.lang.Object, java.lang.Object, int)'> (0x0000000718e6fb00) 
thrown [e:\jenkins\tmp\workspace\build\src\src\hotspot\share\interpreter\linkResolver.cpp, line 766]
Event: 0.328 Thread 0x00000202f76e3000 Exception <a 'java/lang/NoSuchMethodError'{0x0000000718e7bab8}: 'void java.lang.invoke.DelegatingMethodHandle$Holder.delegate(java.lang.Object, java.lang.Object, int, java.lang.Object)'> (0x0000000718e7bab8) 
thrown [e:\jenkins\tmp\workspace\build\src\src\hotspot\share\interpreter\linkResolver.cpp, line 766]
Event: 0.329 Thread 0x00000202f76e3000 Exception <a 'java/lang/NoSuchMethodError'{0x0000000718e7fcf8}: 'int java.lang.invoke.DirectMethodHandle$Holder.invokeSpecial(java.lang.Object, java.lang.Object, java.lang.Object)'> (0x0000000718e7fcf8) 
thrown [e:\jenkins\tmp\workspace\build\src\src\hotspot\share\interpreter\linkResolver.cpp, line 766]
Event: 0.377 Thread 0x00000202f76e3000 Exception <a 'sun/nio/fs/WindowsException'{0x0000000718f26818}> (0x0000000718f26818) 
thrown [e:\jenkins\tmp\workspace\build\src\src\hotspot\share\prims\jni.cpp, line 516]
Event: 0.378 Thread 0x00000202f76e3000 Exception <a 'sun/nio/fs/WindowsException'{0x0000000718f26d70}> (0x0000000718f26d70) 
thrown [e:\jenkins\tmp\workspace\build\src\src\hotspot\share\prims\jni.cpp, line 516]
Event: 0.414 Thread 0x00000202f76e3000 Exception <a 'sun/nio/fs/WindowsException'{0x0000000718c14d38}> (0x0000000718c14d38) 
thrown [e:\jenkins\tmp\workspace\build\src\src\hotspot\share\prims\jni.cpp, line 516]
Event: 0.414 Thread 0x00000202f76e3000 Exception <a 'sun/nio/fs/WindowsException'{0x0000000718c150d8}> (0x0000000718c150d8) 
thrown [e:\jenkins\tmp\workspace\build\src\src\hotspot\share\prims\jni.cpp, line 516]
Event: 0.446 Thread 0x00000202f76e3000 Exception <a 'sun/nio/fs/WindowsException'{0x0000000718cc51d0}> (0x0000000718cc51d0) 
thrown [e:\jenkins\tmp\workspace\build\src\src\hotspot\share\prims\jni.cpp, line 516]
Event: 0.446 Thread 0x00000202f76e3000 Exception <a 'sun/nio/fs/WindowsException'{0x0000000718cc5540}> (0x0000000718cc5540) 
thrown [e:\jenkins\tmp\workspace\build\src\src\hotspot\share\prims\jni.cpp, line 516]
Event: 0.516 Thread 0x00000202f76e3000 Exception <a 'sun/nio/fs/WindowsException'{0x0000000718d495b8}> (0x0000000718d495b8) 
thrown [e:\jenkins\tmp\workspace\build\src\src\hotspot\share\prims\jni.cpp, line 516]
Event: 0.516 Thread 0x00000202f76e3000 Exception <a 'sun/nio/fs/WindowsException'{0x0000000718d49940}> (0x0000000718d49940) 
thrown [e:\jenkins\tmp\workspace\build\src\src\hotspot\share\prims\jni.cpp, line 516]
Event: 1.227 Thread 0x00000202f76e3000 Exception <a 'sun/nio/fs/WindowsException'{0x0000000718b2bec8}> (0x0000000718b2bec8) 
thrown [e:\jenkins\tmp\workspace\build\src\src\hotspot\share\prims\jni.cpp, line 516]
Event: 1.227 Thread 0x00000202f76e3000 Exception <a 'sun/nio/fs/WindowsException'{0x0000000718b2c278}> (0x0000000718b2c278) 
thrown [e:\jenkins\tmp\workspace\build\src\src\hotspot\share\prims\jni.cpp, line 516]
Event: 1.235 Thread 0x00000202f76e3000 Exception <a 'sun/nio/fs/WindowsException'{0x0000000718b383a8}> (0x0000000718b383a8) 
thrown [e:\jenkins\tmp\workspace\build\src\src\hotspot\share\prims\jni.cpp, line 516]
Event: 1.235 Thread 0x00000202f76e3000 Exception <a 'sun/nio/fs/WindowsException'{0x0000000718b38690}> (0x0000000718b38690) 
thrown [e:\jenkins\tmp\workspace\build\src\src\hotspot\share\prims\jni.cpp, line 516]
Event: 5.523 Thread 0x00000202f76e3000 Implicit null exception at 0x0000020287c18a3f to 0x0000020287c18b1c

VM Operations (20 events):
Event: 23.956 Executing VM operation: Cleanup
Event: 23.956 Executing VM operation: Cleanup done
Event: 24.956 Executing VM operation: Cleanup
Event: 24.957 Executing VM operation: Cleanup done
Event: 26.957 Executing VM operation: Cleanup
Event: 26.957 Executing VM operation: Cleanup done
Event: 27.957 Executing VM operation: Cleanup
Event: 27.957 Executing VM operation: Cleanup done
Event: 28.586 Executing VM operation: G1CollectForAllocation
Event: 28.589 Executing VM operation: G1CollectForAllocation done
Event: 30.589 Executing VM operation: Cleanup
Event: 30.589 Executing VM operation: Cleanup done
Event: 31.590 Executing VM operation: Cleanup
Event: 31.590 Executing VM operation: Cleanup done
Event: 32.591 Executing VM operation: Cleanup
Event: 32.594 Executing VM operation: Cleanup done
Event: 34.593 Executing VM operation: Cleanup
Event: 34.593 Executing VM operation: Cleanup done
Event: 35.594 Executing VM operation: Cleanup
Event: 35.594 Executing VM operation: Cleanup done

Events (20 events):
Event: 6.371 Thread 0x00000202dcd59540 Thread exited: 0x00000202dcd59540
Event: 6.506 Thread 0x00000202dcd5a470 Thread exited: 0x00000202dcd5a470
Event: 6.506 Thread 0x00000202dcd59f60 Thread exited: 0x00000202dcd59f60
Event: 6.604 Thread 0x00000202dcd59030 Thread exited: 0x00000202dcd59030
Event: 6.604 Thread 0x00000202dcd57bf0 Thread exited: 0x00000202dcd57bf0
Event: 6.687 Thread 0x00000202dcd576e0 Thread exited: 0x00000202dcd576e0
Event: 7.084 Thread 0x00000202dcd576e0 Thread added: 0x00000202dcd576e0
Event: 7.495 Thread 0x00000202dcd576e0 Thread exited: 0x00000202dcd576e0
Event: 11.554 Thread 0x00000202dcd59030 Thread added: 0x00000202dcd59030
Event: 11.988 Thread 0x00000202dcd59030 Thread exited: 0x00000202dcd59030
Event: 11.988 Thread 0x00000202dcd58b20 Thread exited: 0x00000202dcd58b20
Event: 17.203 Thread 0x00000202dc5138e0 Thread exited: 0x00000202dc5138e0
Event: 17.377 Thread 0x00000202dc50cfa0 Thread exited: 0x00000202dc50cfa0
Event: 19.842 Thread 0x00000202dcd5a980 Thread added: 0x00000202dcd5a980
Event: 19.842 Thread 0x00000202dcd58b20 Thread added: 0x00000202dcd58b20
Event: 19.842 Thread 0x00000202dcd576e0 Thread added: 0x00000202dcd576e0
Event: 20.709 Thread 0x00000202dcd576e0 Thread exited: 0x00000202dcd576e0
Event: 21.941 Thread 0x00000202dcd58b20 Thread exited: 0x00000202dcd58b20
Event: 22.156 Thread 0x00000202dcd5a980 Thread exited: 0x00000202dcd5a980
Event: 34.117 Thread 0x00000202dcd59a50 Thread added: 0x00000202dcd59a50


Dynamic libraries:
0x00007ff7440e0000 - 0x00007ff7440ee000 	C:\Program Files\Eclipse Adoptium\jdk-17.0.1.12-hotspot\bin\java.exe
0x00007ffdc5cd0000 - 0x00007ffdc5ec5000 	C:\Windows\SYSTEM32\ntdll.dll
0x00007ffdc4060000 - 0x00007ffdc411d000 	C:\Windows\System32\KERNEL32.DLL
0x00007ffdc3720000 - 0x00007ffdc39ed000 	C:\Windows\System32\KERNELBASE.dll
0x00007ffdc33b0000 - 0x00007ffdc34b0000 	C:\Windows\System32\ucrtbase.dll
0x00007ffdaa4f0000 - 0x00007ffdaa508000 	C:\Program Files\Eclipse Adoptium\jdk-17.0.1.12-hotspot\bin\jli.dll
0x00007ffdaa510000 - 0x00007ffdaa529000 	C:\Program Files\Eclipse Adoptium\jdk-17.0.1.12-hotspot\bin\VCRUNTIME140.dll
0x00007ffdc5530000 - 0x00007ffdc56d0000 	C:\Windows\System32\USER32.dll
0x00007ffdc3c20000 - 0x00007ffdc3c42000 	C:\Windows\System32\win32u.dll
0x00007ffdad620000 - 0x00007ffdad8ba000 	C:\Windows\WinSxS\amd64_microsoft.windows.common-controls_6595b64144ccf1df_6.0.19041.1110_none_60b5254171f9507e\COMCTL32.dll
0x00007ffdc5bd0000 - 0x00007ffdc5bfa000 	C:\Windows\System32\GDI32.dll
0x00007ffdc5190000 - 0x00007ffdc522e000 	C:\Windows\System32\msvcrt.dll
0x00007ffdc3610000 - 0x00007ffdc371b000 	C:\Windows\System32\gdi32full.dll
0x00007ffdc39f0000 - 0x00007ffdc3a8d000 	C:\Windows\System32\msvcp_win.dll
0x00007ffdc4eb0000 - 0x00007ffdc4ee0000 	C:\Windows\System32\IMM32.DLL
0x00007ffdbd440000 - 0x00007ffdbd44c000 	C:\Program Files\Eclipse Adoptium\jdk-17.0.1.12-hotspot\bin\vcruntime140_1.dll
0x00007ffd93330000 - 0x00007ffd933c1000 	C:\Program Files\Eclipse Adoptium\jdk-17.0.1.12-hotspot\bin\msvcp140.dll
0x00007ffd3d230000 - 0x00007ffd3de76000 	C:\Program Files\Eclipse Adoptium\jdk-17.0.1.12-hotspot\bin\server\jvm.dll
0x00007ffdc3fb0000 - 0x00007ffdc405e000 	C:\Windows\System32\ADVAPI32.dll
0x00007ffdc3e80000 - 0x00007ffdc3f1c000 	C:\Windows\System32\sechost.dll
0x00007ffdc3d50000 - 0x00007ffdc3e75000 	C:\Windows\System32\RPCRT4.dll
0x00007ffdc4ee0000 - 0x00007ffdc4ee8000 	C:\Windows\System32\PSAPI.DLL
0x00007ffdb8890000 - 0x00007ffdb88b7000 	C:\Windows\SYSTEM32\WINMM.dll
0x00007ffdbc260000 - 0x00007ffdbc26a000 	C:\Windows\SYSTEM32\VERSION.dll
0x00007ffda5c00000 - 0x00007ffda5c09000 	C:\Windows\SYSTEM32\WSOCK32.dll
0x00007ffdc52e0000 - 0x00007ffdc534b000 	C:\Windows\System32\WS2_32.dll
0x00007ffdc1c40000 - 0x00007ffdc1c52000 	C:\Windows\SYSTEM32\kernel.appcore.dll
0x00007ffdb17a0000 - 0x00007ffdb17aa000 	C:\Program Files\Eclipse Adoptium\jdk-17.0.1.12-hotspot\bin\jimage.dll
0x00007ffdc1a30000 - 0x00007ffdc1c14000 	C:\Windows\SYSTEM32\DBGHELP.DLL
0x00007ffdb8de0000 - 0x00007ffdb8e0c000 	C:\Windows\SYSTEM32\dbgcore.DLL
0x00007ffdc3a90000 - 0x00007ffdc3b12000 	C:\Windows\System32\bcryptPrimitives.dll
0x00007ffda3bf0000 - 0x00007ffda3c15000 	C:\Program Files\Eclipse Adoptium\jdk-17.0.1.12-hotspot\bin\java.dll
0x00007ffd63bc0000 - 0x00007ffd63c96000 	C:\Program Files\Eclipse Adoptium\jdk-17.0.1.12-hotspot\bin\svml.dll
0x00007ffdc4120000 - 0x00007ffdc4864000 	C:\Windows\System32\SHELL32.dll
0x00007ffdc1150000 - 0x00007ffdc18e4000 	C:\Windows\SYSTEM32\windows.storage.dll
0x00007ffdc5870000 - 0x00007ffdc5bc4000 	C:\Windows\System32\combase.dll
0x00007ffdc2e10000 - 0x00007ffdc2e3c000 	C:\Windows\SYSTEM32\Wldp.dll
0x00007ffdc5230000 - 0x00007ffdc52dd000 	C:\Windows\System32\SHCORE.dll
0x00007ffdc3cf0000 - 0x00007ffdc3d45000 	C:\Windows\System32\shlwapi.dll
0x00007ffdc32f0000 - 0x00007ffdc330f000 	C:\Windows\SYSTEM32\profapi.dll
0x00007ffdaa3b0000 - 0x00007ffdaa3c9000 	C:\Program Files\Eclipse Adoptium\jdk-17.0.1.12-hotspot\bin\net.dll
0x00007ffdb4be0000 - 0x00007ffdb4cea000 	C:\Windows\SYSTEM32\WINHTTP.dll
0x00007ffdc2b70000 - 0x00007ffdc2bda000 	C:\Windows\system32\mswsock.dll
0x00007ffda1660000 - 0x00007ffda1675000 	C:\Program Files\Eclipse Adoptium\jdk-17.0.1.12-hotspot\bin\nio.dll
0x00007ffda1640000 - 0x00007ffda1658000 	C:\Program Files\Eclipse Adoptium\jdk-17.0.1.12-hotspot\bin\zip.dll
0x000000006e700000 - 0x000000006e72a000 	C:\Users\grado\AppData\Local\Temp\libgdxgrado\e1cd32f8\gdx64.dll
0x00007ffd932c0000 - 0x00007ffd93324000 	C:\Users\grado\AppData\Local\Temp\lwjglgrado\3.2.3-build-13\lwjgl.dll
0x00007ffd572e0000 - 0x00007ffd57533000 	C:\Users\grado\AppData\Local\Temp\lwjglgrado\3.2.3-build-13\jemalloc.dll
0x00007ffd892d0000 - 0x00007ffd89332000 	C:\Users\grado\AppData\Local\Temp\lwjglgrado\3.2.3-build-13\glfw.dll
0x00007ffdc0870000 - 0x00007ffdc090e000 	C:\Windows\system32\uxtheme.dll
0x00007ffd88880000 - 0x00007ffd888c5000 	C:\Windows\SYSTEM32\dinput8.dll
0x00007ffda1600000 - 0x00007ffda1611000 	C:\Windows\SYSTEM32\xinput1_4.dll
0x00007ffdc3b20000 - 0x00007ffdc3b6e000 	C:\Windows\System32\cfgmgr32.dll
0x00007ffdc3160000 - 0x00007ffdc318c000 	C:\Windows\SYSTEM32\DEVOBJ.dll
0x00007ffdc0a00000 - 0x00007ffdc0a2f000 	C:\Windows\SYSTEM32\dwmapi.dll
0x00007ffda8c80000 - 0x00007ffda8dd2000 	C:\Windows\SYSTEM32\inputhost.dll
0x00007ffdc4d70000 - 0x00007ffdc4e3d000 	C:\Windows\System32\OLEAUT32.dll
0x00007ffdbe990000 - 0x00007ffdbea86000 	C:\Windows\SYSTEM32\PROPSYS.dll
0x00007ffdc0500000 - 0x00007ffdc05f2000 	C:\Windows\SYSTEM32\CoreMessaging.dll
0x00007ffdbfad0000 - 0x00007ffdbfc24000 	C:\Windows\SYSTEM32\wintypes.dll
0x00007ffdc01a0000 - 0x00007ffdc04fe000 	C:\Windows\SYSTEM32\CoreUIComponents.dll
0x00007ffdc20b0000 - 0x00007ffdc20e3000 	C:\Windows\SYSTEM32\ntmarta.dll
0x00007ffdc5750000 - 0x00007ffdc5865000 	C:\Windows\System32\MSCTF.dll
0x00007ffdc18f0000 - 0x00007ffdc18fd000 	C:\Windows\SYSTEM32\HID.DLL
0x00007ffdc4870000 - 0x00007ffdc4ce1000 	C:\Windows\System32\SETUPAPI.DLL
0x00007ffdc3c50000 - 0x00007ffdc3c77000 	C:\Windows\System32\bcrypt.dll
0x00007ffdc3c80000 - 0x00007ffdc3ce8000 	C:\Windows\System32\WINTRUST.dll
0x00007ffdc34b0000 - 0x00007ffdc3606000 	C:\Windows\System32\CRYPT32.dll
0x00007ffdc2fa0000 - 0x00007ffdc2fb2000 	C:\Windows\SYSTEM32\MSASN1.dll
0x00007ffd43470000 - 0x00007ffd4357b000 	C:\Users\grado\AppData\Local\Temp\lwjglgrado\3.2.3-build-13\OpenAL.dll
0x00007ffdc5400000 - 0x00007ffdc552a000 	C:\Windows\System32\ole32.dll
0x00007ffdc5350000 - 0x00007ffdc53f9000 	C:\Windows\System32\clbcatq.dll
0x00007ffdbb510000 - 0x00007ffdbb595000 	C:\Windows\System32\MMDevApi.dll
0x00007ffdbbda0000 - 0x00007ffdbbf22000 	C:\Windows\SYSTEM32\AUDIOSES.DLL
0x00007ffdc2930000 - 0x00007ffdc297b000 	C:\Windows\SYSTEM32\powrprof.dll
0x00007ffdc27f0000 - 0x00007ffdc2802000 	C:\Windows\SYSTEM32\UMPDC.dll
0x00007ffdc0a30000 - 0x00007ffdc0a44000 	C:\Windows\SYSTEM32\resourcepolicyclient.dll
0x00007ffd22910000 - 0x00007ffd22a36000 	C:\Windows\SYSTEM32\opengl32.dll
0x00007ffd228e0000 - 0x00007ffd2290c000 	C:\Windows\SYSTEM32\GLU32.dll
0x00007ffdbc2e0000 - 0x00007ffdbc3d7000 	C:\Windows\System32\AppXDeploymentClient.dll
0x00007ffda0e80000 - 0x00007ffda0eaa000 	C:\Windows\System32\DriverStore\FileRepository\u0361612.inf_amd64_b679e02f70413f9f\B361368\atig6pxx.dll
0x00007ffcfa390000 - 0x00007ffcfd076000 	C:\Windows\System32\DriverStore\FileRepository\u0361612.inf_amd64_b679e02f70413f9f\B361368\atio6axx.dll
0x00007ffd86690000 - 0x00007ffd866b4000 	C:\Windows\SYSTEM32\dxva2.dll
0x00007ffd79060000 - 0x00007ffd7909c000 	C:\Windows\System32\DriverStore\FileRepository\u0361612.inf_amd64_b679e02f70413f9f\B361368\atig6txx.dll
0x00007ffd432b0000 - 0x00007ffd43469000 	C:\Windows\SYSTEM32\atiadlxx.dll
0x00007ffdb9380000 - 0x00007ffdb93bb000 	C:\Windows\SYSTEM32\dxcore.dll
0x00007ffd77010000 - 0x00007ffd77069000 	C:\Users\grado\AppData\Local\Temp\lwjglgrado\3.2.3-build-13\lwjgl_opengl.dll
0x00007ffda93b0000 - 0x00007ffda94a9000 	C:\Windows\SYSTEM32\textinputframework.dll

dbghelp: loaded successfully - version: 4.0.5 - missing functions: none
symbol engine: initialized successfully - sym options: 0x614 - pdb path: .;C:\Program Files\Eclipse Adoptium\jdk-17.0.1.12-hotspot\bin;C:\Windows\SYSTEM32;C:\Windows\WinSxS\amd64_microsoft.windows.common-controls_6595b64144ccf1df_6.0.19041.1110_none_60b5254171f9507e;C:\Program Files\Eclipse Adoptium\jdk-17.0.1.12-hotspot\bin\server;C:\Users\grado\AppData\Local\Temp\libgdxgrado\e1cd32f8;C:\Users\grado\AppData\Local\Temp\lwjglgrado\3.2.3-build-13;C:\Windows\System32\DriverStore\FileRepository\u0361612.inf_amd64_b679e02f70413f9f\B361368

VM Arguments:
jvm_args: -XX:+ShowCodeDetailsInExceptionMessages 
java_command: com.crazyputting3d.Main
java_class_path (initial): C:\Users\grado\Desktop\Group-04\3dcrazyputting\desktop\bin\main;\CrazyPutting3D-core\bin\default;C:\Users\grado\Desktop\Group-04\3dcrazyputting\core\bin\main;C:\Users\grado\.gradle\caches\modules-2\files-2.1\com.badlogicgames.gdx\gdx-backend-lwjgl3\1.10.0\600c7d5b2c977daa82c4abad147087b31e0ada87\gdx-backend-lwjgl3-1.10.0.jar;C:\Users\grado\.gradle\caches\modules-2\files-2.1\com.badlogicgames.gdx\gdx-platform\1.10.0\9a8fa793d2fd6d360afc6c9e4c1f5583da263b88\gdx-platform-1.10.0-natives-desktop.jar;C:\Users\grado\.gradle\caches\modules-2\files-2.1\com.badlogicgames.gdx\gdx-bullet-platform\1.10.0\ce92e8dfc762523d769cbc50853163c03bf98cf1\gdx-bullet-platform-1.10.0-natives-desktop.jar;C:\Users\grado\.gradle\caches\modules-2\files-2.1\com.badlogicgames.gdx\gdx-freetype-platform\1.10.0\6e5d28752759e69384f12e4569d2c884ff71352f\gdx-freetype-platform-1.10.0-natives-desktop.jar;C:\Users\grado\.gradle\caches\modules-2\files-2.1\com.badlogicgames.gdx-controllers\gdx-controllers-desktop\2.2.1\cb3430c32468a090eca54d494d16bb3764ceff9b\gdx-controllers-desktop-2.2.1.jar;C:\Users\grado\.gradle\caches\modules-2\files-2.1\org.jetbrains\annotations\20.1.0\2fcd1f3225bca0c4a7bc931142076f8c1e80993f\annotations-20.1.0.jar;C:\Users\grado\.gradle\caches\modules-2\files-2.1\com.badlogicgames.gdx\gdx-bullet\1.10.0\839b58c7278f5c3b55291c3a559d91227400ecdb\gdx-bullet-1.10.0.jar;C:\Users\grado\.gradle\caches\modules-2\files-2.1\com.badlogicgames.gdx\gdx-freetype\1.10.0\de1d0d5c1e92e8d91364256fd6b7bb279d3e9859\gdx-freetype-1.10.0.jar;C:\Users\grado\.gradle\caches\modules-2\files-2.1\com.badlogicgames.gdx\gdx-ai\1.8.2\ab75d2ce80ab1b1ce6828a15dc0f417abac4c674\gdx-ai-1.8.2.jar;C:\Users\grado\.gradle\caches\modules-2\files-2.1\com.badlogicgames.ashley\ashley\1.7.4\21a3a8932919099c4e5006a7d8378dcbe76ef8a5\ashley-1.7.4.jar;C:\Users\grado\.gradle\caches\modules-2\files-2.1\com.badlogicgames.box2dlights\box2dlights\1.5\6902dbcd250c95a27973aa24a147a95b3828d348\box2dlights-1.5.jar;C
Launcher Type: SUN_STANDARD

[Global flags]
     intx CICompilerCount                          = 12                                        {product} {ergonomic}
     uint ConcGCThreads                            = 3                                         {product} {ergonomic}
     uint G1ConcRefinementThreads                  = 13                                        {product} {ergonomic}
   size_t G1HeapRegionSize                         = 2097152                                   {product} {ergonomic}
    uintx GCDrainStackTargetSize                   = 64                                        {product} {ergonomic}
   size_t InitialHeapSize                          = 257949696                                 {product} {ergonomic}
   size_t MarkStackSize                            = 4194304                                   {product} {ergonomic}
   size_t MaxHeapSize                              = 4127195136                                {product} {ergonomic}
   size_t MaxNewSize                               = 2474639360                                {product} {ergonomic}
   size_t MinHeapDeltaBytes                        = 2097152                                   {product} {ergonomic}
   size_t MinHeapSize                              = 8388608                                   {product} {ergonomic}
    uintx NonNMethodCodeHeapSize                   = 7602480                                {pd product} {ergonomic}
    uintx NonProfiledCodeHeapSize                  = 122027880                              {pd product} {ergonomic}
    uintx ProfiledCodeHeapSize                     = 122027880                              {pd product} {ergonomic}
    uintx ReservedCodeCacheSize                    = 251658240                              {pd product} {ergonomic}
     bool SegmentedCodeCache                       = true                                      {product} {ergonomic}
     bool ShowCodeDetailsInExceptionMessages       = true                                   {manageable} {command line}
   size_t SoftMaxHeapSize                          = 4127195136                             {manageable} {ergonomic}
     bool UseCompressedClassPointers               = true                           {product lp64_product} {ergonomic}
     bool UseCompressedOops                        = true                           {product lp64_product} {ergonomic}
     bool UseG1GC                                  = true                                      {product} {ergonomic}
     bool UseLargePagesIndividualAllocation        = false                                  {pd product} {ergonomic}

Logging:
Log output configuration:
 #0: stdout all=warning uptime,level,tags
 #1: stderr all=off uptime,level,tags

Environment Variables:
PATH=C:\Program Files\Common Files\Oracle\Java\javapath;C:\Windows\system32;C:\Windows;C:\Windows\System32\Wbem;C:\Windows\System32\WindowsPowerShell\v1.0\;C:\Windows\System32\OpenSSH\;C:\Program Files (x86)\NVIDIA Corporation\PhysX\Common;C:\Program Files\NVIDIA Corporation\NVIDIA NvDLISR;C:\Program Files\MATLAB\R2022a\bin;C:\Program Files\Gradle\gradle-7.4.2\bin;C:\Program Files\Git\cmd;C:\Users\grado\AppData\Local\Microsoft\WindowsApps;C:\Users\grado\AppData\Local\Programs\Microsoft VS Code\bin;C:\Users\grado\AppData\Local\GitHubDesktop\bin
USERNAME=grado
LANG=en_US.UTF-8
OS=Windows_NT
PROCESSOR_IDENTIFIER=AMD64 Family 23 Model 96 Stepping 1, AuthenticAMD



---------------  S Y S T E M  ---------------

OS:
 Windows 10 , 64 bit Build 19041 (10.0.19041.1706)
OS uptime: 9 days 12:49 hours

CPU: total 16 (initial active 16) (16 cores per cpu, 2 threads per core) family 23 model 96 stepping 1 microcode 0x0, cx8, cmov, fxsr, ht, mmx, 3dnowpref, sse, sse2, sse3, ssse3, sse4a, sse4.1, sse4.2, popcnt, lzcnt, tsc, tscinvbit, avx, avx2, aes, clmul, bmi1, bmi2, adx, sha, fma, vzeroupper, clflush, clflushopt

Memory: 4k page, system-wide physical 15741M (5668M free)
TotalPageFile size 22653M (AvailPageFile size 5994M)
current process WorkingSet (physical memory assigned to process): 663M, peak: 986M
current process commit charge ("private bytes"): 881M, peak: 1259M

vm_info: OpenJDK 64-Bit Server VM (17.0.1+12) for windows-amd64 JRE (17.0.1+12), built on Oct 20 2021 07:42:55 by "" with MS VC++ 16.7 (VS2019)

END.
