#
# A fatal error has been detected by the Java Runtime Environment:
#
#  EXCEPTION_ACCESS_VIOLATION (0xc0000005) at pc=0x000002443e270000, pid=7104, tid=17712
#
# JRE version: OpenJDK Runtime Environment Temurin-17.0.1+12 (17.0.1+12) (build 17.0.1+12)
# Java VM: OpenJDK 64-Bit Server VM Temurin-17.0.1+12 (17.0.1+12, mixed mode, sharing, tiered, compressed oops, compressed class ptrs, g1 gc, windows-amd64)
# Problematic frame:
# C  0x000002443e270000
#
# No core dump will be written. Minidumps are not enabled by default on client versions of Windows
#
# If you would like to submit a bug report, please visit:
#   https://github.com/adoptium/adoptium-support/issues
# The crash happened outside the Java Virtual Machine in native code.
# See problematic frame for where to report the bug.
#

---------------  S U M M A R Y ------------

Command Line: -XX:+ShowCodeDetailsInExceptionMessages com.crazyputting3d.Main

Host: AMD Ryzen 7 4800H with Radeon Graphics         , 16 cores, 15G,  Windows 10 , 64 bit Build 19041 (10.0.19041.1741)
Time: Mon Jun 20 16:46:52 2022 Central European Daylight Time elapsed time: 60.492200 seconds (0d 0h 1m 0s)

---------------  T H R E A D  ---------------

Current thread (0x0000024440291bd0):  JavaThread "main" [_thread_in_native, id=17712, stack(0x00000083cce00000,0x00000083ccf00000)]

Stack: [0x00000083cce00000,0x00000083ccf00000],  sp=0x00000083ccefecf8,  free space=1019k
Native frames: (J=compiled Java code, j=interpreted, Vv=VM code, C=native code)
C  0x000002443e270000

Java frames: (J=compiled Java code, j=interpreted, Vv=VM code)
J 1193  org.lwjgl.system.JNI.invokePV(JJ)V (0 bytes) @ 0x000002444f95f6ec [0x000002444f95f6a0+0x000000000000004c]
J 1330 c1 org.lwjgl.glfw.GLFW.glfwSwapBuffers(J)V (21 bytes) @ 0x000002444871dcac [0x000002444871dbc0+0x00000000000000ec]
j  com.badlogic.gdx.backends.lwjgl3.Lwjgl3Window.update()Z+196
j  com.badlogic.gdx.backends.lwjgl3.Lwjgl3Application.loop()V+111
j  com.badlogic.gdx.backends.lwjgl3.Lwjgl3Application.<init>(Lcom/badlogic/gdx/ApplicationListener;Lcom/badlogic/gdx/backends/lwjgl3/Lwjgl3ApplicationConfiguration;)V+243
j  com.crazyputting3d.Main.main([Ljava/lang/String;)V+41
v  ~StubRoutines::call_stub

siginfo: EXCEPTION_ACCESS_VIOLATION (0xc0000005), data execution prevention violation at address 0x000002443e270000


Register to memory mapping:

RIP=0x000002443e270000 is an unknown value
RAX=0x000002443e270000 is an unknown value
RBX=0x0000000000010001 is an unknown value
RCX=0x0000000000010001 is an unknown value
RDX=0x00000083ccefed30 is pointing into the stack for thread: 0x0000024440291bd0
RSP=0x00000083ccefecf8 is pointing into the stack for thread: 0x0000024440291bd0
RBP=0x00000083ccefee00 is pointing into the stack for thread: 0x0000024440291bd0
RSI=0x0000000000000110 is an unknown value
RDI=0x00000000000021a4 is an unknown value
R8 =0x0000024464aa5b20 points into unknown readable memory: 0x0000024467934c00 | 00 4c 93 67 44 02 00 00
R9 =0x00007ff921701b50 glfw.dll
R10=0x00007ff921801b10 lwjgl.dll
R11=0x00000083cceff168 is pointing into the stack for thread: 0x0000024440291bd0
R12=0x0 is NULL
R13=0x00000083cceff270 is pointing into the stack for thread: 0x0000024440291bd0
R14=0x00000083cceff1c0 is pointing into the stack for thread: 0x0000024440291bd0
R15=0x0000024440291bd0 is a thread


Registers:
RAX=0x000002443e270000, RBX=0x0000000000010001, RCX=0x0000000000010001, RDX=0x00000083ccefed30
RSP=0x00000083ccefecf8, RBP=0x00000083ccefee00, RSI=0x0000000000000110, RDI=0x00000000000021a4
R8 =0x0000024464aa5b20, R9 =0x00007ff921701b50, R10=0x00007ff921801b10, R11=0x00000083cceff168
R12=0x0000000000000000, R13=0x00000083cceff270, R14=0x00000083cceff1c0, R15=0x0000024440291bd0
RIP=0x000002443e270000, EFLAGS=0x0000000000010206

Top of Stack: (sp=0x00000083ccefecf8)
0x00000083ccefecf8:   00007ff921701f7c 000000070b3dddb0
0x00000083ccefed08:   000002444f95dd85 0000000000000014
0x00000083ccefed18:   0000024465c6a70c 0000000000000014
0x00000083ccefed28:   0000024465c6a70c 57464c4720656854
0x00000083ccefed38:   7972617262696c20 20746f6e20736920
0x00000083ccefed48:   696c616974696e69 412000000064657a
0x00000083ccefed58:   438c000041700000 000000070a29cee8
0x00000083ccefed68:   00007ff893fd92e1 000000070b3c8ae0
0x00000083ccefed78:   000002444fa8d868 00000083cceff1c0
0x00000083ccefed88:   00000244486a6664 0000008300000000
0x00000083ccefed98:   00007ff893fd5e62 000000070a29cee8
0x00000083ccefeda8:   0000000000000000 000000070b3c8968
0x00000083ccefedb8:   00000244486c88fc 000000070b3c8ae0
0x00000083ccefedc8:   000000006e7020f4 0000024440291e78
0x00000083ccefedd8:   00007ff893fd5481 000000070b3ddb00
0x00000083ccefede8:   438c000043480000 00000083ccefee30 

Instructions: (pc=0x000002443e270000)
0x000002443e26ff00:   ?? ?? ?? ?? ?? ?? ?? ?? ?? ?? ?? ?? ?? ?? ?? ??
0x000002443e26ff10:   ?? ?? ?? ?? ?? ?? ?? ?? ?? ?? ?? ?? ?? ?? ?? ??
0x000002443e26ff20:   ?? ?? ?? ?? ?? ?? ?? ?? ?? ?? ?? ?? ?? ?? ?? ??
0x000002443e26ff30:   ?? ?? ?? ?? ?? ?? ?? ?? ?? ?? ?? ?? ?? ?? ?? ??
0x000002443e26ff40:   ?? ?? ?? ?? ?? ?? ?? ?? ?? ?? ?? ?? ?? ?? ?? ??
0x000002443e26ff50:   ?? ?? ?? ?? ?? ?? ?? ?? ?? ?? ?? ?? ?? ?? ?? ??
0x000002443e26ff60:   ?? ?? ?? ?? ?? ?? ?? ?? ?? ?? ?? ?? ?? ?? ?? ??
0x000002443e26ff70:   ?? ?? ?? ?? ?? ?? ?? ?? ?? ?? ?? ?? ?? ?? ?? ??
0x000002443e26ff80:   ?? ?? ?? ?? ?? ?? ?? ?? ?? ?? ?? ?? ?? ?? ?? ??
0x000002443e26ff90:   ?? ?? ?? ?? ?? ?? ?? ?? ?? ?? ?? ?? ?? ?? ?? ??
0x000002443e26ffa0:   ?? ?? ?? ?? ?? ?? ?? ?? ?? ?? ?? ?? ?? ?? ?? ??
0x000002443e26ffb0:   ?? ?? ?? ?? ?? ?? ?? ?? ?? ?? ?? ?? ?? ?? ?? ??
0x000002443e26ffc0:   ?? ?? ?? ?? ?? ?? ?? ?? ?? ?? ?? ?? ?? ?? ?? ??
0x000002443e26ffd0:   ?? ?? ?? ?? ?? ?? ?? ?? ?? ?? ?? ?? ?? ?? ?? ??
0x000002443e26ffe0:   ?? ?? ?? ?? ?? ?? ?? ?? ?? ?? ?? ?? ?? ?? ?? ??
0x000002443e26fff0:   ?? ?? ?? ?? ?? ?? ?? ?? ?? ?? ?? ?? ?? ?? ?? ??
0x000002443e270000:   ?? ?? ?? ?? ?? ?? ?? ?? ?? ?? ?? ?? ?? ?? ?? ??
0x000002443e270010:   ?? ?? ?? ?? ?? ?? ?? ?? ?? ?? ?? ?? ?? ?? ?? ??
0x000002443e270020:   ?? ?? ?? ?? ?? ?? ?? ?? ?? ?? ?? ?? ?? ?? ?? ??
0x000002443e270030:   ?? ?? ?? ?? ?? ?? ?? ?? ?? ?? ?? ?? ?? ?? ?? ??
0x000002443e270040:   ?? ?? ?? ?? ?? ?? ?? ?? ?? ?? ?? ?? ?? ?? ?? ??
0x000002443e270050:   ?? ?? ?? ?? ?? ?? ?? ?? ?? ?? ?? ?? ?? ?? ?? ??
0x000002443e270060:   ?? ?? ?? ?? ?? ?? ?? ?? ?? ?? ?? ?? ?? ?? ?? ??
0x000002443e270070:   ?? ?? ?? ?? ?? ?? ?? ?? ?? ?? ?? ?? ?? ?? ?? ??
0x000002443e270080:   ?? ?? ?? ?? ?? ?? ?? ?? ?? ?? ?? ?? ?? ?? ?? ??
0x000002443e270090:   ?? ?? ?? ?? ?? ?? ?? ?? ?? ?? ?? ?? ?? ?? ?? ??
0x000002443e2700a0:   ?? ?? ?? ?? ?? ?? ?? ?? ?? ?? ?? ?? ?? ?? ?? ??
0x000002443e2700b0:   ?? ?? ?? ?? ?? ?? ?? ?? ?? ?? ?? ?? ?? ?? ?? ??
0x000002443e2700c0:   ?? ?? ?? ?? ?? ?? ?? ?? ?? ?? ?? ?? ?? ?? ?? ??
0x000002443e2700d0:   ?? ?? ?? ?? ?? ?? ?? ?? ?? ?? ?? ?? ?? ?? ?? ??
0x000002443e2700e0:   ?? ?? ?? ?? ?? ?? ?? ?? ?? ?? ?? ?? ?? ?? ?? ??
0x000002443e2700f0:   ?? ?? ?? ?? ?? ?? ?? ?? ?? ?? ?? ?? ?? ?? ?? ?? 


Stack slot to memory mapping:
stack at sp + 0 slots: 0x00007ff921701f7c glfw.dll
stack at sp + 1 slots: 0x000000070b3dddb0 is an oop: [Lcom.badlogic.gdx.scenes.scene2d.Actor; 
{0x000000070b3dddb0} - klass: 'com/badlogic/gdx/scenes/scene2d/Actor'[]
 - length: 4
stack at sp + 2 slots: 0x000002444f95dd85 is at entry_point+229 in (nmethod*)0x000002444f95db10
stack at sp + 3 slots: 0x0000000000000014 is an unknown value
stack at sp + 4 slots: 0x0000024465c6a70c points into unknown readable memory: 00 80 0d 3f
stack at sp + 5 slots: 0x0000000000000014 is an unknown value
stack at sp + 6 slots: 0x0000024465c6a70c points into unknown readable memory: 00 80 0d 3f
stack at sp + 7 slots: 0x57464c4720656854 is an unknown value


---------------  P R O C E S S  ---------------

Threads class SMR info:
_java_thread_list=0x0000024464174a00, length=23, elements={
0x0000024440291bd0, 0x000002446379c200, 0x000002446379dd90, 0x00000244637b3f10,
0x00000244637b47d0, 0x00000244637b52a0, 0x00000244637b9790, 0x00000244637bd8a0,
0x00000244637c5e70, 0x0000024464108480, 0x000002446423c400, 0x0000024464245090,
0x0000024467679040, 0x000002446eef6900, 0x0000024477e5e050, 0x0000024477b0bba0,
0x000002446eeef240, 0x0000024478082090, 0x000002447807fa10, 0x000002447807fee0,
0x0000024478080880, 0x0000024478080d50, 0x0000024478081220
}

Java Threads: ( => current thread )
=>0x0000024440291bd0 JavaThread "main" [_thread_in_native, id=17712, stack(0x00000083cce00000,0x00000083ccf00000)]
  0x000002446379c200 JavaThread "Reference Handler" daemon [_thread_blocked, id=17644, stack(0x00000083cd500000,0x00000083cd600000)]
  0x000002446379dd90 JavaThread "Finalizer" daemon [_thread_blocked, id=8984, stack(0x00000083cd600000,0x00000083cd700000)]
  0x00000244637b3f10 JavaThread "Signal Dispatcher" daemon [_thread_blocked, id=17516, stack(0x00000083cd700000,0x00000083cd800000)]
  0x00000244637b47d0 JavaThread "Attach Listener" daemon [_thread_blocked, id=18272, stack(0x00000083cd800000,0x00000083cd900000)]
  0x00000244637b52a0 JavaThread "Service Thread" daemon [_thread_blocked, id=17444, stack(0x00000083cd900000,0x00000083cda00000)]
  0x00000244637b9790 JavaThread "Monitor Deflation Thread" daemon [_thread_blocked, id=21732, stack(0x00000083cda00000,0x00000083cdb00000)]
  0x00000244637bd8a0 JavaThread "C2 CompilerThread0" daemon [_thread_blocked, id=20860, stack(0x00000083cdb00000,0x00000083cdc00000)]
  0x00000244637c5e70 JavaThread "C1 CompilerThread0" daemon [_thread_blocked, id=14332, stack(0x00000083cdc00000,0x00000083cdd00000)]
  0x0000024464108480 JavaThread "Sweeper thread" daemon [_thread_blocked, id=20400, stack(0x00000083cdd00000,0x00000083cde00000)]
  0x000002446423c400 JavaThread "Notification Thread" daemon [_thread_blocked, id=9144, stack(0x00000083ce000000,0x00000083ce100000)]
  0x0000024464245090 JavaThread "Common-Cleaner" daemon [_thread_blocked, id=13976, stack(0x00000083ce200000,0x00000083ce300000)]
  0x0000024467679040 JavaThread "LWJGL3 Timer" daemon [_thread_blocked, id=20908, stack(0x00000083cf100000,0x00000083cf200000)]
  0x000002446eef6900 JavaThread "LWJGL3 Timer" daemon [_thread_blocked, id=18300, stack(0x00000083cfb00000,0x00000083cfc00000)]
  0x0000024477e5e050 JavaThread "Java Sound Event Dispatcher" daemon [_thread_blocked, id=20648, stack(0x00000083cfa00000,0x00000083cfb00000)]
  0x0000024477b0bba0 JavaThread "Direct Clip" daemon [_thread_blocked, id=19352, stack(0x00000083d0300000,0x00000083d0400000)]
  0x000002446eeef240 JavaThread "Direct Clip" daemon [_thread_blocked, id=11636, stack(0x00000083cf600000,0x00000083cf700000)]
  0x0000024478082090 JavaThread "Direct Clip" daemon [_thread_blocked, id=16040, stack(0x00000083cf700000,0x00000083cf800000)]
  0x000002447807fa10 JavaThread "Direct Clip" daemon [_thread_blocked, id=14040, stack(0x00000083cf500000,0x00000083cf600000)]
  0x000002447807fee0 JavaThread "Direct Clip" daemon [_thread_blocked, id=11516, stack(0x00000083d0500000,0x00000083d0600000)]
  0x0000024478080880 JavaThread "Direct Clip" daemon [_thread_blocked, id=13316, stack(0x00000083d0600000,0x00000083d0700000)]
  0x0000024478080d50 JavaThread "Direct Clip" daemon [_thread_blocked, id=22036, stack(0x00000083d0700000,0x00000083d0800000)]
  0x0000024478081220 JavaThread "Direct Clip" daemon [_thread_blocked, id=3480, stack(0x00000083d0800000,0x00000083d0900000)]

Other Threads:
  0x00000244637967c0 VMThread "VM Thread" [stack: 0x00000083cd400000,0x00000083cd500000] [id=19340]
  0x0000024440314240 WatcherThread [stack: 0x00000083ce100000,0x00000083ce200000] [id=4252]
  0x00000244402ea740 GCTaskThread "GC Thread#0" [stack: 0x00000083ccf00000,0x00000083cd000000] [id=21640]
  0x000002446756a740 GCTaskThread "GC Thread#1" [stack: 0x00000083ceb00000,0x00000083cec00000] [id=21156]
  0x000002446756aca0 GCTaskThread "GC Thread#2" [stack: 0x00000083cec00000,0x00000083ced00000] [id=20356]
  0x000002446756ba10 GCTaskThread "GC Thread#3" [stack: 0x00000083ced00000,0x00000083cee00000] [id=18844]
  0x00000244675689b0 GCTaskThread "GC Thread#4" [stack: 0x00000083cee00000,0x00000083cef00000] [id=11632]
  0x0000024467569720 GCTaskThread "GC Thread#5" [stack: 0x00000083cef00000,0x00000083cf000000] [id=8248]
  0x0000024467568f10 GCTaskThread "GC Thread#6" [stack: 0x00000083cf000000,0x00000083cf100000] [id=18788]
  0x00000244678144e0 GCTaskThread "GC Thread#7" [stack: 0x00000083cfc00000,0x00000083cfd00000] [id=3820]
  0x0000024467814790 GCTaskThread "GC Thread#8" [stack: 0x00000083cf400000,0x00000083cf500000] [id=11596]
  0x00000244402fcbb0 ConcurrentGCThread "G1 Main Marker" [stack: 0x00000083cd000000,0x00000083cd100000] [id=6584]
  0x00000244402fdc70 ConcurrentGCThread "G1 Conc#0" [stack: 0x00000083cd100000,0x00000083cd200000] [id=18368]
  0x00000244636320c0 ConcurrentGCThread "G1 Refine#0" [stack: 0x00000083cd200000,0x00000083cd300000] [id=7808]
  0x0000024476c57b90 ConcurrentGCThread "G1 Refine#1" [stack: 0x00000083cfd00000,0x00000083cfe00000] [id=10960]
  0x00000244771f6c50 ConcurrentGCThread "G1 Refine#2" [stack: 0x00000083d0000000,0x00000083d0100000] [id=18852]
  0x000002446484d1e0 ConcurrentGCThread "G1 Refine#3" [stack: 0x00000083d0100000,0x00000083d0200000] [id=13240]
  0x0000024476b92a70 ConcurrentGCThread "G1 Refine#4" [stack: 0x00000083d0200000,0x00000083d0300000] [id=20796]
  0x00000244636328f0 ConcurrentGCThread "G1 Service" [stack: 0x00000083cd300000,0x00000083cd400000] [id=18964]

Threads with active compile tasks:

VM state: not at safepoint (normal execution)

VM Mutex/Monitor currently owned by a thread: None

Heap address: 0x000000070a000000, size: 3936 MB, Compressed Oops mode: Zero based, Oop shift amount: 3

CDS archive(s) mapped at: [0x0000000800000000-0x0000000800bc0000-0x0000000800bc0000), size 12320768, SharedBaseAddress: 0x0000000800000000, ArchiveRelocationMode: 0.
Compressed class space mapped at: 0x0000000800c00000-0x0000000840c00000, reserved size: 1073741824
Narrow klass base: 0x0000000800000000, Narrow klass shift: 0, Narrow klass range: 0x100000000

GC Precious Log:
 CPUs: 16 total, 16 available
 Memory: 15741M
 Large Page Support: Disabled
 NUMA Support: Disabled
 Compressed Oops: Enabled (Zero based)
 Heap Region Size: 2M
 Heap Min Capacity: 8M
 Heap Initial Capacity: 246M
 Heap Max Capacity: 3936M
 Pre-touch: Disabled
 Parallel Workers: 13
 Concurrent Workers: 3
 Concurrent Refinement Workers: 13
 Periodic GC: Disabled

Heap:
 garbage-first heap   total 251904K, used 89840K [0x000000070a000000, 0x0000000800000000)
  region size 2048K, 16 young (32768K), 4 survivors (8192K)
 Metaspace       used 10582K, committed 10752K, reserved 1064960K
  class space    used 743K, committed 832K, reserved 1048576K

Heap Regions: E=young(eden), S=young(survivor), O=old, HS=humongous(starts), HC=humongous(continues), CS=collection set, F=free, OA=open archive, CA=closed archive, TAMS=top-at-mark-start (previous, next)
|   0|0x000000070a000000, 0x000000070a200000, 0x000000070a200000|100%| O|  |TAMS 0x000000070a000000, 0x000000070a000000| Untracked 
|   1|0x000000070a200000, 0x000000070a400000, 0x000000070a400000|100%| O|  |TAMS 0x000000070a200000, 0x000000070a200000| Untracked 
|   2|0x000000070a400000, 0x000000070a600000, 0x000000070a600000|100%|HS|  |TAMS 0x000000070a400000, 0x000000070a400000| Complete 
|   3|0x000000070a600000, 0x000000070a800000, 0x000000070a800000|100%|HS|  |TAMS 0x000000070a600000, 0x000000070a600000| Complete 
|   4|0x000000070a800000, 0x000000070aa00000, 0x000000070aa00000|100%|HS|  |TAMS 0x000000070a800000, 0x000000070a800000| Complete 
|   5|0x000000070aa00000, 0x000000070ac00000, 0x000000070ac00000|100%| O|  |TAMS 0x000000070aa00000, 0x000000070aa00000| Untracked 
|   6|0x000000070ac00000, 0x000000070ae00000, 0x000000070ae00000|100%| O|  |TAMS 0x000000070ac00000, 0x000000070ac00000| Untracked 
|   7|0x000000070ae00000, 0x000000070b000000, 0x000000070b000000|100%| O|  |TAMS 0x000000070ae00000, 0x000000070ae00000| Untracked 
|   8|0x000000070b000000, 0x000000070b200000, 0x000000070b200000|100%| O|  |TAMS 0x000000070b000000, 0x000000070b000000| Untracked 
|   9|0x000000070b200000, 0x000000070b400000, 0x000000070b400000|100%| O|  |TAMS 0x000000070b200000, 0x000000070b200000| Untracked 
|  10|0x000000070b400000, 0x000000070b600000, 0x000000070b600000|100%| O|  |TAMS 0x000000070b400000, 0x000000070b400000| Untracked 
|  11|0x000000070b600000, 0x000000070b800000, 0x000000070b800000|100%|HS|  |TAMS 0x000000070b600000, 0x000000070b600000| Complete 
|  12|0x000000070b800000, 0x000000070ba00000, 0x000000070ba00000|100%|HS|  |TAMS 0x000000070b800000, 0x000000070b800000| Complete 
|  13|0x000000070ba00000, 0x000000070bc00000, 0x000000070bc00000|100%|HS|  |TAMS 0x000000070ba00000, 0x000000070ba00000| Complete 
|  14|0x000000070bc00000, 0x000000070be00000, 0x000000070be00000|100%|HS|  |TAMS 0x000000070bc00000, 0x000000070bc00000| Complete 
|  15|0x000000070be00000, 0x000000070c000000, 0x000000070c000000|100%|HS|  |TAMS 0x000000070be00000, 0x000000070be00000| Complete 
|  16|0x000000070c000000, 0x000000070c200000, 0x000000070c200000|100%|HS|  |TAMS 0x000000070c000000, 0x000000070c000000| Complete 
|  17|0x000000070c200000, 0x000000070c400000, 0x000000070c400000|100%|HS|  |TAMS 0x000000070c200000, 0x000000070c200000| Complete 
|  18|0x000000070c400000, 0x000000070c600000, 0x000000070c600000|100%|HS|  |TAMS 0x000000070c400000, 0x000000070c400000| Complete 
|  19|0x000000070c600000, 0x000000070c800000, 0x000000070c800000|100%|HS|  |TAMS 0x000000070c600000, 0x000000070c600000| Complete 
|  20|0x000000070c800000, 0x000000070ca00000, 0x000000070ca00000|100%|HS|  |TAMS 0x000000070c800000, 0x000000070c800000| Complete 
|  21|0x000000070ca00000, 0x000000070cc00000, 0x000000070cc00000|100%|HS|  |TAMS 0x000000070ca00000, 0x000000070ca00000| Complete 
|  22|0x000000070cc00000, 0x000000070ce00000, 0x000000070ce00000|100%|HS|  |TAMS 0x000000070cc00000, 0x000000070cc00000| Complete 
|  23|0x000000070ce00000, 0x000000070d000000, 0x000000070d000000|100%|HS|  |TAMS 0x000000070ce00000, 0x000000070ce00000| Complete 
|  24|0x000000070d000000, 0x000000070d200000, 0x000000070d200000|100%|HS|  |TAMS 0x000000070d000000, 0x000000070d000000| Complete 
|  25|0x000000070d200000, 0x000000070d400000, 0x000000070d400000|100%|HS|  |TAMS 0x000000070d200000, 0x000000070d200000| Complete 
|  26|0x000000070d400000, 0x000000070d600000, 0x000000070d600000|100%|HS|  |TAMS 0x000000070d400000, 0x000000070d400000| Complete 
|  27|0x000000070d600000, 0x000000070d800000, 0x000000070d800000|100%|HS|  |TAMS 0x000000070d600000, 0x000000070d600000| Complete 
|  28|0x000000070d800000, 0x000000070da00000, 0x000000070da00000|100%|HS|  |TAMS 0x000000070d800000, 0x000000070d800000| Complete 
|  29|0x000000070da00000, 0x000000070da00000, 0x000000070dc00000|  0%| F|  |TAMS 0x000000070da00000, 0x000000070da00000| Untracked 
|  30|0x000000070dc00000, 0x000000070dc00000, 0x000000070de00000|  0%| F|  |TAMS 0x000000070dc00000, 0x000000070dc00000| Untracked 
|  31|0x000000070de00000, 0x000000070de00000, 0x000000070e000000|  0%| F|  |TAMS 0x000000070de00000, 0x000000070de00000| Untracked 
|  32|0x000000070e000000, 0x000000070e000000, 0x000000070e200000|  0%| F|  |TAMS 0x000000070e000000, 0x000000070e000000| Untracked 
|  33|0x000000070e200000, 0x000000070e200000, 0x000000070e400000|  0%| F|  |TAMS 0x000000070e200000, 0x000000070e200000| Untracked 
|  34|0x000000070e400000, 0x000000070e400000, 0x000000070e600000|  0%| F|  |TAMS 0x000000070e400000, 0x000000070e400000| Untracked 
|  35|0x000000070e600000, 0x000000070e600000, 0x000000070e800000|  0%| F|  |TAMS 0x000000070e600000, 0x000000070e600000| Untracked 
|  36|0x000000070e800000, 0x000000070e800000, 0x000000070ea00000|  0%| F|  |TAMS 0x000000070e800000, 0x000000070e800000| Untracked 
|  37|0x000000070ea00000, 0x000000070ea00000, 0x000000070ec00000|  0%| F|  |TAMS 0x000000070ea00000, 0x000000070ea00000| Untracked 
|  38|0x000000070ec00000, 0x000000070ec00000, 0x000000070ee00000|  0%| F|  |TAMS 0x000000070ec00000, 0x000000070ec00000| Untracked 
|  39|0x000000070ee00000, 0x000000070ee00000, 0x000000070f000000|  0%| F|  |TAMS 0x000000070ee00000, 0x000000070ee00000| Untracked 
|  40|0x000000070f000000, 0x000000070f000000, 0x000000070f200000|  0%| F|  |TAMS 0x000000070f000000, 0x000000070f000000| Untracked 
|  41|0x000000070f200000, 0x000000070f200000, 0x000000070f400000|  0%| F|  |TAMS 0x000000070f200000, 0x000000070f200000| Untracked 
|  42|0x000000070f400000, 0x000000070f400000, 0x000000070f600000|  0%| F|  |TAMS 0x000000070f400000, 0x000000070f400000| Untracked 
|  43|0x000000070f600000, 0x000000070f600000, 0x000000070f800000|  0%| F|  |TAMS 0x000000070f600000, 0x000000070f600000| Untracked 
|  44|0x000000070f800000, 0x000000070f800000, 0x000000070fa00000|  0%| F|  |TAMS 0x000000070f800000, 0x000000070f800000| Untracked 
|  45|0x000000070fa00000, 0x000000070fa00000, 0x000000070fc00000|  0%| F|  |TAMS 0x000000070fa00000, 0x000000070fa00000| Untracked 
|  46|0x000000070fc00000, 0x000000070fdbc100, 0x000000070fe00000| 86%| S|CS|TAMS 0x000000070fc00000, 0x000000070fc00000| Complete 
|  47|0x000000070fe00000, 0x000000070fe00000, 0x0000000710000000|  0%| F|  |TAMS 0x000000070fe00000, 0x000000070fe00000| Untracked 
|  48|0x0000000710000000, 0x0000000710000000, 0x0000000710200000|  0%| F|  |TAMS 0x0000000710000000, 0x0000000710000000| Untracked 
|  49|0x0000000710200000, 0x0000000710200000, 0x0000000710400000|  0%| F|  |TAMS 0x0000000710200000, 0x0000000710200000| Untracked 
|  50|0x0000000710400000, 0x0000000710600000, 0x0000000710600000|100%| S|CS|TAMS 0x0000000710400000, 0x0000000710400000| Complete 
|  51|0x0000000710600000, 0x0000000710800000, 0x0000000710800000|100%| S|CS|TAMS 0x0000000710600000, 0x0000000710600000| Complete 
|  52|0x0000000710800000, 0x0000000710a00000, 0x0000000710a00000|100%| S|CS|TAMS 0x0000000710800000, 0x0000000710800000| Complete 
|  53|0x0000000710a00000, 0x0000000710a00000, 0x0000000710c00000|  0%| F|  |TAMS 0x0000000710a00000, 0x0000000710a00000| Untracked 
|  54|0x0000000710c00000, 0x0000000710c00000, 0x0000000710e00000|  0%| F|  |TAMS 0x0000000710c00000, 0x0000000710c00000| Untracked 
|  55|0x0000000710e00000, 0x0000000710e00000, 0x0000000711000000|  0%| F|  |TAMS 0x0000000710e00000, 0x0000000710e00000| Untracked 
|  56|0x0000000711000000, 0x0000000711000000, 0x0000000711200000|  0%| F|  |TAMS 0x0000000711000000, 0x0000000711000000| Untracked 
|  57|0x0000000711200000, 0x0000000711200000, 0x0000000711400000|  0%| F|  |TAMS 0x0000000711200000, 0x0000000711200000| Untracked 
|  58|0x0000000711400000, 0x0000000711400000, 0x0000000711600000|  0%| F|  |TAMS 0x0000000711400000, 0x0000000711400000| Untracked 
|  59|0x0000000711600000, 0x0000000711600000, 0x0000000711800000|  0%| F|  |TAMS 0x0000000711600000, 0x0000000711600000| Untracked 
|  60|0x0000000711800000, 0x0000000711800000, 0x0000000711a00000|  0%| F|  |TAMS 0x0000000711800000, 0x0000000711800000| Untracked 
|  61|0x0000000711a00000, 0x0000000711a00000, 0x0000000711c00000|  0%| F|  |TAMS 0x0000000711a00000, 0x0000000711a00000| Untracked 
|  62|0x0000000711c00000, 0x0000000711c00000, 0x0000000711e00000|  0%| F|  |TAMS 0x0000000711c00000, 0x0000000711c00000| Untracked 
|  63|0x0000000711e00000, 0x0000000711e00000, 0x0000000712000000|  0%| F|  |TAMS 0x0000000711e00000, 0x0000000711e00000| Untracked 
|  64|0x0000000712000000, 0x0000000712000000, 0x0000000712200000|  0%| F|  |TAMS 0x0000000712000000, 0x0000000712000000| Untracked 
|  65|0x0000000712200000, 0x0000000712200000, 0x0000000712400000|  0%| F|  |TAMS 0x0000000712200000, 0x0000000712200000| Untracked 
|  66|0x0000000712400000, 0x0000000712400000, 0x0000000712600000|  0%| F|  |TAMS 0x0000000712400000, 0x0000000712400000| Untracked 
|  67|0x0000000712600000, 0x0000000712600000, 0x0000000712800000|  0%| F|  |TAMS 0x0000000712600000, 0x0000000712600000| Untracked 
|  68|0x0000000712800000, 0x0000000712800000, 0x0000000712a00000|  0%| F|  |TAMS 0x0000000712800000, 0x0000000712800000| Untracked 
|  69|0x0000000712a00000, 0x0000000712a00000, 0x0000000712c00000|  0%| F|  |TAMS 0x0000000712a00000, 0x0000000712a00000| Untracked 
|  70|0x0000000712c00000, 0x0000000712c00000, 0x0000000712e00000|  0%| F|  |TAMS 0x0000000712c00000, 0x0000000712c00000| Untracked 
|  71|0x0000000712e00000, 0x0000000712e00000, 0x0000000713000000|  0%| F|  |TAMS 0x0000000712e00000, 0x0000000712e00000| Untracked 
|  72|0x0000000713000000, 0x0000000713000000, 0x0000000713200000|  0%| F|  |TAMS 0x0000000713000000, 0x0000000713000000| Untracked 
|  73|0x0000000713200000, 0x0000000713200000, 0x0000000713400000|  0%| F|  |TAMS 0x0000000713200000, 0x0000000713200000| Untracked 
|  74|0x0000000713400000, 0x0000000713400000, 0x0000000713600000|  0%| F|  |TAMS 0x0000000713400000, 0x0000000713400000| Untracked 
|  75|0x0000000713600000, 0x0000000713600000, 0x0000000713800000|  0%| F|  |TAMS 0x0000000713600000, 0x0000000713600000| Untracked 
|  76|0x0000000713800000, 0x0000000713800000, 0x0000000713a00000|  0%| F|  |TAMS 0x0000000713800000, 0x0000000713800000| Untracked 
|  77|0x0000000713a00000, 0x0000000713a00000, 0x0000000713c00000|  0%| F|  |TAMS 0x0000000713a00000, 0x0000000713a00000| Untracked 
|  78|0x0000000713c00000, 0x0000000713c00000, 0x0000000713e00000|  0%| F|  |TAMS 0x0000000713c00000, 0x0000000713c00000| Untracked 
|  79|0x0000000713e00000, 0x0000000713e00000, 0x0000000714000000|  0%| F|  |TAMS 0x0000000713e00000, 0x0000000713e00000| Untracked 
|  80|0x0000000714000000, 0x0000000714000000, 0x0000000714200000|  0%| F|  |TAMS 0x0000000714000000, 0x0000000714000000| Untracked 
|  81|0x0000000714200000, 0x0000000714200000, 0x0000000714400000|  0%| F|  |TAMS 0x0000000714200000, 0x0000000714200000| Untracked 
|  82|0x0000000714400000, 0x0000000714400000, 0x0000000714600000|  0%| F|  |TAMS 0x0000000714400000, 0x0000000714400000| Untracked 
|  83|0x0000000714600000, 0x0000000714600000, 0x0000000714800000|  0%| F|  |TAMS 0x0000000714600000, 0x0000000714600000| Untracked 
|  84|0x0000000714800000, 0x0000000714800000, 0x0000000714a00000|  0%| F|  |TAMS 0x0000000714800000, 0x0000000714800000| Untracked 
|  85|0x0000000714a00000, 0x0000000714a00000, 0x0000000714c00000|  0%| F|  |TAMS 0x0000000714a00000, 0x0000000714a00000| Untracked 
|  86|0x0000000714c00000, 0x0000000714c00000, 0x0000000714e00000|  0%| F|  |TAMS 0x0000000714c00000, 0x0000000714c00000| Untracked 
|  87|0x0000000714e00000, 0x0000000714e00000, 0x0000000715000000|  0%| F|  |TAMS 0x0000000714e00000, 0x0000000714e00000| Untracked 
|  88|0x0000000715000000, 0x0000000715000000, 0x0000000715200000|  0%| F|  |TAMS 0x0000000715000000, 0x0000000715000000| Untracked 
|  89|0x0000000715200000, 0x0000000715200000, 0x0000000715400000|  0%| F|  |TAMS 0x0000000715200000, 0x0000000715200000| Untracked 
|  90|0x0000000715400000, 0x0000000715400000, 0x0000000715600000|  0%| F|  |TAMS 0x0000000715400000, 0x0000000715400000| Untracked 
|  91|0x0000000715600000, 0x0000000715600000, 0x0000000715800000|  0%| F|  |TAMS 0x0000000715600000, 0x0000000715600000| Untracked 
|  92|0x0000000715800000, 0x0000000715800000, 0x0000000715a00000|  0%| F|  |TAMS 0x0000000715800000, 0x0000000715800000| Untracked 
|  93|0x0000000715a00000, 0x0000000715a00000, 0x0000000715c00000|  0%| F|  |TAMS 0x0000000715a00000, 0x0000000715a00000| Untracked 
|  94|0x0000000715c00000, 0x0000000715c00000, 0x0000000715e00000|  0%| F|  |TAMS 0x0000000715c00000, 0x0000000715c00000| Untracked 
|  95|0x0000000715e00000, 0x0000000715e00000, 0x0000000716000000|  0%| F|  |TAMS 0x0000000715e00000, 0x0000000715e00000| Untracked 
|  96|0x0000000716000000, 0x0000000716000000, 0x0000000716200000|  0%| F|  |TAMS 0x0000000716000000, 0x0000000716000000| Untracked 
|  97|0x0000000716200000, 0x0000000716200000, 0x0000000716400000|  0%| F|  |TAMS 0x0000000716200000, 0x0000000716200000| Untracked 
|  98|0x0000000716400000, 0x0000000716400000, 0x0000000716600000|  0%| F|  |TAMS 0x0000000716400000, 0x0000000716400000| Untracked 
|  99|0x0000000716600000, 0x0000000716600000, 0x0000000716800000|  0%| F|  |TAMS 0x0000000716600000, 0x0000000716600000| Untracked 
| 100|0x0000000716800000, 0x0000000716800000, 0x0000000716a00000|  0%| F|  |TAMS 0x0000000716800000, 0x0000000716800000| Untracked 
| 101|0x0000000716a00000, 0x0000000716a00000, 0x0000000716c00000|  0%| F|  |TAMS 0x0000000716a00000, 0x0000000716a00000| Untracked 
| 102|0x0000000716c00000, 0x0000000716c00000, 0x0000000716e00000|  0%| F|  |TAMS 0x0000000716c00000, 0x0000000716c00000| Untracked 
| 103|0x0000000716e00000, 0x0000000716e00000, 0x0000000717000000|  0%| F|  |TAMS 0x0000000716e00000, 0x0000000716e00000| Untracked 
| 104|0x0000000717000000, 0x0000000717000000, 0x0000000717200000|  0%| F|  |TAMS 0x0000000717000000, 0x0000000717000000| Untracked 
| 105|0x0000000717200000, 0x0000000717200000, 0x0000000717400000|  0%| F|  |TAMS 0x0000000717200000, 0x0000000717200000| Untracked 
| 106|0x0000000717400000, 0x0000000717400000, 0x0000000717600000|  0%| F|  |TAMS 0x0000000717400000, 0x0000000717400000| Untracked 
| 107|0x0000000717600000, 0x0000000717600000, 0x0000000717800000|  0%| F|  |TAMS 0x0000000717600000, 0x0000000717600000| Untracked 
| 108|0x0000000717800000, 0x0000000717800000, 0x0000000717a00000|  0%| F|  |TAMS 0x0000000717800000, 0x0000000717800000| Untracked 
| 109|0x0000000717a00000, 0x0000000717a00000, 0x0000000717c00000|  0%| F|  |TAMS 0x0000000717a00000, 0x0000000717a00000| Untracked 
| 110|0x0000000717c00000, 0x0000000717c00000, 0x0000000717e00000|  0%| F|  |TAMS 0x0000000717c00000, 0x0000000717c00000| Untracked 
| 111|0x0000000717e00000, 0x0000000718000000, 0x0000000718000000|100%| E|  |TAMS 0x0000000717e00000, 0x0000000717e00000| Complete 
| 112|0x0000000718000000, 0x0000000718200000, 0x0000000718200000|100%| E|CS|TAMS 0x0000000718000000, 0x0000000718000000| Complete 
| 113|0x0000000718200000, 0x0000000718400000, 0x0000000718400000|100%| E|CS|TAMS 0x0000000718200000, 0x0000000718200000| Complete 
| 114|0x0000000718400000, 0x0000000718600000, 0x0000000718600000|100%| E|CS|TAMS 0x0000000718400000, 0x0000000718400000| Complete 
| 115|0x0000000718600000, 0x0000000718800000, 0x0000000718800000|100%| E|CS|TAMS 0x0000000718600000, 0x0000000718600000| Complete 
| 116|0x0000000718800000, 0x0000000718a00000, 0x0000000718a00000|100%| E|CS|TAMS 0x0000000718800000, 0x0000000718800000| Complete 
| 117|0x0000000718a00000, 0x0000000718c00000, 0x0000000718c00000|100%| E|CS|TAMS 0x0000000718a00000, 0x0000000718a00000| Complete 
| 118|0x0000000718c00000, 0x0000000718e00000, 0x0000000718e00000|100%| E|CS|TAMS 0x0000000718c00000, 0x0000000718c00000| Complete 
| 119|0x0000000718e00000, 0x0000000719000000, 0x0000000719000000|100%| E|CS|TAMS 0x0000000718e00000, 0x0000000718e00000| Complete 
| 120|0x0000000719000000, 0x0000000719200000, 0x0000000719200000|100%| E|CS|TAMS 0x0000000719000000, 0x0000000719000000| Complete 
| 121|0x0000000719200000, 0x0000000719400000, 0x0000000719400000|100%| E|CS|TAMS 0x0000000719200000, 0x0000000719200000| Complete 
| 122|0x0000000719400000, 0x0000000719600000, 0x0000000719600000|100%| E|CS|TAMS 0x0000000719400000, 0x0000000719400000| Complete 

Card table byte_map: [0x0000024457da0000,0x0000024458550000] _byte_map_base: 0x0000024454550000

Marking Bits (Prev, Next): (CMBitMap*) 0x00000244402ecc80, (CMBitMap*) 0x00000244402eccc0
 Prev Bits: [0x0000024458d00000, 0x000002445ca80000)
 Next Bits: [0x000002445ca80000, 0x0000024460800000)

Polling page: 0x000002443e1f0000

Metaspace:

Usage:
  Non-class:      9.61 MB used.
      Class:    743.96 KB used.
       Both:     10.33 MB used.

Virtual space:
  Non-class space:       16.00 MB reserved,       9.69 MB ( 61%) committed,  2 nodes.
      Class space:        1.00 GB reserved,     832.00 KB ( <1%) committed,  1 nodes.
             Both:        1.02 GB reserved,      10.50 MB (  1%) committed. 

Chunk freelists:
   Non-Class:  544.00 KB
       Class:  3.17 MB
        Both:  3.70 MB

MaxMetaspaceSize: unlimited
CompressedClassSpaceSize: 1.00 GB
Initial GC threshold: 21.00 MB
Current GC threshold: 21.00 MB
CDS: on
MetaspaceReclaimPolicy: balanced
 - commit_granule_bytes: 65536.
 - commit_granule_words: 8192.
 - virtual_space_node_default_size: 1048576.
 - enlarge_chunks_in_place: 1.
 - new_chunks_are_fully_committed: 0.
 - uncommit_free_chunks: 1.
 - use_allocation_guard: 0.
 - handle_deallocations: 1.


Internal statistics:

num_allocs_failed_limit: 0.
num_arena_births: 50.
num_arena_deaths: 0.
num_vsnodes_births: 3.
num_vsnodes_deaths: 0.
num_space_committed: 166.
num_space_uncommitted: 0.
num_chunks_returned_to_freelist: 0.
num_chunks_taken_from_freelist: 343.
num_chunk_merges: 0.
num_chunk_splits: 283.
num_chunks_enlarged: 251.
num_purges: 0.
num_inconsistent_stats: 0.

CodeHeap 'non-profiled nmethods': size=119168Kb used=2308Kb max_used=2308Kb free=116859Kb
 bounds [0x000002444f900000, 0x000002444fb70000, 0x0000024456d60000]
CodeHeap 'profiled nmethods': size=119104Kb used=4660Kb max_used=4660Kb free=114443Kb
 bounds [0x00000244484b0000, 0x0000024448940000, 0x000002444f900000]
CodeHeap 'non-nmethods': size=7488Kb used=1660Kb max_used=3393Kb free=5827Kb
 bounds [0x0000024447d60000, 0x0000024448130000, 0x00000244484b0000]
 total_blobs=3617 nmethods=2507 adapters=1023
 compilation: enabled
              stopped_count=0, restarted_count=0
 full_count=0

Compilation events (20 events):
Event: 49.934 Thread 0x00000244637bd8a0 2507       4       com.badlogic.gdx.graphics.g2d.BitmapFont$BitmapFontData::setScale (176 bytes)
Event: 49.936 Thread 0x00000244637bd8a0 nmethod 2507 0x000002444fb31190 code [0x000002444fb31340, 0x000002444fb314d8]
Event: 50.111 Thread 0x00000244637c5e70 2508       3       java.util.Arrays::copyOf (10 bytes)
Event: 50.112 Thread 0x00000244637c5e70 nmethod 2508 0x000002444893cd90 code [0x000002444893cf40, 0x000002444893d088]
Event: 50.568 Thread 0x00000244637bd8a0 2509       4       java.util.Formatter$Conversion::isValid (358 bytes)
Event: 50.569 Thread 0x00000244637bd8a0 nmethod 2509 0x000002444fb31590 code [0x000002444fb31700, 0x000002444fb31778]
Event: 50.701 Thread 0x00000244637bd8a0 2510       4       java.util.regex.Pattern$BmpCharPropertyGreedy::match (89 bytes)
Event: 50.735 Thread 0x00000244637bd8a0 nmethod 2510 0x000002444fb31890 code [0x000002444fb31ae0, 0x000002444fb329d0]
Event: 51.268 Thread 0x00000244637bd8a0 2511       4       java.util.regex.Pattern$BmpCharPredicate$$Lambda$22/0x80000002b::is (15 bytes)
Event: 51.272 Thread 0x00000244637bd8a0 nmethod 2511 0x000002444fb33810 code [0x000002444fb339c0, 0x000002444fb33c68]
Event: 53.121 Thread 0x00000244637bd8a0 2512       4       com.badlogic.gdx.graphics.g3d.utils.shapebuilders.CylinderShapeBuilder::build (407 bytes)
Event: 53.216 Thread 0x00000244637bd8a0 nmethod 2512 0x000002444fb33f10 code [0x000002444fb34260, 0x000002444fb382d0]
Event: 54.203 Thread 0x00000244637bd8a0 2513       4       java.util.Formatter$FormatSpecifier::localizedMagnitude (419 bytes)
Event: 54.244 Thread 0x00000244637bd8a0 nmethod 2513 0x000002444fb39c10 code [0x000002444fb39e00, 0x000002444fb3b3b8]
Event: 54.269 Thread 0x00000244637bd8a0 2514       4       com.badlogic.gdx.graphics.g3d.utils.MeshBuilder::rect (74 bytes)
Event: 54.338 Thread 0x00000244637bd8a0 nmethod 2514 0x000002444fb3c410 code [0x000002444fb3c6e0, 0x000002444fb3ee10]
Event: 55.956 Thread 0x00000244637bd8a0 2515       4       com.badlogic.gdx.graphics.g3d.utils.MeshBuilder::ensureTriangleIndices (55 bytes)
Event: 55.963 Thread 0x00000244637bd8a0 nmethod 2515 0x000002444fb40590 code [0x000002444fb40740, 0x000002444fb40bf8]
Event: 58.571 Thread 0x00000244637bd8a0 2516       4       com.badlogic.gdx.graphics.g3d.shaders.BaseShader::end (31 bytes)
Event: 58.573 Thread 0x00000244637bd8a0 nmethod 2516 0x000002444fb40e10 code [0x000002444fb40fa0, 0x000002444fb410c8]

GC Heap History (10 events):
Event: 1.788 GC heap before
{Heap before GC invocations=0 (full 0):
 garbage-first heap   total 251904K, used 22528K [0x000000070a000000, 0x0000000800000000)
  region size 2048K, 11 young (22528K), 0 survivors (0K)
 Metaspace       used 7056K, committed 7232K, reserved 1064960K
  class space    used 427K, committed 512K, reserved 1048576K
}
Event: 1.792 GC heap after
{Heap after GC invocations=1 (full 0):
 garbage-first heap   total 251904K, used 2630K [0x000000070a000000, 0x0000000800000000)
  region size 2048K, 2 young (4096K), 2 survivors (4096K)
 Metaspace       used 7056K, committed 7232K, reserved 1064960K
  class space    used 427K, committed 512K, reserved 1048576K
}
Event: 10.669 GC heap before
{Heap before GC invocations=1 (full 0):
 garbage-first heap   total 251904K, used 47686K [0x000000070a000000, 0x0000000800000000)
  region size 2048K, 19 young (38912K), 2 survivors (4096K)
 Metaspace       used 9989K, committed 10112K, reserved 1064960K
  class space    used 692K, committed 768K, reserved 1048576K
}
Event: 10.684 GC heap after
{Heap after GC invocations=2 (full 0):
 garbage-first heap   total 251904K, used 21973K [0x000000070a000000, 0x0000000800000000)
  region size 2048K, 3 young (6144K), 3 survivors (6144K)
 Metaspace       used 9989K, committed 10112K, reserved 1064960K
  class space    used 692K, committed 768K, reserved 1048576K
}
Event: 11.657 GC heap before
{Heap before GC invocations=2 (full 0):
 garbage-first heap   total 251904K, used 28117K [0x000000070a000000, 0x0000000800000000)
  region size 2048K, 6 young (12288K), 3 survivors (6144K)
 Metaspace       used 10046K, committed 10240K, reserved 1064960K
  class space    used 692K, committed 768K, reserved 1048576K
}
Event: 11.663 GC heap after
{Heap after GC invocations=3 (full 0):
 garbage-first heap   total 251904K, used 23090K [0x000000070a000000, 0x0000000800000000)
  region size 2048K, 1 young (2048K), 1 survivors (2048K)
 Metaspace       used 10046K, committed 10240K, reserved 1064960K
  class space    used 692K, committed 768K, reserved 1048576K
}
Event: 33.483 GC heap before
{Heap before GC invocations=3 (full 0):
 garbage-first heap   total 251904K, used 188978K [0x000000070a000000, 0x0000000800000000)
  region size 2048K, 73 young (149504K), 1 survivors (2048K)
 Metaspace       used 10558K, committed 10752K, reserved 1064960K
  class space    used 742K, committed 832K, reserved 1048576K
}
Event: 33.487 GC heap after
{Heap after GC invocations=4 (full 0):
 garbage-first heap   total 251904K, used 45211K [0x000000070a000000, 0x0000000800000000)
  region size 2048K, 3 young (6144K), 3 survivors (6144K)
 Metaspace       used 10558K, committed 10752K, reserved 1064960K
  class space    used 742K, committed 832K, reserved 1048576K
}
Event: 56.187 GC heap before
{Heap before GC invocations=4 (full 0):
 garbage-first heap   total 251904K, used 207003K [0x000000070a000000, 0x0000000800000000)
  region size 2048K, 73 young (149504K), 3 survivors (6144K)
 Metaspace       used 10570K, committed 10752K, reserved 1064960K
  class space    used 742K, committed 832K, reserved 1048576K
}
Event: 56.196 GC heap after
{Heap after GC invocations=5 (full 0):
 garbage-first heap   total 251904K, used 67312K [0x000000070a000000, 0x0000000800000000)
  region size 2048K, 4 young (8192K), 4 survivors (8192K)
 Metaspace       used 10570K, committed 10752K, reserved 1064960K
  class space    used 742K, committed 832K, reserved 1048576K
}

Deoptimization events (20 events):
Event: 35.210 Thread 0x0000024440291bd0 DEOPT PACKING pc=0x0000024448936791 sp=0x00000083ccefec00
Event: 35.210 Thread 0x0000024440291bd0 DEOPT UNPACKING pc=0x0000024447db2b43 sp=0x00000083ccefe0f8 mode 0
Event: 35.376 Thread 0x0000024440291bd0 DEOPT PACKING pc=0x0000024448936791 sp=0x00000083ccefec00
Event: 35.376 Thread 0x0000024440291bd0 DEOPT UNPACKING pc=0x0000024447db2b43 sp=0x00000083ccefe0f8 mode 0
Event: 35.578 Thread 0x0000024440291bd0 DEOPT PACKING pc=0x0000024448936791 sp=0x00000083ccefec00
Event: 35.578 Thread 0x0000024440291bd0 DEOPT UNPACKING pc=0x0000024447db2b43 sp=0x00000083ccefe0f8 mode 0
Event: 35.809 Thread 0x0000024440291bd0 DEOPT PACKING pc=0x0000024448936791 sp=0x00000083ccefec00
Event: 35.809 Thread 0x0000024440291bd0 DEOPT UNPACKING pc=0x0000024447db2b43 sp=0x00000083ccefe0f8 mode 0
Event: 38.746 Thread 0x0000024440291bd0 Uncommon trap: trap_request=0xffffff45 fr.pc=0x000002444faa94b4 relative=0x00000000000000b4
Event: 38.746 Thread 0x0000024440291bd0 Uncommon trap: reason=unstable_if action=reinterpret pc=0x000002444faa94b4 method=com.crazyputting3d.Engine.physicsEngine.isInTerrain(DD)Z @ 6 c2
Event: 38.747 Thread 0x0000024440291bd0 DEOPT PACKING pc=0x000002444faa94b4 sp=0x00000083ccefeb30
Event: 38.747 Thread 0x0000024440291bd0 DEOPT UNPACKING pc=0x0000024447db23a3 sp=0x00000083ccefeab8 mode 2
Event: 43.245 Thread 0x0000024440291bd0 DEOPT PACKING pc=0x000002444892f916 sp=0x00000083ccefeb70
Event: 43.245 Thread 0x0000024440291bd0 DEOPT UNPACKING pc=0x0000024447db2b43 sp=0x00000083ccefe108 mode 0
Event: 43.250 Thread 0x0000024440291bd0 Uncommon trap: trap_request=0xffffff45 fr.pc=0x000002444fb1f4d8 relative=0x0000000000001bf8
Event: 43.250 Thread 0x0000024440291bd0 Uncommon trap: reason=unstable_if action=reinterpret pc=0x000002444fb1f4d8 method=com.crazyputting3d.Engine.physicsEngine.trajectory(Lcom/crazyputting3d/Objects/StateVector;Z)Lcom/crazyputting3d/Objects/StateVector; @ 985 c2
Event: 43.250 Thread 0x0000024440291bd0 DEOPT PACKING pc=0x000002444fb1f4d8 sp=0x00000083ccefec10
Event: 43.250 Thread 0x0000024440291bd0 DEOPT UNPACKING pc=0x0000024447db23a3 sp=0x00000083ccefec18 mode 2
Event: 60.467 Thread 0x0000024440291bd0 DEOPT PACKING pc=0x000002444872330c sp=0x00000083cceff260
Event: 60.467 Thread 0x0000024440291bd0 DEOPT UNPACKING pc=0x0000024447db2b43 sp=0x00000083ccefe6e0 mode 0

Classes unloaded (0 events):
No events

Classes redefined (0 events):
No events

Internal exceptions (20 events):
Event: 0.369 Thread 0x0000024440291bd0 Exception <a 'java/lang/NoSuchMethodError'{0x0000000718e475e8}: 'void java.lang.invoke.DirectMethodHandle$Holder.invokeSpecial(java.lang.Object, java.lang.Object, java.lang.Object)'> (0x0000000718e475e8) 
thrown [e:\jenkins\tmp\workspace\build\src\src\hotspot\share\interpreter\linkResolver.cpp, line 766]
Event: 0.373 Thread 0x0000024440291bd0 Exception <a 'java/lang/NoSuchMethodError'{0x0000000718e5a970}: 'java.lang.Object java.lang.invoke.DirectMethodHandle$Holder.invokeStatic(java.lang.Object, java.lang.Object, int)'> (0x0000000718e5a970) 
thrown [e:\jenkins\tmp\workspace\build\src\src\hotspot\share\interpreter\linkResolver.cpp, line 766]
Event: 0.375 Thread 0x0000024440291bd0 Exception <a 'java/lang/NoSuchMethodError'{0x0000000718e666e0}: 'void java.lang.invoke.DelegatingMethodHandle$Holder.delegate(java.lang.Object, java.lang.Object, int, java.lang.Object)'> (0x0000000718e666e0) 
thrown [e:\jenkins\tmp\workspace\build\src\src\hotspot\share\interpreter\linkResolver.cpp, line 766]
Event: 0.376 Thread 0x0000024440291bd0 Exception <a 'java/lang/NoSuchMethodError'{0x0000000718e6a920}: 'int java.lang.invoke.DirectMethodHandle$Holder.invokeSpecial(java.lang.Object, java.lang.Object, java.lang.Object)'> (0x0000000718e6a920) 
thrown [e:\jenkins\tmp\workspace\build\src\src\hotspot\share\interpreter\linkResolver.cpp, line 766]
Event: 0.429 Thread 0x0000024440291bd0 Exception <a 'sun/nio/fs/WindowsException'{0x0000000718f11720}> (0x0000000718f11720) 
thrown [e:\jenkins\tmp\workspace\build\src\src\hotspot\share\prims\jni.cpp, line 516]
Event: 0.429 Thread 0x0000024440291bd0 Exception <a 'sun/nio/fs/WindowsException'{0x0000000718f11c78}> (0x0000000718f11c78) 
thrown [e:\jenkins\tmp\workspace\build\src\src\hotspot\share\prims\jni.cpp, line 516]
Event: 0.471 Thread 0x0000024440291bd0 Exception <a 'sun/nio/fs/WindowsException'{0x0000000718c02de8}> (0x0000000718c02de8) 
thrown [e:\jenkins\tmp\workspace\build\src\src\hotspot\share\prims\jni.cpp, line 516]
Event: 0.471 Thread 0x0000024440291bd0 Exception <a 'sun/nio/fs/WindowsException'{0x0000000718c03188}> (0x0000000718c03188) 
thrown [e:\jenkins\tmp\workspace\build\src\src\hotspot\share\prims\jni.cpp, line 516]
Event: 0.505 Thread 0x0000024440291bd0 Exception <a 'sun/nio/fs/WindowsException'{0x0000000718cb0ea0}> (0x0000000718cb0ea0) 
thrown [e:\jenkins\tmp\workspace\build\src\src\hotspot\share\prims\jni.cpp, line 516]
Event: 0.505 Thread 0x0000024440291bd0 Exception <a 'sun/nio/fs/WindowsException'{0x0000000718cb1210}> (0x0000000718cb1210) 
thrown [e:\jenkins\tmp\workspace\build\src\src\hotspot\share\prims\jni.cpp, line 516]
Event: 0.617 Thread 0x0000024440291bd0 Exception <a 'sun/nio/fs/WindowsException'{0x0000000718d366b0}> (0x0000000718d366b0) 
thrown [e:\jenkins\tmp\workspace\build\src\src\hotspot\share\prims\jni.cpp, line 516]
Event: 0.617 Thread 0x0000024440291bd0 Exception <a 'sun/nio/fs/WindowsException'{0x0000000718d36a38}> (0x0000000718d36a38) 
thrown [e:\jenkins\tmp\workspace\build\src\src\hotspot\share\prims\jni.cpp, line 516]
Event: 1.309 Thread 0x0000024440291bd0 Exception <a 'sun/nio/fs/WindowsException'{0x0000000718b1a788}> (0x0000000718b1a788) 
thrown [e:\jenkins\tmp\workspace\build\src\src\hotspot\share\prims\jni.cpp, line 516]
Event: 1.309 Thread 0x0000024440291bd0 Exception <a 'sun/nio/fs/WindowsException'{0x0000000718b1ab38}> (0x0000000718b1ab38) 
thrown [e:\jenkins\tmp\workspace\build\src\src\hotspot\share\prims\jni.cpp, line 516]
Event: 1.316 Thread 0x0000024440291bd0 Exception <a 'sun/nio/fs/WindowsException'{0x0000000718b26cd0}> (0x0000000718b26cd0) 
thrown [e:\jenkins\tmp\workspace\build\src\src\hotspot\share\prims\jni.cpp, line 516]
Event: 1.316 Thread 0x0000024440291bd0 Exception <a 'sun/nio/fs/WindowsException'{0x0000000718b26fb8}> (0x0000000718b26fb8) 
thrown [e:\jenkins\tmp\workspace\build\src\src\hotspot\share\prims\jni.cpp, line 516]
Event: 10.033 Thread 0x0000024440291bd0 Exception <a 'java/io/FileNotFoundException'{0x0000000718a9a480}> (0x0000000718a9a480) 
thrown [e:\jenkins\tmp\workspace\build\src\src\hotspot\share\prims\jni.cpp, line 516]
Event: 10.409 Thread 0x0000024440291bd0 Implicit null exception at 0x000002444f984b3f to 0x000002444f984c1c
Event: 10.440 Thread 0x0000024440291bd0 Implicit null exception at 0x000002444f9679b0 to 0x000002444f967b88
Event: 12.954 Thread 0x00000244759bc470 Implicit null exception at 0x000002444f97dc5f to 0x000002444f97dd1c

VM Operations (20 events):
Event: 44.270 Executing VM operation: Cleanup
Event: 44.270 Executing VM operation: Cleanup done
Event: 45.271 Executing VM operation: Cleanup
Event: 45.271 Executing VM operation: Cleanup done
Event: 46.271 Executing VM operation: Cleanup
Event: 46.271 Executing VM operation: Cleanup done
Event: 47.272 Executing VM operation: Cleanup
Event: 47.272 Executing VM operation: Cleanup done
Event: 48.273 Executing VM operation: Cleanup
Event: 48.273 Executing VM operation: Cleanup done
Event: 49.274 Executing VM operation: Cleanup
Event: 49.274 Executing VM operation: Cleanup done
Event: 50.634 Executing VM operation: ICBufferFull
Event: 50.634 Executing VM operation: ICBufferFull done
Event: 51.634 Executing VM operation: Cleanup
Event: 51.634 Executing VM operation: Cleanup done
Event: 56.186 Executing VM operation: G1CollectForAllocation
Event: 56.196 Executing VM operation: G1CollectForAllocation done
Event: 60.197 Executing VM operation: Cleanup
Event: 60.197 Executing VM operation: Cleanup done

Events (20 events):
Event: 30.290 Thread 0x0000024464a2c7d0 Thread exited: 0x0000024464a2c7d0
Event: 30.419 Thread 0x0000024478080d50 Thread added: 0x0000024478080d50
Event: 30.427 Thread 0x0000024478082090 Thread added: 0x0000024478082090
Event: 30.628 Thread 0x0000024478080d50 Thread exited: 0x0000024478080d50
Event: 32.341 Thread 0x0000024464a2c2c0 Thread exited: 0x0000024464a2c2c0
Event: 38.740 Thread 0x0000024478082560 Thread added: 0x0000024478082560
Event: 38.744 Thread 0x000002447807fa10 Thread added: 0x000002447807fa10
Event: 38.945 Thread 0x0000024478082560 Thread exited: 0x0000024478082560
Event: 39.829 Thread 0x0000024478080880 Thread added: 0x0000024478080880
Event: 39.837 Thread 0x000002447807fee0 Thread added: 0x000002447807fee0
Event: 40.039 Thread 0x0000024478080880 Thread exited: 0x0000024478080880
Event: 43.241 Thread 0x000002447807f070 Thread added: 0x000002447807f070
Event: 43.248 Thread 0x0000024478080880 Thread added: 0x0000024478080880
Event: 43.450 Thread 0x000002447807f070 Thread exited: 0x000002447807f070
Event: 45.425 Thread 0x00000244780803b0 Thread added: 0x00000244780803b0
Event: 45.431 Thread 0x0000024478080d50 Thread added: 0x0000024478080d50
Event: 45.632 Thread 0x00000244780803b0 Thread exited: 0x00000244780803b0
Event: 47.509 Thread 0x00000244780803b0 Thread added: 0x00000244780803b0
Event: 47.518 Thread 0x0000024478081220 Thread added: 0x0000024478081220
Event: 47.722 Thread 0x00000244780803b0 Thread exited: 0x00000244780803b0


Dynamic libraries:
0x00007ff604ae0000 - 0x00007ff604aee000 	C:\Program Files\Eclipse Adoptium\jdk-17.0.1.12-hotspot\bin\java.exe
0x00007ff948230000 - 0x00007ff948427000 	C:\Windows\SYSTEM32\ntdll.dll
0x00007ff9469e0000 - 0x00007ff946a9d000 	C:\Windows\System32\KERNEL32.DLL
0x00007ff945ea0000 - 0x00007ff94616d000 	C:\Windows\System32\KERNELBASE.dll
0x00007ff945a80000 - 0x00007ff945b80000 	C:\Windows\System32\ucrtbase.dll
0x00007ff93c2e0000 - 0x00007ff93c2f8000 	C:\Program Files\Eclipse Adoptium\jdk-17.0.1.12-hotspot\bin\jli.dll
0x00007ff925910000 - 0x00007ff925929000 	C:\Program Files\Eclipse Adoptium\jdk-17.0.1.12-hotspot\bin\VCRUNTIME140.dll
0x00007ff946260000 - 0x00007ff946400000 	C:\Windows\System32\USER32.dll
0x00007ff945a50000 - 0x00007ff945a72000 	C:\Windows\System32\win32u.dll
0x00007ff92fe40000 - 0x00007ff9300da000 	C:\Windows\WinSxS\amd64_microsoft.windows.common-controls_6595b64144ccf1df_6.0.19041.1110_none_60b5254171f9507e\COMCTL32.dll
0x00007ff947fc0000 - 0x00007ff947fea000 	C:\Windows\System32\GDI32.dll
0x00007ff9474e0000 - 0x00007ff94757e000 	C:\Windows\System32\msvcrt.dll
0x00007ff945ce0000 - 0x00007ff945deb000 	C:\Windows\System32\gdi32full.dll
0x00007ff945920000 - 0x00007ff9459bd000 	C:\Windows\System32\msvcp_win.dll
0x00007ff948190000 - 0x00007ff9481c0000 	C:\Windows\System32\IMM32.DLL
0x00007ff93e0a0000 - 0x00007ff93e0ac000 	C:\Program Files\Eclipse Adoptium\jdk-17.0.1.12-hotspot\bin\vcruntime140_1.dll
0x00007ff921a00000 - 0x00007ff921a91000 	C:\Program Files\Eclipse Adoptium\jdk-17.0.1.12-hotspot\bin\msvcp140.dll
0x00007ff893c00000 - 0x00007ff894846000 	C:\Program Files\Eclipse Adoptium\jdk-17.0.1.12-hotspot\bin\server\jvm.dll
0x00007ff947680000 - 0x00007ff94772e000 	C:\Windows\System32\ADVAPI32.dll
0x00007ff946c70000 - 0x00007ff946d0c000 	C:\Windows\System32\sechost.dll
0x00007ff947350000 - 0x00007ff947475000 	C:\Windows\System32\RPCRT4.dll
0x00007ff947ff0000 - 0x00007ff947ff8000 	C:\Windows\System32\PSAPI.DLL
0x00007ff914b90000 - 0x00007ff914b99000 	C:\Windows\SYSTEM32\WSOCK32.dll
0x00007ff947580000 - 0x00007ff9475eb000 	C:\Windows\System32\WS2_32.dll
0x00007ff936340000 - 0x00007ff936367000 	C:\Windows\SYSTEM32\WINMM.dll
0x00007ff93f3b0000 - 0x00007ff93f3ba000 	C:\Windows\SYSTEM32\VERSION.dll
0x00007ff9441b0000 - 0x00007ff9441c2000 	C:\Windows\SYSTEM32\kernel.appcore.dll
0x00007ff93c0e0000 - 0x00007ff93c0ea000 	C:\Program Files\Eclipse Adoptium\jdk-17.0.1.12-hotspot\bin\jimage.dll
0x00007ff943fa0000 - 0x00007ff944184000 	C:\Windows\SYSTEM32\DBGHELP.DLL
0x00007ff93ccf0000 - 0x00007ff93cd1c000 	C:\Windows\SYSTEM32\dbgcore.DLL
0x00007ff9459c0000 - 0x00007ff945a42000 	C:\Windows\System32\bcryptPrimitives.dll
0x00007ff9219d0000 - 0x00007ff9219f5000 	C:\Program Files\Eclipse Adoptium\jdk-17.0.1.12-hotspot\bin\java.dll
0x00007ff89b7b0000 - 0x00007ff89b886000 	C:\Program Files\Eclipse Adoptium\jdk-17.0.1.12-hotspot\bin\svml.dll
0x00007ff947740000 - 0x00007ff947e84000 	C:\Windows\System32\SHELL32.dll
0x00007ff9436c0000 - 0x00007ff943e54000 	C:\Windows\SYSTEM32\windows.storage.dll
0x00007ff9464b0000 - 0x00007ff946804000 	C:\Windows\System32\combase.dll
0x00007ff945380000 - 0x00007ff9453ac000 	C:\Windows\SYSTEM32\Wldp.dll
0x00007ff946400000 - 0x00007ff9464ad000 	C:\Windows\System32\SHCORE.dll
0x00007ff946c10000 - 0x00007ff946c65000 	C:\Windows\System32\shlwapi.dll
0x00007ff945860000 - 0x00007ff94587f000 	C:\Windows\SYSTEM32\profapi.dll
0x00007ff9219b0000 - 0x00007ff9219c9000 	C:\Program Files\Eclipse Adoptium\jdk-17.0.1.12-hotspot\bin\net.dll
0x00007ff93afe0000 - 0x00007ff93b0ea000 	C:\Windows\SYSTEM32\WINHTTP.dll
0x00007ff9450e0000 - 0x00007ff94514a000 	C:\Windows\system32\mswsock.dll
0x00007ff921990000 - 0x00007ff9219a5000 	C:\Program Files\Eclipse Adoptium\jdk-17.0.1.12-hotspot\bin\nio.dll
0x00007ff921970000 - 0x00007ff921988000 	C:\Program Files\Eclipse Adoptium\jdk-17.0.1.12-hotspot\bin\zip.dll
0x000000006e700000 - 0x000000006e72a000 	C:\Users\grado\AppData\Local\Temp\libgdxgrado\e1cd32f8\gdx64.dll
0x00007ff921800000 - 0x00007ff921864000 	C:\Users\grado\AppData\Local\Temp\lwjglgrado\3.2.3-build-13\lwjgl.dll
0x00007ff899660000 - 0x00007ff8998b3000 	C:\Users\grado\AppData\Local\Temp\lwjglgrado\3.2.3-build-13\jemalloc.dll
0x00007ff921700000 - 0x00007ff921762000 	C:\Users\grado\AppData\Local\Temp\lwjglgrado\3.2.3-build-13\glfw.dll
0x00007ff942e30000 - 0x00007ff942ece000 	C:\Windows\system32\uxtheme.dll
0x00007ff921920000 - 0x00007ff921965000 	C:\Windows\SYSTEM32\dinput8.dll
0x00007ff9217e0000 - 0x00007ff9217f1000 	C:\Windows\SYSTEM32\xinput1_4.dll
0x00007ff946210000 - 0x00007ff94625e000 	C:\Windows\System32\cfgmgr32.dll
0x00007ff9456d0000 - 0x00007ff9456fc000 	C:\Windows\SYSTEM32\DEVOBJ.dll
0x00007ff943070000 - 0x00007ff94309f000 	C:\Windows\SYSTEM32\dwmapi.dll
0x00007ff92a0d0000 - 0x00007ff92a222000 	C:\Windows\SYSTEM32\inputhost.dll
0x00007ff948000000 - 0x00007ff9480cd000 	C:\Windows\System32\OLEAUT32.dll
0x00007ff942a70000 - 0x00007ff942b62000 	C:\Windows\SYSTEM32\CoreMessaging.dll
0x00007ff940fa0000 - 0x00007ff941096000 	C:\Windows\SYSTEM32\PROPSYS.dll
0x00007ff942040000 - 0x00007ff942194000 	C:\Windows\SYSTEM32\wintypes.dll
0x00007ff942710000 - 0x00007ff942a6e000 	C:\Windows\SYSTEM32\CoreUIComponents.dll
0x00007ff944620000 - 0x00007ff944653000 	C:\Windows\SYSTEM32\ntmarta.dll
0x00007ff946810000 - 0x00007ff946925000 	C:\Windows\System32\MSCTF.dll
0x00007ff943e60000 - 0x00007ff943e6d000 	C:\Windows\SYSTEM32\HID.DLL
0x00007ff946d10000 - 0x00007ff94717f000 	C:\Windows\System32\SETUPAPI.DLL
0x00007ff9461e0000 - 0x00007ff946207000 	C:\Windows\System32\bcrypt.dll
0x00007ff946170000 - 0x00007ff9461d7000 	C:\Windows\System32\WINTRUST.dll
0x00007ff945b80000 - 0x00007ff945cd6000 	C:\Windows\System32\CRYPT32.dll
0x00007ff945510000 - 0x00007ff945522000 	C:\Windows\SYSTEM32\MSASN1.dll
0x00007ff899550000 - 0x00007ff89965b000 	C:\Users\grado\AppData\Local\Temp\lwjglgrado\3.2.3-build-13\OpenAL.dll
0x00007ff947e90000 - 0x00007ff947fba000 	C:\Windows\System32\ole32.dll
0x00007ff946930000 - 0x00007ff9469d9000 	C:\Windows\System32\clbcatq.dll
0x00007ff93ee90000 - 0x00007ff93ef15000 	C:\Windows\System32\MMDevApi.dll
0x00007ff93f190000 - 0x00007ff93f312000 	C:\Windows\SYSTEM32\AUDIOSES.DLL
0x00007ff944ef0000 - 0x00007ff944f3b000 	C:\Windows\SYSTEM32\powrprof.dll
0x00007ff944d60000 - 0x00007ff944d72000 	C:\Windows\SYSTEM32\UMPDC.dll
0x00007ff942f70000 - 0x00007ff942f84000 	C:\Windows\SYSTEM32\resourcepolicyclient.dll
0x00007ff8b6470000 - 0x00007ff8b6596000 	C:\Windows\SYSTEM32\opengl32.dll
0x00007ff8b6440000 - 0x00007ff8b646c000 	C:\Windows\SYSTEM32\GLU32.dll
0x00007ff93ebe0000 - 0x00007ff93ecd7000 	C:\Windows\System32\AppXDeploymentClient.dll
0x00007ff9217b0000 - 0x00007ff9217da000 	C:\Windows\System32\DriverStore\FileRepository\u0361612.inf_amd64_b679e02f70413f9f\B361368\atig6pxx.dll
0x00007ff886690000 - 0x00007ff889376000 	C:\Windows\System32\DriverStore\FileRepository\u0361612.inf_amd64_b679e02f70413f9f\B361368\atio6axx.dll
0x00007ff9410e0000 - 0x00007ff941104000 	C:\Windows\SYSTEM32\dxva2.dll
0x00007ff920f90000 - 0x00007ff920fcc000 	C:\Windows\System32\DriverStore\FileRepository\u0361612.inf_amd64_b679e02f70413f9f\B361368\atig6txx.dll
0x00007ff892d10000 - 0x00007ff892ec9000 	C:\Windows\SYSTEM32\atiadlxx.dll
0x00007ff92ecf0000 - 0x00007ff92ed2b000 	C:\Windows\SYSTEM32\dxcore.dll
0x00007ff89b3e0000 - 0x00007ff89b439000 	C:\Users\grado\AppData\Local\Temp\lwjglgrado\3.2.3-build-13\lwjgl_opengl.dll
0x00007ff92cfc0000 - 0x00007ff92d0b9000 	C:\Windows\SYSTEM32\textinputframework.dll
0x00007ff9216e0000 - 0x00007ff9216f1000 	C:\Program Files\Eclipse Adoptium\jdk-17.0.1.12-hotspot\bin\jsound.dll
0x00007ff898f90000 - 0x00007ff89902c000 	C:\Windows\SYSTEM32\DSOUND.dll
0x00007ff9392a0000 - 0x00007ff9392c6000 	C:\Windows\SYSTEM32\winmmbase.dll
0x00007ff92cd60000 - 0x00007ff92cda6000 	C:\Windows\SYSTEM32\wdmaud.drv
0x00007ff941130000 - 0x00007ff941139000 	C:\Windows\SYSTEM32\ksuser.dll
0x00007ff940590000 - 0x00007ff94059a000 	C:\Windows\SYSTEM32\AVRT.dll
0x00007ff93c6e0000 - 0x00007ff93c6ed000 	C:\Windows\SYSTEM32\msacm32.drv
0x00007ff939500000 - 0x00007ff93951e000 	C:\Windows\SYSTEM32\MSACM32.dll
0x00007ff93c250000 - 0x00007ff93c25b000 	C:\Windows\SYSTEM32\midimap.dll
0x00007ff92bd20000 - 0x00007ff92be61000 	C:\Windows\System32\Windows.UI.dll
0x00007ff931d30000 - 0x00007ff931dd1000 	C:\Windows\System32\WindowManagementAPI.dll
0x00007ff93ef20000 - 0x00007ff93f120000 	C:\Windows\SYSTEM32\twinapi.appcore.dll

dbghelp: loaded successfully - version: 4.0.5 - missing functions: none
symbol engine: initialized successfully - sym options: 0x614 - pdb path: .;C:\Program Files\Eclipse Adoptium\jdk-17.0.1.12-hotspot\bin;C:\Windows\SYSTEM32;C:\Windows\WinSxS\amd64_microsoft.windows.common-controls_6595b64144ccf1df_6.0.19041.1110_none_60b5254171f9507e;C:\Program Files\Eclipse Adoptium\jdk-17.0.1.12-hotspot\bin\server;C:\Users\grado\AppData\Local\Temp\libgdxgrado\e1cd32f8;C:\Users\grado\AppData\Local\Temp\lwjglgrado\3.2.3-build-13;C:\Windows\System32\DriverStore\FileRepository\u0361612.inf_amd64_b679e02f70413f9f\B361368

VM Arguments:
jvm_args: -XX:+ShowCodeDetailsInExceptionMessages 
java_command: com.crazyputting3d.Main
java_class_path (initial): C:\Users\grado\Documents\Group-04\3dcrazyputting\desktop\bin\main;\CrazyPutting3D-core\bin\default;C:\Users\grado\Documents\Group-04\3dcrazyputting\core\bin\main;C:\Users\grado\.gradle\caches\modules-2\files-2.1\com.badlogicgames.gdx\gdx-backend-lwjgl3\1.10.0\600c7d5b2c977daa82c4abad147087b31e0ada87\gdx-backend-lwjgl3-1.10.0.jar;C:\Users\grado\.gradle\caches\modules-2\files-2.1\com.badlogicgames.gdx\gdx-platform\1.10.0\9a8fa793d2fd6d360afc6c9e4c1f5583da263b88\gdx-platform-1.10.0-natives-desktop.jar;C:\Users\grado\.gradle\caches\modules-2\files-2.1\com.badlogicgames.gdx\gdx-bullet-platform\1.10.0\ce92e8dfc762523d769cbc50853163c03bf98cf1\gdx-bullet-platform-1.10.0-natives-desktop.jar;C:\Users\grado\.gradle\caches\modules-2\files-2.1\com.badlogicgames.gdx\gdx-freetype-platform\1.10.0\6e5d28752759e69384f12e4569d2c884ff71352f\gdx-freetype-platform-1.10.0-natives-desktop.jar;C:\Users\grado\.gradle\caches\modules-2\files-2.1\com.badlogicgames.gdx-controllers\gdx-controllers-desktop\2.2.1\cb3430c32468a090eca54d494d16bb3764ceff9b\gdx-controllers-desktop-2.2.1.jar;C:\Users\grado\.gradle\caches\modules-2\files-2.1\org.jetbrains\annotations\20.1.0\2fcd1f3225bca0c4a7bc931142076f8c1e80993f\annotations-20.1.0.jar;C:\Users\grado\.gradle\caches\modules-2\files-2.1\com.badlogicgames.gdx\gdx-bullet\1.10.0\839b58c7278f5c3b55291c3a559d91227400ecdb\gdx-bullet-1.10.0.jar;C:\Users\grado\.gradle\caches\modules-2\files-2.1\com.badlogicgames.gdx\gdx-freetype\1.10.0\de1d0d5c1e92e8d91364256fd6b7bb279d3e9859\gdx-freetype-1.10.0.jar;C:\Users\grado\.gradle\caches\modules-2\files-2.1\com.badlogicgames.gdx\gdx-ai\1.8.2\ab75d2ce80ab1b1ce6828a15dc0f417abac4c674\gdx-ai-1.8.2.jar;C:\Users\grado\.gradle\caches\modules-2\files-2.1\com.badlogicgames.ashley\ashley\1.7.4\21a3a8932919099c4e5006a7d8378dcbe76ef8a5\ashley-1.7.4.jar;C:\Users\grado\.gradle\caches\modules-2\files-2.1\com.badlogicgames.box2dlights\box2dlights\1.5\6902dbcd250c95a27973aa24a147a95b3828d348\box2dlights-1.5.j
Launcher Type: SUN_STANDARD

[Global flags]
     intx CICompilerCount                          = 12                                        {product} {ergonomic}
     uint ConcGCThreads                            = 3                                         {product} {ergonomic}
     uint G1ConcRefinementThreads                  = 13                                        {product} {ergonomic}
   size_t G1HeapRegionSize                         = 2097152                                   {product} {ergonomic}
    uintx GCDrainStackTargetSize                   = 64                                        {product} {ergonomic}
   size_t InitialHeapSize                          = 257949696                                 {product} {ergonomic}
   size_t MarkStackSize                            = 4194304                                   {product} {ergonomic}
   size_t MaxHeapSize                              = 4127195136                                {product} {ergonomic}
   size_t MaxNewSize                               = 2474639360                                {product} {ergonomic}
   size_t MinHeapDeltaBytes                        = 2097152                                   {product} {ergonomic}
   size_t MinHeapSize                              = 8388608                                   {product} {ergonomic}
    uintx NonNMethodCodeHeapSize                   = 7602480                                {pd product} {ergonomic}
    uintx NonProfiledCodeHeapSize                  = 122027880                              {pd product} {ergonomic}
    uintx ProfiledCodeHeapSize                     = 122027880                              {pd product} {ergonomic}
    uintx ReservedCodeCacheSize                    = 251658240                              {pd product} {ergonomic}
     bool SegmentedCodeCache                       = true                                      {product} {ergonomic}
     bool ShowCodeDetailsInExceptionMessages       = true                                   {manageable} {command line}
   size_t SoftMaxHeapSize                          = 4127195136                             {manageable} {ergonomic}
     bool UseCompressedClassPointers               = true                           {product lp64_product} {ergonomic}
     bool UseCompressedOops                        = true                           {product lp64_product} {ergonomic}
     bool UseG1GC                                  = true                                      {product} {ergonomic}
     bool UseLargePagesIndividualAllocation        = false                                  {pd product} {ergonomic}

Logging:
Log output configuration:
 #0: stdout all=warning uptime,level,tags
 #1: stderr all=off uptime,level,tags

Environment Variables:
PATH=C:\Program Files\Common Files\Oracle\Java\javapath;C:\Windows\system32;C:\Windows;C:\Windows\System32\Wbem;C:\Windows\System32\WindowsPowerShell\v1.0\;C:\Windows\System32\OpenSSH\;C:\Program Files (x86)\NVIDIA Corporation\PhysX\Common;C:\Program Files\NVIDIA Corporation\NVIDIA NvDLISR;C:\Program Files\MATLAB\R2022a\bin;C:\Program Files\Gradle\gradle-7.4.2\bin;C:\Program Files\Git\cmd;C:\Users\grado\AppData\Local\Microsoft\WindowsApps;C:\Users\grado\AppData\Local\Programs\Microsoft VS Code\bin;C:\Users\grado\AppData\Local\GitHubDesktop\bin
USERNAME=grado
LANG=en_US.UTF-8
OS=Windows_NT
PROCESSOR_IDENTIFIER=AMD64 Family 23 Model 96 Stepping 1, AuthenticAMD



---------------  S Y S T E M  ---------------

OS:
 Windows 10 , 64 bit Build 19041 (10.0.19041.1741)
OS uptime: 1 days 16:27 hours

CPU: total 16 (initial active 16) (16 cores per cpu, 2 threads per core) family 23 model 96 stepping 1 microcode 0x0, cx8, cmov, fxsr, ht, mmx, 3dnowpref, sse, sse2, sse3, ssse3, sse4a, sse4.1, sse4.2, popcnt, lzcnt, tsc, tscinvbit, avx, avx2, aes, clmul, bmi1, bmi2, adx, sha, fma, vzeroupper, clflush, clflushopt

Memory: 4k page, system-wide physical 15741M (5502M free)
TotalPageFile size 22653M (AvailPageFile size 8156M)
current process WorkingSet (physical memory assigned to process): 498M, peak: 584M
current process commit charge ("private bytes"): 778M, peak: 876M

vm_info: OpenJDK 64-Bit Server VM (17.0.1+12) for windows-amd64 JRE (17.0.1+12), built on Oct 20 2021 07:42:55 by "" with MS VC++ 16.7 (VS2019)

END.
