#
# A fatal error has been detected by the Java Runtime Environment:
#
#  EXCEPTION_ACCESS_VIOLATION (0xc0000005) at pc=0x000002380bbd0000, pid=15028, tid=10176
#
# JRE version: OpenJDK Runtime Environment Temurin-17.0.1+12 (17.0.1+12) (build 17.0.1+12)
# Java VM: OpenJDK 64-Bit Server VM Temurin-17.0.1+12 (17.0.1+12, mixed mode, sharing, tiered, compressed oops, compressed class ptrs, g1 gc, windows-amd64)
# Problematic frame:
# C  0x000002380bbd0000
#
# No core dump will be written. Minidumps are not enabled by default on client versions of Windows
#
# If you would like to submit a bug report, please visit:
#   https://github.com/adoptium/adoptium-support/issues
# The crash happened outside the Java Virtual Machine in native code.
# See problematic frame for where to report the bug.
#

---------------  S U M M A R Y ------------

Command Line: -XX:+ShowCodeDetailsInExceptionMessages com.crazyputting3d.Main

Host: AMD Ryzen 7 4800H with Radeon Graphics         , 16 cores, 15G,  Windows 10 , 64 bit Build 19041 (10.0.19041.1706)
Time: Fri Jun 17 17:11:01 2022 Central European Daylight Time elapsed time: 10.583290 seconds (0d 0h 0m 10s)

---------------  T H R E A D  ---------------

Current thread (0x0000023868583520):  JavaThread "main" [_thread_in_native, id=10176, stack(0x000000d6b4000000,0x000000d6b4100000)]

Stack: [0x000000d6b4000000,0x000000d6b4100000],  sp=0x000000d6b40feca8,  free space=1019k
Native frames: (J=compiled Java code, j=interpreted, Vv=VM code, C=native code)
C  0x000002380bbd0000

Java frames: (J=compiled Java code, j=interpreted, Vv=VM code)
J 1189  org.lwjgl.system.JNI.invokePV(JJ)V (0 bytes) @ 0x0000023877c50a6c [0x0000023877c50a20+0x000000000000004c]
J 1955 c1 org.lwjgl.glfw.GLFW.glfwSwapBuffers(J)V (21 bytes) @ 0x0000023870afd5ac [0x0000023870afd4c0+0x00000000000000ec]
j  com.badlogic.gdx.backends.lwjgl3.Lwjgl3Window.update()Z+196
j  com.badlogic.gdx.backends.lwjgl3.Lwjgl3Application.loop()V+111
j  com.badlogic.gdx.backends.lwjgl3.Lwjgl3Application.<init>(Lcom/badlogic/gdx/ApplicationListener;Lcom/badlogic/gdx/backends/lwjgl3/Lwjgl3ApplicationConfiguration;)V+243
j  com.crazyputting3d.Main.main([Ljava/lang/String;)V+41
v  ~StubRoutines::call_stub

siginfo: EXCEPTION_ACCESS_VIOLATION (0xc0000005), data execution prevention violation at address 0x000002380bbd0000


Register to memory mapping:

RIP=0x000002380bbd0000 is an unknown value
RAX=0x000002380bbd0000 is an unknown value
RBX=0x0000000000010001 is an unknown value
RCX=0x0000000000010001 is an unknown value
RDX=0x000000d6b40fece0 is pointing into the stack for thread: 0x0000023868583520
RSP=0x000000d6b40feca8 is pointing into the stack for thread: 0x0000023868583520
RBP=0x000000d6b40fedb0 is pointing into the stack for thread: 0x0000023868583520
RSI=0x0000000000000110 is an unknown value
RDI=0x0000000000001144 is an unknown value
R8 =0x000002380cb80720 points into unknown readable memory: 0x00000238176b8010 | 10 80 6b 17 38 02 00 00
R9 =0x00007ffd84451b50 glfw.dll
R10=0x00007ffd84861b10 lwjgl.dll
R11=0x000000d6b40ff118 is pointing into the stack for thread: 0x0000023868583520
R12=0x0 is NULL
R13=0x000000d6b40ff218 is pointing into the stack for thread: 0x0000023868583520
R14=0x000000d6b40ff170 is pointing into the stack for thread: 0x0000023868583520
R15=0x0000023868583520 is a thread


Registers:
RAX=0x000002380bbd0000, RBX=0x0000000000010001, RCX=0x0000000000010001, RDX=0x000000d6b40fece0
RSP=0x000000d6b40feca8, RBP=0x000000d6b40fedb0, RSI=0x0000000000000110, RDI=0x0000000000001144
R8 =0x000002380cb80720, R9 =0x00007ffd84451b50, R10=0x00007ffd84861b10, R11=0x000000d6b40ff118
R12=0x0000000000000000, R13=0x000000d6b40ff218, R14=0x000000d6b40ff170, R15=0x0000023868583520
RIP=0x000002380bbd0000, EFLAGS=0x0000000000010206

Top of Stack: (sp=0x000000d6b40feca8)
0x000000d6b40feca8:   00007ffd84451f7c 000000070a0de108
0x000000d6b40fecb8:   0000140600000002 0000000700000014
0x000000d6b40fecc8:   438c000041700000 000000070a0e15c8
0x000000d6b40fecd8:   00000238709ac57c 57464c4720656854
0x000000d6b40fece8:   7972617262696c20 20746f6e20736920
0x000000d6b40fecf8:   696c616974696e69 000000d60064657a
0x000000d6b40fed08:   00007ffd7fd35e62 0000023868583520
0x000000d6b40fed18:   0000000000000000 00000000000001cc
0x000000d6b40fed28:   0000000000000000 0000000000000000
0x000000d6b40fed38:   000000006e7020f4 00000238685837c8
0x000000d6b40fed48:   00007ffd7fd35481 000000070a0f6728
0x000000d6b40fed58:   0000023877c4bd05 0000000200000003
0x000000d6b40fed68:   000000070a0e15e8 000000070a0f51d8
0x000000d6b40fed78:   000000070a0f59d8 0000000700000000
0x000000d6b40fed88:   000000070a0de108 0000000000000002
0x000000d6b40fed98:   00007ffd22939d0a 000000d6b40ff130 

Instructions: (pc=0x000002380bbd0000)
0x000002380bbcff00:   ?? ?? ?? ?? ?? ?? ?? ?? ?? ?? ?? ?? ?? ?? ?? ??
0x000002380bbcff10:   ?? ?? ?? ?? ?? ?? ?? ?? ?? ?? ?? ?? ?? ?? ?? ??
0x000002380bbcff20:   ?? ?? ?? ?? ?? ?? ?? ?? ?? ?? ?? ?? ?? ?? ?? ??
0x000002380bbcff30:   ?? ?? ?? ?? ?? ?? ?? ?? ?? ?? ?? ?? ?? ?? ?? ??
0x000002380bbcff40:   ?? ?? ?? ?? ?? ?? ?? ?? ?? ?? ?? ?? ?? ?? ?? ??
0x000002380bbcff50:   ?? ?? ?? ?? ?? ?? ?? ?? ?? ?? ?? ?? ?? ?? ?? ??
0x000002380bbcff60:   ?? ?? ?? ?? ?? ?? ?? ?? ?? ?? ?? ?? ?? ?? ?? ??
0x000002380bbcff70:   ?? ?? ?? ?? ?? ?? ?? ?? ?? ?? ?? ?? ?? ?? ?? ??
0x000002380bbcff80:   ?? ?? ?? ?? ?? ?? ?? ?? ?? ?? ?? ?? ?? ?? ?? ??
0x000002380bbcff90:   ?? ?? ?? ?? ?? ?? ?? ?? ?? ?? ?? ?? ?? ?? ?? ??
0x000002380bbcffa0:   ?? ?? ?? ?? ?? ?? ?? ?? ?? ?? ?? ?? ?? ?? ?? ??
0x000002380bbcffb0:   ?? ?? ?? ?? ?? ?? ?? ?? ?? ?? ?? ?? ?? ?? ?? ??
0x000002380bbcffc0:   ?? ?? ?? ?? ?? ?? ?? ?? ?? ?? ?? ?? ?? ?? ?? ??
0x000002380bbcffd0:   ?? ?? ?? ?? ?? ?? ?? ?? ?? ?? ?? ?? ?? ?? ?? ??
0x000002380bbcffe0:   ?? ?? ?? ?? ?? ?? ?? ?? ?? ?? ?? ?? ?? ?? ?? ??
0x000002380bbcfff0:   ?? ?? ?? ?? ?? ?? ?? ?? ?? ?? ?? ?? ?? ?? ?? ??
0x000002380bbd0000:   ?? ?? ?? ?? ?? ?? ?? ?? ?? ?? ?? ?? ?? ?? ?? ??
0x000002380bbd0010:   ?? ?? ?? ?? ?? ?? ?? ?? ?? ?? ?? ?? ?? ?? ?? ??
0x000002380bbd0020:   ?? ?? ?? ?? ?? ?? ?? ?? ?? ?? ?? ?? ?? ?? ?? ??
0x000002380bbd0030:   ?? ?? ?? ?? ?? ?? ?? ?? ?? ?? ?? ?? ?? ?? ?? ??
0x000002380bbd0040:   ?? ?? ?? ?? ?? ?? ?? ?? ?? ?? ?? ?? ?? ?? ?? ??
0x000002380bbd0050:   ?? ?? ?? ?? ?? ?? ?? ?? ?? ?? ?? ?? ?? ?? ?? ??
0x000002380bbd0060:   ?? ?? ?? ?? ?? ?? ?? ?? ?? ?? ?? ?? ?? ?? ?? ??
0x000002380bbd0070:   ?? ?? ?? ?? ?? ?? ?? ?? ?? ?? ?? ?? ?? ?? ?? ??
0x000002380bbd0080:   ?? ?? ?? ?? ?? ?? ?? ?? ?? ?? ?? ?? ?? ?? ?? ??
0x000002380bbd0090:   ?? ?? ?? ?? ?? ?? ?? ?? ?? ?? ?? ?? ?? ?? ?? ??
0x000002380bbd00a0:   ?? ?? ?? ?? ?? ?? ?? ?? ?? ?? ?? ?? ?? ?? ?? ??
0x000002380bbd00b0:   ?? ?? ?? ?? ?? ?? ?? ?? ?? ?? ?? ?? ?? ?? ?? ??
0x000002380bbd00c0:   ?? ?? ?? ?? ?? ?? ?? ?? ?? ?? ?? ?? ?? ?? ?? ??
0x000002380bbd00d0:   ?? ?? ?? ?? ?? ?? ?? ?? ?? ?? ?? ?? ?? ?? ?? ??
0x000002380bbd00e0:   ?? ?? ?? ?? ?? ?? ?? ?? ?? ?? ?? ?? ?? ?? ?? ??
0x000002380bbd00f0:   ?? ?? ?? ?? ?? ?? ?? ?? ?? ?? ?? ?? ?? ?? ?? ?? 


Stack slot to memory mapping:
stack at sp + 0 slots: 0x00007ffd84451f7c glfw.dll
stack at sp + 1 slots: 0x000000070a0de108 is an oop: com.badlogic.gdx.backends.lwjgl3.Lwjgl3GL20 
{0x000000070a0de108} - klass: 'com/badlogic/gdx/backends/lwjgl3/Lwjgl3GL20'
 - ---- fields (total size 3 words):
 - private 'buffer' 'Ljava/nio/ByteBuffer;' @12  a 'java/nio/DirectByteBuffer'{0x0000000718e00190} (e31c0032)
 - private 'floatBuffer' 'Ljava/nio/FloatBuffer;' @16  a 'java/nio/DirectFloatBufferU'{0x0000000718e001d0} (e31c003a)
 - private 'intBuffer' 'Ljava/nio/IntBuffer;' @20  a 'java/nio/DirectIntBufferU'{0x0000000718e00208} (e31c0041)
stack at sp + 2 slots: 0x0000140600000002 is an unknown value
stack at sp + 3 slots: 0x0000000700000014 is an unknown value
stack at sp + 4 slots: 0x438c000041700000 is an unknown value
stack at sp + 5 slots: 0x000000070a0e15c8 is an oop: com.badlogic.gdx.graphics.Mesh 
{0x000000070a0e15c8} - klass: 'com/badlogic/gdx/graphics/Mesh'
 - ---- fields (total size 4 words):
 - 'autoBind' 'Z' @12  true
 - final 'isVertexArray' 'Z' @13  true
 - 'isInstanced' 'Z' @14  false
 - final 'vertices' 'Lcom/badlogic/gdx/graphics/glutils/VertexData;' @16  a 'com/badlogic/gdx/graphics/glutils/VertexArray'{0x000000070a0e15e8} (e141c2bd)
 - final 'indices' 'Lcom/badlogic/gdx/graphics/glutils/IndexData;' @20  a 'com/badlogic/gdx/graphics/glutils/IndexArray'{0x000000070a0e1780} (e141c2f0)
 - 'instances' 'Lcom/badlogic/gdx/graphics/glutils/InstanceData;' @24  NULL (0)
 - private final 'tmpV' 'Lcom/badlogic/gdx/math/Vector3;' @28  a 'com/badlogic/gdx/math/Vector3'{0x000000070a0e1810} (e141c302)
stack at sp + 6 slots: 0x00000238709ac57c is at entry_point+2172 in (nmethod*)0x00000238709ab990
stack at sp + 7 slots: 0x57464c4720656854 is an unknown value


---------------  P R O C E S S  ---------------

Threads class SMR info:
_java_thread_list=0x000002381b0130a0, length=27, elements={
0x0000023868583520, 0x000002380bb48900, 0x000002380bb4ad20, 0x000002380bb62640,
0x000002380bb62f00, 0x000002380bb69900, 0x000002380bb6a6c0, 0x000002380bb6c940,
0x000002380bb6f810, 0x000002380c508070, 0x000002380c602da0, 0x000002380c62d130,
0x000002380c62e940, 0x000002380c62bdf0, 0x000002380fdbaa50, 0x00000238174a9d70,
0x000002380c62cc60, 0x000002380c62c790, 0x000002380c62b450, 0x000002380c62c2c0,
0x000002380c62e470, 0x000002380c62d600, 0x000002380c62dfa0, 0x000002381da81910,
0x000002381da81de0, 0x000002381da86ae0, 0x000002381da85c70
}

Java Threads: ( => current thread )
=>0x0000023868583520 JavaThread "main" [_thread_in_native, id=10176, stack(0x000000d6b4000000,0x000000d6b4100000)]
  0x000002380bb48900 JavaThread "Reference Handler" daemon [_thread_blocked, id=18972, stack(0x000000d6b4700000,0x000000d6b4800000)]
  0x000002380bb4ad20 JavaThread "Finalizer" daemon [_thread_blocked, id=26612, stack(0x000000d6b4800000,0x000000d6b4900000)]
  0x000002380bb62640 JavaThread "Signal Dispatcher" daemon [_thread_blocked, id=24092, stack(0x000000d6b4900000,0x000000d6b4a00000)]
  0x000002380bb62f00 JavaThread "Attach Listener" daemon [_thread_blocked, id=26844, stack(0x000000d6b4a00000,0x000000d6b4b00000)]
  0x000002380bb69900 JavaThread "Service Thread" daemon [_thread_blocked, id=11004, stack(0x000000d6b4b00000,0x000000d6b4c00000)]
  0x000002380bb6a6c0 JavaThread "Monitor Deflation Thread" daemon [_thread_blocked, id=11120, stack(0x000000d6b4c00000,0x000000d6b4d00000)]
  0x000002380bb6c940 JavaThread "C2 CompilerThread0" daemon [_thread_blocked, id=23284, stack(0x000000d6b4d00000,0x000000d6b4e00000)]
  0x000002380bb6f810 JavaThread "C1 CompilerThread0" daemon [_thread_blocked, id=17836, stack(0x000000d6b4e00000,0x000000d6b4f00000)]
  0x000002380c508070 JavaThread "Sweeper thread" daemon [_thread_blocked, id=10884, stack(0x000000d6b4f00000,0x000000d6b5000000)]
  0x000002380c602da0 JavaThread "C1 CompilerThread1" daemon [_thread_blocked, id=26636, stack(0x000000d6b5000000,0x000000d6b5100000)]
  0x000002380c62d130 JavaThread "Notification Thread" daemon [_thread_blocked, id=20392, stack(0x000000d6b5100000,0x000000d6b5200000)]
  0x000002380c62e940 JavaThread "Common-Cleaner" daemon [_thread_blocked, id=4692, stack(0x000000d6b5300000,0x000000d6b5400000)]
  0x000002380c62bdf0 JavaThread "LWJGL3 Timer" daemon [_thread_blocked, id=7408, stack(0x000000d6b5c00000,0x000000d6b5d00000)]
  0x000002380fdbaa50 JavaThread "C1 CompilerThread2" daemon [_thread_blocked, id=24416, stack(0x000000d6b6300000,0x000000d6b6400000)]
  0x00000238174a9d70 JavaThread "C1 CompilerThread3" daemon [_thread_blocked, id=21404, stack(0x000000d6b6900000,0x000000d6b6a00000)]
  0x000002380c62cc60 JavaThread "LWJGL3 Timer" daemon [_thread_blocked, id=19496, stack(0x000000d6b7500000,0x000000d6b7600000)]
  0x000002380c62c790 JavaThread "Java Sound Event Dispatcher" daemon [_thread_blocked, id=13204, stack(0x000000d6b7700000,0x000000d6b7800000)]
  0x000002380c62b450 JavaThread "Direct Clip" daemon [_thread_blocked, id=7684, stack(0x000000d6b7a00000,0x000000d6b7b00000)]
  0x000002380c62c2c0 JavaThread "Direct Clip" daemon [_thread_blocked, id=10588, stack(0x000000d6b6a00000,0x000000d6b6b00000)]
  0x000002380c62e470 JavaThread "Direct Clip" daemon [_thread_blocked, id=18288, stack(0x000000d6b7c00000,0x000000d6b7d00000)]
  0x000002380c62d600 JavaThread "Direct Clip" daemon [_thread_blocked, id=18372, stack(0x000000d6b7600000,0x000000d6b7700000)]
  0x000002380c62dfa0 JavaThread "Direct Clip" daemon [_thread_blocked, id=13456, stack(0x000000d6b7d00000,0x000000d6b7e00000)]
  0x000002381da81910 JavaThread "Direct Clip" daemon [_thread_blocked, id=26140, stack(0x000000d6b7f00000,0x000000d6b8000000)]
  0x000002381da81de0 JavaThread "Direct Clip" daemon [_thread_blocked, id=15380, stack(0x000000d6b7e00000,0x000000d6b7f00000)]
  0x000002381da86ae0 JavaThread "Direct Clip" daemon [_thread_blocked, id=23928, stack(0x000000d6b8000000,0x000000d6b8100000)]
  0x000002381da85c70 JavaThread "Direct Clip" daemon [_thread_blocked, id=27064, stack(0x000000d6b8100000,0x000000d6b8200000)]

Other Threads:
  0x000002380bb42920 VMThread "VM Thread" [stack: 0x000000d6b4600000,0x000000d6b4700000] [id=7676]
  0x000002380c62ef40 WatcherThread [stack: 0x000000d6b5200000,0x000000d6b5300000] [id=17048]
  0x00000238685dc460 GCTaskThread "GC Thread#0" [stack: 0x000000d6b4100000,0x000000d6b4200000] [id=23160]
  0x000002380f9c3450 GCTaskThread "GC Thread#1" [stack: 0x000000d6b5d00000,0x000000d6b5e00000] [id=8640]
  0x000002380f9c06a0 GCTaskThread "GC Thread#2" [stack: 0x000000d6b5e00000,0x000000d6b5f00000] [id=19548]
  0x000002380f9c3c60 GCTaskThread "GC Thread#3" [stack: 0x000000d6b5f00000,0x000000d6b6000000] [id=26064]
  0x000002380f9c2ef0 GCTaskThread "GC Thread#4" [stack: 0x000000d6b6000000,0x000000d6b6100000] [id=11868]
  0x000002380f9c39b0 GCTaskThread "GC Thread#5" [stack: 0x000000d6b6100000,0x000000d6b6200000] [id=1980]
  0x000002380f9c31a0 GCTaskThread "GC Thread#6" [stack: 0x000000d6b6200000,0x000000d6b6300000] [id=8856]
  0x00000238171259b0 GCTaskThread "GC Thread#7" [stack: 0x000000d6b6d00000,0x000000d6b6e00000] [id=25344]
  0x00000238685ed9b0 ConcurrentGCThread "G1 Main Marker" [stack: 0x000000d6b4200000,0x000000d6b4300000] [id=10096]
  0x00000238685eeb60 ConcurrentGCThread "G1 Conc#0" [stack: 0x000000d6b4300000,0x000000d6b4400000] [id=12200]
  0x000002380b9e20c0 ConcurrentGCThread "G1 Refine#0" [stack: 0x000000d6b4400000,0x000000d6b4500000] [id=25504]
  0x000002381770d300 ConcurrentGCThread "G1 Refine#1" [stack: 0x000000d6b6e00000,0x000000d6b6f00000] [id=26764]
  0x0000023817129f70 ConcurrentGCThread "G1 Refine#2" [stack: 0x000000d6b6f00000,0x000000d6b7000000] [id=18332]
  0x0000023817579df0 ConcurrentGCThread "G1 Refine#3" [stack: 0x000000d6b7000000,0x000000d6b7100000] [id=23848]
  0x00000238177a99d0 ConcurrentGCThread "G1 Refine#4" [stack: 0x000000d6b7100000,0x000000d6b7200000] [id=14640]
  0x000002381775b250 ConcurrentGCThread "G1 Refine#5" [stack: 0x000000d6b7200000,0x000000d6b7300000] [id=24740]
  0x0000023817732ec0 ConcurrentGCThread "G1 Refine#6" [stack: 0x000000d6b7300000,0x000000d6b7400000] [id=13992]
  0x000002381770cb40 ConcurrentGCThread "G1 Refine#7" [stack: 0x000000d6b7400000,0x000000d6b7500000] [id=23456]
  0x000002380b9e29e0 ConcurrentGCThread "G1 Service" [stack: 0x000000d6b4500000,0x000000d6b4600000] [id=1440]

Threads with active compile tasks:

VM state: not at safepoint (normal execution)

VM Mutex/Monitor currently owned by a thread: None

Heap address: 0x000000070a000000, size: 3936 MB, Compressed Oops mode: Zero based, Oop shift amount: 3

CDS archive(s) mapped at: [0x0000000800000000-0x0000000800bc0000-0x0000000800bc0000), size 12320768, SharedBaseAddress: 0x0000000800000000, ArchiveRelocationMode: 0.
Compressed class space mapped at: 0x0000000800c00000-0x0000000840c00000, reserved size: 1073741824
Narrow klass base: 0x0000000800000000, Narrow klass shift: 0, Narrow klass range: 0x100000000

GC Precious Log:
 CPUs: 16 total, 16 available
 Memory: 15741M
 Large Page Support: Disabled
 NUMA Support: Disabled
 Compressed Oops: Enabled (Zero based)
 Heap Region Size: 2M
 Heap Min Capacity: 8M
 Heap Initial Capacity: 246M
 Heap Max Capacity: 3936M
 Pre-touch: Disabled
 Parallel Workers: 13
 Concurrent Workers: 3
 Concurrent Refinement Workers: 13
 Periodic GC: Disabled

Heap:
 garbage-first heap   total 251904K, used 144870K [0x000000070a000000, 0x0000000800000000)
  region size 2048K, 34 young (69632K), 1 survivors (2048K)
 Metaspace       used 10316K, committed 10432K, reserved 1064960K
  class space    used 728K, committed 768K, reserved 1048576K

Heap Regions: E=young(eden), S=young(survivor), O=old, HS=humongous(starts), HC=humongous(continues), CS=collection set, F=free, OA=open archive, CA=closed archive, TAMS=top-at-mark-start (previous, next)
|   0|0x000000070a000000, 0x000000070a200000, 0x000000070a200000|100%| O|  |TAMS 0x000000070a000000, 0x000000070a000000| Untracked 
|   1|0x000000070a200000, 0x000000070a400000, 0x000000070a400000|100%|HS|  |TAMS 0x000000070a200000, 0x000000070a200000| Complete 
|   2|0x000000070a400000, 0x000000070a600000, 0x000000070a600000|100%|HS|  |TAMS 0x000000070a400000, 0x000000070a400000| Complete 
|   3|0x000000070a600000, 0x000000070a800000, 0x000000070a800000|100%|HS|  |TAMS 0x000000070a600000, 0x000000070a600000| Complete 
|   4|0x000000070a800000, 0x000000070aa00000, 0x000000070aa00000|100%| O|  |TAMS 0x000000070a800000, 0x000000070a800000| Untracked 
|   5|0x000000070aa00000, 0x000000070ac00000, 0x000000070ac00000|100%| O|  |TAMS 0x000000070aa00000, 0x000000070aa00000| Untracked 
|   6|0x000000070ac00000, 0x000000070ae00000, 0x000000070ae00000|100%| O|  |TAMS 0x000000070ac00000, 0x000000070ac00000| Untracked 
|   7|0x000000070ae00000, 0x000000070b000000, 0x000000070b000000|100%| O|  |TAMS 0x000000070ae00000, 0x000000070ae00000| Untracked 
|   8|0x000000070b000000, 0x000000070b200000, 0x000000070b200000|100%| O|  |TAMS 0x000000070b000000, 0x000000070b000000| Untracked 
|   9|0x000000070b200000, 0x000000070b400000, 0x000000070b400000|100%| O|  |TAMS 0x000000070b200000, 0x000000070b200000| Untracked 
|  10|0x000000070b400000, 0x000000070b600000, 0x000000070b600000|100%| O|  |TAMS 0x000000070b400000, 0x000000070b400000| Untracked 
|  11|0x000000070b600000, 0x000000070b68fc00, 0x000000070b800000| 28%| O|  |TAMS 0x000000070b600000, 0x000000070b600000| Untracked 
|  12|0x000000070b800000, 0x000000070ba00000, 0x000000070ba00000|100%|HS|  |TAMS 0x000000070b800000, 0x000000070b800000| Complete 
|  13|0x000000070ba00000, 0x000000070bc00000, 0x000000070bc00000|100%|HS|  |TAMS 0x000000070ba00000, 0x000000070ba00000| Complete 
|  14|0x000000070bc00000, 0x000000070be00000, 0x000000070be00000|100%|HS|  |TAMS 0x000000070bc00000, 0x000000070bc00000| Complete 
|  15|0x000000070be00000, 0x000000070c000000, 0x000000070c000000|100%|HS|  |TAMS 0x000000070be00000, 0x000000070be00000| Complete 
|  16|0x000000070c000000, 0x000000070c200000, 0x000000070c200000|100%|HS|  |TAMS 0x000000070c000000, 0x000000070c000000| Complete 
|  17|0x000000070c200000, 0x000000070c400000, 0x000000070c400000|100%|HS|  |TAMS 0x000000070c200000, 0x000000070c200000| Complete 
|  18|0x000000070c400000, 0x000000070c600000, 0x000000070c600000|100%|HS|  |TAMS 0x000000070c400000, 0x000000070c400000| Complete 
|  19|0x000000070c600000, 0x000000070c800000, 0x000000070c800000|100%|HS|  |TAMS 0x000000070c600000, 0x000000070c600000| Complete 
|  20|0x000000070c800000, 0x000000070ca00000, 0x000000070ca00000|100%|HS|  |TAMS 0x000000070c800000, 0x000000070c800000| Complete 
|  21|0x000000070ca00000, 0x000000070cc00000, 0x000000070cc00000|100%|HS|  |TAMS 0x000000070ca00000, 0x000000070ca00000| Complete 
|  22|0x000000070cc00000, 0x000000070ce00000, 0x000000070ce00000|100%|HS|  |TAMS 0x000000070cc00000, 0x000000070cc00000| Complete 
|  23|0x000000070ce00000, 0x000000070d000000, 0x000000070d000000|100%|HS|  |TAMS 0x000000070ce00000, 0x000000070ce00000| Complete 
|  24|0x000000070d000000, 0x000000070d200000, 0x000000070d200000|100%|HS|  |TAMS 0x000000070d000000, 0x000000070d000000| Complete 
|  25|0x000000070d200000, 0x000000070d400000, 0x000000070d400000|100%|HS|  |TAMS 0x000000070d200000, 0x000000070d200000| Complete 
|  26|0x000000070d400000, 0x000000070d600000, 0x000000070d600000|100%|HS|  |TAMS 0x000000070d400000, 0x000000070d400000| Complete 
|  27|0x000000070d600000, 0x000000070d800000, 0x000000070d800000|100%|HS|  |TAMS 0x000000070d600000, 0x000000070d600000| Complete 
|  28|0x000000070d800000, 0x000000070da00000, 0x000000070da00000|100%|HS|  |TAMS 0x000000070d800000, 0x000000070d800000| Complete 
|  29|0x000000070da00000, 0x000000070dc00000, 0x000000070dc00000|100%|HS|  |TAMS 0x000000070da00000, 0x000000070da00000| Complete 
|  30|0x000000070dc00000, 0x000000070de00000, 0x000000070de00000|100%|HS|  |TAMS 0x000000070dc00000, 0x000000070dc00000| Complete 
|  31|0x000000070de00000, 0x000000070e000000, 0x000000070e000000|100%|HS|  |TAMS 0x000000070de00000, 0x000000070de00000| Complete 
|  32|0x000000070e000000, 0x000000070e200000, 0x000000070e200000|100%|HS|  |TAMS 0x000000070e000000, 0x000000070e000000| Complete 
|  33|0x000000070e200000, 0x000000070e400000, 0x000000070e400000|100%|HS|  |TAMS 0x000000070e200000, 0x000000070e200000| Complete 
|  34|0x000000070e400000, 0x000000070e600000, 0x000000070e600000|100%|HS|  |TAMS 0x000000070e400000, 0x000000070e400000| Complete 
|  35|0x000000070e600000, 0x000000070e800000, 0x000000070e800000|100%|HS|  |TAMS 0x000000070e600000, 0x000000070e600000| Complete 
|  36|0x000000070e800000, 0x000000070ea00000, 0x000000070ea00000|100%|HS|  |TAMS 0x000000070e800000, 0x000000070e800000| Complete 
|  37|0x000000070ea00000, 0x000000070ec00000, 0x000000070ec00000|100%|HS|  |TAMS 0x000000070ea00000, 0x000000070ea00000| Complete 
|  38|0x000000070ec00000, 0x000000070ee00000, 0x000000070ee00000|100%|HS|  |TAMS 0x000000070ec00000, 0x000000070ec00000| Complete 
|  39|0x000000070ee00000, 0x000000070ee00000, 0x000000070f000000|  0%| F|  |TAMS 0x000000070ee00000, 0x000000070ee00000| Untracked 
|  40|0x000000070f000000, 0x000000070f000000, 0x000000070f200000|  0%| F|  |TAMS 0x000000070f000000, 0x000000070f000000| Untracked 
|  41|0x000000070f200000, 0x000000070f200000, 0x000000070f400000|  0%| F|  |TAMS 0x000000070f200000, 0x000000070f200000| Untracked 
|  42|0x000000070f400000, 0x000000070f400000, 0x000000070f600000|  0%| F|  |TAMS 0x000000070f400000, 0x000000070f400000| Untracked 
|  43|0x000000070f600000, 0x000000070f600000, 0x000000070f800000|  0%| F|  |TAMS 0x000000070f600000, 0x000000070f600000| Untracked 
|  44|0x000000070f800000, 0x000000070f800000, 0x000000070fa00000|  0%| F|  |TAMS 0x000000070f800000, 0x000000070f800000| Untracked 
|  45|0x000000070fa00000, 0x000000070fa00000, 0x000000070fc00000|  0%| F|  |TAMS 0x000000070fa00000, 0x000000070fa00000| Untracked 
|  46|0x000000070fc00000, 0x000000070fc00000, 0x000000070fe00000|  0%| F|  |TAMS 0x000000070fc00000, 0x000000070fc00000| Untracked 
|  47|0x000000070fe00000, 0x000000070fe00000, 0x0000000710000000|  0%| F|  |TAMS 0x000000070fe00000, 0x000000070fe00000| Untracked 
|  48|0x0000000710000000, 0x0000000710000000, 0x0000000710200000|  0%| F|  |TAMS 0x0000000710000000, 0x0000000710000000| Untracked 
|  49|0x0000000710200000, 0x0000000710200000, 0x0000000710400000|  0%| F|  |TAMS 0x0000000710200000, 0x0000000710200000| Untracked 
|  50|0x0000000710400000, 0x0000000710400000, 0x0000000710600000|  0%| F|  |TAMS 0x0000000710400000, 0x0000000710400000| Untracked 
|  51|0x0000000710600000, 0x0000000710600000, 0x0000000710800000|  0%| F|  |TAMS 0x0000000710600000, 0x0000000710600000| Untracked 
|  52|0x0000000710800000, 0x0000000710800000, 0x0000000710a00000|  0%| F|  |TAMS 0x0000000710800000, 0x0000000710800000| Untracked 
|  53|0x0000000710a00000, 0x0000000710a00000, 0x0000000710c00000|  0%| F|  |TAMS 0x0000000710a00000, 0x0000000710a00000| Untracked 
|  54|0x0000000710c00000, 0x0000000710c00000, 0x0000000710e00000|  0%| F|  |TAMS 0x0000000710c00000, 0x0000000710c00000| Untracked 
|  55|0x0000000710e00000, 0x0000000710e00000, 0x0000000711000000|  0%| F|  |TAMS 0x0000000710e00000, 0x0000000710e00000| Untracked 
|  56|0x0000000711000000, 0x0000000711000000, 0x0000000711200000|  0%| F|  |TAMS 0x0000000711000000, 0x0000000711000000| Untracked 
|  57|0x0000000711200000, 0x0000000711200000, 0x0000000711400000|  0%| F|  |TAMS 0x0000000711200000, 0x0000000711200000| Untracked 
|  58|0x0000000711400000, 0x0000000711400000, 0x0000000711600000|  0%| F|  |TAMS 0x0000000711400000, 0x0000000711400000| Untracked 
|  59|0x0000000711600000, 0x0000000711600000, 0x0000000711800000|  0%| F|  |TAMS 0x0000000711600000, 0x0000000711600000| Untracked 
|  60|0x0000000711800000, 0x0000000711800000, 0x0000000711a00000|  0%| F|  |TAMS 0x0000000711800000, 0x0000000711800000| Untracked 
|  61|0x0000000711a00000, 0x0000000711a00000, 0x0000000711c00000|  0%| F|  |TAMS 0x0000000711a00000, 0x0000000711a00000| Untracked 
|  62|0x0000000711c00000, 0x0000000711c00000, 0x0000000711e00000|  0%| F|  |TAMS 0x0000000711c00000, 0x0000000711c00000| Untracked 
|  63|0x0000000711e00000, 0x0000000711e00000, 0x0000000712000000|  0%| F|  |TAMS 0x0000000711e00000, 0x0000000711e00000| Untracked 
|  64|0x0000000712000000, 0x0000000712000000, 0x0000000712200000|  0%| F|  |TAMS 0x0000000712000000, 0x0000000712000000| Untracked 
|  65|0x0000000712200000, 0x0000000712200000, 0x0000000712400000|  0%| F|  |TAMS 0x0000000712200000, 0x0000000712200000| Untracked 
|  66|0x0000000712400000, 0x0000000712400000, 0x0000000712600000|  0%| F|  |TAMS 0x0000000712400000, 0x0000000712400000| Untracked 
|  67|0x0000000712600000, 0x0000000712600000, 0x0000000712800000|  0%| F|  |TAMS 0x0000000712600000, 0x0000000712600000| Untracked 
|  68|0x0000000712800000, 0x0000000712800000, 0x0000000712a00000|  0%| F|  |TAMS 0x0000000712800000, 0x0000000712800000| Untracked 
|  69|0x0000000712a00000, 0x0000000712a00000, 0x0000000712c00000|  0%| F|  |TAMS 0x0000000712a00000, 0x0000000712a00000| Untracked 
|  70|0x0000000712c00000, 0x0000000712c00000, 0x0000000712e00000|  0%| F|  |TAMS 0x0000000712c00000, 0x0000000712c00000| Untracked 
|  71|0x0000000712e00000, 0x0000000712e00000, 0x0000000713000000|  0%| F|  |TAMS 0x0000000712e00000, 0x0000000712e00000| Untracked 
|  72|0x0000000713000000, 0x0000000713000000, 0x0000000713200000|  0%| F|  |TAMS 0x0000000713000000, 0x0000000713000000| Untracked 
|  73|0x0000000713200000, 0x0000000713200000, 0x0000000713400000|  0%| F|  |TAMS 0x0000000713200000, 0x0000000713200000| Untracked 
|  74|0x0000000713400000, 0x0000000713400000, 0x0000000713600000|  0%| F|  |TAMS 0x0000000713400000, 0x0000000713400000| Untracked 
|  75|0x0000000713600000, 0x0000000713600000, 0x0000000713800000|  0%| F|  |TAMS 0x0000000713600000, 0x0000000713600000| Untracked 
|  76|0x0000000713800000, 0x0000000713800000, 0x0000000713a00000|  0%| F|  |TAMS 0x0000000713800000, 0x0000000713800000| Untracked 
|  77|0x0000000713a00000, 0x0000000713a00000, 0x0000000713c00000|  0%| F|  |TAMS 0x0000000713a00000, 0x0000000713a00000| Untracked 
|  78|0x0000000713c00000, 0x0000000713c00000, 0x0000000713e00000|  0%| F|  |TAMS 0x0000000713c00000, 0x0000000713c00000| Untracked 
|  79|0x0000000713e00000, 0x0000000713e00000, 0x0000000714000000|  0%| F|  |TAMS 0x0000000713e00000, 0x0000000713e00000| Untracked 
|  80|0x0000000714000000, 0x0000000714000000, 0x0000000714200000|  0%| F|  |TAMS 0x0000000714000000, 0x0000000714000000| Untracked 
|  81|0x0000000714200000, 0x0000000714200000, 0x0000000714400000|  0%| F|  |TAMS 0x0000000714200000, 0x0000000714200000| Untracked 
|  82|0x0000000714400000, 0x0000000714400000, 0x0000000714600000|  0%| F|  |TAMS 0x0000000714400000, 0x0000000714400000| Untracked 
|  83|0x0000000714600000, 0x0000000714600000, 0x0000000714800000|  0%| F|  |TAMS 0x0000000714600000, 0x0000000714600000| Untracked 
|  84|0x0000000714800000, 0x0000000714800000, 0x0000000714a00000|  0%| F|  |TAMS 0x0000000714800000, 0x0000000714800000| Untracked 
|  85|0x0000000714a00000, 0x0000000714a00000, 0x0000000714c00000|  0%| F|  |TAMS 0x0000000714a00000, 0x0000000714a00000| Untracked 
|  86|0x0000000714c00000, 0x0000000714c00000, 0x0000000714e00000|  0%| F|  |TAMS 0x0000000714c00000, 0x0000000714c00000| Untracked 
|  87|0x0000000714e00000, 0x0000000714e00000, 0x0000000715000000|  0%| F|  |TAMS 0x0000000714e00000, 0x0000000714e00000| Untracked 
|  88|0x0000000715000000, 0x0000000715000000, 0x0000000715200000|  0%| F|  |TAMS 0x0000000715000000, 0x0000000715000000| Untracked 
|  89|0x0000000715200000, 0x0000000715400000, 0x0000000715400000|100%| E|  |TAMS 0x0000000715200000, 0x0000000715200000| Complete 
|  90|0x0000000715400000, 0x0000000715600000, 0x0000000715600000|100%| E|CS|TAMS 0x0000000715400000, 0x0000000715400000| Complete 
|  91|0x0000000715600000, 0x0000000715800000, 0x0000000715800000|100%| E|CS|TAMS 0x0000000715600000, 0x0000000715600000| Complete 
|  92|0x0000000715800000, 0x0000000715a00000, 0x0000000715a00000|100%| E|CS|TAMS 0x0000000715800000, 0x0000000715800000| Complete 
|  93|0x0000000715a00000, 0x0000000715c00000, 0x0000000715c00000|100%| E|CS|TAMS 0x0000000715a00000, 0x0000000715a00000| Complete 
|  94|0x0000000715c00000, 0x0000000715e00000, 0x0000000715e00000|100%| E|CS|TAMS 0x0000000715c00000, 0x0000000715c00000| Complete 
|  95|0x0000000715e00000, 0x0000000716000000, 0x0000000716000000|100%| E|CS|TAMS 0x0000000715e00000, 0x0000000715e00000| Complete 
|  96|0x0000000716000000, 0x0000000716200000, 0x0000000716200000|100%| E|CS|TAMS 0x0000000716000000, 0x0000000716000000| Complete 
|  97|0x0000000716200000, 0x0000000716400000, 0x0000000716400000|100%| E|CS|TAMS 0x0000000716200000, 0x0000000716200000| Complete 
|  98|0x0000000716400000, 0x0000000716600000, 0x0000000716600000|100%| E|CS|TAMS 0x0000000716400000, 0x0000000716400000| Complete 
|  99|0x0000000716600000, 0x0000000716800000, 0x0000000716800000|100%| E|CS|TAMS 0x0000000716600000, 0x0000000716600000| Complete 
| 100|0x0000000716800000, 0x0000000716a00000, 0x0000000716a00000|100%| E|CS|TAMS 0x0000000716800000, 0x0000000716800000| Complete 
| 101|0x0000000716a00000, 0x0000000716c00000, 0x0000000716c00000|100%| E|CS|TAMS 0x0000000716a00000, 0x0000000716a00000| Complete 
| 102|0x0000000716c00000, 0x0000000716e00000, 0x0000000716e00000|100%| E|CS|TAMS 0x0000000716c00000, 0x0000000716c00000| Complete 
| 103|0x0000000716e00000, 0x0000000717000000, 0x0000000717000000|100%| E|CS|TAMS 0x0000000716e00000, 0x0000000716e00000| Complete 
| 104|0x0000000717000000, 0x0000000717200000, 0x0000000717200000|100%| E|CS|TAMS 0x0000000717000000, 0x0000000717000000| Complete 
| 105|0x0000000717200000, 0x0000000717400000, 0x0000000717400000|100%| E|CS|TAMS 0x0000000717200000, 0x0000000717200000| Complete 
| 106|0x0000000717400000, 0x0000000717600000, 0x0000000717600000|100%| E|CS|TAMS 0x0000000717400000, 0x0000000717400000| Complete 
| 107|0x0000000717600000, 0x0000000717800000, 0x0000000717800000|100%| E|CS|TAMS 0x0000000717600000, 0x0000000717600000| Complete 
| 108|0x0000000717800000, 0x0000000717a00000, 0x0000000717a00000|100%| E|CS|TAMS 0x0000000717800000, 0x0000000717800000| Complete 
| 109|0x0000000717a00000, 0x0000000717c00000, 0x0000000717c00000|100%| E|CS|TAMS 0x0000000717a00000, 0x0000000717a00000| Complete 
| 110|0x0000000717c00000, 0x0000000717e00000, 0x0000000717e00000|100%| E|CS|TAMS 0x0000000717c00000, 0x0000000717c00000| Complete 
| 111|0x0000000717e00000, 0x0000000718000000, 0x0000000718000000|100%| E|CS|TAMS 0x0000000717e00000, 0x0000000717e00000| Complete 
| 112|0x0000000718000000, 0x0000000718200000, 0x0000000718200000|100%| E|CS|TAMS 0x0000000718000000, 0x0000000718000000| Complete 
| 113|0x0000000718200000, 0x0000000718400000, 0x0000000718400000|100%| E|CS|TAMS 0x0000000718200000, 0x0000000718200000| Complete 
| 114|0x0000000718400000, 0x0000000718600000, 0x0000000718600000|100%| E|CS|TAMS 0x0000000718400000, 0x0000000718400000| Complete 
| 115|0x0000000718600000, 0x0000000718800000, 0x0000000718800000|100%| E|CS|TAMS 0x0000000718600000, 0x0000000718600000| Complete 
| 116|0x0000000718800000, 0x0000000718a00000, 0x0000000718a00000|100%| E|CS|TAMS 0x0000000718800000, 0x0000000718800000| Complete 
| 117|0x0000000718a00000, 0x0000000718c00000, 0x0000000718c00000|100%| E|CS|TAMS 0x0000000718a00000, 0x0000000718a00000| Complete 
| 118|0x0000000718c00000, 0x0000000718e00000, 0x0000000718e00000|100%| E|CS|TAMS 0x0000000718c00000, 0x0000000718c00000| Complete 
| 119|0x0000000718e00000, 0x0000000718ee9db8, 0x0000000719000000| 45%| S|CS|TAMS 0x0000000718e00000, 0x0000000718e00000| Complete 
| 120|0x0000000719000000, 0x0000000719200000, 0x0000000719200000|100%| E|CS|TAMS 0x0000000719000000, 0x0000000719000000| Complete 
| 121|0x0000000719200000, 0x0000000719400000, 0x0000000719400000|100%| E|CS|TAMS 0x0000000719200000, 0x0000000719200000| Complete 
| 122|0x0000000719400000, 0x0000000719600000, 0x0000000719600000|100%| E|CS|TAMS 0x0000000719400000, 0x0000000719400000| Complete 

Card table byte_map: [0x00000238007b0000,0x0000023800f60000] _byte_map_base: 0x00000237fcf60000

Marking Bits (Prev, Next): (CMBitMap*) 0x00000238685dda80, (CMBitMap*) 0x00000238685ddac0
 Prev Bits: [0x0000023801710000, 0x0000023805490000)
 Next Bits: [0x0000023805490000, 0x0000023809210000)

Polling page: 0x0000023866500000

Metaspace:

Usage:
  Non-class:      9.36 MB used.
      Class:    728.14 KB used.
       Both:     10.07 MB used.

Virtual space:
  Non-class space:       16.00 MB reserved,       9.44 MB ( 59%) committed,  2 nodes.
      Class space:        1.00 GB reserved,     768.00 KB ( <1%) committed,  1 nodes.
             Both:        1.02 GB reserved,      10.19 MB ( <1%) committed. 

Chunk freelists:
   Non-Class:  640.00 KB
       Class:  3.19 MB
        Both:  3.81 MB

MaxMetaspaceSize: unlimited
CompressedClassSpaceSize: 1.00 GB
Initial GC threshold: 21.00 MB
Current GC threshold: 21.00 MB
CDS: on
MetaspaceReclaimPolicy: balanced
 - commit_granule_bytes: 65536.
 - commit_granule_words: 8192.
 - virtual_space_node_default_size: 1048576.
 - enlarge_chunks_in_place: 1.
 - new_chunks_are_fully_committed: 0.
 - uncommit_free_chunks: 1.
 - use_allocation_guard: 0.
 - handle_deallocations: 1.


Internal statistics:

num_allocs_failed_limit: 0.
num_arena_births: 44.
num_arena_deaths: 0.
num_vsnodes_births: 3.
num_vsnodes_deaths: 0.
num_space_committed: 161.
num_space_uncommitted: 0.
num_chunks_returned_to_freelist: 0.
num_chunks_taken_from_freelist: 322.
num_chunk_merges: 0.
num_chunk_splits: 274.
num_chunks_enlarged: 250.
num_purges: 0.
num_inconsistent_stats: 0.

CodeHeap 'non-profiled nmethods': size=119168Kb used=1438Kb max_used=1438Kb free=117729Kb
 bounds [0x0000023877bf0000, 0x0000023877e60000, 0x000002387f050000]
CodeHeap 'profiled nmethods': size=119104Kb used=3992Kb max_used=3992Kb free=115111Kb
 bounds [0x00000238707a0000, 0x0000023870b90000, 0x0000023877bf0000]
CodeHeap 'non-nmethods': size=7488Kb used=3352Kb max_used=3391Kb free=4136Kb
 bounds [0x0000023870050000, 0x00000238703b0000, 0x00000238707a0000]
 total_blobs=3369 nmethods=2258 adapters=1021
 compilation: enabled
              stopped_count=0, restarted_count=0
 full_count=0

Compilation events (20 events):
Event: 9.898 Thread 0x00000238174a9d70 nmethod 2253 0x0000023870b73410 code [0x0000023870b735c0, 0x0000023870b737b8]
Event: 9.898 Thread 0x000002380c602da0 nmethod 2254 0x0000023870b73890 code [0x0000023870b73a40, 0x0000023870b73c88]
Event: 9.898 Thread 0x000002380fdbaa50 nmethod 2251 0x0000023870b73d90 code [0x0000023870b74080, 0x0000023870b75088]
Event: 9.899 Thread 0x000002380bb6f810 nmethod 2252 0x0000023870b75710 code [0x0000023870b75b20, 0x0000023870b76fb8]
Event: 9.905 Thread 0x00000238174a9d70 2255       3       com.badlogic.gdx.graphics.g3d.utils.RenderContext::end (80 bytes)
Event: 9.905 Thread 0x000002380bb6f810 2256       3       com.crazyputting3d.UI.game3d::renderBall (400 bytes)
Event: 9.905 Thread 0x00000238174a9d70 nmethod 2255 0x0000023870b77a90 code [0x0000023870b77d00, 0x0000023870b78608]
Event: 9.905 Thread 0x000002380c602da0 2257       3       com.crazyputting3d.UI.game3d::renderStick1 (199 bytes)
Event: 9.906 Thread 0x000002380bb6f810 nmethod 2256 0x0000023870b78a10 code [0x0000023870b78ee0, 0x0000023870b7abf8]
Event: 9.906 Thread 0x000002380c602da0 nmethod 2257 0x0000023870b7b790 code [0x0000023870b7bbc0, 0x0000023870b7d9d8]
Event: 9.913 Thread 0x000002380fdbaa50 2258       3       com.crazyputting3d.UI.game3d::update (1149 bytes)
Event: 9.913 Thread 0x000002380c602da0 2259       3       com.badlogic.gdx.graphics.g3d.utils.FirstPersonCameraController::update (368 bytes)
Event: 9.913 Thread 0x000002380bb6f810 2260       3       com.badlogic.gdx.graphics.g3d.ModelBatch::begin (37 bytes)
Event: 9.913 Thread 0x000002380bb6f810 nmethod 2260 0x0000023870b7e490 code [0x0000023870b7e660, 0x0000023870b7e958]
Event: 9.914 Thread 0x000002380c602da0 nmethod 2259 0x0000023870b7ea90 code [0x0000023870b7ef40, 0x0000023870b80a88]
Event: 9.915 Thread 0x000002380fdbaa50 nmethod 2258 0x0000023870b81790 code [0x0000023870b81dc0, 0x0000023870b852d8]
Event: 10.021 Thread 0x000002380bb6c940 2261       4       com.badlogic.gdx.utils.BufferUtils::copy (45 bytes)
Event: 10.023 Thread 0x000002380bb6c940 nmethod 2261 0x0000023877d56f10 code [0x0000023877d570a0, 0x0000023877d57268]
Event: 10.071 Thread 0x000002380bb6c940 2262       4       java.nio.ShortBuffer::limit (6 bytes)
Event: 10.072 Thread 0x000002380bb6c940 nmethod 2262 0x0000023877d57510 code [0x0000023877d57680, 0x0000023877d57778]

GC Heap History (6 events):
Event: 2.208 GC heap before
{Heap before GC invocations=0 (full 0):
 garbage-first heap   total 251904K, used 22528K [0x000000070a000000, 0x0000000800000000)
  region size 2048K, 11 young (22528K), 0 survivors (0K)
 Metaspace       used 7231K, committed 7360K, reserved 1064960K
  class space    used 444K, committed 512K, reserved 1048576K
}
Event: 2.211 GC heap after
{Heap after GC invocations=1 (full 0):
 garbage-first heap   total 251904K, used 2547K [0x000000070a000000, 0x0000000800000000)
  region size 2048K, 2 young (4096K), 2 survivors (4096K)
 Metaspace       used 7231K, committed 7360K, reserved 1064960K
  class space    used 444K, committed 512K, reserved 1048576K
}
Event: 4.896 GC heap before
{Heap before GC invocations=1 (full 0):
 garbage-first heap   total 251904K, used 41459K [0x000000070a000000, 0x0000000800000000)
  region size 2048K, 17 young (34816K), 2 survivors (4096K)
 Metaspace       used 9566K, committed 9664K, reserved 1064960K
  class space    used 671K, committed 704K, reserved 1048576K
}
Event: 4.903 GC heap after
{Heap after GC invocations=2 (full 0):
 garbage-first heap   total 251904K, used 22225K [0x000000070a000000, 0x0000000800000000)
  region size 2048K, 3 young (6144K), 3 survivors (6144K)
 Metaspace       used 9566K, committed 9664K, reserved 1064960K
  class space    used 671K, committed 704K, reserved 1048576K
}
Event: 5.487 GC heap before
{Heap before GC invocations=2 (full 0):
 garbage-first heap   total 251904K, used 28369K [0x000000070a000000, 0x0000000800000000)
  region size 2048K, 6 young (12288K), 3 survivors (6144K)
 Metaspace       used 9775K, committed 9856K, reserved 1064960K
  class space    used 677K, committed 704K, reserved 1048576K
}
Event: 5.492 GC heap after
{Heap after GC invocations=3 (full 0):
 garbage-first heap   total 251904K, used 24038K [0x000000070a000000, 0x0000000800000000)
  region size 2048K, 1 young (2048K), 1 survivors (2048K)
 Metaspace       used 9775K, committed 9856K, reserved 1064960K
  class space    used 677K, committed 704K, reserved 1048576K
}

Deoptimization events (20 events):
Event: 6.037 Thread 0x0000023868583520 DEOPT PACKING pc=0x0000023877cdb4c0 sp=0x000000d6b40fe830
Event: 6.037 Thread 0x0000023868583520 DEOPT UNPACKING pc=0x00000238700a23a3 sp=0x000000d6b40fe7c8 mode 2
Event: 6.112 Thread 0x0000023868583520 DEOPT PACKING pc=0x0000023870af4305 sp=0x000000d6b40fe950
Event: 6.112 Thread 0x0000023868583520 DEOPT UNPACKING pc=0x00000238700a2b43 sp=0x000000d6b40fde50 mode 0
Event: 7.591 Thread 0x0000023868583520 Uncommon trap: trap_request=0xffffff45 fr.pc=0x0000023877cee6a4 relative=0x00000000000020e4
Event: 7.591 Thread 0x0000023868583520 Uncommon trap: reason=unstable_if action=reinterpret pc=0x0000023877cee6a4 method=com.badlogic.gdx.utils.TimSort.mergeHi(IIII)V @ 269 c2
Event: 7.591 Thread 0x0000023868583520 DEOPT PACKING pc=0x0000023877cee6a4 sp=0x000000d6b40feaa0
Event: 7.591 Thread 0x0000023868583520 DEOPT UNPACKING pc=0x00000238700a23a3 sp=0x000000d6b40feab0 mode 2
Event: 7.631 Thread 0x0000023868583520 DEOPT PACKING pc=0x0000023870b3fc91 sp=0x000000d6b40feaa0
Event: 7.631 Thread 0x0000023868583520 DEOPT UNPACKING pc=0x00000238700a2b43 sp=0x000000d6b40fdf98 mode 0
Event: 7.664 Thread 0x0000023868583520 DEOPT PACKING pc=0x0000023870b3fc91 sp=0x000000d6b40feaa0
Event: 7.664 Thread 0x0000023868583520 DEOPT UNPACKING pc=0x00000238700a2b43 sp=0x000000d6b40fdf98 mode 0
Event: 7.698 Thread 0x0000023868583520 DEOPT PACKING pc=0x0000023870b3fc91 sp=0x000000d6b40feaa0
Event: 7.698 Thread 0x0000023868583520 DEOPT UNPACKING pc=0x00000238700a2b43 sp=0x000000d6b40fdf98 mode 0
Event: 7.731 Thread 0x0000023868583520 DEOPT PACKING pc=0x0000023870b3fc91 sp=0x000000d6b40feaa0
Event: 7.731 Thread 0x0000023868583520 DEOPT UNPACKING pc=0x00000238700a2b43 sp=0x000000d6b40fdf98 mode 0
Event: 7.765 Thread 0x0000023868583520 DEOPT PACKING pc=0x0000023870b3fc91 sp=0x000000d6b40feaa0
Event: 7.765 Thread 0x0000023868583520 DEOPT UNPACKING pc=0x00000238700a2b43 sp=0x000000d6b40fdf98 mode 0
Event: 7.807 Thread 0x0000023868583520 DEOPT PACKING pc=0x0000023870b3fc91 sp=0x000000d6b40feaa0
Event: 7.807 Thread 0x0000023868583520 DEOPT UNPACKING pc=0x00000238700a2b43 sp=0x000000d6b40fdf98 mode 0

Classes unloaded (0 events):
No events

Classes redefined (0 events):
No events

Internal exceptions (20 events):
Event: 0.182 Thread 0x0000023868583520 Exception <a 'java/lang/NoSuchMethodError'{0x0000000718e05388}: 'void java.lang.invoke.DirectMethodHandle$Holder.invokeStatic(java.lang.Object, java.lang.Object)'> (0x0000000718e05388) 
thrown [e:\jenkins\tmp\workspace\build\src\src\hotspot\share\interpreter\linkResolver.cpp, line 766]
Event: 0.183 Thread 0x0000023868583520 Exception <a 'java/lang/NoSuchMethodError'{0x0000000718e0abd0}: 'void java.lang.invoke.DirectMethodHandle$Holder.invokeSpecial(java.lang.Object, java.lang.Object, java.lang.Object)'> (0x0000000718e0abd0) 
thrown [e:\jenkins\tmp\workspace\build\src\src\hotspot\share\interpreter\linkResolver.cpp, line 766]
Event: 0.186 Thread 0x0000023868583520 Exception <a 'java/lang/NoSuchMethodError'{0x0000000718e1df58}: 'java.lang.Object java.lang.invoke.DirectMethodHandle$Holder.invokeStatic(java.lang.Object, java.lang.Object, int)'> (0x0000000718e1df58) 
thrown [e:\jenkins\tmp\workspace\build\src\src\hotspot\share\interpreter\linkResolver.cpp, line 766]
Event: 0.187 Thread 0x0000023868583520 Exception <a 'java/lang/NoSuchMethodError'{0x0000000718e29cc8}: 'void java.lang.invoke.DelegatingMethodHandle$Holder.delegate(java.lang.Object, java.lang.Object, int, java.lang.Object)'> (0x0000000718e29cc8) 
thrown [e:\jenkins\tmp\workspace\build\src\src\hotspot\share\interpreter\linkResolver.cpp, line 766]
Event: 0.188 Thread 0x0000023868583520 Exception <a 'java/lang/NoSuchMethodError'{0x0000000718e2df08}: 'int java.lang.invoke.DirectMethodHandle$Holder.invokeSpecial(java.lang.Object, java.lang.Object, java.lang.Object)'> (0x0000000718e2df08) 
thrown [e:\jenkins\tmp\workspace\build\src\src\hotspot\share\interpreter\linkResolver.cpp, line 766]
Event: 0.218 Thread 0x0000023868583520 Exception <a 'sun/nio/fs/WindowsException'{0x0000000718ed4d28}> (0x0000000718ed4d28) 
thrown [e:\jenkins\tmp\workspace\build\src\src\hotspot\share\prims\jni.cpp, line 516]
Event: 0.219 Thread 0x0000023868583520 Exception <a 'sun/nio/fs/WindowsException'{0x0000000718ed5280}> (0x0000000718ed5280) 
thrown [e:\jenkins\tmp\workspace\build\src\src\hotspot\share\prims\jni.cpp, line 516]
Event: 0.239 Thread 0x0000023868583520 Exception <a 'sun/nio/fs/WindowsException'{0x0000000718fc44c8}> (0x0000000718fc44c8) 
thrown [e:\jenkins\tmp\workspace\build\src\src\hotspot\share\prims\jni.cpp, line 516]
Event: 0.239 Thread 0x0000023868583520 Exception <a 'sun/nio/fs/WindowsException'{0x0000000718fc4868}> (0x0000000718fc4868) 
thrown [e:\jenkins\tmp\workspace\build\src\src\hotspot\share\prims\jni.cpp, line 516]
Event: 0.256 Thread 0x0000023868583520 Exception <a 'sun/nio/fs/WindowsException'{0x0000000718c73640}> (0x0000000718c73640) 
thrown [e:\jenkins\tmp\workspace\build\src\src\hotspot\share\prims\jni.cpp, line 516]
Event: 0.256 Thread 0x0000023868583520 Exception <a 'sun/nio/fs/WindowsException'{0x0000000718c739b0}> (0x0000000718c739b0) 
thrown [e:\jenkins\tmp\workspace\build\src\src\hotspot\share\prims\jni.cpp, line 516]
Event: 0.295 Thread 0x0000023868583520 Exception <a 'sun/nio/fs/WindowsException'{0x0000000718cf8e58}> (0x0000000718cf8e58) 
thrown [e:\jenkins\tmp\workspace\build\src\src\hotspot\share\prims\jni.cpp, line 516]
Event: 0.295 Thread 0x0000023868583520 Exception <a 'sun/nio/fs/WindowsException'{0x0000000718cf91e0}> (0x0000000718cf91e0) 
thrown [e:\jenkins\tmp\workspace\build\src\src\hotspot\share\prims\jni.cpp, line 516]
Event: 0.725 Thread 0x0000023868583520 Exception <a 'sun/nio/fs/WindowsException'{0x0000000718adcb18}> (0x0000000718adcb18) 
thrown [e:\jenkins\tmp\workspace\build\src\src\hotspot\share\prims\jni.cpp, line 516]
Event: 0.725 Thread 0x0000023868583520 Exception <a 'sun/nio/fs/WindowsException'{0x0000000718adcec8}> (0x0000000718adcec8) 
thrown [e:\jenkins\tmp\workspace\build\src\src\hotspot\share\prims\jni.cpp, line 516]
Event: 0.728 Thread 0x0000023868583520 Exception <a 'sun/nio/fs/WindowsException'{0x0000000718ae92e8}> (0x0000000718ae92e8) 
thrown [e:\jenkins\tmp\workspace\build\src\src\hotspot\share\prims\jni.cpp, line 516]
Event: 0.728 Thread 0x0000023868583520 Exception <a 'sun/nio/fs/WindowsException'{0x0000000718ae95d0}> (0x0000000718ae95d0) 
thrown [e:\jenkins\tmp\workspace\build\src\src\hotspot\share\prims\jni.cpp, line 516]
Event: 4.876 Thread 0x0000023868583520 Implicit null exception at 0x0000023877c562b0 to 0x0000023877c56488
Event: 4.890 Thread 0x0000023868583520 Implicit null exception at 0x0000023877c6023f to 0x0000023877c6031c
Event: 5.930 Thread 0x000002380c62e470 Implicit null exception at 0x0000023877c580df to 0x0000023877c5819c

VM Operations (20 events):
Event: 4.815 Executing VM operation: HandshakeAllThreads
Event: 4.815 Executing VM operation: HandshakeAllThreads done
Event: 4.816 Executing VM operation: HandshakeAllThreads
Event: 4.816 Executing VM operation: HandshakeAllThreads done
Event: 4.896 Executing VM operation: G1CollectForAllocation
Event: 4.903 Executing VM operation: G1CollectForAllocation done
Event: 5.487 Executing VM operation: G1CollectForAllocation
Event: 5.492 Executing VM operation: G1CollectForAllocation done
Event: 6.770 Executing VM operation: ICBufferFull
Event: 6.770 Executing VM operation: ICBufferFull done
Event: 7.470 Executing VM operation: ICBufferFull
Event: 7.470 Executing VM operation: ICBufferFull done
Event: 8.171 Executing VM operation: ICBufferFull
Event: 8.171 Executing VM operation: ICBufferFull done
Event: 8.871 Executing VM operation: ICBufferFull
Event: 8.871 Executing VM operation: ICBufferFull done
Event: 9.523 Executing VM operation: ICBufferFull
Event: 9.523 Executing VM operation: ICBufferFull done
Event: 10.187 Executing VM operation: ICBufferFull
Event: 10.187 Executing VM operation: ICBufferFull done

Events (20 events):
Event: 7.037 Thread 0x000002381d8e1da0 Thread exited: 0x000002381d8e1da0
Event: 7.150 Thread 0x000002380c62d600 Thread exited: 0x000002380c62d600
Event: 7.161 Thread 0x000002380c62b920 Thread added: 0x000002380c62b920
Event: 7.165 Thread 0x000002380c62d600 Thread added: 0x000002380c62d600
Event: 7.366 Thread 0x000002380c62b920 Thread exited: 0x000002380c62b920
Event: 7.379 Thread 0x000002380c62dad0 Thread added: 0x000002380c62dad0
Event: 7.382 Thread 0x000002380c62dfa0 Thread added: 0x000002380c62dfa0
Event: 7.578 Thread 0x000002380c62b920 Thread added: 0x000002380c62b920
Event: 7.581 Thread 0x000002381da81910 Thread added: 0x000002381da81910
Event: 7.583 Thread 0x000002380c62dad0 Thread exited: 0x000002380c62dad0
Event: 7.782 Thread 0x000002380c62b920 Thread exited: 0x000002380c62b920
Event: 7.796 Thread 0x000002381da857a0 Thread added: 0x000002381da857a0
Event: 7.799 Thread 0x000002381da81de0 Thread added: 0x000002381da81de0
Event: 7.999 Thread 0x000002381da857a0 Thread exited: 0x000002381da857a0
Event: 8.262 Thread 0x000002381da84460 Thread added: 0x000002381da84460
Event: 8.266 Thread 0x000002381da86ae0 Thread added: 0x000002381da86ae0
Event: 8.467 Thread 0x000002381da84460 Thread exited: 0x000002381da84460
Event: 8.629 Thread 0x000002381da87950 Thread added: 0x000002381da87950
Event: 8.632 Thread 0x000002381da85c70 Thread added: 0x000002381da85c70
Event: 8.832 Thread 0x000002381da87950 Thread exited: 0x000002381da87950


Dynamic libraries:
0x00007ff7d8a20000 - 0x00007ff7d8a2e000 	C:\Program Files\Eclipse Adoptium\jdk-17.0.1.12-hotspot\bin\java.exe
0x00007ffdc5cd0000 - 0x00007ffdc5ec5000 	C:\Windows\SYSTEM32\ntdll.dll
0x00007ffdc4060000 - 0x00007ffdc411d000 	C:\Windows\System32\KERNEL32.DLL
0x00007ffdc3720000 - 0x00007ffdc39ed000 	C:\Windows\System32\KERNELBASE.dll
0x00007ffdc33b0000 - 0x00007ffdc34b0000 	C:\Windows\System32\ucrtbase.dll
0x00007ffdab4e0000 - 0x00007ffdab4f8000 	C:\Program Files\Eclipse Adoptium\jdk-17.0.1.12-hotspot\bin\jli.dll
0x00007ffdb1890000 - 0x00007ffdb18a9000 	C:\Program Files\Eclipse Adoptium\jdk-17.0.1.12-hotspot\bin\VCRUNTIME140.dll
0x00007ffdc5530000 - 0x00007ffdc56d0000 	C:\Windows\System32\USER32.dll
0x00007ffdad620000 - 0x00007ffdad8ba000 	C:\Windows\WinSxS\amd64_microsoft.windows.common-controls_6595b64144ccf1df_6.0.19041.1110_none_60b5254171f9507e\COMCTL32.dll
0x00007ffdc3c20000 - 0x00007ffdc3c42000 	C:\Windows\System32\win32u.dll
0x00007ffdc5190000 - 0x00007ffdc522e000 	C:\Windows\System32\msvcrt.dll
0x00007ffdc5bd0000 - 0x00007ffdc5bfa000 	C:\Windows\System32\GDI32.dll
0x00007ffdc3610000 - 0x00007ffdc371b000 	C:\Windows\System32\gdi32full.dll
0x00007ffdc39f0000 - 0x00007ffdc3a8d000 	C:\Windows\System32\msvcp_win.dll
0x00007ffdc4eb0000 - 0x00007ffdc4ee0000 	C:\Windows\System32\IMM32.DLL
0x00007ffdbee20000 - 0x00007ffdbee2c000 	C:\Program Files\Eclipse Adoptium\jdk-17.0.1.12-hotspot\bin\vcruntime140_1.dll
0x00007ffd853c0000 - 0x00007ffd85451000 	C:\Program Files\Eclipse Adoptium\jdk-17.0.1.12-hotspot\bin\msvcp140.dll
0x00007ffd7f960000 - 0x00007ffd805a6000 	C:\Program Files\Eclipse Adoptium\jdk-17.0.1.12-hotspot\bin\server\jvm.dll
0x00007ffdc3fb0000 - 0x00007ffdc405e000 	C:\Windows\System32\ADVAPI32.dll
0x00007ffdc3e80000 - 0x00007ffdc3f1c000 	C:\Windows\System32\sechost.dll
0x00007ffdc3d50000 - 0x00007ffdc3e75000 	C:\Windows\System32\RPCRT4.dll
0x00007ffdc4ee0000 - 0x00007ffdc4ee8000 	C:\Windows\System32\PSAPI.DLL
0x00007ffdb8890000 - 0x00007ffdb88b7000 	C:\Windows\SYSTEM32\WINMM.dll
0x00007ffdbc260000 - 0x00007ffdbc26a000 	C:\Windows\SYSTEM32\VERSION.dll
0x00007ffda5c00000 - 0x00007ffda5c09000 	C:\Windows\SYSTEM32\WSOCK32.dll
0x00007ffdc52e0000 - 0x00007ffdc534b000 	C:\Windows\System32\ws2_32.DLL
0x00007ffdc1c40000 - 0x00007ffdc1c52000 	C:\Windows\SYSTEM32\kernel.appcore.dll
0x00007ffdbede0000 - 0x00007ffdbedea000 	C:\Program Files\Eclipse Adoptium\jdk-17.0.1.12-hotspot\bin\jimage.dll
0x00007ffdc1a30000 - 0x00007ffdc1c14000 	C:\Windows\SYSTEM32\DBGHELP.DLL
0x00007ffdb8de0000 - 0x00007ffdb8e0c000 	C:\Windows\SYSTEM32\dbgcore.DLL
0x00007ffdc3a90000 - 0x00007ffdc3b12000 	C:\Windows\System32\bcryptPrimitives.dll
0x00007ffda9250000 - 0x00007ffda9275000 	C:\Program Files\Eclipse Adoptium\jdk-17.0.1.12-hotspot\bin\java.dll
0x00007ffd83630000 - 0x00007ffd83706000 	C:\Program Files\Eclipse Adoptium\jdk-17.0.1.12-hotspot\bin\svml.dll
0x00007ffdc4120000 - 0x00007ffdc4864000 	C:\Windows\System32\SHELL32.dll
0x00007ffdc1150000 - 0x00007ffdc18e4000 	C:\Windows\SYSTEM32\windows.storage.dll
0x00007ffdc5870000 - 0x00007ffdc5bc4000 	C:\Windows\System32\combase.dll
0x00007ffdc2e10000 - 0x00007ffdc2e3c000 	C:\Windows\SYSTEM32\Wldp.dll
0x00007ffdc5230000 - 0x00007ffdc52dd000 	C:\Windows\System32\SHCORE.dll
0x00007ffdc3cf0000 - 0x00007ffdc3d45000 	C:\Windows\System32\shlwapi.dll
0x00007ffdc32f0000 - 0x00007ffdc330f000 	C:\Windows\SYSTEM32\profapi.dll
0x00007ffdab4c0000 - 0x00007ffdab4d9000 	C:\Program Files\Eclipse Adoptium\jdk-17.0.1.12-hotspot\bin\net.dll
0x00007ffdb4be0000 - 0x00007ffdb4cea000 	C:\Windows\SYSTEM32\WINHTTP.dll
0x00007ffdc2b70000 - 0x00007ffdc2bda000 	C:\Windows\system32\mswsock.dll
0x00007ffdaafa0000 - 0x00007ffdaafb5000 	C:\Program Files\Eclipse Adoptium\jdk-17.0.1.12-hotspot\bin\nio.dll
0x00007ffdaaf80000 - 0x00007ffdaaf98000 	C:\Program Files\Eclipse Adoptium\jdk-17.0.1.12-hotspot\bin\zip.dll
0x000000006e700000 - 0x000000006e72a000 	C:\Users\grado\AppData\Local\Temp\libgdxgrado\e1cd32f8\gdx64.dll
0x00007ffd84860000 - 0x00007ffd848c4000 	C:\Users\grado\AppData\Local\Temp\lwjglgrado\3.2.3-build-13\lwjgl.dll
0x00007ffd82f50000 - 0x00007ffd831a3000 	C:\Users\grado\AppData\Local\Temp\lwjglgrado\3.2.3-build-13\jemalloc.dll
0x00007ffd84450000 - 0x00007ffd844b2000 	C:\Users\grado\AppData\Local\Temp\lwjglgrado\3.2.3-build-13\glfw.dll
0x00007ffdc0870000 - 0x00007ffdc090e000 	C:\Windows\system32\uxtheme.dll
0x00007ffdaa450000 - 0x00007ffdaa495000 	C:\Windows\SYSTEM32\dinput8.dll
0x00007ffdaa3b0000 - 0x00007ffdaa3c1000 	C:\Windows\SYSTEM32\xinput1_4.dll
0x00007ffdc3b20000 - 0x00007ffdc3b6e000 	C:\Windows\System32\cfgmgr32.dll
0x00007ffdc3160000 - 0x00007ffdc318c000 	C:\Windows\SYSTEM32\DEVOBJ.dll
0x00007ffdc0a00000 - 0x00007ffdc0a2f000 	C:\Windows\SYSTEM32\dwmapi.dll
0x00007ffda8c80000 - 0x00007ffda8dd2000 	C:\Windows\SYSTEM32\inputhost.dll
0x00007ffdc4d70000 - 0x00007ffdc4e3d000 	C:\Windows\System32\OLEAUT32.dll
0x00007ffdc0500000 - 0x00007ffdc05f2000 	C:\Windows\SYSTEM32\CoreMessaging.dll
0x00007ffdbe990000 - 0x00007ffdbea86000 	C:\Windows\SYSTEM32\PROPSYS.dll
0x00007ffdc01a0000 - 0x00007ffdc04fe000 	C:\Windows\SYSTEM32\CoreUIComponents.dll
0x00007ffdbfad0000 - 0x00007ffdbfc24000 	C:\Windows\SYSTEM32\wintypes.dll
0x00007ffdc20b0000 - 0x00007ffdc20e3000 	C:\Windows\SYSTEM32\ntmarta.dll
0x00007ffdc5750000 - 0x00007ffdc5865000 	C:\Windows\System32\MSCTF.dll
0x00007ffdc18f0000 - 0x00007ffdc18fd000 	C:\Windows\SYSTEM32\HID.DLL
0x00007ffdc4870000 - 0x00007ffdc4ce1000 	C:\Windows\System32\SETUPAPI.DLL
0x00007ffdc3c50000 - 0x00007ffdc3c77000 	C:\Windows\System32\bcrypt.dll
0x00007ffdc3c80000 - 0x00007ffdc3ce8000 	C:\Windows\System32\WINTRUST.dll
0x00007ffdc34b0000 - 0x00007ffdc3606000 	C:\Windows\System32\CRYPT32.dll
0x00007ffdc2fa0000 - 0x00007ffdc2fb2000 	C:\Windows\SYSTEM32\MSASN1.dll
0x00007ffd83520000 - 0x00007ffd8362b000 	C:\Users\grado\AppData\Local\Temp\lwjglgrado\3.2.3-build-13\OpenAL.dll
0x00007ffdc5400000 - 0x00007ffdc552a000 	C:\Windows\System32\ole32.dll
0x00007ffdc5350000 - 0x00007ffdc53f9000 	C:\Windows\System32\clbcatq.dll
0x00007ffdbb510000 - 0x00007ffdbb595000 	C:\Windows\System32\MMDevApi.dll
0x00007ffdbbda0000 - 0x00007ffdbbf22000 	C:\Windows\SYSTEM32\AUDIOSES.DLL
0x00007ffdc2930000 - 0x00007ffdc297b000 	C:\Windows\SYSTEM32\powrprof.dll
0x00007ffdc27f0000 - 0x00007ffdc2802000 	C:\Windows\SYSTEM32\UMPDC.dll
0x00007ffdc0a30000 - 0x00007ffdc0a44000 	C:\Windows\SYSTEM32\resourcepolicyclient.dll
0x00007ffd22910000 - 0x00007ffd22a36000 	C:\Windows\SYSTEM32\opengl32.dll
0x00007ffd228e0000 - 0x00007ffd2290c000 	C:\Windows\SYSTEM32\GLU32.dll
0x00007ffdbc2e0000 - 0x00007ffdbc3d7000 	C:\Windows\System32\AppXDeploymentClient.dll
0x00007ffda8ff0000 - 0x00007ffda901a000 	C:\Windows\System32\DriverStore\FileRepository\u0361612.inf_amd64_b679e02f70413f9f\B361368\atig6pxx.dll
0x00007ffd7a800000 - 0x00007ffd7d4e6000 	C:\Windows\System32\DriverStore\FileRepository\u0361612.inf_amd64_b679e02f70413f9f\B361368\atio6axx.dll
0x00007ffd86690000 - 0x00007ffd866b4000 	C:\Windows\SYSTEM32\dxva2.dll
0x00007ffda3f10000 - 0x00007ffda3f4c000 	C:\Windows\System32\DriverStore\FileRepository\u0361612.inf_amd64_b679e02f70413f9f\B361368\atig6txx.dll
0x00007ffd81d90000 - 0x00007ffd81f49000 	C:\Windows\SYSTEM32\atiadlxx.dll
0x00007ffdb9380000 - 0x00007ffdb93bb000 	C:\Windows\SYSTEM32\dxcore.dll
0x00007ffd843f0000 - 0x00007ffd84449000 	C:\Users\grado\AppData\Local\Temp\lwjglgrado\3.2.3-build-13\lwjgl_opengl.dll
0x00007ffda93b0000 - 0x00007ffda94a9000 	C:\Windows\SYSTEM32\textinputframework.dll
0x00007ffda9ae0000 - 0x00007ffda9af1000 	C:\Program Files\Eclipse Adoptium\jdk-17.0.1.12-hotspot\bin\jsound.dll
0x00007ffd83480000 - 0x00007ffd8351c000 	C:\Windows\SYSTEM32\DSOUND.dll
0x00007ffdb3710000 - 0x00007ffdb3736000 	C:\Windows\SYSTEM32\winmmbase.dll
0x00007ffda9b00000 - 0x00007ffda9b46000 	C:\Windows\SYSTEM32\wdmaud.drv
0x00007ffdbd880000 - 0x00007ffdbd88a000 	C:\Windows\SYSTEM32\AVRT.dll
0x00007ffdbde60000 - 0x00007ffdbde69000 	C:\Windows\SYSTEM32\ksuser.dll
0x00007ffdbc5b0000 - 0x00007ffdbc5bd000 	C:\Windows\SYSTEM32\msacm32.drv
0x00007ffdbc630000 - 0x00007ffdbc64e000 	C:\Windows\SYSTEM32\MSACM32.dll
0x00007ffdb6730000 - 0x00007ffdb673b000 	C:\Windows\SYSTEM32\midimap.dll
0x00007ffda8de0000 - 0x00007ffda8f21000 	C:\Windows\System32\Windows.UI.dll
0x00007ffdbd350000 - 0x00007ffdbd3f1000 	C:\Windows\System32\WindowManagementAPI.dll
0x00007ffdbca10000 - 0x00007ffdbcc11000 	C:\Windows\SYSTEM32\twinapi.appcore.dll

dbghelp: loaded successfully - version: 4.0.5 - missing functions: none
symbol engine: initialized successfully - sym options: 0x614 - pdb path: .;C:\Program Files\Eclipse Adoptium\jdk-17.0.1.12-hotspot\bin;C:\Windows\SYSTEM32;C:\Windows\WinSxS\amd64_microsoft.windows.common-controls_6595b64144ccf1df_6.0.19041.1110_none_60b5254171f9507e;C:\Program Files\Eclipse Adoptium\jdk-17.0.1.12-hotspot\bin\server;C:\Users\grado\AppData\Local\Temp\libgdxgrado\e1cd32f8;C:\Users\grado\AppData\Local\Temp\lwjglgrado\3.2.3-build-13;C:\Windows\System32\DriverStore\FileRepository\u0361612.inf_amd64_b679e02f70413f9f\B361368

VM Arguments:
jvm_args: -XX:+ShowCodeDetailsInExceptionMessages 
java_command: com.crazyputting3d.Main
java_class_path (initial): C:\Users\grado\Documents\Group-04\3dcrazyputting\desktop\bin\main;\CrazyPutting3D-core\bin\default;C:\Users\grado\Documents\Group-04\3dcrazyputting\core\bin\main;C:\Users\grado\.gradle\caches\modules-2\files-2.1\com.badlogicgames.gdx\gdx-backend-lwjgl3\1.10.0\600c7d5b2c977daa82c4abad147087b31e0ada87\gdx-backend-lwjgl3-1.10.0.jar;C:\Users\grado\.gradle\caches\modules-2\files-2.1\com.badlogicgames.gdx\gdx-platform\1.10.0\9a8fa793d2fd6d360afc6c9e4c1f5583da263b88\gdx-platform-1.10.0-natives-desktop.jar;C:\Users\grado\.gradle\caches\modules-2\files-2.1\com.badlogicgames.gdx\gdx-bullet-platform\1.10.0\ce92e8dfc762523d769cbc50853163c03bf98cf1\gdx-bullet-platform-1.10.0-natives-desktop.jar;C:\Users\grado\.gradle\caches\modules-2\files-2.1\com.badlogicgames.gdx\gdx-freetype-platform\1.10.0\6e5d28752759e69384f12e4569d2c884ff71352f\gdx-freetype-platform-1.10.0-natives-desktop.jar;C:\Users\grado\.gradle\caches\modules-2\files-2.1\com.badlogicgames.gdx-controllers\gdx-controllers-desktop\2.2.1\cb3430c32468a090eca54d494d16bb3764ceff9b\gdx-controllers-desktop-2.2.1.jar;C:\Users\grado\.gradle\caches\modules-2\files-2.1\org.jetbrains\annotations\20.1.0\2fcd1f3225bca0c4a7bc931142076f8c1e80993f\annotations-20.1.0.jar;C:\Users\grado\.gradle\caches\modules-2\files-2.1\com.badlogicgames.gdx\gdx-bullet\1.10.0\839b58c7278f5c3b55291c3a559d91227400ecdb\gdx-bullet-1.10.0.jar;C:\Users\grado\.gradle\caches\modules-2\files-2.1\com.badlogicgames.gdx\gdx-freetype\1.10.0\de1d0d5c1e92e8d91364256fd6b7bb279d3e9859\gdx-freetype-1.10.0.jar;C:\Users\grado\.gradle\caches\modules-2\files-2.1\com.badlogicgames.gdx\gdx-ai\1.8.2\ab75d2ce80ab1b1ce6828a15dc0f417abac4c674\gdx-ai-1.8.2.jar;C:\Users\grado\.gradle\caches\modules-2\files-2.1\com.badlogicgames.ashley\ashley\1.7.4\21a3a8932919099c4e5006a7d8378dcbe76ef8a5\ashley-1.7.4.jar;C:\Users\grado\.gradle\caches\modules-2\files-2.1\com.badlogicgames.box2dlights\box2dlights\1.5\6902dbcd250c95a27973aa24a147a95b3828d348\box2dlights-1.5.j
Launcher Type: SUN_STANDARD

[Global flags]
     intx CICompilerCount                          = 12                                        {product} {ergonomic}
     uint ConcGCThreads                            = 3                                         {product} {ergonomic}
     uint G1ConcRefinementThreads                  = 13                                        {product} {ergonomic}
   size_t G1HeapRegionSize                         = 2097152                                   {product} {ergonomic}
    uintx GCDrainStackTargetSize                   = 64                                        {product} {ergonomic}
   size_t InitialHeapSize                          = 257949696                                 {product} {ergonomic}
   size_t MarkStackSize                            = 4194304                                   {product} {ergonomic}
   size_t MaxHeapSize                              = 4127195136                                {product} {ergonomic}
   size_t MaxNewSize                               = 2474639360                                {product} {ergonomic}
   size_t MinHeapDeltaBytes                        = 2097152                                   {product} {ergonomic}
   size_t MinHeapSize                              = 8388608                                   {product} {ergonomic}
    uintx NonNMethodCodeHeapSize                   = 7602480                                {pd product} {ergonomic}
    uintx NonProfiledCodeHeapSize                  = 122027880                              {pd product} {ergonomic}
    uintx ProfiledCodeHeapSize                     = 122027880                              {pd product} {ergonomic}
    uintx ReservedCodeCacheSize                    = 251658240                              {pd product} {ergonomic}
     bool SegmentedCodeCache                       = true                                      {product} {ergonomic}
     bool ShowCodeDetailsInExceptionMessages       = true                                   {manageable} {command line}
   size_t SoftMaxHeapSize                          = 4127195136                             {manageable} {ergonomic}
     bool UseCompressedClassPointers               = true                           {product lp64_product} {ergonomic}
     bool UseCompressedOops                        = true                           {product lp64_product} {ergonomic}
     bool UseG1GC                                  = true                                      {product} {ergonomic}
     bool UseLargePagesIndividualAllocation        = false                                  {pd product} {ergonomic}

Logging:
Log output configuration:
 #0: stdout all=warning uptime,level,tags
 #1: stderr all=off uptime,level,tags

Environment Variables:
PATH=C:\Program Files\Common Files\Oracle\Java\javapath;C:\Windows\system32;C:\Windows;C:\Windows\System32\Wbem;C:\Windows\System32\WindowsPowerShell\v1.0\;C:\Windows\System32\OpenSSH\;C:\Program Files (x86)\NVIDIA Corporation\PhysX\Common;C:\Program Files\NVIDIA Corporation\NVIDIA NvDLISR;C:\Program Files\MATLAB\R2022a\bin;C:\Program Files\Gradle\gradle-7.4.2\bin;C:\Program Files\Git\cmd;C:\Users\grado\AppData\Local\Microsoft\WindowsApps;C:\Users\grado\AppData\Local\Programs\Microsoft VS Code\bin;C:\Users\grado\AppData\Local\GitHubDesktop\bin
USERNAME=grado
LANG=en_US.UTF-8
OS=Windows_NT
PROCESSOR_IDENTIFIER=AMD64 Family 23 Model 96 Stepping 1, AuthenticAMD



---------------  S Y S T E M  ---------------

OS:
 Windows 10 , 64 bit Build 19041 (10.0.19041.1706)
OS uptime: 11 days 16:46 hours

CPU: total 16 (initial active 16) (16 cores per cpu, 2 threads per core) family 23 model 96 stepping 1 microcode 0x0, cx8, cmov, fxsr, ht, mmx, 3dnowpref, sse, sse2, sse3, ssse3, sse4a, sse4.1, sse4.2, popcnt, lzcnt, tsc, tscinvbit, avx, avx2, aes, clmul, bmi1, bmi2, adx, sha, fma, vzeroupper, clflush, clflushopt

Memory: 4k page, system-wide physical 15741M (3767M free)
TotalPageFile size 23690M (AvailPageFile size 3902M)
current process WorkingSet (physical memory assigned to process): 345M, peak: 411M
current process commit charge ("private bytes"): 572M, peak: 651M

vm_info: OpenJDK 64-Bit Server VM (17.0.1+12) for windows-amd64 JRE (17.0.1+12), built on Oct 20 2021 07:42:55 by "" with MS VC++ 16.7 (VS2019)

END.
