#
# A fatal error has been detected by the Java Runtime Environment:
#
#  EXCEPTION_ACCESS_VIOLATION (0xc0000005) at pc=0x00000287a29f0000, pid=25428, tid=25700
#
# JRE version: OpenJDK Runtime Environment Temurin-17.0.1+12 (17.0.1+12) (build 17.0.1+12)
# Java VM: OpenJDK 64-Bit Server VM Temurin-17.0.1+12 (17.0.1+12, mixed mode, sharing, tiered, compressed oops, compressed class ptrs, g1 gc, windows-amd64)
# Problematic frame:
# C  0x00000287a29f0000
#
# No core dump will be written. Minidumps are not enabled by default on client versions of Windows
#
# If you would like to submit a bug report, please visit:
#   https://github.com/adoptium/adoptium-support/issues
# The crash happened outside the Java Virtual Machine in native code.
# See problematic frame for where to report the bug.
#

---------------  S U M M A R Y ------------

Command Line: -XX:+ShowCodeDetailsInExceptionMessages com.crazyputting3d.Main

Host: AMD Ryzen 7 4800H with Radeon Graphics         , 16 cores, 15G,  Windows 10 , 64 bit Build 19041 (10.0.19041.1706)
Time: Fri Jun 17 17:32:48 2022 Central European Daylight Time elapsed time: 12.021710 seconds (0d 0h 0m 12s)

---------------  T H R E A D  ---------------

Current thread (0x00000287ff321970):  JavaThread "main" [_thread_in_native, id=25700, stack(0x00000099c5100000,0x00000099c5200000)]

Stack: [0x00000099c5100000,0x00000099c5200000],  sp=0x00000099c51fef78,  free space=1019k
Native frames: (J=compiled Java code, j=interpreted, Vv=VM code, C=native code)
C  0x00000287a29f0000

Java frames: (J=compiled Java code, j=interpreted, Vv=VM code)
J 1196  org.lwjgl.system.JNI.invokePV(JJ)V (0 bytes) @ 0x000002878f5ef46c [0x000002878f5ef420+0x000000000000004c]
J 2076 c1 org.lwjgl.glfw.GLFW.glfwSwapBuffers(J)V (21 bytes) @ 0x00000287884da5ac [0x00000287884da4c0+0x00000000000000ec]
j  com.badlogic.gdx.backends.lwjgl3.Lwjgl3Window.update()Z+196
j  com.badlogic.gdx.backends.lwjgl3.Lwjgl3Application.loop()V+111
j  com.badlogic.gdx.backends.lwjgl3.Lwjgl3Application.<init>(Lcom/badlogic/gdx/ApplicationListener;Lcom/badlogic/gdx/backends/lwjgl3/Lwjgl3ApplicationConfiguration;)V+243
j  com.crazyputting3d.Main.main([Ljava/lang/String;)V+41
v  ~StubRoutines::call_stub

siginfo: EXCEPTION_ACCESS_VIOLATION (0xc0000005), data execution prevention violation at address 0x00000287a29f0000


Register to memory mapping:

RIP=0x00000287a29f0000 is an unknown value
RAX=0x00000287a29f0000 is an unknown value
RBX=0x0000000000010001 is an unknown value
RCX=0x0000000000010001 is an unknown value
RDX=0x00000099c51fefb0 is pointing into the stack for thread: 0x00000287ff321970
RSP=0x00000099c51fef78 is pointing into the stack for thread: 0x00000287ff321970
RBP=0x00000099c51ff080 is pointing into the stack for thread: 0x00000287ff321970
RSI=0x0000000000000110 is an unknown value
RDI=0x00000000000012e7 is an unknown value
R8 =0x00000287a3d8b900 points into unknown readable memory: 0x00000287a34cf1e0 | e0 f1 4c a3 87 02 00 00
R9 =0x00007ffdb1951b50 glfw.dll
R10=0x00007ffdb19c1b10 lwjgl.dll
R11=0x00000099c51ff3e8 is pointing into the stack for thread: 0x00000287ff321970
R12=0x0 is NULL
R13=0x00000099c51ff4e8 is pointing into the stack for thread: 0x00000287ff321970
R14=0x00000099c51ff440 is pointing into the stack for thread: 0x00000287ff321970
R15=0x00000287ff321970 is a thread


Registers:
RAX=0x00000287a29f0000, RBX=0x0000000000010001, RCX=0x0000000000010001, RDX=0x00000099c51fefb0
RSP=0x00000099c51fef78, RBP=0x00000099c51ff080, RSI=0x0000000000000110, RDI=0x00000000000012e7
R8 =0x00000287a3d8b900, R9 =0x00007ffdb1951b50, R10=0x00007ffdb19c1b10, R11=0x00000099c51ff3e8
R12=0x0000000000000000, R13=0x00000099c51ff4e8, R14=0x00000099c51ff440, R15=0x00000287ff321970
RIP=0x00000287a29f0000, EFLAGS=0x0000000000010206

Top of Stack: (sp=0x00000099c51fef78)
0x00000099c51fef78:   00007ffdb1951f7c 000000070b361a68
0x00000099c51fef88:   0000140600000002 0000000700000014
0x00000099c51fef98:   438c000041700000 000000070b363c40
0x00000099c51fefa8:   00000287883535fc 57464c4720656854
0x00000099c51fefb8:   7972617262696c20 20746f6e20736920
0x00000099c51fefc8:   696c616974696e69 000000990064657a
0x00000099c51fefd8:   00007ffd831e5e62 00000287ff321970
0x00000099c51fefe8:   0000000000000000 00000000000001cc
0x00000099c51feff8:   00000287879f94fe 0000000000000000
0x00000099c51ff008:   000000006e7020f4 00000287ff321c18
0x00000099c51ff018:   00007ffd831e5481 000000070b378e10
0x00000099c51ff028:   000002878f5e9f05 0000000200000003
0x00000099c51ff038:   000000070b363c60 000000070b3778c0
0x00000099c51ff048:   000000070b3780c0 0000000700000000
0x00000099c51ff058:   000000070b361a68 0000000000000002
0x00000099c51ff068:   00007ffd22939d0a 00000099c51ff400 

Instructions: (pc=0x00000287a29f0000)
0x00000287a29eff00:   ?? ?? ?? ?? ?? ?? ?? ?? ?? ?? ?? ?? ?? ?? ?? ??
0x00000287a29eff10:   ?? ?? ?? ?? ?? ?? ?? ?? ?? ?? ?? ?? ?? ?? ?? ??
0x00000287a29eff20:   ?? ?? ?? ?? ?? ?? ?? ?? ?? ?? ?? ?? ?? ?? ?? ??
0x00000287a29eff30:   ?? ?? ?? ?? ?? ?? ?? ?? ?? ?? ?? ?? ?? ?? ?? ??
0x00000287a29eff40:   ?? ?? ?? ?? ?? ?? ?? ?? ?? ?? ?? ?? ?? ?? ?? ??
0x00000287a29eff50:   ?? ?? ?? ?? ?? ?? ?? ?? ?? ?? ?? ?? ?? ?? ?? ??
0x00000287a29eff60:   ?? ?? ?? ?? ?? ?? ?? ?? ?? ?? ?? ?? ?? ?? ?? ??
0x00000287a29eff70:   ?? ?? ?? ?? ?? ?? ?? ?? ?? ?? ?? ?? ?? ?? ?? ??
0x00000287a29eff80:   ?? ?? ?? ?? ?? ?? ?? ?? ?? ?? ?? ?? ?? ?? ?? ??
0x00000287a29eff90:   ?? ?? ?? ?? ?? ?? ?? ?? ?? ?? ?? ?? ?? ?? ?? ??
0x00000287a29effa0:   ?? ?? ?? ?? ?? ?? ?? ?? ?? ?? ?? ?? ?? ?? ?? ??
0x00000287a29effb0:   ?? ?? ?? ?? ?? ?? ?? ?? ?? ?? ?? ?? ?? ?? ?? ??
0x00000287a29effc0:   ?? ?? ?? ?? ?? ?? ?? ?? ?? ?? ?? ?? ?? ?? ?? ??
0x00000287a29effd0:   ?? ?? ?? ?? ?? ?? ?? ?? ?? ?? ?? ?? ?? ?? ?? ??
0x00000287a29effe0:   ?? ?? ?? ?? ?? ?? ?? ?? ?? ?? ?? ?? ?? ?? ?? ??
0x00000287a29efff0:   ?? ?? ?? ?? ?? ?? ?? ?? ?? ?? ?? ?? ?? ?? ?? ??
0x00000287a29f0000:   ?? ?? ?? ?? ?? ?? ?? ?? ?? ?? ?? ?? ?? ?? ?? ??
0x00000287a29f0010:   ?? ?? ?? ?? ?? ?? ?? ?? ?? ?? ?? ?? ?? ?? ?? ??
0x00000287a29f0020:   ?? ?? ?? ?? ?? ?? ?? ?? ?? ?? ?? ?? ?? ?? ?? ??
0x00000287a29f0030:   ?? ?? ?? ?? ?? ?? ?? ?? ?? ?? ?? ?? ?? ?? ?? ??
0x00000287a29f0040:   ?? ?? ?? ?? ?? ?? ?? ?? ?? ?? ?? ?? ?? ?? ?? ??
0x00000287a29f0050:   ?? ?? ?? ?? ?? ?? ?? ?? ?? ?? ?? ?? ?? ?? ?? ??
0x00000287a29f0060:   ?? ?? ?? ?? ?? ?? ?? ?? ?? ?? ?? ?? ?? ?? ?? ??
0x00000287a29f0070:   ?? ?? ?? ?? ?? ?? ?? ?? ?? ?? ?? ?? ?? ?? ?? ??
0x00000287a29f0080:   ?? ?? ?? ?? ?? ?? ?? ?? ?? ?? ?? ?? ?? ?? ?? ??
0x00000287a29f0090:   ?? ?? ?? ?? ?? ?? ?? ?? ?? ?? ?? ?? ?? ?? ?? ??
0x00000287a29f00a0:   ?? ?? ?? ?? ?? ?? ?? ?? ?? ?? ?? ?? ?? ?? ?? ??
0x00000287a29f00b0:   ?? ?? ?? ?? ?? ?? ?? ?? ?? ?? ?? ?? ?? ?? ?? ??
0x00000287a29f00c0:   ?? ?? ?? ?? ?? ?? ?? ?? ?? ?? ?? ?? ?? ?? ?? ??
0x00000287a29f00d0:   ?? ?? ?? ?? ?? ?? ?? ?? ?? ?? ?? ?? ?? ?? ?? ??
0x00000287a29f00e0:   ?? ?? ?? ?? ?? ?? ?? ?? ?? ?? ?? ?? ?? ?? ?? ??
0x00000287a29f00f0:   ?? ?? ?? ?? ?? ?? ?? ?? ?? ?? ?? ?? ?? ?? ?? ?? 


Stack slot to memory mapping:
stack at sp + 0 slots: 0x00007ffdb1951f7c glfw.dll
stack at sp + 1 slots: 0x000000070b361a68 is an oop: com.badlogic.gdx.backends.lwjgl3.Lwjgl3GL20 
{0x000000070b361a68} - klass: 'com/badlogic/gdx/backends/lwjgl3/Lwjgl3GL20'
 - ---- fields (total size 3 words):
 - private 'buffer' 'Ljava/nio/ByteBuffer;' @12  a 'java/nio/DirectByteBuffer'{0x000000070b361a80} (e166c350)
 - private 'floatBuffer' 'Ljava/nio/FloatBuffer;' @16  a 'java/nio/DirectFloatBufferU'{0x000000070b363298} (e166c653)
 - private 'intBuffer' 'Ljava/nio/IntBuffer;' @20  a 'java/nio/DirectIntBufferU'{0x000000070b3632d0} (e166c65a)
stack at sp + 2 slots: 0x0000140600000002 is an unknown value
stack at sp + 3 slots: 0x0000000700000014 is an unknown value
stack at sp + 4 slots: 0x438c000041700000 is an unknown value
stack at sp + 5 slots: 0x000000070b363c40 is an oop: com.badlogic.gdx.graphics.Mesh 
{0x000000070b363c40} - klass: 'com/badlogic/gdx/graphics/Mesh'
 - ---- fields (total size 4 words):
 - 'autoBind' 'Z' @12  true
 - final 'isVertexArray' 'Z' @13  true
 - 'isInstanced' 'Z' @14  false
 - final 'vertices' 'Lcom/badlogic/gdx/graphics/glutils/VertexData;' @16  a 'com/badlogic/gdx/graphics/glutils/VertexArray'{0x000000070b363c60} (e166c78c)
 - final 'indices' 'Lcom/badlogic/gdx/graphics/glutils/IndexData;' @20  a 'com/badlogic/gdx/graphics/glutils/IndexArray'{0x000000070b363e68} (e166c7cd)
 - 'instances' 'Lcom/badlogic/gdx/graphics/glutils/InstanceData;' @24  NULL (0)
 - private final 'tmpV' 'Lcom/badlogic/gdx/math/Vector3;' @28  a 'com/badlogic/gdx/math/Vector3'{0x000000070b363ef8} (e166c7df)
stack at sp + 6 slots: 0x00000287883535fc is at entry_point+2172 in (nmethod*)0x0000028788352a10
stack at sp + 7 slots: 0x57464c4720656854 is an unknown value


---------------  P R O C E S S  ---------------

Threads class SMR info:
_java_thread_list=0x00000287b4806380, length=17, elements={
0x00000287ff321970, 0x00000287a2867a40, 0x00000287a28695d0, 0x00000287a287fd50,
0x00000287a2880610, 0x00000287a2880ed0, 0x00000287a28857a0, 0x00000287a2886440,
0x00000287a2886df0, 0x00000287a2889700, 0x00000287a3533470, 0x00000287a3533e10,
0x00000287a35342e0, 0x00000287a3532600, 0x00000287a3532fa0, 0x00000287a3530df0,
0x00000287a3530920
}

Java Threads: ( => current thread )
=>0x00000287ff321970 JavaThread "main" [_thread_in_native, id=25700, stack(0x00000099c5100000,0x00000099c5200000)]
  0x00000287a2867a40 JavaThread "Reference Handler" daemon [_thread_blocked, id=5892, stack(0x00000099c5800000,0x00000099c5900000)]
  0x00000287a28695d0 JavaThread "Finalizer" daemon [_thread_blocked, id=23732, stack(0x00000099c5900000,0x00000099c5a00000)]
  0x00000287a287fd50 JavaThread "Signal Dispatcher" daemon [_thread_blocked, id=24392, stack(0x00000099c5a00000,0x00000099c5b00000)]
  0x00000287a2880610 JavaThread "Attach Listener" daemon [_thread_blocked, id=7012, stack(0x00000099c5b00000,0x00000099c5c00000)]
  0x00000287a2880ed0 JavaThread "Service Thread" daemon [_thread_blocked, id=26044, stack(0x00000099c5c00000,0x00000099c5d00000)]
  0x00000287a28857a0 JavaThread "Monitor Deflation Thread" daemon [_thread_blocked, id=4392, stack(0x00000099c5d00000,0x00000099c5e00000)]
  0x00000287a2886440 JavaThread "C2 CompilerThread0" daemon [_thread_blocked, id=3420, stack(0x00000099c5e00000,0x00000099c5f00000)]
  0x00000287a2886df0 JavaThread "C1 CompilerThread0" daemon [_thread_blocked, id=19464, stack(0x00000099c5f00000,0x00000099c6000000)]
  0x00000287a2889700 JavaThread "Sweeper thread" daemon [_thread_blocked, id=2376, stack(0x00000099c6000000,0x00000099c6100000)]
  0x00000287a3533470 JavaThread "Notification Thread" daemon [_thread_blocked, id=23012, stack(0x00000099c6300000,0x00000099c6400000)]
  0x00000287a3533e10 JavaThread "Common-Cleaner" daemon [_thread_blocked, id=22544, stack(0x00000099c6500000,0x00000099c6600000)]
  0x00000287a35342e0 JavaThread "LWJGL3 Timer" daemon [_thread_blocked, id=22236, stack(0x00000099c6e00000,0x00000099c6f00000)]
  0x00000287a3532600 JavaThread "LWJGL3 Timer" daemon [_thread_blocked, id=25340, stack(0x00000099c7e00000,0x00000099c7f00000)]
  0x00000287a3532fa0 JavaThread "Java Sound Event Dispatcher" daemon [_thread_blocked, id=16116, stack(0x00000099c8300000,0x00000099c8400000)]
  0x00000287a3530df0 JavaThread "Direct Clip" daemon [_thread_blocked, id=16496, stack(0x00000099c8600000,0x00000099c8700000)]
  0x00000287a3530920 JavaThread "Direct Clip" daemon [_thread_blocked, id=17620, stack(0x00000099c8900000,0x00000099c8a00000)]

Other Threads:
  0x00000287a2861fd0 VMThread "VM Thread" [stack: 0x00000099c5700000,0x00000099c5800000] [id=17212]
  0x00000287a3540d10 WatcherThread [stack: 0x00000099c6400000,0x00000099c6500000] [id=24452]
  0x00000287ff3784e0 GCTaskThread "GC Thread#0" [stack: 0x00000099c5200000,0x00000099c5300000] [id=11164]
  0x00000287a6709dd0 GCTaskThread "GC Thread#1" [stack: 0x00000099c6f00000,0x00000099c7000000] [id=3840]
  0x00000287a67082f0 GCTaskThread "GC Thread#2" [stack: 0x00000099c7000000,0x00000099c7100000] [id=20508]
  0x00000287a670b0a0 GCTaskThread "GC Thread#3" [stack: 0x00000099c7100000,0x00000099c7200000] [id=4592]
  0x00000287a6709310 GCTaskThread "GC Thread#4" [stack: 0x00000099c7200000,0x00000099c7300000] [id=18836]
  0x00000287a67085a0 GCTaskThread "GC Thread#5" [stack: 0x00000099c7300000,0x00000099c7400000] [id=24468]
  0x00000287a6708850 GCTaskThread "GC Thread#6" [stack: 0x00000099c7400000,0x00000099c7500000] [id=26804]
  0x00000287b2062350 GCTaskThread "GC Thread#7" [stack: 0x00000099c7c00000,0x00000099c7d00000] [id=13120]
  0x00000287ff38a950 ConcurrentGCThread "G1 Main Marker" [stack: 0x00000099c5300000,0x00000099c5400000] [id=4804]
  0x00000287ff38ba10 ConcurrentGCThread "G1 Conc#0" [stack: 0x00000099c5400000,0x00000099c5500000] [id=20000]
  0x00000287a27034d0 ConcurrentGCThread "G1 Refine#0" [stack: 0x00000099c5500000,0x00000099c5600000] [id=7784]
  0x00000287b4ac5010 ConcurrentGCThread "G1 Refine#1" [stack: 0x00000099c7d00000,0x00000099c7e00000] [id=8548]
  0x00000287ae823290 ConcurrentGCThread "G1 Refine#2" [stack: 0x00000099c7f00000,0x00000099c8000000] [id=25704]
  0x00000287b561ac80 ConcurrentGCThread "G1 Refine#3" [stack: 0x00000099c8000000,0x00000099c8100000] [id=972]
  0x00000287ff3fa1e0 ConcurrentGCThread "G1 Service" [stack: 0x00000099c5600000,0x00000099c5700000] [id=26032]

Threads with active compile tasks:

VM state: not at safepoint (normal execution)

VM Mutex/Monitor currently owned by a thread: None

Heap address: 0x000000070a000000, size: 3936 MB, Compressed Oops mode: Zero based, Oop shift amount: 3

CDS archive(s) mapped at: [0x0000000800000000-0x0000000800bc0000-0x0000000800bc0000), size 12320768, SharedBaseAddress: 0x0000000800000000, ArchiveRelocationMode: 0.
Compressed class space mapped at: 0x0000000800c00000-0x0000000840c00000, reserved size: 1073741824
Narrow klass base: 0x0000000800000000, Narrow klass shift: 0, Narrow klass range: 0x100000000

GC Precious Log:
 CPUs: 16 total, 16 available
 Memory: 15741M
 Large Page Support: Disabled
 NUMA Support: Disabled
 Compressed Oops: Enabled (Zero based)
 Heap Region Size: 2M
 Heap Min Capacity: 8M
 Heap Initial Capacity: 246M
 Heap Max Capacity: 3936M
 Pre-touch: Disabled
 Parallel Workers: 13
 Concurrent Workers: 3
 Concurrent Refinement Workers: 13
 Periodic GC: Disabled

Heap:
 garbage-first heap   total 251904K, used 100722K [0x000000070a000000, 0x0000000800000000)
  region size 2048K, 36 young (73728K), 1 survivors (2048K)
 Metaspace       used 10389K, committed 10560K, reserved 1064960K
  class space    used 729K, committed 768K, reserved 1048576K

Heap Regions: E=young(eden), S=young(survivor), O=old, HS=humongous(starts), HC=humongous(continues), CS=collection set, F=free, OA=open archive, CA=closed archive, TAMS=top-at-mark-start (previous, next)
|   0|0x000000070a000000, 0x000000070a200000, 0x000000070a200000|100%|HS|  |TAMS 0x000000070a000000, 0x000000070a000000| Complete 
|   1|0x000000070a200000, 0x000000070a400000, 0x000000070a400000|100%|HS|  |TAMS 0x000000070a200000, 0x000000070a200000| Complete 
|   2|0x000000070a400000, 0x000000070a600000, 0x000000070a600000|100%|HS|  |TAMS 0x000000070a400000, 0x000000070a400000| Complete 
|   3|0x000000070a600000, 0x000000070a800000, 0x000000070a800000|100%|HS|  |TAMS 0x000000070a600000, 0x000000070a600000| Complete 
|   4|0x000000070a800000, 0x000000070aa00000, 0x000000070aa00000|100%| O|  |TAMS 0x000000070a800000, 0x000000070a800000| Untracked 
|   5|0x000000070aa00000, 0x000000070ac00000, 0x000000070ac00000|100%| O|  |TAMS 0x000000070aa00000, 0x000000070aa00000| Untracked 
|   6|0x000000070ac00000, 0x000000070ae00000, 0x000000070ae00000|100%| O|  |TAMS 0x000000070ac00000, 0x000000070ac00000| Untracked 
|   7|0x000000070ae00000, 0x000000070b000000, 0x000000070b000000|100%| O|  |TAMS 0x000000070ae00000, 0x000000070ae00000| Untracked 
|   8|0x000000070b000000, 0x000000070b200000, 0x000000070b200000|100%| O|  |TAMS 0x000000070b000000, 0x000000070b000000| Untracked 
|   9|0x000000070b200000, 0x000000070b400000, 0x000000070b400000|100%| O|  |TAMS 0x000000070b200000, 0x000000070b200000| Untracked 
|  10|0x000000070b400000, 0x000000070b600000, 0x000000070b600000|100%|HS|  |TAMS 0x000000070b400000, 0x000000070b400000| Complete 
|  11|0x000000070b600000, 0x000000070b800000, 0x000000070b800000|100%|HS|  |TAMS 0x000000070b600000, 0x000000070b600000| Complete 
|  12|0x000000070b800000, 0x000000070ba00000, 0x000000070ba00000|100%| O|  |TAMS 0x000000070b800000, 0x000000070b800000| Untracked 
|  13|0x000000070ba00000, 0x000000070bc00000, 0x000000070bc00000|100%| O|  |TAMS 0x000000070ba00000, 0x000000070ba00000| Untracked 
|  14|0x000000070bc00000, 0x000000070bcf9e00, 0x000000070be00000| 48%| O|  |TAMS 0x000000070bc00000, 0x000000070bc00000| Untracked 
|  15|0x000000070be00000, 0x000000070be00000, 0x000000070c000000|  0%| F|  |TAMS 0x000000070be00000, 0x000000070be00000| Untracked 
|  16|0x000000070c000000, 0x000000070c000000, 0x000000070c200000|  0%| F|  |TAMS 0x000000070c000000, 0x000000070c000000| Untracked 
|  17|0x000000070c200000, 0x000000070c200000, 0x000000070c400000|  0%| F|  |TAMS 0x000000070c200000, 0x000000070c200000| Untracked 
|  18|0x000000070c400000, 0x000000070c400000, 0x000000070c600000|  0%| F|  |TAMS 0x000000070c400000, 0x000000070c400000| Untracked 
|  19|0x000000070c600000, 0x000000070c600000, 0x000000070c800000|  0%| F|  |TAMS 0x000000070c600000, 0x000000070c600000| Untracked 
|  20|0x000000070c800000, 0x000000070c800000, 0x000000070ca00000|  0%| F|  |TAMS 0x000000070c800000, 0x000000070c800000| Untracked 
|  21|0x000000070ca00000, 0x000000070ca00000, 0x000000070cc00000|  0%| F|  |TAMS 0x000000070ca00000, 0x000000070ca00000| Untracked 
|  22|0x000000070cc00000, 0x000000070cc00000, 0x000000070ce00000|  0%| F|  |TAMS 0x000000070cc00000, 0x000000070cc00000| Untracked 
|  23|0x000000070ce00000, 0x000000070ce00000, 0x000000070d000000|  0%| F|  |TAMS 0x000000070ce00000, 0x000000070ce00000| Untracked 
|  24|0x000000070d000000, 0x000000070d000000, 0x000000070d200000|  0%| F|  |TAMS 0x000000070d000000, 0x000000070d000000| Untracked 
|  25|0x000000070d200000, 0x000000070d200000, 0x000000070d400000|  0%| F|  |TAMS 0x000000070d200000, 0x000000070d200000| Untracked 
|  26|0x000000070d400000, 0x000000070d400000, 0x000000070d600000|  0%| F|  |TAMS 0x000000070d400000, 0x000000070d400000| Untracked 
|  27|0x000000070d600000, 0x000000070d600000, 0x000000070d800000|  0%| F|  |TAMS 0x000000070d600000, 0x000000070d600000| Untracked 
|  28|0x000000070d800000, 0x000000070d800000, 0x000000070da00000|  0%| F|  |TAMS 0x000000070d800000, 0x000000070d800000| Untracked 
|  29|0x000000070da00000, 0x000000070da00000, 0x000000070dc00000|  0%| F|  |TAMS 0x000000070da00000, 0x000000070da00000| Untracked 
|  30|0x000000070dc00000, 0x000000070dc00000, 0x000000070de00000|  0%| F|  |TAMS 0x000000070dc00000, 0x000000070dc00000| Untracked 
|  31|0x000000070de00000, 0x000000070de00000, 0x000000070e000000|  0%| F|  |TAMS 0x000000070de00000, 0x000000070de00000| Untracked 
|  32|0x000000070e000000, 0x000000070e000000, 0x000000070e200000|  0%| F|  |TAMS 0x000000070e000000, 0x000000070e000000| Untracked 
|  33|0x000000070e200000, 0x000000070e200000, 0x000000070e400000|  0%| F|  |TAMS 0x000000070e200000, 0x000000070e200000| Untracked 
|  34|0x000000070e400000, 0x000000070e400000, 0x000000070e600000|  0%| F|  |TAMS 0x000000070e400000, 0x000000070e400000| Untracked 
|  35|0x000000070e600000, 0x000000070e600000, 0x000000070e800000|  0%| F|  |TAMS 0x000000070e600000, 0x000000070e600000| Untracked 
|  36|0x000000070e800000, 0x000000070e800000, 0x000000070ea00000|  0%| F|  |TAMS 0x000000070e800000, 0x000000070e800000| Untracked 
|  37|0x000000070ea00000, 0x000000070ea00000, 0x000000070ec00000|  0%| F|  |TAMS 0x000000070ea00000, 0x000000070ea00000| Untracked 
|  38|0x000000070ec00000, 0x000000070ec00000, 0x000000070ee00000|  0%| F|  |TAMS 0x000000070ec00000, 0x000000070ec00000| Untracked 
|  39|0x000000070ee00000, 0x000000070ee00000, 0x000000070f000000|  0%| F|  |TAMS 0x000000070ee00000, 0x000000070ee00000| Untracked 
|  40|0x000000070f000000, 0x000000070f000000, 0x000000070f200000|  0%| F|  |TAMS 0x000000070f000000, 0x000000070f000000| Untracked 
|  41|0x000000070f200000, 0x000000070f200000, 0x000000070f400000|  0%| F|  |TAMS 0x000000070f200000, 0x000000070f200000| Untracked 
|  42|0x000000070f400000, 0x000000070f400000, 0x000000070f600000|  0%| F|  |TAMS 0x000000070f400000, 0x000000070f400000| Untracked 
|  43|0x000000070f600000, 0x000000070f600000, 0x000000070f800000|  0%| F|  |TAMS 0x000000070f600000, 0x000000070f600000| Untracked 
|  44|0x000000070f800000, 0x000000070f800000, 0x000000070fa00000|  0%| F|  |TAMS 0x000000070f800000, 0x000000070f800000| Untracked 
|  45|0x000000070fa00000, 0x000000070fa00000, 0x000000070fc00000|  0%| F|  |TAMS 0x000000070fa00000, 0x000000070fa00000| Untracked 
|  46|0x000000070fc00000, 0x000000070fc00000, 0x000000070fe00000|  0%| F|  |TAMS 0x000000070fc00000, 0x000000070fc00000| Untracked 
|  47|0x000000070fe00000, 0x000000070fe00000, 0x0000000710000000|  0%| F|  |TAMS 0x000000070fe00000, 0x000000070fe00000| Untracked 
|  48|0x0000000710000000, 0x0000000710000000, 0x0000000710200000|  0%| F|  |TAMS 0x0000000710000000, 0x0000000710000000| Untracked 
|  49|0x0000000710200000, 0x0000000710200000, 0x0000000710400000|  0%| F|  |TAMS 0x0000000710200000, 0x0000000710200000| Untracked 
|  50|0x0000000710400000, 0x0000000710400000, 0x0000000710600000|  0%| F|  |TAMS 0x0000000710400000, 0x0000000710400000| Untracked 
|  51|0x0000000710600000, 0x0000000710600000, 0x0000000710800000|  0%| F|  |TAMS 0x0000000710600000, 0x0000000710600000| Untracked 
|  52|0x0000000710800000, 0x0000000710800000, 0x0000000710a00000|  0%| F|  |TAMS 0x0000000710800000, 0x0000000710800000| Untracked 
|  53|0x0000000710a00000, 0x0000000710a00000, 0x0000000710c00000|  0%| F|  |TAMS 0x0000000710a00000, 0x0000000710a00000| Untracked 
|  54|0x0000000710c00000, 0x0000000710c00000, 0x0000000710e00000|  0%| F|  |TAMS 0x0000000710c00000, 0x0000000710c00000| Untracked 
|  55|0x0000000710e00000, 0x0000000710e00000, 0x0000000711000000|  0%| F|  |TAMS 0x0000000710e00000, 0x0000000710e00000| Untracked 
|  56|0x0000000711000000, 0x0000000711000000, 0x0000000711200000|  0%| F|  |TAMS 0x0000000711000000, 0x0000000711000000| Untracked 
|  57|0x0000000711200000, 0x0000000711200000, 0x0000000711400000|  0%| F|  |TAMS 0x0000000711200000, 0x0000000711200000| Untracked 
|  58|0x0000000711400000, 0x0000000711400000, 0x0000000711600000|  0%| F|  |TAMS 0x0000000711400000, 0x0000000711400000| Untracked 
|  59|0x0000000711600000, 0x0000000711600000, 0x0000000711800000|  0%| F|  |TAMS 0x0000000711600000, 0x0000000711600000| Untracked 
|  60|0x0000000711800000, 0x0000000711800000, 0x0000000711a00000|  0%| F|  |TAMS 0x0000000711800000, 0x0000000711800000| Untracked 
|  61|0x0000000711a00000, 0x0000000711a00000, 0x0000000711c00000|  0%| F|  |TAMS 0x0000000711a00000, 0x0000000711a00000| Untracked 
|  62|0x0000000711c00000, 0x0000000711c00000, 0x0000000711e00000|  0%| F|  |TAMS 0x0000000711c00000, 0x0000000711c00000| Untracked 
|  63|0x0000000711e00000, 0x0000000711e00000, 0x0000000712000000|  0%| F|  |TAMS 0x0000000711e00000, 0x0000000711e00000| Untracked 
|  64|0x0000000712000000, 0x0000000712000000, 0x0000000712200000|  0%| F|  |TAMS 0x0000000712000000, 0x0000000712000000| Untracked 
|  65|0x0000000712200000, 0x0000000712200000, 0x0000000712400000|  0%| F|  |TAMS 0x0000000712200000, 0x0000000712200000| Untracked 
|  66|0x0000000712400000, 0x0000000712400000, 0x0000000712600000|  0%| F|  |TAMS 0x0000000712400000, 0x0000000712400000| Untracked 
|  67|0x0000000712600000, 0x0000000712600000, 0x0000000712800000|  0%| F|  |TAMS 0x0000000712600000, 0x0000000712600000| Untracked 
|  68|0x0000000712800000, 0x0000000712800000, 0x0000000712a00000|  0%| F|  |TAMS 0x0000000712800000, 0x0000000712800000| Untracked 
|  69|0x0000000712a00000, 0x0000000712a00000, 0x0000000712c00000|  0%| F|  |TAMS 0x0000000712a00000, 0x0000000712a00000| Untracked 
|  70|0x0000000712c00000, 0x0000000712c00000, 0x0000000712e00000|  0%| F|  |TAMS 0x0000000712c00000, 0x0000000712c00000| Untracked 
|  71|0x0000000712e00000, 0x0000000712e00000, 0x0000000713000000|  0%| F|  |TAMS 0x0000000712e00000, 0x0000000712e00000| Untracked 
|  72|0x0000000713000000, 0x0000000713000000, 0x0000000713200000|  0%| F|  |TAMS 0x0000000713000000, 0x0000000713000000| Untracked 
|  73|0x0000000713200000, 0x0000000713200000, 0x0000000713400000|  0%| F|  |TAMS 0x0000000713200000, 0x0000000713200000| Untracked 
|  74|0x0000000713400000, 0x0000000713400000, 0x0000000713600000|  0%| F|  |TAMS 0x0000000713400000, 0x0000000713400000| Untracked 
|  75|0x0000000713600000, 0x0000000713600000, 0x0000000713800000|  0%| F|  |TAMS 0x0000000713600000, 0x0000000713600000| Untracked 
|  76|0x0000000713800000, 0x0000000713800000, 0x0000000713a00000|  0%| F|  |TAMS 0x0000000713800000, 0x0000000713800000| Untracked 
|  77|0x0000000713a00000, 0x0000000713a00000, 0x0000000713c00000|  0%| F|  |TAMS 0x0000000713a00000, 0x0000000713a00000| Untracked 
|  78|0x0000000713c00000, 0x0000000713c00000, 0x0000000713e00000|  0%| F|  |TAMS 0x0000000713c00000, 0x0000000713c00000| Untracked 
|  79|0x0000000713e00000, 0x0000000713e00000, 0x0000000714000000|  0%| F|  |TAMS 0x0000000713e00000, 0x0000000713e00000| Untracked 
|  80|0x0000000714000000, 0x0000000714000000, 0x0000000714200000|  0%| F|  |TAMS 0x0000000714000000, 0x0000000714000000| Untracked 
|  81|0x0000000714200000, 0x0000000714200000, 0x0000000714400000|  0%| F|  |TAMS 0x0000000714200000, 0x0000000714200000| Untracked 
|  82|0x0000000714400000, 0x0000000714400000, 0x0000000714600000|  0%| F|  |TAMS 0x0000000714400000, 0x0000000714400000| Untracked 
|  83|0x0000000714600000, 0x0000000714600000, 0x0000000714800000|  0%| F|  |TAMS 0x0000000714600000, 0x0000000714600000| Untracked 
|  84|0x0000000714800000, 0x0000000714800000, 0x0000000714a00000|  0%| F|  |TAMS 0x0000000714800000, 0x0000000714800000| Untracked 
|  85|0x0000000714a00000, 0x0000000714a00000, 0x0000000714c00000|  0%| F|  |TAMS 0x0000000714a00000, 0x0000000714a00000| Untracked 
|  86|0x0000000714c00000, 0x0000000714c00000, 0x0000000714e00000|  0%| F|  |TAMS 0x0000000714c00000, 0x0000000714c00000| Untracked 
|  87|0x0000000714e00000, 0x0000000714f05a28, 0x0000000715000000| 51%| E|  |TAMS 0x0000000714e00000, 0x0000000714e00000| Complete 
|  88|0x0000000715000000, 0x0000000715200000, 0x0000000715200000|100%| E|CS|TAMS 0x0000000715000000, 0x0000000715000000| Complete 
|  89|0x0000000715200000, 0x0000000715400000, 0x0000000715400000|100%| E|CS|TAMS 0x0000000715200000, 0x0000000715200000| Complete 
|  90|0x0000000715400000, 0x0000000715600000, 0x0000000715600000|100%| E|CS|TAMS 0x0000000715400000, 0x0000000715400000| Complete 
|  91|0x0000000715600000, 0x0000000715800000, 0x0000000715800000|100%| E|CS|TAMS 0x0000000715600000, 0x0000000715600000| Complete 
|  92|0x0000000715800000, 0x0000000715a00000, 0x0000000715a00000|100%| E|CS|TAMS 0x0000000715800000, 0x0000000715800000| Complete 
|  93|0x0000000715a00000, 0x0000000715c00000, 0x0000000715c00000|100%| E|CS|TAMS 0x0000000715a00000, 0x0000000715a00000| Complete 
|  94|0x0000000715c00000, 0x0000000715e00000, 0x0000000715e00000|100%| E|CS|TAMS 0x0000000715c00000, 0x0000000715c00000| Complete 
|  95|0x0000000715e00000, 0x0000000716000000, 0x0000000716000000|100%| E|CS|TAMS 0x0000000715e00000, 0x0000000715e00000| Complete 
|  96|0x0000000716000000, 0x0000000716200000, 0x0000000716200000|100%| E|CS|TAMS 0x0000000716000000, 0x0000000716000000| Complete 
|  97|0x0000000716200000, 0x0000000716400000, 0x0000000716400000|100%| E|CS|TAMS 0x0000000716200000, 0x0000000716200000| Complete 
|  98|0x0000000716400000, 0x0000000716600000, 0x0000000716600000|100%| E|CS|TAMS 0x0000000716400000, 0x0000000716400000| Complete 
|  99|0x0000000716600000, 0x0000000716800000, 0x0000000716800000|100%| E|CS|TAMS 0x0000000716600000, 0x0000000716600000| Complete 
| 100|0x0000000716800000, 0x0000000716a00000, 0x0000000716a00000|100%| E|CS|TAMS 0x0000000716800000, 0x0000000716800000| Complete 
| 101|0x0000000716a00000, 0x0000000716c00000, 0x0000000716c00000|100%| E|CS|TAMS 0x0000000716a00000, 0x0000000716a00000| Complete 
| 102|0x0000000716c00000, 0x0000000716e00000, 0x0000000716e00000|100%| E|CS|TAMS 0x0000000716c00000, 0x0000000716c00000| Complete 
| 103|0x0000000716e00000, 0x0000000717000000, 0x0000000717000000|100%| E|CS|TAMS 0x0000000716e00000, 0x0000000716e00000| Complete 
| 104|0x0000000717000000, 0x0000000717200000, 0x0000000717200000|100%| E|CS|TAMS 0x0000000717000000, 0x0000000717000000| Complete 
| 105|0x0000000717200000, 0x0000000717400000, 0x0000000717400000|100%| E|CS|TAMS 0x0000000717200000, 0x0000000717200000| Complete 
| 106|0x0000000717400000, 0x0000000717600000, 0x0000000717600000|100%| E|CS|TAMS 0x0000000717400000, 0x0000000717400000| Complete 
| 107|0x0000000717600000, 0x0000000717800000, 0x0000000717800000|100%| E|CS|TAMS 0x0000000717600000, 0x0000000717600000| Complete 
| 108|0x0000000717800000, 0x0000000717a00000, 0x0000000717a00000|100%| E|CS|TAMS 0x0000000717800000, 0x0000000717800000| Complete 
| 109|0x0000000717a00000, 0x0000000717c00000, 0x0000000717c00000|100%| E|CS|TAMS 0x0000000717a00000, 0x0000000717a00000| Complete 
| 110|0x0000000717c00000, 0x0000000717e00000, 0x0000000717e00000|100%| E|CS|TAMS 0x0000000717c00000, 0x0000000717c00000| Complete 
| 111|0x0000000717e00000, 0x0000000718000000, 0x0000000718000000|100%| E|CS|TAMS 0x0000000717e00000, 0x0000000717e00000| Complete 
| 112|0x0000000718000000, 0x0000000718200000, 0x0000000718200000|100%| E|CS|TAMS 0x0000000718000000, 0x0000000718000000| Complete 
| 113|0x0000000718200000, 0x0000000718400000, 0x0000000718400000|100%| E|CS|TAMS 0x0000000718200000, 0x0000000718200000| Complete 
| 114|0x0000000718400000, 0x0000000718600000, 0x0000000718600000|100%| E|CS|TAMS 0x0000000718400000, 0x0000000718400000| Complete 
| 115|0x0000000718600000, 0x0000000718800000, 0x0000000718800000|100%| E|CS|TAMS 0x0000000718600000, 0x0000000718600000| Complete 
| 116|0x0000000718800000, 0x0000000718a00000, 0x0000000718a00000|100%| E|CS|TAMS 0x0000000718800000, 0x0000000718800000| Complete 
| 117|0x0000000718a00000, 0x0000000718c00000, 0x0000000718c00000|100%| E|CS|TAMS 0x0000000718a00000, 0x0000000718a00000| Complete 
| 118|0x0000000718c00000, 0x0000000718e00000, 0x0000000718e00000|100%| E|CS|TAMS 0x0000000718c00000, 0x0000000718c00000| Complete 
| 119|0x0000000718e00000, 0x0000000718f62b80, 0x0000000719000000| 69%| S|CS|TAMS 0x0000000718e00000, 0x0000000718e00000| Complete 
| 120|0x0000000719000000, 0x0000000719200000, 0x0000000719200000|100%| E|CS|TAMS 0x0000000719000000, 0x0000000719000000| Complete 
| 121|0x0000000719200000, 0x0000000719400000, 0x0000000719400000|100%| E|CS|TAMS 0x0000000719200000, 0x0000000719200000| Complete 
| 122|0x0000000719400000, 0x0000000719600000, 0x0000000719600000|100%| E|CS|TAMS 0x0000000719400000, 0x0000000719400000| Complete 

Card table byte_map: [0x00000287971a0000,0x0000028797950000] _byte_map_base: 0x0000028793950000

Marking Bits (Prev, Next): (CMBitMap*) 0x00000287ff37aa20, (CMBitMap*) 0x00000287ff37aa60
 Prev Bits: [0x0000028798100000, 0x000002879be80000)
 Next Bits: [0x000002879be80000, 0x000002879fc00000)

Polling page: 0x00000287fd070000

Metaspace:

Usage:
  Non-class:      9.43 MB used.
      Class:    729.65 KB used.
       Both:     10.15 MB used.

Virtual space:
  Non-class space:       16.00 MB reserved,       9.56 MB ( 60%) committed,  2 nodes.
      Class space:        1.00 GB reserved,     768.00 KB ( <1%) committed,  1 nodes.
             Both:        1.02 GB reserved,      10.31 MB ( <1%) committed. 

Chunk freelists:
   Non-Class:  624.00 KB
       Class:  3.19 MB
        Both:  3.80 MB

MaxMetaspaceSize: unlimited
CompressedClassSpaceSize: 1.00 GB
Initial GC threshold: 21.00 MB
Current GC threshold: 21.00 MB
CDS: on
MetaspaceReclaimPolicy: balanced
 - commit_granule_bytes: 65536.
 - commit_granule_words: 8192.
 - virtual_space_node_default_size: 1048576.
 - enlarge_chunks_in_place: 1.
 - new_chunks_are_fully_committed: 0.
 - uncommit_free_chunks: 1.
 - use_allocation_guard: 0.
 - handle_deallocations: 1.


Internal statistics:

num_allocs_failed_limit: 0.
num_arena_births: 44.
num_arena_deaths: 0.
num_vsnodes_births: 3.
num_vsnodes_deaths: 0.
num_space_committed: 163.
num_space_uncommitted: 0.
num_chunks_returned_to_freelist: 0.
num_chunks_taken_from_freelist: 323.
num_chunk_merges: 0.
num_chunk_splits: 275.
num_chunks_enlarged: 250.
num_purges: 0.
num_inconsistent_stats: 0.

CodeHeap 'non-profiled nmethods': size=119168Kb used=1500Kb max_used=1500Kb free=117667Kb
 bounds [0x000002878f590000, 0x000002878f800000, 0x00000287969f0000]
CodeHeap 'profiled nmethods': size=119104Kb used=4202Kb max_used=4202Kb free=114901Kb
 bounds [0x0000028788140000, 0x0000028788560000, 0x000002878f590000]
CodeHeap 'non-nmethods': size=7488Kb used=1663Kb max_used=3392Kb free=5825Kb
 bounds [0x00000287879f0000, 0x0000028787d50000, 0x0000028788140000]
 total_blobs=3420 nmethods=2312 adapters=1021
 compilation: enabled
              stopped_count=0, restarted_count=0
 full_count=0

Compilation events (20 events):
Event: 11.679 Thread 0x00000287a2886440 2304       4       com.badlogic.gdx.utils.Pool::free (68 bytes)
Event: 11.720 Thread 0x00000287a2886440 nmethod 2304 0x000002878f6fef90 code [0x000002878f6ff300, 0x000002878f701788]
Event: 11.720 Thread 0x00000287a2886440 2306       4       com.badlogic.gdx.graphics.VertexAttributes::<init> (66 bytes)
Event: 11.726 Thread 0x00000287a2886440 nmethod 2306 0x000002878f702b90 code [0x000002878f702d20, 0x000002878f7032f8]
Event: 11.726 Thread 0x00000287a2886440 2305       4       java.nio.DirectByteBuffer::asShortBuffer (179 bytes)
Event: 11.729 Thread 0x00000287a2886440 nmethod 2305 0x000002878f703510 code [0x000002878f7036a0, 0x000002878f703b38]
Event: 11.737 Thread 0x00000287a2886440 2307       4       com.badlogic.gdx.math.collision.BoundingBox::<init> (54 bytes)
Event: 11.742 Thread 0x00000287a2886440 nmethod 2307 0x000002878f703f10 code [0x000002878f7040e0, 0x000002878f7048d8]
Event: 11.742 Thread 0x00000287a2886440 2308       4       com.badlogic.gdx.math.collision.BoundingBox::clr (25 bytes)
Event: 11.744 Thread 0x00000287a2886440 nmethod 2308 0x000002878f704b90 code [0x000002878f704d40, 0x000002878f705038]
Event: 11.753 Thread 0x00000287a2886440 2309       4       com.badlogic.gdx.graphics.g3d.attributes.ColorAttribute::createDiffuse (12 bytes)
Event: 11.755 Thread 0x00000287a2886440 nmethod 2309 0x000002878f705210 code [0x000002878f7053a0, 0x000002878f705618]
Event: 11.755 Thread 0x00000287a2886440 2310       4       com.badlogic.gdx.graphics.g3d.Material::<init> (32 bytes)
Event: 11.761 Thread 0x00000287a2886df0 2311       3       com.badlogic.gdx.graphics.g3d.utils.ModelBuilder::createArrow (41 bytes)
Event: 11.761 Thread 0x00000287a2886df0 nmethod 2311 0x0000028788559990 code [0x0000028788559b60, 0x0000028788559e38]
Event: 11.761 Thread 0x00000287a2886df0 2312       3       com.badlogic.gdx.graphics.g3d.ModelBatch::render (71 bytes)
Event: 11.762 Thread 0x00000287a2886df0 nmethod 2312 0x000002878855a010 code [0x000002878855a200, 0x000002878855a7a8]
Event: 11.765 Thread 0x00000287a2886440 nmethod 2310 0x000002878f705810 code [0x000002878f705a00, 0x000002878f706868]
Event: 11.770 Thread 0x00000287a2886440 2313       4       com.badlogic.gdx.graphics.g3d.Attributes::set (33 bytes)
Event: 11.771 Thread 0x00000287a2886440 nmethod 2313 0x000002878f706f10 code [0x000002878f7070a0, 0x000002878f7071a8]

GC Heap History (6 events):
Event: 2.019 GC heap before
{Heap before GC invocations=0 (full 0):
 garbage-first heap   total 251904K, used 22528K [0x000000070a000000, 0x0000000800000000)
  region size 2048K, 11 young (22528K), 0 survivors (0K)
 Metaspace       used 7142K, committed 7296K, reserved 1064960K
  class space    used 433K, committed 512K, reserved 1048576K
}
Event: 2.023 GC heap after
{Heap after GC invocations=1 (full 0):
 garbage-first heap   total 251904K, used 2547K [0x000000070a000000, 0x0000000800000000)
  region size 2048K, 2 young (4096K), 2 survivors (4096K)
 Metaspace       used 7142K, committed 7296K, reserved 1064960K
  class space    used 433K, committed 512K, reserved 1048576K
}
Event: 5.258 GC heap before
{Heap before GC invocations=1 (full 0):
 garbage-first heap   total 251904K, used 47603K [0x000000070a000000, 0x0000000800000000)
  region size 2048K, 20 young (40960K), 2 survivors (4096K)
 Metaspace       used 9821K, committed 9920K, reserved 1064960K
  class space    used 678K, committed 704K, reserved 1048576K
}
Event: 5.267 GC heap after
{Heap after GC invocations=2 (full 0):
 garbage-first heap   total 251904K, used 22685K [0x000000070a000000, 0x0000000800000000)
  region size 2048K, 3 young (6144K), 3 survivors (6144K)
 Metaspace       used 9821K, committed 9920K, reserved 1064960K
  class space    used 678K, committed 704K, reserved 1048576K
}
Event: 5.635 GC heap before
{Heap before GC invocations=2 (full 0):
 garbage-first heap   total 251904K, used 34973K [0x000000070a000000, 0x0000000800000000)
  region size 2048K, 6 young (12288K), 3 survivors (6144K)
 Metaspace       used 10226K, committed 10368K, reserved 1064960K
  class space    used 728K, committed 768K, reserved 1048576K
}
Event: 5.640 GC heap after
{Heap after GC invocations=3 (full 0):
 garbage-first heap   total 251904K, used 31090K [0x000000070a000000, 0x0000000800000000)
  region size 2048K, 1 young (2048K), 1 survivors (2048K)
 Metaspace       used 10226K, committed 10368K, reserved 1064960K
  class space    used 728K, committed 768K, reserved 1048576K
}

Deoptimization events (20 events):
Event: 5.001 Thread 0x00000287ff321970 DEOPT PACKING pc=0x000002878842c688 sp=0x00000099c51fee00
Event: 5.001 Thread 0x00000287ff321970 DEOPT UNPACKING pc=0x0000028787a42b43 sp=0x00000099c51fe2d8 mode 0
Event: 5.572 Thread 0x00000287a3532ad0 Uncommon trap: trap_request=0xffffff45 fr.pc=0x000002878f5f7130 relative=0x0000000000000110
Event: 5.572 Thread 0x00000287a3532ad0 Uncommon trap: reason=unstable_if action=reinterpret pc=0x000002878f5f7130 method=java.lang.ThreadLocal.get()Ljava/lang/Object; @ 11 c2
Event: 5.572 Thread 0x00000287a3532ad0 DEOPT PACKING pc=0x000002878f5f7130 sp=0x00000099c7bfe880
Event: 5.572 Thread 0x00000287a3532ad0 DEOPT UNPACKING pc=0x0000028787a423a3 sp=0x00000099c7bfe810 mode 2
Event: 5.621 Thread 0x00000287ff321970 DEOPT PACKING pc=0x0000028788489324 sp=0x00000099c51fef20
Event: 5.621 Thread 0x00000287ff321970 DEOPT UNPACKING pc=0x0000028787a42b43 sp=0x00000099c51fe408 mode 0
Event: 5.640 Thread 0x00000287ff321970 DEOPT PACKING pc=0x000002878849ea25 sp=0x00000099c51fefc0
Event: 5.640 Thread 0x00000287ff321970 DEOPT UNPACKING pc=0x0000028787a42b43 sp=0x00000099c51fe6a0 mode 0
Event: 5.700 Thread 0x00000287ff321970 DEOPT PACKING pc=0x000002878849ea25 sp=0x00000099c51fefc0
Event: 5.700 Thread 0x00000287ff321970 DEOPT UNPACKING pc=0x0000028787a42b43 sp=0x00000099c51fe6a0 mode 0
Event: 5.975 Thread 0x00000287ff321970 Uncommon trap: trap_request=0xffffff45 fr.pc=0x000002878f685cc0 relative=0x0000000000000040
Event: 5.975 Thread 0x00000287ff321970 Uncommon trap: reason=unstable_if action=reinterpret pc=0x000002878f685cc0 method=java.lang.Long.numberOfTrailingZeros(J)I @ 4 c2
Event: 5.975 Thread 0x00000287ff321970 DEOPT PACKING pc=0x000002878f685cc0 sp=0x00000099c51feb00
Event: 5.975 Thread 0x00000287ff321970 DEOPT UNPACKING pc=0x0000028787a423a3 sp=0x00000099c51fea98 mode 2
Event: 6.009 Thread 0x00000287ff321970 DEOPT PACKING pc=0x00000287884aca85 sp=0x00000099c51fec10
Event: 6.009 Thread 0x00000287ff321970 DEOPT UNPACKING pc=0x0000028787a42b43 sp=0x00000099c51fe110 mode 0
Event: 6.028 Thread 0x00000287ff321970 DEOPT PACKING pc=0x0000028788332d87 sp=0x00000099c51feef0
Event: 6.028 Thread 0x00000287ff321970 DEOPT UNPACKING pc=0x0000028787a42b43 sp=0x00000099c51fe458 mode 0

Classes unloaded (0 events):
No events

Classes redefined (0 events):
No events

Internal exceptions (20 events):
Event: 0.155 Thread 0x00000287ff321970 Exception <a 'java/lang/NoSuchMethodError'{0x0000000718e3ea78}: 'void java.lang.invoke.DirectMethodHandle$Holder.invokeStatic(java.lang.Object, java.lang.Object)'> (0x0000000718e3ea78) 
thrown [e:\jenkins\tmp\workspace\build\src\src\hotspot\share\interpreter\linkResolver.cpp, line 766]
Event: 0.156 Thread 0x00000287ff321970 Exception <a 'java/lang/NoSuchMethodError'{0x0000000718e442c0}: 'void java.lang.invoke.DirectMethodHandle$Holder.invokeSpecial(java.lang.Object, java.lang.Object, java.lang.Object)'> (0x0000000718e442c0) 
thrown [e:\jenkins\tmp\workspace\build\src\src\hotspot\share\interpreter\linkResolver.cpp, line 766]
Event: 0.158 Thread 0x00000287ff321970 Exception <a 'java/lang/NoSuchMethodError'{0x0000000718e57648}: 'java.lang.Object java.lang.invoke.DirectMethodHandle$Holder.invokeStatic(java.lang.Object, java.lang.Object, int)'> (0x0000000718e57648) 
thrown [e:\jenkins\tmp\workspace\build\src\src\hotspot\share\interpreter\linkResolver.cpp, line 766]
Event: 0.159 Thread 0x00000287ff321970 Exception <a 'java/lang/NoSuchMethodError'{0x0000000718e633b8}: 'void java.lang.invoke.DelegatingMethodHandle$Holder.delegate(java.lang.Object, java.lang.Object, int, java.lang.Object)'> (0x0000000718e633b8) 
thrown [e:\jenkins\tmp\workspace\build\src\src\hotspot\share\interpreter\linkResolver.cpp, line 766]
Event: 0.159 Thread 0x00000287ff321970 Exception <a 'java/lang/NoSuchMethodError'{0x0000000718e675f8}: 'int java.lang.invoke.DirectMethodHandle$Holder.invokeSpecial(java.lang.Object, java.lang.Object, java.lang.Object)'> (0x0000000718e675f8) 
thrown [e:\jenkins\tmp\workspace\build\src\src\hotspot\share\interpreter\linkResolver.cpp, line 766]
Event: 0.186 Thread 0x00000287ff321970 Exception <a 'sun/nio/fs/WindowsException'{0x0000000718f0e348}> (0x0000000718f0e348) 
thrown [e:\jenkins\tmp\workspace\build\src\src\hotspot\share\prims\jni.cpp, line 516]
Event: 0.186 Thread 0x00000287ff321970 Exception <a 'sun/nio/fs/WindowsException'{0x0000000718f0e8a0}> (0x0000000718f0e8a0) 
thrown [e:\jenkins\tmp\workspace\build\src\src\hotspot\share\prims\jni.cpp, line 516]
Event: 0.212 Thread 0x00000287ff321970 Exception <a 'sun/nio/fs/WindowsException'{0x0000000718ffca08}> (0x0000000718ffca08) 
thrown [e:\jenkins\tmp\workspace\build\src\src\hotspot\share\prims\jni.cpp, line 516]
Event: 0.212 Thread 0x00000287ff321970 Exception <a 'sun/nio/fs/WindowsException'{0x0000000718ffcda8}> (0x0000000718ffcda8) 
thrown [e:\jenkins\tmp\workspace\build\src\src\hotspot\share\prims\jni.cpp, line 516]
Event: 0.231 Thread 0x00000287ff321970 Exception <a 'sun/nio/fs/WindowsException'{0x0000000718cab0d8}> (0x0000000718cab0d8) 
thrown [e:\jenkins\tmp\workspace\build\src\src\hotspot\share\prims\jni.cpp, line 516]
Event: 0.231 Thread 0x00000287ff321970 Exception <a 'sun/nio/fs/WindowsException'{0x0000000718cab448}> (0x0000000718cab448) 
thrown [e:\jenkins\tmp\workspace\build\src\src\hotspot\share\prims\jni.cpp, line 516]
Event: 0.274 Thread 0x00000287ff321970 Exception <a 'sun/nio/fs/WindowsException'{0x0000000718d30478}> (0x0000000718d30478) 
thrown [e:\jenkins\tmp\workspace\build\src\src\hotspot\share\prims\jni.cpp, line 516]
Event: 0.274 Thread 0x00000287ff321970 Exception <a 'sun/nio/fs/WindowsException'{0x0000000718d30800}> (0x0000000718d30800) 
thrown [e:\jenkins\tmp\workspace\build\src\src\hotspot\share\prims\jni.cpp, line 516]
Event: 0.500 Thread 0x00000287ff321970 Exception <a 'sun/nio/fs/WindowsException'{0x0000000718b12400}> (0x0000000718b12400) 
thrown [e:\jenkins\tmp\workspace\build\src\src\hotspot\share\prims\jni.cpp, line 516]
Event: 0.500 Thread 0x00000287ff321970 Exception <a 'sun/nio/fs/WindowsException'{0x0000000718b127b0}> (0x0000000718b127b0) 
thrown [e:\jenkins\tmp\workspace\build\src\src\hotspot\share\prims\jni.cpp, line 516]
Event: 0.504 Thread 0x00000287ff321970 Exception <a 'sun/nio/fs/WindowsException'{0x0000000718b1e948}> (0x0000000718b1e948) 
thrown [e:\jenkins\tmp\workspace\build\src\src\hotspot\share\prims\jni.cpp, line 516]
Event: 0.504 Thread 0x00000287ff321970 Exception <a 'sun/nio/fs/WindowsException'{0x0000000718b1ec30}> (0x0000000718b1ec30) 
thrown [e:\jenkins\tmp\workspace\build\src\src\hotspot\share\prims\jni.cpp, line 516]
Event: 4.510 Thread 0x00000287ff321970 Implicit null exception at 0x000002878f5f5bb0 to 0x000002878f5f5d88
Event: 4.524 Thread 0x00000287ff321970 Implicit null exception at 0x000002878f5ff2bf to 0x000002878f5ff39c
Event: 5.572 Thread 0x00000287a3532ad0 Implicit null exception at 0x000002878f5f705f to 0x000002878f5f711c

VM Operations (20 events):
Event: 5.258 Executing VM operation: G1CollectForAllocation
Event: 5.267 Executing VM operation: G1CollectForAllocation done
Event: 5.635 Executing VM operation: G1CollectForAllocation
Event: 5.640 Executing VM operation: G1CollectForAllocation done
Event: 6.662 Executing VM operation: ICBufferFull
Event: 6.662 Executing VM operation: ICBufferFull done
Event: 7.342 Executing VM operation: ICBufferFull
Event: 7.342 Executing VM operation: ICBufferFull done
Event: 7.992 Executing VM operation: ICBufferFull
Event: 7.992 Executing VM operation: ICBufferFull done
Event: 8.659 Executing VM operation: ICBufferFull
Event: 8.659 Executing VM operation: ICBufferFull done
Event: 9.327 Executing VM operation: ICBufferFull
Event: 9.327 Executing VM operation: ICBufferFull done
Event: 9.978 Executing VM operation: ICBufferFull
Event: 9.978 Executing VM operation: ICBufferFull done
Event: 10.647 Executing VM operation: ICBufferFull
Event: 10.647 Executing VM operation: ICBufferFull done
Event: 11.311 Executing VM operation: ICBufferFull
Event: 11.311 Executing VM operation: ICBufferFull done

Events (20 events):
Event: 5.586 loading class com/sun/media/sound/StandardFileFormat done
Event: 5.586 loading class com/sun/media/sound/WaveFileFormat done
Event: 5.587 loading class javax/sound/sampled/LineEvent
Event: 5.587 loading class java/util/EventObject
Event: 5.587 loading class java/util/EventObject done
Event: 5.587 loading class javax/sound/sampled/LineEvent done
Event: 5.587 loading class javax/sound/sampled/LineEvent$Type
Event: 5.587 loading class javax/sound/sampled/LineEvent$Type done
Event: 5.587 loading class com/sun/media/sound/EventDispatcher
Event: 5.587 loading class com/sun/media/sound/EventDispatcher done
Event: 5.587 Thread 0x00000287a3532fa0 Thread added: 0x00000287a3532fa0
Event: 5.597 Thread 0x00000287a3530df0 Thread added: 0x00000287a3530df0
Event: 5.634 Thread 0x00000287a3533940 Thread added: 0x00000287a3533940
Event: 5.644 Thread 0x00000287a3530920 Thread added: 0x00000287a3530920
Event: 5.800 Thread 0x00000287a3532ad0 Thread exited: 0x00000287a3532ad0
Event: 6.362 Thread 0x00000287ae1ed290 Thread exited: 0x00000287ae1ed290
Event: 6.549 Thread 0x00000287a3533940 Thread exited: 0x00000287a3533940
Event: 8.800 Thread 0x00000287ae1ed7a0 Thread exited: 0x00000287ae1ed7a0
Event: 8.801 Thread 0x00000287a351bd10 Thread exited: 0x00000287a351bd10
Event: 10.160 Thread 0x00000287a350eaf0 Thread exited: 0x00000287a350eaf0


Dynamic libraries:
0x00007ff7d8a20000 - 0x00007ff7d8a2e000 	C:\Program Files\Eclipse Adoptium\jdk-17.0.1.12-hotspot\bin\java.exe
0x00007ffdc5cd0000 - 0x00007ffdc5ec5000 	C:\Windows\SYSTEM32\ntdll.dll
0x00007ffdc4060000 - 0x00007ffdc411d000 	C:\Windows\System32\KERNEL32.DLL
0x00007ffdc3720000 - 0x00007ffdc39ed000 	C:\Windows\System32\KERNELBASE.dll
0x00007ffdc33b0000 - 0x00007ffdc34b0000 	C:\Windows\System32\ucrtbase.dll
0x00007ffdb6650000 - 0x00007ffdb6668000 	C:\Program Files\Eclipse Adoptium\jdk-17.0.1.12-hotspot\bin\jli.dll
0x00007ffdbd460000 - 0x00007ffdbd479000 	C:\Program Files\Eclipse Adoptium\jdk-17.0.1.12-hotspot\bin\VCRUNTIME140.dll
0x00007ffdc5530000 - 0x00007ffdc56d0000 	C:\Windows\System32\USER32.dll
0x00007ffdc3c20000 - 0x00007ffdc3c42000 	C:\Windows\System32\win32u.dll
0x00007ffdad620000 - 0x00007ffdad8ba000 	C:\Windows\WinSxS\amd64_microsoft.windows.common-controls_6595b64144ccf1df_6.0.19041.1110_none_60b5254171f9507e\COMCTL32.dll
0x00007ffdc5bd0000 - 0x00007ffdc5bfa000 	C:\Windows\System32\GDI32.dll
0x00007ffdc5190000 - 0x00007ffdc522e000 	C:\Windows\System32\msvcrt.dll
0x00007ffdc3610000 - 0x00007ffdc371b000 	C:\Windows\System32\gdi32full.dll
0x00007ffdc39f0000 - 0x00007ffdc3a8d000 	C:\Windows\System32\msvcp_win.dll
0x00007ffdc4eb0000 - 0x00007ffdc4ee0000 	C:\Windows\System32\IMM32.DLL
0x00007ffdbede0000 - 0x00007ffdbedec000 	C:\Program Files\Eclipse Adoptium\jdk-17.0.1.12-hotspot\bin\vcruntime140_1.dll
0x00007ffdb1890000 - 0x00007ffdb1921000 	C:\Program Files\Eclipse Adoptium\jdk-17.0.1.12-hotspot\bin\msvcp140.dll
0x00007ffd82e10000 - 0x00007ffd83a56000 	C:\Program Files\Eclipse Adoptium\jdk-17.0.1.12-hotspot\bin\server\jvm.dll
0x00007ffdc3fb0000 - 0x00007ffdc405e000 	C:\Windows\System32\ADVAPI32.dll
0x00007ffdc3e80000 - 0x00007ffdc3f1c000 	C:\Windows\System32\sechost.dll
0x00007ffdc3d50000 - 0x00007ffdc3e75000 	C:\Windows\System32\RPCRT4.dll
0x00007ffdc4ee0000 - 0x00007ffdc4ee8000 	C:\Windows\System32\PSAPI.DLL
0x00007ffda5c00000 - 0x00007ffda5c09000 	C:\Windows\SYSTEM32\WSOCK32.dll
0x00007ffdb8890000 - 0x00007ffdb88b7000 	C:\Windows\SYSTEM32\WINMM.dll
0x00007ffdbc260000 - 0x00007ffdbc26a000 	C:\Windows\SYSTEM32\VERSION.dll
0x00007ffdc52e0000 - 0x00007ffdc534b000 	C:\Windows\System32\WS2_32.dll
0x00007ffdc1c40000 - 0x00007ffdc1c52000 	C:\Windows\SYSTEM32\kernel.appcore.dll
0x00007ffdbee30000 - 0x00007ffdbee3a000 	C:\Program Files\Eclipse Adoptium\jdk-17.0.1.12-hotspot\bin\jimage.dll
0x00007ffdc1a30000 - 0x00007ffdc1c14000 	C:\Windows\SYSTEM32\DBGHELP.DLL
0x00007ffdb8de0000 - 0x00007ffdb8e0c000 	C:\Windows\SYSTEM32\dbgcore.DLL
0x00007ffdc3a90000 - 0x00007ffdc3b12000 	C:\Windows\System32\bcryptPrimitives.dll
0x00007ffdb62b0000 - 0x00007ffdb62d5000 	C:\Program Files\Eclipse Adoptium\jdk-17.0.1.12-hotspot\bin\java.dll
0x00007ffdb1a30000 - 0x00007ffdb1b06000 	C:\Program Files\Eclipse Adoptium\jdk-17.0.1.12-hotspot\bin\svml.dll
0x00007ffdc4120000 - 0x00007ffdc4864000 	C:\Windows\System32\SHELL32.dll
0x00007ffdc1150000 - 0x00007ffdc18e4000 	C:\Windows\SYSTEM32\windows.storage.dll
0x00007ffdc5870000 - 0x00007ffdc5bc4000 	C:\Windows\System32\combase.dll
0x00007ffdc2e10000 - 0x00007ffdc2e3c000 	C:\Windows\SYSTEM32\Wldp.dll
0x00007ffdc5230000 - 0x00007ffdc52dd000 	C:\Windows\System32\SHCORE.dll
0x00007ffdc3cf0000 - 0x00007ffdc3d45000 	C:\Windows\System32\shlwapi.dll
0x00007ffdc32f0000 - 0x00007ffdc330f000 	C:\Windows\SYSTEM32\profapi.dll
0x00007ffdaafa0000 - 0x00007ffdaafb9000 	C:\Program Files\Eclipse Adoptium\jdk-17.0.1.12-hotspot\bin\net.dll
0x00007ffdb4be0000 - 0x00007ffdb4cea000 	C:\Windows\SYSTEM32\WINHTTP.dll
0x00007ffdc2b70000 - 0x00007ffdc2bda000 	C:\Windows\system32\mswsock.dll
0x00007ffdaaf80000 - 0x00007ffdaaf95000 	C:\Program Files\Eclipse Adoptium\jdk-17.0.1.12-hotspot\bin\nio.dll
0x00007ffdaace0000 - 0x00007ffdaacf8000 	C:\Program Files\Eclipse Adoptium\jdk-17.0.1.12-hotspot\bin\zip.dll
0x000000006e700000 - 0x000000006e72a000 	C:\Users\grado\AppData\Local\Temp\libgdxgrado\e1cd32f8\gdx64.dll
0x00007ffdb19c0000 - 0x00007ffdb1a24000 	C:\Users\grado\AppData\Local\Temp\lwjglgrado\3.2.3-build-13\lwjgl.dll
0x00007ffd84490000 - 0x00007ffd846e3000 	C:\Users\grado\AppData\Local\Temp\lwjglgrado\3.2.3-build-13\jemalloc.dll
0x00007ffdb1950000 - 0x00007ffdb19b2000 	C:\Users\grado\AppData\Local\Temp\lwjglgrado\3.2.3-build-13\glfw.dll
0x00007ffdc0870000 - 0x00007ffdc090e000 	C:\Windows\system32\uxtheme.dll
0x00007ffdaa450000 - 0x00007ffdaa495000 	C:\Windows\SYSTEM32\dinput8.dll
0x00007ffdb1930000 - 0x00007ffdb1941000 	C:\Windows\SYSTEM32\xinput1_4.dll
0x00007ffdc3b20000 - 0x00007ffdc3b6e000 	C:\Windows\System32\cfgmgr32.dll
0x00007ffdc3160000 - 0x00007ffdc318c000 	C:\Windows\SYSTEM32\DEVOBJ.dll
0x00007ffdc0a00000 - 0x00007ffdc0a2f000 	C:\Windows\SYSTEM32\dwmapi.dll
0x00007ffda8c80000 - 0x00007ffda8dd2000 	C:\Windows\SYSTEM32\inputhost.dll
0x00007ffdc4d70000 - 0x00007ffdc4e3d000 	C:\Windows\System32\OLEAUT32.dll
0x00007ffdc0500000 - 0x00007ffdc05f2000 	C:\Windows\SYSTEM32\CoreMessaging.dll
0x00007ffdbe990000 - 0x00007ffdbea86000 	C:\Windows\SYSTEM32\PROPSYS.dll
0x00007ffdbfad0000 - 0x00007ffdbfc24000 	C:\Windows\SYSTEM32\wintypes.dll
0x00007ffdc01a0000 - 0x00007ffdc04fe000 	C:\Windows\SYSTEM32\CoreUIComponents.dll
0x00007ffdc20b0000 - 0x00007ffdc20e3000 	C:\Windows\SYSTEM32\ntmarta.dll
0x00007ffdc5750000 - 0x00007ffdc5865000 	C:\Windows\System32\MSCTF.dll
0x00007ffdc18f0000 - 0x00007ffdc18fd000 	C:\Windows\SYSTEM32\HID.DLL
0x00007ffdc4870000 - 0x00007ffdc4ce1000 	C:\Windows\System32\SETUPAPI.DLL
0x00007ffdc3c50000 - 0x00007ffdc3c77000 	C:\Windows\System32\bcrypt.dll
0x00007ffdc3c80000 - 0x00007ffdc3ce8000 	C:\Windows\System32\WINTRUST.dll
0x00007ffdc34b0000 - 0x00007ffdc3606000 	C:\Windows\System32\CRYPT32.dll
0x00007ffdc2fa0000 - 0x00007ffdc2fb2000 	C:\Windows\SYSTEM32\MSASN1.dll
0x00007ffd81e40000 - 0x00007ffd81f4b000 	C:\Users\grado\AppData\Local\Temp\lwjglgrado\3.2.3-build-13\OpenAL.dll
0x00007ffdc5400000 - 0x00007ffdc552a000 	C:\Windows\System32\ole32.dll
0x00007ffdc5350000 - 0x00007ffdc53f9000 	C:\Windows\System32\clbcatq.dll
0x00007ffdbb510000 - 0x00007ffdbb595000 	C:\Windows\System32\MMDevApi.dll
0x00007ffdbbda0000 - 0x00007ffdbbf22000 	C:\Windows\SYSTEM32\AUDIOSES.DLL
0x00007ffdc2930000 - 0x00007ffdc297b000 	C:\Windows\SYSTEM32\powrprof.dll
0x00007ffdc27f0000 - 0x00007ffdc2802000 	C:\Windows\SYSTEM32\UMPDC.dll
0x00007ffdc0a30000 - 0x00007ffdc0a44000 	C:\Windows\SYSTEM32\resourcepolicyclient.dll
0x00007ffd22910000 - 0x00007ffd22a36000 	C:\Windows\SYSTEM32\opengl32.dll
0x00007ffd228e0000 - 0x00007ffd2290c000 	C:\Windows\SYSTEM32\GLU32.dll
0x00007ffdbc2e0000 - 0x00007ffdbc3d7000 	C:\Windows\System32\AppXDeploymentClient.dll
0x00007ffdab4d0000 - 0x00007ffdab4fa000 	C:\Windows\System32\DriverStore\FileRepository\u0361612.inf_amd64_b679e02f70413f9f\B361368\atig6pxx.dll
0x00007ffd7dc80000 - 0x00007ffd80966000 	C:\Windows\System32\DriverStore\FileRepository\u0361612.inf_amd64_b679e02f70413f9f\B361368\atio6axx.dll
0x00007ffd86690000 - 0x00007ffd866b4000 	C:\Windows\SYSTEM32\dxva2.dll
0x00007ffda3f10000 - 0x00007ffda3f4c000 	C:\Windows\System32\DriverStore\FileRepository\u0361612.inf_amd64_b679e02f70413f9f\B361368\atig6txx.dll
0x00007ffd81c80000 - 0x00007ffd81e39000 	C:\Windows\SYSTEM32\atiadlxx.dll
0x00007ffdb9380000 - 0x00007ffdb93bb000 	C:\Windows\SYSTEM32\dxcore.dll
0x00007ffd9ef60000 - 0x00007ffd9efb9000 	C:\Users\grado\AppData\Local\Temp\lwjglgrado\3.2.3-build-13\lwjgl_opengl.dll
0x00007ffda93b0000 - 0x00007ffda94a9000 	C:\Windows\SYSTEM32\textinputframework.dll
0x00007ffdaacc0000 - 0x00007ffdaacd1000 	C:\Program Files\Eclipse Adoptium\jdk-17.0.1.12-hotspot\bin\jsound.dll
0x00007ffd853c0000 - 0x00007ffd8545c000 	C:\Windows\SYSTEM32\DSOUND.dll
0x00007ffdb3710000 - 0x00007ffdb3736000 	C:\Windows\SYSTEM32\winmmbase.dll
0x00007ffda9b00000 - 0x00007ffda9b46000 	C:\Windows\SYSTEM32\wdmaud.drv
0x00007ffdbde60000 - 0x00007ffdbde69000 	C:\Windows\SYSTEM32\ksuser.dll
0x00007ffdbd880000 - 0x00007ffdbd88a000 	C:\Windows\SYSTEM32\AVRT.dll
0x00007ffdbc5b0000 - 0x00007ffdbc5bd000 	C:\Windows\SYSTEM32\msacm32.drv
0x00007ffdbc630000 - 0x00007ffdbc64e000 	C:\Windows\SYSTEM32\MSACM32.dll
0x00007ffdb6730000 - 0x00007ffdb673b000 	C:\Windows\SYSTEM32\midimap.dll
0x00007ffda8de0000 - 0x00007ffda8f21000 	C:\Windows\System32\Windows.UI.dll
0x00007ffdbd350000 - 0x00007ffdbd3f1000 	C:\Windows\System32\WindowManagementAPI.dll
0x00007ffdbca10000 - 0x00007ffdbcc11000 	C:\Windows\SYSTEM32\twinapi.appcore.dll

dbghelp: loaded successfully - version: 4.0.5 - missing functions: none
symbol engine: initialized successfully - sym options: 0x614 - pdb path: .;C:\Program Files\Eclipse Adoptium\jdk-17.0.1.12-hotspot\bin;C:\Windows\SYSTEM32;C:\Windows\WinSxS\amd64_microsoft.windows.common-controls_6595b64144ccf1df_6.0.19041.1110_none_60b5254171f9507e;C:\Program Files\Eclipse Adoptium\jdk-17.0.1.12-hotspot\bin\server;C:\Users\grado\AppData\Local\Temp\libgdxgrado\e1cd32f8;C:\Users\grado\AppData\Local\Temp\lwjglgrado\3.2.3-build-13;C:\Windows\System32\DriverStore\FileRepository\u0361612.inf_amd64_b679e02f70413f9f\B361368

VM Arguments:
jvm_args: -XX:+ShowCodeDetailsInExceptionMessages 
java_command: com.crazyputting3d.Main
java_class_path (initial): C:\Users\grado\Documents\Group-04\3dcrazyputting\desktop\bin\main;\CrazyPutting3D-core\bin\default;C:\Users\grado\Documents\Group-04\3dcrazyputting\core\bin\main;C:\Users\grado\.gradle\caches\modules-2\files-2.1\com.badlogicgames.gdx\gdx-backend-lwjgl3\1.10.0\600c7d5b2c977daa82c4abad147087b31e0ada87\gdx-backend-lwjgl3-1.10.0.jar;C:\Users\grado\.gradle\caches\modules-2\files-2.1\com.badlogicgames.gdx\gdx-platform\1.10.0\9a8fa793d2fd6d360afc6c9e4c1f5583da263b88\gdx-platform-1.10.0-natives-desktop.jar;C:\Users\grado\.gradle\caches\modules-2\files-2.1\com.badlogicgames.gdx\gdx-bullet-platform\1.10.0\ce92e8dfc762523d769cbc50853163c03bf98cf1\gdx-bullet-platform-1.10.0-natives-desktop.jar;C:\Users\grado\.gradle\caches\modules-2\files-2.1\com.badlogicgames.gdx\gdx-freetype-platform\1.10.0\6e5d28752759e69384f12e4569d2c884ff71352f\gdx-freetype-platform-1.10.0-natives-desktop.jar;C:\Users\grado\.gradle\caches\modules-2\files-2.1\com.badlogicgames.gdx-controllers\gdx-controllers-desktop\2.2.1\cb3430c32468a090eca54d494d16bb3764ceff9b\gdx-controllers-desktop-2.2.1.jar;C:\Users\grado\.gradle\caches\modules-2\files-2.1\org.jetbrains\annotations\20.1.0\2fcd1f3225bca0c4a7bc931142076f8c1e80993f\annotations-20.1.0.jar;C:\Users\grado\.gradle\caches\modules-2\files-2.1\com.badlogicgames.gdx\gdx-bullet\1.10.0\839b58c7278f5c3b55291c3a559d91227400ecdb\gdx-bullet-1.10.0.jar;C:\Users\grado\.gradle\caches\modules-2\files-2.1\com.badlogicgames.gdx\gdx-freetype\1.10.0\de1d0d5c1e92e8d91364256fd6b7bb279d3e9859\gdx-freetype-1.10.0.jar;C:\Users\grado\.gradle\caches\modules-2\files-2.1\com.badlogicgames.gdx\gdx-ai\1.8.2\ab75d2ce80ab1b1ce6828a15dc0f417abac4c674\gdx-ai-1.8.2.jar;C:\Users\grado\.gradle\caches\modules-2\files-2.1\com.badlogicgames.ashley\ashley\1.7.4\21a3a8932919099c4e5006a7d8378dcbe76ef8a5\ashley-1.7.4.jar;C:\Users\grado\.gradle\caches\modules-2\files-2.1\com.badlogicgames.box2dlights\box2dlights\1.5\6902dbcd250c95a27973aa24a147a95b3828d348\box2dlights-1.5.j
Launcher Type: SUN_STANDARD

[Global flags]
     intx CICompilerCount                          = 12                                        {product} {ergonomic}
     uint ConcGCThreads                            = 3                                         {product} {ergonomic}
     uint G1ConcRefinementThreads                  = 13                                        {product} {ergonomic}
   size_t G1HeapRegionSize                         = 2097152                                   {product} {ergonomic}
    uintx GCDrainStackTargetSize                   = 64                                        {product} {ergonomic}
   size_t InitialHeapSize                          = 257949696                                 {product} {ergonomic}
   size_t MarkStackSize                            = 4194304                                   {product} {ergonomic}
   size_t MaxHeapSize                              = 4127195136                                {product} {ergonomic}
   size_t MaxNewSize                               = 2474639360                                {product} {ergonomic}
   size_t MinHeapDeltaBytes                        = 2097152                                   {product} {ergonomic}
   size_t MinHeapSize                              = 8388608                                   {product} {ergonomic}
    uintx NonNMethodCodeHeapSize                   = 7602480                                {pd product} {ergonomic}
    uintx NonProfiledCodeHeapSize                  = 122027880                              {pd product} {ergonomic}
    uintx ProfiledCodeHeapSize                     = 122027880                              {pd product} {ergonomic}
    uintx ReservedCodeCacheSize                    = 251658240                              {pd product} {ergonomic}
     bool SegmentedCodeCache                       = true                                      {product} {ergonomic}
     bool ShowCodeDetailsInExceptionMessages       = true                                   {manageable} {command line}
   size_t SoftMaxHeapSize                          = 4127195136                             {manageable} {ergonomic}
     bool UseCompressedClassPointers               = true                           {product lp64_product} {ergonomic}
     bool UseCompressedOops                        = true                           {product lp64_product} {ergonomic}
     bool UseG1GC                                  = true                                      {product} {ergonomic}
     bool UseLargePagesIndividualAllocation        = false                                  {pd product} {ergonomic}

Logging:
Log output configuration:
 #0: stdout all=warning uptime,level,tags
 #1: stderr all=off uptime,level,tags

Environment Variables:
PATH=C:\Program Files\Common Files\Oracle\Java\javapath;C:\Windows\system32;C:\Windows;C:\Windows\System32\Wbem;C:\Windows\System32\WindowsPowerShell\v1.0\;C:\Windows\System32\OpenSSH\;C:\Program Files (x86)\NVIDIA Corporation\PhysX\Common;C:\Program Files\NVIDIA Corporation\NVIDIA NvDLISR;C:\Program Files\MATLAB\R2022a\bin;C:\Program Files\Gradle\gradle-7.4.2\bin;C:\Program Files\Git\cmd;C:\Users\grado\AppData\Local\Microsoft\WindowsApps;C:\Users\grado\AppData\Local\Programs\Microsoft VS Code\bin;C:\Users\grado\AppData\Local\GitHubDesktop\bin
USERNAME=grado
LANG=en_US.UTF-8
OS=Windows_NT
PROCESSOR_IDENTIFIER=AMD64 Family 23 Model 96 Stepping 1, AuthenticAMD



---------------  S Y S T E M  ---------------

OS:
 Windows 10 , 64 bit Build 19041 (10.0.19041.1706)
OS uptime: 11 days 17:07 hours

CPU: total 16 (initial active 16) (16 cores per cpu, 2 threads per core) family 23 model 96 stepping 1 microcode 0x0, cx8, cmov, fxsr, ht, mmx, 3dnowpref, sse, sse2, sse3, ssse3, sse4a, sse4.1, sse4.2, popcnt, lzcnt, tsc, tscinvbit, avx, avx2, aes, clmul, bmi1, bmi2, adx, sha, fma, vzeroupper, clflush, clflushopt

Memory: 4k page, system-wide physical 15741M (8427M free)
TotalPageFile size 28638M (AvailPageFile size 11047M)
current process WorkingSet (physical memory assigned to process): 322M, peak: 370M
current process commit charge ("private bytes"): 588M, peak: 647M

vm_info: OpenJDK 64-Bit Server VM (17.0.1+12) for windows-amd64 JRE (17.0.1+12), built on Oct 20 2021 07:42:55 by "" with MS VC++ 16.7 (VS2019)

END.
