#
# A fatal error has been detected by the Java Runtime Environment:
#
#  EXCEPTION_ACCESS_VIOLATION (0xc0000005) at pc=0x000002cd75f70000, pid=18572, tid=5124
#
# JRE version: OpenJDK Runtime Environment Temurin-17.0.1+12 (17.0.1+12) (build 17.0.1+12)
# Java VM: OpenJDK 64-Bit Server VM Temurin-17.0.1+12 (17.0.1+12, mixed mode, sharing, tiered, compressed oops, compressed class ptrs, g1 gc, windows-amd64)
# Problematic frame:
# C  0x000002cd75f70000
#
# No core dump will be written. Minidumps are not enabled by default on client versions of Windows
#
# If you would like to submit a bug report, please visit:
#   https://github.com/adoptium/adoptium-support/issues
# The crash happened outside the Java Virtual Machine in native code.
# See problematic frame for where to report the bug.
#

---------------  S U M M A R Y ------------

Command Line: -XX:+ShowCodeDetailsInExceptionMessages com.crazyputting3d.Main

Host: AMD Ryzen 7 4800H with Radeon Graphics         , 16 cores, 15G,  Windows 10 , 64 bit Build 19041 (10.0.19041.1706)
Time: Fri Jun 17 17:56:07 2022 Central European Daylight Time elapsed time: 34.442044 seconds (0d 0h 0m 34s)

---------------  T H R E A D  ---------------

Current thread (0x000002cd528f1bd0):  JavaThread "main" [_thread_in_native, id=5124, stack(0x000000e05af00000,0x000000e05b000000)]

Stack: [0x000000e05af00000,0x000000e05b000000],  sp=0x000000e05affeb18,  free space=1018k
Native frames: (J=compiled Java code, j=interpreted, Vv=VM code, C=native code)
C  0x000002cd75f70000

Java frames: (J=compiled Java code, j=interpreted, Vv=VM code)
J 1201  org.lwjgl.system.JNI.invokePV(JJ)V (0 bytes) @ 0x000002cd61fc20ec [0x000002cd61fc20a0+0x000000000000004c]
J 2003 c1 org.lwjgl.glfw.GLFW.glfwSwapBuffers(J)V (21 bytes) @ 0x000002cd5aea12ac [0x000002cd5aea11c0+0x00000000000000ec]
j  com.badlogic.gdx.backends.lwjgl3.Lwjgl3Window.update()Z+196
j  com.badlogic.gdx.backends.lwjgl3.Lwjgl3Application.loop()V+111
j  com.badlogic.gdx.backends.lwjgl3.Lwjgl3Application.<init>(Lcom/badlogic/gdx/ApplicationListener;Lcom/badlogic/gdx/backends/lwjgl3/Lwjgl3ApplicationConfiguration;)V+243
j  com.crazyputting3d.Main.main([Ljava/lang/String;)V+41
v  ~StubRoutines::call_stub

siginfo: EXCEPTION_ACCESS_VIOLATION (0xc0000005), data execution prevention violation at address 0x000002cd75f70000


Register to memory mapping:

RIP=0x000002cd75f70000 is an unknown value
RAX=0x000002cd75f70000 is an unknown value
RBX=0x0000000000010001 is an unknown value
RCX=0x0000000000010001 is an unknown value
RDX=0x000000e05affeb50 is pointing into the stack for thread: 0x000002cd528f1bd0
RSP=0x000000e05affeb18 is pointing into the stack for thread: 0x000002cd528f1bd0
RBP=0x000000e05affec20 is pointing into the stack for thread: 0x000002cd528f1bd0
RSI=0x0000000000000110 is an unknown value
RDI=0x0000000000001ee2 is an unknown value
R8 =0x000002cd7721bf50 points into unknown readable memory: 0x000002cd79ee7fa0 | a0 7f ee 79 cd 02 00 00
R9 =0x00007ffdb1951b50 glfw.dll
R10=0x00007ffdb19c1b10 lwjgl.dll
R11=0x000000e05affef88 is pointing into the stack for thread: 0x000002cd528f1bd0
R12=0x0 is NULL
R13=0x000000e05afff088 is pointing into the stack for thread: 0x000002cd528f1bd0
R14=0x000000e05affefe0 is pointing into the stack for thread: 0x000002cd528f1bd0
R15=0x000002cd528f1bd0 is a thread


Registers:
RAX=0x000002cd75f70000, RBX=0x0000000000010001, RCX=0x0000000000010001, RDX=0x000000e05affeb50
RSP=0x000000e05affeb18, RBP=0x000000e05affec20, RSI=0x0000000000000110, RDI=0x0000000000001ee2
R8 =0x000002cd7721bf50, R9 =0x00007ffdb1951b50, R10=0x00007ffdb19c1b10, R11=0x000000e05affef88
R12=0x0000000000000000, R13=0x000000e05afff088, R14=0x000000e05affefe0, R15=0x000002cd528f1bd0
RIP=0x000002cd75f70000, EFLAGS=0x0000000000010206

Top of Stack: (sp=0x000000e05affeb18)
0x000000e05affeb18:   00007ffdb1951f7c 000000e05affec08
0x000000e05affeb28:   000002cd5ad52704 000000070a1430c8
0x000000e05affeb38:   438c000041700000 000000070b2c4ac8
0x000000e05affeb48:   000002cd5ad265fc 57464c4720656854
0x000000e05affeb58:   7972617262696c20 20746f6e20736920
0x000000e05affeb68:   696c616974696e69 000000e00064657a
0x000000e05affeb78:   00007ffd831e5e62 000002cd528f1bd0
0x000000e05affeb88:   0000000000000000 00000000000001cc
0x000000e05affeb98:   000002cd5a3c94fe 0000000000000000
0x000000e05affeba8:   000000006e7020f4 000002cd528f1e78
0x000000e05affebb8:   00007ffd831e5481 000000070b2db478
0x000000e05affebc8:   000002cd61fbcb85 0000000000000003
0x000000e05affebd8:   000000070b2c4ae8 000000070b2d8710
0x000000e05affebe8:   000000070b2d8f10 000000070b2c4b48
0x000000e05affebf8:   000000070a09e938 0000000000000002
0x000000e05affec08:   00007ffd22939d0a 000000e05affefa0 

Instructions: (pc=0x000002cd75f70000)
0x000002cd75f6ff00:   ?? ?? ?? ?? ?? ?? ?? ?? ?? ?? ?? ?? ?? ?? ?? ??
0x000002cd75f6ff10:   ?? ?? ?? ?? ?? ?? ?? ?? ?? ?? ?? ?? ?? ?? ?? ??
0x000002cd75f6ff20:   ?? ?? ?? ?? ?? ?? ?? ?? ?? ?? ?? ?? ?? ?? ?? ??
0x000002cd75f6ff30:   ?? ?? ?? ?? ?? ?? ?? ?? ?? ?? ?? ?? ?? ?? ?? ??
0x000002cd75f6ff40:   ?? ?? ?? ?? ?? ?? ?? ?? ?? ?? ?? ?? ?? ?? ?? ??
0x000002cd75f6ff50:   ?? ?? ?? ?? ?? ?? ?? ?? ?? ?? ?? ?? ?? ?? ?? ??
0x000002cd75f6ff60:   ?? ?? ?? ?? ?? ?? ?? ?? ?? ?? ?? ?? ?? ?? ?? ??
0x000002cd75f6ff70:   ?? ?? ?? ?? ?? ?? ?? ?? ?? ?? ?? ?? ?? ?? ?? ??
0x000002cd75f6ff80:   ?? ?? ?? ?? ?? ?? ?? ?? ?? ?? ?? ?? ?? ?? ?? ??
0x000002cd75f6ff90:   ?? ?? ?? ?? ?? ?? ?? ?? ?? ?? ?? ?? ?? ?? ?? ??
0x000002cd75f6ffa0:   ?? ?? ?? ?? ?? ?? ?? ?? ?? ?? ?? ?? ?? ?? ?? ??
0x000002cd75f6ffb0:   ?? ?? ?? ?? ?? ?? ?? ?? ?? ?? ?? ?? ?? ?? ?? ??
0x000002cd75f6ffc0:   ?? ?? ?? ?? ?? ?? ?? ?? ?? ?? ?? ?? ?? ?? ?? ??
0x000002cd75f6ffd0:   ?? ?? ?? ?? ?? ?? ?? ?? ?? ?? ?? ?? ?? ?? ?? ??
0x000002cd75f6ffe0:   ?? ?? ?? ?? ?? ?? ?? ?? ?? ?? ?? ?? ?? ?? ?? ??
0x000002cd75f6fff0:   ?? ?? ?? ?? ?? ?? ?? ?? ?? ?? ?? ?? ?? ?? ?? ??
0x000002cd75f70000:   ?? ?? ?? ?? ?? ?? ?? ?? ?? ?? ?? ?? ?? ?? ?? ??
0x000002cd75f70010:   ?? ?? ?? ?? ?? ?? ?? ?? ?? ?? ?? ?? ?? ?? ?? ??
0x000002cd75f70020:   ?? ?? ?? ?? ?? ?? ?? ?? ?? ?? ?? ?? ?? ?? ?? ??
0x000002cd75f70030:   ?? ?? ?? ?? ?? ?? ?? ?? ?? ?? ?? ?? ?? ?? ?? ??
0x000002cd75f70040:   ?? ?? ?? ?? ?? ?? ?? ?? ?? ?? ?? ?? ?? ?? ?? ??
0x000002cd75f70050:   ?? ?? ?? ?? ?? ?? ?? ?? ?? ?? ?? ?? ?? ?? ?? ??
0x000002cd75f70060:   ?? ?? ?? ?? ?? ?? ?? ?? ?? ?? ?? ?? ?? ?? ?? ??
0x000002cd75f70070:   ?? ?? ?? ?? ?? ?? ?? ?? ?? ?? ?? ?? ?? ?? ?? ??
0x000002cd75f70080:   ?? ?? ?? ?? ?? ?? ?? ?? ?? ?? ?? ?? ?? ?? ?? ??
0x000002cd75f70090:   ?? ?? ?? ?? ?? ?? ?? ?? ?? ?? ?? ?? ?? ?? ?? ??
0x000002cd75f700a0:   ?? ?? ?? ?? ?? ?? ?? ?? ?? ?? ?? ?? ?? ?? ?? ??
0x000002cd75f700b0:   ?? ?? ?? ?? ?? ?? ?? ?? ?? ?? ?? ?? ?? ?? ?? ??
0x000002cd75f700c0:   ?? ?? ?? ?? ?? ?? ?? ?? ?? ?? ?? ?? ?? ?? ?? ??
0x000002cd75f700d0:   ?? ?? ?? ?? ?? ?? ?? ?? ?? ?? ?? ?? ?? ?? ?? ??
0x000002cd75f700e0:   ?? ?? ?? ?? ?? ?? ?? ?? ?? ?? ?? ?? ?? ?? ?? ??
0x000002cd75f700f0:   ?? ?? ?? ?? ?? ?? ?? ?? ?? ?? ?? ?? ?? ?? ?? ?? 


Stack slot to memory mapping:
stack at sp + 0 slots: 0x00007ffdb1951f7c glfw.dll
stack at sp + 1 slots: 0x000000e05affec08 is pointing into the stack for thread: 0x000002cd528f1bd0
stack at sp + 2 slots: 0x000002cd5ad52704 is at entry_point+132 in (nmethod*)0x000002cd5ad52490
stack at sp + 3 slots: 0x000000070a1430c8 is an oop: java.lang.Class 
{0x000000070a1430c8} - klass: 'java/lang/Class'
 - ---- fields (total size 54 words):
 - private volatile transient 'classRedefinedCount' 'I' @12  0
 - private volatile transient 'cachedConstructor' 'Ljava/lang/reflect/Constructor;' @40  NULL (0)
 - private transient 'name' 'Ljava/lang/String;' @44  "org.lwjgl.opengl.GL20C"{0x000000070a1439e8} (e142873d)
 - private transient 'module' 'Ljava/lang/Module;' @48  a 'java/lang/Module'{0x000000070b278878} (e164f10f)
 - private final 'classLoader' 'Ljava/lang/ClassLoader;' @52  a 'jdk/internal/loader/ClassLoaders$AppClassLoader'{0x000000070b22c070} (e164580e)
 - private transient 'classData' 'Ljava/lang/Object;' @56  NULL (0)
 - private transient 'packageName' 'Ljava/lang/String;' @60  "org.lwjgl.opengl"{0x000000070a143a28} (e1428745)
 - private final 'componentType' 'Ljava/lang/Class;' @64  NULL (0)
 - private volatile transient 'reflectionData' 'Ljava/lang/ref/SoftReference;' @68  NULL (0)
 - private volatile transient 'genericInfo' 'Lsun/reflect/generics/repository/ClassRepository;' @72  NULL (0)
 - private volatile transient 'enumConstants' '[Ljava/lang/Object;' @76  NULL (0)
 - private volatile transient 'enumConstantDirectory' 'Ljava/util/Map;' @80  NULL (0)
 - private volatile transient 'annotationData' 'Ljava/lang/Class$AnnotationData;' @84  NULL (0)
 - private volatile transient 'annotationType' 'Lsun/reflect/annotation/AnnotationType;' @88  NULL (0)
 - transient 'classValueMap' 'Ljava/lang/ClassValue$ClassValueMap;' @92  NULL (0)
 - signature: Lorg/lwjgl/opengl/GL20C;
 - fake entry for mirror: 'org/lwjgl/opengl/GL20C'
 - fake entry for array: NULL
 - fake entry for oop_size: 54
 - fake entry for static_oop_field_count: 0
 - public static final 'GL_SHADING_LANGUAGE_VERSION' 'I' @112  35724 (8b8c)
 - public static final 'GL_CURRENT_PROGRAM' 'I' @116  35725 (8b8d)
 - public static final 'GL_SHADER_TYPE' 'I' @120  35663 (8b4f)
 - public static final 'GL_DELETE_STATUS' 'I' @124  35712 (8b80)
 - public static final 'GL_COMPILE_STATUS' 'I' @128  35713 (8b81)
 - public static final 'GL_LINK_STATUS' 'I' @132  35714 (8b82)
 - public static final 'GL_VALIDATE_STATUS' 'I' @136  35715 (8b83)
 - public static final 'GL_INFO_LOG_LENGTH' 'I' @140  35716 (8b84)
 - public static final 'GL_ATTACHED_SHADERS' 'I' @144  35717 (8b85)
 - public static final 'GL_ACTIVE_UNIFORMS' 'I' @148  35718 (8b86)
 - public static final 'GL_ACTIVE_UNIFORM_MAX_LENGTH' 'I' @152  35719 (8b87)
 - public static final 'GL_ACTIVE_ATTRIBUTES' 'I' @156  35721 (8b89)
 - public static final 'GL_ACTIVE_ATTRIBUTE_MAX_LENGTH' 'I' @160  35722 (8b8a)
 - public static final 'GL_SHADER_SOURCE_LENGTH' 'I' @164  35720 (8b88)
 - public static final 'GL_FLOAT_VEC2' 'I' @168  35664 (8b50)
 - public static final 'GL_FLOAT_VEC3' 'I' @172  35665 (8b51)
 - public static final 'GL_FLOAT_VEC4' 'I' @176  35666 (8b52)
 - public static final 'GL_INT_VEC2' 'I' @180  35667 (8b53)
 - public static final 'GL_INT_VEC3' 'I' @184  35668 (8b54)
 - public static final 'GL_INT_VEC4' 'I' @188  35669 (8b55)
 - public static final 'GL_BOOL' 'I' @192  35670 (8b56)
 - public static final 'GL_BOOL_VEC2' 'I' @196  35671 (8b57)
 - public static final 'GL_BOOL_VEC3' 'I' @200  35672 (8b58)
 - public static final 'GL_BOOL_VEC4' 'I' @204  35673 (8b59)
 - public static final 'GL_FLOAT_MAT2' 'I' @208  35674 (8b5a)
 - public static final 'GL_FLOAT_MAT3' 'I' @212  35675 (8b5b)
 - public static final 'GL_FLOAT_MAT4' 'I' @216  35676 (8b5c)
 - public static final 'GL_SAMPLER_1D' 'I' @220  35677 (8b5d)
 - public static final 'GL_SAMPLER_2D' 'I' @224  35678 (8b5e)
 - public static final 'GL_SAMPLER_3D' 'I' @228  35679 (8b5f)
 - public static final 'GL_SAMPLER_CUBE' 'I' @232  35680 (8b60)
 - public static final 'GL_SAMPLER_1D_SHADOW' 'I' @236  35681 (8b61)
 - public static final 'GL_SAMPLER_2D_SHADOW' 'I' @240  35682 (8b62)
 - public static final 'GL_VERTEX_SHADER' 'I' @244  35633 (8b31)
 - public static final 'GL_MAX_VERTEX_UNIFORM_COMPONENTS' 'I' @248  35658 (8b4a)
 - public static final 'GL_MAX_VARYING_FLOATS' 'I' @252  35659 (8b4b)
 - public static final 'GL_MAX_VERTEX_ATTRIBS' 'I' @256  34921 (8869)
 - public static final 'GL_MAX_TEXTURE_IMAGE_UNITS' 'I' @260  34930 (8872)
 - public static final 'GL_MAX_VERTEX_TEXTURE_IMAGE_UNITS' 'I' @264  35660 (8b4c)
 - public static final 'GL_MAX_COMBINED_TEXTURE_IMAGE_UNITS' 'I' @268  35661 (8b4d)
 - public static final 'GL_VERTEX_PROGRAM_POINT_SIZE' 'I' @272  34370 (8642)
 - public static final 'GL_VERTEX_ATTRIB_ARRAY_ENABLED' 'I' @276  34338 (8622)
 - public static final 'GL_VERTEX_ATTRIB_ARRAY_SIZE' 'I' @280  34339 (8623)
 - public static final 'GL_VERTEX_ATTRIB_ARRAY_STRIDE' 'I' @284  34340 (8624)
 - public static final 'GL_VERTEX_ATTRIB_ARRAY_TYPE' 'I' @288  34341 (8625)
 - public static final 'GL_VERTEX_ATTRIB_ARRAY_NORMALIZED' 'I' @292  34922 (886a)
 - public static final 'GL_CURRENT_VERTEX_ATTRIB' 'I' @296  34342 (8626)
 - public static final 'GL_VERTEX_ATTRIB_ARRAY_POINTER' 'I' @300  34373 (8645)
 - public static final 'GL_FRAGMENT_SHADER' 'I' @304  35632 (8b30)
 - public static final 'GL_MAX_FRAGMENT_UNIFORM_COMPONENTS' 'I' @308  35657 (8b49)
 - public static final 'GL_FRAGMENT_SHADER_DERIVATIVE_HINT' 'I' @312  35723 (8b8b)
 - public static final 'GL_MAX_DRAW_BUFFERS' 'I' @316  34852 (8824)
 - public static final 'GL_DRAW_BUFFER0' 'I' @320  34853 (8825)
 - public static final 'GL_DRAW_BUFFER1' 'I' @324  34854 (8826)
 - public static final 'GL_DRAW_BUFFER2' 'I' @328  34855 (8827)
 - public static final 'GL_DRAW_BUFFER3' 'I' @332  34856 (8828)
 - public static final 'GL_DRAW_BUFFER4' 'I' @336  34857 (8829)
 - public static final 'GL_DRAW_BUFFER5' 'I' @340  34858 (882a)
 - public static final 'GL_DRAW_BUFFER6' 'I' @344  34859 (882b)
 - public static final 'GL_DRAW_BUFFER7' 'I' @348  34860 (882c)
 - public static final 'GL_DRAW_BUFFER8' 'I' @352  34861 (882d)
 - public static final 'GL_DRAW_BUFFER9' 'I' @356  34862 (882e)
 - public static final 'GL_DRAW_BUFFER10' 'I' @360  34863 (882f)
 - public static final 'GL_DRAW_BUFFER11' 'I' @364  34864 (8830)
 - public static final 'GL_DRAW_BUFFER12' 'I' @368  34865 (8831)
 - public static final 'GL_DRAW_BUFFER13' 'I' @372  34866 (8832)
 - public static final 'GL_DRAW_BUFFER14' 'I' @376  34867 (8833)
 - public static final 'GL_DRAW_BUFFER15' 'I' @380  34868 (8834)
 - public static final 'GL_POINT_SPRITE_COORD_ORIGIN' 'I' @384  36000 (8ca0)
 - public static final 'GL_LOWER_LEFT' 'I' @388  36001 (8ca1)
 - public static final 'GL_UPPER_LEFT' 'I' @392  36002 (8ca2)
 - public static final 'GL_BLEND_EQUATION_RGB' 'I' @396  32777 (8009)
 - public static final 'GL_BLEND_EQUATION_ALPHA' 'I' @400  34877 (883d)
 - public static final 'GL_STENCIL_BACK_FUNC' 'I' @404  34816 (8800)
 - public static final 'GL_STENCIL_BACK_FAIL' 'I' @408  34817 (8801)
 - public static final 'GL_STENCIL_BACK_PASS_DEPTH_FAIL' 'I' @412  34818 (8802)
 - public static final 'GL_STENCIL_BACK_PASS_DEPTH_PASS' 'I' @416  34819 (8803)
 - public static final 'GL_STENCIL_BACK_REF' 'I' @420  36003 (8ca3)
 - public static final 'GL_STENCIL_BACK_VALUE_MASK' 'I' @424  36004 (8ca4)
 - public static final 'GL_STENCIL_BACK_WRITEMASK' 'I' @428  36005 (8ca5)
stack at sp + 4 slots: 0x438c000041700000 is an unknown value
stack at sp + 5 slots: 0x000000070b2c4ac8 is an oop: com.badlogic.gdx.graphics.Mesh 
{0x000000070b2c4ac8} - klass: 'com/badlogic/gdx/graphics/Mesh'
 - ---- fields (total size 4 words):
 - 'autoBind' 'Z' @12  true
 - final 'isVertexArray' 'Z' @13  true
 - 'isInstanced' 'Z' @14  false
 - final 'vertices' 'Lcom/badlogic/gdx/graphics/glutils/VertexData;' @16  a 'com/badlogic/gdx/graphics/glutils/VertexArray'{0x000000070b2c4ae8} (e165895d)
 - final 'indices' 'Lcom/badlogic/gdx/graphics/glutils/IndexData;' @20  a 'com/badlogic/gdx/graphics/glutils/IndexArray'{0x000000070b2c4cb8} (e1658997)
 - 'instances' 'Lcom/badlogic/gdx/graphics/glutils/InstanceData;' @24  NULL (0)
 - private final 'tmpV' 'Lcom/badlogic/gdx/math/Vector3;' @28  a 'com/badlogic/gdx/math/Vector3'{0x000000070b2c4d48} (e16589a9)
stack at sp + 6 slots: 0x000002cd5ad265fc is at entry_point+2172 in (nmethod*)0x000002cd5ad25a10
stack at sp + 7 slots: 0x57464c4720656854 is an unknown value


---------------  P R O C E S S  ---------------

Threads class SMR info:
_java_thread_list=0x000002cd08a4c4a0, length=32, elements={
0x000002cd528f1bd0, 0x000002cd75df97d0, 0x000002cd75dfbb00, 0x000002cd75e0e9d0,
0x000002cd75e0f290, 0x000002cd75e11b60, 0x000002cd75e12bc0, 0x000002cd75e1cf90,
0x000002cd75e1d940, 0x000002cd76808070, 0x000002cd76913740, 0x000002cd7694ff70,
0x000002cd79df09b0, 0x000002cd025cf1f0, 0x000002cd07e6f0e0, 0x000002cd08ac03b0,
0x000002cd088fecf0, 0x000002cd08d49aa0, 0x000002cd08d4a440, 0x000002cd08d4bc50,
0x000002cd08d4c120, 0x000002cd08d4ade0, 0x000002cd08d49f70, 0x000002cd08d4b2b0,
0x000002cd08d4b780, 0x000002cd08d48c30, 0x000002cd08d4c5f0, 0x000002cd08d4a910,
0x000002cd08d495d0, 0x000002cd76c36890, 0x000002cd76c393e0, 0x000002cd76c35550
}

Java Threads: ( => current thread )
=>0x000002cd528f1bd0 JavaThread "main" [_thread_in_native, id=5124, stack(0x000000e05af00000,0x000000e05b000000)]
  0x000002cd75df97d0 JavaThread "Reference Handler" daemon [_thread_blocked, id=27124, stack(0x000000e05b600000,0x000000e05b700000)]
  0x000002cd75dfbb00 JavaThread "Finalizer" daemon [_thread_blocked, id=6724, stack(0x000000e05b700000,0x000000e05b800000)]
  0x000002cd75e0e9d0 JavaThread "Signal Dispatcher" daemon [_thread_blocked, id=24312, stack(0x000000e05b800000,0x000000e05b900000)]
  0x000002cd75e0f290 JavaThread "Attach Listener" daemon [_thread_blocked, id=5632, stack(0x000000e05b900000,0x000000e05ba00000)]
  0x000002cd75e11b60 JavaThread "Service Thread" daemon [_thread_blocked, id=17760, stack(0x000000e05ba00000,0x000000e05bb00000)]
  0x000002cd75e12bc0 JavaThread "Monitor Deflation Thread" daemon [_thread_blocked, id=12044, stack(0x000000e05bb00000,0x000000e05bc00000)]
  0x000002cd75e1cf90 JavaThread "C2 CompilerThread0" daemon [_thread_blocked, id=22752, stack(0x000000e05bc00000,0x000000e05bd00000)]
  0x000002cd75e1d940 JavaThread "C1 CompilerThread0" daemon [_thread_blocked, id=11636, stack(0x000000e05bd00000,0x000000e05be00000)]
  0x000002cd76808070 JavaThread "Sweeper thread" daemon [_thread_blocked, id=3428, stack(0x000000e05be00000,0x000000e05bf00000)]
  0x000002cd76913740 JavaThread "Notification Thread" daemon [_thread_blocked, id=24160, stack(0x000000e05c100000,0x000000e05c200000)]
  0x000002cd7694ff70 JavaThread "Common-Cleaner" daemon [_thread_blocked, id=2640, stack(0x000000e05c300000,0x000000e05c400000)]
  0x000002cd79df09b0 JavaThread "LWJGL3 Timer" daemon [_thread_blocked, id=11280, stack(0x000000e05cc00000,0x000000e05cd00000)]
  0x000002cd025cf1f0 JavaThread "LWJGL3 Timer" daemon [_thread_blocked, id=25040, stack(0x000000e05d700000,0x000000e05d800000)]
  0x000002cd07e6f0e0 JavaThread "Java Sound Event Dispatcher" daemon [_thread_blocked, id=23788, stack(0x000000e05e200000,0x000000e05e300000)]
  0x000002cd08ac03b0 JavaThread "Direct Clip" daemon [_thread_blocked, id=18428, stack(0x000000e05e500000,0x000000e05e600000)]
  0x000002cd088fecf0 JavaThread "Direct Clip" daemon [_thread_blocked, id=6024, stack(0x000000e05e800000,0x000000e05e900000)]
  0x000002cd08d49aa0 JavaThread "Direct Clip" daemon [_thread_blocked, id=8000, stack(0x000000e05e700000,0x000000e05e800000)]
  0x000002cd08d4a440 JavaThread "Direct Clip" daemon [_thread_blocked, id=4500, stack(0x000000e05c000000,0x000000e05c100000)]
  0x000002cd08d4bc50 JavaThread "Direct Clip" daemon [_thread_blocked, id=25504, stack(0x000000e05df00000,0x000000e05e000000)]
  0x000002cd08d4c120 JavaThread "Direct Clip" daemon [_thread_blocked, id=14324, stack(0x000000e05e900000,0x000000e05ea00000)]
  0x000002cd08d4ade0 JavaThread "Direct Clip" daemon [_thread_blocked, id=16932, stack(0x000000e05bf00000,0x000000e05c000000)]
  0x000002cd08d49f70 JavaThread "Direct Clip" daemon [_thread_blocked, id=24840, stack(0x000000e05ec00000,0x000000e05ed00000)]
  0x000002cd08d4b2b0 JavaThread "Direct Clip" daemon [_thread_blocked, id=15392, stack(0x000000e05eb00000,0x000000e05ec00000)]
  0x000002cd08d4b780 JavaThread "Direct Clip" daemon [_thread_blocked, id=25604, stack(0x000000e05ed00000,0x000000e05ee00000)]
  0x000002cd08d48c30 JavaThread "Direct Clip" daemon [_thread_blocked, id=15288, stack(0x000000e05ee00000,0x000000e05ef00000)]
  0x000002cd08d4c5f0 JavaThread "Direct Clip" daemon [_thread_blocked, id=5008, stack(0x000000e05ef00000,0x000000e05f000000)]
  0x000002cd08d4a910 JavaThread "Direct Clip" daemon [_thread_blocked, id=6888, stack(0x000000e05f000000,0x000000e05f100000)]
  0x000002cd08d495d0 JavaThread "Direct Clip" daemon [_thread_blocked, id=18296, stack(0x000000e05f100000,0x000000e05f200000)]
  0x000002cd76c36890 JavaThread "Direct Clip" daemon [_thread_blocked, id=21776, stack(0x000000e05f200000,0x000000e05f300000)]
  0x000002cd76c393e0 JavaThread "Direct Clip" daemon [_thread_blocked, id=26876, stack(0x000000e05f600000,0x000000e05f700000)]
  0x000002cd76c35550 JavaThread "Direct Clip" daemon [_thread_blocked, id=12316, stack(0x000000e05f700000,0x000000e05f800000)]

Other Threads:
  0x000002cd75df1600 VMThread "VM Thread" [stack: 0x000000e05b500000,0x000000e05b600000] [id=16164]
  0x000002cd76944150 WatcherThread [stack: 0x000000e05c200000,0x000000e05c300000] [id=26076]
  0x000002cd5294a740 GCTaskThread "GC Thread#0" [stack: 0x000000e05b000000,0x000000e05b100000] [id=21904]
  0x000002cd79aa9360 GCTaskThread "GC Thread#1" [stack: 0x000000e05cd00000,0x000000e05ce00000] [id=7968]
  0x000002cd79aaa0d0 GCTaskThread "GC Thread#2" [stack: 0x000000e05ce00000,0x000000e05cf00000] [id=11208]
  0x000002cd79aa85f0 GCTaskThread "GC Thread#3" [stack: 0x000000e05cf00000,0x000000e05d000000] [id=8768]
  0x000002cd79aa8e00 GCTaskThread "GC Thread#4" [stack: 0x000000e05d000000,0x000000e05d100000] [id=20680]
  0x000002cd79aa9610 GCTaskThread "GC Thread#5" [stack: 0x000000e05d100000,0x000000e05d200000] [id=25236]
  0x000002cd79aaab90 GCTaskThread "GC Thread#6" [stack: 0x000000e05d200000,0x000000e05d300000] [id=19032]
  0x000002cd02b19770 GCTaskThread "GC Thread#7" [stack: 0x000000e05d800000,0x000000e05d900000] [id=2172]
  0x000002cd02b184a0 GCTaskThread "GC Thread#8" [stack: 0x000000e05f500000,0x000000e05f600000] [id=20696]
  0x000002cd5295cbb0 ConcurrentGCThread "G1 Main Marker" [stack: 0x000000e05b100000,0x000000e05b200000] [id=27056]
  0x000002cd5295dc70 ConcurrentGCThread "G1 Conc#0" [stack: 0x000000e05b200000,0x000000e05b300000] [id=19880]
  0x000002cd02b1aa40 ConcurrentGCThread "G1 Conc#1" [stack: 0x000000e05f300000,0x000000e05f400000] [id=23816]
  0x000002cd02b1a4e0 ConcurrentGCThread "G1 Conc#2" [stack: 0x000000e05f400000,0x000000e05f500000] [id=20772]
  0x000002cd75c920c0 ConcurrentGCThread "G1 Refine#0" [stack: 0x000000e05b300000,0x000000e05b400000] [id=22664]
  0x000002cd024a9950 ConcurrentGCThread "G1 Refine#1" [stack: 0x000000e05d900000,0x000000e05da00000] [id=3972]
  0x000002cd07e31d90 ConcurrentGCThread "G1 Refine#2" [stack: 0x000000e05da00000,0x000000e05db00000] [id=5176]
  0x000002cd07ebc990 ConcurrentGCThread "G1 Refine#3" [stack: 0x000000e05db00000,0x000000e05dc00000] [id=7492]
  0x000002cd028eba50 ConcurrentGCThread "G1 Refine#4" [stack: 0x000000e05dc00000,0x000000e05dd00000] [id=23708]
  0x000002cd07dfd460 ConcurrentGCThread "G1 Refine#5" [stack: 0x000000e05dd00000,0x000000e05de00000] [id=21764]
  0x000002cd084a95c0 ConcurrentGCThread "G1 Refine#6" [stack: 0x000000e05de00000,0x000000e05df00000] [id=18840]
  0x000002cd75c928f0 ConcurrentGCThread "G1 Service" [stack: 0x000000e05b400000,0x000000e05b500000] [id=24804]

Threads with active compile tasks:

VM state: not at safepoint (normal execution)

VM Mutex/Monitor currently owned by a thread: None

Heap address: 0x000000070a000000, size: 3936 MB, Compressed Oops mode: Zero based, Oop shift amount: 3

CDS archive(s) mapped at: [0x0000000800000000-0x0000000800bc0000-0x0000000800bc0000), size 12320768, SharedBaseAddress: 0x0000000800000000, ArchiveRelocationMode: 0.
Compressed class space mapped at: 0x0000000800c00000-0x0000000840c00000, reserved size: 1073741824
Narrow klass base: 0x0000000800000000, Narrow klass shift: 0, Narrow klass range: 0x100000000

GC Precious Log:
 CPUs: 16 total, 16 available
 Memory: 15741M
 Large Page Support: Disabled
 NUMA Support: Disabled
 Compressed Oops: Enabled (Zero based)
 Heap Region Size: 2M
 Heap Min Capacity: 8M
 Heap Initial Capacity: 246M
 Heap Max Capacity: 3936M
 Pre-touch: Disabled
 Parallel Workers: 13
 Concurrent Workers: 3
 Concurrent Refinement Workers: 13
 Periodic GC: Disabled

Heap:
 garbage-first heap   total 151552K, used 85425K [0x000000070a000000, 0x0000000800000000)
  region size 2048K, 24 young (49152K), 4 survivors (8192K)
 Metaspace       used 10484K, committed 10688K, reserved 1064960K
  class space    used 743K, committed 832K, reserved 1048576K

Heap Regions: E=young(eden), S=young(survivor), O=old, HS=humongous(starts), HC=humongous(continues), CS=collection set, F=free, OA=open archive, CA=closed archive, TAMS=top-at-mark-start (previous, next)
|   0|0x000000070a000000, 0x000000070a200000, 0x000000070a200000|100%| O|  |TAMS 0x000000070a200000, 0x000000070a000000| Untracked 
|   1|0x000000070a200000, 0x000000070a400000, 0x000000070a400000|100%|HS|  |TAMS 0x000000070a200000, 0x000000070a200000| Complete 
|   2|0x000000070a400000, 0x000000070a600000, 0x000000070a600000|100%|HS|  |TAMS 0x000000070a400000, 0x000000070a400000| Complete 
|   3|0x000000070a600000, 0x000000070a800000, 0x000000070a800000|100%|HS|  |TAMS 0x000000070a600000, 0x000000070a600000| Complete 
|   4|0x000000070a800000, 0x000000070aa00000, 0x000000070aa00000|100%| O|  |TAMS 0x000000070aa00000, 0x000000070a800000| Untracked 
|   5|0x000000070aa00000, 0x000000070ac00000, 0x000000070ac00000|100%| O|  |TAMS 0x000000070ac00000, 0x000000070aa00000| Untracked 
|   6|0x000000070ac00000, 0x000000070ae00000, 0x000000070ae00000|100%| O|  |TAMS 0x000000070ae00000, 0x000000070ac00000| Untracked 
|   7|0x000000070ae00000, 0x000000070b000000, 0x000000070b000000|100%| O|  |TAMS 0x000000070b000000, 0x000000070ae00000| Untracked 
|   8|0x000000070b000000, 0x000000070b200000, 0x000000070b200000|100%| O|  |TAMS 0x000000070b200000, 0x000000070b000000| Untracked 
|   9|0x000000070b200000, 0x000000070b400000, 0x000000070b400000|100%| O|  |TAMS 0x000000070b400000, 0x000000070b200000| Untracked 
|  10|0x000000070b400000, 0x000000070b600000, 0x000000070b600000|100%| O|  |TAMS 0x000000070b600000, 0x000000070b400000| Untracked 
|  11|0x000000070b600000, 0x000000070b800000, 0x000000070b800000|100%| O|  |TAMS 0x000000070b72d400, 0x000000070b600000| Untracked 
|  12|0x000000070b800000, 0x000000070b800000, 0x000000070ba00000|  0%| F|  |TAMS 0x000000070b800000, 0x000000070b800000| Untracked 
|  13|0x000000070ba00000, 0x000000070ba00000, 0x000000070bc00000|  0%| F|  |TAMS 0x000000070ba00000, 0x000000070ba00000| Untracked 
|  14|0x000000070bc00000, 0x000000070bc00000, 0x000000070be00000|  0%| F|  |TAMS 0x000000070bc00000, 0x000000070bc00000| Untracked 
|  15|0x000000070be00000, 0x000000070be00000, 0x000000070c000000|  0%| F|  |TAMS 0x000000070be00000, 0x000000070be00000| Untracked 
|  16|0x000000070c000000, 0x000000070c000000, 0x000000070c200000|  0%| F|  |TAMS 0x000000070c000000, 0x000000070c000000| Untracked 
|  17|0x000000070c200000, 0x000000070c200000, 0x000000070c400000|  0%| F|  |TAMS 0x000000070c200000, 0x000000070c200000| Untracked 
|  18|0x000000070c400000, 0x000000070c400000, 0x000000070c600000|  0%| F|  |TAMS 0x000000070c400000, 0x000000070c400000| Untracked 
|  19|0x000000070c600000, 0x000000070c600000, 0x000000070c800000|  0%| F|  |TAMS 0x000000070c600000, 0x000000070c600000| Untracked 
|  20|0x000000070c800000, 0x000000070c800000, 0x000000070ca00000|  0%| F|  |TAMS 0x000000070c800000, 0x000000070c800000| Untracked 
|  21|0x000000070ca00000, 0x000000070ca00000, 0x000000070cc00000|  0%| F|  |TAMS 0x000000070ca00000, 0x000000070ca00000| Untracked 
|  22|0x000000070cc00000, 0x000000070cc00000, 0x000000070ce00000|  0%| F|  |TAMS 0x000000070cc00000, 0x000000070cc00000| Untracked 
|  23|0x000000070ce00000, 0x000000070ce00000, 0x000000070d000000|  0%| F|  |TAMS 0x000000070ce00000, 0x000000070ce00000| Untracked 
|  24|0x000000070d000000, 0x000000070d000000, 0x000000070d200000|  0%| F|  |TAMS 0x000000070d000000, 0x000000070d000000| Untracked 
|  25|0x000000070d200000, 0x000000070d200000, 0x000000070d400000|  0%| F|  |TAMS 0x000000070d200000, 0x000000070d200000| Untracked 
|  26|0x000000070d400000, 0x000000070d400000, 0x000000070d600000|  0%| F|  |TAMS 0x000000070d400000, 0x000000070d400000| Untracked 
|  27|0x000000070d600000, 0x000000070d600000, 0x000000070d800000|  0%| F|  |TAMS 0x000000070d600000, 0x000000070d600000| Untracked 
|  28|0x000000070d800000, 0x000000070d800000, 0x000000070da00000|  0%| F|  |TAMS 0x000000070d800000, 0x000000070d800000| Untracked 
|  29|0x000000070da00000, 0x000000070da00000, 0x000000070dc00000|  0%| F|  |TAMS 0x000000070da00000, 0x000000070da00000| Untracked 
|  30|0x000000070dc00000, 0x000000070dc00000, 0x000000070de00000|  0%| F|  |TAMS 0x000000070dc00000, 0x000000070dc00000| Untracked 
|  31|0x000000070de00000, 0x000000070de00000, 0x000000070e000000|  0%| F|  |TAMS 0x000000070de00000, 0x000000070de00000| Untracked 
|  32|0x000000070e000000, 0x000000070e000000, 0x000000070e200000|  0%| F|  |TAMS 0x000000070e000000, 0x000000070e000000| Untracked 
|  33|0x000000070e200000, 0x000000070e200000, 0x000000070e400000|  0%| F|  |TAMS 0x000000070e200000, 0x000000070e200000| Untracked 
|  34|0x000000070e400000, 0x000000070e400000, 0x000000070e600000|  0%| F|  |TAMS 0x000000070e400000, 0x000000070e400000| Untracked 
|  35|0x000000070e600000, 0x000000070e600000, 0x000000070e800000|  0%| F|  |TAMS 0x000000070e600000, 0x000000070e600000| Untracked 
|  36|0x000000070e800000, 0x000000070e800000, 0x000000070ea00000|  0%| F|  |TAMS 0x000000070e800000, 0x000000070e800000| Untracked 
|  37|0x000000070ea00000, 0x000000070ea00000, 0x000000070ec00000|  0%| F|  |TAMS 0x000000070ea00000, 0x000000070ea00000| Untracked 
|  38|0x000000070ec00000, 0x000000070ec00000, 0x000000070ee00000|  0%| F|  |TAMS 0x000000070ec00000, 0x000000070ec00000| Untracked 
|  39|0x000000070ee00000, 0x000000070ee00000, 0x000000070f000000|  0%| F|  |TAMS 0x000000070ee00000, 0x000000070ee00000| Untracked 
|  40|0x000000070f000000, 0x000000070f000000, 0x000000070f200000|  0%| F|  |TAMS 0x000000070f000000, 0x000000070f000000| Untracked 
|  41|0x000000070f200000, 0x000000070f200000, 0x000000070f400000|  0%| F|  |TAMS 0x000000070f200000, 0x000000070f200000| Untracked 
|  42|0x000000070f400000, 0x000000070f600000, 0x000000070f600000|100%| E|  |TAMS 0x000000070f400000, 0x000000070f400000| Complete 
|  43|0x000000070f600000, 0x000000070f800000, 0x000000070f800000|100%| E|CS|TAMS 0x000000070f600000, 0x000000070f600000| Complete 
|  44|0x000000070f800000, 0x000000070fa00000, 0x000000070fa00000|100%| E|CS|TAMS 0x000000070f800000, 0x000000070f800000| Complete 
|  45|0x000000070fa00000, 0x000000070fc00000, 0x000000070fc00000|100%| E|CS|TAMS 0x000000070fa00000, 0x000000070fa00000| Complete 
|  46|0x000000070fc00000, 0x000000070fe00000, 0x000000070fe00000|100%| E|CS|TAMS 0x000000070fc00000, 0x000000070fc00000| Complete 
|  47|0x000000070fe00000, 0x0000000710000000, 0x0000000710000000|100%|HS|  |TAMS 0x0000000710000000, 0x000000070fe00000| Complete 
|  48|0x0000000710000000, 0x0000000710200000, 0x0000000710200000|100%|HS|  |TAMS 0x0000000710200000, 0x0000000710000000| Complete 
|  49|0x0000000710200000, 0x0000000710400000, 0x0000000710400000|100%|HS|  |TAMS 0x0000000710400000, 0x0000000710200000| Complete 
|  50|0x0000000710400000, 0x0000000710600000, 0x0000000710600000|100%| E|CS|TAMS 0x0000000710400000, 0x0000000710400000| Complete 
|  51|0x0000000710600000, 0x0000000710800000, 0x0000000710800000|100%| E|CS|TAMS 0x0000000710600000, 0x0000000710600000| Complete 
|  52|0x0000000710800000, 0x0000000710a00000, 0x0000000710a00000|100%| E|CS|TAMS 0x0000000710800000, 0x0000000710800000| Complete 
|  53|0x0000000710a00000, 0x0000000710c00000, 0x0000000710c00000|100%| E|CS|TAMS 0x0000000710a00000, 0x0000000710a00000| Complete 
|  54|0x0000000710c00000, 0x0000000710e00000, 0x0000000710e00000|100%| E|CS|TAMS 0x0000000710c00000, 0x0000000710c00000| Complete 
|  55|0x0000000710e00000, 0x0000000711000000, 0x0000000711000000|100%| O|  |TAMS 0x0000000710e00000, 0x0000000710e00000| Untracked 
|  56|0x0000000711000000, 0x0000000711200000, 0x0000000711200000|100%| O|  |TAMS 0x0000000711000000, 0x0000000711000000| Untracked 
|  57|0x0000000711200000, 0x000000071138e400, 0x0000000711400000| 77%| O|  |TAMS 0x0000000711200000, 0x0000000711200000| Untracked 
|  58|0x0000000711400000, 0x0000000711600000, 0x0000000711600000|100%|HS|  |TAMS 0x0000000711400000, 0x0000000711400000| Complete 
|  59|0x0000000711600000, 0x0000000711800000, 0x0000000711800000|100%|HS|  |TAMS 0x0000000711600000, 0x0000000711600000| Complete 
|  60|0x0000000711800000, 0x0000000711a00000, 0x0000000711a00000|100%| E|CS|TAMS 0x0000000711800000, 0x0000000711800000| Complete 
|  61|0x0000000711a00000, 0x0000000711c00000, 0x0000000711c00000|100%| E|CS|TAMS 0x0000000711a00000, 0x0000000711a00000| Complete 
|  62|0x0000000711c00000, 0x0000000711e00000, 0x0000000711e00000|100%| E|CS|TAMS 0x0000000711c00000, 0x0000000711c00000| Complete 
|  63|0x0000000711e00000, 0x0000000712000000, 0x0000000712000000|100%| E|CS|TAMS 0x0000000711e00000, 0x0000000711e00000| Complete 
|  64|0x0000000712000000, 0x0000000712200000, 0x0000000712200000|100%| E|CS|TAMS 0x0000000712000000, 0x0000000712000000| Complete 
|  65|0x0000000712200000, 0x0000000712400000, 0x0000000712400000|100%| E|CS|TAMS 0x0000000712200000, 0x0000000712200000| Complete 
|  66|0x0000000712400000, 0x0000000712600000, 0x0000000712600000|100%| E|CS|TAMS 0x0000000712400000, 0x0000000712400000| Complete 
|  67|0x0000000712600000, 0x0000000712800000, 0x0000000712800000|100%| E|CS|TAMS 0x0000000712600000, 0x0000000712600000| Complete 
|  68|0x0000000712800000, 0x0000000712a00000, 0x0000000712a00000|100%| E|CS|TAMS 0x0000000712800000, 0x0000000712800000| Complete 
| 105|0x0000000717200000, 0x00000007173de078, 0x0000000717400000| 93%| S|CS|TAMS 0x0000000717200000, 0x0000000717200000| Complete 
| 106|0x0000000717400000, 0x0000000717600000, 0x0000000717600000|100%| S|CS|TAMS 0x0000000717400000, 0x0000000717400000| Complete 
| 107|0x0000000717600000, 0x0000000717800000, 0x0000000717800000|100%| S|CS|TAMS 0x0000000717600000, 0x0000000717600000| Complete 
| 108|0x0000000717800000, 0x0000000717a00000, 0x0000000717a00000|100%| S|CS|TAMS 0x0000000717800000, 0x0000000717800000| Complete 
| 122|0x0000000719400000, 0x0000000719600000, 0x0000000719600000|100%| E|  |TAMS 0x0000000719400000, 0x0000000719400000| Complete 

Card table byte_map: [0x000002cd6a400000,0x000002cd6abb0000] _byte_map_base: 0x000002cd66bb0000

Marking Bits (Prev, Next): (CMBitMap*) 0x000002cd5294ccc0, (CMBitMap*) 0x000002cd5294cc80
 Prev Bits: [0x000002cd6f0e0000, 0x000002cd72e60000)
 Next Bits: [0x000002cd6b360000, 0x000002cd6f0e0000)

Polling page: 0x000002cd50790000

Metaspace:

Usage:
  Non-class:      9.51 MB used.
      Class:    743.16 KB used.
       Both:     10.24 MB used.

Virtual space:
  Non-class space:       16.00 MB reserved,       9.62 MB ( 60%) committed,  2 nodes.
      Class space:        1.00 GB reserved,     832.00 KB ( <1%) committed,  1 nodes.
             Both:        1.02 GB reserved,      10.44 MB (  1%) committed. 

Chunk freelists:
   Non-Class:  616.00 KB
       Class:  3.16 MB
        Both:  3.77 MB

MaxMetaspaceSize: unlimited
CompressedClassSpaceSize: 1.00 GB
Initial GC threshold: 21.00 MB
Current GC threshold: 21.00 MB
CDS: on
MetaspaceReclaimPolicy: balanced
 - commit_granule_bytes: 65536.
 - commit_granule_words: 8192.
 - virtual_space_node_default_size: 1048576.
 - enlarge_chunks_in_place: 1.
 - new_chunks_are_fully_committed: 0.
 - uncommit_free_chunks: 1.
 - use_allocation_guard: 0.
 - handle_deallocations: 1.


Internal statistics:

num_allocs_failed_limit: 0.
num_arena_births: 60.
num_arena_deaths: 0.
num_vsnodes_births: 3.
num_vsnodes_deaths: 0.
num_space_committed: 165.
num_space_uncommitted: 0.
num_chunks_returned_to_freelist: 0.
num_chunks_taken_from_freelist: 347.
num_chunk_merges: 0.
num_chunk_splits: 286.
num_chunks_enlarged: 252.
num_purges: 0.
num_inconsistent_stats: 0.

CodeHeap 'non-profiled nmethods': size=119168Kb used=2227Kb max_used=2227Kb free=116940Kb
 bounds [0x000002cd61f60000, 0x000002cd621d0000, 0x000002cd693c0000]
CodeHeap 'profiled nmethods': size=119104Kb used=4355Kb max_used=4355Kb free=114748Kb
 bounds [0x000002cd5ab10000, 0x000002cd5af60000, 0x000002cd61f60000]
CodeHeap 'non-nmethods': size=7488Kb used=1662Kb max_used=2819Kb free=5825Kb
 bounds [0x000002cd5a3c0000, 0x000002cd5a690000, 0x000002cd5ab10000]
 total_blobs=3522 nmethods=2413 adapters=1022
 compilation: enabled
              stopped_count=0, restarted_count=0
 full_count=0

Compilation events (20 events):
Event: 30.740 Thread 0x000002cd75e1d940 2417       3       java.security.AccessController::executePrivileged (65 bytes)
Event: 30.740 Thread 0x000002cd75e1d940 nmethod 2417 0x000002cd5af4e910 code [0x000002cd5af4eae0, 0x000002cd5af4edd8]
Event: 30.740 Thread 0x000002cd75e1d940 2425       1       jdk.internal.module.ServicesCatalog$ServiceProvider::providerName (5 bytes)
Event: 30.740 Thread 0x000002cd75e1d940 nmethod 2425 0x000002cd6218ab90 code [0x000002cd6218ad20, 0x000002cd6218adf8]
Event: 31.826 Thread 0x000002cd75e1d940 2426       1       java.util.concurrent.CopyOnWriteArrayList::getArray (5 bytes)
Event: 31.827 Thread 0x000002cd75e1d940 nmethod 2426 0x000002cd6218ae90 code [0x000002cd6218b020, 0x000002cd6218b0f8]
Event: 31.827 Thread 0x000002cd75e1d940 2427       3       jdk.internal.reflect.DelegatingConstructorAccessorImpl::newInstance (9 bytes)
Event: 31.827 Thread 0x000002cd75e1d940 nmethod 2427 0x000002cd5af4ef10 code [0x000002cd5af4f0c0, 0x000002cd5af4f2a8]
Event: 31.827 Thread 0x000002cd75e1d940 2428       3       java.util.ArrayList::iterator (9 bytes)
Event: 31.828 Thread 0x000002cd75e1d940 nmethod 2428 0x000002cd5af4f390 code [0x000002cd5af4f540, 0x000002cd5af4f7d8]
Event: 31.828 Thread 0x000002cd75e1d940 2429       3       java.util.ArrayList$Itr::<init> (26 bytes)
Event: 31.828 Thread 0x000002cd75e1d940 nmethod 2429 0x000002cd5af4f910 code [0x000002cd5af4faa0, 0x000002cd5af4fc78]
Event: 31.845 Thread 0x000002cd75e1d940 2431  s    3       java.util.Vector::elementAt (48 bytes)
Event: 31.845 Thread 0x000002cd75e1d940 nmethod 2431 0x000002cd5af4fd90 code [0x000002cd5af4ffe0, 0x000002cd5af50868]
Event: 31.845 Thread 0x000002cd75e1d940 2432       3       java.util.Vector::elementData (7 bytes)
Event: 31.845 Thread 0x000002cd75e1d940 nmethod 2432 0x000002cd5af50c10 code [0x000002cd5af50da0, 0x000002cd5af50ed8]
Event: 32.496 Thread 0x000002cd75e1cf90 2433       4       com.badlogic.gdx.utils.TimSort::mergeAt (201 bytes)
Event: 32.499 Thread 0x000002cd75e1cf90 nmethod 2433 0x000002cd6218b590 code [0x000002cd6218b760, 0x000002cd6218bb10]
Event: 34.293 Thread 0x000002cd75e1cf90 2434       4       java.lang.String::regionMatches (150 bytes)
Event: 34.298 Thread 0x000002cd75e1cf90 nmethod 2434 0x000002cd6218be90 code [0x000002cd6218c040, 0x000002cd6218c7b8]

GC Heap History (12 events):
Event: 2.069 GC heap before
{Heap before GC invocations=0 (full 0):
 garbage-first heap   total 251904K, used 22528K [0x000000070a000000, 0x0000000800000000)
  region size 2048K, 11 young (22528K), 0 survivors (0K)
 Metaspace       used 7177K, committed 7360K, reserved 1064960K
  class space    used 433K, committed 512K, reserved 1048576K
}
Event: 2.072 GC heap after
{Heap after GC invocations=1 (full 0):
 garbage-first heap   total 251904K, used 2630K [0x000000070a000000, 0x0000000800000000)
  region size 2048K, 2 young (4096K), 2 survivors (4096K)
 Metaspace       used 7177K, committed 7360K, reserved 1064960K
  class space    used 433K, committed 512K, reserved 1048576K
}
Event: 4.750 GC heap before
{Heap before GC invocations=1 (full 0):
 garbage-first heap   total 251904K, used 47686K [0x000000070a000000, 0x0000000800000000)
  region size 2048K, 20 young (40960K), 2 survivors (4096K)
 Metaspace       used 9812K, committed 9920K, reserved 1064960K
  class space    used 679K, committed 704K, reserved 1048576K
}
Event: 4.760 GC heap after
{Heap after GC invocations=2 (full 0):
 garbage-first heap   total 251904K, used 22704K [0x000000070a000000, 0x0000000800000000)
  region size 2048K, 3 young (6144K), 3 survivors (6144K)
 Metaspace       used 9812K, committed 9920K, reserved 1064960K
  class space    used 679K, committed 704K, reserved 1048576K
}
Event: 5.210 GC heap before
{Heap before GC invocations=2 (full 0):
 garbage-first heap   total 251904K, used 28848K [0x000000070a000000, 0x0000000800000000)
  region size 2048K, 6 young (12288K), 3 survivors (6144K)
 Metaspace       used 9833K, committed 9920K, reserved 1064960K
  class space    used 679K, committed 704K, reserved 1048576K
}
Event: 5.214 GC heap after
{Heap after GC invocations=3 (full 0):
 garbage-first heap   total 251904K, used 24285K [0x000000070a000000, 0x0000000800000000)
  region size 2048K, 1 young (2048K), 1 survivors (2048K)
 Metaspace       used 9833K, committed 9920K, reserved 1064960K
  class space    used 679K, committed 704K, reserved 1048576K
}
Event: 18.105 GC heap before
{Heap before GC invocations=3 (full 0):
 garbage-first heap   total 251904K, used 204509K [0x000000070a000000, 0x0000000800000000)
  region size 2048K, 73 young (149504K), 1 survivors (2048K)
 Metaspace       used 10350K, committed 10432K, reserved 1064960K
  class space    used 729K, committed 768K, reserved 1048576K
}
Event: 18.108 GC heap after
{Heap after GC invocations=4 (full 0):
 garbage-first heap   total 251904K, used 63125K [0x000000070a000000, 0x0000000800000000)
  region size 2048K, 4 young (8192K), 4 survivors (8192K)
 Metaspace       used 10350K, committed 10432K, reserved 1064960K
  class space    used 729K, committed 768K, reserved 1048576K
}
Event: 28.200 GC heap before
{Heap before GC invocations=4 (full 0):
 garbage-first heap   total 251904K, used 226965K [0x000000070a000000, 0x0000000800000000)
  region size 2048K, 62 young (126976K), 4 survivors (8192K)
 Metaspace       used 10363K, committed 10432K, reserved 1064960K
  class space    used 729K, committed 768K, reserved 1048576K
}
Event: 28.203 GC heap after
{Heap after GC invocations=5 (full 0):
 garbage-first heap   total 251904K, used 116753K [0x000000070a000000, 0x0000000800000000)
  region size 2048K, 7 young (14336K), 7 survivors (14336K)
 Metaspace       used 10363K, committed 10432K, reserved 1064960K
  class space    used 729K, committed 768K, reserved 1048576K
}
Event: 30.726 GC heap before
{Heap before GC invocations=5 (full 0):
 garbage-first heap   total 251904K, used 151569K [0x000000070a000000, 0x0000000800000000)
  region size 2048K, 21 young (43008K), 7 survivors (14336K)
 Metaspace       used 10364K, committed 10432K, reserved 1064960K
  class space    used 729K, committed 768K, reserved 1048576K
}
Event: 30.729 GC heap after
{Heap after GC invocations=6 (full 0):
 garbage-first heap   total 251904K, used 126385K [0x000000070a000000, 0x0000000800000000)
  region size 2048K, 4 young (8192K), 4 survivors (8192K)
 Metaspace       used 10364K, committed 10432K, reserved 1064960K
  class space    used 729K, committed 768K, reserved 1048576K
}

Deoptimization events (20 events):
Event: 13.938 Thread 0x000002cd528f1bd0 Uncommon trap: trap_request=0xffffff45 fr.pc=0x000002cd6213731c relative=0x0000000000003edc
Event: 13.938 Thread 0x000002cd528f1bd0 Uncommon trap: reason=unstable_if action=reinterpret pc=0x000002cd6213731c method=com.badlogic.gdx.utils.TimSort.mergeHi(IIII)V @ 439 c2
Event: 13.938 Thread 0x000002cd528f1bd0 DEOPT PACKING pc=0x000002cd6213731c sp=0x000000e05affe8d0
Event: 13.938 Thread 0x000002cd528f1bd0 DEOPT UNPACKING pc=0x000002cd5a4123a3 sp=0x000000e05affe910 mode 2
Event: 14.005 Thread 0x000002cd528f1bd0 DEOPT PACKING pc=0x000002cd5af3a391 sp=0x000000e05affe900
Event: 14.005 Thread 0x000002cd528f1bd0 DEOPT UNPACKING pc=0x000002cd5a412b43 sp=0x000000e05affddf8 mode 0
Event: 14.038 Thread 0x000002cd528f1bd0 DEOPT PACKING pc=0x000002cd5af3a391 sp=0x000000e05affe900
Event: 14.038 Thread 0x000002cd528f1bd0 DEOPT UNPACKING pc=0x000002cd5a412b43 sp=0x000000e05affddf8 mode 0
Event: 14.072 Thread 0x000002cd528f1bd0 DEOPT PACKING pc=0x000002cd5af3a391 sp=0x000000e05affe900
Event: 14.072 Thread 0x000002cd528f1bd0 DEOPT UNPACKING pc=0x000002cd5a412b43 sp=0x000000e05affddf8 mode 0
Event: 14.105 Thread 0x000002cd528f1bd0 DEOPT PACKING pc=0x000002cd5af3a391 sp=0x000000e05affe900
Event: 14.105 Thread 0x000002cd528f1bd0 DEOPT UNPACKING pc=0x000002cd5a412b43 sp=0x000000e05affddf8 mode 0
Event: 14.155 Thread 0x000002cd528f1bd0 DEOPT PACKING pc=0x000002cd5af3a391 sp=0x000000e05affe900
Event: 14.155 Thread 0x000002cd528f1bd0 DEOPT UNPACKING pc=0x000002cd5a412b43 sp=0x000000e05affddf8 mode 0
Event: 14.205 Thread 0x000002cd528f1bd0 DEOPT PACKING pc=0x000002cd5af3a391 sp=0x000000e05affe900
Event: 14.205 Thread 0x000002cd528f1bd0 DEOPT UNPACKING pc=0x000002cd5a412b43 sp=0x000000e05affddf8 mode 0
Event: 14.256 Thread 0x000002cd528f1bd0 DEOPT PACKING pc=0x000002cd5af3a391 sp=0x000000e05affe900
Event: 14.256 Thread 0x000002cd528f1bd0 DEOPT UNPACKING pc=0x000002cd5a412b43 sp=0x000000e05affddf8 mode 0
Event: 14.288 Thread 0x000002cd528f1bd0 DEOPT PACKING pc=0x000002cd5af3a391 sp=0x000000e05affe900
Event: 14.288 Thread 0x000002cd528f1bd0 DEOPT UNPACKING pc=0x000002cd5a412b43 sp=0x000000e05affddf8 mode 0

Classes unloaded (0 events):
No events

Classes redefined (0 events):
No events

Internal exceptions (20 events):
Event: 0.182 Thread 0x000002cd528f1bd0 Exception <a 'java/lang/NoSuchMethodError'{0x00000007191dcb10}: 'java.lang.Object java.lang.invoke.DirectMethodHandle$Holder.invokeStaticInit(java.lang.Object)'> (0x00000007191dcb10) 
thrown [e:\jenkins\tmp\workspace\build\src\src\hotspot\share\interpreter\linkResolver.cpp, line 766]
Event: 0.192 Thread 0x000002cd528f1bd0 Exception <a 'java/lang/NoSuchMethodError'{0x0000000718e3e940}: 'void java.lang.invoke.DirectMethodHandle$Holder.invokeStatic(java.lang.Object, java.lang.Object)'> (0x0000000718e3e940) 
thrown [e:\jenkins\tmp\workspace\build\src\src\hotspot\share\interpreter\linkResolver.cpp, line 766]
Event: 0.193 Thread 0x000002cd528f1bd0 Exception <a 'java/lang/NoSuchMethodError'{0x0000000718e44188}: 'void java.lang.invoke.DirectMethodHandle$Holder.invokeSpecial(java.lang.Object, java.lang.Object, java.lang.Object)'> (0x0000000718e44188) 
thrown [e:\jenkins\tmp\workspace\build\src\src\hotspot\share\interpreter\linkResolver.cpp, line 766]
Event: 0.195 Thread 0x000002cd528f1bd0 Exception <a 'java/lang/NoSuchMethodError'{0x0000000718e57510}: 'java.lang.Object java.lang.invoke.DirectMethodHandle$Holder.invokeStatic(java.lang.Object, java.lang.Object, int)'> (0x0000000718e57510) 
thrown [e:\jenkins\tmp\workspace\build\src\src\hotspot\share\interpreter\linkResolver.cpp, line 766]
Event: 0.196 Thread 0x000002cd528f1bd0 Exception <a 'java/lang/NoSuchMethodError'{0x0000000718e63280}: 'void java.lang.invoke.DelegatingMethodHandle$Holder.delegate(java.lang.Object, java.lang.Object, int, java.lang.Object)'> (0x0000000718e63280) 
thrown [e:\jenkins\tmp\workspace\build\src\src\hotspot\share\interpreter\linkResolver.cpp, line 766]
Event: 0.196 Thread 0x000002cd528f1bd0 Exception <a 'java/lang/NoSuchMethodError'{0x0000000718e674c0}: 'int java.lang.invoke.DirectMethodHandle$Holder.invokeSpecial(java.lang.Object, java.lang.Object, java.lang.Object)'> (0x0000000718e674c0) 
thrown [e:\jenkins\tmp\workspace\build\src\src\hotspot\share\interpreter\linkResolver.cpp, line 766]
Event: 0.225 Thread 0x000002cd528f1bd0 Exception <a 'sun/nio/fs/WindowsException'{0x0000000718f0e398}> (0x0000000718f0e398) 
thrown [e:\jenkins\tmp\workspace\build\src\src\hotspot\share\prims\jni.cpp, line 516]
Event: 0.225 Thread 0x000002cd528f1bd0 Exception <a 'sun/nio/fs/WindowsException'{0x0000000718f0e8f0}> (0x0000000718f0e8f0) 
thrown [e:\jenkins\tmp\workspace\build\src\src\hotspot\share\prims\jni.cpp, line 516]
Event: 0.248 Thread 0x000002cd528f1bd0 Exception <a 'sun/nio/fs/WindowsException'{0x0000000718ffc708}> (0x0000000718ffc708) 
thrown [e:\jenkins\tmp\workspace\build\src\src\hotspot\share\prims\jni.cpp, line 516]
Event: 0.248 Thread 0x000002cd528f1bd0 Exception <a 'sun/nio/fs/WindowsException'{0x0000000718ffcaa8}> (0x0000000718ffcaa8) 
thrown [e:\jenkins\tmp\workspace\build\src\src\hotspot\share\prims\jni.cpp, line 516]
Event: 0.268 Thread 0x000002cd528f1bd0 Exception <a 'sun/nio/fs/WindowsException'{0x0000000718cab098}> (0x0000000718cab098) 
thrown [e:\jenkins\tmp\workspace\build\src\src\hotspot\share\prims\jni.cpp, line 516]
Event: 0.268 Thread 0x000002cd528f1bd0 Exception <a 'sun/nio/fs/WindowsException'{0x0000000718cab408}> (0x0000000718cab408) 
thrown [e:\jenkins\tmp\workspace\build\src\src\hotspot\share\prims\jni.cpp, line 516]
Event: 0.310 Thread 0x000002cd528f1bd0 Exception <a 'sun/nio/fs/WindowsException'{0x0000000718d30438}> (0x0000000718d30438) 
thrown [e:\jenkins\tmp\workspace\build\src\src\hotspot\share\prims\jni.cpp, line 516]
Event: 0.310 Thread 0x000002cd528f1bd0 Exception <a 'sun/nio/fs/WindowsException'{0x0000000718d307c0}> (0x0000000718d307c0) 
thrown [e:\jenkins\tmp\workspace\build\src\src\hotspot\share\prims\jni.cpp, line 516]
Event: 0.556 Thread 0x000002cd528f1bd0 Exception <a 'sun/nio/fs/WindowsException'{0x0000000718b12390}> (0x0000000718b12390) 
thrown [e:\jenkins\tmp\workspace\build\src\src\hotspot\share\prims\jni.cpp, line 516]
Event: 0.556 Thread 0x000002cd528f1bd0 Exception <a 'sun/nio/fs/WindowsException'{0x0000000718b12740}> (0x0000000718b12740) 
thrown [e:\jenkins\tmp\workspace\build\src\src\hotspot\share\prims\jni.cpp, line 516]
Event: 0.558 Thread 0x000002cd528f1bd0 Exception <a 'sun/nio/fs/WindowsException'{0x0000000718b1e8d8}> (0x0000000718b1e8d8) 
thrown [e:\jenkins\tmp\workspace\build\src\src\hotspot\share\prims\jni.cpp, line 516]
Event: 0.558 Thread 0x000002cd528f1bd0 Exception <a 'sun/nio/fs/WindowsException'{0x0000000718b1ebc0}> (0x0000000718b1ebc0) 
thrown [e:\jenkins\tmp\workspace\build\src\src\hotspot\share\prims\jni.cpp, line 516]
Event: 3.925 Thread 0x000002cd528f1bd0 Implicit null exception at 0x000002cd61fd21bf to 0x000002cd61fd229c
Event: 6.863 Thread 0x000002cd08eeb450 Implicit null exception at 0x000002cd61fc97df to 0x000002cd61fc989c

VM Operations (20 events):
Event: 24.165 Executing VM operation: ICBufferFull
Event: 24.165 Executing VM operation: ICBufferFull done
Event: 24.833 Executing VM operation: ICBufferFull
Event: 24.833 Executing VM operation: ICBufferFull done
Event: 25.502 Executing VM operation: ICBufferFull
Event: 25.502 Executing VM operation: ICBufferFull done
Event: 26.183 Executing VM operation: ICBufferFull
Event: 26.183 Executing VM operation: ICBufferFull done
Event: 26.853 Executing VM operation: ICBufferFull
Event: 26.853 Executing VM operation: ICBufferFull done
Event: 28.200 Executing VM operation: G1CollectForAllocation
Event: 28.203 Executing VM operation: G1CollectForAllocation done
Event: 30.726 Executing VM operation: G1TryInitiateConcMark
Event: 30.729 Executing VM operation: G1TryInitiateConcMark done
Event: 30.741 Executing VM operation: G1Concurrent
Event: 30.743 Executing VM operation: G1Concurrent done
Event: 30.749 Executing VM operation: G1Concurrent
Event: 30.750 Executing VM operation: G1Concurrent done
Event: 32.750 Executing VM operation: Cleanup
Event: 32.750 Executing VM operation: Cleanup done

Events (20 events):
Event: 30.732 loading class jdk/internal/reflect/ClassFileAssembler done
Event: 30.732 loading class jdk/internal/reflect/UTF8
Event: 30.732 loading class jdk/internal/reflect/UTF8 done
Event: 30.732 loading class jdk/internal/reflect/Label
Event: 30.732 loading class jdk/internal/reflect/Label done
Event: 30.732 loading class jdk/internal/reflect/Label$PatchInfo
Event: 30.733 loading class jdk/internal/reflect/Label$PatchInfo done
Event: 30.733 loading class jdk/internal/reflect/MethodAccessorGenerator$1
Event: 30.733 loading class jdk/internal/reflect/MethodAccessorGenerator$1 done
Event: 30.733 loading class jdk/internal/reflect/ClassDefiner
Event: 30.733 loading class jdk/internal/reflect/ClassDefiner done
Event: 30.733 loading class jdk/internal/reflect/ClassDefiner$1
Event: 30.733 loading class jdk/internal/reflect/ClassDefiner$1 done
Event: 30.733 loading class jdk/internal/reflect/BootstrapConstructorAccessorImpl
Event: 30.733 loading class jdk/internal/reflect/BootstrapConstructorAccessorImpl done
Event: 30.745 Thread 0x000002cd76c393e0 Thread added: 0x000002cd76c393e0
Event: 30.948 Thread 0x000002cd76c38f10 Thread exited: 0x000002cd76c38f10
Event: 31.826 Thread 0x000002cd76c35a20 Thread added: 0x000002cd76c35a20
Event: 31.829 Thread 0x000002cd76c35550 Thread added: 0x000002cd76c35550
Event: 32.031 Thread 0x000002cd76c35a20 Thread exited: 0x000002cd76c35a20


Dynamic libraries:
0x00007ff7d8a20000 - 0x00007ff7d8a2e000 	C:\Program Files\Eclipse Adoptium\jdk-17.0.1.12-hotspot\bin\java.exe
0x00007ffdc5cd0000 - 0x00007ffdc5ec5000 	C:\Windows\SYSTEM32\ntdll.dll
0x00007ffdc4060000 - 0x00007ffdc411d000 	C:\Windows\System32\KERNEL32.DLL
0x00007ffdc3720000 - 0x00007ffdc39ed000 	C:\Windows\System32\KERNELBASE.dll
0x00007ffdc33b0000 - 0x00007ffdc34b0000 	C:\Windows\System32\ucrtbase.dll
0x00007ffdbd460000 - 0x00007ffdbd479000 	C:\Program Files\Eclipse Adoptium\jdk-17.0.1.12-hotspot\bin\VCRUNTIME140.dll
0x00007ffdb6650000 - 0x00007ffdb6668000 	C:\Program Files\Eclipse Adoptium\jdk-17.0.1.12-hotspot\bin\jli.dll
0x00007ffdc5530000 - 0x00007ffdc56d0000 	C:\Windows\System32\USER32.dll
0x00007ffdad620000 - 0x00007ffdad8ba000 	C:\Windows\WinSxS\amd64_microsoft.windows.common-controls_6595b64144ccf1df_6.0.19041.1110_none_60b5254171f9507e\COMCTL32.dll
0x00007ffdc3c20000 - 0x00007ffdc3c42000 	C:\Windows\System32\win32u.dll
0x00007ffdc5190000 - 0x00007ffdc522e000 	C:\Windows\System32\msvcrt.dll
0x00007ffdc5bd0000 - 0x00007ffdc5bfa000 	C:\Windows\System32\GDI32.dll
0x00007ffdc3610000 - 0x00007ffdc371b000 	C:\Windows\System32\gdi32full.dll
0x00007ffdc39f0000 - 0x00007ffdc3a8d000 	C:\Windows\System32\msvcp_win.dll
0x00007ffdc4eb0000 - 0x00007ffdc4ee0000 	C:\Windows\System32\IMM32.DLL
0x00007ffdbede0000 - 0x00007ffdbedec000 	C:\Program Files\Eclipse Adoptium\jdk-17.0.1.12-hotspot\bin\vcruntime140_1.dll
0x00007ffdb1890000 - 0x00007ffdb1921000 	C:\Program Files\Eclipse Adoptium\jdk-17.0.1.12-hotspot\bin\msvcp140.dll
0x00007ffd82e10000 - 0x00007ffd83a56000 	C:\Program Files\Eclipse Adoptium\jdk-17.0.1.12-hotspot\bin\server\jvm.dll
0x00007ffdc3fb0000 - 0x00007ffdc405e000 	C:\Windows\System32\ADVAPI32.dll
0x00007ffdc3e80000 - 0x00007ffdc3f1c000 	C:\Windows\System32\sechost.dll
0x00007ffdc3d50000 - 0x00007ffdc3e75000 	C:\Windows\System32\RPCRT4.dll
0x00007ffdc4ee0000 - 0x00007ffdc4ee8000 	C:\Windows\System32\PSAPI.DLL
0x00007ffda5c00000 - 0x00007ffda5c09000 	C:\Windows\SYSTEM32\WSOCK32.dll
0x00007ffdb8890000 - 0x00007ffdb88b7000 	C:\Windows\SYSTEM32\WINMM.dll
0x00007ffdbc260000 - 0x00007ffdbc26a000 	C:\Windows\SYSTEM32\VERSION.dll
0x00007ffdc52e0000 - 0x00007ffdc534b000 	C:\Windows\System32\WS2_32.dll
0x00007ffdc1c40000 - 0x00007ffdc1c52000 	C:\Windows\SYSTEM32\kernel.appcore.dll
0x00007ffdbee30000 - 0x00007ffdbee3a000 	C:\Program Files\Eclipse Adoptium\jdk-17.0.1.12-hotspot\bin\jimage.dll
0x00007ffdc1a30000 - 0x00007ffdc1c14000 	C:\Windows\SYSTEM32\DBGHELP.DLL
0x00007ffdb8de0000 - 0x00007ffdb8e0c000 	C:\Windows\SYSTEM32\dbgcore.DLL
0x00007ffdc3a90000 - 0x00007ffdc3b12000 	C:\Windows\System32\bcryptPrimitives.dll
0x00007ffdb62b0000 - 0x00007ffdb62d5000 	C:\Program Files\Eclipse Adoptium\jdk-17.0.1.12-hotspot\bin\java.dll
0x00007ffdb1a30000 - 0x00007ffdb1b06000 	C:\Program Files\Eclipse Adoptium\jdk-17.0.1.12-hotspot\bin\svml.dll
0x00007ffdc4120000 - 0x00007ffdc4864000 	C:\Windows\System32\SHELL32.dll
0x00007ffdc1150000 - 0x00007ffdc18e4000 	C:\Windows\SYSTEM32\windows.storage.dll
0x00007ffdc5870000 - 0x00007ffdc5bc4000 	C:\Windows\System32\combase.dll
0x00007ffdc2e10000 - 0x00007ffdc2e3c000 	C:\Windows\SYSTEM32\Wldp.dll
0x00007ffdc5230000 - 0x00007ffdc52dd000 	C:\Windows\System32\SHCORE.dll
0x00007ffdc3cf0000 - 0x00007ffdc3d45000 	C:\Windows\System32\shlwapi.dll
0x00007ffdc32f0000 - 0x00007ffdc330f000 	C:\Windows\SYSTEM32\profapi.dll
0x00007ffdaafa0000 - 0x00007ffdaafb9000 	C:\Program Files\Eclipse Adoptium\jdk-17.0.1.12-hotspot\bin\net.dll
0x00007ffdb4be0000 - 0x00007ffdb4cea000 	C:\Windows\SYSTEM32\WINHTTP.dll
0x00007ffdc2b70000 - 0x00007ffdc2bda000 	C:\Windows\system32\mswsock.dll
0x00007ffdaaf80000 - 0x00007ffdaaf95000 	C:\Program Files\Eclipse Adoptium\jdk-17.0.1.12-hotspot\bin\nio.dll
0x00007ffdaace0000 - 0x00007ffdaacf8000 	C:\Program Files\Eclipse Adoptium\jdk-17.0.1.12-hotspot\bin\zip.dll
0x000000006e700000 - 0x000000006e72a000 	C:\Users\grado\AppData\Local\Temp\libgdxgrado\e1cd32f8\gdx64.dll
0x00007ffdb19c0000 - 0x00007ffdb1a24000 	C:\Users\grado\AppData\Local\Temp\lwjglgrado\3.2.3-build-13\lwjgl.dll
0x00007ffd84490000 - 0x00007ffd846e3000 	C:\Users\grado\AppData\Local\Temp\lwjglgrado\3.2.3-build-13\jemalloc.dll
0x00007ffdb1950000 - 0x00007ffdb19b2000 	C:\Users\grado\AppData\Local\Temp\lwjglgrado\3.2.3-build-13\glfw.dll
0x00007ffdc0870000 - 0x00007ffdc090e000 	C:\Windows\system32\uxtheme.dll
0x00007ffdaa450000 - 0x00007ffdaa495000 	C:\Windows\SYSTEM32\dinput8.dll
0x00007ffdb1930000 - 0x00007ffdb1941000 	C:\Windows\SYSTEM32\xinput1_4.dll
0x00007ffdc3b20000 - 0x00007ffdc3b6e000 	C:\Windows\System32\cfgmgr32.dll
0x00007ffdc3160000 - 0x00007ffdc318c000 	C:\Windows\SYSTEM32\DEVOBJ.dll
0x00007ffdc0a00000 - 0x00007ffdc0a2f000 	C:\Windows\SYSTEM32\dwmapi.dll
0x00007ffda8c80000 - 0x00007ffda8dd2000 	C:\Windows\SYSTEM32\inputhost.dll
0x00007ffdc4d70000 - 0x00007ffdc4e3d000 	C:\Windows\System32\OLEAUT32.dll
0x00007ffdbfad0000 - 0x00007ffdbfc24000 	C:\Windows\SYSTEM32\wintypes.dll
0x00007ffdc0500000 - 0x00007ffdc05f2000 	C:\Windows\SYSTEM32\CoreMessaging.dll
0x00007ffdbe990000 - 0x00007ffdbea86000 	C:\Windows\SYSTEM32\PROPSYS.dll
0x00007ffdc01a0000 - 0x00007ffdc04fe000 	C:\Windows\SYSTEM32\CoreUIComponents.dll
0x00007ffdc20b0000 - 0x00007ffdc20e3000 	C:\Windows\SYSTEM32\ntmarta.dll
0x00007ffdc5750000 - 0x00007ffdc5865000 	C:\Windows\System32\MSCTF.dll
0x00007ffdc18f0000 - 0x00007ffdc18fd000 	C:\Windows\SYSTEM32\HID.DLL
0x00007ffdc4870000 - 0x00007ffdc4ce1000 	C:\Windows\System32\SETUPAPI.DLL
0x00007ffdc3c50000 - 0x00007ffdc3c77000 	C:\Windows\System32\bcrypt.dll
0x00007ffdc3c80000 - 0x00007ffdc3ce8000 	C:\Windows\System32\WINTRUST.dll
0x00007ffdc34b0000 - 0x00007ffdc3606000 	C:\Windows\System32\CRYPT32.dll
0x00007ffdc2fa0000 - 0x00007ffdc2fb2000 	C:\Windows\SYSTEM32\MSASN1.dll
0x00007ffd81e40000 - 0x00007ffd81f4b000 	C:\Users\grado\AppData\Local\Temp\lwjglgrado\3.2.3-build-13\OpenAL.dll
0x00007ffdc5400000 - 0x00007ffdc552a000 	C:\Windows\System32\ole32.dll
0x00007ffdc5350000 - 0x00007ffdc53f9000 	C:\Windows\System32\clbcatq.dll
0x00007ffdbb510000 - 0x00007ffdbb595000 	C:\Windows\System32\MMDevApi.dll
0x00007ffdbbda0000 - 0x00007ffdbbf22000 	C:\Windows\SYSTEM32\AUDIOSES.DLL
0x00007ffdc2930000 - 0x00007ffdc297b000 	C:\Windows\SYSTEM32\powrprof.dll
0x00007ffdc27f0000 - 0x00007ffdc2802000 	C:\Windows\SYSTEM32\UMPDC.dll
0x00007ffdc0a30000 - 0x00007ffdc0a44000 	C:\Windows\SYSTEM32\resourcepolicyclient.dll
0x00007ffd22910000 - 0x00007ffd22a36000 	C:\Windows\SYSTEM32\opengl32.dll
0x00007ffd228e0000 - 0x00007ffd2290c000 	C:\Windows\SYSTEM32\GLU32.dll
0x00007ffdbc2e0000 - 0x00007ffdbc3d7000 	C:\Windows\System32\AppXDeploymentClient.dll
0x00007ffdab4d0000 - 0x00007ffdab4fa000 	C:\Windows\System32\DriverStore\FileRepository\u0361612.inf_amd64_b679e02f70413f9f\B361368\atig6pxx.dll
0x00007ffd7dc80000 - 0x00007ffd80966000 	C:\Windows\System32\DriverStore\FileRepository\u0361612.inf_amd64_b679e02f70413f9f\B361368\atio6axx.dll
0x00007ffd86690000 - 0x00007ffd866b4000 	C:\Windows\SYSTEM32\dxva2.dll
0x00007ffda3f10000 - 0x00007ffda3f4c000 	C:\Windows\System32\DriverStore\FileRepository\u0361612.inf_amd64_b679e02f70413f9f\B361368\atig6txx.dll
0x00007ffd81c80000 - 0x00007ffd81e39000 	C:\Windows\SYSTEM32\atiadlxx.dll
0x00007ffdb9380000 - 0x00007ffdb93bb000 	C:\Windows\SYSTEM32\dxcore.dll
0x00007ffd9ef60000 - 0x00007ffd9efb9000 	C:\Users\grado\AppData\Local\Temp\lwjglgrado\3.2.3-build-13\lwjgl_opengl.dll
0x00007ffda93b0000 - 0x00007ffda94a9000 	C:\Windows\SYSTEM32\textinputframework.dll
0x00007ffdaacc0000 - 0x00007ffdaacd1000 	C:\Program Files\Eclipse Adoptium\jdk-17.0.1.12-hotspot\bin\jsound.dll
0x00007ffd853c0000 - 0x00007ffd8545c000 	C:\Windows\SYSTEM32\DSOUND.dll
0x00007ffdb3710000 - 0x00007ffdb3736000 	C:\Windows\SYSTEM32\winmmbase.dll
0x00007ffda9b00000 - 0x00007ffda9b46000 	C:\Windows\SYSTEM32\wdmaud.drv
0x00007ffdbde60000 - 0x00007ffdbde69000 	C:\Windows\SYSTEM32\ksuser.dll
0x00007ffdbd880000 - 0x00007ffdbd88a000 	C:\Windows\SYSTEM32\AVRT.dll
0x00007ffdbc5b0000 - 0x00007ffdbc5bd000 	C:\Windows\SYSTEM32\msacm32.drv
0x00007ffdbc630000 - 0x00007ffdbc64e000 	C:\Windows\SYSTEM32\MSACM32.dll
0x00007ffdb6730000 - 0x00007ffdb673b000 	C:\Windows\SYSTEM32\midimap.dll
0x00007ffda8de0000 - 0x00007ffda8f21000 	C:\Windows\System32\Windows.UI.dll
0x00007ffdbd350000 - 0x00007ffdbd3f1000 	C:\Windows\System32\WindowManagementAPI.dll
0x00007ffdbca10000 - 0x00007ffdbcc11000 	C:\Windows\System32\twinapi.appcore.dll

dbghelp: loaded successfully - version: 4.0.5 - missing functions: none
symbol engine: initialized successfully - sym options: 0x614 - pdb path: .;C:\Program Files\Eclipse Adoptium\jdk-17.0.1.12-hotspot\bin;C:\Windows\SYSTEM32;C:\Windows\WinSxS\amd64_microsoft.windows.common-controls_6595b64144ccf1df_6.0.19041.1110_none_60b5254171f9507e;C:\Program Files\Eclipse Adoptium\jdk-17.0.1.12-hotspot\bin\server;C:\Users\grado\AppData\Local\Temp\libgdxgrado\e1cd32f8;C:\Users\grado\AppData\Local\Temp\lwjglgrado\3.2.3-build-13;C:\Windows\System32\DriverStore\FileRepository\u0361612.inf_amd64_b679e02f70413f9f\B361368

VM Arguments:
jvm_args: -XX:+ShowCodeDetailsInExceptionMessages 
java_command: com.crazyputting3d.Main
java_class_path (initial): C:\Users\grado\Documents\Group-04\3dcrazyputting\desktop\bin\main;\CrazyPutting3D-core\bin\default;C:\Users\grado\Documents\Group-04\3dcrazyputting\core\bin\main;C:\Users\grado\.gradle\caches\modules-2\files-2.1\com.badlogicgames.gdx\gdx-backend-lwjgl3\1.10.0\600c7d5b2c977daa82c4abad147087b31e0ada87\gdx-backend-lwjgl3-1.10.0.jar;C:\Users\grado\.gradle\caches\modules-2\files-2.1\com.badlogicgames.gdx\gdx-platform\1.10.0\9a8fa793d2fd6d360afc6c9e4c1f5583da263b88\gdx-platform-1.10.0-natives-desktop.jar;C:\Users\grado\.gradle\caches\modules-2\files-2.1\com.badlogicgames.gdx\gdx-bullet-platform\1.10.0\ce92e8dfc762523d769cbc50853163c03bf98cf1\gdx-bullet-platform-1.10.0-natives-desktop.jar;C:\Users\grado\.gradle\caches\modules-2\files-2.1\com.badlogicgames.gdx\gdx-freetype-platform\1.10.0\6e5d28752759e69384f12e4569d2c884ff71352f\gdx-freetype-platform-1.10.0-natives-desktop.jar;C:\Users\grado\.gradle\caches\modules-2\files-2.1\com.badlogicgames.gdx-controllers\gdx-controllers-desktop\2.2.1\cb3430c32468a090eca54d494d16bb3764ceff9b\gdx-controllers-desktop-2.2.1.jar;C:\Users\grado\.gradle\caches\modules-2\files-2.1\org.jetbrains\annotations\20.1.0\2fcd1f3225bca0c4a7bc931142076f8c1e80993f\annotations-20.1.0.jar;C:\Users\grado\.gradle\caches\modules-2\files-2.1\com.badlogicgames.gdx\gdx-bullet\1.10.0\839b58c7278f5c3b55291c3a559d91227400ecdb\gdx-bullet-1.10.0.jar;C:\Users\grado\.gradle\caches\modules-2\files-2.1\com.badlogicgames.gdx\gdx-freetype\1.10.0\de1d0d5c1e92e8d91364256fd6b7bb279d3e9859\gdx-freetype-1.10.0.jar;C:\Users\grado\.gradle\caches\modules-2\files-2.1\com.badlogicgames.gdx\gdx-ai\1.8.2\ab75d2ce80ab1b1ce6828a15dc0f417abac4c674\gdx-ai-1.8.2.jar;C:\Users\grado\.gradle\caches\modules-2\files-2.1\com.badlogicgames.ashley\ashley\1.7.4\21a3a8932919099c4e5006a7d8378dcbe76ef8a5\ashley-1.7.4.jar;C:\Users\grado\.gradle\caches\modules-2\files-2.1\com.badlogicgames.box2dlights\box2dlights\1.5\6902dbcd250c95a27973aa24a147a95b3828d348\box2dlights-1.5.j
Launcher Type: SUN_STANDARD

[Global flags]
     intx CICompilerCount                          = 12                                        {product} {ergonomic}
     uint ConcGCThreads                            = 3                                         {product} {ergonomic}
     uint G1ConcRefinementThreads                  = 13                                        {product} {ergonomic}
   size_t G1HeapRegionSize                         = 2097152                                   {product} {ergonomic}
    uintx GCDrainStackTargetSize                   = 64                                        {product} {ergonomic}
   size_t InitialHeapSize                          = 257949696                                 {product} {ergonomic}
   size_t MarkStackSize                            = 4194304                                   {product} {ergonomic}
   size_t MaxHeapSize                              = 4127195136                                {product} {ergonomic}
   size_t MaxNewSize                               = 2474639360                                {product} {ergonomic}
   size_t MinHeapDeltaBytes                        = 2097152                                   {product} {ergonomic}
   size_t MinHeapSize                              = 8388608                                   {product} {ergonomic}
    uintx NonNMethodCodeHeapSize                   = 7602480                                {pd product} {ergonomic}
    uintx NonProfiledCodeHeapSize                  = 122027880                              {pd product} {ergonomic}
    uintx ProfiledCodeHeapSize                     = 122027880                              {pd product} {ergonomic}
    uintx ReservedCodeCacheSize                    = 251658240                              {pd product} {ergonomic}
     bool SegmentedCodeCache                       = true                                      {product} {ergonomic}
     bool ShowCodeDetailsInExceptionMessages       = true                                   {manageable} {command line}
   size_t SoftMaxHeapSize                          = 4127195136                             {manageable} {ergonomic}
     bool UseCompressedClassPointers               = true                           {product lp64_product} {ergonomic}
     bool UseCompressedOops                        = true                           {product lp64_product} {ergonomic}
     bool UseG1GC                                  = true                                      {product} {ergonomic}
     bool UseLargePagesIndividualAllocation        = false                                  {pd product} {ergonomic}

Logging:
Log output configuration:
 #0: stdout all=warning uptime,level,tags
 #1: stderr all=off uptime,level,tags

Environment Variables:
PATH=C:\Program Files\Common Files\Oracle\Java\javapath;C:\Windows\system32;C:\Windows;C:\Windows\System32\Wbem;C:\Windows\System32\WindowsPowerShell\v1.0\;C:\Windows\System32\OpenSSH\;C:\Program Files (x86)\NVIDIA Corporation\PhysX\Common;C:\Program Files\NVIDIA Corporation\NVIDIA NvDLISR;C:\Program Files\MATLAB\R2022a\bin;C:\Program Files\Gradle\gradle-7.4.2\bin;C:\Program Files\Git\cmd;C:\Users\grado\AppData\Local\Microsoft\WindowsApps;C:\Users\grado\AppData\Local\Programs\Microsoft VS Code\bin;C:\Users\grado\AppData\Local\GitHubDesktop\bin
USERNAME=grado
LANG=en_US.UTF-8
OS=Windows_NT
PROCESSOR_IDENTIFIER=AMD64 Family 23 Model 96 Stepping 1, AuthenticAMD



---------------  S Y S T E M  ---------------

OS:
 Windows 10 , 64 bit Build 19041 (10.0.19041.1706)
OS uptime: 11 days 17:31 hours

CPU: total 16 (initial active 16) (16 cores per cpu, 2 threads per core) family 23 model 96 stepping 1 microcode 0x0, cx8, cmov, fxsr, ht, mmx, 3dnowpref, sse, sse2, sse3, ssse3, sse4a, sse4.1, sse4.2, popcnt, lzcnt, tsc, tscinvbit, avx, avx2, aes, clmul, bmi1, bmi2, adx, sha, fma, vzeroupper, clflush, clflushopt

Memory: 4k page, system-wide physical 15741M (322M free)
TotalPageFile size 37965M (AvailPageFile size 4171M)
current process WorkingSet (physical memory assigned to process): 566M, peak: 722M
current process commit charge ("private bytes"): 690M, peak: 864M

vm_info: OpenJDK 64-Bit Server VM (17.0.1+12) for windows-amd64 JRE (17.0.1+12), built on Oct 20 2021 07:42:55 by "" with MS VC++ 16.7 (VS2019)

END.
