#
# A fatal error has been detected by the Java Runtime Environment:
#
#  EXCEPTION_ACCESS_VIOLATION (0xc0000005) at pc=0x0000023822e50000, pid=19468, tid=3580
#
# JRE version: OpenJDK Runtime Environment Temurin-17.0.1+12 (17.0.1+12) (build 17.0.1+12)
# Java VM: OpenJDK 64-Bit Server VM Temurin-17.0.1+12 (17.0.1+12, mixed mode, sharing, tiered, compressed oops, compressed class ptrs, g1 gc, windows-amd64)
# Problematic frame:
# C  0x0000023822e50000
#
# No core dump will be written. Minidumps are not enabled by default on client versions of Windows
#
# If you would like to submit a bug report, please visit:
#   https://github.com/adoptium/adoptium-support/issues
# The crash happened outside the Java Virtual Machine in native code.
# See problematic frame for where to report the bug.
#

---------------  S U M M A R Y ------------

Command Line: -XX:+ShowCodeDetailsInExceptionMessages com.crazyputting3d.Main

Host: AMD Ryzen 7 4800H with Radeon Graphics         , 16 cores, 15G,  Windows 10 , 64 bit Build 19041 (10.0.19041.1706)
Time: Wed Jun 15 00:59:45 2022 Central European Daylight Time elapsed time: 8.363137 seconds (0d 0h 0m 8s)

---------------  T H R E A D  ---------------

Current thread (0x000002387f771780):  JavaThread "main" [_thread_in_native, id=3580, stack(0x000000a187600000,0x000000a187700000)]

Stack: [0x000000a187600000,0x000000a187700000],  sp=0x000000a1876feab8,  free space=1018k
Native frames: (J=compiled Java code, j=interpreted, Vv=VM code, C=native code)
C  0x0000023822e50000

Java frames: (J=compiled Java code, j=interpreted, Vv=VM code)
J 1184  org.lwjgl.system.JNI.invokePV(JJ)V (0 bytes) @ 0x000002380f5f286c [0x000002380f5f2820+0x000000000000004c]
J 2107 c1 org.lwjgl.glfw.GLFW.glfwSwapBuffers(J)V (21 bytes) @ 0x000002380850062c [0x0000023808500540+0x00000000000000ec]
j  com.badlogic.gdx.backends.lwjgl3.Lwjgl3Window.update()Z+196
j  com.badlogic.gdx.backends.lwjgl3.Lwjgl3Application.loop()V+111
j  com.badlogic.gdx.backends.lwjgl3.Lwjgl3Application.<init>(Lcom/badlogic/gdx/ApplicationListener;Lcom/badlogic/gdx/backends/lwjgl3/Lwjgl3ApplicationConfiguration;)V+243
j  com.crazyputting3d.Main.main([Ljava/lang/String;)V+41
v  ~StubRoutines::call_stub

siginfo: EXCEPTION_ACCESS_VIOLATION (0xc0000005), data execution prevention violation at address 0x0000023822e50000


Register to memory mapping:

RIP=0x0000023822e50000 is an unknown value
RAX=0x0000023822e50000 is an unknown value
RBX=0x0000000000010001 is an unknown value
RCX=0x0000000000010001 is an unknown value
RDX=0x000000a1876feaf0 is pointing into the stack for thread: 0x000002387f771780
RSP=0x000000a1876feab8 is pointing into the stack for thread: 0x000002387f771780
RBP=0x000000a1876febc0 is pointing into the stack for thread: 0x000002387f771780
RSI=0x0000000000000110 is an unknown value
RDI=3936 is a compressed pointer to class: 0x0000000800000f60
java.lang.invoke.LambdaForm$Holder {0x0000000800000f68}
 - instance size:     2
 - klass size:        64
 - access:            final synchronized 
 - state:             fully_initialized
 - name:              'java/lang/invoke/LambdaForm$Holder'
 - super:             'java/lang/Object'
 - sub:               
 - arrays:            NULL
 - methods:           Array<T>(0x0000000800b4bb48)
 - method ordering:   Array<T>(0x0000000800b4bb18)
 - default_methods:   Array<T>(0x0000000000000000)
 - local interfaces:  Array<T>(0x00000008005aed70)
 - trans. interfaces: Array<T>(0x00000008005aed70)
 - constants:         constant pool [34] {0x0000000800b4bbf0} for 'java/lang/invoke/LambdaForm$Holder' cache=0x000000080042b758
 - class loader data:  loader data: 0x000002387f781710 of 'bootstrap'
 - source file:       'LambdaForm$Holder'
 - class annotations:       Array<T>(0x0000000000000000)
 - class type annotations:  Array<T>(0x0000000000000000)
 - field annotations:       Array<T>(0x0000000000000000)
 - field type annotations:  Array<T>(0x0000000000000000)
 - inner classes:     Array<T>(0x00000008005aed00)
 - nest members:     Array<T>(0x00000008005aed00)
 - permitted subclasses:     Array<T>(0x00000008005aed00)
 - java mirror:       a 'java/lang/Class'{0x000000070b1968d8} = 'java/lang/invoke/LambdaForm$Holder'
 - vtable length      5  (start addr: 0x0000000800001128)
 - itable length      2 (start addr: 0x0000000800001150)
 - ---- static fields (0 words):
 - ---- non-static fields (0 words):
 - non-static oop maps: 
R8 =0x000002382401b2c0 points into unknown readable memory: 0x000002382efb2be0 | e0 2b fb 2e 38 02 00 00
R9 =0x00007ffd8a4f1b50 glfw.dll
R10=0x00007ffd932f1b10 lwjgl.dll
R11=0x000000a1876fef28 is pointing into the stack for thread: 0x000002387f771780
R12=0x0 is NULL
R13=0x000000a1876ff028 is pointing into the stack for thread: 0x000002387f771780
R14=0x000000a1876fef80 is pointing into the stack for thread: 0x000002387f771780
R15=0x000002387f771780 is a thread


Registers:
RAX=0x0000023822e50000, RBX=0x0000000000010001, RCX=0x0000000000010001, RDX=0x000000a1876feaf0
RSP=0x000000a1876feab8, RBP=0x000000a1876febc0, RSI=0x0000000000000110, RDI=0x0000000000000f60
R8 =0x000002382401b2c0, R9 =0x00007ffd8a4f1b50, R10=0x00007ffd932f1b10, R11=0x000000a1876fef28
R12=0x0000000000000000, R13=0x000000a1876ff028, R14=0x000000a1876fef80, R15=0x000002387f771780
RIP=0x0000023822e50000, EFLAGS=0x0000000000010206

Top of Stack: (sp=0x000000a1876feab8)
0x000000a1876feab8:   00007ffd8a4f1f7c 000000070b15e2a8
0x000000a1876feac8:   0000140600000002 0000000700000014
0x000000a1876fead8:   438c000041700000 000000070b0fd058
0x000000a1876feae8:   000002380834657c 57464c4720656854
0x000000a1876feaf8:   7972617262696c20 20746f6e20736920
0x000000a1876feb08:   696c616974696e69 000000a10064657a
0x000000a1876feb18:   00007ffd3e965e62 000000a1876fef40
0x000000a1876feb28:   00000238082c4204 00000000000001cc
0x000000a1876feb38:   00000238079f94fe 0000000000000000
0x000000a1876feb48:   000000006e7020f4 000002387f771a28
0x000000a1876feb58:   00007ffd3e965481 000000070b112218
0x000000a1876feb68:   000002380f5ed805 0000000200000003
0x000000a1876feb78:   000000070b110d20 000000070b110d60
0x000000a1876feb88:   000000070a1db878 0000000700000013
0x000000a1876feb98:   000000070b15e2a8 0000000000000002
0x000000a1876feba8:   00007ffd22939d0a 000000a1876fef40 

Instructions: (pc=0x0000023822e50000)
0x0000023822e4ff00:   ?? ?? ?? ?? ?? ?? ?? ?? ?? ?? ?? ?? ?? ?? ?? ??
0x0000023822e4ff10:   ?? ?? ?? ?? ?? ?? ?? ?? ?? ?? ?? ?? ?? ?? ?? ??
0x0000023822e4ff20:   ?? ?? ?? ?? ?? ?? ?? ?? ?? ?? ?? ?? ?? ?? ?? ??
0x0000023822e4ff30:   ?? ?? ?? ?? ?? ?? ?? ?? ?? ?? ?? ?? ?? ?? ?? ??
0x0000023822e4ff40:   ?? ?? ?? ?? ?? ?? ?? ?? ?? ?? ?? ?? ?? ?? ?? ??
0x0000023822e4ff50:   ?? ?? ?? ?? ?? ?? ?? ?? ?? ?? ?? ?? ?? ?? ?? ??
0x0000023822e4ff60:   ?? ?? ?? ?? ?? ?? ?? ?? ?? ?? ?? ?? ?? ?? ?? ??
0x0000023822e4ff70:   ?? ?? ?? ?? ?? ?? ?? ?? ?? ?? ?? ?? ?? ?? ?? ??
0x0000023822e4ff80:   ?? ?? ?? ?? ?? ?? ?? ?? ?? ?? ?? ?? ?? ?? ?? ??
0x0000023822e4ff90:   ?? ?? ?? ?? ?? ?? ?? ?? ?? ?? ?? ?? ?? ?? ?? ??
0x0000023822e4ffa0:   ?? ?? ?? ?? ?? ?? ?? ?? ?? ?? ?? ?? ?? ?? ?? ??
0x0000023822e4ffb0:   ?? ?? ?? ?? ?? ?? ?? ?? ?? ?? ?? ?? ?? ?? ?? ??
0x0000023822e4ffc0:   ?? ?? ?? ?? ?? ?? ?? ?? ?? ?? ?? ?? ?? ?? ?? ??
0x0000023822e4ffd0:   ?? ?? ?? ?? ?? ?? ?? ?? ?? ?? ?? ?? ?? ?? ?? ??
0x0000023822e4ffe0:   ?? ?? ?? ?? ?? ?? ?? ?? ?? ?? ?? ?? ?? ?? ?? ??
0x0000023822e4fff0:   ?? ?? ?? ?? ?? ?? ?? ?? ?? ?? ?? ?? ?? ?? ?? ??
0x0000023822e50000:   ?? ?? ?? ?? ?? ?? ?? ?? ?? ?? ?? ?? ?? ?? ?? ??
0x0000023822e50010:   ?? ?? ?? ?? ?? ?? ?? ?? ?? ?? ?? ?? ?? ?? ?? ??
0x0000023822e50020:   ?? ?? ?? ?? ?? ?? ?? ?? ?? ?? ?? ?? ?? ?? ?? ??
0x0000023822e50030:   ?? ?? ?? ?? ?? ?? ?? ?? ?? ?? ?? ?? ?? ?? ?? ??
0x0000023822e50040:   ?? ?? ?? ?? ?? ?? ?? ?? ?? ?? ?? ?? ?? ?? ?? ??
0x0000023822e50050:   ?? ?? ?? ?? ?? ?? ?? ?? ?? ?? ?? ?? ?? ?? ?? ??
0x0000023822e50060:   ?? ?? ?? ?? ?? ?? ?? ?? ?? ?? ?? ?? ?? ?? ?? ??
0x0000023822e50070:   ?? ?? ?? ?? ?? ?? ?? ?? ?? ?? ?? ?? ?? ?? ?? ??
0x0000023822e50080:   ?? ?? ?? ?? ?? ?? ?? ?? ?? ?? ?? ?? ?? ?? ?? ??
0x0000023822e50090:   ?? ?? ?? ?? ?? ?? ?? ?? ?? ?? ?? ?? ?? ?? ?? ??
0x0000023822e500a0:   ?? ?? ?? ?? ?? ?? ?? ?? ?? ?? ?? ?? ?? ?? ?? ??
0x0000023822e500b0:   ?? ?? ?? ?? ?? ?? ?? ?? ?? ?? ?? ?? ?? ?? ?? ??
0x0000023822e500c0:   ?? ?? ?? ?? ?? ?? ?? ?? ?? ?? ?? ?? ?? ?? ?? ??
0x0000023822e500d0:   ?? ?? ?? ?? ?? ?? ?? ?? ?? ?? ?? ?? ?? ?? ?? ??
0x0000023822e500e0:   ?? ?? ?? ?? ?? ?? ?? ?? ?? ?? ?? ?? ?? ?? ?? ??
0x0000023822e500f0:   ?? ?? ?? ?? ?? ?? ?? ?? ?? ?? ?? ?? ?? ?? ?? ?? 


Stack slot to memory mapping:
stack at sp + 0 slots: 0x00007ffd8a4f1f7c glfw.dll
stack at sp + 1 slots: 0x000000070b15e2a8 is an oop: com.badlogic.gdx.backends.lwjgl3.Lwjgl3GL20 
{0x000000070b15e2a8} - klass: 'com/badlogic/gdx/backends/lwjgl3/Lwjgl3GL20'
 - ---- fields (total size 3 words):
 - private 'buffer' 'Ljava/nio/ByteBuffer;' @12  a 'java/nio/DirectByteBuffer'{0x0000000718e8cf70} (e31d19ee)
 - private 'floatBuffer' 'Ljava/nio/FloatBuffer;' @16  a 'java/nio/DirectFloatBufferU'{0x0000000718e8cfb0} (e31d19f6)
 - private 'intBuffer' 'Ljava/nio/IntBuffer;' @20  a 'java/nio/DirectIntBufferU'{0x0000000718e8cfe8} (e31d19fd)
stack at sp + 2 slots: 0x0000140600000002 is an unknown value
stack at sp + 3 slots: 0x0000000700000014 is an unknown value
stack at sp + 4 slots: 0x438c000041700000 is an unknown value
stack at sp + 5 slots: 0x000000070b0fd058 is an oop: com.badlogic.gdx.graphics.Mesh 
{0x000000070b0fd058} - klass: 'com/badlogic/gdx/graphics/Mesh'
 - ---- fields (total size 4 words):
 - 'autoBind' 'Z' @12  true
 - final 'isVertexArray' 'Z' @13  true
 - 'isInstanced' 'Z' @14  false
 - final 'vertices' 'Lcom/badlogic/gdx/graphics/glutils/VertexData;' @16  a 'com/badlogic/gdx/graphics/glutils/VertexArray'{0x000000070b0fd078} (e161fa0f)
 - final 'indices' 'Lcom/badlogic/gdx/graphics/glutils/IndexData;' @20  a 'com/badlogic/gdx/graphics/glutils/IndexArray'{0x000000070b0fd248} (e161fa49)
 - 'instances' 'Lcom/badlogic/gdx/graphics/glutils/InstanceData;' @24  NULL (0)
 - private final 'tmpV' 'Lcom/badlogic/gdx/math/Vector3;' @28  a 'com/badlogic/gdx/math/Vector3'{0x000000070b0fd2d8} (e161fa5b)
stack at sp + 6 slots: 0x000002380834657c is at entry_point+2172 in (nmethod*)0x0000023808345990
stack at sp + 7 slots: 0x57464c4720656854 is an unknown value


---------------  P R O C E S S  ---------------

Threads class SMR info:
_java_thread_list=0x0000023826cd4a50, length=16, elements={
0x000002387f771780, 0x0000023822ccbfe0, 0x0000023822ccdc60, 0x0000023822ce4030,
0x0000023822ce48f0, 0x0000023822ce52a0, 0x0000023822ce5c50, 0x0000023822ce7670,
0x0000023822ce8020, 0x0000023823808070, 0x00000238239142b0, 0x0000023823925a60,
0x000002382392fc50, 0x000002382393dd80, 0x0000023826c58010, 0x00000238339ad990
}

Java Threads: ( => current thread )
=>0x000002387f771780 JavaThread "main" [_thread_in_native, id=3580, stack(0x000000a187600000,0x000000a187700000)]
  0x0000023822ccbfe0 JavaThread "Reference Handler" daemon [_thread_blocked, id=20732, stack(0x000000a187d00000,0x000000a187e00000)]
  0x0000023822ccdc60 JavaThread "Finalizer" daemon [_thread_blocked, id=9848, stack(0x000000a187e00000,0x000000a187f00000)]
  0x0000023822ce4030 JavaThread "Signal Dispatcher" daemon [_thread_blocked, id=14124, stack(0x000000a187f00000,0x000000a188000000)]
  0x0000023822ce48f0 JavaThread "Attach Listener" daemon [_thread_blocked, id=18132, stack(0x000000a188000000,0x000000a188100000)]
  0x0000023822ce52a0 JavaThread "Service Thread" daemon [_thread_blocked, id=17084, stack(0x000000a188100000,0x000000a188200000)]
  0x0000023822ce5c50 JavaThread "Monitor Deflation Thread" daemon [_thread_blocked, id=14804, stack(0x000000a188200000,0x000000a188300000)]
  0x0000023822ce7670 JavaThread "C2 CompilerThread0" daemon [_thread_blocked, id=6200, stack(0x000000a188300000,0x000000a188400000)]
  0x0000023822ce8020 JavaThread "C1 CompilerThread0" daemon [_thread_blocked, id=23852, stack(0x000000a188400000,0x000000a188500000)]
  0x0000023823808070 JavaThread "Sweeper thread" daemon [_thread_blocked, id=24804, stack(0x000000a188500000,0x000000a188600000)]
  0x00000238239142b0 JavaThread "C1 CompilerThread1" daemon [_thread_blocked, id=15664, stack(0x000000a188600000,0x000000a188700000)]
  0x0000023823925a60 JavaThread "C1 CompilerThread2" daemon [_thread_blocked, id=3316, stack(0x000000a188700000,0x000000a188800000)]
  0x000002382392fc50 JavaThread "Notification Thread" daemon [_thread_blocked, id=19264, stack(0x000000a188800000,0x000000a188900000)]
  0x000002382393dd80 JavaThread "Common-Cleaner" daemon [_thread_blocked, id=21376, stack(0x000000a188a00000,0x000000a188b00000)]
  0x0000023826c58010 JavaThread "LWJGL3 Timer" daemon [_thread_blocked, id=22352, stack(0x000000a189300000,0x000000a189400000)]
  0x00000238339ad990 JavaThread "LWJGL3 Timer" daemon [_thread_blocked, id=9608, stack(0x000000a18a900000,0x000000a18aa00000)]

Other Threads:
  0x0000023822cc74e0 VMThread "VM Thread" [stack: 0x000000a187c00000,0x000000a187d00000] [id=17076]
  0x000002387f7f1cc0 WatcherThread [stack: 0x000000a188900000,0x000000a188a00000] [id=21544]
  0x000002387f7c8f00 GCTaskThread "GC Thread#0" [stack: 0x000000a187700000,0x000000a187800000] [id=25760]
  0x0000023826b1d620 GCTaskThread "GC Thread#1" [stack: 0x000000a189400000,0x000000a189500000] [id=16920]
  0x0000023826b1d370 GCTaskThread "GC Thread#2" [stack: 0x000000a189500000,0x000000a189600000] [id=12932]
  0x0000023826b1de30 GCTaskThread "GC Thread#3" [stack: 0x000000a189600000,0x000000a189700000] [id=6784]
  0x0000023826b20930 GCTaskThread "GC Thread#4" [stack: 0x000000a189700000,0x000000a189800000] [id=26088]
  0x0000023826b1ee50 GCTaskThread "GC Thread#5" [stack: 0x000000a189800000,0x000000a189900000] [id=2344]
  0x0000023826b1f660 GCTaskThread "GC Thread#6" [stack: 0x000000a189900000,0x000000a189a00000] [id=20272]
  0x000002382e4e5250 GCTaskThread "GC Thread#7" [stack: 0x000000a18a300000,0x000000a18a400000] [id=20412]
  0x000002387f7da450 ConcurrentGCThread "G1 Main Marker" [stack: 0x000000a187800000,0x000000a187900000] [id=6388]
  0x000002387f7db600 ConcurrentGCThread "G1 Conc#0" [stack: 0x000000a187900000,0x000000a187a00000] [id=25176]
  0x0000023822b620c0 ConcurrentGCThread "G1 Refine#0" [stack: 0x000000a187a00000,0x000000a187b00000] [id=14800]
  0x000002382e6c9830 ConcurrentGCThread "G1 Refine#1" [stack: 0x000000a18a400000,0x000000a18a500000] [id=18796]
  0x000002382e64aca0 ConcurrentGCThread "G1 Refine#2" [stack: 0x000000a18a500000,0x000000a18a600000] [id=20880]
  0x000002382e923cc0 ConcurrentGCThread "G1 Refine#3" [stack: 0x000000a18a600000,0x000000a18a700000] [id=4724]
  0x000002382e657e70 ConcurrentGCThread "G1 Refine#4" [stack: 0x000000a18a700000,0x000000a18a800000] [id=21704]
  0x000002382eaf21e0 ConcurrentGCThread "G1 Refine#5" [stack: 0x000000a18a800000,0x000000a18a900000] [id=16712]
  0x0000023822b629e0 ConcurrentGCThread "G1 Service" [stack: 0x000000a187b00000,0x000000a187c00000] [id=23140]

Threads with active compile tasks:

VM state: not at safepoint (normal execution)

VM Mutex/Monitor currently owned by a thread: None

Heap address: 0x000000070a000000, size: 3936 MB, Compressed Oops mode: Zero based, Oop shift amount: 3

CDS archive(s) mapped at: [0x0000000800000000-0x0000000800bc0000-0x0000000800bc0000), size 12320768, SharedBaseAddress: 0x0000000800000000, ArchiveRelocationMode: 0.
Compressed class space mapped at: 0x0000000800c00000-0x0000000840c00000, reserved size: 1073741824
Narrow klass base: 0x0000000800000000, Narrow klass shift: 0, Narrow klass range: 0x100000000

GC Precious Log:
 CPUs: 16 total, 16 available
 Memory: 15741M
 Large Page Support: Disabled
 NUMA Support: Disabled
 Compressed Oops: Enabled (Zero based)
 Heap Region Size: 2M
 Heap Min Capacity: 8M
 Heap Initial Capacity: 246M
 Heap Max Capacity: 3936M
 Pre-touch: Disabled
 Parallel Workers: 13
 Concurrent Workers: 3
 Concurrent Refinement Workers: 13
 Periodic GC: Disabled

Heap:
 garbage-first heap   total 251904K, used 64889K [0x000000070a000000, 0x0000000800000000)
  region size 2048K, 22 young (45056K), 1 survivors (2048K)
 Metaspace       used 9933K, committed 10048K, reserved 1064960K
  class space    used 677K, committed 704K, reserved 1048576K

Heap Regions: E=young(eden), S=young(survivor), O=old, HS=humongous(starts), HC=humongous(continues), CS=collection set, F=free, OA=open archive, CA=closed archive, TAMS=top-at-mark-start (previous, next)
|   0|0x000000070a000000, 0x000000070a200000, 0x000000070a200000|100%| O|  |TAMS 0x000000070a000000, 0x000000070a000000| Untracked 
|   1|0x000000070a200000, 0x000000070a400000, 0x000000070a400000|100%|HS|  |TAMS 0x000000070a200000, 0x000000070a200000| Complete 
|   2|0x000000070a400000, 0x000000070a600000, 0x000000070a600000|100%|HS|  |TAMS 0x000000070a400000, 0x000000070a400000| Complete 
|   3|0x000000070a600000, 0x000000070a800000, 0x000000070a800000|100%| O|  |TAMS 0x000000070a600000, 0x000000070a600000| Untracked 
|   4|0x000000070a800000, 0x000000070aa00000, 0x000000070aa00000|100%| O|  |TAMS 0x000000070a800000, 0x000000070a800000| Untracked 
|   5|0x000000070aa00000, 0x000000070ac00000, 0x000000070ac00000|100%| O|  |TAMS 0x000000070aa00000, 0x000000070aa00000| Untracked 
|   6|0x000000070ac00000, 0x000000070ae00000, 0x000000070ae00000|100%| O|  |TAMS 0x000000070ac00000, 0x000000070ac00000| Untracked 
|   7|0x000000070ae00000, 0x000000070b000000, 0x000000070b000000|100%| O|  |TAMS 0x000000070ae00000, 0x000000070ae00000| Untracked 
|   8|0x000000070b000000, 0x000000070b200000, 0x000000070b200000|100%| O|  |TAMS 0x000000070b000000, 0x000000070b000000| Untracked 
|   9|0x000000070b200000, 0x000000070b400000, 0x000000070b400000|100%| O|  |TAMS 0x000000070b200000, 0x000000070b200000| Untracked 
|  10|0x000000070b400000, 0x000000070b588800, 0x000000070b600000| 76%| O|  |TAMS 0x000000070b400000, 0x000000070b400000| Untracked 
|  11|0x000000070b600000, 0x000000070b600000, 0x000000070b800000|  0%| F|  |TAMS 0x000000070b600000, 0x000000070b600000| Untracked 
|  12|0x000000070b800000, 0x000000070b800000, 0x000000070ba00000|  0%| F|  |TAMS 0x000000070b800000, 0x000000070b800000| Untracked 
|  13|0x000000070ba00000, 0x000000070ba00000, 0x000000070bc00000|  0%| F|  |TAMS 0x000000070ba00000, 0x000000070ba00000| Untracked 
|  14|0x000000070bc00000, 0x000000070bc00000, 0x000000070be00000|  0%| F|  |TAMS 0x000000070bc00000, 0x000000070bc00000| Untracked 
|  15|0x000000070be00000, 0x000000070be00000, 0x000000070c000000|  0%| F|  |TAMS 0x000000070be00000, 0x000000070be00000| Untracked 
|  16|0x000000070c000000, 0x000000070c000000, 0x000000070c200000|  0%| F|  |TAMS 0x000000070c000000, 0x000000070c000000| Untracked 
|  17|0x000000070c200000, 0x000000070c200000, 0x000000070c400000|  0%| F|  |TAMS 0x000000070c200000, 0x000000070c200000| Untracked 
|  18|0x000000070c400000, 0x000000070c400000, 0x000000070c600000|  0%| F|  |TAMS 0x000000070c400000, 0x000000070c400000| Untracked 
|  19|0x000000070c600000, 0x000000070c600000, 0x000000070c800000|  0%| F|  |TAMS 0x000000070c600000, 0x000000070c600000| Untracked 
|  20|0x000000070c800000, 0x000000070c800000, 0x000000070ca00000|  0%| F|  |TAMS 0x000000070c800000, 0x000000070c800000| Untracked 
|  21|0x000000070ca00000, 0x000000070ca00000, 0x000000070cc00000|  0%| F|  |TAMS 0x000000070ca00000, 0x000000070ca00000| Untracked 
|  22|0x000000070cc00000, 0x000000070cc00000, 0x000000070ce00000|  0%| F|  |TAMS 0x000000070cc00000, 0x000000070cc00000| Untracked 
|  23|0x000000070ce00000, 0x000000070ce00000, 0x000000070d000000|  0%| F|  |TAMS 0x000000070ce00000, 0x000000070ce00000| Untracked 
|  24|0x000000070d000000, 0x000000070d000000, 0x000000070d200000|  0%| F|  |TAMS 0x000000070d000000, 0x000000070d000000| Untracked 
|  25|0x000000070d200000, 0x000000070d200000, 0x000000070d400000|  0%| F|  |TAMS 0x000000070d200000, 0x000000070d200000| Untracked 
|  26|0x000000070d400000, 0x000000070d400000, 0x000000070d600000|  0%| F|  |TAMS 0x000000070d400000, 0x000000070d400000| Untracked 
|  27|0x000000070d600000, 0x000000070d600000, 0x000000070d800000|  0%| F|  |TAMS 0x000000070d600000, 0x000000070d600000| Untracked 
|  28|0x000000070d800000, 0x000000070d800000, 0x000000070da00000|  0%| F|  |TAMS 0x000000070d800000, 0x000000070d800000| Untracked 
|  29|0x000000070da00000, 0x000000070da00000, 0x000000070dc00000|  0%| F|  |TAMS 0x000000070da00000, 0x000000070da00000| Untracked 
|  30|0x000000070dc00000, 0x000000070dc00000, 0x000000070de00000|  0%| F|  |TAMS 0x000000070dc00000, 0x000000070dc00000| Untracked 
|  31|0x000000070de00000, 0x000000070de00000, 0x000000070e000000|  0%| F|  |TAMS 0x000000070de00000, 0x000000070de00000| Untracked 
|  32|0x000000070e000000, 0x000000070e000000, 0x000000070e200000|  0%| F|  |TAMS 0x000000070e000000, 0x000000070e000000| Untracked 
|  33|0x000000070e200000, 0x000000070e200000, 0x000000070e400000|  0%| F|  |TAMS 0x000000070e200000, 0x000000070e200000| Untracked 
|  34|0x000000070e400000, 0x000000070e400000, 0x000000070e600000|  0%| F|  |TAMS 0x000000070e400000, 0x000000070e400000| Untracked 
|  35|0x000000070e600000, 0x000000070e600000, 0x000000070e800000|  0%| F|  |TAMS 0x000000070e600000, 0x000000070e600000| Untracked 
|  36|0x000000070e800000, 0x000000070e800000, 0x000000070ea00000|  0%| F|  |TAMS 0x000000070e800000, 0x000000070e800000| Untracked 
|  37|0x000000070ea00000, 0x000000070ea00000, 0x000000070ec00000|  0%| F|  |TAMS 0x000000070ea00000, 0x000000070ea00000| Untracked 
|  38|0x000000070ec00000, 0x000000070ec00000, 0x000000070ee00000|  0%| F|  |TAMS 0x000000070ec00000, 0x000000070ec00000| Untracked 
|  39|0x000000070ee00000, 0x000000070ee00000, 0x000000070f000000|  0%| F|  |TAMS 0x000000070ee00000, 0x000000070ee00000| Untracked 
|  40|0x000000070f000000, 0x000000070f000000, 0x000000070f200000|  0%| F|  |TAMS 0x000000070f000000, 0x000000070f000000| Untracked 
|  41|0x000000070f200000, 0x000000070f200000, 0x000000070f400000|  0%| F|  |TAMS 0x000000070f200000, 0x000000070f200000| Untracked 
|  42|0x000000070f400000, 0x000000070f400000, 0x000000070f600000|  0%| F|  |TAMS 0x000000070f400000, 0x000000070f400000| Untracked 
|  43|0x000000070f600000, 0x000000070f600000, 0x000000070f800000|  0%| F|  |TAMS 0x000000070f600000, 0x000000070f600000| Untracked 
|  44|0x000000070f800000, 0x000000070f800000, 0x000000070fa00000|  0%| F|  |TAMS 0x000000070f800000, 0x000000070f800000| Untracked 
|  45|0x000000070fa00000, 0x000000070fa00000, 0x000000070fc00000|  0%| F|  |TAMS 0x000000070fa00000, 0x000000070fa00000| Untracked 
|  46|0x000000070fc00000, 0x000000070fc00000, 0x000000070fe00000|  0%| F|  |TAMS 0x000000070fc00000, 0x000000070fc00000| Untracked 
|  47|0x000000070fe00000, 0x000000070fe00000, 0x0000000710000000|  0%| F|  |TAMS 0x000000070fe00000, 0x000000070fe00000| Untracked 
|  48|0x0000000710000000, 0x0000000710000000, 0x0000000710200000|  0%| F|  |TAMS 0x0000000710000000, 0x0000000710000000| Untracked 
|  49|0x0000000710200000, 0x0000000710200000, 0x0000000710400000|  0%| F|  |TAMS 0x0000000710200000, 0x0000000710200000| Untracked 
|  50|0x0000000710400000, 0x0000000710400000, 0x0000000710600000|  0%| F|  |TAMS 0x0000000710400000, 0x0000000710400000| Untracked 
|  51|0x0000000710600000, 0x0000000710600000, 0x0000000710800000|  0%| F|  |TAMS 0x0000000710600000, 0x0000000710600000| Untracked 
|  52|0x0000000710800000, 0x0000000710800000, 0x0000000710a00000|  0%| F|  |TAMS 0x0000000710800000, 0x0000000710800000| Untracked 
|  53|0x0000000710a00000, 0x0000000710a00000, 0x0000000710c00000|  0%| F|  |TAMS 0x0000000710a00000, 0x0000000710a00000| Untracked 
|  54|0x0000000710c00000, 0x0000000710c00000, 0x0000000710e00000|  0%| F|  |TAMS 0x0000000710c00000, 0x0000000710c00000| Untracked 
|  55|0x0000000710e00000, 0x0000000710e00000, 0x0000000711000000|  0%| F|  |TAMS 0x0000000710e00000, 0x0000000710e00000| Untracked 
|  56|0x0000000711000000, 0x0000000711000000, 0x0000000711200000|  0%| F|  |TAMS 0x0000000711000000, 0x0000000711000000| Untracked 
|  57|0x0000000711200000, 0x0000000711200000, 0x0000000711400000|  0%| F|  |TAMS 0x0000000711200000, 0x0000000711200000| Untracked 
|  58|0x0000000711400000, 0x0000000711400000, 0x0000000711600000|  0%| F|  |TAMS 0x0000000711400000, 0x0000000711400000| Untracked 
|  59|0x0000000711600000, 0x0000000711600000, 0x0000000711800000|  0%| F|  |TAMS 0x0000000711600000, 0x0000000711600000| Untracked 
|  60|0x0000000711800000, 0x0000000711800000, 0x0000000711a00000|  0%| F|  |TAMS 0x0000000711800000, 0x0000000711800000| Untracked 
|  61|0x0000000711a00000, 0x0000000711a00000, 0x0000000711c00000|  0%| F|  |TAMS 0x0000000711a00000, 0x0000000711a00000| Untracked 
|  62|0x0000000711c00000, 0x0000000711c00000, 0x0000000711e00000|  0%| F|  |TAMS 0x0000000711c00000, 0x0000000711c00000| Untracked 
|  63|0x0000000711e00000, 0x0000000711e00000, 0x0000000712000000|  0%| F|  |TAMS 0x0000000711e00000, 0x0000000711e00000| Untracked 
|  64|0x0000000712000000, 0x0000000712000000, 0x0000000712200000|  0%| F|  |TAMS 0x0000000712000000, 0x0000000712000000| Untracked 
|  65|0x0000000712200000, 0x0000000712200000, 0x0000000712400000|  0%| F|  |TAMS 0x0000000712200000, 0x0000000712200000| Untracked 
|  66|0x0000000712400000, 0x0000000712400000, 0x0000000712600000|  0%| F|  |TAMS 0x0000000712400000, 0x0000000712400000| Untracked 
|  67|0x0000000712600000, 0x0000000712600000, 0x0000000712800000|  0%| F|  |TAMS 0x0000000712600000, 0x0000000712600000| Untracked 
|  68|0x0000000712800000, 0x0000000712800000, 0x0000000712a00000|  0%| F|  |TAMS 0x0000000712800000, 0x0000000712800000| Untracked 
|  69|0x0000000712a00000, 0x0000000712a00000, 0x0000000712c00000|  0%| F|  |TAMS 0x0000000712a00000, 0x0000000712a00000| Untracked 
|  70|0x0000000712c00000, 0x0000000712c00000, 0x0000000712e00000|  0%| F|  |TAMS 0x0000000712c00000, 0x0000000712c00000| Untracked 
|  71|0x0000000712e00000, 0x0000000712e00000, 0x0000000713000000|  0%| F|  |TAMS 0x0000000712e00000, 0x0000000712e00000| Untracked 
|  72|0x0000000713000000, 0x0000000713000000, 0x0000000713200000|  0%| F|  |TAMS 0x0000000713000000, 0x0000000713000000| Untracked 
|  73|0x0000000713200000, 0x0000000713200000, 0x0000000713400000|  0%| F|  |TAMS 0x0000000713200000, 0x0000000713200000| Untracked 
|  74|0x0000000713400000, 0x0000000713400000, 0x0000000713600000|  0%| F|  |TAMS 0x0000000713400000, 0x0000000713400000| Untracked 
|  75|0x0000000713600000, 0x0000000713600000, 0x0000000713800000|  0%| F|  |TAMS 0x0000000713600000, 0x0000000713600000| Untracked 
|  76|0x0000000713800000, 0x0000000713800000, 0x0000000713a00000|  0%| F|  |TAMS 0x0000000713800000, 0x0000000713800000| Untracked 
|  77|0x0000000713a00000, 0x0000000713a00000, 0x0000000713c00000|  0%| F|  |TAMS 0x0000000713a00000, 0x0000000713a00000| Untracked 
|  78|0x0000000713c00000, 0x0000000713c00000, 0x0000000713e00000|  0%| F|  |TAMS 0x0000000713c00000, 0x0000000713c00000| Untracked 
|  79|0x0000000713e00000, 0x0000000713e00000, 0x0000000714000000|  0%| F|  |TAMS 0x0000000713e00000, 0x0000000713e00000| Untracked 
|  80|0x0000000714000000, 0x0000000714000000, 0x0000000714200000|  0%| F|  |TAMS 0x0000000714000000, 0x0000000714000000| Untracked 
|  81|0x0000000714200000, 0x0000000714200000, 0x0000000714400000|  0%| F|  |TAMS 0x0000000714200000, 0x0000000714200000| Untracked 
|  82|0x0000000714400000, 0x0000000714400000, 0x0000000714600000|  0%| F|  |TAMS 0x0000000714400000, 0x0000000714400000| Untracked 
|  83|0x0000000714600000, 0x0000000714600000, 0x0000000714800000|  0%| F|  |TAMS 0x0000000714600000, 0x0000000714600000| Untracked 
|  84|0x0000000714800000, 0x0000000714800000, 0x0000000714a00000|  0%| F|  |TAMS 0x0000000714800000, 0x0000000714800000| Untracked 
|  85|0x0000000714a00000, 0x0000000714a00000, 0x0000000714c00000|  0%| F|  |TAMS 0x0000000714a00000, 0x0000000714a00000| Untracked 
|  86|0x0000000714c00000, 0x0000000714c00000, 0x0000000714e00000|  0%| F|  |TAMS 0x0000000714c00000, 0x0000000714c00000| Untracked 
|  87|0x0000000714e00000, 0x0000000714e00000, 0x0000000715000000|  0%| F|  |TAMS 0x0000000714e00000, 0x0000000714e00000| Untracked 
|  88|0x0000000715000000, 0x0000000715000000, 0x0000000715200000|  0%| F|  |TAMS 0x0000000715000000, 0x0000000715000000| Untracked 
|  89|0x0000000715200000, 0x0000000715200000, 0x0000000715400000|  0%| F|  |TAMS 0x0000000715200000, 0x0000000715200000| Untracked 
|  90|0x0000000715400000, 0x0000000715400000, 0x0000000715600000|  0%| F|  |TAMS 0x0000000715400000, 0x0000000715400000| Untracked 
|  91|0x0000000715600000, 0x0000000715600000, 0x0000000715800000|  0%| F|  |TAMS 0x0000000715600000, 0x0000000715600000| Untracked 
|  92|0x0000000715800000, 0x0000000715800000, 0x0000000715a00000|  0%| F|  |TAMS 0x0000000715800000, 0x0000000715800000| Untracked 
|  93|0x0000000715a00000, 0x0000000715a00000, 0x0000000715c00000|  0%| F|  |TAMS 0x0000000715a00000, 0x0000000715a00000| Untracked 
|  94|0x0000000715c00000, 0x0000000715c00000, 0x0000000715e00000|  0%| F|  |TAMS 0x0000000715c00000, 0x0000000715c00000| Untracked 
|  95|0x0000000715e00000, 0x0000000715e00000, 0x0000000716000000|  0%| F|  |TAMS 0x0000000715e00000, 0x0000000715e00000| Untracked 
|  96|0x0000000716000000, 0x0000000716000000, 0x0000000716200000|  0%| F|  |TAMS 0x0000000716000000, 0x0000000716000000| Untracked 
|  97|0x0000000716200000, 0x0000000716200000, 0x0000000716400000|  0%| F|  |TAMS 0x0000000716200000, 0x0000000716200000| Untracked 
|  98|0x0000000716400000, 0x0000000716400000, 0x0000000716600000|  0%| F|  |TAMS 0x0000000716400000, 0x0000000716400000| Untracked 
|  99|0x0000000716600000, 0x0000000716600000, 0x0000000716800000|  0%| F|  |TAMS 0x0000000716600000, 0x0000000716600000| Untracked 
| 100|0x0000000716800000, 0x0000000716800000, 0x0000000716a00000|  0%| F|  |TAMS 0x0000000716800000, 0x0000000716800000| Untracked 
| 101|0x0000000716a00000, 0x0000000716b05a28, 0x0000000716c00000| 51%| E|  |TAMS 0x0000000716a00000, 0x0000000716a00000| Complete 
| 102|0x0000000716c00000, 0x0000000716e00000, 0x0000000716e00000|100%| E|CS|TAMS 0x0000000716c00000, 0x0000000716c00000| Complete 
| 103|0x0000000716e00000, 0x0000000717000000, 0x0000000717000000|100%| E|CS|TAMS 0x0000000716e00000, 0x0000000716e00000| Complete 
| 104|0x0000000717000000, 0x0000000717200000, 0x0000000717200000|100%| E|CS|TAMS 0x0000000717000000, 0x0000000717000000| Complete 
| 105|0x0000000717200000, 0x0000000717400000, 0x0000000717400000|100%| E|CS|TAMS 0x0000000717200000, 0x0000000717200000| Complete 
| 106|0x0000000717400000, 0x0000000717600000, 0x0000000717600000|100%| E|CS|TAMS 0x0000000717400000, 0x0000000717400000| Complete 
| 107|0x0000000717600000, 0x0000000717800000, 0x0000000717800000|100%| E|CS|TAMS 0x0000000717600000, 0x0000000717600000| Complete 
| 108|0x0000000717800000, 0x0000000717a00000, 0x0000000717a00000|100%| E|CS|TAMS 0x0000000717800000, 0x0000000717800000| Complete 
| 109|0x0000000717a00000, 0x0000000717c00000, 0x0000000717c00000|100%| E|CS|TAMS 0x0000000717a00000, 0x0000000717a00000| Complete 
| 110|0x0000000717c00000, 0x0000000717e00000, 0x0000000717e00000|100%| E|CS|TAMS 0x0000000717c00000, 0x0000000717c00000| Complete 
| 111|0x0000000717e00000, 0x0000000718000000, 0x0000000718000000|100%| E|CS|TAMS 0x0000000717e00000, 0x0000000717e00000| Complete 
| 112|0x0000000718000000, 0x0000000718200000, 0x0000000718200000|100%| E|CS|TAMS 0x0000000718000000, 0x0000000718000000| Complete 
| 113|0x0000000718200000, 0x0000000718400000, 0x0000000718400000|100%| E|CS|TAMS 0x0000000718200000, 0x0000000718200000| Complete 
| 114|0x0000000718400000, 0x0000000718600000, 0x0000000718600000|100%| E|CS|TAMS 0x0000000718400000, 0x0000000718400000| Complete 
| 115|0x0000000718600000, 0x0000000718800000, 0x0000000718800000|100%| E|CS|TAMS 0x0000000718600000, 0x0000000718600000| Complete 
| 116|0x0000000718800000, 0x0000000718a00000, 0x0000000718a00000|100%| E|CS|TAMS 0x0000000718800000, 0x0000000718800000| Complete 
| 117|0x0000000718a00000, 0x0000000718c00000, 0x0000000718c00000|100%| E|CS|TAMS 0x0000000718a00000, 0x0000000718a00000| Complete 
| 118|0x0000000718c00000, 0x0000000718e00000, 0x0000000718e00000|100%| E|CS|TAMS 0x0000000718c00000, 0x0000000718c00000| Complete 
| 119|0x0000000718e00000, 0x0000000718fd5e20, 0x0000000719000000| 91%| S|CS|TAMS 0x0000000718e00000, 0x0000000718e00000| Complete 
| 120|0x0000000719000000, 0x0000000719200000, 0x0000000719200000|100%| E|CS|TAMS 0x0000000719000000, 0x0000000719000000| Complete 
| 121|0x0000000719200000, 0x0000000719400000, 0x0000000719400000|100%| E|CS|TAMS 0x0000000719200000, 0x0000000719200000| Complete 
| 122|0x0000000719400000, 0x0000000719600000, 0x0000000719600000|100%| E|CS|TAMS 0x0000000719400000, 0x0000000719400000| Complete 

Card table byte_map: [0x00000238172b0000,0x0000023817a60000] _byte_map_base: 0x0000023813a60000

Marking Bits (Prev, Next): (CMBitMap*) 0x000002387f7ca520, (CMBitMap*) 0x000002387f7ca560
 Prev Bits: [0x0000023818210000, 0x000002381bf90000)
 Next Bits: [0x000002381bf90000, 0x000002381fd10000)

Polling page: 0x000002387d6b0000

Metaspace:

Usage:
  Non-class:      9.04 MB used.
      Class:    677.04 KB used.
       Both:      9.70 MB used.

Virtual space:
  Non-class space:       16.00 MB reserved,       9.12 MB ( 57%) committed,  2 nodes.
      Class space:        1.00 GB reserved,     704.00 KB ( <1%) committed,  1 nodes.
             Both:        1.02 GB reserved,       9.81 MB ( <1%) committed. 

Chunk freelists:
   Non-Class:  672.00 KB
       Class:  3.19 MB
        Both:  3.84 MB

MaxMetaspaceSize: unlimited
CompressedClassSpaceSize: 1.00 GB
Initial GC threshold: 21.00 MB
Current GC threshold: 21.00 MB
CDS: on
MetaspaceReclaimPolicy: balanced
 - commit_granule_bytes: 65536.
 - commit_granule_words: 8192.
 - virtual_space_node_default_size: 1048576.
 - enlarge_chunks_in_place: 1.
 - new_chunks_are_fully_committed: 0.
 - uncommit_free_chunks: 1.
 - use_allocation_guard: 0.
 - handle_deallocations: 1.


Internal statistics:

num_allocs_failed_limit: 0.
num_arena_births: 44.
num_arena_deaths: 0.
num_vsnodes_births: 3.
num_vsnodes_deaths: 0.
num_space_committed: 155.
num_space_uncommitted: 0.
num_chunks_returned_to_freelist: 0.
num_chunks_taken_from_freelist: 321.
num_chunk_merges: 0.
num_chunk_splits: 273.
num_chunks_enlarged: 249.
num_purges: 0.
num_inconsistent_stats: 0.

CodeHeap 'non-profiled nmethods': size=119168Kb used=1467Kb max_used=1467Kb free=117700Kb
 bounds [0x000002380f590000, 0x000002380f800000, 0x00000238169f0000]
CodeHeap 'profiled nmethods': size=119104Kb used=3969Kb max_used=3969Kb free=115134Kb
 bounds [0x0000023808140000, 0x0000023808530000, 0x000002380f590000]
CodeHeap 'non-nmethods': size=7488Kb used=2780Kb max_used=3395Kb free=4707Kb
 bounds [0x00000238079f0000, 0x0000023807d50000, 0x0000023808140000]
 total_blobs=3273 nmethods=2174 adapters=1010
 compilation: enabled
              stopped_count=0, restarted_count=0
 full_count=0

Compilation events (20 events):
Event: 7.667 Thread 0x0000023822ce8020 nmethod 2166 0x0000023808518990 code [0x0000023808518b40, 0x0000023808518d68]
Event: 7.667 Thread 0x0000023823925a60 nmethod 2167 0x0000023808518e90 code [0x0000023808519060, 0x00000238085192e8]
Event: 7.667 Thread 0x000002382e564e00 nmethod 2168 0x0000023808519410 code [0x00000238085195e0, 0x0000023808519928]
Event: 7.667 Thread 0x0000023823925a60 2169       3       java.lang.AbstractStringBuilder::append (67 bytes)
Event: 7.667 Thread 0x0000023822ce8020 2170       3       java.lang.AbstractStringBuilder::getBytes (44 bytes)
Event: 7.667 Thread 0x00000238239142b0 nmethod 2165 0x0000023808519b10 code [0x0000023808519d60, 0x000002380851a578]
Event: 7.667 Thread 0x0000023822ce8020 nmethod 2170 0x000002380851a910 code [0x000002380851aac0, 0x000002380851ad78]
Event: 7.668 Thread 0x0000023823925a60 nmethod 2169 0x000002380851ae10 code [0x000002380851b000, 0x000002380851b4d8]
Event: 7.736 Thread 0x0000023822ce7670 2171       4       java.nio.ShortBuffer::limit (6 bytes)
Event: 7.737 Thread 0x0000023822ce7670 nmethod 2171 0x000002380f6fe190 code [0x000002380f6fe300, 0x000002380f6fe3f8]
Event: 7.737 Thread 0x0000023822ce7670 2172       4       java.lang.Object::equals (11 bytes)
Event: 7.737 Thread 0x0000023822ce7670 nmethod 2172 0x000002380f6fe510 code [0x000002380f6fe680, 0x000002380f6fe718]
Event: 7.767 Thread 0x0000023822ce7670 2173       4       com.badlogic.gdx.utils.Pool::obtain (25 bytes)
Event: 7.768 Thread 0x0000023822ce7670 nmethod 2173 0x000002380f6fe810 code [0x000002380f6fe9a0, 0x000002380f6feb38]
Event: 7.783 Thread 0x0000023822ce8020 2174       3       com.badlogic.gdx.backends.lwjgl3.Sync$RunningAvg::dampenForLowResTicker (42 bytes)
Event: 7.783 Thread 0x0000023822ce8020 nmethod 2174 0x000002380851b690 code [0x000002380851b860, 0x000002380851bae8]
Event: 7.918 Thread 0x0000023823925a60 2175       3       com.badlogic.gdx.graphics.g3d.utils.DefaultTextureBinder::begin (38 bytes)
Event: 7.918 Thread 0x0000023823925a60 nmethod 2175 0x000002380851bc10 code [0x000002380851bdc0, 0x000002380851c1b8]
Event: 8.208 Thread 0x00000238239142b0 2176       3       java.util.Formatter::parse (216 bytes)
Event: 8.210 Thread 0x00000238239142b0 nmethod 2176 0x000002380851c310 code [0x000002380851c800, 0x000002380851f348]

GC Heap History (6 events):
Event: 2.222 GC heap before
{Heap before GC invocations=0 (full 0):
 garbage-first heap   total 251904K, used 22528K [0x000000070a000000, 0x0000000800000000)
  region size 2048K, 11 young (22528K), 0 survivors (0K)
 Metaspace       used 7238K, committed 7360K, reserved 1064960K
  class space    used 444K, committed 512K, reserved 1048576K
}
Event: 2.224 GC heap after
{Heap after GC invocations=1 (full 0):
 garbage-first heap   total 251904K, used 2630K [0x000000070a000000, 0x0000000800000000)
  region size 2048K, 2 young (4096K), 2 survivors (4096K)
 Metaspace       used 7238K, committed 7360K, reserved 1064960K
  class space    used 444K, committed 512K, reserved 1048576K
}
Event: 4.461 GC heap before
{Heap before GC invocations=1 (full 0):
 garbage-first heap   total 251904K, used 41542K [0x000000070a000000, 0x0000000800000000)
  region size 2048K, 18 young (36864K), 2 survivors (4096K)
 Metaspace       used 9503K, committed 9664K, reserved 1064960K
  class space    used 653K, committed 704K, reserved 1048576K
}
Event: 4.470 GC heap after
{Heap after GC invocations=2 (full 0):
 garbage-first heap   total 251904K, used 21131K [0x000000070a000000, 0x0000000800000000)
  region size 2048K, 3 young (6144K), 3 survivors (6144K)
 Metaspace       used 9503K, committed 9664K, reserved 1064960K
  class space    used 653K, committed 704K, reserved 1048576K
}
Event: 4.818 GC heap before
{Heap before GC invocations=2 (full 0):
 garbage-first heap   total 251904K, used 27275K [0x000000070a000000, 0x0000000800000000)
  region size 2048K, 6 young (12288K), 3 survivors (6144K)
 Metaspace       used 9731K, committed 9856K, reserved 1064960K
  class space    used 675K, committed 704K, reserved 1048576K
}
Event: 4.823 GC heap after
{Heap after GC invocations=3 (full 0):
 garbage-first heap   total 251904K, used 23929K [0x000000070a000000, 0x0000000800000000)
  region size 2048K, 1 young (2048K), 1 survivors (2048K)
 Metaspace       used 9731K, committed 9856K, reserved 1064960K
  class space    used 675K, committed 704K, reserved 1048576K
}

Deoptimization events (20 events):
Event: 5.959 Thread 0x000002387f771780 DEOPT PACKING pc=0x000002380f6a63d0 sp=0x000000a1876fe790
Event: 5.959 Thread 0x000002387f771780 DEOPT UNPACKING pc=0x0000023807a423a3 sp=0x000000a1876fe7a8 mode 2
Event: 5.992 Thread 0x000002387f771780 DEOPT PACKING pc=0x00000238084d5808 sp=0x000000a1876fe8b0
Event: 5.992 Thread 0x000002387f771780 DEOPT UNPACKING pc=0x0000023807a42b43 sp=0x000000a1876fdd88 mode 0
Event: 5.992 Thread 0x000002387f771780 DEOPT PACKING pc=0x00000238084d5808 sp=0x000000a1876fe8b0
Event: 5.992 Thread 0x000002387f771780 DEOPT UNPACKING pc=0x0000023807a42b43 sp=0x000000a1876fdd88 mode 0
Event: 6.025 Thread 0x000002387f771780 DEOPT PACKING pc=0x00000238084da091 sp=0x000000a1876fe7a0
Event: 6.025 Thread 0x000002387f771780 DEOPT UNPACKING pc=0x0000023807a42b43 sp=0x000000a1876fdc98 mode 0
Event: 6.094 Thread 0x000002387f771780 DEOPT PACKING pc=0x00000238084da091 sp=0x000000a1876fe7a0
Event: 6.094 Thread 0x000002387f771780 DEOPT UNPACKING pc=0x0000023807a42b43 sp=0x000000a1876fdc98 mode 0
Event: 6.193 Thread 0x000002387f771780 DEOPT PACKING pc=0x00000238084da091 sp=0x000000a1876fe7a0
Event: 6.193 Thread 0x000002387f771780 DEOPT UNPACKING pc=0x0000023807a42b43 sp=0x000000a1876fdc98 mode 0
Event: 6.260 Thread 0x000002387f771780 DEOPT PACKING pc=0x00000238084da091 sp=0x000000a1876fe7a0
Event: 6.260 Thread 0x000002387f771780 DEOPT UNPACKING pc=0x0000023807a42b43 sp=0x000000a1876fdc98 mode 0
Event: 6.359 Thread 0x000002387f771780 DEOPT PACKING pc=0x00000238084da091 sp=0x000000a1876fe7a0
Event: 6.359 Thread 0x000002387f771780 DEOPT UNPACKING pc=0x0000023807a42b43 sp=0x000000a1876fdc98 mode 0
Event: 6.451 Thread 0x000002387f771780 DEOPT PACKING pc=0x00000238084cd805 sp=0x000000a1876fe770
Event: 6.451 Thread 0x000002387f771780 DEOPT UNPACKING pc=0x0000023807a42b43 sp=0x000000a1876fdc70 mode 0
Event: 6.567 Thread 0x000002387f771780 DEOPT PACKING pc=0x000002380833d724 sp=0x000000a1876fea40
Event: 6.567 Thread 0x000002387f771780 DEOPT UNPACKING pc=0x0000023807a42b43 sp=0x000000a1876fdfa8 mode 0

Classes unloaded (0 events):
No events

Classes redefined (0 events):
No events

Internal exceptions (19 events):
Event: 0.146 Thread 0x000002387f771780 Exception <a 'java/lang/NoSuchMethodError'{0x00000007191c4168}: 'java.lang.Object java.lang.invoke.DirectMethodHandle$Holder.invokeStaticInit(java.lang.Object)'> (0x00000007191c4168) 
thrown [e:\jenkins\tmp\workspace\build\src\src\hotspot\share\interpreter\linkResolver.cpp, line 766]
Event: 0.154 Thread 0x000002387f771780 Exception <a 'java/lang/NoSuchMethodError'{0x0000000718e26338}: 'void java.lang.invoke.DirectMethodHandle$Holder.invokeStatic(java.lang.Object, java.lang.Object)'> (0x0000000718e26338) 
thrown [e:\jenkins\tmp\workspace\build\src\src\hotspot\share\interpreter\linkResolver.cpp, line 766]
Event: 0.155 Thread 0x000002387f771780 Exception <a 'java/lang/NoSuchMethodError'{0x0000000718e2bb80}: 'void java.lang.invoke.DirectMethodHandle$Holder.invokeSpecial(java.lang.Object, java.lang.Object, java.lang.Object)'> (0x0000000718e2bb80) 
thrown [e:\jenkins\tmp\workspace\build\src\src\hotspot\share\interpreter\linkResolver.cpp, line 766]
Event: 0.157 Thread 0x000002387f771780 Exception <a 'java/lang/NoSuchMethodError'{0x0000000718e3ef08}: 'java.lang.Object java.lang.invoke.DirectMethodHandle$Holder.invokeStatic(java.lang.Object, java.lang.Object, int)'> (0x0000000718e3ef08) 
thrown [e:\jenkins\tmp\workspace\build\src\src\hotspot\share\interpreter\linkResolver.cpp, line 766]
Event: 0.158 Thread 0x000002387f771780 Exception <a 'java/lang/NoSuchMethodError'{0x0000000718e4ac78}: 'void java.lang.invoke.DelegatingMethodHandle$Holder.delegate(java.lang.Object, java.lang.Object, int, java.lang.Object)'> (0x0000000718e4ac78) 
thrown [e:\jenkins\tmp\workspace\build\src\src\hotspot\share\interpreter\linkResolver.cpp, line 766]
Event: 0.158 Thread 0x000002387f771780 Exception <a 'java/lang/NoSuchMethodError'{0x0000000718e4eeb8}: 'int java.lang.invoke.DirectMethodHandle$Holder.invokeSpecial(java.lang.Object, java.lang.Object, java.lang.Object)'> (0x0000000718e4eeb8) 
thrown [e:\jenkins\tmp\workspace\build\src\src\hotspot\share\interpreter\linkResolver.cpp, line 766]
Event: 0.182 Thread 0x000002387f771780 Exception <a 'sun/nio/fs/WindowsException'{0x0000000718ef5ad8}> (0x0000000718ef5ad8) 
thrown [e:\jenkins\tmp\workspace\build\src\src\hotspot\share\prims\jni.cpp, line 516]
Event: 0.182 Thread 0x000002387f771780 Exception <a 'sun/nio/fs/WindowsException'{0x0000000718ef6030}> (0x0000000718ef6030) 
thrown [e:\jenkins\tmp\workspace\build\src\src\hotspot\share\prims\jni.cpp, line 516]
Event: 0.204 Thread 0x000002387f771780 Exception <a 'sun/nio/fs/WindowsException'{0x0000000718fe6338}> (0x0000000718fe6338) 
thrown [e:\jenkins\tmp\workspace\build\src\src\hotspot\share\prims\jni.cpp, line 516]
Event: 0.204 Thread 0x000002387f771780 Exception <a 'sun/nio/fs/WindowsException'{0x0000000718fe66d8}> (0x0000000718fe66d8) 
thrown [e:\jenkins\tmp\workspace\build\src\src\hotspot\share\prims\jni.cpp, line 516]
Event: 0.219 Thread 0x000002387f771780 Exception <a 'sun/nio/fs/WindowsException'{0x0000000718c94b08}> (0x0000000718c94b08) 
thrown [e:\jenkins\tmp\workspace\build\src\src\hotspot\share\prims\jni.cpp, line 516]
Event: 0.220 Thread 0x000002387f771780 Exception <a 'sun/nio/fs/WindowsException'{0x0000000718c94e78}> (0x0000000718c94e78) 
thrown [e:\jenkins\tmp\workspace\build\src\src\hotspot\share\prims\jni.cpp, line 516]
Event: 0.254 Thread 0x000002387f771780 Exception <a 'sun/nio/fs/WindowsException'{0x0000000718d19af0}> (0x0000000718d19af0) 
thrown [e:\jenkins\tmp\workspace\build\src\src\hotspot\share\prims\jni.cpp, line 516]
Event: 0.254 Thread 0x000002387f771780 Exception <a 'sun/nio/fs/WindowsException'{0x0000000718d19e78}> (0x0000000718d19e78) 
thrown [e:\jenkins\tmp\workspace\build\src\src\hotspot\share\prims\jni.cpp, line 516]
Event: 0.715 Thread 0x000002387f771780 Exception <a 'sun/nio/fs/WindowsException'{0x0000000718afcc28}> (0x0000000718afcc28) 
thrown [e:\jenkins\tmp\workspace\build\src\src\hotspot\share\prims\jni.cpp, line 516]
Event: 0.715 Thread 0x000002387f771780 Exception <a 'sun/nio/fs/WindowsException'{0x0000000718afcfd8}> (0x0000000718afcfd8) 
thrown [e:\jenkins\tmp\workspace\build\src\src\hotspot\share\prims\jni.cpp, line 516]
Event: 0.718 Thread 0x000002387f771780 Exception <a 'sun/nio/fs/WindowsException'{0x0000000718b09108}> (0x0000000718b09108) 
thrown [e:\jenkins\tmp\workspace\build\src\src\hotspot\share\prims\jni.cpp, line 516]
Event: 0.718 Thread 0x000002387f771780 Exception <a 'sun/nio/fs/WindowsException'{0x0000000718b093f0}> (0x0000000718b093f0) 
thrown [e:\jenkins\tmp\workspace\build\src\src\hotspot\share\prims\jni.cpp, line 516]
Event: 4.443 Thread 0x000002387f771780 Implicit null exception at 0x000002380f60163f to 0x000002380f60171c

VM Operations (20 events):
Event: 3.282 Executing VM operation: Cleanup
Event: 3.282 Executing VM operation: Cleanup done
Event: 4.283 Executing VM operation: Cleanup
Event: 4.283 Executing VM operation: Cleanup done
Event: 4.374 Executing VM operation: HandshakeAllThreads
Event: 4.374 Executing VM operation: HandshakeAllThreads done
Event: 4.390 Executing VM operation: HandshakeAllThreads
Event: 4.390 Executing VM operation: HandshakeAllThreads done
Event: 4.391 Executing VM operation: HandshakeAllThreads
Event: 4.391 Executing VM operation: HandshakeAllThreads done
Event: 4.461 Executing VM operation: G1CollectForAllocation
Event: 4.470 Executing VM operation: G1CollectForAllocation done
Event: 4.818 Executing VM operation: G1CollectForAllocation
Event: 4.823 Executing VM operation: G1CollectForAllocation done
Event: 5.823 Executing VM operation: Cleanup
Event: 5.823 Executing VM operation: Cleanup done
Event: 6.823 Executing VM operation: Cleanup
Event: 6.824 Executing VM operation: Cleanup done
Event: 7.824 Executing VM operation: Cleanup
Event: 7.825 Executing VM operation: Cleanup done

Events (20 events):
Event: 4.570 loading class jdk/internal/math/FormattedFloatingDecimal
Event: 4.570 loading class jdk/internal/math/FormattedFloatingDecimal done
Event: 4.570 loading class jdk/internal/math/FormattedFloatingDecimal$1
Event: 4.570 loading class jdk/internal/math/FormattedFloatingDecimal$1 done
Event: 4.570 loading class jdk/internal/math/FormattedFloatingDecimal$2
Event: 4.570 loading class jdk/internal/math/FormattedFloatingDecimal$2 done
Event: 4.585 Thread 0x00000238339ad990 Thread added: 0x00000238339ad990
Event: 4.642 Thread 0x0000023833fbc450 Thread added: 0x0000023833fbc450
Event: 4.642 Thread 0x0000023833bf20a0 Thread added: 0x0000023833bf20a0
Event: 4.642 Thread 0x0000023833bf25b0 Thread added: 0x0000023833bf25b0
Event: 4.934 Thread 0x0000023833bf25b0 Thread exited: 0x0000023833bf25b0
Event: 4.951 Thread 0x0000023833bf20a0 Thread exited: 0x0000023833bf20a0
Event: 4.971 Thread 0x0000023833fbc450 Thread exited: 0x0000023833fbc450
Event: 4.971 Thread 0x000002382e5f7bf0 Thread exited: 0x000002382e5f7bf0
Event: 4.992 Thread 0x000002382e5f6ac0 Thread exited: 0x000002382e5f6ac0
Event: 5.006 Thread 0x000002382e5d1060 Thread exited: 0x000002382e5d1060
Event: 5.220 Thread 0x000002382e5d0b50 Thread exited: 0x000002382e5d0b50
Event: 5.266 Thread 0x000002382e5f6ac0 Thread added: 0x000002382e5f6ac0
Event: 6.158 Thread 0x000002382e5f6ac0 Thread exited: 0x000002382e5f6ac0
Event: 8.208 Thread 0x000002382e564e00 Thread exited: 0x000002382e564e00


Dynamic libraries:
0x00007ff78f960000 - 0x00007ff78f96e000 	C:\Program Files\Eclipse Adoptium\jdk-17.0.1.12-hotspot\bin\java.exe
0x00007ffdc5cd0000 - 0x00007ffdc5ec5000 	C:\Windows\SYSTEM32\ntdll.dll
0x00007ffdc4060000 - 0x00007ffdc411d000 	C:\Windows\System32\KERNEL32.DLL
0x00007ffdc3720000 - 0x00007ffdc39ed000 	C:\Windows\System32\KERNELBASE.dll
0x00007ffdc33b0000 - 0x00007ffdc34b0000 	C:\Windows\System32\ucrtbase.dll
0x00007ffda1350000 - 0x00007ffda1369000 	C:\Program Files\Eclipse Adoptium\jdk-17.0.1.12-hotspot\bin\VCRUNTIME140.dll
0x00007ffd9d170000 - 0x00007ffd9d188000 	C:\Program Files\Eclipse Adoptium\jdk-17.0.1.12-hotspot\bin\jli.dll
0x00007ffdc5530000 - 0x00007ffdc56d0000 	C:\Windows\System32\USER32.dll
0x00007ffdc3c20000 - 0x00007ffdc3c42000 	C:\Windows\System32\win32u.dll
0x00007ffdad620000 - 0x00007ffdad8ba000 	C:\Windows\WinSxS\amd64_microsoft.windows.common-controls_6595b64144ccf1df_6.0.19041.1110_none_60b5254171f9507e\COMCTL32.dll
0x00007ffdc5bd0000 - 0x00007ffdc5bfa000 	C:\Windows\System32\GDI32.dll
0x00007ffdc5190000 - 0x00007ffdc522e000 	C:\Windows\System32\msvcrt.dll
0x00007ffdc3610000 - 0x00007ffdc371b000 	C:\Windows\System32\gdi32full.dll
0x00007ffdc39f0000 - 0x00007ffdc3a8d000 	C:\Windows\System32\msvcp_win.dll
0x00007ffdc4eb0000 - 0x00007ffdc4ee0000 	C:\Windows\System32\IMM32.DLL
0x00007ffdbee20000 - 0x00007ffdbee2c000 	C:\Program Files\Eclipse Adoptium\jdk-17.0.1.12-hotspot\bin\vcruntime140_1.dll
0x00007ffd63c00000 - 0x00007ffd63c91000 	C:\Program Files\Eclipse Adoptium\jdk-17.0.1.12-hotspot\bin\msvcp140.dll
0x00007ffd3e590000 - 0x00007ffd3f1d6000 	C:\Program Files\Eclipse Adoptium\jdk-17.0.1.12-hotspot\bin\server\jvm.dll
0x00007ffdc3fb0000 - 0x00007ffdc405e000 	C:\Windows\System32\ADVAPI32.dll
0x00007ffdc3e80000 - 0x00007ffdc3f1c000 	C:\Windows\System32\sechost.dll
0x00007ffdc3d50000 - 0x00007ffdc3e75000 	C:\Windows\System32\RPCRT4.dll
0x00007ffdc4ee0000 - 0x00007ffdc4ee8000 	C:\Windows\System32\PSAPI.DLL
0x00007ffda5c00000 - 0x00007ffda5c09000 	C:\Windows\SYSTEM32\WSOCK32.dll
0x00007ffdbc260000 - 0x00007ffdbc26a000 	C:\Windows\SYSTEM32\VERSION.dll
0x00007ffdb8890000 - 0x00007ffdb88b7000 	C:\Windows\SYSTEM32\WINMM.dll
0x00007ffdc52e0000 - 0x00007ffdc534b000 	C:\Windows\System32\WS2_32.dll
0x00007ffdc1c40000 - 0x00007ffdc1c52000 	C:\Windows\SYSTEM32\kernel.appcore.dll
0x00007ffdaac90000 - 0x00007ffdaac9a000 	C:\Program Files\Eclipse Adoptium\jdk-17.0.1.12-hotspot\bin\jimage.dll
0x00007ffdc1a30000 - 0x00007ffdc1c14000 	C:\Windows\SYSTEM32\DBGHELP.DLL
0x00007ffdb8de0000 - 0x00007ffdb8e0c000 	C:\Windows\SYSTEM32\dbgcore.DLL
0x00007ffdc3a90000 - 0x00007ffdc3b12000 	C:\Windows\System32\bcryptPrimitives.dll
0x00007ffdaa500000 - 0x00007ffdaa525000 	C:\Program Files\Eclipse Adoptium\jdk-17.0.1.12-hotspot\bin\java.dll
0x00007ffd769b0000 - 0x00007ffd76a86000 	C:\Program Files\Eclipse Adoptium\jdk-17.0.1.12-hotspot\bin\svml.dll
0x00007ffdc4120000 - 0x00007ffdc4864000 	C:\Windows\System32\SHELL32.dll
0x00007ffdc1150000 - 0x00007ffdc18e4000 	C:\Windows\SYSTEM32\windows.storage.dll
0x00007ffdc5870000 - 0x00007ffdc5bc4000 	C:\Windows\System32\combase.dll
0x00007ffdc2e10000 - 0x00007ffdc2e3c000 	C:\Windows\SYSTEM32\Wldp.dll
0x00007ffdc5230000 - 0x00007ffdc52dd000 	C:\Windows\System32\SHCORE.dll
0x00007ffdc3cf0000 - 0x00007ffdc3d45000 	C:\Windows\System32\shlwapi.dll
0x00007ffdc32f0000 - 0x00007ffdc330f000 	C:\Windows\SYSTEM32\profapi.dll
0x00007ffda95f0000 - 0x00007ffda9609000 	C:\Program Files\Eclipse Adoptium\jdk-17.0.1.12-hotspot\bin\net.dll
0x00007ffdb4be0000 - 0x00007ffdb4cea000 	C:\Windows\SYSTEM32\WINHTTP.dll
0x00007ffdc2b70000 - 0x00007ffdc2bda000 	C:\Windows\system32\mswsock.dll
0x00007ffda1520000 - 0x00007ffda1535000 	C:\Program Files\Eclipse Adoptium\jdk-17.0.1.12-hotspot\bin\nio.dll
0x00007ffd9d150000 - 0x00007ffd9d168000 	C:\Program Files\Eclipse Adoptium\jdk-17.0.1.12-hotspot\bin\zip.dll
0x000000006e700000 - 0x000000006e72a000 	C:\Users\grado\AppData\Local\Temp\libgdxgrado\e1cd32f8\gdx64.dll
0x00007ffd932f0000 - 0x00007ffd93354000 	C:\Users\grado\AppData\Local\Temp\lwjglgrado\3.2.3-build-13\lwjgl.dll
0x00007ffd56e40000 - 0x00007ffd57093000 	C:\Users\grado\AppData\Local\Temp\lwjglgrado\3.2.3-build-13\jemalloc.dll
0x00007ffd8a4f0000 - 0x00007ffd8a552000 	C:\Users\grado\AppData\Local\Temp\lwjglgrado\3.2.3-build-13\glfw.dll
0x00007ffdc0870000 - 0x00007ffdc090e000 	C:\Windows\system32\uxtheme.dll
0x00007ffd93380000 - 0x00007ffd933c5000 	C:\Windows\SYSTEM32\dinput8.dll
0x00007ffd932d0000 - 0x00007ffd932e1000 	C:\Windows\SYSTEM32\xinput1_4.dll
0x00007ffdc3b20000 - 0x00007ffdc3b6e000 	C:\Windows\System32\cfgmgr32.dll
0x00007ffdc3160000 - 0x00007ffdc318c000 	C:\Windows\SYSTEM32\DEVOBJ.dll
0x00007ffdc0a00000 - 0x00007ffdc0a2f000 	C:\Windows\SYSTEM32\dwmapi.dll
0x00007ffda8c80000 - 0x00007ffda8dd2000 	C:\Windows\SYSTEM32\inputhost.dll
0x00007ffdc4d70000 - 0x00007ffdc4e3d000 	C:\Windows\System32\OLEAUT32.dll
0x00007ffdc0500000 - 0x00007ffdc05f2000 	C:\Windows\SYSTEM32\CoreMessaging.dll
0x00007ffdbe990000 - 0x00007ffdbea86000 	C:\Windows\SYSTEM32\PROPSYS.dll
0x00007ffdc01a0000 - 0x00007ffdc04fe000 	C:\Windows\SYSTEM32\CoreUIComponents.dll
0x00007ffdbfad0000 - 0x00007ffdbfc24000 	C:\Windows\SYSTEM32\wintypes.dll
0x00007ffdc20b0000 - 0x00007ffdc20e3000 	C:\Windows\SYSTEM32\ntmarta.dll
0x00007ffdc5750000 - 0x00007ffdc5865000 	C:\Windows\System32\MSCTF.dll
0x00007ffdc18f0000 - 0x00007ffdc18fd000 	C:\Windows\SYSTEM32\HID.DLL
0x00007ffdc4870000 - 0x00007ffdc4ce1000 	C:\Windows\System32\SETUPAPI.DLL
0x00007ffdc3c50000 - 0x00007ffdc3c77000 	C:\Windows\System32\bcrypt.dll
0x00007ffdc3c80000 - 0x00007ffdc3ce8000 	C:\Windows\System32\WINTRUST.dll
0x00007ffdc34b0000 - 0x00007ffdc3606000 	C:\Windows\System32\CRYPT32.dll
0x00007ffdc2fa0000 - 0x00007ffdc2fb2000 	C:\Windows\SYSTEM32\MSASN1.dll
0x00007ffd57660000 - 0x00007ffd5776b000 	C:\Users\grado\AppData\Local\Temp\lwjglgrado\3.2.3-build-13\OpenAL.dll
0x00007ffdc5400000 - 0x00007ffdc552a000 	C:\Windows\System32\ole32.dll
0x00007ffdc5350000 - 0x00007ffdc53f9000 	C:\Windows\System32\clbcatq.dll
0x00007ffdbb510000 - 0x00007ffdbb595000 	C:\Windows\System32\MMDevApi.dll
0x00007ffdbbda0000 - 0x00007ffdbbf22000 	C:\Windows\SYSTEM32\AUDIOSES.DLL
0x00007ffdc2930000 - 0x00007ffdc297b000 	C:\Windows\SYSTEM32\powrprof.dll
0x00007ffdc27f0000 - 0x00007ffdc2802000 	C:\Windows\SYSTEM32\UMPDC.dll
0x00007ffdc0a30000 - 0x00007ffdc0a44000 	C:\Windows\SYSTEM32\resourcepolicyclient.dll
0x00007ffd22910000 - 0x00007ffd22a36000 	C:\Windows\SYSTEM32\opengl32.dll
0x00007ffd228e0000 - 0x00007ffd2290c000 	C:\Windows\SYSTEM32\GLU32.dll
0x00007ffdbc2e0000 - 0x00007ffdbc3d7000 	C:\Windows\System32\AppXDeploymentClient.dll
0x00007ffd892d0000 - 0x00007ffd892fa000 	C:\Windows\System32\DriverStore\FileRepository\u0361612.inf_amd64_b679e02f70413f9f\B361368\atig6pxx.dll
0x00007ffcfa390000 - 0x00007ffcfd076000 	C:\Windows\System32\DriverStore\FileRepository\u0361612.inf_amd64_b679e02f70413f9f\B361368\atio6axx.dll
0x00007ffd86690000 - 0x00007ffd866b4000 	C:\Windows\SYSTEM32\dxva2.dll
0x00007ffd89300000 - 0x00007ffd8933c000 	C:\Windows\System32\DriverStore\FileRepository\u0361612.inf_amd64_b679e02f70413f9f\B361368\atig6txx.dll
0x00007ffd56c80000 - 0x00007ffd56e39000 	C:\Windows\SYSTEM32\atiadlxx.dll
0x00007ffdb9380000 - 0x00007ffdb93bb000 	C:\Windows\SYSTEM32\dxcore.dll
0x00007ffd88870000 - 0x00007ffd888c9000 	C:\Users\grado\AppData\Local\Temp\lwjglgrado\3.2.3-build-13\lwjgl_opengl.dll
0x00007ffda93b0000 - 0x00007ffda94a9000 	C:\Windows\SYSTEM32\textinputframework.dll

dbghelp: loaded successfully - version: 4.0.5 - missing functions: none
symbol engine: initialized successfully - sym options: 0x614 - pdb path: .;C:\Program Files\Eclipse Adoptium\jdk-17.0.1.12-hotspot\bin;C:\Windows\SYSTEM32;C:\Windows\WinSxS\amd64_microsoft.windows.common-controls_6595b64144ccf1df_6.0.19041.1110_none_60b5254171f9507e;C:\Program Files\Eclipse Adoptium\jdk-17.0.1.12-hotspot\bin\server;C:\Users\grado\AppData\Local\Temp\libgdxgrado\e1cd32f8;C:\Users\grado\AppData\Local\Temp\lwjglgrado\3.2.3-build-13;C:\Windows\System32\DriverStore\FileRepository\u0361612.inf_amd64_b679e02f70413f9f\B361368

VM Arguments:
jvm_args: -XX:+ShowCodeDetailsInExceptionMessages 
java_command: com.crazyputting3d.Main
java_class_path (initial): C:\Users\grado\Desktop\Group-04\3dcrazyputting\desktop\bin\main;\CrazyPutting3D-core\bin\default;C:\Users\grado\Desktop\Group-04\3dcrazyputting\core\bin\main;C:\Users\grado\.gradle\caches\modules-2\files-2.1\com.badlogicgames.gdx\gdx-backend-lwjgl3\1.10.0\600c7d5b2c977daa82c4abad147087b31e0ada87\gdx-backend-lwjgl3-1.10.0.jar;C:\Users\grado\.gradle\caches\modules-2\files-2.1\com.badlogicgames.gdx\gdx-platform\1.10.0\9a8fa793d2fd6d360afc6c9e4c1f5583da263b88\gdx-platform-1.10.0-natives-desktop.jar;C:\Users\grado\.gradle\caches\modules-2\files-2.1\com.badlogicgames.gdx\gdx-bullet-platform\1.10.0\ce92e8dfc762523d769cbc50853163c03bf98cf1\gdx-bullet-platform-1.10.0-natives-desktop.jar;C:\Users\grado\.gradle\caches\modules-2\files-2.1\com.badlogicgames.gdx\gdx-freetype-platform\1.10.0\6e5d28752759e69384f12e4569d2c884ff71352f\gdx-freetype-platform-1.10.0-natives-desktop.jar;C:\Users\grado\.gradle\caches\modules-2\files-2.1\com.badlogicgames.gdx-controllers\gdx-controllers-desktop\2.2.1\cb3430c32468a090eca54d494d16bb3764ceff9b\gdx-controllers-desktop-2.2.1.jar;C:\Users\grado\.gradle\caches\modules-2\files-2.1\org.jetbrains\annotations\20.1.0\2fcd1f3225bca0c4a7bc931142076f8c1e80993f\annotations-20.1.0.jar;C:\Users\grado\.gradle\caches\modules-2\files-2.1\com.badlogicgames.gdx\gdx-bullet\1.10.0\839b58c7278f5c3b55291c3a559d91227400ecdb\gdx-bullet-1.10.0.jar;C:\Users\grado\.gradle\caches\modules-2\files-2.1\com.badlogicgames.gdx\gdx-freetype\1.10.0\de1d0d5c1e92e8d91364256fd6b7bb279d3e9859\gdx-freetype-1.10.0.jar;C:\Users\grado\.gradle\caches\modules-2\files-2.1\com.badlogicgames.gdx\gdx-ai\1.8.2\ab75d2ce80ab1b1ce6828a15dc0f417abac4c674\gdx-ai-1.8.2.jar;C:\Users\grado\.gradle\caches\modules-2\files-2.1\com.badlogicgames.ashley\ashley\1.7.4\21a3a8932919099c4e5006a7d8378dcbe76ef8a5\ashley-1.7.4.jar;C:\Users\grado\.gradle\caches\modules-2\files-2.1\com.badlogicgames.box2dlights\box2dlights\1.5\6902dbcd250c95a27973aa24a147a95b3828d348\box2dlights-1.5.jar;C
Launcher Type: SUN_STANDARD

[Global flags]
     intx CICompilerCount                          = 12                                        {product} {ergonomic}
     uint ConcGCThreads                            = 3                                         {product} {ergonomic}
     uint G1ConcRefinementThreads                  = 13                                        {product} {ergonomic}
   size_t G1HeapRegionSize                         = 2097152                                   {product} {ergonomic}
    uintx GCDrainStackTargetSize                   = 64                                        {product} {ergonomic}
   size_t InitialHeapSize                          = 257949696                                 {product} {ergonomic}
   size_t MarkStackSize                            = 4194304                                   {product} {ergonomic}
   size_t MaxHeapSize                              = 4127195136                                {product} {ergonomic}
   size_t MaxNewSize                               = 2474639360                                {product} {ergonomic}
   size_t MinHeapDeltaBytes                        = 2097152                                   {product} {ergonomic}
   size_t MinHeapSize                              = 8388608                                   {product} {ergonomic}
    uintx NonNMethodCodeHeapSize                   = 7602480                                {pd product} {ergonomic}
    uintx NonProfiledCodeHeapSize                  = 122027880                              {pd product} {ergonomic}
    uintx ProfiledCodeHeapSize                     = 122027880                              {pd product} {ergonomic}
    uintx ReservedCodeCacheSize                    = 251658240                              {pd product} {ergonomic}
     bool SegmentedCodeCache                       = true                                      {product} {ergonomic}
     bool ShowCodeDetailsInExceptionMessages       = true                                   {manageable} {command line}
   size_t SoftMaxHeapSize                          = 4127195136                             {manageable} {ergonomic}
     bool UseCompressedClassPointers               = true                           {product lp64_product} {ergonomic}
     bool UseCompressedOops                        = true                           {product lp64_product} {ergonomic}
     bool UseG1GC                                  = true                                      {product} {ergonomic}
     bool UseLargePagesIndividualAllocation        = false                                  {pd product} {ergonomic}

Logging:
Log output configuration:
 #0: stdout all=warning uptime,level,tags
 #1: stderr all=off uptime,level,tags

Environment Variables:
PATH=C:\Program Files\Common Files\Oracle\Java\javapath;C:\Windows\system32;C:\Windows;C:\Windows\System32\Wbem;C:\Windows\System32\WindowsPowerShell\v1.0\;C:\Windows\System32\OpenSSH\;C:\Program Files (x86)\NVIDIA Corporation\PhysX\Common;C:\Program Files\NVIDIA Corporation\NVIDIA NvDLISR;C:\Program Files\MATLAB\R2022a\bin;C:\Program Files\Gradle\gradle-7.4.2\bin;C:\Program Files\Git\cmd;C:\Users\grado\AppData\Local\Microsoft\WindowsApps;C:\Users\grado\AppData\Local\Programs\Microsoft VS Code\bin;C:\Users\grado\AppData\Local\GitHubDesktop\bin
USERNAME=grado
LANG=en_US.UTF-8
OS=Windows_NT
PROCESSOR_IDENTIFIER=AMD64 Family 23 Model 96 Stepping 1, AuthenticAMD



---------------  S Y S T E M  ---------------

OS:
 Windows 10 , 64 bit Build 19041 (10.0.19041.1706)
OS uptime: 9 days 0:34 hours

CPU: total 16 (initial active 16) (16 cores per cpu, 2 threads per core) family 23 model 96 stepping 1 microcode 0x0, cx8, cmov, fxsr, ht, mmx, 3dnowpref, sse, sse2, sse3, ssse3, sse4a, sse4.1, sse4.2, popcnt, lzcnt, tsc, tscinvbit, avx, avx2, aes, clmul, bmi1, bmi2, adx, sha, fma, vzeroupper, clflush, clflushopt

Memory: 4k page, system-wide physical 15741M (5642M free)
TotalPageFile size 23352M (AvailPageFile size 4076M)
current process WorkingSet (physical memory assigned to process): 324M, peak: 371M
current process commit charge ("private bytes"): 695M, peak: 752M

vm_info: OpenJDK 64-Bit Server VM (17.0.1+12) for windows-amd64 JRE (17.0.1+12), built on Oct 20 2021 07:42:55 by "" with MS VC++ 16.7 (VS2019)

END.
