#
# A fatal error has been detected by the Java Runtime Environment:
#
#  EXCEPTION_ACCESS_VIOLATION (0xc0000005) at pc=0x00000206d8ab0000, pid=20432, tid=4592
#
# JRE version: OpenJDK Runtime Environment Temurin-17.0.1+12 (17.0.1+12) (build 17.0.1+12)
# Java VM: OpenJDK 64-Bit Server VM Temurin-17.0.1+12 (17.0.1+12, mixed mode, sharing, tiered, compressed oops, compressed class ptrs, g1 gc, windows-amd64)
# Problematic frame:
# C  0x00000206d8ab0000
#
# No core dump will be written. Minidumps are not enabled by default on client versions of Windows
#
# If you would like to submit a bug report, please visit:
#   https://github.com/adoptium/adoptium-support/issues
# The crash happened outside the Java Virtual Machine in native code.
# See problematic frame for where to report the bug.
#

---------------  S U M M A R Y ------------

Command Line: -XX:+ShowCodeDetailsInExceptionMessages com.crazyputting3d.Main

Host: AMD Ryzen 7 4800H with Radeon Graphics         , 16 cores, 15G,  Windows 10 , 64 bit Build 19041 (10.0.19041.1706)
Time: Wed Jun 15 01:05:46 2022 Central European Daylight Time elapsed time: 13.567255 seconds (0d 0h 0m 13s)

---------------  T H R E A D  ---------------

Current thread (0x00000206d8b21670):  JavaThread "main" [_thread_in_native, id=4592, stack(0x000000433d600000,0x000000433d700000)]

Stack: [0x000000433d600000,0x000000433d700000],  sp=0x000000433d6fee88,  free space=1019k
Native frames: (J=compiled Java code, j=interpreted, Vv=VM code, C=native code)
C  0x00000206d8ab0000

Java frames: (J=compiled Java code, j=interpreted, Vv=VM code)
J 1170  org.lwjgl.system.JNI.invokePV(JJ)V (0 bytes) @ 0x00000206e81eef6c [0x00000206e81eef20+0x000000000000004c]
J 2035 c1 org.lwjgl.glfw.GLFW.glfwSwapBuffers(J)V (21 bytes) @ 0x00000206e10c48ac [0x00000206e10c47c0+0x00000000000000ec]
j  com.badlogic.gdx.backends.lwjgl3.Lwjgl3Window.update()Z+196
j  com.badlogic.gdx.backends.lwjgl3.Lwjgl3Application.loop()V+111
j  com.badlogic.gdx.backends.lwjgl3.Lwjgl3Application.<init>(Lcom/badlogic/gdx/ApplicationListener;Lcom/badlogic/gdx/backends/lwjgl3/Lwjgl3ApplicationConfiguration;)V+243
j  com.crazyputting3d.Main.main([Ljava/lang/String;)V+45
v  ~StubRoutines::call_stub

siginfo: EXCEPTION_ACCESS_VIOLATION (0xc0000005), data execution prevention violation at address 0x00000206d8ab0000


Register to memory mapping:

RIP=0x00000206d8ab0000 is an unknown value
RAX=0x00000206d8ab0000 is an unknown value
RBX=0x0000000000010001 is an unknown value
RCX=0x0000000000010001 is an unknown value
RDX=0x000000433d6feec0 is pointing into the stack for thread: 0x00000206d8b21670
RSP=0x000000433d6fee88 is pointing into the stack for thread: 0x00000206d8b21670
RBP=0x000000433d6fef90 is pointing into the stack for thread: 0x00000206d8b21670
RSI=0x0000000000000110 is an unknown value
RDI=0x0000000000001333 is an unknown value
R8 =0x00000206fd242f60 points into unknown readable memory: 0x00000206883cedc0 | c0 ed 3c 88 06 02 00 00
R9 =0x00007ffd892d1b50 glfw.dll
R10=0x00007ffd8a4f1b10 lwjgl.dll
R11=0x000000433d6ff2f8 is pointing into the stack for thread: 0x00000206d8b21670
R12=0x0 is NULL
R13=0x000000433d6ff3f8 is pointing into the stack for thread: 0x00000206d8b21670
R14=0x000000433d6ff350 is pointing into the stack for thread: 0x00000206d8b21670
R15=0x00000206d8b21670 is a thread


Registers:
RAX=0x00000206d8ab0000, RBX=0x0000000000010001, RCX=0x0000000000010001, RDX=0x000000433d6feec0
RSP=0x000000433d6fee88, RBP=0x000000433d6fef90, RSI=0x0000000000000110, RDI=0x0000000000001333
R8 =0x00000206fd242f60, R9 =0x00007ffd892d1b50, R10=0x00007ffd8a4f1b10, R11=0x000000433d6ff2f8
R12=0x0000000000000000, R13=0x000000433d6ff3f8, R14=0x000000433d6ff350, R15=0x00000206d8b21670
RIP=0x00000206d8ab0000, EFLAGS=0x0000000000010206

Top of Stack: (sp=0x000000433d6fee88)
0x000000433d6fee88:   00007ffd892d1f7c 0000000200000000
0x000000433d6fee98:   00000206e0f3a1cc 000000070a04e968
0x000000433d6feea8:   0000140600000002 0000000700000014
0x000000433d6feeb8:   438c000041700000 57464c4720656854
0x000000433d6feec8:   7972617262696c20 20746f6e20736920
0x000000433d6feed8:   696c616974696e69 000000430064657a
0x000000433d6feee8:   00000206e0f2ee64 000000433d6fefc8
0x000000433d6feef8:   00007ffd3e965e62 00000206d8b21670
0x000000433d6fef08:   0000000000000000 00000000000001cc
0x000000433d6fef18:   0000000000000000 0000000000000000
0x000000433d6fef28:   000000006e7020f4 00000206d8b21918
0x000000433d6fef38:   00007ffd3e965481 000000070afb2438
0x000000433d6fef48:   00000206e81e9b05 0000000200000003
0x000000433d6fef58:   000000070af9b910 000000070afaf538
0x000000433d6fef68:   000000070afafd38 0000000700000000
0x000000433d6fef78:   000000070a04e968 0000000000000002 

Instructions: (pc=0x00000206d8ab0000)
0x00000206d8aaff00:   ?? ?? ?? ?? ?? ?? ?? ?? ?? ?? ?? ?? ?? ?? ?? ??
0x00000206d8aaff10:   ?? ?? ?? ?? ?? ?? ?? ?? ?? ?? ?? ?? ?? ?? ?? ??
0x00000206d8aaff20:   ?? ?? ?? ?? ?? ?? ?? ?? ?? ?? ?? ?? ?? ?? ?? ??
0x00000206d8aaff30:   ?? ?? ?? ?? ?? ?? ?? ?? ?? ?? ?? ?? ?? ?? ?? ??
0x00000206d8aaff40:   ?? ?? ?? ?? ?? ?? ?? ?? ?? ?? ?? ?? ?? ?? ?? ??
0x00000206d8aaff50:   ?? ?? ?? ?? ?? ?? ?? ?? ?? ?? ?? ?? ?? ?? ?? ??
0x00000206d8aaff60:   ?? ?? ?? ?? ?? ?? ?? ?? ?? ?? ?? ?? ?? ?? ?? ??
0x00000206d8aaff70:   ?? ?? ?? ?? ?? ?? ?? ?? ?? ?? ?? ?? ?? ?? ?? ??
0x00000206d8aaff80:   ?? ?? ?? ?? ?? ?? ?? ?? ?? ?? ?? ?? ?? ?? ?? ??
0x00000206d8aaff90:   ?? ?? ?? ?? ?? ?? ?? ?? ?? ?? ?? ?? ?? ?? ?? ??
0x00000206d8aaffa0:   ?? ?? ?? ?? ?? ?? ?? ?? ?? ?? ?? ?? ?? ?? ?? ??
0x00000206d8aaffb0:   ?? ?? ?? ?? ?? ?? ?? ?? ?? ?? ?? ?? ?? ?? ?? ??
0x00000206d8aaffc0:   ?? ?? ?? ?? ?? ?? ?? ?? ?? ?? ?? ?? ?? ?? ?? ??
0x00000206d8aaffd0:   ?? ?? ?? ?? ?? ?? ?? ?? ?? ?? ?? ?? ?? ?? ?? ??
0x00000206d8aaffe0:   ?? ?? ?? ?? ?? ?? ?? ?? ?? ?? ?? ?? ?? ?? ?? ??
0x00000206d8aafff0:   ?? ?? ?? ?? ?? ?? ?? ?? ?? ?? ?? ?? ?? ?? ?? ??
0x00000206d8ab0000:   ?? ?? ?? ?? ?? ?? ?? ?? ?? ?? ?? ?? ?? ?? ?? ??
0x00000206d8ab0010:   ?? ?? ?? ?? ?? ?? ?? ?? ?? ?? ?? ?? ?? ?? ?? ??
0x00000206d8ab0020:   ?? ?? ?? ?? ?? ?? ?? ?? ?? ?? ?? ?? ?? ?? ?? ??
0x00000206d8ab0030:   ?? ?? ?? ?? ?? ?? ?? ?? ?? ?? ?? ?? ?? ?? ?? ??
0x00000206d8ab0040:   ?? ?? ?? ?? ?? ?? ?? ?? ?? ?? ?? ?? ?? ?? ?? ??
0x00000206d8ab0050:   ?? ?? ?? ?? ?? ?? ?? ?? ?? ?? ?? ?? ?? ?? ?? ??
0x00000206d8ab0060:   ?? ?? ?? ?? ?? ?? ?? ?? ?? ?? ?? ?? ?? ?? ?? ??
0x00000206d8ab0070:   ?? ?? ?? ?? ?? ?? ?? ?? ?? ?? ?? ?? ?? ?? ?? ??
0x00000206d8ab0080:   ?? ?? ?? ?? ?? ?? ?? ?? ?? ?? ?? ?? ?? ?? ?? ??
0x00000206d8ab0090:   ?? ?? ?? ?? ?? ?? ?? ?? ?? ?? ?? ?? ?? ?? ?? ??
0x00000206d8ab00a0:   ?? ?? ?? ?? ?? ?? ?? ?? ?? ?? ?? ?? ?? ?? ?? ??
0x00000206d8ab00b0:   ?? ?? ?? ?? ?? ?? ?? ?? ?? ?? ?? ?? ?? ?? ?? ??
0x00000206d8ab00c0:   ?? ?? ?? ?? ?? ?? ?? ?? ?? ?? ?? ?? ?? ?? ?? ??
0x00000206d8ab00d0:   ?? ?? ?? ?? ?? ?? ?? ?? ?? ?? ?? ?? ?? ?? ?? ??
0x00000206d8ab00e0:   ?? ?? ?? ?? ?? ?? ?? ?? ?? ?? ?? ?? ?? ?? ?? ??
0x00000206d8ab00f0:   ?? ?? ?? ?? ?? ?? ?? ?? ?? ?? ?? ?? ?? ?? ?? ?? 


Stack slot to memory mapping:
stack at sp + 0 slots: 0x00007ffd892d1f7c glfw.dll
stack at sp + 1 slots: 0x0000000200000000 is an unknown value
stack at sp + 2 slots: 0x00000206e0f3a1cc is at entry_point+140 in (nmethod*)0x00000206e0f39f90
stack at sp + 3 slots: 0x000000070a04e968 is an oop: com.badlogic.gdx.backends.lwjgl3.Lwjgl3GL20 
{0x000000070a04e968} - klass: 'com/badlogic/gdx/backends/lwjgl3/Lwjgl3GL20'
 - ---- fields (total size 3 words):
 - private 'buffer' 'Ljava/nio/ByteBuffer;' @12  a 'java/nio/DirectByteBuffer'{0x000000070afb18d0} (e15f631a)
 - private 'floatBuffer' 'Ljava/nio/FloatBuffer;' @16  a 'java/nio/DirectFloatBufferU'{0x000000070a04e980} (e1409d30)
 - private 'intBuffer' 'Ljava/nio/IntBuffer;' @20  a 'java/nio/DirectIntBufferU'{0x000000070a04e9b8} (e1409d37)
stack at sp + 4 slots: 0x0000140600000002 is an unknown value
stack at sp + 5 slots: 0x0000000700000014 is an unknown value
stack at sp + 6 slots: 0x438c000041700000 is an unknown value
stack at sp + 7 slots: 0x57464c4720656854 is an unknown value


---------------  P R O C E S S  ---------------

Threads class SMR info:
_java_thread_list=0x000002068f4db710, length=14, elements={
0x00000206d8b21670, 0x00000206fc10b7c0, 0x00000206fc10d440, 0x00000206fc1232c0,
0x00000206fc123c70, 0x00000206fc124620, 0x00000206fc124fd0, 0x00000206fc129440,
0x00000206fc131e40, 0x00000206fcc28080, 0x00000206fcd61010, 0x00000206fcd6a4a0,
0x0000020680e7aeb0, 0x0000020688d029d0
}

Java Threads: ( => current thread )
=>0x00000206d8b21670 JavaThread "main" [_thread_in_native, id=4592, stack(0x000000433d600000,0x000000433d700000)]
  0x00000206fc10b7c0 JavaThread "Reference Handler" daemon [_thread_blocked, id=13612, stack(0x000000433dd00000,0x000000433de00000)]
  0x00000206fc10d440 JavaThread "Finalizer" daemon [_thread_blocked, id=10036, stack(0x000000433de00000,0x000000433df00000)]
  0x00000206fc1232c0 JavaThread "Signal Dispatcher" daemon [_thread_blocked, id=24272, stack(0x000000433df00000,0x000000433e000000)]
  0x00000206fc123c70 JavaThread "Attach Listener" daemon [_thread_blocked, id=10964, stack(0x000000433e000000,0x000000433e100000)]
  0x00000206fc124620 JavaThread "Service Thread" daemon [_thread_blocked, id=26144, stack(0x000000433e100000,0x000000433e200000)]
  0x00000206fc124fd0 JavaThread "Monitor Deflation Thread" daemon [_thread_blocked, id=1584, stack(0x000000433e200000,0x000000433e300000)]
  0x00000206fc129440 JavaThread "C2 CompilerThread0" daemon [_thread_blocked, id=23816, stack(0x000000433e300000,0x000000433e400000)]
  0x00000206fc131e40 JavaThread "C1 CompilerThread0" daemon [_thread_blocked, id=19424, stack(0x000000433e400000,0x000000433e500000)]
  0x00000206fcc28080 JavaThread "Sweeper thread" daemon [_thread_blocked, id=25384, stack(0x000000433e500000,0x000000433e600000)]
  0x00000206fcd61010 JavaThread "Notification Thread" daemon [_thread_blocked, id=18732, stack(0x000000433e700000,0x000000433e800000)]
  0x00000206fcd6a4a0 JavaThread "Common-Cleaner" daemon [_thread_blocked, id=20244, stack(0x000000433e900000,0x000000433ea00000)]
  0x0000020680e7aeb0 JavaThread "LWJGL3 Timer" daemon [_thread_blocked, id=6772, stack(0x000000433f200000,0x000000433f300000)]
  0x0000020688d029d0 JavaThread "LWJGL3 Timer" daemon [_thread_blocked, id=25180, stack(0x0000004340300000,0x0000004340400000)]

Other Threads:
  0x00000206fc1043f0 VMThread "VM Thread" [stack: 0x000000433dc00000,0x000000433dd00000] [id=11180]
  0x00000206d8b97d10 WatcherThread [stack: 0x000000433e800000,0x000000433e900000] [id=18172]
  0x00000206d8b79130 GCTaskThread "GC Thread#0" [stack: 0x000000433d700000,0x000000433d800000] [id=18332]
  0x0000020680b6ea90 GCTaskThread "GC Thread#1" [stack: 0x000000433f300000,0x000000433f400000] [id=10716]
  0x0000020680b70570 GCTaskThread "GC Thread#2" [stack: 0x000000433f400000,0x000000433f500000] [id=13016]
  0x0000020680b6eff0 GCTaskThread "GC Thread#3" [stack: 0x000000433f500000,0x000000433f600000] [id=10412]
  0x0000020680b6f550 GCTaskThread "GC Thread#4" [stack: 0x000000433f600000,0x000000433f700000] [id=3164]
  0x0000020680b70ad0 GCTaskThread "GC Thread#5" [stack: 0x000000433f700000,0x000000433f800000] [id=12144]
  0x0000020680b6fd60 GCTaskThread "GC Thread#6" [stack: 0x000000433f800000,0x000000433f900000] [id=13332]
  0x000002068d6975d0 GCTaskThread "GC Thread#7" [stack: 0x0000004340600000,0x0000004340700000] [id=19200]
  0x00000206d8b8a680 ConcurrentGCThread "G1 Main Marker" [stack: 0x000000433d800000,0x000000433d900000] [id=2528]
  0x00000206d8b8b830 ConcurrentGCThread "G1 Conc#0" [stack: 0x000000433d900000,0x000000433da00000] [id=14308]
  0x00000206fbfa30d0 ConcurrentGCThread "G1 Refine#0" [stack: 0x000000433da00000,0x000000433db00000] [id=23072]
  0x000002068f069c30 ConcurrentGCThread "G1 Refine#1" [stack: 0x0000004340700000,0x0000004340800000] [id=22280]
  0x0000020688cf8250 ConcurrentGCThread "G1 Refine#2" [stack: 0x0000004340800000,0x0000004340900000] [id=9364]
  0x0000020691a1dcb0 ConcurrentGCThread "G1 Refine#3" [stack: 0x0000004340400000,0x0000004340500000] [id=16160]
  0x000002068e6308a0 ConcurrentGCThread "G1 Refine#4" [stack: 0x0000004340500000,0x0000004340600000] [id=9940]
  0x000002068e630b80 ConcurrentGCThread "G1 Refine#5" [stack: 0x0000004340900000,0x0000004340a00000] [id=17728]
  0x0000020688d6a9c0 ConcurrentGCThread "G1 Refine#6" [stack: 0x0000004340a00000,0x0000004340b00000] [id=20108]
  0x00000206fbfa39f0 ConcurrentGCThread "G1 Service" [stack: 0x000000433db00000,0x000000433dc00000] [id=26512]

Threads with active compile tasks:

VM state: not at safepoint (normal execution)

VM Mutex/Monitor currently owned by a thread: None

Heap address: 0x000000070a000000, size: 3936 MB, Compressed Oops mode: Zero based, Oop shift amount: 3

CDS archive(s) mapped at: [0x0000000800000000-0x0000000800bc0000-0x0000000800bc0000), size 12320768, SharedBaseAddress: 0x0000000800000000, ArchiveRelocationMode: 0.
Compressed class space mapped at: 0x0000000800c00000-0x0000000840c00000, reserved size: 1073741824
Narrow klass base: 0x0000000800000000, Narrow klass shift: 0, Narrow klass range: 0x100000000

GC Precious Log:
 CPUs: 16 total, 16 available
 Memory: 15741M
 Large Page Support: Disabled
 NUMA Support: Disabled
 Compressed Oops: Enabled (Zero based)
 Heap Region Size: 2M
 Heap Min Capacity: 8M
 Heap Initial Capacity: 246M
 Heap Max Capacity: 3936M
 Pre-touch: Disabled
 Parallel Workers: 13
 Concurrent Workers: 3
 Concurrent Refinement Workers: 13
 Periodic GC: Disabled

Heap:
 garbage-first heap   total 251904K, used 123628K [0x000000070a000000, 0x0000000800000000)
  region size 2048K, 52 young (106496K), 1 survivors (2048K)
 Metaspace       used 10033K, committed 10176K, reserved 1064960K
  class space    used 677K, committed 704K, reserved 1048576K

Heap Regions: E=young(eden), S=young(survivor), O=old, HS=humongous(starts), HC=humongous(continues), CS=collection set, F=free, OA=open archive, CA=closed archive, TAMS=top-at-mark-start (previous, next)
|   0|0x000000070a000000, 0x000000070a200000, 0x000000070a200000|100%| O|  |TAMS 0x000000070a000000, 0x000000070a000000| Untracked 
|   1|0x000000070a200000, 0x000000070a400000, 0x000000070a400000|100%|HS|  |TAMS 0x000000070a200000, 0x000000070a200000| Complete 
|   2|0x000000070a400000, 0x000000070a600000, 0x000000070a600000|100%|HS|  |TAMS 0x000000070a400000, 0x000000070a400000| Complete 
|   3|0x000000070a600000, 0x000000070a800000, 0x000000070a800000|100%| O|  |TAMS 0x000000070a600000, 0x000000070a600000| Untracked 
|   4|0x000000070a800000, 0x000000070aa00000, 0x000000070aa00000|100%| O|  |TAMS 0x000000070a800000, 0x000000070a800000| Untracked 
|   5|0x000000070aa00000, 0x000000070ac00000, 0x000000070ac00000|100%| O|  |TAMS 0x000000070aa00000, 0x000000070aa00000| Untracked 
|   6|0x000000070ac00000, 0x000000070ae00000, 0x000000070ae00000|100%| O|  |TAMS 0x000000070ac00000, 0x000000070ac00000| Untracked 
|   7|0x000000070ae00000, 0x000000070b000000, 0x000000070b000000|100%| O|  |TAMS 0x000000070ae00000, 0x000000070ae00000| Untracked 
|   8|0x000000070b000000, 0x000000070b200000, 0x000000070b200000|100%| O|  |TAMS 0x000000070b000000, 0x000000070b000000| Untracked 
|   9|0x000000070b200000, 0x000000070b400000, 0x000000070b400000|100%| O|  |TAMS 0x000000070b200000, 0x000000070b200000| Untracked 
|  10|0x000000070b400000, 0x000000070b400000, 0x000000070b600000|  0%| F|  |TAMS 0x000000070b400000, 0x000000070b400000| Untracked 
|  11|0x000000070b600000, 0x000000070b600000, 0x000000070b800000|  0%| F|  |TAMS 0x000000070b600000, 0x000000070b600000| Untracked 
|  12|0x000000070b800000, 0x000000070b800000, 0x000000070ba00000|  0%| F|  |TAMS 0x000000070b800000, 0x000000070b800000| Untracked 
|  13|0x000000070ba00000, 0x000000070ba00000, 0x000000070bc00000|  0%| F|  |TAMS 0x000000070ba00000, 0x000000070ba00000| Untracked 
|  14|0x000000070bc00000, 0x000000070bc00000, 0x000000070be00000|  0%| F|  |TAMS 0x000000070bc00000, 0x000000070bc00000| Untracked 
|  15|0x000000070be00000, 0x000000070be00000, 0x000000070c000000|  0%| F|  |TAMS 0x000000070be00000, 0x000000070be00000| Untracked 
|  16|0x000000070c000000, 0x000000070c000000, 0x000000070c200000|  0%| F|  |TAMS 0x000000070c000000, 0x000000070c000000| Untracked 
|  17|0x000000070c200000, 0x000000070c200000, 0x000000070c400000|  0%| F|  |TAMS 0x000000070c200000, 0x000000070c200000| Untracked 
|  18|0x000000070c400000, 0x000000070c400000, 0x000000070c600000|  0%| F|  |TAMS 0x000000070c400000, 0x000000070c400000| Untracked 
|  19|0x000000070c600000, 0x000000070c600000, 0x000000070c800000|  0%| F|  |TAMS 0x000000070c600000, 0x000000070c600000| Untracked 
|  20|0x000000070c800000, 0x000000070c800000, 0x000000070ca00000|  0%| F|  |TAMS 0x000000070c800000, 0x000000070c800000| Untracked 
|  21|0x000000070ca00000, 0x000000070ca00000, 0x000000070cc00000|  0%| F|  |TAMS 0x000000070ca00000, 0x000000070ca00000| Untracked 
|  22|0x000000070cc00000, 0x000000070cc00000, 0x000000070ce00000|  0%| F|  |TAMS 0x000000070cc00000, 0x000000070cc00000| Untracked 
|  23|0x000000070ce00000, 0x000000070ce00000, 0x000000070d000000|  0%| F|  |TAMS 0x000000070ce00000, 0x000000070ce00000| Untracked 
|  24|0x000000070d000000, 0x000000070d000000, 0x000000070d200000|  0%| F|  |TAMS 0x000000070d000000, 0x000000070d000000| Untracked 
|  25|0x000000070d200000, 0x000000070d200000, 0x000000070d400000|  0%| F|  |TAMS 0x000000070d200000, 0x000000070d200000| Untracked 
|  26|0x000000070d400000, 0x000000070d400000, 0x000000070d600000|  0%| F|  |TAMS 0x000000070d400000, 0x000000070d400000| Untracked 
|  27|0x000000070d600000, 0x000000070d600000, 0x000000070d800000|  0%| F|  |TAMS 0x000000070d600000, 0x000000070d600000| Untracked 
|  28|0x000000070d800000, 0x000000070d800000, 0x000000070da00000|  0%| F|  |TAMS 0x000000070d800000, 0x000000070d800000| Untracked 
|  29|0x000000070da00000, 0x000000070da00000, 0x000000070dc00000|  0%| F|  |TAMS 0x000000070da00000, 0x000000070da00000| Untracked 
|  30|0x000000070dc00000, 0x000000070dc00000, 0x000000070de00000|  0%| F|  |TAMS 0x000000070dc00000, 0x000000070dc00000| Untracked 
|  31|0x000000070de00000, 0x000000070de00000, 0x000000070e000000|  0%| F|  |TAMS 0x000000070de00000, 0x000000070de00000| Untracked 
|  32|0x000000070e000000, 0x000000070e000000, 0x000000070e200000|  0%| F|  |TAMS 0x000000070e000000, 0x000000070e000000| Untracked 
|  33|0x000000070e200000, 0x000000070e200000, 0x000000070e400000|  0%| F|  |TAMS 0x000000070e200000, 0x000000070e200000| Untracked 
|  34|0x000000070e400000, 0x000000070e400000, 0x000000070e600000|  0%| F|  |TAMS 0x000000070e400000, 0x000000070e400000| Untracked 
|  35|0x000000070e600000, 0x000000070e600000, 0x000000070e800000|  0%| F|  |TAMS 0x000000070e600000, 0x000000070e600000| Untracked 
|  36|0x000000070e800000, 0x000000070e800000, 0x000000070ea00000|  0%| F|  |TAMS 0x000000070e800000, 0x000000070e800000| Untracked 
|  37|0x000000070ea00000, 0x000000070ea00000, 0x000000070ec00000|  0%| F|  |TAMS 0x000000070ea00000, 0x000000070ea00000| Untracked 
|  38|0x000000070ec00000, 0x000000070ec00000, 0x000000070ee00000|  0%| F|  |TAMS 0x000000070ec00000, 0x000000070ec00000| Untracked 
|  39|0x000000070ee00000, 0x000000070ee00000, 0x000000070f000000|  0%| F|  |TAMS 0x000000070ee00000, 0x000000070ee00000| Untracked 
|  40|0x000000070f000000, 0x000000070f000000, 0x000000070f200000|  0%| F|  |TAMS 0x000000070f000000, 0x000000070f000000| Untracked 
|  41|0x000000070f200000, 0x000000070f200000, 0x000000070f400000|  0%| F|  |TAMS 0x000000070f200000, 0x000000070f200000| Untracked 
|  42|0x000000070f400000, 0x000000070f400000, 0x000000070f600000|  0%| F|  |TAMS 0x000000070f400000, 0x000000070f400000| Untracked 
|  43|0x000000070f600000, 0x000000070f600000, 0x000000070f800000|  0%| F|  |TAMS 0x000000070f600000, 0x000000070f600000| Untracked 
|  44|0x000000070f800000, 0x000000070f800000, 0x000000070fa00000|  0%| F|  |TAMS 0x000000070f800000, 0x000000070f800000| Untracked 
|  45|0x000000070fa00000, 0x000000070fa00000, 0x000000070fc00000|  0%| F|  |TAMS 0x000000070fa00000, 0x000000070fa00000| Untracked 
|  46|0x000000070fc00000, 0x000000070fc00000, 0x000000070fe00000|  0%| F|  |TAMS 0x000000070fc00000, 0x000000070fc00000| Untracked 
|  47|0x000000070fe00000, 0x000000070fe00000, 0x0000000710000000|  0%| F|  |TAMS 0x000000070fe00000, 0x000000070fe00000| Untracked 
|  48|0x0000000710000000, 0x0000000710000000, 0x0000000710200000|  0%| F|  |TAMS 0x0000000710000000, 0x0000000710000000| Untracked 
|  49|0x0000000710200000, 0x0000000710200000, 0x0000000710400000|  0%| F|  |TAMS 0x0000000710200000, 0x0000000710200000| Untracked 
|  50|0x0000000710400000, 0x0000000710400000, 0x0000000710600000|  0%| F|  |TAMS 0x0000000710400000, 0x0000000710400000| Untracked 
|  51|0x0000000710600000, 0x0000000710600000, 0x0000000710800000|  0%| F|  |TAMS 0x0000000710600000, 0x0000000710600000| Untracked 
|  52|0x0000000710800000, 0x0000000710800000, 0x0000000710a00000|  0%| F|  |TAMS 0x0000000710800000, 0x0000000710800000| Untracked 
|  53|0x0000000710a00000, 0x0000000710a00000, 0x0000000710c00000|  0%| F|  |TAMS 0x0000000710a00000, 0x0000000710a00000| Untracked 
|  54|0x0000000710c00000, 0x0000000710c00000, 0x0000000710e00000|  0%| F|  |TAMS 0x0000000710c00000, 0x0000000710c00000| Untracked 
|  55|0x0000000710e00000, 0x0000000710e00000, 0x0000000711000000|  0%| F|  |TAMS 0x0000000710e00000, 0x0000000710e00000| Untracked 
|  56|0x0000000711000000, 0x0000000711000000, 0x0000000711200000|  0%| F|  |TAMS 0x0000000711000000, 0x0000000711000000| Untracked 
|  57|0x0000000711200000, 0x0000000711200000, 0x0000000711400000|  0%| F|  |TAMS 0x0000000711200000, 0x0000000711200000| Untracked 
|  58|0x0000000711400000, 0x0000000711400000, 0x0000000711600000|  0%| F|  |TAMS 0x0000000711400000, 0x0000000711400000| Untracked 
|  59|0x0000000711600000, 0x0000000711600000, 0x0000000711800000|  0%| F|  |TAMS 0x0000000711600000, 0x0000000711600000| Untracked 
|  60|0x0000000711800000, 0x0000000711800000, 0x0000000711a00000|  0%| F|  |TAMS 0x0000000711800000, 0x0000000711800000| Untracked 
|  61|0x0000000711a00000, 0x0000000711a00000, 0x0000000711c00000|  0%| F|  |TAMS 0x0000000711a00000, 0x0000000711a00000| Untracked 
|  62|0x0000000711c00000, 0x0000000711c00000, 0x0000000711e00000|  0%| F|  |TAMS 0x0000000711c00000, 0x0000000711c00000| Untracked 
|  63|0x0000000711e00000, 0x0000000711e00000, 0x0000000712000000|  0%| F|  |TAMS 0x0000000711e00000, 0x0000000711e00000| Untracked 
|  64|0x0000000712000000, 0x0000000712000000, 0x0000000712200000|  0%| F|  |TAMS 0x0000000712000000, 0x0000000712000000| Untracked 
|  65|0x0000000712200000, 0x0000000712200000, 0x0000000712400000|  0%| F|  |TAMS 0x0000000712200000, 0x0000000712200000| Untracked 
|  66|0x0000000712400000, 0x0000000712400000, 0x0000000712600000|  0%| F|  |TAMS 0x0000000712400000, 0x0000000712400000| Untracked 
|  67|0x0000000712600000, 0x0000000712600000, 0x0000000712800000|  0%| F|  |TAMS 0x0000000712600000, 0x0000000712600000| Untracked 
|  68|0x0000000712800000, 0x0000000712800000, 0x0000000712a00000|  0%| F|  |TAMS 0x0000000712800000, 0x0000000712800000| Untracked 
|  69|0x0000000712a00000, 0x0000000712a00000, 0x0000000712c00000|  0%| F|  |TAMS 0x0000000712a00000, 0x0000000712a00000| Untracked 
|  70|0x0000000712c00000, 0x0000000712c00000, 0x0000000712e00000|  0%| F|  |TAMS 0x0000000712c00000, 0x0000000712c00000| Untracked 
|  71|0x0000000712e00000, 0x0000000713000000, 0x0000000713000000|100%| E|  |TAMS 0x0000000712e00000, 0x0000000712e00000| Complete 
|  72|0x0000000713000000, 0x0000000713200000, 0x0000000713200000|100%| E|CS|TAMS 0x0000000713000000, 0x0000000713000000| Complete 
|  73|0x0000000713200000, 0x0000000713400000, 0x0000000713400000|100%| E|CS|TAMS 0x0000000713200000, 0x0000000713200000| Complete 
|  74|0x0000000713400000, 0x0000000713600000, 0x0000000713600000|100%| E|CS|TAMS 0x0000000713400000, 0x0000000713400000| Complete 
|  75|0x0000000713600000, 0x0000000713800000, 0x0000000713800000|100%| E|CS|TAMS 0x0000000713600000, 0x0000000713600000| Complete 
|  76|0x0000000713800000, 0x0000000713a00000, 0x0000000713a00000|100%| E|CS|TAMS 0x0000000713800000, 0x0000000713800000| Complete 
|  77|0x0000000713a00000, 0x0000000713c00000, 0x0000000713c00000|100%| E|CS|TAMS 0x0000000713a00000, 0x0000000713a00000| Complete 
|  78|0x0000000713c00000, 0x0000000713e00000, 0x0000000713e00000|100%| E|CS|TAMS 0x0000000713c00000, 0x0000000713c00000| Complete 
|  79|0x0000000713e00000, 0x0000000714000000, 0x0000000714000000|100%| E|CS|TAMS 0x0000000713e00000, 0x0000000713e00000| Complete 
|  80|0x0000000714000000, 0x0000000714200000, 0x0000000714200000|100%| E|CS|TAMS 0x0000000714000000, 0x0000000714000000| Complete 
|  81|0x0000000714200000, 0x0000000714400000, 0x0000000714400000|100%| E|CS|TAMS 0x0000000714200000, 0x0000000714200000| Complete 
|  82|0x0000000714400000, 0x0000000714600000, 0x0000000714600000|100%| E|CS|TAMS 0x0000000714400000, 0x0000000714400000| Complete 
|  83|0x0000000714600000, 0x0000000714800000, 0x0000000714800000|100%| E|CS|TAMS 0x0000000714600000, 0x0000000714600000| Complete 
|  84|0x0000000714800000, 0x0000000714a00000, 0x0000000714a00000|100%| E|CS|TAMS 0x0000000714800000, 0x0000000714800000| Complete 
|  85|0x0000000714a00000, 0x0000000714c00000, 0x0000000714c00000|100%| E|CS|TAMS 0x0000000714a00000, 0x0000000714a00000| Complete 
|  86|0x0000000714c00000, 0x0000000714e00000, 0x0000000714e00000|100%| E|CS|TAMS 0x0000000714c00000, 0x0000000714c00000| Complete 
|  87|0x0000000714e00000, 0x0000000715000000, 0x0000000715000000|100%| E|CS|TAMS 0x0000000714e00000, 0x0000000714e00000| Complete 
|  88|0x0000000715000000, 0x0000000715200000, 0x0000000715200000|100%| E|CS|TAMS 0x0000000715000000, 0x0000000715000000| Complete 
|  89|0x0000000715200000, 0x0000000715400000, 0x0000000715400000|100%| E|CS|TAMS 0x0000000715200000, 0x0000000715200000| Complete 
|  90|0x0000000715400000, 0x0000000715600000, 0x0000000715600000|100%| E|CS|TAMS 0x0000000715400000, 0x0000000715400000| Complete 
|  91|0x0000000715600000, 0x0000000715800000, 0x0000000715800000|100%| E|CS|TAMS 0x0000000715600000, 0x0000000715600000| Complete 
|  92|0x0000000715800000, 0x0000000715a00000, 0x0000000715a00000|100%| E|CS|TAMS 0x0000000715800000, 0x0000000715800000| Complete 
|  93|0x0000000715a00000, 0x0000000715c00000, 0x0000000715c00000|100%| E|CS|TAMS 0x0000000715a00000, 0x0000000715a00000| Complete 
|  94|0x0000000715c00000, 0x0000000715e00000, 0x0000000715e00000|100%| E|CS|TAMS 0x0000000715c00000, 0x0000000715c00000| Complete 
|  95|0x0000000715e00000, 0x0000000716000000, 0x0000000716000000|100%| E|CS|TAMS 0x0000000715e00000, 0x0000000715e00000| Complete 
|  96|0x0000000716000000, 0x0000000716200000, 0x0000000716200000|100%| E|CS|TAMS 0x0000000716000000, 0x0000000716000000| Complete 
|  97|0x0000000716200000, 0x0000000716400000, 0x0000000716400000|100%| E|CS|TAMS 0x0000000716200000, 0x0000000716200000| Complete 
|  98|0x0000000716400000, 0x0000000716600000, 0x0000000716600000|100%| E|CS|TAMS 0x0000000716400000, 0x0000000716400000| Complete 
|  99|0x0000000716600000, 0x0000000716800000, 0x0000000716800000|100%| E|CS|TAMS 0x0000000716600000, 0x0000000716600000| Complete 
| 100|0x0000000716800000, 0x0000000716a00000, 0x0000000716a00000|100%| E|CS|TAMS 0x0000000716800000, 0x0000000716800000| Complete 
| 101|0x0000000716a00000, 0x0000000716c00000, 0x0000000716c00000|100%| E|CS|TAMS 0x0000000716a00000, 0x0000000716a00000| Complete 
| 102|0x0000000716c00000, 0x0000000716e00000, 0x0000000716e00000|100%| E|CS|TAMS 0x0000000716c00000, 0x0000000716c00000| Complete 
| 103|0x0000000716e00000, 0x0000000717000000, 0x0000000717000000|100%| E|CS|TAMS 0x0000000716e00000, 0x0000000716e00000| Complete 
| 104|0x0000000717000000, 0x0000000717200000, 0x0000000717200000|100%| E|CS|TAMS 0x0000000717000000, 0x0000000717000000| Complete 
| 105|0x0000000717200000, 0x0000000717400000, 0x0000000717400000|100%| E|CS|TAMS 0x0000000717200000, 0x0000000717200000| Complete 
| 106|0x0000000717400000, 0x0000000717600000, 0x0000000717600000|100%| E|CS|TAMS 0x0000000717400000, 0x0000000717400000| Complete 
| 107|0x0000000717600000, 0x0000000717800000, 0x0000000717800000|100%| E|CS|TAMS 0x0000000717600000, 0x0000000717600000| Complete 
| 108|0x0000000717800000, 0x0000000717a00000, 0x0000000717a00000|100%| E|CS|TAMS 0x0000000717800000, 0x0000000717800000| Complete 
| 109|0x0000000717a00000, 0x0000000717c00000, 0x0000000717c00000|100%| E|CS|TAMS 0x0000000717a00000, 0x0000000717a00000| Complete 
| 110|0x0000000717c00000, 0x0000000717e00000, 0x0000000717e00000|100%| E|CS|TAMS 0x0000000717c00000, 0x0000000717c00000| Complete 
| 111|0x0000000717e00000, 0x0000000718000000, 0x0000000718000000|100%| E|CS|TAMS 0x0000000717e00000, 0x0000000717e00000| Complete 
| 112|0x0000000718000000, 0x0000000718200000, 0x0000000718200000|100%| E|CS|TAMS 0x0000000718000000, 0x0000000718000000| Complete 
| 113|0x0000000718200000, 0x0000000718400000, 0x0000000718400000|100%| E|CS|TAMS 0x0000000718200000, 0x0000000718200000| Complete 
| 114|0x0000000718400000, 0x0000000718600000, 0x0000000718600000|100%| E|CS|TAMS 0x0000000718400000, 0x0000000718400000| Complete 
| 115|0x0000000718600000, 0x0000000718800000, 0x0000000718800000|100%| E|CS|TAMS 0x0000000718600000, 0x0000000718600000| Complete 
| 116|0x0000000718800000, 0x0000000718a00000, 0x0000000718a00000|100%| E|CS|TAMS 0x0000000718800000, 0x0000000718800000| Complete 
| 117|0x0000000718a00000, 0x0000000718c00000, 0x0000000718c00000|100%| E|CS|TAMS 0x0000000718a00000, 0x0000000718a00000| Complete 
| 118|0x0000000718c00000, 0x0000000718e00000, 0x0000000718e00000|100%| E|CS|TAMS 0x0000000718c00000, 0x0000000718c00000| Complete 
| 119|0x0000000718e00000, 0x0000000718ebb180, 0x0000000719000000| 36%| S|CS|TAMS 0x0000000718e00000, 0x0000000718e00000| Complete 
| 120|0x0000000719000000, 0x0000000719200000, 0x0000000719200000|100%| E|CS|TAMS 0x0000000719000000, 0x0000000719000000| Complete 
| 121|0x0000000719200000, 0x0000000719400000, 0x0000000719400000|100%| E|CS|TAMS 0x0000000719200000, 0x0000000719200000| Complete 
| 122|0x0000000719400000, 0x0000000719600000, 0x0000000719600000|100%| E|CS|TAMS 0x0000000719400000, 0x0000000719400000| Complete 

Card table byte_map: [0x00000206f0630000,0x00000206f0de0000] _byte_map_base: 0x00000206ecde0000

Marking Bits (Prev, Next): (CMBitMap*) 0x00000206d8b7a750, (CMBitMap*) 0x00000206d8b7a790
 Prev Bits: [0x00000206f1590000, 0x00000206f5310000)
 Next Bits: [0x00000206f5310000, 0x00000206f9090000)

Polling page: 0x00000206d8300000

Metaspace:

Usage:
  Non-class:      9.14 MB used.
      Class:    677.06 KB used.
       Both:      9.80 MB used.

Virtual space:
  Non-class space:       16.00 MB reserved,       9.25 MB ( 58%) committed,  2 nodes.
      Class space:        1.00 GB reserved,     704.00 KB ( <1%) committed,  1 nodes.
             Both:        1.02 GB reserved,       9.94 MB ( <1%) committed. 

Chunk freelists:
   Non-Class:  624.00 KB
       Class:  3.19 MB
        Both:  3.80 MB

MaxMetaspaceSize: unlimited
CompressedClassSpaceSize: 1.00 GB
Initial GC threshold: 21.00 MB
Current GC threshold: 21.00 MB
CDS: on
MetaspaceReclaimPolicy: balanced
 - commit_granule_bytes: 65536.
 - commit_granule_words: 8192.
 - virtual_space_node_default_size: 1048576.
 - enlarge_chunks_in_place: 1.
 - new_chunks_are_fully_committed: 0.
 - uncommit_free_chunks: 1.
 - use_allocation_guard: 0.
 - handle_deallocations: 1.


Internal statistics:

num_allocs_failed_limit: 0.
num_arena_births: 44.
num_arena_deaths: 0.
num_vsnodes_births: 3.
num_vsnodes_deaths: 0.
num_space_committed: 157.
num_space_uncommitted: 0.
num_chunks_returned_to_freelist: 0.
num_chunks_taken_from_freelist: 323.
num_chunk_merges: 0.
num_chunk_splits: 273.
num_chunks_enlarged: 250.
num_purges: 0.
num_inconsistent_stats: 0.

CodeHeap 'non-profiled nmethods': size=119168Kb used=1495Kb max_used=1495Kb free=117672Kb
 bounds [0x00000206e8190000, 0x00000206e8400000, 0x00000206ef5f0000]
CodeHeap 'profiled nmethods': size=119104Kb used=4335Kb max_used=4335Kb free=114768Kb
 bounds [0x00000206e0d40000, 0x00000206e1180000, 0x00000206e8190000]
CodeHeap 'non-nmethods': size=7488Kb used=1653Kb max_used=3380Kb free=5834Kb
 bounds [0x00000206e05f0000, 0x00000206e09c0000, 0x00000206e0d40000]
 total_blobs=3441 nmethods=2344 adapters=1010
 compilation: enabled
              stopped_count=0, restarted_count=0
 full_count=0

Compilation events (20 events):
Event: 12.531 Thread 0x00000206fc131e40 2335       3       com.badlogic.gdx.graphics.g3d.utils.DefaultTextureBinder::end (11 bytes)
Event: 12.531 Thread 0x00000206fc131e40 nmethod 2335 0x00000206e1170190 code [0x00000206e1170340, 0x00000206e11705a8]
Event: 12.531 Thread 0x00000206fc131e40 2336       3       com.badlogic.gdx.graphics.g3d.utils.ModelBuilder::createArrow (41 bytes)
Event: 12.532 Thread 0x00000206fc131e40 nmethod 2336 0x00000206e1170710 code [0x00000206e11708e0, 0x00000206e1170bf8]
Event: 12.532 Thread 0x00000206fc131e40 2337       3       com.badlogic.gdx.graphics.g3d.utils.MeshBuilder::arrow (20 bytes)
Event: 12.532 Thread 0x00000206fc131e40 nmethod 2337 0x00000206e1170e10 code [0x00000206e1170fa0, 0x00000206e11710c8]
Event: 12.532 Thread 0x00000206fc131e40 2338       3       com.badlogic.gdx.graphics.g3d.utils.shapebuilders.ArrowShapeBuilder::build (405 bytes)
Event: 12.538 Thread 0x00000206fc131e40 nmethod 2338 0x00000206e1171190 code [0x00000206e1171b80, 0x00000206e1178128]
Event: 12.538 Thread 0x00000206fc131e40 2339       3       com.badlogic.gdx.math.Vector3::dst (50 bytes)
Event: 12.538 Thread 0x00000206fc131e40 nmethod 2339 0x00000206e117aa90 code [0x00000206e117ac20, 0x00000206e117ad98]
Event: 12.538 Thread 0x00000206fc131e40 2340       3       com.badlogic.gdx.graphics.g3d.utils.MeshBuilder::getVertexTransform (9 bytes)
Event: 12.538 Thread 0x00000206fc131e40 nmethod 2340 0x00000206e117ae90 code [0x00000206e117b040, 0x00000206e117b208]
Event: 12.538 Thread 0x00000206fc131e40 2341       3       com.badlogic.gdx.graphics.g3d.utils.shapebuilders.CylinderShapeBuilder::build (13 bytes)
Event: 12.538 Thread 0x00000206fc131e40 nmethod 2341 0x00000206e117b310 code [0x00000206e117b4e0, 0x00000206e117b608]
Event: 12.551 Thread 0x00000206fc129440 2342       4       java.lang.String::getChars (54 bytes)
Event: 12.553 Thread 0x00000206fc129440 nmethod 2342 0x00000206e8305690 code [0x00000206e8305820, 0x00000206e8305b78]
Event: 12.558 Thread 0x00000206fc131e40 2343       3       com.badlogic.gdx.backends.lwjgl3.Lwjgl3GL20::glDepthRangef (8 bytes)
Event: 12.558 Thread 0x00000206fc131e40 nmethod 2343 0x00000206e117b710 code [0x00000206e117b8c0, 0x00000206e117ba68]
Event: 12.558 Thread 0x00000206fc131e40 2344       3       org.lwjgl.opengl.GL11::glDepthRange (6 bytes)
Event: 12.558 Thread 0x00000206fc131e40 nmethod 2344 0x00000206e117bb90 code [0x00000206e117bd20, 0x00000206e117be28]

GC Heap History (6 events):
Event: 2.238 GC heap before
{Heap before GC invocations=0 (full 0):
 garbage-first heap   total 251904K, used 22528K [0x000000070a000000, 0x0000000800000000)
  region size 2048K, 11 young (22528K), 0 survivors (0K)
 Metaspace       used 7319K, committed 7424K, reserved 1064960K
  class space    used 456K, committed 512K, reserved 1048576K
}
Event: 2.241 GC heap after
{Heap after GC invocations=1 (full 0):
 garbage-first heap   total 251904K, used 2713K [0x000000070a000000, 0x0000000800000000)
  region size 2048K, 2 young (4096K), 2 survivors (4096K)
 Metaspace       used 7319K, committed 7424K, reserved 1064960K
  class space    used 456K, committed 512K, reserved 1048576K
}
Event: 5.127 GC heap before
{Heap before GC invocations=1 (full 0):
 garbage-first heap   total 251904K, used 41625K [0x000000070a000000, 0x0000000800000000)
  region size 2048K, 19 young (38912K), 2 survivors (4096K)
 Metaspace       used 9707K, committed 9792K, reserved 1064960K
  class space    used 675K, committed 704K, reserved 1048576K
}
Event: 5.137 GC heap after
{Heap after GC invocations=2 (full 0):
 garbage-first heap   total 251904K, used 19791K [0x000000070a000000, 0x0000000800000000)
  region size 2048K, 3 young (6144K), 3 survivors (6144K)
 Metaspace       used 9707K, committed 9792K, reserved 1064960K
  class space    used 675K, committed 704K, reserved 1048576K
}
Event: 5.598 GC heap before
{Heap before GC invocations=2 (full 0):
 garbage-first heap   total 251904K, used 25935K [0x000000070a000000, 0x0000000800000000)
  region size 2048K, 6 young (12288K), 3 survivors (6144K)
 Metaspace       used 9775K, committed 9920K, reserved 1064960K
  class space    used 675K, committed 704K, reserved 1048576K
}
Event: 5.603 GC heap after
{Heap after GC invocations=3 (full 0):
 garbage-first heap   total 251904K, used 21228K [0x000000070a000000, 0x0000000800000000)
  region size 2048K, 1 young (2048K), 1 survivors (2048K)
 Metaspace       used 9775K, committed 9920K, reserved 1064960K
  class space    used 675K, committed 704K, reserved 1048576K
}

Deoptimization events (20 events):
Event: 9.510 Thread 0x00000206d8b21670 DEOPT PACKING pc=0x00000206e82c9950 sp=0x000000433d6fed20
Event: 9.510 Thread 0x00000206d8b21670 DEOPT UNPACKING pc=0x00000206e06423a3 sp=0x000000433d6fed28 mode 2
Event: 9.541 Thread 0x00000206d8b21670 DEOPT PACKING pc=0x00000206e1141e88 sp=0x000000433d6fed40
Event: 9.541 Thread 0x00000206d8b21670 DEOPT UNPACKING pc=0x00000206e0642b43 sp=0x000000433d6fe218 mode 0
Event: 9.574 Thread 0x00000206d8b21670 DEOPT PACKING pc=0x00000206e1141e88 sp=0x000000433d6fed40
Event: 9.574 Thread 0x00000206d8b21670 DEOPT UNPACKING pc=0x00000206e0642b43 sp=0x000000433d6fe218 mode 0
Event: 9.607 Thread 0x00000206d8b21670 DEOPT PACKING pc=0x00000206e1141e88 sp=0x000000433d6fed40
Event: 9.607 Thread 0x00000206d8b21670 DEOPT UNPACKING pc=0x00000206e0642b43 sp=0x000000433d6fe218 mode 0
Event: 9.641 Thread 0x00000206d8b21670 DEOPT PACKING pc=0x00000206e1141e88 sp=0x000000433d6fed40
Event: 9.641 Thread 0x00000206d8b21670 DEOPT UNPACKING pc=0x00000206e0642b43 sp=0x000000433d6fe218 mode 0
Event: 9.642 Thread 0x00000206d8b21670 DEOPT PACKING pc=0x00000206e1141e88 sp=0x000000433d6fed40
Event: 9.642 Thread 0x00000206d8b21670 DEOPT UNPACKING pc=0x00000206e0642b43 sp=0x000000433d6fe218 mode 0
Event: 9.674 Thread 0x00000206d8b21670 DEOPT PACKING pc=0x00000206e1141e88 sp=0x000000433d6fed40
Event: 9.674 Thread 0x00000206d8b21670 DEOPT UNPACKING pc=0x00000206e0642b43 sp=0x000000433d6fe218 mode 0
Event: 10.357 Thread 0x00000206d8b21670 DEOPT PACKING pc=0x00000206e1137d11 sp=0x000000433d6feca0
Event: 10.357 Thread 0x00000206d8b21670 DEOPT UNPACKING pc=0x00000206e0642b43 sp=0x000000433d6fe198 mode 0
Event: 11.703 Thread 0x00000206d8b21670 Uncommon trap: trap_request=0xffffff45 fr.pc=0x00000206e822b398 relative=0x0000000000000098
Event: 11.703 Thread 0x00000206d8b21670 Uncommon trap: reason=unstable_if action=reinterpret pc=0x00000206e822b398 method=com.badlogic.gdx.utils.IntArray.add(I)V @ 11 c2
Event: 11.703 Thread 0x00000206d8b21670 DEOPT PACKING pc=0x00000206e822b398 sp=0x000000433d6fe230
Event: 11.703 Thread 0x00000206d8b21670 DEOPT UNPACKING pc=0x00000206e06423a3 sp=0x000000433d6fe1d0 mode 2

Classes unloaded (0 events):
No events

Classes redefined (0 events):
No events

Internal exceptions (20 events):
Event: 0.156 Thread 0x00000206d8b21670 Exception <a 'java/lang/NoSuchMethodError'{0x0000000719185de8}: 'java.lang.Object java.lang.invoke.DirectMethodHandle$Holder.invokeStaticInit(java.lang.Object)'> (0x0000000719185de8) 
thrown [e:\jenkins\tmp\workspace\build\src\src\hotspot\share\interpreter\linkResolver.cpp, line 766]
Event: 0.165 Thread 0x00000206d8b21670 Exception <a 'java/lang/NoSuchMethodError'{0x00000007191e79d0}: 'void java.lang.invoke.DirectMethodHandle$Holder.invokeStatic(java.lang.Object, java.lang.Object)'> (0x00000007191e79d0) 
thrown [e:\jenkins\tmp\workspace\build\src\src\hotspot\share\interpreter\linkResolver.cpp, line 766]
Event: 0.166 Thread 0x00000206d8b21670 Exception <a 'java/lang/NoSuchMethodError'{0x00000007191ed218}: 'void java.lang.invoke.DirectMethodHandle$Holder.invokeSpecial(java.lang.Object, java.lang.Object, java.lang.Object)'> (0x00000007191ed218) 
thrown [e:\jenkins\tmp\workspace\build\src\src\hotspot\share\interpreter\linkResolver.cpp, line 766]
Event: 0.168 Thread 0x00000206d8b21670 Exception <a 'java/lang/NoSuchMethodError'{0x0000000718e00cb8}: 'java.lang.Object java.lang.invoke.DirectMethodHandle$Holder.invokeStatic(java.lang.Object, java.lang.Object, int)'> (0x0000000718e00cb8) 
thrown [e:\jenkins\tmp\workspace\build\src\src\hotspot\share\interpreter\linkResolver.cpp, line 766]
Event: 0.169 Thread 0x00000206d8b21670 Exception <a 'java/lang/NoSuchMethodError'{0x0000000718e0ca28}: 'void java.lang.invoke.DelegatingMethodHandle$Holder.delegate(java.lang.Object, java.lang.Object, int, java.lang.Object)'> (0x0000000718e0ca28) 
thrown [e:\jenkins\tmp\workspace\build\src\src\hotspot\share\interpreter\linkResolver.cpp, line 766]
Event: 0.169 Thread 0x00000206d8b21670 Exception <a 'java/lang/NoSuchMethodError'{0x0000000718e10c68}: 'int java.lang.invoke.DirectMethodHandle$Holder.invokeSpecial(java.lang.Object, java.lang.Object, java.lang.Object)'> (0x0000000718e10c68) 
thrown [e:\jenkins\tmp\workspace\build\src\src\hotspot\share\interpreter\linkResolver.cpp, line 766]
Event: 0.193 Thread 0x00000206d8b21670 Exception <a 'sun/nio/fs/WindowsException'{0x0000000718eb76f0}> (0x0000000718eb76f0) 
thrown [e:\jenkins\tmp\workspace\build\src\src\hotspot\share\prims\jni.cpp, line 516]
Event: 0.194 Thread 0x00000206d8b21670 Exception <a 'sun/nio/fs/WindowsException'{0x0000000718eb7c48}> (0x0000000718eb7c48) 
thrown [e:\jenkins\tmp\workspace\build\src\src\hotspot\share\prims\jni.cpp, line 516]
Event: 0.215 Thread 0x00000206d8b21670 Exception <a 'sun/nio/fs/WindowsException'{0x0000000718fa5a80}> (0x0000000718fa5a80) 
thrown [e:\jenkins\tmp\workspace\build\src\src\hotspot\share\prims\jni.cpp, line 516]
Event: 0.215 Thread 0x00000206d8b21670 Exception <a 'sun/nio/fs/WindowsException'{0x0000000718fa5e20}> (0x0000000718fa5e20) 
thrown [e:\jenkins\tmp\workspace\build\src\src\hotspot\share\prims\jni.cpp, line 516]
Event: 0.233 Thread 0x00000206d8b21670 Exception <a 'sun/nio/fs/WindowsException'{0x0000000718c54910}> (0x0000000718c54910) 
thrown [e:\jenkins\tmp\workspace\build\src\src\hotspot\share\prims\jni.cpp, line 516]
Event: 0.233 Thread 0x00000206d8b21670 Exception <a 'sun/nio/fs/WindowsException'{0x0000000718c54c80}> (0x0000000718c54c80) 
thrown [e:\jenkins\tmp\workspace\build\src\src\hotspot\share\prims\jni.cpp, line 516]
Event: 0.270 Thread 0x00000206d8b21670 Exception <a 'sun/nio/fs/WindowsException'{0x0000000718cd8c08}> (0x0000000718cd8c08) 
thrown [e:\jenkins\tmp\workspace\build\src\src\hotspot\share\prims\jni.cpp, line 516]
Event: 0.270 Thread 0x00000206d8b21670 Exception <a 'sun/nio/fs/WindowsException'{0x0000000718cd8f90}> (0x0000000718cd8f90) 
thrown [e:\jenkins\tmp\workspace\build\src\src\hotspot\share\prims\jni.cpp, line 516]
Event: 0.738 Thread 0x00000206d8b21670 Exception <a 'sun/nio/fs/WindowsException'{0x0000000718abca78}> (0x0000000718abca78) 
thrown [e:\jenkins\tmp\workspace\build\src\src\hotspot\share\prims\jni.cpp, line 516]
Event: 0.738 Thread 0x00000206d8b21670 Exception <a 'sun/nio/fs/WindowsException'{0x0000000718abce28}> (0x0000000718abce28) 
thrown [e:\jenkins\tmp\workspace\build\src\src\hotspot\share\prims\jni.cpp, line 516]
Event: 0.741 Thread 0x00000206d8b21670 Exception <a 'sun/nio/fs/WindowsException'{0x0000000718ac8f58}> (0x0000000718ac8f58) 
thrown [e:\jenkins\tmp\workspace\build\src\src\hotspot\share\prims\jni.cpp, line 516]
Event: 0.741 Thread 0x00000206d8b21670 Exception <a 'sun/nio/fs/WindowsException'{0x0000000718ac9240}> (0x0000000718ac9240) 
thrown [e:\jenkins\tmp\workspace\build\src\src\hotspot\share\prims\jni.cpp, line 516]
Event: 4.668 Thread 0x00000206d8b21670 Implicit null exception at 0x00000206e81ff93f to 0x00000206e81ffa1c
Event: 4.684 Thread 0x00000206d8b21670 Implicit null exception at 0x00000206e81fa5b0 to 0x00000206e81fa788

VM Operations (20 events):
Event: 4.622 Executing VM operation: HandshakeAllThreads
Event: 4.622 Executing VM operation: HandshakeAllThreads done
Event: 5.127 Executing VM operation: G1CollectForAllocation
Event: 5.137 Executing VM operation: G1CollectForAllocation done
Event: 5.598 Executing VM operation: G1CollectForAllocation
Event: 5.603 Executing VM operation: G1CollectForAllocation done
Event: 6.603 Executing VM operation: Cleanup
Event: 6.603 Executing VM operation: Cleanup done
Event: 7.947 Executing VM operation: ICBufferFull
Event: 7.947 Executing VM operation: ICBufferFull done
Event: 9.113 Executing VM operation: ICBufferFull
Event: 9.113 Executing VM operation: ICBufferFull done
Event: 10.364 Executing VM operation: ICBufferFull
Event: 10.365 Executing VM operation: ICBufferFull done
Event: 11.365 Executing VM operation: Cleanup
Event: 11.365 Executing VM operation: Cleanup done
Event: 12.498 Executing VM operation: ICBufferFull
Event: 12.498 Executing VM operation: ICBufferFull done
Event: 13.498 Executing VM operation: Cleanup
Event: 13.498 Executing VM operation: Cleanup done

Events (20 events):
Event: 4.764 loading class jdk/internal/math/FormattedFloatingDecimal$2
Event: 4.764 loading class jdk/internal/math/FormattedFloatingDecimal$2 done
Event: 4.783 Thread 0x0000020688d029d0 Thread added: 0x0000020688d029d0
Event: 4.852 Thread 0x000002068f3625e0 Thread added: 0x000002068f3625e0
Event: 4.865 Thread 0x000002068ef46570 Thread added: 0x000002068ef46570
Event: 4.865 Thread 0x000002068e9dad70 Thread added: 0x000002068e9dad70
Event: 5.030 Thread 0x000002068e9dad70 Thread exited: 0x000002068e9dad70
Event: 5.137 Thread 0x000002068ef46570 Thread exited: 0x000002068ef46570
Event: 5.137 Thread 0x000002068f3625e0 Thread exited: 0x000002068f3625e0
Event: 5.139 Thread 0x00000206887e4530 Thread exited: 0x00000206887e4530
Event: 5.139 Thread 0x00000206887e4020 Thread exited: 0x00000206887e4020
Event: 5.604 Thread 0x0000020688718660 Thread exited: 0x0000020688718660
Event: 5.813 Thread 0x000002068867b600 Thread exited: 0x000002068867b600
Event: 8.213 Thread 0x000002068870db90 Thread exited: 0x000002068870db90
Event: 10.552 Thread 0x00000206887c8330 Thread exited: 0x00000206887c8330
Event: 10.704 Thread 0x00000206887c8330 Thread added: 0x00000206887c8330
Event: 10.704 Thread 0x00000206887d06d0 Thread added: 0x00000206887d06d0
Event: 11.215 Thread 0x00000206887d06d0 Thread exited: 0x00000206887d06d0
Event: 11.216 Thread 0x00000206887c8330 Thread exited: 0x00000206887c8330
Event: 11.331 Thread 0x00000206887c9670 Thread exited: 0x00000206887c9670


Dynamic libraries:
0x00007ff78f960000 - 0x00007ff78f96e000 	C:\Program Files\Eclipse Adoptium\jdk-17.0.1.12-hotspot\bin\java.exe
0x00007ffdc5cd0000 - 0x00007ffdc5ec5000 	C:\Windows\SYSTEM32\ntdll.dll
0x00007ffdc4060000 - 0x00007ffdc411d000 	C:\Windows\System32\KERNEL32.DLL
0x00007ffdc3720000 - 0x00007ffdc39ed000 	C:\Windows\System32\KERNELBASE.dll
0x00007ffdc33b0000 - 0x00007ffdc34b0000 	C:\Windows\System32\ucrtbase.dll
0x00007ffdaa510000 - 0x00007ffdaa529000 	C:\Program Files\Eclipse Adoptium\jdk-17.0.1.12-hotspot\bin\VCRUNTIME140.dll
0x00007ffdaa4f0000 - 0x00007ffdaa508000 	C:\Program Files\Eclipse Adoptium\jdk-17.0.1.12-hotspot\bin\jli.dll
0x00007ffdc5530000 - 0x00007ffdc56d0000 	C:\Windows\System32\USER32.dll
0x00007ffdc3c20000 - 0x00007ffdc3c42000 	C:\Windows\System32\win32u.dll
0x00007ffdad620000 - 0x00007ffdad8ba000 	C:\Windows\WinSxS\amd64_microsoft.windows.common-controls_6595b64144ccf1df_6.0.19041.1110_none_60b5254171f9507e\COMCTL32.dll
0x00007ffdc5bd0000 - 0x00007ffdc5bfa000 	C:\Windows\System32\GDI32.dll
0x00007ffdc5190000 - 0x00007ffdc522e000 	C:\Windows\System32\msvcrt.dll
0x00007ffdc3610000 - 0x00007ffdc371b000 	C:\Windows\System32\gdi32full.dll
0x00007ffdc39f0000 - 0x00007ffdc3a8d000 	C:\Windows\System32\msvcp_win.dll
0x00007ffdc4eb0000 - 0x00007ffdc4ee0000 	C:\Windows\System32\IMM32.DLL
0x00007ffdbee20000 - 0x00007ffdbee2c000 	C:\Program Files\Eclipse Adoptium\jdk-17.0.1.12-hotspot\bin\vcruntime140_1.dll
0x00007ffd932c0000 - 0x00007ffd93351000 	C:\Program Files\Eclipse Adoptium\jdk-17.0.1.12-hotspot\bin\msvcp140.dll
0x00007ffd3e590000 - 0x00007ffd3f1d6000 	C:\Program Files\Eclipse Adoptium\jdk-17.0.1.12-hotspot\bin\server\jvm.dll
0x00007ffdc3fb0000 - 0x00007ffdc405e000 	C:\Windows\System32\ADVAPI32.dll
0x00007ffdc3e80000 - 0x00007ffdc3f1c000 	C:\Windows\System32\sechost.dll
0x00007ffdc3d50000 - 0x00007ffdc3e75000 	C:\Windows\System32\RPCRT4.dll
0x00007ffdc4ee0000 - 0x00007ffdc4ee8000 	C:\Windows\System32\PSAPI.DLL
0x00007ffda5c00000 - 0x00007ffda5c09000 	C:\Windows\SYSTEM32\WSOCK32.dll
0x00007ffdb8890000 - 0x00007ffdb88b7000 	C:\Windows\SYSTEM32\WINMM.dll
0x00007ffdbc260000 - 0x00007ffdbc26a000 	C:\Windows\SYSTEM32\VERSION.dll
0x00007ffdc52e0000 - 0x00007ffdc534b000 	C:\Windows\System32\WS2_32.dll
0x00007ffdc1c40000 - 0x00007ffdc1c52000 	C:\Windows\SYSTEM32\kernel.appcore.dll
0x00007ffdaae00000 - 0x00007ffdaae0a000 	C:\Program Files\Eclipse Adoptium\jdk-17.0.1.12-hotspot\bin\jimage.dll
0x00007ffdc1a30000 - 0x00007ffdc1c14000 	C:\Windows\SYSTEM32\DBGHELP.DLL
0x00007ffdb8de0000 - 0x00007ffdb8e0c000 	C:\Windows\SYSTEM32\dbgcore.DLL
0x00007ffdc3a90000 - 0x00007ffdc3b12000 	C:\Windows\System32\bcryptPrimitives.dll
0x00007ffd933a0000 - 0x00007ffd933c5000 	C:\Program Files\Eclipse Adoptium\jdk-17.0.1.12-hotspot\bin\java.dll
0x00007ffd63bc0000 - 0x00007ffd63c96000 	C:\Program Files\Eclipse Adoptium\jdk-17.0.1.12-hotspot\bin\svml.dll
0x00007ffdc4120000 - 0x00007ffdc4864000 	C:\Windows\System32\SHELL32.dll
0x00007ffdc1150000 - 0x00007ffdc18e4000 	C:\Windows\SYSTEM32\windows.storage.dll
0x00007ffdc5870000 - 0x00007ffdc5bc4000 	C:\Windows\System32\combase.dll
0x00007ffdc2e10000 - 0x00007ffdc2e3c000 	C:\Windows\SYSTEM32\Wldp.dll
0x00007ffdc5230000 - 0x00007ffdc52dd000 	C:\Windows\System32\SHCORE.dll
0x00007ffdc3cf0000 - 0x00007ffdc3d45000 	C:\Windows\System32\shlwapi.dll
0x00007ffdc32f0000 - 0x00007ffdc330f000 	C:\Windows\SYSTEM32\profapi.dll
0x00007ffda95f0000 - 0x00007ffda9609000 	C:\Program Files\Eclipse Adoptium\jdk-17.0.1.12-hotspot\bin\net.dll
0x00007ffdb4be0000 - 0x00007ffdb4cea000 	C:\Windows\SYSTEM32\WINHTTP.dll
0x00007ffdc2b70000 - 0x00007ffdc2bda000 	C:\Windows\system32\mswsock.dll
0x00007ffda1520000 - 0x00007ffda1535000 	C:\Program Files\Eclipse Adoptium\jdk-17.0.1.12-hotspot\bin\nio.dll
0x00007ffda1350000 - 0x00007ffda1368000 	C:\Program Files\Eclipse Adoptium\jdk-17.0.1.12-hotspot\bin\zip.dll
0x000000006e700000 - 0x000000006e72a000 	C:\Users\grado\AppData\Local\Temp\libgdxgrado\e1cd32f8\gdx64.dll
0x00007ffd8a4f0000 - 0x00007ffd8a554000 	C:\Users\grado\AppData\Local\Temp\lwjglgrado\3.2.3-build-13\lwjgl.dll
0x00007ffd56e40000 - 0x00007ffd57093000 	C:\Users\grado\AppData\Local\Temp\lwjglgrado\3.2.3-build-13\jemalloc.dll
0x00007ffd892d0000 - 0x00007ffd89332000 	C:\Users\grado\AppData\Local\Temp\lwjglgrado\3.2.3-build-13\glfw.dll
0x00007ffdc0870000 - 0x00007ffdc090e000 	C:\Windows\system32\uxtheme.dll
0x00007ffd9d140000 - 0x00007ffd9d185000 	C:\Windows\SYSTEM32\dinput8.dll
0x00007ffd93380000 - 0x00007ffd93391000 	C:\Windows\SYSTEM32\xinput1_4.dll
0x00007ffdc3b20000 - 0x00007ffdc3b6e000 	C:\Windows\System32\cfgmgr32.dll
0x00007ffdc3160000 - 0x00007ffdc318c000 	C:\Windows\SYSTEM32\DEVOBJ.dll
0x00007ffdc0a00000 - 0x00007ffdc0a2f000 	C:\Windows\SYSTEM32\dwmapi.dll
0x00007ffda8c80000 - 0x00007ffda8dd2000 	C:\Windows\SYSTEM32\inputhost.dll
0x00007ffdc4d70000 - 0x00007ffdc4e3d000 	C:\Windows\System32\OLEAUT32.dll
0x00007ffdc0500000 - 0x00007ffdc05f2000 	C:\Windows\SYSTEM32\CoreMessaging.dll
0x00007ffdc01a0000 - 0x00007ffdc04fe000 	C:\Windows\SYSTEM32\CoreUIComponents.dll
0x00007ffdbe990000 - 0x00007ffdbea86000 	C:\Windows\SYSTEM32\PROPSYS.dll
0x00007ffdbfad0000 - 0x00007ffdbfc24000 	C:\Windows\SYSTEM32\wintypes.dll
0x00007ffdc20b0000 - 0x00007ffdc20e3000 	C:\Windows\SYSTEM32\ntmarta.dll
0x00007ffdc5750000 - 0x00007ffdc5865000 	C:\Windows\System32\MSCTF.dll
0x00007ffdc18f0000 - 0x00007ffdc18fd000 	C:\Windows\SYSTEM32\HID.DLL
0x00007ffdc4870000 - 0x00007ffdc4ce1000 	C:\Windows\System32\SETUPAPI.DLL
0x00007ffdc3c50000 - 0x00007ffdc3c77000 	C:\Windows\System32\bcrypt.dll
0x00007ffdc3c80000 - 0x00007ffdc3ce8000 	C:\Windows\System32\WINTRUST.dll
0x00007ffdc34b0000 - 0x00007ffdc3606000 	C:\Windows\System32\CRYPT32.dll
0x00007ffdc2fa0000 - 0x00007ffdc2fb2000 	C:\Windows\SYSTEM32\MSASN1.dll
0x00007ffd76980000 - 0x00007ffd76a8b000 	C:\Users\grado\AppData\Local\Temp\lwjglgrado\3.2.3-build-13\OpenAL.dll
0x00007ffdc5400000 - 0x00007ffdc552a000 	C:\Windows\System32\ole32.dll
0x00007ffdc5350000 - 0x00007ffdc53f9000 	C:\Windows\System32\clbcatq.dll
0x00007ffdbb510000 - 0x00007ffdbb595000 	C:\Windows\System32\MMDevApi.dll
0x00007ffdbbda0000 - 0x00007ffdbbf22000 	C:\Windows\SYSTEM32\AUDIOSES.DLL
0x00007ffdc2930000 - 0x00007ffdc297b000 	C:\Windows\SYSTEM32\powrprof.dll
0x00007ffdc27f0000 - 0x00007ffdc2802000 	C:\Windows\SYSTEM32\UMPDC.dll
0x00007ffdc0a30000 - 0x00007ffdc0a44000 	C:\Windows\SYSTEM32\resourcepolicyclient.dll
0x00007ffd22910000 - 0x00007ffd22a36000 	C:\Windows\SYSTEM32\opengl32.dll
0x00007ffd228e0000 - 0x00007ffd2290c000 	C:\Windows\SYSTEM32\GLU32.dll
0x00007ffdbc2e0000 - 0x00007ffdbc3d7000 	C:\Windows\System32\AppXDeploymentClient.dll
0x00007ffd77040000 - 0x00007ffd7706a000 	C:\Windows\System32\DriverStore\FileRepository\u0361612.inf_amd64_b679e02f70413f9f\B361368\atig6pxx.dll
0x00007ffcfa390000 - 0x00007ffcfd076000 	C:\Windows\System32\DriverStore\FileRepository\u0361612.inf_amd64_b679e02f70413f9f\B361368\atio6axx.dll
0x00007ffd86690000 - 0x00007ffd866b4000 	C:\Windows\SYSTEM32\dxva2.dll
0x00007ffd79060000 - 0x00007ffd7909c000 	C:\Windows\System32\DriverStore\FileRepository\u0361612.inf_amd64_b679e02f70413f9f\B361368\atig6txx.dll
0x00007ffd568d0000 - 0x00007ffd56a89000 	C:\Windows\SYSTEM32\atiadlxx.dll
0x00007ffdb9380000 - 0x00007ffdb93bb000 	C:\Windows\SYSTEM32\dxcore.dll
0x00007ffd628c0000 - 0x00007ffd62919000 	C:\Users\grado\AppData\Local\Temp\lwjglgrado\3.2.3-build-13\lwjgl_opengl.dll
0x00007ffda93b0000 - 0x00007ffda94a9000 	C:\Windows\SYSTEM32\textinputframework.dll

dbghelp: loaded successfully - version: 4.0.5 - missing functions: none
symbol engine: initialized successfully - sym options: 0x614 - pdb path: .;C:\Program Files\Eclipse Adoptium\jdk-17.0.1.12-hotspot\bin;C:\Windows\SYSTEM32;C:\Windows\WinSxS\amd64_microsoft.windows.common-controls_6595b64144ccf1df_6.0.19041.1110_none_60b5254171f9507e;C:\Program Files\Eclipse Adoptium\jdk-17.0.1.12-hotspot\bin\server;C:\Users\grado\AppData\Local\Temp\libgdxgrado\e1cd32f8;C:\Users\grado\AppData\Local\Temp\lwjglgrado\3.2.3-build-13;C:\Windows\System32\DriverStore\FileRepository\u0361612.inf_amd64_b679e02f70413f9f\B361368

VM Arguments:
jvm_args: -XX:+ShowCodeDetailsInExceptionMessages 
java_command: com.crazyputting3d.Main
java_class_path (initial): C:\Users\grado\Desktop\Group-04\3dcrazyputting\desktop\bin\main;\CrazyPutting3D-core\bin\default;C:\Users\grado\Desktop\Group-04\3dcrazyputting\core\bin\main;C:\Users\grado\.gradle\caches\modules-2\files-2.1\com.badlogicgames.gdx\gdx-backend-lwjgl3\1.10.0\600c7d5b2c977daa82c4abad147087b31e0ada87\gdx-backend-lwjgl3-1.10.0.jar;C:\Users\grado\.gradle\caches\modules-2\files-2.1\com.badlogicgames.gdx\gdx-platform\1.10.0\9a8fa793d2fd6d360afc6c9e4c1f5583da263b88\gdx-platform-1.10.0-natives-desktop.jar;C:\Users\grado\.gradle\caches\modules-2\files-2.1\com.badlogicgames.gdx\gdx-bullet-platform\1.10.0\ce92e8dfc762523d769cbc50853163c03bf98cf1\gdx-bullet-platform-1.10.0-natives-desktop.jar;C:\Users\grado\.gradle\caches\modules-2\files-2.1\com.badlogicgames.gdx\gdx-freetype-platform\1.10.0\6e5d28752759e69384f12e4569d2c884ff71352f\gdx-freetype-platform-1.10.0-natives-desktop.jar;C:\Users\grado\.gradle\caches\modules-2\files-2.1\com.badlogicgames.gdx-controllers\gdx-controllers-desktop\2.2.1\cb3430c32468a090eca54d494d16bb3764ceff9b\gdx-controllers-desktop-2.2.1.jar;C:\Users\grado\.gradle\caches\modules-2\files-2.1\org.jetbrains\annotations\20.1.0\2fcd1f3225bca0c4a7bc931142076f8c1e80993f\annotations-20.1.0.jar;C:\Users\grado\.gradle\caches\modules-2\files-2.1\com.badlogicgames.gdx\gdx-bullet\1.10.0\839b58c7278f5c3b55291c3a559d91227400ecdb\gdx-bullet-1.10.0.jar;C:\Users\grado\.gradle\caches\modules-2\files-2.1\com.badlogicgames.gdx\gdx-freetype\1.10.0\de1d0d5c1e92e8d91364256fd6b7bb279d3e9859\gdx-freetype-1.10.0.jar;C:\Users\grado\.gradle\caches\modules-2\files-2.1\com.badlogicgames.gdx\gdx-ai\1.8.2\ab75d2ce80ab1b1ce6828a15dc0f417abac4c674\gdx-ai-1.8.2.jar;C:\Users\grado\.gradle\caches\modules-2\files-2.1\com.badlogicgames.ashley\ashley\1.7.4\21a3a8932919099c4e5006a7d8378dcbe76ef8a5\ashley-1.7.4.jar;C:\Users\grado\.gradle\caches\modules-2\files-2.1\com.badlogicgames.box2dlights\box2dlights\1.5\6902dbcd250c95a27973aa24a147a95b3828d348\box2dlights-1.5.jar;C
Launcher Type: SUN_STANDARD

[Global flags]
     intx CICompilerCount                          = 12                                        {product} {ergonomic}
     uint ConcGCThreads                            = 3                                         {product} {ergonomic}
     uint G1ConcRefinementThreads                  = 13                                        {product} {ergonomic}
   size_t G1HeapRegionSize                         = 2097152                                   {product} {ergonomic}
    uintx GCDrainStackTargetSize                   = 64                                        {product} {ergonomic}
   size_t InitialHeapSize                          = 257949696                                 {product} {ergonomic}
   size_t MarkStackSize                            = 4194304                                   {product} {ergonomic}
   size_t MaxHeapSize                              = 4127195136                                {product} {ergonomic}
   size_t MaxNewSize                               = 2474639360                                {product} {ergonomic}
   size_t MinHeapDeltaBytes                        = 2097152                                   {product} {ergonomic}
   size_t MinHeapSize                              = 8388608                                   {product} {ergonomic}
    uintx NonNMethodCodeHeapSize                   = 7602480                                {pd product} {ergonomic}
    uintx NonProfiledCodeHeapSize                  = 122027880                              {pd product} {ergonomic}
    uintx ProfiledCodeHeapSize                     = 122027880                              {pd product} {ergonomic}
    uintx ReservedCodeCacheSize                    = 251658240                              {pd product} {ergonomic}
     bool SegmentedCodeCache                       = true                                      {product} {ergonomic}
     bool ShowCodeDetailsInExceptionMessages       = true                                   {manageable} {command line}
   size_t SoftMaxHeapSize                          = 4127195136                             {manageable} {ergonomic}
     bool UseCompressedClassPointers               = true                           {product lp64_product} {ergonomic}
     bool UseCompressedOops                        = true                           {product lp64_product} {ergonomic}
     bool UseG1GC                                  = true                                      {product} {ergonomic}
     bool UseLargePagesIndividualAllocation        = false                                  {pd product} {ergonomic}

Logging:
Log output configuration:
 #0: stdout all=warning uptime,level,tags
 #1: stderr all=off uptime,level,tags

Environment Variables:
PATH=C:\Program Files\Common Files\Oracle\Java\javapath;C:\Windows\system32;C:\Windows;C:\Windows\System32\Wbem;C:\Windows\System32\WindowsPowerShell\v1.0\;C:\Windows\System32\OpenSSH\;C:\Program Files (x86)\NVIDIA Corporation\PhysX\Common;C:\Program Files\NVIDIA Corporation\NVIDIA NvDLISR;C:\Program Files\MATLAB\R2022a\bin;C:\Program Files\Gradle\gradle-7.4.2\bin;C:\Program Files\Git\cmd;C:\Users\grado\AppData\Local\Microsoft\WindowsApps;C:\Users\grado\AppData\Local\Programs\Microsoft VS Code\bin;C:\Users\grado\AppData\Local\GitHubDesktop\bin
USERNAME=grado
LANG=en_US.UTF-8
OS=Windows_NT
PROCESSOR_IDENTIFIER=AMD64 Family 23 Model 96 Stepping 1, AuthenticAMD



---------------  S Y S T E M  ---------------

OS:
 Windows 10 , 64 bit Build 19041 (10.0.19041.1706)
OS uptime: 9 days 0:40 hours

CPU: total 16 (initial active 16) (16 cores per cpu, 2 threads per core) family 23 model 96 stepping 1 microcode 0x0, cx8, cmov, fxsr, ht, mmx, 3dnowpref, sse, sse2, sse3, ssse3, sse4a, sse4.1, sse4.2, popcnt, lzcnt, tsc, tscinvbit, avx, avx2, aes, clmul, bmi1, bmi2, adx, sha, fma, vzeroupper, clflush, clflushopt

Memory: 4k page, system-wide physical 15741M (5474M free)
TotalPageFile size 23352M (AvailPageFile size 3598M)
current process WorkingSet (physical memory assigned to process): 553M, peak: 598M
current process commit charge ("private bytes"): 948M, peak: 1002M

vm_info: OpenJDK 64-Bit Server VM (17.0.1+12) for windows-amd64 JRE (17.0.1+12), built on Oct 20 2021 07:42:55 by "" with MS VC++ 16.7 (VS2019)

END.
