#
# A fatal error has been detected by the Java Runtime Environment:
#
#  EXCEPTION_ACCESS_VIOLATION (0xc0000005) at pc=0x00007ffc34d7c530, pid=13296, tid=7420
#
# JRE version: OpenJDK Runtime Environment Temurin-11.0.13+8 (11.0.13+8) (build 11.0.13+8)
# Java VM: OpenJDK 64-Bit Server VM Temurin-11.0.13+8 (11.0.13+8, mixed mode, tiered, compressed oops, g1 gc, windows-amd64)
# Problematic frame:
# C  [lwjgl.dll+0x1c530]
#
# No core dump will be written. Minidumps are not enabled by default on client versions of Windows
#
# If you would like to submit a bug report, please visit:
#   https://github.com/adoptium/adoptium-support/issues
# The crash happened outside the Java Virtual Machine in native code.
# See problematic frame for where to report the bug.
#

---------------  S U M M A R Y ------------

Command Line: com.crazyputting3d.Menu

Host: AMD Ryzen 7 4700U with Radeon Graphics         , 8 cores, 15G,  Windows 10 , 64 bit Build 19041 (10.0.19041.1566)
Time: Thu Apr 14 14:32:35 2022 West-Europa (zomertijd) elapsed time: 24.191966 seconds (0d 0h 0m 24s)

---------------  T H R E A D  ---------------

Current thread (0x00000190d71ef000):  JavaThread "AWT-EventQueue-0" [_thread_in_native, id=7420, stack(0x0000001adfd00000,0x0000001adfe00000)]

Stack: [0x0000001adfd00000,0x0000001adfe00000],  sp=0x0000001adfdfa988,  free space=1002k
Native frames: (J=compiled Java code, j=interpreted, Vv=VM code, C=native code)
C  [lwjgl.dll+0x1c530]

Java frames: (J=compiled Java code, j=interpreted, Vv=VM code)
j  org.lwjgl.system.dyncall.DynCallback.ndcbGetUserData(J)J+0
j  org.lwjgl.system.dyncall.DynCallback.dcbGetUserData(J)J+12
j  org.lwjgl.system.Callback.get(J)Lorg/lwjgl/system/CallbackI;+1
j  org.lwjgl.glfw.GLFWErrorCallback.create(J)Lorg/lwjgl/glfw/GLFWErrorCallback;+1
j  org.lwjgl.glfw.GLFWErrorCallback.createSafe(J)Lorg/lwjgl/glfw/GLFWErrorCallback;+11
j  org.lwjgl.glfw.GLFW.glfwSetErrorCallback(Lorg/lwjgl/glfw/GLFWErrorCallbackI;)Lorg/lwjgl/glfw/GLFWErrorCallback;+7
j  com.badlogic.gdx.backends.lwjgl3.Lwjgl3Application.initializeGlfw()V+21
j  com.badlogic.gdx.backends.lwjgl3.Lwjgl3Application.<init>(Lcom/badlogic/gdx/ApplicationListener;Lcom/badlogic/gdx/backends/lwjgl3/Lwjgl3ApplicationConfiguration;)V+69
j  com.crazyputting3d.Menu$4.actionPerformed(Ljava/awt/event/ActionEvent;)V+53
j  javax.swing.AbstractButton.fireActionPerformed(Ljava/awt/event/ActionEvent;)V+83 java.desktop@11.0.13
j  javax.swing.AbstractButton$Handler.actionPerformed(Ljava/awt/event/ActionEvent;)V+5 java.desktop@11.0.13
j  javax.swing.DefaultButtonModel.fireActionPerformed(Ljava/awt/event/ActionEvent;)V+34 java.desktop@11.0.13
j  javax.swing.DefaultButtonModel.setPressed(Z)V+117 java.desktop@11.0.13
j  javax.swing.plaf.basic.BasicButtonListener.mouseReleased(Ljava/awt/event/MouseEvent;)V+35 java.desktop@11.0.13
j  java.awt.Component.processMouseEvent(Ljava/awt/event/MouseEvent;)V+64 java.desktop@11.0.13
j  javax.swing.JComponent.processMouseEvent(Ljava/awt/event/MouseEvent;)V+23 java.desktop@11.0.13
j  java.awt.Component.processEvent(Ljava/awt/AWTEvent;)V+81 java.desktop@11.0.13
j  java.awt.Container.processEvent(Ljava/awt/AWTEvent;)V+18 java.desktop@11.0.13
j  java.awt.Component.dispatchEventImpl(Ljava/awt/AWTEvent;)V+496 java.desktop@11.0.13
j  java.awt.Container.dispatchEventImpl(Ljava/awt/AWTEvent;)V+42 java.desktop@11.0.13
J 2971 c1 java.awt.Component.dispatchEvent(Ljava/awt/AWTEvent;)V java.desktop@11.0.13 (6 bytes) @ 0x00000190b68eb4c4 [0x00000190b68eb3c0+0x0000000000000104]
j  java.awt.LightweightDispatcher.retargetMouseEvent(Ljava/awt/Component;ILjava/awt/event/MouseEvent;)V+349 java.desktop@11.0.13
j  java.awt.LightweightDispatcher.processMouseEvent(Ljava/awt/event/MouseEvent;)Z+155 java.desktop@11.0.13
j  java.awt.LightweightDispatcher.dispatchEvent(Ljava/awt/AWTEvent;)Z+50 java.desktop@11.0.13
j  java.awt.Container.dispatchEventImpl(Ljava/awt/AWTEvent;)V+12 java.desktop@11.0.13
j  java.awt.Window.dispatchEventImpl(Ljava/awt/AWTEvent;)V+19 java.desktop@11.0.13
J 2971 c1 java.awt.Component.dispatchEvent(Ljava/awt/AWTEvent;)V java.desktop@11.0.13 (6 bytes) @ 0x00000190b68eb4c4 [0x00000190b68eb3c0+0x0000000000000104]
j  java.awt.EventQueue.dispatchEventImpl(Ljava/awt/AWTEvent;Ljava/lang/Object;)V+41 java.desktop@11.0.13
j  java.awt.EventQueue$4.run()Ljava/lang/Void;+32 java.desktop@11.0.13
j  java.awt.EventQueue$4.run()Ljava/lang/Object;+1 java.desktop@11.0.13
v  ~StubRoutines::call_stub
J 735  java.security.AccessController.doPrivileged(Ljava/security/PrivilegedAction;Ljava/security/AccessControlContext;)Ljava/lang/Object; java.base@11.0.13 (0 bytes) @ 0x00000190bd8ad036 [0x00000190bd8acfc0+0x0000000000000076]
J 2635 c1 java.security.ProtectionDomain$JavaSecurityAccessImpl.doIntersectionPrivilege(Ljava/security/PrivilegedAction;Ljava/security/AccessControlContext;Ljava/security/AccessControlContext;)Ljava/lang/Object; java.base@11.0.13 (22 bytes) @ 0x00000190b68104d4 [0x00000190b68101a0+0x0000000000000334]
j  java.security.ProtectionDomain$JavaSecurityAccessImpl.doIntersectionPrivilege(Ljava/security/PrivilegedAction;Ljava/security/AccessControlContext;)Ljava/lang/Object;+6 java.base@11.0.13
j  java.awt.EventQueue$5.run()Ljava/lang/Void;+11 java.desktop@11.0.13
j  java.awt.EventQueue$5.run()Ljava/lang/Object;+1 java.desktop@11.0.13
v  ~StubRoutines::call_stub
J 735  java.security.AccessController.doPrivileged(Ljava/security/PrivilegedAction;Ljava/security/AccessControlContext;)Ljava/lang/Object; java.base@11.0.13 (0 bytes) @ 0x00000190bd8ad036 [0x00000190bd8acfc0+0x0000000000000076]
J 2641 c1 java.awt.EventQueue.dispatchEvent(Ljava/awt/AWTEvent;)V java.desktop@11.0.13 (80 bytes) @ 0x00000190b6813d7c [0x00000190b6813220+0x0000000000000b5c]
J 2645 c1 java.awt.EventDispatchThread.pumpOneEventForFilters(I)V java.desktop@11.0.13 (113 bytes) @ 0x00000190b6817884 [0x00000190b6817120+0x0000000000000764]
j  java.awt.EventDispatchThread.pumpEventsForFilter(ILjava/awt/Conditional;Ljava/awt/EventFilter;)V+35 java.desktop@11.0.13
j  java.awt.EventDispatchThread.pumpEventsForHierarchy(ILjava/awt/Conditional;Ljava/awt/Component;)V+11 java.desktop@11.0.13
j  java.awt.EventDispatchThread.pumpEvents(ILjava/awt/Conditional;)V+4 java.desktop@11.0.13
j  java.awt.EventDispatchThread.pumpEvents(Ljava/awt/Conditional;)V+3 java.desktop@11.0.13
j  java.awt.EventDispatchThread.run()V+9 java.desktop@11.0.13
v  ~StubRoutines::call_stub

siginfo: EXCEPTION_ACCESS_VIOLATION (0xc0000005), reading address 0x00000190d28f0020


Register to memory mapping:

RIP=0x00007ffc34d7c530 lwjgl.dll
RAX=0x00007ffc34d799d0 lwjgl.dll
RBX={method} {0x00000190d80dd4c8} 'ndcbGetUserData' '(J)J' in 'org/lwjgl/system/dyncall/DynCallback'
RCX=0x00000190d28f0000 is an unknown value
RDX=0x0000001adfdfaa18 is pointing into the stack for thread: 0x00000190d71ef000
RSP=0x0000001adfdfa988 is pointing into the stack for thread: 0x00000190d71ef000
RBP=0x0000001adfdfaa08 is pointing into the stack for thread: 0x00000190d71ef000
RSI=0x0000000000000140 is an unknown value
RDI=0x0000000000000ce4 is an unknown value
R8 =0x00000190d28f0000 is an unknown value
R9 =0x0000000709f97c48 is an oop: java.lang.Class 
{0x0000000709f97c48} - klass: 'java/lang/Class'
R10=0x00000190b5daf748 is at code_begin+1000 in an Interpreter codelet
method entry point (kind = native)  [0x00000190b5daf360, 0x00000190b5dafe00]  2720 bytes
R11=0x0000000709fa9ec0 is an oop: java.lang.Class 
{0x0000000709fa9ec0} - klass: 'java/lang/Class'
R12=0x0 is NULL
R13={method} {0x00000190d80dd4c8} 'ndcbGetUserData' '(J)J' in 'org/lwjgl/system/dyncall/DynCallback'
R14=0x0000001adfdfaa30 is pointing into the stack for thread: 0x00000190d71ef000
R15=0x00000190d71ef000 is a thread


Registers:
RAX=0x00007ffc34d799d0, RBX=0x00000190d80dd4c0, RCX=0x00000190d28f0000, RDX=0x0000001adfdfaa18
RSP=0x0000001adfdfa988, RBP=0x0000001adfdfaa08, RSI=0x0000000000000140, RDI=0x0000000000000ce4
R8 =0x00000190d28f0000, R9 =0x0000000709f97c48, R10=0x00000190b5daf748, R11=0x0000000709fa9ec0
R12=0x0000000000000000, R13=0x00000190d80dd4c0, R14=0x0000001adfdfaa30, R15=0x00000190d71ef000
RIP=0x00007ffc34d7c530, EFLAGS=0x0000000000010206

Top of Stack: (sp=0x0000001adfdfa988)
0x0000001adfdfa988:   00000190b5daf777 0000001adfdfa9e0
0x0000001adfdfa998:   00000190d808bb88 0000000000000000
0x0000001adfdfa9a8:   000000071723ee90 0000000709f97bd0
0x0000001adfdfa9b8:   0000000709f9f0c8 0000001adfdfa9c0
0x0000001adfdfa9c8:   0000000000000000 0000001adfdfaa30
0x0000001adfdfa9d8:   00000190d80dee78 0000000000000000
0x0000001adfdfa9e8:   0000000709fa9ec0 00000190d80dd4c0
0x0000001adfdfa9f8:   0000000000000000 0000001adfdfaa28
0x0000001adfdfaa08:   0000001adfdfaa80 00000190b5daa010
0x0000001adfdfaa18:   0000000709fa9ec0 00000190b5dac6f7
0x0000001adfdfaa28:   00000190d28f0000 0000000000000000
0x0000001adfdfaa38:   0000001adfdfaa38 00000190d80dd56c
0x0000001adfdfaa48:   0000001adfdfaa98 00000190d80dee78
0x0000001adfdfaa58:   0000000000000000 0000000709fa9ec0
0x0000001adfdfaa68:   00000190d80dd598 0000001adfdfaa28
0x0000001adfdfaa78:   0000001adfdfaa90 0000001adfdfaae8 

Instructions: (pc=0x00007ffc34d7c530)
0x00007ffc34d7c430:   48 63 41 08 4c 8b c1 83 f8 04 7d 0f 48 8b d0 ff
0x00007ffc34d7c440:   c0 89 41 08 f2 0f 10 44 d1 30 c3 48 8b 09 48 8d
0x00007ffc34d7c450:   41 08 49 89 00 f2 0f 10 01 c3 cc cc cc cc cc cc
0x00007ffc34d7c460:   48 63 41 08 4c 8b c1 83 f8 04 7d 0f 48 8b d0 ff
0x00007ffc34d7c470:   c0 89 41 08 f3 0f 10 44 d1 30 c3 48 8b 09 48 8d
0x00007ffc34d7c480:   41 08 49 89 00 f3 0f 10 01 c3 cc cc cc cc cc cc
0x00007ffc34d7c490:   4c 8b c1 48 63 49 08 83 f9 04 7d 0f 8d 41 01 49
0x00007ffc34d7c4a0:   8d 14 c8 41 89 40 08 8b 42 10 c3 49 8b 08 48 8d
0x00007ffc34d7c4b0:   41 08 49 89 00 8b 01 c3 cc cc cc cc cc cc cc cc
0x00007ffc34d7c4c0:   48 63 51 08 4c 8b c1 83 fa 04 7d 0e 48 8b c2 ff
0x00007ffc34d7c4d0:   c2 89 51 08 48 8b 44 c1 10 c3 48 8b 01 48 8d 48
0x00007ffc34d7c4e0:   08 49 89 08 48 8b 00 c3 cc cc cc cc cc cc cc cc
0x00007ffc34d7c4f0:   4c 8b c1 48 63 49 08 83 f9 04 7d 10 8d 41 01 49
0x00007ffc34d7c500:   8d 14 c8 41 89 40 08 0f b7 42 10 c3 49 8b 08 48
0x00007ffc34d7c510:   8d 41 08 49 89 00 0f b7 01 c3 cc cc cc cc cc cc
0x00007ffc34d7c520:   ba 28 00 00 00 e9 e6 00 00 00 cc cc cc cc cc cc
0x00007ffc34d7c530:   48 8b 41 20 c3 cc cc cc cc cc cc cc cc cc cc cc
0x00007ffc34d7c540:   4c 89 41 18 4c 89 49 20 c3 cc cc cc cc cc cc cc
0x00007ffc34d7c550:   48 89 5c 24 08 57 48 83 ec 20 48 8b fa b9 28 00
0x00007ffc34d7c560:   00 00 48 8d 54 24 48 49 8b d8 e8 61 00 00 00 85
0x00007ffc34d7c570:   c0 75 40 48 8b 4c 24 48 48 8d 15 2c 01 00 00 e8
0x00007ffc34d7c580:   9c 00 00 00 48 8b 44 24 48 ba 28 00 00 00 48 89
0x00007ffc34d7c590:   78 18 48 89 58 20 48 8b 4c 24 48 e8 10 dc ff ff
0x00007ffc34d7c5a0:   85 c0 74 1c 48 8b 4c 24 48 ba 28 00 00 00 e8 5d
0x00007ffc34d7c5b0:   00 00 00 33 c0 48 8b 5c 24 30 48 83 c4 20 5f c3
0x00007ffc34d7c5c0:   48 8b 44 24 48 48 8b 5c 24 30 48 83 c4 20 5f c3
0x00007ffc34d7c5d0:   40 53 48 83 ec 20 48 8b da 41 b9 40 00 00 00 48
0x00007ffc34d7c5e0:   8b d1 41 b8 00 10 00 00 33 c9 ff 15 58 ea 01 00
0x00007ffc34d7c5f0:   48 85 c0 75 0b b8 ff ff ff ff 48 83 c4 20 5b c3
0x00007ffc34d7c600:   48 89 03 33 c0 48 83 c4 20 5b c3 cc cc cc cc cc
0x00007ffc34d7c610:   33 d2 41 b8 00 80 00 00 48 ff 25 31 ea 01 00 cc
0x00007ffc34d7c620:   48 b8 25 03 00 00 00 90 90 90 48 c7 01 48 8d 05 


Stack slot to memory mapping:
stack at sp + 0 slots: 0x00000190b5daf777 is at code_begin+1047 in an Interpreter codelet
method entry point (kind = native)  [0x00000190b5daf360, 0x00000190b5dafe00]  2720 bytes
stack at sp + 1 slots: 0x0000001adfdfa9e0 is pointing into the stack for thread: 0x00000190d71ef000
stack at sp + 2 slots: 0x00000190d808bb88 is pointing into metadata
stack at sp + 3 slots: 0x0 is NULL
stack at sp + 4 slots: 0x000000071723ee90 is an oop: java.lang.reflect.Field 
{0x000000071723ee90} - klass: 'java/lang/reflect/Field'
stack at sp + 5 slots: 0x0000000709f97bd0 is an oop: java.lang.Class 
{0x0000000709f97bd0} - klass: 'java/lang/Class'
stack at sp + 6 slots: 0x0000000709f9f0c8 is an oop: java.lang.Class 
{0x0000000709f9f0c8} - klass: 'java/lang/Class'
stack at sp + 7 slots: 0x0000001adfdfa9c0 is pointing into the stack for thread: 0x00000190d71ef000


---------------  P R O C E S S  ---------------

Threads class SMR info:
_java_thread_list=0x00000190ddb790a0, length=17, elements={
0x00000190d1774000, 0x00000190d177d800, 0x00000190d17e4800, 0x00000190d17e6800,
0x00000190d17e7800, 0x00000190d17ea800, 0x00000190d17eb800, 0x00000190d17ed000,
0x00000190d1959000, 0x00000190d200e800, 0x00000190d2023000, 0x00000190d2024000,
0x00000190d71ef000, 0x00000190ad672800, 0x00000190d725b800, 0x00000190ea661800,
0x00000190dd765800
}

Java Threads: ( => current thread )
  0x00000190d1774000 JavaThread "Reference Handler" daemon [_thread_blocked, id=17944, stack(0x0000001ade200000,0x0000001ade300000)]
  0x00000190d177d800 JavaThread "Finalizer" daemon [_thread_blocked, id=16948, stack(0x0000001ade300000,0x0000001ade400000)]
  0x00000190d17e4800 JavaThread "Signal Dispatcher" daemon [_thread_blocked, id=1064, stack(0x0000001ade400000,0x0000001ade500000)]
  0x00000190d17e6800 JavaThread "Attach Listener" daemon [_thread_blocked, id=13764, stack(0x0000001ade500000,0x0000001ade600000)]
  0x00000190d17e7800 JavaThread "Service Thread" daemon [_thread_blocked, id=17184, stack(0x0000001ade600000,0x0000001ade700000)]
  0x00000190d17ea800 JavaThread "C2 CompilerThread0" daemon [_thread_blocked, id=10120, stack(0x0000001ade700000,0x0000001ade800000)]
  0x00000190d17eb800 JavaThread "C1 CompilerThread0" daemon [_thread_blocked, id=14736, stack(0x0000001ade800000,0x0000001ade900000)]
  0x00000190d17ed000 JavaThread "Sweeper thread" daemon [_thread_blocked, id=18156, stack(0x0000001ade900000,0x0000001adea00000)]
  0x00000190d1959000 JavaThread "Common-Cleaner" daemon [_thread_blocked, id=8600, stack(0x0000001adeb00000,0x0000001adec00000)]
  0x00000190d200e800 JavaThread "Java2D Disposer" daemon [_thread_blocked, id=7092, stack(0x0000001aded00000,0x0000001adee00000)]
  0x00000190d2023000 JavaThread "AWT-Shutdown" [_thread_blocked, id=17644, stack(0x0000001adee00000,0x0000001adef00000)]
  0x00000190d2024000 JavaThread "AWT-Windows" daemon [_thread_in_native, id=16036, stack(0x0000001adef00000,0x0000001adf000000)]
=>0x00000190d71ef000 JavaThread "AWT-EventQueue-0" [_thread_in_native, id=7420, stack(0x0000001adfd00000,0x0000001adfe00000)]
  0x00000190ad672800 JavaThread "DestroyJavaVM" [_thread_blocked, id=1372, stack(0x0000001addb00000,0x0000001addc00000)]
  0x00000190d725b800 JavaThread "D3D Screen Updater" daemon [_thread_blocked, id=6716, stack(0x0000001adfe00000,0x0000001adff00000)]
  0x00000190ea661800 JavaThread "LWJGL3 Timer" daemon [_thread_blocked, id=2248, stack(0x0000001ae0c00000,0x0000001ae0d00000)]
  0x00000190dd765800 JavaThread "LWJGL3 Timer" daemon [_thread_blocked, id=18144, stack(0x0000001ae0e00000,0x0000001ae0f00000)]

Other Threads:
  0x00000190d0ebf800 VMThread "VM Thread" [stack: 0x0000001ade100000,0x0000001ade200000] [id=15112]
  0x00000190d1957800 WatcherThread [stack: 0x0000001adea00000,0x0000001adeb00000] [id=3680]
  0x00000190ad68a000 GCTaskThread "GC Thread#0" [stack: 0x0000001addc00000,0x0000001addd00000] [id=9024]
  0x00000190d78aa800 GCTaskThread "GC Thread#1" [stack: 0x0000001ae0400000,0x0000001ae0500000] [id=15912]
  0x00000190d78ab800 GCTaskThread "GC Thread#2" [stack: 0x0000001ae0500000,0x0000001ae0600000] [id=16288]
  0x00000190d78ac000 GCTaskThread "GC Thread#3" [stack: 0x0000001ae0600000,0x0000001ae0700000] [id=6272]
  0x00000190d78ad000 GCTaskThread "GC Thread#4" [stack: 0x0000001ae0700000,0x0000001ae0800000] [id=15908]
  0x00000190d78ad800 GCTaskThread "GC Thread#5" [stack: 0x0000001ae0800000,0x0000001ae0900000] [id=15448]
  0x00000190ad6e3800 ConcurrentGCThread "G1 Main Marker" [stack: 0x0000001addd00000,0x0000001adde00000] [id=3352]
  0x00000190ad6e7000 ConcurrentGCThread "G1 Conc#0" [stack: 0x0000001adde00000,0x0000001addf00000] [id=9052]
  0x00000190ddbe7000 ConcurrentGCThread "G1 Conc#1" [stack: 0x0000001ae0900000,0x0000001ae0a00000] [id=14684]
  0x00000190d0da3000 ConcurrentGCThread "G1 Refine#0" [stack: 0x0000001addf00000,0x0000001ade000000] [id=10368]
  0x00000190d0da4000 ConcurrentGCThread "G1 Young RemSet Sampling" [stack: 0x0000001ade000000,0x0000001ade100000] [id=8540]

Threads with active compile tasks:

VM state:not at safepoint (normal execution)

VM Mutex/Monitor currently owned by a thread: None

Heap address: 0x0000000709800000, size: 3944 MB, Compressed Oops mode: Zero based, Oop shift amount: 3
Narrow klass base: 0x0000000800000000, Narrow klass shift: 0
Compressed class space size: 1073741824 Address: 0x0000000800000000

Heap:
 garbage-first heap   total 253952K, used 132176K [0x0000000709800000, 0x0000000800000000)
  region size 1024K, 49 young (50176K), 19 survivors (19456K)
 Metaspace       used 22915K, capacity 23410K, committed 23680K, reserved 1071104K
  class space    used 1978K, capacity 2176K, committed 2176K, reserved 1048576K
Heap Regions: E=young(eden), S=young(survivor), O=old, HS=humongous(starts), HC=humongous(continues), CS=collection set, F=free, A=archive, TAMS=top-at-mark-start (previous, next)
|   0|0x0000000709800000, 0x0000000709900000, 0x0000000709900000|100%|HS|  |TAMS 0x0000000709900000, 0x0000000709800000| Complete 
|   1|0x0000000709900000, 0x0000000709a00000, 0x0000000709a00000|100%| O|  |TAMS 0x000000070992a000, 0x0000000709900000| Untracked 
|   2|0x0000000709a00000, 0x0000000709b00000, 0x0000000709b00000|100%|HS|  |TAMS 0x0000000709b00000, 0x0000000709a00000| Complete 
|   3|0x0000000709b00000, 0x0000000709c00000, 0x0000000709c00000|100%|HC|  |TAMS 0x0000000709c00000, 0x0000000709b00000| Complete 
|   4|0x0000000709c00000, 0x0000000709d00000, 0x0000000709d00000|100%|HS|  |TAMS 0x0000000709d00000, 0x0000000709c00000| Complete 
|   5|0x0000000709d00000, 0x0000000709e00000, 0x0000000709e00000|100%|HC|  |TAMS 0x0000000709e00000, 0x0000000709d00000| Complete 
|   6|0x0000000709e00000, 0x0000000709f00000, 0x0000000709f00000|100%| O|  |TAMS 0x0000000709e00000, 0x0000000709e00000| Untracked 
|   7|0x0000000709f00000, 0x000000070a000000, 0x000000070a000000|100%| O|  |TAMS 0x0000000709f00000, 0x0000000709f00000| Untracked 
|   8|0x000000070a000000, 0x000000070a100000, 0x000000070a100000|100%| O|  |TAMS 0x000000070a000000, 0x000000070a000000| Untracked 
|   9|0x000000070a100000, 0x000000070a200000, 0x000000070a200000|100%| O|  |TAMS 0x000000070a100000, 0x000000070a100000| Untracked 
|  10|0x000000070a200000, 0x000000070a300000, 0x000000070a300000|100%| O|  |TAMS 0x000000070a200000, 0x000000070a200000| Untracked 
|  11|0x000000070a300000, 0x000000070a400000, 0x000000070a400000|100%| O|  |TAMS 0x000000070a300000, 0x000000070a300000| Untracked 
|  12|0x000000070a400000, 0x000000070a500000, 0x000000070a500000|100%|HS|  |TAMS 0x000000070a400000, 0x000000070a400000| Complete 
|  13|0x000000070a500000, 0x000000070a600000, 0x000000070a600000|100%|HC|  |TAMS 0x000000070a500000, 0x000000070a500000| Complete 
|  14|0x000000070a600000, 0x000000070a700000, 0x000000070a700000|100%|HS|  |TAMS 0x000000070a600000, 0x000000070a600000| Complete 
|  15|0x000000070a700000, 0x000000070a800000, 0x000000070a800000|100%|HC|  |TAMS 0x000000070a700000, 0x000000070a700000| Complete 
|  16|0x000000070a800000, 0x000000070a900000, 0x000000070a900000|100%| O|  |TAMS 0x000000070a800000, 0x000000070a800000| Untracked 
|  17|0x000000070a900000, 0x000000070aa00000, 0x000000070aa00000|100%| O|  |TAMS 0x000000070a900000, 0x000000070a900000| Untracked 
|  18|0x000000070aa00000, 0x000000070ab00000, 0x000000070ab00000|100%| O|  |TAMS 0x000000070aa00000, 0x000000070aa00000| Untracked 
|  19|0x000000070ab00000, 0x000000070ac00000, 0x000000070ac00000|100%| O|  |TAMS 0x000000070ab00000, 0x000000070ab00000| Untracked 
|  20|0x000000070ac00000, 0x000000070ad00000, 0x000000070ad00000|100%| O|  |TAMS 0x000000070ac00000, 0x000000070ac00000| Untracked 
|  21|0x000000070ad00000, 0x000000070ae00000, 0x000000070ae00000|100%|HS|  |TAMS 0x000000070ad00000, 0x000000070ad00000| Complete 
|  22|0x000000070ae00000, 0x000000070af00000, 0x000000070af00000|100%|HC|  |TAMS 0x000000070ae00000, 0x000000070ae00000| Complete 
|  23|0x000000070af00000, 0x000000070b000000, 0x000000070b000000|100%|HS|  |TAMS 0x000000070af00000, 0x000000070af00000| Complete 
|  24|0x000000070b000000, 0x000000070b100000, 0x000000070b100000|100%|HC|  |TAMS 0x000000070b000000, 0x000000070b000000| Complete 
|  25|0x000000070b100000, 0x000000070b200000, 0x000000070b200000|100%|HS|  |TAMS 0x000000070b100000, 0x000000070b100000| Complete 
|  26|0x000000070b200000, 0x000000070b300000, 0x000000070b300000|100%|HC|  |TAMS 0x000000070b200000, 0x000000070b200000| Complete 
|  27|0x000000070b300000, 0x000000070b400000, 0x000000070b400000|100%|HS|  |TAMS 0x000000070b300000, 0x000000070b300000| Complete 
|  28|0x000000070b400000, 0x000000070b500000, 0x000000070b500000|100%|HC|  |TAMS 0x000000070b400000, 0x000000070b400000| Complete 
|  29|0x000000070b500000, 0x000000070b600000, 0x000000070b600000|100%|HS|  |TAMS 0x000000070b500000, 0x000000070b500000| Complete 
|  30|0x000000070b600000, 0x000000070b700000, 0x000000070b700000|100%|HC|  |TAMS 0x000000070b600000, 0x000000070b600000| Complete 
|  31|0x000000070b700000, 0x000000070b800000, 0x000000070b800000|100%|HS|  |TAMS 0x000000070b700000, 0x000000070b700000| Complete 
|  32|0x000000070b800000, 0x000000070b900000, 0x000000070b900000|100%|HC|  |TAMS 0x000000070b800000, 0x000000070b800000| Complete 
|  33|0x000000070b900000, 0x000000070ba00000, 0x000000070ba00000|100%| O|  |TAMS 0x000000070b900000, 0x000000070b900000| Untracked 
|  34|0x000000070ba00000, 0x000000070bb00000, 0x000000070bb00000|100%| O|  |TAMS 0x000000070ba00000, 0x000000070ba00000| Untracked 
|  35|0x000000070bb00000, 0x000000070bc00000, 0x000000070bc00000|100%| O|  |TAMS 0x000000070bb00000, 0x000000070bb00000| Untracked 
|  36|0x000000070bc00000, 0x000000070bd00000, 0x000000070bd00000|100%| O|  |TAMS 0x000000070bc00000, 0x000000070bc00000| Untracked 
|  37|0x000000070bd00000, 0x000000070be00000, 0x000000070be00000|100%| O|  |TAMS 0x000000070bd00000, 0x000000070bd00000| Untracked 
|  38|0x000000070be00000, 0x000000070bf00000, 0x000000070bf00000|100%| O|  |TAMS 0x000000070be00000, 0x000000070be00000| Untracked 
|  39|0x000000070bf00000, 0x000000070c000000, 0x000000070c000000|100%| O|  |TAMS 0x000000070bf00000, 0x000000070bf00000| Untracked 
|  40|0x000000070c000000, 0x000000070c100000, 0x000000070c100000|100%| O|  |TAMS 0x000000070c000000, 0x000000070c000000| Untracked 
|  41|0x000000070c100000, 0x000000070c200000, 0x000000070c200000|100%| O|  |TAMS 0x000000070c100000, 0x000000070c100000| Untracked 
|  42|0x000000070c200000, 0x000000070c300000, 0x000000070c300000|100%| O|  |TAMS 0x000000070c200000, 0x000000070c200000| Untracked 
|  43|0x000000070c300000, 0x000000070c400000, 0x000000070c400000|100%| O|  |TAMS 0x000000070c300000, 0x000000070c300000| Untracked 
|  44|0x000000070c400000, 0x000000070c500000, 0x000000070c500000|100%| O|  |TAMS 0x000000070c400000, 0x000000070c400000| Untracked 
|  45|0x000000070c500000, 0x000000070c600000, 0x000000070c600000|100%| O|  |TAMS 0x000000070c500000, 0x000000070c500000| Untracked 
|  46|0x000000070c600000, 0x000000070c700000, 0x000000070c700000|100%| O|  |TAMS 0x000000070c600000, 0x000000070c600000| Untracked 
|  47|0x000000070c700000, 0x000000070c800000, 0x000000070c800000|100%| O|  |TAMS 0x000000070c700000, 0x000000070c700000| Untracked 
|  48|0x000000070c800000, 0x000000070c900000, 0x000000070c900000|100%| O|  |TAMS 0x000000070c800000, 0x000000070c800000| Untracked 
|  49|0x000000070c900000, 0x000000070ca00000, 0x000000070ca00000|100%| O|  |TAMS 0x000000070c900000, 0x000000070c900000| Untracked 
|  50|0x000000070ca00000, 0x000000070cb00000, 0x000000070cb00000|100%|HS|  |TAMS 0x000000070ca00000, 0x000000070ca00000| Complete 
|  51|0x000000070cb00000, 0x000000070cc00000, 0x000000070cc00000|100%|HC|  |TAMS 0x000000070cb00000, 0x000000070cb00000| Complete 
|  52|0x000000070cc00000, 0x000000070cd00000, 0x000000070cd00000|100%|HS|  |TAMS 0x000000070cc00000, 0x000000070cc00000| Complete 
|  53|0x000000070cd00000, 0x000000070ce00000, 0x000000070ce00000|100%|HC|  |TAMS 0x000000070cd00000, 0x000000070cd00000| Complete 
|  54|0x000000070ce00000, 0x000000070cf00000, 0x000000070cf00000|100%| O|  |TAMS 0x000000070ce00000, 0x000000070ce00000| Untracked 
|  55|0x000000070cf00000, 0x000000070d000000, 0x000000070d000000|100%| O|  |TAMS 0x000000070cf00000, 0x000000070cf00000| Untracked 
|  56|0x000000070d000000, 0x000000070d100000, 0x000000070d100000|100%| O|  |TAMS 0x000000070d000000, 0x000000070d000000| Untracked 
|  57|0x000000070d100000, 0x000000070d200000, 0x000000070d200000|100%| O|  |TAMS 0x000000070d100000, 0x000000070d100000| Untracked 
|  58|0x000000070d200000, 0x000000070d300000, 0x000000070d300000|100%| O|  |TAMS 0x000000070d200000, 0x000000070d200000| Untracked 
|  59|0x000000070d300000, 0x000000070d400000, 0x000000070d400000|100%| O|  |TAMS 0x000000070d300000, 0x000000070d300000| Untracked 
|  60|0x000000070d400000, 0x000000070d500000, 0x000000070d500000|100%| O|  |TAMS 0x000000070d400000, 0x000000070d400000| Untracked 
|  61|0x000000070d500000, 0x000000070d51ca00, 0x000000070d600000| 11%| O|  |TAMS 0x000000070d500000, 0x000000070d500000| Untracked 
|  62|0x000000070d600000, 0x000000070d700000, 0x000000070d700000|100%|HS|  |TAMS 0x000000070d600000, 0x000000070d600000| Complete 
|  63|0x000000070d700000, 0x000000070d800000, 0x000000070d800000|100%|HC|  |TAMS 0x000000070d700000, 0x000000070d700000| Complete 
|  64|0x000000070d800000, 0x000000070d900000, 0x000000070d900000|100%|HS|  |TAMS 0x000000070d800000, 0x000000070d800000| Complete 
|  65|0x000000070d900000, 0x000000070da00000, 0x000000070da00000|100%|HC|  |TAMS 0x000000070d900000, 0x000000070d900000| Complete 
|  66|0x000000070da00000, 0x000000070db00000, 0x000000070db00000|100%|HS|  |TAMS 0x000000070da00000, 0x000000070da00000| Complete 
|  67|0x000000070db00000, 0x000000070dc00000, 0x000000070dc00000|100%|HC|  |TAMS 0x000000070db00000, 0x000000070db00000| Complete 
|  68|0x000000070dc00000, 0x000000070dd00000, 0x000000070dd00000|100%|HS|  |TAMS 0x000000070dc00000, 0x000000070dc00000| Complete 
|  69|0x000000070dd00000, 0x000000070de00000, 0x000000070de00000|100%|HC|  |TAMS 0x000000070dd00000, 0x000000070dd00000| Complete 
|  70|0x000000070de00000, 0x000000070df00000, 0x000000070df00000|100%|HS|  |TAMS 0x000000070de00000, 0x000000070de00000| Complete 
|  71|0x000000070df00000, 0x000000070e000000, 0x000000070e000000|100%|HC|  |TAMS 0x000000070df00000, 0x000000070df00000| Complete 
|  72|0x000000070e000000, 0x000000070e100000, 0x000000070e100000|100%|HS|  |TAMS 0x000000070e000000, 0x000000070e000000| Complete 
|  73|0x000000070e100000, 0x000000070e200000, 0x000000070e200000|100%|HC|  |TAMS 0x000000070e100000, 0x000000070e100000| Complete 
|  74|0x000000070e200000, 0x000000070e300000, 0x000000070e300000|100%|HS|  |TAMS 0x000000070e200000, 0x000000070e200000| Complete 
|  75|0x000000070e300000, 0x000000070e400000, 0x000000070e400000|100%|HC|  |TAMS 0x000000070e300000, 0x000000070e300000| Complete 
|  76|0x000000070e400000, 0x000000070e500000, 0x000000070e500000|100%|HS|  |TAMS 0x000000070e400000, 0x000000070e400000| Complete 
|  77|0x000000070e500000, 0x000000070e600000, 0x000000070e600000|100%|HC|  |TAMS 0x000000070e500000, 0x000000070e500000| Complete 
|  78|0x000000070e600000, 0x000000070e700000, 0x000000070e700000|100%|HS|  |TAMS 0x000000070e600000, 0x000000070e600000| Complete 
|  79|0x000000070e700000, 0x000000070e800000, 0x000000070e800000|100%|HC|  |TAMS 0x000000070e700000, 0x000000070e700000| Complete 
|  80|0x000000070e800000, 0x000000070e900000, 0x000000070e900000|100%|HS|  |TAMS 0x000000070e800000, 0x000000070e800000| Complete 
|  81|0x000000070e900000, 0x000000070ea00000, 0x000000070ea00000|100%|HC|  |TAMS 0x000000070e900000, 0x000000070e900000| Complete 
|  82|0x000000070ea00000, 0x000000070ea00000, 0x000000070eb00000|  0%| F|  |TAMS 0x000000070ea00000, 0x000000070ea00000| Untracked 
|  83|0x000000070eb00000, 0x000000070eb00000, 0x000000070ec00000|  0%| F|  |TAMS 0x000000070eb00000, 0x000000070eb00000| Untracked 
|  84|0x000000070ec00000, 0x000000070ecf76b0, 0x000000070ed00000| 96%| S|CS|TAMS 0x000000070ec00000, 0x000000070ec00000| Complete 
|  85|0x000000070ed00000, 0x000000070ee00000, 0x000000070ee00000|100%| S|CS|TAMS 0x000000070ed00000, 0x000000070ed00000| Complete 
|  86|0x000000070ee00000, 0x000000070ef00000, 0x000000070ef00000|100%| S|CS|TAMS 0x000000070ee00000, 0x000000070ee00000| Complete 
|  87|0x000000070ef00000, 0x000000070f000000, 0x000000070f000000|100%| S|CS|TAMS 0x000000070ef00000, 0x000000070ef00000| Complete 
|  88|0x000000070f000000, 0x000000070f100000, 0x000000070f100000|100%| S|CS|TAMS 0x000000070f000000, 0x000000070f000000| Complete 
|  89|0x000000070f100000, 0x000000070f200000, 0x000000070f200000|100%| S|CS|TAMS 0x000000070f100000, 0x000000070f100000| Complete 
|  90|0x000000070f200000, 0x000000070f300000, 0x000000070f300000|100%| S|CS|TAMS 0x000000070f200000, 0x000000070f200000| Complete 
|  91|0x000000070f300000, 0x000000070f400000, 0x000000070f400000|100%| S|CS|TAMS 0x000000070f300000, 0x000000070f300000| Complete 
|  92|0x000000070f400000, 0x000000070f500000, 0x000000070f500000|100%| S|CS|TAMS 0x000000070f400000, 0x000000070f400000| Complete 
|  93|0x000000070f500000, 0x000000070f600000, 0x000000070f600000|100%| S|CS|TAMS 0x000000070f500000, 0x000000070f500000| Complete 
|  94|0x000000070f600000, 0x000000070f700000, 0x000000070f700000|100%| S|CS|TAMS 0x000000070f600000, 0x000000070f600000| Complete 
|  95|0x000000070f700000, 0x000000070f800000, 0x000000070f800000|100%| S|CS|TAMS 0x000000070f700000, 0x000000070f700000| Complete 
|  96|0x000000070f800000, 0x000000070f800000, 0x000000070f900000|  0%| F|  |TAMS 0x000000070f800000, 0x000000070f800000| Untracked 
|  97|0x000000070f900000, 0x000000070f900000, 0x000000070fa00000|  0%| F|  |TAMS 0x000000070f900000, 0x000000070f900000| Untracked 
|  98|0x000000070fa00000, 0x000000070fa00000, 0x000000070fb00000|  0%| F|  |TAMS 0x000000070fa00000, 0x000000070fa00000| Untracked 
|  99|0x000000070fb00000, 0x000000070fb00000, 0x000000070fc00000|  0%| F|  |TAMS 0x000000070fb00000, 0x000000070fb00000| Untracked 
| 100|0x000000070fc00000, 0x000000070fc00000, 0x000000070fd00000|  0%| F|  |TAMS 0x000000070fc00000, 0x000000070fc00000| Untracked 
| 101|0x000000070fd00000, 0x000000070fd00000, 0x000000070fe00000|  0%| F|  |TAMS 0x000000070fd00000, 0x000000070fd00000| Untracked 
| 102|0x000000070fe00000, 0x000000070fe00000, 0x000000070ff00000|  0%| F|  |TAMS 0x000000070fe00000, 0x000000070fe00000| Untracked 
| 103|0x000000070ff00000, 0x000000070ff00000, 0x0000000710000000|  0%| F|  |TAMS 0x000000070ff00000, 0x000000070ff00000| Untracked 
| 104|0x0000000710000000, 0x0000000710000000, 0x0000000710100000|  0%| F|  |TAMS 0x0000000710000000, 0x0000000710000000| Untracked 
| 105|0x0000000710100000, 0x0000000710100000, 0x0000000710200000|  0%| F|  |TAMS 0x0000000710100000, 0x0000000710100000| Untracked 
| 106|0x0000000710200000, 0x0000000710200000, 0x0000000710300000|  0%| F|  |TAMS 0x0000000710200000, 0x0000000710200000| Untracked 
| 107|0x0000000710300000, 0x0000000710300000, 0x0000000710400000|  0%| F|  |TAMS 0x0000000710300000, 0x0000000710300000| Untracked 
| 108|0x0000000710400000, 0x0000000710400000, 0x0000000710500000|  0%| F|  |TAMS 0x0000000710400000, 0x0000000710400000| Untracked 
| 109|0x0000000710500000, 0x0000000710500000, 0x0000000710600000|  0%| F|  |TAMS 0x0000000710500000, 0x0000000710500000| Untracked 
| 110|0x0000000710600000, 0x0000000710600000, 0x0000000710700000|  0%| F|  |TAMS 0x0000000710600000, 0x0000000710600000| Untracked 
| 111|0x0000000710700000, 0x0000000710700000, 0x0000000710800000|  0%| F|  |TAMS 0x0000000710700000, 0x0000000710700000| Untracked 
| 112|0x0000000710800000, 0x0000000710900000, 0x0000000710900000|100%| S|CS|TAMS 0x0000000710800000, 0x0000000710800000| Complete 
| 113|0x0000000710900000, 0x0000000710a00000, 0x0000000710a00000|100%| S|CS|TAMS 0x0000000710900000, 0x0000000710900000| Complete 
| 114|0x0000000710a00000, 0x0000000710b00000, 0x0000000710b00000|100%| S|CS|TAMS 0x0000000710a00000, 0x0000000710a00000| Complete 
| 115|0x0000000710b00000, 0x0000000710c00000, 0x0000000710c00000|100%| S|CS|TAMS 0x0000000710b00000, 0x0000000710b00000| Complete 
| 116|0x0000000710c00000, 0x0000000710d00000, 0x0000000710d00000|100%| S|CS|TAMS 0x0000000710c00000, 0x0000000710c00000| Complete 
| 117|0x0000000710d00000, 0x0000000710d00000, 0x0000000710e00000|  0%| F|  |TAMS 0x0000000710d00000, 0x0000000710d00000| Untracked 
| 118|0x0000000710e00000, 0x0000000710f00000, 0x0000000710f00000|100%| S|CS|TAMS 0x0000000710e00000, 0x0000000710e00000| Complete 
| 119|0x0000000710f00000, 0x0000000711000000, 0x0000000711000000|100%| S|CS|TAMS 0x0000000710f00000, 0x0000000710f00000| Complete 
| 120|0x0000000711000000, 0x0000000711000000, 0x0000000711100000|  0%| F|  |TAMS 0x0000000711000000, 0x0000000711000000| Untracked 
| 121|0x0000000711100000, 0x0000000711100000, 0x0000000711200000|  0%| F|  |TAMS 0x0000000711100000, 0x0000000711100000| Untracked 
| 122|0x0000000711200000, 0x0000000711200000, 0x0000000711300000|  0%| F|  |TAMS 0x0000000711200000, 0x0000000711200000| Untracked 
| 123|0x0000000711300000, 0x0000000711300000, 0x0000000711400000|  0%| F|  |TAMS 0x0000000711300000, 0x0000000711300000| Untracked 
| 124|0x0000000711400000, 0x0000000711400000, 0x0000000711500000|  0%| F|  |TAMS 0x0000000711400000, 0x0000000711400000| Untracked 
| 125|0x0000000711500000, 0x0000000711500000, 0x0000000711600000|  0%| F|  |TAMS 0x0000000711500000, 0x0000000711500000| Untracked 
| 126|0x0000000711600000, 0x0000000711600000, 0x0000000711700000|  0%| F|  |TAMS 0x0000000711600000, 0x0000000711600000| Untracked 
| 127|0x0000000711700000, 0x0000000711700000, 0x0000000711800000|  0%| F|  |TAMS 0x0000000711700000, 0x0000000711700000| Untracked 
| 128|0x0000000711800000, 0x0000000711800000, 0x0000000711900000|  0%| F|  |TAMS 0x0000000711800000, 0x0000000711800000| Untracked 
| 129|0x0000000711900000, 0x0000000711900000, 0x0000000711a00000|  0%| F|  |TAMS 0x0000000711900000, 0x0000000711900000| Untracked 
| 130|0x0000000711a00000, 0x0000000711a00000, 0x0000000711b00000|  0%| F|  |TAMS 0x0000000711a00000, 0x0000000711a00000| Untracked 
| 131|0x0000000711b00000, 0x0000000711b00000, 0x0000000711c00000|  0%| F|  |TAMS 0x0000000711b00000, 0x0000000711b00000| Untracked 
| 132|0x0000000711c00000, 0x0000000711c00000, 0x0000000711d00000|  0%| F|  |TAMS 0x0000000711c00000, 0x0000000711c00000| Untracked 
| 133|0x0000000711d00000, 0x0000000711d00000, 0x0000000711e00000|  0%| F|  |TAMS 0x0000000711d00000, 0x0000000711d00000| Untracked 
| 134|0x0000000711e00000, 0x0000000711e00000, 0x0000000711f00000|  0%| F|  |TAMS 0x0000000711e00000, 0x0000000711e00000| Untracked 
| 135|0x0000000711f00000, 0x0000000711f00000, 0x0000000712000000|  0%| F|  |TAMS 0x0000000711f00000, 0x0000000711f00000| Untracked 
| 136|0x0000000712000000, 0x0000000712000000, 0x0000000712100000|  0%| F|  |TAMS 0x0000000712000000, 0x0000000712000000| Untracked 
| 137|0x0000000712100000, 0x0000000712100000, 0x0000000712200000|  0%| F|  |TAMS 0x0000000712100000, 0x0000000712100000| Untracked 
| 138|0x0000000712200000, 0x0000000712200000, 0x0000000712300000|  0%| F|  |TAMS 0x0000000712200000, 0x0000000712200000| Untracked 
| 139|0x0000000712300000, 0x0000000712300000, 0x0000000712400000|  0%| F|  |TAMS 0x0000000712300000, 0x0000000712300000| Untracked 
| 140|0x0000000712400000, 0x0000000712400000, 0x0000000712500000|  0%| F|  |TAMS 0x0000000712400000, 0x0000000712400000| Untracked 
| 141|0x0000000712500000, 0x0000000712500000, 0x0000000712600000|  0%| F|  |TAMS 0x0000000712500000, 0x0000000712500000| Untracked 
| 142|0x0000000712600000, 0x0000000712600000, 0x0000000712700000|  0%| F|  |TAMS 0x0000000712600000, 0x0000000712600000| Untracked 
| 143|0x0000000712700000, 0x0000000712700000, 0x0000000712800000|  0%| F|  |TAMS 0x0000000712700000, 0x0000000712700000| Untracked 
| 144|0x0000000712800000, 0x0000000712800000, 0x0000000712900000|  0%| F|  |TAMS 0x0000000712800000, 0x0000000712800000| Untracked 
| 145|0x0000000712900000, 0x0000000712900000, 0x0000000712a00000|  0%| F|  |TAMS 0x0000000712900000, 0x0000000712900000| Untracked 
| 146|0x0000000712a00000, 0x0000000712a00000, 0x0000000712b00000|  0%| F|  |TAMS 0x0000000712a00000, 0x0000000712a00000| Untracked 
| 147|0x0000000712b00000, 0x0000000712b00000, 0x0000000712c00000|  0%| F|  |TAMS 0x0000000712b00000, 0x0000000712b00000| Untracked 
| 148|0x0000000712c00000, 0x0000000712c00000, 0x0000000712d00000|  0%| F|  |TAMS 0x0000000712c00000, 0x0000000712c00000| Untracked 
| 149|0x0000000712d00000, 0x0000000712d00000, 0x0000000712e00000|  0%| F|  |TAMS 0x0000000712d00000, 0x0000000712d00000| Untracked 
| 150|0x0000000712e00000, 0x0000000712e00000, 0x0000000712f00000|  0%| F|  |TAMS 0x0000000712e00000, 0x0000000712e00000| Untracked 
| 151|0x0000000712f00000, 0x0000000712f00000, 0x0000000713000000|  0%| F|  |TAMS 0x0000000712f00000, 0x0000000712f00000| Untracked 
| 152|0x0000000713000000, 0x0000000713000000, 0x0000000713100000|  0%| F|  |TAMS 0x0000000713000000, 0x0000000713000000| Untracked 
| 153|0x0000000713100000, 0x0000000713100000, 0x0000000713200000|  0%| F|  |TAMS 0x0000000713100000, 0x0000000713100000| Untracked 
| 154|0x0000000713200000, 0x0000000713200000, 0x0000000713300000|  0%| F|  |TAMS 0x0000000713200000, 0x0000000713200000| Untracked 
| 155|0x0000000713300000, 0x0000000713300000, 0x0000000713400000|  0%| F|  |TAMS 0x0000000713300000, 0x0000000713300000| Untracked 
| 156|0x0000000713400000, 0x0000000713400000, 0x0000000713500000|  0%| F|  |TAMS 0x0000000713400000, 0x0000000713400000| Untracked 
| 157|0x0000000713500000, 0x0000000713500000, 0x0000000713600000|  0%| F|  |TAMS 0x0000000713500000, 0x0000000713500000| Untracked 
| 158|0x0000000713600000, 0x0000000713600000, 0x0000000713700000|  0%| F|  |TAMS 0x0000000713600000, 0x0000000713600000| Untracked 
| 159|0x0000000713700000, 0x0000000713700000, 0x0000000713800000|  0%| F|  |TAMS 0x0000000713700000, 0x0000000713700000| Untracked 
| 160|0x0000000713800000, 0x0000000713800000, 0x0000000713900000|  0%| F|  |TAMS 0x0000000713800000, 0x0000000713800000| Untracked 
| 161|0x0000000713900000, 0x0000000713900000, 0x0000000713a00000|  0%| F|  |TAMS 0x0000000713900000, 0x0000000713900000| Untracked 
| 162|0x0000000713a00000, 0x0000000713a00000, 0x0000000713b00000|  0%| F|  |TAMS 0x0000000713a00000, 0x0000000713a00000| Untracked 
| 163|0x0000000713b00000, 0x0000000713b00000, 0x0000000713c00000|  0%| F|  |TAMS 0x0000000713b00000, 0x0000000713b00000| Untracked 
| 164|0x0000000713c00000, 0x0000000713c00000, 0x0000000713d00000|  0%| F|  |TAMS 0x0000000713c00000, 0x0000000713c00000| Untracked 
| 165|0x0000000713d00000, 0x0000000713d00000, 0x0000000713e00000|  0%| F|  |TAMS 0x0000000713d00000, 0x0000000713d00000| Untracked 
| 166|0x0000000713e00000, 0x0000000713e00000, 0x0000000713f00000|  0%| F|  |TAMS 0x0000000713e00000, 0x0000000713e00000| Untracked 
| 167|0x0000000713f00000, 0x0000000713f00000, 0x0000000714000000|  0%| F|  |TAMS 0x0000000713f00000, 0x0000000713f00000| Untracked 
| 168|0x0000000714000000, 0x0000000714000000, 0x0000000714100000|  0%| F|  |TAMS 0x0000000714000000, 0x0000000714000000| Untracked 
| 169|0x0000000714100000, 0x0000000714100000, 0x0000000714200000|  0%| F|  |TAMS 0x0000000714100000, 0x0000000714100000| Untracked 
| 170|0x0000000714200000, 0x0000000714200000, 0x0000000714300000|  0%| F|  |TAMS 0x0000000714200000, 0x0000000714200000| Untracked 
| 171|0x0000000714300000, 0x0000000714300000, 0x0000000714400000|  0%| F|  |TAMS 0x0000000714300000, 0x0000000714300000| Untracked 
| 172|0x0000000714400000, 0x0000000714400000, 0x0000000714500000|  0%| F|  |TAMS 0x0000000714400000, 0x0000000714400000| Untracked 
| 173|0x0000000714500000, 0x0000000714500000, 0x0000000714600000|  0%| F|  |TAMS 0x0000000714500000, 0x0000000714500000| Untracked 
| 174|0x0000000714600000, 0x0000000714600000, 0x0000000714700000|  0%| F|  |TAMS 0x0000000714600000, 0x0000000714600000| Untracked 
| 175|0x0000000714700000, 0x0000000714700000, 0x0000000714800000|  0%| F|  |TAMS 0x0000000714700000, 0x0000000714700000| Untracked 
| 176|0x0000000714800000, 0x0000000714800000, 0x0000000714900000|  0%| F|  |TAMS 0x0000000714800000, 0x0000000714800000| Untracked 
| 177|0x0000000714900000, 0x0000000714900000, 0x0000000714a00000|  0%| F|  |TAMS 0x0000000714900000, 0x0000000714900000| Untracked 
| 178|0x0000000714a00000, 0x0000000714a00000, 0x0000000714b00000|  0%| F|  |TAMS 0x0000000714a00000, 0x0000000714a00000| Untracked 
| 179|0x0000000714b00000, 0x0000000714b00000, 0x0000000714c00000|  0%| F|  |TAMS 0x0000000714b00000, 0x0000000714b00000| Untracked 
| 180|0x0000000714c00000, 0x0000000714c00000, 0x0000000714d00000|  0%| F|  |TAMS 0x0000000714c00000, 0x0000000714c00000| Untracked 
| 181|0x0000000714d00000, 0x0000000714d00000, 0x0000000714e00000|  0%| F|  |TAMS 0x0000000714d00000, 0x0000000714d00000| Untracked 
| 182|0x0000000714e00000, 0x0000000714e00000, 0x0000000714f00000|  0%| F|  |TAMS 0x0000000714e00000, 0x0000000714e00000| Untracked 
| 183|0x0000000714f00000, 0x0000000714f00000, 0x0000000715000000|  0%| F|  |TAMS 0x0000000714f00000, 0x0000000714f00000| Untracked 
| 184|0x0000000715000000, 0x0000000715000000, 0x0000000715100000|  0%| F|  |TAMS 0x0000000715000000, 0x0000000715000000| Untracked 
| 185|0x0000000715100000, 0x0000000715100000, 0x0000000715200000|  0%| F|  |TAMS 0x0000000715100000, 0x0000000715100000| Untracked 
| 186|0x0000000715200000, 0x0000000715200000, 0x0000000715300000|  0%| F|  |TAMS 0x0000000715200000, 0x0000000715200000| Untracked 
| 187|0x0000000715300000, 0x0000000715300000, 0x0000000715400000|  0%| F|  |TAMS 0x0000000715300000, 0x0000000715300000| Untracked 
| 188|0x0000000715400000, 0x0000000715400000, 0x0000000715500000|  0%| F|  |TAMS 0x0000000715400000, 0x0000000715400000| Untracked 
| 189|0x0000000715500000, 0x0000000715500000, 0x0000000715600000|  0%| F|  |TAMS 0x0000000715500000, 0x0000000715500000| Untracked 
| 190|0x0000000715600000, 0x0000000715600000, 0x0000000715700000|  0%| F|  |TAMS 0x0000000715600000, 0x0000000715600000| Untracked 
| 191|0x0000000715700000, 0x0000000715700000, 0x0000000715800000|  0%| F|  |TAMS 0x0000000715700000, 0x0000000715700000| Untracked 
| 192|0x0000000715800000, 0x0000000715800000, 0x0000000715900000|  0%| F|  |TAMS 0x0000000715800000, 0x0000000715800000| Untracked 
| 193|0x0000000715900000, 0x0000000715900000, 0x0000000715a00000|  0%| F|  |TAMS 0x0000000715900000, 0x0000000715900000| Untracked 
| 194|0x0000000715a00000, 0x0000000715a00000, 0x0000000715b00000|  0%| F|  |TAMS 0x0000000715a00000, 0x0000000715a00000| Untracked 
| 195|0x0000000715b00000, 0x0000000715b00000, 0x0000000715c00000|  0%| F|  |TAMS 0x0000000715b00000, 0x0000000715b00000| Untracked 
| 196|0x0000000715c00000, 0x0000000715c00000, 0x0000000715d00000|  0%| F|  |TAMS 0x0000000715c00000, 0x0000000715c00000| Untracked 
| 197|0x0000000715d00000, 0x0000000715d00000, 0x0000000715e00000|  0%| F|  |TAMS 0x0000000715d00000, 0x0000000715d00000| Untracked 
| 198|0x0000000715e00000, 0x0000000715e00000, 0x0000000715f00000|  0%| F|  |TAMS 0x0000000715e00000, 0x0000000715e00000| Untracked 
| 199|0x0000000715f00000, 0x0000000715f00000, 0x0000000716000000|  0%| F|  |TAMS 0x0000000715f00000, 0x0000000715f00000| Untracked 
| 200|0x0000000716000000, 0x0000000716000000, 0x0000000716100000|  0%| F|  |TAMS 0x0000000716000000, 0x0000000716000000| Untracked 
| 201|0x0000000716100000, 0x0000000716100000, 0x0000000716200000|  0%| F|  |TAMS 0x0000000716100000, 0x0000000716100000| Untracked 
| 202|0x0000000716200000, 0x0000000716200000, 0x0000000716300000|  0%| F|  |TAMS 0x0000000716200000, 0x0000000716200000| Untracked 
| 203|0x0000000716300000, 0x0000000716300000, 0x0000000716400000|  0%| F|  |TAMS 0x0000000716300000, 0x0000000716300000| Untracked 
| 204|0x0000000716400000, 0x0000000716400000, 0x0000000716500000|  0%| F|  |TAMS 0x0000000716400000, 0x0000000716400000| Untracked 
| 205|0x0000000716500000, 0x0000000716500000, 0x0000000716600000|  0%| F|  |TAMS 0x0000000716500000, 0x0000000716500000| Untracked 
| 206|0x0000000716600000, 0x0000000716600000, 0x0000000716700000|  0%| F|  |TAMS 0x0000000716600000, 0x0000000716600000| Untracked 
| 207|0x0000000716700000, 0x0000000716700000, 0x0000000716800000|  0%| F|  |TAMS 0x0000000716700000, 0x0000000716700000| Untracked 
| 208|0x0000000716800000, 0x0000000716800000, 0x0000000716900000|  0%| F|  |TAMS 0x0000000716800000, 0x0000000716800000| Untracked 
| 209|0x0000000716900000, 0x0000000716900000, 0x0000000716a00000|  0%| F|  |TAMS 0x0000000716900000, 0x0000000716900000| Untracked 
| 210|0x0000000716a00000, 0x0000000716a00000, 0x0000000716b00000|  0%| F|  |TAMS 0x0000000716a00000, 0x0000000716a00000| Untracked 
| 211|0x0000000716b00000, 0x0000000716b00000, 0x0000000716c00000|  0%| F|  |TAMS 0x0000000716b00000, 0x0000000716b00000| Untracked 
| 212|0x0000000716c00000, 0x0000000716c00000, 0x0000000716d00000|  0%| F|  |TAMS 0x0000000716c00000, 0x0000000716c00000| Untracked 
| 213|0x0000000716d00000, 0x0000000716d00000, 0x0000000716e00000|  0%| F|  |TAMS 0x0000000716d00000, 0x0000000716d00000| Untracked 
| 214|0x0000000716e00000, 0x0000000716e00000, 0x0000000716f00000|  0%| F|  |TAMS 0x0000000716e00000, 0x0000000716e00000| Untracked 
| 215|0x0000000716f00000, 0x0000000716f00000, 0x0000000717000000|  0%| F|  |TAMS 0x0000000716f00000, 0x0000000716f00000| Untracked 
| 216|0x0000000717000000, 0x0000000717000000, 0x0000000717100000|  0%| F|  |TAMS 0x0000000717000000, 0x0000000717000000| Untracked 
| 217|0x0000000717100000, 0x0000000717100000, 0x0000000717200000|  0%| F|  |TAMS 0x0000000717100000, 0x0000000717100000| Untracked 
| 218|0x0000000717200000, 0x0000000717300000, 0x0000000717300000|100%| E|  |TAMS 0x0000000717200000, 0x0000000717200000| Complete 
| 219|0x0000000717300000, 0x0000000717400000, 0x0000000717400000|100%| E|CS|TAMS 0x0000000717300000, 0x0000000717300000| Complete 
| 220|0x0000000717400000, 0x0000000717500000, 0x0000000717500000|100%| E|CS|TAMS 0x0000000717400000, 0x0000000717400000| Complete 
| 221|0x0000000717500000, 0x0000000717600000, 0x0000000717600000|100%| E|CS|TAMS 0x0000000717500000, 0x0000000717500000| Complete 
| 222|0x0000000717600000, 0x0000000717700000, 0x0000000717700000|100%| E|CS|TAMS 0x0000000717600000, 0x0000000717600000| Complete 
| 223|0x0000000717700000, 0x0000000717800000, 0x0000000717800000|100%| E|CS|TAMS 0x0000000717700000, 0x0000000717700000| Complete 
| 224|0x0000000717800000, 0x0000000717900000, 0x0000000717900000|100%| E|CS|TAMS 0x0000000717800000, 0x0000000717800000| Complete 
| 225|0x0000000717900000, 0x0000000717a00000, 0x0000000717a00000|100%| E|CS|TAMS 0x0000000717900000, 0x0000000717900000| Complete 
| 226|0x0000000717a00000, 0x0000000717b00000, 0x0000000717b00000|100%| E|CS|TAMS 0x0000000717a00000, 0x0000000717a00000| Complete 
| 227|0x0000000717b00000, 0x0000000717c00000, 0x0000000717c00000|100%| E|CS|TAMS 0x0000000717b00000, 0x0000000717b00000| Complete 
| 228|0x0000000717c00000, 0x0000000717d00000, 0x0000000717d00000|100%| E|CS|TAMS 0x0000000717c00000, 0x0000000717c00000| Complete 
| 229|0x0000000717d00000, 0x0000000717e00000, 0x0000000717e00000|100%| E|CS|TAMS 0x0000000717d00000, 0x0000000717d00000| Complete 
| 230|0x0000000717e00000, 0x0000000717f00000, 0x0000000717f00000|100%| E|CS|TAMS 0x0000000717e00000, 0x0000000717e00000| Complete 
| 231|0x0000000717f00000, 0x0000000718000000, 0x0000000718000000|100%| E|CS|TAMS 0x0000000717f00000, 0x0000000717f00000| Complete 
| 232|0x0000000718000000, 0x0000000718100000, 0x0000000718100000|100%| E|CS|TAMS 0x0000000718000000, 0x0000000718000000| Complete 
| 233|0x0000000718100000, 0x0000000718200000, 0x0000000718200000|100%| E|CS|TAMS 0x0000000718100000, 0x0000000718100000| Complete 
| 234|0x0000000718200000, 0x0000000718300000, 0x0000000718300000|100%| E|CS|TAMS 0x0000000718200000, 0x0000000718200000| Complete 
| 235|0x0000000718300000, 0x0000000718400000, 0x0000000718400000|100%| E|CS|TAMS 0x0000000718300000, 0x0000000718300000| Complete 
| 236|0x0000000718400000, 0x0000000718500000, 0x0000000718500000|100%| E|CS|TAMS 0x0000000718400000, 0x0000000718400000| Complete 
| 237|0x0000000718500000, 0x0000000718600000, 0x0000000718600000|100%| E|CS|TAMS 0x0000000718500000, 0x0000000718500000| Complete 
| 238|0x0000000718600000, 0x0000000718700000, 0x0000000718700000|100%| E|CS|TAMS 0x0000000718600000, 0x0000000718600000| Complete 
| 239|0x0000000718700000, 0x0000000718800000, 0x0000000718800000|100%| E|CS|TAMS 0x0000000718700000, 0x0000000718700000| Complete 
| 240|0x0000000718800000, 0x0000000718900000, 0x0000000718900000|100%| E|CS|TAMS 0x0000000718800000, 0x0000000718800000| Complete 
| 241|0x0000000718900000, 0x0000000718a00000, 0x0000000718a00000|100%| E|CS|TAMS 0x0000000718900000, 0x0000000718900000| Complete 
| 242|0x0000000718a00000, 0x0000000718b00000, 0x0000000718b00000|100%| E|CS|TAMS 0x0000000718a00000, 0x0000000718a00000| Complete 
| 243|0x0000000718b00000, 0x0000000718c00000, 0x0000000718c00000|100%| E|CS|TAMS 0x0000000718b00000, 0x0000000718b00000| Complete 
| 244|0x0000000718c00000, 0x0000000718d00000, 0x0000000718d00000|100%| E|CS|TAMS 0x0000000718c00000, 0x0000000718c00000| Complete 
| 245|0x0000000718d00000, 0x0000000718e00000, 0x0000000718e00000|100%| E|CS|TAMS 0x0000000718d00000, 0x0000000718d00000| Complete 
| 246|0x0000000718e00000, 0x0000000718f00000, 0x0000000718f00000|100%| E|CS|TAMS 0x0000000718e00000, 0x0000000718e00000| Complete 
| 247|0x0000000718f00000, 0x0000000719000000, 0x0000000719000000|100%| E|CS|TAMS 0x0000000718f00000, 0x0000000718f00000| Complete 

Card table byte_map: [0x00000190c5890000,0x00000190c6050000] _byte_map_base: 0x00000190c2044000

Marking Bits (Prev, Next): (CMBitMap*) 0x00000190ad6d3460, (CMBitMap*) 0x00000190ad6d3428
 Prev Bits: [0x00000190ca5b0000, 0x00000190ce350000)
 Next Bits: [0x00000190c6810000, 0x00000190ca5b0000)

Polling page: 0x00000190ab640000

Metaspace:

Usage:
  Non-class:     20.74 MB capacity,    20.45 MB ( 99%) used,   242.80 KB (  1%) free+waste,    54.19 KB ( <1%) overhead. 
      Class:      2.13 MB capacity,     1.93 MB ( 91%) used,   171.38 KB (  8%) free+waste,    26.25 KB (  1%) overhead. 
       Both:     22.86 MB capacity,    22.38 MB ( 98%) used,   414.17 KB (  2%) free+waste,    80.44 KB ( <1%) overhead. 

Virtual space:
  Non-class space:       22.00 MB reserved,      21.00 MB ( 95%) committed 
      Class space:        1.00 GB reserved,       2.13 MB ( <1%) committed 
             Both:        1.02 GB reserved,      23.13 MB (  2%) committed 

Chunk freelists:
   Non-Class:  78.00 KB
       Class:  0 bytes
        Both:  78.00 KB

MaxMetaspaceSize: 17179869184.00 GB
CompressedClassSpaceSize: 1.00 GB
Initial GC threshold: 20.80 MB
Current GC threshold: 34.79 MB
CDS: off

CodeHeap 'non-profiled nmethods': size=120000Kb used=1897Kb max_used=1897Kb free=118102Kb
 bounds [0x00000190bd870000, 0x00000190bdae0000, 0x00000190c4da0000]
CodeHeap 'profiled nmethods': size=120000Kb used=5920Kb max_used=5920Kb free=114079Kb
 bounds [0x00000190b6340000, 0x00000190b6910000, 0x00000190bd870000]
CodeHeap 'non-nmethods': size=5760Kb used=1774Kb max_used=1809Kb free=3985Kb
 bounds [0x00000190b5da0000, 0x00000190b6010000, 0x00000190b6340000]
 total_blobs=4228 nmethods=3006 adapters=1134
 compilation: enabled
              stopped_count=0, restarted_count=0
 full_count=0

Compilation events (20 events):
Event: 23.428 Thread 0x00000190d17eb800 nmethod 3008 0x00000190b68ff990 code [0x00000190b68ffba0, 0x00000190b6900278]
Event: 23.428 Thread 0x00000190d17eb800 3007       3       sun.java2d.d3d.D3DSurfaceData::getBounds (98 bytes)
Event: 23.429 Thread 0x00000190d17eb800 nmethod 3007 0x00000190b6900490 code [0x00000190b69007c0, 0x00000190b69016a8]
Event: 23.998 Thread 0x00000190d17eb800 3009       3       sun.util.locale.LocaleUtils::caseIgnoreMatch (73 bytes)
Event: 24.000 Thread 0x00000190d17eb800 nmethod 3009 0x00000190b6901b10 code [0x00000190b6901e00, 0x00000190b6902f58]
Event: 24.000 Thread 0x00000190d17eb800 3010   !   3       javax.swing.RepaintManager::addDirtyRegion0 (205 bytes)
Event: 24.003 Thread 0x00000190d17eb800 nmethod 3010 0x00000190b6903690 code [0x00000190b69039a0, 0x00000190b69056c8]
Event: 24.003 Thread 0x00000190d17eb800 3011       3       java.lang.invoke.LambdaForm$MH/0x0000000800064840::invoke (31 bytes)
Event: 24.003 Thread 0x00000190d17eb800 nmethod 3011 0x00000190b6905d90 code [0x00000190b6905f60, 0x00000190b6906458]
Event: 24.004 Thread 0x00000190d17eb800 3012       3       java.util.AbstractList::listIterator (6 bytes)
Event: 24.004 Thread 0x00000190d17eb800 nmethod 3012 0x00000190b6906590 code [0x00000190b6906740, 0x00000190b6906908]
Event: 24.004 Thread 0x00000190d17eb800 3013   !   3       sun.java2d.SunGraphics2D::fillRect (74 bytes)
Event: 24.005 Thread 0x00000190d17eb800 nmethod 3013 0x00000190b6906990 code [0x00000190b6906bc0, 0x00000190b69072c8]
Event: 24.005 Thread 0x00000190d17eb800 3014       3       sun.java2d.pipe.Region::isRectangular (13 bytes)
Event: 24.006 Thread 0x00000190d17eb800 nmethod 3014 0x00000190b6907690 code [0x00000190b6907840, 0x00000190b6907998]
Event: 24.006 Thread 0x00000190d17eb800 3015       3       sun.font.FileFontStrike::getCachedGlyphPtrInternal (120 bytes)
Event: 24.006 Thread 0x00000190d17eb800 nmethod 3015 0x00000190b6907a10 code [0x00000190b6907c00, 0x00000190b6908038]
Event: 24.166 Thread 0x00000190d17ea800 3016       4       java.lang.reflect.AccessibleObject::checkAccess (40 bytes)
Event: 24.171 Thread 0x00000190d17ea800 nmethod 3016 0x00000190bda49490 code [0x00000190bda49640, 0x00000190bda49a78]
Event: 24.171 Thread 0x00000190d17ea800 3017       4       java.lang.reflect.AccessibleObject::verifyAccess (84 bytes)

GC Heap History (18 events):
Event: 2.921 GC heap before
{Heap before GC invocations=0 (full 0):
 garbage-first heap   total 253952K, used 25600K [0x0000000709800000, 0x0000000800000000)
  region size 1024K, 24 young (24576K), 0 survivors (0K)
 Metaspace       used 16792K, capacity 17264K, committed 17536K, reserved 1064960K
  class space    used 1671K, capacity 1852K, committed 1920K, reserved 1048576K
}
Event: 2.930 GC heap after
{Heap after GC invocations=1 (full 0):
 garbage-first heap   total 253952K, used 4264K [0x0000000709800000, 0x0000000800000000)
  region size 1024K, 3 young (3072K), 3 survivors (3072K)
 Metaspace       used 16792K, capacity 17264K, committed 17536K, reserved 1064960K
  class space    used 1671K, capacity 1852K, committed 1920K, reserved 1048576K
}
Event: 3.731 GC heap before
{Heap before GC invocations=1 (full 0):
 garbage-first heap   total 253952K, used 21672K [0x0000000709800000, 0x0000000800000000)
  region size 1024K, 17 young (17408K), 3 survivors (3072K)
 Metaspace       used 20641K, capacity 21099K, committed 21248K, reserved 1069056K
  class space    used 1859K, capacity 2047K, committed 2048K, reserved 1048576K
}
Event: 3.736 GC heap after
{Heap after GC invocations=2 (full 0):
 garbage-first heap   total 253952K, used 9120K [0x0000000709800000, 0x0000000800000000)
  region size 1024K, 4 young (4096K), 4 survivors (4096K)
 Metaspace       used 20641K, capacity 21099K, committed 21248K, reserved 1069056K
  class space    used 1859K, capacity 2047K, committed 2048K, reserved 1048576K
}
Event: 4.012 GC heap before
{Heap before GC invocations=3 (full 0):
 garbage-first heap   total 253952K, used 55200K [0x0000000709800000, 0x0000000800000000)
  region size 1024K, 49 young (50176K), 4 survivors (4096K)
 Metaspace       used 21781K, capacity 22286K, committed 22400K, reserved 1069056K
  class space    used 1932K, capacity 2144K, committed 2176K, reserved 1048576K
}
Event: 4.020 GC heap after
{Heap after GC invocations=4 (full 0):
 garbage-first heap   total 253952K, used 12425K [0x0000000709800000, 0x0000000800000000)
  region size 1024K, 4 young (4096K), 4 survivors (4096K)
 Metaspace       used 21781K, capacity 22286K, committed 22400K, reserved 1069056K
  class space    used 1932K, capacity 2144K, committed 2176K, reserved 1048576K
}
Event: 4.121 GC heap before
{Heap before GC invocations=4 (full 0):
 garbage-first heap   total 253952K, used 81033K [0x0000000709800000, 0x0000000800000000)
  region size 1024K, 71 young (72704K), 4 survivors (4096K)
 Metaspace       used 21794K, capacity 22286K, committed 22400K, reserved 1069056K
  class space    used 1933K, capacity 2144K, committed 2176K, reserved 1048576K
}
Event: 4.127 GC heap after
{Heap after GC invocations=5 (full 0):
 garbage-first heap   total 253952K, used 17238K [0x0000000709800000, 0x0000000800000000)
  region size 1024K, 9 young (9216K), 9 survivors (9216K)
 Metaspace       used 21794K, capacity 22286K, committed 22400K, reserved 1069056K
  class space    used 1933K, capacity 2144K, committed 2176K, reserved 1048576K
}
Event: 4.260 GC heap before
{Heap before GC invocations=5 (full 0):
 garbage-first heap   total 253952K, used 115542K [0x0000000709800000, 0x0000000800000000)
  region size 1024K, 105 young (107520K), 9 survivors (9216K)
 Metaspace       used 21794K, capacity 22286K, committed 22400K, reserved 1069056K
  class space    used 1933K, capacity 2144K, committed 2176K, reserved 1048576K
}
Event: 4.272 GC heap after
{Heap after GC invocations=6 (full 0):
 garbage-first heap   total 253952K, used 24378K [0x0000000709800000, 0x0000000800000000)
  region size 1024K, 12 young (12288K), 12 survivors (12288K)
 Metaspace       used 21794K, capacity 22286K, committed 22400K, reserved 1069056K
  class space    used 1933K, capacity 2144K, committed 2176K, reserved 1048576K
}
Event: 5.941 GC heap before
{Heap before GC invocations=6 (full 0):
 garbage-first heap   total 253952K, used 155450K [0x0000000709800000, 0x0000000800000000)
  region size 1024K, 136 young (139264K), 12 survivors (12288K)
 Metaspace       used 22377K, capacity 22830K, committed 22912K, reserved 1071104K
  class space    used 1976K, capacity 2176K, committed 2176K, reserved 1048576K
}
Event: 5.958 GC heap after
{Heap after GC invocations=7 (full 0):
 garbage-first heap   total 253952K, used 38544K [0x0000000709800000, 0x0000000800000000)
  region size 1024K, 17 young (17408K), 17 survivors (17408K)
 Metaspace       used 22377K, capacity 22830K, committed 22912K, reserved 1071104K
  class space    used 1976K, capacity 2176K, committed 2176K, reserved 1048576K
}
Event: 11.970 GC heap before
{Heap before GC invocations=7 (full 0):
 garbage-first heap   total 253952K, used 184976K [0x0000000709800000, 0x0000000800000000)
  region size 1024K, 148 young (151552K), 17 survivors (17408K)
 Metaspace       used 22713K, capacity 23217K, committed 23424K, reserved 1071104K
  class space    used 1978K, capacity 2176K, committed 2176K, reserved 1048576K
}
Event: 11.985 GC heap after
{Heap after GC invocations=8 (full 0):
 garbage-first heap   total 253952K, used 59439K [0x0000000709800000, 0x0000000800000000)
  region size 1024K, 9 young (9216K), 9 survivors (9216K)
 Metaspace       used 22713K, capacity 23217K, committed 23424K, reserved 1071104K
  class space    used 1978K, capacity 2176K, committed 2176K, reserved 1048576K
}
Event: 12.142 GC heap before
{Heap before GC invocations=8 (full 0):
 garbage-first heap   total 253952K, used 192559K [0x0000000709800000, 0x0000000800000000)
  region size 1024K, 139 young (142336K), 9 survivors (9216K)
 Metaspace       used 22713K, capacity 23217K, committed 23424K, reserved 1071104K
  class space    used 1978K, capacity 2176K, committed 2176K, reserved 1048576K
}
Event: 12.151 GC heap after
{Heap after GC invocations=9 (full 0):
 garbage-first heap   total 253952K, used 68066K [0x0000000709800000, 0x0000000800000000)
  region size 1024K, 17 young (17408K), 17 survivors (17408K)
 Metaspace       used 22713K, capacity 23217K, committed 23424K, reserved 1071104K
  class space    used 1978K, capacity 2176K, committed 2176K, reserved 1048576K
}
Event: 18.285 GC heap before
{Heap before GC invocations=9 (full 0):
 garbage-first heap   total 253952K, used 203234K [0x0000000709800000, 0x0000000800000000)
  region size 1024K, 145 young (148480K), 17 survivors (17408K)
 Metaspace       used 22818K, capacity 23281K, committed 23424K, reserved 1071104K
  class space    used 1978K, capacity 2176K, committed 2176K, reserved 1048576K
}
Event: 18.310 GC heap after
{Heap after GC invocations=10 (full 0):
 garbage-first heap   total 253952K, used 82000K [0x0000000709800000, 0x0000000800000000)
  region size 1024K, 19 young (19456K), 19 survivors (19456K)
 Metaspace       used 22818K, capacity 23281K, committed 23424K, reserved 1071104K
  class space    used 1978K, capacity 2176K, committed 2176K, reserved 1048576K
}

Deoptimization events (20 events):
Event: 11.845 Thread 0x00000190d71ef000 DEOPT PACKING pc=0x00000190bd9cc9f8 sp=0x0000001adfdfa7d0
Event: 11.845 Thread 0x00000190d71ef000 DEOPT UNPACKING pc=0x00000190b5dea1af sp=0x0000001adfdfa7b8 mode 2
Event: 12.102 Thread 0x00000190d71ef000 DEOPT PACKING pc=0x00000190b66815ac sp=0x0000001adfdfa790
Event: 12.102 Thread 0x00000190d71ef000 DEOPT UNPACKING pc=0x00000190b5dea95e sp=0x0000001adfdf9bb8 mode 0
Event: 12.273 Thread 0x00000190d71ef000 Uncommon trap: trap_request=0xffffff4d fr.pc=0x00000190bd94ec84 relative=0x00000000000003c4
Event: 12.273 Thread 0x00000190d71ef000 Uncommon trap: reason=unstable_if action=reinterpret pc=0x00000190bd94ec84 method=com.badlogic.gdx.backends.lwjgl3.Lwjgl3GL20.ensureBufferCapacity(I)V @ 4 c2
Event: 12.273 Thread 0x00000190d71ef000 DEOPT PACKING pc=0x00000190bd94ec84 sp=0x0000001adfdfa540
Event: 12.273 Thread 0x00000190d71ef000 DEOPT UNPACKING pc=0x00000190b5dea1af sp=0x0000001adfdfa4b8 mode 2
Event: 12.273 Thread 0x00000190d71ef000 Uncommon trap: trap_request=0xffffff4d fr.pc=0x00000190bd98aa24 relative=0x0000000000000c44
Event: 12.273 Thread 0x00000190d71ef000 Uncommon trap: reason=unstable_if action=reinterpret pc=0x00000190bd98aa24 method=com.badlogic.gdx.backends.lwjgl3.Lwjgl3GL20.ensureBufferCapacity(I)V @ 15 c2
Event: 12.273 Thread 0x00000190d71ef000 DEOPT PACKING pc=0x00000190bd98aa24 sp=0x0000001adfdfa820
Event: 12.273 Thread 0x00000190d71ef000 DEOPT UNPACKING pc=0x00000190b5dea1af sp=0x0000001adfdfa5e0 mode 2
Event: 13.564 Thread 0x00000190d71ef000 DEOPT PACKING pc=0x00000190b672332c sp=0x0000001adfdfa130
Event: 13.564 Thread 0x00000190d71ef000 DEOPT UNPACKING pc=0x00000190b5dea95e sp=0x0000001adfdf9718 mode 0
Event: 15.381 Thread 0x00000190d71ef000 DEOPT PACKING pc=0x00000190b676f931 sp=0x0000001adfdfa6d0
Event: 15.381 Thread 0x00000190d71ef000 DEOPT UNPACKING pc=0x00000190b5dea95e sp=0x0000001adfdf9c48 mode 0
Event: 23.020 Thread 0x00000190d71ef000 Uncommon trap: trap_request=0xffffff4d fr.pc=0x00000190bd955ab8 relative=0x0000000000000098
Event: 23.020 Thread 0x00000190d71ef000 Uncommon trap: reason=unstable_if action=reinterpret pc=0x00000190bd955ab8 method=com.badlogic.gdx.utils.IntArray.add(I)V @ 11 c2
Event: 23.020 Thread 0x00000190d71ef000 DEOPT PACKING pc=0x00000190bd955ab8 sp=0x0000001adfdf9b20
Event: 23.020 Thread 0x00000190d71ef000 DEOPT UNPACKING pc=0x00000190b5dea1af sp=0x0000001adfdf9ac0 mode 2

Classes redefined (0 events):
No events

Internal exceptions (20 events):
Event: 2.909 Thread 0x00000190d71ef000 Exception <a 'java/security/PrivilegedActionException'{0x00000007178514c8}> (0x00000007178514c8) thrown at [./src/hotspot/share/prims/jvm.cpp, line 1306]
Event: 2.909 Thread 0x00000190d71ef000 Exception <a 'java/security/PrivilegedActionException'{0x0000000717851a40}> (0x0000000717851a40) thrown at [./src/hotspot/share/prims/jvm.cpp, line 1306]
Event: 2.932 Thread 0x00000190d71ef000 Exception <a 'java/security/PrivilegedActionException'{0x0000000718f09018}> (0x0000000718f09018) thrown at [./src/hotspot/share/prims/jvm.cpp, line 1306]
Event: 2.932 Thread 0x00000190d71ef000 Exception <a 'java/security/PrivilegedActionException'{0x0000000718f09590}> (0x0000000718f09590) thrown at [./src/hotspot/share/prims/jvm.cpp, line 1306]
Event: 2.939 Thread 0x00000190d71ef000 Exception <a 'java/security/PrivilegedActionException'{0x0000000718f256a0}> (0x0000000718f256a0) thrown at [./src/hotspot/share/prims/jvm.cpp, line 1306]
Event: 2.939 Thread 0x00000190d71ef000 Exception <a 'java/security/PrivilegedActionException'{0x0000000718f25c18}> (0x0000000718f25c18) thrown at [./src/hotspot/share/prims/jvm.cpp, line 1306]
Event: 2.959 Thread 0x00000190d71ef000 Exception <a 'java/security/PrivilegedActionException'{0x0000000718e556a0}> (0x0000000718e556a0) thrown at [./src/hotspot/share/prims/jvm.cpp, line 1306]
Event: 2.959 Thread 0x00000190d71ef000 Exception <a 'java/security/PrivilegedActionException'{0x0000000718e55c18}> (0x0000000718e55c18) thrown at [./src/hotspot/share/prims/jvm.cpp, line 1306]
Event: 3.283 Thread 0x00000190d71ef000 Exception <a 'sun/nio/fs/WindowsException'{0x0000000718ee3770}> (0x0000000718ee3770) thrown at [./src/hotspot/share/prims/jni.cpp, line 616]
Event: 3.283 Thread 0x00000190d71ef000 Exception <a 'sun/nio/fs/WindowsException'{0x0000000718ee3b20}> (0x0000000718ee3b20) thrown at [./src/hotspot/share/prims/jni.cpp, line 616]
Event: 3.288 Thread 0x00000190d71ef000 Exception <a 'sun/nio/fs/WindowsException'{0x0000000718d0d850}> (0x0000000718d0d850) thrown at [./src/hotspot/share/prims/jni.cpp, line 616]
Event: 3.288 Thread 0x00000190d71ef000 Exception <a 'sun/nio/fs/WindowsException'{0x0000000718d0db38}> (0x0000000718d0db38) thrown at [./src/hotspot/share/prims/jni.cpp, line 616]
Event: 3.595 Thread 0x00000190d71ef000 Exception <a 'java/security/PrivilegedActionException'{0x000000071830db50}> (0x000000071830db50) thrown at [./src/hotspot/share/prims/jvm.cpp, line 1306]
Event: 3.595 Thread 0x00000190d71ef000 Exception <a 'java/security/PrivilegedActionException'{0x000000071830e0c8}> (0x000000071830e0c8) thrown at [./src/hotspot/share/prims/jvm.cpp, line 1306]
Event: 3.598 Thread 0x00000190d71ef000 Exception <a 'java/security/PrivilegedActionException'{0x0000000718341c28}> (0x0000000718341c28) thrown at [./src/hotspot/share/prims/jvm.cpp, line 1306]
Event: 3.598 Thread 0x00000190d71ef000 Exception <a 'java/security/PrivilegedActionException'{0x00000007183421a0}> (0x00000007183421a0) thrown at [./src/hotspot/share/prims/jvm.cpp, line 1306]
Event: 3.804 Thread 0x00000190d71ef000 Exception <a 'java/security/PrivilegedActionException'{0x0000000718df7fd0}> (0x0000000718df7fd0) thrown at [./src/hotspot/share/prims/jvm.cpp, line 1306]
Event: 3.804 Thread 0x00000190d71ef000 Exception <a 'java/security/PrivilegedActionException'{0x0000000718df8548}> (0x0000000718df8548) thrown at [./src/hotspot/share/prims/jvm.cpp, line 1306]
Event: 11.845 Thread 0x00000190d71ef000 Implicit null exception at 0x00000190bd9cc4ce to 0x00000190bd9cc9e8
Event: 12.273 Thread 0x00000190d71ef000 Implicit null exception at 0x00000190bd94e8ff to 0x00000190bd94ec60

Events (20 events):
Event: 14.087 Thread 0x00000190df613800 Thread exited: 0x00000190df613800
Event: 17.471 Loaded shared library C:\Users\caspe\AppData\Local\Temp\libgdxcaspe\e1cd32f8\gdx64.dll
Event: 17.486 Loaded shared library C:\Users\caspe\AppData\Local\Temp\lwjglcaspe\3.2.3-build-13\lwjgl_opengl.dll
Event: 17.490 Loaded shared library C:\Users\caspe\AppData\Local\Temp\lwjglcaspe\3.2.3-build-13\lwjgl_opengl.dll
Event: 18.284 Executing VM operation: G1CollectForAllocation
Event: 18.310 Executing VM operation: G1CollectForAllocation done
Event: 21.324 Loaded shared library C:\Users\caspe\AppData\Local\Temp\lwjglcaspe\3.2.3-build-13\lwjgl_opengl.dll
Event: 21.329 Loaded shared library C:\Users\caspe\AppData\Local\Temp\lwjglcaspe\3.2.3-build-13\lwjgl_opengl.dll
Event: 21.472 Loaded shared library C:\Users\caspe\AppData\Local\Temp\lwjglcaspe\3.2.3-build-13\lwjgl.dll
Event: 21.603 Loaded shared library C:\Users\caspe\AppData\Local\Temp\lwjglcaspe\3.2.3-build-13\lwjgl.dll
Event: 21.628 Loaded shared library C:\Users\caspe\AppData\Local\Temp\lwjglcaspe\3.2.3-build-13\lwjgl_opengl.dll
Event: 21.634 Loaded shared library C:\Users\caspe\AppData\Local\Temp\lwjglcaspe\3.2.3-build-13\lwjgl_opengl.dll
Event: 23.027 Executing VM operation: RevokeBias
Event: 23.028 Executing VM operation: RevokeBias done
Event: 23.032 Executing VM operation: RevokeBias
Event: 23.032 Executing VM operation: RevokeBias done
Event: 23.032 Executing VM operation: RevokeBias
Event: 23.032 Executing VM operation: RevokeBias done
Event: 23.402 Executing VM operation: RevokeBias
Event: 23.402 Executing VM operation: RevokeBias done


Dynamic libraries:
0x00007ff789e40000 - 0x00007ff789e4d000 	C:\Program Files\Eclipse Adoptium\jdk-11.0.13.8-hotspot\bin\java.exe
0x00007ffc540f0000 - 0x00007ffc542e5000 	C:\WINDOWS\SYSTEM32\ntdll.dll
0x00007ffc523d0000 - 0x00007ffc5248e000 	C:\WINDOWS\System32\KERNEL32.DLL
0x00007ffc51da0000 - 0x00007ffc52068000 	C:\WINDOWS\System32\KERNELBASE.dll
0x00007ffc51c00000 - 0x00007ffc51d00000 	C:\WINDOWS\System32\ucrtbase.dll
0x00007ffc4d3a0000 - 0x00007ffc4d3b5000 	C:\Program Files\Eclipse Adoptium\jdk-11.0.13.8-hotspot\bin\VCRUNTIME140.dll
0x00007ffc38460000 - 0x00007ffc38477000 	C:\Program Files\Eclipse Adoptium\jdk-11.0.13.8-hotspot\bin\jli.dll
0x00007ffc53f10000 - 0x00007ffc540b0000 	C:\WINDOWS\System32\USER32.dll
0x00007ffc51d70000 - 0x00007ffc51d92000 	C:\WINDOWS\System32\win32u.dll
0x00007ffc453d0000 - 0x00007ffc4566a000 	C:\WINDOWS\WinSxS\amd64_microsoft.windows.common-controls_6595b64144ccf1df_6.0.19041.1110_none_60b5254171f9507e\COMCTL32.dll
0x00007ffc52150000 - 0x00007ffc5217b000 	C:\WINDOWS\System32\GDI32.dll
0x00007ffc52180000 - 0x00007ffc5221e000 	C:\WINDOWS\System32\msvcrt.dll
0x00007ffc51a60000 - 0x00007ffc51b6b000 	C:\WINDOWS\System32\gdi32full.dll
0x00007ffc51860000 - 0x00007ffc518fd000 	C:\WINDOWS\System32\msvcp_win.dll
0x00007ffc53640000 - 0x00007ffc53670000 	C:\WINDOWS\System32\IMM32.DLL
0x00007ffc30cf0000 - 0x00007ffc30d8b000 	C:\Program Files\Eclipse Adoptium\jdk-11.0.13.8-hotspot\bin\msvcp140.dll
0x00007ffbee4c0000 - 0x00007ffbef03e000 	C:\Program Files\Eclipse Adoptium\jdk-11.0.13.8-hotspot\bin\server\jvm.dll
0x00007ffc52510000 - 0x00007ffc525be000 	C:\WINDOWS\System32\ADVAPI32.dll
0x00007ffc52910000 - 0x00007ffc529ac000 	C:\WINDOWS\System32\sechost.dll
0x00007ffc525c0000 - 0x00007ffc526e5000 	C:\WINDOWS\System32\RPCRT4.dll
0x00007ffc531b0000 - 0x00007ffc531b8000 	C:\WINDOWS\System32\PSAPI.DLL
0x00007ffc46d90000 - 0x00007ffc46db7000 	C:\WINDOWS\SYSTEM32\WINMM.dll
0x00007ffc3a1e0000 - 0x00007ffc3a1e9000 	C:\WINDOWS\SYSTEM32\WSOCK32.dll
0x00007ffc46cc0000 - 0x00007ffc46cca000 	C:\WINDOWS\SYSTEM32\VERSION.dll
0x00007ffc531c0000 - 0x00007ffc5322b000 	C:\WINDOWS\System32\WS2_32.dll
0x00007ffc4f720000 - 0x00007ffc4f732000 	C:\WINDOWS\SYSTEM32\kernel.appcore.dll
0x00007ffc4d390000 - 0x00007ffc4d3a0000 	C:\Program Files\Eclipse Adoptium\jdk-11.0.13.8-hotspot\bin\verify.dll
0x00007ffc48f50000 - 0x00007ffc49134000 	C:\WINDOWS\SYSTEM32\DBGHELP.DLL
0x00007ffc42290000 - 0x00007ffc422bc000 	C:\WINDOWS\SYSTEM32\dbgcore.DLL
0x00007ffc51b70000 - 0x00007ffc51bf2000 	C:\WINDOWS\System32\bcryptPrimitives.dll
0x00007ffc35a10000 - 0x00007ffc35a38000 	C:\Program Files\Eclipse Adoptium\jdk-11.0.13.8-hotspot\bin\java.dll
0x00007ffc3f080000 - 0x00007ffc3f08a000 	C:\Program Files\Eclipse Adoptium\jdk-11.0.13.8-hotspot\bin\jimage.dll
0x00007ffc35a90000 - 0x00007ffc35aa7000 	C:\Program Files\Eclipse Adoptium\jdk-11.0.13.8-hotspot\bin\zip.dll
0x00007ffc52a60000 - 0x00007ffc531a4000 	C:\WINDOWS\System32\SHELL32.dll
0x00007ffc4f920000 - 0x00007ffc500b4000 	C:\WINDOWS\SYSTEM32\windows.storage.dll
0x00007ffc532e0000 - 0x00007ffc53634000 	C:\WINDOWS\System32\combase.dll
0x00007ffc51200000 - 0x00007ffc5122c000 	C:\WINDOWS\SYSTEM32\Wldp.dll
0x00007ffc529b0000 - 0x00007ffc52a5d000 	C:\WINDOWS\System32\SHCORE.dll
0x00007ffc527b0000 - 0x00007ffc52805000 	C:\WINDOWS\System32\shlwapi.dll
0x00007ffc51750000 - 0x00007ffc5176f000 	C:\WINDOWS\SYSTEM32\profapi.dll
0x00007ffc359f0000 - 0x00007ffc35a09000 	C:\Program Files\Eclipse Adoptium\jdk-11.0.13.8-hotspot\bin\net.dll
0x00007ffc45680000 - 0x00007ffc45789000 	C:\WINDOWS\SYSTEM32\WINHTTP.dll
0x00007ffc50f00000 - 0x00007ffc50f6a000 	C:\WINDOWS\system32\mswsock.dll
0x00007ffc359d0000 - 0x00007ffc359e2000 	C:\Program Files\Eclipse Adoptium\jdk-11.0.13.8-hotspot\bin\nio.dll
0x00007ffc1de20000 - 0x00007ffc1dfba000 	C:\Program Files\Eclipse Adoptium\jdk-11.0.13.8-hotspot\bin\awt.dll
0x00007ffc53670000 - 0x00007ffc5373d000 	C:\WINDOWS\System32\OLEAUT32.dll
0x00007ffc4f070000 - 0x00007ffc4f100000 	C:\WINDOWS\SYSTEM32\apphelp.dll
0x00007ffc4f430000 - 0x00007ffc4f45f000 	C:\WINDOWS\system32\DWMAPI.DLL
0x00007ffc4f240000 - 0x00007ffc4f2de000 	C:\WINDOWS\system32\uxtheme.dll
0x00007ffc0ae60000 - 0x00007ffc0af86000 	C:\WINDOWS\system32\opengl32.dll
0x00007ffc0ae30000 - 0x00007ffc0ae5c000 	C:\WINDOWS\SYSTEM32\GLU32.dll
0x00007ffc53df0000 - 0x00007ffc53f06000 	C:\WINDOWS\System32\MSCTF.dll
0x00007ffc53c30000 - 0x00007ffc53d5a000 	C:\WINDOWS\System32\ole32.dll
0x00007ffc23330000 - 0x00007ffc234ff000 	C:\WINDOWS\system32\d3d9.dll
0x00007ffc46dc0000 - 0x00007ffc46f78000 	C:\WINDOWS\System32\DriverStore\FileRepository\u0376209.inf_amd64_b3bdffadea4def3f\B374968\aticfx64.dll
0x00007ffc2ebd0000 - 0x00007ffc2ec04000 	C:\WINDOWS\System32\DriverStore\FileRepository\u0376209.inf_amd64_b3bdffadea4def3f\B374968\atiu9p64.dll
0x00007ffc21970000 - 0x00007ffc226c4000 	C:\WINDOWS\System32\DriverStore\FileRepository\u0376209.inf_amd64_b3bdffadea4def3f\B374968\atiumd64.dll
0x000000005b1f0000 - 0x000000005c065000 	C:\WINDOWS\System32\DriverStore\FileRepository\u0376209.inf_amd64_b3bdffadea4def3f\B374968\atiumd6a.dll
0x00007ffc537c0000 - 0x00007ffc53c30000 	C:\WINDOWS\System32\SETUPAPI.dll
0x00007ffc51810000 - 0x00007ffc5185e000 	C:\WINDOWS\System32\cfgmgr32.dll
0x00007ffc52120000 - 0x00007ffc52147000 	C:\WINDOWS\System32\bcrypt.dll
0x00007ffc515d0000 - 0x00007ffc5161b000 	C:\WINDOWS\SYSTEM32\POWRPROF.dll
0x00007ffc515b0000 - 0x00007ffc515c2000 	C:\WINDOWS\SYSTEM32\UMPDC.dll
0x00007ffc46c50000 - 0x00007ffc46c80000 	C:\WINDOWS\SYSTEM32\amdihk64.dll
0x00007ffc470e0000 - 0x00007ffc4711b000 	C:\WINDOWS\SYSTEM32\dxcore.dll
0x00007ffc356a0000 - 0x00007ffc356cd000 	C:\Program Files\Eclipse Adoptium\jdk-11.0.13.8-hotspot\bin\javajpeg.dll
0x00007ffc24db0000 - 0x00007ffc24e36000 	C:\Program Files\Eclipse Adoptium\jdk-11.0.13.8-hotspot\bin\freetype.dll
0x00007ffc210e0000 - 0x00007ffc21186000 	C:\Program Files\Eclipse Adoptium\jdk-11.0.13.8-hotspot\bin\fontmanager.dll
0x00007ffc3f7f0000 - 0x00007ffc3f8e9000 	C:\WINDOWS\SYSTEM32\textinputframework.dll
0x00007ffc4ed40000 - 0x00007ffc4ee32000 	C:\WINDOWS\System32\CoreMessaging.dll
0x00007ffc4e9e0000 - 0x00007ffc4ed3e000 	C:\WINDOWS\System32\CoreUIComponents.dll
0x00007ffc50510000 - 0x00007ffc50543000 	C:\WINDOWS\SYSTEM32\ntmarta.dll
0x00007ffc4d680000 - 0x00007ffc4d7d4000 	C:\WINDOWS\SYSTEM32\wintypes.dll
0x000000006e700000 - 0x000000006e72a000 	C:\Users\caspe\AppData\Local\Temp\libgdxcaspe\e1cd32f8\gdx64.dll
0x00007ffc34d60000 - 0x00007ffc34dc4000 	C:\Users\caspe\AppData\Local\Temp\lwjglcaspe\3.2.3-build-13\lwjgl.dll
0x00007ffc18200000 - 0x00007ffc18453000 	C:\Users\caspe\AppData\Local\Temp\lwjglcaspe\3.2.3-build-13\jemalloc.dll
0x00007ffc34720000 - 0x00007ffc34782000 	C:\Users\caspe\AppData\Local\Temp\lwjglcaspe\3.2.3-build-13\glfw.dll
0x00007ffc31430000 - 0x00007ffc31475000 	C:\WINDOWS\SYSTEM32\dinput8.dll
0x00007ffc35970000 - 0x00007ffc35981000 	C:\WINDOWS\SYSTEM32\xinput1_4.dll
0x00007ffc51540000 - 0x00007ffc51573000 	C:\WINDOWS\SYSTEM32\DEVOBJ.dll
0x00007ffc3eae0000 - 0x00007ffc3ec32000 	C:\WINDOWS\SYSTEM32\inputhost.dll
0x00007ffc4d3c0000 - 0x00007ffc4d4b6000 	C:\WINDOWS\SYSTEM32\PROPSYS.dll
0x00007ffc500c0000 - 0x00007ffc500cd000 	C:\WINDOWS\SYSTEM32\HID.DLL
0x00007ffc51d00000 - 0x00007ffc51d68000 	C:\WINDOWS\System32\WINTRUST.dll
0x00007ffc51900000 - 0x00007ffc51a56000 	C:\WINDOWS\System32\CRYPT32.dll
0x00007ffc51380000 - 0x00007ffc51392000 	C:\WINDOWS\SYSTEM32\MSASN1.dll
0x00007ffc1f050000 - 0x00007ffc1f15b000 	C:\Users\caspe\AppData\Local\Temp\lwjglcaspe\3.2.3-build-13\OpenAL.dll
0x00007ffc53230000 - 0x00007ffc532d9000 	C:\WINDOWS\System32\clbcatq.dll
0x00007ffc4a6a0000 - 0x00007ffc4a725000 	C:\WINDOWS\System32\MMDevApi.dll
0x00007ffc4a4b0000 - 0x00007ffc4a632000 	C:\WINDOWS\SYSTEM32\AUDIOSES.DLL
0x00007ffc4f330000 - 0x00007ffc4f344000 	C:\WINDOWS\SYSTEM32\resourcepolicyclient.dll
0x00007ffc4afb0000 - 0x00007ffc4b0a9000 	C:\Windows\System32\AppXDeploymentClient.dll
0x00007ffc4bd00000 - 0x00007ffc4bd2c000 	C:\WINDOWS\System32\DriverStore\FileRepository\u0376209.inf_amd64_b3bdffadea4def3f\B374968\atig6pxx.dll
0x00007ffbf5950000 - 0x00007ffbf8793000 	C:\WINDOWS\System32\DriverStore\FileRepository\u0376209.inf_amd64_b3bdffadea4def3f\B374968\atio6axx.dll
0x00007ffc2e790000 - 0x00007ffc2e7b4000 	C:\WINDOWS\SYSTEM32\dxva2.dll
0x00007ffc2d060000 - 0x00007ffc2d09f000 	C:\WINDOWS\System32\DriverStore\FileRepository\u0376209.inf_amd64_b3bdffadea4def3f\B374968\atig6txx.dll
0x00007ffc0a5c0000 - 0x00007ffc0a78c000 	C:\WINDOWS\SYSTEM32\atiadlxx.dll
0x00007ffc2dba0000 - 0x00007ffc2dbe9000 	C:\WINDOWS\SYSTEM32\pdh.dll
0x00007ffc30350000 - 0x00007ffc303a9000 	C:\Users\caspe\AppData\Local\Temp\lwjglcaspe\3.2.3-build-13\lwjgl_opengl.dll

dbghelp: loaded successfully - version: 4.0.5 - missing functions: none
symbol engine: initialized successfully - sym options: 0x614 - pdb path: .;C:\Program Files\Eclipse Adoptium\jdk-11.0.13.8-hotspot\bin;C:\WINDOWS\SYSTEM32;C:\WINDOWS\WinSxS\amd64_microsoft.windows.common-controls_6595b64144ccf1df_6.0.19041.1110_none_60b5254171f9507e;C:\Program Files\Eclipse Adoptium\jdk-11.0.13.8-hotspot\bin\server;C:\WINDOWS\System32\DriverStore\FileRepository\u0376209.inf_amd64_b3bdffadea4def3f\B374968;C:\Users\caspe\AppData\Local\Temp\libgdxcaspe\e1cd32f8;C:\Users\caspe\AppData\Local\Temp\lwjglcaspe\3.2.3-build-13

VM Arguments:
java_command: com.crazyputting3d.Menu
java_class_path (initial): C:\Users\caspe\Documents\Projects\GitHub Projects\Group-04\3dcrazyputting\desktop\bin\main;\CrazyPutting3D-core\bin\default;C:\Users\caspe\Documents\Projects\GitHub Projects\Group-04\3dcrazyputting\core\bin\main;C:\Users\caspe\.gradle\caches\modules-2\files-2.1\com.badlogicgames.gdx\gdx-backend-lwjgl3\1.10.0\600c7d5b2c977daa82c4abad147087b31e0ada87\gdx-backend-lwjgl3-1.10.0.jar;C:\Users\caspe\.gradle\caches\modules-2\files-2.1\com.badlogicgames.gdx\gdx-platform\1.10.0\9a8fa793d2fd6d360afc6c9e4c1f5583da263b88\gdx-platform-1.10.0-natives-desktop.jar;C:\Users\caspe\.gradle\caches\modules-2\files-2.1\com.badlogicgames.gdx\gdx-bullet-platform\1.10.0\ce92e8dfc762523d769cbc50853163c03bf98cf1\gdx-bullet-platform-1.10.0-natives-desktop.jar;C:\Users\caspe\.gradle\caches\modules-2\files-2.1\com.badlogicgames.gdx\gdx-freetype-platform\1.10.0\6e5d28752759e69384f12e4569d2c884ff71352f\gdx-freetype-platform-1.10.0-natives-desktop.jar;C:\Users\caspe\.gradle\caches\modules-2\files-2.1\com.badlogicgames.gdx-controllers\gdx-controllers-desktop\2.2.1\cb3430c32468a090eca54d494d16bb3764ceff9b\gdx-controllers-desktop-2.2.1.jar;C:\Users\caspe\.gradle\caches\modules-2\files-2.1\org.jetbrains\annotations\20.1.0\2fcd1f3225bca0c4a7bc931142076f8c1e80993f\annotations-20.1.0.jar;C:\Users\caspe\.gradle\caches\modules-2\files-2.1\com.badlogicgames.gdx\gdx-bullet\1.10.0\839b58c7278f5c3b55291c3a559d91227400ecdb\gdx-bullet-1.10.0.jar;C:\Users\caspe\.gradle\caches\modules-2\files-2.1\com.badlogicgames.gdx\gdx-freetype\1.10.0\de1d0d5c1e92e8d91364256fd6b7bb279d3e9859\gdx-freetype-1.10.0.jar;C:\Users\caspe\.gradle\caches\modules-2\files-2.1\com.badlogicgames.gdx\gdx-ai\1.8.2\ab75d2ce80ab1b1ce6828a15dc0f417abac4c674\gdx-ai-1.8.2.jar;C:\Users\caspe\.gradle\caches\modules-2\files-2.1\com.badlogicgames.ashley\ashley\1.7.4\21a3a8932919099c4e5006a7d8378dcbe76ef8a5\ashley-1.7.4.jar;C:\Users\caspe\.gradle\caches\modules-2\files-2.1\com.badlogicgames.box2dlights\box2dlights\1.5\6902dbcd
Launcher Type: SUN_STANDARD

[Global flags]
     intx CICompilerCount                          = 4                                         {product} {ergonomic}
     uint ConcGCThreads                            = 2                                         {product} {ergonomic}
     uint G1ConcRefinementThreads                  = 8                                         {product} {ergonomic}
   size_t G1HeapRegionSize                         = 1048576                                   {product} {ergonomic}
    uintx GCDrainStackTargetSize                   = 64                                        {product} {ergonomic}
   size_t InitialHeapSize                          = 260046848                                 {product} {ergonomic}
   size_t MarkStackSize                            = 4194304                                   {product} {ergonomic}
   size_t MaxHeapSize                              = 4135583744                                {product} {ergonomic}
   size_t MaxNewSize                               = 2480930816                                {product} {ergonomic}
   size_t MinHeapDeltaBytes                        = 1048576                                   {product} {ergonomic}
    uintx NonNMethodCodeHeapSize                   = 5836300                                {pd product} {ergonomic}
    uintx NonProfiledCodeHeapSize                  = 122910970                              {pd product} {ergonomic}
    uintx ProfiledCodeHeapSize                     = 122910970                              {pd product} {ergonomic}
    uintx ReservedCodeCacheSize                    = 251658240                              {pd product} {ergonomic}
     bool SegmentedCodeCache                       = true                                      {product} {ergonomic}
     bool UseCompressedClassPointers               = true                                 {lp64_product} {ergonomic}
     bool UseCompressedOops                        = true                                 {lp64_product} {ergonomic}
     bool UseG1GC                                  = true                                      {product} {ergonomic}
     bool UseLargePagesIndividualAllocation        = false                                  {pd product} {ergonomic}

Logging:
Log output configuration:
 #0: stdout all=warning uptime,level,tags
 #1: stderr all=off uptime,level,tags

Environment Variables:
JAVA_HOME=C:\Program Files\Eclipse Adoptium\jdk-11.0.13.8-hotspot
PATH=C:\Program Files\Eclipse Adoptium\jdk-11.0.13.8-hotspot\bin;C:\Program Files\Common Files\Oracle\Java\javapath;C:\WINDOWS\system32;C:\WINDOWS;C:\WINDOWS\System32\Wbem;C:\WINDOWS\System32\WindowsPowerShell\v1.0\;C:\WINDOWS\System32\OpenSSH\;C:\Program Files\Git\cmd;C:\Program Files\MATLAB\R2021b\bin;C:\Users\caspe\AppData\Local\Programs\Python\Python310\Scripts\;C:\Users\caspe\AppData\Local\Programs\Python\Python310\;C:\Users\caspe\AppData\Local\Microsoft\WindowsApps;C:\Users\caspe\AppData\Local\Programs\Microsoft VS Code\bin;C:\Users\caspe\AppData\Local\GitHubDesktop\bin;C:\Gradle\gradle-7.4.2\bin;
USERNAME=caspe
LANG=nl_NL.UTF-8
OS=Windows_NT
PROCESSOR_IDENTIFIER=AMD64 Family 23 Model 96 Stepping 1, AuthenticAMD



---------------  S Y S T E M  ---------------

OS: Windows 10 , 64 bit Build 19041 (10.0.19041.1566)
OS uptime: 2 days 22:48 hours

CPU:total 8 (initial active 8) (8 cores per cpu, 1 threads per core) family 23 model 96 stepping 1 microcode 0x0, cmov, cx8, fxsr, mmx, sse, sse2, sse3, ssse3, sse4.1, sse4.2, popcnt, avx, avx2, aes, clmul, mmxext, 3dnowpref, lzcnt, sse4a, tsc, tscinvbit, tscinv, bmi1, bmi2, adx, sha, fma

Memory: 4k page, system-wide physical 15771M (9301M free)
TotalPageFile size 18203M (AvailPageFile size 8744M)
current process WorkingSet (physical memory assigned to process): 651M, peak: 714M
current process commit charge ("private bytes"): 942M, peak: 1124M

vm_info: OpenJDK 64-Bit Server VM (11.0.13+8) for windows-amd64 JRE (11.0.13+8), built on Oct 19 2021 17:05:59 by "" with unknown MS VC++:1916

END.
