#
# A fatal error has been detected by the Java Runtime Environment:
#
#  EXCEPTION_ACCESS_VIOLATION (0xc0000005) at pc=0x0000019c8b050000, pid=20508, tid=13904
#
# JRE version: OpenJDK Runtime Environment Temurin-17.0.1+12 (17.0.1+12) (build 17.0.1+12)
# Java VM: OpenJDK 64-Bit Server VM Temurin-17.0.1+12 (17.0.1+12, mixed mode, sharing, tiered, compressed oops, compressed class ptrs, g1 gc, windows-amd64)
# Problematic frame:
# C  0x0000019c8b050000
#
# No core dump will be written. Minidumps are not enabled by default on client versions of Windows
#
# If you would like to submit a bug report, please visit:
#   https://github.com/adoptium/adoptium-support/issues
# The crash happened outside the Java Virtual Machine in native code.
# See problematic frame for where to report the bug.
#

---------------  S U M M A R Y ------------

Command Line: -XX:+ShowCodeDetailsInExceptionMessages com.crazyputting3d.Main

Host: AMD Ryzen 7 4800H with Radeon Graphics         , 16 cores, 15G,  Windows 10 , 64 bit Build 19041 (10.0.19041.1706)
Time: Wed Jun 15 01:11:16 2022 Central European Daylight Time elapsed time: 6.307823 seconds (0d 0h 0m 6s)

---------------  T H R E A D  ---------------

Current thread (0x0000019ce3f7b7b0):  JavaThread "main" [_thread_in_native, id=13904, stack(0x00000066d7c00000,0x00000066d7d00000)]

Stack: [0x00000066d7c00000,0x00000066d7d00000],  sp=0x00000066d7cfed28,  free space=1019k
Native frames: (J=compiled Java code, j=interpreted, Vv=VM code, C=native code)
C  0x0000019c8b050000

Java frames: (J=compiled Java code, j=interpreted, Vv=VM code)
J 1181  org.lwjgl.system.JNI.invokePV(JJ)V (0 bytes) @ 0x0000019cf4f65dec [0x0000019cf4f65da0+0x000000000000004c]
j  org.lwjgl.glfw.GLFW.glfwSwapBuffers(J)V+17
j  com.badlogic.gdx.backends.lwjgl3.Lwjgl3Window.update()Z+196
j  com.badlogic.gdx.backends.lwjgl3.Lwjgl3Application.loop()V+111
j  com.badlogic.gdx.backends.lwjgl3.Lwjgl3Application.<init>(Lcom/badlogic/gdx/ApplicationListener;Lcom/badlogic/gdx/backends/lwjgl3/Lwjgl3ApplicationConfiguration;)V+243
j  com.crazyputting3d.Main.main([Ljava/lang/String;)V+45
v  ~StubRoutines::call_stub

siginfo: EXCEPTION_ACCESS_VIOLATION (0xc0000005), data execution prevention violation at address 0x0000019c8b050000


Register to memory mapping:

RIP=0x0000019c8b050000 is an unknown value
RAX=0x0000019c8b050000 is an unknown value
RBX=0x0000000000010001 is an unknown value
RCX=0x0000000000010001 is an unknown value
RDX=0x00000066d7cfed60 is pointing into the stack for thread: 0x0000019ce3f7b7b0
RSP=0x00000066d7cfed28 is pointing into the stack for thread: 0x0000019ce3f7b7b0
RBP=0x00000066d7cfee30 is pointing into the stack for thread: 0x0000019ce3f7b7b0
RSI=0x0000000000000110 is an unknown value
RDI=0x0000000000000db9 is an unknown value
R8 =0x0000019c8aa0bc20 points into unknown readable memory: 0x0000019c94ab0290 | 90 02 ab 94 9c 01 00 00
R9 =0x00007ffd76971b50 glfw.dll
R10=0x00007ffd77001b10 lwjgl.dll
R11=0x00000066d7cff198 is pointing into the stack for thread: 0x0000019ce3f7b7b0
R12=0x0 is NULL
R13=0x00000066d7cff220 is pointing into the stack for thread: 0x0000019ce3f7b7b0
R14=0x00000066d7cff1f0 is pointing into the stack for thread: 0x0000019ce3f7b7b0
R15=0x0000019ce3f7b7b0 is a thread


Registers:
RAX=0x0000019c8b050000, RBX=0x0000000000010001, RCX=0x0000000000010001, RDX=0x00000066d7cfed60
RSP=0x00000066d7cfed28, RBP=0x00000066d7cfee30, RSI=0x0000000000000110, RDI=0x0000000000000db9
R8 =0x0000019c8aa0bc20, R9 =0x00007ffd76971b50, R10=0x00007ffd77001b10, R11=0x00000066d7cff198
R12=0x0000000000000000, R13=0x00000066d7cff220, R14=0x00000066d7cff1f0, R15=0x0000019ce3f7b7b0
RIP=0x0000019c8b050000, EFLAGS=0x0000000000010206

Top of Stack: (sp=0x00000066d7cfed28)
0x00000066d7cfed28:   00007ffd76971f7c 000000070b28e780
0x00000066d7cfed38:   000000070b28d7a8 0000000200000000
0x00000066d7cfed48:   000000070b1eeef0 000000070b1e9930
0x00000066d7cfed58:   0000140600000002 57464c4720656854
0x00000066d7cfed68:   7972617262696c20 20746f6e20736920
0x00000066d7cfed78:   696c616974696e69 000000070064657a
0x00000066d7cfed88:   00007ffd3e9652f6 00000066d7cff1c8
0x00000066d7cfed98:   0000019cedca6664 00000066d7cfee78
0x00000066d7cfeda8:   00007ffd3e965e62 00000066d7cff1c8
0x00000066d7cfedb8:   0000019cedc37604 00000000000001cc
0x00000066d7cfedc8:   0000019ced3694fe 0000000000000000
0x00000066d7cfedd8:   000000006e7020f4 0000019ce3f7ba58
0x00000066d7cfede8:   00007ffd3e965481 000000070b28e4b0
0x00000066d7cfedf8:   0000019cf4f60985 0000000200000003
0x00000066d7cfee08:   000000070b28d000 000000070b28d040
0x00000066d7cfee18:   000000070b3c6290 0000000700000013 

Instructions: (pc=0x0000019c8b050000)
0x0000019c8b04ff00:   ?? ?? ?? ?? ?? ?? ?? ?? ?? ?? ?? ?? ?? ?? ?? ??
0x0000019c8b04ff10:   ?? ?? ?? ?? ?? ?? ?? ?? ?? ?? ?? ?? ?? ?? ?? ??
0x0000019c8b04ff20:   ?? ?? ?? ?? ?? ?? ?? ?? ?? ?? ?? ?? ?? ?? ?? ??
0x0000019c8b04ff30:   ?? ?? ?? ?? ?? ?? ?? ?? ?? ?? ?? ?? ?? ?? ?? ??
0x0000019c8b04ff40:   ?? ?? ?? ?? ?? ?? ?? ?? ?? ?? ?? ?? ?? ?? ?? ??
0x0000019c8b04ff50:   ?? ?? ?? ?? ?? ?? ?? ?? ?? ?? ?? ?? ?? ?? ?? ??
0x0000019c8b04ff60:   ?? ?? ?? ?? ?? ?? ?? ?? ?? ?? ?? ?? ?? ?? ?? ??
0x0000019c8b04ff70:   ?? ?? ?? ?? ?? ?? ?? ?? ?? ?? ?? ?? ?? ?? ?? ??
0x0000019c8b04ff80:   ?? ?? ?? ?? ?? ?? ?? ?? ?? ?? ?? ?? ?? ?? ?? ??
0x0000019c8b04ff90:   ?? ?? ?? ?? ?? ?? ?? ?? ?? ?? ?? ?? ?? ?? ?? ??
0x0000019c8b04ffa0:   ?? ?? ?? ?? ?? ?? ?? ?? ?? ?? ?? ?? ?? ?? ?? ??
0x0000019c8b04ffb0:   ?? ?? ?? ?? ?? ?? ?? ?? ?? ?? ?? ?? ?? ?? ?? ??
0x0000019c8b04ffc0:   ?? ?? ?? ?? ?? ?? ?? ?? ?? ?? ?? ?? ?? ?? ?? ??
0x0000019c8b04ffd0:   ?? ?? ?? ?? ?? ?? ?? ?? ?? ?? ?? ?? ?? ?? ?? ??
0x0000019c8b04ffe0:   ?? ?? ?? ?? ?? ?? ?? ?? ?? ?? ?? ?? ?? ?? ?? ??
0x0000019c8b04fff0:   ?? ?? ?? ?? ?? ?? ?? ?? ?? ?? ?? ?? ?? ?? ?? ??
0x0000019c8b050000:   ?? ?? ?? ?? ?? ?? ?? ?? ?? ?? ?? ?? ?? ?? ?? ??
0x0000019c8b050010:   ?? ?? ?? ?? ?? ?? ?? ?? ?? ?? ?? ?? ?? ?? ?? ??
0x0000019c8b050020:   ?? ?? ?? ?? ?? ?? ?? ?? ?? ?? ?? ?? ?? ?? ?? ??
0x0000019c8b050030:   ?? ?? ?? ?? ?? ?? ?? ?? ?? ?? ?? ?? ?? ?? ?? ??
0x0000019c8b050040:   ?? ?? ?? ?? ?? ?? ?? ?? ?? ?? ?? ?? ?? ?? ?? ??
0x0000019c8b050050:   ?? ?? ?? ?? ?? ?? ?? ?? ?? ?? ?? ?? ?? ?? ?? ??
0x0000019c8b050060:   ?? ?? ?? ?? ?? ?? ?? ?? ?? ?? ?? ?? ?? ?? ?? ??
0x0000019c8b050070:   ?? ?? ?? ?? ?? ?? ?? ?? ?? ?? ?? ?? ?? ?? ?? ??
0x0000019c8b050080:   ?? ?? ?? ?? ?? ?? ?? ?? ?? ?? ?? ?? ?? ?? ?? ??
0x0000019c8b050090:   ?? ?? ?? ?? ?? ?? ?? ?? ?? ?? ?? ?? ?? ?? ?? ??
0x0000019c8b0500a0:   ?? ?? ?? ?? ?? ?? ?? ?? ?? ?? ?? ?? ?? ?? ?? ??
0x0000019c8b0500b0:   ?? ?? ?? ?? ?? ?? ?? ?? ?? ?? ?? ?? ?? ?? ?? ??
0x0000019c8b0500c0:   ?? ?? ?? ?? ?? ?? ?? ?? ?? ?? ?? ?? ?? ?? ?? ??
0x0000019c8b0500d0:   ?? ?? ?? ?? ?? ?? ?? ?? ?? ?? ?? ?? ?? ?? ?? ??
0x0000019c8b0500e0:   ?? ?? ?? ?? ?? ?? ?? ?? ?? ?? ?? ?? ?? ?? ?? ??
0x0000019c8b0500f0:   ?? ?? ?? ?? ?? ?? ?? ?? ?? ?? ?? ?? ?? ?? ?? ?? 


Stack slot to memory mapping:
stack at sp + 0 slots: 0x00007ffd76971f7c glfw.dll
stack at sp + 1 slots: 0x000000070b28e780 is an oop: com.badlogic.gdx.scenes.scene2d.ui.Label 
{0x000000070b28e780} - klass: 'com/badlogic/gdx/scenes/scene2d/ui/Label'
 - ---- fields (total size 18 words):
 - 'x' 'F' @12  10.000000 (41200000)
 - 'y' 'F' @16  15.000000 (41700000)
 - 'width' 'F' @20  231.000000 (43670000)
 - 'height' 'F' @24  41.000000 (42240000)
 - 'originX' 'F' @28  0.000000
 - 'originY' 'F' @32  0.000000
 - 'scaleX' 'F' @36  1.000000 (3f800000)
 - 'scaleY' 'F' @40  1.000000 (3f800000)
 - 'rotation' 'F' @44  0.000000
 - private 'visible' 'Z' @48  true
 - private 'debug' 'Z' @49  false
 - private 'stage' 'Lcom/badlogic/gdx/scenes/scene2d/Stage;' @52  a 'com/badlogic/gdx/scenes/scene2d/Stage'{0x000000070b278de8} (e164f1bd)
 - 'parent' 'Lcom/badlogic/gdx/scenes/scene2d/Group;' @56  a 'com/badlogic/gdx/scenes/scene2d/ui/TextButton'{0x000000070b28e4b0} (e1651c96)
 - private final 'listeners' 'Lcom/badlogic/gdx/utils/DelayedRemovalArray;' @60  a 'com/badlogic/gdx/utils/DelayedRemovalArray'{0x000000070b28e810} (e1651d02)
 - private final 'captureListeners' 'Lcom/badlogic/gdx/utils/DelayedRemovalArray;' @64  a 'com/badlogic/gdx/utils/DelayedRemovalArray'{0x000000070b28e878} (e1651d0f)
 - private final 'actions' 'Lcom/badlogic/gdx/utils/Array;' @68  a 'com/badlogic/gdx/utils/Array'{0x000000070b28e8e0} (e1651d1c)
 - private 'name' 'Ljava/lang/String;' @72  NULL (0)
 - private 'touchable' 'Lcom/badlogic/gdx/scenes/scene2d/Touchable;' @76  a 'com/badlogic/gdx/scenes/scene2d/Touchable'{0x000000070a1d5da8} (e143abb5)
 - final 'color' 'Lcom/badlogic/gdx/graphics/Color;' @80  a 'com/badlogic/gdx/graphics/Color'{0x000000070b28e910} (e1651d22)
 - private 'userObject' 'Ljava/lang/Object;' @84  NULL (0)
 - private 'needsLayout' 'Z' @50  false
 - private 'fillParent' 'Z' @51  false
 - private 'layoutEnabled' 'Z' @88  true
 - private 'wrap' 'Z' @89  false
 - private 'prefSizeInvalid' 'Z' @90  false
 - private 'fontScaleChanged' 'Z' @91  false
 - private 'intValue' 'I' @92  -2147483648 (80000000)
 - private 'labelAlign' 'I' @96  1
 - private 'lineAlign' 'I' @100  1
 - private 'lastPrefHeight' 'F' @104  0.000000
 - private 'fontScaleX' 'F' @108  1.000000 (3f800000)
 - private 'fontScaleY' 'F' @112  1.000000 (3f800000)
 - private 'style' 'Lcom/badlogic/gdx/scenes/scene2d/ui/Label$LabelStyle;' @116  a 'com/badlogic/gdx/scenes/scene2d/ui/Label$LabelStyle'{0x000000070b28e930} (e1651d26)
 - private final 'layout' 'Lcom/badlogic/gdx/graphics/g2d/GlyphLayout;' @120  a 'com/badlogic/gdx/graphics/g2d/GlyphLayout'{0x000000070b291930} (e1652326)
 - private final 'prefSize' 'Lcom/badlogic/gdx/math/Vector2;' @124  a 'com/badlogic/gdx/math/Vector2'{0x000000070b291ab0} (e1652356)
 - private final 'text' 'Lcom/badlogic/gdx/utils/StringBuilder;' @128  a 'com/badlogic/gdx/utils/StringBuilder'{0x000000070b291ac8} (e1652359)
 - private 'cache' 'Lcom/badlogic/gdx/graphics/g2d/BitmapFontCache;' @132  a 'com/badlogic/gdx/graphics/g2d/BitmapFontCache'{0x000000070b291b28} (e1652365)
 - private 'ellipsis' 'Ljava/lang/String;' @136  NULL (0)
stack at sp + 2 slots: 0x000000070b28d7a8 is an oop: com.badlogic.gdx.utils.ObjectIntMap 
{0x000000070b28d7a8} - klass: 'com/badlogic/gdx/utils/ObjectIntMap'
 - ---- fields (total size 8 words):
 - public 'size' 'I' @12  3
 - 'loadFactor' 'F' @16  0.800000 (3f4ccccd)
 - 'threshold' 'I' @20  51 (33)
 - protected 'shift' 'I' @24  58 (3a)
 - protected 'mask' 'I' @28  63 (3f)
 - 'keyTable' '[Ljava/lang/Object;' @32  a 'java/lang/Object'[64] {0x000000070b28d7e8} (e1651afd)
 - 'valueTable' '[I' @36  [I{0x000000070b28d998} (e1651b33)
 - transient 'entries1' 'Lcom/badlogic/gdx/utils/ObjectIntMap$Entries;' @40  NULL (0)
 - transient 'entries2' 'Lcom/badlogic/gdx/utils/ObjectIntMap$Entries;' @44  NULL (0)
 - transient 'values1' 'Lcom/badlogic/gdx/utils/ObjectIntMap$Values;' @48  NULL (0)
 - transient 'values2' 'Lcom/badlogic/gdx/utils/ObjectIntMap$Values;' @52  NULL (0)
 - transient 'keys1' 'Lcom/badlogic/gdx/utils/ObjectIntMap$Keys;' @56  NULL (0)
 - transient 'keys2' 'Lcom/badlogic/gdx/utils/ObjectIntMap$Keys;' @60  NULL (0)
stack at sp + 3 slots: 0x0000000200000000 is an unknown value
stack at sp + 4 slots: 0x000000070b1eeef0 is an oop: java.lang.String 
{0x000000070b1eeef0} - klass: 'java/lang/String'
 - string: "a_texCoord0"
stack at sp + 5 slots: 0x000000070b1e9930 is an oop: com.badlogic.gdx.backends.lwjgl3.Lwjgl3GL20 
{0x000000070b1e9930} - klass: 'com/badlogic/gdx/backends/lwjgl3/Lwjgl3GL20'
 - ---- fields (total size 3 words):
 - private 'buffer' 'Ljava/nio/ByteBuffer;' @12  a 'java/nio/DirectByteBuffer'{0x000000070b1e9948} (e163d329)
 - private 'floatBuffer' 'Ljava/nio/FloatBuffer;' @16  a 'java/nio/DirectFloatBufferU'{0x000000070b1eb2f8} (e163d65f)
 - private 'intBuffer' 'Ljava/nio/IntBuffer;' @20  a 'java/nio/DirectIntBufferU'{0x000000070b1eb330} (e163d666)
stack at sp + 6 slots: 0x0000140600000002 is an unknown value
stack at sp + 7 slots: 0x57464c4720656854 is an unknown value


---------------  P R O C E S S  ---------------

Threads class SMR info:
_java_thread_list=0x0000019c94a42b10, length=17, elements={
0x0000019ce3f7b7b0, 0x0000019cffa8ca40, 0x0000019cffa8e6c0, 0x0000019cffaa2c10,
0x0000019cffaa34d0, 0x0000019cffaa3e80, 0x0000019cffaa4830, 0x0000019cffaa5510,
0x0000019cffab1410, 0x0000019cffab45f0, 0x0000019c8a520280, 0x0000019c8a546270,
0x0000019c8a549de0, 0x0000019c8a558960, 0x0000019c8db0a8b0, 0x0000019c949bf450,
0x0000019c9b58c040
}

Java Threads: ( => current thread )
=>0x0000019ce3f7b7b0 JavaThread "main" [_thread_in_native, id=13904, stack(0x00000066d7c00000,0x00000066d7d00000)]
  0x0000019cffa8ca40 JavaThread "Reference Handler" daemon [_thread_blocked, id=19852, stack(0x00000066d8300000,0x00000066d8400000)]
  0x0000019cffa8e6c0 JavaThread "Finalizer" daemon [_thread_blocked, id=8196, stack(0x00000066d8400000,0x00000066d8500000)]
  0x0000019cffaa2c10 JavaThread "Signal Dispatcher" daemon [_thread_blocked, id=25432, stack(0x00000066d8500000,0x00000066d8600000)]
  0x0000019cffaa34d0 JavaThread "Attach Listener" daemon [_thread_blocked, id=26092, stack(0x00000066d8600000,0x00000066d8700000)]
  0x0000019cffaa3e80 JavaThread "Service Thread" daemon [_thread_blocked, id=5260, stack(0x00000066d8700000,0x00000066d8800000)]
  0x0000019cffaa4830 JavaThread "Monitor Deflation Thread" daemon [_thread_blocked, id=21104, stack(0x00000066d8800000,0x00000066d8900000)]
  0x0000019cffaa5510 JavaThread "C2 CompilerThread0" daemon [_thread_blocked, id=17828, stack(0x00000066d8900000,0x00000066d8a00000)]
  0x0000019cffab1410 JavaThread "C1 CompilerThread0" daemon [_thread_blocked, id=23300, stack(0x00000066d8a00000,0x00000066d8b00000)]
  0x0000019cffab45f0 JavaThread "Sweeper thread" daemon [_thread_blocked, id=15692, stack(0x00000066d8b00000,0x00000066d8c00000)]
  0x0000019c8a520280 JavaThread "C1 CompilerThread1" daemon [_thread_blocked, id=22000, stack(0x00000066d8c00000,0x00000066d8d00000)]
  0x0000019c8a546270 JavaThread "C1 CompilerThread2" daemon [_thread_blocked, id=19780, stack(0x00000066d8d00000,0x00000066d8e00000)]
  0x0000019c8a549de0 JavaThread "Notification Thread" daemon [_thread_blocked, id=25048, stack(0x00000066d8e00000,0x00000066d8f00000)]
  0x0000019c8a558960 JavaThread "Common-Cleaner" daemon [_thread_blocked, id=12436, stack(0x00000066d9000000,0x00000066d9100000)]
  0x0000019c8db0a8b0 JavaThread "LWJGL3 Timer" daemon [_thread_blocked, id=24412, stack(0x00000066d9a00000,0x00000066d9b00000)]
  0x0000019c949bf450 JavaThread "C1 CompilerThread3" daemon [_thread_blocked, id=7692, stack(0x00000066da500000,0x00000066da600000)]
  0x0000019c9b58c040 JavaThread "LWJGL3 Timer" daemon [_thread_blocked, id=7248, stack(0x00000066da900000,0x00000066daa00000)]

Other Threads:
  0x0000019cffa86e70 VMThread "VM Thread" [stack: 0x00000066d8200000,0x00000066d8300000] [id=11920]
  0x0000019ce413f2d0 WatcherThread [stack: 0x00000066d8f00000,0x00000066d9000000] [id=16772]
  0x0000019ce4119120 GCTaskThread "GC Thread#0" [stack: 0x00000066d7d00000,0x00000066d7e00000] [id=17384]
  0x0000019c8d9b5fa0 GCTaskThread "GC Thread#1" [stack: 0x00000066d9900000,0x00000066d9a00000] [id=21424]
  0x0000019c8d9b6250 GCTaskThread "GC Thread#2" [stack: 0x00000066d9b00000,0x00000066d9c00000] [id=4556]
  0x0000019c8d9b67b0 GCTaskThread "GC Thread#3" [stack: 0x00000066d9c00000,0x00000066d9d00000] [id=13928]
  0x0000019c8d9b6d10 GCTaskThread "GC Thread#4" [stack: 0x00000066d9d00000,0x00000066d9e00000] [id=13568]
  0x0000019c8d9b8540 GCTaskThread "GC Thread#5" [stack: 0x00000066d9e00000,0x00000066d9f00000] [id=26528]
  0x0000019c8d9b6fc0 GCTaskThread "GC Thread#6" [stack: 0x00000066d9f00000,0x00000066da000000] [id=11796]
  0x0000019c9ae8c640 GCTaskThread "GC Thread#7" [stack: 0x00000066dad00000,0x00000066dae00000] [id=7304]
  0x0000019ce412a670 ConcurrentGCThread "G1 Main Marker" [stack: 0x00000066d7e00000,0x00000066d7f00000] [id=5616]
  0x0000019ce412c830 ConcurrentGCThread "G1 Conc#0" [stack: 0x00000066d7f00000,0x00000066d8000000] [id=5624]
  0x0000019cff9230d0 ConcurrentGCThread "G1 Refine#0" [stack: 0x00000066d8000000,0x00000066d8100000] [id=7276]
  0x0000019c9b5f66c0 ConcurrentGCThread "G1 Refine#1" [stack: 0x00000066dae00000,0x00000066daf00000] [id=7368]
  0x0000019c9bcc2d60 ConcurrentGCThread "G1 Refine#2" [stack: 0x00000066daf00000,0x00000066db000000] [id=708]
  0x0000019c94cd27a0 ConcurrentGCThread "G1 Refine#3" [stack: 0x00000066db000000,0x00000066db100000] [id=22676]
  0x0000019c9bd74d00 ConcurrentGCThread "G1 Refine#4" [stack: 0x00000066db100000,0x00000066db200000] [id=15612]
  0x0000019c9a640ed0 ConcurrentGCThread "G1 Refine#5" [stack: 0x00000066db200000,0x00000066db300000] [id=17800]
  0x0000019c9a641490 ConcurrentGCThread "G1 Refine#6" [stack: 0x00000066db300000,0x00000066db400000] [id=13784]
  0x0000019c9a641d30 ConcurrentGCThread "G1 Refine#7" [stack: 0x00000066db400000,0x00000066db500000] [id=23560]
  0x0000019cff9239f0 ConcurrentGCThread "G1 Service" [stack: 0x00000066d8100000,0x00000066d8200000] [id=17096]

Threads with active compile tasks:

VM state: not at safepoint (normal execution)

VM Mutex/Monitor currently owned by a thread: None

Heap address: 0x000000070a000000, size: 3936 MB, Compressed Oops mode: Zero based, Oop shift amount: 3

CDS archive(s) mapped at: [0x0000000800000000-0x0000000800bc0000-0x0000000800bc0000), size 12320768, SharedBaseAddress: 0x0000000800000000, ArchiveRelocationMode: 0.
Compressed class space mapped at: 0x0000000800c00000-0x0000000840c00000, reserved size: 1073741824
Narrow klass base: 0x0000000800000000, Narrow klass shift: 0, Narrow klass range: 0x100000000

GC Precious Log:
 CPUs: 16 total, 16 available
 Memory: 15741M
 Large Page Support: Disabled
 NUMA Support: Disabled
 Compressed Oops: Enabled (Zero based)
 Heap Region Size: 2M
 Heap Min Capacity: 8M
 Heap Initial Capacity: 246M
 Heap Max Capacity: 3936M
 Pre-touch: Disabled
 Parallel Workers: 13
 Concurrent Workers: 3
 Concurrent Refinement Workers: 13
 Periodic GC: Disabled

Heap:
 garbage-first heap   total 251904K, used 38306K [0x000000070a000000, 0x0000000800000000)
  region size 2048K, 9 young (18432K), 1 survivors (2048K)
 Metaspace       used 9824K, committed 9920K, reserved 1064960K
  class space    used 676K, committed 704K, reserved 1048576K

Heap Regions: E=young(eden), S=young(survivor), O=old, HS=humongous(starts), HC=humongous(continues), CS=collection set, F=free, OA=open archive, CA=closed archive, TAMS=top-at-mark-start (previous, next)
|   0|0x000000070a000000, 0x000000070a200000, 0x000000070a200000|100%| O|  |TAMS 0x000000070a000000, 0x000000070a000000| Untracked 
|   1|0x000000070a200000, 0x000000070a400000, 0x000000070a400000|100%|HS|  |TAMS 0x000000070a200000, 0x000000070a200000| Complete 
|   2|0x000000070a400000, 0x000000070a600000, 0x000000070a600000|100%|HS|  |TAMS 0x000000070a400000, 0x000000070a400000| Complete 
|   3|0x000000070a600000, 0x000000070a800000, 0x000000070a800000|100%| O|  |TAMS 0x000000070a600000, 0x000000070a600000| Untracked 
|   4|0x000000070a800000, 0x000000070aa00000, 0x000000070aa00000|100%| O|  |TAMS 0x000000070a800000, 0x000000070a800000| Untracked 
|   5|0x000000070aa00000, 0x000000070ac00000, 0x000000070ac00000|100%| O|  |TAMS 0x000000070aa00000, 0x000000070aa00000| Untracked 
|   6|0x000000070ac00000, 0x000000070ae00000, 0x000000070ae00000|100%| O|  |TAMS 0x000000070ac00000, 0x000000070ac00000| Untracked 
|   7|0x000000070ae00000, 0x000000070b000000, 0x000000070b000000|100%| O|  |TAMS 0x000000070ae00000, 0x000000070ae00000| Untracked 
|   8|0x000000070b000000, 0x000000070b200000, 0x000000070b200000|100%| O|  |TAMS 0x000000070b000000, 0x000000070b000000| Untracked 
|   9|0x000000070b200000, 0x000000070b400000, 0x000000070b400000|100%| O|  |TAMS 0x000000070b200000, 0x000000070b200000| Untracked 
|  10|0x000000070b400000, 0x000000070b600000, 0x000000070b600000|100%| O|  |TAMS 0x000000070b400000, 0x000000070b400000| Untracked 
|  11|0x000000070b600000, 0x000000070b6af800, 0x000000070b800000| 34%| O|  |TAMS 0x000000070b600000, 0x000000070b600000| Untracked 
|  12|0x000000070b800000, 0x000000070b800000, 0x000000070ba00000|  0%| F|  |TAMS 0x000000070b800000, 0x000000070b800000| Untracked 
|  13|0x000000070ba00000, 0x000000070ba00000, 0x000000070bc00000|  0%| F|  |TAMS 0x000000070ba00000, 0x000000070ba00000| Untracked 
|  14|0x000000070bc00000, 0x000000070bc00000, 0x000000070be00000|  0%| F|  |TAMS 0x000000070bc00000, 0x000000070bc00000| Untracked 
|  15|0x000000070be00000, 0x000000070be00000, 0x000000070c000000|  0%| F|  |TAMS 0x000000070be00000, 0x000000070be00000| Untracked 
|  16|0x000000070c000000, 0x000000070c000000, 0x000000070c200000|  0%| F|  |TAMS 0x000000070c000000, 0x000000070c000000| Untracked 
|  17|0x000000070c200000, 0x000000070c200000, 0x000000070c400000|  0%| F|  |TAMS 0x000000070c200000, 0x000000070c200000| Untracked 
|  18|0x000000070c400000, 0x000000070c400000, 0x000000070c600000|  0%| F|  |TAMS 0x000000070c400000, 0x000000070c400000| Untracked 
|  19|0x000000070c600000, 0x000000070c600000, 0x000000070c800000|  0%| F|  |TAMS 0x000000070c600000, 0x000000070c600000| Untracked 
|  20|0x000000070c800000, 0x000000070c800000, 0x000000070ca00000|  0%| F|  |TAMS 0x000000070c800000, 0x000000070c800000| Untracked 
|  21|0x000000070ca00000, 0x000000070ca00000, 0x000000070cc00000|  0%| F|  |TAMS 0x000000070ca00000, 0x000000070ca00000| Untracked 
|  22|0x000000070cc00000, 0x000000070cc00000, 0x000000070ce00000|  0%| F|  |TAMS 0x000000070cc00000, 0x000000070cc00000| Untracked 
|  23|0x000000070ce00000, 0x000000070ce00000, 0x000000070d000000|  0%| F|  |TAMS 0x000000070ce00000, 0x000000070ce00000| Untracked 
|  24|0x000000070d000000, 0x000000070d000000, 0x000000070d200000|  0%| F|  |TAMS 0x000000070d000000, 0x000000070d000000| Untracked 
|  25|0x000000070d200000, 0x000000070d200000, 0x000000070d400000|  0%| F|  |TAMS 0x000000070d200000, 0x000000070d200000| Untracked 
|  26|0x000000070d400000, 0x000000070d400000, 0x000000070d600000|  0%| F|  |TAMS 0x000000070d400000, 0x000000070d400000| Untracked 
|  27|0x000000070d600000, 0x000000070d600000, 0x000000070d800000|  0%| F|  |TAMS 0x000000070d600000, 0x000000070d600000| Untracked 
|  28|0x000000070d800000, 0x000000070d800000, 0x000000070da00000|  0%| F|  |TAMS 0x000000070d800000, 0x000000070d800000| Untracked 
|  29|0x000000070da00000, 0x000000070da00000, 0x000000070dc00000|  0%| F|  |TAMS 0x000000070da00000, 0x000000070da00000| Untracked 
|  30|0x000000070dc00000, 0x000000070dc00000, 0x000000070de00000|  0%| F|  |TAMS 0x000000070dc00000, 0x000000070dc00000| Untracked 
|  31|0x000000070de00000, 0x000000070de00000, 0x000000070e000000|  0%| F|  |TAMS 0x000000070de00000, 0x000000070de00000| Untracked 
|  32|0x000000070e000000, 0x000000070e000000, 0x000000070e200000|  0%| F|  |TAMS 0x000000070e000000, 0x000000070e000000| Untracked 
|  33|0x000000070e200000, 0x000000070e200000, 0x000000070e400000|  0%| F|  |TAMS 0x000000070e200000, 0x000000070e200000| Untracked 
|  34|0x000000070e400000, 0x000000070e400000, 0x000000070e600000|  0%| F|  |TAMS 0x000000070e400000, 0x000000070e400000| Untracked 
|  35|0x000000070e600000, 0x000000070e600000, 0x000000070e800000|  0%| F|  |TAMS 0x000000070e600000, 0x000000070e600000| Untracked 
|  36|0x000000070e800000, 0x000000070e800000, 0x000000070ea00000|  0%| F|  |TAMS 0x000000070e800000, 0x000000070e800000| Untracked 
|  37|0x000000070ea00000, 0x000000070ea00000, 0x000000070ec00000|  0%| F|  |TAMS 0x000000070ea00000, 0x000000070ea00000| Untracked 
|  38|0x000000070ec00000, 0x000000070ec00000, 0x000000070ee00000|  0%| F|  |TAMS 0x000000070ec00000, 0x000000070ec00000| Untracked 
|  39|0x000000070ee00000, 0x000000070ee00000, 0x000000070f000000|  0%| F|  |TAMS 0x000000070ee00000, 0x000000070ee00000| Untracked 
|  40|0x000000070f000000, 0x000000070f000000, 0x000000070f200000|  0%| F|  |TAMS 0x000000070f000000, 0x000000070f000000| Untracked 
|  41|0x000000070f200000, 0x000000070f200000, 0x000000070f400000|  0%| F|  |TAMS 0x000000070f200000, 0x000000070f200000| Untracked 
|  42|0x000000070f400000, 0x000000070f400000, 0x000000070f600000|  0%| F|  |TAMS 0x000000070f400000, 0x000000070f400000| Untracked 
|  43|0x000000070f600000, 0x000000070f600000, 0x000000070f800000|  0%| F|  |TAMS 0x000000070f600000, 0x000000070f600000| Untracked 
|  44|0x000000070f800000, 0x000000070f800000, 0x000000070fa00000|  0%| F|  |TAMS 0x000000070f800000, 0x000000070f800000| Untracked 
|  45|0x000000070fa00000, 0x000000070fa00000, 0x000000070fc00000|  0%| F|  |TAMS 0x000000070fa00000, 0x000000070fa00000| Untracked 
|  46|0x000000070fc00000, 0x000000070fc00000, 0x000000070fe00000|  0%| F|  |TAMS 0x000000070fc00000, 0x000000070fc00000| Untracked 
|  47|0x000000070fe00000, 0x000000070fe00000, 0x0000000710000000|  0%| F|  |TAMS 0x000000070fe00000, 0x000000070fe00000| Untracked 
|  48|0x0000000710000000, 0x0000000710000000, 0x0000000710200000|  0%| F|  |TAMS 0x0000000710000000, 0x0000000710000000| Untracked 
|  49|0x0000000710200000, 0x0000000710200000, 0x0000000710400000|  0%| F|  |TAMS 0x0000000710200000, 0x0000000710200000| Untracked 
|  50|0x0000000710400000, 0x0000000710400000, 0x0000000710600000|  0%| F|  |TAMS 0x0000000710400000, 0x0000000710400000| Untracked 
|  51|0x0000000710600000, 0x0000000710600000, 0x0000000710800000|  0%| F|  |TAMS 0x0000000710600000, 0x0000000710600000| Untracked 
|  52|0x0000000710800000, 0x0000000710800000, 0x0000000710a00000|  0%| F|  |TAMS 0x0000000710800000, 0x0000000710800000| Untracked 
|  53|0x0000000710a00000, 0x0000000710a00000, 0x0000000710c00000|  0%| F|  |TAMS 0x0000000710a00000, 0x0000000710a00000| Untracked 
|  54|0x0000000710c00000, 0x0000000710c00000, 0x0000000710e00000|  0%| F|  |TAMS 0x0000000710c00000, 0x0000000710c00000| Untracked 
|  55|0x0000000710e00000, 0x0000000710e00000, 0x0000000711000000|  0%| F|  |TAMS 0x0000000710e00000, 0x0000000710e00000| Untracked 
|  56|0x0000000711000000, 0x0000000711000000, 0x0000000711200000|  0%| F|  |TAMS 0x0000000711000000, 0x0000000711000000| Untracked 
|  57|0x0000000711200000, 0x0000000711200000, 0x0000000711400000|  0%| F|  |TAMS 0x0000000711200000, 0x0000000711200000| Untracked 
|  58|0x0000000711400000, 0x0000000711400000, 0x0000000711600000|  0%| F|  |TAMS 0x0000000711400000, 0x0000000711400000| Untracked 
|  59|0x0000000711600000, 0x0000000711600000, 0x0000000711800000|  0%| F|  |TAMS 0x0000000711600000, 0x0000000711600000| Untracked 
|  60|0x0000000711800000, 0x0000000711800000, 0x0000000711a00000|  0%| F|  |TAMS 0x0000000711800000, 0x0000000711800000| Untracked 
|  61|0x0000000711a00000, 0x0000000711a00000, 0x0000000711c00000|  0%| F|  |TAMS 0x0000000711a00000, 0x0000000711a00000| Untracked 
|  62|0x0000000711c00000, 0x0000000711c00000, 0x0000000711e00000|  0%| F|  |TAMS 0x0000000711c00000, 0x0000000711c00000| Untracked 
|  63|0x0000000711e00000, 0x0000000711e00000, 0x0000000712000000|  0%| F|  |TAMS 0x0000000711e00000, 0x0000000711e00000| Untracked 
|  64|0x0000000712000000, 0x0000000712000000, 0x0000000712200000|  0%| F|  |TAMS 0x0000000712000000, 0x0000000712000000| Untracked 
|  65|0x0000000712200000, 0x0000000712200000, 0x0000000712400000|  0%| F|  |TAMS 0x0000000712200000, 0x0000000712200000| Untracked 
|  66|0x0000000712400000, 0x0000000712400000, 0x0000000712600000|  0%| F|  |TAMS 0x0000000712400000, 0x0000000712400000| Untracked 
|  67|0x0000000712600000, 0x0000000712600000, 0x0000000712800000|  0%| F|  |TAMS 0x0000000712600000, 0x0000000712600000| Untracked 
|  68|0x0000000712800000, 0x0000000712800000, 0x0000000712a00000|  0%| F|  |TAMS 0x0000000712800000, 0x0000000712800000| Untracked 
|  69|0x0000000712a00000, 0x0000000712a00000, 0x0000000712c00000|  0%| F|  |TAMS 0x0000000712a00000, 0x0000000712a00000| Untracked 
|  70|0x0000000712c00000, 0x0000000712c00000, 0x0000000712e00000|  0%| F|  |TAMS 0x0000000712c00000, 0x0000000712c00000| Untracked 
|  71|0x0000000712e00000, 0x0000000712e00000, 0x0000000713000000|  0%| F|  |TAMS 0x0000000712e00000, 0x0000000712e00000| Untracked 
|  72|0x0000000713000000, 0x0000000713000000, 0x0000000713200000|  0%| F|  |TAMS 0x0000000713000000, 0x0000000713000000| Untracked 
|  73|0x0000000713200000, 0x0000000713200000, 0x0000000713400000|  0%| F|  |TAMS 0x0000000713200000, 0x0000000713200000| Untracked 
|  74|0x0000000713400000, 0x0000000713400000, 0x0000000713600000|  0%| F|  |TAMS 0x0000000713400000, 0x0000000713400000| Untracked 
|  75|0x0000000713600000, 0x0000000713600000, 0x0000000713800000|  0%| F|  |TAMS 0x0000000713600000, 0x0000000713600000| Untracked 
|  76|0x0000000713800000, 0x0000000713800000, 0x0000000713a00000|  0%| F|  |TAMS 0x0000000713800000, 0x0000000713800000| Untracked 
|  77|0x0000000713a00000, 0x0000000713a00000, 0x0000000713c00000|  0%| F|  |TAMS 0x0000000713a00000, 0x0000000713a00000| Untracked 
|  78|0x0000000713c00000, 0x0000000713c00000, 0x0000000713e00000|  0%| F|  |TAMS 0x0000000713c00000, 0x0000000713c00000| Untracked 
|  79|0x0000000713e00000, 0x0000000713e00000, 0x0000000714000000|  0%| F|  |TAMS 0x0000000713e00000, 0x0000000713e00000| Untracked 
|  80|0x0000000714000000, 0x0000000714000000, 0x0000000714200000|  0%| F|  |TAMS 0x0000000714000000, 0x0000000714000000| Untracked 
|  81|0x0000000714200000, 0x0000000714200000, 0x0000000714400000|  0%| F|  |TAMS 0x0000000714200000, 0x0000000714200000| Untracked 
|  82|0x0000000714400000, 0x0000000714400000, 0x0000000714600000|  0%| F|  |TAMS 0x0000000714400000, 0x0000000714400000| Untracked 
|  83|0x0000000714600000, 0x0000000714600000, 0x0000000714800000|  0%| F|  |TAMS 0x0000000714600000, 0x0000000714600000| Untracked 
|  84|0x0000000714800000, 0x0000000714800000, 0x0000000714a00000|  0%| F|  |TAMS 0x0000000714800000, 0x0000000714800000| Untracked 
|  85|0x0000000714a00000, 0x0000000714a00000, 0x0000000714c00000|  0%| F|  |TAMS 0x0000000714a00000, 0x0000000714a00000| Untracked 
|  86|0x0000000714c00000, 0x0000000714c00000, 0x0000000714e00000|  0%| F|  |TAMS 0x0000000714c00000, 0x0000000714c00000| Untracked 
|  87|0x0000000714e00000, 0x0000000714e00000, 0x0000000715000000|  0%| F|  |TAMS 0x0000000714e00000, 0x0000000714e00000| Untracked 
|  88|0x0000000715000000, 0x0000000715000000, 0x0000000715200000|  0%| F|  |TAMS 0x0000000715000000, 0x0000000715000000| Untracked 
|  89|0x0000000715200000, 0x0000000715200000, 0x0000000715400000|  0%| F|  |TAMS 0x0000000715200000, 0x0000000715200000| Untracked 
|  90|0x0000000715400000, 0x0000000715400000, 0x0000000715600000|  0%| F|  |TAMS 0x0000000715400000, 0x0000000715400000| Untracked 
|  91|0x0000000715600000, 0x0000000715600000, 0x0000000715800000|  0%| F|  |TAMS 0x0000000715600000, 0x0000000715600000| Untracked 
|  92|0x0000000715800000, 0x0000000715800000, 0x0000000715a00000|  0%| F|  |TAMS 0x0000000715800000, 0x0000000715800000| Untracked 
|  93|0x0000000715a00000, 0x0000000715a00000, 0x0000000715c00000|  0%| F|  |TAMS 0x0000000715a00000, 0x0000000715a00000| Untracked 
|  94|0x0000000715c00000, 0x0000000715c00000, 0x0000000715e00000|  0%| F|  |TAMS 0x0000000715c00000, 0x0000000715c00000| Untracked 
|  95|0x0000000715e00000, 0x0000000715e00000, 0x0000000716000000|  0%| F|  |TAMS 0x0000000715e00000, 0x0000000715e00000| Untracked 
|  96|0x0000000716000000, 0x0000000716000000, 0x0000000716200000|  0%| F|  |TAMS 0x0000000716000000, 0x0000000716000000| Untracked 
|  97|0x0000000716200000, 0x0000000716200000, 0x0000000716400000|  0%| F|  |TAMS 0x0000000716200000, 0x0000000716200000| Untracked 
|  98|0x0000000716400000, 0x0000000716400000, 0x0000000716600000|  0%| F|  |TAMS 0x0000000716400000, 0x0000000716400000| Untracked 
|  99|0x0000000716600000, 0x0000000716600000, 0x0000000716800000|  0%| F|  |TAMS 0x0000000716600000, 0x0000000716600000| Untracked 
| 100|0x0000000716800000, 0x0000000716800000, 0x0000000716a00000|  0%| F|  |TAMS 0x0000000716800000, 0x0000000716800000| Untracked 
| 101|0x0000000716a00000, 0x0000000716a00000, 0x0000000716c00000|  0%| F|  |TAMS 0x0000000716a00000, 0x0000000716a00000| Untracked 
| 102|0x0000000716c00000, 0x0000000716c00000, 0x0000000716e00000|  0%| F|  |TAMS 0x0000000716c00000, 0x0000000716c00000| Untracked 
| 103|0x0000000716e00000, 0x0000000716e00000, 0x0000000717000000|  0%| F|  |TAMS 0x0000000716e00000, 0x0000000716e00000| Untracked 
| 104|0x0000000717000000, 0x0000000717000000, 0x0000000717200000|  0%| F|  |TAMS 0x0000000717000000, 0x0000000717000000| Untracked 
| 105|0x0000000717200000, 0x0000000717200000, 0x0000000717400000|  0%| F|  |TAMS 0x0000000717200000, 0x0000000717200000| Untracked 
| 106|0x0000000717400000, 0x0000000717400000, 0x0000000717600000|  0%| F|  |TAMS 0x0000000717400000, 0x0000000717400000| Untracked 
| 107|0x0000000717600000, 0x0000000717600000, 0x0000000717800000|  0%| F|  |TAMS 0x0000000717600000, 0x0000000717600000| Untracked 
| 108|0x0000000717800000, 0x0000000717800000, 0x0000000717a00000|  0%| F|  |TAMS 0x0000000717800000, 0x0000000717800000| Untracked 
| 109|0x0000000717a00000, 0x0000000717a00000, 0x0000000717c00000|  0%| F|  |TAMS 0x0000000717a00000, 0x0000000717a00000| Untracked 
| 110|0x0000000717c00000, 0x0000000717c00000, 0x0000000717e00000|  0%| F|  |TAMS 0x0000000717c00000, 0x0000000717c00000| Untracked 
| 111|0x0000000717e00000, 0x0000000717e00000, 0x0000000718000000|  0%| F|  |TAMS 0x0000000717e00000, 0x0000000717e00000| Untracked 
| 112|0x0000000718000000, 0x0000000718000000, 0x0000000718200000|  0%| F|  |TAMS 0x0000000718000000, 0x0000000718000000| Untracked 
| 113|0x0000000718200000, 0x0000000718200000, 0x0000000718400000|  0%| F|  |TAMS 0x0000000718200000, 0x0000000718200000| Untracked 
| 114|0x0000000718400000, 0x000000071850df60, 0x0000000718600000| 52%| E|  |TAMS 0x0000000718400000, 0x0000000718400000| Complete 
| 115|0x0000000718600000, 0x0000000718800000, 0x0000000718800000|100%| E|CS|TAMS 0x0000000718600000, 0x0000000718600000| Complete 
| 116|0x0000000718800000, 0x0000000718a00000, 0x0000000718a00000|100%| E|CS|TAMS 0x0000000718800000, 0x0000000718800000| Complete 
| 117|0x0000000718a00000, 0x0000000718c00000, 0x0000000718c00000|100%| E|CS|TAMS 0x0000000718a00000, 0x0000000718a00000| Complete 
| 118|0x0000000718c00000, 0x0000000718e00000, 0x0000000718e00000|100%| E|CS|TAMS 0x0000000718c00000, 0x0000000718c00000| Complete 
| 119|0x0000000718e00000, 0x0000000718eb90a0, 0x0000000719000000| 36%| S|CS|TAMS 0x0000000718e00000, 0x0000000718e00000| Complete 
| 120|0x0000000719000000, 0x0000000719200000, 0x0000000719200000|100%| E|CS|TAMS 0x0000000719000000, 0x0000000719000000| Complete 
| 121|0x0000000719200000, 0x0000000719400000, 0x0000000719400000|100%| E|CS|TAMS 0x0000000719200000, 0x0000000719200000| Complete 
| 122|0x0000000719400000, 0x0000000719600000, 0x0000000719600000|100%| E|CS|TAMS 0x0000000719400000, 0x0000000719400000| Complete 

Card table byte_map: [0x0000019cfdad0000,0x0000019cfe280000] _byte_map_base: 0x0000019cfa280000

Marking Bits (Prev, Next): (CMBitMap*) 0x0000019ce411a740, (CMBitMap*) 0x0000019ce411a780
 Prev Bits: [0x0000019c80000000, 0x0000019c83d80000)
 Next Bits: [0x0000019c83d80000, 0x0000019c87b00000)

Polling page: 0x0000019ced340000

Metaspace:

Usage:
  Non-class:      8.93 MB used.
      Class:    676.08 KB used.
       Both:      9.59 MB used.

Virtual space:
  Non-class space:       16.00 MB reserved,       9.00 MB ( 56%) committed,  2 nodes.
      Class space:        1.00 GB reserved,     704.00 KB ( <1%) committed,  1 nodes.
             Both:        1.02 GB reserved,       9.69 MB ( <1%) committed. 

Chunk freelists:
   Non-Class:  720.00 KB
       Class:  3.19 MB
        Both:  3.89 MB

MaxMetaspaceSize: unlimited
CompressedClassSpaceSize: 1.00 GB
Initial GC threshold: 21.00 MB
Current GC threshold: 21.00 MB
CDS: on
MetaspaceReclaimPolicy: balanced
 - commit_granule_bytes: 65536.
 - commit_granule_words: 8192.
 - virtual_space_node_default_size: 1048576.
 - enlarge_chunks_in_place: 1.
 - new_chunks_are_fully_committed: 0.
 - uncommit_free_chunks: 1.
 - use_allocation_guard: 0.
 - handle_deallocations: 1.


Internal statistics:

num_allocs_failed_limit: 0.
num_arena_births: 44.
num_arena_deaths: 0.
num_vsnodes_births: 3.
num_vsnodes_deaths: 0.
num_space_committed: 153.
num_space_uncommitted: 0.
num_chunks_returned_to_freelist: 0.
num_chunks_taken_from_freelist: 320.
num_chunk_merges: 0.
num_chunk_splits: 270.
num_chunks_enlarged: 247.
num_purges: 0.
num_inconsistent_stats: 0.

CodeHeap 'non-profiled nmethods': size=119168Kb used=1335Kb max_used=1335Kb free=117832Kb
 bounds [0x0000019cf4f00000, 0x0000019cf5170000, 0x0000019cfc360000]
CodeHeap 'profiled nmethods': size=119104Kb used=3679Kb max_used=3679Kb free=115424Kb
 bounds [0x0000019cedab0000, 0x0000019cede50000, 0x0000019cf4f00000]
CodeHeap 'non-nmethods': size=7488Kb used=3342Kb max_used=3397Kb free=4145Kb
 bounds [0x0000019ced360000, 0x0000019ced6c0000, 0x0000019cedab0000]
 total_blobs=3159 nmethods=2059 adapters=1010
 compilation: enabled
              stopped_count=0, restarted_count=0
 full_count=0

Compilation events (20 events):
Event: 5.981 Thread 0x0000019c8a520280 nmethod 2046 0x0000019cede3e310 code [0x0000019cede3e880, 0x0000019cede40e98]
Event: 5.991 Thread 0x0000019c8a520280 2052       3       com.badlogic.gdx.graphics.g3d.utils.ModelBuilder::<init> (27 bytes)
Event: 5.991 Thread 0x0000019c8a520280 nmethod 2052 0x0000019cede41e10 code [0x0000019cede41fe0, 0x0000019cede42548]
Event: 6.004 Thread 0x0000019cffaa5510 nmethod 2044% 0x0000019cf503c890 code [0x0000019cf503cc40, 0x0000019cf5040f00]
Event: 6.007 Thread 0x0000019cffaa5510 2053 %     4       com.badlogic.gdx.graphics.g3d.utils.shapebuilders.SphereShapeBuilder::build @ 202 (629 bytes)
Event: 6.012 Thread 0x0000019cffab1410 2054   !   3       jdk.internal.loader.URLClassPath::check (125 bytes)
Event: 6.012 Thread 0x0000019cffab1410 nmethod 2054 0x0000019cede42710 code [0x0000019cede429c0, 0x0000019cede43a88]
Event: 6.012 Thread 0x0000019cffab1410 2055       3       java.lang.Class::resolveName (81 bytes)
Event: 6.013 Thread 0x0000019cffab1410 nmethod 2055 0x0000019cede43f10 code [0x0000019cede441e0, 0x0000019cede44e58]
Event: 6.023 Thread 0x0000019cffab1410 2056       3       com.badlogic.gdx.graphics.g2d.BitmapFont$BitmapFontData::setScale (176 bytes)
Event: 6.023 Thread 0x0000019cffab1410 nmethod 2056 0x0000019cede45390 code [0x0000019cede45560, 0x0000019cede45978]
Event: 6.041 Thread 0x0000019cffab1410 2057       3       com.badlogic.gdx.backends.lwjgl3.Lwjgl3FileHandle::file (61 bytes)
Event: 6.042 Thread 0x0000019cffab1410 nmethod 2057 0x0000019cede45a90 code [0x0000019cede45c60, 0x0000019cede46018]
Event: 6.116 Thread 0x0000019cffaa5510 nmethod 2053% 0x0000019cf5043910 code [0x0000019cf5043cc0, 0x0000019cf504b860]
Event: 6.117 Thread 0x0000019cffaa5510 2058       4       com.badlogic.gdx.graphics.g3d.utils.MeshPartBuilder$VertexInfo::set (124 bytes)
Event: 6.118 Thread 0x0000019cffaa5510 nmethod 2058 0x0000019cf504d390 code [0x0000019cf504d520, 0x0000019cf504d6f8]
Event: 6.177 Thread 0x0000019c8a520280 2059       3       java.io.FileInputStream::available (5 bytes)
Event: 6.178 Thread 0x0000019c8a520280 nmethod 2059 0x0000019cede46190 code [0x0000019cede46320, 0x0000019cede46468]
Event: 6.187 Thread 0x0000019c8a520280 2061       3       com.badlogic.gdx.graphics.g2d.SpriteBatch::flush (193 bytes)
Event: 6.188 Thread 0x0000019c8a520280 nmethod 2061 0x0000019cede46510 code [0x0000019cede46800, 0x0000019cede47898]

GC Heap History (6 events):
Event: 2.207 GC heap before
{Heap before GC invocations=0 (full 0):
 garbage-first heap   total 251904K, used 20480K [0x000000070a000000, 0x0000000800000000)
  region size 2048K, 11 young (22528K), 0 survivors (0K)
 Metaspace       used 7225K, committed 7360K, reserved 1064960K
  class space    used 442K, committed 512K, reserved 1048576K
}
Event: 2.210 GC heap after
{Heap after GC invocations=1 (full 0):
 garbage-first heap   total 251904K, used 2547K [0x000000070a000000, 0x0000000800000000)
  region size 2048K, 2 young (4096K), 2 survivors (4096K)
 Metaspace       used 7225K, committed 7360K, reserved 1064960K
  class space    used 442K, committed 512K, reserved 1048576K
}
Event: 4.452 GC heap before
{Heap before GC invocations=1 (full 0):
 garbage-first heap   total 251904K, used 45555K [0x000000070a000000, 0x0000000800000000)
  region size 2048K, 20 young (40960K), 2 survivors (4096K)
 Metaspace       used 9693K, committed 9792K, reserved 1064960K
  class space    used 674K, committed 704K, reserved 1048576K
}
Event: 4.462 GC heap after
{Heap after GC invocations=2 (full 0):
 garbage-first heap   total 251904K, used 22397K [0x000000070a000000, 0x0000000800000000)
  region size 2048K, 3 young (6144K), 3 survivors (6144K)
 Metaspace       used 9693K, committed 9792K, reserved 1064960K
  class space    used 674K, committed 704K, reserved 1048576K
}
Event: 4.914 GC heap before
{Heap before GC invocations=2 (full 0):
 garbage-first heap   total 251904K, used 28541K [0x000000070a000000, 0x0000000800000000)
  region size 2048K, 6 young (12288K), 3 survivors (6144K)
 Metaspace       used 9723K, committed 9856K, reserved 1064960K
  class space    used 674K, committed 704K, reserved 1048576K
}
Event: 4.919 GC heap after
{Heap after GC invocations=3 (full 0):
 garbage-first heap   total 251904K, used 23970K [0x000000070a000000, 0x0000000800000000)
  region size 2048K, 1 young (2048K), 1 survivors (2048K)
 Metaspace       used 9723K, committed 9856K, reserved 1064960K
  class space    used 674K, committed 704K, reserved 1048576K
}

Deoptimization events (20 events):
Event: 4.433 Thread 0x0000019ce3f7b7b0 DEOPT PACKING pc=0x0000019cf4fbfee4 sp=0x00000066d7cfecd0
Event: 4.433 Thread 0x0000019ce3f7b7b0 DEOPT UNPACKING pc=0x0000019ced3b23a3 sp=0x00000066d7cfeca0 mode 2
Event: 4.481 Thread 0x0000019ce3f7b7b0 Uncommon trap: trap_request=0xffffff45 fr.pc=0x0000019cf4fb0964 relative=0x00000000000035e4
Event: 4.481 Thread 0x0000019ce3f7b7b0 Uncommon trap: reason=unstable_if action=reinterpret pc=0x0000019cf4fb0964 method=com.badlogic.gdx.utils.TimSort.doSort([Ljava/lang/Object;Ljava/util/Comparator;II)V @ 92 c2
Event: 4.481 Thread 0x0000019ce3f7b7b0 DEOPT PACKING pc=0x0000019cf4fb0964 sp=0x00000066d7cfec60
Event: 4.481 Thread 0x0000019ce3f7b7b0 DEOPT UNPACKING pc=0x0000019ced3b23a3 sp=0x00000066d7cfeca0 mode 2
Event: 4.515 Thread 0x0000019ce3f7b7b0 DEOPT PACKING pc=0x0000019cedd84b08 sp=0x00000066d7cfeb10
Event: 4.515 Thread 0x0000019ce3f7b7b0 DEOPT UNPACKING pc=0x0000019ced3b2b43 sp=0x00000066d7cfdfe8 mode 0
Event: 4.547 Thread 0x0000019ce3f7b7b0 DEOPT PACKING pc=0x0000019cedd84b08 sp=0x00000066d7cfeb10
Event: 4.547 Thread 0x0000019ce3f7b7b0 DEOPT UNPACKING pc=0x0000019ced3b2b43 sp=0x00000066d7cfdfe8 mode 0
Event: 4.548 Thread 0x0000019ce3f7b7b0 DEOPT PACKING pc=0x0000019cedd84b08 sp=0x00000066d7cfeb10
Event: 4.548 Thread 0x0000019ce3f7b7b0 DEOPT UNPACKING pc=0x0000019ced3b2b43 sp=0x00000066d7cfdfe8 mode 0
Event: 4.751 Thread 0x0000019ce3f7b7b0 DEOPT PACKING pc=0x0000019ceddd7911 sp=0x00000066d7cfeac0
Event: 4.751 Thread 0x0000019ce3f7b7b0 DEOPT UNPACKING pc=0x0000019ced3b2b43 sp=0x00000066d7cfdfb8 mode 0
Event: 5.506 Thread 0x0000019ce3f7b7b0 DEOPT PACKING pc=0x0000019cede0eef7 sp=0x00000066d7cfed80
Event: 5.506 Thread 0x0000019ce3f7b7b0 DEOPT UNPACKING pc=0x0000019ced3b2b43 sp=0x00000066d7cfe460 mode 0
Event: 5.513 Thread 0x0000019ce3f7b7b0 DEOPT PACKING pc=0x0000019ceddd90e8 sp=0x00000066d7cfece0
Event: 5.513 Thread 0x0000019ce3f7b7b0 DEOPT UNPACKING pc=0x0000019ced3b2b43 sp=0x00000066d7cfe1c0 mode 0
Event: 5.687 Thread 0x0000019ce3f7b7b0 DEOPT PACKING pc=0x0000019cede06124 sp=0x00000066d7cfee60
Event: 5.687 Thread 0x0000019ce3f7b7b0 DEOPT UNPACKING pc=0x0000019ced3b2b43 sp=0x00000066d7cfe350 mode 0

Classes unloaded (0 events):
No events

Classes redefined (0 events):
No events

Internal exceptions (19 events):
Event: 0.163 Thread 0x0000019ce3f7b7b0 Exception <a 'java/lang/NoSuchMethodError'{0x00000007191a3780}: 'java.lang.Object java.lang.invoke.DirectMethodHandle$Holder.invokeStaticInit(java.lang.Object)'> (0x00000007191a3780) 
thrown [e:\jenkins\tmp\workspace\build\src\src\hotspot\share\interpreter\linkResolver.cpp, line 766]
Event: 0.171 Thread 0x0000019ce3f7b7b0 Exception <a 'java/lang/NoSuchMethodError'{0x0000000718e05f98}: 'void java.lang.invoke.DirectMethodHandle$Holder.invokeStatic(java.lang.Object, java.lang.Object)'> (0x0000000718e05f98) 
thrown [e:\jenkins\tmp\workspace\build\src\src\hotspot\share\interpreter\linkResolver.cpp, line 766]
Event: 0.172 Thread 0x0000019ce3f7b7b0 Exception <a 'java/lang/NoSuchMethodError'{0x0000000718e0b7e0}: 'void java.lang.invoke.DirectMethodHandle$Holder.invokeSpecial(java.lang.Object, java.lang.Object, java.lang.Object)'> (0x0000000718e0b7e0) 
thrown [e:\jenkins\tmp\workspace\build\src\src\hotspot\share\interpreter\linkResolver.cpp, line 766]
Event: 0.174 Thread 0x0000019ce3f7b7b0 Exception <a 'java/lang/NoSuchMethodError'{0x0000000718e1eb68}: 'java.lang.Object java.lang.invoke.DirectMethodHandle$Holder.invokeStatic(java.lang.Object, java.lang.Object, int)'> (0x0000000718e1eb68) 
thrown [e:\jenkins\tmp\workspace\build\src\src\hotspot\share\interpreter\linkResolver.cpp, line 766]
Event: 0.175 Thread 0x0000019ce3f7b7b0 Exception <a 'java/lang/NoSuchMethodError'{0x0000000718e2a8d8}: 'void java.lang.invoke.DelegatingMethodHandle$Holder.delegate(java.lang.Object, java.lang.Object, int, java.lang.Object)'> (0x0000000718e2a8d8) 
thrown [e:\jenkins\tmp\workspace\build\src\src\hotspot\share\interpreter\linkResolver.cpp, line 766]
Event: 0.175 Thread 0x0000019ce3f7b7b0 Exception <a 'java/lang/NoSuchMethodError'{0x0000000718e2eb18}: 'int java.lang.invoke.DirectMethodHandle$Holder.invokeSpecial(java.lang.Object, java.lang.Object, java.lang.Object)'> (0x0000000718e2eb18) 
thrown [e:\jenkins\tmp\workspace\build\src\src\hotspot\share\interpreter\linkResolver.cpp, line 766]
Event: 0.202 Thread 0x0000019ce3f7b7b0 Exception <a 'sun/nio/fs/WindowsException'{0x0000000718ed56c0}> (0x0000000718ed56c0) 
thrown [e:\jenkins\tmp\workspace\build\src\src\hotspot\share\prims\jni.cpp, line 516]
Event: 0.202 Thread 0x0000019ce3f7b7b0 Exception <a 'sun/nio/fs/WindowsException'{0x0000000718ed5c18}> (0x0000000718ed5c18) 
thrown [e:\jenkins\tmp\workspace\build\src\src\hotspot\share\prims\jni.cpp, line 516]
Event: 0.225 Thread 0x0000019ce3f7b7b0 Exception <a 'sun/nio/fs/WindowsException'{0x0000000718fc3e90}> (0x0000000718fc3e90) 
thrown [e:\jenkins\tmp\workspace\build\src\src\hotspot\share\prims\jni.cpp, line 516]
Event: 0.225 Thread 0x0000019ce3f7b7b0 Exception <a 'sun/nio/fs/WindowsException'{0x0000000718fc4230}> (0x0000000718fc4230) 
thrown [e:\jenkins\tmp\workspace\build\src\src\hotspot\share\prims\jni.cpp, line 516]
Event: 0.245 Thread 0x0000019ce3f7b7b0 Exception <a 'sun/nio/fs/WindowsException'{0x0000000718c742b0}> (0x0000000718c742b0) 
thrown [e:\jenkins\tmp\workspace\build\src\src\hotspot\share\prims\jni.cpp, line 516]
Event: 0.245 Thread 0x0000019ce3f7b7b0 Exception <a 'sun/nio/fs/WindowsException'{0x0000000718c74620}> (0x0000000718c74620) 
thrown [e:\jenkins\tmp\workspace\build\src\src\hotspot\share\prims\jni.cpp, line 516]
Event: 0.281 Thread 0x0000019ce3f7b7b0 Exception <a 'sun/nio/fs/WindowsException'{0x0000000718cfad00}> (0x0000000718cfad00) 
thrown [e:\jenkins\tmp\workspace\build\src\src\hotspot\share\prims\jni.cpp, line 516]
Event: 0.281 Thread 0x0000019ce3f7b7b0 Exception <a 'sun/nio/fs/WindowsException'{0x0000000718cfb088}> (0x0000000718cfb088) 
thrown [e:\jenkins\tmp\workspace\build\src\src\hotspot\share\prims\jni.cpp, line 516]
Event: 0.720 Thread 0x0000019ce3f7b7b0 Exception <a 'sun/nio/fs/WindowsException'{0x0000000718ade038}> (0x0000000718ade038) 
thrown [e:\jenkins\tmp\workspace\build\src\src\hotspot\share\prims\jni.cpp, line 516]
Event: 0.720 Thread 0x0000019ce3f7b7b0 Exception <a 'sun/nio/fs/WindowsException'{0x0000000718ade3e8}> (0x0000000718ade3e8) 
thrown [e:\jenkins\tmp\workspace\build\src\src\hotspot\share\prims\jni.cpp, line 516]
Event: 0.723 Thread 0x0000019ce3f7b7b0 Exception <a 'sun/nio/fs/WindowsException'{0x0000000718aea770}> (0x0000000718aea770) 
thrown [e:\jenkins\tmp\workspace\build\src\src\hotspot\share\prims\jni.cpp, line 516]
Event: 0.723 Thread 0x0000019ce3f7b7b0 Exception <a 'sun/nio/fs/WindowsException'{0x0000000718aeaa58}> (0x0000000718aeaa58) 
thrown [e:\jenkins\tmp\workspace\build\src\src\hotspot\share\prims\jni.cpp, line 516]
Event: 4.185 Thread 0x0000019ce3f7b7b0 Implicit null exception at 0x0000019cf4f73dbf to 0x0000019cf4f73e9c

VM Operations (20 events):
Event: 1.843 Executing VM operation: Cleanup
Event: 1.843 Executing VM operation: Cleanup done
Event: 2.207 Executing VM operation: G1CollectForAllocation
Event: 2.210 Executing VM operation: G1CollectForAllocation done
Event: 2.269 Executing VM operation: HandshakeAllThreads
Event: 2.269 Executing VM operation: HandshakeAllThreads done
Event: 3.269 Executing VM operation: Cleanup
Event: 3.269 Executing VM operation: Cleanup done
Event: 4.117 Executing VM operation: HandshakeAllThreads
Event: 4.117 Executing VM operation: HandshakeAllThreads done
Event: 4.133 Executing VM operation: HandshakeAllThreads
Event: 4.133 Executing VM operation: HandshakeAllThreads done
Event: 4.133 Executing VM operation: HandshakeAllThreads
Event: 4.133 Executing VM operation: HandshakeAllThreads done
Event: 4.353 Executing VM operation: ICBufferFull
Event: 4.353 Executing VM operation: ICBufferFull done
Event: 4.452 Executing VM operation: G1CollectForAllocation
Event: 4.462 Executing VM operation: G1CollectForAllocation done
Event: 4.914 Executing VM operation: G1CollectForAllocation
Event: 4.919 Executing VM operation: G1CollectForAllocation done

Events (20 events):
Event: 4.282 loading class jdk/internal/math/FDBigInteger done
Event: 4.283 loading class jdk/internal/math/FormattedFloatingDecimal$Form
Event: 4.283 loading class jdk/internal/math/FormattedFloatingDecimal$Form done
Event: 4.283 loading class jdk/internal/math/FormattedFloatingDecimal
Event: 4.283 loading class jdk/internal/math/FormattedFloatingDecimal done
Event: 4.283 loading class jdk/internal/math/FormattedFloatingDecimal$1
Event: 4.283 loading class jdk/internal/math/FormattedFloatingDecimal$1 done
Event: 4.283 loading class jdk/internal/math/FormattedFloatingDecimal$2
Event: 4.283 loading class jdk/internal/math/FormattedFloatingDecimal$2 done
Event: 4.292 Thread 0x0000019c9b58c040 Thread added: 0x0000019c9b58c040
Event: 4.319 Thread 0x0000019c9a8da7b0 Thread added: 0x0000019c9a8da7b0
Event: 4.319 Thread 0x0000019c9aeae240 Thread added: 0x0000019c9aeae240
Event: 4.368 Thread 0x0000019c9cc7f6c0 Thread added: 0x0000019c9cc7f6c0
Event: 4.658 Thread 0x0000019c9aeae240 Thread exited: 0x0000019c9aeae240
Event: 4.658 Thread 0x0000019c9cc7f6c0 Thread exited: 0x0000019c9cc7f6c0
Event: 4.658 Thread 0x0000019c9a8da7b0 Thread exited: 0x0000019c9a8da7b0
Event: 4.780 Thread 0x0000019c94ae08c0 Thread exited: 0x0000019c94ae08c0
Event: 4.780 Thread 0x0000019c94a8aea0 Thread exited: 0x0000019c94a8aea0
Event: 4.790 Thread 0x0000019c949b4d10 Thread exited: 0x0000019c949b4d10
Event: 4.891 Thread 0x0000019c949591d0 Thread exited: 0x0000019c949591d0


Dynamic libraries:
0x00007ff78f960000 - 0x00007ff78f96e000 	C:\Program Files\Eclipse Adoptium\jdk-17.0.1.12-hotspot\bin\java.exe
0x00007ffdc5cd0000 - 0x00007ffdc5ec5000 	C:\Windows\SYSTEM32\ntdll.dll
0x00007ffdc4060000 - 0x00007ffdc411d000 	C:\Windows\System32\KERNEL32.DLL
0x00007ffdc3720000 - 0x00007ffdc39ed000 	C:\Windows\System32\KERNELBASE.dll
0x00007ffdc33b0000 - 0x00007ffdc34b0000 	C:\Windows\System32\ucrtbase.dll
0x00007ffdaa510000 - 0x00007ffdaa529000 	C:\Program Files\Eclipse Adoptium\jdk-17.0.1.12-hotspot\bin\VCRUNTIME140.dll
0x00007ffdbee20000 - 0x00007ffdbee38000 	C:\Program Files\Eclipse Adoptium\jdk-17.0.1.12-hotspot\bin\jli.dll
0x00007ffdc5530000 - 0x00007ffdc56d0000 	C:\Windows\System32\USER32.dll
0x00007ffdc3c20000 - 0x00007ffdc3c42000 	C:\Windows\System32\win32u.dll
0x00007ffdad620000 - 0x00007ffdad8ba000 	C:\Windows\WinSxS\amd64_microsoft.windows.common-controls_6595b64144ccf1df_6.0.19041.1110_none_60b5254171f9507e\COMCTL32.dll
0x00007ffdc5bd0000 - 0x00007ffdc5bfa000 	C:\Windows\System32\GDI32.dll
0x00007ffdc5190000 - 0x00007ffdc522e000 	C:\Windows\System32\msvcrt.dll
0x00007ffdc3610000 - 0x00007ffdc371b000 	C:\Windows\System32\gdi32full.dll
0x00007ffdc39f0000 - 0x00007ffdc3a8d000 	C:\Windows\System32\msvcp_win.dll
0x00007ffdc4eb0000 - 0x00007ffdc4ee0000 	C:\Windows\System32\IMM32.DLL
0x00007ffdaae00000 - 0x00007ffdaae0c000 	C:\Program Files\Eclipse Adoptium\jdk-17.0.1.12-hotspot\bin\vcruntime140_1.dll
0x00007ffd62880000 - 0x00007ffd62911000 	C:\Program Files\Eclipse Adoptium\jdk-17.0.1.12-hotspot\bin\msvcp140.dll
0x00007ffd3e590000 - 0x00007ffd3f1d6000 	C:\Program Files\Eclipse Adoptium\jdk-17.0.1.12-hotspot\bin\server\jvm.dll
0x00007ffdc3fb0000 - 0x00007ffdc405e000 	C:\Windows\System32\ADVAPI32.dll
0x00007ffdc3e80000 - 0x00007ffdc3f1c000 	C:\Windows\System32\sechost.dll
0x00007ffdc3d50000 - 0x00007ffdc3e75000 	C:\Windows\System32\RPCRT4.dll
0x00007ffdc4ee0000 - 0x00007ffdc4ee8000 	C:\Windows\System32\PSAPI.DLL
0x00007ffdbc260000 - 0x00007ffdbc26a000 	C:\Windows\SYSTEM32\VERSION.dll
0x00007ffda5c00000 - 0x00007ffda5c09000 	C:\Windows\SYSTEM32\WSOCK32.dll
0x00007ffdc52e0000 - 0x00007ffdc534b000 	C:\Windows\System32\WS2_32.dll
0x00007ffdb8890000 - 0x00007ffdb88b7000 	C:\Windows\SYSTEM32\WINMM.dll
0x00007ffdc1c40000 - 0x00007ffdc1c52000 	C:\Windows\SYSTEM32\kernel.appcore.dll
0x00007ffdaac90000 - 0x00007ffdaac9a000 	C:\Program Files\Eclipse Adoptium\jdk-17.0.1.12-hotspot\bin\jimage.dll
0x00007ffdc1a30000 - 0x00007ffdc1c14000 	C:\Windows\SYSTEM32\DBGHELP.DLL
0x00007ffdb8de0000 - 0x00007ffdb8e0c000 	C:\Windows\SYSTEM32\dbgcore.DLL
0x00007ffdc3a90000 - 0x00007ffdc3b12000 	C:\Windows\System32\bcryptPrimitives.dll
0x00007ffda1510000 - 0x00007ffda1535000 	C:\Program Files\Eclipse Adoptium\jdk-17.0.1.12-hotspot\bin\java.dll
0x00007ffd63bc0000 - 0x00007ffd63c96000 	C:\Program Files\Eclipse Adoptium\jdk-17.0.1.12-hotspot\bin\svml.dll
0x00007ffdc4120000 - 0x00007ffdc4864000 	C:\Windows\System32\SHELL32.dll
0x00007ffdc1150000 - 0x00007ffdc18e4000 	C:\Windows\SYSTEM32\windows.storage.dll
0x00007ffdc5870000 - 0x00007ffdc5bc4000 	C:\Windows\System32\combase.dll
0x00007ffdc2e10000 - 0x00007ffdc2e3c000 	C:\Windows\SYSTEM32\Wldp.dll
0x00007ffdc5230000 - 0x00007ffdc52dd000 	C:\Windows\System32\SHCORE.dll
0x00007ffdc3cf0000 - 0x00007ffdc3d45000 	C:\Windows\System32\shlwapi.dll
0x00007ffdc32f0000 - 0x00007ffdc330f000 	C:\Windows\SYSTEM32\profapi.dll
0x00007ffdaa4f0000 - 0x00007ffdaa509000 	C:\Program Files\Eclipse Adoptium\jdk-17.0.1.12-hotspot\bin\net.dll
0x00007ffdb4be0000 - 0x00007ffdb4cea000 	C:\Windows\SYSTEM32\WINHTTP.dll
0x00007ffdc2b70000 - 0x00007ffdc2bda000 	C:\Windows\system32\mswsock.dll
0x00007ffd9d170000 - 0x00007ffd9d185000 	C:\Program Files\Eclipse Adoptium\jdk-17.0.1.12-hotspot\bin\nio.dll
0x00007ffd9d150000 - 0x00007ffd9d168000 	C:\Program Files\Eclipse Adoptium\jdk-17.0.1.12-hotspot\bin\zip.dll
0x000000006e700000 - 0x000000006e72a000 	C:\Users\grado\AppData\Local\Temp\libgdxgrado\e1cd32f8\gdx64.dll
0x00007ffd77000000 - 0x00007ffd77064000 	C:\Users\grado\AppData\Local\Temp\lwjglgrado\3.2.3-build-13\lwjgl.dll
0x00007ffd52b10000 - 0x00007ffd52d63000 	C:\Users\grado\AppData\Local\Temp\lwjglgrado\3.2.3-build-13\jemalloc.dll
0x00007ffd76970000 - 0x00007ffd769d2000 	C:\Users\grado\AppData\Local\Temp\lwjglgrado\3.2.3-build-13\glfw.dll
0x00007ffdc0870000 - 0x00007ffdc090e000 	C:\Windows\system32\uxtheme.dll
0x00007ffd57630000 - 0x00007ffd57675000 	C:\Windows\SYSTEM32\dinput8.dll
0x00007ffd93370000 - 0x00007ffd93381000 	C:\Windows\SYSTEM32\xinput1_4.dll
0x00007ffdc3b20000 - 0x00007ffdc3b6e000 	C:\Windows\System32\cfgmgr32.dll
0x00007ffdc3160000 - 0x00007ffdc318c000 	C:\Windows\SYSTEM32\DEVOBJ.dll
0x00007ffdc0a00000 - 0x00007ffdc0a2f000 	C:\Windows\SYSTEM32\dwmapi.dll
0x00007ffda8c80000 - 0x00007ffda8dd2000 	C:\Windows\SYSTEM32\inputhost.dll
0x00007ffdc4d70000 - 0x00007ffdc4e3d000 	C:\Windows\System32\OLEAUT32.dll
0x00007ffdbfad0000 - 0x00007ffdbfc24000 	C:\Windows\SYSTEM32\wintypes.dll
0x00007ffdbe990000 - 0x00007ffdbea86000 	C:\Windows\SYSTEM32\PROPSYS.dll
0x00007ffdc0500000 - 0x00007ffdc05f2000 	C:\Windows\SYSTEM32\CoreMessaging.dll
0x00007ffdc01a0000 - 0x00007ffdc04fe000 	C:\Windows\SYSTEM32\CoreUIComponents.dll
0x00007ffdc20b0000 - 0x00007ffdc20e3000 	C:\Windows\SYSTEM32\ntmarta.dll
0x00007ffdc5750000 - 0x00007ffdc5865000 	C:\Windows\System32\MSCTF.dll
0x00007ffdc18f0000 - 0x00007ffdc18fd000 	C:\Windows\SYSTEM32\HID.DLL
0x00007ffdc4870000 - 0x00007ffdc4ce1000 	C:\Windows\System32\SETUPAPI.DLL
0x00007ffdc3c50000 - 0x00007ffdc3c77000 	C:\Windows\System32\bcrypt.dll
0x00007ffdc3c80000 - 0x00007ffdc3ce8000 	C:\Windows\System32\WINTRUST.dll
0x00007ffdc34b0000 - 0x00007ffdc3606000 	C:\Windows\System32\CRYPT32.dll
0x00007ffdc2fa0000 - 0x00007ffdc2fb2000 	C:\Windows\SYSTEM32\MSASN1.dll
0x00007ffd56e40000 - 0x00007ffd56f4b000 	C:\Users\grado\AppData\Local\Temp\lwjglgrado\3.2.3-build-13\OpenAL.dll
0x00007ffdc5400000 - 0x00007ffdc552a000 	C:\Windows\System32\ole32.dll
0x00007ffdc5350000 - 0x00007ffdc53f9000 	C:\Windows\System32\clbcatq.dll
0x00007ffdbb510000 - 0x00007ffdbb595000 	C:\Windows\System32\MMDevApi.dll
0x00007ffdbbda0000 - 0x00007ffdbbf22000 	C:\Windows\SYSTEM32\AUDIOSES.DLL
0x00007ffdc2930000 - 0x00007ffdc297b000 	C:\Windows\SYSTEM32\powrprof.dll
0x00007ffdc27f0000 - 0x00007ffdc2802000 	C:\Windows\SYSTEM32\UMPDC.dll
0x00007ffdc0a30000 - 0x00007ffdc0a44000 	C:\Windows\SYSTEM32\resourcepolicyclient.dll
0x00007ffd22910000 - 0x00007ffd22a36000 	C:\Windows\SYSTEM32\opengl32.dll
0x00007ffd228e0000 - 0x00007ffd2290c000 	C:\Windows\SYSTEM32\GLU32.dll
0x00007ffdbc2e0000 - 0x00007ffdbc3d7000 	C:\Windows\System32\AppXDeploymentClient.dll
0x00007ffd932b0000 - 0x00007ffd932da000 	C:\Windows\System32\DriverStore\FileRepository\u0361612.inf_amd64_b679e02f70413f9f\B361368\atig6pxx.dll
0x00007ffcfa390000 - 0x00007ffcfd076000 	C:\Windows\System32\DriverStore\FileRepository\u0361612.inf_amd64_b679e02f70413f9f\B361368\atio6axx.dll
0x00007ffd86690000 - 0x00007ffd866b4000 	C:\Windows\SYSTEM32\dxva2.dll
0x00007ffd79060000 - 0x00007ffd7909c000 	C:\Windows\System32\DriverStore\FileRepository\u0361612.inf_amd64_b679e02f70413f9f\B361368\atig6txx.dll
0x00007ffd54600000 - 0x00007ffd547b9000 	C:\Windows\SYSTEM32\atiadlxx.dll
0x00007ffdb9380000 - 0x00007ffdb93bb000 	C:\Windows\SYSTEM32\dxcore.dll
0x00007ffd56800000 - 0x00007ffd56859000 	C:\Users\grado\AppData\Local\Temp\lwjglgrado\3.2.3-build-13\lwjgl_opengl.dll
0x00007ffda93b0000 - 0x00007ffda94a9000 	C:\Windows\SYSTEM32\textinputframework.dll

dbghelp: loaded successfully - version: 4.0.5 - missing functions: none
symbol engine: initialized successfully - sym options: 0x614 - pdb path: .;C:\Program Files\Eclipse Adoptium\jdk-17.0.1.12-hotspot\bin;C:\Windows\SYSTEM32;C:\Windows\WinSxS\amd64_microsoft.windows.common-controls_6595b64144ccf1df_6.0.19041.1110_none_60b5254171f9507e;C:\Program Files\Eclipse Adoptium\jdk-17.0.1.12-hotspot\bin\server;C:\Users\grado\AppData\Local\Temp\libgdxgrado\e1cd32f8;C:\Users\grado\AppData\Local\Temp\lwjglgrado\3.2.3-build-13;C:\Windows\System32\DriverStore\FileRepository\u0361612.inf_amd64_b679e02f70413f9f\B361368

VM Arguments:
jvm_args: -XX:+ShowCodeDetailsInExceptionMessages 
java_command: com.crazyputting3d.Main
java_class_path (initial): C:\Users\grado\Desktop\Group-04\3dcrazyputting\desktop\bin\main;\CrazyPutting3D-core\bin\default;C:\Users\grado\Desktop\Group-04\3dcrazyputting\core\bin\main;C:\Users\grado\.gradle\caches\modules-2\files-2.1\com.badlogicgames.gdx\gdx-backend-lwjgl3\1.10.0\600c7d5b2c977daa82c4abad147087b31e0ada87\gdx-backend-lwjgl3-1.10.0.jar;C:\Users\grado\.gradle\caches\modules-2\files-2.1\com.badlogicgames.gdx\gdx-platform\1.10.0\9a8fa793d2fd6d360afc6c9e4c1f5583da263b88\gdx-platform-1.10.0-natives-desktop.jar;C:\Users\grado\.gradle\caches\modules-2\files-2.1\com.badlogicgames.gdx\gdx-bullet-platform\1.10.0\ce92e8dfc762523d769cbc50853163c03bf98cf1\gdx-bullet-platform-1.10.0-natives-desktop.jar;C:\Users\grado\.gradle\caches\modules-2\files-2.1\com.badlogicgames.gdx\gdx-freetype-platform\1.10.0\6e5d28752759e69384f12e4569d2c884ff71352f\gdx-freetype-platform-1.10.0-natives-desktop.jar;C:\Users\grado\.gradle\caches\modules-2\files-2.1\com.badlogicgames.gdx-controllers\gdx-controllers-desktop\2.2.1\cb3430c32468a090eca54d494d16bb3764ceff9b\gdx-controllers-desktop-2.2.1.jar;C:\Users\grado\.gradle\caches\modules-2\files-2.1\org.jetbrains\annotations\20.1.0\2fcd1f3225bca0c4a7bc931142076f8c1e80993f\annotations-20.1.0.jar;C:\Users\grado\.gradle\caches\modules-2\files-2.1\com.badlogicgames.gdx\gdx-bullet\1.10.0\839b58c7278f5c3b55291c3a559d91227400ecdb\gdx-bullet-1.10.0.jar;C:\Users\grado\.gradle\caches\modules-2\files-2.1\com.badlogicgames.gdx\gdx-freetype\1.10.0\de1d0d5c1e92e8d91364256fd6b7bb279d3e9859\gdx-freetype-1.10.0.jar;C:\Users\grado\.gradle\caches\modules-2\files-2.1\com.badlogicgames.gdx\gdx-ai\1.8.2\ab75d2ce80ab1b1ce6828a15dc0f417abac4c674\gdx-ai-1.8.2.jar;C:\Users\grado\.gradle\caches\modules-2\files-2.1\com.badlogicgames.ashley\ashley\1.7.4\21a3a8932919099c4e5006a7d8378dcbe76ef8a5\ashley-1.7.4.jar;C:\Users\grado\.gradle\caches\modules-2\files-2.1\com.badlogicgames.box2dlights\box2dlights\1.5\6902dbcd250c95a27973aa24a147a95b3828d348\box2dlights-1.5.jar;C
Launcher Type: SUN_STANDARD

[Global flags]
     intx CICompilerCount                          = 12                                        {product} {ergonomic}
     uint ConcGCThreads                            = 3                                         {product} {ergonomic}
     uint G1ConcRefinementThreads                  = 13                                        {product} {ergonomic}
   size_t G1HeapRegionSize                         = 2097152                                   {product} {ergonomic}
    uintx GCDrainStackTargetSize                   = 64                                        {product} {ergonomic}
   size_t InitialHeapSize                          = 257949696                                 {product} {ergonomic}
   size_t MarkStackSize                            = 4194304                                   {product} {ergonomic}
   size_t MaxHeapSize                              = 4127195136                                {product} {ergonomic}
   size_t MaxNewSize                               = 2474639360                                {product} {ergonomic}
   size_t MinHeapDeltaBytes                        = 2097152                                   {product} {ergonomic}
   size_t MinHeapSize                              = 8388608                                   {product} {ergonomic}
    uintx NonNMethodCodeHeapSize                   = 7602480                                {pd product} {ergonomic}
    uintx NonProfiledCodeHeapSize                  = 122027880                              {pd product} {ergonomic}
    uintx ProfiledCodeHeapSize                     = 122027880                              {pd product} {ergonomic}
    uintx ReservedCodeCacheSize                    = 251658240                              {pd product} {ergonomic}
     bool SegmentedCodeCache                       = true                                      {product} {ergonomic}
     bool ShowCodeDetailsInExceptionMessages       = true                                   {manageable} {command line}
   size_t SoftMaxHeapSize                          = 4127195136                             {manageable} {ergonomic}
     bool UseCompressedClassPointers               = true                           {product lp64_product} {ergonomic}
     bool UseCompressedOops                        = true                           {product lp64_product} {ergonomic}
     bool UseG1GC                                  = true                                      {product} {ergonomic}
     bool UseLargePagesIndividualAllocation        = false                                  {pd product} {ergonomic}

Logging:
Log output configuration:
 #0: stdout all=warning uptime,level,tags
 #1: stderr all=off uptime,level,tags

Environment Variables:
PATH=C:\Program Files\Common Files\Oracle\Java\javapath;C:\Windows\system32;C:\Windows;C:\Windows\System32\Wbem;C:\Windows\System32\WindowsPowerShell\v1.0\;C:\Windows\System32\OpenSSH\;C:\Program Files (x86)\NVIDIA Corporation\PhysX\Common;C:\Program Files\NVIDIA Corporation\NVIDIA NvDLISR;C:\Program Files\MATLAB\R2022a\bin;C:\Program Files\Gradle\gradle-7.4.2\bin;C:\Program Files\Git\cmd;C:\Users\grado\AppData\Local\Microsoft\WindowsApps;C:\Users\grado\AppData\Local\Programs\Microsoft VS Code\bin;C:\Users\grado\AppData\Local\GitHubDesktop\bin
USERNAME=grado
LANG=en_US.UTF-8
OS=Windows_NT
PROCESSOR_IDENTIFIER=AMD64 Family 23 Model 96 Stepping 1, AuthenticAMD



---------------  S Y S T E M  ---------------

OS:
 Windows 10 , 64 bit Build 19041 (10.0.19041.1706)
OS uptime: 9 days 0:46 hours

CPU: total 16 (initial active 16) (16 cores per cpu, 2 threads per core) family 23 model 96 stepping 1 microcode 0x0, cx8, cmov, fxsr, ht, mmx, 3dnowpref, sse, sse2, sse3, ssse3, sse4a, sse4.1, sse4.2, popcnt, lzcnt, tsc, tscinvbit, avx, avx2, aes, clmul, bmi1, bmi2, adx, sha, fma, vzeroupper, clflush, clflushopt

Memory: 4k page, system-wide physical 15741M (5787M free)
TotalPageFile size 23631M (AvailPageFile size 4158M)
current process WorkingSet (physical memory assigned to process): 223M, peak: 280M
current process commit charge ("private bytes"): 617M, peak: 685M

vm_info: OpenJDK 64-Bit Server VM (17.0.1+12) for windows-amd64 JRE (17.0.1+12), built on Oct 20 2021 07:42:55 by "" with MS VC++ 16.7 (VS2019)

END.
