#
# A fatal error has been detected by the Java Runtime Environment:
#
#  EXCEPTION_ACCESS_VIOLATION (0xc0000005) at pc=0x000001fd78f90000, pid=16104, tid=25428
#
# JRE version: OpenJDK Runtime Environment Temurin-17.0.1+12 (17.0.1+12) (build 17.0.1+12)
# Java VM: OpenJDK 64-Bit Server VM Temurin-17.0.1+12 (17.0.1+12, mixed mode, sharing, tiered, compressed oops, compressed class ptrs, g1 gc, windows-amd64)
# Problematic frame:
# C  0x000001fd78f90000
#
# No core dump will be written. Minidumps are not enabled by default on client versions of Windows
#
# If you would like to submit a bug report, please visit:
#   https://github.com/adoptium/adoptium-support/issues
# The crash happened outside the Java Virtual Machine in native code.
# See problematic frame for where to report the bug.
#

---------------  S U M M A R Y ------------

Command Line: -XX:+ShowCodeDetailsInExceptionMessages com.crazyputting3d.Main

Host: AMD Ryzen 7 4800H with Radeon Graphics         , 16 cores, 15G,  Windows 10 , 64 bit Build 19041 (10.0.19041.1706)
Time: Fri Jun 17 16:07:00 2022 Central European Daylight Time elapsed time: 1733.529440 seconds (0d 0h 28m 53s)

---------------  T H R E A D  ---------------

Current thread (0x000001fd538abfa0):  JavaThread "main" [_thread_in_native, id=25428, stack(0x000000f73fe00000,0x000000f73ff00000)]

Stack: [0x000000f73fe00000,0x000000f73ff00000],  sp=0x000000f73fefe948,  free space=1018k
Native frames: (J=compiled Java code, j=interpreted, Vv=VM code, C=native code)
C  0x000001fd78f90000

Java frames: (J=compiled Java code, j=interpreted, Vv=VM code)
J 1203  org.lwjgl.system.JNI.invokePV(JJ)V (0 bytes) @ 0x000001fd650c746c [0x000001fd650c7420+0x000000000000004c]
J 2361 c2 org.lwjgl.glfw.GLFW.glfwSwapBuffers(J)V (21 bytes) @ 0x000001fd6524d5c0 [0x000001fd6524d5a0+0x0000000000000020]
J 2068 c1 com.badlogic.gdx.backends.lwjgl3.Lwjgl3Window.update()Z (217 bytes) @ 0x000001fd5dfbbee4 [0x000001fd5dfbb2e0+0x0000000000000c04]
j  com.badlogic.gdx.backends.lwjgl3.Lwjgl3Application.loop()V+111
j  com.badlogic.gdx.backends.lwjgl3.Lwjgl3Application.<init>(Lcom/badlogic/gdx/ApplicationListener;Lcom/badlogic/gdx/backends/lwjgl3/Lwjgl3ApplicationConfiguration;)V+243
j  com.crazyputting3d.UI.game3d.render()V+262
J 2068 c1 com.badlogic.gdx.backends.lwjgl3.Lwjgl3Window.update()Z (217 bytes) @ 0x000001fd5dfbbebc [0x000001fd5dfbb2e0+0x0000000000000bdc]
j  com.badlogic.gdx.backends.lwjgl3.Lwjgl3Application.loop()V+111
j  com.badlogic.gdx.backends.lwjgl3.Lwjgl3Application.<init>(Lcom/badlogic/gdx/ApplicationListener;Lcom/badlogic/gdx/backends/lwjgl3/Lwjgl3ApplicationConfiguration;)V+243
j  com.crazyputting3d.UI.LevelScreenBot.render(F)V+302
j  com.badlogic.gdx.Game.render()V+19
j  com.badlogic.gdx.backends.lwjgl3.Lwjgl3Window.update()Z+187
j  com.badlogic.gdx.backends.lwjgl3.Lwjgl3Application.loop()V+111
j  com.badlogic.gdx.backends.lwjgl3.Lwjgl3Application.<init>(Lcom/badlogic/gdx/ApplicationListener;Lcom/badlogic/gdx/backends/lwjgl3/Lwjgl3ApplicationConfiguration;)V+243
j  com.crazyputting3d.Main.main([Ljava/lang/String;)V+41
v  ~StubRoutines::call_stub

siginfo: EXCEPTION_ACCESS_VIOLATION (0xc0000005), data execution prevention violation at address 0x000001fd78f90000


Register to memory mapping:

RIP=0x000001fd78f90000 is an unknown value
RAX=0x000001fd78f90000 is an unknown value
RBX=0x0000000000010001 is an unknown value
RCX=0x0000000000010001 is an unknown value
RDX=0x000000f73fefe980 is pointing into the stack for thread: 0x000001fd538abfa0
RSP=0x000000f73fefe948 is pointing into the stack for thread: 0x000001fd538abfa0
RBP=0x000000f73fefea50 is pointing into the stack for thread: 0x000001fd538abfa0
RSI=0x000001fd04abac70 points into unknown readable memory: 0x0000000000000000 | 00 00 00 00 00 00 00 00
RDI=0x000001fd05351708 is pointing into metadata
R8 =0x000001fd04abac70 points into unknown readable memory: 0x0000000000000000 | 00 00 00 00 00 00 00 00
R9 =0x00007ffd93361b50 glfw.dll
R10=0x00007ffd9ef51b10 lwjgl.dll
R11=0x000000f73fefedb8 is pointing into the stack for thread: 0x000001fd538abfa0
R12=0x0 is NULL
R13=0x000001fd65255114 is at entry_point+116 in (nmethod*)0x000001fd65254f10
R14=0x000000f73fefee10 is pointing into the stack for thread: 0x000001fd538abfa0
R15=0x000001fd538abfa0 is a thread


Registers:
RAX=0x000001fd78f90000, RBX=0x0000000000010001, RCX=0x0000000000010001, RDX=0x000000f73fefe980
RSP=0x000000f73fefe948, RBP=0x000000f73fefea50, RSI=0x000001fd04abac70, RDI=0x000001fd05351708
R8 =0x000001fd04abac70, R9 =0x00007ffd93361b50, R10=0x00007ffd9ef51b10, R11=0x000000f73fefedb8
R12=0x0000000000000000, R13=0x000001fd65255114, R14=0x000000f73fefee10, R15=0x000001fd538abfa0
RIP=0x000001fd78f90000, EFLAGS=0x0000000000010206

Top of Stack: (sp=0x000000f73fefe948)
0x000000f73fefe948:   00007ffd93361f7c 000001fd69cb0000
0x000000f73fefe958:   0000000717e44648 4348000000000001
0x000000f73fefe968:   3f80000043960000 0000000040800000
0x000000f73fefe978:   0000000717e448e0 57464c4720656854
0x000000f73fefe988:   7972617262696c20 20746f6e20736920
0x000000f73fefe998:   696c616974696e69 000001fd0064657a
0x000000f73fefe9a8:   000000f73fefea00 000001fd05158a40
0x000000f73fefe9b8:   0000000000000000 0000000717e443c8
0x000000f73fefe9c8:   000000070bc95698 000000071807c698
0x000000f73fefe9d8:   000000070bc95688 000000070b8b3c50
0x000000f73fefe9e8:   000000071807c698 00000007180f4d70
0x000000f73fefe9f8:   000001fd0524d3b8 000000f73fefead8
0x000000f73fefea08:   0000000000000000 000001fd5ddf5660
0x000000f73fefea18:   0000000800000000 00000000000000cb
0x000000f73fefea28:   000001fd69cb0000 000001fd0523c428
0x000000f73fefea38:   0000000800cb2680 000000f73fefea80 

Instructions: (pc=0x000001fd78f90000)
0x000001fd78f8ff00:   ?? ?? ?? ?? ?? ?? ?? ?? ?? ?? ?? ?? ?? ?? ?? ??
0x000001fd78f8ff10:   ?? ?? ?? ?? ?? ?? ?? ?? ?? ?? ?? ?? ?? ?? ?? ??
0x000001fd78f8ff20:   ?? ?? ?? ?? ?? ?? ?? ?? ?? ?? ?? ?? ?? ?? ?? ??
0x000001fd78f8ff30:   ?? ?? ?? ?? ?? ?? ?? ?? ?? ?? ?? ?? ?? ?? ?? ??
0x000001fd78f8ff40:   ?? ?? ?? ?? ?? ?? ?? ?? ?? ?? ?? ?? ?? ?? ?? ??
0x000001fd78f8ff50:   ?? ?? ?? ?? ?? ?? ?? ?? ?? ?? ?? ?? ?? ?? ?? ??
0x000001fd78f8ff60:   ?? ?? ?? ?? ?? ?? ?? ?? ?? ?? ?? ?? ?? ?? ?? ??
0x000001fd78f8ff70:   ?? ?? ?? ?? ?? ?? ?? ?? ?? ?? ?? ?? ?? ?? ?? ??
0x000001fd78f8ff80:   ?? ?? ?? ?? ?? ?? ?? ?? ?? ?? ?? ?? ?? ?? ?? ??
0x000001fd78f8ff90:   ?? ?? ?? ?? ?? ?? ?? ?? ?? ?? ?? ?? ?? ?? ?? ??
0x000001fd78f8ffa0:   ?? ?? ?? ?? ?? ?? ?? ?? ?? ?? ?? ?? ?? ?? ?? ??
0x000001fd78f8ffb0:   ?? ?? ?? ?? ?? ?? ?? ?? ?? ?? ?? ?? ?? ?? ?? ??
0x000001fd78f8ffc0:   ?? ?? ?? ?? ?? ?? ?? ?? ?? ?? ?? ?? ?? ?? ?? ??
0x000001fd78f8ffd0:   ?? ?? ?? ?? ?? ?? ?? ?? ?? ?? ?? ?? ?? ?? ?? ??
0x000001fd78f8ffe0:   ?? ?? ?? ?? ?? ?? ?? ?? ?? ?? ?? ?? ?? ?? ?? ??
0x000001fd78f8fff0:   ?? ?? ?? ?? ?? ?? ?? ?? ?? ?? ?? ?? ?? ?? ?? ??
0x000001fd78f90000:   ?? ?? ?? ?? ?? ?? ?? ?? ?? ?? ?? ?? ?? ?? ?? ??
0x000001fd78f90010:   ?? ?? ?? ?? ?? ?? ?? ?? ?? ?? ?? ?? ?? ?? ?? ??
0x000001fd78f90020:   ?? ?? ?? ?? ?? ?? ?? ?? ?? ?? ?? ?? ?? ?? ?? ??
0x000001fd78f90030:   ?? ?? ?? ?? ?? ?? ?? ?? ?? ?? ?? ?? ?? ?? ?? ??
0x000001fd78f90040:   ?? ?? ?? ?? ?? ?? ?? ?? ?? ?? ?? ?? ?? ?? ?? ??
0x000001fd78f90050:   ?? ?? ?? ?? ?? ?? ?? ?? ?? ?? ?? ?? ?? ?? ?? ??
0x000001fd78f90060:   ?? ?? ?? ?? ?? ?? ?? ?? ?? ?? ?? ?? ?? ?? ?? ??
0x000001fd78f90070:   ?? ?? ?? ?? ?? ?? ?? ?? ?? ?? ?? ?? ?? ?? ?? ??
0x000001fd78f90080:   ?? ?? ?? ?? ?? ?? ?? ?? ?? ?? ?? ?? ?? ?? ?? ??
0x000001fd78f90090:   ?? ?? ?? ?? ?? ?? ?? ?? ?? ?? ?? ?? ?? ?? ?? ??
0x000001fd78f900a0:   ?? ?? ?? ?? ?? ?? ?? ?? ?? ?? ?? ?? ?? ?? ?? ??
0x000001fd78f900b0:   ?? ?? ?? ?? ?? ?? ?? ?? ?? ?? ?? ?? ?? ?? ?? ??
0x000001fd78f900c0:   ?? ?? ?? ?? ?? ?? ?? ?? ?? ?? ?? ?? ?? ?? ?? ??
0x000001fd78f900d0:   ?? ?? ?? ?? ?? ?? ?? ?? ?? ?? ?? ?? ?? ?? ?? ??
0x000001fd78f900e0:   ?? ?? ?? ?? ?? ?? ?? ?? ?? ?? ?? ?? ?? ?? ?? ??
0x000001fd78f900f0:   ?? ?? ?? ?? ?? ?? ?? ?? ?? ?? ?? ?? ?? ?? ?? ?? 


Stack slot to memory mapping:
stack at sp + 0 slots: 0x00007ffd93361f7c glfw.dll
stack at sp + 1 slots: 0x000001fd69cb0000 is an unknown value
stack at sp + 2 slots: 0x0000000717e44648 is an oop: [Lcom.badlogic.gdx.scenes.scene2d.Actor; 
{0x0000000717e44648} - klass: 'com/badlogic/gdx/scenes/scene2d/Actor'[]
 - length: 4
stack at sp + 3 slots: 0x4348000000000001 is an unknown value
stack at sp + 4 slots: 0x3f80000043960000 is an unknown value
stack at sp + 5 slots: 0x0000000040800000 is an unknown value
stack at sp + 6 slots: 0x0000000717e448e0 is an oop: com.badlogic.gdx.scenes.scene2d.ui.Label 
{0x0000000717e448e0} - klass: 'com/badlogic/gdx/scenes/scene2d/ui/Label'
 - ---- fields (total size 18 words):
 - 'x' 'F' @12  4.000000 (40800000)
 - 'y' 'F' @16  1.000000 (3f800000)
 - 'width' 'F' @20  77.000000 (429a0000)
 - 'height' 'F' @24  25.000000 (41c80000)
 - 'originX' 'F' @28  0.000000
 - 'originY' 'F' @32  0.000000
 - 'scaleX' 'F' @36  1.000000 (3f800000)
 - 'scaleY' 'F' @40  1.000000 (3f800000)
 - 'rotation' 'F' @44  0.000000
 - private 'visible' 'Z' @48  true
 - private 'debug' 'Z' @49  false
 - private 'stage' 'Lcom/badlogic/gdx/scenes/scene2d/Stage;' @52  a 'com/badlogic/gdx/scenes/scene2d/Stage'{0x000000071807bfe8} (e300f7fd)
 - 'parent' 'Lcom/badlogic/gdx/scenes/scene2d/Group;' @56  a 'com/badlogic/gdx/scenes/scene2d/ui/TextButton'{0x0000000717e443c8} (e2fc8879)
 - private final 'listeners' 'Lcom/badlogic/gdx/utils/DelayedRemovalArray;' @60  a 'com/badlogic/gdx/utils/DelayedRemovalArray'{0x0000000717e44988} (e2fc8931)
 - private final 'captureListeners' 'Lcom/badlogic/gdx/utils/DelayedRemovalArray;' @64  a 'com/badlogic/gdx/utils/DelayedRemovalArray'{0x0000000717e449f0} (e2fc893e)
 - private final 'actions' 'Lcom/badlogic/gdx/utils/Array;' @68  a 'com/badlogic/gdx/utils/Array'{0x0000000717e44a58} (e2fc894b)
 - private 'name' 'Ljava/lang/String;' @72  NULL (0)
 - private 'touchable' 'Lcom/badlogic/gdx/scenes/scene2d/Touchable;' @76  a 'com/badlogic/gdx/scenes/scene2d/Touchable'{0x000000070b88a290} (e1711452)
 - final 'color' 'Lcom/badlogic/gdx/graphics/Color;' @80  a 'com/badlogic/gdx/graphics/Color'{0x0000000717e44a88} (e2fc8951)
 - private 'userObject' 'Ljava/lang/Object;' @84  NULL (0)
 - private 'needsLayout' 'Z' @50  false
 - private 'fillParent' 'Z' @51  false
 - private 'layoutEnabled' 'Z' @88  true
 - private 'wrap' 'Z' @89  false
 - private 'prefSizeInvalid' 'Z' @90  false
 - private 'fontScaleChanged' 'Z' @91  false
 - private 'intValue' 'I' @92  -2147483648 (80000000)
 - private 'labelAlign' 'I' @96  1
 - private 'lineAlign' 'I' @100  1
 - private 'lastPrefHeight' 'F' @104  0.000000
 - private 'fontScaleX' 'F' @108  1.000000 (3f800000)
 - private 'fontScaleY' 'F' @112  1.000000 (3f800000)
 - private 'style' 'Lcom/badlogic/gdx/scenes/scene2d/ui/Label$LabelStyle;' @116  a 'com/badlogic/gdx/scenes/scene2d/ui/Label$LabelStyle'{0x0000000717e44970} (e2fc892e)
 - private final 'layout' 'Lcom/badlogic/gdx/graphics/g2d/GlyphLayout;' @120  a 'com/badlogic/gdx/graphics/g2d/GlyphLayout'{0x0000000717e44aa8} (e2fc8955)
 - private final 'prefSize' 'Lcom/badlogic/gdx/math/Vector2;' @124  a 'com/badlogic/gdx/math/Vector2'{0x0000000717e44af8} (e2fc895f)
 - private final 'text' 'Lcom/badlogic/gdx/utils/StringBuilder;' @128  a 'com/badlogic/gdx/utils/StringBuilder'{0x0000000717e44b10} (e2fc8962)
 - private 'cache' 'Lcom/badlogic/gdx/graphics/g2d/BitmapFontCache;' @132  a 'com/badlogic/gdx/graphics/g2d/BitmapFontCache'{0x0000000717e44b58} (e2fc896b)
 - private 'ellipsis' 'Ljava/lang/String;' @136  NULL (0)
stack at sp + 7 slots: 0x57464c4720656854 is an unknown value


---------------  P R O C E S S  ---------------

Threads class SMR info:
_java_thread_list=0x000001fd041fbb00, length=19, elements={
0x000001fd538abfa0, 0x000001fd78f08f00, 0x000001fd78f0ab80, 0x000001fd78f21bf0,
0x000001fd78f225a0, 0x000001fd78f236f0, 0x000001fd78f27d40, 0x000001fd78f29a10,
0x000001fd78f2dbc0, 0x000001fd79900080, 0x000001fd79a7da90, 0x000001fd79a8a730,
0x000001fd0408dc00, 0x000001fd0903d830, 0x000001fd0c39de60, 0x000001fd09e1d9a0,
0x000001fd08da7440, 0x000001fd79eb5880, 0x000001fd79eb4a10
}

Java Threads: ( => current thread )
=>0x000001fd538abfa0 JavaThread "main" [_thread_in_native, id=25428, stack(0x000000f73fe00000,0x000000f73ff00000)]
  0x000001fd78f08f00 JavaThread "Reference Handler" daemon [_thread_blocked, id=13088, stack(0x000000f740500000,0x000000f740600000)]
  0x000001fd78f0ab80 JavaThread "Finalizer" daemon [_thread_blocked, id=6008, stack(0x000000f740600000,0x000000f740700000)]
  0x000001fd78f21bf0 JavaThread "Signal Dispatcher" daemon [_thread_blocked, id=21420, stack(0x000000f740700000,0x000000f740800000)]
  0x000001fd78f225a0 JavaThread "Attach Listener" daemon [_thread_blocked, id=15944, stack(0x000000f740800000,0x000000f740900000)]
  0x000001fd78f236f0 JavaThread "Service Thread" daemon [_thread_blocked, id=8840, stack(0x000000f740900000,0x000000f740a00000)]
  0x000001fd78f27d40 JavaThread "Monitor Deflation Thread" daemon [_thread_blocked, id=26972, stack(0x000000f740a00000,0x000000f740b00000)]
  0x000001fd78f29a10 JavaThread "C2 CompilerThread0" daemon [_thread_blocked, id=23124, stack(0x000000f740b00000,0x000000f740c00000)]
  0x000001fd78f2dbc0 JavaThread "C1 CompilerThread0" daemon [_thread_blocked, id=26644, stack(0x000000f740c00000,0x000000f740d00000)]
  0x000001fd79900080 JavaThread "Sweeper thread" daemon [_thread_blocked, id=26540, stack(0x000000f740d00000,0x000000f740e00000)]
  0x000001fd79a7da90 JavaThread "Notification Thread" daemon [_thread_blocked, id=7704, stack(0x000000f740f00000,0x000000f741000000)]
  0x000001fd79a8a730 JavaThread "Common-Cleaner" daemon [_thread_blocked, id=5952, stack(0x000000f741100000,0x000000f741200000)]
  0x000001fd0408dc00 JavaThread "LWJGL3 Timer" daemon [_thread_blocked, id=18648, stack(0x000000f742300000,0x000000f742400000)]
  0x000001fd0903d830 JavaThread "LWJGL3 Timer" daemon [_thread_blocked, id=22440, stack(0x000000f743200000,0x000000f743300000)]
  0x000001fd0c39de60 JavaThread "Java Sound Event Dispatcher" daemon [_thread_blocked, id=25864, stack(0x000000f742800000,0x000000f742900000)]
  0x000001fd09e1d9a0 JavaThread "Direct Clip" daemon [_thread_blocked, id=16592, stack(0x000000f742f00000,0x000000f743000000)]
  0x000001fd08da7440 JavaThread "Direct Clip" daemon [_thread_blocked, id=11180, stack(0x000000f743300000,0x000000f743400000)]
  0x000001fd79eb5880 JavaThread "Direct Clip" daemon [_thread_blocked, id=20940, stack(0x000000f743a00000,0x000000f743b00000)]
  0x000001fd79eb4a10 JavaThread "LWJGL3 Timer" daemon [_thread_blocked, id=1584, stack(0x000000f741a00000,0x000000f741b00000)]

Other Threads:
  0x000001fd78f03c60 VMThread "VM Thread" [stack: 0x000000f740400000,0x000000f740500000] [id=6688]
  0x000001fd55a673c0 WatcherThread [stack: 0x000000f741000000,0x000000f741100000] [id=17448]
  0x000001fd55a48a70 GCTaskThread "GC Thread#0" [stack: 0x000000f73ff00000,0x000000f740000000] [id=23844]
  0x000001fd7cd6a2d0 GCTaskThread "GC Thread#1" [stack: 0x000000f741d00000,0x000000f741e00000] [id=17644]
  0x000001fd7cd69d70 GCTaskThread "GC Thread#2" [stack: 0x000000f741e00000,0x000000f741f00000] [id=13664]
  0x000001fd7cd6c870 GCTaskThread "GC Thread#3" [stack: 0x000000f741f00000,0x000000f742000000] [id=19380]
  0x000001fd7cd6bdb0 GCTaskThread "GC Thread#4" [stack: 0x000000f742000000,0x000000f742100000] [id=26636]
  0x000001fd7cd6bb00 GCTaskThread "GC Thread#5" [stack: 0x000000f742100000,0x000000f742200000] [id=19292]
  0x000001fd7cd6a580 GCTaskThread "GC Thread#6" [stack: 0x000000f742200000,0x000000f742300000] [id=24432]
  0x000001fd045b8010 GCTaskThread "GC Thread#7" [stack: 0x000000f742a00000,0x000000f742b00000] [id=2268]
  0x000001fd55a59fc0 ConcurrentGCThread "G1 Main Marker" [stack: 0x000000f740000000,0x000000f740100000] [id=5908]
  0x000001fd55a5a9d0 ConcurrentGCThread "G1 Conc#0" [stack: 0x000000f740100000,0x000000f740200000] [id=24288]
  0x000001fd78da30d0 ConcurrentGCThread "G1 Refine#0" [stack: 0x000000f740200000,0x000000f740300000] [id=15044]
  0x000001fd04c1ff20 ConcurrentGCThread "G1 Refine#1" [stack: 0x000000f742b00000,0x000000f742c00000] [id=19396]
  0x000001fd799e2990 ConcurrentGCThread "G1 Refine#2" [stack: 0x000000f742c00000,0x000000f742d00000] [id=6244]
  0x000001fd0433ddd0 ConcurrentGCThread "G1 Refine#3" [stack: 0x000000f742d00000,0x000000f742e00000] [id=21840]
  0x000001fd78da39f0 ConcurrentGCThread "G1 Service" [stack: 0x000000f740300000,0x000000f740400000] [id=21928]

Threads with active compile tasks:

VM state: not at safepoint (normal execution)

VM Mutex/Monitor currently owned by a thread: None

Heap address: 0x000000070a000000, size: 3936 MB, Compressed Oops mode: Zero based, Oop shift amount: 3

CDS archive(s) mapped at: [0x0000000800000000-0x0000000800bc0000-0x0000000800bc0000), size 12320768, SharedBaseAddress: 0x0000000800000000, ArchiveRelocationMode: 0.
Compressed class space mapped at: 0x0000000800c00000-0x0000000840c00000, reserved size: 1073741824
Narrow klass base: 0x0000000800000000, Narrow klass shift: 0, Narrow klass range: 0x100000000

GC Precious Log:
 CPUs: 16 total, 16 available
 Memory: 15741M
 Large Page Support: Disabled
 NUMA Support: Disabled
 Compressed Oops: Enabled (Zero based)
 Heap Region Size: 2M
 Heap Min Capacity: 8M
 Heap Initial Capacity: 246M
 Heap Max Capacity: 3936M
 Pre-touch: Disabled
 Parallel Workers: 13
 Concurrent Workers: 3
 Concurrent Refinement Workers: 13
 Periodic GC: Disabled

Heap:
 garbage-first heap   total 251904K, used 54885K [0x000000070a000000, 0x0000000800000000)
  region size 2048K, 13 young (26624K), 1 survivors (2048K)
 Metaspace       used 10459K, committed 10624K, reserved 1064960K
  class space    used 737K, committed 832K, reserved 1048576K

Heap Regions: E=young(eden), S=young(survivor), O=old, HS=humongous(starts), HC=humongous(continues), CS=collection set, F=free, OA=open archive, CA=closed archive, TAMS=top-at-mark-start (previous, next)
|   0|0x000000070a000000, 0x000000070a200000, 0x000000070a200000|100%|HS|  |TAMS 0x000000070a000000, 0x000000070a000000| Complete 
|   1|0x000000070a200000, 0x000000070a400000, 0x000000070a400000|100%|HS|  |TAMS 0x000000070a200000, 0x000000070a200000| Complete 
|   2|0x000000070a400000, 0x000000070a600000, 0x000000070a600000|100%|HS|  |TAMS 0x000000070a400000, 0x000000070a400000| Complete 
|   3|0x000000070a600000, 0x000000070a800000, 0x000000070a800000|100%| O|  |TAMS 0x000000070a600000, 0x000000070a600000| Untracked 
|   4|0x000000070a800000, 0x000000070aa00000, 0x000000070aa00000|100%| O|  |TAMS 0x000000070a800000, 0x000000070a800000| Untracked 
|   5|0x000000070aa00000, 0x000000070ac00000, 0x000000070ac00000|100%| O|  |TAMS 0x000000070aa00000, 0x000000070aa00000| Untracked 
|   6|0x000000070ac00000, 0x000000070ae00000, 0x000000070ae00000|100%| O|  |TAMS 0x000000070ac00000, 0x000000070ac00000| Untracked 
|   7|0x000000070ae00000, 0x000000070b000000, 0x000000070b000000|100%| O|  |TAMS 0x000000070ae00000, 0x000000070ae00000| Untracked 
|   8|0x000000070b000000, 0x000000070b200000, 0x000000070b200000|100%| O|  |TAMS 0x000000070b000000, 0x000000070b000000| Untracked 
|   9|0x000000070b200000, 0x000000070b400000, 0x000000070b400000|100%|HS|  |TAMS 0x000000070b200000, 0x000000070b200000| Complete 
|  10|0x000000070b400000, 0x000000070b600000, 0x000000070b600000|100%|HS|  |TAMS 0x000000070b400000, 0x000000070b400000| Complete 
|  11|0x000000070b600000, 0x000000070b800000, 0x000000070b800000|100%|HS|  |TAMS 0x000000070b600000, 0x000000070b600000| Complete 
|  12|0x000000070b800000, 0x000000070ba00000, 0x000000070ba00000|100%| O|  |TAMS 0x000000070b800000, 0x000000070b800000| Untracked 
|  13|0x000000070ba00000, 0x000000070bc00000, 0x000000070bc00000|100%| O|  |TAMS 0x000000070ba00000, 0x000000070ba00000| Untracked 
|  14|0x000000070bc00000, 0x000000070be00000, 0x000000070be00000|100%| O|  |TAMS 0x000000070bc00000, 0x000000070bc00000| Untracked 
|  15|0x000000070be00000, 0x000000070beae400, 0x000000070c000000| 34%| O|  |TAMS 0x000000070be00000, 0x000000070be00000| Untracked 
|  16|0x000000070c000000, 0x000000070c000000, 0x000000070c200000|  0%| F|  |TAMS 0x000000070c000000, 0x000000070c000000| Untracked 
|  17|0x000000070c200000, 0x000000070c200000, 0x000000070c400000|  0%| F|  |TAMS 0x000000070c200000, 0x000000070c200000| Untracked 
|  18|0x000000070c400000, 0x000000070c400000, 0x000000070c600000|  0%| F|  |TAMS 0x000000070c400000, 0x000000070c400000| Untracked 
|  19|0x000000070c600000, 0x000000070c600000, 0x000000070c800000|  0%| F|  |TAMS 0x000000070c600000, 0x000000070c600000| Untracked 
|  20|0x000000070c800000, 0x000000070c800000, 0x000000070ca00000|  0%| F|  |TAMS 0x000000070c800000, 0x000000070c800000| Untracked 
|  21|0x000000070ca00000, 0x000000070ca00000, 0x000000070cc00000|  0%| F|  |TAMS 0x000000070ca00000, 0x000000070ca00000| Untracked 
|  22|0x000000070cc00000, 0x000000070cc00000, 0x000000070ce00000|  0%| F|  |TAMS 0x000000070cc00000, 0x000000070cc00000| Untracked 
|  23|0x000000070ce00000, 0x000000070ce00000, 0x000000070d000000|  0%| F|  |TAMS 0x000000070ce00000, 0x000000070ce00000| Untracked 
|  24|0x000000070d000000, 0x000000070d000000, 0x000000070d200000|  0%| F|  |TAMS 0x000000070d000000, 0x000000070d000000| Untracked 
|  25|0x000000070d200000, 0x000000070d200000, 0x000000070d400000|  0%| F|  |TAMS 0x000000070d200000, 0x000000070d200000| Untracked 
|  26|0x000000070d400000, 0x000000070d400000, 0x000000070d600000|  0%| F|  |TAMS 0x000000070d400000, 0x000000070d400000| Untracked 
|  27|0x000000070d600000, 0x000000070d600000, 0x000000070d800000|  0%| F|  |TAMS 0x000000070d600000, 0x000000070d600000| Untracked 
|  28|0x000000070d800000, 0x000000070d800000, 0x000000070da00000|  0%| F|  |TAMS 0x000000070d800000, 0x000000070d800000| Untracked 
|  29|0x000000070da00000, 0x000000070da00000, 0x000000070dc00000|  0%| F|  |TAMS 0x000000070da00000, 0x000000070da00000| Untracked 
|  30|0x000000070dc00000, 0x000000070dc00000, 0x000000070de00000|  0%| F|  |TAMS 0x000000070dc00000, 0x000000070dc00000| Untracked 
|  31|0x000000070de00000, 0x000000070de00000, 0x000000070e000000|  0%| F|  |TAMS 0x000000070de00000, 0x000000070de00000| Untracked 
|  32|0x000000070e000000, 0x000000070e000000, 0x000000070e200000|  0%| F|  |TAMS 0x000000070e000000, 0x000000070e000000| Untracked 
|  33|0x000000070e200000, 0x000000070e200000, 0x000000070e400000|  0%| F|  |TAMS 0x000000070e200000, 0x000000070e200000| Untracked 
|  34|0x000000070e400000, 0x000000070e400000, 0x000000070e600000|  0%| F|  |TAMS 0x000000070e400000, 0x000000070e400000| Untracked 
|  35|0x000000070e600000, 0x000000070e600000, 0x000000070e800000|  0%| F|  |TAMS 0x000000070e600000, 0x000000070e600000| Untracked 
|  36|0x000000070e800000, 0x000000070e800000, 0x000000070ea00000|  0%| F|  |TAMS 0x000000070e800000, 0x000000070e800000| Untracked 
|  37|0x000000070ea00000, 0x000000070ea00000, 0x000000070ec00000|  0%| F|  |TAMS 0x000000070ea00000, 0x000000070ea00000| Untracked 
|  38|0x000000070ec00000, 0x000000070ec00000, 0x000000070ee00000|  0%| F|  |TAMS 0x000000070ec00000, 0x000000070ec00000| Untracked 
|  39|0x000000070ee00000, 0x000000070ee00000, 0x000000070f000000|  0%| F|  |TAMS 0x000000070ee00000, 0x000000070ee00000| Untracked 
|  40|0x000000070f000000, 0x000000070f000000, 0x000000070f200000|  0%| F|  |TAMS 0x000000070f000000, 0x000000070f000000| Untracked 
|  41|0x000000070f200000, 0x000000070f200000, 0x000000070f400000|  0%| F|  |TAMS 0x000000070f200000, 0x000000070f200000| Untracked 
|  42|0x000000070f400000, 0x000000070f400000, 0x000000070f600000|  0%| F|  |TAMS 0x000000070f400000, 0x000000070f400000| Untracked 
|  43|0x000000070f600000, 0x000000070f600000, 0x000000070f800000|  0%| F|  |TAMS 0x000000070f600000, 0x000000070f600000| Untracked 
|  44|0x000000070f800000, 0x000000070f800000, 0x000000070fa00000|  0%| F|  |TAMS 0x000000070f800000, 0x000000070f800000| Untracked 
|  45|0x000000070fa00000, 0x000000070fa00000, 0x000000070fc00000|  0%| F|  |TAMS 0x000000070fa00000, 0x000000070fa00000| Untracked 
|  46|0x000000070fc00000, 0x000000070fc00000, 0x000000070fe00000|  0%| F|  |TAMS 0x000000070fc00000, 0x000000070fc00000| Untracked 
|  47|0x000000070fe00000, 0x000000070fe00000, 0x0000000710000000|  0%| F|  |TAMS 0x000000070fe00000, 0x000000070fe00000| Untracked 
|  48|0x0000000710000000, 0x0000000710000000, 0x0000000710200000|  0%| F|  |TAMS 0x0000000710000000, 0x0000000710000000| Untracked 
|  49|0x0000000710200000, 0x0000000710200000, 0x0000000710400000|  0%| F|  |TAMS 0x0000000710200000, 0x0000000710200000| Untracked 
|  50|0x0000000710400000, 0x0000000710400000, 0x0000000710600000|  0%| F|  |TAMS 0x0000000710400000, 0x0000000710400000| Untracked 
|  51|0x0000000710600000, 0x0000000710600000, 0x0000000710800000|  0%| F|  |TAMS 0x0000000710600000, 0x0000000710600000| Untracked 
|  52|0x0000000710800000, 0x0000000710800000, 0x0000000710a00000|  0%| F|  |TAMS 0x0000000710800000, 0x0000000710800000| Untracked 
|  53|0x0000000710a00000, 0x0000000710a00000, 0x0000000710c00000|  0%| F|  |TAMS 0x0000000710a00000, 0x0000000710a00000| Untracked 
|  54|0x0000000710c00000, 0x0000000710c00000, 0x0000000710e00000|  0%| F|  |TAMS 0x0000000710c00000, 0x0000000710c00000| Untracked 
|  55|0x0000000710e00000, 0x0000000710e00000, 0x0000000711000000|  0%| F|  |TAMS 0x0000000710e00000, 0x0000000710e00000| Untracked 
|  56|0x0000000711000000, 0x0000000711000000, 0x0000000711200000|  0%| F|  |TAMS 0x0000000711000000, 0x0000000711000000| Untracked 
|  57|0x0000000711200000, 0x0000000711200000, 0x0000000711400000|  0%| F|  |TAMS 0x0000000711200000, 0x0000000711200000| Untracked 
|  58|0x0000000711400000, 0x0000000711400000, 0x0000000711600000|  0%| F|  |TAMS 0x0000000711400000, 0x0000000711400000| Untracked 
|  59|0x0000000711600000, 0x0000000711600000, 0x0000000711800000|  0%| F|  |TAMS 0x0000000711600000, 0x0000000711600000| Untracked 
|  60|0x0000000711800000, 0x0000000711800000, 0x0000000711a00000|  0%| F|  |TAMS 0x0000000711800000, 0x0000000711800000| Untracked 
|  61|0x0000000711a00000, 0x0000000711a00000, 0x0000000711c00000|  0%| F|  |TAMS 0x0000000711a00000, 0x0000000711a00000| Untracked 
|  62|0x0000000711c00000, 0x0000000711c00000, 0x0000000711e00000|  0%| F|  |TAMS 0x0000000711c00000, 0x0000000711c00000| Untracked 
|  63|0x0000000711e00000, 0x0000000711e00000, 0x0000000712000000|  0%| F|  |TAMS 0x0000000711e00000, 0x0000000711e00000| Untracked 
|  64|0x0000000712000000, 0x0000000712000000, 0x0000000712200000|  0%| F|  |TAMS 0x0000000712000000, 0x0000000712000000| Untracked 
|  65|0x0000000712200000, 0x0000000712200000, 0x0000000712400000|  0%| F|  |TAMS 0x0000000712200000, 0x0000000712200000| Untracked 
|  66|0x0000000712400000, 0x0000000712400000, 0x0000000712600000|  0%| F|  |TAMS 0x0000000712400000, 0x0000000712400000| Untracked 
|  67|0x0000000712600000, 0x0000000712600000, 0x0000000712800000|  0%| F|  |TAMS 0x0000000712600000, 0x0000000712600000| Untracked 
|  68|0x0000000712800000, 0x0000000712800000, 0x0000000712a00000|  0%| F|  |TAMS 0x0000000712800000, 0x0000000712800000| Untracked 
|  69|0x0000000712a00000, 0x0000000712a00000, 0x0000000712c00000|  0%| F|  |TAMS 0x0000000712a00000, 0x0000000712a00000| Untracked 
|  70|0x0000000712c00000, 0x0000000712c00000, 0x0000000712e00000|  0%| F|  |TAMS 0x0000000712c00000, 0x0000000712c00000| Untracked 
|  71|0x0000000712e00000, 0x0000000712e00000, 0x0000000713000000|  0%| F|  |TAMS 0x0000000712e00000, 0x0000000712e00000| Untracked 
|  72|0x0000000713000000, 0x0000000713000000, 0x0000000713200000|  0%| F|  |TAMS 0x0000000713000000, 0x0000000713000000| Untracked 
|  73|0x0000000713200000, 0x0000000713200000, 0x0000000713400000|  0%| F|  |TAMS 0x0000000713200000, 0x0000000713200000| Untracked 
|  74|0x0000000713400000, 0x0000000713400000, 0x0000000713600000|  0%| F|  |TAMS 0x0000000713400000, 0x0000000713400000| Untracked 
|  75|0x0000000713600000, 0x0000000713600000, 0x0000000713800000|  0%| F|  |TAMS 0x0000000713600000, 0x0000000713600000| Untracked 
|  76|0x0000000713800000, 0x0000000713800000, 0x0000000713a00000|  0%| F|  |TAMS 0x0000000713800000, 0x0000000713800000| Untracked 
|  77|0x0000000713a00000, 0x0000000713a00000, 0x0000000713c00000|  0%| F|  |TAMS 0x0000000713a00000, 0x0000000713a00000| Untracked 
|  78|0x0000000713c00000, 0x0000000713c00000, 0x0000000713e00000|  0%| F|  |TAMS 0x0000000713c00000, 0x0000000713c00000| Untracked 
|  79|0x0000000713e00000, 0x0000000713e00000, 0x0000000714000000|  0%| F|  |TAMS 0x0000000713e00000, 0x0000000713e00000| Untracked 
|  80|0x0000000714000000, 0x0000000714000000, 0x0000000714200000|  0%| F|  |TAMS 0x0000000714000000, 0x0000000714000000| Untracked 
|  81|0x0000000714200000, 0x0000000714200000, 0x0000000714400000|  0%| F|  |TAMS 0x0000000714200000, 0x0000000714200000| Untracked 
|  82|0x0000000714400000, 0x0000000714400000, 0x0000000714600000|  0%| F|  |TAMS 0x0000000714400000, 0x0000000714400000| Untracked 
|  83|0x0000000714600000, 0x0000000714600000, 0x0000000714800000|  0%| F|  |TAMS 0x0000000714600000, 0x0000000714600000| Untracked 
|  84|0x0000000714800000, 0x0000000714800000, 0x0000000714a00000|  0%| F|  |TAMS 0x0000000714800000, 0x0000000714800000| Untracked 
|  85|0x0000000714a00000, 0x0000000714a00000, 0x0000000714c00000|  0%| F|  |TAMS 0x0000000714a00000, 0x0000000714a00000| Untracked 
|  86|0x0000000714c00000, 0x0000000714c00000, 0x0000000714e00000|  0%| F|  |TAMS 0x0000000714c00000, 0x0000000714c00000| Untracked 
|  87|0x0000000714e00000, 0x0000000714e00000, 0x0000000715000000|  0%| F|  |TAMS 0x0000000714e00000, 0x0000000714e00000| Untracked 
|  88|0x0000000715000000, 0x0000000715000000, 0x0000000715200000|  0%| F|  |TAMS 0x0000000715000000, 0x0000000715000000| Untracked 
|  89|0x0000000715200000, 0x0000000715200000, 0x0000000715400000|  0%| F|  |TAMS 0x0000000715200000, 0x0000000715200000| Untracked 
|  90|0x0000000715400000, 0x0000000715400000, 0x0000000715600000|  0%| F|  |TAMS 0x0000000715400000, 0x0000000715400000| Untracked 
|  91|0x0000000715600000, 0x0000000715600000, 0x0000000715800000|  0%| F|  |TAMS 0x0000000715600000, 0x0000000715600000| Untracked 
|  92|0x0000000715800000, 0x0000000715800000, 0x0000000715a00000|  0%| F|  |TAMS 0x0000000715800000, 0x0000000715800000| Untracked 
|  93|0x0000000715a00000, 0x0000000715a00000, 0x0000000715c00000|  0%| F|  |TAMS 0x0000000715a00000, 0x0000000715a00000| Untracked 
|  94|0x0000000715c00000, 0x0000000715c00000, 0x0000000715e00000|  0%| F|  |TAMS 0x0000000715c00000, 0x0000000715c00000| Untracked 
|  95|0x0000000715e00000, 0x0000000715e00000, 0x0000000716000000|  0%| F|  |TAMS 0x0000000715e00000, 0x0000000715e00000| Untracked 
|  96|0x0000000716000000, 0x0000000716000000, 0x0000000716200000|  0%| F|  |TAMS 0x0000000716000000, 0x0000000716000000| Untracked 
|  97|0x0000000716200000, 0x0000000716200000, 0x0000000716400000|  0%| F|  |TAMS 0x0000000716200000, 0x0000000716200000| Untracked 
|  98|0x0000000716400000, 0x0000000716400000, 0x0000000716600000|  0%| F|  |TAMS 0x0000000716400000, 0x0000000716400000| Untracked 
|  99|0x0000000716600000, 0x0000000716600000, 0x0000000716800000|  0%| F|  |TAMS 0x0000000716600000, 0x0000000716600000| Untracked 
| 100|0x0000000716800000, 0x0000000716800000, 0x0000000716a00000|  0%| F|  |TAMS 0x0000000716800000, 0x0000000716800000| Untracked 
| 101|0x0000000716a00000, 0x0000000716a00000, 0x0000000716c00000|  0%| F|  |TAMS 0x0000000716a00000, 0x0000000716a00000| Untracked 
| 102|0x0000000716c00000, 0x0000000716c00000, 0x0000000716e00000|  0%| F|  |TAMS 0x0000000716c00000, 0x0000000716c00000| Untracked 
| 103|0x0000000716e00000, 0x0000000716e00000, 0x0000000717000000|  0%| F|  |TAMS 0x0000000716e00000, 0x0000000716e00000| Untracked 
| 104|0x0000000717000000, 0x0000000717000000, 0x0000000717200000|  0%| F|  |TAMS 0x0000000717000000, 0x0000000717000000| Untracked 
| 105|0x0000000717200000, 0x0000000717200000, 0x0000000717400000|  0%| F|  |TAMS 0x0000000717200000, 0x0000000717200000| Untracked 
| 106|0x0000000717400000, 0x0000000717400000, 0x0000000717600000|  0%| F|  |TAMS 0x0000000717400000, 0x0000000717400000| Untracked 
| 107|0x0000000717600000, 0x0000000717600000, 0x0000000717800000|  0%| F|  |TAMS 0x0000000717600000, 0x0000000717600000| Untracked 
| 108|0x0000000717800000, 0x0000000717800000, 0x0000000717a00000|  0%| F|  |TAMS 0x0000000717800000, 0x0000000717800000| Untracked 
| 109|0x0000000717a00000, 0x0000000717a00000, 0x0000000717c00000|  0%| F|  |TAMS 0x0000000717a00000, 0x0000000717a00000| Untracked 
| 110|0x0000000717c00000, 0x0000000717dda580, 0x0000000717e00000| 92%| E|  |TAMS 0x0000000717c00000, 0x0000000717c00000| Complete 
| 111|0x0000000717e00000, 0x0000000718000000, 0x0000000718000000|100%| E|CS|TAMS 0x0000000717e00000, 0x0000000717e00000| Complete 
| 112|0x0000000718000000, 0x0000000718200000, 0x0000000718200000|100%| E|CS|TAMS 0x0000000718000000, 0x0000000718000000| Complete 
| 113|0x0000000718200000, 0x0000000718400000, 0x0000000718400000|100%| E|CS|TAMS 0x0000000718200000, 0x0000000718200000| Complete 
| 114|0x0000000718400000, 0x0000000718600000, 0x0000000718600000|100%| E|CS|TAMS 0x0000000718400000, 0x0000000718400000| Complete 
| 115|0x0000000718600000, 0x0000000718800000, 0x0000000718800000|100%| E|CS|TAMS 0x0000000718600000, 0x0000000718600000| Complete 
| 116|0x0000000718800000, 0x0000000718a00000, 0x0000000718a00000|100%| E|CS|TAMS 0x0000000718800000, 0x0000000718800000| Complete 
| 117|0x0000000718a00000, 0x0000000718c00000, 0x0000000718c00000|100%| E|CS|TAMS 0x0000000718a00000, 0x0000000718a00000| Complete 
| 118|0x0000000718c00000, 0x0000000718e00000, 0x0000000718e00000|100%| E|CS|TAMS 0x0000000718c00000, 0x0000000718c00000| Complete 
| 119|0x0000000718e00000, 0x0000000718eeb1b8, 0x0000000719000000| 45%| S|CS|TAMS 0x0000000718e00000, 0x0000000718e00000| Complete 
| 120|0x0000000719000000, 0x0000000719200000, 0x0000000719200000|100%| E|CS|TAMS 0x0000000719000000, 0x0000000719000000| Complete 
| 121|0x0000000719200000, 0x0000000719400000, 0x0000000719400000|100%| E|CS|TAMS 0x0000000719200000, 0x0000000719200000| Complete 
| 122|0x0000000719400000, 0x0000000719600000, 0x0000000719600000|100%| E|CS|TAMS 0x0000000719400000, 0x0000000719400000| Complete 

Card table byte_map: [0x000001fd6d500000,0x000001fd6dcb0000] _byte_map_base: 0x000001fd69cb0000

Marking Bits (Prev, Next): (CMBitMap*) 0x000001fd55a4a090, (CMBitMap*) 0x000001fd55a4a0d0
 Prev Bits: [0x000001fd6e460000, 0x000001fd721e0000)
 Next Bits: [0x000001fd721e0000, 0x000001fd75f60000)

Polling page: 0x000001fd53a00000

Metaspace:

Usage:
  Non-class:      9.49 MB used.
      Class:    737.98 KB used.
       Both:     10.21 MB used.

Virtual space:
  Non-class space:       16.00 MB reserved,       9.56 MB ( 60%) committed,  2 nodes.
      Class space:        1.00 GB reserved,     832.00 KB ( <1%) committed,  1 nodes.
             Both:        1.02 GB reserved,      10.38 MB ( <1%) committed. 

Chunk freelists:
   Non-Class:  581.00 KB
       Class:  3.17 MB
        Both:  3.74 MB

MaxMetaspaceSize: unlimited
CompressedClassSpaceSize: 1.00 GB
Initial GC threshold: 21.00 MB
Current GC threshold: 21.00 MB
CDS: on
MetaspaceReclaimPolicy: balanced
 - commit_granule_bytes: 65536.
 - commit_granule_words: 8192.
 - virtual_space_node_default_size: 1048576.
 - enlarge_chunks_in_place: 1.
 - new_chunks_are_fully_committed: 0.
 - uncommit_free_chunks: 1.
 - use_allocation_guard: 0.
 - handle_deallocations: 1.


Internal statistics:

num_allocs_failed_limit: 0.
num_arena_births: 48.
num_arena_deaths: 0.
num_vsnodes_births: 3.
num_vsnodes_deaths: 0.
num_space_committed: 164.
num_space_uncommitted: 0.
num_chunks_returned_to_freelist: 0.
num_chunks_taken_from_freelist: 335.
num_chunk_merges: 0.
num_chunk_splits: 280.
num_chunks_enlarged: 250.
num_purges: 0.
num_inconsistent_stats: 0.

CodeHeap 'non-profiled nmethods': size=119168Kb used=2070Kb max_used=2070Kb free=117097Kb
 bounds [0x000001fd65060000, 0x000001fd652d0000, 0x000001fd6c4c0000]
CodeHeap 'profiled nmethods': size=119104Kb used=4354Kb max_used=4354Kb free=114749Kb
 bounds [0x000001fd5dc10000, 0x000001fd5e060000, 0x000001fd65060000]
CodeHeap 'non-nmethods': size=7488Kb used=1669Kb max_used=3382Kb free=5819Kb
 bounds [0x000001fd5d4c0000, 0x000001fd5d820000, 0x000001fd5dc10000]
 total_blobs=3501 nmethods=2391 adapters=1022
 compilation: enabled
              stopped_count=0, restarted_count=0
 full_count=0

Compilation events (20 events):
Event: 1732.252 Thread 0x000001fd78f2dbc0 2390   !   3       com.badlogic.gdx.backends.lwjgl3.Lwjgl3Window::requestRendering (20 bytes)
Event: 1732.252 Thread 0x000001fd78f2dbc0 nmethod 2390 0x000001fd5e049390 code [0x000001fd5e049520, 0x000001fd5e049718]
Event: 1732.583 Thread 0x000001fd78f2dbc0 2391       3       org.lwjgl.system.dyncall.DynCallback::dcbArgPointer (16 bytes)
Event: 1732.584 Thread 0x000001fd78f2dbc0 nmethod 2391 0x000001fd5e049810 code [0x000001fd5e0499c0, 0x000001fd5e049c58]
Event: 1732.667 Thread 0x000001fd78f2dbc0 2393  s    3       com.badlogic.gdx.InputEventQueue::next (162 bytes)
Event: 1732.668 Thread 0x000001fd78f2dbc0 nmethod 2393 0x000001fd5e049d90 code [0x000001fd5e049f80, 0x000001fd5e04a5a8]
Event: 1732.718 Thread 0x000001fd78f2dbc0 2394       1       com.badlogic.gdx.scenes.scene2d.InputEvent::getType (5 bytes)
Event: 1732.718 Thread 0x000001fd78f2dbc0 nmethod 2394 0x000001fd65265790 code [0x000001fd65265920, 0x000001fd652659f8]
Event: 1732.952 Thread 0x000001fd78f2dbc0 2395       3       com.badlogic.gdx.InputEventQueue::queueTime (22 bytes)
Event: 1732.953 Thread 0x000001fd78f2dbc0 nmethod 2395 0x000001fd5e04a790 code [0x000001fd5e04a940, 0x000001fd5e04ab18]
Event: 1733.067 Thread 0x000001fd78f2dbc0 2396   !   3       com.badlogic.gdx.scenes.scene2d.Actor::fire (294 bytes)
Event: 1733.069 Thread 0x000001fd78f2dbc0 nmethod 2396 0x000001fd5e04ac10 code [0x000001fd5e04afa0, 0x000001fd5e04d008]
Event: 1733.117 Thread 0x000001fd78f2dbc0 2399  s    3       com.badlogic.gdx.InputEventQueue::mouseMoved (83 bytes)
Event: 1733.118 Thread 0x000001fd78f2dbc0 nmethod 2399 0x000001fd5e04d990 code [0x000001fd5e04dbe0, 0x000001fd5e04e1c8]
Event: 1733.118 Thread 0x000001fd78f2dbc0 2397       3       org.lwjgl.glfw.GLFWCursorPosCallbackI::callback (19 bytes)
Event: 1733.118 Thread 0x000001fd78f2dbc0 nmethod 2397 0x000001fd5e04e510 code [0x000001fd5e04e760, 0x000001fd5e04ef68]
Event: 1733.118 Thread 0x000001fd78f2dbc0 2398       3       com.badlogic.gdx.backends.lwjgl3.DefaultLwjgl3Input$4::invoke (302 bytes)
Event: 1733.120 Thread 0x000001fd78f2dbc0 nmethod 2398 0x000001fd5e04f290 code [0x000001fd5e04f4c0, 0x000001fd5e04fcd8]
Event: 1733.120 Thread 0x000001fd78f2dbc0 2400       3       com.badlogic.gdx.scenes.scene2d.Actor::stageToLocalCoordinates (24 bytes)
Event: 1733.120 Thread 0x000001fd78f2dbc0 nmethod 2400 0x000001fd5e050110 code [0x000001fd5e0502e0, 0x000001fd5e0507c8]

GC Heap History (6 events):
Event: 1.503 GC heap before
{Heap before GC invocations=0 (full 0):
 garbage-first heap   total 251904K, used 22528K [0x000000070a000000, 0x0000000800000000)
  region size 2048K, 11 young (22528K), 0 survivors (0K)
 Metaspace       used 7053K, committed 7232K, reserved 1064960K
  class space    used 427K, committed 512K, reserved 1048576K
}
Event: 1.507 GC heap after
{Heap after GC invocations=1 (full 0):
 garbage-first heap   total 251904K, used 2630K [0x000000070a000000, 0x0000000800000000)
  region size 2048K, 2 young (4096K), 2 survivors (4096K)
 Metaspace       used 7053K, committed 7232K, reserved 1064960K
  class space    used 427K, committed 512K, reserved 1048576K
}
Event: 5.543 GC heap before
{Heap before GC invocations=1 (full 0):
 garbage-first heap   total 251904K, used 43590K [0x000000070a000000, 0x0000000800000000)
  region size 2048K, 19 young (38912K), 2 survivors (4096K)
 Metaspace       used 9668K, committed 9792K, reserved 1064960K
  class space    used 671K, committed 704K, reserved 1048576K
}
Event: 5.559 GC heap after
{Heap after GC invocations=2 (full 0):
 garbage-first heap   total 251904K, used 24395K [0x000000070a000000, 0x0000000800000000)
  region size 2048K, 3 young (6144K), 3 survivors (6144K)
 Metaspace       used 9668K, committed 9792K, reserved 1064960K
  class space    used 671K, committed 704K, reserved 1048576K
}
Event: 8.534 GC heap before
{Heap before GC invocations=2 (full 0):
 garbage-first heap   total 251904K, used 36683K [0x000000070a000000, 0x0000000800000000)
  region size 2048K, 6 young (12288K), 3 survivors (6144K)
 Metaspace       used 9813K, committed 9856K, reserved 1064960K
  class space    used 675K, committed 704K, reserved 1048576K
}
Event: 8.544 GC heap after
{Heap after GC invocations=3 (full 0):
 garbage-first heap   total 251904K, used 32357K [0x000000070a000000, 0x0000000800000000)
  region size 2048K, 1 young (2048K), 1 survivors (2048K)
 Metaspace       used 9813K, committed 9856K, reserved 1064960K
  class space    used 675K, committed 704K, reserved 1048576K
}

Deoptimization events (20 events):
Event: 1733.284 Thread 0x000001fd538abfa0 Uncommon trap: trap_request=0xffffff45 fr.pc=0x000001fd65210434 relative=0x0000000000000234
Event: 1733.284 Thread 0x000001fd538abfa0 Uncommon trap: reason=unstable_if action=reinterpret pc=0x000001fd65210434 method=com.badlogic.gdx.utils.SnapshotArray.end()V @ 18 c2
Event: 1733.284 Thread 0x000001fd538abfa0 DEOPT PACKING pc=0x000001fd65210434 sp=0x000000f73fefe520
Event: 1733.284 Thread 0x000001fd538abfa0 DEOPT UNPACKING pc=0x000001fd5d5123a3 sp=0x000000f73fefe4d0 mode 2
Event: 1733.284 Thread 0x000001fd538abfa0 Uncommon trap: trap_request=0xffffff45 fr.pc=0x000001fd65221eb0 relative=0x00000000000016b0
Event: 1733.284 Thread 0x000001fd538abfa0 Uncommon trap: reason=unstable_if action=reinterpret pc=0x000001fd65221eb0 method=com.badlogic.gdx.scenes.scene2d.Stage.act(F)V @ 32 c2
Event: 1733.284 Thread 0x000001fd538abfa0 DEOPT PACKING pc=0x000001fd65221eb0 sp=0x000000f73fefe5a0
Event: 1733.284 Thread 0x000001fd538abfa0 DEOPT UNPACKING pc=0x000001fd5d5123a3 sp=0x000000f73fefe590 mode 2
Event: 1733.300 Thread 0x000001fd538abfa0 Uncommon trap: trap_request=0xffffff45 fr.pc=0x000001fd65261df8 relative=0x00000000000028d8
Event: 1733.300 Thread 0x000001fd538abfa0 Uncommon trap: reason=unstable_if action=reinterpret pc=0x000001fd65261df8 method=com.badlogic.gdx.backends.lwjgl3.Lwjgl3Application.loop()V @ 12 c2
Event: 1733.300 Thread 0x000001fd538abfa0 DEOPT PACKING pc=0x000001fd65261df8 sp=0x000000f73fefe720
Event: 1733.300 Thread 0x000001fd538abfa0 DEOPT UNPACKING pc=0x000001fd5d5123a3 sp=0x000000f73fefe6e0 mode 2
Event: 1733.504 Thread 0x000001fd538abfa0 Uncommon trap: trap_request=0xffffff45 fr.pc=0x000001fd6522c308 relative=0x0000000000000ea8
Event: 1733.504 Thread 0x000001fd538abfa0 Uncommon trap: reason=unstable_if action=reinterpret pc=0x000001fd6522c308 method=com.badlogic.gdx.scenes.scene2d.utils.ClickListener.isVisualPressed()Z @ 15 c2
Event: 1733.504 Thread 0x000001fd538abfa0 DEOPT PACKING pc=0x000001fd6522c308 sp=0x000000f73fefeb60
Event: 1733.504 Thread 0x000001fd538abfa0 DEOPT UNPACKING pc=0x000001fd5d5123a3 sp=0x000000f73fefea18 mode 2
Event: 1733.504 Thread 0x000001fd538abfa0 Uncommon trap: trap_request=0xffffff45 fr.pc=0x000001fd6522eeb4 relative=0x0000000000000cf4
Event: 1733.504 Thread 0x000001fd538abfa0 Uncommon trap: reason=unstable_if action=reinterpret pc=0x000001fd6522eeb4 method=com.badlogic.gdx.scenes.scene2d.ui.Button.getBackgroundDrawable()Lcom/badlogic/gdx/scenes/scene2d/utils/Drawable; @ 134 c2
Event: 1733.504 Thread 0x000001fd538abfa0 DEOPT PACKING pc=0x000001fd6522eeb4 sp=0x000000f73fefead0
Event: 1733.504 Thread 0x000001fd538abfa0 DEOPT UNPACKING pc=0x000001fd5d5123a3 sp=0x000000f73fefea38 mode 2

Classes unloaded (0 events):
No events

Classes redefined (0 events):
No events

Internal exceptions (20 events):
Event: 0.316 Thread 0x000001fd538abfa0 Exception <a 'java/lang/NoSuchMethodError'{0x00000007191cf770}: 'void java.lang.invoke.DirectMethodHandle$Holder.invokeStatic(java.lang.Object, java.lang.Object)'> (0x00000007191cf770) 
thrown [e:\jenkins\tmp\workspace\build\src\src\hotspot\share\interpreter\linkResolver.cpp, line 766]
Event: 0.318 Thread 0x000001fd538abfa0 Exception <a 'java/lang/NoSuchMethodError'{0x00000007191d4fb8}: 'void java.lang.invoke.DirectMethodHandle$Holder.invokeSpecial(java.lang.Object, java.lang.Object, java.lang.Object)'> (0x00000007191d4fb8) 
thrown [e:\jenkins\tmp\workspace\build\src\src\hotspot\share\interpreter\linkResolver.cpp, line 766]
Event: 0.322 Thread 0x000001fd538abfa0 Exception <a 'java/lang/NoSuchMethodError'{0x00000007191e85e0}: 'java.lang.Object java.lang.invoke.DirectMethodHandle$Holder.invokeStatic(java.lang.Object, java.lang.Object, int)'> (0x00000007191e85e0) 
thrown [e:\jenkins\tmp\workspace\build\src\src\hotspot\share\interpreter\linkResolver.cpp, line 766]
Event: 0.326 Thread 0x000001fd538abfa0 Exception <a 'java/lang/NoSuchMethodError'{0x00000007191f4350}: 'void java.lang.invoke.DelegatingMethodHandle$Holder.delegate(java.lang.Object, java.lang.Object, int, java.lang.Object)'> (0x00000007191f4350) 
thrown [e:\jenkins\tmp\workspace\build\src\src\hotspot\share\interpreter\linkResolver.cpp, line 766]
Event: 0.327 Thread 0x000001fd538abfa0 Exception <a 'java/lang/NoSuchMethodError'{0x00000007191f8590}: 'int java.lang.invoke.DirectMethodHandle$Holder.invokeSpecial(java.lang.Object, java.lang.Object, java.lang.Object)'> (0x00000007191f8590) 
thrown [e:\jenkins\tmp\workspace\build\src\src\hotspot\share\interpreter\linkResolver.cpp, line 766]
Event: 0.381 Thread 0x000001fd538abfa0 Exception <a 'sun/nio/fs/WindowsException'{0x0000000718e9f5d8}> (0x0000000718e9f5d8) 
thrown [e:\jenkins\tmp\workspace\build\src\src\hotspot\share\prims\jni.cpp, line 516]
Event: 0.381 Thread 0x000001fd538abfa0 Exception <a 'sun/nio/fs/WindowsException'{0x0000000718e9fb30}> (0x0000000718e9fb30) 
thrown [e:\jenkins\tmp\workspace\build\src\src\hotspot\share\prims\jni.cpp, line 516]
Event: 0.421 Thread 0x000001fd538abfa0 Exception <a 'sun/nio/fs/WindowsException'{0x0000000718f8e540}> (0x0000000718f8e540) 
thrown [e:\jenkins\tmp\workspace\build\src\src\hotspot\share\prims\jni.cpp, line 516]
Event: 0.421 Thread 0x000001fd538abfa0 Exception <a 'sun/nio/fs/WindowsException'{0x0000000718f8e8e0}> (0x0000000718f8e8e0) 
thrown [e:\jenkins\tmp\workspace\build\src\src\hotspot\share\prims\jni.cpp, line 516]
Event: 0.451 Thread 0x000001fd538abfa0 Exception <a 'sun/nio/fs/WindowsException'{0x0000000718c3d1b0}> (0x0000000718c3d1b0) 
thrown [e:\jenkins\tmp\workspace\build\src\src\hotspot\share\prims\jni.cpp, line 516]
Event: 0.451 Thread 0x000001fd538abfa0 Exception <a 'sun/nio/fs/WindowsException'{0x0000000718c3d520}> (0x0000000718c3d520) 
thrown [e:\jenkins\tmp\workspace\build\src\src\hotspot\share\prims\jni.cpp, line 516]
Event: 0.523 Thread 0x000001fd538abfa0 Exception <a 'sun/nio/fs/WindowsException'{0x0000000718cc2898}> (0x0000000718cc2898) 
thrown [e:\jenkins\tmp\workspace\build\src\src\hotspot\share\prims\jni.cpp, line 516]
Event: 0.523 Thread 0x000001fd538abfa0 Exception <a 'sun/nio/fs/WindowsException'{0x0000000718cc2c20}> (0x0000000718cc2c20) 
thrown [e:\jenkins\tmp\workspace\build\src\src\hotspot\share\prims\jni.cpp, line 516]
Event: 1.144 Thread 0x000001fd538abfa0 Exception <a 'sun/nio/fs/WindowsException'{0x0000000718aa6438}> (0x0000000718aa6438) 
thrown [e:\jenkins\tmp\workspace\build\src\src\hotspot\share\prims\jni.cpp, line 516]
Event: 1.145 Thread 0x000001fd538abfa0 Exception <a 'sun/nio/fs/WindowsException'{0x0000000718aa67e8}> (0x0000000718aa67e8) 
thrown [e:\jenkins\tmp\workspace\build\src\src\hotspot\share\prims\jni.cpp, line 516]
Event: 1.150 Thread 0x000001fd538abfa0 Exception <a 'sun/nio/fs/WindowsException'{0x0000000718ab2980}> (0x0000000718ab2980) 
thrown [e:\jenkins\tmp\workspace\build\src\src\hotspot\share\prims\jni.cpp, line 516]
Event: 1.151 Thread 0x000001fd538abfa0 Exception <a 'sun/nio/fs/WindowsException'{0x0000000718ab2c68}> (0x0000000718ab2c68) 
thrown [e:\jenkins\tmp\workspace\build\src\src\hotspot\share\prims\jni.cpp, line 516]
Event: 5.447 Thread 0x000001fd538abfa0 Implicit null exception at 0x000001fd650cd1b0 to 0x000001fd650cd388
Event: 5.472 Thread 0x000001fd538abfa0 Implicit null exception at 0x000001fd650d98bf to 0x000001fd650d999c
Event: 11.687 Thread 0x000001fd0ab34990 Implicit null exception at 0x000001fd650d025f to 0x000001fd650d031c

VM Operations (20 events):
Event: 27.553 Executing VM operation: Cleanup
Event: 27.553 Executing VM operation: Cleanup done
Event: 30.587 Executing VM operation: HandshakeAllThreads
Event: 30.587 Executing VM operation: HandshakeAllThreads done
Event: 31.587 Executing VM operation: Cleanup
Event: 31.587 Executing VM operation: Cleanup done
Event: 33.588 Executing VM operation: Cleanup
Event: 33.588 Executing VM operation: Cleanup done
Event: 48.596 Executing VM operation: Cleanup
Event: 48.596 Executing VM operation: Cleanup done
Event: 52.598 Executing VM operation: Cleanup
Event: 52.598 Executing VM operation: Cleanup done
Event: 99.617 Executing VM operation: Cleanup
Event: 99.617 Executing VM operation: Cleanup done
Event: 102.619 Executing VM operation: Cleanup
Event: 102.619 Executing VM operation: Cleanup done
Event: 108.622 Executing VM operation: Cleanup
Event: 108.622 Executing VM operation: Cleanup done
Event: 1732.603 Executing VM operation: Cleanup
Event: 1732.603 Executing VM operation: Cleanup done

Events (20 events):
Event: 12.088 loading class jdk/internal/reflect/Label$PatchInfo
Event: 12.088 loading class jdk/internal/reflect/Label$PatchInfo done
Event: 12.088 loading class jdk/internal/reflect/MethodAccessorGenerator$1
Event: 12.088 loading class jdk/internal/reflect/MethodAccessorGenerator$1 done
Event: 12.088 loading class jdk/internal/reflect/ClassDefiner
Event: 12.088 loading class jdk/internal/reflect/ClassDefiner done
Event: 12.088 loading class jdk/internal/reflect/ClassDefiner$1
Event: 12.088 loading class jdk/internal/reflect/ClassDefiner$1 done
Event: 12.089 loading class jdk/internal/reflect/BootstrapConstructorAccessorImpl
Event: 12.089 loading class jdk/internal/reflect/BootstrapConstructorAccessorImpl done
Event: 12.194 Thread 0x000001fd04243ec0 Thread exited: 0x000001fd04243ec0
Event: 12.194 Thread 0x000001fd0ab34990 Thread exited: 0x000001fd0ab34990
Event: 12.837 Thread 0x000001fd7a231500 Thread exited: 0x000001fd7a231500
Event: 12.965 Thread 0x000001fd79eb4ee0 Thread exited: 0x000001fd79eb4ee0
Event: 14.997 Thread 0x000001fd79eb4a10 Thread added: 0x000001fd79eb4a10
Event: 16.273 Thread 0x000001fd79a32070 Thread added: 0x000001fd79a32070
Event: 16.273 Thread 0x000001fd0bf55a50 Thread added: 0x000001fd0bf55a50
Event: 16.429 Thread 0x000001fd0bf55a50 Thread exited: 0x000001fd0bf55a50
Event: 16.430 Thread 0x000001fd79a32070 Thread exited: 0x000001fd79a32070
Event: 17.397 Thread 0x000001fd78ef1cb0 Thread exited: 0x000001fd78ef1cb0


Dynamic libraries:
0x00007ff7d8a20000 - 0x00007ff7d8a2e000 	C:\Program Files\Eclipse Adoptium\jdk-17.0.1.12-hotspot\bin\java.exe
0x00007ffdc5cd0000 - 0x00007ffdc5ec5000 	C:\Windows\SYSTEM32\ntdll.dll
0x00007ffdc4060000 - 0x00007ffdc411d000 	C:\Windows\System32\KERNEL32.DLL
0x00007ffdc3720000 - 0x00007ffdc39ed000 	C:\Windows\System32\KERNELBASE.dll
0x00007ffdc33b0000 - 0x00007ffdc34b0000 	C:\Windows\System32\ucrtbase.dll
0x00007ffdb62b0000 - 0x00007ffdb62c9000 	C:\Program Files\Eclipse Adoptium\jdk-17.0.1.12-hotspot\bin\VCRUNTIME140.dll
0x00007ffdbee20000 - 0x00007ffdbee38000 	C:\Program Files\Eclipse Adoptium\jdk-17.0.1.12-hotspot\bin\jli.dll
0x00007ffdc5530000 - 0x00007ffdc56d0000 	C:\Windows\System32\USER32.dll
0x00007ffdc3c20000 - 0x00007ffdc3c42000 	C:\Windows\System32\win32u.dll
0x00007ffdc5bd0000 - 0x00007ffdc5bfa000 	C:\Windows\System32\GDI32.dll
0x00007ffdad620000 - 0x00007ffdad8ba000 	C:\Windows\WinSxS\amd64_microsoft.windows.common-controls_6595b64144ccf1df_6.0.19041.1110_none_60b5254171f9507e\COMCTL32.dll
0x00007ffdc3610000 - 0x00007ffdc371b000 	C:\Windows\System32\gdi32full.dll
0x00007ffdc5190000 - 0x00007ffdc522e000 	C:\Windows\System32\msvcrt.dll
0x00007ffdc39f0000 - 0x00007ffdc3a8d000 	C:\Windows\System32\msvcp_win.dll
0x00007ffdc4eb0000 - 0x00007ffdc4ee0000 	C:\Windows\System32\IMM32.DLL
0x00007ffdbede0000 - 0x00007ffdbedec000 	C:\Program Files\Eclipse Adoptium\jdk-17.0.1.12-hotspot\bin\vcruntime140_1.dll
0x00007ffda3a00000 - 0x00007ffda3a91000 	C:\Program Files\Eclipse Adoptium\jdk-17.0.1.12-hotspot\bin\msvcp140.dll
0x00007ffd3f030000 - 0x00007ffd3fc76000 	C:\Program Files\Eclipse Adoptium\jdk-17.0.1.12-hotspot\bin\server\jvm.dll
0x00007ffdc3fb0000 - 0x00007ffdc405e000 	C:\Windows\System32\ADVAPI32.dll
0x00007ffdc3e80000 - 0x00007ffdc3f1c000 	C:\Windows\System32\sechost.dll
0x00007ffdc3d50000 - 0x00007ffdc3e75000 	C:\Windows\System32\RPCRT4.dll
0x00007ffdc4ee0000 - 0x00007ffdc4ee8000 	C:\Windows\System32\PSAPI.DLL
0x00007ffda5c00000 - 0x00007ffda5c09000 	C:\Windows\SYSTEM32\WSOCK32.dll
0x00007ffdc52e0000 - 0x00007ffdc534b000 	C:\Windows\System32\WS2_32.dll
0x00007ffdb8890000 - 0x00007ffdb88b7000 	C:\Windows\SYSTEM32\WINMM.dll
0x00007ffdbc260000 - 0x00007ffdbc26a000 	C:\Windows\SYSTEM32\VERSION.dll
0x00007ffdc1c40000 - 0x00007ffdc1c52000 	C:\Windows\SYSTEM32\kernel.appcore.dll
0x00007ffdbe750000 - 0x00007ffdbe75a000 	C:\Program Files\Eclipse Adoptium\jdk-17.0.1.12-hotspot\bin\jimage.dll
0x00007ffdc1a30000 - 0x00007ffdc1c14000 	C:\Windows\SYSTEM32\DBGHELP.DLL
0x00007ffdb8de0000 - 0x00007ffdb8e0c000 	C:\Windows\SYSTEM32\dbgcore.DLL
0x00007ffdc3a90000 - 0x00007ffdc3b12000 	C:\Windows\System32\bcryptPrimitives.dll
0x00007ffdab4d0000 - 0x00007ffdab4f5000 	C:\Program Files\Eclipse Adoptium\jdk-17.0.1.12-hotspot\bin\java.dll
0x00007ffd63c40000 - 0x00007ffd63d16000 	C:\Program Files\Eclipse Adoptium\jdk-17.0.1.12-hotspot\bin\svml.dll
0x00007ffdc4120000 - 0x00007ffdc4864000 	C:\Windows\System32\SHELL32.dll
0x00007ffdc1150000 - 0x00007ffdc18e4000 	C:\Windows\SYSTEM32\windows.storage.dll
0x00007ffdc5870000 - 0x00007ffdc5bc4000 	C:\Windows\System32\combase.dll
0x00007ffdc2e10000 - 0x00007ffdc2e3c000 	C:\Windows\SYSTEM32\Wldp.dll
0x00007ffdc5230000 - 0x00007ffdc52dd000 	C:\Windows\System32\SHCORE.dll
0x00007ffdc3cf0000 - 0x00007ffdc3d45000 	C:\Windows\System32\shlwapi.dll
0x00007ffdc32f0000 - 0x00007ffdc330f000 	C:\Windows\SYSTEM32\profapi.dll
0x00007ffdaace0000 - 0x00007ffdaacf9000 	C:\Program Files\Eclipse Adoptium\jdk-17.0.1.12-hotspot\bin\net.dll
0x00007ffdb4be0000 - 0x00007ffdb4cea000 	C:\Windows\SYSTEM32\WINHTTP.dll
0x00007ffdc2b70000 - 0x00007ffdc2bda000 	C:\Windows\system32\mswsock.dll
0x00007ffdaacc0000 - 0x00007ffdaacd5000 	C:\Program Files\Eclipse Adoptium\jdk-17.0.1.12-hotspot\bin\nio.dll
0x00007ffdaa3b0000 - 0x00007ffdaa3c8000 	C:\Program Files\Eclipse Adoptium\jdk-17.0.1.12-hotspot\bin\zip.dll
0x000000006e700000 - 0x000000006e72a000 	C:\Users\grado\AppData\Local\Temp\libgdxgrado\e1cd32f8\gdx64.dll
0x00007ffd9ef50000 - 0x00007ffd9efb4000 	C:\Users\grado\AppData\Local\Temp\lwjglgrado\3.2.3-build-13\lwjgl.dll
0x00007ffd62f50000 - 0x00007ffd631a3000 	C:\Users\grado\AppData\Local\Temp\lwjglgrado\3.2.3-build-13\jemalloc.dll
0x00007ffd93360000 - 0x00007ffd933c2000 	C:\Users\grado\AppData\Local\Temp\lwjglgrado\3.2.3-build-13\glfw.dll
0x00007ffdc0870000 - 0x00007ffdc090e000 	C:\Windows\system32\uxtheme.dll
0x00007ffda3f00000 - 0x00007ffda3f45000 	C:\Windows\SYSTEM32\dinput8.dll
0x00007ffda9ae0000 - 0x00007ffda9af1000 	C:\Windows\SYSTEM32\xinput1_4.dll
0x00007ffdc3b20000 - 0x00007ffdc3b6e000 	C:\Windows\System32\cfgmgr32.dll
0x00007ffdc3160000 - 0x00007ffdc318c000 	C:\Windows\SYSTEM32\DEVOBJ.dll
0x00007ffdc0a00000 - 0x00007ffdc0a2f000 	C:\Windows\SYSTEM32\dwmapi.dll
0x00007ffda8c80000 - 0x00007ffda8dd2000 	C:\Windows\SYSTEM32\inputhost.dll
0x00007ffdc4d70000 - 0x00007ffdc4e3d000 	C:\Windows\System32\OLEAUT32.dll
0x00007ffdc0500000 - 0x00007ffdc05f2000 	C:\Windows\SYSTEM32\CoreMessaging.dll
0x00007ffdbe990000 - 0x00007ffdbea86000 	C:\Windows\SYSTEM32\PROPSYS.dll
0x00007ffdbfad0000 - 0x00007ffdbfc24000 	C:\Windows\SYSTEM32\wintypes.dll
0x00007ffdc01a0000 - 0x00007ffdc04fe000 	C:\Windows\SYSTEM32\CoreUIComponents.dll
0x00007ffdc20b0000 - 0x00007ffdc20e3000 	C:\Windows\SYSTEM32\ntmarta.dll
0x00007ffdc5750000 - 0x00007ffdc5865000 	C:\Windows\System32\MSCTF.dll
0x00007ffdc18f0000 - 0x00007ffdc18fd000 	C:\Windows\SYSTEM32\HID.DLL
0x00007ffdc4870000 - 0x00007ffdc4ce1000 	C:\Windows\System32\SETUPAPI.DLL
0x00007ffdc3c50000 - 0x00007ffdc3c77000 	C:\Windows\System32\bcrypt.dll
0x00007ffdc3c80000 - 0x00007ffdc3ce8000 	C:\Windows\System32\WINTRUST.dll
0x00007ffdc34b0000 - 0x00007ffdc3606000 	C:\Windows\System32\CRYPT32.dll
0x00007ffdc2fa0000 - 0x00007ffdc2fb2000 	C:\Windows\SYSTEM32\MSASN1.dll
0x00007ffd63370000 - 0x00007ffd6347b000 	C:\Users\grado\AppData\Local\Temp\lwjglgrado\3.2.3-build-13\OpenAL.dll
0x00007ffdc5400000 - 0x00007ffdc552a000 	C:\Windows\System32\ole32.dll
0x00007ffdc5350000 - 0x00007ffdc53f9000 	C:\Windows\System32\clbcatq.dll
0x00007ffdbb510000 - 0x00007ffdbb595000 	C:\Windows\System32\MMDevApi.dll
0x00007ffdbbda0000 - 0x00007ffdbbf22000 	C:\Windows\SYSTEM32\AUDIOSES.DLL
0x00007ffdc2930000 - 0x00007ffdc297b000 	C:\Windows\SYSTEM32\powrprof.dll
0x00007ffdc27f0000 - 0x00007ffdc2802000 	C:\Windows\SYSTEM32\UMPDC.dll
0x00007ffdc0a30000 - 0x00007ffdc0a44000 	C:\Windows\SYSTEM32\resourcepolicyclient.dll
0x00007ffd22910000 - 0x00007ffd22a36000 	C:\Windows\SYSTEM32\opengl32.dll
0x00007ffd228e0000 - 0x00007ffd2290c000 	C:\Windows\SYSTEM32\GLU32.dll
0x00007ffdbc2e0000 - 0x00007ffdbc3d7000 	C:\Windows\System32\AppXDeploymentClient.dll
0x00007ffda9250000 - 0x00007ffda927a000 	C:\Windows\System32\DriverStore\FileRepository\u0361612.inf_amd64_b679e02f70413f9f\B361368\atig6pxx.dll
0x00007ffcfa390000 - 0x00007ffcfd076000 	C:\Windows\System32\DriverStore\FileRepository\u0361612.inf_amd64_b679e02f70413f9f\B361368\atio6axx.dll
0x00007ffd86690000 - 0x00007ffd866b4000 	C:\Windows\SYSTEM32\dxva2.dll
0x00007ffda3c60000 - 0x00007ffda3c9c000 	C:\Windows\System32\DriverStore\FileRepository\u0361612.inf_amd64_b679e02f70413f9f\B361368\atig6txx.dll
0x00007ffd62d90000 - 0x00007ffd62f49000 	C:\Windows\SYSTEM32\atiadlxx.dll
0x00007ffdb9380000 - 0x00007ffdb93bb000 	C:\Windows\SYSTEM32\dxcore.dll
0x00007ffd8a500000 - 0x00007ffd8a559000 	C:\Users\grado\AppData\Local\Temp\lwjglgrado\3.2.3-build-13\lwjgl_opengl.dll
0x00007ffda93b0000 - 0x00007ffda94a9000 	C:\Windows\SYSTEM32\textinputframework.dll
0x00007ffda95f0000 - 0x00007ffda9601000 	C:\Program Files\Eclipse Adoptium\jdk-17.0.1.12-hotspot\bin\jsound.dll
0x00007ffd632d0000 - 0x00007ffd6336c000 	C:\Windows\SYSTEM32\DSOUND.dll
0x00007ffdb3710000 - 0x00007ffdb3736000 	C:\Windows\SYSTEM32\winmmbase.dll
0x00007ffda9b00000 - 0x00007ffda9b46000 	C:\Windows\SYSTEM32\wdmaud.drv
0x00007ffdbde60000 - 0x00007ffdbde69000 	C:\Windows\SYSTEM32\ksuser.dll
0x00007ffdbd880000 - 0x00007ffdbd88a000 	C:\Windows\SYSTEM32\AVRT.dll
0x00007ffdbc5b0000 - 0x00007ffdbc5bd000 	C:\Windows\SYSTEM32\msacm32.drv
0x00007ffdbc630000 - 0x00007ffdbc64e000 	C:\Windows\SYSTEM32\MSACM32.dll
0x00007ffdb6730000 - 0x00007ffdb673b000 	C:\Windows\SYSTEM32\midimap.dll
0x00007ffda8de0000 - 0x00007ffda8f21000 	C:\Windows\System32\Windows.UI.dll
0x00007ffdbd350000 - 0x00007ffdbd3f1000 	C:\Windows\System32\WindowManagementAPI.dll
0x00007ffdbca10000 - 0x00007ffdbcc11000 	C:\Windows\SYSTEM32\twinapi.appcore.dll

dbghelp: loaded successfully - version: 4.0.5 - missing functions: none
symbol engine: initialized successfully - sym options: 0x614 - pdb path: .;C:\Program Files\Eclipse Adoptium\jdk-17.0.1.12-hotspot\bin;C:\Windows\SYSTEM32;C:\Windows\WinSxS\amd64_microsoft.windows.common-controls_6595b64144ccf1df_6.0.19041.1110_none_60b5254171f9507e;C:\Program Files\Eclipse Adoptium\jdk-17.0.1.12-hotspot\bin\server;C:\Users\grado\AppData\Local\Temp\libgdxgrado\e1cd32f8;C:\Users\grado\AppData\Local\Temp\lwjglgrado\3.2.3-build-13;C:\Windows\System32\DriverStore\FileRepository\u0361612.inf_amd64_b679e02f70413f9f\B361368

VM Arguments:
jvm_args: -XX:+ShowCodeDetailsInExceptionMessages 
java_command: com.crazyputting3d.Main
java_class_path (initial): C:\Users\grado\Documents\Group-04\3dcrazyputting\desktop\bin\main;\CrazyPutting3D-core\bin\default;C:\Users\grado\Documents\Group-04\3dcrazyputting\core\bin\main;C:\Users\grado\.gradle\caches\modules-2\files-2.1\com.badlogicgames.gdx\gdx-backend-lwjgl3\1.10.0\600c7d5b2c977daa82c4abad147087b31e0ada87\gdx-backend-lwjgl3-1.10.0.jar;C:\Users\grado\.gradle\caches\modules-2\files-2.1\com.badlogicgames.gdx\gdx-platform\1.10.0\9a8fa793d2fd6d360afc6c9e4c1f5583da263b88\gdx-platform-1.10.0-natives-desktop.jar;C:\Users\grado\.gradle\caches\modules-2\files-2.1\com.badlogicgames.gdx\gdx-bullet-platform\1.10.0\ce92e8dfc762523d769cbc50853163c03bf98cf1\gdx-bullet-platform-1.10.0-natives-desktop.jar;C:\Users\grado\.gradle\caches\modules-2\files-2.1\com.badlogicgames.gdx\gdx-freetype-platform\1.10.0\6e5d28752759e69384f12e4569d2c884ff71352f\gdx-freetype-platform-1.10.0-natives-desktop.jar;C:\Users\grado\.gradle\caches\modules-2\files-2.1\com.badlogicgames.gdx-controllers\gdx-controllers-desktop\2.2.1\cb3430c32468a090eca54d494d16bb3764ceff9b\gdx-controllers-desktop-2.2.1.jar;C:\Users\grado\.gradle\caches\modules-2\files-2.1\org.jetbrains\annotations\20.1.0\2fcd1f3225bca0c4a7bc931142076f8c1e80993f\annotations-20.1.0.jar;C:\Users\grado\.gradle\caches\modules-2\files-2.1\com.badlogicgames.gdx\gdx-bullet\1.10.0\839b58c7278f5c3b55291c3a559d91227400ecdb\gdx-bullet-1.10.0.jar;C:\Users\grado\.gradle\caches\modules-2\files-2.1\com.badlogicgames.gdx\gdx-freetype\1.10.0\de1d0d5c1e92e8d91364256fd6b7bb279d3e9859\gdx-freetype-1.10.0.jar;C:\Users\grado\.gradle\caches\modules-2\files-2.1\com.badlogicgames.gdx\gdx-ai\1.8.2\ab75d2ce80ab1b1ce6828a15dc0f417abac4c674\gdx-ai-1.8.2.jar;C:\Users\grado\.gradle\caches\modules-2\files-2.1\com.badlogicgames.ashley\ashley\1.7.4\21a3a8932919099c4e5006a7d8378dcbe76ef8a5\ashley-1.7.4.jar;C:\Users\grado\.gradle\caches\modules-2\files-2.1\com.badlogicgames.box2dlights\box2dlights\1.5\6902dbcd250c95a27973aa24a147a95b3828d348\box2dlights-1.5.j
Launcher Type: SUN_STANDARD

[Global flags]
     intx CICompilerCount                          = 12                                        {product} {ergonomic}
     uint ConcGCThreads                            = 3                                         {product} {ergonomic}
     uint G1ConcRefinementThreads                  = 13                                        {product} {ergonomic}
   size_t G1HeapRegionSize                         = 2097152                                   {product} {ergonomic}
    uintx GCDrainStackTargetSize                   = 64                                        {product} {ergonomic}
   size_t InitialHeapSize                          = 257949696                                 {product} {ergonomic}
   size_t MarkStackSize                            = 4194304                                   {product} {ergonomic}
   size_t MaxHeapSize                              = 4127195136                                {product} {ergonomic}
   size_t MaxNewSize                               = 2474639360                                {product} {ergonomic}
   size_t MinHeapDeltaBytes                        = 2097152                                   {product} {ergonomic}
   size_t MinHeapSize                              = 8388608                                   {product} {ergonomic}
    uintx NonNMethodCodeHeapSize                   = 7602480                                {pd product} {ergonomic}
    uintx NonProfiledCodeHeapSize                  = 122027880                              {pd product} {ergonomic}
    uintx ProfiledCodeHeapSize                     = 122027880                              {pd product} {ergonomic}
    uintx ReservedCodeCacheSize                    = 251658240                              {pd product} {ergonomic}
     bool SegmentedCodeCache                       = true                                      {product} {ergonomic}
     bool ShowCodeDetailsInExceptionMessages       = true                                   {manageable} {command line}
   size_t SoftMaxHeapSize                          = 4127195136                             {manageable} {ergonomic}
     bool UseCompressedClassPointers               = true                           {product lp64_product} {ergonomic}
     bool UseCompressedOops                        = true                           {product lp64_product} {ergonomic}
     bool UseG1GC                                  = true                                      {product} {ergonomic}
     bool UseLargePagesIndividualAllocation        = false                                  {pd product} {ergonomic}

Logging:
Log output configuration:
 #0: stdout all=warning uptime,level,tags
 #1: stderr all=off uptime,level,tags

Environment Variables:
PATH=C:\Program Files\Common Files\Oracle\Java\javapath;C:\Windows\system32;C:\Windows;C:\Windows\System32\Wbem;C:\Windows\System32\WindowsPowerShell\v1.0\;C:\Windows\System32\OpenSSH\;C:\Program Files (x86)\NVIDIA Corporation\PhysX\Common;C:\Program Files\NVIDIA Corporation\NVIDIA NvDLISR;C:\Program Files\MATLAB\R2022a\bin;C:\Program Files\Gradle\gradle-7.4.2\bin;C:\Program Files\Git\cmd;C:\Users\grado\AppData\Local\Microsoft\WindowsApps;C:\Users\grado\AppData\Local\Programs\Microsoft VS Code\bin;C:\Users\grado\AppData\Local\GitHubDesktop\bin
USERNAME=grado
LANG=en_US.UTF-8
OS=Windows_NT
PROCESSOR_IDENTIFIER=AMD64 Family 23 Model 96 Stepping 1, AuthenticAMD



---------------  S Y S T E M  ---------------

OS:
 Windows 10 , 64 bit Build 19041 (10.0.19041.1706)
OS uptime: 11 days 15:42 hours

CPU: total 16 (initial active 16) (16 cores per cpu, 2 threads per core) family 23 model 96 stepping 1 microcode 0x0, cx8, cmov, fxsr, ht, mmx, 3dnowpref, sse, sse2, sse3, ssse3, sse4a, sse4.1, sse4.2, popcnt, lzcnt, tsc, tscinvbit, avx, avx2, aes, clmul, bmi1, bmi2, adx, sha, fma, vzeroupper, clflush, clflushopt

Memory: 4k page, system-wide physical 15741M (4000M free)
TotalPageFile size 23690M (AvailPageFile size 3458M)
current process WorkingSet (physical memory assigned to process): 335M, peak: 406M
current process commit charge ("private bytes"): 660M, peak: 731M

vm_info: OpenJDK 64-Bit Server VM (17.0.1+12) for windows-amd64 JRE (17.0.1+12), built on Oct 20 2021 07:42:55 by "" with MS VC++ 16.7 (VS2019)

END.
