#
# A fatal error has been detected by the Java Runtime Environment:
#
#  EXCEPTION_ACCESS_VIOLATION (0xc0000005) at pc=0x0000013a1f620000, pid=2636, tid=3028
#
# JRE version: OpenJDK Runtime Environment Temurin-17.0.1+12 (17.0.1+12) (build 17.0.1+12)
# Java VM: OpenJDK 64-Bit Server VM Temurin-17.0.1+12 (17.0.1+12, mixed mode, sharing, tiered, compressed oops, compressed class ptrs, g1 gc, windows-amd64)
# Problematic frame:
# C  0x0000013a1f620000
#
# No core dump will be written. Minidumps are not enabled by default on client versions of Windows
#
# If you would like to submit a bug report, please visit:
#   https://github.com/adoptium/adoptium-support/issues
# The crash happened outside the Java Virtual Machine in native code.
# See problematic frame for where to report the bug.
#

---------------  S U M M A R Y ------------

Command Line: -XX:+ShowCodeDetailsInExceptionMessages com.crazyputting3d.Main

Host: AMD Ryzen 7 4800H with Radeon Graphics         , 16 cores, 15G,  Windows 10 , 64 bit Build 19041 (10.0.19041.1741)
Time: Mon Jun 20 16:47:49 2022 Central European Daylight Time elapsed time: 25.491597 seconds (0d 0h 0m 25s)

---------------  T H R E A D  ---------------

Current thread (0x0000013a7bf0f420):  JavaThread "main" [_thread_in_native, id=3028, stack(0x00000021b5d00000,0x00000021b5e00000)]

Stack: [0x00000021b5d00000,0x00000021b5e00000],  sp=0x00000021b5dfeb78,  free space=1018k
Native frames: (J=compiled Java code, j=interpreted, Vv=VM code, C=native code)
C  0x0000013a1f620000

Java frames: (J=compiled Java code, j=interpreted, Vv=VM code)
J 1206  org.lwjgl.system.JNI.invokePV(JJ)V (0 bytes) @ 0x0000013a0f5f0d6c [0x0000013a0f5f0d20+0x000000000000004c]
J 1984 c1 org.lwjgl.glfw.GLFW.glfwSwapBuffers(J)V (21 bytes) @ 0x0000013a084b1bac [0x0000013a084b1ac0+0x00000000000000ec]
j  com.badlogic.gdx.backends.lwjgl3.Lwjgl3Window.update()Z+196
j  com.badlogic.gdx.backends.lwjgl3.Lwjgl3Application.loop()V+111
j  com.badlogic.gdx.backends.lwjgl3.Lwjgl3Application.<init>(Lcom/badlogic/gdx/ApplicationListener;Lcom/badlogic/gdx/backends/lwjgl3/Lwjgl3ApplicationConfiguration;)V+243
j  com.crazyputting3d.Main.main([Ljava/lang/String;)V+41
v  ~StubRoutines::call_stub

siginfo: EXCEPTION_ACCESS_VIOLATION (0xc0000005), data execution prevention violation at address 0x0000013a1f620000


Register to memory mapping:

RIP=0x0000013a1f620000 is an unknown value
RAX=0x0000013a1f620000 is an unknown value
RBX=0x0000000000010001 is an unknown value
RCX=0x0000000000010001 is an unknown value
RDX=0x00000021b5dfebb0 is pointing into the stack for thread: 0x0000013a7bf0f420
RSP=0x00000021b5dfeb78 is pointing into the stack for thread: 0x0000013a7bf0f420
RBP=0x00000021b5dfec80 is pointing into the stack for thread: 0x0000013a7bf0f420
RSI=0x0000000000000110 is an unknown value
RDI=0x00000000000014bc is an unknown value
R8 =0x0000013a208bc430 points into unknown readable memory: 0x0000013a318a0c70 | 70 0c 8a 31 3a 01 00 00
R9 =0x00007ff9216d1b50 glfw.dll
R10=0x00007ff921801b10 lwjgl.dll
R11=0x00000021b5dfefe8 is pointing into the stack for thread: 0x0000013a7bf0f420
R12=0x0 is NULL
R13=0x00000021b5dff0e8 is pointing into the stack for thread: 0x0000013a7bf0f420
R14=0x00000021b5dff040 is pointing into the stack for thread: 0x0000013a7bf0f420
R15=0x0000013a7bf0f420 is a thread


Registers:
RAX=0x0000013a1f620000, RBX=0x0000000000010001, RCX=0x0000000000010001, RDX=0x00000021b5dfebb0
RSP=0x00000021b5dfeb78, RBP=0x00000021b5dfec80, RSI=0x0000000000000110, RDI=0x00000000000014bc
R8 =0x0000013a208bc430, R9 =0x00007ff9216d1b50, R10=0x00007ff921801b10, R11=0x00000021b5dfefe8
R12=0x0000000000000000, R13=0x00000021b5dff0e8, R14=0x00000021b5dff040, R15=0x0000013a7bf0f420
RIP=0x0000013a1f620000, EFLAGS=0x0000000000010206

Top of Stack: (sp=0x00000021b5dfeb78)
0x00000021b5dfeb78:   00007ff9216d1f7c 000000070a0006e8
0x00000021b5dfeb88:   0000140600000002 0000000700000014
0x00000021b5dfeb98:   438c000041700000 000000070a0a1140
0x00000021b5dfeba8:   0000013a0835767c 57464c4720656854
0x00000021b5dfebb8:   7972617262696c20 20746f6e20736920
0x00000021b5dfebc8:   696c616974696e69 000000210064657a
0x00000021b5dfebd8:   00007ff893fd5e62 0000013a7bf0f420
0x00000021b5dfebe8:   0000000000000000 00000000000001cc
0x00000021b5dfebf8:   0000000000000000 0000000000000000
0x00000021b5dfec08:   000000006e7020f4 0000013a7bf0f6c8
0x00000021b5dfec18:   00007ff893fd5481 000000070a0b62a0
0x00000021b5dfec28:   0000013a0f5ebe05 0000000200000003
0x00000021b5dfec38:   000000070a0a1160 000000070a0b4d50
0x00000021b5dfec48:   000000070a0b5550 0000000700000000
0x00000021b5dfec58:   000000070a0006e8 0000000000000002
0x00000021b5dfec68:   00007ff8b6499cba 00000021b5dff000 

Instructions: (pc=0x0000013a1f620000)
0x0000013a1f61ff00:   ?? ?? ?? ?? ?? ?? ?? ?? ?? ?? ?? ?? ?? ?? ?? ??
0x0000013a1f61ff10:   ?? ?? ?? ?? ?? ?? ?? ?? ?? ?? ?? ?? ?? ?? ?? ??
0x0000013a1f61ff20:   ?? ?? ?? ?? ?? ?? ?? ?? ?? ?? ?? ?? ?? ?? ?? ??
0x0000013a1f61ff30:   ?? ?? ?? ?? ?? ?? ?? ?? ?? ?? ?? ?? ?? ?? ?? ??
0x0000013a1f61ff40:   ?? ?? ?? ?? ?? ?? ?? ?? ?? ?? ?? ?? ?? ?? ?? ??
0x0000013a1f61ff50:   ?? ?? ?? ?? ?? ?? ?? ?? ?? ?? ?? ?? ?? ?? ?? ??
0x0000013a1f61ff60:   ?? ?? ?? ?? ?? ?? ?? ?? ?? ?? ?? ?? ?? ?? ?? ??
0x0000013a1f61ff70:   ?? ?? ?? ?? ?? ?? ?? ?? ?? ?? ?? ?? ?? ?? ?? ??
0x0000013a1f61ff80:   ?? ?? ?? ?? ?? ?? ?? ?? ?? ?? ?? ?? ?? ?? ?? ??
0x0000013a1f61ff90:   ?? ?? ?? ?? ?? ?? ?? ?? ?? ?? ?? ?? ?? ?? ?? ??
0x0000013a1f61ffa0:   ?? ?? ?? ?? ?? ?? ?? ?? ?? ?? ?? ?? ?? ?? ?? ??
0x0000013a1f61ffb0:   ?? ?? ?? ?? ?? ?? ?? ?? ?? ?? ?? ?? ?? ?? ?? ??
0x0000013a1f61ffc0:   ?? ?? ?? ?? ?? ?? ?? ?? ?? ?? ?? ?? ?? ?? ?? ??
0x0000013a1f61ffd0:   ?? ?? ?? ?? ?? ?? ?? ?? ?? ?? ?? ?? ?? ?? ?? ??
0x0000013a1f61ffe0:   ?? ?? ?? ?? ?? ?? ?? ?? ?? ?? ?? ?? ?? ?? ?? ??
0x0000013a1f61fff0:   ?? ?? ?? ?? ?? ?? ?? ?? ?? ?? ?? ?? ?? ?? ?? ??
0x0000013a1f620000:   ?? ?? ?? ?? ?? ?? ?? ?? ?? ?? ?? ?? ?? ?? ?? ??
0x0000013a1f620010:   ?? ?? ?? ?? ?? ?? ?? ?? ?? ?? ?? ?? ?? ?? ?? ??
0x0000013a1f620020:   ?? ?? ?? ?? ?? ?? ?? ?? ?? ?? ?? ?? ?? ?? ?? ??
0x0000013a1f620030:   ?? ?? ?? ?? ?? ?? ?? ?? ?? ?? ?? ?? ?? ?? ?? ??
0x0000013a1f620040:   ?? ?? ?? ?? ?? ?? ?? ?? ?? ?? ?? ?? ?? ?? ?? ??
0x0000013a1f620050:   ?? ?? ?? ?? ?? ?? ?? ?? ?? ?? ?? ?? ?? ?? ?? ??
0x0000013a1f620060:   ?? ?? ?? ?? ?? ?? ?? ?? ?? ?? ?? ?? ?? ?? ?? ??
0x0000013a1f620070:   ?? ?? ?? ?? ?? ?? ?? ?? ?? ?? ?? ?? ?? ?? ?? ??
0x0000013a1f620080:   ?? ?? ?? ?? ?? ?? ?? ?? ?? ?? ?? ?? ?? ?? ?? ??
0x0000013a1f620090:   ?? ?? ?? ?? ?? ?? ?? ?? ?? ?? ?? ?? ?? ?? ?? ??
0x0000013a1f6200a0:   ?? ?? ?? ?? ?? ?? ?? ?? ?? ?? ?? ?? ?? ?? ?? ??
0x0000013a1f6200b0:   ?? ?? ?? ?? ?? ?? ?? ?? ?? ?? ?? ?? ?? ?? ?? ??
0x0000013a1f6200c0:   ?? ?? ?? ?? ?? ?? ?? ?? ?? ?? ?? ?? ?? ?? ?? ??
0x0000013a1f6200d0:   ?? ?? ?? ?? ?? ?? ?? ?? ?? ?? ?? ?? ?? ?? ?? ??
0x0000013a1f6200e0:   ?? ?? ?? ?? ?? ?? ?? ?? ?? ?? ?? ?? ?? ?? ?? ??
0x0000013a1f6200f0:   ?? ?? ?? ?? ?? ?? ?? ?? ?? ?? ?? ?? ?? ?? ?? ?? 


Stack slot to memory mapping:
stack at sp + 0 slots: 0x00007ff9216d1f7c glfw.dll
stack at sp + 1 slots: 0x000000070a0006e8 is an oop: com.badlogic.gdx.backends.lwjgl3.Lwjgl3GL20 
{0x000000070a0006e8} - klass: 'com/badlogic/gdx/backends/lwjgl3/Lwjgl3GL20'
 - ---- fields (total size 3 words):
 - private 'buffer' 'Ljava/nio/ByteBuffer;' @12  a 'java/nio/DirectByteBuffer'{0x000000070a000700} (e14000e0)
 - private 'floatBuffer' 'Ljava/nio/FloatBuffer;' @16  a 'java/nio/DirectFloatBufferU'{0x000000070a001f18} (e14003e3)
 - private 'intBuffer' 'Ljava/nio/IntBuffer;' @20  a 'java/nio/DirectIntBufferU'{0x000000070a001f50} (e14003ea)
stack at sp + 2 slots: 0x0000140600000002 is an unknown value
stack at sp + 3 slots: 0x0000000700000014 is an unknown value
stack at sp + 4 slots: 0x438c000041700000 is an unknown value
stack at sp + 5 slots: 0x000000070a0a1140 is an oop: com.badlogic.gdx.graphics.Mesh 
{0x000000070a0a1140} - klass: 'com/badlogic/gdx/graphics/Mesh'
 - ---- fields (total size 4 words):
 - 'autoBind' 'Z' @12  true
 - final 'isVertexArray' 'Z' @13  true
 - 'isInstanced' 'Z' @14  false
 - final 'vertices' 'Lcom/badlogic/gdx/graphics/glutils/VertexData;' @16  a 'com/badlogic/gdx/graphics/glutils/VertexArray'{0x000000070a0a1160} (e141422c)
 - final 'indices' 'Lcom/badlogic/gdx/graphics/glutils/IndexData;' @20  a 'com/badlogic/gdx/graphics/glutils/IndexArray'{0x000000070a0a12f8} (e141425f)
 - 'instances' 'Lcom/badlogic/gdx/graphics/glutils/InstanceData;' @24  NULL (0)
 - private final 'tmpV' 'Lcom/badlogic/gdx/math/Vector3;' @28  a 'com/badlogic/gdx/math/Vector3'{0x000000070a0a1388} (e1414271)
stack at sp + 6 slots: 0x0000013a0835767c is at entry_point+2172 in (nmethod*)0x0000013a08356a90
stack at sp + 7 slots: 0x57464c4720656854 is an unknown value


---------------  P R O C E S S  ---------------

Threads class SMR info:
_java_thread_list=0x0000013a200942b0, length=20, elements={
0x0000013a7bf0f420, 0x0000013a1f488fe0, 0x0000013a1f48ac60, 0x0000013a1f4a0840,
0x0000013a1f4a1100, 0x0000013a1f4a1ab0, 0x0000013a1f4a2460, 0x0000013a1f4a4200,
0x0000013a1f4b01b0, 0x0000013a1f4b2fa0, 0x0000013a20133150, 0x0000013a201488b0,
0x0000013a235356f0, 0x0000013a23533540, 0x0000013a23533a10, 0x0000013a23535220,
0x0000013a23536a30, 0x0000013a235343b0, 0x0000013a23533ee0, 0x0000013a23534d50
}

Java Threads: ( => current thread )
=>0x0000013a7bf0f420 JavaThread "main" [_thread_in_native, id=3028, stack(0x00000021b5d00000,0x00000021b5e00000)]
  0x0000013a1f488fe0 JavaThread "Reference Handler" daemon [_thread_blocked, id=14852, stack(0x00000021b6400000,0x00000021b6500000)]
  0x0000013a1f48ac60 JavaThread "Finalizer" daemon [_thread_blocked, id=22596, stack(0x00000021b6500000,0x00000021b6600000)]
  0x0000013a1f4a0840 JavaThread "Signal Dispatcher" daemon [_thread_blocked, id=23164, stack(0x00000021b6600000,0x00000021b6700000)]
  0x0000013a1f4a1100 JavaThread "Attach Listener" daemon [_thread_blocked, id=20912, stack(0x00000021b6700000,0x00000021b6800000)]
  0x0000013a1f4a1ab0 JavaThread "Service Thread" daemon [_thread_blocked, id=13072, stack(0x00000021b6800000,0x00000021b6900000)]
  0x0000013a1f4a2460 JavaThread "Monitor Deflation Thread" daemon [_thread_blocked, id=6420, stack(0x00000021b6900000,0x00000021b6a00000)]
  0x0000013a1f4a4200 JavaThread "C2 CompilerThread0" daemon [_thread_blocked, id=5060, stack(0x00000021b6a00000,0x00000021b6b00000)]
  0x0000013a1f4b01b0 JavaThread "C1 CompilerThread0" daemon [_thread_blocked, id=8520, stack(0x00000021b6b00000,0x00000021b6c00000)]
  0x0000013a1f4b2fa0 JavaThread "Sweeper thread" daemon [_thread_blocked, id=17156, stack(0x00000021b6c00000,0x00000021b6d00000)]
  0x0000013a20133150 JavaThread "Notification Thread" daemon [_thread_blocked, id=19208, stack(0x00000021b6f00000,0x00000021b7000000)]
  0x0000013a201488b0 JavaThread "Common-Cleaner" daemon [_thread_blocked, id=22848, stack(0x00000021b7100000,0x00000021b7200000)]
  0x0000013a235356f0 JavaThread "LWJGL3 Timer" daemon [_thread_blocked, id=21740, stack(0x00000021b7a00000,0x00000021b7b00000)]
  0x0000013a23533540 JavaThread "LWJGL3 Timer" daemon [_thread_blocked, id=18844, stack(0x00000021b8a00000,0x00000021b8b00000)]
  0x0000013a23533a10 JavaThread "Java Sound Event Dispatcher" daemon [_thread_blocked, id=5192, stack(0x00000021b9200000,0x00000021b9300000)]
  0x0000013a23535220 JavaThread "Direct Clip" daemon [_thread_blocked, id=3836, stack(0x00000021b9500000,0x00000021b9600000)]
  0x0000013a23536a30 JavaThread "Direct Clip" daemon [_thread_blocked, id=10668, stack(0x00000021b6e00000,0x00000021b6f00000)]
  0x0000013a235343b0 JavaThread "Direct Clip" daemon [_thread_blocked, id=22776, stack(0x00000021b8500000,0x00000021b8600000)]
  0x0000013a23533ee0 JavaThread "Direct Clip" daemon [_thread_blocked, id=12300, stack(0x00000021b8700000,0x00000021b8800000)]
  0x0000013a23534d50 JavaThread "Direct Clip" daemon [_thread_blocked, id=10516, stack(0x00000021b8900000,0x00000021b8a00000)]

Other Threads:
  0x0000013a1f4844e0 VMThread "VM Thread" [stack: 0x00000021b6300000,0x00000021b6400000] [id=18280]
  0x0000013a7bf864d0 WatcherThread [stack: 0x00000021b7000000,0x00000021b7100000] [id=23404]
  0x0000013a7bf65f70 GCTaskThread "GC Thread#0" [stack: 0x00000021b5e00000,0x00000021b5f00000] [id=22456]
  0x0000013a233dc890 GCTaskThread "GC Thread#1" [stack: 0x00000021b7b00000,0x00000021b7c00000] [id=21620]
  0x0000013a233dcb40 GCTaskThread "GC Thread#2" [stack: 0x00000021b7c00000,0x00000021b7d00000] [id=15832]
  0x0000013a233dc5e0 GCTaskThread "GC Thread#3" [stack: 0x00000021b7d00000,0x00000021b7e00000] [id=18608]
  0x0000013a233de370 GCTaskThread "GC Thread#4" [stack: 0x00000021b7e00000,0x00000021b7f00000] [id=2424]
  0x0000013a233df640 GCTaskThread "GC Thread#5" [stack: 0x00000021b7f00000,0x00000021b8000000] [id=19628]
  0x0000013a233dd350 GCTaskThread "GC Thread#6" [stack: 0x00000021b8000000,0x00000021b8100000] [id=23348]
  0x0000013a30144320 GCTaskThread "GC Thread#7" [stack: 0x00000021b8c00000,0x00000021b8d00000] [id=19276]
  0x0000013a7bf774c0 ConcurrentGCThread "G1 Main Marker" [stack: 0x00000021b5f00000,0x00000021b6000000] [id=21424]
  0x0000013a7bf77ed0 ConcurrentGCThread "G1 Conc#0" [stack: 0x00000021b6000000,0x00000021b6100000] [id=18156]
  0x0000013a7bfde780 ConcurrentGCThread "G1 Refine#0" [stack: 0x00000021b6100000,0x00000021b6200000] [id=10368]
  0x0000013a30eb0560 ConcurrentGCThread "G1 Refine#1" [stack: 0x00000021b8d00000,0x00000021b8e00000] [id=2020]
  0x0000013a3019a7d0 ConcurrentGCThread "G1 Refine#2" [stack: 0x00000021b8e00000,0x00000021b8f00000] [id=6204]
  0x0000013a30beb730 ConcurrentGCThread "G1 Refine#3" [stack: 0x00000021b8f00000,0x00000021b9000000] [id=4440]
  0x0000013a2aab66b0 ConcurrentGCThread "G1 Refine#4" [stack: 0x00000021b9000000,0x00000021b9100000] [id=22928]
  0x0000013a2fd2fae0 ConcurrentGCThread "G1 Refine#5" [stack: 0x00000021b9100000,0x00000021b9200000] [id=22324]
  0x0000013a1f33c270 ConcurrentGCThread "G1 Service" [stack: 0x00000021b6200000,0x00000021b6300000] [id=8624]

Threads with active compile tasks:

VM state: not at safepoint (normal execution)

VM Mutex/Monitor currently owned by a thread: None

Heap address: 0x000000070a000000, size: 3936 MB, Compressed Oops mode: Zero based, Oop shift amount: 3

CDS archive(s) mapped at: [0x0000000800000000-0x0000000800bc0000-0x0000000800bc0000), size 12320768, SharedBaseAddress: 0x0000000800000000, ArchiveRelocationMode: 0.
Compressed class space mapped at: 0x0000000800c00000-0x0000000840c00000, reserved size: 1073741824
Narrow klass base: 0x0000000800000000, Narrow klass shift: 0, Narrow klass range: 0x100000000

GC Precious Log:
 CPUs: 16 total, 16 available
 Memory: 15741M
 Large Page Support: Disabled
 NUMA Support: Disabled
 Compressed Oops: Enabled (Zero based)
 Heap Region Size: 2M
 Heap Min Capacity: 8M
 Heap Initial Capacity: 246M
 Heap Max Capacity: 3936M
 Pre-touch: Disabled
 Parallel Workers: 13
 Concurrent Workers: 3
 Concurrent Refinement Workers: 13
 Periodic GC: Disabled

Heap:
 garbage-first heap   total 251904K, used 174565K [0x000000070a000000, 0x0000000800000000)
  region size 2048K, 61 young (124928K), 1 survivors (2048K)
 Metaspace       used 10432K, committed 10624K, reserved 1064960K
  class space    used 740K, committed 832K, reserved 1048576K

Heap Regions: E=young(eden), S=young(survivor), O=old, HS=humongous(starts), HC=humongous(continues), CS=collection set, F=free, OA=open archive, CA=closed archive, TAMS=top-at-mark-start (previous, next)
|   0|0x000000070a000000, 0x000000070a200000, 0x000000070a200000|100%| O|  |TAMS 0x000000070a000000, 0x000000070a000000| Untracked 
|   1|0x000000070a200000, 0x000000070a400000, 0x000000070a400000|100%|HS|  |TAMS 0x000000070a200000, 0x000000070a200000| Complete 
|   2|0x000000070a400000, 0x000000070a600000, 0x000000070a600000|100%|HS|  |TAMS 0x000000070a400000, 0x000000070a400000| Complete 
|   3|0x000000070a600000, 0x000000070a800000, 0x000000070a800000|100%|HS|  |TAMS 0x000000070a600000, 0x000000070a600000| Complete 
|   4|0x000000070a800000, 0x000000070aa00000, 0x000000070aa00000|100%| O|  |TAMS 0x000000070a800000, 0x000000070a800000| Untracked 
|   5|0x000000070aa00000, 0x000000070ac00000, 0x000000070ac00000|100%| O|  |TAMS 0x000000070aa00000, 0x000000070aa00000| Untracked 
|   6|0x000000070ac00000, 0x000000070ae00000, 0x000000070ae00000|100%| O|  |TAMS 0x000000070ac00000, 0x000000070ac00000| Untracked 
|   7|0x000000070ae00000, 0x000000070b000000, 0x000000070b000000|100%| O|  |TAMS 0x000000070ae00000, 0x000000070ae00000| Untracked 
|   8|0x000000070b000000, 0x000000070b200000, 0x000000070b200000|100%| O|  |TAMS 0x000000070b000000, 0x000000070b000000| Untracked 
|   9|0x000000070b200000, 0x000000070b400000, 0x000000070b400000|100%| O|  |TAMS 0x000000070b200000, 0x000000070b200000| Untracked 
|  10|0x000000070b400000, 0x000000070b5c5200, 0x000000070b600000| 88%| O|  |TAMS 0x000000070b400000, 0x000000070b400000| Untracked 
|  11|0x000000070b600000, 0x000000070b800000, 0x000000070b800000|100%|HS|  |TAMS 0x000000070b600000, 0x000000070b600000| Complete 
|  12|0x000000070b800000, 0x000000070ba00000, 0x000000070ba00000|100%|HS|  |TAMS 0x000000070b800000, 0x000000070b800000| Complete 
|  13|0x000000070ba00000, 0x000000070bc00000, 0x000000070bc00000|100%|HS|  |TAMS 0x000000070ba00000, 0x000000070ba00000| Complete 
|  14|0x000000070bc00000, 0x000000070be00000, 0x000000070be00000|100%|HS|  |TAMS 0x000000070bc00000, 0x000000070bc00000| Complete 
|  15|0x000000070be00000, 0x000000070c000000, 0x000000070c000000|100%|HS|  |TAMS 0x000000070be00000, 0x000000070be00000| Complete 
|  16|0x000000070c000000, 0x000000070c200000, 0x000000070c200000|100%|HS|  |TAMS 0x000000070c000000, 0x000000070c000000| Complete 
|  17|0x000000070c200000, 0x000000070c400000, 0x000000070c400000|100%|HS|  |TAMS 0x000000070c200000, 0x000000070c200000| Complete 
|  18|0x000000070c400000, 0x000000070c600000, 0x000000070c600000|100%|HS|  |TAMS 0x000000070c400000, 0x000000070c400000| Complete 
|  19|0x000000070c600000, 0x000000070c800000, 0x000000070c800000|100%|HS|  |TAMS 0x000000070c600000, 0x000000070c600000| Complete 
|  20|0x000000070c800000, 0x000000070ca00000, 0x000000070ca00000|100%|HS|  |TAMS 0x000000070c800000, 0x000000070c800000| Complete 
|  21|0x000000070ca00000, 0x000000070cc00000, 0x000000070cc00000|100%|HS|  |TAMS 0x000000070ca00000, 0x000000070ca00000| Complete 
|  22|0x000000070cc00000, 0x000000070ce00000, 0x000000070ce00000|100%|HS|  |TAMS 0x000000070cc00000, 0x000000070cc00000| Complete 
|  23|0x000000070ce00000, 0x000000070d000000, 0x000000070d000000|100%|HS|  |TAMS 0x000000070ce00000, 0x000000070ce00000| Complete 
|  24|0x000000070d000000, 0x000000070d200000, 0x000000070d200000|100%|HS|  |TAMS 0x000000070d000000, 0x000000070d000000| Complete 
|  25|0x000000070d200000, 0x000000070d400000, 0x000000070d400000|100%|HS|  |TAMS 0x000000070d200000, 0x000000070d200000| Complete 
|  26|0x000000070d400000, 0x000000070d400000, 0x000000070d600000|  0%| F|  |TAMS 0x000000070d400000, 0x000000070d400000| Untracked 
|  27|0x000000070d600000, 0x000000070d600000, 0x000000070d800000|  0%| F|  |TAMS 0x000000070d600000, 0x000000070d600000| Untracked 
|  28|0x000000070d800000, 0x000000070d800000, 0x000000070da00000|  0%| F|  |TAMS 0x000000070d800000, 0x000000070d800000| Untracked 
|  29|0x000000070da00000, 0x000000070da00000, 0x000000070dc00000|  0%| F|  |TAMS 0x000000070da00000, 0x000000070da00000| Untracked 
|  30|0x000000070dc00000, 0x000000070dc00000, 0x000000070de00000|  0%| F|  |TAMS 0x000000070dc00000, 0x000000070dc00000| Untracked 
|  31|0x000000070de00000, 0x000000070de00000, 0x000000070e000000|  0%| F|  |TAMS 0x000000070de00000, 0x000000070de00000| Untracked 
|  32|0x000000070e000000, 0x000000070e000000, 0x000000070e200000|  0%| F|  |TAMS 0x000000070e000000, 0x000000070e000000| Untracked 
|  33|0x000000070e200000, 0x000000070e200000, 0x000000070e400000|  0%| F|  |TAMS 0x000000070e200000, 0x000000070e200000| Untracked 
|  34|0x000000070e400000, 0x000000070e400000, 0x000000070e600000|  0%| F|  |TAMS 0x000000070e400000, 0x000000070e400000| Untracked 
|  35|0x000000070e600000, 0x000000070e600000, 0x000000070e800000|  0%| F|  |TAMS 0x000000070e600000, 0x000000070e600000| Untracked 
|  36|0x000000070e800000, 0x000000070e800000, 0x000000070ea00000|  0%| F|  |TAMS 0x000000070e800000, 0x000000070e800000| Untracked 
|  37|0x000000070ea00000, 0x000000070ea00000, 0x000000070ec00000|  0%| F|  |TAMS 0x000000070ea00000, 0x000000070ea00000| Untracked 
|  38|0x000000070ec00000, 0x000000070ec00000, 0x000000070ee00000|  0%| F|  |TAMS 0x000000070ec00000, 0x000000070ec00000| Untracked 
|  39|0x000000070ee00000, 0x000000070ee00000, 0x000000070f000000|  0%| F|  |TAMS 0x000000070ee00000, 0x000000070ee00000| Untracked 
|  40|0x000000070f000000, 0x000000070f000000, 0x000000070f200000|  0%| F|  |TAMS 0x000000070f000000, 0x000000070f000000| Untracked 
|  41|0x000000070f200000, 0x000000070f200000, 0x000000070f400000|  0%| F|  |TAMS 0x000000070f200000, 0x000000070f200000| Untracked 
|  42|0x000000070f400000, 0x000000070f400000, 0x000000070f600000|  0%| F|  |TAMS 0x000000070f400000, 0x000000070f400000| Untracked 
|  43|0x000000070f600000, 0x000000070f600000, 0x000000070f800000|  0%| F|  |TAMS 0x000000070f600000, 0x000000070f600000| Untracked 
|  44|0x000000070f800000, 0x000000070f800000, 0x000000070fa00000|  0%| F|  |TAMS 0x000000070f800000, 0x000000070f800000| Untracked 
|  45|0x000000070fa00000, 0x000000070fa00000, 0x000000070fc00000|  0%| F|  |TAMS 0x000000070fa00000, 0x000000070fa00000| Untracked 
|  46|0x000000070fc00000, 0x000000070fc00000, 0x000000070fe00000|  0%| F|  |TAMS 0x000000070fc00000, 0x000000070fc00000| Untracked 
|  47|0x000000070fe00000, 0x000000070fe00000, 0x0000000710000000|  0%| F|  |TAMS 0x000000070fe00000, 0x000000070fe00000| Untracked 
|  48|0x0000000710000000, 0x0000000710000000, 0x0000000710200000|  0%| F|  |TAMS 0x0000000710000000, 0x0000000710000000| Untracked 
|  49|0x0000000710200000, 0x0000000710200000, 0x0000000710400000|  0%| F|  |TAMS 0x0000000710200000, 0x0000000710200000| Untracked 
|  50|0x0000000710400000, 0x0000000710400000, 0x0000000710600000|  0%| F|  |TAMS 0x0000000710400000, 0x0000000710400000| Untracked 
|  51|0x0000000710600000, 0x0000000710600000, 0x0000000710800000|  0%| F|  |TAMS 0x0000000710600000, 0x0000000710600000| Untracked 
|  52|0x0000000710800000, 0x0000000710800000, 0x0000000710a00000|  0%| F|  |TAMS 0x0000000710800000, 0x0000000710800000| Untracked 
|  53|0x0000000710a00000, 0x0000000710a00000, 0x0000000710c00000|  0%| F|  |TAMS 0x0000000710a00000, 0x0000000710a00000| Untracked 
|  54|0x0000000710c00000, 0x0000000710c00000, 0x0000000710e00000|  0%| F|  |TAMS 0x0000000710c00000, 0x0000000710c00000| Untracked 
|  55|0x0000000710e00000, 0x0000000710e00000, 0x0000000711000000|  0%| F|  |TAMS 0x0000000710e00000, 0x0000000710e00000| Untracked 
|  56|0x0000000711000000, 0x0000000711000000, 0x0000000711200000|  0%| F|  |TAMS 0x0000000711000000, 0x0000000711000000| Untracked 
|  57|0x0000000711200000, 0x0000000711200000, 0x0000000711400000|  0%| F|  |TAMS 0x0000000711200000, 0x0000000711200000| Untracked 
|  58|0x0000000711400000, 0x0000000711400000, 0x0000000711600000|  0%| F|  |TAMS 0x0000000711400000, 0x0000000711400000| Untracked 
|  59|0x0000000711600000, 0x0000000711600000, 0x0000000711800000|  0%| F|  |TAMS 0x0000000711600000, 0x0000000711600000| Untracked 
|  60|0x0000000711800000, 0x0000000711800000, 0x0000000711a00000|  0%| F|  |TAMS 0x0000000711800000, 0x0000000711800000| Untracked 
|  61|0x0000000711a00000, 0x0000000711a00000, 0x0000000711c00000|  0%| F|  |TAMS 0x0000000711a00000, 0x0000000711a00000| Untracked 
|  62|0x0000000711c00000, 0x0000000711d00800, 0x0000000711e00000| 50%| E|  |TAMS 0x0000000711c00000, 0x0000000711c00000| Complete 
|  63|0x0000000711e00000, 0x0000000712000000, 0x0000000712000000|100%| E|CS|TAMS 0x0000000711e00000, 0x0000000711e00000| Complete 
|  64|0x0000000712000000, 0x0000000712200000, 0x0000000712200000|100%| E|CS|TAMS 0x0000000712000000, 0x0000000712000000| Complete 
|  65|0x0000000712200000, 0x0000000712400000, 0x0000000712400000|100%| E|CS|TAMS 0x0000000712200000, 0x0000000712200000| Complete 
|  66|0x0000000712400000, 0x0000000712600000, 0x0000000712600000|100%| E|CS|TAMS 0x0000000712400000, 0x0000000712400000| Complete 
|  67|0x0000000712600000, 0x0000000712800000, 0x0000000712800000|100%| E|CS|TAMS 0x0000000712600000, 0x0000000712600000| Complete 
|  68|0x0000000712800000, 0x0000000712a00000, 0x0000000712a00000|100%| E|CS|TAMS 0x0000000712800000, 0x0000000712800000| Complete 
|  69|0x0000000712a00000, 0x0000000712c00000, 0x0000000712c00000|100%| E|CS|TAMS 0x0000000712a00000, 0x0000000712a00000| Complete 
|  70|0x0000000712c00000, 0x0000000712e00000, 0x0000000712e00000|100%| E|CS|TAMS 0x0000000712c00000, 0x0000000712c00000| Complete 
|  71|0x0000000712e00000, 0x0000000713000000, 0x0000000713000000|100%| E|CS|TAMS 0x0000000712e00000, 0x0000000712e00000| Complete 
|  72|0x0000000713000000, 0x0000000713200000, 0x0000000713200000|100%| E|CS|TAMS 0x0000000713000000, 0x0000000713000000| Complete 
|  73|0x0000000713200000, 0x0000000713400000, 0x0000000713400000|100%| E|CS|TAMS 0x0000000713200000, 0x0000000713200000| Complete 
|  74|0x0000000713400000, 0x0000000713600000, 0x0000000713600000|100%| E|CS|TAMS 0x0000000713400000, 0x0000000713400000| Complete 
|  75|0x0000000713600000, 0x0000000713800000, 0x0000000713800000|100%| E|CS|TAMS 0x0000000713600000, 0x0000000713600000| Complete 
|  76|0x0000000713800000, 0x0000000713a00000, 0x0000000713a00000|100%| E|CS|TAMS 0x0000000713800000, 0x0000000713800000| Complete 
|  77|0x0000000713a00000, 0x0000000713c00000, 0x0000000713c00000|100%| E|CS|TAMS 0x0000000713a00000, 0x0000000713a00000| Complete 
|  78|0x0000000713c00000, 0x0000000713e00000, 0x0000000713e00000|100%| E|CS|TAMS 0x0000000713c00000, 0x0000000713c00000| Complete 
|  79|0x0000000713e00000, 0x0000000714000000, 0x0000000714000000|100%| E|CS|TAMS 0x0000000713e00000, 0x0000000713e00000| Complete 
|  80|0x0000000714000000, 0x0000000714200000, 0x0000000714200000|100%| E|CS|TAMS 0x0000000714000000, 0x0000000714000000| Complete 
|  81|0x0000000714200000, 0x0000000714400000, 0x0000000714400000|100%| E|CS|TAMS 0x0000000714200000, 0x0000000714200000| Complete 
|  82|0x0000000714400000, 0x0000000714600000, 0x0000000714600000|100%| E|CS|TAMS 0x0000000714400000, 0x0000000714400000| Complete 
|  83|0x0000000714600000, 0x0000000714800000, 0x0000000714800000|100%| E|CS|TAMS 0x0000000714600000, 0x0000000714600000| Complete 
|  84|0x0000000714800000, 0x0000000714a00000, 0x0000000714a00000|100%| E|CS|TAMS 0x0000000714800000, 0x0000000714800000| Complete 
|  85|0x0000000714a00000, 0x0000000714c00000, 0x0000000714c00000|100%| E|CS|TAMS 0x0000000714a00000, 0x0000000714a00000| Complete 
|  86|0x0000000714c00000, 0x0000000714e00000, 0x0000000714e00000|100%| E|CS|TAMS 0x0000000714c00000, 0x0000000714c00000| Complete 
|  87|0x0000000714e00000, 0x0000000715000000, 0x0000000715000000|100%| E|CS|TAMS 0x0000000714e00000, 0x0000000714e00000| Complete 
|  88|0x0000000715000000, 0x0000000715200000, 0x0000000715200000|100%| E|CS|TAMS 0x0000000715000000, 0x0000000715000000| Complete 
|  89|0x0000000715200000, 0x0000000715400000, 0x0000000715400000|100%| E|CS|TAMS 0x0000000715200000, 0x0000000715200000| Complete 
|  90|0x0000000715400000, 0x0000000715600000, 0x0000000715600000|100%| E|CS|TAMS 0x0000000715400000, 0x0000000715400000| Complete 
|  91|0x0000000715600000, 0x0000000715800000, 0x0000000715800000|100%| E|CS|TAMS 0x0000000715600000, 0x0000000715600000| Complete 
|  92|0x0000000715800000, 0x0000000715a00000, 0x0000000715a00000|100%| E|CS|TAMS 0x0000000715800000, 0x0000000715800000| Complete 
|  93|0x0000000715a00000, 0x0000000715c00000, 0x0000000715c00000|100%| E|CS|TAMS 0x0000000715a00000, 0x0000000715a00000| Complete 
|  94|0x0000000715c00000, 0x0000000715e00000, 0x0000000715e00000|100%| E|CS|TAMS 0x0000000715c00000, 0x0000000715c00000| Complete 
|  95|0x0000000715e00000, 0x0000000716000000, 0x0000000716000000|100%| E|CS|TAMS 0x0000000715e00000, 0x0000000715e00000| Complete 
|  96|0x0000000716000000, 0x0000000716200000, 0x0000000716200000|100%| E|CS|TAMS 0x0000000716000000, 0x0000000716000000| Complete 
|  97|0x0000000716200000, 0x0000000716400000, 0x0000000716400000|100%| E|CS|TAMS 0x0000000716200000, 0x0000000716200000| Complete 
|  98|0x0000000716400000, 0x0000000716600000, 0x0000000716600000|100%| E|CS|TAMS 0x0000000716400000, 0x0000000716400000| Complete 
|  99|0x0000000716600000, 0x0000000716800000, 0x0000000716800000|100%| E|CS|TAMS 0x0000000716600000, 0x0000000716600000| Complete 
| 100|0x0000000716800000, 0x0000000716a00000, 0x0000000716a00000|100%| E|CS|TAMS 0x0000000716800000, 0x0000000716800000| Complete 
| 101|0x0000000716a00000, 0x0000000716c00000, 0x0000000716c00000|100%| E|CS|TAMS 0x0000000716a00000, 0x0000000716a00000| Complete 
| 102|0x0000000716c00000, 0x0000000716e00000, 0x0000000716e00000|100%| E|CS|TAMS 0x0000000716c00000, 0x0000000716c00000| Complete 
| 103|0x0000000716e00000, 0x0000000717000000, 0x0000000717000000|100%| E|CS|TAMS 0x0000000716e00000, 0x0000000716e00000| Complete 
| 104|0x0000000717000000, 0x0000000717200000, 0x0000000717200000|100%| E|CS|TAMS 0x0000000717000000, 0x0000000717000000| Complete 
| 105|0x0000000717200000, 0x0000000717400000, 0x0000000717400000|100%| E|CS|TAMS 0x0000000717200000, 0x0000000717200000| Complete 
| 106|0x0000000717400000, 0x0000000717600000, 0x0000000717600000|100%| E|CS|TAMS 0x0000000717400000, 0x0000000717400000| Complete 
| 107|0x0000000717600000, 0x0000000717800000, 0x0000000717800000|100%| E|CS|TAMS 0x0000000717600000, 0x0000000717600000| Complete 
| 108|0x0000000717800000, 0x0000000717a00000, 0x0000000717a00000|100%| E|CS|TAMS 0x0000000717800000, 0x0000000717800000| Complete 
| 109|0x0000000717a00000, 0x0000000717c00000, 0x0000000717c00000|100%| E|CS|TAMS 0x0000000717a00000, 0x0000000717a00000| Complete 
| 110|0x0000000717c00000, 0x0000000717e00000, 0x0000000717e00000|100%| E|CS|TAMS 0x0000000717c00000, 0x0000000717c00000| Complete 
| 111|0x0000000717e00000, 0x0000000718000000, 0x0000000718000000|100%| E|CS|TAMS 0x0000000717e00000, 0x0000000717e00000| Complete 
| 112|0x0000000718000000, 0x0000000718200000, 0x0000000718200000|100%| E|CS|TAMS 0x0000000718000000, 0x0000000718000000| Complete 
| 113|0x0000000718200000, 0x0000000718400000, 0x0000000718400000|100%| E|CS|TAMS 0x0000000718200000, 0x0000000718200000| Complete 
| 114|0x0000000718400000, 0x0000000718600000, 0x0000000718600000|100%| E|CS|TAMS 0x0000000718400000, 0x0000000718400000| Complete 
| 115|0x0000000718600000, 0x0000000718800000, 0x0000000718800000|100%| E|CS|TAMS 0x0000000718600000, 0x0000000718600000| Complete 
| 116|0x0000000718800000, 0x0000000718a00000, 0x0000000718a00000|100%| E|CS|TAMS 0x0000000718800000, 0x0000000718800000| Complete 
| 117|0x0000000718a00000, 0x0000000718c00000, 0x0000000718c00000|100%| E|CS|TAMS 0x0000000718a00000, 0x0000000718a00000| Complete 
| 118|0x0000000718c00000, 0x0000000718e00000, 0x0000000718e00000|100%| E|CS|TAMS 0x0000000718c00000, 0x0000000718c00000| Complete 
| 119|0x0000000718e00000, 0x0000000718eb4520, 0x0000000719000000| 35%| S|CS|TAMS 0x0000000718e00000, 0x0000000718e00000| Complete 
| 120|0x0000000719000000, 0x0000000719200000, 0x0000000719200000|100%| E|CS|TAMS 0x0000000719000000, 0x0000000719000000| Complete 
| 121|0x0000000719200000, 0x0000000719400000, 0x0000000719400000|100%| E|CS|TAMS 0x0000000719200000, 0x0000000719200000| Complete 
| 122|0x0000000719400000, 0x0000000719600000, 0x0000000719600000|100%| E|CS|TAMS 0x0000000719400000, 0x0000000719400000| Complete 

Card table byte_map: [0x0000013a7d010000,0x0000013a7d7c0000] _byte_map_base: 0x0000013a797c0000

Marking Bits (Prev, Next): (CMBitMap*) 0x0000013a7bf67590, (CMBitMap*) 0x0000013a7bf675d0
 Prev Bits: [0x0000013a169f0000, 0x0000013a1a770000)
 Next Bits: [0x0000013a1a770000, 0x0000013a1e4f0000)

Polling page: 0x0000013a79bb0000

Metaspace:

Usage:
  Non-class:      9.46 MB used.
      Class:    740.55 KB used.
       Both:     10.19 MB used.

Virtual space:
  Non-class space:       16.00 MB reserved,       9.56 MB ( 60%) committed,  2 nodes.
      Class space:        1.00 GB reserved,     832.00 KB ( <1%) committed,  1 nodes.
             Both:        1.02 GB reserved,      10.38 MB ( <1%) committed. 

Chunk freelists:
   Non-Class:  624.00 KB
       Class:  3.17 MB
        Both:  3.78 MB

MaxMetaspaceSize: unlimited
CompressedClassSpaceSize: 1.00 GB
Initial GC threshold: 21.00 MB
Current GC threshold: 21.00 MB
CDS: on
MetaspaceReclaimPolicy: balanced
 - commit_granule_bytes: 65536.
 - commit_granule_words: 8192.
 - virtual_space_node_default_size: 1048576.
 - enlarge_chunks_in_place: 1.
 - new_chunks_are_fully_committed: 0.
 - uncommit_free_chunks: 1.
 - use_allocation_guard: 0.
 - handle_deallocations: 1.


Internal statistics:

num_allocs_failed_limit: 0.
num_arena_births: 46.
num_arena_deaths: 0.
num_vsnodes_births: 3.
num_vsnodes_deaths: 0.
num_space_committed: 164.
num_space_uncommitted: 0.
num_chunks_returned_to_freelist: 0.
num_chunks_taken_from_freelist: 330.
num_chunk_merges: 0.
num_chunk_splits: 279.
num_chunks_enlarged: 249.
num_purges: 0.
num_inconsistent_stats: 0.

CodeHeap 'non-profiled nmethods': size=119168Kb used=2029Kb max_used=2029Kb free=117138Kb
 bounds [0x0000013a0f590000, 0x0000013a0f800000, 0x0000013a169f0000]
CodeHeap 'profiled nmethods': size=119104Kb used=4128Kb max_used=4128Kb free=114975Kb
 bounds [0x0000013a08140000, 0x0000013a08550000, 0x0000013a0f590000]
CodeHeap 'non-nmethods': size=7488Kb used=1663Kb max_used=3386Kb free=5824Kb
 bounds [0x0000013a079f0000, 0x0000013a07d50000, 0x0000013a08140000]
 total_blobs=3433 nmethods=2323 adapters=1023
 compilation: enabled
              stopped_count=0, restarted_count=0
 full_count=0

Compilation events (20 events):
Event: 22.013 Thread 0x0000013a1f4b01b0 2316       3       java.lang.Class::getReflectionFactory (26 bytes)
Event: 22.014 Thread 0x0000013a1f4b01b0 nmethod 2316 0x0000013a08547510 code [0x0000013a08547740, 0x0000013a08547ff8]
Event: 22.017 Thread 0x0000013a1f4b01b0 2317       1       javax.sound.sampled.AudioFormat::getSampleRate (5 bytes)
Event: 22.017 Thread 0x0000013a1f4b01b0 nmethod 2317 0x0000013a0f785110 code [0x0000013a0f7852a0, 0x0000013a0f785378]
Event: 22.522 Thread 0x0000013a1f4a4200 2318       4       java.lang.AbstractStringBuilder::charAt (36 bytes)
Event: 22.523 Thread 0x0000013a1f4a4200 nmethod 2318 0x0000013a0f785410 code [0x0000013a0f7855a0, 0x0000013a0f7856d8]
Event: 22.798 Thread 0x0000013a1f4a4200 2319       4       com.badlogic.gdx.graphics.g3d.utils.MeshBuilder::ensureRectangleIndices (45 bytes)
Event: 22.803 Thread 0x0000013a1f4a4200 nmethod 2319 0x0000013a0f785810 code [0x0000013a0f7859c0, 0x0000013a0f785e78]
Event: 22.846 Thread 0x0000013a1f4a4200 2320       4       java.util.regex.Pattern$Branch::match (66 bytes)
Event: 22.853 Thread 0x0000013a1f4a4200 nmethod 2320 0x0000013a0f786090 code [0x0000013a0f786280, 0x0000013a0f7867c0]
Event: 23.570 Thread 0x0000013a1f4a4200 2321       4       java.lang.StringBuilder::length (5 bytes)
Event: 23.571 Thread 0x0000013a1f4a4200 nmethod 2321 0x0000013a0f786d10 code [0x0000013a0f786e80, 0x0000013a0f786ef8]
Event: 24.265 Thread 0x0000013a1f4a4200 2322       4       com.badlogic.gdx.graphics.g3d.Material::<init> (32 bytes)
Event: 24.296 Thread 0x0000013a1f4a4200 nmethod 2322 0x0000013a0f787010 code [0x0000013a0f787200, 0x0000013a0f788068]
Event: 24.298 Thread 0x0000013a1f4a4200 2323       4       com.badlogic.gdx.graphics.g3d.utils.ModelBuilder::part (13 bytes)
Event: 24.299 Thread 0x0000013a1f4a4200 nmethod 2323 0x0000013a0f788710 code [0x0000013a0f7888a0, 0x0000013a0f788978]
Event: 24.352 Thread 0x0000013a1f4a4200 2324       4       com.badlogic.gdx.graphics.g3d.utils.ModelBuilder::part (32 bytes)
Event: 24.385 Thread 0x0000013a1f4a4200 nmethod 2324 0x0000013a0f788a90 code [0x0000013a0f788ca0, 0x0000013a0f789928]
Event: 24.385 Thread 0x0000013a1f4a4200 2325       4       com.badlogic.gdx.graphics.g3d.utils.MeshBuilder::begin (335 bytes)
Event: 24.424 Thread 0x0000013a1f4a4200 nmethod 2325 0x0000013a0f789d90 code [0x0000013a0f789f80, 0x0000013a0f78ac98]

GC Heap History (6 events):
Event: 2.913 GC heap before
{Heap before GC invocations=0 (full 0):
 garbage-first heap   total 251904K, used 22528K [0x000000070a000000, 0x0000000800000000)
  region size 2048K, 11 young (22528K), 0 survivors (0K)
 Metaspace       used 7185K, committed 7360K, reserved 1064960K
  class space    used 438K, committed 512K, reserved 1048576K
}
Event: 2.920 GC heap after
{Heap after GC invocations=1 (full 0):
 garbage-first heap   total 251904K, used 2630K [0x000000070a000000, 0x0000000800000000)
  region size 2048K, 2 young (4096K), 2 survivors (4096K)
 Metaspace       used 7185K, committed 7360K, reserved 1064960K
  class space    used 438K, committed 512K, reserved 1048576K
}
Event: 6.801 GC heap before
{Heap before GC invocations=1 (full 0):
 garbage-first heap   total 251904K, used 43590K [0x000000070a000000, 0x0000000800000000)
  region size 2048K, 19 young (38912K), 2 survivors (4096K)
 Metaspace       used 9850K, committed 9984K, reserved 1064960K
  class space    used 689K, committed 768K, reserved 1048576K
}
Event: 6.813 GC heap after
{Heap after GC invocations=2 (full 0):
 garbage-first heap   total 251904K, used 22199K [0x000000070a000000, 0x0000000800000000)
  region size 2048K, 3 young (6144K), 3 survivors (6144K)
 Metaspace       used 9850K, committed 9984K, reserved 1064960K
  class space    used 689K, committed 768K, reserved 1048576K
}
Event: 7.623 GC heap before
{Heap before GC invocations=2 (full 0):
 garbage-first heap   total 251904K, used 28343K [0x000000070a000000, 0x0000000800000000)
  region size 2048K, 6 young (12288K), 3 survivors (6144K)
 Metaspace       used 9921K, committed 10112K, reserved 1064960K
  class space    used 689K, committed 768K, reserved 1048576K
}
Event: 7.631 GC heap after
{Heap after GC invocations=3 (full 0):
 garbage-first heap   total 251904K, used 23013K [0x000000070a000000, 0x0000000800000000)
  region size 2048K, 1 young (2048K), 1 survivors (2048K)
 Metaspace       used 9921K, committed 10112K, reserved 1064960K
  class space    used 689K, committed 768K, reserved 1048576K
}

Deoptimization events (20 events):
Event: 14.532 Thread 0x0000013a7bf0f420 Uncommon trap: trap_request=0xffffff45 fr.pc=0x0000013a0f730780 relative=0x00000000000001e0
Event: 14.532 Thread 0x0000013a7bf0f420 Uncommon trap: reason=unstable_if action=reinterpret pc=0x0000013a0f730780 method=com.crazyputting3d.Objects.Wall.isInWall(DD)Z @ 33 c2
Event: 14.532 Thread 0x0000013a7bf0f420 DEOPT PACKING pc=0x0000013a0f730780 sp=0x00000021b5dfea10
Event: 14.532 Thread 0x0000013a7bf0f420 DEOPT UNPACKING pc=0x0000013a07a423a3 sp=0x00000021b5dfe950 mode 2
Event: 14.532 Thread 0x0000013a7bf0f420 Uncommon trap: trap_request=0xffffff45 fr.pc=0x0000013a0f732bb8 relative=0x00000000000001b8
Event: 14.532 Thread 0x0000013a7bf0f420 Uncommon trap: reason=unstable_if action=reinterpret pc=0x0000013a0f732bb8 method=com.crazyputting3d.Engine.physicsEngine.get_ball_coordinatesX()[F @ 42 c2
Event: 14.533 Thread 0x0000013a7bf0f420 DEOPT PACKING pc=0x0000013a0f732bb8 sp=0x00000021b5dfec30
Event: 14.533 Thread 0x0000013a7bf0f420 DEOPT UNPACKING pc=0x0000013a07a423a3 sp=0x00000021b5dfebc8 mode 2
Event: 14.533 Thread 0x0000013a7bf0f420 Uncommon trap: trap_request=0xffffff45 fr.pc=0x0000013a0f7330b8 relative=0x00000000000001b8
Event: 14.533 Thread 0x0000013a7bf0f420 Uncommon trap: reason=unstable_if action=reinterpret pc=0x0000013a0f7330b8 method=com.crazyputting3d.Engine.physicsEngine.get_ball_coordinatesY()[F @ 42 c2
Event: 14.533 Thread 0x0000013a7bf0f420 DEOPT PACKING pc=0x0000013a0f7330b8 sp=0x00000021b5dfec30
Event: 14.533 Thread 0x0000013a7bf0f420 DEOPT UNPACKING pc=0x0000013a07a423a3 sp=0x00000021b5dfebc8 mode 2
Event: 14.534 Thread 0x0000013a7bf0f420 Uncommon trap: trap_request=0xffffff45 fr.pc=0x0000013a0f7335b8 relative=0x00000000000001b8
Event: 14.534 Thread 0x0000013a7bf0f420 Uncommon trap: reason=unstable_if action=reinterpret pc=0x0000013a0f7335b8 method=com.crazyputting3d.Engine.physicsEngine.get_ball_coordinatesZ()[F @ 42 c2
Event: 14.534 Thread 0x0000013a7bf0f420 DEOPT PACKING pc=0x0000013a0f7335b8 sp=0x00000021b5dfec30
Event: 14.534 Thread 0x0000013a7bf0f420 DEOPT UNPACKING pc=0x0000013a07a423a3 sp=0x00000021b5dfebc8 mode 2
Event: 16.785 Thread 0x0000013a7bf0f420 Uncommon trap: trap_request=0xffffff45 fr.pc=0x0000013a0f72ef04 relative=0x0000000000000084
Event: 16.785 Thread 0x0000013a7bf0f420 Uncommon trap: reason=unstable_if action=reinterpret pc=0x0000013a0f72ef04 method=com.crazyputting3d.Objects.Wall.isInWall(DD)Z @ 33 c2
Event: 16.785 Thread 0x0000013a7bf0f420 DEOPT PACKING pc=0x0000013a0f72ef04 sp=0x00000021b5dfe9c0
Event: 16.785 Thread 0x0000013a7bf0f420 DEOPT UNPACKING pc=0x0000013a07a423a3 sp=0x00000021b5dfe948 mode 2

Classes unloaded (0 events):
No events

Classes redefined (0 events):
No events

Internal exceptions (20 events):
Event: 0.362 Thread 0x0000013a7bf0f420 Exception <a 'java/lang/NoSuchMethodError'{0x0000000718e44188}: 'void java.lang.invoke.DirectMethodHandle$Holder.invokeSpecial(java.lang.Object, java.lang.Object, java.lang.Object)'> (0x0000000718e44188) 
thrown [e:\jenkins\tmp\workspace\build\src\src\hotspot\share\interpreter\linkResolver.cpp, line 766]
Event: 0.369 Thread 0x0000013a7bf0f420 Exception <a 'java/lang/NoSuchMethodError'{0x0000000718e57510}: 'java.lang.Object java.lang.invoke.DirectMethodHandle$Holder.invokeStatic(java.lang.Object, java.lang.Object, int)'> (0x0000000718e57510) 
thrown [e:\jenkins\tmp\workspace\build\src\src\hotspot\share\interpreter\linkResolver.cpp, line 766]
Event: 0.373 Thread 0x0000013a7bf0f420 Exception <a 'java/lang/NoSuchMethodError'{0x0000000718e63280}: 'void java.lang.invoke.DelegatingMethodHandle$Holder.delegate(java.lang.Object, java.lang.Object, int, java.lang.Object)'> (0x0000000718e63280) 
thrown [e:\jenkins\tmp\workspace\build\src\src\hotspot\share\interpreter\linkResolver.cpp, line 766]
Event: 0.375 Thread 0x0000013a7bf0f420 Exception <a 'java/lang/NoSuchMethodError'{0x0000000718e674c0}: 'int java.lang.invoke.DirectMethodHandle$Holder.invokeSpecial(java.lang.Object, java.lang.Object, java.lang.Object)'> (0x0000000718e674c0) 
thrown [e:\jenkins\tmp\workspace\build\src\src\hotspot\share\interpreter\linkResolver.cpp, line 766]
Event: 0.439 Thread 0x0000013a7bf0f420 Exception <a 'sun/nio/fs/WindowsException'{0x0000000718f0e200}> (0x0000000718f0e200) 
thrown [e:\jenkins\tmp\workspace\build\src\src\hotspot\share\prims\jni.cpp, line 516]
Event: 0.440 Thread 0x0000013a7bf0f420 Exception <a 'sun/nio/fs/WindowsException'{0x0000000718f0e758}> (0x0000000718f0e758) 
thrown [e:\jenkins\tmp\workspace\build\src\src\hotspot\share\prims\jni.cpp, line 516]
Event: 0.482 Thread 0x0000013a7bf0f420 Exception <a 'sun/nio/fs/WindowsException'{0x0000000718ffc590}> (0x0000000718ffc590) 
thrown [e:\jenkins\tmp\workspace\build\src\src\hotspot\share\prims\jni.cpp, line 516]
Event: 0.482 Thread 0x0000013a7bf0f420 Exception <a 'sun/nio/fs/WindowsException'{0x0000000718ffc930}> (0x0000000718ffc930) 
thrown [e:\jenkins\tmp\workspace\build\src\src\hotspot\share\prims\jni.cpp, line 516]
Event: 0.515 Thread 0x0000013a7bf0f420 Exception <a 'sun/nio/fs/WindowsException'{0x0000000718caab48}> (0x0000000718caab48) 
thrown [e:\jenkins\tmp\workspace\build\src\src\hotspot\share\prims\jni.cpp, line 516]
Event: 0.515 Thread 0x0000013a7bf0f420 Exception <a 'sun/nio/fs/WindowsException'{0x0000000718caaeb8}> (0x0000000718caaeb8) 
thrown [e:\jenkins\tmp\workspace\build\src\src\hotspot\share\prims\jni.cpp, line 516]
Event: 0.600 Thread 0x0000013a7bf0f420 Exception <a 'sun/nio/fs/WindowsException'{0x0000000718d30230}> (0x0000000718d30230) 
thrown [e:\jenkins\tmp\workspace\build\src\src\hotspot\share\prims\jni.cpp, line 516]
Event: 0.600 Thread 0x0000013a7bf0f420 Exception <a 'sun/nio/fs/WindowsException'{0x0000000718d305b8}> (0x0000000718d305b8) 
thrown [e:\jenkins\tmp\workspace\build\src\src\hotspot\share\prims\jni.cpp, line 516]
Event: 1.307 Thread 0x0000013a7bf0f420 Exception <a 'sun/nio/fs/WindowsException'{0x0000000718b121e0}> (0x0000000718b121e0) 
thrown [e:\jenkins\tmp\workspace\build\src\src\hotspot\share\prims\jni.cpp, line 516]
Event: 1.307 Thread 0x0000013a7bf0f420 Exception <a 'sun/nio/fs/WindowsException'{0x0000000718b12590}> (0x0000000718b12590) 
thrown [e:\jenkins\tmp\workspace\build\src\src\hotspot\share\prims\jni.cpp, line 516]
Event: 1.314 Thread 0x0000013a7bf0f420 Exception <a 'sun/nio/fs/WindowsException'{0x0000000718b1e728}> (0x0000000718b1e728) 
thrown [e:\jenkins\tmp\workspace\build\src\src\hotspot\share\prims\jni.cpp, line 516]
Event: 1.314 Thread 0x0000013a7bf0f420 Exception <a 'sun/nio/fs/WindowsException'{0x0000000718b1ea10}> (0x0000000718b1ea10) 
thrown [e:\jenkins\tmp\workspace\build\src\src\hotspot\share\prims\jni.cpp, line 516]
Event: 5.509 Thread 0x0000013a7bf0f420 Exception <a 'java/io/FileNotFoundException'{0x0000000718f36e70}> (0x0000000718f36e70) 
thrown [e:\jenkins\tmp\workspace\build\src\src\hotspot\share\prims\jni.cpp, line 516]
Event: 5.804 Thread 0x0000013a7bf0f420 Implicit null exception at 0x0000013a0f5fe03f to 0x0000013a0f5fe11c
Event: 5.836 Thread 0x0000013a7bf0f420 Implicit null exception at 0x0000013a0f5f6eb0 to 0x0000013a0f5f7088
Event: 10.486 Thread 0x0000013a23533070 Implicit null exception at 0x0000013a0f5f835f to 0x0000013a0f5f841c

VM Operations (20 events):
Event: 16.300 Executing VM operation: Cleanup
Event: 16.301 Executing VM operation: Cleanup done
Event: 17.120 Executing VM operation: ICBufferFull
Event: 17.120 Executing VM operation: ICBufferFull done
Event: 18.121 Executing VM operation: ICBufferFull
Event: 18.121 Executing VM operation: ICBufferFull done
Event: 18.493 Executing VM operation: HandshakeAllThreads
Event: 18.493 Executing VM operation: HandshakeAllThreads done
Event: 18.889 Executing VM operation: ICBufferFull
Event: 18.889 Executing VM operation: ICBufferFull done
Event: 19.840 Executing VM operation: ICBufferFull
Event: 19.840 Executing VM operation: ICBufferFull done
Event: 20.850 Executing VM operation: ICBufferFull
Event: 20.850 Executing VM operation: ICBufferFull done
Event: 21.850 Executing VM operation: Cleanup
Event: 21.850 Executing VM operation: Cleanup done
Event: 22.850 Executing VM operation: Cleanup
Event: 22.850 Executing VM operation: Cleanup done
Event: 24.151 Executing VM operation: ICBufferFull
Event: 24.151 Executing VM operation: ICBufferFull done

Events (20 events):
Event: 10.499 Thread 0x0000013a23533a10 Thread added: 0x0000013a23533a10
Event: 10.513 Thread 0x0000013a23535220 Thread added: 0x0000013a23535220
Event: 10.716 Thread 0x0000013a23533070 Thread exited: 0x0000013a23533070
Event: 10.817 Thread 0x0000013a23790330 Thread exited: 0x0000013a23790330
Event: 10.817 Thread 0x0000013a2378f910 Thread exited: 0x0000013a2378f910
Event: 12.225 Thread 0x0000013a2378e4d0 Thread exited: 0x0000013a2378e4d0
Event: 12.431 Thread 0x0000013a20129380 Thread exited: 0x0000013a20129380
Event: 14.302 Thread 0x0000013a2011cb00 Thread exited: 0x0000013a2011cb00
Event: 14.525 Thread 0x0000013a23536090 Thread added: 0x0000013a23536090
Event: 14.532 Thread 0x0000013a23536a30 Thread added: 0x0000013a23536a30
Event: 14.733 Thread 0x0000013a23536090 Thread exited: 0x0000013a23536090
Event: 16.775 Thread 0x0000013a23533070 Thread added: 0x0000013a23533070
Event: 16.778 Thread 0x0000013a235343b0 Thread added: 0x0000013a235343b0
Event: 16.978 Thread 0x0000013a23533070 Thread exited: 0x0000013a23533070
Event: 19.409 Thread 0x0000013a23536090 Thread added: 0x0000013a23536090
Event: 19.416 Thread 0x0000013a23533ee0 Thread added: 0x0000013a23533ee0
Event: 19.616 Thread 0x0000013a23536090 Thread exited: 0x0000013a23536090
Event: 22.011 Thread 0x0000013a23536090 Thread added: 0x0000013a23536090
Event: 22.017 Thread 0x0000013a23534d50 Thread added: 0x0000013a23534d50
Event: 22.218 Thread 0x0000013a23536090 Thread exited: 0x0000013a23536090


Dynamic libraries:
0x00007ff604ae0000 - 0x00007ff604aee000 	C:\Program Files\Eclipse Adoptium\jdk-17.0.1.12-hotspot\bin\java.exe
0x00007ff948230000 - 0x00007ff948427000 	C:\Windows\SYSTEM32\ntdll.dll
0x00007ff9469e0000 - 0x00007ff946a9d000 	C:\Windows\System32\KERNEL32.DLL
0x00007ff945ea0000 - 0x00007ff94616d000 	C:\Windows\System32\KERNELBASE.dll
0x00007ff945a80000 - 0x00007ff945b80000 	C:\Windows\System32\ucrtbase.dll
0x00007ff93c2e0000 - 0x00007ff93c2f8000 	C:\Program Files\Eclipse Adoptium\jdk-17.0.1.12-hotspot\bin\jli.dll
0x00007ff925910000 - 0x00007ff925929000 	C:\Program Files\Eclipse Adoptium\jdk-17.0.1.12-hotspot\bin\VCRUNTIME140.dll
0x00007ff946260000 - 0x00007ff946400000 	C:\Windows\System32\USER32.dll
0x00007ff945a50000 - 0x00007ff945a72000 	C:\Windows\System32\win32u.dll
0x00007ff92fe40000 - 0x00007ff9300da000 	C:\Windows\WinSxS\amd64_microsoft.windows.common-controls_6595b64144ccf1df_6.0.19041.1110_none_60b5254171f9507e\COMCTL32.dll
0x00007ff947fc0000 - 0x00007ff947fea000 	C:\Windows\System32\GDI32.dll
0x00007ff945ce0000 - 0x00007ff945deb000 	C:\Windows\System32\gdi32full.dll
0x00007ff9474e0000 - 0x00007ff94757e000 	C:\Windows\System32\msvcrt.dll
0x00007ff945920000 - 0x00007ff9459bd000 	C:\Windows\System32\msvcp_win.dll
0x00007ff948190000 - 0x00007ff9481c0000 	C:\Windows\System32\IMM32.DLL
0x00007ff93e0a0000 - 0x00007ff93e0ac000 	C:\Program Files\Eclipse Adoptium\jdk-17.0.1.12-hotspot\bin\vcruntime140_1.dll
0x00007ff9219b0000 - 0x00007ff921a41000 	C:\Program Files\Eclipse Adoptium\jdk-17.0.1.12-hotspot\bin\msvcp140.dll
0x00007ff893c00000 - 0x00007ff894846000 	C:\Program Files\Eclipse Adoptium\jdk-17.0.1.12-hotspot\bin\server\jvm.dll
0x00007ff947680000 - 0x00007ff94772e000 	C:\Windows\System32\ADVAPI32.dll
0x00007ff946c70000 - 0x00007ff946d0c000 	C:\Windows\System32\sechost.dll
0x00007ff947350000 - 0x00007ff947475000 	C:\Windows\System32\RPCRT4.dll
0x00007ff947ff0000 - 0x00007ff947ff8000 	C:\Windows\System32\PSAPI.DLL
0x00007ff914b90000 - 0x00007ff914b99000 	C:\Windows\SYSTEM32\WSOCK32.dll
0x00007ff947580000 - 0x00007ff9475eb000 	C:\Windows\System32\WS2_32.dll
0x00007ff93f3b0000 - 0x00007ff93f3ba000 	C:\Windows\SYSTEM32\VERSION.dll
0x00007ff936340000 - 0x00007ff936367000 	C:\Windows\SYSTEM32\WINMM.dll
0x00007ff9441b0000 - 0x00007ff9441c2000 	C:\Windows\SYSTEM32\kernel.appcore.dll
0x00007ff93c0e0000 - 0x00007ff93c0ea000 	C:\Program Files\Eclipse Adoptium\jdk-17.0.1.12-hotspot\bin\jimage.dll
0x00007ff943fa0000 - 0x00007ff944184000 	C:\Windows\SYSTEM32\DBGHELP.DLL
0x00007ff93ccf0000 - 0x00007ff93cd1c000 	C:\Windows\SYSTEM32\dbgcore.DLL
0x00007ff9459c0000 - 0x00007ff945a42000 	C:\Windows\System32\bcryptPrimitives.dll
0x00007ff921740000 - 0x00007ff921765000 	C:\Program Files\Eclipse Adoptium\jdk-17.0.1.12-hotspot\bin\java.dll
0x00007ff89b7b0000 - 0x00007ff89b886000 	C:\Program Files\Eclipse Adoptium\jdk-17.0.1.12-hotspot\bin\svml.dll
0x00007ff947740000 - 0x00007ff947e84000 	C:\Windows\System32\SHELL32.dll
0x00007ff9436c0000 - 0x00007ff943e54000 	C:\Windows\SYSTEM32\windows.storage.dll
0x00007ff9464b0000 - 0x00007ff946804000 	C:\Windows\System32\combase.dll
0x00007ff945380000 - 0x00007ff9453ac000 	C:\Windows\SYSTEM32\Wldp.dll
0x00007ff946400000 - 0x00007ff9464ad000 	C:\Windows\System32\SHCORE.dll
0x00007ff946c10000 - 0x00007ff946c65000 	C:\Windows\System32\shlwapi.dll
0x00007ff945860000 - 0x00007ff94587f000 	C:\Windows\SYSTEM32\profapi.dll
0x00007ff921990000 - 0x00007ff9219a9000 	C:\Program Files\Eclipse Adoptium\jdk-17.0.1.12-hotspot\bin\net.dll
0x00007ff93afe0000 - 0x00007ff93b0ea000 	C:\Windows\SYSTEM32\WINHTTP.dll
0x00007ff9450e0000 - 0x00007ff94514a000 	C:\Windows\system32\mswsock.dll
0x00007ff921970000 - 0x00007ff921985000 	C:\Program Files\Eclipse Adoptium\jdk-17.0.1.12-hotspot\bin\nio.dll
0x00007ff921950000 - 0x00007ff921968000 	C:\Program Files\Eclipse Adoptium\jdk-17.0.1.12-hotspot\bin\zip.dll
0x000000006e700000 - 0x000000006e72a000 	C:\Users\grado\AppData\Local\Temp\libgdxgrado\e1cd32f8\gdx64.dll
0x00007ff921800000 - 0x00007ff921864000 	C:\Users\grado\AppData\Local\Temp\lwjglgrado\3.2.3-build-13\lwjgl.dll
0x00007ff899660000 - 0x00007ff8998b3000 	C:\Users\grado\AppData\Local\Temp\lwjglgrado\3.2.3-build-13\jemalloc.dll
0x00007ff9216d0000 - 0x00007ff921732000 	C:\Users\grado\AppData\Local\Temp\lwjglgrado\3.2.3-build-13\glfw.dll
0x00007ff942e30000 - 0x00007ff942ece000 	C:\Windows\system32\uxtheme.dll
0x00007ff9217b0000 - 0x00007ff9217f5000 	C:\Windows\SYSTEM32\dinput8.dll
0x00007ff921930000 - 0x00007ff921941000 	C:\Windows\SYSTEM32\xinput1_4.dll
0x00007ff946210000 - 0x00007ff94625e000 	C:\Windows\System32\cfgmgr32.dll
0x00007ff9456d0000 - 0x00007ff9456fc000 	C:\Windows\SYSTEM32\DEVOBJ.dll
0x00007ff943070000 - 0x00007ff94309f000 	C:\Windows\SYSTEM32\dwmapi.dll
0x00007ff92a0d0000 - 0x00007ff92a222000 	C:\Windows\SYSTEM32\inputhost.dll
0x00007ff948000000 - 0x00007ff9480cd000 	C:\Windows\System32\OLEAUT32.dll
0x00007ff942a70000 - 0x00007ff942b62000 	C:\Windows\SYSTEM32\CoreMessaging.dll
0x00007ff940fa0000 - 0x00007ff941096000 	C:\Windows\SYSTEM32\PROPSYS.dll
0x00007ff942710000 - 0x00007ff942a6e000 	C:\Windows\SYSTEM32\CoreUIComponents.dll
0x00007ff942040000 - 0x00007ff942194000 	C:\Windows\SYSTEM32\wintypes.dll
0x00007ff944620000 - 0x00007ff944653000 	C:\Windows\SYSTEM32\ntmarta.dll
0x00007ff946810000 - 0x00007ff946925000 	C:\Windows\System32\MSCTF.dll
0x00007ff943e60000 - 0x00007ff943e6d000 	C:\Windows\SYSTEM32\HID.DLL
0x00007ff946d10000 - 0x00007ff94717f000 	C:\Windows\System32\SETUPAPI.DLL
0x00007ff9461e0000 - 0x00007ff946207000 	C:\Windows\System32\bcrypt.dll
0x00007ff946170000 - 0x00007ff9461d7000 	C:\Windows\System32\WINTRUST.dll
0x00007ff945b80000 - 0x00007ff945cd6000 	C:\Windows\System32\CRYPT32.dll
0x00007ff945510000 - 0x00007ff945522000 	C:\Windows\SYSTEM32\MSASN1.dll
0x00007ff899550000 - 0x00007ff89965b000 	C:\Users\grado\AppData\Local\Temp\lwjglgrado\3.2.3-build-13\OpenAL.dll
0x00007ff947e90000 - 0x00007ff947fba000 	C:\Windows\System32\ole32.dll
0x00007ff946930000 - 0x00007ff9469d9000 	C:\Windows\System32\clbcatq.dll
0x00007ff93ee90000 - 0x00007ff93ef15000 	C:\Windows\System32\MMDevApi.dll
0x00007ff93f190000 - 0x00007ff93f312000 	C:\Windows\SYSTEM32\AUDIOSES.DLL
0x00007ff944ef0000 - 0x00007ff944f3b000 	C:\Windows\SYSTEM32\powrprof.dll
0x00007ff944d60000 - 0x00007ff944d72000 	C:\Windows\SYSTEM32\UMPDC.dll
0x00007ff942f70000 - 0x00007ff942f84000 	C:\Windows\SYSTEM32\resourcepolicyclient.dll
0x00007ff8b6470000 - 0x00007ff8b6596000 	C:\Windows\SYSTEM32\opengl32.dll
0x00007ff8b6440000 - 0x00007ff8b646c000 	C:\Windows\SYSTEM32\GLU32.dll
0x00007ff93ebe0000 - 0x00007ff93ecd7000 	C:\Windows\System32\AppXDeploymentClient.dll
0x00007ff8d4330000 - 0x00007ff8d435a000 	C:\Windows\System32\DriverStore\FileRepository\u0361612.inf_amd64_b679e02f70413f9f\B361368\atig6pxx.dll
0x00007ff886690000 - 0x00007ff889376000 	C:\Windows\System32\DriverStore\FileRepository\u0361612.inf_amd64_b679e02f70413f9f\B361368\atio6axx.dll
0x00007ff9410e0000 - 0x00007ff941104000 	C:\Windows\SYSTEM32\dxva2.dll
0x00007ff920f90000 - 0x00007ff920fcc000 	C:\Windows\System32\DriverStore\FileRepository\u0361612.inf_amd64_b679e02f70413f9f\B361368\atig6txx.dll
0x00007ff892d10000 - 0x00007ff892ec9000 	C:\Windows\SYSTEM32\atiadlxx.dll
0x00007ff92ecf0000 - 0x00007ff92ed2b000 	C:\Windows\SYSTEM32\dxcore.dll
0x00007ff89b3e0000 - 0x00007ff89b439000 	C:\Users\grado\AppData\Local\Temp\lwjglgrado\3.2.3-build-13\lwjgl_opengl.dll
0x00007ff92cfc0000 - 0x00007ff92d0b9000 	C:\Windows\SYSTEM32\textinputframework.dll
0x00007ff921910000 - 0x00007ff921921000 	C:\Program Files\Eclipse Adoptium\jdk-17.0.1.12-hotspot\bin\jsound.dll
0x00007ff898f90000 - 0x00007ff89902c000 	C:\Windows\SYSTEM32\DSOUND.dll
0x00007ff9392a0000 - 0x00007ff9392c6000 	C:\Windows\SYSTEM32\winmmbase.dll
0x00007ff92cd60000 - 0x00007ff92cda6000 	C:\Windows\SYSTEM32\wdmaud.drv
0x00007ff941130000 - 0x00007ff941139000 	C:\Windows\SYSTEM32\ksuser.dll
0x00007ff940590000 - 0x00007ff94059a000 	C:\Windows\SYSTEM32\AVRT.dll
0x00007ff93c6e0000 - 0x00007ff93c6ed000 	C:\Windows\SYSTEM32\msacm32.drv
0x00007ff939500000 - 0x00007ff93951e000 	C:\Windows\SYSTEM32\MSACM32.dll
0x00007ff93c250000 - 0x00007ff93c25b000 	C:\Windows\SYSTEM32\midimap.dll
0x00007ff92bd20000 - 0x00007ff92be61000 	C:\Windows\System32\Windows.UI.dll
0x00007ff931d30000 - 0x00007ff931dd1000 	C:\Windows\System32\WindowManagementAPI.dll
0x00007ff93ef20000 - 0x00007ff93f120000 	C:\Windows\SYSTEM32\twinapi.appcore.dll

dbghelp: loaded successfully - version: 4.0.5 - missing functions: none
symbol engine: initialized successfully - sym options: 0x614 - pdb path: .;C:\Program Files\Eclipse Adoptium\jdk-17.0.1.12-hotspot\bin;C:\Windows\SYSTEM32;C:\Windows\WinSxS\amd64_microsoft.windows.common-controls_6595b64144ccf1df_6.0.19041.1110_none_60b5254171f9507e;C:\Program Files\Eclipse Adoptium\jdk-17.0.1.12-hotspot\bin\server;C:\Users\grado\AppData\Local\Temp\libgdxgrado\e1cd32f8;C:\Users\grado\AppData\Local\Temp\lwjglgrado\3.2.3-build-13;C:\Windows\System32\DriverStore\FileRepository\u0361612.inf_amd64_b679e02f70413f9f\B361368

VM Arguments:
jvm_args: -XX:+ShowCodeDetailsInExceptionMessages 
java_command: com.crazyputting3d.Main
java_class_path (initial): C:\Users\grado\Documents\Group-04\3dcrazyputting\desktop\bin\main;\CrazyPutting3D-core\bin\default;C:\Users\grado\Documents\Group-04\3dcrazyputting\core\bin\main;C:\Users\grado\.gradle\caches\modules-2\files-2.1\com.badlogicgames.gdx\gdx-backend-lwjgl3\1.10.0\600c7d5b2c977daa82c4abad147087b31e0ada87\gdx-backend-lwjgl3-1.10.0.jar;C:\Users\grado\.gradle\caches\modules-2\files-2.1\com.badlogicgames.gdx\gdx-platform\1.10.0\9a8fa793d2fd6d360afc6c9e4c1f5583da263b88\gdx-platform-1.10.0-natives-desktop.jar;C:\Users\grado\.gradle\caches\modules-2\files-2.1\com.badlogicgames.gdx\gdx-bullet-platform\1.10.0\ce92e8dfc762523d769cbc50853163c03bf98cf1\gdx-bullet-platform-1.10.0-natives-desktop.jar;C:\Users\grado\.gradle\caches\modules-2\files-2.1\com.badlogicgames.gdx\gdx-freetype-platform\1.10.0\6e5d28752759e69384f12e4569d2c884ff71352f\gdx-freetype-platform-1.10.0-natives-desktop.jar;C:\Users\grado\.gradle\caches\modules-2\files-2.1\com.badlogicgames.gdx-controllers\gdx-controllers-desktop\2.2.1\cb3430c32468a090eca54d494d16bb3764ceff9b\gdx-controllers-desktop-2.2.1.jar;C:\Users\grado\.gradle\caches\modules-2\files-2.1\org.jetbrains\annotations\20.1.0\2fcd1f3225bca0c4a7bc931142076f8c1e80993f\annotations-20.1.0.jar;C:\Users\grado\.gradle\caches\modules-2\files-2.1\com.badlogicgames.gdx\gdx-bullet\1.10.0\839b58c7278f5c3b55291c3a559d91227400ecdb\gdx-bullet-1.10.0.jar;C:\Users\grado\.gradle\caches\modules-2\files-2.1\com.badlogicgames.gdx\gdx-freetype\1.10.0\de1d0d5c1e92e8d91364256fd6b7bb279d3e9859\gdx-freetype-1.10.0.jar;C:\Users\grado\.gradle\caches\modules-2\files-2.1\com.badlogicgames.gdx\gdx-ai\1.8.2\ab75d2ce80ab1b1ce6828a15dc0f417abac4c674\gdx-ai-1.8.2.jar;C:\Users\grado\.gradle\caches\modules-2\files-2.1\com.badlogicgames.ashley\ashley\1.7.4\21a3a8932919099c4e5006a7d8378dcbe76ef8a5\ashley-1.7.4.jar;C:\Users\grado\.gradle\caches\modules-2\files-2.1\com.badlogicgames.box2dlights\box2dlights\1.5\6902dbcd250c95a27973aa24a147a95b3828d348\box2dlights-1.5.j
Launcher Type: SUN_STANDARD

[Global flags]
     intx CICompilerCount                          = 12                                        {product} {ergonomic}
     uint ConcGCThreads                            = 3                                         {product} {ergonomic}
     uint G1ConcRefinementThreads                  = 13                                        {product} {ergonomic}
   size_t G1HeapRegionSize                         = 2097152                                   {product} {ergonomic}
    uintx GCDrainStackTargetSize                   = 64                                        {product} {ergonomic}
   size_t InitialHeapSize                          = 257949696                                 {product} {ergonomic}
   size_t MarkStackSize                            = 4194304                                   {product} {ergonomic}
   size_t MaxHeapSize                              = 4127195136                                {product} {ergonomic}
   size_t MaxNewSize                               = 2474639360                                {product} {ergonomic}
   size_t MinHeapDeltaBytes                        = 2097152                                   {product} {ergonomic}
   size_t MinHeapSize                              = 8388608                                   {product} {ergonomic}
    uintx NonNMethodCodeHeapSize                   = 7602480                                {pd product} {ergonomic}
    uintx NonProfiledCodeHeapSize                  = 122027880                              {pd product} {ergonomic}
    uintx ProfiledCodeHeapSize                     = 122027880                              {pd product} {ergonomic}
    uintx ReservedCodeCacheSize                    = 251658240                              {pd product} {ergonomic}
     bool SegmentedCodeCache                       = true                                      {product} {ergonomic}
     bool ShowCodeDetailsInExceptionMessages       = true                                   {manageable} {command line}
   size_t SoftMaxHeapSize                          = 4127195136                             {manageable} {ergonomic}
     bool UseCompressedClassPointers               = true                           {product lp64_product} {ergonomic}
     bool UseCompressedOops                        = true                           {product lp64_product} {ergonomic}
     bool UseG1GC                                  = true                                      {product} {ergonomic}
     bool UseLargePagesIndividualAllocation        = false                                  {pd product} {ergonomic}

Logging:
Log output configuration:
 #0: stdout all=warning uptime,level,tags
 #1: stderr all=off uptime,level,tags

Environment Variables:
PATH=C:\Program Files\Common Files\Oracle\Java\javapath;C:\Windows\system32;C:\Windows;C:\Windows\System32\Wbem;C:\Windows\System32\WindowsPowerShell\v1.0\;C:\Windows\System32\OpenSSH\;C:\Program Files (x86)\NVIDIA Corporation\PhysX\Common;C:\Program Files\NVIDIA Corporation\NVIDIA NvDLISR;C:\Program Files\MATLAB\R2022a\bin;C:\Program Files\Gradle\gradle-7.4.2\bin;C:\Program Files\Git\cmd;C:\Users\grado\AppData\Local\Microsoft\WindowsApps;C:\Users\grado\AppData\Local\Programs\Microsoft VS Code\bin;C:\Users\grado\AppData\Local\GitHubDesktop\bin
USERNAME=grado
LANG=en_US.UTF-8
OS=Windows_NT
PROCESSOR_IDENTIFIER=AMD64 Family 23 Model 96 Stepping 1, AuthenticAMD



---------------  S Y S T E M  ---------------

OS:
 Windows 10 , 64 bit Build 19041 (10.0.19041.1741)
OS uptime: 1 days 16:28 hours

CPU: total 16 (initial active 16) (16 cores per cpu, 2 threads per core) family 23 model 96 stepping 1 microcode 0x0, cx8, cmov, fxsr, ht, mmx, 3dnowpref, sse, sse2, sse3, ssse3, sse4a, sse4.1, sse4.2, popcnt, lzcnt, tsc, tscinvbit, avx, avx2, aes, clmul, bmi1, bmi2, adx, sha, fma, vzeroupper, clflush, clflushopt

Memory: 4k page, system-wide physical 15741M (5626M free)
TotalPageFile size 22653M (AvailPageFile size 8317M)
current process WorkingSet (physical memory assigned to process): 355M, peak: 414M
current process commit charge ("private bytes"): 622M, peak: 693M

vm_info: OpenJDK 64-Bit Server VM (17.0.1+12) for windows-amd64 JRE (17.0.1+12), built on Oct 20 2021 07:42:55 by "" with MS VC++ 16.7 (VS2019)

END.
