#
# A fatal error has been detected by the Java Runtime Environment:
#
#  EXCEPTION_ACCESS_VIOLATION (0xc0000005) at pc=0x000001d339ba0000, pid=24160, tid=9208
#
# JRE version: OpenJDK Runtime Environment Temurin-17.0.1+12 (17.0.1+12) (build 17.0.1+12)
# Java VM: OpenJDK 64-Bit Server VM Temurin-17.0.1+12 (17.0.1+12, mixed mode, sharing, tiered, compressed oops, compressed class ptrs, g1 gc, windows-amd64)
# Problematic frame:
# C  0x000001d339ba0000
#
# No core dump will be written. Minidumps are not enabled by default on client versions of Windows
#
# If you would like to submit a bug report, please visit:
#   https://github.com/adoptium/adoptium-support/issues
# The crash happened outside the Java Virtual Machine in native code.
# See problematic frame for where to report the bug.
#

---------------  S U M M A R Y ------------

Command Line: -XX:+ShowCodeDetailsInExceptionMessages com.crazyputting3d.Main

Host: AMD Ryzen 7 4800H with Radeon Graphics         , 16 cores, 15G,  Windows 10 , 64 bit Build 19041 (10.0.19041.1706)
Time: Fri Jun 17 17:20:41 2022 Central European Daylight Time elapsed time: 29.209763 seconds (0d 0h 0m 29s)

---------------  T H R E A D  ---------------

Current thread (0x000001d316524470):  JavaThread "main" [_thread_in_native, id=9208, stack(0x000000ab9a100000,0x000000ab9a200000)]

Stack: [0x000000ab9a100000,0x000000ab9a200000],  sp=0x000000ab9a1fe9f8,  free space=1018k
Native frames: (J=compiled Java code, j=interpreted, Vv=VM code, C=native code)
C  0x000001d339ba0000

Java frames: (J=compiled Java code, j=interpreted, Vv=VM code)
J 1183  org.lwjgl.system.JNI.invokePV(JJ)V (0 bytes) @ 0x000001d325beed6c [0x000001d325beed20+0x000000000000004c]
J 1349 c1 org.lwjgl.glfw.GLFW.glfwSwapBuffers(J)V (21 bytes) @ 0x000001d31e9bb5ac [0x000001d31e9bb4c0+0x00000000000000ec]
j  com.badlogic.gdx.backends.lwjgl3.Lwjgl3Window.update()Z+196
j  com.badlogic.gdx.backends.lwjgl3.Lwjgl3Application.loop()V+111
j  com.badlogic.gdx.backends.lwjgl3.Lwjgl3Application.<init>(Lcom/badlogic/gdx/ApplicationListener;Lcom/badlogic/gdx/backends/lwjgl3/Lwjgl3ApplicationConfiguration;)V+243
j  com.crazyputting3d.Main.main([Ljava/lang/String;)V+41
v  ~StubRoutines::call_stub

siginfo: EXCEPTION_ACCESS_VIOLATION (0xc0000005), data execution prevention violation at address 0x000001d339ba0000


Register to memory mapping:

RIP=0x000001d339ba0000 is an unknown value
RAX=0x000001d339ba0000 is an unknown value
RBX=0x0000000000010001 is an unknown value
RCX=0x0000000000010001 is an unknown value
RDX=0x000000ab9a1fea30 is pointing into the stack for thread: 0x000001d316524470
RSP=0x000000ab9a1fe9f8 is pointing into the stack for thread: 0x000001d316524470
RBP=0x000000ab9a1feb00 is pointing into the stack for thread: 0x000001d316524470
RSI=0x0000000000000110 is an unknown value
RDI=0x0000000000001aaf is an unknown value
R8 =0x000001d33aca7ab0 points into unknown readable memory: 0x000001d33db21eb0 | b0 1e b2 3d d3 01 00 00
R9 =0x00007ffd9ef51b50 glfw.dll
R10=0x00007ffdb1891b10 lwjgl.dll
R11=0x000000ab9a1fee68 is pointing into the stack for thread: 0x000001d316524470
R12=0x0 is NULL
R13=0x000000ab9a1fef70 is pointing into the stack for thread: 0x000001d316524470
R14=0x000000ab9a1feec0 is pointing into the stack for thread: 0x000001d316524470
R15=0x000001d316524470 is a thread


Registers:
RAX=0x000001d339ba0000, RBX=0x0000000000010001, RCX=0x0000000000010001, RDX=0x000000ab9a1fea30
RSP=0x000000ab9a1fe9f8, RBP=0x000000ab9a1feb00, RSI=0x0000000000000110, RDI=0x0000000000001aaf
R8 =0x000001d33aca7ab0, R9 =0x00007ffd9ef51b50, R10=0x00007ffdb1891b10, R11=0x000000ab9a1fee68
R12=0x0000000000000000, R13=0x000000ab9a1fef70, R14=0x000000ab9a1feec0, R15=0x000001d316524470
RIP=0x000001d339ba0000, EFLAGS=0x0000000000010206

Top of Stack: (sp=0x000000ab9a1fe9f8)
0x000000ab9a1fe9f8:   00007ffd9ef51f7c 000000070b231c98
0x000000ab9a1fea08:   000001d325bee205 000000070a0cd240
0x000000ab9a1fea18:   000000070b2360f0 000000070b21c9c8
0x000000ab9a1fea28:   000001d325d5b3e8 57464c4720656854
0x000000ab9a1fea38:   7972617262696c20 20746f6e20736920
0x000000ab9a1fea48:   696c616974696e69 000000070064657a
0x000000ab9a1fea58:   438c000041700000 000000070b21c818
0x000000ab9a1fea68:   000001d31e94af7c 000000070b21c9c8
0x000000ab9a1fea78:   00007ffd831e52f6 000000ab9a1feec0
0x000000ab9a1fea88:   000001d31e9376d4 000000ab9a1feb68
0x000000ab9a1fea98:   00007ffd831e5e62 000001d316524470
0x000000ab9a1feaa8:   0000000000000000 00000000000001cc
0x000000ab9a1feab8:   0000000000000000 0000000000000000
0x000000ab9a1feac8:   000000006e7020f4 000001d316524718
0x000000ab9a1fead8:   00007ffd831e5481 000000070b2319e8
0x000000ab9a1feae8:   000001d325bea505 0000000200000003 

Instructions: (pc=0x000001d339ba0000)
0x000001d339b9ff00:   ?? ?? ?? ?? ?? ?? ?? ?? ?? ?? ?? ?? ?? ?? ?? ??
0x000001d339b9ff10:   ?? ?? ?? ?? ?? ?? ?? ?? ?? ?? ?? ?? ?? ?? ?? ??
0x000001d339b9ff20:   ?? ?? ?? ?? ?? ?? ?? ?? ?? ?? ?? ?? ?? ?? ?? ??
0x000001d339b9ff30:   ?? ?? ?? ?? ?? ?? ?? ?? ?? ?? ?? ?? ?? ?? ?? ??
0x000001d339b9ff40:   ?? ?? ?? ?? ?? ?? ?? ?? ?? ?? ?? ?? ?? ?? ?? ??
0x000001d339b9ff50:   ?? ?? ?? ?? ?? ?? ?? ?? ?? ?? ?? ?? ?? ?? ?? ??
0x000001d339b9ff60:   ?? ?? ?? ?? ?? ?? ?? ?? ?? ?? ?? ?? ?? ?? ?? ??
0x000001d339b9ff70:   ?? ?? ?? ?? ?? ?? ?? ?? ?? ?? ?? ?? ?? ?? ?? ??
0x000001d339b9ff80:   ?? ?? ?? ?? ?? ?? ?? ?? ?? ?? ?? ?? ?? ?? ?? ??
0x000001d339b9ff90:   ?? ?? ?? ?? ?? ?? ?? ?? ?? ?? ?? ?? ?? ?? ?? ??
0x000001d339b9ffa0:   ?? ?? ?? ?? ?? ?? ?? ?? ?? ?? ?? ?? ?? ?? ?? ??
0x000001d339b9ffb0:   ?? ?? ?? ?? ?? ?? ?? ?? ?? ?? ?? ?? ?? ?? ?? ??
0x000001d339b9ffc0:   ?? ?? ?? ?? ?? ?? ?? ?? ?? ?? ?? ?? ?? ?? ?? ??
0x000001d339b9ffd0:   ?? ?? ?? ?? ?? ?? ?? ?? ?? ?? ?? ?? ?? ?? ?? ??
0x000001d339b9ffe0:   ?? ?? ?? ?? ?? ?? ?? ?? ?? ?? ?? ?? ?? ?? ?? ??
0x000001d339b9fff0:   ?? ?? ?? ?? ?? ?? ?? ?? ?? ?? ?? ?? ?? ?? ?? ??
0x000001d339ba0000:   ?? ?? ?? ?? ?? ?? ?? ?? ?? ?? ?? ?? ?? ?? ?? ??
0x000001d339ba0010:   ?? ?? ?? ?? ?? ?? ?? ?? ?? ?? ?? ?? ?? ?? ?? ??
0x000001d339ba0020:   ?? ?? ?? ?? ?? ?? ?? ?? ?? ?? ?? ?? ?? ?? ?? ??
0x000001d339ba0030:   ?? ?? ?? ?? ?? ?? ?? ?? ?? ?? ?? ?? ?? ?? ?? ??
0x000001d339ba0040:   ?? ?? ?? ?? ?? ?? ?? ?? ?? ?? ?? ?? ?? ?? ?? ??
0x000001d339ba0050:   ?? ?? ?? ?? ?? ?? ?? ?? ?? ?? ?? ?? ?? ?? ?? ??
0x000001d339ba0060:   ?? ?? ?? ?? ?? ?? ?? ?? ?? ?? ?? ?? ?? ?? ?? ??
0x000001d339ba0070:   ?? ?? ?? ?? ?? ?? ?? ?? ?? ?? ?? ?? ?? ?? ?? ??
0x000001d339ba0080:   ?? ?? ?? ?? ?? ?? ?? ?? ?? ?? ?? ?? ?? ?? ?? ??
0x000001d339ba0090:   ?? ?? ?? ?? ?? ?? ?? ?? ?? ?? ?? ?? ?? ?? ?? ??
0x000001d339ba00a0:   ?? ?? ?? ?? ?? ?? ?? ?? ?? ?? ?? ?? ?? ?? ?? ??
0x000001d339ba00b0:   ?? ?? ?? ?? ?? ?? ?? ?? ?? ?? ?? ?? ?? ?? ?? ??
0x000001d339ba00c0:   ?? ?? ?? ?? ?? ?? ?? ?? ?? ?? ?? ?? ?? ?? ?? ??
0x000001d339ba00d0:   ?? ?? ?? ?? ?? ?? ?? ?? ?? ?? ?? ?? ?? ?? ?? ??
0x000001d339ba00e0:   ?? ?? ?? ?? ?? ?? ?? ?? ?? ?? ?? ?? ?? ?? ?? ??
0x000001d339ba00f0:   ?? ?? ?? ?? ?? ?? ?? ?? ?? ?? ?? ?? ?? ?? ?? ?? 


Stack slot to memory mapping:
stack at sp + 0 slots: 0x00007ffd9ef51f7c glfw.dll
stack at sp + 1 slots: 0x000000070b231c98 is an oop: [Lcom.badlogic.gdx.scenes.scene2d.Actor; 
{0x000000070b231c98} - klass: 'com/badlogic/gdx/scenes/scene2d/Actor'[]
 - length: 4
stack at sp + 2 slots: 0x000001d325bee205 is at entry_point+229 in (nmethod*)0x000001d325bedf90
stack at sp + 3 slots: 0x000000070a0cd240 is an oop: java.lang.Class 
{0x000000070a0cd240} - klass: 'java/lang/Class'
 - ---- fields (total size 54 words):
 - private volatile transient 'classRedefinedCount' 'I' @12  0
 - private volatile transient 'cachedConstructor' 'Ljava/lang/reflect/Constructor;' @40  NULL (0)
 - private transient 'name' 'Ljava/lang/String;' @44  "org.lwjgl.opengl.GL20C"{0x000000070a0cd3f0} (e1419a7e)
 - private transient 'module' 'Ljava/lang/Module;' @48  a 'java/lang/Module'{0x000000070b25b748} (e164b6e9)
 - private final 'classLoader' 'Ljava/lang/ClassLoader;' @52  a 'jdk/internal/loader/ClassLoaders$AppClassLoader'{0x000000070b210070} (e164200e)
 - private transient 'classData' 'Ljava/lang/Object;' @56  NULL (0)
 - private transient 'packageName' 'Ljava/lang/String;' @60  "org.lwjgl.opengl"{0x000000070a0cd430} (e1419a86)
 - private final 'componentType' 'Ljava/lang/Class;' @64  NULL (0)
 - private volatile transient 'reflectionData' 'Ljava/lang/ref/SoftReference;' @68  NULL (0)
 - private volatile transient 'genericInfo' 'Lsun/reflect/generics/repository/ClassRepository;' @72  NULL (0)
 - private volatile transient 'enumConstants' '[Ljava/lang/Object;' @76  NULL (0)
 - private volatile transient 'enumConstantDirectory' 'Ljava/util/Map;' @80  NULL (0)
 - private volatile transient 'annotationData' 'Ljava/lang/Class$AnnotationData;' @84  NULL (0)
 - private volatile transient 'annotationType' 'Lsun/reflect/annotation/AnnotationType;' @88  NULL (0)
 - transient 'classValueMap' 'Ljava/lang/ClassValue$ClassValueMap;' @92  NULL (0)
 - signature: Lorg/lwjgl/opengl/GL20C;
 - fake entry for mirror: 'org/lwjgl/opengl/GL20C'
 - fake entry for array: NULL
 - fake entry for oop_size: 54
 - fake entry for static_oop_field_count: 0
 - public static final 'GL_SHADING_LANGUAGE_VERSION' 'I' @112  35724 (8b8c)
 - public static final 'GL_CURRENT_PROGRAM' 'I' @116  35725 (8b8d)
 - public static final 'GL_SHADER_TYPE' 'I' @120  35663 (8b4f)
 - public static final 'GL_DELETE_STATUS' 'I' @124  35712 (8b80)
 - public static final 'GL_COMPILE_STATUS' 'I' @128  35713 (8b81)
 - public static final 'GL_LINK_STATUS' 'I' @132  35714 (8b82)
 - public static final 'GL_VALIDATE_STATUS' 'I' @136  35715 (8b83)
 - public static final 'GL_INFO_LOG_LENGTH' 'I' @140  35716 (8b84)
 - public static final 'GL_ATTACHED_SHADERS' 'I' @144  35717 (8b85)
 - public static final 'GL_ACTIVE_UNIFORMS' 'I' @148  35718 (8b86)
 - public static final 'GL_ACTIVE_UNIFORM_MAX_LENGTH' 'I' @152  35719 (8b87)
 - public static final 'GL_ACTIVE_ATTRIBUTES' 'I' @156  35721 (8b89)
 - public static final 'GL_ACTIVE_ATTRIBUTE_MAX_LENGTH' 'I' @160  35722 (8b8a)
 - public static final 'GL_SHADER_SOURCE_LENGTH' 'I' @164  35720 (8b88)
 - public static final 'GL_FLOAT_VEC2' 'I' @168  35664 (8b50)
 - public static final 'GL_FLOAT_VEC3' 'I' @172  35665 (8b51)
 - public static final 'GL_FLOAT_VEC4' 'I' @176  35666 (8b52)
 - public static final 'GL_INT_VEC2' 'I' @180  35667 (8b53)
 - public static final 'GL_INT_VEC3' 'I' @184  35668 (8b54)
 - public static final 'GL_INT_VEC4' 'I' @188  35669 (8b55)
 - public static final 'GL_BOOL' 'I' @192  35670 (8b56)
 - public static final 'GL_BOOL_VEC2' 'I' @196  35671 (8b57)
 - public static final 'GL_BOOL_VEC3' 'I' @200  35672 (8b58)
 - public static final 'GL_BOOL_VEC4' 'I' @204  35673 (8b59)
 - public static final 'GL_FLOAT_MAT2' 'I' @208  35674 (8b5a)
 - public static final 'GL_FLOAT_MAT3' 'I' @212  35675 (8b5b)
 - public static final 'GL_FLOAT_MAT4' 'I' @216  35676 (8b5c)
 - public static final 'GL_SAMPLER_1D' 'I' @220  35677 (8b5d)
 - public static final 'GL_SAMPLER_2D' 'I' @224  35678 (8b5e)
 - public static final 'GL_SAMPLER_3D' 'I' @228  35679 (8b5f)
 - public static final 'GL_SAMPLER_CUBE' 'I' @232  35680 (8b60)
 - public static final 'GL_SAMPLER_1D_SHADOW' 'I' @236  35681 (8b61)
 - public static final 'GL_SAMPLER_2D_SHADOW' 'I' @240  35682 (8b62)
 - public static final 'GL_VERTEX_SHADER' 'I' @244  35633 (8b31)
 - public static final 'GL_MAX_VERTEX_UNIFORM_COMPONENTS' 'I' @248  35658 (8b4a)
 - public static final 'GL_MAX_VARYING_FLOATS' 'I' @252  35659 (8b4b)
 - public static final 'GL_MAX_VERTEX_ATTRIBS' 'I' @256  34921 (8869)
 - public static final 'GL_MAX_TEXTURE_IMAGE_UNITS' 'I' @260  34930 (8872)
 - public static final 'GL_MAX_VERTEX_TEXTURE_IMAGE_UNITS' 'I' @264  35660 (8b4c)
 - public static final 'GL_MAX_COMBINED_TEXTURE_IMAGE_UNITS' 'I' @268  35661 (8b4d)
 - public static final 'GL_VERTEX_PROGRAM_POINT_SIZE' 'I' @272  34370 (8642)
 - public static final 'GL_VERTEX_ATTRIB_ARRAY_ENABLED' 'I' @276  34338 (8622)
 - public static final 'GL_VERTEX_ATTRIB_ARRAY_SIZE' 'I' @280  34339 (8623)
 - public static final 'GL_VERTEX_ATTRIB_ARRAY_STRIDE' 'I' @284  34340 (8624)
 - public static final 'GL_VERTEX_ATTRIB_ARRAY_TYPE' 'I' @288  34341 (8625)
 - public static final 'GL_VERTEX_ATTRIB_ARRAY_NORMALIZED' 'I' @292  34922 (886a)
 - public static final 'GL_CURRENT_VERTEX_ATTRIB' 'I' @296  34342 (8626)
 - public static final 'GL_VERTEX_ATTRIB_ARRAY_POINTER' 'I' @300  34373 (8645)
 - public static final 'GL_FRAGMENT_SHADER' 'I' @304  35632 (8b30)
 - public static final 'GL_MAX_FRAGMENT_UNIFORM_COMPONENTS' 'I' @308  35657 (8b49)
 - public static final 'GL_FRAGMENT_SHADER_DERIVATIVE_HINT' 'I' @312  35723 (8b8b)
 - public static final 'GL_MAX_DRAW_BUFFERS' 'I' @316  34852 (8824)
 - public static final 'GL_DRAW_BUFFER0' 'I' @320  34853 (8825)
 - public static final 'GL_DRAW_BUFFER1' 'I' @324  34854 (8826)
 - public static final 'GL_DRAW_BUFFER2' 'I' @328  34855 (8827)
 - public static final 'GL_DRAW_BUFFER3' 'I' @332  34856 (8828)
 - public static final 'GL_DRAW_BUFFER4' 'I' @336  34857 (8829)
 - public static final 'GL_DRAW_BUFFER5' 'I' @340  34858 (882a)
 - public static final 'GL_DRAW_BUFFER6' 'I' @344  34859 (882b)
 - public static final 'GL_DRAW_BUFFER7' 'I' @348  34860 (882c)
 - public static final 'GL_DRAW_BUFFER8' 'I' @352  34861 (882d)
 - public static final 'GL_DRAW_BUFFER9' 'I' @356  34862 (882e)
 - public static final 'GL_DRAW_BUFFER10' 'I' @360  34863 (882f)
 - public static final 'GL_DRAW_BUFFER11' 'I' @364  34864 (8830)
 - public static final 'GL_DRAW_BUFFER12' 'I' @368  34865 (8831)
 - public static final 'GL_DRAW_BUFFER13' 'I' @372  34866 (8832)
 - public static final 'GL_DRAW_BUFFER14' 'I' @376  34867 (8833)
 - public static final 'GL_DRAW_BUFFER15' 'I' @380  34868 (8834)
 - public static final 'GL_POINT_SPRITE_COORD_ORIGIN' 'I' @384  36000 (8ca0)
 - public static final 'GL_LOWER_LEFT' 'I' @388  36001 (8ca1)
 - public static final 'GL_UPPER_LEFT' 'I' @392  36002 (8ca2)
 - public static final 'GL_BLEND_EQUATION_RGB' 'I' @396  32777 (8009)
 - public static final 'GL_BLEND_EQUATION_ALPHA' 'I' @400  34877 (883d)
 - public static final 'GL_STENCIL_BACK_FUNC' 'I' @404  34816 (8800)
 - public static final 'GL_STENCIL_BACK_FAIL' 'I' @408  34817 (8801)
 - public static final 'GL_STENCIL_BACK_PASS_DEPTH_FAIL' 'I' @412  34818 (8802)
 - public static final 'GL_STENCIL_BACK_PASS_DEPTH_PASS' 'I' @416  34819 (8803)
 - public static final 'GL_STENCIL_BACK_REF' 'I' @420  36003 (8ca3)
 - public static final 'GL_STENCIL_BACK_VALUE_MASK' 'I' @424  36004 (8ca4)
 - public static final 'GL_STENCIL_BACK_WRITEMASK' 'I' @428  36005 (8ca5)
stack at sp + 4 slots: 0x000000070b2360f0 is an oop: com.badlogic.gdx.graphics.g2d.NinePatch 
{0x000000070b2360f0} - klass: 'com/badlogic/gdx/graphics/g2d/NinePatch'
 - ---- fields (total size 13 words):
 - private 'bottomLeft' 'I' @12  -1 (ffffffff)
 - private 'bottomCenter' 'I' @16  -1 (ffffffff)
 - private 'bottomRight' 'I' @20  -1 (ffffffff)
 - private 'middleLeft' 'I' @24  -1 (ffffffff)
 - private 'middleCenter' 'I' @28  0
 - private 'middleRight' 'I' @32  -1 (ffffffff)
 - private 'topLeft' 'I' @36  -1 (ffffffff)
 - private 'topCenter' 'I' @40  -1 (ffffffff)
 - private 'topRight' 'I' @44  -1 (ffffffff)
 - private 'leftWidth' 'F' @48  0.000000
 - private 'rightWidth' 'F' @52  0.000000
 - private 'middleWidth' 'F' @56  156.000000 (431c0000)
 - private 'middleHeight' 'F' @60  59.000000 (426c0000)
 - private 'topHeight' 'F' @64  0.000000
 - private 'bottomHeight' 'F' @68  0.000000
 - private 'idx' 'I' @72  20 (14)
 - private 'padLeft' 'F' @76  10.000000 (41200000)
 - private 'padRight' 'F' @80  12.000000 (41400000)
 - private 'padTop' 'F' @84  9.000000 (41100000)
 - private 'padBottom' 'F' @88  15.000000 (41700000)
 - private 'texture' 'Lcom/badlogic/gdx/graphics/Texture;' @92  a 'com/badlogic/gdx/graphics/Texture'{0x000000070b234f98} (e16469f3)
 - private 'vertices' '[F' @96  [F{0x000000070b236158} (e1646c2b)
 - private final 'color' 'Lcom/badlogic/gdx/graphics/Color;' @100  a 'com/badlogic/gdx/graphics/Color'{0x000000070b2361b8} (e1646c37)
stack at sp + 5 slots: 0x000000070b21c9c8 is an oop: java.nio.DirectFloatBufferU 
{0x000000070b21c9c8} - klass: 'java/nio/DirectFloatBufferU'
 - ---- fields (total size 7 words):
 - private 'mark' 'I' @12  -1 (ffffffff)
 - 'address' 'J' @16  2006755026672 (3beba6f0 1d3)
 - private 'position' 'I' @24  3
 - private 'limit' 'I' @28  460 (1cc)
 - private 'capacity' 'I' @32  20000 (4e20)
 - final 'segment' 'Ljdk/internal/access/foreign/MemorySegmentProxy;' @36  NULL (0)
 - final 'offset' 'I' @40  0
 - 'isReadOnly' 'Z' @44  false
 - final 'hb' '[F' @48  NULL (0)
 - private final 'att' 'Ljava/lang/Object;' @52  a 'java/nio/DirectByteBuffer'{0x000000070b21ca00} (e1643940)
stack at sp + 6 slots: 0x000001d325d5b3e8 is at entry_point+296 in (nmethod*)0x000001d325d5b110
stack at sp + 7 slots: 0x57464c4720656854 is an unknown value


---------------  P R O C E S S  ---------------

Threads class SMR info:
_java_thread_list=0x000001d34ce226d0, length=21, elements={
0x000001d316524470, 0x000001d339a3c080, 0x000001d339a3dd00, 0x000001d339a534b0,
0x000001d339a53e60, 0x000001d339a54810, 0x000001d339a557d0, 0x000001d339a568c0,
0x000001d339a5b7c0, 0x000001d339a5e1c0, 0x000001d33a54fe60, 0x000001d33a555ec0,
0x000001d33dbe98e0, 0x000001d34651c840, 0x000001d34b76c040, 0x000001d34c0ee7d0,
0x000001d34c5b0090, 0x000001d34bd23f90, 0x000001d34d117530, 0x000001d34d1166c0,
0x000001d34d117a00
}

Java Threads: ( => current thread )
=>0x000001d316524470 JavaThread "main" [_thread_in_native, id=9208, stack(0x000000ab9a100000,0x000000ab9a200000)]
  0x000001d339a3c080 JavaThread "Reference Handler" daemon [_thread_blocked, id=21680, stack(0x000000ab9a800000,0x000000ab9a900000)]
  0x000001d339a3dd00 JavaThread "Finalizer" daemon [_thread_blocked, id=8284, stack(0x000000ab9a900000,0x000000ab9aa00000)]
  0x000001d339a534b0 JavaThread "Signal Dispatcher" daemon [_thread_blocked, id=25724, stack(0x000000ab9aa00000,0x000000ab9ab00000)]
  0x000001d339a53e60 JavaThread "Attach Listener" daemon [_thread_blocked, id=21712, stack(0x000000ab9ab00000,0x000000ab9ac00000)]
  0x000001d339a54810 JavaThread "Service Thread" daemon [_thread_blocked, id=25976, stack(0x000000ab9ac00000,0x000000ab9ad00000)]
  0x000001d339a557d0 JavaThread "Monitor Deflation Thread" daemon [_thread_blocked, id=17760, stack(0x000000ab9ad00000,0x000000ab9ae00000)]
  0x000001d339a568c0 JavaThread "C2 CompilerThread0" daemon [_thread_blocked, id=10108, stack(0x000000ab9ae00000,0x000000ab9af00000)]
  0x000001d339a5b7c0 JavaThread "C1 CompilerThread0" daemon [_thread_blocked, id=18980, stack(0x000000ab9af00000,0x000000ab9b000000)]
  0x000001d339a5e1c0 JavaThread "Sweeper thread" daemon [_thread_blocked, id=24020, stack(0x000000ab9b000000,0x000000ab9b100000)]
  0x000001d33a54fe60 JavaThread "Notification Thread" daemon [_thread_blocked, id=20164, stack(0x000000ab9b200000,0x000000ab9b300000)]
  0x000001d33a555ec0 JavaThread "Common-Cleaner" daemon [_thread_blocked, id=13296, stack(0x000000ab9b400000,0x000000ab9b500000)]
  0x000001d33dbe98e0 JavaThread "LWJGL3 Timer" daemon [_thread_blocked, id=6832, stack(0x000000ab9bd00000,0x000000ab9be00000)]
  0x000001d34651c840 JavaThread "LWJGL3 Timer" daemon [_thread_blocked, id=21624, stack(0x000000ab9ce00000,0x000000ab9cf00000)]
  0x000001d34b76c040 JavaThread "Java Sound Event Dispatcher" daemon [_thread_blocked, id=19828, stack(0x000000ab9cd00000,0x000000ab9ce00000)]
  0x000001d34c0ee7d0 JavaThread "Direct Clip" daemon [_thread_blocked, id=27104, stack(0x000000ab9d900000,0x000000ab9da00000)]
  0x000001d34c5b0090 JavaThread "Direct Clip" daemon [_thread_blocked, id=13752, stack(0x000000ab9db00000,0x000000ab9dc00000)]
  0x000001d34bd23f90 JavaThread "Direct Clip" daemon [_thread_blocked, id=23756, stack(0x000000ab9dc00000,0x000000ab9dd00000)]
  0x000001d34d117530 JavaThread "Direct Clip" daemon [_thread_blocked, id=8044, stack(0x000000ab9dd00000,0x000000ab9de00000)]
  0x000001d34d1166c0 JavaThread "Direct Clip" daemon [_thread_blocked, id=1596, stack(0x000000ab9de00000,0x000000ab9df00000)]
  0x000001d34d117a00 JavaThread "Direct Clip" daemon [_thread_blocked, id=21848, stack(0x000000ab9df00000,0x000000ab9e000000)]

Other Threads:
  0x000001d339a34cb0 VMThread "VM Thread" [stack: 0x000000ab9a700000,0x000000ab9a800000] [id=22960]
  0x000001d3165a1cd0 WatcherThread [stack: 0x000000ab9b300000,0x000000ab9b400000] [id=18488]
  0x000001d3165791a0 GCTaskThread "GC Thread#0" [stack: 0x000000ab9a200000,0x000000ab9a300000] [id=14188]
  0x000001d33d965a80 GCTaskThread "GC Thread#1" [stack: 0x000000ab9be00000,0x000000ab9bf00000] [id=8036]
  0x000001d33d9667f0 GCTaskThread "GC Thread#2" [stack: 0x000000ab9bf00000,0x000000ab9c000000] [id=21984]
  0x000001d33d966d50 GCTaskThread "GC Thread#3" [stack: 0x000000ab9c000000,0x000000ab9c100000] [id=18476]
  0x000001d33d967000 GCTaskThread "GC Thread#4" [stack: 0x000000ab9c100000,0x000000ab9c200000] [id=12020]
  0x000001d33d9672b0 GCTaskThread "GC Thread#5" [stack: 0x000000ab9c200000,0x000000ab9c300000] [id=10724]
  0x000001d33d967560 GCTaskThread "GC Thread#6" [stack: 0x000000ab9c300000,0x000000ab9c400000] [id=25776]
  0x000001d345d94780 GCTaskThread "GC Thread#7" [stack: 0x000000ab9cf00000,0x000000ab9d000000] [id=26976]
  0x000001d31658a6f0 ConcurrentGCThread "G1 Main Marker" [stack: 0x000000ab9a300000,0x000000ab9a400000] [id=26996]
  0x000001d31658b8a0 ConcurrentGCThread "G1 Conc#0" [stack: 0x000000ab9a400000,0x000000ab9a500000] [id=27376]
  0x000001d3398d20c0 ConcurrentGCThread "G1 Refine#0" [stack: 0x000000ab9a500000,0x000000ab9a600000] [id=6476]
  0x000001d346073400 ConcurrentGCThread "G1 Refine#1" [stack: 0x000000ab9d000000,0x000000ab9d100000] [id=21720]
  0x000001d34619ea30 ConcurrentGCThread "G1 Refine#2" [stack: 0x000000ab9d100000,0x000000ab9d200000] [id=4524]
  0x000001d3460ed820 ConcurrentGCThread "G1 Refine#3" [stack: 0x000000ab9d200000,0x000000ab9d300000] [id=17396]
  0x000001d34b3f3320 ConcurrentGCThread "G1 Refine#4" [stack: 0x000000ab9d300000,0x000000ab9d400000] [id=21200]
  0x000001d34b3f3600 ConcurrentGCThread "G1 Refine#5" [stack: 0x000000ab9d400000,0x000000ab9d500000] [id=12200]
  0x000001d34652e9b0 ConcurrentGCThread "G1 Refine#6" [stack: 0x000000ab9d500000,0x000000ab9d600000] [id=20704]
  0x000001d345d93bd0 ConcurrentGCThread "G1 Refine#7" [stack: 0x000000ab9d600000,0x000000ab9d700000] [id=25968]
  0x000001d3398d29e0 ConcurrentGCThread "G1 Service" [stack: 0x000000ab9a600000,0x000000ab9a700000] [id=26528]

Threads with active compile tasks:

VM state: not at safepoint (normal execution)

VM Mutex/Monitor currently owned by a thread: None

Heap address: 0x000000070a000000, size: 3936 MB, Compressed Oops mode: Zero based, Oop shift amount: 3

CDS archive(s) mapped at: [0x0000000800000000-0x0000000800bc0000-0x0000000800bc0000), size 12320768, SharedBaseAddress: 0x0000000800000000, ArchiveRelocationMode: 0.
Compressed class space mapped at: 0x0000000800c00000-0x0000000840c00000, reserved size: 1073741824
Narrow klass base: 0x0000000800000000, Narrow klass shift: 0, Narrow klass range: 0x100000000

GC Precious Log:
 CPUs: 16 total, 16 available
 Memory: 15741M
 Large Page Support: Disabled
 NUMA Support: Disabled
 Compressed Oops: Enabled (Zero based)
 Heap Region Size: 2M
 Heap Min Capacity: 8M
 Heap Initial Capacity: 246M
 Heap Max Capacity: 3936M
 Pre-touch: Disabled
 Parallel Workers: 13
 Concurrent Workers: 3
 Concurrent Refinement Workers: 13
 Periodic GC: Disabled

Heap:
 garbage-first heap   total 251904K, used 154605K [0x000000070a000000, 0x0000000800000000)
  region size 2048K, 48 young (98304K), 4 survivors (8192K)
 Metaspace       used 10561K, committed 10688K, reserved 1064960K
  class space    used 740K, committed 832K, reserved 1048576K

Heap Regions: E=young(eden), S=young(survivor), O=old, HS=humongous(starts), HC=humongous(continues), CS=collection set, F=free, OA=open archive, CA=closed archive, TAMS=top-at-mark-start (previous, next)
|   0|0x000000070a000000, 0x000000070a200000, 0x000000070a200000|100%| O|  |TAMS 0x000000070a000000, 0x000000070a000000| Untracked 
|   1|0x000000070a200000, 0x000000070a400000, 0x000000070a400000|100%|HS|  |TAMS 0x000000070a200000, 0x000000070a200000| Complete 
|   2|0x000000070a400000, 0x000000070a600000, 0x000000070a600000|100%|HS|  |TAMS 0x000000070a400000, 0x000000070a400000| Complete 
|   3|0x000000070a600000, 0x000000070a800000, 0x000000070a800000|100%|HS|  |TAMS 0x000000070a600000, 0x000000070a600000| Complete 
|   4|0x000000070a800000, 0x000000070aa00000, 0x000000070aa00000|100%| O|  |TAMS 0x000000070a800000, 0x000000070a800000| Untracked 
|   5|0x000000070aa00000, 0x000000070ac00000, 0x000000070ac00000|100%| O|  |TAMS 0x000000070aa00000, 0x000000070aa00000| Untracked 
|   6|0x000000070ac00000, 0x000000070ae00000, 0x000000070ae00000|100%| O|  |TAMS 0x000000070ac00000, 0x000000070ac00000| Untracked 
|   7|0x000000070ae00000, 0x000000070b000000, 0x000000070b000000|100%| O|  |TAMS 0x000000070ae00000, 0x000000070ae00000| Untracked 
|   8|0x000000070b000000, 0x000000070b200000, 0x000000070b200000|100%| O|  |TAMS 0x000000070b000000, 0x000000070b000000| Untracked 
|   9|0x000000070b200000, 0x000000070b400000, 0x000000070b400000|100%| O|  |TAMS 0x000000070b200000, 0x000000070b200000| Untracked 
|  10|0x000000070b400000, 0x000000070b600000, 0x000000070b600000|100%| O|  |TAMS 0x000000070b400000, 0x000000070b400000| Untracked 
|  11|0x000000070b600000, 0x000000070b694c00, 0x000000070b800000| 29%| O|  |TAMS 0x000000070b600000, 0x000000070b600000| Untracked 
|  12|0x000000070b800000, 0x000000070ba00000, 0x000000070ba00000|100%|HS|  |TAMS 0x000000070b800000, 0x000000070b800000| Complete 
|  13|0x000000070ba00000, 0x000000070bc00000, 0x000000070bc00000|100%|HS|  |TAMS 0x000000070ba00000, 0x000000070ba00000| Complete 
|  14|0x000000070bc00000, 0x000000070be00000, 0x000000070be00000|100%|HS|  |TAMS 0x000000070bc00000, 0x000000070bc00000| Complete 
|  15|0x000000070be00000, 0x000000070c000000, 0x000000070c000000|100%|HS|  |TAMS 0x000000070be00000, 0x000000070be00000| Complete 
|  16|0x000000070c000000, 0x000000070c200000, 0x000000070c200000|100%|HS|  |TAMS 0x000000070c000000, 0x000000070c000000| Complete 
|  17|0x000000070c200000, 0x000000070c400000, 0x000000070c400000|100%|HS|  |TAMS 0x000000070c200000, 0x000000070c200000| Complete 
|  18|0x000000070c400000, 0x000000070c600000, 0x000000070c600000|100%|HS|  |TAMS 0x000000070c400000, 0x000000070c400000| Complete 
|  19|0x000000070c600000, 0x000000070c800000, 0x000000070c800000|100%|HS|  |TAMS 0x000000070c600000, 0x000000070c600000| Complete 
|  20|0x000000070c800000, 0x000000070ca00000, 0x000000070ca00000|100%|HS|  |TAMS 0x000000070c800000, 0x000000070c800000| Complete 
|  21|0x000000070ca00000, 0x000000070cc00000, 0x000000070cc00000|100%|HS|  |TAMS 0x000000070ca00000, 0x000000070ca00000| Complete 
|  22|0x000000070cc00000, 0x000000070ce00000, 0x000000070ce00000|100%|HS|  |TAMS 0x000000070cc00000, 0x000000070cc00000| Complete 
|  23|0x000000070ce00000, 0x000000070d000000, 0x000000070d000000|100%|HS|  |TAMS 0x000000070ce00000, 0x000000070ce00000| Complete 
|  24|0x000000070d000000, 0x000000070d200000, 0x000000070d200000|100%|HS|  |TAMS 0x000000070d000000, 0x000000070d000000| Complete 
|  25|0x000000070d200000, 0x000000070d400000, 0x000000070d400000|100%|HS|  |TAMS 0x000000070d200000, 0x000000070d200000| Complete 
|  26|0x000000070d400000, 0x000000070d600000, 0x000000070d600000|100%|HS|  |TAMS 0x000000070d400000, 0x000000070d400000| Complete 
|  27|0x000000070d600000, 0x000000070d800000, 0x000000070d800000|100%|HS|  |TAMS 0x000000070d600000, 0x000000070d600000| Complete 
|  28|0x000000070d800000, 0x000000070da00000, 0x000000070da00000|100%|HS|  |TAMS 0x000000070d800000, 0x000000070d800000| Complete 
|  29|0x000000070da00000, 0x000000070dc00000, 0x000000070dc00000|100%|HS|  |TAMS 0x000000070da00000, 0x000000070da00000| Complete 
|  30|0x000000070dc00000, 0x000000070dc00000, 0x000000070de00000|  0%| F|  |TAMS 0x000000070dc00000, 0x000000070dc00000| Untracked 
|  31|0x000000070de00000, 0x000000070de00000, 0x000000070e000000|  0%| F|  |TAMS 0x000000070de00000, 0x000000070de00000| Untracked 
|  32|0x000000070e000000, 0x000000070e000000, 0x000000070e200000|  0%| F|  |TAMS 0x000000070e000000, 0x000000070e000000| Untracked 
|  33|0x000000070e200000, 0x000000070e200000, 0x000000070e400000|  0%| F|  |TAMS 0x000000070e200000, 0x000000070e200000| Untracked 
|  34|0x000000070e400000, 0x000000070e400000, 0x000000070e600000|  0%| F|  |TAMS 0x000000070e400000, 0x000000070e400000| Untracked 
|  35|0x000000070e600000, 0x000000070e600000, 0x000000070e800000|  0%| F|  |TAMS 0x000000070e600000, 0x000000070e600000| Untracked 
|  36|0x000000070e800000, 0x000000070e800000, 0x000000070ea00000|  0%| F|  |TAMS 0x000000070e800000, 0x000000070e800000| Untracked 
|  37|0x000000070ea00000, 0x000000070ea00000, 0x000000070ec00000|  0%| F|  |TAMS 0x000000070ea00000, 0x000000070ea00000| Untracked 
|  38|0x000000070ec00000, 0x000000070ec00000, 0x000000070ee00000|  0%| F|  |TAMS 0x000000070ec00000, 0x000000070ec00000| Untracked 
|  39|0x000000070ee00000, 0x000000070ee00000, 0x000000070f000000|  0%| F|  |TAMS 0x000000070ee00000, 0x000000070ee00000| Untracked 
|  40|0x000000070f000000, 0x000000070f000000, 0x000000070f200000|  0%| F|  |TAMS 0x000000070f000000, 0x000000070f000000| Untracked 
|  41|0x000000070f200000, 0x000000070f200000, 0x000000070f400000|  0%| F|  |TAMS 0x000000070f200000, 0x000000070f200000| Untracked 
|  42|0x000000070f400000, 0x000000070f400000, 0x000000070f600000|  0%| F|  |TAMS 0x000000070f400000, 0x000000070f400000| Untracked 
|  43|0x000000070f600000, 0x000000070f600000, 0x000000070f800000|  0%| F|  |TAMS 0x000000070f600000, 0x000000070f600000| Untracked 
|  44|0x000000070f800000, 0x000000070f800000, 0x000000070fa00000|  0%| F|  |TAMS 0x000000070f800000, 0x000000070f800000| Untracked 
|  45|0x000000070fa00000, 0x000000070fa00000, 0x000000070fc00000|  0%| F|  |TAMS 0x000000070fa00000, 0x000000070fa00000| Untracked 
|  46|0x000000070fc00000, 0x000000070fc66900, 0x000000070fe00000| 20%| S|CS|TAMS 0x000000070fc00000, 0x000000070fc00000| Complete 
|  47|0x000000070fe00000, 0x0000000710000000, 0x0000000710000000|100%| S|CS|TAMS 0x000000070fe00000, 0x000000070fe00000| Complete 
|  48|0x0000000710000000, 0x0000000710200000, 0x0000000710200000|100%| S|CS|TAMS 0x0000000710000000, 0x0000000710000000| Complete 
|  49|0x0000000710200000, 0x0000000710400000, 0x0000000710400000|100%| S|CS|TAMS 0x0000000710200000, 0x0000000710200000| Complete 
|  50|0x0000000710400000, 0x0000000710400000, 0x0000000710600000|  0%| F|  |TAMS 0x0000000710400000, 0x0000000710400000| Untracked 
|  51|0x0000000710600000, 0x0000000710600000, 0x0000000710800000|  0%| F|  |TAMS 0x0000000710600000, 0x0000000710600000| Untracked 
|  52|0x0000000710800000, 0x0000000710800000, 0x0000000710a00000|  0%| F|  |TAMS 0x0000000710800000, 0x0000000710800000| Untracked 
|  53|0x0000000710a00000, 0x0000000710a00000, 0x0000000710c00000|  0%| F|  |TAMS 0x0000000710a00000, 0x0000000710a00000| Untracked 
|  54|0x0000000710c00000, 0x0000000710c00000, 0x0000000710e00000|  0%| F|  |TAMS 0x0000000710c00000, 0x0000000710c00000| Untracked 
|  55|0x0000000710e00000, 0x0000000710e00000, 0x0000000711000000|  0%| F|  |TAMS 0x0000000710e00000, 0x0000000710e00000| Untracked 
|  56|0x0000000711000000, 0x0000000711000000, 0x0000000711200000|  0%| F|  |TAMS 0x0000000711000000, 0x0000000711000000| Untracked 
|  57|0x0000000711200000, 0x0000000711200000, 0x0000000711400000|  0%| F|  |TAMS 0x0000000711200000, 0x0000000711200000| Untracked 
|  58|0x0000000711400000, 0x0000000711400000, 0x0000000711600000|  0%| F|  |TAMS 0x0000000711400000, 0x0000000711400000| Untracked 
|  59|0x0000000711600000, 0x0000000711600000, 0x0000000711800000|  0%| F|  |TAMS 0x0000000711600000, 0x0000000711600000| Untracked 
|  60|0x0000000711800000, 0x0000000711800000, 0x0000000711a00000|  0%| F|  |TAMS 0x0000000711800000, 0x0000000711800000| Untracked 
|  61|0x0000000711a00000, 0x0000000711a00000, 0x0000000711c00000|  0%| F|  |TAMS 0x0000000711a00000, 0x0000000711a00000| Untracked 
|  62|0x0000000711c00000, 0x0000000711c00000, 0x0000000711e00000|  0%| F|  |TAMS 0x0000000711c00000, 0x0000000711c00000| Untracked 
|  63|0x0000000711e00000, 0x0000000711e00000, 0x0000000712000000|  0%| F|  |TAMS 0x0000000711e00000, 0x0000000711e00000| Untracked 
|  64|0x0000000712000000, 0x0000000712000000, 0x0000000712200000|  0%| F|  |TAMS 0x0000000712000000, 0x0000000712000000| Untracked 
|  65|0x0000000712200000, 0x0000000712200000, 0x0000000712400000|  0%| F|  |TAMS 0x0000000712200000, 0x0000000712200000| Untracked 
|  66|0x0000000712400000, 0x0000000712400000, 0x0000000712600000|  0%| F|  |TAMS 0x0000000712400000, 0x0000000712400000| Untracked 
|  67|0x0000000712600000, 0x0000000712600000, 0x0000000712800000|  0%| F|  |TAMS 0x0000000712600000, 0x0000000712600000| Untracked 
|  68|0x0000000712800000, 0x0000000712800000, 0x0000000712a00000|  0%| F|  |TAMS 0x0000000712800000, 0x0000000712800000| Untracked 
|  69|0x0000000712a00000, 0x0000000712a00000, 0x0000000712c00000|  0%| F|  |TAMS 0x0000000712a00000, 0x0000000712a00000| Untracked 
|  70|0x0000000712c00000, 0x0000000712c00000, 0x0000000712e00000|  0%| F|  |TAMS 0x0000000712c00000, 0x0000000712c00000| Untracked 
|  71|0x0000000712e00000, 0x0000000712e00000, 0x0000000713000000|  0%| F|  |TAMS 0x0000000712e00000, 0x0000000712e00000| Untracked 
|  72|0x0000000713000000, 0x0000000713000000, 0x0000000713200000|  0%| F|  |TAMS 0x0000000713000000, 0x0000000713000000| Untracked 
|  73|0x0000000713200000, 0x0000000713200000, 0x0000000713400000|  0%| F|  |TAMS 0x0000000713200000, 0x0000000713200000| Untracked 
|  74|0x0000000713400000, 0x0000000713400000, 0x0000000713600000|  0%| F|  |TAMS 0x0000000713400000, 0x0000000713400000| Untracked 
|  75|0x0000000713600000, 0x0000000713600000, 0x0000000713800000|  0%| F|  |TAMS 0x0000000713600000, 0x0000000713600000| Untracked 
|  76|0x0000000713800000, 0x0000000713800000, 0x0000000713a00000|  0%| F|  |TAMS 0x0000000713800000, 0x0000000713800000| Untracked 
|  77|0x0000000713a00000, 0x0000000713a00000, 0x0000000713c00000|  0%| F|  |TAMS 0x0000000713a00000, 0x0000000713a00000| Untracked 
|  78|0x0000000713c00000, 0x0000000713c00000, 0x0000000713e00000|  0%| F|  |TAMS 0x0000000713c00000, 0x0000000713c00000| Untracked 
|  79|0x0000000713e00000, 0x0000000714000000, 0x0000000714000000|100%| E|  |TAMS 0x0000000713e00000, 0x0000000713e00000| Complete 
|  80|0x0000000714000000, 0x0000000714200000, 0x0000000714200000|100%| E|CS|TAMS 0x0000000714000000, 0x0000000714000000| Complete 
|  81|0x0000000714200000, 0x0000000714400000, 0x0000000714400000|100%| E|CS|TAMS 0x0000000714200000, 0x0000000714200000| Complete 
|  82|0x0000000714400000, 0x0000000714600000, 0x0000000714600000|100%| E|CS|TAMS 0x0000000714400000, 0x0000000714400000| Complete 
|  83|0x0000000714600000, 0x0000000714800000, 0x0000000714800000|100%| E|CS|TAMS 0x0000000714600000, 0x0000000714600000| Complete 
|  84|0x0000000714800000, 0x0000000714a00000, 0x0000000714a00000|100%| E|CS|TAMS 0x0000000714800000, 0x0000000714800000| Complete 
|  85|0x0000000714a00000, 0x0000000714c00000, 0x0000000714c00000|100%| E|CS|TAMS 0x0000000714a00000, 0x0000000714a00000| Complete 
|  86|0x0000000714c00000, 0x0000000714e00000, 0x0000000714e00000|100%| E|CS|TAMS 0x0000000714c00000, 0x0000000714c00000| Complete 
|  87|0x0000000714e00000, 0x0000000715000000, 0x0000000715000000|100%| E|CS|TAMS 0x0000000714e00000, 0x0000000714e00000| Complete 
|  88|0x0000000715000000, 0x0000000715200000, 0x0000000715200000|100%| E|CS|TAMS 0x0000000715000000, 0x0000000715000000| Complete 
|  89|0x0000000715200000, 0x0000000715400000, 0x0000000715400000|100%| E|CS|TAMS 0x0000000715200000, 0x0000000715200000| Complete 
|  90|0x0000000715400000, 0x0000000715600000, 0x0000000715600000|100%| E|CS|TAMS 0x0000000715400000, 0x0000000715400000| Complete 
|  91|0x0000000715600000, 0x0000000715800000, 0x0000000715800000|100%| E|CS|TAMS 0x0000000715600000, 0x0000000715600000| Complete 
|  92|0x0000000715800000, 0x0000000715a00000, 0x0000000715a00000|100%| E|CS|TAMS 0x0000000715800000, 0x0000000715800000| Complete 
|  93|0x0000000715a00000, 0x0000000715c00000, 0x0000000715c00000|100%| E|CS|TAMS 0x0000000715a00000, 0x0000000715a00000| Complete 
|  94|0x0000000715c00000, 0x0000000715e00000, 0x0000000715e00000|100%| E|CS|TAMS 0x0000000715c00000, 0x0000000715c00000| Complete 
|  95|0x0000000715e00000, 0x0000000716000000, 0x0000000716000000|100%| E|CS|TAMS 0x0000000715e00000, 0x0000000715e00000| Complete 
|  96|0x0000000716000000, 0x0000000716200000, 0x0000000716200000|100%| E|CS|TAMS 0x0000000716000000, 0x0000000716000000| Complete 
|  97|0x0000000716200000, 0x0000000716400000, 0x0000000716400000|100%| E|CS|TAMS 0x0000000716200000, 0x0000000716200000| Complete 
|  98|0x0000000716400000, 0x0000000716600000, 0x0000000716600000|100%| E|CS|TAMS 0x0000000716400000, 0x0000000716400000| Complete 
|  99|0x0000000716600000, 0x0000000716800000, 0x0000000716800000|100%| E|CS|TAMS 0x0000000716600000, 0x0000000716600000| Complete 
| 100|0x0000000716800000, 0x0000000716a00000, 0x0000000716a00000|100%| E|CS|TAMS 0x0000000716800000, 0x0000000716800000| Complete 
| 101|0x0000000716a00000, 0x0000000716c00000, 0x0000000716c00000|100%| E|CS|TAMS 0x0000000716a00000, 0x0000000716a00000| Complete 
| 102|0x0000000716c00000, 0x0000000716e00000, 0x0000000716e00000|100%| E|CS|TAMS 0x0000000716c00000, 0x0000000716c00000| Complete 
| 103|0x0000000716e00000, 0x0000000717000000, 0x0000000717000000|100%| E|CS|TAMS 0x0000000716e00000, 0x0000000716e00000| Complete 
| 104|0x0000000717000000, 0x0000000717200000, 0x0000000717200000|100%| E|CS|TAMS 0x0000000717000000, 0x0000000717000000| Complete 
| 105|0x0000000717200000, 0x0000000717400000, 0x0000000717400000|100%| E|CS|TAMS 0x0000000717200000, 0x0000000717200000| Complete 
| 106|0x0000000717400000, 0x0000000717600000, 0x0000000717600000|100%| E|CS|TAMS 0x0000000717400000, 0x0000000717400000| Complete 
| 107|0x0000000717600000, 0x0000000717800000, 0x0000000717800000|100%| E|CS|TAMS 0x0000000717600000, 0x0000000717600000| Complete 
| 108|0x0000000717800000, 0x0000000717a00000, 0x0000000717a00000|100%| E|CS|TAMS 0x0000000717800000, 0x0000000717800000| Complete 
| 109|0x0000000717a00000, 0x0000000717c00000, 0x0000000717c00000|100%| E|CS|TAMS 0x0000000717a00000, 0x0000000717a00000| Complete 
| 110|0x0000000717c00000, 0x0000000717e00000, 0x0000000717e00000|100%| E|CS|TAMS 0x0000000717c00000, 0x0000000717c00000| Complete 
| 111|0x0000000717e00000, 0x0000000718000000, 0x0000000718000000|100%| E|CS|TAMS 0x0000000717e00000, 0x0000000717e00000| Complete 
| 112|0x0000000718000000, 0x0000000718200000, 0x0000000718200000|100%| E|CS|TAMS 0x0000000718000000, 0x0000000718000000| Complete 
| 113|0x0000000718200000, 0x0000000718400000, 0x0000000718400000|100%| E|CS|TAMS 0x0000000718200000, 0x0000000718200000| Complete 
| 114|0x0000000718400000, 0x0000000718600000, 0x0000000718600000|100%| E|CS|TAMS 0x0000000718400000, 0x0000000718400000| Complete 
| 115|0x0000000718600000, 0x0000000718800000, 0x0000000718800000|100%| E|CS|TAMS 0x0000000718600000, 0x0000000718600000| Complete 
| 116|0x0000000718800000, 0x0000000718a00000, 0x0000000718a00000|100%| E|CS|TAMS 0x0000000718800000, 0x0000000718800000| Complete 
| 117|0x0000000718a00000, 0x0000000718c00000, 0x0000000718c00000|100%| E|CS|TAMS 0x0000000718a00000, 0x0000000718a00000| Complete 
| 118|0x0000000718c00000, 0x0000000718e00000, 0x0000000718e00000|100%| E|CS|TAMS 0x0000000718c00000, 0x0000000718c00000| Complete 
| 119|0x0000000718e00000, 0x0000000719000000, 0x0000000719000000|100%| E|CS|TAMS 0x0000000718e00000, 0x0000000718e00000| Complete 
| 120|0x0000000719000000, 0x0000000719200000, 0x0000000719200000|100%| E|CS|TAMS 0x0000000719000000, 0x0000000719000000| Complete 
| 121|0x0000000719200000, 0x0000000719400000, 0x0000000719400000|100%| E|CS|TAMS 0x0000000719200000, 0x0000000719200000| Complete 
| 122|0x0000000719400000, 0x0000000719600000, 0x0000000719600000|100%| E|CS|TAMS 0x0000000719400000, 0x0000000719400000| Complete 

Card table byte_map: [0x000001d32e030000,0x000001d32e7e0000] _byte_map_base: 0x000001d32a7e0000

Marking Bits (Prev, Next): (CMBitMap*) 0x000001d31657a7c0, (CMBitMap*) 0x000001d31657a800
 Prev Bits: [0x000001d32ef90000, 0x000001d332d10000)
 Next Bits: [0x000001d332d10000, 0x000001d336a90000)

Polling page: 0x000001d3144a0000

Metaspace:

Usage:
  Non-class:      9.59 MB used.
      Class:    740.15 KB used.
       Both:     10.31 MB used.

Virtual space:
  Non-class space:       16.00 MB reserved,       9.62 MB ( 60%) committed,  2 nodes.
      Class space:        1.00 GB reserved,     832.00 KB ( <1%) committed,  1 nodes.
             Both:        1.02 GB reserved,      10.44 MB (  1%) committed. 

Chunk freelists:
   Non-Class:  576.00 KB
       Class:  3.17 MB
        Both:  3.73 MB

MaxMetaspaceSize: unlimited
CompressedClassSpaceSize: 1.00 GB
Initial GC threshold: 21.00 MB
Current GC threshold: 21.00 MB
CDS: on
MetaspaceReclaimPolicy: balanced
 - commit_granule_bytes: 65536.
 - commit_granule_words: 8192.
 - virtual_space_node_default_size: 1048576.
 - enlarge_chunks_in_place: 1.
 - new_chunks_are_fully_committed: 0.
 - uncommit_free_chunks: 1.
 - use_allocation_guard: 0.
 - handle_deallocations: 1.


Internal statistics:

num_allocs_failed_limit: 0.
num_arena_births: 50.
num_arena_deaths: 0.
num_vsnodes_births: 3.
num_vsnodes_deaths: 0.
num_space_committed: 165.
num_space_uncommitted: 0.
num_chunks_returned_to_freelist: 0.
num_chunks_taken_from_freelist: 340.
num_chunk_merges: 0.
num_chunk_splits: 282.
num_chunks_enlarged: 251.
num_purges: 0.
num_inconsistent_stats: 0.

CodeHeap 'non-profiled nmethods': size=119168Kb used=1904Kb max_used=1904Kb free=117263Kb
 bounds [0x000001d325b90000, 0x000001d325e00000, 0x000001d32cff0000]
CodeHeap 'profiled nmethods': size=119104Kb used=4524Kb max_used=4524Kb free=114579Kb
 bounds [0x000001d31e740000, 0x000001d31ebb0000, 0x000001d325b90000]
CodeHeap 'non-nmethods': size=7488Kb used=1663Kb max_used=3384Kb free=5824Kb
 bounds [0x000001d31dff0000, 0x000001d31e350000, 0x000001d31e740000]
 total_blobs=3598 nmethods=2489 adapters=1022
 compilation: enabled
              stopped_count=0, restarted_count=0
 full_count=0

Compilation events (20 events):
Event: 23.719 Thread 0x000001d339a568c0 2483       4       com.badlogic.gdx.utils.ObjectIntMap::locateKey (63 bytes)
Event: 23.726 Thread 0x000001d339a568c0 nmethod 2483 0x000001d325d60410 code [0x000001d325d605a0, 0x000001d325d60c78]
Event: 24.026 Thread 0x000001d339a568c0 2484       4       com.badlogic.gdx.math.Frustum::update (263 bytes)
Event: 24.039 Thread 0x000001d339a568c0 nmethod 2484 0x000001d325d61010 code [0x000001d325d61280, 0x000001d325d622c8]
Event: 24.703 Thread 0x000001d339a568c0 2485       4       com.badlogic.gdx.graphics.g3d.utils.shapebuilders.CylinderShapeBuilder::build (407 bytes)
Event: 24.736 Thread 0x000001d339a568c0 nmethod 2485 0x000001d325d62a90 code [0x000001d325d62de0, 0x000001d325d66e50]
Event: 24.986 Thread 0x000001d339a568c0 2486       4       com.badlogic.gdx.graphics.g3d.utils.MeshBuilder::rect (74 bytes)
Event: 24.990 Thread 0x000001d339a568c0 nmethod 2486 0x000001d325d68790 code [0x000001d325d68940, 0x000001d325d68f08]
Event: 25.403 Thread 0x000001d339a568c0 2487       4       java.util.regex.Pattern$$Lambda$19/0x800000025::is (9 bytes)
Event: 25.403 Thread 0x000001d339a568c0 nmethod 2487 0x000001d325d69390 code [0x000001d325d69500, 0x000001d325d69598]
Event: 25.630 Thread 0x000001d339a568c0 2488       4       com.badlogic.gdx.graphics.g3d.shaders.BaseShader::end (31 bytes)
Event: 25.631 Thread 0x000001d339a568c0 nmethod 2488 0x000001d325d69690 code [0x000001d325d69820, 0x000001d325d69948]
Event: 26.086 Thread 0x000001d339a568c0 2489       4       java.util.regex.Pattern$GroupTail::match (111 bytes)
Event: 26.092 Thread 0x000001d339a568c0 nmethod 2489 0x000001d325d69a90 code [0x000001d325d69ca0, 0x000001d325d6a580]
Event: 27.948 Thread 0x000001d339a568c0 2490       4       com.badlogic.gdx.graphics.g3d.utils.MeshBuilder::ensureTriangleIndices (55 bytes)
Event: 27.951 Thread 0x000001d339a568c0 nmethod 2490 0x000001d325d6ae10 code [0x000001d325d6afc0, 0x000001d325d6b478]
Event: 28.898 Thread 0x000001d339a568c0 2491       4       com.badlogic.gdx.math.Quaternion::len2 (40 bytes)
Event: 28.898 Thread 0x000001d339a568c0 nmethod 2491 0x000001d325d6b690 code [0x000001d325d6b800, 0x000001d325d6b8b8]
Event: 28.898 Thread 0x000001d339a568c0 2492       4       com.badlogic.gdx.math.Matrix4::rotate (656 bytes)
Event: 28.901 Thread 0x000001d339a568c0 nmethod 2492 0x000001d325d6b990 code [0x000001d325d6bb40, 0x000001d325d6bef8]

GC Heap History (8 events):
Event: 2.143 GC heap before
{Heap before GC invocations=0 (full 0):
 garbage-first heap   total 251904K, used 22528K [0x000000070a000000, 0x0000000800000000)
  region size 2048K, 11 young (22528K), 0 survivors (0K)
 Metaspace       used 7296K, committed 7424K, reserved 1064960K
  class space    used 453K, committed 512K, reserved 1048576K
}
Event: 2.146 GC heap after
{Heap after GC invocations=1 (full 0):
 garbage-first heap   total 251904K, used 2713K [0x000000070a000000, 0x0000000800000000)
  region size 2048K, 2 young (4096K), 2 survivors (4096K)
 Metaspace       used 7296K, committed 7424K, reserved 1064960K
  class space    used 453K, committed 512K, reserved 1048576K
}
Event: 6.929 GC heap before
{Heap before GC invocations=1 (full 0):
 garbage-first heap   total 251904K, used 43673K [0x000000070a000000, 0x0000000800000000)
  region size 2048K, 19 young (38912K), 2 survivors (4096K)
 Metaspace       used 9949K, committed 10112K, reserved 1064960K
  class space    used 689K, committed 768K, reserved 1048576K
}
Event: 6.937 GC heap after
{Heap after GC invocations=2 (full 0):
 garbage-first heap   total 251904K, used 22592K [0x000000070a000000, 0x0000000800000000)
  region size 2048K, 3 young (6144K), 3 survivors (6144K)
 Metaspace       used 9949K, committed 10112K, reserved 1064960K
  class space    used 689K, committed 768K, reserved 1048576K
}
Event: 7.551 GC heap before
{Heap before GC invocations=2 (full 0):
 garbage-first heap   total 251904K, used 28736K [0x000000070a000000, 0x0000000800000000)
  region size 2048K, 6 young (12288K), 3 survivors (6144K)
 Metaspace       used 10009K, committed 10112K, reserved 1064960K
  class space    used 689K, committed 768K, reserved 1048576K
}
Event: 7.557 GC heap after
{Heap after GC invocations=3 (full 0):
 garbage-first heap   total 251904K, used 23877K [0x000000070a000000, 0x0000000800000000)
  region size 2048K, 1 young (2048K), 1 survivors (2048K)
 Metaspace       used 10009K, committed 10112K, reserved 1064960K
  class space    used 689K, committed 768K, reserved 1048576K
}
Event: 20.767 GC heap before
{Heap before GC invocations=3 (full 0):
 garbage-first heap   total 251904K, used 208197K [0x000000070a000000, 0x0000000800000000)
  region size 2048K, 73 young (149504K), 1 survivors (2048K)
 Metaspace       used 10549K, committed 10688K, reserved 1064960K
  class space    used 739K, committed 832K, reserved 1048576K
}
Event: 20.771 GC heap after
{Heap after GC invocations=4 (full 0):
 garbage-first heap   total 251904K, used 66541K [0x000000070a000000, 0x0000000800000000)
  region size 2048K, 4 young (8192K), 4 survivors (8192K)
 Metaspace       used 10549K, committed 10688K, reserved 1064960K
  class space    used 739K, committed 832K, reserved 1048576K
}

Deoptimization events (20 events):
Event: 8.268 Thread 0x000001d34c8e1c50 DEOPT PACKING pc=0x000001d325bff8b0 sp=0x000000ab9c9fe7e0
Event: 8.268 Thread 0x000001d34c8e1c50 DEOPT UNPACKING pc=0x000001d31e0423a3 sp=0x000000ab9c9fe770 mode 2
Event: 9.060 Thread 0x000001d316524470 Uncommon trap: trap_request=0xffffff45 fr.pc=0x000001d325ce7f20 relative=0x00000000000001a0
Event: 9.060 Thread 0x000001d316524470 Uncommon trap: reason=unstable_if action=reinterpret pc=0x000001d325ce7f20 method=com.crazyputting3d.Engine.physicsEngine.get_ball_coordinatesX()[F @ 42 c2
Event: 9.060 Thread 0x000001d316524470 DEOPT PACKING pc=0x000001d325ce7f20 sp=0x000000ab9a1feb50
Event: 9.060 Thread 0x000001d316524470 DEOPT UNPACKING pc=0x000001d31e0423a3 sp=0x000000ab9a1feaf0 mode 2
Event: 9.060 Thread 0x000001d316524470 Uncommon trap: trap_request=0xffffff45 fr.pc=0x000001d325ce8720 relative=0x00000000000001a0
Event: 9.060 Thread 0x000001d316524470 Uncommon trap: reason=unstable_if action=reinterpret pc=0x000001d325ce8720 method=com.crazyputting3d.Engine.physicsEngine.get_ball_coordinatesY()[F @ 42 c2
Event: 9.060 Thread 0x000001d316524470 DEOPT PACKING pc=0x000001d325ce8720 sp=0x000000ab9a1feb50
Event: 9.060 Thread 0x000001d316524470 DEOPT UNPACKING pc=0x000001d31e0423a3 sp=0x000000ab9a1feaf0 mode 2
Event: 9.060 Thread 0x000001d316524470 Uncommon trap: trap_request=0xffffff45 fr.pc=0x000001d325ce8c20 relative=0x00000000000001a0
Event: 9.060 Thread 0x000001d316524470 Uncommon trap: reason=unstable_if action=reinterpret pc=0x000001d325ce8c20 method=com.crazyputting3d.Engine.physicsEngine.get_ball_coordinatesZ()[F @ 42 c2
Event: 9.060 Thread 0x000001d316524470 DEOPT PACKING pc=0x000001d325ce8c20 sp=0x000000ab9a1feb50
Event: 9.060 Thread 0x000001d316524470 DEOPT UNPACKING pc=0x000001d31e0423a3 sp=0x000000ab9a1feaf0 mode 2
Event: 9.097 Thread 0x000001d316524470 Uncommon trap: trap_request=0xffffff45 fr.pc=0x000001d325c7e440 relative=0x0000000000000040
Event: 9.097 Thread 0x000001d316524470 Uncommon trap: reason=unstable_if action=reinterpret pc=0x000001d325c7e440 method=java.lang.Long.numberOfTrailingZeros(J)I @ 4 c2
Event: 9.097 Thread 0x000001d316524470 DEOPT PACKING pc=0x000001d325c7e440 sp=0x000000ab9a1fe580
Event: 9.097 Thread 0x000001d316524470 DEOPT UNPACKING pc=0x000001d31e0423a3 sp=0x000000ab9a1fe508 mode 2
Event: 29.201 Thread 0x000001d316524470 DEOPT PACKING pc=0x000001d31e9c120c sp=0x000000ab9a1fef60
Event: 29.201 Thread 0x000001d316524470 DEOPT UNPACKING pc=0x000001d31e042b43 sp=0x000000ab9a1fe3e0 mode 0

Classes unloaded (0 events):
No events

Classes redefined (0 events):
No events

Internal exceptions (20 events):
Event: 0.158 Thread 0x000001d316524470 Exception <a 'java/lang/NoSuchMethodError'{0x00000007191cf3c8}: 'void java.lang.invoke.DirectMethodHandle$Holder.invokeStatic(java.lang.Object, java.lang.Object)'> (0x00000007191cf3c8) 
thrown [e:\jenkins\tmp\workspace\build\src\src\hotspot\share\interpreter\linkResolver.cpp, line 766]
Event: 0.159 Thread 0x000001d316524470 Exception <a 'java/lang/NoSuchMethodError'{0x00000007191d4c10}: 'void java.lang.invoke.DirectMethodHandle$Holder.invokeSpecial(java.lang.Object, java.lang.Object, java.lang.Object)'> (0x00000007191d4c10) 
thrown [e:\jenkins\tmp\workspace\build\src\src\hotspot\share\interpreter\linkResolver.cpp, line 766]
Event: 0.161 Thread 0x000001d316524470 Exception <a 'java/lang/NoSuchMethodError'{0x00000007191e83e0}: 'java.lang.Object java.lang.invoke.DirectMethodHandle$Holder.invokeStatic(java.lang.Object, java.lang.Object, int)'> (0x00000007191e83e0) 
thrown [e:\jenkins\tmp\workspace\build\src\src\hotspot\share\interpreter\linkResolver.cpp, line 766]
Event: 0.162 Thread 0x000001d316524470 Exception <a 'java/lang/NoSuchMethodError'{0x00000007191f4150}: 'void java.lang.invoke.DelegatingMethodHandle$Holder.delegate(java.lang.Object, java.lang.Object, int, java.lang.Object)'> (0x00000007191f4150) 
thrown [e:\jenkins\tmp\workspace\build\src\src\hotspot\share\interpreter\linkResolver.cpp, line 766]
Event: 0.162 Thread 0x000001d316524470 Exception <a 'java/lang/NoSuchMethodError'{0x00000007191f8390}: 'int java.lang.invoke.DirectMethodHandle$Holder.invokeSpecial(java.lang.Object, java.lang.Object, java.lang.Object)'> (0x00000007191f8390) 
thrown [e:\jenkins\tmp\workspace\build\src\src\hotspot\share\interpreter\linkResolver.cpp, line 766]
Event: 0.186 Thread 0x000001d316524470 Exception <a 'sun/nio/fs/WindowsException'{0x0000000718e9f340}> (0x0000000718e9f340) 
thrown [e:\jenkins\tmp\workspace\build\src\src\hotspot\share\prims\jni.cpp, line 516]
Event: 0.186 Thread 0x000001d316524470 Exception <a 'sun/nio/fs/WindowsException'{0x0000000718e9f898}> (0x0000000718e9f898) 
thrown [e:\jenkins\tmp\workspace\build\src\src\hotspot\share\prims\jni.cpp, line 516]
Event: 0.207 Thread 0x000001d316524470 Exception <a 'sun/nio/fs/WindowsException'{0x0000000718f8d9e0}> (0x0000000718f8d9e0) 
thrown [e:\jenkins\tmp\workspace\build\src\src\hotspot\share\prims\jni.cpp, line 516]
Event: 0.207 Thread 0x000001d316524470 Exception <a 'sun/nio/fs/WindowsException'{0x0000000718f8dd80}> (0x0000000718f8dd80) 
thrown [e:\jenkins\tmp\workspace\build\src\src\hotspot\share\prims\jni.cpp, line 516]
Event: 0.223 Thread 0x000001d316524470 Exception <a 'sun/nio/fs/WindowsException'{0x0000000718c3bce8}> (0x0000000718c3bce8) 
thrown [e:\jenkins\tmp\workspace\build\src\src\hotspot\share\prims\jni.cpp, line 516]
Event: 0.223 Thread 0x000001d316524470 Exception <a 'sun/nio/fs/WindowsException'{0x0000000718c3c058}> (0x0000000718c3c058) 
thrown [e:\jenkins\tmp\workspace\build\src\src\hotspot\share\prims\jni.cpp, line 516]
Event: 0.259 Thread 0x000001d316524470 Exception <a 'sun/nio/fs/WindowsException'{0x0000000718cc11b0}> (0x0000000718cc11b0) 
thrown [e:\jenkins\tmp\workspace\build\src\src\hotspot\share\prims\jni.cpp, line 516]
Event: 0.259 Thread 0x000001d316524470 Exception <a 'sun/nio/fs/WindowsException'{0x0000000718cc1538}> (0x0000000718cc1538) 
thrown [e:\jenkins\tmp\workspace\build\src\src\hotspot\share\prims\jni.cpp, line 516]
Event: 0.672 Thread 0x000001d316524470 Exception <a 'sun/nio/fs/WindowsException'{0x0000000718aa30c0}> (0x0000000718aa30c0) 
thrown [e:\jenkins\tmp\workspace\build\src\src\hotspot\share\prims\jni.cpp, line 516]
Event: 0.673 Thread 0x000001d316524470 Exception <a 'sun/nio/fs/WindowsException'{0x0000000718aa3470}> (0x0000000718aa3470) 
thrown [e:\jenkins\tmp\workspace\build\src\src\hotspot\share\prims\jni.cpp, line 516]
Event: 0.675 Thread 0x000001d316524470 Exception <a 'sun/nio/fs/WindowsException'{0x0000000718aaf608}> (0x0000000718aaf608) 
thrown [e:\jenkins\tmp\workspace\build\src\src\hotspot\share\prims\jni.cpp, line 516]
Event: 0.675 Thread 0x000001d316524470 Exception <a 'sun/nio/fs/WindowsException'{0x0000000718aaf8f0}> (0x0000000718aaf8f0) 
thrown [e:\jenkins\tmp\workspace\build\src\src\hotspot\share\prims\jni.cpp, line 516]
Event: 6.818 Thread 0x000001d316524470 Implicit null exception at 0x000001d325bf5830 to 0x000001d325bf5a08
Event: 6.832 Thread 0x000001d316524470 Implicit null exception at 0x000001d325c0a03f to 0x000001d325c0a11c
Event: 8.268 Thread 0x000001d34c8e1c50 Implicit null exception at 0x000001d325bff7df to 0x000001d325bff89c

VM Operations (20 events):
Event: 22.804 Executing VM operation: ICBufferFull
Event: 22.804 Executing VM operation: ICBufferFull done
Event: 23.469 Executing VM operation: ICBufferFull
Event: 23.469 Executing VM operation: ICBufferFull done
Event: 24.154 Executing VM operation: ICBufferFull
Event: 24.154 Executing VM operation: ICBufferFull done
Event: 24.836 Executing VM operation: ICBufferFull
Event: 24.836 Executing VM operation: ICBufferFull done
Event: 25.485 Executing VM operation: ICBufferFull
Event: 25.485 Executing VM operation: ICBufferFull done
Event: 26.137 Executing VM operation: ICBufferFull
Event: 26.137 Executing VM operation: ICBufferFull done
Event: 26.837 Executing VM operation: ICBufferFull
Event: 26.837 Executing VM operation: ICBufferFull done
Event: 27.522 Executing VM operation: ICBufferFull
Event: 27.522 Executing VM operation: ICBufferFull done
Event: 28.206 Executing VM operation: ICBufferFull
Event: 28.206 Executing VM operation: ICBufferFull done
Event: 28.872 Executing VM operation: ICBufferFull
Event: 28.872 Executing VM operation: ICBufferFull done

Events (20 events):
Event: 9.363 Thread 0x000001d34bb10ad0 Thread exited: 0x000001d34bb10ad0
Event: 9.488 Thread 0x000001d34bb10ad0 Thread added: 0x000001d34bb10ad0
Event: 9.491 Thread 0x000001d34bd23f90 Thread added: 0x000001d34bd23f90
Event: 9.518 Thread 0x000001d34c8e1c50 Thread added: 0x000001d34c8e1c50
Event: 9.662 Thread 0x000001d34c8e1c50 Thread exited: 0x000001d34c8e1c50
Event: 9.692 Thread 0x000001d34bb10ad0 Thread exited: 0x000001d34bb10ad0
Event: 9.988 Thread 0x000001d34d117060 Thread added: 0x000001d34d117060
Event: 9.992 Thread 0x000001d34d117530 Thread added: 0x000001d34d117530
Event: 10.192 Thread 0x000001d34d117060 Thread exited: 0x000001d34d117060
Event: 10.371 Thread 0x000001d34d115380 Thread added: 0x000001d34d115380
Event: 10.375 Thread 0x000001d34d1166c0 Thread added: 0x000001d34d1166c0
Event: 10.575 Thread 0x000001d34d115380 Thread exited: 0x000001d34d115380
Event: 10.772 Thread 0x000001d34d117060 Thread added: 0x000001d34d117060
Event: 10.776 Thread 0x000001d34d117a00 Thread added: 0x000001d34d117a00
Event: 10.978 Thread 0x000001d34d117060 Thread exited: 0x000001d34d117060
Event: 12.932 Thread 0x000001d33db2b460 Thread exited: 0x000001d33db2b460
Event: 12.932 Thread 0x000001d345c03db0 Thread exited: 0x000001d345c03db0
Event: 13.165 Thread 0x000001d339a22b40 Thread exited: 0x000001d339a22b40
Event: 17.500 Thread 0x000001d33ab0d850 Thread added: 0x000001d33ab0d850
Event: 18.094 Thread 0x000001d33ab0d850 Thread exited: 0x000001d33ab0d850


Dynamic libraries:
0x00007ff7d8a20000 - 0x00007ff7d8a2e000 	C:\Program Files\Eclipse Adoptium\jdk-17.0.1.12-hotspot\bin\java.exe
0x00007ffdc5cd0000 - 0x00007ffdc5ec5000 	C:\Windows\SYSTEM32\ntdll.dll
0x00007ffdc4060000 - 0x00007ffdc411d000 	C:\Windows\System32\KERNEL32.DLL
0x00007ffdc3720000 - 0x00007ffdc39ed000 	C:\Windows\System32\KERNELBASE.dll
0x00007ffdc33b0000 - 0x00007ffdc34b0000 	C:\Windows\System32\ucrtbase.dll
0x00007ffdbd460000 - 0x00007ffdbd479000 	C:\Program Files\Eclipse Adoptium\jdk-17.0.1.12-hotspot\bin\VCRUNTIME140.dll
0x00007ffdbee20000 - 0x00007ffdbee38000 	C:\Program Files\Eclipse Adoptium\jdk-17.0.1.12-hotspot\bin\jli.dll
0x00007ffdc5530000 - 0x00007ffdc56d0000 	C:\Windows\System32\USER32.dll
0x00007ffdc3c20000 - 0x00007ffdc3c42000 	C:\Windows\System32\win32u.dll
0x00007ffdad620000 - 0x00007ffdad8ba000 	C:\Windows\WinSxS\amd64_microsoft.windows.common-controls_6595b64144ccf1df_6.0.19041.1110_none_60b5254171f9507e\COMCTL32.dll
0x00007ffdc5bd0000 - 0x00007ffdc5bfa000 	C:\Windows\System32\GDI32.dll
0x00007ffdc5190000 - 0x00007ffdc522e000 	C:\Windows\System32\msvcrt.dll
0x00007ffdc3610000 - 0x00007ffdc371b000 	C:\Windows\System32\gdi32full.dll
0x00007ffdc39f0000 - 0x00007ffdc3a8d000 	C:\Windows\System32\msvcp_win.dll
0x00007ffdc4eb0000 - 0x00007ffdc4ee0000 	C:\Windows\System32\IMM32.DLL
0x00007ffdbede0000 - 0x00007ffdbedec000 	C:\Program Files\Eclipse Adoptium\jdk-17.0.1.12-hotspot\bin\vcruntime140_1.dll
0x00007ffdb1940000 - 0x00007ffdb19d1000 	C:\Program Files\Eclipse Adoptium\jdk-17.0.1.12-hotspot\bin\msvcp140.dll
0x00007ffd82e10000 - 0x00007ffd83a56000 	C:\Program Files\Eclipse Adoptium\jdk-17.0.1.12-hotspot\bin\server\jvm.dll
0x00007ffdc3fb0000 - 0x00007ffdc405e000 	C:\Windows\System32\ADVAPI32.dll
0x00007ffdc3e80000 - 0x00007ffdc3f1c000 	C:\Windows\System32\sechost.dll
0x00007ffdc3d50000 - 0x00007ffdc3e75000 	C:\Windows\System32\RPCRT4.dll
0x00007ffdc4ee0000 - 0x00007ffdc4ee8000 	C:\Windows\System32\PSAPI.DLL
0x00007ffda5c00000 - 0x00007ffda5c09000 	C:\Windows\SYSTEM32\WSOCK32.dll
0x00007ffdc52e0000 - 0x00007ffdc534b000 	C:\Windows\System32\WS2_32.dll
0x00007ffdbc260000 - 0x00007ffdbc26a000 	C:\Windows\SYSTEM32\VERSION.dll
0x00007ffdb8890000 - 0x00007ffdb88b7000 	C:\Windows\SYSTEM32\WINMM.dll
0x00007ffdc1c40000 - 0x00007ffdc1c52000 	C:\Windows\SYSTEM32\kernel.appcore.dll
0x00007ffdbe750000 - 0x00007ffdbe75a000 	C:\Program Files\Eclipse Adoptium\jdk-17.0.1.12-hotspot\bin\jimage.dll
0x00007ffdc1a30000 - 0x00007ffdc1c14000 	C:\Windows\SYSTEM32\DBGHELP.DLL
0x00007ffdb8de0000 - 0x00007ffdb8e0c000 	C:\Windows\SYSTEM32\dbgcore.DLL
0x00007ffdc3a90000 - 0x00007ffdc3b12000 	C:\Windows\System32\bcryptPrimitives.dll
0x00007ffdb62b0000 - 0x00007ffdb62d5000 	C:\Program Files\Eclipse Adoptium\jdk-17.0.1.12-hotspot\bin\java.dll
0x00007ffd848b0000 - 0x00007ffd84986000 	C:\Program Files\Eclipse Adoptium\jdk-17.0.1.12-hotspot\bin\svml.dll
0x00007ffdc4120000 - 0x00007ffdc4864000 	C:\Windows\System32\SHELL32.dll
0x00007ffdc1150000 - 0x00007ffdc18e4000 	C:\Windows\SYSTEM32\windows.storage.dll
0x00007ffdc5870000 - 0x00007ffdc5bc4000 	C:\Windows\System32\combase.dll
0x00007ffdc2e10000 - 0x00007ffdc2e3c000 	C:\Windows\SYSTEM32\Wldp.dll
0x00007ffdc5230000 - 0x00007ffdc52dd000 	C:\Windows\System32\SHCORE.dll
0x00007ffdc3cf0000 - 0x00007ffdc3d45000 	C:\Windows\System32\shlwapi.dll
0x00007ffdc32f0000 - 0x00007ffdc330f000 	C:\Windows\SYSTEM32\profapi.dll
0x00007ffdb6650000 - 0x00007ffdb6669000 	C:\Program Files\Eclipse Adoptium\jdk-17.0.1.12-hotspot\bin\net.dll
0x00007ffdb4be0000 - 0x00007ffdb4cea000 	C:\Windows\SYSTEM32\WINHTTP.dll
0x00007ffdc2b70000 - 0x00007ffdc2bda000 	C:\Windows\system32\mswsock.dll
0x00007ffdb1920000 - 0x00007ffdb1935000 	C:\Program Files\Eclipse Adoptium\jdk-17.0.1.12-hotspot\bin\nio.dll
0x00007ffdb1900000 - 0x00007ffdb1918000 	C:\Program Files\Eclipse Adoptium\jdk-17.0.1.12-hotspot\bin\zip.dll
0x000000006e700000 - 0x000000006e72a000 	C:\Users\grado\AppData\Local\Temp\libgdxgrado\e1cd32f8\gdx64.dll
0x00007ffdb1890000 - 0x00007ffdb18f4000 	C:\Users\grado\AppData\Local\Temp\lwjglgrado\3.2.3-build-13\lwjgl.dll
0x00007ffd84490000 - 0x00007ffd846e3000 	C:\Users\grado\AppData\Local\Temp\lwjglgrado\3.2.3-build-13\jemalloc.dll
0x00007ffd9ef50000 - 0x00007ffd9efb2000 	C:\Users\grado\AppData\Local\Temp\lwjglgrado\3.2.3-build-13\glfw.dll
0x00007ffdc0870000 - 0x00007ffdc090e000 	C:\Windows\system32\uxtheme.dll
0x00007ffdaacb0000 - 0x00007ffdaacf5000 	C:\Windows\SYSTEM32\dinput8.dll
0x00007ffdab4e0000 - 0x00007ffdab4f1000 	C:\Windows\SYSTEM32\xinput1_4.dll
0x00007ffdc3b20000 - 0x00007ffdc3b6e000 	C:\Windows\System32\cfgmgr32.dll
0x00007ffdc3160000 - 0x00007ffdc318c000 	C:\Windows\SYSTEM32\DEVOBJ.dll
0x00007ffdc0a00000 - 0x00007ffdc0a2f000 	C:\Windows\SYSTEM32\dwmapi.dll
0x00007ffda8c80000 - 0x00007ffda8dd2000 	C:\Windows\SYSTEM32\inputhost.dll
0x00007ffdc4d70000 - 0x00007ffdc4e3d000 	C:\Windows\System32\OLEAUT32.dll
0x00007ffdc0500000 - 0x00007ffdc05f2000 	C:\Windows\SYSTEM32\CoreMessaging.dll
0x00007ffdbfad0000 - 0x00007ffdbfc24000 	C:\Windows\SYSTEM32\wintypes.dll
0x00007ffdbe990000 - 0x00007ffdbea86000 	C:\Windows\SYSTEM32\PROPSYS.dll
0x00007ffdc01a0000 - 0x00007ffdc04fe000 	C:\Windows\SYSTEM32\CoreUIComponents.dll
0x00007ffdc20b0000 - 0x00007ffdc20e3000 	C:\Windows\SYSTEM32\ntmarta.dll
0x00007ffdc5750000 - 0x00007ffdc5865000 	C:\Windows\System32\MSCTF.dll
0x00007ffdc18f0000 - 0x00007ffdc18fd000 	C:\Windows\SYSTEM32\HID.DLL
0x00007ffdc4870000 - 0x00007ffdc4ce1000 	C:\Windows\System32\SETUPAPI.DLL
0x00007ffdc3c50000 - 0x00007ffdc3c77000 	C:\Windows\System32\bcrypt.dll
0x00007ffdc3c80000 - 0x00007ffdc3ce8000 	C:\Windows\System32\WINTRUST.dll
0x00007ffdc34b0000 - 0x00007ffdc3606000 	C:\Windows\System32\CRYPT32.dll
0x00007ffdc2fa0000 - 0x00007ffdc2fb2000 	C:\Windows\SYSTEM32\MSASN1.dll
0x00007ffd81e40000 - 0x00007ffd81f4b000 	C:\Users\grado\AppData\Local\Temp\lwjglgrado\3.2.3-build-13\OpenAL.dll
0x00007ffdc5400000 - 0x00007ffdc552a000 	C:\Windows\System32\ole32.dll
0x00007ffdc5350000 - 0x00007ffdc53f9000 	C:\Windows\System32\clbcatq.dll
0x00007ffdbb510000 - 0x00007ffdbb595000 	C:\Windows\System32\MMDevApi.dll
0x00007ffdbbda0000 - 0x00007ffdbbf22000 	C:\Windows\SYSTEM32\AUDIOSES.DLL
0x00007ffdc2930000 - 0x00007ffdc297b000 	C:\Windows\SYSTEM32\powrprof.dll
0x00007ffdc27f0000 - 0x00007ffdc2802000 	C:\Windows\SYSTEM32\UMPDC.dll
0x00007ffdc0a30000 - 0x00007ffdc0a44000 	C:\Windows\SYSTEM32\resourcepolicyclient.dll
0x00007ffd22910000 - 0x00007ffd22a36000 	C:\Windows\SYSTEM32\opengl32.dll
0x00007ffd228e0000 - 0x00007ffd2290c000 	C:\Windows\SYSTEM32\GLU32.dll
0x00007ffdbc2e0000 - 0x00007ffdbc3d7000 	C:\Windows\System32\AppXDeploymentClient.dll
0x00007ffdaaf90000 - 0x00007ffdaafba000 	C:\Windows\System32\DriverStore\FileRepository\u0361612.inf_amd64_b679e02f70413f9f\B361368\atig6pxx.dll
0x00007ffd7dc80000 - 0x00007ffd80966000 	C:\Windows\System32\DriverStore\FileRepository\u0361612.inf_amd64_b679e02f70413f9f\B361368\atio6axx.dll
0x00007ffd86690000 - 0x00007ffd866b4000 	C:\Windows\SYSTEM32\dxva2.dll
0x00007ffdaa460000 - 0x00007ffdaa49c000 	C:\Windows\System32\DriverStore\FileRepository\u0361612.inf_amd64_b679e02f70413f9f\B361368\atig6txx.dll
0x00007ffd81c80000 - 0x00007ffd81e39000 	C:\Windows\SYSTEM32\atiadlxx.dll
0x00007ffdb9380000 - 0x00007ffdb93bb000 	C:\Windows\SYSTEM32\dxcore.dll
0x00007ffda3ef0000 - 0x00007ffda3f49000 	C:\Users\grado\AppData\Local\Temp\lwjglgrado\3.2.3-build-13\lwjgl_opengl.dll
0x00007ffda93b0000 - 0x00007ffda94a9000 	C:\Windows\SYSTEM32\textinputframework.dll
0x00007ffdab4c0000 - 0x00007ffdab4d1000 	C:\Program Files\Eclipse Adoptium\jdk-17.0.1.12-hotspot\bin\jsound.dll
0x00007ffd853c0000 - 0x00007ffd8545c000 	C:\Windows\SYSTEM32\DSOUND.dll
0x00007ffdb3710000 - 0x00007ffdb3736000 	C:\Windows\SYSTEM32\winmmbase.dll
0x00007ffda9b00000 - 0x00007ffda9b46000 	C:\Windows\SYSTEM32\wdmaud.drv
0x00007ffdbd880000 - 0x00007ffdbd88a000 	C:\Windows\SYSTEM32\AVRT.dll
0x00007ffdbde60000 - 0x00007ffdbde69000 	C:\Windows\SYSTEM32\ksuser.dll
0x00007ffdbc5b0000 - 0x00007ffdbc5bd000 	C:\Windows\SYSTEM32\msacm32.drv
0x00007ffdbc630000 - 0x00007ffdbc64e000 	C:\Windows\SYSTEM32\MSACM32.dll
0x00007ffdb6730000 - 0x00007ffdb673b000 	C:\Windows\SYSTEM32\midimap.dll
0x00007ffda8de0000 - 0x00007ffda8f21000 	C:\Windows\System32\Windows.UI.dll
0x00007ffdbd350000 - 0x00007ffdbd3f1000 	C:\Windows\System32\WindowManagementAPI.dll
0x00007ffdbca10000 - 0x00007ffdbcc11000 	C:\Windows\SYSTEM32\twinapi.appcore.dll

dbghelp: loaded successfully - version: 4.0.5 - missing functions: none
symbol engine: initialized successfully - sym options: 0x614 - pdb path: .;C:\Program Files\Eclipse Adoptium\jdk-17.0.1.12-hotspot\bin;C:\Windows\SYSTEM32;C:\Windows\WinSxS\amd64_microsoft.windows.common-controls_6595b64144ccf1df_6.0.19041.1110_none_60b5254171f9507e;C:\Program Files\Eclipse Adoptium\jdk-17.0.1.12-hotspot\bin\server;C:\Users\grado\AppData\Local\Temp\libgdxgrado\e1cd32f8;C:\Users\grado\AppData\Local\Temp\lwjglgrado\3.2.3-build-13;C:\Windows\System32\DriverStore\FileRepository\u0361612.inf_amd64_b679e02f70413f9f\B361368

VM Arguments:
jvm_args: -XX:+ShowCodeDetailsInExceptionMessages 
java_command: com.crazyputting3d.Main
java_class_path (initial): C:\Users\grado\Documents\Group-04\3dcrazyputting\desktop\bin\main;\CrazyPutting3D-core\bin\default;C:\Users\grado\Documents\Group-04\3dcrazyputting\core\bin\main;C:\Users\grado\.gradle\caches\modules-2\files-2.1\com.badlogicgames.gdx\gdx-backend-lwjgl3\1.10.0\600c7d5b2c977daa82c4abad147087b31e0ada87\gdx-backend-lwjgl3-1.10.0.jar;C:\Users\grado\.gradle\caches\modules-2\files-2.1\com.badlogicgames.gdx\gdx-platform\1.10.0\9a8fa793d2fd6d360afc6c9e4c1f5583da263b88\gdx-platform-1.10.0-natives-desktop.jar;C:\Users\grado\.gradle\caches\modules-2\files-2.1\com.badlogicgames.gdx\gdx-bullet-platform\1.10.0\ce92e8dfc762523d769cbc50853163c03bf98cf1\gdx-bullet-platform-1.10.0-natives-desktop.jar;C:\Users\grado\.gradle\caches\modules-2\files-2.1\com.badlogicgames.gdx\gdx-freetype-platform\1.10.0\6e5d28752759e69384f12e4569d2c884ff71352f\gdx-freetype-platform-1.10.0-natives-desktop.jar;C:\Users\grado\.gradle\caches\modules-2\files-2.1\com.badlogicgames.gdx-controllers\gdx-controllers-desktop\2.2.1\cb3430c32468a090eca54d494d16bb3764ceff9b\gdx-controllers-desktop-2.2.1.jar;C:\Users\grado\.gradle\caches\modules-2\files-2.1\org.jetbrains\annotations\20.1.0\2fcd1f3225bca0c4a7bc931142076f8c1e80993f\annotations-20.1.0.jar;C:\Users\grado\.gradle\caches\modules-2\files-2.1\com.badlogicgames.gdx\gdx-bullet\1.10.0\839b58c7278f5c3b55291c3a559d91227400ecdb\gdx-bullet-1.10.0.jar;C:\Users\grado\.gradle\caches\modules-2\files-2.1\com.badlogicgames.gdx\gdx-freetype\1.10.0\de1d0d5c1e92e8d91364256fd6b7bb279d3e9859\gdx-freetype-1.10.0.jar;C:\Users\grado\.gradle\caches\modules-2\files-2.1\com.badlogicgames.gdx\gdx-ai\1.8.2\ab75d2ce80ab1b1ce6828a15dc0f417abac4c674\gdx-ai-1.8.2.jar;C:\Users\grado\.gradle\caches\modules-2\files-2.1\com.badlogicgames.ashley\ashley\1.7.4\21a3a8932919099c4e5006a7d8378dcbe76ef8a5\ashley-1.7.4.jar;C:\Users\grado\.gradle\caches\modules-2\files-2.1\com.badlogicgames.box2dlights\box2dlights\1.5\6902dbcd250c95a27973aa24a147a95b3828d348\box2dlights-1.5.j
Launcher Type: SUN_STANDARD

[Global flags]
     intx CICompilerCount                          = 12                                        {product} {ergonomic}
     uint ConcGCThreads                            = 3                                         {product} {ergonomic}
     uint G1ConcRefinementThreads                  = 13                                        {product} {ergonomic}
   size_t G1HeapRegionSize                         = 2097152                                   {product} {ergonomic}
    uintx GCDrainStackTargetSize                   = 64                                        {product} {ergonomic}
   size_t InitialHeapSize                          = 257949696                                 {product} {ergonomic}
   size_t MarkStackSize                            = 4194304                                   {product} {ergonomic}
   size_t MaxHeapSize                              = 4127195136                                {product} {ergonomic}
   size_t MaxNewSize                               = 2474639360                                {product} {ergonomic}
   size_t MinHeapDeltaBytes                        = 2097152                                   {product} {ergonomic}
   size_t MinHeapSize                              = 8388608                                   {product} {ergonomic}
    uintx NonNMethodCodeHeapSize                   = 7602480                                {pd product} {ergonomic}
    uintx NonProfiledCodeHeapSize                  = 122027880                              {pd product} {ergonomic}
    uintx ProfiledCodeHeapSize                     = 122027880                              {pd product} {ergonomic}
    uintx ReservedCodeCacheSize                    = 251658240                              {pd product} {ergonomic}
     bool SegmentedCodeCache                       = true                                      {product} {ergonomic}
     bool ShowCodeDetailsInExceptionMessages       = true                                   {manageable} {command line}
   size_t SoftMaxHeapSize                          = 4127195136                             {manageable} {ergonomic}
     bool UseCompressedClassPointers               = true                           {product lp64_product} {ergonomic}
     bool UseCompressedOops                        = true                           {product lp64_product} {ergonomic}
     bool UseG1GC                                  = true                                      {product} {ergonomic}
     bool UseLargePagesIndividualAllocation        = false                                  {pd product} {ergonomic}

Logging:
Log output configuration:
 #0: stdout all=warning uptime,level,tags
 #1: stderr all=off uptime,level,tags

Environment Variables:
PATH=C:\Program Files\Common Files\Oracle\Java\javapath;C:\Windows\system32;C:\Windows;C:\Windows\System32\Wbem;C:\Windows\System32\WindowsPowerShell\v1.0\;C:\Windows\System32\OpenSSH\;C:\Program Files (x86)\NVIDIA Corporation\PhysX\Common;C:\Program Files\NVIDIA Corporation\NVIDIA NvDLISR;C:\Program Files\MATLAB\R2022a\bin;C:\Program Files\Gradle\gradle-7.4.2\bin;C:\Program Files\Git\cmd;C:\Users\grado\AppData\Local\Microsoft\WindowsApps;C:\Users\grado\AppData\Local\Programs\Microsoft VS Code\bin;C:\Users\grado\AppData\Local\GitHubDesktop\bin
USERNAME=grado
LANG=en_US.UTF-8
OS=Windows_NT
PROCESSOR_IDENTIFIER=AMD64 Family 23 Model 96 Stepping 1, AuthenticAMD



---------------  S Y S T E M  ---------------

OS:
 Windows 10 , 64 bit Build 19041 (10.0.19041.1706)
OS uptime: 11 days 16:55 hours

CPU: total 16 (initial active 16) (16 cores per cpu, 2 threads per core) family 23 model 96 stepping 1 microcode 0x0, cx8, cmov, fxsr, ht, mmx, 3dnowpref, sse, sse2, sse3, ssse3, sse4a, sse4.1, sse4.2, popcnt, lzcnt, tsc, tscinvbit, avx, avx2, aes, clmul, bmi1, bmi2, adx, sha, fma, vzeroupper, clflush, clflushopt

Memory: 4k page, system-wide physical 15741M (4070M free)
TotalPageFile size 23884M (AvailPageFile size 3963M)
current process WorkingSet (physical memory assigned to process): 561M, peak: 640M
current process commit charge ("private bytes"): 729M, peak: 819M

vm_info: OpenJDK 64-Bit Server VM (17.0.1+12) for windows-amd64 JRE (17.0.1+12), built on Oct 20 2021 07:42:55 by "" with MS VC++ 16.7 (VS2019)

END.
