#
# A fatal error has been detected by the Java Runtime Environment:
#
#  EXCEPTION_ACCESS_VIOLATION (0xc0000005) at pc=0x000002165ff80000, pid=980, tid=24500
#
# JRE version: OpenJDK Runtime Environment Temurin-17.0.1+12 (17.0.1+12) (build 17.0.1+12)
# Java VM: OpenJDK 64-Bit Server VM Temurin-17.0.1+12 (17.0.1+12, mixed mode, sharing, tiered, compressed oops, compressed class ptrs, g1 gc, windows-amd64)
# Problematic frame:
# C  0x000002165ff80000
#
# No core dump will be written. Minidumps are not enabled by default on client versions of Windows
#
# If you would like to submit a bug report, please visit:
#   https://github.com/adoptium/adoptium-support/issues
# The crash happened outside the Java Virtual Machine in native code.
# See problematic frame for where to report the bug.
#

---------------  S U M M A R Y ------------

Command Line: -XX:+ShowCodeDetailsInExceptionMessages com.crazyputting3d.Main

Host: AMD Ryzen 7 4800H with Radeon Graphics         , 16 cores, 15G,  Windows 10 , 64 bit Build 19041 (10.0.19041.1706)
Time: Fri Jun 17 19:06:21 2022 Central European Daylight Time elapsed time: 21.908024 seconds (0d 0h 0m 21s)

---------------  T H R E A D  ---------------

Current thread (0x000002163a9445e0):  JavaThread "main" [_thread_in_native, id=24500, stack(0x000000f0a8900000,0x000000f0a8a00000)]

Stack: [0x000000f0a8900000,0x000000f0a8a00000],  sp=0x000000f0a89ff078,  free space=1020k
Native frames: (J=compiled Java code, j=interpreted, Vv=VM code, C=native code)
C  0x000002165ff80000

Java frames: (J=compiled Java code, j=interpreted, Vv=VM code)
J 1198  org.lwjgl.system.JNI.invokePV(JJ)V (0 bytes) @ 0x000002164b8102ec [0x000002164b8102a0+0x000000000000004c]
J 1978 c1 org.lwjgl.glfw.GLFW.glfwSwapBuffers(J)V (21 bytes) @ 0x00000216446c9dac [0x00000216446c9cc0+0x00000000000000ec]
j  com.badlogic.gdx.backends.lwjgl3.Lwjgl3Window.update()Z+196
j  com.badlogic.gdx.backends.lwjgl3.Lwjgl3Application.loop()V+111
j  com.badlogic.gdx.backends.lwjgl3.Lwjgl3Application.<init>(Lcom/badlogic/gdx/ApplicationListener;Lcom/badlogic/gdx/backends/lwjgl3/Lwjgl3ApplicationConfiguration;)V+243
j  com.crazyputting3d.Main.main([Ljava/lang/String;)V+41
v  ~StubRoutines::call_stub

siginfo: EXCEPTION_ACCESS_VIOLATION (0xc0000005), data execution prevention violation at address 0x000002165ff80000


Register to memory mapping:

RIP=0x000002165ff80000 is an unknown value
RAX=0x000002165ff80000 is an unknown value
RBX=0x0000000000010001 is an unknown value
RCX=0x0000000000010001 is an unknown value
RDX=0x000000f0a89ff0b0 is pointing into the stack for thread: 0x000002163a9445e0
RSP=0x000000f0a89ff078 is pointing into the stack for thread: 0x000002163a9445e0
RBP=0x000000f0a89ff180 is pointing into the stack for thread: 0x000002163a9445e0
RSI=0x0000000000000110 is an unknown value
RDI=0x00000000000017c1 is an unknown value
R8 =0x00000216611d4580 points into unknown readable memory: 0x00000216646806f0 | f0 06 68 64 16 02 00 00
R9 =0x00007ffdb1931b50 glfw.dll
R10=0x00007ffdb6441b10 lwjgl.dll
R11=0x000000f0a89ff4e8 is pointing into the stack for thread: 0x000002163a9445e0
R12=0x0 is NULL
R13=0x000000f0a89ff5e8 is pointing into the stack for thread: 0x000002163a9445e0
R14=0x000000f0a89ff540 is pointing into the stack for thread: 0x000002163a9445e0
R15=0x000002163a9445e0 is a thread


Registers:
RAX=0x000002165ff80000, RBX=0x0000000000010001, RCX=0x0000000000010001, RDX=0x000000f0a89ff0b0
RSP=0x000000f0a89ff078, RBP=0x000000f0a89ff180, RSI=0x0000000000000110, RDI=0x00000000000017c1
R8 =0x00000216611d4580, R9 =0x00007ffdb1931b50, R10=0x00007ffdb6441b10, R11=0x000000f0a89ff4e8
R12=0x0000000000000000, R13=0x000000f0a89ff5e8, R14=0x000000f0a89ff540, R15=0x000002163a9445e0
RIP=0x000002165ff80000, EFLAGS=0x0000000000010206

Top of Stack: (sp=0x000000f0a89ff078)
0x000000f0a89ff078:   00007ffdb1931f7c 000000070b318228
0x000000f0a89ff088:   0000140600000002 0000000700000014
0x000000f0a89ff098:   438c000041700000 000000070b31a728
0x000000f0a89ff0a8:   0000021644571c7c 57464c4720656854
0x000000f0a89ff0b8:   7972617262696c20 20746f6e20736920
0x000000f0a89ff0c8:   696c616974696e69 000000f00064657a
0x000000f0a89ff0d8:   00007ffd92535e62 000002163a9445e0
0x000000f0a89ff0e8:   0000000000000000 00000000000001cc
0x000000f0a89ff0f8:   0000000000000000 0000000000000000
0x000000f0a89ff108:   000000006e7020f4 000002163a944888
0x000000f0a89ff118:   00007ffd92535481 000000070b32f888
0x000000f0a89ff128:   000002164b80b385 0000000200000003
0x000000f0a89ff138:   000000070b31a748 000000070b32e338
0x000000f0a89ff148:   000000070b32eb38 0000000700000000
0x000000f0a89ff158:   000000070b318228 0000000000000002
0x000000f0a89ff168:   00007ffd22939d0a 000000f0a89ff500 

Instructions: (pc=0x000002165ff80000)
0x000002165ff7ff00:   ?? ?? ?? ?? ?? ?? ?? ?? ?? ?? ?? ?? ?? ?? ?? ??
0x000002165ff7ff10:   ?? ?? ?? ?? ?? ?? ?? ?? ?? ?? ?? ?? ?? ?? ?? ??
0x000002165ff7ff20:   ?? ?? ?? ?? ?? ?? ?? ?? ?? ?? ?? ?? ?? ?? ?? ??
0x000002165ff7ff30:   ?? ?? ?? ?? ?? ?? ?? ?? ?? ?? ?? ?? ?? ?? ?? ??
0x000002165ff7ff40:   ?? ?? ?? ?? ?? ?? ?? ?? ?? ?? ?? ?? ?? ?? ?? ??
0x000002165ff7ff50:   ?? ?? ?? ?? ?? ?? ?? ?? ?? ?? ?? ?? ?? ?? ?? ??
0x000002165ff7ff60:   ?? ?? ?? ?? ?? ?? ?? ?? ?? ?? ?? ?? ?? ?? ?? ??
0x000002165ff7ff70:   ?? ?? ?? ?? ?? ?? ?? ?? ?? ?? ?? ?? ?? ?? ?? ??
0x000002165ff7ff80:   ?? ?? ?? ?? ?? ?? ?? ?? ?? ?? ?? ?? ?? ?? ?? ??
0x000002165ff7ff90:   ?? ?? ?? ?? ?? ?? ?? ?? ?? ?? ?? ?? ?? ?? ?? ??
0x000002165ff7ffa0:   ?? ?? ?? ?? ?? ?? ?? ?? ?? ?? ?? ?? ?? ?? ?? ??
0x000002165ff7ffb0:   ?? ?? ?? ?? ?? ?? ?? ?? ?? ?? ?? ?? ?? ?? ?? ??
0x000002165ff7ffc0:   ?? ?? ?? ?? ?? ?? ?? ?? ?? ?? ?? ?? ?? ?? ?? ??
0x000002165ff7ffd0:   ?? ?? ?? ?? ?? ?? ?? ?? ?? ?? ?? ?? ?? ?? ?? ??
0x000002165ff7ffe0:   ?? ?? ?? ?? ?? ?? ?? ?? ?? ?? ?? ?? ?? ?? ?? ??
0x000002165ff7fff0:   ?? ?? ?? ?? ?? ?? ?? ?? ?? ?? ?? ?? ?? ?? ?? ??
0x000002165ff80000:   ?? ?? ?? ?? ?? ?? ?? ?? ?? ?? ?? ?? ?? ?? ?? ??
0x000002165ff80010:   ?? ?? ?? ?? ?? ?? ?? ?? ?? ?? ?? ?? ?? ?? ?? ??
0x000002165ff80020:   ?? ?? ?? ?? ?? ?? ?? ?? ?? ?? ?? ?? ?? ?? ?? ??
0x000002165ff80030:   ?? ?? ?? ?? ?? ?? ?? ?? ?? ?? ?? ?? ?? ?? ?? ??
0x000002165ff80040:   ?? ?? ?? ?? ?? ?? ?? ?? ?? ?? ?? ?? ?? ?? ?? ??
0x000002165ff80050:   ?? ?? ?? ?? ?? ?? ?? ?? ?? ?? ?? ?? ?? ?? ?? ??
0x000002165ff80060:   ?? ?? ?? ?? ?? ?? ?? ?? ?? ?? ?? ?? ?? ?? ?? ??
0x000002165ff80070:   ?? ?? ?? ?? ?? ?? ?? ?? ?? ?? ?? ?? ?? ?? ?? ??
0x000002165ff80080:   ?? ?? ?? ?? ?? ?? ?? ?? ?? ?? ?? ?? ?? ?? ?? ??
0x000002165ff80090:   ?? ?? ?? ?? ?? ?? ?? ?? ?? ?? ?? ?? ?? ?? ?? ??
0x000002165ff800a0:   ?? ?? ?? ?? ?? ?? ?? ?? ?? ?? ?? ?? ?? ?? ?? ??
0x000002165ff800b0:   ?? ?? ?? ?? ?? ?? ?? ?? ?? ?? ?? ?? ?? ?? ?? ??
0x000002165ff800c0:   ?? ?? ?? ?? ?? ?? ?? ?? ?? ?? ?? ?? ?? ?? ?? ??
0x000002165ff800d0:   ?? ?? ?? ?? ?? ?? ?? ?? ?? ?? ?? ?? ?? ?? ?? ??
0x000002165ff800e0:   ?? ?? ?? ?? ?? ?? ?? ?? ?? ?? ?? ?? ?? ?? ?? ??
0x000002165ff800f0:   ?? ?? ?? ?? ?? ?? ?? ?? ?? ?? ?? ?? ?? ?? ?? ?? 


Stack slot to memory mapping:
stack at sp + 0 slots: 0x00007ffdb1931f7c glfw.dll
stack at sp + 1 slots: 0x000000070b318228 is an oop: com.badlogic.gdx.backends.lwjgl3.Lwjgl3GL20 
{0x000000070b318228} - klass: 'com/badlogic/gdx/backends/lwjgl3/Lwjgl3GL20'
 - ---- fields (total size 3 words):
 - private 'buffer' 'Ljava/nio/ByteBuffer;' @12  a 'java/nio/DirectByteBuffer'{0x000000070b318240} (e1663048)
 - private 'floatBuffer' 'Ljava/nio/FloatBuffer;' @16  a 'java/nio/DirectFloatBufferU'{0x000000070b319a58} (e166334b)
 - private 'intBuffer' 'Ljava/nio/IntBuffer;' @20  a 'java/nio/DirectIntBufferU'{0x000000070b319a90} (e1663352)
stack at sp + 2 slots: 0x0000140600000002 is an unknown value
stack at sp + 3 slots: 0x0000000700000014 is an unknown value
stack at sp + 4 slots: 0x438c000041700000 is an unknown value
stack at sp + 5 slots: 0x000000070b31a728 is an oop: com.badlogic.gdx.graphics.Mesh 
{0x000000070b31a728} - klass: 'com/badlogic/gdx/graphics/Mesh'
 - ---- fields (total size 4 words):
 - 'autoBind' 'Z' @12  true
 - final 'isVertexArray' 'Z' @13  true
 - 'isInstanced' 'Z' @14  false
 - final 'vertices' 'Lcom/badlogic/gdx/graphics/glutils/VertexData;' @16  a 'com/badlogic/gdx/graphics/glutils/VertexArray'{0x000000070b31a748} (e16634e9)
 - final 'indices' 'Lcom/badlogic/gdx/graphics/glutils/IndexData;' @20  a 'com/badlogic/gdx/graphics/glutils/IndexArray'{0x000000070b31a8e0} (e166351c)
 - 'instances' 'Lcom/badlogic/gdx/graphics/glutils/InstanceData;' @24  NULL (0)
 - private final 'tmpV' 'Lcom/badlogic/gdx/math/Vector3;' @28  a 'com/badlogic/gdx/math/Vector3'{0x000000070b31a970} (e166352e)
stack at sp + 6 slots: 0x0000021644571c7c is at entry_point+2172 in (nmethod*)0x0000021644571090
stack at sp + 7 slots: 0x57464c4720656854 is an unknown value


---------------  P R O C E S S  ---------------

Threads class SMR info:
_java_thread_list=0x000002166c89ecb0, length=22, elements={
0x000002163a9445e0, 0x000002165fe39820, 0x000002165fe3b890, 0x000002165fe53f90,
0x000002165fe54850, 0x000002165fe558b0, 0x000002165fe58920, 0x000002165fe5c340,
0x000002165fe5dc30, 0x0000021660800080, 0x000002166093ab80, 0x000002166094ac00,
0x00000216645861e0, 0x0000021670757b70, 0x0000021672799440, 0x0000021660d99030,
0x0000021671d58870, 0x0000021672e89fc0, 0x00000216734c26b0, 0x00000216734c1d10,
0x00000216734c3520, 0x00000216734c2b80
}

Java Threads: ( => current thread )
=>0x000002163a9445e0 JavaThread "main" [_thread_in_native, id=24500, stack(0x000000f0a8900000,0x000000f0a8a00000)]
  0x000002165fe39820 JavaThread "Reference Handler" daemon [_thread_blocked, id=26800, stack(0x000000f0a9000000,0x000000f0a9100000)]
  0x000002165fe3b890 JavaThread "Finalizer" daemon [_thread_blocked, id=16916, stack(0x000000f0a9100000,0x000000f0a9200000)]
  0x000002165fe53f90 JavaThread "Signal Dispatcher" daemon [_thread_blocked, id=27620, stack(0x000000f0a9200000,0x000000f0a9300000)]
  0x000002165fe54850 JavaThread "Attach Listener" daemon [_thread_blocked, id=22344, stack(0x000000f0a9300000,0x000000f0a9400000)]
  0x000002165fe558b0 JavaThread "Service Thread" daemon [_thread_blocked, id=24908, stack(0x000000f0a9400000,0x000000f0a9500000)]
  0x000002165fe58920 JavaThread "Monitor Deflation Thread" daemon [_thread_blocked, id=25440, stack(0x000000f0a9500000,0x000000f0a9600000)]
  0x000002165fe5c340 JavaThread "C2 CompilerThread0" daemon [_thread_blocked, id=25236, stack(0x000000f0a9600000,0x000000f0a9700000)]
  0x000002165fe5dc30 JavaThread "C1 CompilerThread0" daemon [_thread_blocked, id=5196, stack(0x000000f0a9700000,0x000000f0a9800000)]
  0x0000021660800080 JavaThread "Sweeper thread" daemon [_thread_blocked, id=21788, stack(0x000000f0a9800000,0x000000f0a9900000)]
  0x000002166093ab80 JavaThread "Notification Thread" daemon [_thread_blocked, id=7968, stack(0x000000f0a9b00000,0x000000f0a9c00000)]
  0x000002166094ac00 JavaThread "Common-Cleaner" daemon [_thread_blocked, id=25876, stack(0x000000f0a9d00000,0x000000f0a9e00000)]
  0x00000216645861e0 JavaThread "LWJGL3 Timer" daemon [_thread_blocked, id=17640, stack(0x000000f0aa600000,0x000000f0aa700000)]
  0x0000021670757b70 JavaThread "LWJGL3 Timer" daemon [_thread_blocked, id=26420, stack(0x000000f0ab500000,0x000000f0ab600000)]
  0x0000021672799440 JavaThread "Java Sound Event Dispatcher" daemon [_thread_blocked, id=20332, stack(0x000000f0ab400000,0x000000f0ab500000)]
  0x0000021660d99030 JavaThread "Direct Clip" daemon [_thread_blocked, id=6724, stack(0x000000f0ab800000,0x000000f0ab900000)]
  0x0000021671d58870 JavaThread "Direct Clip" daemon [_thread_blocked, id=21908, stack(0x000000f0ab300000,0x000000f0ab400000)]
  0x0000021672e89fc0 JavaThread "Direct Clip" daemon [_thread_blocked, id=18652, stack(0x000000f0a9a00000,0x000000f0a9b00000)]
  0x00000216734c26b0 JavaThread "Direct Clip" daemon [_thread_blocked, id=10832, stack(0x000000f0ac100000,0x000000f0ac200000)]
  0x00000216734c1d10 JavaThread "Direct Clip" daemon [_thread_blocked, id=17688, stack(0x000000f0ac300000,0x000000f0ac400000)]
  0x00000216734c3520 JavaThread "Direct Clip" daemon [_thread_blocked, id=20592, stack(0x000000f0ac200000,0x000000f0ac300000)]
  0x00000216734c2b80 JavaThread "Direct Clip" daemon [_thread_blocked, id=13992, stack(0x000000f0ac400000,0x000000f0ac500000)]

Other Threads:
  0x000002165fe2fef0 VMThread "VM Thread" [stack: 0x000000f0a8f00000,0x000000f0a9000000] [id=23352]
  0x000002166093f860 WatcherThread [stack: 0x000000f0a9c00000,0x000000f0a9d00000] [id=18676]
  0x000002163a99b2b0 GCTaskThread "GC Thread#0" [stack: 0x000000f0a8a00000,0x000000f0a8b00000] [id=12472]
  0x00000216642e87f0 GCTaskThread "GC Thread#1" [stack: 0x000000f0aa700000,0x000000f0aa800000] [id=20948]
  0x00000216642eaae0 GCTaskThread "GC Thread#2" [stack: 0x000000f0aa800000,0x000000f0aa900000] [id=10608]
  0x00000216642eb5a0 GCTaskThread "GC Thread#3" [stack: 0x000000f0aa900000,0x000000f0aaa00000] [id=27436]
  0x00000216642e9560 GCTaskThread "GC Thread#4" [stack: 0x000000f0aaa00000,0x000000f0aab00000] [id=22688]
  0x00000216642e8d50 GCTaskThread "GC Thread#5" [stack: 0x000000f0aab00000,0x000000f0aac00000] [id=14804]
  0x00000216642eb040 GCTaskThread "GC Thread#6" [stack: 0x000000f0aac00000,0x000000f0aad00000] [id=3776]
  0x000002166c8de630 GCTaskThread "GC Thread#7" [stack: 0x000000f0aba00000,0x000000f0abb00000] [id=22004]
  0x000002163a9aeb30 ConcurrentGCThread "G1 Main Marker" [stack: 0x000000f0a8b00000,0x000000f0a8c00000] [id=15916]
  0x000002163a9af450 ConcurrentGCThread "G1 Conc#0" [stack: 0x000000f0a8c00000,0x000000f0a8d00000] [id=22232]
  0x000002165fcd20c0 ConcurrentGCThread "G1 Refine#0" [stack: 0x000000f0a8d00000,0x000000f0a8e00000] [id=5788]
  0x000002167198f830 ConcurrentGCThread "G1 Refine#1" [stack: 0x000000f0abb00000,0x000000f0abc00000] [id=7884]
  0x000002166bf699e0 ConcurrentGCThread "G1 Refine#2" [stack: 0x000000f0abc00000,0x000000f0abd00000] [id=17176]
  0x0000021674181c60 ConcurrentGCThread "G1 Refine#3" [stack: 0x000000f0abd00000,0x000000f0abe00000] [id=14576]
  0x000002166bcdaee0 ConcurrentGCThread "G1 Refine#4" [stack: 0x000000f0abe00000,0x000000f0abf00000] [id=18076]
  0x0000021672abe8c0 ConcurrentGCThread "G1 Refine#5" [stack: 0x000000f0abf00000,0x000000f0ac000000] [id=13844]
  0x0000021672abf160 ConcurrentGCThread "G1 Refine#6" [stack: 0x000000f0ac000000,0x000000f0ac100000] [id=19008]
  0x000002165fcd28f0 ConcurrentGCThread "G1 Service" [stack: 0x000000f0a8e00000,0x000000f0a8f00000] [id=8596]

Threads with active compile tasks:

VM state: not at safepoint (normal execution)

VM Mutex/Monitor currently owned by a thread: None

Heap address: 0x000000070a000000, size: 3936 MB, Compressed Oops mode: Zero based, Oop shift amount: 3

CDS archive(s) mapped at: [0x0000000800000000-0x0000000800bc0000-0x0000000800bc0000), size 12320768, SharedBaseAddress: 0x0000000800000000, ArchiveRelocationMode: 0.
Compressed class space mapped at: 0x0000000800c00000-0x0000000840c00000, reserved size: 1073741824
Narrow klass base: 0x0000000800000000, Narrow klass shift: 0, Narrow klass range: 0x100000000

GC Precious Log:
 CPUs: 16 total, 16 available
 Memory: 15741M
 Large Page Support: Disabled
 NUMA Support: Disabled
 Compressed Oops: Enabled (Zero based)
 Heap Region Size: 2M
 Heap Min Capacity: 8M
 Heap Initial Capacity: 246M
 Heap Max Capacity: 3936M
 Pre-touch: Disabled
 Parallel Workers: 13
 Concurrent Workers: 3
 Concurrent Refinement Workers: 13
 Periodic GC: Disabled

Heap:
 garbage-first heap   total 251904K, used 77493K [0x000000070a000000, 0x0000000800000000)
  region size 2048K, 19 young (38912K), 3 survivors (6144K)
 Metaspace       used 10361K, committed 10496K, reserved 1064960K
  class space    used 730K, committed 832K, reserved 1048576K

Heap Regions: E=young(eden), S=young(survivor), O=old, HS=humongous(starts), HC=humongous(continues), CS=collection set, F=free, OA=open archive, CA=closed archive, TAMS=top-at-mark-start (previous, next)
|   0|0x000000070a000000, 0x000000070a200000, 0x000000070a200000|100%| O|  |TAMS 0x000000070a000000, 0x000000070a000000| Untracked 
|   1|0x000000070a200000, 0x000000070a400000, 0x000000070a400000|100%|HS|  |TAMS 0x000000070a200000, 0x000000070a200000| Complete 
|   2|0x000000070a400000, 0x000000070a600000, 0x000000070a600000|100%|HS|  |TAMS 0x000000070a400000, 0x000000070a400000| Complete 
|   3|0x000000070a600000, 0x000000070a800000, 0x000000070a800000|100%|HS|  |TAMS 0x000000070a600000, 0x000000070a600000| Complete 
|   4|0x000000070a800000, 0x000000070aa00000, 0x000000070aa00000|100%| O|  |TAMS 0x000000070a800000, 0x000000070a800000| Untracked 
|   5|0x000000070aa00000, 0x000000070ac00000, 0x000000070ac00000|100%| O|  |TAMS 0x000000070aa00000, 0x000000070aa00000| Untracked 
|   6|0x000000070ac00000, 0x000000070ae00000, 0x000000070ae00000|100%| O|  |TAMS 0x000000070ac00000, 0x000000070ac00000| Untracked 
|   7|0x000000070ae00000, 0x000000070b000000, 0x000000070b000000|100%| O|  |TAMS 0x000000070ae00000, 0x000000070ae00000| Untracked 
|   8|0x000000070b000000, 0x000000070b200000, 0x000000070b200000|100%| O|  |TAMS 0x000000070b000000, 0x000000070b000000| Untracked 
|   9|0x000000070b200000, 0x000000070b400000, 0x000000070b400000|100%| O|  |TAMS 0x000000070b200000, 0x000000070b200000| Untracked 
|  10|0x000000070b400000, 0x000000070b600000, 0x000000070b600000|100%| O|  |TAMS 0x000000070b400000, 0x000000070b400000| Untracked 
|  11|0x000000070b600000, 0x000000070b696800, 0x000000070b800000| 29%| O|  |TAMS 0x000000070b600000, 0x000000070b600000| Untracked 
|  12|0x000000070b800000, 0x000000070ba00000, 0x000000070ba00000|100%|HS|  |TAMS 0x000000070b800000, 0x000000070b800000| Complete 
|  13|0x000000070ba00000, 0x000000070bc00000, 0x000000070bc00000|100%|HS|  |TAMS 0x000000070ba00000, 0x000000070ba00000| Complete 
|  14|0x000000070bc00000, 0x000000070be00000, 0x000000070be00000|100%|HS|  |TAMS 0x000000070bc00000, 0x000000070bc00000| Complete 
|  15|0x000000070be00000, 0x000000070c000000, 0x000000070c000000|100%|HS|  |TAMS 0x000000070be00000, 0x000000070be00000| Complete 
|  16|0x000000070c000000, 0x000000070c200000, 0x000000070c200000|100%|HS|  |TAMS 0x000000070c000000, 0x000000070c000000| Complete 
|  17|0x000000070c200000, 0x000000070c400000, 0x000000070c400000|100%|HS|  |TAMS 0x000000070c200000, 0x000000070c200000| Complete 
|  18|0x000000070c400000, 0x000000070c600000, 0x000000070c600000|100%|HS|  |TAMS 0x000000070c400000, 0x000000070c400000| Complete 
|  19|0x000000070c600000, 0x000000070c800000, 0x000000070c800000|100%|HS|  |TAMS 0x000000070c600000, 0x000000070c600000| Complete 
|  20|0x000000070c800000, 0x000000070ca00000, 0x000000070ca00000|100%|HS|  |TAMS 0x000000070c800000, 0x000000070c800000| Complete 
|  21|0x000000070ca00000, 0x000000070ca00000, 0x000000070cc00000|  0%| F|  |TAMS 0x000000070ca00000, 0x000000070ca00000| Untracked 
|  22|0x000000070cc00000, 0x000000070cc00000, 0x000000070ce00000|  0%| F|  |TAMS 0x000000070cc00000, 0x000000070cc00000| Untracked 
|  23|0x000000070ce00000, 0x000000070ce00000, 0x000000070d000000|  0%| F|  |TAMS 0x000000070ce00000, 0x000000070ce00000| Untracked 
|  24|0x000000070d000000, 0x000000070d000000, 0x000000070d200000|  0%| F|  |TAMS 0x000000070d000000, 0x000000070d000000| Untracked 
|  25|0x000000070d200000, 0x000000070d200000, 0x000000070d400000|  0%| F|  |TAMS 0x000000070d200000, 0x000000070d200000| Untracked 
|  26|0x000000070d400000, 0x000000070d400000, 0x000000070d600000|  0%| F|  |TAMS 0x000000070d400000, 0x000000070d400000| Untracked 
|  27|0x000000070d600000, 0x000000070d600000, 0x000000070d800000|  0%| F|  |TAMS 0x000000070d600000, 0x000000070d600000| Untracked 
|  28|0x000000070d800000, 0x000000070d800000, 0x000000070da00000|  0%| F|  |TAMS 0x000000070d800000, 0x000000070d800000| Untracked 
|  29|0x000000070da00000, 0x000000070da00000, 0x000000070dc00000|  0%| F|  |TAMS 0x000000070da00000, 0x000000070da00000| Untracked 
|  30|0x000000070dc00000, 0x000000070dc00000, 0x000000070de00000|  0%| F|  |TAMS 0x000000070dc00000, 0x000000070dc00000| Untracked 
|  31|0x000000070de00000, 0x000000070de00000, 0x000000070e000000|  0%| F|  |TAMS 0x000000070de00000, 0x000000070de00000| Untracked 
|  32|0x000000070e000000, 0x000000070e000000, 0x000000070e200000|  0%| F|  |TAMS 0x000000070e000000, 0x000000070e000000| Untracked 
|  33|0x000000070e200000, 0x000000070e200000, 0x000000070e400000|  0%| F|  |TAMS 0x000000070e200000, 0x000000070e200000| Untracked 
|  34|0x000000070e400000, 0x000000070e400000, 0x000000070e600000|  0%| F|  |TAMS 0x000000070e400000, 0x000000070e400000| Untracked 
|  35|0x000000070e600000, 0x000000070e600000, 0x000000070e800000|  0%| F|  |TAMS 0x000000070e600000, 0x000000070e600000| Untracked 
|  36|0x000000070e800000, 0x000000070e800000, 0x000000070ea00000|  0%| F|  |TAMS 0x000000070e800000, 0x000000070e800000| Untracked 
|  37|0x000000070ea00000, 0x000000070ea00000, 0x000000070ec00000|  0%| F|  |TAMS 0x000000070ea00000, 0x000000070ea00000| Untracked 
|  38|0x000000070ec00000, 0x000000070ec00000, 0x000000070ee00000|  0%| F|  |TAMS 0x000000070ec00000, 0x000000070ec00000| Untracked 
|  39|0x000000070ee00000, 0x000000070ee00000, 0x000000070f000000|  0%| F|  |TAMS 0x000000070ee00000, 0x000000070ee00000| Untracked 
|  40|0x000000070f000000, 0x000000070f000000, 0x000000070f200000|  0%| F|  |TAMS 0x000000070f000000, 0x000000070f000000| Untracked 
|  41|0x000000070f200000, 0x000000070f200000, 0x000000070f400000|  0%| F|  |TAMS 0x000000070f200000, 0x000000070f200000| Untracked 
|  42|0x000000070f400000, 0x000000070f400000, 0x000000070f600000|  0%| F|  |TAMS 0x000000070f400000, 0x000000070f400000| Untracked 
|  43|0x000000070f600000, 0x000000070f600000, 0x000000070f800000|  0%| F|  |TAMS 0x000000070f600000, 0x000000070f600000| Untracked 
|  44|0x000000070f800000, 0x000000070f800000, 0x000000070fa00000|  0%| F|  |TAMS 0x000000070f800000, 0x000000070f800000| Untracked 
|  45|0x000000070fa00000, 0x000000070fa00000, 0x000000070fc00000|  0%| F|  |TAMS 0x000000070fa00000, 0x000000070fa00000| Untracked 
|  46|0x000000070fc00000, 0x000000070fc00000, 0x000000070fe00000|  0%| F|  |TAMS 0x000000070fc00000, 0x000000070fc00000| Untracked 
|  47|0x000000070fe00000, 0x000000070ff16f50, 0x0000000710000000| 54%| S|CS|TAMS 0x000000070fe00000, 0x000000070fe00000| Complete 
|  48|0x0000000710000000, 0x0000000710200000, 0x0000000710200000|100%| S|CS|TAMS 0x0000000710000000, 0x0000000710000000| Complete 
|  49|0x0000000710200000, 0x0000000710400000, 0x0000000710400000|100%| S|CS|TAMS 0x0000000710200000, 0x0000000710200000| Complete 
|  50|0x0000000710400000, 0x0000000710400000, 0x0000000710600000|  0%| F|  |TAMS 0x0000000710400000, 0x0000000710400000| Untracked 
|  51|0x0000000710600000, 0x0000000710600000, 0x0000000710800000|  0%| F|  |TAMS 0x0000000710600000, 0x0000000710600000| Untracked 
|  52|0x0000000710800000, 0x0000000710800000, 0x0000000710a00000|  0%| F|  |TAMS 0x0000000710800000, 0x0000000710800000| Untracked 
|  53|0x0000000710a00000, 0x0000000710a00000, 0x0000000710c00000|  0%| F|  |TAMS 0x0000000710a00000, 0x0000000710a00000| Untracked 
|  54|0x0000000710c00000, 0x0000000710c00000, 0x0000000710e00000|  0%| F|  |TAMS 0x0000000710c00000, 0x0000000710c00000| Untracked 
|  55|0x0000000710e00000, 0x0000000710e00000, 0x0000000711000000|  0%| F|  |TAMS 0x0000000710e00000, 0x0000000710e00000| Untracked 
|  56|0x0000000711000000, 0x0000000711000000, 0x0000000711200000|  0%| F|  |TAMS 0x0000000711000000, 0x0000000711000000| Untracked 
|  57|0x0000000711200000, 0x0000000711200000, 0x0000000711400000|  0%| F|  |TAMS 0x0000000711200000, 0x0000000711200000| Untracked 
|  58|0x0000000711400000, 0x0000000711400000, 0x0000000711600000|  0%| F|  |TAMS 0x0000000711400000, 0x0000000711400000| Untracked 
|  59|0x0000000711600000, 0x0000000711600000, 0x0000000711800000|  0%| F|  |TAMS 0x0000000711600000, 0x0000000711600000| Untracked 
|  60|0x0000000711800000, 0x0000000711800000, 0x0000000711a00000|  0%| F|  |TAMS 0x0000000711800000, 0x0000000711800000| Untracked 
|  61|0x0000000711a00000, 0x0000000711a00000, 0x0000000711c00000|  0%| F|  |TAMS 0x0000000711a00000, 0x0000000711a00000| Untracked 
|  62|0x0000000711c00000, 0x0000000711c00000, 0x0000000711e00000|  0%| F|  |TAMS 0x0000000711c00000, 0x0000000711c00000| Untracked 
|  63|0x0000000711e00000, 0x0000000711e00000, 0x0000000712000000|  0%| F|  |TAMS 0x0000000711e00000, 0x0000000711e00000| Untracked 
|  64|0x0000000712000000, 0x0000000712000000, 0x0000000712200000|  0%| F|  |TAMS 0x0000000712000000, 0x0000000712000000| Untracked 
|  65|0x0000000712200000, 0x0000000712200000, 0x0000000712400000|  0%| F|  |TAMS 0x0000000712200000, 0x0000000712200000| Untracked 
|  66|0x0000000712400000, 0x0000000712400000, 0x0000000712600000|  0%| F|  |TAMS 0x0000000712400000, 0x0000000712400000| Untracked 
|  67|0x0000000712600000, 0x0000000712600000, 0x0000000712800000|  0%| F|  |TAMS 0x0000000712600000, 0x0000000712600000| Untracked 
|  68|0x0000000712800000, 0x0000000712800000, 0x0000000712a00000|  0%| F|  |TAMS 0x0000000712800000, 0x0000000712800000| Untracked 
|  69|0x0000000712a00000, 0x0000000712a00000, 0x0000000712c00000|  0%| F|  |TAMS 0x0000000712a00000, 0x0000000712a00000| Untracked 
|  70|0x0000000712c00000, 0x0000000712c00000, 0x0000000712e00000|  0%| F|  |TAMS 0x0000000712c00000, 0x0000000712c00000| Untracked 
|  71|0x0000000712e00000, 0x0000000712e00000, 0x0000000713000000|  0%| F|  |TAMS 0x0000000712e00000, 0x0000000712e00000| Untracked 
|  72|0x0000000713000000, 0x0000000713000000, 0x0000000713200000|  0%| F|  |TAMS 0x0000000713000000, 0x0000000713000000| Untracked 
|  73|0x0000000713200000, 0x0000000713200000, 0x0000000713400000|  0%| F|  |TAMS 0x0000000713200000, 0x0000000713200000| Untracked 
|  74|0x0000000713400000, 0x0000000713400000, 0x0000000713600000|  0%| F|  |TAMS 0x0000000713400000, 0x0000000713400000| Untracked 
|  75|0x0000000713600000, 0x0000000713600000, 0x0000000713800000|  0%| F|  |TAMS 0x0000000713600000, 0x0000000713600000| Untracked 
|  76|0x0000000713800000, 0x0000000713800000, 0x0000000713a00000|  0%| F|  |TAMS 0x0000000713800000, 0x0000000713800000| Untracked 
|  77|0x0000000713a00000, 0x0000000713a00000, 0x0000000713c00000|  0%| F|  |TAMS 0x0000000713a00000, 0x0000000713a00000| Untracked 
|  78|0x0000000713c00000, 0x0000000713c00000, 0x0000000713e00000|  0%| F|  |TAMS 0x0000000713c00000, 0x0000000713c00000| Untracked 
|  79|0x0000000713e00000, 0x0000000713e00000, 0x0000000714000000|  0%| F|  |TAMS 0x0000000713e00000, 0x0000000713e00000| Untracked 
|  80|0x0000000714000000, 0x0000000714000000, 0x0000000714200000|  0%| F|  |TAMS 0x0000000714000000, 0x0000000714000000| Untracked 
|  81|0x0000000714200000, 0x0000000714200000, 0x0000000714400000|  0%| F|  |TAMS 0x0000000714200000, 0x0000000714200000| Untracked 
|  82|0x0000000714400000, 0x0000000714400000, 0x0000000714600000|  0%| F|  |TAMS 0x0000000714400000, 0x0000000714400000| Untracked 
|  83|0x0000000714600000, 0x0000000714600000, 0x0000000714800000|  0%| F|  |TAMS 0x0000000714600000, 0x0000000714600000| Untracked 
|  84|0x0000000714800000, 0x0000000714800000, 0x0000000714a00000|  0%| F|  |TAMS 0x0000000714800000, 0x0000000714800000| Untracked 
|  85|0x0000000714a00000, 0x0000000714a00000, 0x0000000714c00000|  0%| F|  |TAMS 0x0000000714a00000, 0x0000000714a00000| Untracked 
|  86|0x0000000714c00000, 0x0000000714c00000, 0x0000000714e00000|  0%| F|  |TAMS 0x0000000714c00000, 0x0000000714c00000| Untracked 
|  87|0x0000000714e00000, 0x0000000714e00000, 0x0000000715000000|  0%| F|  |TAMS 0x0000000714e00000, 0x0000000714e00000| Untracked 
|  88|0x0000000715000000, 0x0000000715000000, 0x0000000715200000|  0%| F|  |TAMS 0x0000000715000000, 0x0000000715000000| Untracked 
|  89|0x0000000715200000, 0x0000000715200000, 0x0000000715400000|  0%| F|  |TAMS 0x0000000715200000, 0x0000000715200000| Untracked 
|  90|0x0000000715400000, 0x0000000715400000, 0x0000000715600000|  0%| F|  |TAMS 0x0000000715400000, 0x0000000715400000| Untracked 
|  91|0x0000000715600000, 0x0000000715600000, 0x0000000715800000|  0%| F|  |TAMS 0x0000000715600000, 0x0000000715600000| Untracked 
|  92|0x0000000715800000, 0x0000000715800000, 0x0000000715a00000|  0%| F|  |TAMS 0x0000000715800000, 0x0000000715800000| Untracked 
|  93|0x0000000715a00000, 0x0000000715a00000, 0x0000000715c00000|  0%| F|  |TAMS 0x0000000715a00000, 0x0000000715a00000| Untracked 
|  94|0x0000000715c00000, 0x0000000715c00000, 0x0000000715e00000|  0%| F|  |TAMS 0x0000000715c00000, 0x0000000715c00000| Untracked 
|  95|0x0000000715e00000, 0x0000000715e00000, 0x0000000716000000|  0%| F|  |TAMS 0x0000000715e00000, 0x0000000715e00000| Untracked 
|  96|0x0000000716000000, 0x0000000716000000, 0x0000000716200000|  0%| F|  |TAMS 0x0000000716000000, 0x0000000716000000| Untracked 
|  97|0x0000000716200000, 0x0000000716200000, 0x0000000716400000|  0%| F|  |TAMS 0x0000000716200000, 0x0000000716200000| Untracked 
|  98|0x0000000716400000, 0x0000000716400000, 0x0000000716600000|  0%| F|  |TAMS 0x0000000716400000, 0x0000000716400000| Untracked 
|  99|0x0000000716600000, 0x0000000716600000, 0x0000000716800000|  0%| F|  |TAMS 0x0000000716600000, 0x0000000716600000| Untracked 
| 100|0x0000000716800000, 0x0000000716800000, 0x0000000716a00000|  0%| F|  |TAMS 0x0000000716800000, 0x0000000716800000| Untracked 
| 101|0x0000000716a00000, 0x0000000716a00000, 0x0000000716c00000|  0%| F|  |TAMS 0x0000000716a00000, 0x0000000716a00000| Untracked 
| 102|0x0000000716c00000, 0x0000000716c00000, 0x0000000716e00000|  0%| F|  |TAMS 0x0000000716c00000, 0x0000000716c00000| Untracked 
| 103|0x0000000716e00000, 0x0000000716e00000, 0x0000000717000000|  0%| F|  |TAMS 0x0000000716e00000, 0x0000000716e00000| Untracked 
| 104|0x0000000717000000, 0x0000000717000000, 0x0000000717200000|  0%| F|  |TAMS 0x0000000717000000, 0x0000000717000000| Untracked 
| 105|0x0000000717200000, 0x0000000717200000, 0x0000000717400000|  0%| F|  |TAMS 0x0000000717200000, 0x0000000717200000| Untracked 
| 106|0x0000000717400000, 0x0000000717400000, 0x0000000717600000|  0%| F|  |TAMS 0x0000000717400000, 0x0000000717400000| Untracked 
| 107|0x0000000717600000, 0x0000000717700800, 0x0000000717800000| 50%| E|  |TAMS 0x0000000717600000, 0x0000000717600000| Complete 
| 108|0x0000000717800000, 0x0000000717a00000, 0x0000000717a00000|100%| E|CS|TAMS 0x0000000717800000, 0x0000000717800000| Complete 
| 109|0x0000000717a00000, 0x0000000717c00000, 0x0000000717c00000|100%| E|CS|TAMS 0x0000000717a00000, 0x0000000717a00000| Complete 
| 110|0x0000000717c00000, 0x0000000717e00000, 0x0000000717e00000|100%| E|CS|TAMS 0x0000000717c00000, 0x0000000717c00000| Complete 
| 111|0x0000000717e00000, 0x0000000718000000, 0x0000000718000000|100%| E|CS|TAMS 0x0000000717e00000, 0x0000000717e00000| Complete 
| 112|0x0000000718000000, 0x0000000718200000, 0x0000000718200000|100%| E|CS|TAMS 0x0000000718000000, 0x0000000718000000| Complete 
| 113|0x0000000718200000, 0x0000000718400000, 0x0000000718400000|100%| E|CS|TAMS 0x0000000718200000, 0x0000000718200000| Complete 
| 114|0x0000000718400000, 0x0000000718600000, 0x0000000718600000|100%| E|CS|TAMS 0x0000000718400000, 0x0000000718400000| Complete 
| 115|0x0000000718600000, 0x0000000718800000, 0x0000000718800000|100%| E|CS|TAMS 0x0000000718600000, 0x0000000718600000| Complete 
| 116|0x0000000718800000, 0x0000000718a00000, 0x0000000718a00000|100%| E|CS|TAMS 0x0000000718800000, 0x0000000718800000| Complete 
| 117|0x0000000718a00000, 0x0000000718c00000, 0x0000000718c00000|100%| E|CS|TAMS 0x0000000718a00000, 0x0000000718a00000| Complete 
| 118|0x0000000718c00000, 0x0000000718e00000, 0x0000000718e00000|100%| E|CS|TAMS 0x0000000718c00000, 0x0000000718c00000| Complete 
| 119|0x0000000718e00000, 0x0000000719000000, 0x0000000719000000|100%| E|CS|TAMS 0x0000000718e00000, 0x0000000718e00000| Complete 
| 120|0x0000000719000000, 0x0000000719200000, 0x0000000719200000|100%| E|CS|TAMS 0x0000000719000000, 0x0000000719000000| Complete 
| 121|0x0000000719200000, 0x0000000719400000, 0x0000000719400000|100%| E|CS|TAMS 0x0000000719200000, 0x0000000719200000| Complete 
| 122|0x0000000719400000, 0x0000000719600000, 0x0000000719600000|100%| E|CS|TAMS 0x0000000719400000, 0x0000000719400000| Complete 

Card table byte_map: [0x0000021654370000,0x0000021654b20000] _byte_map_base: 0x0000021650b20000

Marking Bits (Prev, Next): (CMBitMap*) 0x000002163a99ec00, (CMBitMap*) 0x000002163a99ec40
 Prev Bits: [0x00000216552d0000, 0x0000021659050000)
 Next Bits: [0x0000021659050000, 0x000002165cdd0000)

Polling page: 0x000002163a790000

Metaspace:

Usage:
  Non-class:      9.41 MB used.
      Class:    730.30 KB used.
       Both:     10.12 MB used.

Virtual space:
  Non-class space:       16.00 MB reserved,       9.44 MB ( 59%) committed,  2 nodes.
      Class space:        1.00 GB reserved,     832.00 KB ( <1%) committed,  1 nodes.
             Both:        1.02 GB reserved,      10.25 MB ( <1%) committed. 

Chunk freelists:
   Non-Class:  640.00 KB
       Class:  3.17 MB
        Both:  3.80 MB

MaxMetaspaceSize: unlimited
CompressedClassSpaceSize: 1.00 GB
Initial GC threshold: 21.00 MB
Current GC threshold: 21.00 MB
CDS: on
MetaspaceReclaimPolicy: balanced
 - commit_granule_bytes: 65536.
 - commit_granule_words: 8192.
 - virtual_space_node_default_size: 1048576.
 - enlarge_chunks_in_place: 1.
 - new_chunks_are_fully_committed: 0.
 - uncommit_free_chunks: 1.
 - use_allocation_guard: 0.
 - handle_deallocations: 1.


Internal statistics:

num_allocs_failed_limit: 0.
num_arena_births: 44.
num_arena_deaths: 0.
num_vsnodes_births: 3.
num_vsnodes_deaths: 0.
num_space_committed: 162.
num_space_uncommitted: 0.
num_chunks_returned_to_freelist: 0.
num_chunks_taken_from_freelist: 323.
num_chunk_merges: 0.
num_chunk_splits: 275.
num_chunks_enlarged: 250.
num_purges: 0.
num_inconsistent_stats: 0.

CodeHeap 'non-profiled nmethods': size=119168Kb used=2069Kb max_used=2069Kb free=117098Kb
 bounds [0x000002164b7b0000, 0x000002164ba20000, 0x0000021652c10000]
CodeHeap 'profiled nmethods': size=119104Kb used=4240Kb max_used=4240Kb free=114863Kb
 bounds [0x0000021644360000, 0x0000021644790000, 0x000002164b7b0000]
CodeHeap 'non-nmethods': size=7488Kb used=1663Kb max_used=3394Kb free=5824Kb
 bounds [0x0000021643c10000, 0x0000021643f70000, 0x0000021644360000]
 total_blobs=3499 nmethods=2390 adapters=1022
 compilation: enabled
              stopped_count=0, restarted_count=0
 full_count=0

Compilation events (20 events):
Event: 19.162 Thread 0x000002165fe5dc30 2386       3       java.util.Arrays::copyOf (10 bytes)
Event: 19.162 Thread 0x000002165fe5dc30 nmethod 2386 0x0000021644783390 code [0x0000021644783540, 0x0000021644783688]
Event: 19.163 Thread 0x000002165fe5dc30 2387       3       com.sun.media.sound.RIFFReader::read (53 bytes)
Event: 19.163 Thread 0x000002165fe5dc30 nmethod 2387 0x0000021644783790 code [0x0000021644783940, 0x0000021644783c48]
Event: 19.163 Thread 0x000002165fe5dc30 2388       1       javax.sound.sampled.AudioFormat::getFrameRate (5 bytes)
Event: 19.163 Thread 0x000002165fe5dc30 nmethod 2388 0x000002164b9ad890 code [0x000002164b9ada20, 0x000002164b9adaf8]
Event: 19.770 Thread 0x000002165fe5c340 2389       4       jdk.internal.math.FloatingDecimal$BinaryToASCIIBuffer::dtoa (1509 bytes)
Event: 19.788 Thread 0x000002165fe5c340 nmethod 2389 0x000002164b9adb90 code [0x000002164b9addc0, 0x000002164b9af470]
Event: 20.194 Thread 0x000002165fe5dc30 2390       1       com.sun.media.sound.AbstractDataLine::getFormat (5 bytes)
Event: 20.194 Thread 0x000002165fe5dc30 nmethod 2390 0x000002164b9b0310 code [0x000002164b9b04a0, 0x000002164b9b0578]
Event: 20.387 Thread 0x000002165fe5c340 2391       4       java.util.Locale::equals (75 bytes)
Event: 20.387 Thread 0x000002165fe5c340 nmethod 2391 0x000002164b9b0610 code [0x000002164b9b0780, 0x000002164b9b0818]
Event: 20.612 Thread 0x000002165fe5c340 2392       4       com.badlogic.gdx.graphics.g3d.utils.DefaultTextureBinder::begin (38 bytes)
Event: 20.615 Thread 0x000002165fe5c340 nmethod 2392 0x000002164b9b0910 code [0x000002164b9b0a80, 0x000002164b9b0d78]
Event: 20.679 Thread 0x000002165fe5c340 2393       4       com.badlogic.gdx.AbstractInput::isKeyPressed (38 bytes)
Event: 20.680 Thread 0x000002165fe5c340 nmethod 2393 0x000002164b9b0e90 code [0x000002164b9b1000, 0x000002164b9b10f8]
Event: 21.193 Thread 0x000002165fe5c340 2394       4       com.badlogic.gdx.graphics.g3d.utils.MeshBuilder::rect (74 bytes)
Event: 21.226 Thread 0x000002165fe5c340 nmethod 2394 0x000002164b9b1210 code [0x000002164b9b14e0, 0x000002164b9b3c10]
Event: 21.280 Thread 0x000002165fe5dc30 2395       3       org.lwjgl.system.dyncall.DynCallback::dcbArgPointer (16 bytes)
Event: 21.280 Thread 0x000002165fe5dc30 nmethod 2395 0x0000021644783d10 code [0x0000021644783ec0, 0x0000021644784158]

GC Heap History (8 events):
Event: 2.141 GC heap before
{Heap before GC invocations=0 (full 0):
 garbage-first heap   total 251904K, used 22528K [0x000000070a000000, 0x0000000800000000)
  region size 2048K, 11 young (22528K), 0 survivors (0K)
 Metaspace       used 7135K, committed 7296K, reserved 1064960K
  class space    used 433K, committed 512K, reserved 1048576K
}
Event: 2.143 GC heap after
{Heap after GC invocations=1 (full 0):
 garbage-first heap   total 251904K, used 2630K [0x000000070a000000, 0x0000000800000000)
  region size 2048K, 2 young (4096K), 2 survivors (4096K)
 Metaspace       used 7135K, committed 7296K, reserved 1064960K
  class space    used 433K, committed 512K, reserved 1048576K
}
Event: 5.124 GC heap before
{Heap before GC invocations=1 (full 0):
 garbage-first heap   total 251904K, used 43590K [0x000000070a000000, 0x0000000800000000)
  region size 2048K, 19 young (38912K), 2 survivors (4096K)
 Metaspace       used 9734K, committed 9792K, reserved 1064960K
  class space    used 678K, committed 704K, reserved 1048576K
}
Event: 5.132 GC heap after
{Heap after GC invocations=2 (full 0):
 garbage-first heap   total 251904K, used 22698K [0x000000070a000000, 0x0000000800000000)
  region size 2048K, 3 young (6144K), 3 survivors (6144K)
 Metaspace       used 9734K, committed 9792K, reserved 1064960K
  class space    used 678K, committed 704K, reserved 1048576K
}
Event: 5.709 GC heap before
{Heap before GC invocations=2 (full 0):
 garbage-first heap   total 251904K, used 28842K [0x000000070a000000, 0x0000000800000000)
  region size 2048K, 6 young (12288K), 3 survivors (6144K)
 Metaspace       used 9812K, committed 9856K, reserved 1064960K
  class space    used 678K, committed 704K, reserved 1048576K
}
Event: 5.713 GC heap after
{Heap after GC invocations=3 (full 0):
 garbage-first heap   total 251904K, used 23667K [0x000000070a000000, 0x0000000800000000)
  region size 2048K, 1 young (2048K), 1 survivors (2048K)
 Metaspace       used 9812K, committed 9856K, reserved 1064960K
  class space    used 678K, committed 704K, reserved 1048576K
}
Event: 18.997 GC heap before
{Heap before GC invocations=3 (full 0):
 garbage-first heap   total 251904K, used 189555K [0x000000070a000000, 0x0000000800000000)
  region size 2048K, 73 young (149504K), 1 survivors (2048K)
 Metaspace       used 10348K, committed 10432K, reserved 1064960K
  class space    used 728K, committed 768K, reserved 1048576K
}
Event: 19.000 GC heap after
{Heap after GC invocations=4 (full 0):
 garbage-first heap   total 251904K, used 46773K [0x000000070a000000, 0x0000000800000000)
  region size 2048K, 3 young (6144K), 3 survivors (6144K)
 Metaspace       used 10348K, committed 10432K, reserved 1064960K
  class space    used 728K, committed 768K, reserved 1048576K
}

Deoptimization events (20 events):
Event: 13.012 Thread 0x000002163a9445e0 Uncommon trap: trap_request=0xffffff45 fr.pc=0x000002164b9680a4 relative=0x0000000000000204
Event: 13.012 Thread 0x000002163a9445e0 Uncommon trap: reason=unstable_if action=reinterpret pc=0x000002164b9680a4 method=com.crazyputting3d.Objects.Wall.isInWall(DD)Z @ 15 c2
Event: 13.012 Thread 0x000002163a9445e0 DEOPT PACKING pc=0x000002164b9680a4 sp=0x000000f0a89fee90
Event: 13.012 Thread 0x000002163a9445e0 DEOPT UNPACKING pc=0x0000021643c623a3 sp=0x000000f0a89fedd0 mode 2
Event: 13.201 Thread 0x000002163a9445e0 Uncommon trap: trap_request=0xffffff45 fr.pc=0x000002164b93ce98 relative=0x0000000000000458
Event: 13.201 Thread 0x000002163a9445e0 Uncommon trap: reason=unstable_if action=reinterpret pc=0x000002164b93ce98 method=com.crazyputting3d.Engine.physicsEngine.get_ball_coordinatesX()[F @ 42 c2
Event: 13.201 Thread 0x000002163a9445e0 DEOPT PACKING pc=0x000002164b93ce98 sp=0x000000f0a89ff150
Event: 13.201 Thread 0x000002163a9445e0 DEOPT UNPACKING pc=0x0000021643c623a3 sp=0x000000f0a89ff108 mode 2
Event: 13.201 Thread 0x000002163a9445e0 Uncommon trap: trap_request=0xffffff45 fr.pc=0x000002164b93df94 relative=0x00000000000004d4
Event: 13.201 Thread 0x000002163a9445e0 Uncommon trap: reason=unstable_if action=reinterpret pc=0x000002164b93df94 method=com.crazyputting3d.Engine.physicsEngine.get_ball_coordinatesY()[F @ 42 c2
Event: 13.201 Thread 0x000002163a9445e0 DEOPT PACKING pc=0x000002164b93df94 sp=0x000000f0a89ff150
Event: 13.201 Thread 0x000002163a9445e0 DEOPT UNPACKING pc=0x0000021643c623a3 sp=0x000000f0a89ff108 mode 2
Event: 13.202 Thread 0x000002163a9445e0 Uncommon trap: trap_request=0xffffff45 fr.pc=0x000002164b93ed14 relative=0x00000000000004d4
Event: 13.202 Thread 0x000002163a9445e0 Uncommon trap: reason=unstable_if action=reinterpret pc=0x000002164b93ed14 method=com.crazyputting3d.Engine.physicsEngine.get_ball_coordinatesZ()[F @ 42 c2
Event: 13.202 Thread 0x000002163a9445e0 DEOPT PACKING pc=0x000002164b93ed14 sp=0x000000f0a89ff150
Event: 13.202 Thread 0x000002163a9445e0 DEOPT UNPACKING pc=0x0000021643c623a3 sp=0x000000f0a89ff108 mode 2
Event: 18.719 Thread 0x000002163a9445e0 Uncommon trap: trap_request=0xffffff45 fr.pc=0x000002164b9a8920 relative=0x0000000000000560
Event: 18.719 Thread 0x000002163a9445e0 Uncommon trap: reason=unstable_if action=reinterpret pc=0x000002164b9a8920 method=com.crazyputting3d.Engine.physicsEngine.isInTerrain(DD)Z @ 15 c2
Event: 18.719 Thread 0x000002163a9445e0 DEOPT PACKING pc=0x000002164b9a8920 sp=0x000000f0a89feed0
Event: 18.719 Thread 0x000002163a9445e0 DEOPT UNPACKING pc=0x0000021643c623a3 sp=0x000000f0a89fee60 mode 2

Classes unloaded (0 events):
No events

Classes redefined (0 events):
No events

Internal exceptions (20 events):
Event: 0.181 Thread 0x000002163a9445e0 Exception <a 'java/lang/NoSuchMethodError'{0x0000000718e3e940}: 'void java.lang.invoke.DirectMethodHandle$Holder.invokeStatic(java.lang.Object, java.lang.Object)'> (0x0000000718e3e940) 
thrown [e:\jenkins\tmp\workspace\build\src\src\hotspot\share\interpreter\linkResolver.cpp, line 766]
Event: 0.182 Thread 0x000002163a9445e0 Exception <a 'java/lang/NoSuchMethodError'{0x0000000718e44188}: 'void java.lang.invoke.DirectMethodHandle$Holder.invokeSpecial(java.lang.Object, java.lang.Object, java.lang.Object)'> (0x0000000718e44188) 
thrown [e:\jenkins\tmp\workspace\build\src\src\hotspot\share\interpreter\linkResolver.cpp, line 766]
Event: 0.184 Thread 0x000002163a9445e0 Exception <a 'java/lang/NoSuchMethodError'{0x0000000718e57510}: 'java.lang.Object java.lang.invoke.DirectMethodHandle$Holder.invokeStatic(java.lang.Object, java.lang.Object, int)'> (0x0000000718e57510) 
thrown [e:\jenkins\tmp\workspace\build\src\src\hotspot\share\interpreter\linkResolver.cpp, line 766]
Event: 0.185 Thread 0x000002163a9445e0 Exception <a 'java/lang/NoSuchMethodError'{0x0000000718e63280}: 'void java.lang.invoke.DelegatingMethodHandle$Holder.delegate(java.lang.Object, java.lang.Object, int, java.lang.Object)'> (0x0000000718e63280) 
thrown [e:\jenkins\tmp\workspace\build\src\src\hotspot\share\interpreter\linkResolver.cpp, line 766]
Event: 0.185 Thread 0x000002163a9445e0 Exception <a 'java/lang/NoSuchMethodError'{0x0000000718e674c0}: 'int java.lang.invoke.DirectMethodHandle$Holder.invokeSpecial(java.lang.Object, java.lang.Object, java.lang.Object)'> (0x0000000718e674c0) 
thrown [e:\jenkins\tmp\workspace\build\src\src\hotspot\share\interpreter\linkResolver.cpp, line 766]
Event: 0.208 Thread 0x000002163a9445e0 Exception <a 'sun/nio/fs/WindowsException'{0x0000000718f0e398}> (0x0000000718f0e398) 
thrown [e:\jenkins\tmp\workspace\build\src\src\hotspot\share\prims\jni.cpp, line 516]
Event: 0.209 Thread 0x000002163a9445e0 Exception <a 'sun/nio/fs/WindowsException'{0x0000000718f0e8f0}> (0x0000000718f0e8f0) 
thrown [e:\jenkins\tmp\workspace\build\src\src\hotspot\share\prims\jni.cpp, line 516]
Event: 0.227 Thread 0x000002163a9445e0 Exception <a 'sun/nio/fs/WindowsException'{0x0000000718ffc670}> (0x0000000718ffc670) 
thrown [e:\jenkins\tmp\workspace\build\src\src\hotspot\share\prims\jni.cpp, line 516]
Event: 0.227 Thread 0x000002163a9445e0 Exception <a 'sun/nio/fs/WindowsException'{0x0000000718ffca10}> (0x0000000718ffca10) 
thrown [e:\jenkins\tmp\workspace\build\src\src\hotspot\share\prims\jni.cpp, line 516]
Event: 0.244 Thread 0x000002163a9445e0 Exception <a 'sun/nio/fs/WindowsException'{0x0000000718caafd8}> (0x0000000718caafd8) 
thrown [e:\jenkins\tmp\workspace\build\src\src\hotspot\share\prims\jni.cpp, line 516]
Event: 0.244 Thread 0x000002163a9445e0 Exception <a 'sun/nio/fs/WindowsException'{0x0000000718cab348}> (0x0000000718cab348) 
thrown [e:\jenkins\tmp\workspace\build\src\src\hotspot\share\prims\jni.cpp, line 516]
Event: 0.281 Thread 0x000002163a9445e0 Exception <a 'sun/nio/fs/WindowsException'{0x0000000718d30378}> (0x0000000718d30378) 
thrown [e:\jenkins\tmp\workspace\build\src\src\hotspot\share\prims\jni.cpp, line 516]
Event: 0.281 Thread 0x000002163a9445e0 Exception <a 'sun/nio/fs/WindowsException'{0x0000000718d30700}> (0x0000000718d30700) 
thrown [e:\jenkins\tmp\workspace\build\src\src\hotspot\share\prims\jni.cpp, line 516]
Event: 0.695 Thread 0x000002163a9445e0 Exception <a 'sun/nio/fs/WindowsException'{0x0000000718b122d8}> (0x0000000718b122d8) 
thrown [e:\jenkins\tmp\workspace\build\src\src\hotspot\share\prims\jni.cpp, line 516]
Event: 0.696 Thread 0x000002163a9445e0 Exception <a 'sun/nio/fs/WindowsException'{0x0000000718b12688}> (0x0000000718b12688) 
thrown [e:\jenkins\tmp\workspace\build\src\src\hotspot\share\prims\jni.cpp, line 516]
Event: 0.698 Thread 0x000002163a9445e0 Exception <a 'sun/nio/fs/WindowsException'{0x0000000718b1e820}> (0x0000000718b1e820) 
thrown [e:\jenkins\tmp\workspace\build\src\src\hotspot\share\prims\jni.cpp, line 516]
Event: 0.698 Thread 0x000002163a9445e0 Exception <a 'sun/nio/fs/WindowsException'{0x0000000718b1eb08}> (0x0000000718b1eb08) 
thrown [e:\jenkins\tmp\workspace\build\src\src\hotspot\share\prims\jni.cpp, line 516]
Event: 4.669 Thread 0x000002163a9445e0 Implicit null exception at 0x000002164b815fb0 to 0x000002164b816188
Event: 4.684 Thread 0x000002163a9445e0 Implicit null exception at 0x000002164b81ec3f to 0x000002164b81ed1c
Event: 10.625 Thread 0x0000021660933bf0 Implicit null exception at 0x000002164b81785f to 0x000002164b81791c

VM Operations (20 events):
Event: 15.469 Executing VM operation: ICBufferFull
Event: 15.469 Executing VM operation: ICBufferFull done
Event: 16.119 Executing VM operation: ICBufferFull
Event: 16.119 Executing VM operation: ICBufferFull done
Event: 16.777 Executing VM operation: ICBufferFull
Event: 16.777 Executing VM operation: ICBufferFull done
Event: 17.419 Executing VM operation: ICBufferFull
Event: 17.419 Executing VM operation: ICBufferFull done
Event: 18.086 Executing VM operation: ICBufferFull
Event: 18.086 Executing VM operation: ICBufferFull done
Event: 18.997 Executing VM operation: G1CollectForAllocation
Event: 19.000 Executing VM operation: G1CollectForAllocation done
Event: 19.653 Executing VM operation: ICBufferFull
Event: 19.653 Executing VM operation: ICBufferFull done
Event: 20.320 Executing VM operation: ICBufferFull
Event: 20.320 Executing VM operation: ICBufferFull done
Event: 20.988 Executing VM operation: ICBufferFull
Event: 20.988 Executing VM operation: ICBufferFull done
Event: 21.657 Executing VM operation: ICBufferFull
Event: 21.657 Executing VM operation: ICBufferFull done

Events (20 events):
Event: 12.822 Thread 0x0000021671f89ff0 Thread added: 0x0000021671f89ff0
Event: 12.963 Thread 0x0000021672dd1bd0 Thread exited: 0x0000021672dd1bd0
Event: 13.018 Thread 0x0000021671df7040 Thread exited: 0x0000021671df7040
Event: 13.644 Thread 0x00000216734c1840 Thread added: 0x00000216734c1840
Event: 13.645 Thread 0x0000021671f89ff0 Thread exited: 0x0000021671f89ff0
Event: 13.647 Thread 0x00000216734c26b0 Thread added: 0x00000216734c26b0
Event: 13.660 Thread 0x00000216734c0500 Thread added: 0x00000216734c0500
Event: 13.663 Thread 0x00000216734c1d10 Thread added: 0x00000216734c1d10
Event: 13.863 Thread 0x00000216734c0500 Thread exited: 0x00000216734c0500
Event: 14.548 Thread 0x00000216734c1840 Thread exited: 0x00000216734c1840
Event: 15.216 Thread 0x0000021673086800 Thread added: 0x0000021673086800
Event: 15.216 Thread 0x00000216740d8070 Thread added: 0x00000216740d8070
Event: 15.644 Thread 0x00000216740d8070 Thread exited: 0x00000216740d8070
Event: 16.350 Thread 0x0000021673086800 Thread exited: 0x0000021673086800
Event: 18.395 Thread 0x00000216734c21e0 Thread added: 0x00000216734c21e0
Event: 18.399 Thread 0x00000216734c3520 Thread added: 0x00000216734c3520
Event: 18.599 Thread 0x00000216734c21e0 Thread exited: 0x00000216734c21e0
Event: 19.161 Thread 0x00000216734c0030 Thread added: 0x00000216734c0030
Event: 19.163 Thread 0x00000216734c2b80 Thread added: 0x00000216734c2b80
Event: 19.366 Thread 0x00000216734c0030 Thread exited: 0x00000216734c0030


Dynamic libraries:
0x00007ff7d8a20000 - 0x00007ff7d8a2e000 	C:\Program Files\Eclipse Adoptium\jdk-17.0.1.12-hotspot\bin\java.exe
0x00007ffdc5cd0000 - 0x00007ffdc5ec5000 	C:\Windows\SYSTEM32\ntdll.dll
0x00007ffdc4060000 - 0x00007ffdc411d000 	C:\Windows\System32\KERNEL32.DLL
0x00007ffdc3720000 - 0x00007ffdc39ed000 	C:\Windows\System32\KERNELBASE.dll
0x00007ffdc33b0000 - 0x00007ffdc34b0000 	C:\Windows\System32\ucrtbase.dll
0x00007ffdbee20000 - 0x00007ffdbee39000 	C:\Program Files\Eclipse Adoptium\jdk-17.0.1.12-hotspot\bin\VCRUNTIME140.dll
0x00007ffdbd460000 - 0x00007ffdbd478000 	C:\Program Files\Eclipse Adoptium\jdk-17.0.1.12-hotspot\bin\jli.dll
0x00007ffdc5530000 - 0x00007ffdc56d0000 	C:\Windows\System32\USER32.dll
0x00007ffdad620000 - 0x00007ffdad8ba000 	C:\Windows\WinSxS\amd64_microsoft.windows.common-controls_6595b64144ccf1df_6.0.19041.1110_none_60b5254171f9507e\COMCTL32.dll
0x00007ffdc3c20000 - 0x00007ffdc3c42000 	C:\Windows\System32\win32u.dll
0x00007ffdc5190000 - 0x00007ffdc522e000 	C:\Windows\System32\msvcrt.dll
0x00007ffdc5bd0000 - 0x00007ffdc5bfa000 	C:\Windows\System32\GDI32.dll
0x00007ffdc3610000 - 0x00007ffdc371b000 	C:\Windows\System32\gdi32full.dll
0x00007ffdc39f0000 - 0x00007ffdc3a8d000 	C:\Windows\System32\msvcp_win.dll
0x00007ffdc4eb0000 - 0x00007ffdc4ee0000 	C:\Windows\System32\IMM32.DLL
0x00007ffdbede0000 - 0x00007ffdbedec000 	C:\Program Files\Eclipse Adoptium\jdk-17.0.1.12-hotspot\bin\vcruntime140_1.dll
0x00007ffdb64f0000 - 0x00007ffdb6581000 	C:\Program Files\Eclipse Adoptium\jdk-17.0.1.12-hotspot\bin\msvcp140.dll
0x00007ffd92160000 - 0x00007ffd92da6000 	C:\Program Files\Eclipse Adoptium\jdk-17.0.1.12-hotspot\bin\server\jvm.dll
0x00007ffdc3fb0000 - 0x00007ffdc405e000 	C:\Windows\System32\ADVAPI32.dll
0x00007ffdc3e80000 - 0x00007ffdc3f1c000 	C:\Windows\System32\sechost.dll
0x00007ffdc3d50000 - 0x00007ffdc3e75000 	C:\Windows\System32\RPCRT4.dll
0x00007ffdc4ee0000 - 0x00007ffdc4ee8000 	C:\Windows\System32\PSAPI.DLL
0x00007ffdbc260000 - 0x00007ffdbc26a000 	C:\Windows\SYSTEM32\VERSION.dll
0x00007ffdb8890000 - 0x00007ffdb88b7000 	C:\Windows\SYSTEM32\WINMM.dll
0x00007ffda5c00000 - 0x00007ffda5c09000 	C:\Windows\SYSTEM32\WSOCK32.dll
0x00007ffdc52e0000 - 0x00007ffdc534b000 	C:\Windows\System32\WS2_32.dll
0x00007ffdc1c40000 - 0x00007ffdc1c52000 	C:\Windows\SYSTEM32\kernel.appcore.dll
0x00007ffdbe7a0000 - 0x00007ffdbe7aa000 	C:\Program Files\Eclipse Adoptium\jdk-17.0.1.12-hotspot\bin\jimage.dll
0x00007ffdc1a30000 - 0x00007ffdc1c14000 	C:\Windows\SYSTEM32\DBGHELP.DLL
0x00007ffdb8de0000 - 0x00007ffdb8e0c000 	C:\Windows\SYSTEM32\dbgcore.DLL
0x00007ffdc3a90000 - 0x00007ffdc3b12000 	C:\Windows\System32\bcryptPrimitives.dll
0x00007ffdb19a0000 - 0x00007ffdb19c5000 	C:\Program Files\Eclipse Adoptium\jdk-17.0.1.12-hotspot\bin\java.dll
0x00007ffdb1a30000 - 0x00007ffdb1b06000 	C:\Program Files\Eclipse Adoptium\jdk-17.0.1.12-hotspot\bin\svml.dll
0x00007ffdc4120000 - 0x00007ffdc4864000 	C:\Windows\System32\SHELL32.dll
0x00007ffdc1150000 - 0x00007ffdc18e4000 	C:\Windows\SYSTEM32\windows.storage.dll
0x00007ffdc5870000 - 0x00007ffdc5bc4000 	C:\Windows\System32\combase.dll
0x00007ffdc2e10000 - 0x00007ffdc2e3c000 	C:\Windows\SYSTEM32\Wldp.dll
0x00007ffdc5230000 - 0x00007ffdc52dd000 	C:\Windows\System32\SHCORE.dll
0x00007ffdc3cf0000 - 0x00007ffdc3d45000 	C:\Windows\System32\shlwapi.dll
0x00007ffdc32f0000 - 0x00007ffdc330f000 	C:\Windows\SYSTEM32\profapi.dll
0x00007ffdb6650000 - 0x00007ffdb6669000 	C:\Program Files\Eclipse Adoptium\jdk-17.0.1.12-hotspot\bin\net.dll
0x00007ffdb4be0000 - 0x00007ffdb4cea000 	C:\Windows\SYSTEM32\WINHTTP.dll
0x00007ffdc2b70000 - 0x00007ffdc2bda000 	C:\Windows\system32\mswsock.dll
0x00007ffdb64d0000 - 0x00007ffdb64e5000 	C:\Program Files\Eclipse Adoptium\jdk-17.0.1.12-hotspot\bin\nio.dll
0x00007ffdb64b0000 - 0x00007ffdb64c8000 	C:\Program Files\Eclipse Adoptium\jdk-17.0.1.12-hotspot\bin\zip.dll
0x000000006e700000 - 0x000000006e72a000 	C:\Users\grado\AppData\Local\Temp\libgdxgrado\e1cd32f8\gdx64.dll
0x00007ffdb6440000 - 0x00007ffdb64a4000 	C:\Users\grado\AppData\Local\Temp\lwjglgrado\3.2.3-build-13\lwjgl.dll
0x00007ffd91f00000 - 0x00007ffd92153000 	C:\Users\grado\AppData\Local\Temp\lwjglgrado\3.2.3-build-13\jemalloc.dll
0x00007ffdb1930000 - 0x00007ffdb1992000 	C:\Users\grado\AppData\Local\Temp\lwjglgrado\3.2.3-build-13\glfw.dll
0x00007ffdc0870000 - 0x00007ffdc090e000 	C:\Windows\system32\uxtheme.dll
0x00007ffdb19e0000 - 0x00007ffdb1a25000 	C:\Windows\SYSTEM32\dinput8.dll
0x00007ffdb62c0000 - 0x00007ffdb62d1000 	C:\Windows\SYSTEM32\xinput1_4.dll
0x00007ffdc3b20000 - 0x00007ffdc3b6e000 	C:\Windows\System32\cfgmgr32.dll
0x00007ffdc3160000 - 0x00007ffdc318c000 	C:\Windows\SYSTEM32\DEVOBJ.dll
0x00007ffdc0a00000 - 0x00007ffdc0a2f000 	C:\Windows\SYSTEM32\dwmapi.dll
0x00007ffda8c80000 - 0x00007ffda8dd2000 	C:\Windows\SYSTEM32\inputhost.dll
0x00007ffdc4d70000 - 0x00007ffdc4e3d000 	C:\Windows\System32\OLEAUT32.dll
0x00007ffdbfad0000 - 0x00007ffdbfc24000 	C:\Windows\SYSTEM32\wintypes.dll
0x00007ffdbe990000 - 0x00007ffdbea86000 	C:\Windows\SYSTEM32\PROPSYS.dll
0x00007ffdc01a0000 - 0x00007ffdc04fe000 	C:\Windows\SYSTEM32\CoreUIComponents.dll
0x00007ffdc0500000 - 0x00007ffdc05f2000 	C:\Windows\SYSTEM32\CoreMessaging.dll
0x00007ffdc20b0000 - 0x00007ffdc20e3000 	C:\Windows\SYSTEM32\ntmarta.dll
0x00007ffdc5750000 - 0x00007ffdc5865000 	C:\Windows\System32\MSCTF.dll
0x00007ffdc18f0000 - 0x00007ffdc18fd000 	C:\Windows\SYSTEM32\HID.DLL
0x00007ffdc4870000 - 0x00007ffdc4ce1000 	C:\Windows\System32\SETUPAPI.DLL
0x00007ffdc3c50000 - 0x00007ffdc3c77000 	C:\Windows\System32\bcrypt.dll
0x00007ffdc3c80000 - 0x00007ffdc3ce8000 	C:\Windows\System32\WINTRUST.dll
0x00007ffdc34b0000 - 0x00007ffdc3606000 	C:\Windows\System32\CRYPT32.dll
0x00007ffdc2fa0000 - 0x00007ffdc2fb2000 	C:\Windows\SYSTEM32\MSASN1.dll
0x00007ffda1380000 - 0x00007ffda148b000 	C:\Users\grado\AppData\Local\Temp\lwjglgrado\3.2.3-build-13\OpenAL.dll
0x00007ffdc5400000 - 0x00007ffdc552a000 	C:\Windows\System32\ole32.dll
0x00007ffdc5350000 - 0x00007ffdc53f9000 	C:\Windows\System32\clbcatq.dll
0x00007ffdbb510000 - 0x00007ffdbb595000 	C:\Windows\System32\MMDevApi.dll
0x00007ffdbbda0000 - 0x00007ffdbbf22000 	C:\Windows\SYSTEM32\AUDIOSES.DLL
0x00007ffdc2930000 - 0x00007ffdc297b000 	C:\Windows\SYSTEM32\powrprof.dll
0x00007ffdc27f0000 - 0x00007ffdc2802000 	C:\Windows\SYSTEM32\UMPDC.dll
0x00007ffdc0a30000 - 0x00007ffdc0a44000 	C:\Windows\SYSTEM32\resourcepolicyclient.dll
0x00007ffd22910000 - 0x00007ffd22a36000 	C:\Windows\SYSTEM32\opengl32.dll
0x00007ffd228e0000 - 0x00007ffd2290c000 	C:\Windows\SYSTEM32\GLU32.dll
0x00007ffdbc2e0000 - 0x00007ffdbc3d7000 	C:\Windows\System32\AppXDeploymentClient.dll
0x00007ffdb1900000 - 0x00007ffdb192a000 	C:\Windows\System32\DriverStore\FileRepository\u0361612.inf_amd64_b679e02f70413f9f\B361368\atig6pxx.dll
0x00007ffd7dc80000 - 0x00007ffd80966000 	C:\Windows\System32\DriverStore\FileRepository\u0361612.inf_amd64_b679e02f70413f9f\B361368\atio6axx.dll
0x00007ffd86690000 - 0x00007ffd866b4000 	C:\Windows\SYSTEM32\dxva2.dll
0x00007ffdab4c0000 - 0x00007ffdab4fc000 	C:\Windows\System32\DriverStore\FileRepository\u0361612.inf_amd64_b679e02f70413f9f\B361368\atig6txx.dll
0x00007ffd90ad0000 - 0x00007ffd90c89000 	C:\Windows\SYSTEM32\atiadlxx.dll
0x00007ffdb9380000 - 0x00007ffdb93bb000 	C:\Windows\SYSTEM32\dxcore.dll
0x00007ffda3ef0000 - 0x00007ffda3f49000 	C:\Users\grado\AppData\Local\Temp\lwjglgrado\3.2.3-build-13\lwjgl_opengl.dll
0x00007ffda93b0000 - 0x00007ffda94a9000 	C:\Windows\SYSTEM32\textinputframework.dll
0x00007ffdab140000 - 0x00007ffdab151000 	C:\Program Files\Eclipse Adoptium\jdk-17.0.1.12-hotspot\bin\jsound.dll
0x00007ffda0f00000 - 0x00007ffda0f9c000 	C:\Windows\SYSTEM32\DSOUND.dll
0x00007ffdb3710000 - 0x00007ffdb3736000 	C:\Windows\SYSTEM32\winmmbase.dll
0x00007ffda9b00000 - 0x00007ffda9b46000 	C:\Windows\SYSTEM32\wdmaud.drv
0x00007ffdbde60000 - 0x00007ffdbde69000 	C:\Windows\SYSTEM32\ksuser.dll
0x00007ffdbd880000 - 0x00007ffdbd88a000 	C:\Windows\SYSTEM32\AVRT.dll
0x00007ffdbc5b0000 - 0x00007ffdbc5bd000 	C:\Windows\SYSTEM32\msacm32.drv
0x00007ffdbc630000 - 0x00007ffdbc64e000 	C:\Windows\SYSTEM32\MSACM32.dll
0x00007ffdb6730000 - 0x00007ffdb673b000 	C:\Windows\SYSTEM32\midimap.dll
0x00007ffda8de0000 - 0x00007ffda8f21000 	C:\Windows\System32\Windows.UI.dll
0x00007ffdbd350000 - 0x00007ffdbd3f1000 	C:\Windows\System32\WindowManagementAPI.dll
0x00007ffdbca10000 - 0x00007ffdbcc11000 	C:\Windows\SYSTEM32\twinapi.appcore.dll

dbghelp: loaded successfully - version: 4.0.5 - missing functions: none
symbol engine: initialized successfully - sym options: 0x614 - pdb path: .;C:\Program Files\Eclipse Adoptium\jdk-17.0.1.12-hotspot\bin;C:\Windows\SYSTEM32;C:\Windows\WinSxS\amd64_microsoft.windows.common-controls_6595b64144ccf1df_6.0.19041.1110_none_60b5254171f9507e;C:\Program Files\Eclipse Adoptium\jdk-17.0.1.12-hotspot\bin\server;C:\Users\grado\AppData\Local\Temp\libgdxgrado\e1cd32f8;C:\Users\grado\AppData\Local\Temp\lwjglgrado\3.2.3-build-13;C:\Windows\System32\DriverStore\FileRepository\u0361612.inf_amd64_b679e02f70413f9f\B361368

VM Arguments:
jvm_args: -XX:+ShowCodeDetailsInExceptionMessages 
java_command: com.crazyputting3d.Main
java_class_path (initial): C:\Users\grado\Documents\Group-04\3dcrazyputting\desktop\bin\main;\CrazyPutting3D-core\bin\default;C:\Users\grado\Documents\Group-04\3dcrazyputting\core\bin\main;C:\Users\grado\.gradle\caches\modules-2\files-2.1\com.badlogicgames.gdx\gdx-backend-lwjgl3\1.10.0\600c7d5b2c977daa82c4abad147087b31e0ada87\gdx-backend-lwjgl3-1.10.0.jar;C:\Users\grado\.gradle\caches\modules-2\files-2.1\com.badlogicgames.gdx\gdx-platform\1.10.0\9a8fa793d2fd6d360afc6c9e4c1f5583da263b88\gdx-platform-1.10.0-natives-desktop.jar;C:\Users\grado\.gradle\caches\modules-2\files-2.1\com.badlogicgames.gdx\gdx-bullet-platform\1.10.0\ce92e8dfc762523d769cbc50853163c03bf98cf1\gdx-bullet-platform-1.10.0-natives-desktop.jar;C:\Users\grado\.gradle\caches\modules-2\files-2.1\com.badlogicgames.gdx\gdx-freetype-platform\1.10.0\6e5d28752759e69384f12e4569d2c884ff71352f\gdx-freetype-platform-1.10.0-natives-desktop.jar;C:\Users\grado\.gradle\caches\modules-2\files-2.1\com.badlogicgames.gdx-controllers\gdx-controllers-desktop\2.2.1\cb3430c32468a090eca54d494d16bb3764ceff9b\gdx-controllers-desktop-2.2.1.jar;C:\Users\grado\.gradle\caches\modules-2\files-2.1\org.jetbrains\annotations\20.1.0\2fcd1f3225bca0c4a7bc931142076f8c1e80993f\annotations-20.1.0.jar;C:\Users\grado\.gradle\caches\modules-2\files-2.1\com.badlogicgames.gdx\gdx-bullet\1.10.0\839b58c7278f5c3b55291c3a559d91227400ecdb\gdx-bullet-1.10.0.jar;C:\Users\grado\.gradle\caches\modules-2\files-2.1\com.badlogicgames.gdx\gdx-freetype\1.10.0\de1d0d5c1e92e8d91364256fd6b7bb279d3e9859\gdx-freetype-1.10.0.jar;C:\Users\grado\.gradle\caches\modules-2\files-2.1\com.badlogicgames.gdx\gdx-ai\1.8.2\ab75d2ce80ab1b1ce6828a15dc0f417abac4c674\gdx-ai-1.8.2.jar;C:\Users\grado\.gradle\caches\modules-2\files-2.1\com.badlogicgames.ashley\ashley\1.7.4\21a3a8932919099c4e5006a7d8378dcbe76ef8a5\ashley-1.7.4.jar;C:\Users\grado\.gradle\caches\modules-2\files-2.1\com.badlogicgames.box2dlights\box2dlights\1.5\6902dbcd250c95a27973aa24a147a95b3828d348\box2dlights-1.5.j
Launcher Type: SUN_STANDARD

[Global flags]
     intx CICompilerCount                          = 12                                        {product} {ergonomic}
     uint ConcGCThreads                            = 3                                         {product} {ergonomic}
     uint G1ConcRefinementThreads                  = 13                                        {product} {ergonomic}
   size_t G1HeapRegionSize                         = 2097152                                   {product} {ergonomic}
    uintx GCDrainStackTargetSize                   = 64                                        {product} {ergonomic}
   size_t InitialHeapSize                          = 257949696                                 {product} {ergonomic}
   size_t MarkStackSize                            = 4194304                                   {product} {ergonomic}
   size_t MaxHeapSize                              = 4127195136                                {product} {ergonomic}
   size_t MaxNewSize                               = 2474639360                                {product} {ergonomic}
   size_t MinHeapDeltaBytes                        = 2097152                                   {product} {ergonomic}
   size_t MinHeapSize                              = 8388608                                   {product} {ergonomic}
    uintx NonNMethodCodeHeapSize                   = 7602480                                {pd product} {ergonomic}
    uintx NonProfiledCodeHeapSize                  = 122027880                              {pd product} {ergonomic}
    uintx ProfiledCodeHeapSize                     = 122027880                              {pd product} {ergonomic}
    uintx ReservedCodeCacheSize                    = 251658240                              {pd product} {ergonomic}
     bool SegmentedCodeCache                       = true                                      {product} {ergonomic}
     bool ShowCodeDetailsInExceptionMessages       = true                                   {manageable} {command line}
   size_t SoftMaxHeapSize                          = 4127195136                             {manageable} {ergonomic}
     bool UseCompressedClassPointers               = true                           {product lp64_product} {ergonomic}
     bool UseCompressedOops                        = true                           {product lp64_product} {ergonomic}
     bool UseG1GC                                  = true                                      {product} {ergonomic}
     bool UseLargePagesIndividualAllocation        = false                                  {pd product} {ergonomic}

Logging:
Log output configuration:
 #0: stdout all=warning uptime,level,tags
 #1: stderr all=off uptime,level,tags

Environment Variables:
PATH=C:\Program Files\Common Files\Oracle\Java\javapath;C:\Windows\system32;C:\Windows;C:\Windows\System32\Wbem;C:\Windows\System32\WindowsPowerShell\v1.0\;C:\Windows\System32\OpenSSH\;C:\Program Files (x86)\NVIDIA Corporation\PhysX\Common;C:\Program Files\NVIDIA Corporation\NVIDIA NvDLISR;C:\Program Files\MATLAB\R2022a\bin;C:\Program Files\Gradle\gradle-7.4.2\bin;C:\Program Files\Git\cmd;C:\Users\grado\AppData\Local\Microsoft\WindowsApps;C:\Users\grado\AppData\Local\Programs\Microsoft VS Code\bin;C:\Users\grado\AppData\Local\GitHubDesktop\bin
USERNAME=grado
LANG=en_US.UTF-8
OS=Windows_NT
PROCESSOR_IDENTIFIER=AMD64 Family 23 Model 96 Stepping 1, AuthenticAMD



---------------  S Y S T E M  ---------------

OS:
 Windows 10 , 64 bit Build 19041 (10.0.19041.1706)
OS uptime: 11 days 18:41 hours

CPU: total 16 (initial active 16) (16 cores per cpu, 2 threads per core) family 23 model 96 stepping 1 microcode 0x0, cx8, cmov, fxsr, ht, mmx, 3dnowpref, sse, sse2, sse3, ssse3, sse4a, sse4.1, sse4.2, popcnt, lzcnt, tsc, tscinvbit, avx, avx2, aes, clmul, bmi1, bmi2, adx, sha, fma, vzeroupper, clflush, clflushopt

Memory: 4k page, system-wide physical 15741M (8396M free)
TotalPageFile size 36181M (AvailPageFile size 20068M)
current process WorkingSet (physical memory assigned to process): 480M, peak: 546M
current process commit charge ("private bytes"): 675M, peak: 754M

vm_info: OpenJDK 64-Bit Server VM (17.0.1+12) for windows-amd64 JRE (17.0.1+12), built on Oct 20 2021 07:42:55 by "" with MS VC++ 16.7 (VS2019)

END.
