#
# A fatal error has been detected by the Java Runtime Environment:
#
#  EXCEPTION_ACCESS_VIOLATION (0xc0000005) at pc=0x00000202bdf50000, pid=19020, tid=18404
#
# JRE version: OpenJDK Runtime Environment Temurin-11.0.13+8 (11.0.13+8) (build 11.0.13+8)
# Java VM: OpenJDK 64-Bit Server VM Temurin-11.0.13+8 (11.0.13+8, mixed mode, tiered, compressed oops, g1 gc, windows-amd64)
# Problematic frame:
# C  0x00000202bdf50000
#
# No core dump will be written. Minidumps are not enabled by default on client versions of Windows
#
# If you would like to submit a bug report, please visit:
#   https://github.com/adoptium/adoptium-support/issues
# The crash happened outside the Java Virtual Machine in native code.
# See problematic frame for where to report the bug.
#

---------------  S U M M A R Y ------------

Command Line: com.crazyputting3d.Main

Host: AMD Ryzen 7 4700U with Radeon Graphics         , 8 cores, 15G,  Windows 10 , 64 bit Build 19041 (10.0.19041.1706)
Time: Fri Jun 10 14:42:30 2022 West-Europa (zomertijd) elapsed time: 19.301856 seconds (0d 0h 0m 19s)

---------------  T H R E A D  ---------------

Current thread (0x0000020297282800):  JavaThread "main" [_thread_in_native, id=18404, stack(0x000000ede3e00000,0x000000ede3f00000)]

Stack: [0x000000ede3e00000,0x000000ede3f00000],  sp=0x000000ede3efef48,  free space=1019k
Native frames: (J=compiled Java code, j=interpreted, Vv=VM code, C=native code)
C  0x00000202bdf50000

Java frames: (J=compiled Java code, j=interpreted, Vv=VM code)
J 2640  org.lwjgl.system.JNI.invokePV(JJ)V (0 bytes) @ 0x00000202a8db5214 [0x00000202a8db51c0+0x0000000000000054]
J 2776 c1 org.lwjgl.glfw.GLFW.glfwSwapBuffers(J)V (21 bytes) @ 0x00000202a1ca6dcc [0x00000202a1ca6ce0+0x00000000000000ec]
j  com.badlogic.gdx.backends.lwjgl3.Lwjgl3Window.update()Z+196
j  com.badlogic.gdx.backends.lwjgl3.Lwjgl3Application.loop()V+111
j  com.badlogic.gdx.backends.lwjgl3.Lwjgl3Application.<init>(Lcom/badlogic/gdx/ApplicationListener;Lcom/badlogic/gdx/backends/lwjgl3/Lwjgl3ApplicationConfiguration;)V+243
j  com.crazyputting3d.Main.main([Ljava/lang/String;)V+41
v  ~StubRoutines::call_stub

siginfo: EXCEPTION_ACCESS_VIOLATION (0xc0000005), data execution prevention violation at address 0x00000202bdf50000


Register to memory mapping:

RIP=0x00000202bdf50000 is an unknown value
RAX=0x00000202bdf50000 is an unknown value
RBX=0x0000000000010001 is an unknown value
RCX=0x0000000000010001 is an unknown value
RDX=0x000000ede3efef80 is pointing into the stack for thread: 0x0000020297282800
RSP=0x000000ede3efef48 is pointing into the stack for thread: 0x0000020297282800
RBP=0x000000ede3eff050 is pointing into the stack for thread: 0x0000020297282800
RSI=0x0000000000000140 is an unknown value
RDI=0x0000000000000e7b is an unknown value
R8 =0x0000020297178910 points into unknown readable memory: 0x0000000000000000 | 00 00 00 00 00 00 00 00
R9 =0x00007ffc21781b50 glfw.dll
R10=0x00007ffc217f1b10 lwjgl.dll
R11=0x000000ede3eff3b8 is pointing into the stack for thread: 0x0000020297282800
R12=0x0 is NULL
R13=0x000000ede3eff4b8 is pointing into the stack for thread: 0x0000020297282800
R14=0x000000ede3eff410 is pointing into the stack for thread: 0x0000020297282800
R15=0x0000020297282800 is a thread


Registers:
RAX=0x00000202bdf50000, RBX=0x0000000000010001, RCX=0x0000000000010001, RDX=0x000000ede3efef80
RSP=0x000000ede3efef48, RBP=0x000000ede3eff050, RSI=0x0000000000000140, RDI=0x0000000000000e7b
R8 =0x0000020297178910, R9 =0x00007ffc21781b50, R10=0x00007ffc217f1b10, R11=0x000000ede3eff3b8
R12=0x0000000000000000, R13=0x000000ede3eff4b8, R14=0x000000ede3eff410, R15=0x0000020297282800
RIP=0x00000202bdf50000, EFLAGS=0x0000000000010206

Top of Stack: (sp=0x000000ede3efef48)
0x000000ede3efef48:   00007ffc21781f7c 0000000000000010
0x000000ede3efef58:   00000202a8d3f33e 0000000712838928
0x000000ede3efef68:   00000202a8d76034 000000071284c5e0
0x000000ede3efef78:   000000071284c588 57464c4720656854
0x000000ede3efef88:   7972617262696c20 20746f6e20736920
0x000000ede3efef98:   696c616974696e69 bf8000000064657a
0x000000ede3efefa8:   bca3d70a00000000 00000000bf800000
0x000000ede3efefb8:   3f80000000000000 00000007126039f8
0x000000ede3efefc8:   00000007127a37e8 000000ede3eff288
0x000000ede3efefd8:   00000202a1902adc 000000ede3eff070
0x000000ede3efefe8:   0000000000000000 0000000000000000
0x000000ede3efeff8:   00000202a8d11b60 0000000000000000
0x000000ede3eff008:   00000202a8d6b0d8 0000000000000000
0x000000ede3eff018:   000000071284c588 0000000712838908
0x000000ede3eff028:   0000000000000000 0000000712838bd8
0x000000ede3eff038:   0000000712838af0 0000000712838908 

Instructions: (pc=0x00000202bdf50000)
0x00000202bdf4ff00:   ?? ?? ?? ?? ?? ?? ?? ?? ?? ?? ?? ?? ?? ?? ?? ??
0x00000202bdf4ff10:   ?? ?? ?? ?? ?? ?? ?? ?? ?? ?? ?? ?? ?? ?? ?? ??
0x00000202bdf4ff20:   ?? ?? ?? ?? ?? ?? ?? ?? ?? ?? ?? ?? ?? ?? ?? ??
0x00000202bdf4ff30:   ?? ?? ?? ?? ?? ?? ?? ?? ?? ?? ?? ?? ?? ?? ?? ??
0x00000202bdf4ff40:   ?? ?? ?? ?? ?? ?? ?? ?? ?? ?? ?? ?? ?? ?? ?? ??
0x00000202bdf4ff50:   ?? ?? ?? ?? ?? ?? ?? ?? ?? ?? ?? ?? ?? ?? ?? ??
0x00000202bdf4ff60:   ?? ?? ?? ?? ?? ?? ?? ?? ?? ?? ?? ?? ?? ?? ?? ??
0x00000202bdf4ff70:   ?? ?? ?? ?? ?? ?? ?? ?? ?? ?? ?? ?? ?? ?? ?? ??
0x00000202bdf4ff80:   ?? ?? ?? ?? ?? ?? ?? ?? ?? ?? ?? ?? ?? ?? ?? ??
0x00000202bdf4ff90:   ?? ?? ?? ?? ?? ?? ?? ?? ?? ?? ?? ?? ?? ?? ?? ??
0x00000202bdf4ffa0:   ?? ?? ?? ?? ?? ?? ?? ?? ?? ?? ?? ?? ?? ?? ?? ??
0x00000202bdf4ffb0:   ?? ?? ?? ?? ?? ?? ?? ?? ?? ?? ?? ?? ?? ?? ?? ??
0x00000202bdf4ffc0:   ?? ?? ?? ?? ?? ?? ?? ?? ?? ?? ?? ?? ?? ?? ?? ??
0x00000202bdf4ffd0:   ?? ?? ?? ?? ?? ?? ?? ?? ?? ?? ?? ?? ?? ?? ?? ??
0x00000202bdf4ffe0:   ?? ?? ?? ?? ?? ?? ?? ?? ?? ?? ?? ?? ?? ?? ?? ??
0x00000202bdf4fff0:   ?? ?? ?? ?? ?? ?? ?? ?? ?? ?? ?? ?? ?? ?? ?? ??
0x00000202bdf50000:   ?? ?? ?? ?? ?? ?? ?? ?? ?? ?? ?? ?? ?? ?? ?? ??
0x00000202bdf50010:   ?? ?? ?? ?? ?? ?? ?? ?? ?? ?? ?? ?? ?? ?? ?? ??
0x00000202bdf50020:   ?? ?? ?? ?? ?? ?? ?? ?? ?? ?? ?? ?? ?? ?? ?? ??
0x00000202bdf50030:   ?? ?? ?? ?? ?? ?? ?? ?? ?? ?? ?? ?? ?? ?? ?? ??
0x00000202bdf50040:   ?? ?? ?? ?? ?? ?? ?? ?? ?? ?? ?? ?? ?? ?? ?? ??
0x00000202bdf50050:   ?? ?? ?? ?? ?? ?? ?? ?? ?? ?? ?? ?? ?? ?? ?? ??
0x00000202bdf50060:   ?? ?? ?? ?? ?? ?? ?? ?? ?? ?? ?? ?? ?? ?? ?? ??
0x00000202bdf50070:   ?? ?? ?? ?? ?? ?? ?? ?? ?? ?? ?? ?? ?? ?? ?? ??
0x00000202bdf50080:   ?? ?? ?? ?? ?? ?? ?? ?? ?? ?? ?? ?? ?? ?? ?? ??
0x00000202bdf50090:   ?? ?? ?? ?? ?? ?? ?? ?? ?? ?? ?? ?? ?? ?? ?? ??
0x00000202bdf500a0:   ?? ?? ?? ?? ?? ?? ?? ?? ?? ?? ?? ?? ?? ?? ?? ??
0x00000202bdf500b0:   ?? ?? ?? ?? ?? ?? ?? ?? ?? ?? ?? ?? ?? ?? ?? ??
0x00000202bdf500c0:   ?? ?? ?? ?? ?? ?? ?? ?? ?? ?? ?? ?? ?? ?? ?? ??
0x00000202bdf500d0:   ?? ?? ?? ?? ?? ?? ?? ?? ?? ?? ?? ?? ?? ?? ?? ??
0x00000202bdf500e0:   ?? ?? ?? ?? ?? ?? ?? ?? ?? ?? ?? ?? ?? ?? ?? ??
0x00000202bdf500f0:   ?? ?? ?? ?? ?? ?? ?? ?? ?? ?? ?? ?? ?? ?? ?? ?? 


Stack slot to memory mapping:
stack at sp + 0 slots: 0x00007ffc21781f7c glfw.dll
stack at sp + 1 slots: 0x0000000000000010 is an unknown value
stack at sp + 2 slots: 0x00000202a8d3f33e is at entry_point+254 in (nmethod*)0x00000202a8d3f090
stack at sp + 3 slots: 0x0000000712838928 is an oop: com.badlogic.gdx.graphics.glutils.VertexArray 
{0x0000000712838928} - klass: 'com/badlogic/gdx/graphics/glutils/VertexArray'
stack at sp + 4 slots: 0x00000202a8d76034 is at entry_point+244 in (nmethod*)0x00000202a8d75d90
stack at sp + 5 slots: 0x000000071284c5e0 is an oop: com.badlogic.gdx.utils.ObjectIntMap 
{0x000000071284c5e0} - klass: 'com/badlogic/gdx/utils/ObjectIntMap'
stack at sp + 6 slots: 0x000000071284c588 is an oop: com.badlogic.gdx.graphics.glutils.ShaderProgram 
{0x000000071284c588} - klass: 'com/badlogic/gdx/graphics/glutils/ShaderProgram'
stack at sp + 7 slots: 0x57464c4720656854 is an unknown value


---------------  P R O C E S S  ---------------

Threads class SMR info:
_java_thread_list=0x00000202dcd7d480, length=16, elements={
0x0000020297282800, 0x00000202bd262000, 0x00000202bd26b800, 0x00000202bd2d2800,
0x00000202bc9d5000, 0x00000202bc9d6000, 0x00000202bc9d9000, 0x00000202bc9dd800,
0x00000202bd28b800, 0x00000202bd481800, 0x00000202c946a800, 0x00000202c9468800,
0x00000202bd7c1800, 0x00000202c5b41800, 0x00000202dfede800, 0x00000202bdd78000
}

Java Threads: ( => current thread )
=>0x0000020297282800 JavaThread "main" [_thread_in_native, id=18404, stack(0x000000ede3e00000,0x000000ede3f00000)]
  0x00000202bd262000 JavaThread "Reference Handler" daemon [_thread_blocked, id=12524, stack(0x000000ede4500000,0x000000ede4600000)]
  0x00000202bd26b800 JavaThread "Finalizer" daemon [_thread_blocked, id=17628, stack(0x000000ede4600000,0x000000ede4700000)]
  0x00000202bd2d2800 JavaThread "Signal Dispatcher" daemon [_thread_blocked, id=17276, stack(0x000000ede4700000,0x000000ede4800000)]
  0x00000202bc9d5000 JavaThread "Attach Listener" daemon [_thread_blocked, id=14972, stack(0x000000ede4800000,0x000000ede4900000)]
  0x00000202bc9d6000 JavaThread "Service Thread" daemon [_thread_blocked, id=8524, stack(0x000000ede4900000,0x000000ede4a00000)]
  0x00000202bc9d9000 JavaThread "C2 CompilerThread0" daemon [_thread_blocked, id=7904, stack(0x000000ede4a00000,0x000000ede4b00000)]
  0x00000202bc9dd800 JavaThread "C1 CompilerThread0" daemon [_thread_blocked, id=10500, stack(0x000000ede4b00000,0x000000ede4c00000)]
  0x00000202bd28b800 JavaThread "Sweeper thread" daemon [_thread_blocked, id=11056, stack(0x000000ede4c00000,0x000000ede4d00000)]
  0x00000202bd481800 JavaThread "Common-Cleaner" daemon [_thread_blocked, id=13448, stack(0x000000ede4e00000,0x000000ede4f00000)]
  0x00000202c946a800 JavaThread "LWJGL3 Timer" daemon [_thread_blocked, id=7064, stack(0x000000ede5c00000,0x000000ede5d00000)]
  0x00000202c9468800 JavaThread "Thread-1" [_thread_in_native, id=14204, stack(0x000000ede6100000,0x000000ede6200000)]
  0x00000202bd7c1800 JavaThread "Keep-Alive-Timer" daemon [_thread_blocked, id=15264, stack(0x000000ede6400000,0x000000ede6500000)]
  0x00000202c5b41800 JavaThread "LWJGL3 Timer" daemon [_thread_blocked, id=17100, stack(0x000000ede6500000,0x000000ede6600000)]
  0x00000202dfede800 JavaThread "Java Sound Event Dispatcher" daemon [_thread_blocked, id=17448, stack(0x000000ede6800000,0x000000ede6900000)]
  0x00000202bdd78000 JavaThread "Direct Clip" daemon [_thread_blocked, id=16408, stack(0x000000ede6b00000,0x000000ede6c00000)]

Other Threads:
  0x00000202bc9ab000 VMThread "VM Thread" [stack: 0x000000ede4400000,0x000000ede4500000] [id=4544]
  0x00000202bd47e000 WatcherThread [stack: 0x000000ede4d00000,0x000000ede4e00000] [id=1220]
  0x0000020297299000 GCTaskThread "GC Thread#0" [stack: 0x000000ede3f00000,0x000000ede4000000] [id=18584]
  0x00000202c5661000 GCTaskThread "GC Thread#1" [stack: 0x000000ede4f00000,0x000000ede5000000] [id=18716]
  0x00000202c586d800 GCTaskThread "GC Thread#2" [stack: 0x000000ede5800000,0x000000ede5900000] [id=3216]
  0x00000202c586e800 GCTaskThread "GC Thread#3" [stack: 0x000000ede5900000,0x000000ede5a00000] [id=2692]
  0x00000202c585b800 GCTaskThread "GC Thread#4" [stack: 0x000000ede5a00000,0x000000ede5b00000] [id=11896]
  0x00000202972f4800 ConcurrentGCThread "G1 Main Marker" [stack: 0x000000ede4000000,0x000000ede4100000] [id=19336]
  0x00000202972f7000 ConcurrentGCThread "G1 Conc#0" [stack: 0x000000ede4100000,0x000000ede4200000] [id=7748]
  0x00000202c9570800 ConcurrentGCThread "G1 Conc#1" [stack: 0x000000ede6300000,0x000000ede6400000] [id=18920]
  0x00000202bc890800 ConcurrentGCThread "G1 Refine#0" [stack: 0x000000ede4200000,0x000000ede4300000] [id=10924]
  0x00000202bc891800 ConcurrentGCThread "G1 Young RemSet Sampling" [stack: 0x000000ede4300000,0x000000ede4400000] [id=4528]

Threads with active compile tasks:

VM state:not at safepoint (normal execution)

VM Mutex/Monitor currently owned by a thread: None

Heap address: 0x0000000709800000, size: 3944 MB, Compressed Oops mode: Zero based, Oop shift amount: 3
Narrow klass base: 0x0000000800000000, Narrow klass shift: 0
Compressed class space size: 1073741824 Address: 0x0000000800000000

Heap:
 garbage-first heap   total 253952K, used 60864K [0x0000000709800000, 0x0000000800000000)
  region size 1024K, 50 young (51200K), 9 survivors (9216K)
 Metaspace       used 24623K, capacity 24915K, committed 25264K, reserved 1073152K
  class space    used 2141K, capacity 2231K, committed 2304K, reserved 1048576K
Heap Regions: E=young(eden), S=young(survivor), O=old, HS=humongous(starts), HC=humongous(continues), CS=collection set, F=free, A=archive, TAMS=top-at-mark-start (previous, next)
|   0|0x0000000709800000, 0x0000000709900000, 0x0000000709900000|100%|HS|  |TAMS 0x0000000709800000, 0x0000000709800000| Complete 
|   1|0x0000000709900000, 0x0000000709a00000, 0x0000000709a00000|100%|HC|  |TAMS 0x0000000709900000, 0x0000000709900000| Complete 
|   2|0x0000000709a00000, 0x0000000709b00000, 0x0000000709b00000|100%|HS|  |TAMS 0x0000000709a00000, 0x0000000709a00000| Complete 
|   3|0x0000000709b00000, 0x0000000709c00000, 0x0000000709c00000|100%|HC|  |TAMS 0x0000000709b00000, 0x0000000709b00000| Complete 
|   4|0x0000000709c00000, 0x0000000709d00000, 0x0000000709d00000|100%| O|  |TAMS 0x0000000709c00000, 0x0000000709c00000| Untracked 
|   5|0x0000000709d00000, 0x0000000709e00000, 0x0000000709e00000|100%| O|  |TAMS 0x0000000709d00000, 0x0000000709d00000| Untracked 
|   6|0x0000000709e00000, 0x0000000709e70000, 0x0000000709f00000| 43%| O|  |TAMS 0x0000000709e00000, 0x0000000709e00000| Untracked 
|   7|0x0000000709f00000, 0x000000070a000000, 0x000000070a000000|100%|HS|  |TAMS 0x0000000709f00000, 0x0000000709f00000| Complete 
|   8|0x000000070a000000, 0x000000070a100000, 0x000000070a100000|100%|HC|  |TAMS 0x000000070a000000, 0x000000070a000000| Complete 
|   9|0x000000070a100000, 0x000000070a200000, 0x000000070a200000|100%|HS|  |TAMS 0x000000070a100000, 0x000000070a100000| Complete 
|  10|0x000000070a200000, 0x000000070a300000, 0x000000070a300000|100%|HC|  |TAMS 0x000000070a200000, 0x000000070a200000| Complete 
|  11|0x000000070a300000, 0x000000070a300000, 0x000000070a400000|  0%| F|  |TAMS 0x000000070a300000, 0x000000070a300000| Untracked 
|  12|0x000000070a400000, 0x000000070a400000, 0x000000070a500000|  0%| F|  |TAMS 0x000000070a400000, 0x000000070a400000| Untracked 
|  13|0x000000070a500000, 0x000000070a500000, 0x000000070a600000|  0%| F|  |TAMS 0x000000070a500000, 0x000000070a500000| Untracked 
|  14|0x000000070a600000, 0x000000070a600000, 0x000000070a700000|  0%| F|  |TAMS 0x000000070a600000, 0x000000070a600000| Untracked 
|  15|0x000000070a700000, 0x000000070a700000, 0x000000070a800000|  0%| F|  |TAMS 0x000000070a700000, 0x000000070a700000| Untracked 
|  16|0x000000070a800000, 0x000000070a800000, 0x000000070a900000|  0%| F|  |TAMS 0x000000070a800000, 0x000000070a800000| Untracked 
|  17|0x000000070a900000, 0x000000070a900000, 0x000000070aa00000|  0%| F|  |TAMS 0x000000070a900000, 0x000000070a900000| Untracked 
|  18|0x000000070aa00000, 0x000000070aa00000, 0x000000070ab00000|  0%| F|  |TAMS 0x000000070aa00000, 0x000000070aa00000| Untracked 
|  19|0x000000070ab00000, 0x000000070ab00000, 0x000000070ac00000|  0%| F|  |TAMS 0x000000070ab00000, 0x000000070ab00000| Untracked 
|  20|0x000000070ac00000, 0x000000070ac00000, 0x000000070ad00000|  0%| F|  |TAMS 0x000000070ac00000, 0x000000070ac00000| Untracked 
|  21|0x000000070ad00000, 0x000000070ad00000, 0x000000070ae00000|  0%| F|  |TAMS 0x000000070ad00000, 0x000000070ad00000| Untracked 
|  22|0x000000070ae00000, 0x000000070ae00000, 0x000000070af00000|  0%| F|  |TAMS 0x000000070ae00000, 0x000000070ae00000| Untracked 
|  23|0x000000070af00000, 0x000000070af00000, 0x000000070b000000|  0%| F|  |TAMS 0x000000070af00000, 0x000000070af00000| Untracked 
|  24|0x000000070b000000, 0x000000070b000000, 0x000000070b100000|  0%| F|  |TAMS 0x000000070b000000, 0x000000070b000000| Untracked 
|  25|0x000000070b100000, 0x000000070b100000, 0x000000070b200000|  0%| F|  |TAMS 0x000000070b100000, 0x000000070b100000| Untracked 
|  26|0x000000070b200000, 0x000000070b200000, 0x000000070b300000|  0%| F|  |TAMS 0x000000070b200000, 0x000000070b200000| Untracked 
|  27|0x000000070b300000, 0x000000070b300000, 0x000000070b400000|  0%| F|  |TAMS 0x000000070b300000, 0x000000070b300000| Untracked 
|  28|0x000000070b400000, 0x000000070b400000, 0x000000070b500000|  0%| F|  |TAMS 0x000000070b400000, 0x000000070b400000| Untracked 
|  29|0x000000070b500000, 0x000000070b500000, 0x000000070b600000|  0%| F|  |TAMS 0x000000070b500000, 0x000000070b500000| Untracked 
|  30|0x000000070b600000, 0x000000070b600000, 0x000000070b700000|  0%| F|  |TAMS 0x000000070b600000, 0x000000070b600000| Untracked 
|  31|0x000000070b700000, 0x000000070b700000, 0x000000070b800000|  0%| F|  |TAMS 0x000000070b700000, 0x000000070b700000| Untracked 
|  32|0x000000070b800000, 0x000000070b800000, 0x000000070b900000|  0%| F|  |TAMS 0x000000070b800000, 0x000000070b800000| Untracked 
|  33|0x000000070b900000, 0x000000070b900000, 0x000000070ba00000|  0%| F|  |TAMS 0x000000070b900000, 0x000000070b900000| Untracked 
|  34|0x000000070ba00000, 0x000000070ba00000, 0x000000070bb00000|  0%| F|  |TAMS 0x000000070ba00000, 0x000000070ba00000| Untracked 
|  35|0x000000070bb00000, 0x000000070bb00000, 0x000000070bc00000|  0%| F|  |TAMS 0x000000070bb00000, 0x000000070bb00000| Untracked 
|  36|0x000000070bc00000, 0x000000070bc00000, 0x000000070bd00000|  0%| F|  |TAMS 0x000000070bc00000, 0x000000070bc00000| Untracked 
|  37|0x000000070bd00000, 0x000000070bd00000, 0x000000070be00000|  0%| F|  |TAMS 0x000000070bd00000, 0x000000070bd00000| Untracked 
|  38|0x000000070be00000, 0x000000070be00000, 0x000000070bf00000|  0%| F|  |TAMS 0x000000070be00000, 0x000000070be00000| Untracked 
|  39|0x000000070bf00000, 0x000000070bf00000, 0x000000070c000000|  0%| F|  |TAMS 0x000000070bf00000, 0x000000070bf00000| Untracked 
|  40|0x000000070c000000, 0x000000070c000000, 0x000000070c100000|  0%| F|  |TAMS 0x000000070c000000, 0x000000070c000000| Untracked 
|  41|0x000000070c100000, 0x000000070c100000, 0x000000070c200000|  0%| F|  |TAMS 0x000000070c100000, 0x000000070c100000| Untracked 
|  42|0x000000070c200000, 0x000000070c200000, 0x000000070c300000|  0%| F|  |TAMS 0x000000070c200000, 0x000000070c200000| Untracked 
|  43|0x000000070c300000, 0x000000070c300000, 0x000000070c400000|  0%| F|  |TAMS 0x000000070c300000, 0x000000070c300000| Untracked 
|  44|0x000000070c400000, 0x000000070c400000, 0x000000070c500000|  0%| F|  |TAMS 0x000000070c400000, 0x000000070c400000| Untracked 
|  45|0x000000070c500000, 0x000000070c500000, 0x000000070c600000|  0%| F|  |TAMS 0x000000070c500000, 0x000000070c500000| Untracked 
|  46|0x000000070c600000, 0x000000070c600000, 0x000000070c700000|  0%| F|  |TAMS 0x000000070c600000, 0x000000070c600000| Untracked 
|  47|0x000000070c700000, 0x000000070c700000, 0x000000070c800000|  0%| F|  |TAMS 0x000000070c700000, 0x000000070c700000| Untracked 
|  48|0x000000070c800000, 0x000000070c800000, 0x000000070c900000|  0%| F|  |TAMS 0x000000070c800000, 0x000000070c800000| Untracked 
|  49|0x000000070c900000, 0x000000070c900000, 0x000000070ca00000|  0%| F|  |TAMS 0x000000070c900000, 0x000000070c900000| Untracked 
|  50|0x000000070ca00000, 0x000000070ca00000, 0x000000070cb00000|  0%| F|  |TAMS 0x000000070ca00000, 0x000000070ca00000| Untracked 
|  51|0x000000070cb00000, 0x000000070cb00000, 0x000000070cc00000|  0%| F|  |TAMS 0x000000070cb00000, 0x000000070cb00000| Untracked 
|  52|0x000000070cc00000, 0x000000070cc00000, 0x000000070cd00000|  0%| F|  |TAMS 0x000000070cc00000, 0x000000070cc00000| Untracked 
|  53|0x000000070cd00000, 0x000000070cd00000, 0x000000070ce00000|  0%| F|  |TAMS 0x000000070cd00000, 0x000000070cd00000| Untracked 
|  54|0x000000070ce00000, 0x000000070ce00000, 0x000000070cf00000|  0%| F|  |TAMS 0x000000070ce00000, 0x000000070ce00000| Untracked 
|  55|0x000000070cf00000, 0x000000070cf00000, 0x000000070d000000|  0%| F|  |TAMS 0x000000070cf00000, 0x000000070cf00000| Untracked 
|  56|0x000000070d000000, 0x000000070d000000, 0x000000070d100000|  0%| F|  |TAMS 0x000000070d000000, 0x000000070d000000| Untracked 
|  57|0x000000070d100000, 0x000000070d100000, 0x000000070d200000|  0%| F|  |TAMS 0x000000070d100000, 0x000000070d100000| Untracked 
|  58|0x000000070d200000, 0x000000070d200000, 0x000000070d300000|  0%| F|  |TAMS 0x000000070d200000, 0x000000070d200000| Untracked 
|  59|0x000000070d300000, 0x000000070d300000, 0x000000070d400000|  0%| F|  |TAMS 0x000000070d300000, 0x000000070d300000| Untracked 
|  60|0x000000070d400000, 0x000000070d400000, 0x000000070d500000|  0%| F|  |TAMS 0x000000070d400000, 0x000000070d400000| Untracked 
|  61|0x000000070d500000, 0x000000070d500000, 0x000000070d600000|  0%| F|  |TAMS 0x000000070d500000, 0x000000070d500000| Untracked 
|  62|0x000000070d600000, 0x000000070d600000, 0x000000070d700000|  0%| F|  |TAMS 0x000000070d600000, 0x000000070d600000| Untracked 
|  63|0x000000070d700000, 0x000000070d700000, 0x000000070d800000|  0%| F|  |TAMS 0x000000070d700000, 0x000000070d700000| Untracked 
|  64|0x000000070d800000, 0x000000070d800000, 0x000000070d900000|  0%| F|  |TAMS 0x000000070d800000, 0x000000070d800000| Untracked 
|  65|0x000000070d900000, 0x000000070d900000, 0x000000070da00000|  0%| F|  |TAMS 0x000000070d900000, 0x000000070d900000| Untracked 
|  66|0x000000070da00000, 0x000000070da00000, 0x000000070db00000|  0%| F|  |TAMS 0x000000070da00000, 0x000000070da00000| Untracked 
|  67|0x000000070db00000, 0x000000070db00000, 0x000000070dc00000|  0%| F|  |TAMS 0x000000070db00000, 0x000000070db00000| Untracked 
|  68|0x000000070dc00000, 0x000000070dc00000, 0x000000070dd00000|  0%| F|  |TAMS 0x000000070dc00000, 0x000000070dc00000| Untracked 
|  69|0x000000070dd00000, 0x000000070dd00000, 0x000000070de00000|  0%| F|  |TAMS 0x000000070dd00000, 0x000000070dd00000| Untracked 
|  70|0x000000070de00000, 0x000000070de00000, 0x000000070df00000|  0%| F|  |TAMS 0x000000070de00000, 0x000000070de00000| Untracked 
|  71|0x000000070df00000, 0x000000070df00000, 0x000000070e000000|  0%| F|  |TAMS 0x000000070df00000, 0x000000070df00000| Untracked 
|  72|0x000000070e000000, 0x000000070e000000, 0x000000070e100000|  0%| F|  |TAMS 0x000000070e000000, 0x000000070e000000| Untracked 
|  73|0x000000070e100000, 0x000000070e100000, 0x000000070e200000|  0%| F|  |TAMS 0x000000070e100000, 0x000000070e100000| Untracked 
|  74|0x000000070e200000, 0x000000070e200000, 0x000000070e300000|  0%| F|  |TAMS 0x000000070e200000, 0x000000070e200000| Untracked 
|  75|0x000000070e300000, 0x000000070e300000, 0x000000070e400000|  0%| F|  |TAMS 0x000000070e300000, 0x000000070e300000| Untracked 
|  76|0x000000070e400000, 0x000000070e400000, 0x000000070e500000|  0%| F|  |TAMS 0x000000070e400000, 0x000000070e400000| Untracked 
|  77|0x000000070e500000, 0x000000070e500000, 0x000000070e600000|  0%| F|  |TAMS 0x000000070e500000, 0x000000070e500000| Untracked 
|  78|0x000000070e600000, 0x000000070e600000, 0x000000070e700000|  0%| F|  |TAMS 0x000000070e600000, 0x000000070e600000| Untracked 
|  79|0x000000070e700000, 0x000000070e700000, 0x000000070e800000|  0%| F|  |TAMS 0x000000070e700000, 0x000000070e700000| Untracked 
|  80|0x000000070e800000, 0x000000070e800000, 0x000000070e900000|  0%| F|  |TAMS 0x000000070e800000, 0x000000070e800000| Untracked 
|  81|0x000000070e900000, 0x000000070e900000, 0x000000070ea00000|  0%| F|  |TAMS 0x000000070e900000, 0x000000070e900000| Untracked 
|  82|0x000000070ea00000, 0x000000070ea00000, 0x000000070eb00000|  0%| F|  |TAMS 0x000000070ea00000, 0x000000070ea00000| Untracked 
|  83|0x000000070eb00000, 0x000000070eb00000, 0x000000070ec00000|  0%| F|  |TAMS 0x000000070eb00000, 0x000000070eb00000| Untracked 
|  84|0x000000070ec00000, 0x000000070ec00000, 0x000000070ed00000|  0%| F|  |TAMS 0x000000070ec00000, 0x000000070ec00000| Untracked 
|  85|0x000000070ed00000, 0x000000070ed00000, 0x000000070ee00000|  0%| F|  |TAMS 0x000000070ed00000, 0x000000070ed00000| Untracked 
|  86|0x000000070ee00000, 0x000000070ee00000, 0x000000070ef00000|  0%| F|  |TAMS 0x000000070ee00000, 0x000000070ee00000| Untracked 
|  87|0x000000070ef00000, 0x000000070ef00000, 0x000000070f000000|  0%| F|  |TAMS 0x000000070ef00000, 0x000000070ef00000| Untracked 
|  88|0x000000070f000000, 0x000000070f000000, 0x000000070f100000|  0%| F|  |TAMS 0x000000070f000000, 0x000000070f000000| Untracked 
|  89|0x000000070f100000, 0x000000070f100000, 0x000000070f200000|  0%| F|  |TAMS 0x000000070f100000, 0x000000070f100000| Untracked 
|  90|0x000000070f200000, 0x000000070f200000, 0x000000070f300000|  0%| F|  |TAMS 0x000000070f200000, 0x000000070f200000| Untracked 
|  91|0x000000070f300000, 0x000000070f300000, 0x000000070f400000|  0%| F|  |TAMS 0x000000070f300000, 0x000000070f300000| Untracked 
|  92|0x000000070f400000, 0x000000070f400000, 0x000000070f500000|  0%| F|  |TAMS 0x000000070f400000, 0x000000070f400000| Untracked 
|  93|0x000000070f500000, 0x000000070f500000, 0x000000070f600000|  0%| F|  |TAMS 0x000000070f500000, 0x000000070f500000| Untracked 
|  94|0x000000070f600000, 0x000000070f600000, 0x000000070f700000|  0%| F|  |TAMS 0x000000070f600000, 0x000000070f600000| Untracked 
|  95|0x000000070f700000, 0x000000070f700000, 0x000000070f800000|  0%| F|  |TAMS 0x000000070f700000, 0x000000070f700000| Untracked 
|  96|0x000000070f800000, 0x000000070f800000, 0x000000070f900000|  0%| F|  |TAMS 0x000000070f800000, 0x000000070f800000| Untracked 
|  97|0x000000070f900000, 0x000000070f900000, 0x000000070fa00000|  0%| F|  |TAMS 0x000000070f900000, 0x000000070f900000| Untracked 
|  98|0x000000070fa00000, 0x000000070fa00000, 0x000000070fb00000|  0%| F|  |TAMS 0x000000070fa00000, 0x000000070fa00000| Untracked 
|  99|0x000000070fb00000, 0x000000070fb00000, 0x000000070fc00000|  0%| F|  |TAMS 0x000000070fb00000, 0x000000070fb00000| Untracked 
| 100|0x000000070fc00000, 0x000000070fc00000, 0x000000070fd00000|  0%| F|  |TAMS 0x000000070fc00000, 0x000000070fc00000| Untracked 
| 101|0x000000070fd00000, 0x000000070fd00000, 0x000000070fe00000|  0%| F|  |TAMS 0x000000070fd00000, 0x000000070fd00000| Untracked 
| 102|0x000000070fe00000, 0x000000070fe00000, 0x000000070ff00000|  0%| F|  |TAMS 0x000000070fe00000, 0x000000070fe00000| Untracked 
| 103|0x000000070ff00000, 0x000000070ff00000, 0x0000000710000000|  0%| F|  |TAMS 0x000000070ff00000, 0x000000070ff00000| Untracked 
| 104|0x0000000710000000, 0x0000000710000000, 0x0000000710100000|  0%| F|  |TAMS 0x0000000710000000, 0x0000000710000000| Untracked 
| 105|0x0000000710100000, 0x0000000710100000, 0x0000000710200000|  0%| F|  |TAMS 0x0000000710100000, 0x0000000710100000| Untracked 
| 106|0x0000000710200000, 0x0000000710200000, 0x0000000710300000|  0%| F|  |TAMS 0x0000000710200000, 0x0000000710200000| Untracked 
| 107|0x0000000710300000, 0x0000000710300000, 0x0000000710400000|  0%| F|  |TAMS 0x0000000710300000, 0x0000000710300000| Untracked 
| 108|0x0000000710400000, 0x0000000710400000, 0x0000000710500000|  0%| F|  |TAMS 0x0000000710400000, 0x0000000710400000| Untracked 
| 109|0x0000000710500000, 0x0000000710500000, 0x0000000710600000|  0%| F|  |TAMS 0x0000000710500000, 0x0000000710500000| Untracked 
| 110|0x0000000710600000, 0x0000000710600000, 0x0000000710700000|  0%| F|  |TAMS 0x0000000710600000, 0x0000000710600000| Untracked 
| 111|0x0000000710700000, 0x0000000710700000, 0x0000000710800000|  0%| F|  |TAMS 0x0000000710700000, 0x0000000710700000| Untracked 
| 112|0x0000000710800000, 0x0000000710800000, 0x0000000710900000|  0%| F|  |TAMS 0x0000000710800000, 0x0000000710800000| Untracked 
| 113|0x0000000710900000, 0x0000000710900000, 0x0000000710a00000|  0%| F|  |TAMS 0x0000000710900000, 0x0000000710900000| Untracked 
| 114|0x0000000710a00000, 0x0000000710a00000, 0x0000000710b00000|  0%| F|  |TAMS 0x0000000710a00000, 0x0000000710a00000| Untracked 
| 115|0x0000000710b00000, 0x0000000710b00000, 0x0000000710c00000|  0%| F|  |TAMS 0x0000000710b00000, 0x0000000710b00000| Untracked 
| 116|0x0000000710c00000, 0x0000000710c00000, 0x0000000710d00000|  0%| F|  |TAMS 0x0000000710c00000, 0x0000000710c00000| Untracked 
| 117|0x0000000710d00000, 0x0000000710d00000, 0x0000000710e00000|  0%| F|  |TAMS 0x0000000710d00000, 0x0000000710d00000| Untracked 
| 118|0x0000000710e00000, 0x0000000710e00000, 0x0000000710f00000|  0%| F|  |TAMS 0x0000000710e00000, 0x0000000710e00000| Untracked 
| 119|0x0000000710f00000, 0x0000000710f00000, 0x0000000711000000|  0%| F|  |TAMS 0x0000000710f00000, 0x0000000710f00000| Untracked 
| 120|0x0000000711000000, 0x0000000711000000, 0x0000000711100000|  0%| F|  |TAMS 0x0000000711000000, 0x0000000711000000| Untracked 
| 121|0x0000000711100000, 0x0000000711100000, 0x0000000711200000|  0%| F|  |TAMS 0x0000000711100000, 0x0000000711100000| Untracked 
| 122|0x0000000711200000, 0x0000000711200000, 0x0000000711300000|  0%| F|  |TAMS 0x0000000711200000, 0x0000000711200000| Untracked 
| 123|0x0000000711300000, 0x0000000711300000, 0x0000000711400000|  0%| F|  |TAMS 0x0000000711300000, 0x0000000711300000| Untracked 
| 124|0x0000000711400000, 0x0000000711400000, 0x0000000711500000|  0%| F|  |TAMS 0x0000000711400000, 0x0000000711400000| Untracked 
| 125|0x0000000711500000, 0x0000000711500000, 0x0000000711600000|  0%| F|  |TAMS 0x0000000711500000, 0x0000000711500000| Untracked 
| 126|0x0000000711600000, 0x0000000711600000, 0x0000000711700000|  0%| F|  |TAMS 0x0000000711600000, 0x0000000711600000| Untracked 
| 127|0x0000000711700000, 0x0000000711700000, 0x0000000711800000|  0%| F|  |TAMS 0x0000000711700000, 0x0000000711700000| Untracked 
| 128|0x0000000711800000, 0x0000000711800000, 0x0000000711900000|  0%| F|  |TAMS 0x0000000711800000, 0x0000000711800000| Untracked 
| 129|0x0000000711900000, 0x0000000711900000, 0x0000000711a00000|  0%| F|  |TAMS 0x0000000711900000, 0x0000000711900000| Untracked 
| 130|0x0000000711a00000, 0x0000000711a00000, 0x0000000711b00000|  0%| F|  |TAMS 0x0000000711a00000, 0x0000000711a00000| Untracked 
| 131|0x0000000711b00000, 0x0000000711b00000, 0x0000000711c00000|  0%| F|  |TAMS 0x0000000711b00000, 0x0000000711b00000| Untracked 
| 132|0x0000000711c00000, 0x0000000711c00000, 0x0000000711d00000|  0%| F|  |TAMS 0x0000000711c00000, 0x0000000711c00000| Untracked 
| 133|0x0000000711d00000, 0x0000000711d00000, 0x0000000711e00000|  0%| F|  |TAMS 0x0000000711d00000, 0x0000000711d00000| Untracked 
| 134|0x0000000711e00000, 0x0000000711e00000, 0x0000000711f00000|  0%| F|  |TAMS 0x0000000711e00000, 0x0000000711e00000| Untracked 
| 135|0x0000000711f00000, 0x0000000711f00000, 0x0000000712000000|  0%| F|  |TAMS 0x0000000711f00000, 0x0000000711f00000| Untracked 
| 136|0x0000000712000000, 0x0000000712100000, 0x0000000712100000|100%| S|CS|TAMS 0x0000000712000000, 0x0000000712000000| Complete 
| 137|0x0000000712100000, 0x0000000712200000, 0x0000000712200000|100%| S|CS|TAMS 0x0000000712100000, 0x0000000712100000| Complete 
| 138|0x0000000712200000, 0x0000000712300000, 0x0000000712300000|100%| S|CS|TAMS 0x0000000712200000, 0x0000000712200000| Complete 
| 139|0x0000000712300000, 0x0000000712400000, 0x0000000712400000|100%| S|CS|TAMS 0x0000000712300000, 0x0000000712300000| Complete 
| 140|0x0000000712400000, 0x0000000712500000, 0x0000000712500000|100%| S|CS|TAMS 0x0000000712400000, 0x0000000712400000| Complete 
| 141|0x0000000712500000, 0x0000000712600000, 0x0000000712600000|100%| S|CS|TAMS 0x0000000712500000, 0x0000000712500000| Complete 
| 142|0x0000000712600000, 0x0000000712700000, 0x0000000712700000|100%| S|CS|TAMS 0x0000000712600000, 0x0000000712600000| Complete 
| 143|0x0000000712700000, 0x0000000712800000, 0x0000000712800000|100%| S|CS|TAMS 0x0000000712700000, 0x0000000712700000| Complete 
| 144|0x0000000712800000, 0x0000000712900000, 0x0000000712900000|100%| S|CS|TAMS 0x0000000712800000, 0x0000000712800000| Complete 
| 145|0x0000000712900000, 0x0000000712900000, 0x0000000712a00000|  0%| F|  |TAMS 0x0000000712900000, 0x0000000712900000| Untracked 
| 146|0x0000000712a00000, 0x0000000712a00000, 0x0000000712b00000|  0%| F|  |TAMS 0x0000000712a00000, 0x0000000712a00000| Untracked 
| 147|0x0000000712b00000, 0x0000000712b00000, 0x0000000712c00000|  0%| F|  |TAMS 0x0000000712b00000, 0x0000000712b00000| Untracked 
| 148|0x0000000712c00000, 0x0000000712c00000, 0x0000000712d00000|  0%| F|  |TAMS 0x0000000712c00000, 0x0000000712c00000| Untracked 
| 149|0x0000000712d00000, 0x0000000712d00000, 0x0000000712e00000|  0%| F|  |TAMS 0x0000000712d00000, 0x0000000712d00000| Untracked 
| 150|0x0000000712e00000, 0x0000000712e00000, 0x0000000712f00000|  0%| F|  |TAMS 0x0000000712e00000, 0x0000000712e00000| Untracked 
| 151|0x0000000712f00000, 0x0000000712f00000, 0x0000000713000000|  0%| F|  |TAMS 0x0000000712f00000, 0x0000000712f00000| Untracked 
| 152|0x0000000713000000, 0x0000000713000000, 0x0000000713100000|  0%| F|  |TAMS 0x0000000713000000, 0x0000000713000000| Untracked 
| 153|0x0000000713100000, 0x0000000713100000, 0x0000000713200000|  0%| F|  |TAMS 0x0000000713100000, 0x0000000713100000| Untracked 
| 154|0x0000000713200000, 0x0000000713200000, 0x0000000713300000|  0%| F|  |TAMS 0x0000000713200000, 0x0000000713200000| Untracked 
| 155|0x0000000713300000, 0x0000000713300000, 0x0000000713400000|  0%| F|  |TAMS 0x0000000713300000, 0x0000000713300000| Untracked 
| 156|0x0000000713400000, 0x0000000713400000, 0x0000000713500000|  0%| F|  |TAMS 0x0000000713400000, 0x0000000713400000| Untracked 
| 157|0x0000000713500000, 0x0000000713500000, 0x0000000713600000|  0%| F|  |TAMS 0x0000000713500000, 0x0000000713500000| Untracked 
| 158|0x0000000713600000, 0x0000000713600000, 0x0000000713700000|  0%| F|  |TAMS 0x0000000713600000, 0x0000000713600000| Untracked 
| 159|0x0000000713700000, 0x0000000713700000, 0x0000000713800000|  0%| F|  |TAMS 0x0000000713700000, 0x0000000713700000| Untracked 
| 160|0x0000000713800000, 0x0000000713800000, 0x0000000713900000|  0%| F|  |TAMS 0x0000000713800000, 0x0000000713800000| Untracked 
| 161|0x0000000713900000, 0x0000000713900000, 0x0000000713a00000|  0%| F|  |TAMS 0x0000000713900000, 0x0000000713900000| Untracked 
| 162|0x0000000713a00000, 0x0000000713a00000, 0x0000000713b00000|  0%| F|  |TAMS 0x0000000713a00000, 0x0000000713a00000| Untracked 
| 163|0x0000000713b00000, 0x0000000713b00000, 0x0000000713c00000|  0%| F|  |TAMS 0x0000000713b00000, 0x0000000713b00000| Untracked 
| 164|0x0000000713c00000, 0x0000000713c00000, 0x0000000713d00000|  0%| F|  |TAMS 0x0000000713c00000, 0x0000000713c00000| Untracked 
| 165|0x0000000713d00000, 0x0000000713d00000, 0x0000000713e00000|  0%| F|  |TAMS 0x0000000713d00000, 0x0000000713d00000| Untracked 
| 166|0x0000000713e00000, 0x0000000713e00000, 0x0000000713f00000|  0%| F|  |TAMS 0x0000000713e00000, 0x0000000713e00000| Untracked 
| 167|0x0000000713f00000, 0x0000000713f00000, 0x0000000714000000|  0%| F|  |TAMS 0x0000000713f00000, 0x0000000713f00000| Untracked 
| 168|0x0000000714000000, 0x0000000714000000, 0x0000000714100000|  0%| F|  |TAMS 0x0000000714000000, 0x0000000714000000| Untracked 
| 169|0x0000000714100000, 0x0000000714100000, 0x0000000714200000|  0%| F|  |TAMS 0x0000000714100000, 0x0000000714100000| Untracked 
| 170|0x0000000714200000, 0x0000000714200000, 0x0000000714300000|  0%| F|  |TAMS 0x0000000714200000, 0x0000000714200000| Untracked 
| 171|0x0000000714300000, 0x0000000714300000, 0x0000000714400000|  0%| F|  |TAMS 0x0000000714300000, 0x0000000714300000| Untracked 
| 172|0x0000000714400000, 0x0000000714400000, 0x0000000714500000|  0%| F|  |TAMS 0x0000000714400000, 0x0000000714400000| Untracked 
| 173|0x0000000714500000, 0x0000000714500000, 0x0000000714600000|  0%| F|  |TAMS 0x0000000714500000, 0x0000000714500000| Untracked 
| 174|0x0000000714600000, 0x0000000714600000, 0x0000000714700000|  0%| F|  |TAMS 0x0000000714600000, 0x0000000714600000| Untracked 
| 175|0x0000000714700000, 0x0000000714700000, 0x0000000714800000|  0%| F|  |TAMS 0x0000000714700000, 0x0000000714700000| Untracked 
| 176|0x0000000714800000, 0x0000000714800000, 0x0000000714900000|  0%| F|  |TAMS 0x0000000714800000, 0x0000000714800000| Untracked 
| 177|0x0000000714900000, 0x0000000714900000, 0x0000000714a00000|  0%| F|  |TAMS 0x0000000714900000, 0x0000000714900000| Untracked 
| 178|0x0000000714a00000, 0x0000000714a00000, 0x0000000714b00000|  0%| F|  |TAMS 0x0000000714a00000, 0x0000000714a00000| Untracked 
| 179|0x0000000714b00000, 0x0000000714b00000, 0x0000000714c00000|  0%| F|  |TAMS 0x0000000714b00000, 0x0000000714b00000| Untracked 
| 180|0x0000000714c00000, 0x0000000714c00000, 0x0000000714d00000|  0%| F|  |TAMS 0x0000000714c00000, 0x0000000714c00000| Untracked 
| 181|0x0000000714d00000, 0x0000000714d00000, 0x0000000714e00000|  0%| F|  |TAMS 0x0000000714d00000, 0x0000000714d00000| Untracked 
| 182|0x0000000714e00000, 0x0000000714e00000, 0x0000000714f00000|  0%| F|  |TAMS 0x0000000714e00000, 0x0000000714e00000| Untracked 
| 183|0x0000000714f00000, 0x0000000714f00000, 0x0000000715000000|  0%| F|  |TAMS 0x0000000714f00000, 0x0000000714f00000| Untracked 
| 184|0x0000000715000000, 0x0000000715000000, 0x0000000715100000|  0%| F|  |TAMS 0x0000000715000000, 0x0000000715000000| Untracked 
| 185|0x0000000715100000, 0x0000000715100000, 0x0000000715200000|  0%| F|  |TAMS 0x0000000715100000, 0x0000000715100000| Untracked 
| 186|0x0000000715200000, 0x0000000715200000, 0x0000000715300000|  0%| F|  |TAMS 0x0000000715200000, 0x0000000715200000| Untracked 
| 187|0x0000000715300000, 0x0000000715300000, 0x0000000715400000|  0%| F|  |TAMS 0x0000000715300000, 0x0000000715300000| Untracked 
| 188|0x0000000715400000, 0x0000000715400000, 0x0000000715500000|  0%| F|  |TAMS 0x0000000715400000, 0x0000000715400000| Untracked 
| 189|0x0000000715500000, 0x0000000715500000, 0x0000000715600000|  0%| F|  |TAMS 0x0000000715500000, 0x0000000715500000| Untracked 
| 190|0x0000000715600000, 0x0000000715600000, 0x0000000715700000|  0%| F|  |TAMS 0x0000000715600000, 0x0000000715600000| Untracked 
| 191|0x0000000715700000, 0x0000000715700000, 0x0000000715800000|  0%| F|  |TAMS 0x0000000715700000, 0x0000000715700000| Untracked 
| 192|0x0000000715800000, 0x0000000715800000, 0x0000000715900000|  0%| F|  |TAMS 0x0000000715800000, 0x0000000715800000| Untracked 
| 193|0x0000000715900000, 0x0000000715900000, 0x0000000715a00000|  0%| F|  |TAMS 0x0000000715900000, 0x0000000715900000| Untracked 
| 194|0x0000000715a00000, 0x0000000715a00000, 0x0000000715b00000|  0%| F|  |TAMS 0x0000000715a00000, 0x0000000715a00000| Untracked 
| 195|0x0000000715b00000, 0x0000000715b00000, 0x0000000715c00000|  0%| F|  |TAMS 0x0000000715b00000, 0x0000000715b00000| Untracked 
| 196|0x0000000715c00000, 0x0000000715c00000, 0x0000000715d00000|  0%| F|  |TAMS 0x0000000715c00000, 0x0000000715c00000| Untracked 
| 197|0x0000000715d00000, 0x0000000715d00000, 0x0000000715e00000|  0%| F|  |TAMS 0x0000000715d00000, 0x0000000715d00000| Untracked 
| 198|0x0000000715e00000, 0x0000000715e00000, 0x0000000715f00000|  0%| F|  |TAMS 0x0000000715e00000, 0x0000000715e00000| Untracked 
| 199|0x0000000715f00000, 0x0000000715f00000, 0x0000000716000000|  0%| F|  |TAMS 0x0000000715f00000, 0x0000000715f00000| Untracked 
| 200|0x0000000716000000, 0x0000000716000000, 0x0000000716100000|  0%| F|  |TAMS 0x0000000716000000, 0x0000000716000000| Untracked 
| 201|0x0000000716100000, 0x0000000716100000, 0x0000000716200000|  0%| F|  |TAMS 0x0000000716100000, 0x0000000716100000| Untracked 
| 202|0x0000000716200000, 0x0000000716200000, 0x0000000716300000|  0%| F|  |TAMS 0x0000000716200000, 0x0000000716200000| Untracked 
| 203|0x0000000716300000, 0x0000000716300000, 0x0000000716400000|  0%| F|  |TAMS 0x0000000716300000, 0x0000000716300000| Untracked 
| 204|0x0000000716400000, 0x0000000716400000, 0x0000000716500000|  0%| F|  |TAMS 0x0000000716400000, 0x0000000716400000| Untracked 
| 205|0x0000000716500000, 0x0000000716500000, 0x0000000716600000|  0%| F|  |TAMS 0x0000000716500000, 0x0000000716500000| Untracked 
| 206|0x0000000716600000, 0x0000000716600000, 0x0000000716700000|  0%| F|  |TAMS 0x0000000716600000, 0x0000000716600000| Untracked 
| 207|0x0000000716700000, 0x00000007167b7dc8, 0x0000000716800000| 71%| E|  |TAMS 0x0000000716700000, 0x0000000716700000| Complete 
| 208|0x0000000716800000, 0x0000000716900000, 0x0000000716900000|100%| E|CS|TAMS 0x0000000716800000, 0x0000000716800000| Complete 
| 209|0x0000000716900000, 0x0000000716a00000, 0x0000000716a00000|100%| E|CS|TAMS 0x0000000716900000, 0x0000000716900000| Complete 
| 210|0x0000000716a00000, 0x0000000716b00000, 0x0000000716b00000|100%| E|CS|TAMS 0x0000000716a00000, 0x0000000716a00000| Complete 
| 211|0x0000000716b00000, 0x0000000716c00000, 0x0000000716c00000|100%| E|CS|TAMS 0x0000000716b00000, 0x0000000716b00000| Complete 
| 212|0x0000000716c00000, 0x0000000716d00000, 0x0000000716d00000|100%| E|CS|TAMS 0x0000000716c00000, 0x0000000716c00000| Complete 
| 213|0x0000000716d00000, 0x0000000716e00000, 0x0000000716e00000|100%| E|CS|TAMS 0x0000000716d00000, 0x0000000716d00000| Complete 
| 214|0x0000000716e00000, 0x0000000716f00000, 0x0000000716f00000|100%| E|CS|TAMS 0x0000000716e00000, 0x0000000716e00000| Complete 
| 215|0x0000000716f00000, 0x0000000717000000, 0x0000000717000000|100%| E|CS|TAMS 0x0000000716f00000, 0x0000000716f00000| Complete 
| 216|0x0000000717000000, 0x0000000717100000, 0x0000000717100000|100%| E|CS|TAMS 0x0000000717000000, 0x0000000717000000| Complete 
| 217|0x0000000717100000, 0x0000000717200000, 0x0000000717200000|100%| E|CS|TAMS 0x0000000717100000, 0x0000000717100000| Complete 
| 218|0x0000000717200000, 0x0000000717300000, 0x0000000717300000|100%| E|CS|TAMS 0x0000000717200000, 0x0000000717200000| Complete 
| 219|0x0000000717300000, 0x0000000717400000, 0x0000000717400000|100%| E|CS|TAMS 0x0000000717300000, 0x0000000717300000| Complete 
| 220|0x0000000717400000, 0x0000000717500000, 0x0000000717500000|100%| E|CS|TAMS 0x0000000717400000, 0x0000000717400000| Complete 
| 221|0x0000000717500000, 0x0000000717600000, 0x0000000717600000|100%| E|CS|TAMS 0x0000000717500000, 0x0000000717500000| Complete 
| 222|0x0000000717600000, 0x0000000717700000, 0x0000000717700000|100%| E|CS|TAMS 0x0000000717600000, 0x0000000717600000| Complete 
| 223|0x0000000717700000, 0x0000000717800000, 0x0000000717800000|100%| E|CS|TAMS 0x0000000717700000, 0x0000000717700000| Complete 
| 224|0x0000000717800000, 0x0000000717900000, 0x0000000717900000|100%| E|CS|TAMS 0x0000000717800000, 0x0000000717800000| Complete 
| 225|0x0000000717900000, 0x0000000717a00000, 0x0000000717a00000|100%| E|CS|TAMS 0x0000000717900000, 0x0000000717900000| Complete 
| 226|0x0000000717a00000, 0x0000000717b00000, 0x0000000717b00000|100%| E|CS|TAMS 0x0000000717a00000, 0x0000000717a00000| Complete 
| 227|0x0000000717b00000, 0x0000000717c00000, 0x0000000717c00000|100%| E|CS|TAMS 0x0000000717b00000, 0x0000000717b00000| Complete 
| 228|0x0000000717c00000, 0x0000000717d00000, 0x0000000717d00000|100%| E|CS|TAMS 0x0000000717c00000, 0x0000000717c00000| Complete 
| 229|0x0000000717d00000, 0x0000000717e00000, 0x0000000717e00000|100%| E|CS|TAMS 0x0000000717d00000, 0x0000000717d00000| Complete 
| 230|0x0000000717e00000, 0x0000000717f00000, 0x0000000717f00000|100%| E|CS|TAMS 0x0000000717e00000, 0x0000000717e00000| Complete 
| 231|0x0000000717f00000, 0x0000000718000000, 0x0000000718000000|100%| E|CS|TAMS 0x0000000717f00000, 0x0000000717f00000| Complete 
| 232|0x0000000718000000, 0x0000000718100000, 0x0000000718100000|100%| E|CS|TAMS 0x0000000718000000, 0x0000000718000000| Complete 
| 233|0x0000000718100000, 0x0000000718200000, 0x0000000718200000|100%| E|CS|TAMS 0x0000000718100000, 0x0000000718100000| Complete 
| 234|0x0000000718200000, 0x0000000718300000, 0x0000000718300000|100%| E|CS|TAMS 0x0000000718200000, 0x0000000718200000| Complete 
| 235|0x0000000718300000, 0x0000000718400000, 0x0000000718400000|100%| E|CS|TAMS 0x0000000718300000, 0x0000000718300000| Complete 
| 236|0x0000000718400000, 0x0000000718500000, 0x0000000718500000|100%| E|CS|TAMS 0x0000000718400000, 0x0000000718400000| Complete 
| 237|0x0000000718500000, 0x0000000718600000, 0x0000000718600000|100%| E|CS|TAMS 0x0000000718500000, 0x0000000718500000| Complete 
| 238|0x0000000718600000, 0x0000000718700000, 0x0000000718700000|100%| E|CS|TAMS 0x0000000718600000, 0x0000000718600000| Complete 
| 239|0x0000000718700000, 0x0000000718800000, 0x0000000718800000|100%| E|CS|TAMS 0x0000000718700000, 0x0000000718700000| Complete 
| 240|0x0000000718800000, 0x0000000718900000, 0x0000000718900000|100%| E|CS|TAMS 0x0000000718800000, 0x0000000718800000| Complete 
| 241|0x0000000718900000, 0x0000000718a00000, 0x0000000718a00000|100%| E|CS|TAMS 0x0000000718900000, 0x0000000718900000| Complete 
| 242|0x0000000718a00000, 0x0000000718b00000, 0x0000000718b00000|100%| E|CS|TAMS 0x0000000718a00000, 0x0000000718a00000| Complete 
| 243|0x0000000718b00000, 0x0000000718c00000, 0x0000000718c00000|100%| E|CS|TAMS 0x0000000718b00000, 0x0000000718b00000| Complete 
| 244|0x0000000718c00000, 0x0000000718d00000, 0x0000000718d00000|100%| E|CS|TAMS 0x0000000718c00000, 0x0000000718c00000| Complete 
| 245|0x0000000718d00000, 0x0000000718e00000, 0x0000000718e00000|100%| E|CS|TAMS 0x0000000718d00000, 0x0000000718d00000| Complete 
| 246|0x0000000718e00000, 0x0000000718f00000, 0x0000000718f00000|100%| E|CS|TAMS 0x0000000718e00000, 0x0000000718e00000| Complete 
| 247|0x0000000718f00000, 0x0000000719000000, 0x0000000719000000|100%| E|CS|TAMS 0x0000000718f00000, 0x0000000718f00000| Complete 

Card table byte_map: [0x00000202b13a0000,0x00000202b1b60000] _byte_map_base: 0x00000202adb54000

Marking Bits (Prev, Next): (CMBitMap*) 0x00000202972e4690, (CMBitMap*) 0x00000202972e4658
 Prev Bits: [0x00000202b60c0000, 0x00000202b9e60000)
 Next Bits: [0x00000202b2320000, 0x00000202b60c0000)

Polling page: 0x0000020297150000

Metaspace:

Usage:
  Non-class:     22.15 MB capacity,    21.95 MB (>99%) used,   169.72 KB ( <1%) free+waste,    32.50 KB ( <1%) overhead. 
      Class:      2.18 MB capacity,     2.09 MB ( 96%) used,    77.52 KB (  3%) free+waste,    12.06 KB ( <1%) overhead. 
       Both:     24.33 MB capacity,    24.05 MB ( 99%) used,   247.23 KB ( <1%) free+waste,    44.56 KB ( <1%) overhead. 

Virtual space:
  Non-class space:       24.00 MB reserved,      22.42 MB ( 93%) committed 
      Class space:        1.00 GB reserved,       2.25 MB ( <1%) committed 
             Both:        1.02 GB reserved,      24.67 MB (  2%) committed 

Chunk freelists:
   Non-Class:  84.00 KB
       Class:  9.00 KB
        Both:  93.00 KB

MaxMetaspaceSize: 17179869184.00 GB
CompressedClassSpaceSize: 1.00 GB
Initial GC threshold: 20.80 MB
Current GC threshold: 35.08 MB
CDS: off

CodeHeap 'non-profiled nmethods': size=120000Kb used=1993Kb max_used=1993Kb free=118006Kb
 bounds [0x00000202a8c50000, 0x00000202a8ec0000, 0x00000202b0180000]
CodeHeap 'profiled nmethods': size=120000Kb used=6325Kb max_used=6325Kb free=113674Kb
 bounds [0x00000202a1720000, 0x00000202a1d50000, 0x00000202a8c50000]
CodeHeap 'non-nmethods': size=5760Kb used=1689Kb max_used=1729Kb free=4070Kb
 bounds [0x00000202a1180000, 0x00000202a13f0000, 0x00000202a1720000]
 total_blobs=4148 nmethods=3031 adapters=1029
 compilation: enabled
              stopped_count=0, restarted_count=0
 full_count=0

Compilation events (20 events):
Event: 18.445 Thread 0x00000202bc9dd800 nmethod 3026 0x00000202a1d47290 code [0x00000202a1d47560, 0x00000202a1d48268]
Event: 18.783 Thread 0x00000202bc9dd800 3027       1       java.net.URI::getScheme (5 bytes)
Event: 18.783 Thread 0x00000202bc9dd800 nmethod 3027 0x00000202a8e41790 code [0x00000202a8e41940, 0x00000202a8e419f8]
Event: 18.851 Thread 0x00000202bc9dd800 3028       1       java.net.URI::getHost (5 bytes)
Event: 18.851 Thread 0x00000202bc9dd800 nmethod 3028 0x00000202a8e41a90 code [0x00000202a8e41c40, 0x00000202a8e41cf8]
Event: 18.852 Thread 0x00000202bc9dd800 3029   !   3       java.net.AbstractPlainSocketImpl::acquireFD (29 bytes)
Event: 18.852 Thread 0x00000202bc9dd800 nmethod 3029 0x00000202a1d48710 code [0x00000202a1d488c0, 0x00000202a1d48b98]
Event: 18.852 Thread 0x00000202bc9dd800 3030       3       java.lang.invoke.VarForm::getMemberName (21 bytes)
Event: 18.852 Thread 0x00000202bc9dd800 nmethod 3030 0x00000202a1d48c90 code [0x00000202a1d48e60, 0x00000202a1d490a8]
Event: 18.922 Thread 0x00000202bc9dd800 3031   !   3       java.net.AbstractPlainSocketImpl::releaseFD (74 bytes)
Event: 18.923 Thread 0x00000202bc9dd800 nmethod 3031 0x00000202a1d49210 code [0x00000202a1d49440, 0x00000202a1d49f78]
Event: 19.023 Thread 0x00000202bc9d9000 3032       4       java.lang.CharacterDataLatin1::getProperties (11 bytes)
Event: 19.023 Thread 0x00000202bc9d9000 nmethod 3032 0x00000202a8e41d90 code [0x00000202a8e41f20, 0x00000202a8e41fb8]
Event: 19.072 Thread 0x00000202bc9dd800 3033       3       java.util.concurrent.locks.AbstractQueuedSynchronizer::compareAndSetState (10 bytes)
Event: 19.073 Thread 0x00000202bc9dd800 nmethod 3033 0x00000202a1d4a310 code [0x00000202a1d4a520, 0x00000202a1d4ac58]
Event: 19.073 Thread 0x00000202bc9dd800 3034       3       java.lang.invoke.VarHandleGuards::guard_LII_Z (70 bytes)
Event: 19.075 Thread 0x00000202bc9dd800 nmethod 3034 0x00000202a1d4ae90 code [0x00000202a1d4b140, 0x00000202a1d4c208]
Event: 19.075 Thread 0x00000202bc9dd800 3035       3       java.util.concurrent.locks.ReentrantLock$Sync::nonfairTryAcquire (67 bytes)
Event: 19.076 Thread 0x00000202bc9dd800 nmethod 3035 0x00000202a1d4c790 code [0x00000202a1d4c9e0, 0x00000202a1d4d448]
Event: 19.259 Thread 0x00000202bc9d9000 3037       4       com.badlogic.gdx.graphics.g2d.NinePatch::set (117 bytes)

GC Heap History (8 events):
Event: 1.746 GC heap before
{Heap before GC invocations=0 (full 0):
 garbage-first heap   total 253952K, used 23552K [0x0000000709800000, 0x0000000800000000)
  region size 1024K, 24 young (24576K), 0 survivors (0K)
 Metaspace       used 12232K, capacity 12477K, committed 12800K, reserved 1060864K
  class space    used 867K, capacity 924K, committed 1024K, reserved 1048576K
}
Event: 1.751 GC heap after
{Heap after GC invocations=1 (full 0):
 garbage-first heap   total 253952K, used 2499K [0x0000000709800000, 0x0000000800000000)
  region size 1024K, 3 young (3072K), 3 survivors (3072K)
 Metaspace       used 12232K, capacity 12477K, committed 12800K, reserved 1060864K
  class space    used 867K, capacity 924K, committed 1024K, reserved 1048576K
}
Event: 5.547 GC heap before
{Heap before GC invocations=1 (full 0):
 garbage-first heap   total 253952K, used 27075K [0x0000000709800000, 0x0000000800000000)
  region size 1024K, 28 young (28672K), 3 survivors (3072K)
 Metaspace       used 20953K, capacity 21163K, committed 21296K, reserved 1069056K
  class space    used 1797K, capacity 1858K, committed 1920K, reserved 1048576K
}
Event: 5.563 GC heap after
{Heap after GC invocations=2 (full 0):
 garbage-first heap   total 253952K, used 5447K [0x0000000709800000, 0x0000000800000000)
  region size 1024K, 6 young (6144K), 6 survivors (6144K)
 Metaspace       used 20953K, capacity 21163K, committed 21296K, reserved 1069056K
  class space    used 1797K, capacity 1858K, committed 1920K, reserved 1048576K
}
Event: 7.458 GC heap before
{Heap before GC invocations=3 (full 0):
 garbage-first heap   total 253952K, used 54599K [0x0000000709800000, 0x0000000800000000)
  region size 1024K, 51 young (52224K), 6 survivors (6144K)
 Metaspace       used 23349K, capacity 23652K, committed 23856K, reserved 1071104K
  class space    used 2046K, capacity 2131K, committed 2176K, reserved 1048576K
}
Event: 7.475 GC heap after
{Heap after GC invocations=4 (full 0):
 garbage-first heap   total 253952K, used 13099K [0x0000000709800000, 0x0000000800000000)
  region size 1024K, 7 young (7168K), 7 survivors (7168K)
 Metaspace       used 23349K, capacity 23652K, committed 23856K, reserved 1071104K
  class space    used 2046K, capacity 2131K, committed 2176K, reserved 1048576K
}
Event: 15.305 GC heap before
{Heap before GC invocations=4 (full 0):
 garbage-first heap   total 253952K, used 115499K [0x0000000709800000, 0x0000000800000000)
  region size 1024K, 103 young (105472K), 7 survivors (7168K)
 Metaspace       used 24480K, capacity 24723K, committed 25008K, reserved 1073152K
  class space    used 2137K, capacity 2231K, committed 2304K, reserved 1048576K
}
Event: 15.317 GC heap after
{Heap after GC invocations=5 (full 0):
 garbage-first heap   total 253952K, used 19904K [0x0000000709800000, 0x0000000800000000)
  region size 1024K, 9 young (9216K), 9 survivors (9216K)
 Metaspace       used 24480K, capacity 24723K, committed 25008K, reserved 1073152K
  class space    used 2137K, capacity 2231K, committed 2304K, reserved 1048576K
}

Deoptimization events (20 events):
Event: 15.400 Thread 0x0000020297282800 DEOPT PACKING pc=0x00000202a1cf8bae sp=0x000000ede3efe7a0
Event: 15.400 Thread 0x0000020297282800 DEOPT UNPACKING pc=0x00000202a11ca95e sp=0x000000ede3efe148 mode 0
Event: 15.411 Thread 0x0000020297282800 DEOPT PACKING pc=0x00000202a1d03a60 sp=0x000000ede3efe8a0
Event: 15.411 Thread 0x0000020297282800 DEOPT UNPACKING pc=0x00000202a11ca95e sp=0x000000ede3efdd78 mode 0
Event: 15.643 Thread 0x0000020297282800 DEOPT PACKING pc=0x00000202a1d03a60 sp=0x000000ede3efe470
Event: 15.644 Thread 0x0000020297282800 DEOPT UNPACKING pc=0x00000202a11ca95e sp=0x000000ede3efd948 mode 0
Event: 15.766 Thread 0x0000020297282800 DEOPT PACKING pc=0x00000202a1cf8bae sp=0x000000ede3efe7a0
Event: 15.766 Thread 0x0000020297282800 DEOPT UNPACKING pc=0x00000202a11ca95e sp=0x000000ede3efe148 mode 0
Event: 15.877 Thread 0x0000020297282800 DEOPT PACKING pc=0x00000202a1d03a60 sp=0x000000ede3efe470
Event: 15.877 Thread 0x0000020297282800 DEOPT UNPACKING pc=0x00000202a11ca95e sp=0x000000ede3efd948 mode 0
Event: 16.100 Thread 0x0000020297282800 DEOPT PACKING pc=0x00000202a1cf8bae sp=0x000000ede3efe7a0
Event: 16.100 Thread 0x0000020297282800 DEOPT UNPACKING pc=0x00000202a11ca95e sp=0x000000ede3efe148 mode 0
Event: 16.467 Thread 0x0000020297282800 DEOPT PACKING pc=0x00000202a1cf8bae sp=0x000000ede3efe7a0
Event: 16.467 Thread 0x0000020297282800 DEOPT UNPACKING pc=0x00000202a11ca95e sp=0x000000ede3efe148 mode 0
Event: 16.832 Thread 0x0000020297282800 DEOPT PACKING pc=0x00000202a1cf8bae sp=0x000000ede3efe7a0
Event: 16.832 Thread 0x0000020297282800 DEOPT UNPACKING pc=0x00000202a11ca95e sp=0x000000ede3efe148 mode 0
Event: 17.183 Thread 0x0000020297282800 DEOPT PACKING pc=0x00000202a1cf8bae sp=0x000000ede3efe7a0
Event: 17.183 Thread 0x0000020297282800 DEOPT UNPACKING pc=0x00000202a11ca95e sp=0x000000ede3efe148 mode 0
Event: 17.549 Thread 0x0000020297282800 DEOPT PACKING pc=0x00000202a1cf8bae sp=0x000000ede3efe7a0
Event: 17.549 Thread 0x0000020297282800 DEOPT UNPACKING pc=0x00000202a11ca95e sp=0x000000ede3efe148 mode 0

Classes redefined (0 events):
No events

Internal exceptions (20 events):
Event: 1.070 Thread 0x0000020297282800 Exception <a 'java/security/PrivilegedActionException'{0x00000007182d87e8}> (0x00000007182d87e8) thrown at [./src/hotspot/share/prims/jvm.cpp, line 1306]
Event: 1.070 Thread 0x0000020297282800 Exception <a 'java/security/PrivilegedActionException'{0x00000007182d8ab8}> (0x00000007182d8ab8) thrown at [./src/hotspot/share/prims/jvm.cpp, line 1306]
Event: 1.452 Thread 0x0000020297282800 Exception <a 'sun/nio/fs/WindowsException'{0x0000000718164df8}> (0x0000000718164df8) thrown at [./src/hotspot/share/prims/jni.cpp, line 616]
Event: 1.452 Thread 0x0000020297282800 Exception <a 'sun/nio/fs/WindowsException'{0x00000007181651a8}> (0x00000007181651a8) thrown at [./src/hotspot/share/prims/jni.cpp, line 616]
Event: 1.456 Thread 0x0000020297282800 Exception <a 'sun/nio/fs/WindowsException'{0x000000071818e280}> (0x000000071818e280) thrown at [./src/hotspot/share/prims/jni.cpp, line 616]
Event: 1.456 Thread 0x0000020297282800 Exception <a 'sun/nio/fs/WindowsException'{0x000000071818e568}> (0x000000071818e568) thrown at [./src/hotspot/share/prims/jni.cpp, line 616]
Event: 1.792 Thread 0x0000020297282800 Exception <a 'java/security/PrivilegedActionException'{0x0000000718e40700}> (0x0000000718e40700) thrown at [./src/hotspot/share/prims/jvm.cpp, line 1306]
Event: 1.792 Thread 0x0000020297282800 Exception <a 'java/security/PrivilegedActionException'{0x0000000718e409d0}> (0x0000000718e409d0) thrown at [./src/hotspot/share/prims/jvm.cpp, line 1306]
Event: 1.796 Thread 0x0000020297282800 Exception <a 'java/security/PrivilegedActionException'{0x0000000718e7a100}> (0x0000000718e7a100) thrown at [./src/hotspot/share/prims/jvm.cpp, line 1306]
Event: 1.796 Thread 0x0000020297282800 Exception <a 'java/security/PrivilegedActionException'{0x0000000718e7a3d0}> (0x0000000718e7a3d0) thrown at [./src/hotspot/share/prims/jvm.cpp, line 1306]
Event: 1.984 Thread 0x0000020297282800 Exception <a 'java/security/PrivilegedActionException'{0x0000000718b69460}> (0x0000000718b69460) thrown at [./src/hotspot/share/prims/jvm.cpp, line 1306]
Event: 1.984 Thread 0x0000020297282800 Exception <a 'java/security/PrivilegedActionException'{0x0000000718b69730}> (0x0000000718b69730) thrown at [./src/hotspot/share/prims/jvm.cpp, line 1306]
Event: 4.320 Thread 0x00000202c9468800 Implicit null exception at 0x00000202a8cba2fc to 0x00000202a8cba41c
Event: 4.434 Thread 0x0000020297282800 Exception <a 'java/lang/NoSuchMethodError'{0x00000007181342c8}: 'java.lang.Object java.lang.invoke.DirectMethodHandle$Holder.invokeStaticInit(java.lang.Object, int, int, int, int)'> (0x00000007181342c8) thrown at [./src/hotspot/share/interpreter/linkResolver.cpp, line 773]
Event: 4.436 Thread 0x0000020297282800 Exception <a 'sun/nio/fs/WindowsException'{0x000000071813a160}> (0x000000071813a160) thrown at [./src/hotspot/share/prims/jni.cpp, line 616]
Event: 4.452 Thread 0x0000020297282800 Exception <a 'java/lang/NoSuchMethodError'{0x000000071815b768}: 'int java.lang.invoke.DirectMethodHandle$Holder.invokeStaticInit(java.lang.Object, java.lang.Object, java.lang.Object, java.lang.Object)'> (0x000000071815b768) thrown at [./src/hotspot/share/interpreter/linkResolver.cpp, line 773]
Event: 4.455 Thread 0x0000020297282800 Exception <a 'java/lang/IncompatibleClassChangeError'{0x0000000718164f18}: Found class java.lang.Object, but interface was expected> (0x0000000718164f18) thrown at [./src/hotspot/share/interpreter/linkResolver.cpp, line 839]
Event: 4.456 Thread 0x0000020297282800 Exception <a 'java/lang/NoSuchMethodError'{0x0000000718167e60}: 'void java.lang.invoke.DirectMethodHandle$Holder.invokeStaticInit(java.lang.Object, java.lang.Object)'> (0x0000000718167e60) thrown at [./src/hotspot/share/interpreter/linkResolver.cpp, line 773]
Event: 4.459 Thread 0x0000020297282800 Exception <a 'java/lang/NoSuchMethodError'{0x000000071816d800}: 'int java.lang.invoke.DirectMethodHandle$Holder.invokeStaticInit(java.lang.Object, java.lang.Object)'> (0x000000071816d800) thrown at [./src/hotspot/share/interpreter/linkResolver.cpp, line 773]
Event: 4.996 Thread 0x0000020297282800 Exception <a 'java/lang/NoSuchMethodError'{0x0000000717add128}: 'java.lang.Object java.lang.invoke.DirectMethodHandle$Holder.invokeStaticInit(java.lang.Object, java.lang.Object, int, int, int, int)'> (0x0000000717add128) thrown at [./src/hotspot/share/interpreter/linkResolver.cpp, line 773]

Events (20 events):
Event: 17.109 Executing VM operation: RevokeBias
Event: 17.109 Executing VM operation: RevokeBias done
Event: 17.109 Executing VM operation: RevokeBias
Event: 17.110 Executing VM operation: RevokeBias done
Event: 17.110 Executing VM operation: RevokeBias
Event: 17.110 Executing VM operation: RevokeBias done
Event: 17.110 Executing VM operation: RevokeBias
Event: 17.110 Executing VM operation: RevokeBias done
Event: 17.110 Executing VM operation: RevokeBias
Event: 17.110 Executing VM operation: RevokeBias done
Event: 17.110 loading class javax/crypto/AEADBadTagException
Event: 17.110 loading class javax/crypto/AEADBadTagException done
Event: 17.111 Executing VM operation: RevokeBias
Event: 17.111 Executing VM operation: RevokeBias done
Event: 17.132 Loaded shared library C:\Users\caspe\AppData\Local\Temp\lwjglcaspe\3.2.3-build-13\lwjgl_opengl.dll
Event: 17.136 Loaded shared library C:\Users\caspe\AppData\Local\Temp\lwjglcaspe\3.2.3-build-13\lwjgl_opengl.dll
Event: 17.466 Thread 0x00000202e7e69000 Thread added: 0x00000202e7e69000
Event: 18.065 Thread 0x00000202e7e69000 Thread exited: 0x00000202e7e69000
Event: 18.883 loading class com/badlogic/gdx/backends/lwjgl3/Lwjgl3Cursor
Event: 18.883 loading class com/badlogic/gdx/backends/lwjgl3/Lwjgl3Cursor done


Dynamic libraries:
0x00007ff79f080000 - 0x00007ff79f08d000 	C:\Program Files\Eclipse Adoptium\jdk-11.0.13.8-hotspot\bin\java.exe
0x00007ffc40e30000 - 0x00007ffc41025000 	C:\WINDOWS\SYSTEM32\ntdll.dll
0x00007ffc40d30000 - 0x00007ffc40ded000 	C:\WINDOWS\System32\KERNEL32.DLL
0x00007ffc3e9e0000 - 0x00007ffc3ecad000 	C:\WINDOWS\System32\KERNELBASE.dll
0x00007ffc3e540000 - 0x00007ffc3e640000 	C:\WINDOWS\System32\ucrtbase.dll
0x00007ffc1eeb0000 - 0x00007ffc1eec7000 	C:\Program Files\Eclipse Adoptium\jdk-11.0.13.8-hotspot\bin\jli.dll
0x00007ffc21c50000 - 0x00007ffc21c65000 	C:\Program Files\Eclipse Adoptium\jdk-11.0.13.8-hotspot\bin\VCRUNTIME140.dll
0x00007ffc3ee80000 - 0x00007ffc3f020000 	C:\WINDOWS\System32\USER32.dll
0x00007ffc3e910000 - 0x00007ffc3e932000 	C:\WINDOWS\System32\win32u.dll
0x00007ffc315e0000 - 0x00007ffc3187a000 	C:\WINDOWS\WinSxS\amd64_microsoft.windows.common-controls_6595b64144ccf1df_6.0.19041.1110_none_60b5254171f9507e\COMCTL32.dll
0x00007ffc3f160000 - 0x00007ffc3f18a000 	C:\WINDOWS\System32\GDI32.dll
0x00007ffc3ed00000 - 0x00007ffc3ee0b000 	C:\WINDOWS\System32\gdi32full.dll
0x00007ffc40400000 - 0x00007ffc4049e000 	C:\WINDOWS\System32\msvcrt.dll
0x00007ffc3e940000 - 0x00007ffc3e9dd000 	C:\WINDOWS\System32\msvcp_win.dll
0x00007ffc40070000 - 0x00007ffc400a0000 	C:\WINDOWS\System32\IMM32.DLL
0x00007ffc123a0000 - 0x00007ffc1243b000 	C:\Program Files\Eclipse Adoptium\jdk-11.0.13.8-hotspot\bin\msvcp140.dll
0x00007ffbe65a0000 - 0x00007ffbe711e000 	C:\Program Files\Eclipse Adoptium\jdk-11.0.13.8-hotspot\bin\server\jvm.dll
0x00007ffc40c80000 - 0x00007ffc40d2e000 	C:\WINDOWS\System32\ADVAPI32.dll
0x00007ffc3f2b0000 - 0x00007ffc3f34c000 	C:\WINDOWS\System32\sechost.dll
0x00007ffc3fe20000 - 0x00007ffc3ff45000 	C:\WINDOWS\System32\RPCRT4.dll
0x00007ffc404a0000 - 0x00007ffc404a8000 	C:\WINDOWS\System32\PSAPI.DLL
0x00007ffc371a0000 - 0x00007ffc371aa000 	C:\WINDOWS\SYSTEM32\VERSION.dll
0x00007ffc24360000 - 0x00007ffc24369000 	C:\WINDOWS\SYSTEM32\WSOCK32.dll
0x00007ffc3fb40000 - 0x00007ffc3fbab000 	C:\WINDOWS\System32\WS2_32.dll
0x00007ffc33d60000 - 0x00007ffc33d87000 	C:\WINDOWS\SYSTEM32\WINMM.dll
0x00007ffc3c440000 - 0x00007ffc3c452000 	C:\WINDOWS\SYSTEM32\kernel.appcore.dll
0x00007ffc308e0000 - 0x00007ffc308f0000 	C:\Program Files\Eclipse Adoptium\jdk-11.0.13.8-hotspot\bin\verify.dll
0x00007ffc35d90000 - 0x00007ffc35f74000 	C:\WINDOWS\SYSTEM32\DBGHELP.DLL
0x00007ffc2ef60000 - 0x00007ffc2ef8c000 	C:\WINDOWS\SYSTEM32\dbgcore.DLL
0x00007ffc3e7d0000 - 0x00007ffc3e852000 	C:\WINDOWS\System32\bcryptPrimitives.dll
0x00007ffc1e400000 - 0x00007ffc1e428000 	C:\Program Files\Eclipse Adoptium\jdk-11.0.13.8-hotspot\bin\java.dll
0x00007ffc307d0000 - 0x00007ffc307da000 	C:\Program Files\Eclipse Adoptium\jdk-11.0.13.8-hotspot\bin\jimage.dll
0x00007ffc1c840000 - 0x00007ffc1c857000 	C:\Program Files\Eclipse Adoptium\jdk-11.0.13.8-hotspot\bin\zip.dll
0x00007ffc404b0000 - 0x00007ffc40bf4000 	C:\WINDOWS\System32\SHELL32.dll
0x00007ffc3c640000 - 0x00007ffc3cdd4000 	C:\WINDOWS\SYSTEM32\windows.storage.dll
0x00007ffc400a0000 - 0x00007ffc403f4000 	C:\WINDOWS\System32\combase.dll
0x00007ffc3df30000 - 0x00007ffc3df5c000 	C:\WINDOWS\SYSTEM32\Wldp.dll
0x00007ffc3f0b0000 - 0x00007ffc3f15d000 	C:\WINDOWS\System32\SHCORE.dll
0x00007ffc3fbb0000 - 0x00007ffc3fc05000 	C:\WINDOWS\System32\shlwapi.dll
0x00007ffc3e480000 - 0x00007ffc3e49f000 	C:\WINDOWS\SYSTEM32\profapi.dll
0x00007ffc1c6f0000 - 0x00007ffc1c709000 	C:\Program Files\Eclipse Adoptium\jdk-11.0.13.8-hotspot\bin\net.dll
0x00007ffc2ff50000 - 0x00007ffc3005a000 	C:\WINDOWS\SYSTEM32\WINHTTP.dll
0x00007ffc3dc30000 - 0x00007ffc3dc9a000 	C:\WINDOWS\system32\mswsock.dll
0x00007ffc1c370000 - 0x00007ffc1c382000 	C:\Program Files\Eclipse Adoptium\jdk-11.0.13.8-hotspot\bin\nio.dll
0x000000006e700000 - 0x000000006e72a000 	C:\Users\caspe\AppData\Local\Temp\libgdxcaspe\e1cd32f8\gdx64.dll
0x00007ffc217f0000 - 0x00007ffc21854000 	C:\Users\caspe\AppData\Local\Temp\lwjglcaspe\3.2.3-build-13\lwjgl.dll
0x00007ffc08630000 - 0x00007ffc08883000 	C:\Users\caspe\AppData\Local\Temp\lwjglcaspe\3.2.3-build-13\jemalloc.dll
0x00007ffc21780000 - 0x00007ffc217e2000 	C:\Users\caspe\AppData\Local\Temp\lwjglcaspe\3.2.3-build-13\glfw.dll
0x00007ffc3bf60000 - 0x00007ffc3bffe000 	C:\WINDOWS\system32\uxtheme.dll
0x00007ffc1f030000 - 0x00007ffc1f075000 	C:\WINDOWS\SYSTEM32\dinput8.dll
0x00007ffc307b0000 - 0x00007ffc307c1000 	C:\WINDOWS\SYSTEM32\xinput1_4.dll
0x00007ffc3ecb0000 - 0x00007ffc3ecfe000 	C:\WINDOWS\System32\cfgmgr32.dll
0x00007ffc3e280000 - 0x00007ffc3e2ac000 	C:\WINDOWS\SYSTEM32\DEVOBJ.dll
0x00007ffc3c150000 - 0x00007ffc3c17f000 	C:\WINDOWS\SYSTEM32\dwmapi.dll
0x00007ffc2b7d0000 - 0x00007ffc2b922000 	C:\WINDOWS\SYSTEM32\inputhost.dll
0x00007ffc3f9e0000 - 0x00007ffc3faad000 	C:\WINDOWS\System32\OLEAUT32.dll
0x00007ffc3bb50000 - 0x00007ffc3bc42000 	C:\WINDOWS\SYSTEM32\CoreMessaging.dll
0x00007ffc3a0f0000 - 0x00007ffc3a1e6000 	C:\WINDOWS\SYSTEM32\PROPSYS.dll
0x00007ffc3a490000 - 0x00007ffc3a5e4000 	C:\WINDOWS\SYSTEM32\wintypes.dll
0x00007ffc3b470000 - 0x00007ffc3b7ce000 	C:\WINDOWS\SYSTEM32\CoreUIComponents.dll
0x00007ffc3d240000 - 0x00007ffc3d273000 	C:\WINDOWS\SYSTEM32\ntmarta.dll
0x00007ffc3f190000 - 0x00007ffc3f2a5000 	C:\WINDOWS\System32\MSCTF.dll
0x00007ffc3cde0000 - 0x00007ffc3cded000 	C:\WINDOWS\SYSTEM32\HID.DLL
0x00007ffc3f560000 - 0x00007ffc3f9d1000 	C:\WINDOWS\System32\SETUPAPI.DLL
0x00007ffc3e640000 - 0x00007ffc3e667000 	C:\WINDOWS\System32\bcrypt.dll
0x00007ffc3ee10000 - 0x00007ffc3ee78000 	C:\WINDOWS\System32\WINTRUST.dll
0x00007ffc3e670000 - 0x00007ffc3e7c6000 	C:\WINDOWS\System32\CRYPT32.dll
0x00007ffc3e0c0000 - 0x00007ffc3e0d2000 	C:\WINDOWS\SYSTEM32\MSASN1.dll
0x00007ffc0ae60000 - 0x00007ffc0af6b000 	C:\Users\caspe\AppData\Local\Temp\lwjglcaspe\3.2.3-build-13\OpenAL.dll
0x00007ffc3fc10000 - 0x00007ffc3fd3a000 	C:\WINDOWS\System32\ole32.dll
0x00007ffc3ff50000 - 0x00007ffc3fff9000 	C:\WINDOWS\System32\clbcatq.dll
0x00007ffc36ec0000 - 0x00007ffc36f45000 	C:\WINDOWS\System32\MMDevApi.dll
0x00007ffc37010000 - 0x00007ffc37192000 	C:\WINDOWS\SYSTEM32\AUDIOSES.DLL
0x00007ffc3e300000 - 0x00007ffc3e34b000 	C:\WINDOWS\SYSTEM32\powrprof.dll
0x00007ffc3e2e0000 - 0x00007ffc3e2f2000 	C:\WINDOWS\SYSTEM32\UMPDC.dll
0x00007ffc3c050000 - 0x00007ffc3c064000 	C:\WINDOWS\SYSTEM32\resourcepolicyclient.dll
0x00007ffbea150000 - 0x00007ffbea276000 	C:\WINDOWS\SYSTEM32\opengl32.dll
0x00007ffbe9ed0000 - 0x00007ffbe9efc000 	C:\WINDOWS\SYSTEM32\GLU32.dll
0x00007ffc37520000 - 0x00007ffc37617000 	C:\Windows\System32\AppXDeploymentClient.dll
0x00007ffc38c30000 - 0x00007ffc38c5c000 	C:\WINDOWS\System32\DriverStore\FileRepository\u0376209.inf_amd64_b3bdffadea4def3f\B374968\atig6pxx.dll
0x00007ffbd8d60000 - 0x00007ffbdbba3000 	C:\WINDOWS\System32\DriverStore\FileRepository\u0376209.inf_amd64_b3bdffadea4def3f\B374968\atio6axx.dll
0x00007ffc17280000 - 0x00007ffc172a4000 	C:\WINDOWS\SYSTEM32\dxva2.dll
0x00007ffc24030000 - 0x00007ffc2406f000 	C:\WINDOWS\System32\DriverStore\FileRepository\u0376209.inf_amd64_b3bdffadea4def3f\B374968\atig6txx.dll
0x00007ffbe9d00000 - 0x00007ffbe9ecc000 	C:\WINDOWS\SYSTEM32\atiadlxx.dll
0x00007ffc1da30000 - 0x00007ffc1da79000 	C:\WINDOWS\SYSTEM32\pdh.dll
0x00007ffc33ec0000 - 0x00007ffc33efb000 	C:\WINDOWS\SYSTEM32\dxcore.dll
0x00007ffc1eee0000 - 0x00007ffc1ef39000 	C:\Users\caspe\AppData\Local\Temp\lwjglcaspe\3.2.3-build-13\lwjgl_opengl.dll
0x00007ffc2bc90000 - 0x00007ffc2bd89000 	C:\WINDOWS\SYSTEM32\textinputframework.dll
0x00007ffc3a010000 - 0x00007ffc3a01e000 	C:\Program Files\Eclipse Adoptium\jdk-11.0.13.8-hotspot\bin\sunmscapi.dll
0x00007ffc3dfa0000 - 0x00007ffc3dfc7000 	C:\WINDOWS\SYSTEM32\ncrypt.dll
0x00007ffc3df60000 - 0x00007ffc3df9b000 	C:\WINDOWS\SYSTEM32\NTASN1.dll
0x00007ffc21b50000 - 0x00007ffc21b75000 	C:\Program Files\Eclipse Adoptium\jdk-11.0.13.8-hotspot\bin\sunec.dll
0x00007ffc3de30000 - 0x00007ffc3de48000 	C:\WINDOWS\SYSTEM32\CRYPTSP.dll
0x00007ffc3d5b0000 - 0x00007ffc3d5e4000 	C:\WINDOWS\system32\rsaenh.dll
0x00007ffc3e440000 - 0x00007ffc3e46e000 	C:\WINDOWS\SYSTEM32\USERENV.dll
0x00007ffc3de20000 - 0x00007ffc3de2c000 	C:\WINDOWS\SYSTEM32\CRYPTBASE.dll
0x00007ffc3d920000 - 0x00007ffc3d95b000 	C:\WINDOWS\SYSTEM32\IPHLPAPI.DLL
0x00007ffc40000000 - 0x00007ffc40008000 	C:\WINDOWS\System32\NSI.dll
0x00007ffc33ea0000 - 0x00007ffc33eb7000 	C:\WINDOWS\SYSTEM32\dhcpcsvc6.DLL
0x00007ffc371b0000 - 0x00007ffc371cd000 	C:\WINDOWS\SYSTEM32\dhcpcsvc.DLL
0x00007ffc3d960000 - 0x00007ffc3da2b000 	C:\WINDOWS\SYSTEM32\DNSAPI.dll
0x00007ffc2dec0000 - 0x00007ffc2deca000 	C:\Windows\System32\rasadhlp.dll
0x00007ffc2f120000 - 0x00007ffc2f1a0000 	C:\WINDOWS\System32\fwpuclnt.dll
0x00007ffc28a00000 - 0x00007ffc28a11000 	C:\Program Files\Eclipse Adoptium\jdk-11.0.13.8-hotspot\bin\jsound.dll
0x00007ffc1c650000 - 0x00007ffc1c6ec000 	C:\WINDOWS\SYSTEM32\DSOUND.dll
0x00007ffc26e10000 - 0x00007ffc26e36000 	C:\WINDOWS\SYSTEM32\winmmbase.dll
0x00007ffc22290000 - 0x00007ffc222d6000 	C:\WINDOWS\SYSTEM32\wdmaud.drv
0x00007ffc384a0000 - 0x00007ffc384a9000 	C:\WINDOWS\SYSTEM32\ksuser.dll
0x00007ffc392d0000 - 0x00007ffc392da000 	C:\WINDOWS\SYSTEM32\AVRT.dll
0x00007ffc38a20000 - 0x00007ffc38a2d000 	C:\WINDOWS\SYSTEM32\msacm32.drv
0x00007ffc31550000 - 0x00007ffc3156e000 	C:\WINDOWS\SYSTEM32\MSACM32.dll
0x00007ffc30920000 - 0x00007ffc3092b000 	C:\WINDOWS\SYSTEM32\midimap.dll
0x00007ffc2b220000 - 0x00007ffc2b361000 	C:\Windows\System32\Windows.UI.dll
0x00007ffc38210000 - 0x00007ffc382b1000 	C:\Windows\System32\WindowManagementAPI.dll
0x00007ffc37ff0000 - 0x00007ffc381f1000 	C:\Windows\System32\twinapi.appcore.dll

dbghelp: loaded successfully - version: 4.0.5 - missing functions: none
symbol engine: initialized successfully - sym options: 0x614 - pdb path: .;C:\Program Files\Eclipse Adoptium\jdk-11.0.13.8-hotspot\bin;C:\WINDOWS\SYSTEM32;C:\WINDOWS\WinSxS\amd64_microsoft.windows.common-controls_6595b64144ccf1df_6.0.19041.1110_none_60b5254171f9507e;C:\Program Files\Eclipse Adoptium\jdk-11.0.13.8-hotspot\bin\server;C:\Users\caspe\AppData\Local\Temp\libgdxcaspe\e1cd32f8;C:\Users\caspe\AppData\Local\Temp\lwjglcaspe\3.2.3-build-13;C:\WINDOWS\System32\DriverStore\FileRepository\u0376209.inf_amd64_b3bdffadea4def3f\B374968

VM Arguments:
java_command: com.crazyputting3d.Main
java_class_path (initial): C:\Users\caspe\Desktop\Group-04\3dcrazyputting\desktop\bin\main;\CrazyPutting3D-core\bin\default;C:\Users\caspe\Desktop\Group-04\3dcrazyputting\core\bin\main;C:\Users\caspe\.gradle\caches\modules-2\files-2.1\com.badlogicgames.gdx\gdx-backend-lwjgl3\1.10.0\600c7d5b2c977daa82c4abad147087b31e0ada87\gdx-backend-lwjgl3-1.10.0.jar;C:\Users\caspe\.gradle\caches\modules-2\files-2.1\com.badlogicgames.gdx\gdx-platform\1.10.0\9a8fa793d2fd6d360afc6c9e4c1f5583da263b88\gdx-platform-1.10.0-natives-desktop.jar;C:\Users\caspe\.gradle\caches\modules-2\files-2.1\com.badlogicgames.gdx\gdx-bullet-platform\1.10.0\ce92e8dfc762523d769cbc50853163c03bf98cf1\gdx-bullet-platform-1.10.0-natives-desktop.jar;C:\Users\caspe\.gradle\caches\modules-2\files-2.1\com.badlogicgames.gdx\gdx-freetype-platform\1.10.0\6e5d28752759e69384f12e4569d2c884ff71352f\gdx-freetype-platform-1.10.0-natives-desktop.jar;C:\Users\caspe\.gradle\caches\modules-2\files-2.1\com.badlogicgames.gdx-controllers\gdx-controllers-desktop\2.2.1\cb3430c32468a090eca54d494d16bb3764ceff9b\gdx-controllers-desktop-2.2.1.jar;C:\Users\caspe\.gradle\caches\modules-2\files-2.1\org.jetbrains\annotations\20.1.0\2fcd1f3225bca0c4a7bc931142076f8c1e80993f\annotations-20.1.0.jar;C:\Users\caspe\.gradle\caches\modules-2\files-2.1\com.badlogicgames.gdx\gdx-bullet\1.10.0\839b58c7278f5c3b55291c3a559d91227400ecdb\gdx-bullet-1.10.0.jar;C:\Users\caspe\.gradle\caches\modules-2\files-2.1\com.badlogicgames.gdx\gdx-freetype\1.10.0\de1d0d5c1e92e8d91364256fd6b7bb279d3e9859\gdx-freetype-1.10.0.jar;C:\Users\caspe\.gradle\caches\modules-2\files-2.1\com.badlogicgames.gdx\gdx-ai\1.8.2\ab75d2ce80ab1b1ce6828a15dc0f417abac4c674\gdx-ai-1.8.2.jar;C:\Users\caspe\.gradle\caches\modules-2\files-2.1\com.badlogicgames.ashley\ashley\1.7.4\21a3a8932919099c4e5006a7d8378dcbe76ef8a5\ashley-1.7.4.jar;C:\Users\caspe\.gradle\caches\modules-2\files-2.1\com.badlogicgames.box2dlights\box2dlights\1.5\6902dbcd250c95a27973aa24a147a95b3828d348\box2dlights-1.5.jar;C
Launcher Type: SUN_STANDARD

[Global flags]
     intx CICompilerCount                          = 4                                         {product} {ergonomic}
     uint ConcGCThreads                            = 2                                         {product} {ergonomic}
     uint G1ConcRefinementThreads                  = 8                                         {product} {ergonomic}
   size_t G1HeapRegionSize                         = 1048576                                   {product} {ergonomic}
    uintx GCDrainStackTargetSize                   = 64                                        {product} {ergonomic}
   size_t InitialHeapSize                          = 260046848                                 {product} {ergonomic}
   size_t MarkStackSize                            = 4194304                                   {product} {ergonomic}
   size_t MaxHeapSize                              = 4135583744                                {product} {ergonomic}
   size_t MaxNewSize                               = 2480930816                                {product} {ergonomic}
   size_t MinHeapDeltaBytes                        = 1048576                                   {product} {ergonomic}
    uintx NonNMethodCodeHeapSize                   = 5836300                                {pd product} {ergonomic}
    uintx NonProfiledCodeHeapSize                  = 122910970                              {pd product} {ergonomic}
    uintx ProfiledCodeHeapSize                     = 122910970                              {pd product} {ergonomic}
    uintx ReservedCodeCacheSize                    = 251658240                              {pd product} {ergonomic}
     bool SegmentedCodeCache                       = true                                      {product} {ergonomic}
     bool UseCompressedClassPointers               = true                                 {lp64_product} {ergonomic}
     bool UseCompressedOops                        = true                                 {lp64_product} {ergonomic}
     bool UseG1GC                                  = true                                      {product} {ergonomic}
     bool UseLargePagesIndividualAllocation        = false                                  {pd product} {ergonomic}

Logging:
Log output configuration:
 #0: stdout all=warning uptime,level,tags
 #1: stderr all=off uptime,level,tags

Environment Variables:
JAVA_HOME=C:\Program Files\Eclipse Adoptium\jdk-11.0.13.8-hotspot
PATH=C:\Program Files\Eclipse Adoptium\jdk-11.0.13.8-hotspot\bin;C:\Program Files\Common Files\Oracle\Java\javapath;C:\WINDOWS\system32;C:\WINDOWS;C:\WINDOWS\System32\Wbem;C:\WINDOWS\System32\WindowsPowerShell\v1.0\;C:\WINDOWS\System32\OpenSSH\;C:\Program Files\Git\cmd;C:\Program Files\MATLAB\R2021b\bin;C:\Users\caspe\AppData\Local\Programs\Python\Python310\Scripts\;C:\Users\caspe\AppData\Local\Programs\Python\Python310\;C:\Users\caspe\AppData\Local\Microsoft\WindowsApps;C:\Users\caspe\AppData\Local\Programs\Microsoft VS Code\bin;C:\Users\caspe\AppData\Local\GitHubDesktop\bin;C:\Gradle\gradle-7.4.2\bin;
USERNAME=caspe
LANG=nl_NL.UTF-8
OS=Windows_NT
PROCESSOR_IDENTIFIER=AMD64 Family 23 Model 96 Stepping 1, AuthenticAMD



---------------  S Y S T E M  ---------------

OS: Windows 10 , 64 bit Build 19041 (10.0.19041.1706)
OS uptime: 2 days 22:06 hours

CPU:total 8 (initial active 8) (8 cores per cpu, 1 threads per core) family 23 model 96 stepping 1 microcode 0x0, cmov, cx8, fxsr, mmx, sse, sse2, sse3, ssse3, sse4.1, sse4.2, popcnt, avx, avx2, aes, clmul, mmxext, 3dnowpref, lzcnt, sse4a, tsc, tscinvbit, tscinv, bmi1, bmi2, adx, sha, fma

Memory: 4k page, system-wide physical 15771M (10047M free)
TotalPageFile size 18203M (AvailPageFile size 6389M)
current process WorkingSet (physical memory assigned to process): 581M, peak: 695M
current process commit charge ("private bytes"): 906M, peak: 1029M

vm_info: OpenJDK 64-Bit Server VM (11.0.13+8) for windows-amd64 JRE (11.0.13+8), built on Oct 19 2021 17:05:59 by "" with unknown MS VC++:1916

END.
