#
# A fatal error has been detected by the Java Runtime Environment:
#
#  EXCEPTION_ACCESS_VIOLATION (0xc0000005) at pc=0x000001ddd9a60000, pid=27312, tid=22324
#
# JRE version: OpenJDK Runtime Environment Temurin-17.0.1+12 (17.0.1+12) (build 17.0.1+12)
# Java VM: OpenJDK 64-Bit Server VM Temurin-17.0.1+12 (17.0.1+12, mixed mode, sharing, tiered, compressed oops, compressed class ptrs, g1 gc, windows-amd64)
# Problematic frame:
# C  0x000001ddd9a60000
#
# No core dump will be written. Minidumps are not enabled by default on client versions of Windows
#
# If you would like to submit a bug report, please visit:
#   https://github.com/adoptium/adoptium-support/issues
# The crash happened outside the Java Virtual Machine in native code.
# See problematic frame for where to report the bug.
#

---------------  S U M M A R Y ------------

Command Line: -XX:+ShowCodeDetailsInExceptionMessages com.crazyputting3d.Main

Host: AMD Ryzen 7 4800H with Radeon Graphics         , 16 cores, 15G,  Windows 10 , 64 bit Build 19041 (10.0.19041.1706)
Time: Fri Jun 17 17:15:52 2022 Central European Daylight Time elapsed time: 8.249584 seconds (0d 0h 0m 8s)

---------------  T H R E A D  ---------------

Current thread (0x000001ddd9ad3520):  JavaThread "main" [_thread_in_native, id=22324, stack(0x0000003ef0b00000,0x0000003ef0c00000)]

Stack: [0x0000003ef0b00000,0x0000003ef0c00000],  sp=0x0000003ef0bfee58,  free space=1019k
Native frames: (J=compiled Java code, j=interpreted, Vv=VM code, C=native code)
C  0x000001ddd9a60000

Java frames: (J=compiled Java code, j=interpreted, Vv=VM code)
J 1204  org.lwjgl.system.JNI.invokePV(JJ)V (0 bytes) @ 0x000001dde91ad9ec [0x000001dde91ad9a0+0x000000000000004c]
J 1989 c1 org.lwjgl.glfw.GLFW.glfwSwapBuffers(J)V (21 bytes) @ 0x000001dde206dfac [0x000001dde206dec0+0x00000000000000ec]
j  com.badlogic.gdx.backends.lwjgl3.Lwjgl3Window.update()Z+196
j  com.badlogic.gdx.backends.lwjgl3.Lwjgl3Application.loop()V+111
j  com.badlogic.gdx.backends.lwjgl3.Lwjgl3Application.<init>(Lcom/badlogic/gdx/ApplicationListener;Lcom/badlogic/gdx/backends/lwjgl3/Lwjgl3ApplicationConfiguration;)V+243
j  com.crazyputting3d.Main.main([Ljava/lang/String;)V+41
v  ~StubRoutines::call_stub

siginfo: EXCEPTION_ACCESS_VIOLATION (0xc0000005), data execution prevention violation at address 0x000001ddd9a60000


Register to memory mapping:

RIP=0x000001ddd9a60000 is an unknown value
RAX=0x000001ddd9a60000 is an unknown value
RBX=0x0000000000010001 is an unknown value
RCX=0x0000000000010001 is an unknown value
RDX=0x0000003ef0bfee90 is pointing into the stack for thread: 0x000001ddd9ad3520
RSP=0x0000003ef0bfee58 is pointing into the stack for thread: 0x000001ddd9ad3520
RBP=0x0000003ef0bfef60 is pointing into the stack for thread: 0x000001ddd9ad3520
RSI=0x0000000000000110 is an unknown value
RDI=0x0000000000000f63 is an unknown value
R8 =0x000001ddfe5d19d0 points into unknown readable memory: 0x000001dd8d2a2140 | 40 21 2a 8d dd 01 00 00
R9 =0x00007ffd853f1b50 glfw.dll
R10=0x00007ffd8a4f1b10 lwjgl.dll
R11=0x0000003ef0bff2c8 is pointing into the stack for thread: 0x000001ddd9ad3520
R12=0x0 is NULL
R13=0x0000003ef0bff3c8 is pointing into the stack for thread: 0x000001ddd9ad3520
R14=0x0000003ef0bff320 is pointing into the stack for thread: 0x000001ddd9ad3520
R15=0x000001ddd9ad3520 is a thread


Registers:
RAX=0x000001ddd9a60000, RBX=0x0000000000010001, RCX=0x0000000000010001, RDX=0x0000003ef0bfee90
RSP=0x0000003ef0bfee58, RBP=0x0000003ef0bfef60, RSI=0x0000000000000110, RDI=0x0000000000000f63
R8 =0x000001ddfe5d19d0, R9 =0x00007ffd853f1b50, R10=0x00007ffd8a4f1b10, R11=0x0000003ef0bff2c8
R12=0x0000000000000000, R13=0x0000003ef0bff3c8, R14=0x0000003ef0bff320, R15=0x000001ddd9ad3520
RIP=0x000001ddd9a60000, EFLAGS=0x0000000000010206

Top of Stack: (sp=0x0000003ef0bfee58)
0x0000003ef0bfee58:   00007ffd853f1f7c 000000070b178aa0
0x0000003ef0bfee68:   0000140600000002 0000000700000014
0x0000003ef0bfee78:   438c000041700000 000000070a0df0c8
0x0000003ef0bfee88:   000001dde1f071fc 57464c4720656854
0x0000003ef0bfee98:   7972617262696c20 20746f6e20736920
0x0000003ef0bfeea8:   696c616974696e69 0000003e0064657a
0x0000003ef0bfeeb8:   00007ffd800f5e62 000001ddd9ad3520
0x0000003ef0bfeec8:   0000000000000000 00000000000001cc
0x0000003ef0bfeed8:   0000003ef0bfeef0 0000000000000000
0x0000003ef0bfeee8:   000000006e7020f4 000001ddd9ad37c8
0x0000003ef0bfeef8:   00007ffd800f5481 000000070a0f41f8
0x0000003ef0bfef08:   000001dde91a8e85 0000000200000003
0x0000003ef0bfef18:   000000070a0df0e8 000000070a0f2ca8
0x0000003ef0bfef28:   000000070a0f34a8 0000000700000000
0x0000003ef0bfef38:   000000070b178aa0 0000000000000002
0x0000003ef0bfef48:   00007ffd22939d0a 0000003ef0bff2e0 

Instructions: (pc=0x000001ddd9a60000)
0x000001ddd9a5ff00:   ?? ?? ?? ?? ?? ?? ?? ?? ?? ?? ?? ?? ?? ?? ?? ??
0x000001ddd9a5ff10:   ?? ?? ?? ?? ?? ?? ?? ?? ?? ?? ?? ?? ?? ?? ?? ??
0x000001ddd9a5ff20:   ?? ?? ?? ?? ?? ?? ?? ?? ?? ?? ?? ?? ?? ?? ?? ??
0x000001ddd9a5ff30:   ?? ?? ?? ?? ?? ?? ?? ?? ?? ?? ?? ?? ?? ?? ?? ??
0x000001ddd9a5ff40:   ?? ?? ?? ?? ?? ?? ?? ?? ?? ?? ?? ?? ?? ?? ?? ??
0x000001ddd9a5ff50:   ?? ?? ?? ?? ?? ?? ?? ?? ?? ?? ?? ?? ?? ?? ?? ??
0x000001ddd9a5ff60:   ?? ?? ?? ?? ?? ?? ?? ?? ?? ?? ?? ?? ?? ?? ?? ??
0x000001ddd9a5ff70:   ?? ?? ?? ?? ?? ?? ?? ?? ?? ?? ?? ?? ?? ?? ?? ??
0x000001ddd9a5ff80:   ?? ?? ?? ?? ?? ?? ?? ?? ?? ?? ?? ?? ?? ?? ?? ??
0x000001ddd9a5ff90:   ?? ?? ?? ?? ?? ?? ?? ?? ?? ?? ?? ?? ?? ?? ?? ??
0x000001ddd9a5ffa0:   ?? ?? ?? ?? ?? ?? ?? ?? ?? ?? ?? ?? ?? ?? ?? ??
0x000001ddd9a5ffb0:   ?? ?? ?? ?? ?? ?? ?? ?? ?? ?? ?? ?? ?? ?? ?? ??
0x000001ddd9a5ffc0:   ?? ?? ?? ?? ?? ?? ?? ?? ?? ?? ?? ?? ?? ?? ?? ??
0x000001ddd9a5ffd0:   ?? ?? ?? ?? ?? ?? ?? ?? ?? ?? ?? ?? ?? ?? ?? ??
0x000001ddd9a5ffe0:   ?? ?? ?? ?? ?? ?? ?? ?? ?? ?? ?? ?? ?? ?? ?? ??
0x000001ddd9a5fff0:   ?? ?? ?? ?? ?? ?? ?? ?? ?? ?? ?? ?? ?? ?? ?? ??
0x000001ddd9a60000:   ?? ?? ?? ?? ?? ?? ?? ?? ?? ?? ?? ?? ?? ?? ?? ??
0x000001ddd9a60010:   ?? ?? ?? ?? ?? ?? ?? ?? ?? ?? ?? ?? ?? ?? ?? ??
0x000001ddd9a60020:   ?? ?? ?? ?? ?? ?? ?? ?? ?? ?? ?? ?? ?? ?? ?? ??
0x000001ddd9a60030:   ?? ?? ?? ?? ?? ?? ?? ?? ?? ?? ?? ?? ?? ?? ?? ??
0x000001ddd9a60040:   ?? ?? ?? ?? ?? ?? ?? ?? ?? ?? ?? ?? ?? ?? ?? ??
0x000001ddd9a60050:   ?? ?? ?? ?? ?? ?? ?? ?? ?? ?? ?? ?? ?? ?? ?? ??
0x000001ddd9a60060:   ?? ?? ?? ?? ?? ?? ?? ?? ?? ?? ?? ?? ?? ?? ?? ??
0x000001ddd9a60070:   ?? ?? ?? ?? ?? ?? ?? ?? ?? ?? ?? ?? ?? ?? ?? ??
0x000001ddd9a60080:   ?? ?? ?? ?? ?? ?? ?? ?? ?? ?? ?? ?? ?? ?? ?? ??
0x000001ddd9a60090:   ?? ?? ?? ?? ?? ?? ?? ?? ?? ?? ?? ?? ?? ?? ?? ??
0x000001ddd9a600a0:   ?? ?? ?? ?? ?? ?? ?? ?? ?? ?? ?? ?? ?? ?? ?? ??
0x000001ddd9a600b0:   ?? ?? ?? ?? ?? ?? ?? ?? ?? ?? ?? ?? ?? ?? ?? ??
0x000001ddd9a600c0:   ?? ?? ?? ?? ?? ?? ?? ?? ?? ?? ?? ?? ?? ?? ?? ??
0x000001ddd9a600d0:   ?? ?? ?? ?? ?? ?? ?? ?? ?? ?? ?? ?? ?? ?? ?? ??
0x000001ddd9a600e0:   ?? ?? ?? ?? ?? ?? ?? ?? ?? ?? ?? ?? ?? ?? ?? ??
0x000001ddd9a600f0:   ?? ?? ?? ?? ?? ?? ?? ?? ?? ?? ?? ?? ?? ?? ?? ?? 


Stack slot to memory mapping:
stack at sp + 0 slots: 0x00007ffd853f1f7c glfw.dll
stack at sp + 1 slots: 0x000000070b178aa0 is an oop: com.badlogic.gdx.backends.lwjgl3.Lwjgl3GL20 
{0x000000070b178aa0} - klass: 'com/badlogic/gdx/backends/lwjgl3/Lwjgl3GL20'
 - ---- fields (total size 3 words):
 - private 'buffer' 'Ljava/nio/ByteBuffer;' @12  a 'java/nio/DirectByteBuffer'{0x0000000718e00ed8} (e31c01db)
 - private 'floatBuffer' 'Ljava/nio/FloatBuffer;' @16  a 'java/nio/DirectFloatBufferU'{0x0000000718e01308} (e31c0261)
 - private 'intBuffer' 'Ljava/nio/IntBuffer;' @20  a 'java/nio/DirectIntBufferU'{0x0000000718e01340} (e31c0268)
stack at sp + 2 slots: 0x0000140600000002 is an unknown value
stack at sp + 3 slots: 0x0000000700000014 is an unknown value
stack at sp + 4 slots: 0x438c000041700000 is an unknown value
stack at sp + 5 slots: 0x000000070a0df0c8 is an oop: com.badlogic.gdx.graphics.Mesh 
{0x000000070a0df0c8} - klass: 'com/badlogic/gdx/graphics/Mesh'
 - ---- fields (total size 4 words):
 - 'autoBind' 'Z' @12  true
 - final 'isVertexArray' 'Z' @13  true
 - 'isInstanced' 'Z' @14  false
 - final 'vertices' 'Lcom/badlogic/gdx/graphics/glutils/VertexData;' @16  a 'com/badlogic/gdx/graphics/glutils/VertexArray'{0x000000070a0df0e8} (e141be1d)
 - final 'indices' 'Lcom/badlogic/gdx/graphics/glutils/IndexData;' @20  a 'com/badlogic/gdx/graphics/glutils/IndexArray'{0x000000070a0df250} (e141be4a)
 - 'instances' 'Lcom/badlogic/gdx/graphics/glutils/InstanceData;' @24  NULL (0)
 - private final 'tmpV' 'Lcom/badlogic/gdx/math/Vector3;' @28  a 'com/badlogic/gdx/math/Vector3'{0x000000070a0df2e0} (e141be5c)
stack at sp + 6 slots: 0x000001dde1f071fc is at entry_point+2172 in (nmethod*)0x000001dde1f06610
stack at sp + 7 slots: 0x57464c4720656854 is an unknown value


---------------  P R O C E S S  ---------------

Threads class SMR info:
_java_thread_list=0x000001dd8d2a2a40, length=15, elements={
0x000001ddd9ad3520, 0x000001ddfd0ac6f0, 0x000001ddfd0af130, 0x000001ddfd0c6b40,
0x000001ddfd0c7400, 0x000001ddfd0c7ed0, 0x000001ddfd0c8790, 0x000001ddfd0c9430,
0x000001ddfd0d7710, 0x000001ddfd0d8810, 0x000001ddfdd18330, 0x000001ddfdd29110,
0x000001ddfdd35180, 0x000001dd81480300, 0x000001dd8d6d3140
}

Java Threads: ( => current thread )
=>0x000001ddd9ad3520 JavaThread "main" [_thread_in_native, id=22324, stack(0x0000003ef0b00000,0x0000003ef0c00000)]
  0x000001ddfd0ac6f0 JavaThread "Reference Handler" daemon [_thread_blocked, id=17984, stack(0x0000003ef1200000,0x0000003ef1300000)]
  0x000001ddfd0af130 JavaThread "Finalizer" daemon [_thread_blocked, id=24024, stack(0x0000003ef1300000,0x0000003ef1400000)]
  0x000001ddfd0c6b40 JavaThread "Signal Dispatcher" daemon [_thread_blocked, id=10832, stack(0x0000003ef1400000,0x0000003ef1500000)]
  0x000001ddfd0c7400 JavaThread "Attach Listener" daemon [_thread_blocked, id=20372, stack(0x0000003ef1500000,0x0000003ef1600000)]
  0x000001ddfd0c7ed0 JavaThread "Service Thread" daemon [_thread_blocked, id=26008, stack(0x0000003ef1600000,0x0000003ef1700000)]
  0x000001ddfd0c8790 JavaThread "Monitor Deflation Thread" daemon [_thread_blocked, id=8620, stack(0x0000003ef1700000,0x0000003ef1800000)]
  0x000001ddfd0c9430 JavaThread "C2 CompilerThread0" daemon [_thread_blocked, id=26164, stack(0x0000003ef1800000,0x0000003ef1900000)]
  0x000001ddfd0d7710 JavaThread "C1 CompilerThread0" daemon [_thread_blocked, id=10632, stack(0x0000003ef1900000,0x0000003ef1a00000)]
  0x000001ddfd0d8810 JavaThread "Sweeper thread" daemon [_thread_blocked, id=20012, stack(0x0000003ef1a00000,0x0000003ef1b00000)]
  0x000001ddfdd18330 JavaThread "C1 CompilerThread1" daemon [_thread_blocked, id=23060, stack(0x0000003ef1b00000,0x0000003ef1c00000)]
  0x000001ddfdd29110 JavaThread "Notification Thread" daemon [_thread_blocked, id=9540, stack(0x0000003ef1d00000,0x0000003ef1e00000)]
  0x000001ddfdd35180 JavaThread "Common-Cleaner" daemon [_thread_blocked, id=27236, stack(0x0000003ef1f00000,0x0000003ef2000000)]
  0x000001dd81480300 JavaThread "LWJGL3 Timer" daemon [_thread_blocked, id=22868, stack(0x0000003ef2f00000,0x0000003ef3000000)]
  0x000001dd8d6d3140 JavaThread "LWJGL3 Timer" daemon [_thread_blocked, id=120, stack(0x0000003ef3d00000,0x0000003ef3e00000)]

Other Threads:
  0x000001ddfd0a5e60 VMThread "VM Thread" [stack: 0x0000003ef1100000,0x0000003ef1200000] [id=21252]
  0x000001ddd9b62310 WatcherThread [stack: 0x0000003ef1e00000,0x0000003ef1f00000] [id=8820]
  0x000001ddd9b30860 GCTaskThread "GC Thread#0" [stack: 0x0000003ef0c00000,0x0000003ef0d00000] [id=17968]
  0x000001dd81386550 GCTaskThread "GC Thread#1" [stack: 0x0000003ef2900000,0x0000003ef2a00000] [id=19940]
  0x000001dd81389050 GCTaskThread "GC Thread#2" [stack: 0x0000003ef2a00000,0x0000003ef2b00000] [id=26936]
  0x000001dd81388840 GCTaskThread "GC Thread#3" [stack: 0x0000003ef2b00000,0x0000003ef2c00000] [id=22892]
  0x000001dd81387820 GCTaskThread "GC Thread#4" [stack: 0x0000003ef2c00000,0x0000003ef2d00000] [id=13868]
  0x000001dd81387570 GCTaskThread "GC Thread#5" [stack: 0x0000003ef2d00000,0x0000003ef2e00000] [id=25080]
  0x000001dd81386800 GCTaskThread "GC Thread#6" [stack: 0x0000003ef2e00000,0x0000003ef2f00000] [id=19168]
  0x000001dd8178e600 GCTaskThread "GC Thread#7" [stack: 0x0000003ef3700000,0x0000003ef3800000] [id=20516]
  0x000001ddd9b42cd0 ConcurrentGCThread "G1 Main Marker" [stack: 0x0000003ef0d00000,0x0000003ef0e00000] [id=20852]
  0x000001ddd9b45ca0 ConcurrentGCThread "G1 Conc#0" [stack: 0x0000003ef0e00000,0x0000003ef0f00000] [id=10348]
  0x000001ddd9bae640 ConcurrentGCThread "G1 Refine#0" [stack: 0x0000003ef0f00000,0x0000003ef1000000] [id=22148]
  0x000001dd889d1470 ConcurrentGCThread "G1 Refine#1" [stack: 0x0000003ef3800000,0x0000003ef3900000] [id=2340]
  0x000001dd88b6add0 ConcurrentGCThread "G1 Refine#2" [stack: 0x0000003ef3900000,0x0000003ef3a00000] [id=24516]
  0x000001dd815998a0 ConcurrentGCThread "G1 Refine#3" [stack: 0x0000003ef3a00000,0x0000003ef3b00000] [id=20316]
  0x000001dd817a9ff0 ConcurrentGCThread "G1 Refine#4" [stack: 0x0000003ef3b00000,0x0000003ef3c00000] [id=26844]
  0x000001dd88b55940 ConcurrentGCThread "G1 Refine#5" [stack: 0x0000003ef3c00000,0x0000003ef3d00000] [id=17904]
  0x000001ddfcf440d0 ConcurrentGCThread "G1 Service" [stack: 0x0000003ef1000000,0x0000003ef1100000] [id=22896]

Threads with active compile tasks:

VM state: not at safepoint (normal execution)

VM Mutex/Monitor currently owned by a thread: None

Heap address: 0x000000070a000000, size: 3936 MB, Compressed Oops mode: Zero based, Oop shift amount: 3

CDS archive(s) mapped at: [0x0000000800000000-0x0000000800bc0000-0x0000000800bc0000), size 12320768, SharedBaseAddress: 0x0000000800000000, ArchiveRelocationMode: 0.
Compressed class space mapped at: 0x0000000800c00000-0x0000000840c00000, reserved size: 1073741824
Narrow klass base: 0x0000000800000000, Narrow klass shift: 0, Narrow klass range: 0x100000000

GC Precious Log:
 CPUs: 16 total, 16 available
 Memory: 15741M
 Large Page Support: Disabled
 NUMA Support: Disabled
 Compressed Oops: Enabled (Zero based)
 Heap Region Size: 2M
 Heap Min Capacity: 8M
 Heap Initial Capacity: 246M
 Heap Max Capacity: 3936M
 Pre-touch: Disabled
 Parallel Workers: 13
 Concurrent Workers: 3
 Concurrent Refinement Workers: 13
 Periodic GC: Disabled

Heap:
 garbage-first heap   total 251904K, used 52773K [0x000000070a000000, 0x0000000800000000)
  region size 2048K, 16 young (32768K), 1 survivors (2048K)
 Metaspace       used 9924K, committed 10048K, reserved 1064960K
  class space    used 680K, committed 704K, reserved 1048576K

Heap Regions: E=young(eden), S=young(survivor), O=old, HS=humongous(starts), HC=humongous(continues), CS=collection set, F=free, OA=open archive, CA=closed archive, TAMS=top-at-mark-start (previous, next)
|   0|0x000000070a000000, 0x000000070a200000, 0x000000070a200000|100%| O|  |TAMS 0x000000070a000000, 0x000000070a000000| Untracked 
|   1|0x000000070a200000, 0x000000070a400000, 0x000000070a400000|100%|HS|  |TAMS 0x000000070a200000, 0x000000070a200000| Complete 
|   2|0x000000070a400000, 0x000000070a600000, 0x000000070a600000|100%|HS|  |TAMS 0x000000070a400000, 0x000000070a400000| Complete 
|   3|0x000000070a600000, 0x000000070a800000, 0x000000070a800000|100%|HS|  |TAMS 0x000000070a600000, 0x000000070a600000| Complete 
|   4|0x000000070a800000, 0x000000070aa00000, 0x000000070aa00000|100%| O|  |TAMS 0x000000070a800000, 0x000000070a800000| Untracked 
|   5|0x000000070aa00000, 0x000000070ac00000, 0x000000070ac00000|100%| O|  |TAMS 0x000000070aa00000, 0x000000070aa00000| Untracked 
|   6|0x000000070ac00000, 0x000000070ae00000, 0x000000070ae00000|100%| O|  |TAMS 0x000000070ac00000, 0x000000070ac00000| Untracked 
|   7|0x000000070ae00000, 0x000000070b000000, 0x000000070b000000|100%| O|  |TAMS 0x000000070ae00000, 0x000000070ae00000| Untracked 
|   8|0x000000070b000000, 0x000000070b200000, 0x000000070b200000|100%| O|  |TAMS 0x000000070b000000, 0x000000070b000000| Untracked 
|   9|0x000000070b200000, 0x000000070b400000, 0x000000070b400000|100%| O|  |TAMS 0x000000070b200000, 0x000000070b200000| Untracked 
|  10|0x000000070b400000, 0x000000070b5dcc00, 0x000000070b600000| 93%| O|  |TAMS 0x000000070b400000, 0x000000070b400000| Untracked 
|  11|0x000000070b600000, 0x000000070b600000, 0x000000070b800000|  0%| F|  |TAMS 0x000000070b600000, 0x000000070b600000| Untracked 
|  12|0x000000070b800000, 0x000000070b800000, 0x000000070ba00000|  0%| F|  |TAMS 0x000000070b800000, 0x000000070b800000| Untracked 
|  13|0x000000070ba00000, 0x000000070ba00000, 0x000000070bc00000|  0%| F|  |TAMS 0x000000070ba00000, 0x000000070ba00000| Untracked 
|  14|0x000000070bc00000, 0x000000070bc00000, 0x000000070be00000|  0%| F|  |TAMS 0x000000070bc00000, 0x000000070bc00000| Untracked 
|  15|0x000000070be00000, 0x000000070be00000, 0x000000070c000000|  0%| F|  |TAMS 0x000000070be00000, 0x000000070be00000| Untracked 
|  16|0x000000070c000000, 0x000000070c000000, 0x000000070c200000|  0%| F|  |TAMS 0x000000070c000000, 0x000000070c000000| Untracked 
|  17|0x000000070c200000, 0x000000070c200000, 0x000000070c400000|  0%| F|  |TAMS 0x000000070c200000, 0x000000070c200000| Untracked 
|  18|0x000000070c400000, 0x000000070c400000, 0x000000070c600000|  0%| F|  |TAMS 0x000000070c400000, 0x000000070c400000| Untracked 
|  19|0x000000070c600000, 0x000000070c600000, 0x000000070c800000|  0%| F|  |TAMS 0x000000070c600000, 0x000000070c600000| Untracked 
|  20|0x000000070c800000, 0x000000070c800000, 0x000000070ca00000|  0%| F|  |TAMS 0x000000070c800000, 0x000000070c800000| Untracked 
|  21|0x000000070ca00000, 0x000000070ca00000, 0x000000070cc00000|  0%| F|  |TAMS 0x000000070ca00000, 0x000000070ca00000| Untracked 
|  22|0x000000070cc00000, 0x000000070cc00000, 0x000000070ce00000|  0%| F|  |TAMS 0x000000070cc00000, 0x000000070cc00000| Untracked 
|  23|0x000000070ce00000, 0x000000070ce00000, 0x000000070d000000|  0%| F|  |TAMS 0x000000070ce00000, 0x000000070ce00000| Untracked 
|  24|0x000000070d000000, 0x000000070d000000, 0x000000070d200000|  0%| F|  |TAMS 0x000000070d000000, 0x000000070d000000| Untracked 
|  25|0x000000070d200000, 0x000000070d200000, 0x000000070d400000|  0%| F|  |TAMS 0x000000070d200000, 0x000000070d200000| Untracked 
|  26|0x000000070d400000, 0x000000070d400000, 0x000000070d600000|  0%| F|  |TAMS 0x000000070d400000, 0x000000070d400000| Untracked 
|  27|0x000000070d600000, 0x000000070d600000, 0x000000070d800000|  0%| F|  |TAMS 0x000000070d600000, 0x000000070d600000| Untracked 
|  28|0x000000070d800000, 0x000000070d800000, 0x000000070da00000|  0%| F|  |TAMS 0x000000070d800000, 0x000000070d800000| Untracked 
|  29|0x000000070da00000, 0x000000070da00000, 0x000000070dc00000|  0%| F|  |TAMS 0x000000070da00000, 0x000000070da00000| Untracked 
|  30|0x000000070dc00000, 0x000000070dc00000, 0x000000070de00000|  0%| F|  |TAMS 0x000000070dc00000, 0x000000070dc00000| Untracked 
|  31|0x000000070de00000, 0x000000070de00000, 0x000000070e000000|  0%| F|  |TAMS 0x000000070de00000, 0x000000070de00000| Untracked 
|  32|0x000000070e000000, 0x000000070e000000, 0x000000070e200000|  0%| F|  |TAMS 0x000000070e000000, 0x000000070e000000| Untracked 
|  33|0x000000070e200000, 0x000000070e200000, 0x000000070e400000|  0%| F|  |TAMS 0x000000070e200000, 0x000000070e200000| Untracked 
|  34|0x000000070e400000, 0x000000070e400000, 0x000000070e600000|  0%| F|  |TAMS 0x000000070e400000, 0x000000070e400000| Untracked 
|  35|0x000000070e600000, 0x000000070e600000, 0x000000070e800000|  0%| F|  |TAMS 0x000000070e600000, 0x000000070e600000| Untracked 
|  36|0x000000070e800000, 0x000000070e800000, 0x000000070ea00000|  0%| F|  |TAMS 0x000000070e800000, 0x000000070e800000| Untracked 
|  37|0x000000070ea00000, 0x000000070ea00000, 0x000000070ec00000|  0%| F|  |TAMS 0x000000070ea00000, 0x000000070ea00000| Untracked 
|  38|0x000000070ec00000, 0x000000070ec00000, 0x000000070ee00000|  0%| F|  |TAMS 0x000000070ec00000, 0x000000070ec00000| Untracked 
|  39|0x000000070ee00000, 0x000000070ee00000, 0x000000070f000000|  0%| F|  |TAMS 0x000000070ee00000, 0x000000070ee00000| Untracked 
|  40|0x000000070f000000, 0x000000070f000000, 0x000000070f200000|  0%| F|  |TAMS 0x000000070f000000, 0x000000070f000000| Untracked 
|  41|0x000000070f200000, 0x000000070f200000, 0x000000070f400000|  0%| F|  |TAMS 0x000000070f200000, 0x000000070f200000| Untracked 
|  42|0x000000070f400000, 0x000000070f400000, 0x000000070f600000|  0%| F|  |TAMS 0x000000070f400000, 0x000000070f400000| Untracked 
|  43|0x000000070f600000, 0x000000070f600000, 0x000000070f800000|  0%| F|  |TAMS 0x000000070f600000, 0x000000070f600000| Untracked 
|  44|0x000000070f800000, 0x000000070f800000, 0x000000070fa00000|  0%| F|  |TAMS 0x000000070f800000, 0x000000070f800000| Untracked 
|  45|0x000000070fa00000, 0x000000070fa00000, 0x000000070fc00000|  0%| F|  |TAMS 0x000000070fa00000, 0x000000070fa00000| Untracked 
|  46|0x000000070fc00000, 0x000000070fc00000, 0x000000070fe00000|  0%| F|  |TAMS 0x000000070fc00000, 0x000000070fc00000| Untracked 
|  47|0x000000070fe00000, 0x000000070fe00000, 0x0000000710000000|  0%| F|  |TAMS 0x000000070fe00000, 0x000000070fe00000| Untracked 
|  48|0x0000000710000000, 0x0000000710000000, 0x0000000710200000|  0%| F|  |TAMS 0x0000000710000000, 0x0000000710000000| Untracked 
|  49|0x0000000710200000, 0x0000000710200000, 0x0000000710400000|  0%| F|  |TAMS 0x0000000710200000, 0x0000000710200000| Untracked 
|  50|0x0000000710400000, 0x0000000710400000, 0x0000000710600000|  0%| F|  |TAMS 0x0000000710400000, 0x0000000710400000| Untracked 
|  51|0x0000000710600000, 0x0000000710600000, 0x0000000710800000|  0%| F|  |TAMS 0x0000000710600000, 0x0000000710600000| Untracked 
|  52|0x0000000710800000, 0x0000000710800000, 0x0000000710a00000|  0%| F|  |TAMS 0x0000000710800000, 0x0000000710800000| Untracked 
|  53|0x0000000710a00000, 0x0000000710a00000, 0x0000000710c00000|  0%| F|  |TAMS 0x0000000710a00000, 0x0000000710a00000| Untracked 
|  54|0x0000000710c00000, 0x0000000710c00000, 0x0000000710e00000|  0%| F|  |TAMS 0x0000000710c00000, 0x0000000710c00000| Untracked 
|  55|0x0000000710e00000, 0x0000000710e00000, 0x0000000711000000|  0%| F|  |TAMS 0x0000000710e00000, 0x0000000710e00000| Untracked 
|  56|0x0000000711000000, 0x0000000711000000, 0x0000000711200000|  0%| F|  |TAMS 0x0000000711000000, 0x0000000711000000| Untracked 
|  57|0x0000000711200000, 0x0000000711200000, 0x0000000711400000|  0%| F|  |TAMS 0x0000000711200000, 0x0000000711200000| Untracked 
|  58|0x0000000711400000, 0x0000000711400000, 0x0000000711600000|  0%| F|  |TAMS 0x0000000711400000, 0x0000000711400000| Untracked 
|  59|0x0000000711600000, 0x0000000711600000, 0x0000000711800000|  0%| F|  |TAMS 0x0000000711600000, 0x0000000711600000| Untracked 
|  60|0x0000000711800000, 0x0000000711800000, 0x0000000711a00000|  0%| F|  |TAMS 0x0000000711800000, 0x0000000711800000| Untracked 
|  61|0x0000000711a00000, 0x0000000711a00000, 0x0000000711c00000|  0%| F|  |TAMS 0x0000000711a00000, 0x0000000711a00000| Untracked 
|  62|0x0000000711c00000, 0x0000000711c00000, 0x0000000711e00000|  0%| F|  |TAMS 0x0000000711c00000, 0x0000000711c00000| Untracked 
|  63|0x0000000711e00000, 0x0000000711e00000, 0x0000000712000000|  0%| F|  |TAMS 0x0000000711e00000, 0x0000000711e00000| Untracked 
|  64|0x0000000712000000, 0x0000000712000000, 0x0000000712200000|  0%| F|  |TAMS 0x0000000712000000, 0x0000000712000000| Untracked 
|  65|0x0000000712200000, 0x0000000712200000, 0x0000000712400000|  0%| F|  |TAMS 0x0000000712200000, 0x0000000712200000| Untracked 
|  66|0x0000000712400000, 0x0000000712400000, 0x0000000712600000|  0%| F|  |TAMS 0x0000000712400000, 0x0000000712400000| Untracked 
|  67|0x0000000712600000, 0x0000000712600000, 0x0000000712800000|  0%| F|  |TAMS 0x0000000712600000, 0x0000000712600000| Untracked 
|  68|0x0000000712800000, 0x0000000712800000, 0x0000000712a00000|  0%| F|  |TAMS 0x0000000712800000, 0x0000000712800000| Untracked 
|  69|0x0000000712a00000, 0x0000000712a00000, 0x0000000712c00000|  0%| F|  |TAMS 0x0000000712a00000, 0x0000000712a00000| Untracked 
|  70|0x0000000712c00000, 0x0000000712c00000, 0x0000000712e00000|  0%| F|  |TAMS 0x0000000712c00000, 0x0000000712c00000| Untracked 
|  71|0x0000000712e00000, 0x0000000712e00000, 0x0000000713000000|  0%| F|  |TAMS 0x0000000712e00000, 0x0000000712e00000| Untracked 
|  72|0x0000000713000000, 0x0000000713000000, 0x0000000713200000|  0%| F|  |TAMS 0x0000000713000000, 0x0000000713000000| Untracked 
|  73|0x0000000713200000, 0x0000000713200000, 0x0000000713400000|  0%| F|  |TAMS 0x0000000713200000, 0x0000000713200000| Untracked 
|  74|0x0000000713400000, 0x0000000713400000, 0x0000000713600000|  0%| F|  |TAMS 0x0000000713400000, 0x0000000713400000| Untracked 
|  75|0x0000000713600000, 0x0000000713600000, 0x0000000713800000|  0%| F|  |TAMS 0x0000000713600000, 0x0000000713600000| Untracked 
|  76|0x0000000713800000, 0x0000000713800000, 0x0000000713a00000|  0%| F|  |TAMS 0x0000000713800000, 0x0000000713800000| Untracked 
|  77|0x0000000713a00000, 0x0000000713a00000, 0x0000000713c00000|  0%| F|  |TAMS 0x0000000713a00000, 0x0000000713a00000| Untracked 
|  78|0x0000000713c00000, 0x0000000713c00000, 0x0000000713e00000|  0%| F|  |TAMS 0x0000000713c00000, 0x0000000713c00000| Untracked 
|  79|0x0000000713e00000, 0x0000000713e00000, 0x0000000714000000|  0%| F|  |TAMS 0x0000000713e00000, 0x0000000713e00000| Untracked 
|  80|0x0000000714000000, 0x0000000714000000, 0x0000000714200000|  0%| F|  |TAMS 0x0000000714000000, 0x0000000714000000| Untracked 
|  81|0x0000000714200000, 0x0000000714200000, 0x0000000714400000|  0%| F|  |TAMS 0x0000000714200000, 0x0000000714200000| Untracked 
|  82|0x0000000714400000, 0x0000000714400000, 0x0000000714600000|  0%| F|  |TAMS 0x0000000714400000, 0x0000000714400000| Untracked 
|  83|0x0000000714600000, 0x0000000714600000, 0x0000000714800000|  0%| F|  |TAMS 0x0000000714600000, 0x0000000714600000| Untracked 
|  84|0x0000000714800000, 0x0000000714800000, 0x0000000714a00000|  0%| F|  |TAMS 0x0000000714800000, 0x0000000714800000| Untracked 
|  85|0x0000000714a00000, 0x0000000714a00000, 0x0000000714c00000|  0%| F|  |TAMS 0x0000000714a00000, 0x0000000714a00000| Untracked 
|  86|0x0000000714c00000, 0x0000000714c00000, 0x0000000714e00000|  0%| F|  |TAMS 0x0000000714c00000, 0x0000000714c00000| Untracked 
|  87|0x0000000714e00000, 0x0000000714e00000, 0x0000000715000000|  0%| F|  |TAMS 0x0000000714e00000, 0x0000000714e00000| Untracked 
|  88|0x0000000715000000, 0x0000000715000000, 0x0000000715200000|  0%| F|  |TAMS 0x0000000715000000, 0x0000000715000000| Untracked 
|  89|0x0000000715200000, 0x0000000715200000, 0x0000000715400000|  0%| F|  |TAMS 0x0000000715200000, 0x0000000715200000| Untracked 
|  90|0x0000000715400000, 0x0000000715400000, 0x0000000715600000|  0%| F|  |TAMS 0x0000000715400000, 0x0000000715400000| Untracked 
|  91|0x0000000715600000, 0x0000000715600000, 0x0000000715800000|  0%| F|  |TAMS 0x0000000715600000, 0x0000000715600000| Untracked 
|  92|0x0000000715800000, 0x0000000715800000, 0x0000000715a00000|  0%| F|  |TAMS 0x0000000715800000, 0x0000000715800000| Untracked 
|  93|0x0000000715a00000, 0x0000000715a00000, 0x0000000715c00000|  0%| F|  |TAMS 0x0000000715a00000, 0x0000000715a00000| Untracked 
|  94|0x0000000715c00000, 0x0000000715c00000, 0x0000000715e00000|  0%| F|  |TAMS 0x0000000715c00000, 0x0000000715c00000| Untracked 
|  95|0x0000000715e00000, 0x0000000715e00000, 0x0000000716000000|  0%| F|  |TAMS 0x0000000715e00000, 0x0000000715e00000| Untracked 
|  96|0x0000000716000000, 0x0000000716000000, 0x0000000716200000|  0%| F|  |TAMS 0x0000000716000000, 0x0000000716000000| Untracked 
|  97|0x0000000716200000, 0x0000000716200000, 0x0000000716400000|  0%| F|  |TAMS 0x0000000716200000, 0x0000000716200000| Untracked 
|  98|0x0000000716400000, 0x0000000716400000, 0x0000000716600000|  0%| F|  |TAMS 0x0000000716400000, 0x0000000716400000| Untracked 
|  99|0x0000000716600000, 0x0000000716600000, 0x0000000716800000|  0%| F|  |TAMS 0x0000000716600000, 0x0000000716600000| Untracked 
| 100|0x0000000716800000, 0x0000000716800000, 0x0000000716a00000|  0%| F|  |TAMS 0x0000000716800000, 0x0000000716800000| Untracked 
| 101|0x0000000716a00000, 0x0000000716a00000, 0x0000000716c00000|  0%| F|  |TAMS 0x0000000716a00000, 0x0000000716a00000| Untracked 
| 102|0x0000000716c00000, 0x0000000716c00000, 0x0000000716e00000|  0%| F|  |TAMS 0x0000000716c00000, 0x0000000716c00000| Untracked 
| 103|0x0000000716e00000, 0x0000000716e00000, 0x0000000717000000|  0%| F|  |TAMS 0x0000000716e00000, 0x0000000716e00000| Untracked 
| 104|0x0000000717000000, 0x0000000717000000, 0x0000000717200000|  0%| F|  |TAMS 0x0000000717000000, 0x0000000717000000| Untracked 
| 105|0x0000000717200000, 0x0000000717200000, 0x0000000717400000|  0%| F|  |TAMS 0x0000000717200000, 0x0000000717200000| Untracked 
| 106|0x0000000717400000, 0x0000000717400000, 0x0000000717600000|  0%| F|  |TAMS 0x0000000717400000, 0x0000000717400000| Untracked 
| 107|0x0000000717600000, 0x0000000717800000, 0x0000000717800000|100%| E|  |TAMS 0x0000000717600000, 0x0000000717600000| Complete 
| 108|0x0000000717800000, 0x0000000717a00000, 0x0000000717a00000|100%| E|CS|TAMS 0x0000000717800000, 0x0000000717800000| Complete 
| 109|0x0000000717a00000, 0x0000000717c00000, 0x0000000717c00000|100%| E|CS|TAMS 0x0000000717a00000, 0x0000000717a00000| Complete 
| 110|0x0000000717c00000, 0x0000000717e00000, 0x0000000717e00000|100%| E|CS|TAMS 0x0000000717c00000, 0x0000000717c00000| Complete 
| 111|0x0000000717e00000, 0x0000000718000000, 0x0000000718000000|100%| E|CS|TAMS 0x0000000717e00000, 0x0000000717e00000| Complete 
| 112|0x0000000718000000, 0x0000000718200000, 0x0000000718200000|100%| E|CS|TAMS 0x0000000718000000, 0x0000000718000000| Complete 
| 113|0x0000000718200000, 0x0000000718400000, 0x0000000718400000|100%| E|CS|TAMS 0x0000000718200000, 0x0000000718200000| Complete 
| 114|0x0000000718400000, 0x0000000718600000, 0x0000000718600000|100%| E|CS|TAMS 0x0000000718400000, 0x0000000718400000| Complete 
| 115|0x0000000718600000, 0x0000000718800000, 0x0000000718800000|100%| E|CS|TAMS 0x0000000718600000, 0x0000000718600000| Complete 
| 116|0x0000000718800000, 0x0000000718a00000, 0x0000000718a00000|100%| E|CS|TAMS 0x0000000718800000, 0x0000000718800000| Complete 
| 117|0x0000000718a00000, 0x0000000718c00000, 0x0000000718c00000|100%| E|CS|TAMS 0x0000000718a00000, 0x0000000718a00000| Complete 
| 118|0x0000000718c00000, 0x0000000718e00000, 0x0000000718e00000|100%| E|CS|TAMS 0x0000000718c00000, 0x0000000718c00000| Complete 
| 119|0x0000000718e00000, 0x0000000718faca90, 0x0000000719000000| 83%| S|CS|TAMS 0x0000000718e00000, 0x0000000718e00000| Complete 
| 120|0x0000000719000000, 0x0000000719200000, 0x0000000719200000|100%| E|CS|TAMS 0x0000000719000000, 0x0000000719000000| Complete 
| 121|0x0000000719200000, 0x0000000719400000, 0x0000000719400000|100%| E|CS|TAMS 0x0000000719200000, 0x0000000719200000| Complete 
| 122|0x0000000719400000, 0x0000000719600000, 0x0000000719600000|100%| E|CS|TAMS 0x0000000719400000, 0x0000000719400000| Complete 

Card table byte_map: [0x000001ddf15d0000,0x000001ddf1d80000] _byte_map_base: 0x000001ddedd80000

Marking Bits (Prev, Next): (CMBitMap*) 0x000001ddd9b32da0, (CMBitMap*) 0x000001ddd9b32de0
 Prev Bits: [0x000001ddf2530000, 0x000001ddf62b0000)
 Next Bits: [0x000001ddf62b0000, 0x000001ddfa030000)

Polling page: 0x000001ddd92b0000

Metaspace:

Usage:
  Non-class:      9.03 MB used.
      Class:    680.32 KB used.
       Both:      9.69 MB used.

Virtual space:
  Non-class space:       16.00 MB reserved,       9.12 MB ( 57%) committed,  2 nodes.
      Class space:        1.00 GB reserved,     704.00 KB ( <1%) committed,  1 nodes.
             Both:        1.02 GB reserved,       9.81 MB ( <1%) committed. 

Chunk freelists:
   Non-Class:  656.00 KB
       Class:  3.19 MB
        Both:  3.83 MB

MaxMetaspaceSize: unlimited
CompressedClassSpaceSize: 1.00 GB
Initial GC threshold: 21.00 MB
Current GC threshold: 21.00 MB
CDS: on
MetaspaceReclaimPolicy: balanced
 - commit_granule_bytes: 65536.
 - commit_granule_words: 8192.
 - virtual_space_node_default_size: 1048576.
 - enlarge_chunks_in_place: 1.
 - new_chunks_are_fully_committed: 0.
 - uncommit_free_chunks: 1.
 - use_allocation_guard: 0.
 - handle_deallocations: 1.


Internal statistics:

num_allocs_failed_limit: 0.
num_arena_births: 44.
num_arena_deaths: 0.
num_vsnodes_births: 3.
num_vsnodes_deaths: 0.
num_space_committed: 155.
num_space_uncommitted: 0.
num_chunks_returned_to_freelist: 0.
num_chunks_taken_from_freelist: 322.
num_chunk_merges: 0.
num_chunk_splits: 274.
num_chunks_enlarged: 249.
num_purges: 0.
num_inconsistent_stats: 0.

CodeHeap 'non-profiled nmethods': size=119168Kb used=1448Kb max_used=1448Kb free=117719Kb
 bounds [0x000001dde9140000, 0x000001dde93b0000, 0x000001ddf05a0000]
CodeHeap 'profiled nmethods': size=119104Kb used=3799Kb max_used=3799Kb free=115304Kb
 bounds [0x000001dde1cf0000, 0x000001dde20b0000, 0x000001dde9140000]
CodeHeap 'non-nmethods': size=7488Kb used=2217Kb max_used=3412Kb free=5270Kb
 bounds [0x000001dde15a0000, 0x000001dde1900000, 0x000001dde1cf0000]
 total_blobs=3204 nmethods=2106 adapters=1010
 compilation: enabled
              stopped_count=0, restarted_count=0
 full_count=0

Compilation events (20 events):
Event: 7.513 Thread 0x000001ddfdd24fb0 2102       3       com.badlogic.gdx.backends.lwjgl3.Lwjgl3GL20::glClearColor (9 bytes)
Event: 7.513 Thread 0x000001ddfdd18330 2103       3       org.lwjgl.opengl.GL11::glClearColor (8 bytes)
Event: 7.513 Thread 0x000001ddfd0d7710 2104       3       com.badlogic.gdx.graphics.PerspectiveCamera::update (139 bytes)
Event: 7.513 Thread 0x000001ddfdd24fb0 nmethod 2102 0x000001dde20a0c90 code [0x000001dde20a0e40, 0x000001dde20a0fc8]
Event: 7.513 Thread 0x000001ddfdd18330 nmethod 2103 0x000001dde20a1110 code [0x000001dde20a12a0, 0x000001dde20a13a8]
Event: 7.514 Thread 0x000001ddfd0d7710 nmethod 2104 0x000001dde20a1490 code [0x000001dde20a16e0, 0x000001dde20a1ed8]
Event: 7.556 Thread 0x000001ddfd0c9430 2105       4       com.badlogic.gdx.graphics.g3d.utils.MeshBuilder::transformNormal (142 bytes)
Event: 7.558 Thread 0x000001ddfd0c9430 nmethod 2105 0x000001dde92a9290 code [0x000001dde92a9440, 0x000001dde92a9678]
Event: 7.732 Thread 0x000001ddfd0c9430 2107       4       com.badlogic.gdx.math.MathUtils::isEqual (18 bytes)
Event: 7.732 Thread 0x000001ddfd0c9430 nmethod 2107 0x000001dde92a9c90 code [0x000001dde92a9e40, 0x000001dde92a9eb8]
Event: 7.772 Thread 0x000001ddfd0c9430 2108       4       com.badlogic.gdx.math.collision.BoundingBox::inf (52 bytes)
Event: 7.773 Thread 0x000001ddfd0c9430 nmethod 2108 0x000001dde92a9f90 code [0x000001dde92aa100, 0x000001dde92aa218]
Event: 7.839 Thread 0x000001ddfd0d7710 2109   !   3       java.util.regex.Pattern::matcher (44 bytes)
Event: 7.839 Thread 0x000001ddfdd18330 2110       3       java.util.Formatter$FormatSpecifier::<init> (264 bytes)
Event: 7.839 Thread 0x000001ddfd0d7710 nmethod 2109 0x000001dde20a2310 code [0x000001dde20a24c0, 0x000001dde20a2838]
Event: 7.840 Thread 0x000001ddfdd18330 nmethod 2110 0x000001dde20a2990 code [0x000001dde20a2de0, 0x000001dde20a4748]
Event: 7.897 Thread 0x000001ddfd0d7710 2111       3       com.badlogic.gdx.utils.IntArray::addAll (70 bytes)
Event: 7.897 Thread 0x000001ddfd0d7710 nmethod 2111 0x000001dde20a5090 code [0x000001dde20a5280, 0x000001dde20a56d8]
Event: 8.162 Thread 0x000001ddfd0d7710 2112       3       com.badlogic.gdx.backends.lwjgl3.DefaultLwjgl3Input::prepareNext (83 bytes)
Event: 8.162 Thread 0x000001ddfd0d7710 nmethod 2112 0x000001dde20a5890 code [0x000001dde20a5a40, 0x000001dde20a5d58]

GC Heap History (6 events):
Event: 0.942 GC heap before
{Heap before GC invocations=0 (full 0):
 garbage-first heap   total 251904K, used 22528K [0x000000070a000000, 0x0000000800000000)
  region size 2048K, 11 young (22528K), 0 survivors (0K)
 Metaspace       used 7052K, committed 7232K, reserved 1064960K
  class space    used 427K, committed 512K, reserved 1048576K
}
Event: 0.945 GC heap after
{Heap after GC invocations=1 (full 0):
 garbage-first heap   total 251904K, used 2630K [0x000000070a000000, 0x0000000800000000)
  region size 2048K, 2 young (4096K), 2 survivors (4096K)
 Metaspace       used 7052K, committed 7232K, reserved 1064960K
  class space    used 427K, committed 512K, reserved 1048576K
}
Event: 4.718 GC heap before
{Heap before GC invocations=1 (full 0):
 garbage-first heap   total 251904K, used 41542K [0x000000070a000000, 0x0000000800000000)
  region size 2048K, 17 young (34816K), 2 survivors (4096K)
 Metaspace       used 9598K, committed 9728K, reserved 1064960K
  class space    used 672K, committed 704K, reserved 1048576K
}
Event: 4.725 GC heap after
{Heap after GC invocations=2 (full 0):
 garbage-first heap   total 251904K, used 21674K [0x000000070a000000, 0x0000000800000000)
  region size 2048K, 3 young (6144K), 3 survivors (6144K)
 Metaspace       used 9598K, committed 9728K, reserved 1064960K
  class space    used 672K, committed 704K, reserved 1048576K
}
Event: 5.298 GC heap before
{Heap before GC invocations=2 (full 0):
 garbage-first heap   total 251904K, used 27818K [0x000000070a000000, 0x0000000800000000)
  region size 2048K, 6 young (12288K), 3 survivors (6144K)
 Metaspace       used 9770K, committed 9920K, reserved 1064960K
  class space    used 679K, committed 704K, reserved 1048576K
}
Event: 5.302 GC heap after
{Heap after GC invocations=3 (full 0):
 garbage-first heap   total 251904K, used 24101K [0x000000070a000000, 0x0000000800000000)
  region size 2048K, 1 young (2048K), 1 survivors (2048K)
 Metaspace       used 9770K, committed 9920K, reserved 1064960K
  class space    used 679K, committed 704K, reserved 1048576K
}

Deoptimization events (20 events):
Event: 5.232 Thread 0x000001ddd9ad3520 DEOPT PACKING pc=0x000001dde1fe1d08 sp=0x0000003ef0bfed20
Event: 5.232 Thread 0x000001ddd9ad3520 DEOPT UNPACKING pc=0x000001dde15f2b43 sp=0x0000003ef0bfe1f8 mode 0
Event: 5.248 Thread 0x000001ddd9ad3520 DEOPT PACKING pc=0x000001dde1fe1d08 sp=0x0000003ef0bfed20
Event: 5.248 Thread 0x000001ddd9ad3520 DEOPT UNPACKING pc=0x000001dde15f2b43 sp=0x0000003ef0bfe1f8 mode 0
Event: 5.266 Thread 0x000001ddd9ad3520 DEOPT PACKING pc=0x000001dde1fe1d08 sp=0x0000003ef0bfed20
Event: 5.266 Thread 0x000001ddd9ad3520 DEOPT UNPACKING pc=0x000001dde15f2b43 sp=0x0000003ef0bfe1f8 mode 0
Event: 5.680 Thread 0x000001ddd9ad3520 DEOPT PACKING pc=0x000001dde2053ea5 sp=0x0000003ef0bfeea0
Event: 5.680 Thread 0x000001ddd9ad3520 DEOPT UNPACKING pc=0x000001dde15f2b43 sp=0x0000003ef0bfe580 mode 0
Event: 5.686 Thread 0x000001ddd9ad3520 DEOPT PACKING pc=0x000001dde204b6a4 sp=0x0000003ef0bfefc0
Event: 5.686 Thread 0x000001ddd9ad3520 DEOPT UNPACKING pc=0x000001dde15f2b43 sp=0x0000003ef0bfe4b0 mode 0
Event: 5.731 Thread 0x000001ddd9ad3520 DEOPT PACKING pc=0x000001dde2053ea5 sp=0x0000003ef0bfeea0
Event: 5.731 Thread 0x000001ddd9ad3520 DEOPT UNPACKING pc=0x000001dde15f2b43 sp=0x0000003ef0bfe580 mode 0
Event: 5.737 Thread 0x000001ddd9ad3520 DEOPT PACKING pc=0x000001dde204b6a4 sp=0x0000003ef0bfefc0
Event: 5.737 Thread 0x000001ddd9ad3520 DEOPT UNPACKING pc=0x000001dde15f2b43 sp=0x0000003ef0bfe4b0 mode 0
Event: 5.787 Thread 0x000001ddd9ad3520 DEOPT PACKING pc=0x000001dde204b6a4 sp=0x0000003ef0bfefa0
Event: 5.787 Thread 0x000001ddd9ad3520 DEOPT UNPACKING pc=0x000001dde15f2b43 sp=0x0000003ef0bfe490 mode 0
Event: 5.839 Thread 0x000001ddd9ad3520 DEOPT PACKING pc=0x000001dde204b6a4 sp=0x0000003ef0bfef90
Event: 5.839 Thread 0x000001ddd9ad3520 DEOPT UNPACKING pc=0x000001dde15f2b43 sp=0x0000003ef0bfe480 mode 0
Event: 6.054 Thread 0x000001ddd9ad3520 DEOPT PACKING pc=0x000001dde2063105 sp=0x0000003ef0bfeaf0
Event: 6.054 Thread 0x000001ddd9ad3520 DEOPT UNPACKING pc=0x000001dde15f2b43 sp=0x0000003ef0bfdff0 mode 0

Classes unloaded (0 events):
No events

Classes redefined (0 events):
No events

Internal exceptions (20 events):
Event: 0.160 Thread 0x000001ddd9ad3520 Exception <a 'java/lang/NoSuchMethodError'{0x00000007191d8740}: 'java.lang.Object java.lang.invoke.DirectMethodHandle$Holder.invokeStaticInit(java.lang.Object)'> (0x00000007191d8740) 
thrown [e:\jenkins\tmp\workspace\build\src\src\hotspot\share\interpreter\linkResolver.cpp, line 766]
Event: 0.168 Thread 0x000001ddd9ad3520 Exception <a 'java/lang/NoSuchMethodError'{0x0000000718e3a7d0}: 'void java.lang.invoke.DirectMethodHandle$Holder.invokeStatic(java.lang.Object, java.lang.Object)'> (0x0000000718e3a7d0) 
thrown [e:\jenkins\tmp\workspace\build\src\src\hotspot\share\interpreter\linkResolver.cpp, line 766]
Event: 0.169 Thread 0x000001ddd9ad3520 Exception <a 'java/lang/NoSuchMethodError'{0x0000000718e40018}: 'void java.lang.invoke.DirectMethodHandle$Holder.invokeSpecial(java.lang.Object, java.lang.Object, java.lang.Object)'> (0x0000000718e40018) 
thrown [e:\jenkins\tmp\workspace\build\src\src\hotspot\share\interpreter\linkResolver.cpp, line 766]
Event: 0.171 Thread 0x000001ddd9ad3520 Exception <a 'java/lang/NoSuchMethodError'{0x0000000718e533a0}: 'java.lang.Object java.lang.invoke.DirectMethodHandle$Holder.invokeStatic(java.lang.Object, java.lang.Object, int)'> (0x0000000718e533a0) 
thrown [e:\jenkins\tmp\workspace\build\src\src\hotspot\share\interpreter\linkResolver.cpp, line 766]
Event: 0.172 Thread 0x000001ddd9ad3520 Exception <a 'java/lang/NoSuchMethodError'{0x0000000718e5f110}: 'void java.lang.invoke.DelegatingMethodHandle$Holder.delegate(java.lang.Object, java.lang.Object, int, java.lang.Object)'> (0x0000000718e5f110) 
thrown [e:\jenkins\tmp\workspace\build\src\src\hotspot\share\interpreter\linkResolver.cpp, line 766]
Event: 0.172 Thread 0x000001ddd9ad3520 Exception <a 'java/lang/NoSuchMethodError'{0x0000000718e63350}: 'int java.lang.invoke.DirectMethodHandle$Holder.invokeSpecial(java.lang.Object, java.lang.Object, java.lang.Object)'> (0x0000000718e63350) 
thrown [e:\jenkins\tmp\workspace\build\src\src\hotspot\share\interpreter\linkResolver.cpp, line 766]
Event: 0.198 Thread 0x000001ddd9ad3520 Exception <a 'sun/nio/fs/WindowsException'{0x0000000718f0a268}> (0x0000000718f0a268) 
thrown [e:\jenkins\tmp\workspace\build\src\src\hotspot\share\prims\jni.cpp, line 516]
Event: 0.198 Thread 0x000001ddd9ad3520 Exception <a 'sun/nio/fs/WindowsException'{0x0000000718f0a7c0}> (0x0000000718f0a7c0) 
thrown [e:\jenkins\tmp\workspace\build\src\src\hotspot\share\prims\jni.cpp, line 516]
Event: 0.220 Thread 0x000001ddd9ad3520 Exception <a 'sun/nio/fs/WindowsException'{0x0000000718ff85d0}> (0x0000000718ff85d0) 
thrown [e:\jenkins\tmp\workspace\build\src\src\hotspot\share\prims\jni.cpp, line 516]
Event: 0.220 Thread 0x000001ddd9ad3520 Exception <a 'sun/nio/fs/WindowsException'{0x0000000718ff8970}> (0x0000000718ff8970) 
thrown [e:\jenkins\tmp\workspace\build\src\src\hotspot\share\prims\jni.cpp, line 516]
Event: 0.236 Thread 0x000001ddd9ad3520 Exception <a 'sun/nio/fs/WindowsException'{0x0000000718ca6fb8}> (0x0000000718ca6fb8) 
thrown [e:\jenkins\tmp\workspace\build\src\src\hotspot\share\prims\jni.cpp, line 516]
Event: 0.237 Thread 0x000001ddd9ad3520 Exception <a 'sun/nio/fs/WindowsException'{0x0000000718ca7328}> (0x0000000718ca7328) 
thrown [e:\jenkins\tmp\workspace\build\src\src\hotspot\share\prims\jni.cpp, line 516]
Event: 0.274 Thread 0x000001ddd9ad3520 Exception <a 'sun/nio/fs/WindowsException'{0x0000000718d2ca00}> (0x0000000718d2ca00) 
thrown [e:\jenkins\tmp\workspace\build\src\src\hotspot\share\prims\jni.cpp, line 516]
Event: 0.274 Thread 0x000001ddd9ad3520 Exception <a 'sun/nio/fs/WindowsException'{0x0000000718d2cd88}> (0x0000000718d2cd88) 
thrown [e:\jenkins\tmp\workspace\build\src\src\hotspot\share\prims\jni.cpp, line 516]
Event: 0.686 Thread 0x000001ddd9ad3520 Exception <a 'sun/nio/fs/WindowsException'{0x0000000718b11e38}> (0x0000000718b11e38) 
thrown [e:\jenkins\tmp\workspace\build\src\src\hotspot\share\prims\jni.cpp, line 516]
Event: 0.686 Thread 0x000001ddd9ad3520 Exception <a 'sun/nio/fs/WindowsException'{0x0000000718b121e8}> (0x0000000718b121e8) 
thrown [e:\jenkins\tmp\workspace\build\src\src\hotspot\share\prims\jni.cpp, line 516]
Event: 0.689 Thread 0x000001ddd9ad3520 Exception <a 'sun/nio/fs/WindowsException'{0x0000000718b1e380}> (0x0000000718b1e380) 
thrown [e:\jenkins\tmp\workspace\build\src\src\hotspot\share\prims\jni.cpp, line 516]
Event: 0.689 Thread 0x000001ddd9ad3520 Exception <a 'sun/nio/fs/WindowsException'{0x0000000718b1e668}> (0x0000000718b1e668) 
thrown [e:\jenkins\tmp\workspace\build\src\src\hotspot\share\prims\jni.cpp, line 516]
Event: 4.705 Thread 0x000001ddd9ad3520 Implicit null exception at 0x000001dde91b7db0 to 0x000001dde91b7f88
Event: 4.729 Thread 0x000001ddd9ad3520 Implicit null exception at 0x000001dde91bd63f to 0x000001dde91bd71c

VM Operations (20 events):
Event: 3.251 Executing VM operation: Cleanup
Event: 3.251 Executing VM operation: Cleanup done
Event: 4.251 Executing VM operation: Cleanup
Event: 4.251 Executing VM operation: Cleanup done
Event: 4.621 Executing VM operation: HandshakeAllThreads
Event: 4.621 Executing VM operation: HandshakeAllThreads done
Event: 4.640 Executing VM operation: HandshakeAllThreads
Event: 4.640 Executing VM operation: HandshakeAllThreads done
Event: 4.641 Executing VM operation: HandshakeAllThreads
Event: 4.641 Executing VM operation: HandshakeAllThreads done
Event: 4.718 Executing VM operation: G1CollectForAllocation
Event: 4.725 Executing VM operation: G1CollectForAllocation done
Event: 5.298 Executing VM operation: G1CollectForAllocation
Event: 5.302 Executing VM operation: G1CollectForAllocation done
Event: 6.303 Executing VM operation: Cleanup
Event: 6.303 Executing VM operation: Cleanup done
Event: 6.955 Executing VM operation: ICBufferFull
Event: 6.955 Executing VM operation: ICBufferFull done
Event: 7.622 Executing VM operation: ICBufferFull
Event: 7.623 Executing VM operation: ICBufferFull done

Events (20 events):
Event: 4.795 loading class jdk/internal/math/FormattedFloatingDecimal$1
Event: 4.795 loading class jdk/internal/math/FormattedFloatingDecimal$1 done
Event: 4.795 loading class jdk/internal/math/FormattedFloatingDecimal$2
Event: 4.795 loading class jdk/internal/math/FormattedFloatingDecimal$2 done
Event: 4.816 Thread 0x000001dd8d6d3140 Thread added: 0x000001dd8d6d3140
Event: 4.850 Thread 0x000001dd88bdbe30 Thread added: 0x000001dd88bdbe30
Event: 4.867 Thread 0x000001dd8d4913a0 Thread added: 0x000001dd8d4913a0
Event: 4.867 Thread 0x000001dd8d4918b0 Thread added: 0x000001dd8d4918b0
Event: 4.901 Thread 0x000001dd8d491dc0 Thread added: 0x000001dd8d491dc0
Event: 5.198 Thread 0x000001dd8d491dc0 Thread exited: 0x000001dd8d491dc0
Event: 5.369 Thread 0x000001dd8d4918b0 Thread exited: 0x000001dd8d4918b0
Event: 5.391 Thread 0x000001dd8d4913a0 Thread exited: 0x000001dd8d4913a0
Event: 5.391 Thread 0x000001dd88bdbe30 Thread exited: 0x000001dd88bdbe30
Event: 5.505 Thread 0x000001dd88ab5d90 Thread exited: 0x000001dd88ab5d90
Event: 5.578 Thread 0x000001dd88a11c60 Thread exited: 0x000001dd88a11c60
Event: 5.588 Thread 0x000001dd889ade20 Thread exited: 0x000001dd889ade20
Event: 5.822 Thread 0x000001dd8d4927e0 Thread added: 0x000001dd8d4927e0
Event: 6.415 Thread 0x000001dd8d4927e0 Thread exited: 0x000001dd8d4927e0
Event: 7.038 Thread 0x000001dd88a16890 Thread exited: 0x000001dd88a16890
Event: 8.162 Thread 0x000001ddfdd24fb0 Thread exited: 0x000001ddfdd24fb0


Dynamic libraries:
0x00007ff7d8a20000 - 0x00007ff7d8a2e000 	C:\Program Files\Eclipse Adoptium\jdk-17.0.1.12-hotspot\bin\java.exe
0x00007ffdc5cd0000 - 0x00007ffdc5ec5000 	C:\Windows\SYSTEM32\ntdll.dll
0x00007ffdc4060000 - 0x00007ffdc411d000 	C:\Windows\System32\KERNEL32.DLL
0x00007ffdc3720000 - 0x00007ffdc39ed000 	C:\Windows\System32\KERNELBASE.dll
0x00007ffdc33b0000 - 0x00007ffdc34b0000 	C:\Windows\System32\ucrtbase.dll
0x00007ffdbee20000 - 0x00007ffdbee38000 	C:\Program Files\Eclipse Adoptium\jdk-17.0.1.12-hotspot\bin\jli.dll
0x00007ffdbd460000 - 0x00007ffdbd479000 	C:\Program Files\Eclipse Adoptium\jdk-17.0.1.12-hotspot\bin\VCRUNTIME140.dll
0x00007ffdc5530000 - 0x00007ffdc56d0000 	C:\Windows\System32\USER32.dll
0x00007ffdc3c20000 - 0x00007ffdc3c42000 	C:\Windows\System32\win32u.dll
0x00007ffdad620000 - 0x00007ffdad8ba000 	C:\Windows\WinSxS\amd64_microsoft.windows.common-controls_6595b64144ccf1df_6.0.19041.1110_none_60b5254171f9507e\COMCTL32.dll
0x00007ffdc5bd0000 - 0x00007ffdc5bfa000 	C:\Windows\System32\GDI32.dll
0x00007ffdc5190000 - 0x00007ffdc522e000 	C:\Windows\System32\msvcrt.dll
0x00007ffdc3610000 - 0x00007ffdc371b000 	C:\Windows\System32\gdi32full.dll
0x00007ffdc39f0000 - 0x00007ffdc3a8d000 	C:\Windows\System32\msvcp_win.dll
0x00007ffdc4eb0000 - 0x00007ffdc4ee0000 	C:\Windows\System32\IMM32.DLL
0x00007ffdbede0000 - 0x00007ffdbedec000 	C:\Program Files\Eclipse Adoptium\jdk-17.0.1.12-hotspot\bin\vcruntime140_1.dll
0x00007ffd9ef20000 - 0x00007ffd9efb1000 	C:\Program Files\Eclipse Adoptium\jdk-17.0.1.12-hotspot\bin\msvcp140.dll
0x00007ffd7fd20000 - 0x00007ffd80966000 	C:\Program Files\Eclipse Adoptium\jdk-17.0.1.12-hotspot\bin\server\jvm.dll
0x00007ffdc3fb0000 - 0x00007ffdc405e000 	C:\Windows\System32\ADVAPI32.dll
0x00007ffdc3e80000 - 0x00007ffdc3f1c000 	C:\Windows\System32\sechost.dll
0x00007ffdc3d50000 - 0x00007ffdc3e75000 	C:\Windows\System32\RPCRT4.dll
0x00007ffdc4ee0000 - 0x00007ffdc4ee8000 	C:\Windows\System32\PSAPI.DLL
0x00007ffda5c00000 - 0x00007ffda5c09000 	C:\Windows\SYSTEM32\WSOCK32.dll
0x00007ffdb8890000 - 0x00007ffdb88b7000 	C:\Windows\SYSTEM32\WINMM.dll
0x00007ffdbc260000 - 0x00007ffdbc26a000 	C:\Windows\SYSTEM32\VERSION.dll
0x00007ffdc52e0000 - 0x00007ffdc534b000 	C:\Windows\System32\WS2_32.dll
0x00007ffdc1c40000 - 0x00007ffdc1c52000 	C:\Windows\SYSTEM32\kernel.appcore.dll
0x00007ffdbe750000 - 0x00007ffdbe75a000 	C:\Program Files\Eclipse Adoptium\jdk-17.0.1.12-hotspot\bin\jimage.dll
0x00007ffdc1a30000 - 0x00007ffdc1c14000 	C:\Windows\SYSTEM32\DBGHELP.DLL
0x00007ffdb8de0000 - 0x00007ffdb8e0c000 	C:\Windows\SYSTEM32\dbgcore.DLL
0x00007ffdc3a90000 - 0x00007ffdc3b12000 	C:\Windows\System32\bcryptPrimitives.dll
0x00007ffdb62b0000 - 0x00007ffdb62d5000 	C:\Program Files\Eclipse Adoptium\jdk-17.0.1.12-hotspot\bin\java.dll
0x00007ffd848b0000 - 0x00007ffd84986000 	C:\Program Files\Eclipse Adoptium\jdk-17.0.1.12-hotspot\bin\svml.dll
0x00007ffdc4120000 - 0x00007ffdc4864000 	C:\Windows\System32\SHELL32.dll
0x00007ffdc1150000 - 0x00007ffdc18e4000 	C:\Windows\SYSTEM32\windows.storage.dll
0x00007ffdc5870000 - 0x00007ffdc5bc4000 	C:\Windows\System32\combase.dll
0x00007ffdc2e10000 - 0x00007ffdc2e3c000 	C:\Windows\SYSTEM32\Wldp.dll
0x00007ffdc5230000 - 0x00007ffdc52dd000 	C:\Windows\System32\SHCORE.dll
0x00007ffdc3cf0000 - 0x00007ffdc3d45000 	C:\Windows\System32\shlwapi.dll
0x00007ffdc32f0000 - 0x00007ffdc330f000 	C:\Windows\SYSTEM32\profapi.dll
0x00007ffdb6650000 - 0x00007ffdb6669000 	C:\Program Files\Eclipse Adoptium\jdk-17.0.1.12-hotspot\bin\net.dll
0x00007ffdb4be0000 - 0x00007ffdb4cea000 	C:\Windows\SYSTEM32\WINHTTP.dll
0x00007ffdc2b70000 - 0x00007ffdc2bda000 	C:\Windows\system32\mswsock.dll
0x00007ffdb18e0000 - 0x00007ffdb18f5000 	C:\Program Files\Eclipse Adoptium\jdk-17.0.1.12-hotspot\bin\nio.dll
0x00007ffdb18c0000 - 0x00007ffdb18d8000 	C:\Program Files\Eclipse Adoptium\jdk-17.0.1.12-hotspot\bin\zip.dll
0x000000006e700000 - 0x000000006e72a000 	C:\Users\grado\AppData\Local\Temp\libgdxgrado\e1cd32f8\gdx64.dll
0x00007ffd8a4f0000 - 0x00007ffd8a554000 	C:\Users\grado\AppData\Local\Temp\lwjglgrado\3.2.3-build-13\lwjgl.dll
0x00007ffd84490000 - 0x00007ffd846e3000 	C:\Users\grado\AppData\Local\Temp\lwjglgrado\3.2.3-build-13\jemalloc.dll
0x00007ffd853f0000 - 0x00007ffd85452000 	C:\Users\grado\AppData\Local\Temp\lwjglgrado\3.2.3-build-13\glfw.dll
0x00007ffdc0870000 - 0x00007ffdc090e000 	C:\Windows\system32\uxtheme.dll
0x00007ffdaacb0000 - 0x00007ffdaacf5000 	C:\Windows\SYSTEM32\dinput8.dll
0x00007ffdb18a0000 - 0x00007ffdb18b1000 	C:\Windows\SYSTEM32\xinput1_4.dll
0x00007ffdc3b20000 - 0x00007ffdc3b6e000 	C:\Windows\System32\cfgmgr32.dll
0x00007ffdc3160000 - 0x00007ffdc318c000 	C:\Windows\SYSTEM32\DEVOBJ.dll
0x00007ffdc0a00000 - 0x00007ffdc0a2f000 	C:\Windows\SYSTEM32\dwmapi.dll
0x00007ffda8c80000 - 0x00007ffda8dd2000 	C:\Windows\SYSTEM32\inputhost.dll
0x00007ffdc4d70000 - 0x00007ffdc4e3d000 	C:\Windows\System32\OLEAUT32.dll
0x00007ffdc0500000 - 0x00007ffdc05f2000 	C:\Windows\SYSTEM32\CoreMessaging.dll
0x00007ffdbe990000 - 0x00007ffdbea86000 	C:\Windows\SYSTEM32\PROPSYS.dll
0x00007ffdbfad0000 - 0x00007ffdbfc24000 	C:\Windows\SYSTEM32\wintypes.dll
0x00007ffdc01a0000 - 0x00007ffdc04fe000 	C:\Windows\SYSTEM32\CoreUIComponents.dll
0x00007ffdc20b0000 - 0x00007ffdc20e3000 	C:\Windows\SYSTEM32\ntmarta.dll
0x00007ffdc5750000 - 0x00007ffdc5865000 	C:\Windows\System32\MSCTF.dll
0x00007ffdc18f0000 - 0x00007ffdc18fd000 	C:\Windows\SYSTEM32\HID.DLL
0x00007ffdc4870000 - 0x00007ffdc4ce1000 	C:\Windows\System32\SETUPAPI.DLL
0x00007ffdc3c50000 - 0x00007ffdc3c77000 	C:\Windows\System32\bcrypt.dll
0x00007ffdc3c80000 - 0x00007ffdc3ce8000 	C:\Windows\System32\WINTRUST.dll
0x00007ffdc34b0000 - 0x00007ffdc3606000 	C:\Windows\System32\CRYPT32.dll
0x00007ffdc2fa0000 - 0x00007ffdc2fb2000 	C:\Windows\SYSTEM32\MSASN1.dll
0x00007ffd83600000 - 0x00007ffd8370b000 	C:\Users\grado\AppData\Local\Temp\lwjglgrado\3.2.3-build-13\OpenAL.dll
0x00007ffdc5400000 - 0x00007ffdc552a000 	C:\Windows\System32\ole32.dll
0x00007ffdc5350000 - 0x00007ffdc53f9000 	C:\Windows\System32\clbcatq.dll
0x00007ffdbb510000 - 0x00007ffdbb595000 	C:\Windows\System32\MMDevApi.dll
0x00007ffdbbda0000 - 0x00007ffdbbf22000 	C:\Windows\SYSTEM32\AUDIOSES.DLL
0x00007ffdc2930000 - 0x00007ffdc297b000 	C:\Windows\SYSTEM32\powrprof.dll
0x00007ffdc27f0000 - 0x00007ffdc2802000 	C:\Windows\SYSTEM32\UMPDC.dll
0x00007ffdc0a30000 - 0x00007ffdc0a44000 	C:\Windows\SYSTEM32\resourcepolicyclient.dll
0x00007ffd22910000 - 0x00007ffd22a36000 	C:\Windows\SYSTEM32\opengl32.dll
0x00007ffd228e0000 - 0x00007ffd2290c000 	C:\Windows\SYSTEM32\GLU32.dll
0x00007ffdbc2e0000 - 0x00007ffdbc3d7000 	C:\Windows\System32\AppXDeploymentClient.dll
0x00007ffdab4d0000 - 0x00007ffdab4fa000 	C:\Windows\System32\DriverStore\FileRepository\u0361612.inf_amd64_b679e02f70413f9f\B361368\atig6pxx.dll
0x00007ffd7a800000 - 0x00007ffd7d4e6000 	C:\Windows\System32\DriverStore\FileRepository\u0361612.inf_amd64_b679e02f70413f9f\B361368\atio6axx.dll
0x00007ffd86690000 - 0x00007ffd866b4000 	C:\Windows\SYSTEM32\dxva2.dll
0x00007ffdaaf80000 - 0x00007ffdaafbc000 	C:\Windows\System32\DriverStore\FileRepository\u0361612.inf_amd64_b679e02f70413f9f\B361368\atig6txx.dll
0x00007ffd83440000 - 0x00007ffd835f9000 	C:\Windows\SYSTEM32\atiadlxx.dll
0x00007ffdb9380000 - 0x00007ffdb93bb000 	C:\Windows\SYSTEM32\dxcore.dll
0x00007ffda3ef0000 - 0x00007ffda3f49000 	C:\Users\grado\AppData\Local\Temp\lwjglgrado\3.2.3-build-13\lwjgl_opengl.dll
0x00007ffda93b0000 - 0x00007ffda94a9000 	C:\Windows\SYSTEM32\textinputframework.dll

dbghelp: loaded successfully - version: 4.0.5 - missing functions: none
symbol engine: initialized successfully - sym options: 0x614 - pdb path: .;C:\Program Files\Eclipse Adoptium\jdk-17.0.1.12-hotspot\bin;C:\Windows\SYSTEM32;C:\Windows\WinSxS\amd64_microsoft.windows.common-controls_6595b64144ccf1df_6.0.19041.1110_none_60b5254171f9507e;C:\Program Files\Eclipse Adoptium\jdk-17.0.1.12-hotspot\bin\server;C:\Users\grado\AppData\Local\Temp\libgdxgrado\e1cd32f8;C:\Users\grado\AppData\Local\Temp\lwjglgrado\3.2.3-build-13;C:\Windows\System32\DriverStore\FileRepository\u0361612.inf_amd64_b679e02f70413f9f\B361368

VM Arguments:
jvm_args: -XX:+ShowCodeDetailsInExceptionMessages 
java_command: com.crazyputting3d.Main
java_class_path (initial): C:\Users\grado\Documents\Group-04\3dcrazyputting\desktop\bin\main;\CrazyPutting3D-core\bin\default;C:\Users\grado\Documents\Group-04\3dcrazyputting\core\bin\main;C:\Users\grado\.gradle\caches\modules-2\files-2.1\com.badlogicgames.gdx\gdx-backend-lwjgl3\1.10.0\600c7d5b2c977daa82c4abad147087b31e0ada87\gdx-backend-lwjgl3-1.10.0.jar;C:\Users\grado\.gradle\caches\modules-2\files-2.1\com.badlogicgames.gdx\gdx-platform\1.10.0\9a8fa793d2fd6d360afc6c9e4c1f5583da263b88\gdx-platform-1.10.0-natives-desktop.jar;C:\Users\grado\.gradle\caches\modules-2\files-2.1\com.badlogicgames.gdx\gdx-bullet-platform\1.10.0\ce92e8dfc762523d769cbc50853163c03bf98cf1\gdx-bullet-platform-1.10.0-natives-desktop.jar;C:\Users\grado\.gradle\caches\modules-2\files-2.1\com.badlogicgames.gdx\gdx-freetype-platform\1.10.0\6e5d28752759e69384f12e4569d2c884ff71352f\gdx-freetype-platform-1.10.0-natives-desktop.jar;C:\Users\grado\.gradle\caches\modules-2\files-2.1\com.badlogicgames.gdx-controllers\gdx-controllers-desktop\2.2.1\cb3430c32468a090eca54d494d16bb3764ceff9b\gdx-controllers-desktop-2.2.1.jar;C:\Users\grado\.gradle\caches\modules-2\files-2.1\org.jetbrains\annotations\20.1.0\2fcd1f3225bca0c4a7bc931142076f8c1e80993f\annotations-20.1.0.jar;C:\Users\grado\.gradle\caches\modules-2\files-2.1\com.badlogicgames.gdx\gdx-bullet\1.10.0\839b58c7278f5c3b55291c3a559d91227400ecdb\gdx-bullet-1.10.0.jar;C:\Users\grado\.gradle\caches\modules-2\files-2.1\com.badlogicgames.gdx\gdx-freetype\1.10.0\de1d0d5c1e92e8d91364256fd6b7bb279d3e9859\gdx-freetype-1.10.0.jar;C:\Users\grado\.gradle\caches\modules-2\files-2.1\com.badlogicgames.gdx\gdx-ai\1.8.2\ab75d2ce80ab1b1ce6828a15dc0f417abac4c674\gdx-ai-1.8.2.jar;C:\Users\grado\.gradle\caches\modules-2\files-2.1\com.badlogicgames.ashley\ashley\1.7.4\21a3a8932919099c4e5006a7d8378dcbe76ef8a5\ashley-1.7.4.jar;C:\Users\grado\.gradle\caches\modules-2\files-2.1\com.badlogicgames.box2dlights\box2dlights\1.5\6902dbcd250c95a27973aa24a147a95b3828d348\box2dlights-1.5.j
Launcher Type: SUN_STANDARD

[Global flags]
     intx CICompilerCount                          = 12                                        {product} {ergonomic}
     uint ConcGCThreads                            = 3                                         {product} {ergonomic}
     uint G1ConcRefinementThreads                  = 13                                        {product} {ergonomic}
   size_t G1HeapRegionSize                         = 2097152                                   {product} {ergonomic}
    uintx GCDrainStackTargetSize                   = 64                                        {product} {ergonomic}
   size_t InitialHeapSize                          = 257949696                                 {product} {ergonomic}
   size_t MarkStackSize                            = 4194304                                   {product} {ergonomic}
   size_t MaxHeapSize                              = 4127195136                                {product} {ergonomic}
   size_t MaxNewSize                               = 2474639360                                {product} {ergonomic}
   size_t MinHeapDeltaBytes                        = 2097152                                   {product} {ergonomic}
   size_t MinHeapSize                              = 8388608                                   {product} {ergonomic}
    uintx NonNMethodCodeHeapSize                   = 7602480                                {pd product} {ergonomic}
    uintx NonProfiledCodeHeapSize                  = 122027880                              {pd product} {ergonomic}
    uintx ProfiledCodeHeapSize                     = 122027880                              {pd product} {ergonomic}
    uintx ReservedCodeCacheSize                    = 251658240                              {pd product} {ergonomic}
     bool SegmentedCodeCache                       = true                                      {product} {ergonomic}
     bool ShowCodeDetailsInExceptionMessages       = true                                   {manageable} {command line}
   size_t SoftMaxHeapSize                          = 4127195136                             {manageable} {ergonomic}
     bool UseCompressedClassPointers               = true                           {product lp64_product} {ergonomic}
     bool UseCompressedOops                        = true                           {product lp64_product} {ergonomic}
     bool UseG1GC                                  = true                                      {product} {ergonomic}
     bool UseLargePagesIndividualAllocation        = false                                  {pd product} {ergonomic}

Logging:
Log output configuration:
 #0: stdout all=warning uptime,level,tags
 #1: stderr all=off uptime,level,tags

Environment Variables:
PATH=C:\Program Files\Common Files\Oracle\Java\javapath;C:\Windows\system32;C:\Windows;C:\Windows\System32\Wbem;C:\Windows\System32\WindowsPowerShell\v1.0\;C:\Windows\System32\OpenSSH\;C:\Program Files (x86)\NVIDIA Corporation\PhysX\Common;C:\Program Files\NVIDIA Corporation\NVIDIA NvDLISR;C:\Program Files\MATLAB\R2022a\bin;C:\Program Files\Gradle\gradle-7.4.2\bin;C:\Program Files\Git\cmd;C:\Users\grado\AppData\Local\Microsoft\WindowsApps;C:\Users\grado\AppData\Local\Programs\Microsoft VS Code\bin;C:\Users\grado\AppData\Local\GitHubDesktop\bin
USERNAME=grado
LANG=en_US.UTF-8
OS=Windows_NT
PROCESSOR_IDENTIFIER=AMD64 Family 23 Model 96 Stepping 1, AuthenticAMD



---------------  S Y S T E M  ---------------

OS:
 Windows 10 , 64 bit Build 19041 (10.0.19041.1706)
OS uptime: 11 days 16:50 hours

CPU: total 16 (initial active 16) (16 cores per cpu, 2 threads per core) family 23 model 96 stepping 1 microcode 0x0, cx8, cmov, fxsr, ht, mmx, 3dnowpref, sse, sse2, sse3, ssse3, sse4a, sse4.1, sse4.2, popcnt, lzcnt, tsc, tscinvbit, avx, avx2, aes, clmul, bmi1, bmi2, adx, sha, fma, vzeroupper, clflush, clflushopt

Memory: 4k page, system-wide physical 15741M (4213M free)
TotalPageFile size 24022M (AvailPageFile size 4494M)
current process WorkingSet (physical memory assigned to process): 259M, peak: 310M
current process commit charge ("private bytes"): 570M, peak: 632M

vm_info: OpenJDK 64-Bit Server VM (17.0.1+12) for windows-amd64 JRE (17.0.1+12), built on Oct 20 2021 07:42:55 by "" with MS VC++ 16.7 (VS2019)

END.
